<?xml version="1.0" encoding="UTF-8"?>
<testsuites name="TS_ANEF_Eloignement" time="1375.11" tests="15" failures="0" errors="0">
   <testsuite name="TS_ANEF_Eloignement" tests="15" failures="0" errors="0" time="1375.11" skipped="0" timestamp="14-02-2025T14:28:29" hostname="nbenjemi - LFR-5CG1459ZTG.corp.capgemini.com" id="Test Suites/TS_ANEF_Eloignement">
      <properties>
         <property name="deviceName" value=""/>
         <property name="devicePlatform"/>
         <property name="logFolder" value="C:\\Users\\nbenjemi\\Katalon Studio\\ANEF-ELOIGNEMENT-20250121\\ANEF-ELOIGNEMENT-20250121\\Reports\\20250214_142822\\TS_ANEF_Eloignement\\20250214_142822"/>
         <property name="logFiles" value="C:\\Users\\nbenjemi\\Katalon Studio\\ANEF-ELOIGNEMENT-20250121\\ANEF-ELOIGNEMENT-20250121\\Reports\\20250214_142822\\TS_ANEF_Eloignement\\20250214_142822\\execution0.log"/>
         <property name="attachments" value=""/>
         <property name="hostName" value="nbenjemi - LFR-5CG1459ZTG.corp.capgemini.com"/>
         <property name="os" value="Windows 11 64bit"/>
         <property name="katalonVersion" value="9.6.0.217"/>
         <property name="browser" value="Chrome 133.0.0.0"/>
         <property name="hostAddress" value="192.168.1.197"/>
         <property name="sessionId" value="ca0ce9a7480705bace6b84532751f01e"/>
         <property name="seleniumVersion" value="3.141.59"/>
         <property name="proxyInformation" value="ProxyInformation { proxyOption=NO_PROXY, proxyServerType=HTTP, username=, password=********, proxyServerAddress=, proxyServerPort=0, executionList=&quot;&quot;, isApplyToDesiredCapabilities=true }"/>
         <property name="platform" value="Windows 11"/>
      </properties>
      <testcase name="Test Cases/Cas D Utilisations/ANEF_Eloignement_V_Nawres/TC_ANEF_Eloignement" time="95.315" classname="Test Cases/Cas D Utilisations/ANEF_Eloignement_V_Nawres/TC_ANEF_Eloignement" status="PASSED">
         <system-out><![CDATA[14-02-2025T14:28:29 - [TEST_CASE][PASSED] - Test Cases/Cas D Utilisations/ANEF_Eloignement_V_Nawres/TC_ANEF_Eloignement: Test Cases/Cas D Utilisations/ANEF_Eloignement_V_Nawres/TC_ANEF_Eloignement

14-02-2025T14:28:30 - [TEST_STEP][PASSED] - callTestCase(findTestCase("Test Cases/Test Reutilisable/Main/ANEF_Eloignement_V_Nawres/ANEF_Lancer_URL_ANEF"), ["Profiles":Profiles, "EnvExec":EnvExec], STOP_ON_FAILURE): Call Test Case 'Test Cases/Test Reutilisable/Main/ANEF_Eloignement_V_Nawres/ANEF_Lancer_URL_ANEF' successfully

14-02-2025T14:28:30 - [MESSAGE][INFO] - Checking called Test Case

14-02-2025T14:28:30 - [MESSAGE][INFO] - Starting to call Test Case 'Test Cases/Test Reutilisable/Main/ANEF_Eloignement_V_Nawres/ANEF_Lancer_URL_ANEF'

14-02-2025T14:28:30 - [TEST_CASE][PASSED] - Test Cases/Test Reutilisable/Main/ANEF_Eloignement_V_Nawres/ANEF_Lancer_URL_ANEF: Test Cases/Test Reutilisable/Main/ANEF_Eloignement_V_Nawres/ANEF_Lancer_URL_ANEF

14-02-2025T14:28:31 - [TEST_STEP][PASSED] - "Call Highlight.on() automatically": null

14-02-2025T14:28:31 - [TEST_STEP][PASSED] - projDir = getProjectDir(): null

14-02-2025T14:28:31 - [TEST_STEP][PASSED] - RunBrowserConfiguration = getExecutionProperties(): null

14-02-2025T14:28:31 - [TEST_STEP][PASSED] - DriverName = get("WebUI").get("browserType"): null

14-02-2025T14:28:31 - [TEST_STEP][PASSED] - println("DriverName :" + DriverName): null

14-02-2025T14:28:31 - [TEST_STEP][PASSED] - println("Driverpath :" + RunBrowserConfiguration.get("drivers")): null

14-02-2025T14:28:31 - [TEST_STEP][PASSED] - if (Profiles == "Usager"): null

14-02-2025T14:28:31 - [TEST_STEP][PASSED] - if (Profiles == "Agent"): Current window maximized

14-02-2025T14:28:31 - [TEST_STEP][PASSED] - if (EnvExec == "URLPortailAgentQualif"): null

14-02-2025T14:28:31 - [TEST_STEP][PASSED] - if (EnvExec == "URLPortailAgentPreProd"): Browser is opened with url: 'https://preprod.siaef.dgef.interieur.gouv.fr/sejour/#/accueil'

14-02-2025T14:28:31 - [TEST_STEP][PASSED] - openBrowser(URLPortailAgentPreProd): Browser is opened with url: 'https://preprod.siaef.dgef.interieur.gouv.fr/sejour/#/accueil'

14-02-2025T14:28:32 - [MESSAGE][INFO] - Opening browser

14-02-2025T14:28:32 - [MESSAGE][INFO] - Starting 'Chrome' driver

14-02-2025T14:28:32 - [MESSAGE][INFO] - User set preference: ['args', '[--incognito, --disable-search-engine-choice-screen, --enable-automation, --disable-save-password-bubble, --start-maximized, --remote-allow-origins=*]']

14-02-2025T14:28:32 - [MESSAGE][INFO] - User set preference: ['prefs', '{download.default_directory=${GlobalVariable.downloadPath}, download_dir=${GlobalVariable.downloadPath}, download.prompt_for_download=false}']

14-02-2025T14:28:32 - [MESSAGE][INFO] - User set preference: ['loggingPrefs', '{browser=ALL}']

14-02-2025T14:28:32 - [MESSAGE][INFO] - Action delay is set to 1â€¯000 milliseconds

14-02-2025T14:28:35 - [MESSAGE][INFO] - Navigating browser to: 'https://preprod.siaef.dgef.interieur.gouv.fr/sejour/#/accueil'

14-02-2025T14:28:36 - [MESSAGE][PASSED] - Browser is opened with url: 'https://preprod.siaef.dgef.interieur.gouv.fr/sejour/#/accueil'

14-02-2025T14:28:36 - [TEST_STEP][PASSED] - maximizeWindow(): Current window maximized

14-02-2025T14:28:36 - [MESSAGE][INFO] - Maximizing current window

14-02-2025T14:28:36 - [MESSAGE][PASSED] - Current window maximized

14-02-2025T14:28:37 - [MESSAGE][PASSED] - Call Test Case 'Test Cases/Test Reutilisable/Main/ANEF_Eloignement_V_Nawres/ANEF_Lancer_URL_ANEF' successfully

14-02-2025T14:28:37 - [TEST_STEP][PASSED] - callTestCase(findTestCase("Test Cases/Test Reutilisable/Main/ANEF_Eloignement_V_Nawres/ANEF_Identification"), ["Profiles":Profiles, "IdentifiantAgent":IdentifiantAgent, "PwAgent":PwAgent, "EnvExec":EnvExec], STOP_ON_FAILURE): Call Test Case 'Test Cases/Test Reutilisable/Main/ANEF_Eloignement_V_Nawres/ANEF_Identification' successfully

14-02-2025T14:28:37 - [MESSAGE][INFO] - Checking called Test Case

14-02-2025T14:28:37 - [MESSAGE][INFO] - Starting to call Test Case 'Test Cases/Test Reutilisable/Main/ANEF_Eloignement_V_Nawres/ANEF_Identification'

14-02-2025T14:28:37 - [TEST_CASE][PASSED] - Test Cases/Test Reutilisable/Main/ANEF_Eloignement_V_Nawres/ANEF_Identification: Test Cases/Test Reutilisable/Main/ANEF_Eloignement_V_Nawres/ANEF_Identification

14-02-2025T14:28:37 - [TEST_STEP][PASSED] - com.kazurayam.ksbackyard.HighlightElement.pandemic(): com.kazurayam.ksbackyard.HighlightElement.pandemic is PASSED

14-02-2025T14:28:37 - [MESSAGE][PASSED] - com.kazurayam.ksbackyard.HighlightElement.pandemic is PASSED

14-02-2025T14:28:37 - [TEST_STEP][PASSED] - if (Profiles == "Usager"): null

14-02-2025T14:28:37 - [TEST_STEP][PASSED] - if (Profiles == "Agent"): Object: 'Object Repository/ANEF_Eloignement_V_Nawres/Page_ANEF_Connexion/btn_Valider_Conx_Agent' is clicked on

14-02-2025T14:28:37 - [TEST_STEP][PASSED] - if (EnvExec == "URLPortailAgentQualif"): null

14-02-2025T14:28:37 - [TEST_STEP][PASSED] - if (EnvExec == "URLPortailAgentPreProd"): Text 'Natali123456!' is set on object 'Object Repository/ANEF_Eloignement_V_Nawres/Page_ANEF_Connexion/Input_PasswordAgent'

14-02-2025T14:28:37 - [TEST_STEP][PASSED] - setText(findTestObject("Object Repository/ANEF_Eloignement_V_Nawres/Page_ANEF_Connexion/Input_UserNameAgent"), IdentifiantAgent): Text 'test.gpe+970@outlook.fr' is set on object 'Object Repository/ANEF_Eloignement_V_Nawres/Page_ANEF_Connexion/Input_UserNameAgent'

14-02-2025T14:28:37 - [MESSAGE][INFO] - Finding Test Object 'Object Repository/ANEF_Eloignement_V_Nawres/Page_ANEF_Connexion/Input_UserNameAgent'

14-02-2025T14:28:37 - [MESSAGE][INFO] - Checking timeout

14-02-2025T14:28:37 - [MESSAGE][INFO] - Finding web element with id: 'Object Repository/ANEF_Eloignement_V_Nawres/Page_ANEF_Connexion/Input_UserNameAgent' located by 'By.xpath: //*[@aria-labelledby="username-label"]|//*[@id="login"]' in '20' second(s)

14-02-2025T14:28:37 - [MESSAGE][INFO] - Found 1 web elements with id: 'Object Repository/ANEF_Eloignement_V_Nawres/Page_ANEF_Connexion/Input_UserNameAgent' located by 'By.xpath: //*[@aria-labelledby="username-label"]|//*[@id="login"]' in '20' second(s)

14-02-2025T14:28:38 - [MESSAGE][INFO] - Checking object

14-02-2025T14:28:38 - [MESSAGE][INFO] - Checking text

14-02-2025T14:28:38 - [MESSAGE][INFO] - Finding web element from Test Object's properties

14-02-2025T14:28:38 - [MESSAGE][INFO] - Checking timeout

14-02-2025T14:28:38 - [MESSAGE][INFO] - Finding web element with id: 'Object Repository/ANEF_Eloignement_V_Nawres/Page_ANEF_Connexion/Input_UserNameAgent' located by 'By.xpath: //*[@aria-labelledby="username-label"]|//*[@id="login"]' in '100' second(s)

14-02-2025T14:28:38 - [MESSAGE][INFO] - Found 1 web elements with id: 'Object Repository/ANEF_Eloignement_V_Nawres/Page_ANEF_Connexion/Input_UserNameAgent' located by 'By.xpath: //*[@aria-labelledby="username-label"]|//*[@id="login"]' in '100' second(s)

14-02-2025T14:28:38 - [MESSAGE][INFO] - Clearing text of object 'Object Repository/ANEF_Eloignement_V_Nawres/Page_ANEF_Connexion/Input_UserNameAgent'

14-02-2025T14:28:39 - [MESSAGE][INFO] - Finding web element from Test Object's properties

14-02-2025T14:28:39 - [MESSAGE][INFO] - Checking timeout

14-02-2025T14:28:39 - [MESSAGE][INFO] - Finding web element with id: 'Object Repository/ANEF_Eloignement_V_Nawres/Page_ANEF_Connexion/Input_UserNameAgent' located by 'By.xpath: //*[@aria-labelledby="username-label"]|//*[@id="login"]' in '100' second(s)

14-02-2025T14:28:39 - [MESSAGE][INFO] - Found 1 web elements with id: 'Object Repository/ANEF_Eloignement_V_Nawres/Page_ANEF_Connexion/Input_UserNameAgent' located by 'By.xpath: //*[@aria-labelledby="username-label"]|//*[@id="login"]' in '100' second(s)

14-02-2025T14:28:39 - [MESSAGE][INFO] - Setting text of object 'Object Repository/ANEF_Eloignement_V_Nawres/Page_ANEF_Connexion/Input_UserNameAgent' to value 'test.gpe+970@outlook.fr'

14-02-2025T14:28:40 - [MESSAGE][PASSED] - Text 'test.gpe+970@outlook.fr' is set on object 'Object Repository/ANEF_Eloignement_V_Nawres/Page_ANEF_Connexion/Input_UserNameAgent'

14-02-2025T14:28:40 - [TEST_STEP][PASSED] - setText(findTestObject("Object Repository/ANEF_Eloignement_V_Nawres/Page_ANEF_Connexion/Input_PasswordAgent"), PwAgent): Text 'Natali123456!' is set on object 'Object Repository/ANEF_Eloignement_V_Nawres/Page_ANEF_Connexion/Input_PasswordAgent'

14-02-2025T14:28:40 - [MESSAGE][INFO] - Finding Test Object 'Object Repository/ANEF_Eloignement_V_Nawres/Page_ANEF_Connexion/Input_PasswordAgent'

14-02-2025T14:28:40 - [MESSAGE][INFO] - Checking timeout

14-02-2025T14:28:40 - [MESSAGE][INFO] - Finding web element with id: 'Object Repository/ANEF_Eloignement_V_Nawres/Page_ANEF_Connexion/Input_PasswordAgent' located by 'By.xpath: //*[@aria-labelledby="password-label"]|//*[@id="password"]' in '20' second(s)

14-02-2025T14:28:40 - [MESSAGE][INFO] - Found 1 web elements with id: 'Object Repository/ANEF_Eloignement_V_Nawres/Page_ANEF_Connexion/Input_PasswordAgent' located by 'By.xpath: //*[@aria-labelledby="password-label"]|//*[@id="password"]' in '20' second(s)

14-02-2025T14:28:40 - [MESSAGE][INFO] - Checking object

14-02-2025T14:28:40 - [MESSAGE][INFO] - Checking text

14-02-2025T14:28:40 - [MESSAGE][INFO] - Finding web element from Test Object's properties

14-02-2025T14:28:40 - [MESSAGE][INFO] - Checking timeout

14-02-2025T14:28:40 - [MESSAGE][INFO] - Finding web element with id: 'Object Repository/ANEF_Eloignement_V_Nawres/Page_ANEF_Connexion/Input_PasswordAgent' located by 'By.xpath: //*[@aria-labelledby="password-label"]|//*[@id="password"]' in '100' second(s)

14-02-2025T14:28:40 - [MESSAGE][INFO] - Found 1 web elements with id: 'Object Repository/ANEF_Eloignement_V_Nawres/Page_ANEF_Connexion/Input_PasswordAgent' located by 'By.xpath: //*[@aria-labelledby="password-label"]|//*[@id="password"]' in '100' second(s)

14-02-2025T14:28:40 - [MESSAGE][INFO] - Clearing text of object 'Object Repository/ANEF_Eloignement_V_Nawres/Page_ANEF_Connexion/Input_PasswordAgent'

14-02-2025T14:28:41 - [MESSAGE][INFO] - Finding web element from Test Object's properties

14-02-2025T14:28:41 - [MESSAGE][INFO] - Checking timeout

14-02-2025T14:28:41 - [MESSAGE][INFO] - Finding web element with id: 'Object Repository/ANEF_Eloignement_V_Nawres/Page_ANEF_Connexion/Input_PasswordAgent' located by 'By.xpath: //*[@aria-labelledby="password-label"]|//*[@id="password"]' in '100' second(s)

14-02-2025T14:28:41 - [MESSAGE][INFO] - Found 1 web elements with id: 'Object Repository/ANEF_Eloignement_V_Nawres/Page_ANEF_Connexion/Input_PasswordAgent' located by 'By.xpath: //*[@aria-labelledby="password-label"]|//*[@id="password"]' in '100' second(s)

14-02-2025T14:28:41 - [MESSAGE][INFO] - Setting text of object 'Object Repository/ANEF_Eloignement_V_Nawres/Page_ANEF_Connexion/Input_PasswordAgent' to value 'Natali123456!'

14-02-2025T14:28:42 - [MESSAGE][PASSED] - Text 'Natali123456!' is set on object 'Object Repository/ANEF_Eloignement_V_Nawres/Page_ANEF_Connexion/Input_PasswordAgent'

14-02-2025T14:28:42 - [TEST_STEP][PASSED] - click(findTestObject("Object Repository/ANEF_Eloignement_V_Nawres/Page_ANEF_Connexion/btn_Valider_Conx_Agent")): Object: 'Object Repository/ANEF_Eloignement_V_Nawres/Page_ANEF_Connexion/btn_Valider_Conx_Agent' is clicked on

14-02-2025T14:28:42 - [MESSAGE][INFO] - Finding Test Object 'Object Repository/ANEF_Eloignement_V_Nawres/Page_ANEF_Connexion/btn_Valider_Conx_Agent'

14-02-2025T14:28:42 - [MESSAGE][INFO] - Checking timeout

14-02-2025T14:28:42 - [MESSAGE][INFO] - Finding web element with id: 'Object Repository/ANEF_Eloignement_V_Nawres/Page_ANEF_Connexion/btn_Valider_Conx_Agent' located by 'By.xpath: //*[@label="Valider"]|//*[@id="btn-login"]' in '20' second(s)

14-02-2025T14:28:42 - [MESSAGE][INFO] - Found 1 web elements with id: 'Object Repository/ANEF_Eloignement_V_Nawres/Page_ANEF_Connexion/btn_Valider_Conx_Agent' located by 'By.xpath: //*[@label="Valider"]|//*[@id="btn-login"]' in '20' second(s)

14-02-2025T14:28:42 - [MESSAGE][INFO] - Checking object

14-02-2025T14:28:42 - [MESSAGE][INFO] - Checking timeout

14-02-2025T14:28:42 - [MESSAGE][INFO] - Finding web element from Test Object's properties

14-02-2025T14:28:42 - [MESSAGE][INFO] - Checking timeout

14-02-2025T14:28:42 - [MESSAGE][INFO] - Finding web element with id: 'Object Repository/ANEF_Eloignement_V_Nawres/Page_ANEF_Connexion/btn_Valider_Conx_Agent' located by 'By.xpath: //*[@label="Valider"]|//*[@id="btn-login"]' in '100' second(s)

14-02-2025T14:28:42 - [MESSAGE][INFO] - Found 1 web elements with id: 'Object Repository/ANEF_Eloignement_V_Nawres/Page_ANEF_Connexion/btn_Valider_Conx_Agent' located by 'By.xpath: //*[@label="Valider"]|//*[@id="btn-login"]' in '100' second(s)

14-02-2025T14:28:42 - [MESSAGE][INFO] - Clicking on object: 'Object Repository/ANEF_Eloignement_V_Nawres/Page_ANEF_Connexion/btn_Valider_Conx_Agent'

14-02-2025T14:28:43 - [MESSAGE][PASSED] - Object: 'Object Repository/ANEF_Eloignement_V_Nawres/Page_ANEF_Connexion/btn_Valider_Conx_Agent' is clicked on

14-02-2025T14:28:43 - [TEST_STEP][PASSED] - delay(5): Delayed 5 second(s)

14-02-2025T14:28:43 - [MESSAGE][INFO] - Delaying browser in 5 second(s)

14-02-2025T14:28:48 - [MESSAGE][PASSED] - Delayed 5 second(s)

14-02-2025T14:28:48 - [TEST_STEP][PASSED] - verifyElementPresent(findTestObject("Object Repository/ANEF_Eloignement_V_Nawres/Page_Accueil_Principale/btn_ANEF_Eloignement"), 1, STOP_ON_FAILURE): Object 'Object Repository/ANEF_Eloignement_V_Nawres/Page_Accueil_Principale/btn_ANEF_Eloignement' is present

14-02-2025T14:28:48 - [MESSAGE][INFO] - Finding Test Object 'Object Repository/ANEF_Eloignement_V_Nawres/Page_Accueil_Principale/btn_ANEF_Eloignement'

14-02-2025T14:28:48 - [MESSAGE][INFO] - Checking object

14-02-2025T14:28:48 - [MESSAGE][INFO] - Finding web element from Test Object's properties

14-02-2025T14:28:48 - [MESSAGE][INFO] - Checking timeout

14-02-2025T14:28:48 - [MESSAGE][INFO] - Finding web element with id: 'Object Repository/ANEF_Eloignement_V_Nawres/Page_Accueil_Principale/btn_ANEF_Eloignement' located by 'By.xpath: //span[contains(text()," ANEF Ã©loignement ")]' in '1' second(s)

14-02-2025T14:28:48 - [MESSAGE][INFO] - Found 1 web elements with id: 'Object Repository/ANEF_Eloignement_V_Nawres/Page_Accueil_Principale/btn_ANEF_Eloignement' located by 'By.xpath: //span[contains(text()," ANEF Ã©loignement ")]' in '1' second(s)

14-02-2025T14:28:48 - [MESSAGE][PASSED] - Object 'Object Repository/ANEF_Eloignement_V_Nawres/Page_Accueil_Principale/btn_ANEF_Eloignement' is present

14-02-2025T14:28:48 - [MESSAGE][PASSED] - Call Test Case 'Test Cases/Test Reutilisable/Main/ANEF_Eloignement_V_Nawres/ANEF_Identification' successfully

14-02-2025T14:28:48 - [TEST_STEP][PASSED] - callTestCase(findTestCase("Test Cases/Test Reutilisable/Main/ANEF_Eloignement_V_Nawres/ANEF_Creation_ou_Recherche_Dossier"), ["CreationOuRecherche":CreationOuRecherche, "NumeroEtranger":NumeroEtranger], STOP_ON_FAILURE): Call Test Case 'Test Cases/Test Reutilisable/Main/ANEF_Eloignement_V_Nawres/ANEF_Creation_ou_Recherche_Dossier' successfully

14-02-2025T14:28:48 - [MESSAGE][INFO] - Checking called Test Case

14-02-2025T14:28:48 - [MESSAGE][INFO] - Starting to call Test Case 'Test Cases/Test Reutilisable/Main/ANEF_Eloignement_V_Nawres/ANEF_Creation_ou_Recherche_Dossier'

14-02-2025T14:28:49 - [TEST_CASE][PASSED] - Test Cases/Test Reutilisable/Main/ANEF_Eloignement_V_Nawres/ANEF_Creation_ou_Recherche_Dossier: Test Cases/Test Reutilisable/Main/ANEF_Eloignement_V_Nawres/ANEF_Creation_ou_Recherche_Dossier

14-02-2025T14:28:49 - [TEST_STEP][PASSED] - click(findTestObject("Object Repository/ANEF_Eloignement_V_Nawres/Page_Accueil_Principale/btn_ANEF_Eloignement")): Object: 'Object Repository/ANEF_Eloignement_V_Nawres/Page_Accueil_Principale/btn_ANEF_Eloignement' is clicked on

14-02-2025T14:28:49 - [MESSAGE][INFO] - Finding Test Object 'Object Repository/ANEF_Eloignement_V_Nawres/Page_Accueil_Principale/btn_ANEF_Eloignement'

14-02-2025T14:28:49 - [MESSAGE][INFO] - Checking timeout

14-02-2025T14:28:49 - [MESSAGE][INFO] - Finding web element with id: 'Object Repository/ANEF_Eloignement_V_Nawres/Page_Accueil_Principale/btn_ANEF_Eloignement' located by 'By.xpath: //span[contains(text()," ANEF Ã©loignement ")]' in '20' second(s)

14-02-2025T14:28:49 - [MESSAGE][INFO] - Found 1 web elements with id: 'Object Repository/ANEF_Eloignement_V_Nawres/Page_Accueil_Principale/btn_ANEF_Eloignement' located by 'By.xpath: //span[contains(text()," ANEF Ã©loignement ")]' in '20' second(s)

14-02-2025T14:28:49 - [MESSAGE][INFO] - Checking object

14-02-2025T14:28:49 - [MESSAGE][INFO] - Checking timeout

14-02-2025T14:28:49 - [MESSAGE][INFO] - Finding web element from Test Object's properties

14-02-2025T14:28:49 - [MESSAGE][INFO] - Checking timeout

14-02-2025T14:28:49 - [MESSAGE][INFO] - Finding web element with id: 'Object Repository/ANEF_Eloignement_V_Nawres/Page_Accueil_Principale/btn_ANEF_Eloignement' located by 'By.xpath: //span[contains(text()," ANEF Ã©loignement ")]' in '100' second(s)

14-02-2025T14:28:49 - [MESSAGE][INFO] - Found 1 web elements with id: 'Object Repository/ANEF_Eloignement_V_Nawres/Page_Accueil_Principale/btn_ANEF_Eloignement' located by 'By.xpath: //span[contains(text()," ANEF Ã©loignement ")]' in '100' second(s)

14-02-2025T14:28:49 - [MESSAGE][INFO] - Clicking on object: 'Object Repository/ANEF_Eloignement_V_Nawres/Page_Accueil_Principale/btn_ANEF_Eloignement'

14-02-2025T14:28:52 - [MESSAGE][PASSED] - Object: 'Object Repository/ANEF_Eloignement_V_Nawres/Page_Accueil_Principale/btn_ANEF_Eloignement' is clicked on

14-02-2025T14:28:52 - [TEST_STEP][PASSED] - verifyElementPresent(findTestObject("Object Repository/ANEF_Eloignement_V_Nawres/Page_Creation_ou_Recherche_Dossier/btn_Rechercher_Dossier"), 1, STOP_ON_FAILURE): Object 'Object Repository/ANEF_Eloignement_V_Nawres/Page_Creation_ou_Recherche_Dossier/btn_Rechercher_Dossier' is present

14-02-2025T14:28:52 - [MESSAGE][INFO] - Finding Test Object 'Object Repository/ANEF_Eloignement_V_Nawres/Page_Creation_ou_Recherche_Dossier/btn_Rechercher_Dossier'

14-02-2025T14:28:52 - [MESSAGE][INFO] - Checking object

14-02-2025T14:28:52 - [MESSAGE][INFO] - Finding web element from Test Object's properties

14-02-2025T14:28:52 - [MESSAGE][INFO] - Checking timeout

14-02-2025T14:28:52 - [MESSAGE][INFO] - Finding web element with id: 'Object Repository/ANEF_Eloignement_V_Nawres/Page_Creation_ou_Recherche_Dossier/btn_Rechercher_Dossier' located by 'By.xpath: //button[@title="Rechercher un dossier"]' in '1' second(s)

14-02-2025T14:28:52 - [MESSAGE][INFO] - Found 1 web elements with id: 'Object Repository/ANEF_Eloignement_V_Nawres/Page_Creation_ou_Recherche_Dossier/btn_Rechercher_Dossier' located by 'By.xpath: //button[@title="Rechercher un dossier"]' in '1' second(s)

14-02-2025T14:28:52 - [MESSAGE][PASSED] - Object 'Object Repository/ANEF_Eloignement_V_Nawres/Page_Creation_ou_Recherche_Dossier/btn_Rechercher_Dossier' is present

14-02-2025T14:28:52 - [TEST_STEP][PASSED] - delay(5): Delayed 5 second(s)

14-02-2025T14:28:52 - [MESSAGE][INFO] - Delaying browser in 5 second(s)

14-02-2025T14:28:57 - [MESSAGE][PASSED] - Delayed 5 second(s)

14-02-2025T14:28:57 - [TEST_STEP][PASSED] - click(findTestObject("Object Repository/ANEF_Eloignement_V_Nawres/Page_Creation_ou_Recherche_Dossier/btn_Rechercher_Dossier")): Object: 'Object Repository/ANEF_Eloignement_V_Nawres/Page_Creation_ou_Recherche_Dossier/btn_Rechercher_Dossier' is clicked on

14-02-2025T14:28:57 - [MESSAGE][INFO] - Finding Test Object 'Object Repository/ANEF_Eloignement_V_Nawres/Page_Creation_ou_Recherche_Dossier/btn_Rechercher_Dossier'

14-02-2025T14:28:57 - [MESSAGE][INFO] - Checking timeout

14-02-2025T14:28:57 - [MESSAGE][INFO] - Finding web element with id: 'Object Repository/ANEF_Eloignement_V_Nawres/Page_Creation_ou_Recherche_Dossier/btn_Rechercher_Dossier' located by 'By.xpath: //button[@title="Rechercher un dossier"]' in '20' second(s)

14-02-2025T14:28:57 - [MESSAGE][INFO] - Found 1 web elements with id: 'Object Repository/ANEF_Eloignement_V_Nawres/Page_Creation_ou_Recherche_Dossier/btn_Rechercher_Dossier' located by 'By.xpath: //button[@title="Rechercher un dossier"]' in '20' second(s)

14-02-2025T14:28:57 - [MESSAGE][INFO] - Checking object

14-02-2025T14:28:57 - [MESSAGE][INFO] - Checking timeout

14-02-2025T14:28:57 - [MESSAGE][INFO] - Finding web element from Test Object's properties

14-02-2025T14:28:57 - [MESSAGE][INFO] - Checking timeout

14-02-2025T14:28:57 - [MESSAGE][INFO] - Finding web element with id: 'Object Repository/ANEF_Eloignement_V_Nawres/Page_Creation_ou_Recherche_Dossier/btn_Rechercher_Dossier' located by 'By.xpath: //button[@title="Rechercher un dossier"]' in '100' second(s)

14-02-2025T14:28:57 - [MESSAGE][INFO] - Found 1 web elements with id: 'Object Repository/ANEF_Eloignement_V_Nawres/Page_Creation_ou_Recherche_Dossier/btn_Rechercher_Dossier' located by 'By.xpath: //button[@title="Rechercher un dossier"]' in '100' second(s)

14-02-2025T14:28:57 - [MESSAGE][INFO] - Clicking on object: 'Object Repository/ANEF_Eloignement_V_Nawres/Page_Creation_ou_Recherche_Dossier/btn_Rechercher_Dossier'

14-02-2025T14:28:58 - [MESSAGE][PASSED] - Object: 'Object Repository/ANEF_Eloignement_V_Nawres/Page_Creation_ou_Recherche_Dossier/btn_Rechercher_Dossier' is clicked on

14-02-2025T14:28:58 - [TEST_STEP][PASSED] - if (CreationOuRecherche == "Creation"): null

14-02-2025T14:28:58 - [TEST_STEP][PASSED] - if (CreationOuRecherche == "Recherche"): Object: 'Object Repository/ANEF_Eloignement_V_Nawres/Page_Creation_ou_Recherche_Dossier/btn_Choisir_Dossier_Etranger' is clicked on

14-02-2025T14:28:58 - [TEST_STEP][PASSED] - setText(findTestObject("Object Repository/ANEF_Eloignement_V_Nawres/Page_Creation_ou_Recherche_Dossier/Input_Numero_etranger"), NumeroEtranger, STOP_ON_FAILURE): Text '7503181977' is set on object 'Object Repository/ANEF_Eloignement_V_Nawres/Page_Creation_ou_Recherche_Dossier/Input_Numero_etranger'

14-02-2025T14:28:58 - [MESSAGE][INFO] - Finding Test Object 'Object Repository/ANEF_Eloignement_V_Nawres/Page_Creation_ou_Recherche_Dossier/Input_Numero_etranger'

14-02-2025T14:28:58 - [MESSAGE][INFO] - Checking timeout

14-02-2025T14:28:58 - [MESSAGE][INFO] - Finding web element with id: 'Object Repository/ANEF_Eloignement_V_Nawres/Page_Creation_ou_Recherche_Dossier/Input_Numero_etranger' located by 'By.xpath: //app-identite-declaree-search-box//div/app-dsfr-input/div/input[@id="identifiant_agdref"]|//app-search-box//div/app-dsfr-input/div/input[@id="identifiant_agdref"]' in '20' second(s)

14-02-2025T14:28:58 - [MESSAGE][INFO] - Found 1 web elements with id: 'Object Repository/ANEF_Eloignement_V_Nawres/Page_Creation_ou_Recherche_Dossier/Input_Numero_etranger' located by 'By.xpath: //app-identite-declaree-search-box//div/app-dsfr-input/div/input[@id="identifiant_agdref"]|//app-search-box//div/app-dsfr-input/div/input[@id="identifiant_agdref"]' in '20' second(s)

14-02-2025T14:28:58 - [MESSAGE][INFO] - Checking object

14-02-2025T14:28:58 - [MESSAGE][INFO] - Checking text

14-02-2025T14:28:58 - [MESSAGE][INFO] - Finding web element from Test Object's properties

14-02-2025T14:28:58 - [MESSAGE][INFO] - Checking timeout

14-02-2025T14:28:58 - [MESSAGE][INFO] - Finding web element with id: 'Object Repository/ANEF_Eloignement_V_Nawres/Page_Creation_ou_Recherche_Dossier/Input_Numero_etranger' located by 'By.xpath: //app-identite-declaree-search-box//div/app-dsfr-input/div/input[@id="identifiant_agdref"]|//app-search-box//div/app-dsfr-input/div/input[@id="identifiant_agdref"]' in '100' second(s)

14-02-2025T14:28:58 - [MESSAGE][INFO] - Found 1 web elements with id: 'Object Repository/ANEF_Eloignement_V_Nawres/Page_Creation_ou_Recherche_Dossier/Input_Numero_etranger' located by 'By.xpath: //app-identite-declaree-search-box//div/app-dsfr-input/div/input[@id="identifiant_agdref"]|//app-search-box//div/app-dsfr-input/div/input[@id="identifiant_agdref"]' in '100' second(s)

14-02-2025T14:28:58 - [MESSAGE][INFO] - Clearing text of object 'Object Repository/ANEF_Eloignement_V_Nawres/Page_Creation_ou_Recherche_Dossier/Input_Numero_etranger'

14-02-2025T14:28:59 - [MESSAGE][INFO] - Finding web element from Test Object's properties

14-02-2025T14:28:59 - [MESSAGE][INFO] - Checking timeout

14-02-2025T14:28:59 - [MESSAGE][INFO] - Finding web element with id: 'Object Repository/ANEF_Eloignement_V_Nawres/Page_Creation_ou_Recherche_Dossier/Input_Numero_etranger' located by 'By.xpath: //app-identite-declaree-search-box//div/app-dsfr-input/div/input[@id="identifiant_agdref"]|//app-search-box//div/app-dsfr-input/div/input[@id="identifiant_agdref"]' in '100' second(s)

14-02-2025T14:28:59 - [MESSAGE][INFO] - Found 1 web elements with id: 'Object Repository/ANEF_Eloignement_V_Nawres/Page_Creation_ou_Recherche_Dossier/Input_Numero_etranger' located by 'By.xpath: //app-identite-declaree-search-box//div/app-dsfr-input/div/input[@id="identifiant_agdref"]|//app-search-box//div/app-dsfr-input/div/input[@id="identifiant_agdref"]' in '100' second(s)

14-02-2025T14:28:59 - [MESSAGE][INFO] - Setting text of object 'Object Repository/ANEF_Eloignement_V_Nawres/Page_Creation_ou_Recherche_Dossier/Input_Numero_etranger' to value '7503181977'

14-02-2025T14:29:00 - [MESSAGE][PASSED] - Text '7503181977' is set on object 'Object Repository/ANEF_Eloignement_V_Nawres/Page_Creation_ou_Recherche_Dossier/Input_Numero_etranger'

14-02-2025T14:29:00 - [TEST_STEP][PASSED] - click(findTestObject("Object Repository/ANEF_Eloignement_V_Nawres/Page_Creation_ou_Recherche_Dossier/Input_Numero_etranger"), STOP_ON_FAILURE): Object: 'Object Repository/ANEF_Eloignement_V_Nawres/Page_Creation_ou_Recherche_Dossier/Input_Numero_etranger' is clicked on

14-02-2025T14:29:00 - [MESSAGE][INFO] - Finding Test Object 'Object Repository/ANEF_Eloignement_V_Nawres/Page_Creation_ou_Recherche_Dossier/Input_Numero_etranger'

14-02-2025T14:29:00 - [MESSAGE][INFO] - Checking timeout

14-02-2025T14:29:00 - [MESSAGE][INFO] - Finding web element with id: 'Object Repository/ANEF_Eloignement_V_Nawres/Page_Creation_ou_Recherche_Dossier/Input_Numero_etranger' located by 'By.xpath: //app-identite-declaree-search-box//div/app-dsfr-input/div/input[@id="identifiant_agdref"]|//app-search-box//div/app-dsfr-input/div/input[@id="identifiant_agdref"]' in '20' second(s)

14-02-2025T14:29:00 - [MESSAGE][INFO] - Found 1 web elements with id: 'Object Repository/ANEF_Eloignement_V_Nawres/Page_Creation_ou_Recherche_Dossier/Input_Numero_etranger' located by 'By.xpath: //app-identite-declaree-search-box//div/app-dsfr-input/div/input[@id="identifiant_agdref"]|//app-search-box//div/app-dsfr-input/div/input[@id="identifiant_agdref"]' in '20' second(s)

14-02-2025T14:29:00 - [MESSAGE][INFO] - Checking object

14-02-2025T14:29:00 - [MESSAGE][INFO] - Checking timeout

14-02-2025T14:29:00 - [MESSAGE][INFO] - Finding web element from Test Object's properties

14-02-2025T14:29:00 - [MESSAGE][INFO] - Checking timeout

14-02-2025T14:29:00 - [MESSAGE][INFO] - Finding web element with id: 'Object Repository/ANEF_Eloignement_V_Nawres/Page_Creation_ou_Recherche_Dossier/Input_Numero_etranger' located by 'By.xpath: //app-identite-declaree-search-box//div/app-dsfr-input/div/input[@id="identifiant_agdref"]|//app-search-box//div/app-dsfr-input/div/input[@id="identifiant_agdref"]' in '100' second(s)

14-02-2025T14:29:00 - [MESSAGE][INFO] - Found 1 web elements with id: 'Object Repository/ANEF_Eloignement_V_Nawres/Page_Creation_ou_Recherche_Dossier/Input_Numero_etranger' located by 'By.xpath: //app-identite-declaree-search-box//div/app-dsfr-input/div/input[@id="identifiant_agdref"]|//app-search-box//div/app-dsfr-input/div/input[@id="identifiant_agdref"]' in '100' second(s)

14-02-2025T14:29:00 - [MESSAGE][INFO] - Clicking on object: 'Object Repository/ANEF_Eloignement_V_Nawres/Page_Creation_ou_Recherche_Dossier/Input_Numero_etranger'

14-02-2025T14:29:02 - [MESSAGE][PASSED] - Object: 'Object Repository/ANEF_Eloignement_V_Nawres/Page_Creation_ou_Recherche_Dossier/Input_Numero_etranger' is clicked on

14-02-2025T14:29:02 - [TEST_STEP][PASSED] - scrollToElement(findTestObject("Object Repository/ANEF_Eloignement_V_Nawres/Page_Creation_ou_Recherche_Dossier/btn_Lancer_La_Recherche"), 5, STOP_ON_FAILURE): Scroll to object 'Object Repository/ANEF_Eloignement_V_Nawres/Page_Creation_ou_Recherche_Dossier/btn_Lancer_La_Recherche' successfully

14-02-2025T14:29:02 - [MESSAGE][INFO] - Finding Test Object 'Object Repository/ANEF_Eloignement_V_Nawres/Page_Creation_ou_Recherche_Dossier/btn_Lancer_La_Recherche'

14-02-2025T14:29:02 - [MESSAGE][INFO] - Checking object

14-02-2025T14:29:02 - [MESSAGE][INFO] - Checking timeout

14-02-2025T14:29:02 - [MESSAGE][INFO] - Finding web element from Test Object's properties

14-02-2025T14:29:02 - [MESSAGE][INFO] - Checking timeout

14-02-2025T14:29:02 - [MESSAGE][INFO] - Finding web element with id: 'Object Repository/ANEF_Eloignement_V_Nawres/Page_Creation_ou_Recherche_Dossier/btn_Lancer_La_Recherche' located by 'By.xpath: //button[contains(text(),"Lancer la recherche ")]' in '100' second(s)

14-02-2025T14:29:02 - [MESSAGE][INFO] - Found 1 web elements with id: 'Object Repository/ANEF_Eloignement_V_Nawres/Page_Creation_ou_Recherche_Dossier/btn_Lancer_La_Recherche' located by 'By.xpath: //button[contains(text(),"Lancer la recherche ")]' in '100' second(s)

14-02-2025T14:29:02 - [MESSAGE][INFO] - Scrolling to object 'Object Repository/ANEF_Eloignement_V_Nawres/Page_Creation_ou_Recherche_Dossier/btn_Lancer_La_Recherche'

14-02-2025T14:29:02 - [MESSAGE][PASSED] - Scroll to object 'Object Repository/ANEF_Eloignement_V_Nawres/Page_Creation_ou_Recherche_Dossier/btn_Lancer_La_Recherche' successfully

14-02-2025T14:29:02 - [TEST_STEP][PASSED] - click(findTestObject("Object Repository/ANEF_Eloignement_V_Nawres/Page_Creation_ou_Recherche_Dossier/btn_Lancer_La_Recherche"), STOP_ON_FAILURE): Object: 'Object Repository/ANEF_Eloignement_V_Nawres/Page_Creation_ou_Recherche_Dossier/btn_Lancer_La_Recherche' is clicked on

14-02-2025T14:29:02 - [MESSAGE][INFO] - Finding Test Object 'Object Repository/ANEF_Eloignement_V_Nawres/Page_Creation_ou_Recherche_Dossier/btn_Lancer_La_Recherche'

14-02-2025T14:29:02 - [MESSAGE][INFO] - Checking timeout

14-02-2025T14:29:02 - [MESSAGE][INFO] - Finding web element with id: 'Object Repository/ANEF_Eloignement_V_Nawres/Page_Creation_ou_Recherche_Dossier/btn_Lancer_La_Recherche' located by 'By.xpath: //button[contains(text(),"Lancer la recherche ")]' in '20' second(s)

14-02-2025T14:29:02 - [MESSAGE][INFO] - Found 1 web elements with id: 'Object Repository/ANEF_Eloignement_V_Nawres/Page_Creation_ou_Recherche_Dossier/btn_Lancer_La_Recherche' located by 'By.xpath: //button[contains(text(),"Lancer la recherche ")]' in '20' second(s)

14-02-2025T14:29:02 - [MESSAGE][INFO] - Checking object

14-02-2025T14:29:02 - [MESSAGE][INFO] - Checking timeout

14-02-2025T14:29:02 - [MESSAGE][INFO] - Finding web element from Test Object's properties

14-02-2025T14:29:02 - [MESSAGE][INFO] - Checking timeout

14-02-2025T14:29:02 - [MESSAGE][INFO] - Finding web element with id: 'Object Repository/ANEF_Eloignement_V_Nawres/Page_Creation_ou_Recherche_Dossier/btn_Lancer_La_Recherche' located by 'By.xpath: //button[contains(text(),"Lancer la recherche ")]' in '100' second(s)

14-02-2025T14:29:02 - [MESSAGE][INFO] - Found 1 web elements with id: 'Object Repository/ANEF_Eloignement_V_Nawres/Page_Creation_ou_Recherche_Dossier/btn_Lancer_La_Recherche' located by 'By.xpath: //button[contains(text(),"Lancer la recherche ")]' in '100' second(s)

14-02-2025T14:29:02 - [MESSAGE][INFO] - Clicking on object: 'Object Repository/ANEF_Eloignement_V_Nawres/Page_Creation_ou_Recherche_Dossier/btn_Lancer_La_Recherche'

14-02-2025T14:29:03 - [MESSAGE][PASSED] - Object: 'Object Repository/ANEF_Eloignement_V_Nawres/Page_Creation_ou_Recherche_Dossier/btn_Lancer_La_Recherche' is clicked on

14-02-2025T14:29:03 - [TEST_STEP][PASSED] - delay(5): Delayed 5 second(s)

14-02-2025T14:29:03 - [MESSAGE][INFO] - Delaying browser in 5 second(s)

14-02-2025T14:29:08 - [MESSAGE][PASSED] - Delayed 5 second(s)

14-02-2025T14:29:08 - [TEST_STEP][PASSED] - scrollToElement(findTestObject("Object Repository/ANEF_Eloignement_V_Nawres/Page_Creation_ou_Recherche_Dossier/btn_Radio_Selectionner_Dossier"), 5, STOP_ON_FAILURE): Scroll to object 'Object Repository/ANEF_Eloignement_V_Nawres/Page_Creation_ou_Recherche_Dossier/btn_Radio_Selectionner_Dossier' successfully

14-02-2025T14:29:08 - [MESSAGE][INFO] - Finding Test Object 'Object Repository/ANEF_Eloignement_V_Nawres/Page_Creation_ou_Recherche_Dossier/btn_Radio_Selectionner_Dossier'

14-02-2025T14:29:08 - [MESSAGE][INFO] - Checking object

14-02-2025T14:29:08 - [MESSAGE][INFO] - Checking timeout

14-02-2025T14:29:08 - [MESSAGE][INFO] - Finding web element from Test Object's properties

14-02-2025T14:29:08 - [MESSAGE][INFO] - Checking timeout

14-02-2025T14:29:08 - [MESSAGE][INFO] - Finding web element with id: 'Object Repository/ANEF_Eloignement_V_Nawres/Page_Creation_ou_Recherche_Dossier/btn_Radio_Selectionner_Dossier' located by 'By.xpath: //app-search-etranger/app-search-result-etranger//table/tbody/tr//label' in '100' second(s)

14-02-2025T14:29:08 - [MESSAGE][INFO] - Found 1 web elements with id: 'Object Repository/ANEF_Eloignement_V_Nawres/Page_Creation_ou_Recherche_Dossier/btn_Radio_Selectionner_Dossier' located by 'By.xpath: //app-search-etranger/app-search-result-etranger//table/tbody/tr//label' in '100' second(s)

14-02-2025T14:29:08 - [MESSAGE][INFO] - Scrolling to object 'Object Repository/ANEF_Eloignement_V_Nawres/Page_Creation_ou_Recherche_Dossier/btn_Radio_Selectionner_Dossier'

14-02-2025T14:29:08 - [MESSAGE][PASSED] - Scroll to object 'Object Repository/ANEF_Eloignement_V_Nawres/Page_Creation_ou_Recherche_Dossier/btn_Radio_Selectionner_Dossier' successfully

14-02-2025T14:29:08 - [TEST_STEP][PASSED] - click(findTestObject("Object Repository/ANEF_Eloignement_V_Nawres/Page_Creation_ou_Recherche_Dossier/btn_Radio_Selectionner_Dossier"), STOP_ON_FAILURE): Object: 'Object Repository/ANEF_Eloignement_V_Nawres/Page_Creation_ou_Recherche_Dossier/btn_Radio_Selectionner_Dossier' is clicked on

14-02-2025T14:29:08 - [MESSAGE][INFO] - Finding Test Object 'Object Repository/ANEF_Eloignement_V_Nawres/Page_Creation_ou_Recherche_Dossier/btn_Radio_Selectionner_Dossier'

14-02-2025T14:29:08 - [MESSAGE][INFO] - Checking timeout

14-02-2025T14:29:08 - [MESSAGE][INFO] - Finding web element with id: 'Object Repository/ANEF_Eloignement_V_Nawres/Page_Creation_ou_Recherche_Dossier/btn_Radio_Selectionner_Dossier' located by 'By.xpath: //app-search-etranger/app-search-result-etranger//table/tbody/tr//label' in '20' second(s)

14-02-2025T14:29:08 - [MESSAGE][INFO] - Found 1 web elements with id: 'Object Repository/ANEF_Eloignement_V_Nawres/Page_Creation_ou_Recherche_Dossier/btn_Radio_Selectionner_Dossier' located by 'By.xpath: //app-search-etranger/app-search-result-etranger//table/tbody/tr//label' in '20' second(s)

14-02-2025T14:29:08 - [MESSAGE][INFO] - Checking object

14-02-2025T14:29:08 - [MESSAGE][INFO] - Checking timeout

14-02-2025T14:29:08 - [MESSAGE][INFO] - Finding web element from Test Object's properties

14-02-2025T14:29:08 - [MESSAGE][INFO] - Checking timeout

14-02-2025T14:29:08 - [MESSAGE][INFO] - Finding web element with id: 'Object Repository/ANEF_Eloignement_V_Nawres/Page_Creation_ou_Recherche_Dossier/btn_Radio_Selectionner_Dossier' located by 'By.xpath: //app-search-etranger/app-search-result-etranger//table/tbody/tr//label' in '100' second(s)

14-02-2025T14:29:08 - [MESSAGE][INFO] - Found 1 web elements with id: 'Object Repository/ANEF_Eloignement_V_Nawres/Page_Creation_ou_Recherche_Dossier/btn_Radio_Selectionner_Dossier' located by 'By.xpath: //app-search-etranger/app-search-result-etranger//table/tbody/tr//label' in '100' second(s)

14-02-2025T14:29:08 - [MESSAGE][INFO] - Clicking on object: 'Object Repository/ANEF_Eloignement_V_Nawres/Page_Creation_ou_Recherche_Dossier/btn_Radio_Selectionner_Dossier'

14-02-2025T14:29:09 - [MESSAGE][PASSED] - Object: 'Object Repository/ANEF_Eloignement_V_Nawres/Page_Creation_ou_Recherche_Dossier/btn_Radio_Selectionner_Dossier' is clicked on

14-02-2025T14:29:09 - [TEST_STEP][PASSED] - click(findTestObject("Object Repository/ANEF_Eloignement_V_Nawres/Page_Creation_ou_Recherche_Dossier/btn_Choisir_Dossier_Etranger"), STOP_ON_FAILURE): Object: 'Object Repository/ANEF_Eloignement_V_Nawres/Page_Creation_ou_Recherche_Dossier/btn_Choisir_Dossier_Etranger' is clicked on

14-02-2025T14:29:09 - [MESSAGE][INFO] - Finding Test Object 'Object Repository/ANEF_Eloignement_V_Nawres/Page_Creation_ou_Recherche_Dossier/btn_Choisir_Dossier_Etranger'

14-02-2025T14:29:09 - [MESSAGE][INFO] - Checking timeout

14-02-2025T14:29:09 - [MESSAGE][INFO] - Finding web element with id: 'Object Repository/ANEF_Eloignement_V_Nawres/Page_Creation_ou_Recherche_Dossier/btn_Choisir_Dossier_Etranger' located by 'By.xpath: //button[contains(text(),"Choisir un dossier Ã©tranger")]' in '20' second(s)

14-02-2025T14:29:09 - [MESSAGE][INFO] - Found 1 web elements with id: 'Object Repository/ANEF_Eloignement_V_Nawres/Page_Creation_ou_Recherche_Dossier/btn_Choisir_Dossier_Etranger' located by 'By.xpath: //button[contains(text(),"Choisir un dossier Ã©tranger")]' in '20' second(s)

14-02-2025T14:29:09 - [MESSAGE][INFO] - Checking object

14-02-2025T14:29:09 - [MESSAGE][INFO] - Checking timeout

14-02-2025T14:29:09 - [MESSAGE][INFO] - Finding web element from Test Object's properties

14-02-2025T14:29:09 - [MESSAGE][INFO] - Checking timeout

14-02-2025T14:29:09 - [MESSAGE][INFO] - Finding web element with id: 'Object Repository/ANEF_Eloignement_V_Nawres/Page_Creation_ou_Recherche_Dossier/btn_Choisir_Dossier_Etranger' located by 'By.xpath: //button[contains(text(),"Choisir un dossier Ã©tranger")]' in '100' second(s)

14-02-2025T14:29:09 - [MESSAGE][INFO] - Found 1 web elements with id: 'Object Repository/ANEF_Eloignement_V_Nawres/Page_Creation_ou_Recherche_Dossier/btn_Choisir_Dossier_Etranger' located by 'By.xpath: //button[contains(text(),"Choisir un dossier Ã©tranger")]' in '100' second(s)

14-02-2025T14:29:09 - [MESSAGE][INFO] - Clicking on object: 'Object Repository/ANEF_Eloignement_V_Nawres/Page_Creation_ou_Recherche_Dossier/btn_Choisir_Dossier_Etranger'

14-02-2025T14:29:11 - [MESSAGE][PASSED] - Object: 'Object Repository/ANEF_Eloignement_V_Nawres/Page_Creation_ou_Recherche_Dossier/btn_Choisir_Dossier_Etranger' is clicked on

14-02-2025T14:29:11 - [MESSAGE][PASSED] - Call Test Case 'Test Cases/Test Reutilisable/Main/ANEF_Eloignement_V_Nawres/ANEF_Creation_ou_Recherche_Dossier' successfully

14-02-2025T14:29:11 - [TEST_STEP][PASSED] - if (CreationOuRecherche == "Creation"): null

14-02-2025T14:29:11 - [TEST_STEP][PASSED] - println(NumeroEtranger): null

14-02-2025T14:29:11 - [TEST_STEP][PASSED] - callTestCase(findTestCase("Test Cases/Test Reutilisable/Main/ANEF_Eloignement_V_Nawres/ANEF_Prendre_Mesure"), ["Mesure":Mesure, "FondementLegal":FondementLegal, "NatureDeLacteExpulsion":NatureDeLacteExpulsion, "NatureDeLacteExpulsion":NatureDeLacteExpulsion, ... ], STOP_ON_FAILURE): Call Test Case 'Test Cases/Test Reutilisable/Main/ANEF_Eloignement_V_Nawres/ANEF_Prendre_Mesure' successfully

14-02-2025T14:29:11 - [MESSAGE][INFO] - Checking called Test Case

14-02-2025T14:29:11 - [MESSAGE][INFO] - Starting to call Test Case 'Test Cases/Test Reutilisable/Main/ANEF_Eloignement_V_Nawres/ANEF_Prendre_Mesure'

14-02-2025T14:29:11 - [TEST_CASE][PASSED] - Test Cases/Test Reutilisable/Main/ANEF_Eloignement_V_Nawres/ANEF_Prendre_Mesure: Test Cases/Test Reutilisable/Main/ANEF_Eloignement_V_Nawres/ANEF_Prendre_Mesure

14-02-2025T14:29:11 - [TEST_STEP][PASSED] - click(findTestObject("Object Repository/ANEF_Eloignement_V_Nawres/Page_Prendre_Mesure/btn_Prendre_Mesure"), STOP_ON_FAILURE): Object: 'Object Repository/ANEF_Eloignement_V_Nawres/Page_Prendre_Mesure/btn_Prendre_Mesure' is clicked on

14-02-2025T14:29:11 - [MESSAGE][INFO] - Finding Test Object 'Object Repository/ANEF_Eloignement_V_Nawres/Page_Prendre_Mesure/btn_Prendre_Mesure'

14-02-2025T14:29:11 - [MESSAGE][INFO] - Checking timeout

14-02-2025T14:29:11 - [MESSAGE][INFO] - Finding web element with id: 'Object Repository/ANEF_Eloignement_V_Nawres/Page_Prendre_Mesure/btn_Prendre_Mesure' located by 'By.xpath: //button[@title="Prendre une Mesure"]' in '20' second(s)

14-02-2025T14:29:11 - [MESSAGE][INFO] - Found 1 web elements with id: 'Object Repository/ANEF_Eloignement_V_Nawres/Page_Prendre_Mesure/btn_Prendre_Mesure' located by 'By.xpath: //button[@title="Prendre une Mesure"]' in '20' second(s)

14-02-2025T14:29:11 - [MESSAGE][INFO] - Checking object

14-02-2025T14:29:11 - [MESSAGE][INFO] - Checking timeout

14-02-2025T14:29:11 - [MESSAGE][INFO] - Finding web element from Test Object's properties

14-02-2025T14:29:11 - [MESSAGE][INFO] - Checking timeout

14-02-2025T14:29:11 - [MESSAGE][INFO] - Finding web element with id: 'Object Repository/ANEF_Eloignement_V_Nawres/Page_Prendre_Mesure/btn_Prendre_Mesure' located by 'By.xpath: //button[@title="Prendre une Mesure"]' in '100' second(s)

14-02-2025T14:29:11 - [MESSAGE][INFO] - Found 1 web elements with id: 'Object Repository/ANEF_Eloignement_V_Nawres/Page_Prendre_Mesure/btn_Prendre_Mesure' located by 'By.xpath: //button[@title="Prendre une Mesure"]' in '100' second(s)

14-02-2025T14:29:11 - [MESSAGE][INFO] - Clicking on object: 'Object Repository/ANEF_Eloignement_V_Nawres/Page_Prendre_Mesure/btn_Prendre_Mesure'

14-02-2025T14:29:13 - [MESSAGE][PASSED] - Object: 'Object Repository/ANEF_Eloignement_V_Nawres/Page_Prendre_Mesure/btn_Prendre_Mesure' is clicked on

14-02-2025T14:29:13 - [TEST_STEP][PASSED] - delay(5): Delayed 5 second(s)

14-02-2025T14:29:13 - [MESSAGE][INFO] - Delaying browser in 5 second(s)

14-02-2025T14:29:18 - [MESSAGE][PASSED] - Delayed 5 second(s)

14-02-2025T14:29:18 - [TEST_STEP][PASSED] - switch (Mesure): null

14-02-2025T14:29:18 - [TEST_STEP][PASSED] - case "Expulsion":: null

14-02-2025T14:29:18 - [TEST_STEP][PASSED] - waitForElementPresent(findTestObject("Object Repository/ANEF_Eloignement_V_Nawres/Page_Prendre_Mesure/select_Type_Mesure"), 10, STOP_ON_FAILURE): Object 'Object Repository/ANEF_Eloignement_V_Nawres/Page_Prendre_Mesure/select_Type_Mesure' is present

14-02-2025T14:29:18 - [MESSAGE][INFO] - Finding Test Object 'Object Repository/ANEF_Eloignement_V_Nawres/Page_Prendre_Mesure/select_Type_Mesure'

14-02-2025T14:29:18 - [MESSAGE][INFO] - Checking object

14-02-2025T14:29:18 - [MESSAGE][INFO] - Finding web element from Test Object's properties

14-02-2025T14:29:18 - [MESSAGE][INFO] - Checking timeout

14-02-2025T14:29:18 - [MESSAGE][INFO] - Finding web element with id: 'Object Repository/ANEF_Eloignement_V_Nawres/Page_Prendre_Mesure/select_Type_Mesure' located by 'By.xpath: //select[@id="typeMesure"]' in '10' second(s)

14-02-2025T14:29:18 - [MESSAGE][INFO] - Found 1 web elements with id: 'Object Repository/ANEF_Eloignement_V_Nawres/Page_Prendre_Mesure/select_Type_Mesure' located by 'By.xpath: //select[@id="typeMesure"]' in '10' second(s)

14-02-2025T14:29:18 - [MESSAGE][PASSED] - Object 'Object Repository/ANEF_Eloignement_V_Nawres/Page_Prendre_Mesure/select_Type_Mesure' is present

14-02-2025T14:29:18 - [TEST_STEP][PASSED] - selectOptionByLabel(findTestObject("Object Repository/ANEF_Eloignement_V_Nawres/Page_Prendre_Mesure/select_Type_Mesure"), "Expulsion", false, STOP_ON_FAILURE): All options with label 'Expulsion' are selected in object 'Object Repository/ANEF_Eloignement_V_Nawres/Page_Prendre_Mesure/select_Type_Mesure' 

14-02-2025T14:29:18 - [MESSAGE][INFO] - Finding Test Object 'Object Repository/ANEF_Eloignement_V_Nawres/Page_Prendre_Mesure/select_Type_Mesure'

14-02-2025T14:29:18 - [MESSAGE][INFO] - Checking timeout

14-02-2025T14:29:18 - [MESSAGE][INFO] - Finding web element with id: 'Object Repository/ANEF_Eloignement_V_Nawres/Page_Prendre_Mesure/select_Type_Mesure' located by 'By.xpath: //select[@id="typeMesure"]' in '20' second(s)

14-02-2025T14:29:18 - [MESSAGE][INFO] - Found 1 web elements with id: 'Object Repository/ANEF_Eloignement_V_Nawres/Page_Prendre_Mesure/select_Type_Mesure' located by 'By.xpath: //select[@id="typeMesure"]' in '20' second(s)

14-02-2025T14:29:18 - [MESSAGE][INFO] - Checking object

14-02-2025T14:29:18 - [MESSAGE][INFO] - Checking label parameter

14-02-2025T14:29:18 - [MESSAGE][INFO] - Finding web element from Test Object's properties

14-02-2025T14:29:18 - [MESSAGE][INFO] - Checking timeout

14-02-2025T14:29:18 - [MESSAGE][INFO] - Finding web element with id: 'Object Repository/ANEF_Eloignement_V_Nawres/Page_Prendre_Mesure/select_Type_Mesure' located by 'By.xpath: //select[@id="typeMesure"]' in '100' second(s)

14-02-2025T14:29:18 - [MESSAGE][INFO] - Found 1 web elements with id: 'Object Repository/ANEF_Eloignement_V_Nawres/Page_Prendre_Mesure/select_Type_Mesure' located by 'By.xpath: //select[@id="typeMesure"]' in '100' second(s)

14-02-2025T14:29:18 - [MESSAGE][INFO] - Selecting options on object 'Object Repository/ANEF_Eloignement_V_Nawres/Page_Prendre_Mesure/select_Type_Mesure' with label 'Expulsion' 

14-02-2025T14:29:19 - [MESSAGE][PASSED] - All options with label 'Expulsion' are selected in object 'Object Repository/ANEF_Eloignement_V_Nawres/Page_Prendre_Mesure/select_Type_Mesure' 

14-02-2025T14:29:19 - [TEST_STEP][PASSED] - click(findTestObject("Object Repository/ANEF_Eloignement_V_Nawres/Page_Prendre_Mesure/btn_Confirmer_Mesure"), STOP_ON_FAILURE): Object: 'Object Repository/ANEF_Eloignement_V_Nawres/Page_Prendre_Mesure/btn_Confirmer_Mesure' is clicked on

14-02-2025T14:29:19 - [MESSAGE][INFO] - Finding Test Object 'Object Repository/ANEF_Eloignement_V_Nawres/Page_Prendre_Mesure/btn_Confirmer_Mesure'

14-02-2025T14:29:19 - [MESSAGE][INFO] - Checking timeout

14-02-2025T14:29:19 - [MESSAGE][INFO] - Finding web element with id: 'Object Repository/ANEF_Eloignement_V_Nawres/Page_Prendre_Mesure/btn_Confirmer_Mesure' located by 'By.xpath: //button[@id="btn-confirme-decision"]' in '20' second(s)

14-02-2025T14:29:19 - [MESSAGE][INFO] - Found 1 web elements with id: 'Object Repository/ANEF_Eloignement_V_Nawres/Page_Prendre_Mesure/btn_Confirmer_Mesure' located by 'By.xpath: //button[@id="btn-confirme-decision"]' in '20' second(s)

14-02-2025T14:29:19 - [MESSAGE][INFO] - Checking object

14-02-2025T14:29:19 - [MESSAGE][INFO] - Checking timeout

14-02-2025T14:29:19 - [MESSAGE][INFO] - Finding web element from Test Object's properties

14-02-2025T14:29:19 - [MESSAGE][INFO] - Checking timeout

14-02-2025T14:29:19 - [MESSAGE][INFO] - Finding web element with id: 'Object Repository/ANEF_Eloignement_V_Nawres/Page_Prendre_Mesure/btn_Confirmer_Mesure' located by 'By.xpath: //button[@id="btn-confirme-decision"]' in '100' second(s)

14-02-2025T14:29:19 - [MESSAGE][INFO] - Found 1 web elements with id: 'Object Repository/ANEF_Eloignement_V_Nawres/Page_Prendre_Mesure/btn_Confirmer_Mesure' located by 'By.xpath: //button[@id="btn-confirme-decision"]' in '100' second(s)

14-02-2025T14:29:19 - [MESSAGE][INFO] - Clicking on object: 'Object Repository/ANEF_Eloignement_V_Nawres/Page_Prendre_Mesure/btn_Confirmer_Mesure'

14-02-2025T14:29:20 - [MESSAGE][PASSED] - Object: 'Object Repository/ANEF_Eloignement_V_Nawres/Page_Prendre_Mesure/btn_Confirmer_Mesure' is clicked on

14-02-2025T14:29:20 - [TEST_STEP][PASSED] - verifyElementPresent(findTestObject("Object Repository/ANEF_Eloignement_V_Nawres/Page_Prendre_Mesure/btn_Supprimer_Fiche_Mesure"), 2, STOP_ON_FAILURE): Object 'Object Repository/ANEF_Eloignement_V_Nawres/Page_Prendre_Mesure/btn_Supprimer_Fiche_Mesure' is present

14-02-2025T14:29:20 - [MESSAGE][INFO] - Finding Test Object 'Object Repository/ANEF_Eloignement_V_Nawres/Page_Prendre_Mesure/btn_Supprimer_Fiche_Mesure'

14-02-2025T14:29:20 - [MESSAGE][INFO] - Checking object

14-02-2025T14:29:20 - [MESSAGE][INFO] - Finding web element from Test Object's properties

14-02-2025T14:29:20 - [MESSAGE][INFO] - Checking timeout

14-02-2025T14:29:20 - [MESSAGE][INFO] - Finding web element with id: 'Object Repository/ANEF_Eloignement_V_Nawres/Page_Prendre_Mesure/btn_Supprimer_Fiche_Mesure' located by 'By.xpath: //button[@title="Supprimer une Mesure"]' in '2' second(s)

14-02-2025T14:29:21 - [MESSAGE][INFO] - Found 1 web elements with id: 'Object Repository/ANEF_Eloignement_V_Nawres/Page_Prendre_Mesure/btn_Supprimer_Fiche_Mesure' located by 'By.xpath: //button[@title="Supprimer une Mesure"]' in '2' second(s)

14-02-2025T14:29:21 - [MESSAGE][PASSED] - Object 'Object Repository/ANEF_Eloignement_V_Nawres/Page_Prendre_Mesure/btn_Supprimer_Fiche_Mesure' is present

14-02-2025T14:29:21 - [TEST_STEP][PASSED] - break: null

14-02-2025T14:29:21 - [TEST_STEP][PASSED] - callTestCase(findTestCase("Test Cases/Test Reutilisable/Main/ANEF_Eloignement_V_Nawres/ANEF_Prendre_Mesure_Formulaire"), ["Mesure":Mesure, "FondementLegal":FondementLegal, "NatureDeLacteExpulsion":NatureDeLacteExpulsion, "UrgenceAbsolueExpulsion":UrgenceAbsolueExpulsion, ... ], STOP_ON_FAILURE): Call Test Case 'Test Cases/Test Reutilisable/Main/ANEF_Eloignement_V_Nawres/ANEF_Prendre_Mesure_Formulaire' successfully

14-02-2025T14:29:21 - [MESSAGE][INFO] - Checking called Test Case

14-02-2025T14:29:21 - [MESSAGE][INFO] - Starting to call Test Case 'Test Cases/Test Reutilisable/Main/ANEF_Eloignement_V_Nawres/ANEF_Prendre_Mesure_Formulaire'

14-02-2025T14:29:21 - [TEST_CASE][PASSED] - Test Cases/Test Reutilisable/Main/ANEF_Eloignement_V_Nawres/ANEF_Prendre_Mesure_Formulaire: Test Cases/Test Reutilisable/Main/ANEF_Eloignement_V_Nawres/ANEF_Prendre_Mesure_Formulaire

14-02-2025T14:29:22 - [TEST_STEP][PASSED] - calendar = Calendar.getInstance(): null

14-02-2025T14:29:22 - [TEST_STEP][PASSED] - currentDate = calendar.getTime(): null

14-02-2025T14:29:22 - [TEST_STEP][PASSED] - sdf = new java.text.SimpleDateFormat(dd/MM/yyyy): null

14-02-2025T14:29:22 - [TEST_STEP][PASSED] - formattedDate = sdf.format(currentDate): null

14-02-2025T14:29:22 - [TEST_STEP][PASSED] - DateActuelle = formattedDate.toString(): null

14-02-2025T14:29:22 - [TEST_STEP][PASSED] - println(DateActuelle): null

14-02-2025T14:29:22 - [TEST_STEP][PASSED] - if (Mesure != "ITF"): null

14-02-2025T14:29:22 - [TEST_STEP][PASSED] - selectOptionByLabel(findTestObject("Object Repository/ANEF_Eloignement_V_Nawres/Page_Prendre_Mesure_Formulaire/select_Fondement_Legal"), FondementLegal, false, STOP_ON_FAILURE): All options with label 'L.631-1' are selected in object 'Object Repository/ANEF_Eloignement_V_Nawres/Page_Prendre_Mesure_Formulaire/select_Fondement_Legal' 

14-02-2025T14:29:22 - [MESSAGE][INFO] - Finding Test Object 'Object Repository/ANEF_Eloignement_V_Nawres/Page_Prendre_Mesure_Formulaire/select_Fondement_Legal'

14-02-2025T14:29:22 - [MESSAGE][INFO] - Checking timeout

14-02-2025T14:29:22 - [MESSAGE][INFO] - Finding web element with id: 'Object Repository/ANEF_Eloignement_V_Nawres/Page_Prendre_Mesure_Formulaire/select_Fondement_Legal' located by 'By.xpath: //select[@id="fondement_legal"]' in '20' second(s)

14-02-2025T14:29:22 - [MESSAGE][INFO] - Found 1 web elements with id: 'Object Repository/ANEF_Eloignement_V_Nawres/Page_Prendre_Mesure_Formulaire/select_Fondement_Legal' located by 'By.xpath: //select[@id="fondement_legal"]' in '20' second(s)

14-02-2025T14:29:22 - [MESSAGE][INFO] - Checking object

14-02-2025T14:29:22 - [MESSAGE][INFO] - Checking label parameter

14-02-2025T14:29:22 - [MESSAGE][INFO] - Finding web element from Test Object's properties

14-02-2025T14:29:22 - [MESSAGE][INFO] - Checking timeout

14-02-2025T14:29:22 - [MESSAGE][INFO] - Finding web element with id: 'Object Repository/ANEF_Eloignement_V_Nawres/Page_Prendre_Mesure_Formulaire/select_Fondement_Legal' located by 'By.xpath: //select[@id="fondement_legal"]' in '100' second(s)

14-02-2025T14:29:22 - [MESSAGE][INFO] - Found 1 web elements with id: 'Object Repository/ANEF_Eloignement_V_Nawres/Page_Prendre_Mesure_Formulaire/select_Fondement_Legal' located by 'By.xpath: //select[@id="fondement_legal"]' in '100' second(s)

14-02-2025T14:29:22 - [MESSAGE][INFO] - Selecting options on object 'Object Repository/ANEF_Eloignement_V_Nawres/Page_Prendre_Mesure_Formulaire/select_Fondement_Legal' with label 'L.631-1' 

14-02-2025T14:29:23 - [MESSAGE][PASSED] - All options with label 'L.631-1' are selected in object 'Object Repository/ANEF_Eloignement_V_Nawres/Page_Prendre_Mesure_Formulaire/select_Fondement_Legal' 

14-02-2025T14:29:23 - [TEST_STEP][PASSED] - if (Mesure == "Expulsion"): null

14-02-2025T14:29:23 - [TEST_STEP][PASSED] - if (NatureDeLacteExpulsion == "AME"): Actual text and expected text of test object 'Object Repository/ANEF_Eloignement_V_Nawres/Page_Prendre_Mesure_Formulaire/p_AutoritÃ©_Decisionnaire' are matched.

14-02-2025T14:29:23 - [TEST_STEP][PASSED] - click(findTestObject("Object Repository/ANEF_Eloignement_V_Nawres/Page_Prendre_Mesure_Formulaire/btn_radio_Nature_Acte_AME_Expulsion"), STOP_ON_FAILURE): Object: 'Object Repository/ANEF_Eloignement_V_Nawres/Page_Prendre_Mesure_Formulaire/btn_radio_Nature_Acte_AME_Expulsion' is clicked on

14-02-2025T14:29:23 - [MESSAGE][INFO] - Finding Test Object 'Object Repository/ANEF_Eloignement_V_Nawres/Page_Prendre_Mesure_Formulaire/btn_radio_Nature_Acte_AME_Expulsion'

14-02-2025T14:29:23 - [MESSAGE][INFO] - Checking timeout

14-02-2025T14:29:23 - [MESSAGE][INFO] - Finding web element with id: 'Object Repository/ANEF_Eloignement_V_Nawres/Page_Prendre_Mesure_Formulaire/btn_radio_Nature_Acte_AME_Expulsion' located by 'By.xpath: //*[@id="ACCORDEON_FONDEMENT_LEGAL"]/form//app-dsfr-radio/div//label[contains(text(),"AME")]' in '20' second(s)

14-02-2025T14:29:23 - [MESSAGE][INFO] - Found 1 web elements with id: 'Object Repository/ANEF_Eloignement_V_Nawres/Page_Prendre_Mesure_Formulaire/btn_radio_Nature_Acte_AME_Expulsion' located by 'By.xpath: //*[@id="ACCORDEON_FONDEMENT_LEGAL"]/form//app-dsfr-radio/div//label[contains(text(),"AME")]' in '20' second(s)

14-02-2025T14:29:23 - [MESSAGE][INFO] - Checking object

14-02-2025T14:29:23 - [MESSAGE][INFO] - Checking timeout

14-02-2025T14:29:23 - [MESSAGE][INFO] - Finding web element from Test Object's properties

14-02-2025T14:29:23 - [MESSAGE][INFO] - Checking timeout

14-02-2025T14:29:23 - [MESSAGE][INFO] - Finding web element with id: 'Object Repository/ANEF_Eloignement_V_Nawres/Page_Prendre_Mesure_Formulaire/btn_radio_Nature_Acte_AME_Expulsion' located by 'By.xpath: //*[@id="ACCORDEON_FONDEMENT_LEGAL"]/form//app-dsfr-radio/div//label[contains(text(),"AME")]' in '100' second(s)

14-02-2025T14:29:23 - [MESSAGE][INFO] - Found 1 web elements with id: 'Object Repository/ANEF_Eloignement_V_Nawres/Page_Prendre_Mesure_Formulaire/btn_radio_Nature_Acte_AME_Expulsion' located by 'By.xpath: //*[@id="ACCORDEON_FONDEMENT_LEGAL"]/form//app-dsfr-radio/div//label[contains(text(),"AME")]' in '100' second(s)

14-02-2025T14:29:23 - [MESSAGE][INFO] - Clicking on object: 'Object Repository/ANEF_Eloignement_V_Nawres/Page_Prendre_Mesure_Formulaire/btn_radio_Nature_Acte_AME_Expulsion'

14-02-2025T14:29:25 - [MESSAGE][PASSED] - Object: 'Object Repository/ANEF_Eloignement_V_Nawres/Page_Prendre_Mesure_Formulaire/btn_radio_Nature_Acte_AME_Expulsion' is clicked on

14-02-2025T14:29:25 - [TEST_STEP][PASSED] - Autorite_Decisionnaire = getText(findTestObject("Object Repository/ANEF_Eloignement_V_Nawres/Page_Prendre_Mesure_Formulaire/p_AutoritÃ©_Decisionnaire"), STOP_ON_FAILURE): Text of object 'Object Repository/ANEF_Eloignement_V_Nawres/Page_Prendre_Mesure_Formulaire/p_AutoritÃ©_Decisionnaire' is: 'Ministre de lâ€™IntÃ©rieur'

14-02-2025T14:29:25 - [MESSAGE][INFO] - Finding Test Object 'Object Repository/ANEF_Eloignement_V_Nawres/Page_Prendre_Mesure_Formulaire/p_AutoritÃ©_Decisionnaire'

14-02-2025T14:29:25 - [MESSAGE][INFO] - Checking object

14-02-2025T14:29:25 - [MESSAGE][INFO] - Finding web element from Test Object's properties

14-02-2025T14:29:25 - [MESSAGE][INFO] - Checking timeout

14-02-2025T14:29:25 - [MESSAGE][INFO] - Finding web element with id: 'Object Repository/ANEF_Eloignement_V_Nawres/Page_Prendre_Mesure_Formulaire/p_AutoritÃ©_Decisionnaire' located by 'By.xpath: //*[@id="ACCORDEON_FONDEMENT_LEGAL"]/form/div/div[1]/div[3]/p' in '100' second(s)

14-02-2025T14:29:25 - [MESSAGE][INFO] - Found 1 web elements with id: 'Object Repository/ANEF_Eloignement_V_Nawres/Page_Prendre_Mesure_Formulaire/p_AutoritÃ©_Decisionnaire' located by 'By.xpath: //*[@id="ACCORDEON_FONDEMENT_LEGAL"]/form/div/div[1]/div[3]/p' in '100' second(s)

14-02-2025T14:29:25 - [MESSAGE][INFO] - Getting text of object 'Object Repository/ANEF_Eloignement_V_Nawres/Page_Prendre_Mesure_Formulaire/p_AutoritÃ©_Decisionnaire'

14-02-2025T14:29:25 - [MESSAGE][PASSED] - Text of object 'Object Repository/ANEF_Eloignement_V_Nawres/Page_Prendre_Mesure_Formulaire/p_AutoritÃ©_Decisionnaire' is: 'Ministre de lâ€™IntÃ©rieur'

14-02-2025T14:29:25 - [TEST_STEP][PASSED] - verifyElementText(findTestObject("Object Repository/ANEF_Eloignement_V_Nawres/Page_Prendre_Mesure_Formulaire/p_AutoritÃ©_Decisionnaire"), "Ministre de lâ€™IntÃ©rieur", STOP_ON_FAILURE): Actual text and expected text of test object 'Object Repository/ANEF_Eloignement_V_Nawres/Page_Prendre_Mesure_Formulaire/p_AutoritÃ©_Decisionnaire' are matched.

14-02-2025T14:29:25 - [MESSAGE][INFO] - Finding Test Object 'Object Repository/ANEF_Eloignement_V_Nawres/Page_Prendre_Mesure_Formulaire/p_AutoritÃ©_Decisionnaire'

14-02-2025T14:29:25 - [MESSAGE][INFO] - Checking object

14-02-2025T14:29:25 - [MESSAGE][INFO] - Finding web element from Test Object's properties

14-02-2025T14:29:25 - [MESSAGE][INFO] - Checking timeout

14-02-2025T14:29:25 - [MESSAGE][INFO] - Finding web element with id: 'Object Repository/ANEF_Eloignement_V_Nawres/Page_Prendre_Mesure_Formulaire/p_AutoritÃ©_Decisionnaire' located by 'By.xpath: //*[@id="ACCORDEON_FONDEMENT_LEGAL"]/form/div/div[1]/div[3]/p' in '100' second(s)

14-02-2025T14:29:25 - [MESSAGE][INFO] - Found 1 web elements with id: 'Object Repository/ANEF_Eloignement_V_Nawres/Page_Prendre_Mesure_Formulaire/p_AutoritÃ©_Decisionnaire' located by 'By.xpath: //*[@id="ACCORDEON_FONDEMENT_LEGAL"]/form/div/div[1]/div[3]/p' in '100' second(s)

14-02-2025T14:29:25 - [MESSAGE][PASSED] - Actual text and expected text of test object 'Object Repository/ANEF_Eloignement_V_Nawres/Page_Prendre_Mesure_Formulaire/p_AutoritÃ©_Decisionnaire' are matched.

14-02-2025T14:29:25 - [TEST_STEP][PASSED] - if (NatureDeLacteExpulsion == "APE"): null

14-02-2025T14:29:25 - [TEST_STEP][PASSED] - if (UrgenceAbsolueExpulsion == "Non"): Object 'Object Repository/ANEF_Eloignement_V_Nawres/Page_Prendre_Mesure_Formulaire/select_Auteur_Decision' is clickable

14-02-2025T14:29:25 - [TEST_STEP][PASSED] - click(findTestObject("Object Repository/ANEF_Eloignement_V_Nawres/Page_Prendre_Mesure_Formulaire/btn_radio_Urgence_Absolue_Non"), STOP_ON_FAILURE): Object: 'Object Repository/ANEF_Eloignement_V_Nawres/Page_Prendre_Mesure_Formulaire/btn_radio_Urgence_Absolue_Non' is clicked on

14-02-2025T14:29:25 - [MESSAGE][INFO] - Finding Test Object 'Object Repository/ANEF_Eloignement_V_Nawres/Page_Prendre_Mesure_Formulaire/btn_radio_Urgence_Absolue_Non'

14-02-2025T14:29:25 - [MESSAGE][INFO] - Checking timeout

14-02-2025T14:29:25 - [MESSAGE][INFO] - Finding web element with id: 'Object Repository/ANEF_Eloignement_V_Nawres/Page_Prendre_Mesure_Formulaire/btn_radio_Urgence_Absolue_Non' located by 'By.xpath: //*[@id="urgence-radio-btn"]/div/fieldset//label[contains(text(),"Non")]' in '20' second(s)

14-02-2025T14:29:25 - [MESSAGE][INFO] - Found 1 web elements with id: 'Object Repository/ANEF_Eloignement_V_Nawres/Page_Prendre_Mesure_Formulaire/btn_radio_Urgence_Absolue_Non' located by 'By.xpath: //*[@id="urgence-radio-btn"]/div/fieldset//label[contains(text(),"Non")]' in '20' second(s)

14-02-2025T14:29:25 - [MESSAGE][INFO] - Checking object

14-02-2025T14:29:25 - [MESSAGE][INFO] - Checking timeout

14-02-2025T14:29:25 - [MESSAGE][INFO] - Finding web element from Test Object's properties

14-02-2025T14:29:25 - [MESSAGE][INFO] - Checking timeout

14-02-2025T14:29:25 - [MESSAGE][INFO] - Finding web element with id: 'Object Repository/ANEF_Eloignement_V_Nawres/Page_Prendre_Mesure_Formulaire/btn_radio_Urgence_Absolue_Non' located by 'By.xpath: //*[@id="urgence-radio-btn"]/div/fieldset//label[contains(text(),"Non")]' in '100' second(s)

14-02-2025T14:29:25 - [MESSAGE][INFO] - Found 1 web elements with id: 'Object Repository/ANEF_Eloignement_V_Nawres/Page_Prendre_Mesure_Formulaire/btn_radio_Urgence_Absolue_Non' located by 'By.xpath: //*[@id="urgence-radio-btn"]/div/fieldset//label[contains(text(),"Non")]' in '100' second(s)

14-02-2025T14:29:25 - [MESSAGE][INFO] - Clicking on object: 'Object Repository/ANEF_Eloignement_V_Nawres/Page_Prendre_Mesure_Formulaire/btn_radio_Urgence_Absolue_Non'

14-02-2025T14:29:26 - [MESSAGE][PASSED] - Object: 'Object Repository/ANEF_Eloignement_V_Nawres/Page_Prendre_Mesure_Formulaire/btn_radio_Urgence_Absolue_Non' is clicked on

14-02-2025T14:29:26 - [TEST_STEP][PASSED] - setText(findTestObject("Object Repository/ANEF_Eloignement_V_Nawres/Page_Prendre_Mesure_Formulaire/input_Date_Notification_Comex"), "22/06/2024", STOP_ON_FAILURE): Text '22/06/2024' is set on object 'Object Repository/ANEF_Eloignement_V_Nawres/Page_Prendre_Mesure_Formulaire/input_Date_Notification_Comex'

14-02-2025T14:29:26 - [MESSAGE][INFO] - Finding Test Object 'Object Repository/ANEF_Eloignement_V_Nawres/Page_Prendre_Mesure_Formulaire/input_Date_Notification_Comex'

14-02-2025T14:29:26 - [MESSAGE][INFO] - Checking timeout

14-02-2025T14:29:26 - [MESSAGE][INFO] - Finding web element with id: 'Object Repository/ANEF_Eloignement_V_Nawres/Page_Prendre_Mesure_Formulaire/input_Date_Notification_Comex' located by 'By.xpath: //input[@id="date_notification_bulletin_special"]' in '20' second(s)

14-02-2025T14:29:26 - [MESSAGE][INFO] - Found 1 web elements with id: 'Object Repository/ANEF_Eloignement_V_Nawres/Page_Prendre_Mesure_Formulaire/input_Date_Notification_Comex' located by 'By.xpath: //input[@id="date_notification_bulletin_special"]' in '20' second(s)

14-02-2025T14:29:26 - [MESSAGE][INFO] - Checking object

14-02-2025T14:29:26 - [MESSAGE][INFO] - Checking text

14-02-2025T14:29:26 - [MESSAGE][INFO] - Finding web element from Test Object's properties

14-02-2025T14:29:26 - [MESSAGE][INFO] - Checking timeout

14-02-2025T14:29:26 - [MESSAGE][INFO] - Finding web element with id: 'Object Repository/ANEF_Eloignement_V_Nawres/Page_Prendre_Mesure_Formulaire/input_Date_Notification_Comex' located by 'By.xpath: //input[@id="date_notification_bulletin_special"]' in '100' second(s)

14-02-2025T14:29:26 - [MESSAGE][INFO] - Found 1 web elements with id: 'Object Repository/ANEF_Eloignement_V_Nawres/Page_Prendre_Mesure_Formulaire/input_Date_Notification_Comex' located by 'By.xpath: //input[@id="date_notification_bulletin_special"]' in '100' second(s)

14-02-2025T14:29:26 - [MESSAGE][INFO] - Clearing text of object 'Object Repository/ANEF_Eloignement_V_Nawres/Page_Prendre_Mesure_Formulaire/input_Date_Notification_Comex'

14-02-2025T14:29:27 - [MESSAGE][INFO] - Finding web element from Test Object's properties

14-02-2025T14:29:27 - [MESSAGE][INFO] - Checking timeout

14-02-2025T14:29:27 - [MESSAGE][INFO] - Finding web element with id: 'Object Repository/ANEF_Eloignement_V_Nawres/Page_Prendre_Mesure_Formulaire/input_Date_Notification_Comex' located by 'By.xpath: //input[@id="date_notification_bulletin_special"]' in '100' second(s)

14-02-2025T14:29:27 - [MESSAGE][INFO] - Found 1 web elements with id: 'Object Repository/ANEF_Eloignement_V_Nawres/Page_Prendre_Mesure_Formulaire/input_Date_Notification_Comex' located by 'By.xpath: //input[@id="date_notification_bulletin_special"]' in '100' second(s)

14-02-2025T14:29:27 - [MESSAGE][INFO] - Setting text of object 'Object Repository/ANEF_Eloignement_V_Nawres/Page_Prendre_Mesure_Formulaire/input_Date_Notification_Comex' to value '22/06/2024'

14-02-2025T14:29:28 - [MESSAGE][PASSED] - Text '22/06/2024' is set on object 'Object Repository/ANEF_Eloignement_V_Nawres/Page_Prendre_Mesure_Formulaire/input_Date_Notification_Comex'

14-02-2025T14:29:28 - [TEST_STEP][PASSED] - setText(findTestObject("Object Repository/ANEF_Eloignement_V_Nawres/Page_Prendre_Mesure_Formulaire/input_Date_Comex"), "22/06/2024", STOP_ON_FAILURE): Text '22/06/2024' is set on object 'Object Repository/ANEF_Eloignement_V_Nawres/Page_Prendre_Mesure_Formulaire/input_Date_Comex'

14-02-2025T14:29:28 - [MESSAGE][INFO] - Finding Test Object 'Object Repository/ANEF_Eloignement_V_Nawres/Page_Prendre_Mesure_Formulaire/input_Date_Comex'

14-02-2025T14:29:28 - [MESSAGE][INFO] - Checking timeout

14-02-2025T14:29:28 - [MESSAGE][INFO] - Finding web element with id: 'Object Repository/ANEF_Eloignement_V_Nawres/Page_Prendre_Mesure_Formulaire/input_Date_Comex' located by 'By.xpath: //input[@id="date_comex"]' in '20' second(s)

14-02-2025T14:29:28 - [MESSAGE][INFO] - Found 1 web elements with id: 'Object Repository/ANEF_Eloignement_V_Nawres/Page_Prendre_Mesure_Formulaire/input_Date_Comex' located by 'By.xpath: //input[@id="date_comex"]' in '20' second(s)

14-02-2025T14:29:29 - [MESSAGE][INFO] - Checking object

14-02-2025T14:29:29 - [MESSAGE][INFO] - Checking text

14-02-2025T14:29:29 - [MESSAGE][INFO] - Finding web element from Test Object's properties

14-02-2025T14:29:29 - [MESSAGE][INFO] - Checking timeout

14-02-2025T14:29:29 - [MESSAGE][INFO] - Finding web element with id: 'Object Repository/ANEF_Eloignement_V_Nawres/Page_Prendre_Mesure_Formulaire/input_Date_Comex' located by 'By.xpath: //input[@id="date_comex"]' in '100' second(s)

14-02-2025T14:29:29 - [MESSAGE][INFO] - Found 1 web elements with id: 'Object Repository/ANEF_Eloignement_V_Nawres/Page_Prendre_Mesure_Formulaire/input_Date_Comex' located by 'By.xpath: //input[@id="date_comex"]' in '100' second(s)

14-02-2025T14:29:29 - [MESSAGE][INFO] - Clearing text of object 'Object Repository/ANEF_Eloignement_V_Nawres/Page_Prendre_Mesure_Formulaire/input_Date_Comex'

14-02-2025T14:29:30 - [MESSAGE][INFO] - Finding web element from Test Object's properties

14-02-2025T14:29:30 - [MESSAGE][INFO] - Checking timeout

14-02-2025T14:29:30 - [MESSAGE][INFO] - Finding web element with id: 'Object Repository/ANEF_Eloignement_V_Nawres/Page_Prendre_Mesure_Formulaire/input_Date_Comex' located by 'By.xpath: //input[@id="date_comex"]' in '100' second(s)

14-02-2025T14:29:30 - [MESSAGE][INFO] - Found 1 web elements with id: 'Object Repository/ANEF_Eloignement_V_Nawres/Page_Prendre_Mesure_Formulaire/input_Date_Comex' located by 'By.xpath: //input[@id="date_comex"]' in '100' second(s)

14-02-2025T14:29:30 - [MESSAGE][INFO] - Setting text of object 'Object Repository/ANEF_Eloignement_V_Nawres/Page_Prendre_Mesure_Formulaire/input_Date_Comex' to value '22/06/2024'

14-02-2025T14:29:31 - [MESSAGE][PASSED] - Text '22/06/2024' is set on object 'Object Repository/ANEF_Eloignement_V_Nawres/Page_Prendre_Mesure_Formulaire/input_Date_Comex'

14-02-2025T14:29:31 - [TEST_STEP][PASSED] - click(findTestObject("Object Repository/ANEF_Eloignement_V_Nawres/Page_Prendre_Mesure_Formulaire/btn_radio_Avis_Comex_Favorable"), STOP_ON_FAILURE): Object: 'Object Repository/ANEF_Eloignement_V_Nawres/Page_Prendre_Mesure_Formulaire/btn_radio_Avis_Comex_Favorable' is clicked on

14-02-2025T14:29:31 - [MESSAGE][INFO] - Finding Test Object 'Object Repository/ANEF_Eloignement_V_Nawres/Page_Prendre_Mesure_Formulaire/btn_radio_Avis_Comex_Favorable'

14-02-2025T14:29:31 - [MESSAGE][INFO] - Checking timeout

14-02-2025T14:29:31 - [MESSAGE][INFO] - Finding web element with id: 'Object Repository/ANEF_Eloignement_V_Nawres/Page_Prendre_Mesure_Formulaire/btn_radio_Avis_Comex_Favorable' located by 'By.xpath: //*[@id="ACCORDEON_COMEX"]/form//app-dsfr-radio[2]/div/fieldset//label[contains(text(),'Favorable')]' in '20' second(s)

14-02-2025T14:29:31 - [MESSAGE][INFO] - Found 1 web elements with id: 'Object Repository/ANEF_Eloignement_V_Nawres/Page_Prendre_Mesure_Formulaire/btn_radio_Avis_Comex_Favorable' located by 'By.xpath: //*[@id="ACCORDEON_COMEX"]/form//app-dsfr-radio[2]/div/fieldset//label[contains(text(),'Favorable')]' in '20' second(s)

14-02-2025T14:29:31 - [MESSAGE][INFO] - Checking object

14-02-2025T14:29:31 - [MESSAGE][INFO] - Checking timeout

14-02-2025T14:29:31 - [MESSAGE][INFO] - Finding web element from Test Object's properties

14-02-2025T14:29:31 - [MESSAGE][INFO] - Checking timeout

14-02-2025T14:29:31 - [MESSAGE][INFO] - Finding web element with id: 'Object Repository/ANEF_Eloignement_V_Nawres/Page_Prendre_Mesure_Formulaire/btn_radio_Avis_Comex_Favorable' located by 'By.xpath: //*[@id="ACCORDEON_COMEX"]/form//app-dsfr-radio[2]/div/fieldset//label[contains(text(),'Favorable')]' in '100' second(s)

14-02-2025T14:29:31 - [MESSAGE][INFO] - Found 1 web elements with id: 'Object Repository/ANEF_Eloignement_V_Nawres/Page_Prendre_Mesure_Formulaire/btn_radio_Avis_Comex_Favorable' located by 'By.xpath: //*[@id="ACCORDEON_COMEX"]/form//app-dsfr-radio[2]/div/fieldset//label[contains(text(),'Favorable')]' in '100' second(s)

14-02-2025T14:29:31 - [MESSAGE][INFO] - Clicking on object: 'Object Repository/ANEF_Eloignement_V_Nawres/Page_Prendre_Mesure_Formulaire/btn_radio_Avis_Comex_Favorable'

14-02-2025T14:29:32 - [MESSAGE][PASSED] - Object: 'Object Repository/ANEF_Eloignement_V_Nawres/Page_Prendre_Mesure_Formulaire/btn_radio_Avis_Comex_Favorable' is clicked on

14-02-2025T14:29:32 - [TEST_STEP][PASSED] - setText(findTestObject("Object Repository/ANEF_Eloignement_V_Nawres/Page_Prendre_Mesure_Formulaire/input_Date_Avis_Comex"), "22/06/2024", STOP_ON_FAILURE): Text '22/06/2024' is set on object 'Object Repository/ANEF_Eloignement_V_Nawres/Page_Prendre_Mesure_Formulaire/input_Date_Avis_Comex'

14-02-2025T14:29:32 - [MESSAGE][INFO] - Finding Test Object 'Object Repository/ANEF_Eloignement_V_Nawres/Page_Prendre_Mesure_Formulaire/input_Date_Avis_Comex'

14-02-2025T14:29:32 - [MESSAGE][INFO] - Checking timeout

14-02-2025T14:29:32 - [MESSAGE][INFO] - Finding web element with id: 'Object Repository/ANEF_Eloignement_V_Nawres/Page_Prendre_Mesure_Formulaire/input_Date_Avis_Comex' located by 'By.xpath: //input[@id="date_avis"]' in '20' second(s)

14-02-2025T14:29:32 - [MESSAGE][INFO] - Found 1 web elements with id: 'Object Repository/ANEF_Eloignement_V_Nawres/Page_Prendre_Mesure_Formulaire/input_Date_Avis_Comex' located by 'By.xpath: //input[@id="date_avis"]' in '20' second(s)

14-02-2025T14:29:32 - [MESSAGE][INFO] - Checking object

14-02-2025T14:29:32 - [MESSAGE][INFO] - Checking text

14-02-2025T14:29:32 - [MESSAGE][INFO] - Finding web element from Test Object's properties

14-02-2025T14:29:32 - [MESSAGE][INFO] - Checking timeout

14-02-2025T14:29:32 - [MESSAGE][INFO] - Finding web element with id: 'Object Repository/ANEF_Eloignement_V_Nawres/Page_Prendre_Mesure_Formulaire/input_Date_Avis_Comex' located by 'By.xpath: //input[@id="date_avis"]' in '100' second(s)

14-02-2025T14:29:32 - [MESSAGE][INFO] - Found 1 web elements with id: 'Object Repository/ANEF_Eloignement_V_Nawres/Page_Prendre_Mesure_Formulaire/input_Date_Avis_Comex' located by 'By.xpath: //input[@id="date_avis"]' in '100' second(s)

14-02-2025T14:29:32 - [MESSAGE][INFO] - Clearing text of object 'Object Repository/ANEF_Eloignement_V_Nawres/Page_Prendre_Mesure_Formulaire/input_Date_Avis_Comex'

14-02-2025T14:29:33 - [MESSAGE][INFO] - Finding web element from Test Object's properties

14-02-2025T14:29:33 - [MESSAGE][INFO] - Checking timeout

14-02-2025T14:29:33 - [MESSAGE][INFO] - Finding web element with id: 'Object Repository/ANEF_Eloignement_V_Nawres/Page_Prendre_Mesure_Formulaire/input_Date_Avis_Comex' located by 'By.xpath: //input[@id="date_avis"]' in '100' second(s)

14-02-2025T14:29:33 - [MESSAGE][INFO] - Found 1 web elements with id: 'Object Repository/ANEF_Eloignement_V_Nawres/Page_Prendre_Mesure_Formulaire/input_Date_Avis_Comex' located by 'By.xpath: //input[@id="date_avis"]' in '100' second(s)

14-02-2025T14:29:33 - [MESSAGE][INFO] - Setting text of object 'Object Repository/ANEF_Eloignement_V_Nawres/Page_Prendre_Mesure_Formulaire/input_Date_Avis_Comex' to value '22/06/2024'

14-02-2025T14:29:34 - [MESSAGE][PASSED] - Text '22/06/2024' is set on object 'Object Repository/ANEF_Eloignement_V_Nawres/Page_Prendre_Mesure_Formulaire/input_Date_Avis_Comex'

14-02-2025T14:29:34 - [TEST_STEP][PASSED] - click(findTestObject("Object Repository/ANEF_Eloignement_V_Nawres/Page_Prendre_Mesure_Formulaire/btn_radio_Poursuite_Procedure_Expulsion_Non"), STOP_ON_FAILURE): Object: 'Object Repository/ANEF_Eloignement_V_Nawres/Page_Prendre_Mesure_Formulaire/btn_radio_Poursuite_Procedure_Expulsion_Non' is clicked on

14-02-2025T14:29:34 - [MESSAGE][INFO] - Finding Test Object 'Object Repository/ANEF_Eloignement_V_Nawres/Page_Prendre_Mesure_Formulaire/btn_radio_Poursuite_Procedure_Expulsion_Non'

14-02-2025T14:29:34 - [MESSAGE][INFO] - Checking timeout

14-02-2025T14:29:34 - [MESSAGE][INFO] - Finding web element with id: 'Object Repository/ANEF_Eloignement_V_Nawres/Page_Prendre_Mesure_Formulaire/btn_radio_Poursuite_Procedure_Expulsion_Non' located by 'By.xpath: //*[@id="radio-poursuite-procedure-expulsion-comex"]/div/fieldset//label[contains(text(),'Non')]' in '20' second(s)

14-02-2025T14:29:34 - [MESSAGE][INFO] - Found 1 web elements with id: 'Object Repository/ANEF_Eloignement_V_Nawres/Page_Prendre_Mesure_Formulaire/btn_radio_Poursuite_Procedure_Expulsion_Non' located by 'By.xpath: //*[@id="radio-poursuite-procedure-expulsion-comex"]/div/fieldset//label[contains(text(),'Non')]' in '20' second(s)

14-02-2025T14:29:34 - [MESSAGE][INFO] - Checking object

14-02-2025T14:29:34 - [MESSAGE][INFO] - Checking timeout

14-02-2025T14:29:34 - [MESSAGE][INFO] - Finding web element from Test Object's properties

14-02-2025T14:29:34 - [MESSAGE][INFO] - Checking timeout

14-02-2025T14:29:34 - [MESSAGE][INFO] - Finding web element with id: 'Object Repository/ANEF_Eloignement_V_Nawres/Page_Prendre_Mesure_Formulaire/btn_radio_Poursuite_Procedure_Expulsion_Non' located by 'By.xpath: //*[@id="radio-poursuite-procedure-expulsion-comex"]/div/fieldset//label[contains(text(),'Non')]' in '100' second(s)

14-02-2025T14:29:34 - [MESSAGE][INFO] - Found 1 web elements with id: 'Object Repository/ANEF_Eloignement_V_Nawres/Page_Prendre_Mesure_Formulaire/btn_radio_Poursuite_Procedure_Expulsion_Non' located by 'By.xpath: //*[@id="radio-poursuite-procedure-expulsion-comex"]/div/fieldset//label[contains(text(),'Non')]' in '100' second(s)

14-02-2025T14:29:34 - [MESSAGE][INFO] - Clicking on object: 'Object Repository/ANEF_Eloignement_V_Nawres/Page_Prendre_Mesure_Formulaire/btn_radio_Poursuite_Procedure_Expulsion_Non'

14-02-2025T14:29:36 - [MESSAGE][PASSED] - Object: 'Object Repository/ANEF_Eloignement_V_Nawres/Page_Prendre_Mesure_Formulaire/btn_radio_Poursuite_Procedure_Expulsion_Non' is clicked on

14-02-2025T14:29:36 - [TEST_STEP][PASSED] - delay(5): Delayed 5 second(s)

14-02-2025T14:29:36 - [MESSAGE][INFO] - Delaying browser in 5 second(s)

14-02-2025T14:29:41 - [MESSAGE][PASSED] - Delayed 5 second(s)

14-02-2025T14:29:41 - [TEST_STEP][PASSED] - verifyElementNotClickable(findTestObject("Object Repository/ANEF_Eloignement_V_Nawres/Page_Prendre_Mesure_Formulaire/select_Pays_De_Renvoi")): Object 'Object Repository/ANEF_Eloignement_V_Nawres/Page_Prendre_Mesure_Formulaire/select_Pays_De_Renvoi' is NOT clickable

14-02-2025T14:29:41 - [MESSAGE][INFO] - Finding Test Object 'Object Repository/ANEF_Eloignement_V_Nawres/Page_Prendre_Mesure_Formulaire/select_Pays_De_Renvoi'

14-02-2025T14:29:41 - [MESSAGE][INFO] - Checking object

14-02-2025T14:29:41 - [MESSAGE][INFO] - Finding web element from Test Object's properties

14-02-2025T14:29:41 - [MESSAGE][INFO] - Checking timeout

14-02-2025T14:29:41 - [MESSAGE][INFO] - Finding web element with id: 'Object Repository/ANEF_Eloignement_V_Nawres/Page_Prendre_Mesure_Formulaire/select_Pays_De_Renvoi' located by 'By.xpath: //select[@name="pays"]' in '100' second(s)

14-02-2025T14:29:41 - [MESSAGE][INFO] - Found 1 web elements with id: 'Object Repository/ANEF_Eloignement_V_Nawres/Page_Prendre_Mesure_Formulaire/select_Pays_De_Renvoi' located by 'By.xpath: //select[@name="pays"]' in '100' second(s)

14-02-2025T14:29:41 - [MESSAGE][PASSED] - Object 'Object Repository/ANEF_Eloignement_V_Nawres/Page_Prendre_Mesure_Formulaire/select_Pays_De_Renvoi' is NOT clickable

14-02-2025T14:29:41 - [TEST_STEP][PASSED] - verifyElementNotClickable(findTestObject("Object Repository/ANEF_Eloignement_V_Nawres/Page_Prendre_Mesure_Formulaire/select_Auteur_Decision")): Object 'Object Repository/ANEF_Eloignement_V_Nawres/Page_Prendre_Mesure_Formulaire/select_Auteur_Decision' is NOT clickable

14-02-2025T14:29:41 - [MESSAGE][INFO] - Finding Test Object 'Object Repository/ANEF_Eloignement_V_Nawres/Page_Prendre_Mesure_Formulaire/select_Auteur_Decision'

14-02-2025T14:29:41 - [MESSAGE][INFO] - Checking object

14-02-2025T14:29:41 - [MESSAGE][INFO] - Finding web element from Test Object's properties

14-02-2025T14:29:41 - [MESSAGE][INFO] - Checking timeout

14-02-2025T14:29:41 - [MESSAGE][INFO] - Finding web element with id: 'Object Repository/ANEF_Eloignement_V_Nawres/Page_Prendre_Mesure_Formulaire/select_Auteur_Decision' located by 'By.xpath: //select[@name="site_gestionnaire"]' in '100' second(s)

14-02-2025T14:29:41 - [MESSAGE][INFO] - Found 1 web elements with id: 'Object Repository/ANEF_Eloignement_V_Nawres/Page_Prendre_Mesure_Formulaire/select_Auteur_Decision' located by 'By.xpath: //select[@name="site_gestionnaire"]' in '100' second(s)

14-02-2025T14:29:41 - [MESSAGE][PASSED] - Object 'Object Repository/ANEF_Eloignement_V_Nawres/Page_Prendre_Mesure_Formulaire/select_Auteur_Decision' is NOT clickable

14-02-2025T14:29:41 - [TEST_STEP][PASSED] - verifyElementNotClickable(findTestObject("Object Repository/ANEF_Eloignement_V_Nawres/Page_Prendre_Mesure/btn_Ajouter_Mesure_Execution")): Object 'Object Repository/ANEF_Eloignement_V_Nawres/Page_Prendre_Mesure/btn_Ajouter_Mesure_Execution' is NOT clickable

14-02-2025T14:29:41 - [MESSAGE][INFO] - Finding Test Object 'Object Repository/ANEF_Eloignement_V_Nawres/Page_Prendre_Mesure/btn_Ajouter_Mesure_Execution'

14-02-2025T14:29:41 - [MESSAGE][INFO] - Checking object

14-02-2025T14:29:41 - [MESSAGE][INFO] - Finding web element from Test Object's properties

14-02-2025T14:29:41 - [MESSAGE][INFO] - Checking timeout

14-02-2025T14:29:41 - [MESSAGE][INFO] - Finding web element with id: 'Object Repository/ANEF_Eloignement_V_Nawres/Page_Prendre_Mesure/btn_Ajouter_Mesure_Execution' located by 'By.xpath: //button[@id="add-mesure-exec-btn"]' in '100' second(s)

14-02-2025T14:29:41 - [MESSAGE][INFO] - Found 1 web elements with id: 'Object Repository/ANEF_Eloignement_V_Nawres/Page_Prendre_Mesure/btn_Ajouter_Mesure_Execution' located by 'By.xpath: //button[@id="add-mesure-exec-btn"]' in '100' second(s)

14-02-2025T14:29:41 - [MESSAGE][PASSED] - Object 'Object Repository/ANEF_Eloignement_V_Nawres/Page_Prendre_Mesure/btn_Ajouter_Mesure_Execution' is NOT clickable

14-02-2025T14:29:41 - [TEST_STEP][PASSED] - click(findTestObject("Object Repository/ANEF_Eloignement_V_Nawres/Page_Prendre_Mesure_Formulaire/btn_radio_Poursuite_Procedure_Expulsion_Oui"), STOP_ON_FAILURE): Object: 'Object Repository/ANEF_Eloignement_V_Nawres/Page_Prendre_Mesure_Formulaire/btn_radio_Poursuite_Procedure_Expulsion_Oui' is clicked on

14-02-2025T14:29:41 - [MESSAGE][INFO] - Finding Test Object 'Object Repository/ANEF_Eloignement_V_Nawres/Page_Prendre_Mesure_Formulaire/btn_radio_Poursuite_Procedure_Expulsion_Oui'

14-02-2025T14:29:41 - [MESSAGE][INFO] - Checking timeout

14-02-2025T14:29:41 - [MESSAGE][INFO] - Finding web element with id: 'Object Repository/ANEF_Eloignement_V_Nawres/Page_Prendre_Mesure_Formulaire/btn_radio_Poursuite_Procedure_Expulsion_Oui' located by 'By.xpath: //*[@id="radio-poursuite-procedure-expulsion-comex"]/div/fieldset//label[contains(text(),'Oui')]' in '20' second(s)

14-02-2025T14:29:41 - [MESSAGE][INFO] - Found 1 web elements with id: 'Object Repository/ANEF_Eloignement_V_Nawres/Page_Prendre_Mesure_Formulaire/btn_radio_Poursuite_Procedure_Expulsion_Oui' located by 'By.xpath: //*[@id="radio-poursuite-procedure-expulsion-comex"]/div/fieldset//label[contains(text(),'Oui')]' in '20' second(s)

14-02-2025T14:29:41 - [MESSAGE][INFO] - Checking object

14-02-2025T14:29:41 - [MESSAGE][INFO] - Checking timeout

14-02-2025T14:29:41 - [MESSAGE][INFO] - Finding web element from Test Object's properties

14-02-2025T14:29:41 - [MESSAGE][INFO] - Checking timeout

14-02-2025T14:29:41 - [MESSAGE][INFO] - Finding web element with id: 'Object Repository/ANEF_Eloignement_V_Nawres/Page_Prendre_Mesure_Formulaire/btn_radio_Poursuite_Procedure_Expulsion_Oui' located by 'By.xpath: //*[@id="radio-poursuite-procedure-expulsion-comex"]/div/fieldset//label[contains(text(),'Oui')]' in '100' second(s)

14-02-2025T14:29:41 - [MESSAGE][INFO] - Found 1 web elements with id: 'Object Repository/ANEF_Eloignement_V_Nawres/Page_Prendre_Mesure_Formulaire/btn_radio_Poursuite_Procedure_Expulsion_Oui' located by 'By.xpath: //*[@id="radio-poursuite-procedure-expulsion-comex"]/div/fieldset//label[contains(text(),'Oui')]' in '100' second(s)

14-02-2025T14:29:41 - [MESSAGE][INFO] - Clicking on object: 'Object Repository/ANEF_Eloignement_V_Nawres/Page_Prendre_Mesure_Formulaire/btn_radio_Poursuite_Procedure_Expulsion_Oui'

14-02-2025T14:29:42 - [MESSAGE][PASSED] - Object: 'Object Repository/ANEF_Eloignement_V_Nawres/Page_Prendre_Mesure_Formulaire/btn_radio_Poursuite_Procedure_Expulsion_Oui' is clicked on

14-02-2025T14:29:42 - [TEST_STEP][PASSED] - delay(5): Delayed 5 second(s)

14-02-2025T14:29:42 - [MESSAGE][INFO] - Delaying browser in 5 second(s)

14-02-2025T14:29:47 - [MESSAGE][PASSED] - Delayed 5 second(s)

14-02-2025T14:29:47 - [TEST_STEP][PASSED] - scrollToElement(findTestObject("Object Repository/ANEF_Eloignement_V_Nawres/Page_Prendre_Mesure_Formulaire/select_Pays_De_Renvoi"), 10): Scroll to object 'Object Repository/ANEF_Eloignement_V_Nawres/Page_Prendre_Mesure_Formulaire/select_Pays_De_Renvoi' successfully

14-02-2025T14:29:47 - [MESSAGE][INFO] - Finding Test Object 'Object Repository/ANEF_Eloignement_V_Nawres/Page_Prendre_Mesure_Formulaire/select_Pays_De_Renvoi'

14-02-2025T14:29:47 - [MESSAGE][INFO] - Checking object

14-02-2025T14:29:47 - [MESSAGE][INFO] - Checking timeout

14-02-2025T14:29:47 - [MESSAGE][INFO] - Finding web element from Test Object's properties

14-02-2025T14:29:47 - [MESSAGE][INFO] - Checking timeout

14-02-2025T14:29:47 - [MESSAGE][INFO] - Finding web element with id: 'Object Repository/ANEF_Eloignement_V_Nawres/Page_Prendre_Mesure_Formulaire/select_Pays_De_Renvoi' located by 'By.xpath: //select[@name="pays"]' in '100' second(s)

14-02-2025T14:29:47 - [MESSAGE][INFO] - Found 1 web elements with id: 'Object Repository/ANEF_Eloignement_V_Nawres/Page_Prendre_Mesure_Formulaire/select_Pays_De_Renvoi' located by 'By.xpath: //select[@name="pays"]' in '100' second(s)

14-02-2025T14:29:47 - [MESSAGE][INFO] - Scrolling to object 'Object Repository/ANEF_Eloignement_V_Nawres/Page_Prendre_Mesure_Formulaire/select_Pays_De_Renvoi'

14-02-2025T14:29:47 - [MESSAGE][PASSED] - Scroll to object 'Object Repository/ANEF_Eloignement_V_Nawres/Page_Prendre_Mesure_Formulaire/select_Pays_De_Renvoi' successfully

14-02-2025T14:29:47 - [TEST_STEP][PASSED] - verifyElementClickable(findTestObject("Object Repository/ANEF_Eloignement_V_Nawres/Page_Prendre_Mesure_Formulaire/select_Pays_De_Renvoi")): Object 'Object Repository/ANEF_Eloignement_V_Nawres/Page_Prendre_Mesure_Formulaire/select_Pays_De_Renvoi' is clickable

14-02-2025T14:29:47 - [MESSAGE][INFO] - Finding Test Object 'Object Repository/ANEF_Eloignement_V_Nawres/Page_Prendre_Mesure_Formulaire/select_Pays_De_Renvoi'

14-02-2025T14:29:47 - [MESSAGE][INFO] - Checking object

14-02-2025T14:29:47 - [MESSAGE][INFO] - Finding web element from Test Object's properties

14-02-2025T14:29:47 - [MESSAGE][INFO] - Checking timeout

14-02-2025T14:29:47 - [MESSAGE][INFO] - Finding web element with id: 'Object Repository/ANEF_Eloignement_V_Nawres/Page_Prendre_Mesure_Formulaire/select_Pays_De_Renvoi' located by 'By.xpath: //select[@name="pays"]' in '100' second(s)

14-02-2025T14:29:47 - [MESSAGE][INFO] - Found 1 web elements with id: 'Object Repository/ANEF_Eloignement_V_Nawres/Page_Prendre_Mesure_Formulaire/select_Pays_De_Renvoi' located by 'By.xpath: //select[@name="pays"]' in '100' second(s)

14-02-2025T14:29:47 - [MESSAGE][PASSED] - Object 'Object Repository/ANEF_Eloignement_V_Nawres/Page_Prendre_Mesure_Formulaire/select_Pays_De_Renvoi' is clickable

14-02-2025T14:29:47 - [TEST_STEP][PASSED] - verifyElementClickable(findTestObject("Object Repository/ANEF_Eloignement_V_Nawres/Page_Prendre_Mesure_Formulaire/select_Auteur_Decision")): Object 'Object Repository/ANEF_Eloignement_V_Nawres/Page_Prendre_Mesure_Formulaire/select_Auteur_Decision' is clickable

14-02-2025T14:29:47 - [MESSAGE][INFO] - Finding Test Object 'Object Repository/ANEF_Eloignement_V_Nawres/Page_Prendre_Mesure_Formulaire/select_Auteur_Decision'

14-02-2025T14:29:47 - [MESSAGE][INFO] - Checking object

14-02-2025T14:29:47 - [MESSAGE][INFO] - Finding web element from Test Object's properties

14-02-2025T14:29:47 - [MESSAGE][INFO] - Checking timeout

14-02-2025T14:29:47 - [MESSAGE][INFO] - Finding web element with id: 'Object Repository/ANEF_Eloignement_V_Nawres/Page_Prendre_Mesure_Formulaire/select_Auteur_Decision' located by 'By.xpath: //select[@name="site_gestionnaire"]' in '100' second(s)

14-02-2025T14:29:47 - [MESSAGE][INFO] - Found 1 web elements with id: 'Object Repository/ANEF_Eloignement_V_Nawres/Page_Prendre_Mesure_Formulaire/select_Auteur_Decision' located by 'By.xpath: //select[@name="site_gestionnaire"]' in '100' second(s)

14-02-2025T14:29:47 - [MESSAGE][PASSED] - Object 'Object Repository/ANEF_Eloignement_V_Nawres/Page_Prendre_Mesure_Formulaire/select_Auteur_Decision' is clickable

14-02-2025T14:29:47 - [TEST_STEP][PASSED] - if (UrgenceAbsolueExpulsion == "Oui"): null

14-02-2025T14:29:47 - [TEST_STEP][PASSED] - NumberUsagerRandom = tools.MyStringTools.getRandomNumber(10, 99): tools.MyStringTools.getRandomNumber is PASSED

14-02-2025T14:29:47 - [MESSAGE][PASSED] - tools.MyStringTools.getRandomNumber is PASSED

14-02-2025T14:29:47 - [TEST_STEP][PASSED] - println(NumberUsagerRandom): null

14-02-2025T14:29:47 - [TEST_STEP][PASSED] - RandomNumber = NumberUsagerRandom.toString(): null

14-02-2025T14:29:47 - [TEST_STEP][PASSED] - if (Mesure == "OQTF"): null

14-02-2025T14:29:47 - [TEST_STEP][PASSED] - if (Mesure == "RemiseSchengen"): null

14-02-2025T14:29:47 - [TEST_STEP][PASSED] - RandomNumber = tools.MyStringTools.getRandomNumber(1, 30): tools.MyStringTools.getRandomNumber is PASSED

14-02-2025T14:29:47 - [MESSAGE][PASSED] - tools.MyStringTools.getRandomNumber is PASSED

14-02-2025T14:29:47 - [TEST_STEP][PASSED] - println(RandomNumber): null

14-02-2025T14:29:47 - [TEST_STEP][PASSED] - RandomNumberSelect = RandomNumber.toString(): null

14-02-2025T14:29:47 - [TEST_STEP][PASSED] - if (Mesure == "TransfertDublin"): null

14-02-2025T14:29:47 - [TEST_STEP][PASSED] - if (Mesure == "ExecutionFicheSIS"): null

14-02-2025T14:29:47 - [TEST_STEP][PASSED] - if (Mesure == "IAT"): null

14-02-2025T14:29:47 - [TEST_STEP][PASSED] - if (Mesure == "ITF"): null

14-02-2025T14:29:47 - [TEST_STEP][PASSED] - click(findTestObject("Object Repository/ANEF_Eloignement_V_Nawres/Page_Prendre_Mesure_Formulaire/btn_Enregistrer"), STOP_ON_FAILURE): Object: 'Object Repository/ANEF_Eloignement_V_Nawres/Page_Prendre_Mesure_Formulaire/btn_Enregistrer' is clicked on

14-02-2025T14:29:47 - [MESSAGE][INFO] - Finding Test Object 'Object Repository/ANEF_Eloignement_V_Nawres/Page_Prendre_Mesure_Formulaire/btn_Enregistrer'

14-02-2025T14:29:47 - [MESSAGE][INFO] - Checking timeout

14-02-2025T14:29:47 - [MESSAGE][INFO] - Finding web element with id: 'Object Repository/ANEF_Eloignement_V_Nawres/Page_Prendre_Mesure_Formulaire/btn_Enregistrer' located by 'By.xpath: //button[contains(text(),"Enregistrer")]' in '20' second(s)

14-02-2025T14:29:47 - [MESSAGE][INFO] - Found 1 web elements with id: 'Object Repository/ANEF_Eloignement_V_Nawres/Page_Prendre_Mesure_Formulaire/btn_Enregistrer' located by 'By.xpath: //button[contains(text(),"Enregistrer")]' in '20' second(s)

14-02-2025T14:29:47 - [MESSAGE][INFO] - Checking object

14-02-2025T14:29:47 - [MESSAGE][INFO] - Checking timeout

14-02-2025T14:29:47 - [MESSAGE][INFO] - Finding web element from Test Object's properties

14-02-2025T14:29:47 - [MESSAGE][INFO] - Checking timeout

14-02-2025T14:29:47 - [MESSAGE][INFO] - Finding web element with id: 'Object Repository/ANEF_Eloignement_V_Nawres/Page_Prendre_Mesure_Formulaire/btn_Enregistrer' located by 'By.xpath: //button[contains(text(),"Enregistrer")]' in '100' second(s)

14-02-2025T14:29:47 - [MESSAGE][INFO] - Found 1 web elements with id: 'Object Repository/ANEF_Eloignement_V_Nawres/Page_Prendre_Mesure_Formulaire/btn_Enregistrer' located by 'By.xpath: //button[contains(text(),"Enregistrer")]' in '100' second(s)

14-02-2025T14:29:47 - [MESSAGE][INFO] - Clicking on object: 'Object Repository/ANEF_Eloignement_V_Nawres/Page_Prendre_Mesure_Formulaire/btn_Enregistrer'

14-02-2025T14:29:48 - [MESSAGE][PASSED] - Object: 'Object Repository/ANEF_Eloignement_V_Nawres/Page_Prendre_Mesure_Formulaire/btn_Enregistrer' is clicked on

14-02-2025T14:29:48 - [MESSAGE][PASSED] - Call Test Case 'Test Cases/Test Reutilisable/Main/ANEF_Eloignement_V_Nawres/ANEF_Prendre_Mesure_Formulaire' successfully

14-02-2025T14:29:48 - [MESSAGE][PASSED] - Call Test Case 'Test Cases/Test Reutilisable/Main/ANEF_Eloignement_V_Nawres/ANEF_Prendre_Mesure' successfully

14-02-2025T14:29:48 - [TEST_STEP][PASSED] - callTestCase(findTestCase("Test Cases/Test Reutilisable/Main/ANEF_Eloignement_V_Nawres/ANEF_Ajouter_Decision"), ["ModeNotification":ModeNotification], STOP_ON_FAILURE): Call Test Case 'Test Cases/Test Reutilisable/Main/ANEF_Eloignement_V_Nawres/ANEF_Ajouter_Decision' successfully

14-02-2025T14:29:48 - [MESSAGE][INFO] - Checking called Test Case

14-02-2025T14:29:48 - [MESSAGE][INFO] - Starting to call Test Case 'Test Cases/Test Reutilisable/Main/ANEF_Eloignement_V_Nawres/ANEF_Ajouter_Decision'

14-02-2025T14:29:49 - [TEST_CASE][PASSED] - Test Cases/Test Reutilisable/Main/ANEF_Eloignement_V_Nawres/ANEF_Ajouter_Decision: Test Cases/Test Reutilisable/Main/ANEF_Eloignement_V_Nawres/ANEF_Ajouter_Decision

14-02-2025T14:29:49 - [TEST_STEP][PASSED] - calendar = Calendar.getInstance(): null

14-02-2025T14:29:49 - [TEST_STEP][PASSED] - currentDate = calendar.getTime(): null

14-02-2025T14:29:49 - [TEST_STEP][PASSED] - sdf = new java.text.SimpleDateFormat(dd/MM/yyyy): null

14-02-2025T14:29:49 - [TEST_STEP][PASSED] - formattedDate = sdf.format(currentDate): null

14-02-2025T14:29:49 - [TEST_STEP][PASSED] - DateActuelle = formattedDate.toString(): null

14-02-2025T14:29:49 - [TEST_STEP][PASSED] - println(DateActuelle): null

14-02-2025T14:29:49 - [TEST_STEP][PASSED] - waitForElementClickable(findTestObject("Object Repository/ANEF_Eloignement_V_Nawres/Page_Ajouter_Decision/btn_Ajouter_Decision"), 20, STOP_ON_FAILURE): Object 'Object Repository/ANEF_Eloignement_V_Nawres/Page_Ajouter_Decision/btn_Ajouter_Decision' is clickable

14-02-2025T14:29:49 - [MESSAGE][INFO] - Finding Test Object 'Object Repository/ANEF_Eloignement_V_Nawres/Page_Ajouter_Decision/btn_Ajouter_Decision'

14-02-2025T14:29:49 - [MESSAGE][INFO] - Checking object

14-02-2025T14:29:49 - [MESSAGE][INFO] - Checking timeout

14-02-2025T14:29:49 - [MESSAGE][INFO] - Finding web element from Test Object's properties

14-02-2025T14:29:49 - [MESSAGE][INFO] - Checking timeout

14-02-2025T14:29:49 - [MESSAGE][INFO] - Finding web element with id: 'Object Repository/ANEF_Eloignement_V_Nawres/Page_Ajouter_Decision/btn_Ajouter_Decision' located by 'By.xpath: //button[contains(text(),"Ajouter une dÃ©cision")]' in '20' second(s)

14-02-2025T14:29:49 - [MESSAGE][INFO] - Found 1 web elements with id: 'Object Repository/ANEF_Eloignement_V_Nawres/Page_Ajouter_Decision/btn_Ajouter_Decision' located by 'By.xpath: //button[contains(text(),"Ajouter une dÃ©cision")]' in '20' second(s)

14-02-2025T14:29:49 - [MESSAGE][PASSED] - Object 'Object Repository/ANEF_Eloignement_V_Nawres/Page_Ajouter_Decision/btn_Ajouter_Decision' is clickable

14-02-2025T14:29:49 - [TEST_STEP][PASSED] - click(findTestObject("Object Repository/ANEF_Eloignement_V_Nawres/Page_Ajouter_Decision/btn_Ajouter_Decision"), STOP_ON_FAILURE): Object: 'Object Repository/ANEF_Eloignement_V_Nawres/Page_Ajouter_Decision/btn_Ajouter_Decision' is clicked on

14-02-2025T14:29:49 - [MESSAGE][INFO] - Finding Test Object 'Object Repository/ANEF_Eloignement_V_Nawres/Page_Ajouter_Decision/btn_Ajouter_Decision'

14-02-2025T14:29:49 - [MESSAGE][INFO] - Checking timeout

14-02-2025T14:29:49 - [MESSAGE][INFO] - Finding web element with id: 'Object Repository/ANEF_Eloignement_V_Nawres/Page_Ajouter_Decision/btn_Ajouter_Decision' located by 'By.xpath: //button[contains(text(),"Ajouter une dÃ©cision")]' in '20' second(s)

14-02-2025T14:29:49 - [MESSAGE][INFO] - Found 1 web elements with id: 'Object Repository/ANEF_Eloignement_V_Nawres/Page_Ajouter_Decision/btn_Ajouter_Decision' located by 'By.xpath: //button[contains(text(),"Ajouter une dÃ©cision")]' in '20' second(s)

14-02-2025T14:29:49 - [MESSAGE][INFO] - Checking object

14-02-2025T14:29:49 - [MESSAGE][INFO] - Checking timeout

14-02-2025T14:29:49 - [MESSAGE][INFO] - Finding web element from Test Object's properties

14-02-2025T14:29:49 - [MESSAGE][INFO] - Checking timeout

14-02-2025T14:29:49 - [MESSAGE][INFO] - Finding web element with id: 'Object Repository/ANEF_Eloignement_V_Nawres/Page_Ajouter_Decision/btn_Ajouter_Decision' located by 'By.xpath: //button[contains(text(),"Ajouter une dÃ©cision")]' in '100' second(s)

14-02-2025T14:29:49 - [MESSAGE][INFO] - Found 1 web elements with id: 'Object Repository/ANEF_Eloignement_V_Nawres/Page_Ajouter_Decision/btn_Ajouter_Decision' located by 'By.xpath: //button[contains(text(),"Ajouter une dÃ©cision")]' in '100' second(s)

14-02-2025T14:29:49 - [MESSAGE][INFO] - Clicking on object: 'Object Repository/ANEF_Eloignement_V_Nawres/Page_Ajouter_Decision/btn_Ajouter_Decision'

14-02-2025T14:29:50 - [MESSAGE][PASSED] - Object: 'Object Repository/ANEF_Eloignement_V_Nawres/Page_Ajouter_Decision/btn_Ajouter_Decision' is clicked on

14-02-2025T14:29:50 - [TEST_STEP][PASSED] - scrollToElement(findTestObject("Object Repository/ANEF_Eloignement_V_Nawres/Page_Ajouter_Decision/btn_Confirmer_Ajout_Decision"), 5, STOP_ON_FAILURE): Scroll to object 'Object Repository/ANEF_Eloignement_V_Nawres/Page_Ajouter_Decision/btn_Confirmer_Ajout_Decision' successfully

14-02-2025T14:29:50 - [MESSAGE][INFO] - Finding Test Object 'Object Repository/ANEF_Eloignement_V_Nawres/Page_Ajouter_Decision/btn_Confirmer_Ajout_Decision'

14-02-2025T14:29:50 - [MESSAGE][INFO] - Checking object

14-02-2025T14:29:50 - [MESSAGE][INFO] - Checking timeout

14-02-2025T14:29:50 - [MESSAGE][INFO] - Finding web element from Test Object's properties

14-02-2025T14:29:50 - [MESSAGE][INFO] - Checking timeout

14-02-2025T14:29:50 - [MESSAGE][INFO] - Finding web element with id: 'Object Repository/ANEF_Eloignement_V_Nawres/Page_Ajouter_Decision/btn_Confirmer_Ajout_Decision' located by 'By.xpath: //button[contains(text()," Confirmer l'ajout")]' in '100' second(s)

14-02-2025T14:29:51 - [MESSAGE][INFO] - Found 1 web elements with id: 'Object Repository/ANEF_Eloignement_V_Nawres/Page_Ajouter_Decision/btn_Confirmer_Ajout_Decision' located by 'By.xpath: //button[contains(text()," Confirmer l'ajout")]' in '100' second(s)

14-02-2025T14:29:51 - [MESSAGE][INFO] - Scrolling to object 'Object Repository/ANEF_Eloignement_V_Nawres/Page_Ajouter_Decision/btn_Confirmer_Ajout_Decision'

14-02-2025T14:29:51 - [MESSAGE][PASSED] - Scroll to object 'Object Repository/ANEF_Eloignement_V_Nawres/Page_Ajouter_Decision/btn_Confirmer_Ajout_Decision' successfully

14-02-2025T14:29:51 - [TEST_STEP][PASSED] - click(findTestObject("Object Repository/ANEF_Eloignement_V_Nawres/Page_Ajouter_Decision/btn_Confirmer_Ajout_Decision"), STOP_ON_FAILURE): Object: 'Object Repository/ANEF_Eloignement_V_Nawres/Page_Ajouter_Decision/btn_Confirmer_Ajout_Decision' is clicked on

14-02-2025T14:29:51 - [MESSAGE][INFO] - Finding Test Object 'Object Repository/ANEF_Eloignement_V_Nawres/Page_Ajouter_Decision/btn_Confirmer_Ajout_Decision'

14-02-2025T14:29:51 - [MESSAGE][INFO] - Checking timeout

14-02-2025T14:29:51 - [MESSAGE][INFO] - Finding web element with id: 'Object Repository/ANEF_Eloignement_V_Nawres/Page_Ajouter_Decision/btn_Confirmer_Ajout_Decision' located by 'By.xpath: //button[contains(text()," Confirmer l'ajout")]' in '20' second(s)

14-02-2025T14:29:51 - [MESSAGE][INFO] - Found 1 web elements with id: 'Object Repository/ANEF_Eloignement_V_Nawres/Page_Ajouter_Decision/btn_Confirmer_Ajout_Decision' located by 'By.xpath: //button[contains(text()," Confirmer l'ajout")]' in '20' second(s)

14-02-2025T14:29:51 - [MESSAGE][INFO] - Checking object

14-02-2025T14:29:51 - [MESSAGE][INFO] - Checking timeout

14-02-2025T14:29:51 - [MESSAGE][INFO] - Finding web element from Test Object's properties

14-02-2025T14:29:51 - [MESSAGE][INFO] - Checking timeout

14-02-2025T14:29:51 - [MESSAGE][INFO] - Finding web element with id: 'Object Repository/ANEF_Eloignement_V_Nawres/Page_Ajouter_Decision/btn_Confirmer_Ajout_Decision' located by 'By.xpath: //button[contains(text()," Confirmer l'ajout")]' in '100' second(s)

14-02-2025T14:29:51 - [MESSAGE][INFO] - Found 1 web elements with id: 'Object Repository/ANEF_Eloignement_V_Nawres/Page_Ajouter_Decision/btn_Confirmer_Ajout_Decision' located by 'By.xpath: //button[contains(text()," Confirmer l'ajout")]' in '100' second(s)

14-02-2025T14:29:51 - [MESSAGE][INFO] - Clicking on object: 'Object Repository/ANEF_Eloignement_V_Nawres/Page_Ajouter_Decision/btn_Confirmer_Ajout_Decision'

14-02-2025T14:29:52 - [MESSAGE][PASSED] - Object: 'Object Repository/ANEF_Eloignement_V_Nawres/Page_Ajouter_Decision/btn_Confirmer_Ajout_Decision' is clicked on

14-02-2025T14:29:52 - [TEST_STEP][PASSED] - waitForElementClickable(findTestObject("Object Repository/ANEF_Eloignement_V_Nawres/Page_Ajouter_Decision/btn_Confirmer_Notification"), 20, STOP_ON_FAILURE): Object 'Object Repository/ANEF_Eloignement_V_Nawres/Page_Ajouter_Decision/btn_Confirmer_Notification' is clickable

14-02-2025T14:29:52 - [MESSAGE][INFO] - Finding Test Object 'Object Repository/ANEF_Eloignement_V_Nawres/Page_Ajouter_Decision/btn_Confirmer_Notification'

14-02-2025T14:29:52 - [MESSAGE][INFO] - Checking object

14-02-2025T14:29:52 - [MESSAGE][INFO] - Checking timeout

14-02-2025T14:29:52 - [MESSAGE][INFO] - Finding web element from Test Object's properties

14-02-2025T14:29:52 - [MESSAGE][INFO] - Checking timeout

14-02-2025T14:29:52 - [MESSAGE][INFO] - Finding web element with id: 'Object Repository/ANEF_Eloignement_V_Nawres/Page_Ajouter_Decision/btn_Confirmer_Notification' located by 'By.xpath: //button[contains(text(),"Confirmer la notification")]' in '20' second(s)

14-02-2025T14:29:52 - [MESSAGE][INFO] - Found 1 web elements with id: 'Object Repository/ANEF_Eloignement_V_Nawres/Page_Ajouter_Decision/btn_Confirmer_Notification' located by 'By.xpath: //button[contains(text(),"Confirmer la notification")]' in '20' second(s)

14-02-2025T14:29:52 - [MESSAGE][PASSED] - Object 'Object Repository/ANEF_Eloignement_V_Nawres/Page_Ajouter_Decision/btn_Confirmer_Notification' is clickable

14-02-2025T14:29:52 - [TEST_STEP][PASSED] - click(findTestObject("Object Repository/ANEF_Eloignement_V_Nawres/Page_Ajouter_Decision/btn_Confirmer_Notification"), STOP_ON_FAILURE): Object: 'Object Repository/ANEF_Eloignement_V_Nawres/Page_Ajouter_Decision/btn_Confirmer_Notification' is clicked on

14-02-2025T14:29:52 - [MESSAGE][INFO] - Finding Test Object 'Object Repository/ANEF_Eloignement_V_Nawres/Page_Ajouter_Decision/btn_Confirmer_Notification'

14-02-2025T14:29:52 - [MESSAGE][INFO] - Checking timeout

14-02-2025T14:29:52 - [MESSAGE][INFO] - Finding web element with id: 'Object Repository/ANEF_Eloignement_V_Nawres/Page_Ajouter_Decision/btn_Confirmer_Notification' located by 'By.xpath: //button[contains(text(),"Confirmer la notification")]' in '20' second(s)

14-02-2025T14:29:52 - [MESSAGE][INFO] - Found 1 web elements with id: 'Object Repository/ANEF_Eloignement_V_Nawres/Page_Ajouter_Decision/btn_Confirmer_Notification' located by 'By.xpath: //button[contains(text(),"Confirmer la notification")]' in '20' second(s)

14-02-2025T14:29:52 - [MESSAGE][INFO] - Checking object

14-02-2025T14:29:52 - [MESSAGE][INFO] - Checking timeout

14-02-2025T14:29:52 - [MESSAGE][INFO] - Finding web element from Test Object's properties

14-02-2025T14:29:52 - [MESSAGE][INFO] - Checking timeout

14-02-2025T14:29:52 - [MESSAGE][INFO] - Finding web element with id: 'Object Repository/ANEF_Eloignement_V_Nawres/Page_Ajouter_Decision/btn_Confirmer_Notification' located by 'By.xpath: //button[contains(text(),"Confirmer la notification")]' in '100' second(s)

14-02-2025T14:29:52 - [MESSAGE][INFO] - Found 1 web elements with id: 'Object Repository/ANEF_Eloignement_V_Nawres/Page_Ajouter_Decision/btn_Confirmer_Notification' located by 'By.xpath: //button[contains(text(),"Confirmer la notification")]' in '100' second(s)

14-02-2025T14:29:52 - [MESSAGE][INFO] - Clicking on object: 'Object Repository/ANEF_Eloignement_V_Nawres/Page_Ajouter_Decision/btn_Confirmer_Notification'

14-02-2025T14:29:54 - [MESSAGE][PASSED] - Object: 'Object Repository/ANEF_Eloignement_V_Nawres/Page_Ajouter_Decision/btn_Confirmer_Notification' is clicked on

14-02-2025T14:29:54 - [TEST_STEP][PASSED] - selectOptionByLabel(findTestObject("Object Repository/ANEF_Eloignement_V_Nawres/Page_Ajouter_Decision/select_Mode_Notification"), ModeNotification, false, STOP_ON_FAILURE): All options with label 'Voie administrative' are selected in object 'Object Repository/ANEF_Eloignement_V_Nawres/Page_Ajouter_Decision/select_Mode_Notification' 

14-02-2025T14:29:54 - [MESSAGE][INFO] - Finding Test Object 'Object Repository/ANEF_Eloignement_V_Nawres/Page_Ajouter_Decision/select_Mode_Notification'

14-02-2025T14:29:54 - [MESSAGE][INFO] - Checking timeout

14-02-2025T14:29:54 - [MESSAGE][INFO] - Finding web element with id: 'Object Repository/ANEF_Eloignement_V_Nawres/Page_Ajouter_Decision/select_Mode_Notification' located by 'By.xpath: //app-notification-modal//form//app-dsfr-select/div/select[@id="mode_notification"]' in '20' second(s)

14-02-2025T14:29:54 - [MESSAGE][INFO] - Found 1 web elements with id: 'Object Repository/ANEF_Eloignement_V_Nawres/Page_Ajouter_Decision/select_Mode_Notification' located by 'By.xpath: //app-notification-modal//form//app-dsfr-select/div/select[@id="mode_notification"]' in '20' second(s)

14-02-2025T14:29:54 - [MESSAGE][INFO] - Checking object

14-02-2025T14:29:54 - [MESSAGE][INFO] - Checking label parameter

14-02-2025T14:29:54 - [MESSAGE][INFO] - Finding web element from Test Object's properties

14-02-2025T14:29:54 - [MESSAGE][INFO] - Checking timeout

14-02-2025T14:29:54 - [MESSAGE][INFO] - Finding web element with id: 'Object Repository/ANEF_Eloignement_V_Nawres/Page_Ajouter_Decision/select_Mode_Notification' located by 'By.xpath: //app-notification-modal//form//app-dsfr-select/div/select[@id="mode_notification"]' in '100' second(s)

14-02-2025T14:29:54 - [MESSAGE][INFO] - Found 1 web elements with id: 'Object Repository/ANEF_Eloignement_V_Nawres/Page_Ajouter_Decision/select_Mode_Notification' located by 'By.xpath: //app-notification-modal//form//app-dsfr-select/div/select[@id="mode_notification"]' in '100' second(s)

14-02-2025T14:29:54 - [MESSAGE][INFO] - Selecting options on object 'Object Repository/ANEF_Eloignement_V_Nawres/Page_Ajouter_Decision/select_Mode_Notification' with label 'Voie administrative' 

14-02-2025T14:29:55 - [MESSAGE][PASSED] - All options with label 'Voie administrative' are selected in object 'Object Repository/ANEF_Eloignement_V_Nawres/Page_Ajouter_Decision/select_Mode_Notification' 

14-02-2025T14:29:55 - [TEST_STEP][PASSED] - setText(findTestObject("Object Repository/ANEF_Eloignement_V_Nawres/Page_Ajouter_Decision/input_Date_Notification"), DateActuelle, STOP_ON_FAILURE): Text '14/02/2025' is set on object 'Object Repository/ANEF_Eloignement_V_Nawres/Page_Ajouter_Decision/input_Date_Notification'

14-02-2025T14:29:55 - [MESSAGE][INFO] - Finding Test Object 'Object Repository/ANEF_Eloignement_V_Nawres/Page_Ajouter_Decision/input_Date_Notification'

14-02-2025T14:29:55 - [MESSAGE][INFO] - Checking timeout

14-02-2025T14:29:55 - [MESSAGE][INFO] - Finding web element with id: 'Object Repository/ANEF_Eloignement_V_Nawres/Page_Ajouter_Decision/input_Date_Notification' located by 'By.xpath: //app-notification-modal//form//app-dsfr-input/div/input[@name="date_notification"]' in '20' second(s)

14-02-2025T14:29:55 - [MESSAGE][INFO] - Found 1 web elements with id: 'Object Repository/ANEF_Eloignement_V_Nawres/Page_Ajouter_Decision/input_Date_Notification' located by 'By.xpath: //app-notification-modal//form//app-dsfr-input/div/input[@name="date_notification"]' in '20' second(s)

14-02-2025T14:29:55 - [MESSAGE][INFO] - Checking object

14-02-2025T14:29:55 - [MESSAGE][INFO] - Checking text

14-02-2025T14:29:55 - [MESSAGE][INFO] - Finding web element from Test Object's properties

14-02-2025T14:29:55 - [MESSAGE][INFO] - Checking timeout

14-02-2025T14:29:55 - [MESSAGE][INFO] - Finding web element with id: 'Object Repository/ANEF_Eloignement_V_Nawres/Page_Ajouter_Decision/input_Date_Notification' located by 'By.xpath: //app-notification-modal//form//app-dsfr-input/div/input[@name="date_notification"]' in '100' second(s)

14-02-2025T14:29:55 - [MESSAGE][INFO] - Found 1 web elements with id: 'Object Repository/ANEF_Eloignement_V_Nawres/Page_Ajouter_Decision/input_Date_Notification' located by 'By.xpath: //app-notification-modal//form//app-dsfr-input/div/input[@name="date_notification"]' in '100' second(s)

14-02-2025T14:29:55 - [MESSAGE][INFO] - Clearing text of object 'Object Repository/ANEF_Eloignement_V_Nawres/Page_Ajouter_Decision/input_Date_Notification'

14-02-2025T14:29:56 - [MESSAGE][INFO] - Finding web element from Test Object's properties

14-02-2025T14:29:56 - [MESSAGE][INFO] - Checking timeout

14-02-2025T14:29:56 - [MESSAGE][INFO] - Finding web element with id: 'Object Repository/ANEF_Eloignement_V_Nawres/Page_Ajouter_Decision/input_Date_Notification' located by 'By.xpath: //app-notification-modal//form//app-dsfr-input/div/input[@name="date_notification"]' in '100' second(s)

14-02-2025T14:29:56 - [MESSAGE][INFO] - Found 1 web elements with id: 'Object Repository/ANEF_Eloignement_V_Nawres/Page_Ajouter_Decision/input_Date_Notification' located by 'By.xpath: //app-notification-modal//form//app-dsfr-input/div/input[@name="date_notification"]' in '100' second(s)

14-02-2025T14:29:56 - [MESSAGE][INFO] - Setting text of object 'Object Repository/ANEF_Eloignement_V_Nawres/Page_Ajouter_Decision/input_Date_Notification' to value '14/02/2025'

14-02-2025T14:29:57 - [MESSAGE][PASSED] - Text '14/02/2025' is set on object 'Object Repository/ANEF_Eloignement_V_Nawres/Page_Ajouter_Decision/input_Date_Notification'

14-02-2025T14:29:57 - [TEST_STEP][PASSED] - if (ModeNotification == "Voie administrative"): Text '14:30' is set on object 'Object Repository/ANEF_Eloignement_V_Nawres/Page_Ajouter_Decision/input_Heure_Notification'

14-02-2025T14:29:57 - [TEST_STEP][PASSED] - setText(findTestObject("Object Repository/ANEF_Eloignement_V_Nawres/Page_Ajouter_Decision/input_Heure_Notification"), "14:30", STOP_ON_FAILURE): Text '14:30' is set on object 'Object Repository/ANEF_Eloignement_V_Nawres/Page_Ajouter_Decision/input_Heure_Notification'

14-02-2025T14:29:57 - [MESSAGE][INFO] - Finding Test Object 'Object Repository/ANEF_Eloignement_V_Nawres/Page_Ajouter_Decision/input_Heure_Notification'

14-02-2025T14:29:57 - [MESSAGE][INFO] - Checking timeout

14-02-2025T14:29:57 - [MESSAGE][INFO] - Finding web element with id: 'Object Repository/ANEF_Eloignement_V_Nawres/Page_Ajouter_Decision/input_Heure_Notification' located by 'By.xpath: //app-notification-modal//form//app-dsfr-input/div/input[@id="heure_notification"]' in '20' second(s)

14-02-2025T14:29:57 - [MESSAGE][INFO] - Found 1 web elements with id: 'Object Repository/ANEF_Eloignement_V_Nawres/Page_Ajouter_Decision/input_Heure_Notification' located by 'By.xpath: //app-notification-modal//form//app-dsfr-input/div/input[@id="heure_notification"]' in '20' second(s)

14-02-2025T14:29:57 - [MESSAGE][INFO] - Checking object

14-02-2025T14:29:57 - [MESSAGE][INFO] - Checking text

14-02-2025T14:29:57 - [MESSAGE][INFO] - Finding web element from Test Object's properties

14-02-2025T14:29:57 - [MESSAGE][INFO] - Checking timeout

14-02-2025T14:29:57 - [MESSAGE][INFO] - Finding web element with id: 'Object Repository/ANEF_Eloignement_V_Nawres/Page_Ajouter_Decision/input_Heure_Notification' located by 'By.xpath: //app-notification-modal//form//app-dsfr-input/div/input[@id="heure_notification"]' in '100' second(s)

14-02-2025T14:29:57 - [MESSAGE][INFO] - Found 1 web elements with id: 'Object Repository/ANEF_Eloignement_V_Nawres/Page_Ajouter_Decision/input_Heure_Notification' located by 'By.xpath: //app-notification-modal//form//app-dsfr-input/div/input[@id="heure_notification"]' in '100' second(s)

14-02-2025T14:29:57 - [MESSAGE][INFO] - Clearing text of object 'Object Repository/ANEF_Eloignement_V_Nawres/Page_Ajouter_Decision/input_Heure_Notification'

14-02-2025T14:29:58 - [MESSAGE][INFO] - Finding web element from Test Object's properties

14-02-2025T14:29:58 - [MESSAGE][INFO] - Checking timeout

14-02-2025T14:29:58 - [MESSAGE][INFO] - Finding web element with id: 'Object Repository/ANEF_Eloignement_V_Nawres/Page_Ajouter_Decision/input_Heure_Notification' located by 'By.xpath: //app-notification-modal//form//app-dsfr-input/div/input[@id="heure_notification"]' in '100' second(s)

14-02-2025T14:29:58 - [MESSAGE][INFO] - Found 1 web elements with id: 'Object Repository/ANEF_Eloignement_V_Nawres/Page_Ajouter_Decision/input_Heure_Notification' located by 'By.xpath: //app-notification-modal//form//app-dsfr-input/div/input[@id="heure_notification"]' in '100' second(s)

14-02-2025T14:29:58 - [MESSAGE][INFO] - Setting text of object 'Object Repository/ANEF_Eloignement_V_Nawres/Page_Ajouter_Decision/input_Heure_Notification' to value '14:30'

14-02-2025T14:29:59 - [MESSAGE][PASSED] - Text '14:30' is set on object 'Object Repository/ANEF_Eloignement_V_Nawres/Page_Ajouter_Decision/input_Heure_Notification'

14-02-2025T14:29:59 - [TEST_STEP][PASSED] - uploadFile(findTestObject("Object Repository/ANEF_Eloignement_V_Nawres/Page_Ajouter_Decision/input_Ajouter_Fichier_Notification"), getProjectDir() + "/Data Files/Fichier_Test.pdf"): File 'C:/Users/nbenjemi/Katalon Studio/ANEF-ELOIGNEMENT-20250121/ANEF-ELOIGNEMENT-20250121/Data Files/Fichier_Test.pdf' sent to object: 'Object Repository/ANEF_Eloignement_V_Nawres/Page_Ajouter_Decision/input_Ajouter_Fichier_Notification'

14-02-2025T14:29:59 - [MESSAGE][INFO] - Finding Test Object 'Object Repository/ANEF_Eloignement_V_Nawres/Page_Ajouter_Decision/input_Ajouter_Fichier_Notification'

14-02-2025T14:30:00 - [MESSAGE][INFO] - Checking object

14-02-2025T14:30:00 - [MESSAGE][INFO] - Uploading file 'C:/Users/nbenjemi/Katalon Studio/ANEF-ELOIGNEMENT-20250121/ANEF-ELOIGNEMENT-20250121/Data Files/Fichier_Test.pdf' to object: 'Object Repository/ANEF_Eloignement_V_Nawres/Page_Ajouter_Decision/input_Ajouter_Fichier_Notification'

14-02-2025T14:30:00 - [MESSAGE][INFO] - Finding web element from Test Object's properties

14-02-2025T14:30:00 - [MESSAGE][INFO] - Checking timeout

14-02-2025T14:30:00 - [MESSAGE][INFO] - Finding web element with id: 'Object Repository/ANEF_Eloignement_V_Nawres/Page_Ajouter_Decision/input_Ajouter_Fichier_Notification' located by 'By.xpath: //app-notification-modal//form//app-dsfr-piece-jointe//input' in '100' second(s)

14-02-2025T14:30:00 - [MESSAGE][INFO] - Found 1 web elements with id: 'Object Repository/ANEF_Eloignement_V_Nawres/Page_Ajouter_Decision/input_Ajouter_Fichier_Notification' located by 'By.xpath: //app-notification-modal//form//app-dsfr-piece-jointe//input' in '100' second(s)

14-02-2025T14:30:01 - [MESSAGE][PASSED] - File 'C:/Users/nbenjemi/Katalon Studio/ANEF-ELOIGNEMENT-20250121/ANEF-ELOIGNEMENT-20250121/Data Files/Fichier_Test.pdf' sent to object: 'Object Repository/ANEF_Eloignement_V_Nawres/Page_Ajouter_Decision/input_Ajouter_Fichier_Notification'

14-02-2025T14:30:01 - [TEST_STEP][PASSED] - scrollToElement(findTestObject("Object Repository/ANEF_Eloignement_V_Nawres/Page_Ajouter_Decision/btn_Confirmer_Ajout_Notification"), 5, STOP_ON_FAILURE): Scroll to object 'Object Repository/ANEF_Eloignement_V_Nawres/Page_Ajouter_Decision/btn_Confirmer_Ajout_Notification' successfully

14-02-2025T14:30:01 - [MESSAGE][INFO] - Finding Test Object 'Object Repository/ANEF_Eloignement_V_Nawres/Page_Ajouter_Decision/btn_Confirmer_Ajout_Notification'

14-02-2025T14:30:01 - [MESSAGE][INFO] - Checking object

14-02-2025T14:30:01 - [MESSAGE][INFO] - Checking timeout

14-02-2025T14:30:01 - [MESSAGE][INFO] - Finding web element from Test Object's properties

14-02-2025T14:30:01 - [MESSAGE][INFO] - Checking timeout

14-02-2025T14:30:01 - [MESSAGE][INFO] - Finding web element with id: 'Object Repository/ANEF_Eloignement_V_Nawres/Page_Ajouter_Decision/btn_Confirmer_Ajout_Notification' located by 'By.xpath: //app-notification-modal//button[contains(text(),"Confirmer l'ajout")]' in '100' second(s)

14-02-2025T14:30:01 - [MESSAGE][INFO] - Found 1 web elements with id: 'Object Repository/ANEF_Eloignement_V_Nawres/Page_Ajouter_Decision/btn_Confirmer_Ajout_Notification' located by 'By.xpath: //app-notification-modal//button[contains(text(),"Confirmer l'ajout")]' in '100' second(s)

14-02-2025T14:30:01 - [MESSAGE][INFO] - Scrolling to object 'Object Repository/ANEF_Eloignement_V_Nawres/Page_Ajouter_Decision/btn_Confirmer_Ajout_Notification'

14-02-2025T14:30:01 - [MESSAGE][PASSED] - Scroll to object 'Object Repository/ANEF_Eloignement_V_Nawres/Page_Ajouter_Decision/btn_Confirmer_Ajout_Notification' successfully

14-02-2025T14:30:01 - [TEST_STEP][PASSED] - click(findTestObject("Object Repository/ANEF_Eloignement_V_Nawres/Page_Ajouter_Decision/btn_Confirmer_Ajout_Notification"), STOP_ON_FAILURE): Object: 'Object Repository/ANEF_Eloignement_V_Nawres/Page_Ajouter_Decision/btn_Confirmer_Ajout_Notification' is clicked on

14-02-2025T14:30:01 - [MESSAGE][INFO] - Finding Test Object 'Object Repository/ANEF_Eloignement_V_Nawres/Page_Ajouter_Decision/btn_Confirmer_Ajout_Notification'

14-02-2025T14:30:01 - [MESSAGE][INFO] - Checking timeout

14-02-2025T14:30:01 - [MESSAGE][INFO] - Finding web element with id: 'Object Repository/ANEF_Eloignement_V_Nawres/Page_Ajouter_Decision/btn_Confirmer_Ajout_Notification' located by 'By.xpath: //app-notification-modal//button[contains(text(),"Confirmer l'ajout")]' in '20' second(s)

14-02-2025T14:30:01 - [MESSAGE][INFO] - Found 1 web elements with id: 'Object Repository/ANEF_Eloignement_V_Nawres/Page_Ajouter_Decision/btn_Confirmer_Ajout_Notification' located by 'By.xpath: //app-notification-modal//button[contains(text(),"Confirmer l'ajout")]' in '20' second(s)

14-02-2025T14:30:01 - [MESSAGE][INFO] - Checking object

14-02-2025T14:30:01 - [MESSAGE][INFO] - Checking timeout

14-02-2025T14:30:01 - [MESSAGE][INFO] - Finding web element from Test Object's properties

14-02-2025T14:30:01 - [MESSAGE][INFO] - Checking timeout

14-02-2025T14:30:01 - [MESSAGE][INFO] - Finding web element with id: 'Object Repository/ANEF_Eloignement_V_Nawres/Page_Ajouter_Decision/btn_Confirmer_Ajout_Notification' located by 'By.xpath: //app-notification-modal//button[contains(text(),"Confirmer l'ajout")]' in '100' second(s)

14-02-2025T14:30:01 - [MESSAGE][INFO] - Found 1 web elements with id: 'Object Repository/ANEF_Eloignement_V_Nawres/Page_Ajouter_Decision/btn_Confirmer_Ajout_Notification' located by 'By.xpath: //app-notification-modal//button[contains(text(),"Confirmer l'ajout")]' in '100' second(s)

14-02-2025T14:30:01 - [MESSAGE][INFO] - Clicking on object: 'Object Repository/ANEF_Eloignement_V_Nawres/Page_Ajouter_Decision/btn_Confirmer_Ajout_Notification'

14-02-2025T14:30:02 - [MESSAGE][PASSED] - Object: 'Object Repository/ANEF_Eloignement_V_Nawres/Page_Ajouter_Decision/btn_Confirmer_Ajout_Notification' is clicked on

14-02-2025T14:30:02 - [TEST_STEP][PASSED] - waitForElementClickable(findTestObject("Object Repository/ANEF_Eloignement_V_Nawres/Page_Ajouter_Decision/btn_Enregistrer"), 7, STOP_ON_FAILURE): Object 'Object Repository/ANEF_Eloignement_V_Nawres/Page_Ajouter_Decision/btn_Enregistrer' is clickable

14-02-2025T14:30:02 - [MESSAGE][INFO] - Finding Test Object 'Object Repository/ANEF_Eloignement_V_Nawres/Page_Ajouter_Decision/btn_Enregistrer'

14-02-2025T14:30:02 - [MESSAGE][INFO] - Checking object

14-02-2025T14:30:02 - [MESSAGE][INFO] - Checking timeout

14-02-2025T14:30:02 - [MESSAGE][INFO] - Finding web element from Test Object's properties

14-02-2025T14:30:02 - [MESSAGE][INFO] - Checking timeout

14-02-2025T14:30:02 - [MESSAGE][INFO] - Finding web element with id: 'Object Repository/ANEF_Eloignement_V_Nawres/Page_Ajouter_Decision/btn_Enregistrer' located by 'By.xpath: //button[contains(text(),"Enregistrer")]' in '7' second(s)

14-02-2025T14:30:02 - [MESSAGE][INFO] - Found 1 web elements with id: 'Object Repository/ANEF_Eloignement_V_Nawres/Page_Ajouter_Decision/btn_Enregistrer' located by 'By.xpath: //button[contains(text(),"Enregistrer")]' in '7' second(s)

14-02-2025T14:30:02 - [MESSAGE][PASSED] - Object 'Object Repository/ANEF_Eloignement_V_Nawres/Page_Ajouter_Decision/btn_Enregistrer' is clickable

14-02-2025T14:30:02 - [MESSAGE][PASSED] - Call Test Case 'Test Cases/Test Reutilisable/Main/ANEF_Eloignement_V_Nawres/ANEF_Ajouter_Decision' successfully

14-02-2025T14:30:04 - [TEST_STEP][PASSED] - Video: Video recording for test case 'Test Cases/Cas D Utilisations/ANEF_Eloignement_V_Nawres/TC_ANEF_Eloignement' .

14-02-2025T14:30:04 - [MESSAGE][INFO] - Video recording for test case 'Test Cases/Cas D Utilisations/ANEF_Eloignement_V_Nawres/TC_ANEF_Eloignement' .]]></system-out>
         <system-err><![CDATA[]]></system-err>
      </testcase>
      <testcase name="Test Cases/Cas D Utilisations/ANEF_Eloignement_V_Nawres/TC_ANEF_Eloignement" time="78.409" classname="Test Cases/Cas D Utilisations/ANEF_Eloignement_V_Nawres/TC_ANEF_Eloignement" status="PASSED">
         <system-out><![CDATA[14-02-2025T14:30:04 - [TEST_CASE][PASSED] - Test Cases/Cas D Utilisations/ANEF_Eloignement_V_Nawres/TC_ANEF_Eloignement: Test Cases/Cas D Utilisations/ANEF_Eloignement_V_Nawres/TC_ANEF_Eloignement

14-02-2025T14:30:04 - [TEST_STEP][PASSED] - callTestCase(findTestCase("Test Cases/Test Reutilisable/Main/ANEF_Eloignement_V_Nawres/ANEF_Lancer_URL_ANEF"), ["Profiles":Profiles, "EnvExec":EnvExec], STOP_ON_FAILURE): Call Test Case 'Test Cases/Test Reutilisable/Main/ANEF_Eloignement_V_Nawres/ANEF_Lancer_URL_ANEF' successfully

14-02-2025T14:30:04 - [MESSAGE][INFO] - Checking called Test Case

14-02-2025T14:30:04 - [MESSAGE][INFO] - Starting to call Test Case 'Test Cases/Test Reutilisable/Main/ANEF_Eloignement_V_Nawres/ANEF_Lancer_URL_ANEF'

14-02-2025T14:30:04 - [TEST_CASE][PASSED] - Test Cases/Test Reutilisable/Main/ANEF_Eloignement_V_Nawres/ANEF_Lancer_URL_ANEF: Test Cases/Test Reutilisable/Main/ANEF_Eloignement_V_Nawres/ANEF_Lancer_URL_ANEF

14-02-2025T14:30:04 - [TEST_STEP][PASSED] - "Call Highlight.on() automatically": null

14-02-2025T14:30:05 - [TEST_STEP][PASSED] - projDir = getProjectDir(): null

14-02-2025T14:30:05 - [TEST_STEP][PASSED] - RunBrowserConfiguration = getExecutionProperties(): null

14-02-2025T14:30:05 - [TEST_STEP][PASSED] - DriverName = get("WebUI").get("browserType"): null

14-02-2025T14:30:05 - [TEST_STEP][PASSED] - println("DriverName :" + DriverName): null

14-02-2025T14:30:05 - [TEST_STEP][PASSED] - println("Driverpath :" + RunBrowserConfiguration.get("drivers")): null

14-02-2025T14:30:05 - [TEST_STEP][PASSED] - if (Profiles == "Usager"): null

14-02-2025T14:30:05 - [TEST_STEP][PASSED] - if (Profiles == "Agent"): Current window maximized

14-02-2025T14:30:05 - [TEST_STEP][PASSED] - if (EnvExec == "URLPortailAgentQualif"): null

14-02-2025T14:30:05 - [TEST_STEP][PASSED] - if (EnvExec == "URLPortailAgentPreProd"): Browser is opened with url: 'https://preprod.siaef.dgef.interieur.gouv.fr/sejour/#/accueil'

14-02-2025T14:30:05 - [TEST_STEP][PASSED] - openBrowser(URLPortailAgentPreProd): Browser is opened with url: 'https://preprod.siaef.dgef.interieur.gouv.fr/sejour/#/accueil'

14-02-2025T14:30:05 - [MESSAGE][INFO] - Opening browser

14-02-2025T14:30:05 - [MESSAGE][WARNING] - A browser is already opened. Closing browser and opening a new one

14-02-2025T14:30:05 - [MESSAGE][INFO] - Starting 'Chrome' driver

14-02-2025T14:30:05 - [MESSAGE][INFO] - User set preference: ['args', '[--incognito, --disable-search-engine-choice-screen, --enable-automation, --disable-save-password-bubble, --start-maximized, --remote-allow-origins=*]']

14-02-2025T14:30:05 - [MESSAGE][INFO] - User set preference: ['prefs', '{download.default_directory=${GlobalVariable.downloadPath}, download_dir=${GlobalVariable.downloadPath}, download.prompt_for_download=false}']

14-02-2025T14:30:05 - [MESSAGE][INFO] - User set preference: ['loggingPrefs', '{browser=ALL}']

14-02-2025T14:30:05 - [MESSAGE][INFO] - Action delay is set to 1â€¯000 milliseconds

14-02-2025T14:30:07 - [MESSAGE][INFO] - Navigating browser to: 'https://preprod.siaef.dgef.interieur.gouv.fr/sejour/#/accueil'

14-02-2025T14:30:08 - [MESSAGE][PASSED] - Browser is opened with url: 'https://preprod.siaef.dgef.interieur.gouv.fr/sejour/#/accueil'

14-02-2025T14:30:08 - [TEST_STEP][PASSED] - maximizeWindow(): Current window maximized

14-02-2025T14:30:08 - [MESSAGE][INFO] - Maximizing current window

14-02-2025T14:30:09 - [MESSAGE][PASSED] - Current window maximized

14-02-2025T14:30:09 - [MESSAGE][PASSED] - Call Test Case 'Test Cases/Test Reutilisable/Main/ANEF_Eloignement_V_Nawres/ANEF_Lancer_URL_ANEF' successfully

14-02-2025T14:30:09 - [TEST_STEP][PASSED] - callTestCase(findTestCase("Test Cases/Test Reutilisable/Main/ANEF_Eloignement_V_Nawres/ANEF_Identification"), ["Profiles":Profiles, "IdentifiantAgent":IdentifiantAgent, "PwAgent":PwAgent, "EnvExec":EnvExec], STOP_ON_FAILURE): Call Test Case 'Test Cases/Test Reutilisable/Main/ANEF_Eloignement_V_Nawres/ANEF_Identification' successfully

14-02-2025T14:30:09 - [MESSAGE][INFO] - Checking called Test Case

14-02-2025T14:30:09 - [MESSAGE][INFO] - Starting to call Test Case 'Test Cases/Test Reutilisable/Main/ANEF_Eloignement_V_Nawres/ANEF_Identification'

14-02-2025T14:30:09 - [TEST_CASE][PASSED] - Test Cases/Test Reutilisable/Main/ANEF_Eloignement_V_Nawres/ANEF_Identification: Test Cases/Test Reutilisable/Main/ANEF_Eloignement_V_Nawres/ANEF_Identification

14-02-2025T14:30:09 - [TEST_STEP][PASSED] - com.kazurayam.ksbackyard.HighlightElement.pandemic(): com.kazurayam.ksbackyard.HighlightElement.pandemic is PASSED

14-02-2025T14:30:09 - [MESSAGE][PASSED] - com.kazurayam.ksbackyard.HighlightElement.pandemic is PASSED

14-02-2025T14:30:09 - [TEST_STEP][PASSED] - if (Profiles == "Usager"): null

14-02-2025T14:30:09 - [TEST_STEP][PASSED] - if (Profiles == "Agent"): Object: 'Object Repository/ANEF_Eloignement_V_Nawres/Page_ANEF_Connexion/btn_Valider_Conx_Agent' is clicked on

14-02-2025T14:30:09 - [TEST_STEP][PASSED] - if (EnvExec == "URLPortailAgentQualif"): null

14-02-2025T14:30:09 - [TEST_STEP][PASSED] - if (EnvExec == "URLPortailAgentPreProd"): Text 'Natali123456!' is set on object 'Object Repository/ANEF_Eloignement_V_Nawres/Page_ANEF_Connexion/Input_PasswordAgent'

14-02-2025T14:30:09 - [TEST_STEP][PASSED] - setText(findTestObject("Object Repository/ANEF_Eloignement_V_Nawres/Page_ANEF_Connexion/Input_UserNameAgent"), IdentifiantAgent): Text 'test.gpe+970@outlook.fr' is set on object 'Object Repository/ANEF_Eloignement_V_Nawres/Page_ANEF_Connexion/Input_UserNameAgent'

14-02-2025T14:30:09 - [MESSAGE][INFO] - Finding Test Object 'Object Repository/ANEF_Eloignement_V_Nawres/Page_ANEF_Connexion/Input_UserNameAgent'

14-02-2025T14:30:09 - [MESSAGE][INFO] - Checking timeout

14-02-2025T14:30:09 - [MESSAGE][INFO] - Finding web element with id: 'Object Repository/ANEF_Eloignement_V_Nawres/Page_ANEF_Connexion/Input_UserNameAgent' located by 'By.xpath: //*[@aria-labelledby="username-label"]|//*[@id="login"]' in '20' second(s)

14-02-2025T14:30:09 - [MESSAGE][INFO] - Found 1 web elements with id: 'Object Repository/ANEF_Eloignement_V_Nawres/Page_ANEF_Connexion/Input_UserNameAgent' located by 'By.xpath: //*[@aria-labelledby="username-label"]|//*[@id="login"]' in '20' second(s)

14-02-2025T14:30:09 - [MESSAGE][INFO] - Checking object

14-02-2025T14:30:09 - [MESSAGE][INFO] - Checking text

14-02-2025T14:30:09 - [MESSAGE][INFO] - Finding web element from Test Object's properties

14-02-2025T14:30:09 - [MESSAGE][INFO] - Checking timeout

14-02-2025T14:30:09 - [MESSAGE][INFO] - Finding web element with id: 'Object Repository/ANEF_Eloignement_V_Nawres/Page_ANEF_Connexion/Input_UserNameAgent' located by 'By.xpath: //*[@aria-labelledby="username-label"]|//*[@id="login"]' in '100' second(s)

14-02-2025T14:30:09 - [MESSAGE][INFO] - Found 1 web elements with id: 'Object Repository/ANEF_Eloignement_V_Nawres/Page_ANEF_Connexion/Input_UserNameAgent' located by 'By.xpath: //*[@aria-labelledby="username-label"]|//*[@id="login"]' in '100' second(s)

14-02-2025T14:30:09 - [MESSAGE][INFO] - Clearing text of object 'Object Repository/ANEF_Eloignement_V_Nawres/Page_ANEF_Connexion/Input_UserNameAgent'

14-02-2025T14:30:10 - [MESSAGE][INFO] - Finding web element from Test Object's properties

14-02-2025T14:30:10 - [MESSAGE][INFO] - Checking timeout

14-02-2025T14:30:10 - [MESSAGE][INFO] - Finding web element with id: 'Object Repository/ANEF_Eloignement_V_Nawres/Page_ANEF_Connexion/Input_UserNameAgent' located by 'By.xpath: //*[@aria-labelledby="username-label"]|//*[@id="login"]' in '100' second(s)

14-02-2025T14:30:10 - [MESSAGE][INFO] - Found 1 web elements with id: 'Object Repository/ANEF_Eloignement_V_Nawres/Page_ANEF_Connexion/Input_UserNameAgent' located by 'By.xpath: //*[@aria-labelledby="username-label"]|//*[@id="login"]' in '100' second(s)

14-02-2025T14:30:10 - [MESSAGE][INFO] - Setting text of object 'Object Repository/ANEF_Eloignement_V_Nawres/Page_ANEF_Connexion/Input_UserNameAgent' to value 'test.gpe+970@outlook.fr'

14-02-2025T14:30:11 - [MESSAGE][PASSED] - Text 'test.gpe+970@outlook.fr' is set on object 'Object Repository/ANEF_Eloignement_V_Nawres/Page_ANEF_Connexion/Input_UserNameAgent'

14-02-2025T14:30:11 - [TEST_STEP][PASSED] - setText(findTestObject("Object Repository/ANEF_Eloignement_V_Nawres/Page_ANEF_Connexion/Input_PasswordAgent"), PwAgent): Text 'Natali123456!' is set on object 'Object Repository/ANEF_Eloignement_V_Nawres/Page_ANEF_Connexion/Input_PasswordAgent'

14-02-2025T14:30:11 - [MESSAGE][INFO] - Finding Test Object 'Object Repository/ANEF_Eloignement_V_Nawres/Page_ANEF_Connexion/Input_PasswordAgent'

14-02-2025T14:30:11 - [MESSAGE][INFO] - Checking timeout

14-02-2025T14:30:11 - [MESSAGE][INFO] - Finding web element with id: 'Object Repository/ANEF_Eloignement_V_Nawres/Page_ANEF_Connexion/Input_PasswordAgent' located by 'By.xpath: //*[@aria-labelledby="password-label"]|//*[@id="password"]' in '20' second(s)

14-02-2025T14:30:11 - [MESSAGE][INFO] - Found 1 web elements with id: 'Object Repository/ANEF_Eloignement_V_Nawres/Page_ANEF_Connexion/Input_PasswordAgent' located by 'By.xpath: //*[@aria-labelledby="password-label"]|//*[@id="password"]' in '20' second(s)

14-02-2025T14:30:11 - [MESSAGE][INFO] - Checking object

14-02-2025T14:30:11 - [MESSAGE][INFO] - Checking text

14-02-2025T14:30:11 - [MESSAGE][INFO] - Finding web element from Test Object's properties

14-02-2025T14:30:11 - [MESSAGE][INFO] - Checking timeout

14-02-2025T14:30:11 - [MESSAGE][INFO] - Finding web element with id: 'Object Repository/ANEF_Eloignement_V_Nawres/Page_ANEF_Connexion/Input_PasswordAgent' located by 'By.xpath: //*[@aria-labelledby="password-label"]|//*[@id="password"]' in '100' second(s)

14-02-2025T14:30:11 - [MESSAGE][INFO] - Found 1 web elements with id: 'Object Repository/ANEF_Eloignement_V_Nawres/Page_ANEF_Connexion/Input_PasswordAgent' located by 'By.xpath: //*[@aria-labelledby="password-label"]|//*[@id="password"]' in '100' second(s)

14-02-2025T14:30:11 - [MESSAGE][INFO] - Clearing text of object 'Object Repository/ANEF_Eloignement_V_Nawres/Page_ANEF_Connexion/Input_PasswordAgent'

14-02-2025T14:30:12 - [MESSAGE][INFO] - Finding web element from Test Object's properties

14-02-2025T14:30:12 - [MESSAGE][INFO] - Checking timeout

14-02-2025T14:30:12 - [MESSAGE][INFO] - Finding web element with id: 'Object Repository/ANEF_Eloignement_V_Nawres/Page_ANEF_Connexion/Input_PasswordAgent' located by 'By.xpath: //*[@aria-labelledby="password-label"]|//*[@id="password"]' in '100' second(s)

14-02-2025T14:30:12 - [MESSAGE][INFO] - Found 1 web elements with id: 'Object Repository/ANEF_Eloignement_V_Nawres/Page_ANEF_Connexion/Input_PasswordAgent' located by 'By.xpath: //*[@aria-labelledby="password-label"]|//*[@id="password"]' in '100' second(s)

14-02-2025T14:30:12 - [MESSAGE][INFO] - Setting text of object 'Object Repository/ANEF_Eloignement_V_Nawres/Page_ANEF_Connexion/Input_PasswordAgent' to value 'Natali123456!'

14-02-2025T14:30:13 - [MESSAGE][PASSED] - Text 'Natali123456!' is set on object 'Object Repository/ANEF_Eloignement_V_Nawres/Page_ANEF_Connexion/Input_PasswordAgent'

14-02-2025T14:30:13 - [TEST_STEP][PASSED] - click(findTestObject("Object Repository/ANEF_Eloignement_V_Nawres/Page_ANEF_Connexion/btn_Valider_Conx_Agent")): Object: 'Object Repository/ANEF_Eloignement_V_Nawres/Page_ANEF_Connexion/btn_Valider_Conx_Agent' is clicked on

14-02-2025T14:30:13 - [MESSAGE][INFO] - Finding Test Object 'Object Repository/ANEF_Eloignement_V_Nawres/Page_ANEF_Connexion/btn_Valider_Conx_Agent'

14-02-2025T14:30:13 - [MESSAGE][INFO] - Checking timeout

14-02-2025T14:30:13 - [MESSAGE][INFO] - Finding web element with id: 'Object Repository/ANEF_Eloignement_V_Nawres/Page_ANEF_Connexion/btn_Valider_Conx_Agent' located by 'By.xpath: //*[@label="Valider"]|//*[@id="btn-login"]' in '20' second(s)

14-02-2025T14:30:13 - [MESSAGE][INFO] - Found 1 web elements with id: 'Object Repository/ANEF_Eloignement_V_Nawres/Page_ANEF_Connexion/btn_Valider_Conx_Agent' located by 'By.xpath: //*[@label="Valider"]|//*[@id="btn-login"]' in '20' second(s)

14-02-2025T14:30:13 - [MESSAGE][INFO] - Checking object

14-02-2025T14:30:13 - [MESSAGE][INFO] - Checking timeout

14-02-2025T14:30:13 - [MESSAGE][INFO] - Finding web element from Test Object's properties

14-02-2025T14:30:13 - [MESSAGE][INFO] - Checking timeout

14-02-2025T14:30:13 - [MESSAGE][INFO] - Finding web element with id: 'Object Repository/ANEF_Eloignement_V_Nawres/Page_ANEF_Connexion/btn_Valider_Conx_Agent' located by 'By.xpath: //*[@label="Valider"]|//*[@id="btn-login"]' in '100' second(s)

14-02-2025T14:30:13 - [MESSAGE][INFO] - Found 1 web elements with id: 'Object Repository/ANEF_Eloignement_V_Nawres/Page_ANEF_Connexion/btn_Valider_Conx_Agent' located by 'By.xpath: //*[@label="Valider"]|//*[@id="btn-login"]' in '100' second(s)

14-02-2025T14:30:13 - [MESSAGE][INFO] - Clicking on object: 'Object Repository/ANEF_Eloignement_V_Nawres/Page_ANEF_Connexion/btn_Valider_Conx_Agent'

14-02-2025T14:30:14 - [MESSAGE][PASSED] - Object: 'Object Repository/ANEF_Eloignement_V_Nawres/Page_ANEF_Connexion/btn_Valider_Conx_Agent' is clicked on

14-02-2025T14:30:15 - [TEST_STEP][PASSED] - delay(5): Delayed 5 second(s)

14-02-2025T14:30:15 - [MESSAGE][INFO] - Delaying browser in 5 second(s)

14-02-2025T14:30:20 - [MESSAGE][PASSED] - Delayed 5 second(s)

14-02-2025T14:30:20 - [TEST_STEP][PASSED] - verifyElementPresent(findTestObject("Object Repository/ANEF_Eloignement_V_Nawres/Page_Accueil_Principale/btn_ANEF_Eloignement"), 1, STOP_ON_FAILURE): Object 'Object Repository/ANEF_Eloignement_V_Nawres/Page_Accueil_Principale/btn_ANEF_Eloignement' is present

14-02-2025T14:30:20 - [MESSAGE][INFO] - Finding Test Object 'Object Repository/ANEF_Eloignement_V_Nawres/Page_Accueil_Principale/btn_ANEF_Eloignement'

14-02-2025T14:30:20 - [MESSAGE][INFO] - Checking object

14-02-2025T14:30:20 - [MESSAGE][INFO] - Finding web element from Test Object's properties

14-02-2025T14:30:20 - [MESSAGE][INFO] - Checking timeout

14-02-2025T14:30:20 - [MESSAGE][INFO] - Finding web element with id: 'Object Repository/ANEF_Eloignement_V_Nawres/Page_Accueil_Principale/btn_ANEF_Eloignement' located by 'By.xpath: //span[contains(text()," ANEF Ã©loignement ")]' in '1' second(s)

14-02-2025T14:30:20 - [MESSAGE][INFO] - Found 1 web elements with id: 'Object Repository/ANEF_Eloignement_V_Nawres/Page_Accueil_Principale/btn_ANEF_Eloignement' located by 'By.xpath: //span[contains(text()," ANEF Ã©loignement ")]' in '1' second(s)

14-02-2025T14:30:20 - [MESSAGE][PASSED] - Object 'Object Repository/ANEF_Eloignement_V_Nawres/Page_Accueil_Principale/btn_ANEF_Eloignement' is present

14-02-2025T14:30:20 - [MESSAGE][PASSED] - Call Test Case 'Test Cases/Test Reutilisable/Main/ANEF_Eloignement_V_Nawres/ANEF_Identification' successfully

14-02-2025T14:30:20 - [TEST_STEP][PASSED] - callTestCase(findTestCase("Test Cases/Test Reutilisable/Main/ANEF_Eloignement_V_Nawres/ANEF_Creation_ou_Recherche_Dossier"), ["CreationOuRecherche":CreationOuRecherche, "NumeroEtranger":NumeroEtranger], STOP_ON_FAILURE): Call Test Case 'Test Cases/Test Reutilisable/Main/ANEF_Eloignement_V_Nawres/ANEF_Creation_ou_Recherche_Dossier' successfully

14-02-2025T14:30:20 - [MESSAGE][INFO] - Checking called Test Case

14-02-2025T14:30:20 - [MESSAGE][INFO] - Starting to call Test Case 'Test Cases/Test Reutilisable/Main/ANEF_Eloignement_V_Nawres/ANEF_Creation_ou_Recherche_Dossier'

14-02-2025T14:30:20 - [TEST_CASE][PASSED] - Test Cases/Test Reutilisable/Main/ANEF_Eloignement_V_Nawres/ANEF_Creation_ou_Recherche_Dossier: Test Cases/Test Reutilisable/Main/ANEF_Eloignement_V_Nawres/ANEF_Creation_ou_Recherche_Dossier

14-02-2025T14:30:20 - [TEST_STEP][PASSED] - click(findTestObject("Object Repository/ANEF_Eloignement_V_Nawres/Page_Accueil_Principale/btn_ANEF_Eloignement")): Object: 'Object Repository/ANEF_Eloignement_V_Nawres/Page_Accueil_Principale/btn_ANEF_Eloignement' is clicked on

14-02-2025T14:30:20 - [MESSAGE][INFO] - Finding Test Object 'Object Repository/ANEF_Eloignement_V_Nawres/Page_Accueil_Principale/btn_ANEF_Eloignement'

14-02-2025T14:30:20 - [MESSAGE][INFO] - Checking timeout

14-02-2025T14:30:20 - [MESSAGE][INFO] - Finding web element with id: 'Object Repository/ANEF_Eloignement_V_Nawres/Page_Accueil_Principale/btn_ANEF_Eloignement' located by 'By.xpath: //span[contains(text()," ANEF Ã©loignement ")]' in '20' second(s)

14-02-2025T14:30:20 - [MESSAGE][INFO] - Found 1 web elements with id: 'Object Repository/ANEF_Eloignement_V_Nawres/Page_Accueil_Principale/btn_ANEF_Eloignement' located by 'By.xpath: //span[contains(text()," ANEF Ã©loignement ")]' in '20' second(s)

14-02-2025T14:30:20 - [MESSAGE][INFO] - Checking object

14-02-2025T14:30:20 - [MESSAGE][INFO] - Checking timeout

14-02-2025T14:30:20 - [MESSAGE][INFO] - Finding web element from Test Object's properties

14-02-2025T14:30:20 - [MESSAGE][INFO] - Checking timeout

14-02-2025T14:30:20 - [MESSAGE][INFO] - Finding web element with id: 'Object Repository/ANEF_Eloignement_V_Nawres/Page_Accueil_Principale/btn_ANEF_Eloignement' located by 'By.xpath: //span[contains(text()," ANEF Ã©loignement ")]' in '100' second(s)

14-02-2025T14:30:20 - [MESSAGE][INFO] - Found 1 web elements with id: 'Object Repository/ANEF_Eloignement_V_Nawres/Page_Accueil_Principale/btn_ANEF_Eloignement' located by 'By.xpath: //span[contains(text()," ANEF Ã©loignement ")]' in '100' second(s)

14-02-2025T14:30:20 - [MESSAGE][INFO] - Clicking on object: 'Object Repository/ANEF_Eloignement_V_Nawres/Page_Accueil_Principale/btn_ANEF_Eloignement'

14-02-2025T14:30:23 - [MESSAGE][PASSED] - Object: 'Object Repository/ANEF_Eloignement_V_Nawres/Page_Accueil_Principale/btn_ANEF_Eloignement' is clicked on

14-02-2025T14:30:23 - [TEST_STEP][PASSED] - verifyElementPresent(findTestObject("Object Repository/ANEF_Eloignement_V_Nawres/Page_Creation_ou_Recherche_Dossier/btn_Rechercher_Dossier"), 1, STOP_ON_FAILURE): Object 'Object Repository/ANEF_Eloignement_V_Nawres/Page_Creation_ou_Recherche_Dossier/btn_Rechercher_Dossier' is present

14-02-2025T14:30:23 - [MESSAGE][INFO] - Finding Test Object 'Object Repository/ANEF_Eloignement_V_Nawres/Page_Creation_ou_Recherche_Dossier/btn_Rechercher_Dossier'

14-02-2025T14:30:23 - [MESSAGE][INFO] - Checking object

14-02-2025T14:30:23 - [MESSAGE][INFO] - Finding web element from Test Object's properties

14-02-2025T14:30:23 - [MESSAGE][INFO] - Checking timeout

14-02-2025T14:30:23 - [MESSAGE][INFO] - Finding web element with id: 'Object Repository/ANEF_Eloignement_V_Nawres/Page_Creation_ou_Recherche_Dossier/btn_Rechercher_Dossier' located by 'By.xpath: //button[@title="Rechercher un dossier"]' in '1' second(s)

14-02-2025T14:30:23 - [MESSAGE][INFO] - Found 1 web elements with id: 'Object Repository/ANEF_Eloignement_V_Nawres/Page_Creation_ou_Recherche_Dossier/btn_Rechercher_Dossier' located by 'By.xpath: //button[@title="Rechercher un dossier"]' in '1' second(s)

14-02-2025T14:30:23 - [MESSAGE][PASSED] - Object 'Object Repository/ANEF_Eloignement_V_Nawres/Page_Creation_ou_Recherche_Dossier/btn_Rechercher_Dossier' is present

14-02-2025T14:30:23 - [TEST_STEP][PASSED] - delay(5): Delayed 5 second(s)

14-02-2025T14:30:23 - [MESSAGE][INFO] - Delaying browser in 5 second(s)

14-02-2025T14:30:28 - [MESSAGE][PASSED] - Delayed 5 second(s)

14-02-2025T14:30:28 - [TEST_STEP][PASSED] - click(findTestObject("Object Repository/ANEF_Eloignement_V_Nawres/Page_Creation_ou_Recherche_Dossier/btn_Rechercher_Dossier")): Object: 'Object Repository/ANEF_Eloignement_V_Nawres/Page_Creation_ou_Recherche_Dossier/btn_Rechercher_Dossier' is clicked on

14-02-2025T14:30:28 - [MESSAGE][INFO] - Finding Test Object 'Object Repository/ANEF_Eloignement_V_Nawres/Page_Creation_ou_Recherche_Dossier/btn_Rechercher_Dossier'

14-02-2025T14:30:28 - [MESSAGE][INFO] - Checking timeout

14-02-2025T14:30:28 - [MESSAGE][INFO] - Finding web element with id: 'Object Repository/ANEF_Eloignement_V_Nawres/Page_Creation_ou_Recherche_Dossier/btn_Rechercher_Dossier' located by 'By.xpath: //button[@title="Rechercher un dossier"]' in '20' second(s)

14-02-2025T14:30:28 - [MESSAGE][INFO] - Found 1 web elements with id: 'Object Repository/ANEF_Eloignement_V_Nawres/Page_Creation_ou_Recherche_Dossier/btn_Rechercher_Dossier' located by 'By.xpath: //button[@title="Rechercher un dossier"]' in '20' second(s)

14-02-2025T14:30:28 - [MESSAGE][INFO] - Checking object

14-02-2025T14:30:28 - [MESSAGE][INFO] - Checking timeout

14-02-2025T14:30:28 - [MESSAGE][INFO] - Finding web element from Test Object's properties

14-02-2025T14:30:28 - [MESSAGE][INFO] - Checking timeout

14-02-2025T14:30:28 - [MESSAGE][INFO] - Finding web element with id: 'Object Repository/ANEF_Eloignement_V_Nawres/Page_Creation_ou_Recherche_Dossier/btn_Rechercher_Dossier' located by 'By.xpath: //button[@title="Rechercher un dossier"]' in '100' second(s)

14-02-2025T14:30:28 - [MESSAGE][INFO] - Found 1 web elements with id: 'Object Repository/ANEF_Eloignement_V_Nawres/Page_Creation_ou_Recherche_Dossier/btn_Rechercher_Dossier' located by 'By.xpath: //button[@title="Rechercher un dossier"]' in '100' second(s)

14-02-2025T14:30:28 - [MESSAGE][INFO] - Clicking on object: 'Object Repository/ANEF_Eloignement_V_Nawres/Page_Creation_ou_Recherche_Dossier/btn_Rechercher_Dossier'

14-02-2025T14:30:30 - [MESSAGE][PASSED] - Object: 'Object Repository/ANEF_Eloignement_V_Nawres/Page_Creation_ou_Recherche_Dossier/btn_Rechercher_Dossier' is clicked on

14-02-2025T14:30:30 - [TEST_STEP][PASSED] - if (CreationOuRecherche == "Creation"): null

14-02-2025T14:30:30 - [TEST_STEP][PASSED] - if (CreationOuRecherche == "Recherche"): Object: 'Object Repository/ANEF_Eloignement_V_Nawres/Page_Creation_ou_Recherche_Dossier/btn_Choisir_Dossier_Etranger' is clicked on

14-02-2025T14:30:30 - [TEST_STEP][PASSED] - setText(findTestObject("Object Repository/ANEF_Eloignement_V_Nawres/Page_Creation_ou_Recherche_Dossier/Input_Numero_etranger"), NumeroEtranger, STOP_ON_FAILURE): Text '7503181977' is set on object 'Object Repository/ANEF_Eloignement_V_Nawres/Page_Creation_ou_Recherche_Dossier/Input_Numero_etranger'

14-02-2025T14:30:30 - [MESSAGE][INFO] - Finding Test Object 'Object Repository/ANEF_Eloignement_V_Nawres/Page_Creation_ou_Recherche_Dossier/Input_Numero_etranger'

14-02-2025T14:30:30 - [MESSAGE][INFO] - Checking timeout

14-02-2025T14:30:30 - [MESSAGE][INFO] - Finding web element with id: 'Object Repository/ANEF_Eloignement_V_Nawres/Page_Creation_ou_Recherche_Dossier/Input_Numero_etranger' located by 'By.xpath: //app-identite-declaree-search-box//div/app-dsfr-input/div/input[@id="identifiant_agdref"]|//app-search-box//div/app-dsfr-input/div/input[@id="identifiant_agdref"]' in '20' second(s)

14-02-2025T14:30:30 - [MESSAGE][INFO] - Found 1 web elements with id: 'Object Repository/ANEF_Eloignement_V_Nawres/Page_Creation_ou_Recherche_Dossier/Input_Numero_etranger' located by 'By.xpath: //app-identite-declaree-search-box//div/app-dsfr-input/div/input[@id="identifiant_agdref"]|//app-search-box//div/app-dsfr-input/div/input[@id="identifiant_agdref"]' in '20' second(s)

14-02-2025T14:30:30 - [MESSAGE][INFO] - Checking object

14-02-2025T14:30:30 - [MESSAGE][INFO] - Checking text

14-02-2025T14:30:30 - [MESSAGE][INFO] - Finding web element from Test Object's properties

14-02-2025T14:30:30 - [MESSAGE][INFO] - Checking timeout

14-02-2025T14:30:30 - [MESSAGE][INFO] - Finding web element with id: 'Object Repository/ANEF_Eloignement_V_Nawres/Page_Creation_ou_Recherche_Dossier/Input_Numero_etranger' located by 'By.xpath: //app-identite-declaree-search-box//div/app-dsfr-input/div/input[@id="identifiant_agdref"]|//app-search-box//div/app-dsfr-input/div/input[@id="identifiant_agdref"]' in '100' second(s)

14-02-2025T14:30:30 - [MESSAGE][INFO] - Found 1 web elements with id: 'Object Repository/ANEF_Eloignement_V_Nawres/Page_Creation_ou_Recherche_Dossier/Input_Numero_etranger' located by 'By.xpath: //app-identite-declaree-search-box//div/app-dsfr-input/div/input[@id="identifiant_agdref"]|//app-search-box//div/app-dsfr-input/div/input[@id="identifiant_agdref"]' in '100' second(s)

14-02-2025T14:30:30 - [MESSAGE][INFO] - Clearing text of object 'Object Repository/ANEF_Eloignement_V_Nawres/Page_Creation_ou_Recherche_Dossier/Input_Numero_etranger'

14-02-2025T14:30:31 - [MESSAGE][INFO] - Finding web element from Test Object's properties

14-02-2025T14:30:31 - [MESSAGE][INFO] - Checking timeout

14-02-2025T14:30:31 - [MESSAGE][INFO] - Finding web element with id: 'Object Repository/ANEF_Eloignement_V_Nawres/Page_Creation_ou_Recherche_Dossier/Input_Numero_etranger' located by 'By.xpath: //app-identite-declaree-search-box//div/app-dsfr-input/div/input[@id="identifiant_agdref"]|//app-search-box//div/app-dsfr-input/div/input[@id="identifiant_agdref"]' in '100' second(s)

14-02-2025T14:30:31 - [MESSAGE][INFO] - Found 1 web elements with id: 'Object Repository/ANEF_Eloignement_V_Nawres/Page_Creation_ou_Recherche_Dossier/Input_Numero_etranger' located by 'By.xpath: //app-identite-declaree-search-box//div/app-dsfr-input/div/input[@id="identifiant_agdref"]|//app-search-box//div/app-dsfr-input/div/input[@id="identifiant_agdref"]' in '100' second(s)

14-02-2025T14:30:31 - [MESSAGE][INFO] - Setting text of object 'Object Repository/ANEF_Eloignement_V_Nawres/Page_Creation_ou_Recherche_Dossier/Input_Numero_etranger' to value '7503181977'

14-02-2025T14:30:32 - [MESSAGE][PASSED] - Text '7503181977' is set on object 'Object Repository/ANEF_Eloignement_V_Nawres/Page_Creation_ou_Recherche_Dossier/Input_Numero_etranger'

14-02-2025T14:30:32 - [TEST_STEP][PASSED] - click(findTestObject("Object Repository/ANEF_Eloignement_V_Nawres/Page_Creation_ou_Recherche_Dossier/Input_Numero_etranger"), STOP_ON_FAILURE): Object: 'Object Repository/ANEF_Eloignement_V_Nawres/Page_Creation_ou_Recherche_Dossier/Input_Numero_etranger' is clicked on

14-02-2025T14:30:32 - [MESSAGE][INFO] - Finding Test Object 'Object Repository/ANEF_Eloignement_V_Nawres/Page_Creation_ou_Recherche_Dossier/Input_Numero_etranger'

14-02-2025T14:30:32 - [MESSAGE][INFO] - Checking timeout

14-02-2025T14:30:32 - [MESSAGE][INFO] - Finding web element with id: 'Object Repository/ANEF_Eloignement_V_Nawres/Page_Creation_ou_Recherche_Dossier/Input_Numero_etranger' located by 'By.xpath: //app-identite-declaree-search-box//div/app-dsfr-input/div/input[@id="identifiant_agdref"]|//app-search-box//div/app-dsfr-input/div/input[@id="identifiant_agdref"]' in '20' second(s)

14-02-2025T14:30:32 - [MESSAGE][INFO] - Found 1 web elements with id: 'Object Repository/ANEF_Eloignement_V_Nawres/Page_Creation_ou_Recherche_Dossier/Input_Numero_etranger' located by 'By.xpath: //app-identite-declaree-search-box//div/app-dsfr-input/div/input[@id="identifiant_agdref"]|//app-search-box//div/app-dsfr-input/div/input[@id="identifiant_agdref"]' in '20' second(s)

14-02-2025T14:30:32 - [MESSAGE][INFO] - Checking object

14-02-2025T14:30:32 - [MESSAGE][INFO] - Checking timeout

14-02-2025T14:30:32 - [MESSAGE][INFO] - Finding web element from Test Object's properties

14-02-2025T14:30:32 - [MESSAGE][INFO] - Checking timeout

14-02-2025T14:30:32 - [MESSAGE][INFO] - Finding web element with id: 'Object Repository/ANEF_Eloignement_V_Nawres/Page_Creation_ou_Recherche_Dossier/Input_Numero_etranger' located by 'By.xpath: //app-identite-declaree-search-box//div/app-dsfr-input/div/input[@id="identifiant_agdref"]|//app-search-box//div/app-dsfr-input/div/input[@id="identifiant_agdref"]' in '100' second(s)

14-02-2025T14:30:32 - [MESSAGE][INFO] - Found 1 web elements with id: 'Object Repository/ANEF_Eloignement_V_Nawres/Page_Creation_ou_Recherche_Dossier/Input_Numero_etranger' located by 'By.xpath: //app-identite-declaree-search-box//div/app-dsfr-input/div/input[@id="identifiant_agdref"]|//app-search-box//div/app-dsfr-input/div/input[@id="identifiant_agdref"]' in '100' second(s)

14-02-2025T14:30:32 - [MESSAGE][INFO] - Clicking on object: 'Object Repository/ANEF_Eloignement_V_Nawres/Page_Creation_ou_Recherche_Dossier/Input_Numero_etranger'

14-02-2025T14:30:33 - [MESSAGE][PASSED] - Object: 'Object Repository/ANEF_Eloignement_V_Nawres/Page_Creation_ou_Recherche_Dossier/Input_Numero_etranger' is clicked on

14-02-2025T14:30:33 - [TEST_STEP][PASSED] - scrollToElement(findTestObject("Object Repository/ANEF_Eloignement_V_Nawres/Page_Creation_ou_Recherche_Dossier/btn_Lancer_La_Recherche"), 5, STOP_ON_FAILURE): Scroll to object 'Object Repository/ANEF_Eloignement_V_Nawres/Page_Creation_ou_Recherche_Dossier/btn_Lancer_La_Recherche' successfully

14-02-2025T14:30:33 - [MESSAGE][INFO] - Finding Test Object 'Object Repository/ANEF_Eloignement_V_Nawres/Page_Creation_ou_Recherche_Dossier/btn_Lancer_La_Recherche'

14-02-2025T14:30:33 - [MESSAGE][INFO] - Checking object

14-02-2025T14:30:33 - [MESSAGE][INFO] - Checking timeout

14-02-2025T14:30:33 - [MESSAGE][INFO] - Finding web element from Test Object's properties

14-02-2025T14:30:33 - [MESSAGE][INFO] - Checking timeout

14-02-2025T14:30:33 - [MESSAGE][INFO] - Finding web element with id: 'Object Repository/ANEF_Eloignement_V_Nawres/Page_Creation_ou_Recherche_Dossier/btn_Lancer_La_Recherche' located by 'By.xpath: //button[contains(text(),"Lancer la recherche ")]' in '100' second(s)

14-02-2025T14:30:33 - [MESSAGE][INFO] - Found 1 web elements with id: 'Object Repository/ANEF_Eloignement_V_Nawres/Page_Creation_ou_Recherche_Dossier/btn_Lancer_La_Recherche' located by 'By.xpath: //button[contains(text(),"Lancer la recherche ")]' in '100' second(s)

14-02-2025T14:30:33 - [MESSAGE][INFO] - Scrolling to object 'Object Repository/ANEF_Eloignement_V_Nawres/Page_Creation_ou_Recherche_Dossier/btn_Lancer_La_Recherche'

14-02-2025T14:30:33 - [MESSAGE][PASSED] - Scroll to object 'Object Repository/ANEF_Eloignement_V_Nawres/Page_Creation_ou_Recherche_Dossier/btn_Lancer_La_Recherche' successfully

14-02-2025T14:30:33 - [TEST_STEP][PASSED] - click(findTestObject("Object Repository/ANEF_Eloignement_V_Nawres/Page_Creation_ou_Recherche_Dossier/btn_Lancer_La_Recherche"), STOP_ON_FAILURE): Object: 'Object Repository/ANEF_Eloignement_V_Nawres/Page_Creation_ou_Recherche_Dossier/btn_Lancer_La_Recherche' is clicked on

14-02-2025T14:30:33 - [MESSAGE][INFO] - Finding Test Object 'Object Repository/ANEF_Eloignement_V_Nawres/Page_Creation_ou_Recherche_Dossier/btn_Lancer_La_Recherche'

14-02-2025T14:30:33 - [MESSAGE][INFO] - Checking timeout

14-02-2025T14:30:33 - [MESSAGE][INFO] - Finding web element with id: 'Object Repository/ANEF_Eloignement_V_Nawres/Page_Creation_ou_Recherche_Dossier/btn_Lancer_La_Recherche' located by 'By.xpath: //button[contains(text(),"Lancer la recherche ")]' in '20' second(s)

14-02-2025T14:30:33 - [MESSAGE][INFO] - Found 1 web elements with id: 'Object Repository/ANEF_Eloignement_V_Nawres/Page_Creation_ou_Recherche_Dossier/btn_Lancer_La_Recherche' located by 'By.xpath: //button[contains(text(),"Lancer la recherche ")]' in '20' second(s)

14-02-2025T14:30:33 - [MESSAGE][INFO] - Checking object

14-02-2025T14:30:33 - [MESSAGE][INFO] - Checking timeout

14-02-2025T14:30:33 - [MESSAGE][INFO] - Finding web element from Test Object's properties

14-02-2025T14:30:33 - [MESSAGE][INFO] - Checking timeout

14-02-2025T14:30:33 - [MESSAGE][INFO] - Finding web element with id: 'Object Repository/ANEF_Eloignement_V_Nawres/Page_Creation_ou_Recherche_Dossier/btn_Lancer_La_Recherche' located by 'By.xpath: //button[contains(text(),"Lancer la recherche ")]' in '100' second(s)

14-02-2025T14:30:33 - [MESSAGE][INFO] - Found 1 web elements with id: 'Object Repository/ANEF_Eloignement_V_Nawres/Page_Creation_ou_Recherche_Dossier/btn_Lancer_La_Recherche' located by 'By.xpath: //button[contains(text(),"Lancer la recherche ")]' in '100' second(s)

14-02-2025T14:30:33 - [MESSAGE][INFO] - Clicking on object: 'Object Repository/ANEF_Eloignement_V_Nawres/Page_Creation_ou_Recherche_Dossier/btn_Lancer_La_Recherche'

14-02-2025T14:30:34 - [MESSAGE][PASSED] - Object: 'Object Repository/ANEF_Eloignement_V_Nawres/Page_Creation_ou_Recherche_Dossier/btn_Lancer_La_Recherche' is clicked on

14-02-2025T14:30:34 - [TEST_STEP][PASSED] - delay(5): Delayed 5 second(s)

14-02-2025T14:30:34 - [MESSAGE][INFO] - Delaying browser in 5 second(s)

14-02-2025T14:30:39 - [MESSAGE][PASSED] - Delayed 5 second(s)

14-02-2025T14:30:39 - [TEST_STEP][PASSED] - scrollToElement(findTestObject("Object Repository/ANEF_Eloignement_V_Nawres/Page_Creation_ou_Recherche_Dossier/btn_Radio_Selectionner_Dossier"), 5, STOP_ON_FAILURE): Scroll to object 'Object Repository/ANEF_Eloignement_V_Nawres/Page_Creation_ou_Recherche_Dossier/btn_Radio_Selectionner_Dossier' successfully

14-02-2025T14:30:39 - [MESSAGE][INFO] - Finding Test Object 'Object Repository/ANEF_Eloignement_V_Nawres/Page_Creation_ou_Recherche_Dossier/btn_Radio_Selectionner_Dossier'

14-02-2025T14:30:39 - [MESSAGE][INFO] - Checking object

14-02-2025T14:30:39 - [MESSAGE][INFO] - Checking timeout

14-02-2025T14:30:39 - [MESSAGE][INFO] - Finding web element from Test Object's properties

14-02-2025T14:30:39 - [MESSAGE][INFO] - Checking timeout

14-02-2025T14:30:39 - [MESSAGE][INFO] - Finding web element with id: 'Object Repository/ANEF_Eloignement_V_Nawres/Page_Creation_ou_Recherche_Dossier/btn_Radio_Selectionner_Dossier' located by 'By.xpath: //app-search-etranger/app-search-result-etranger//table/tbody/tr//label' in '100' second(s)

14-02-2025T14:30:39 - [MESSAGE][INFO] - Found 1 web elements with id: 'Object Repository/ANEF_Eloignement_V_Nawres/Page_Creation_ou_Recherche_Dossier/btn_Radio_Selectionner_Dossier' located by 'By.xpath: //app-search-etranger/app-search-result-etranger//table/tbody/tr//label' in '100' second(s)

14-02-2025T14:30:39 - [MESSAGE][INFO] - Scrolling to object 'Object Repository/ANEF_Eloignement_V_Nawres/Page_Creation_ou_Recherche_Dossier/btn_Radio_Selectionner_Dossier'

14-02-2025T14:30:39 - [MESSAGE][PASSED] - Scroll to object 'Object Repository/ANEF_Eloignement_V_Nawres/Page_Creation_ou_Recherche_Dossier/btn_Radio_Selectionner_Dossier' successfully

14-02-2025T14:30:39 - [TEST_STEP][PASSED] - click(findTestObject("Object Repository/ANEF_Eloignement_V_Nawres/Page_Creation_ou_Recherche_Dossier/btn_Radio_Selectionner_Dossier"), STOP_ON_FAILURE): Object: 'Object Repository/ANEF_Eloignement_V_Nawres/Page_Creation_ou_Recherche_Dossier/btn_Radio_Selectionner_Dossier' is clicked on

14-02-2025T14:30:39 - [MESSAGE][INFO] - Finding Test Object 'Object Repository/ANEF_Eloignement_V_Nawres/Page_Creation_ou_Recherche_Dossier/btn_Radio_Selectionner_Dossier'

14-02-2025T14:30:39 - [MESSAGE][INFO] - Checking timeout

14-02-2025T14:30:39 - [MESSAGE][INFO] - Finding web element with id: 'Object Repository/ANEF_Eloignement_V_Nawres/Page_Creation_ou_Recherche_Dossier/btn_Radio_Selectionner_Dossier' located by 'By.xpath: //app-search-etranger/app-search-result-etranger//table/tbody/tr//label' in '20' second(s)

14-02-2025T14:30:39 - [MESSAGE][INFO] - Found 1 web elements with id: 'Object Repository/ANEF_Eloignement_V_Nawres/Page_Creation_ou_Recherche_Dossier/btn_Radio_Selectionner_Dossier' located by 'By.xpath: //app-search-etranger/app-search-result-etranger//table/tbody/tr//label' in '20' second(s)

14-02-2025T14:30:39 - [MESSAGE][INFO] - Checking object

14-02-2025T14:30:39 - [MESSAGE][INFO] - Checking timeout

14-02-2025T14:30:39 - [MESSAGE][INFO] - Finding web element from Test Object's properties

14-02-2025T14:30:39 - [MESSAGE][INFO] - Checking timeout

14-02-2025T14:30:39 - [MESSAGE][INFO] - Finding web element with id: 'Object Repository/ANEF_Eloignement_V_Nawres/Page_Creation_ou_Recherche_Dossier/btn_Radio_Selectionner_Dossier' located by 'By.xpath: //app-search-etranger/app-search-result-etranger//table/tbody/tr//label' in '100' second(s)

14-02-2025T14:30:39 - [MESSAGE][INFO] - Found 1 web elements with id: 'Object Repository/ANEF_Eloignement_V_Nawres/Page_Creation_ou_Recherche_Dossier/btn_Radio_Selectionner_Dossier' located by 'By.xpath: //app-search-etranger/app-search-result-etranger//table/tbody/tr//label' in '100' second(s)

14-02-2025T14:30:39 - [MESSAGE][INFO] - Clicking on object: 'Object Repository/ANEF_Eloignement_V_Nawres/Page_Creation_ou_Recherche_Dossier/btn_Radio_Selectionner_Dossier'

14-02-2025T14:30:41 - [MESSAGE][PASSED] - Object: 'Object Repository/ANEF_Eloignement_V_Nawres/Page_Creation_ou_Recherche_Dossier/btn_Radio_Selectionner_Dossier' is clicked on

14-02-2025T14:30:41 - [TEST_STEP][PASSED] - click(findTestObject("Object Repository/ANEF_Eloignement_V_Nawres/Page_Creation_ou_Recherche_Dossier/btn_Choisir_Dossier_Etranger"), STOP_ON_FAILURE): Object: 'Object Repository/ANEF_Eloignement_V_Nawres/Page_Creation_ou_Recherche_Dossier/btn_Choisir_Dossier_Etranger' is clicked on

14-02-2025T14:30:41 - [MESSAGE][INFO] - Finding Test Object 'Object Repository/ANEF_Eloignement_V_Nawres/Page_Creation_ou_Recherche_Dossier/btn_Choisir_Dossier_Etranger'

14-02-2025T14:30:41 - [MESSAGE][INFO] - Checking timeout

14-02-2025T14:30:41 - [MESSAGE][INFO] - Finding web element with id: 'Object Repository/ANEF_Eloignement_V_Nawres/Page_Creation_ou_Recherche_Dossier/btn_Choisir_Dossier_Etranger' located by 'By.xpath: //button[contains(text(),"Choisir un dossier Ã©tranger")]' in '20' second(s)

14-02-2025T14:30:41 - [MESSAGE][INFO] - Found 1 web elements with id: 'Object Repository/ANEF_Eloignement_V_Nawres/Page_Creation_ou_Recherche_Dossier/btn_Choisir_Dossier_Etranger' located by 'By.xpath: //button[contains(text(),"Choisir un dossier Ã©tranger")]' in '20' second(s)

14-02-2025T14:30:41 - [MESSAGE][INFO] - Checking object

14-02-2025T14:30:41 - [MESSAGE][INFO] - Checking timeout

14-02-2025T14:30:41 - [MESSAGE][INFO] - Finding web element from Test Object's properties

14-02-2025T14:30:41 - [MESSAGE][INFO] - Checking timeout

14-02-2025T14:30:41 - [MESSAGE][INFO] - Finding web element with id: 'Object Repository/ANEF_Eloignement_V_Nawres/Page_Creation_ou_Recherche_Dossier/btn_Choisir_Dossier_Etranger' located by 'By.xpath: //button[contains(text(),"Choisir un dossier Ã©tranger")]' in '100' second(s)

14-02-2025T14:30:41 - [MESSAGE][INFO] - Found 1 web elements with id: 'Object Repository/ANEF_Eloignement_V_Nawres/Page_Creation_ou_Recherche_Dossier/btn_Choisir_Dossier_Etranger' located by 'By.xpath: //button[contains(text(),"Choisir un dossier Ã©tranger")]' in '100' second(s)

14-02-2025T14:30:41 - [MESSAGE][INFO] - Clicking on object: 'Object Repository/ANEF_Eloignement_V_Nawres/Page_Creation_ou_Recherche_Dossier/btn_Choisir_Dossier_Etranger'

14-02-2025T14:30:42 - [MESSAGE][PASSED] - Object: 'Object Repository/ANEF_Eloignement_V_Nawres/Page_Creation_ou_Recherche_Dossier/btn_Choisir_Dossier_Etranger' is clicked on

14-02-2025T14:30:42 - [MESSAGE][PASSED] - Call Test Case 'Test Cases/Test Reutilisable/Main/ANEF_Eloignement_V_Nawres/ANEF_Creation_ou_Recherche_Dossier' successfully

14-02-2025T14:30:42 - [TEST_STEP][PASSED] - if (CreationOuRecherche == "Creation"): null

14-02-2025T14:30:42 - [TEST_STEP][PASSED] - println(NumeroEtranger): null

14-02-2025T14:30:42 - [TEST_STEP][PASSED] - callTestCase(findTestCase("Test Cases/Test Reutilisable/Main/ANEF_Eloignement_V_Nawres/ANEF_Prendre_Mesure"), ["Mesure":Mesure, "FondementLegal":FondementLegal, "NatureDeLacteExpulsion":NatureDeLacteExpulsion, "NatureDeLacteExpulsion":NatureDeLacteExpulsion, ... ], STOP_ON_FAILURE): Call Test Case 'Test Cases/Test Reutilisable/Main/ANEF_Eloignement_V_Nawres/ANEF_Prendre_Mesure' successfully

14-02-2025T14:30:42 - [MESSAGE][INFO] - Checking called Test Case

14-02-2025T14:30:42 - [MESSAGE][INFO] - Starting to call Test Case 'Test Cases/Test Reutilisable/Main/ANEF_Eloignement_V_Nawres/ANEF_Prendre_Mesure'

14-02-2025T14:30:42 - [TEST_CASE][PASSED] - Test Cases/Test Reutilisable/Main/ANEF_Eloignement_V_Nawres/ANEF_Prendre_Mesure: Test Cases/Test Reutilisable/Main/ANEF_Eloignement_V_Nawres/ANEF_Prendre_Mesure

14-02-2025T14:30:42 - [TEST_STEP][PASSED] - click(findTestObject("Object Repository/ANEF_Eloignement_V_Nawres/Page_Prendre_Mesure/btn_Prendre_Mesure"), STOP_ON_FAILURE): Object: 'Object Repository/ANEF_Eloignement_V_Nawres/Page_Prendre_Mesure/btn_Prendre_Mesure' is clicked on

14-02-2025T14:30:42 - [MESSAGE][INFO] - Finding Test Object 'Object Repository/ANEF_Eloignement_V_Nawres/Page_Prendre_Mesure/btn_Prendre_Mesure'

14-02-2025T14:30:42 - [MESSAGE][INFO] - Checking timeout

14-02-2025T14:30:42 - [MESSAGE][INFO] - Finding web element with id: 'Object Repository/ANEF_Eloignement_V_Nawres/Page_Prendre_Mesure/btn_Prendre_Mesure' located by 'By.xpath: //button[@title="Prendre une Mesure"]' in '20' second(s)

14-02-2025T14:30:42 - [MESSAGE][INFO] - Found 1 web elements with id: 'Object Repository/ANEF_Eloignement_V_Nawres/Page_Prendre_Mesure/btn_Prendre_Mesure' located by 'By.xpath: //button[@title="Prendre une Mesure"]' in '20' second(s)

14-02-2025T14:30:42 - [MESSAGE][INFO] - Checking object

14-02-2025T14:30:42 - [MESSAGE][INFO] - Checking timeout

14-02-2025T14:30:42 - [MESSAGE][INFO] - Finding web element from Test Object's properties

14-02-2025T14:30:42 - [MESSAGE][INFO] - Checking timeout

14-02-2025T14:30:42 - [MESSAGE][INFO] - Finding web element with id: 'Object Repository/ANEF_Eloignement_V_Nawres/Page_Prendre_Mesure/btn_Prendre_Mesure' located by 'By.xpath: //button[@title="Prendre une Mesure"]' in '100' second(s)

14-02-2025T14:30:42 - [MESSAGE][INFO] - Found 1 web elements with id: 'Object Repository/ANEF_Eloignement_V_Nawres/Page_Prendre_Mesure/btn_Prendre_Mesure' located by 'By.xpath: //button[@title="Prendre une Mesure"]' in '100' second(s)

14-02-2025T14:30:42 - [MESSAGE][INFO] - Clicking on object: 'Object Repository/ANEF_Eloignement_V_Nawres/Page_Prendre_Mesure/btn_Prendre_Mesure'

14-02-2025T14:30:44 - [MESSAGE][PASSED] - Object: 'Object Repository/ANEF_Eloignement_V_Nawres/Page_Prendre_Mesure/btn_Prendre_Mesure' is clicked on

14-02-2025T14:30:44 - [TEST_STEP][PASSED] - delay(5): Delayed 5 second(s)

14-02-2025T14:30:44 - [MESSAGE][INFO] - Delaying browser in 5 second(s)

14-02-2025T14:30:49 - [MESSAGE][PASSED] - Delayed 5 second(s)

14-02-2025T14:30:49 - [TEST_STEP][PASSED] - switch (Mesure): null

14-02-2025T14:30:49 - [TEST_STEP][PASSED] - case "Expulsion":: null

14-02-2025T14:30:49 - [TEST_STEP][PASSED] - waitForElementPresent(findTestObject("Object Repository/ANEF_Eloignement_V_Nawres/Page_Prendre_Mesure/select_Type_Mesure"), 10, STOP_ON_FAILURE): Object 'Object Repository/ANEF_Eloignement_V_Nawres/Page_Prendre_Mesure/select_Type_Mesure' is present

14-02-2025T14:30:49 - [MESSAGE][INFO] - Finding Test Object 'Object Repository/ANEF_Eloignement_V_Nawres/Page_Prendre_Mesure/select_Type_Mesure'

14-02-2025T14:30:49 - [MESSAGE][INFO] - Checking object

14-02-2025T14:30:49 - [MESSAGE][INFO] - Finding web element from Test Object's properties

14-02-2025T14:30:49 - [MESSAGE][INFO] - Checking timeout

14-02-2025T14:30:49 - [MESSAGE][INFO] - Finding web element with id: 'Object Repository/ANEF_Eloignement_V_Nawres/Page_Prendre_Mesure/select_Type_Mesure' located by 'By.xpath: //select[@id="typeMesure"]' in '10' second(s)

14-02-2025T14:30:49 - [MESSAGE][INFO] - Found 1 web elements with id: 'Object Repository/ANEF_Eloignement_V_Nawres/Page_Prendre_Mesure/select_Type_Mesure' located by 'By.xpath: //select[@id="typeMesure"]' in '10' second(s)

14-02-2025T14:30:49 - [MESSAGE][PASSED] - Object 'Object Repository/ANEF_Eloignement_V_Nawres/Page_Prendre_Mesure/select_Type_Mesure' is present

14-02-2025T14:30:49 - [TEST_STEP][PASSED] - selectOptionByLabel(findTestObject("Object Repository/ANEF_Eloignement_V_Nawres/Page_Prendre_Mesure/select_Type_Mesure"), "Expulsion", false, STOP_ON_FAILURE): All options with label 'Expulsion' are selected in object 'Object Repository/ANEF_Eloignement_V_Nawres/Page_Prendre_Mesure/select_Type_Mesure' 

14-02-2025T14:30:49 - [MESSAGE][INFO] - Finding Test Object 'Object Repository/ANEF_Eloignement_V_Nawres/Page_Prendre_Mesure/select_Type_Mesure'

14-02-2025T14:30:49 - [MESSAGE][INFO] - Checking timeout

14-02-2025T14:30:49 - [MESSAGE][INFO] - Finding web element with id: 'Object Repository/ANEF_Eloignement_V_Nawres/Page_Prendre_Mesure/select_Type_Mesure' located by 'By.xpath: //select[@id="typeMesure"]' in '20' second(s)

14-02-2025T14:30:49 - [MESSAGE][INFO] - Found 1 web elements with id: 'Object Repository/ANEF_Eloignement_V_Nawres/Page_Prendre_Mesure/select_Type_Mesure' located by 'By.xpath: //select[@id="typeMesure"]' in '20' second(s)

14-02-2025T14:30:49 - [MESSAGE][INFO] - Checking object

14-02-2025T14:30:49 - [MESSAGE][INFO] - Checking label parameter

14-02-2025T14:30:49 - [MESSAGE][INFO] - Finding web element from Test Object's properties

14-02-2025T14:30:49 - [MESSAGE][INFO] - Checking timeout

14-02-2025T14:30:49 - [MESSAGE][INFO] - Finding web element with id: 'Object Repository/ANEF_Eloignement_V_Nawres/Page_Prendre_Mesure/select_Type_Mesure' located by 'By.xpath: //select[@id="typeMesure"]' in '100' second(s)

14-02-2025T14:30:49 - [MESSAGE][INFO] - Found 1 web elements with id: 'Object Repository/ANEF_Eloignement_V_Nawres/Page_Prendre_Mesure/select_Type_Mesure' located by 'By.xpath: //select[@id="typeMesure"]' in '100' second(s)

14-02-2025T14:30:49 - [MESSAGE][INFO] - Selecting options on object 'Object Repository/ANEF_Eloignement_V_Nawres/Page_Prendre_Mesure/select_Type_Mesure' with label 'Expulsion' 

14-02-2025T14:30:50 - [MESSAGE][PASSED] - All options with label 'Expulsion' are selected in object 'Object Repository/ANEF_Eloignement_V_Nawres/Page_Prendre_Mesure/select_Type_Mesure' 

14-02-2025T14:30:50 - [TEST_STEP][PASSED] - click(findTestObject("Object Repository/ANEF_Eloignement_V_Nawres/Page_Prendre_Mesure/btn_Confirmer_Mesure"), STOP_ON_FAILURE): Object: 'Object Repository/ANEF_Eloignement_V_Nawres/Page_Prendre_Mesure/btn_Confirmer_Mesure' is clicked on

14-02-2025T14:30:50 - [MESSAGE][INFO] - Finding Test Object 'Object Repository/ANEF_Eloignement_V_Nawres/Page_Prendre_Mesure/btn_Confirmer_Mesure'

14-02-2025T14:30:50 - [MESSAGE][INFO] - Checking timeout

14-02-2025T14:30:50 - [MESSAGE][INFO] - Finding web element with id: 'Object Repository/ANEF_Eloignement_V_Nawres/Page_Prendre_Mesure/btn_Confirmer_Mesure' located by 'By.xpath: //button[@id="btn-confirme-decision"]' in '20' second(s)

14-02-2025T14:30:50 - [MESSAGE][INFO] - Found 1 web elements with id: 'Object Repository/ANEF_Eloignement_V_Nawres/Page_Prendre_Mesure/btn_Confirmer_Mesure' located by 'By.xpath: //button[@id="btn-confirme-decision"]' in '20' second(s)

14-02-2025T14:30:50 - [MESSAGE][INFO] - Checking object

14-02-2025T14:30:50 - [MESSAGE][INFO] - Checking timeout

14-02-2025T14:30:50 - [MESSAGE][INFO] - Finding web element from Test Object's properties

14-02-2025T14:30:50 - [MESSAGE][INFO] - Checking timeout

14-02-2025T14:30:50 - [MESSAGE][INFO] - Finding web element with id: 'Object Repository/ANEF_Eloignement_V_Nawres/Page_Prendre_Mesure/btn_Confirmer_Mesure' located by 'By.xpath: //button[@id="btn-confirme-decision"]' in '100' second(s)

14-02-2025T14:30:50 - [MESSAGE][INFO] - Found 1 web elements with id: 'Object Repository/ANEF_Eloignement_V_Nawres/Page_Prendre_Mesure/btn_Confirmer_Mesure' located by 'By.xpath: //button[@id="btn-confirme-decision"]' in '100' second(s)

14-02-2025T14:30:50 - [MESSAGE][INFO] - Clicking on object: 'Object Repository/ANEF_Eloignement_V_Nawres/Page_Prendre_Mesure/btn_Confirmer_Mesure'

14-02-2025T14:30:51 - [MESSAGE][PASSED] - Object: 'Object Repository/ANEF_Eloignement_V_Nawres/Page_Prendre_Mesure/btn_Confirmer_Mesure' is clicked on

14-02-2025T14:30:51 - [TEST_STEP][PASSED] - verifyElementPresent(findTestObject("Object Repository/ANEF_Eloignement_V_Nawres/Page_Prendre_Mesure/btn_Supprimer_Fiche_Mesure"), 2, STOP_ON_FAILURE): Object 'Object Repository/ANEF_Eloignement_V_Nawres/Page_Prendre_Mesure/btn_Supprimer_Fiche_Mesure' is present

14-02-2025T14:30:51 - [MESSAGE][INFO] - Finding Test Object 'Object Repository/ANEF_Eloignement_V_Nawres/Page_Prendre_Mesure/btn_Supprimer_Fiche_Mesure'

14-02-2025T14:30:51 - [MESSAGE][INFO] - Checking object

14-02-2025T14:30:51 - [MESSAGE][INFO] - Finding web element from Test Object's properties

14-02-2025T14:30:51 - [MESSAGE][INFO] - Checking timeout

14-02-2025T14:30:51 - [MESSAGE][INFO] - Finding web element with id: 'Object Repository/ANEF_Eloignement_V_Nawres/Page_Prendre_Mesure/btn_Supprimer_Fiche_Mesure' located by 'By.xpath: //button[@title="Supprimer une Mesure"]' in '2' second(s)

14-02-2025T14:30:52 - [MESSAGE][INFO] - Found 1 web elements with id: 'Object Repository/ANEF_Eloignement_V_Nawres/Page_Prendre_Mesure/btn_Supprimer_Fiche_Mesure' located by 'By.xpath: //button[@title="Supprimer une Mesure"]' in '2' second(s)

14-02-2025T14:30:52 - [MESSAGE][PASSED] - Object 'Object Repository/ANEF_Eloignement_V_Nawres/Page_Prendre_Mesure/btn_Supprimer_Fiche_Mesure' is present

14-02-2025T14:30:52 - [TEST_STEP][PASSED] - break: null

14-02-2025T14:30:52 - [TEST_STEP][PASSED] - callTestCase(findTestCase("Test Cases/Test Reutilisable/Main/ANEF_Eloignement_V_Nawres/ANEF_Prendre_Mesure_Formulaire"), ["Mesure":Mesure, "FondementLegal":FondementLegal, "NatureDeLacteExpulsion":NatureDeLacteExpulsion, "UrgenceAbsolueExpulsion":UrgenceAbsolueExpulsion, ... ], STOP_ON_FAILURE): Call Test Case 'Test Cases/Test Reutilisable/Main/ANEF_Eloignement_V_Nawres/ANEF_Prendre_Mesure_Formulaire' successfully

14-02-2025T14:30:52 - [MESSAGE][INFO] - Checking called Test Case

14-02-2025T14:30:52 - [MESSAGE][INFO] - Starting to call Test Case 'Test Cases/Test Reutilisable/Main/ANEF_Eloignement_V_Nawres/ANEF_Prendre_Mesure_Formulaire'

14-02-2025T14:30:52 - [TEST_CASE][PASSED] - Test Cases/Test Reutilisable/Main/ANEF_Eloignement_V_Nawres/ANEF_Prendre_Mesure_Formulaire: Test Cases/Test Reutilisable/Main/ANEF_Eloignement_V_Nawres/ANEF_Prendre_Mesure_Formulaire

14-02-2025T14:30:52 - [TEST_STEP][PASSED] - calendar = Calendar.getInstance(): null

14-02-2025T14:30:52 - [TEST_STEP][PASSED] - currentDate = calendar.getTime(): null

14-02-2025T14:30:52 - [TEST_STEP][PASSED] - sdf = new java.text.SimpleDateFormat(dd/MM/yyyy): null

14-02-2025T14:30:52 - [TEST_STEP][PASSED] - formattedDate = sdf.format(currentDate): null

14-02-2025T14:30:52 - [TEST_STEP][PASSED] - DateActuelle = formattedDate.toString(): null

14-02-2025T14:30:52 - [TEST_STEP][PASSED] - println(DateActuelle): null

14-02-2025T14:30:52 - [TEST_STEP][PASSED] - if (Mesure != "ITF"): null

14-02-2025T14:30:52 - [TEST_STEP][PASSED] - selectOptionByLabel(findTestObject("Object Repository/ANEF_Eloignement_V_Nawres/Page_Prendre_Mesure_Formulaire/select_Fondement_Legal"), FondementLegal, false, STOP_ON_FAILURE): All options with label 'L.631-1' are selected in object 'Object Repository/ANEF_Eloignement_V_Nawres/Page_Prendre_Mesure_Formulaire/select_Fondement_Legal' 

14-02-2025T14:30:52 - [MESSAGE][INFO] - Finding Test Object 'Object Repository/ANEF_Eloignement_V_Nawres/Page_Prendre_Mesure_Formulaire/select_Fondement_Legal'

14-02-2025T14:30:52 - [MESSAGE][INFO] - Checking timeout

14-02-2025T14:30:52 - [MESSAGE][INFO] - Finding web element with id: 'Object Repository/ANEF_Eloignement_V_Nawres/Page_Prendre_Mesure_Formulaire/select_Fondement_Legal' located by 'By.xpath: //select[@id="fondement_legal"]' in '20' second(s)

14-02-2025T14:30:52 - [MESSAGE][INFO] - Found 1 web elements with id: 'Object Repository/ANEF_Eloignement_V_Nawres/Page_Prendre_Mesure_Formulaire/select_Fondement_Legal' located by 'By.xpath: //select[@id="fondement_legal"]' in '20' second(s)

14-02-2025T14:30:52 - [MESSAGE][INFO] - Checking object

14-02-2025T14:30:52 - [MESSAGE][INFO] - Checking label parameter

14-02-2025T14:30:52 - [MESSAGE][INFO] - Finding web element from Test Object's properties

14-02-2025T14:30:52 - [MESSAGE][INFO] - Checking timeout

14-02-2025T14:30:52 - [MESSAGE][INFO] - Finding web element with id: 'Object Repository/ANEF_Eloignement_V_Nawres/Page_Prendre_Mesure_Formulaire/select_Fondement_Legal' located by 'By.xpath: //select[@id="fondement_legal"]' in '100' second(s)

14-02-2025T14:30:52 - [MESSAGE][INFO] - Found 1 web elements with id: 'Object Repository/ANEF_Eloignement_V_Nawres/Page_Prendre_Mesure_Formulaire/select_Fondement_Legal' located by 'By.xpath: //select[@id="fondement_legal"]' in '100' second(s)

14-02-2025T14:30:52 - [MESSAGE][INFO] - Selecting options on object 'Object Repository/ANEF_Eloignement_V_Nawres/Page_Prendre_Mesure_Formulaire/select_Fondement_Legal' with label 'L.631-1' 

14-02-2025T14:30:53 - [MESSAGE][PASSED] - All options with label 'L.631-1' are selected in object 'Object Repository/ANEF_Eloignement_V_Nawres/Page_Prendre_Mesure_Formulaire/select_Fondement_Legal' 

14-02-2025T14:30:53 - [TEST_STEP][PASSED] - if (Mesure == "Expulsion"): Object 'Object Repository/ANEF_Eloignement_V_Nawres/Page_Prendre_Mesure_Formulaire/select_Auteur_Decision' is clickable

14-02-2025T14:30:53 - [TEST_STEP][PASSED] - if (NatureDeLacteExpulsion == "AME"): null

14-02-2025T14:30:53 - [TEST_STEP][PASSED] - if (NatureDeLacteExpulsion == "APE"): Actual text and expected text of test object 'Object Repository/ANEF_Eloignement_V_Nawres/Page_Prendre_Mesure_Formulaire/p_AutoritÃ©_Decisionnaire' are matched.

14-02-2025T14:30:53 - [TEST_STEP][PASSED] - delay(5): Delayed 5 second(s)

14-02-2025T14:30:53 - [MESSAGE][INFO] - Delaying browser in 5 second(s)

14-02-2025T14:30:58 - [MESSAGE][PASSED] - Delayed 5 second(s)

14-02-2025T14:30:58 - [TEST_STEP][PASSED] - click(findTestObject("Object Repository/ANEF_Eloignement_V_Nawres/Page_Prendre_Mesure_Formulaire/btn_radio_Nature_Acte_APE_Expulsion"), STOP_ON_FAILURE): Object: 'Object Repository/ANEF_Eloignement_V_Nawres/Page_Prendre_Mesure_Formulaire/btn_radio_Nature_Acte_APE_Expulsion' is clicked on

14-02-2025T14:30:58 - [MESSAGE][INFO] - Finding Test Object 'Object Repository/ANEF_Eloignement_V_Nawres/Page_Prendre_Mesure_Formulaire/btn_radio_Nature_Acte_APE_Expulsion'

14-02-2025T14:30:58 - [MESSAGE][INFO] - Checking timeout

14-02-2025T14:30:58 - [MESSAGE][INFO] - Finding web element with id: 'Object Repository/ANEF_Eloignement_V_Nawres/Page_Prendre_Mesure_Formulaire/btn_radio_Nature_Acte_APE_Expulsion' located by 'By.xpath: //*[@id="ACCORDEON_FONDEMENT_LEGAL"]/form//app-dsfr-radio/div/fieldset//label[contains(text(),"APE")]' in '20' second(s)

14-02-2025T14:30:58 - [MESSAGE][INFO] - Found 1 web elements with id: 'Object Repository/ANEF_Eloignement_V_Nawres/Page_Prendre_Mesure_Formulaire/btn_radio_Nature_Acte_APE_Expulsion' located by 'By.xpath: //*[@id="ACCORDEON_FONDEMENT_LEGAL"]/form//app-dsfr-radio/div/fieldset//label[contains(text(),"APE")]' in '20' second(s)

14-02-2025T14:30:58 - [MESSAGE][INFO] - Checking object

14-02-2025T14:30:58 - [MESSAGE][INFO] - Checking timeout

14-02-2025T14:30:58 - [MESSAGE][INFO] - Finding web element from Test Object's properties

14-02-2025T14:30:58 - [MESSAGE][INFO] - Checking timeout

14-02-2025T14:30:58 - [MESSAGE][INFO] - Finding web element with id: 'Object Repository/ANEF_Eloignement_V_Nawres/Page_Prendre_Mesure_Formulaire/btn_radio_Nature_Acte_APE_Expulsion' located by 'By.xpath: //*[@id="ACCORDEON_FONDEMENT_LEGAL"]/form//app-dsfr-radio/div/fieldset//label[contains(text(),"APE")]' in '100' second(s)

14-02-2025T14:30:58 - [MESSAGE][INFO] - Found 1 web elements with id: 'Object Repository/ANEF_Eloignement_V_Nawres/Page_Prendre_Mesure_Formulaire/btn_radio_Nature_Acte_APE_Expulsion' located by 'By.xpath: //*[@id="ACCORDEON_FONDEMENT_LEGAL"]/form//app-dsfr-radio/div/fieldset//label[contains(text(),"APE")]' in '100' second(s)

14-02-2025T14:30:58 - [MESSAGE][INFO] - Clicking on object: 'Object Repository/ANEF_Eloignement_V_Nawres/Page_Prendre_Mesure_Formulaire/btn_radio_Nature_Acte_APE_Expulsion'

14-02-2025T14:30:59 - [MESSAGE][PASSED] - Object: 'Object Repository/ANEF_Eloignement_V_Nawres/Page_Prendre_Mesure_Formulaire/btn_radio_Nature_Acte_APE_Expulsion' is clicked on

14-02-2025T14:30:59 - [TEST_STEP][PASSED] - Autorite_Decisionnaire = getText(findTestObject("Object Repository/ANEF_Eloignement_V_Nawres/Page_Prendre_Mesure_Formulaire/p_AutoritÃ©_Decisionnaire"), STOP_ON_FAILURE): Text of object 'Object Repository/ANEF_Eloignement_V_Nawres/Page_Prendre_Mesure_Formulaire/p_AutoritÃ©_Decisionnaire' is: 'PrÃ©fet'

14-02-2025T14:30:59 - [MESSAGE][INFO] - Finding Test Object 'Object Repository/ANEF_Eloignement_V_Nawres/Page_Prendre_Mesure_Formulaire/p_AutoritÃ©_Decisionnaire'

14-02-2025T14:30:59 - [MESSAGE][INFO] - Checking object

14-02-2025T14:30:59 - [MESSAGE][INFO] - Finding web element from Test Object's properties

14-02-2025T14:30:59 - [MESSAGE][INFO] - Checking timeout

14-02-2025T14:30:59 - [MESSAGE][INFO] - Finding web element with id: 'Object Repository/ANEF_Eloignement_V_Nawres/Page_Prendre_Mesure_Formulaire/p_AutoritÃ©_Decisionnaire' located by 'By.xpath: //*[@id="ACCORDEON_FONDEMENT_LEGAL"]/form/div/div[1]/div[3]/p' in '100' second(s)

14-02-2025T14:30:59 - [MESSAGE][INFO] - Found 1 web elements with id: 'Object Repository/ANEF_Eloignement_V_Nawres/Page_Prendre_Mesure_Formulaire/p_AutoritÃ©_Decisionnaire' located by 'By.xpath: //*[@id="ACCORDEON_FONDEMENT_LEGAL"]/form/div/div[1]/div[3]/p' in '100' second(s)

14-02-2025T14:30:59 - [MESSAGE][INFO] - Getting text of object 'Object Repository/ANEF_Eloignement_V_Nawres/Page_Prendre_Mesure_Formulaire/p_AutoritÃ©_Decisionnaire'

14-02-2025T14:30:59 - [MESSAGE][PASSED] - Text of object 'Object Repository/ANEF_Eloignement_V_Nawres/Page_Prendre_Mesure_Formulaire/p_AutoritÃ©_Decisionnaire' is: 'PrÃ©fet'

14-02-2025T14:30:59 - [TEST_STEP][PASSED] - verifyElementText(findTestObject("Object Repository/ANEF_Eloignement_V_Nawres/Page_Prendre_Mesure_Formulaire/p_AutoritÃ©_Decisionnaire"), "PrÃ©fet", STOP_ON_FAILURE): Actual text and expected text of test object 'Object Repository/ANEF_Eloignement_V_Nawres/Page_Prendre_Mesure_Formulaire/p_AutoritÃ©_Decisionnaire' are matched.

14-02-2025T14:30:59 - [MESSAGE][INFO] - Finding Test Object 'Object Repository/ANEF_Eloignement_V_Nawres/Page_Prendre_Mesure_Formulaire/p_AutoritÃ©_Decisionnaire'

14-02-2025T14:30:59 - [MESSAGE][INFO] - Checking object

14-02-2025T14:30:59 - [MESSAGE][INFO] - Finding web element from Test Object's properties

14-02-2025T14:30:59 - [MESSAGE][INFO] - Checking timeout

14-02-2025T14:30:59 - [MESSAGE][INFO] - Finding web element with id: 'Object Repository/ANEF_Eloignement_V_Nawres/Page_Prendre_Mesure_Formulaire/p_AutoritÃ©_Decisionnaire' located by 'By.xpath: //*[@id="ACCORDEON_FONDEMENT_LEGAL"]/form/div/div[1]/div[3]/p' in '100' second(s)

14-02-2025T14:30:59 - [MESSAGE][INFO] - Found 1 web elements with id: 'Object Repository/ANEF_Eloignement_V_Nawres/Page_Prendre_Mesure_Formulaire/p_AutoritÃ©_Decisionnaire' located by 'By.xpath: //*[@id="ACCORDEON_FONDEMENT_LEGAL"]/form/div/div[1]/div[3]/p' in '100' second(s)

14-02-2025T14:30:59 - [MESSAGE][PASSED] - Actual text and expected text of test object 'Object Repository/ANEF_Eloignement_V_Nawres/Page_Prendre_Mesure_Formulaire/p_AutoritÃ©_Decisionnaire' are matched.

14-02-2025T14:30:59 - [TEST_STEP][PASSED] - if (UrgenceAbsolueExpulsion == "Non"): null

14-02-2025T14:30:59 - [TEST_STEP][PASSED] - if (UrgenceAbsolueExpulsion == "Oui"): Object 'Object Repository/ANEF_Eloignement_V_Nawres/Page_Prendre_Mesure_Formulaire/select_Auteur_Decision' is clickable

14-02-2025T14:30:59 - [TEST_STEP][PASSED] - click(findTestObject("Object Repository/ANEF_Eloignement_V_Nawres/Page_Prendre_Mesure_Formulaire/btn_radio_Urgence_Absolue_Oui"), STOP_ON_FAILURE): Object: 'Object Repository/ANEF_Eloignement_V_Nawres/Page_Prendre_Mesure_Formulaire/btn_radio_Urgence_Absolue_Oui' is clicked on

14-02-2025T14:30:59 - [MESSAGE][INFO] - Finding Test Object 'Object Repository/ANEF_Eloignement_V_Nawres/Page_Prendre_Mesure_Formulaire/btn_radio_Urgence_Absolue_Oui'

14-02-2025T14:30:59 - [MESSAGE][INFO] - Checking timeout

14-02-2025T14:30:59 - [MESSAGE][INFO] - Finding web element with id: 'Object Repository/ANEF_Eloignement_V_Nawres/Page_Prendre_Mesure_Formulaire/btn_radio_Urgence_Absolue_Oui' located by 'By.xpath: //*[@id="urgence-radio-btn"]/div/fieldset//label[contains(text(),"Oui")]' in '20' second(s)

14-02-2025T14:30:59 - [MESSAGE][INFO] - Found 1 web elements with id: 'Object Repository/ANEF_Eloignement_V_Nawres/Page_Prendre_Mesure_Formulaire/btn_radio_Urgence_Absolue_Oui' located by 'By.xpath: //*[@id="urgence-radio-btn"]/div/fieldset//label[contains(text(),"Oui")]' in '20' second(s)

14-02-2025T14:31:00 - [MESSAGE][INFO] - Checking object

14-02-2025T14:31:00 - [MESSAGE][INFO] - Checking timeout

14-02-2025T14:31:00 - [MESSAGE][INFO] - Finding web element from Test Object's properties

14-02-2025T14:31:00 - [MESSAGE][INFO] - Checking timeout

14-02-2025T14:31:00 - [MESSAGE][INFO] - Finding web element with id: 'Object Repository/ANEF_Eloignement_V_Nawres/Page_Prendre_Mesure_Formulaire/btn_radio_Urgence_Absolue_Oui' located by 'By.xpath: //*[@id="urgence-radio-btn"]/div/fieldset//label[contains(text(),"Oui")]' in '100' second(s)

14-02-2025T14:31:00 - [MESSAGE][INFO] - Found 1 web elements with id: 'Object Repository/ANEF_Eloignement_V_Nawres/Page_Prendre_Mesure_Formulaire/btn_radio_Urgence_Absolue_Oui' located by 'By.xpath: //*[@id="urgence-radio-btn"]/div/fieldset//label[contains(text(),"Oui")]' in '100' second(s)

14-02-2025T14:31:00 - [MESSAGE][INFO] - Clicking on object: 'Object Repository/ANEF_Eloignement_V_Nawres/Page_Prendre_Mesure_Formulaire/btn_radio_Urgence_Absolue_Oui'

14-02-2025T14:31:01 - [MESSAGE][PASSED] - Object: 'Object Repository/ANEF_Eloignement_V_Nawres/Page_Prendre_Mesure_Formulaire/btn_radio_Urgence_Absolue_Oui' is clicked on

14-02-2025T14:31:01 - [TEST_STEP][PASSED] - delay(5): Delayed 5 second(s)

14-02-2025T14:31:01 - [MESSAGE][INFO] - Delaying browser in 5 second(s)

14-02-2025T14:31:06 - [MESSAGE][PASSED] - Delayed 5 second(s)

14-02-2025T14:31:06 - [TEST_STEP][PASSED] - verifyElementClickable(findTestObject("Object Repository/ANEF_Eloignement_V_Nawres/Page_Prendre_Mesure_Formulaire/select_Pays_De_Renvoi")): Object 'Object Repository/ANEF_Eloignement_V_Nawres/Page_Prendre_Mesure_Formulaire/select_Pays_De_Renvoi' is clickable

14-02-2025T14:31:06 - [MESSAGE][INFO] - Finding Test Object 'Object Repository/ANEF_Eloignement_V_Nawres/Page_Prendre_Mesure_Formulaire/select_Pays_De_Renvoi'

14-02-2025T14:31:06 - [MESSAGE][INFO] - Checking object

14-02-2025T14:31:06 - [MESSAGE][INFO] - Finding web element from Test Object's properties

14-02-2025T14:31:06 - [MESSAGE][INFO] - Checking timeout

14-02-2025T14:31:06 - [MESSAGE][INFO] - Finding web element with id: 'Object Repository/ANEF_Eloignement_V_Nawres/Page_Prendre_Mesure_Formulaire/select_Pays_De_Renvoi' located by 'By.xpath: //select[@name="pays"]' in '100' second(s)

14-02-2025T14:31:06 - [MESSAGE][INFO] - Found 1 web elements with id: 'Object Repository/ANEF_Eloignement_V_Nawres/Page_Prendre_Mesure_Formulaire/select_Pays_De_Renvoi' located by 'By.xpath: //select[@name="pays"]' in '100' second(s)

14-02-2025T14:31:06 - [MESSAGE][PASSED] - Object 'Object Repository/ANEF_Eloignement_V_Nawres/Page_Prendre_Mesure_Formulaire/select_Pays_De_Renvoi' is clickable

14-02-2025T14:31:06 - [TEST_STEP][PASSED] - verifyElementClickable(findTestObject("Object Repository/ANEF_Eloignement_V_Nawres/Page_Prendre_Mesure_Formulaire/select_Auteur_Decision")): Object 'Object Repository/ANEF_Eloignement_V_Nawres/Page_Prendre_Mesure_Formulaire/select_Auteur_Decision' is clickable

14-02-2025T14:31:06 - [MESSAGE][INFO] - Finding Test Object 'Object Repository/ANEF_Eloignement_V_Nawres/Page_Prendre_Mesure_Formulaire/select_Auteur_Decision'

14-02-2025T14:31:06 - [MESSAGE][INFO] - Checking object

14-02-2025T14:31:06 - [MESSAGE][INFO] - Finding web element from Test Object's properties

14-02-2025T14:31:06 - [MESSAGE][INFO] - Checking timeout

14-02-2025T14:31:06 - [MESSAGE][INFO] - Finding web element with id: 'Object Repository/ANEF_Eloignement_V_Nawres/Page_Prendre_Mesure_Formulaire/select_Auteur_Decision' located by 'By.xpath: //select[@name="site_gestionnaire"]' in '100' second(s)

14-02-2025T14:31:06 - [MESSAGE][INFO] - Found 1 web elements with id: 'Object Repository/ANEF_Eloignement_V_Nawres/Page_Prendre_Mesure_Formulaire/select_Auteur_Decision' located by 'By.xpath: //select[@name="site_gestionnaire"]' in '100' second(s)

14-02-2025T14:31:06 - [MESSAGE][PASSED] - Object 'Object Repository/ANEF_Eloignement_V_Nawres/Page_Prendre_Mesure_Formulaire/select_Auteur_Decision' is clickable

14-02-2025T14:31:06 - [TEST_STEP][PASSED] - NumberUsagerRandom = tools.MyStringTools.getRandomNumber(10, 99): tools.MyStringTools.getRandomNumber is PASSED

14-02-2025T14:31:06 - [MESSAGE][PASSED] - tools.MyStringTools.getRandomNumber is PASSED

14-02-2025T14:31:06 - [TEST_STEP][PASSED] - println(NumberUsagerRandom): null

14-02-2025T14:31:06 - [TEST_STEP][PASSED] - RandomNumber = NumberUsagerRandom.toString(): null

14-02-2025T14:31:06 - [TEST_STEP][PASSED] - if (Mesure == "OQTF"): null

14-02-2025T14:31:06 - [TEST_STEP][PASSED] - if (Mesure == "RemiseSchengen"): null

14-02-2025T14:31:06 - [TEST_STEP][PASSED] - RandomNumber = tools.MyStringTools.getRandomNumber(1, 30): tools.MyStringTools.getRandomNumber is PASSED

14-02-2025T14:31:06 - [MESSAGE][PASSED] - tools.MyStringTools.getRandomNumber is PASSED

14-02-2025T14:31:06 - [TEST_STEP][PASSED] - println(RandomNumber): null

14-02-2025T14:31:06 - [TEST_STEP][PASSED] - RandomNumberSelect = RandomNumber.toString(): null

14-02-2025T14:31:06 - [TEST_STEP][PASSED] - if (Mesure == "TransfertDublin"): null

14-02-2025T14:31:06 - [TEST_STEP][PASSED] - if (Mesure == "ExecutionFicheSIS"): null

14-02-2025T14:31:06 - [TEST_STEP][PASSED] - if (Mesure == "IAT"): null

14-02-2025T14:31:06 - [TEST_STEP][PASSED] - if (Mesure == "ITF"): null

14-02-2025T14:31:06 - [TEST_STEP][PASSED] - click(findTestObject("Object Repository/ANEF_Eloignement_V_Nawres/Page_Prendre_Mesure_Formulaire/btn_Enregistrer"), STOP_ON_FAILURE): Object: 'Object Repository/ANEF_Eloignement_V_Nawres/Page_Prendre_Mesure_Formulaire/btn_Enregistrer' is clicked on

14-02-2025T14:31:06 - [MESSAGE][INFO] - Finding Test Object 'Object Repository/ANEF_Eloignement_V_Nawres/Page_Prendre_Mesure_Formulaire/btn_Enregistrer'

14-02-2025T14:31:06 - [MESSAGE][INFO] - Checking timeout

14-02-2025T14:31:06 - [MESSAGE][INFO] - Finding web element with id: 'Object Repository/ANEF_Eloignement_V_Nawres/Page_Prendre_Mesure_Formulaire/btn_Enregistrer' located by 'By.xpath: //button[contains(text(),"Enregistrer")]' in '20' second(s)

14-02-2025T14:31:06 - [MESSAGE][INFO] - Found 1 web elements with id: 'Object Repository/ANEF_Eloignement_V_Nawres/Page_Prendre_Mesure_Formulaire/btn_Enregistrer' located by 'By.xpath: //button[contains(text(),"Enregistrer")]' in '20' second(s)

14-02-2025T14:31:06 - [MESSAGE][INFO] - Checking object

14-02-2025T14:31:06 - [MESSAGE][INFO] - Checking timeout

14-02-2025T14:31:06 - [MESSAGE][INFO] - Finding web element from Test Object's properties

14-02-2025T14:31:06 - [MESSAGE][INFO] - Checking timeout

14-02-2025T14:31:06 - [MESSAGE][INFO] - Finding web element with id: 'Object Repository/ANEF_Eloignement_V_Nawres/Page_Prendre_Mesure_Formulaire/btn_Enregistrer' located by 'By.xpath: //button[contains(text(),"Enregistrer")]' in '100' second(s)

14-02-2025T14:31:06 - [MESSAGE][INFO] - Found 1 web elements with id: 'Object Repository/ANEF_Eloignement_V_Nawres/Page_Prendre_Mesure_Formulaire/btn_Enregistrer' located by 'By.xpath: //button[contains(text(),"Enregistrer")]' in '100' second(s)

14-02-2025T14:31:06 - [MESSAGE][INFO] - Clicking on object: 'Object Repository/ANEF_Eloignement_V_Nawres/Page_Prendre_Mesure_Formulaire/btn_Enregistrer'

14-02-2025T14:31:07 - [MESSAGE][PASSED] - Object: 'Object Repository/ANEF_Eloignement_V_Nawres/Page_Prendre_Mesure_Formulaire/btn_Enregistrer' is clicked on

14-02-2025T14:31:07 - [MESSAGE][PASSED] - Call Test Case 'Test Cases/Test Reutilisable/Main/ANEF_Eloignement_V_Nawres/ANEF_Prendre_Mesure_Formulaire' successfully

14-02-2025T14:31:07 - [MESSAGE][PASSED] - Call Test Case 'Test Cases/Test Reutilisable/Main/ANEF_Eloignement_V_Nawres/ANEF_Prendre_Mesure' successfully

14-02-2025T14:31:07 - [TEST_STEP][PASSED] - callTestCase(findTestCase("Test Cases/Test Reutilisable/Main/ANEF_Eloignement_V_Nawres/ANEF_Ajouter_Decision"), ["ModeNotification":ModeNotification], STOP_ON_FAILURE): Call Test Case 'Test Cases/Test Reutilisable/Main/ANEF_Eloignement_V_Nawres/ANEF_Ajouter_Decision' successfully

14-02-2025T14:31:07 - [MESSAGE][INFO] - Checking called Test Case

14-02-2025T14:31:07 - [MESSAGE][INFO] - Starting to call Test Case 'Test Cases/Test Reutilisable/Main/ANEF_Eloignement_V_Nawres/ANEF_Ajouter_Decision'

14-02-2025T14:31:07 - [TEST_CASE][PASSED] - Test Cases/Test Reutilisable/Main/ANEF_Eloignement_V_Nawres/ANEF_Ajouter_Decision: Test Cases/Test Reutilisable/Main/ANEF_Eloignement_V_Nawres/ANEF_Ajouter_Decision

14-02-2025T14:31:07 - [TEST_STEP][PASSED] - calendar = Calendar.getInstance(): null

14-02-2025T14:31:07 - [TEST_STEP][PASSED] - currentDate = calendar.getTime(): null

14-02-2025T14:31:07 - [TEST_STEP][PASSED] - sdf = new java.text.SimpleDateFormat(dd/MM/yyyy): null

14-02-2025T14:31:07 - [TEST_STEP][PASSED] - formattedDate = sdf.format(currentDate): null

14-02-2025T14:31:07 - [TEST_STEP][PASSED] - DateActuelle = formattedDate.toString(): null

14-02-2025T14:31:07 - [TEST_STEP][PASSED] - println(DateActuelle): null

14-02-2025T14:31:07 - [TEST_STEP][PASSED] - waitForElementClickable(findTestObject("Object Repository/ANEF_Eloignement_V_Nawres/Page_Ajouter_Decision/btn_Ajouter_Decision"), 20, STOP_ON_FAILURE): Object 'Object Repository/ANEF_Eloignement_V_Nawres/Page_Ajouter_Decision/btn_Ajouter_Decision' is clickable

14-02-2025T14:31:07 - [MESSAGE][INFO] - Finding Test Object 'Object Repository/ANEF_Eloignement_V_Nawres/Page_Ajouter_Decision/btn_Ajouter_Decision'

14-02-2025T14:31:07 - [MESSAGE][INFO] - Checking object

14-02-2025T14:31:07 - [MESSAGE][INFO] - Checking timeout

14-02-2025T14:31:07 - [MESSAGE][INFO] - Finding web element from Test Object's properties

14-02-2025T14:31:07 - [MESSAGE][INFO] - Checking timeout

14-02-2025T14:31:07 - [MESSAGE][INFO] - Finding web element with id: 'Object Repository/ANEF_Eloignement_V_Nawres/Page_Ajouter_Decision/btn_Ajouter_Decision' located by 'By.xpath: //button[contains(text(),"Ajouter une dÃ©cision")]' in '20' second(s)

14-02-2025T14:31:07 - [MESSAGE][INFO] - Found 1 web elements with id: 'Object Repository/ANEF_Eloignement_V_Nawres/Page_Ajouter_Decision/btn_Ajouter_Decision' located by 'By.xpath: //button[contains(text(),"Ajouter une dÃ©cision")]' in '20' second(s)

14-02-2025T14:31:07 - [MESSAGE][PASSED] - Object 'Object Repository/ANEF_Eloignement_V_Nawres/Page_Ajouter_Decision/btn_Ajouter_Decision' is clickable

14-02-2025T14:31:07 - [TEST_STEP][PASSED] - click(findTestObject("Object Repository/ANEF_Eloignement_V_Nawres/Page_Ajouter_Decision/btn_Ajouter_Decision"), STOP_ON_FAILURE): Object: 'Object Repository/ANEF_Eloignement_V_Nawres/Page_Ajouter_Decision/btn_Ajouter_Decision' is clicked on

14-02-2025T14:31:07 - [MESSAGE][INFO] - Finding Test Object 'Object Repository/ANEF_Eloignement_V_Nawres/Page_Ajouter_Decision/btn_Ajouter_Decision'

14-02-2025T14:31:07 - [MESSAGE][INFO] - Checking timeout

14-02-2025T14:31:07 - [MESSAGE][INFO] - Finding web element with id: 'Object Repository/ANEF_Eloignement_V_Nawres/Page_Ajouter_Decision/btn_Ajouter_Decision' located by 'By.xpath: //button[contains(text(),"Ajouter une dÃ©cision")]' in '20' second(s)

14-02-2025T14:31:07 - [MESSAGE][INFO] - Found 1 web elements with id: 'Object Repository/ANEF_Eloignement_V_Nawres/Page_Ajouter_Decision/btn_Ajouter_Decision' located by 'By.xpath: //button[contains(text(),"Ajouter une dÃ©cision")]' in '20' second(s)

14-02-2025T14:31:07 - [MESSAGE][INFO] - Checking object

14-02-2025T14:31:07 - [MESSAGE][INFO] - Checking timeout

14-02-2025T14:31:07 - [MESSAGE][INFO] - Finding web element from Test Object's properties

14-02-2025T14:31:07 - [MESSAGE][INFO] - Checking timeout

14-02-2025T14:31:07 - [MESSAGE][INFO] - Finding web element with id: 'Object Repository/ANEF_Eloignement_V_Nawres/Page_Ajouter_Decision/btn_Ajouter_Decision' located by 'By.xpath: //button[contains(text(),"Ajouter une dÃ©cision")]' in '100' second(s)

14-02-2025T14:31:07 - [MESSAGE][INFO] - Found 1 web elements with id: 'Object Repository/ANEF_Eloignement_V_Nawres/Page_Ajouter_Decision/btn_Ajouter_Decision' located by 'By.xpath: //button[contains(text(),"Ajouter une dÃ©cision")]' in '100' second(s)

14-02-2025T14:31:07 - [MESSAGE][INFO] - Clicking on object: 'Object Repository/ANEF_Eloignement_V_Nawres/Page_Ajouter_Decision/btn_Ajouter_Decision'

14-02-2025T14:31:09 - [MESSAGE][PASSED] - Object: 'Object Repository/ANEF_Eloignement_V_Nawres/Page_Ajouter_Decision/btn_Ajouter_Decision' is clicked on

14-02-2025T14:31:09 - [TEST_STEP][PASSED] - scrollToElement(findTestObject("Object Repository/ANEF_Eloignement_V_Nawres/Page_Ajouter_Decision/btn_Confirmer_Ajout_Decision"), 5, STOP_ON_FAILURE): Scroll to object 'Object Repository/ANEF_Eloignement_V_Nawres/Page_Ajouter_Decision/btn_Confirmer_Ajout_Decision' successfully

14-02-2025T14:31:09 - [MESSAGE][INFO] - Finding Test Object 'Object Repository/ANEF_Eloignement_V_Nawres/Page_Ajouter_Decision/btn_Confirmer_Ajout_Decision'

14-02-2025T14:31:09 - [MESSAGE][INFO] - Checking object

14-02-2025T14:31:09 - [MESSAGE][INFO] - Checking timeout

14-02-2025T14:31:09 - [MESSAGE][INFO] - Finding web element from Test Object's properties

14-02-2025T14:31:09 - [MESSAGE][INFO] - Checking timeout

14-02-2025T14:31:09 - [MESSAGE][INFO] - Finding web element with id: 'Object Repository/ANEF_Eloignement_V_Nawres/Page_Ajouter_Decision/btn_Confirmer_Ajout_Decision' located by 'By.xpath: //button[contains(text()," Confirmer l'ajout")]' in '100' second(s)

14-02-2025T14:31:09 - [MESSAGE][INFO] - Found 1 web elements with id: 'Object Repository/ANEF_Eloignement_V_Nawres/Page_Ajouter_Decision/btn_Confirmer_Ajout_Decision' located by 'By.xpath: //button[contains(text()," Confirmer l'ajout")]' in '100' second(s)

14-02-2025T14:31:09 - [MESSAGE][INFO] - Scrolling to object 'Object Repository/ANEF_Eloignement_V_Nawres/Page_Ajouter_Decision/btn_Confirmer_Ajout_Decision'

14-02-2025T14:31:09 - [MESSAGE][PASSED] - Scroll to object 'Object Repository/ANEF_Eloignement_V_Nawres/Page_Ajouter_Decision/btn_Confirmer_Ajout_Decision' successfully

14-02-2025T14:31:09 - [TEST_STEP][PASSED] - click(findTestObject("Object Repository/ANEF_Eloignement_V_Nawres/Page_Ajouter_Decision/btn_Confirmer_Ajout_Decision"), STOP_ON_FAILURE): Object: 'Object Repository/ANEF_Eloignement_V_Nawres/Page_Ajouter_Decision/btn_Confirmer_Ajout_Decision' is clicked on

14-02-2025T14:31:09 - [MESSAGE][INFO] - Finding Test Object 'Object Repository/ANEF_Eloignement_V_Nawres/Page_Ajouter_Decision/btn_Confirmer_Ajout_Decision'

14-02-2025T14:31:09 - [MESSAGE][INFO] - Checking timeout

14-02-2025T14:31:09 - [MESSAGE][INFO] - Finding web element with id: 'Object Repository/ANEF_Eloignement_V_Nawres/Page_Ajouter_Decision/btn_Confirmer_Ajout_Decision' located by 'By.xpath: //button[contains(text()," Confirmer l'ajout")]' in '20' second(s)

14-02-2025T14:31:09 - [MESSAGE][INFO] - Found 1 web elements with id: 'Object Repository/ANEF_Eloignement_V_Nawres/Page_Ajouter_Decision/btn_Confirmer_Ajout_Decision' located by 'By.xpath: //button[contains(text()," Confirmer l'ajout")]' in '20' second(s)

14-02-2025T14:31:09 - [MESSAGE][INFO] - Checking object

14-02-2025T14:31:09 - [MESSAGE][INFO] - Checking timeout

14-02-2025T14:31:09 - [MESSAGE][INFO] - Finding web element from Test Object's properties

14-02-2025T14:31:09 - [MESSAGE][INFO] - Checking timeout

14-02-2025T14:31:09 - [MESSAGE][INFO] - Finding web element with id: 'Object Repository/ANEF_Eloignement_V_Nawres/Page_Ajouter_Decision/btn_Confirmer_Ajout_Decision' located by 'By.xpath: //button[contains(text()," Confirmer l'ajout")]' in '100' second(s)

14-02-2025T14:31:09 - [MESSAGE][INFO] - Found 1 web elements with id: 'Object Repository/ANEF_Eloignement_V_Nawres/Page_Ajouter_Decision/btn_Confirmer_Ajout_Decision' located by 'By.xpath: //button[contains(text()," Confirmer l'ajout")]' in '100' second(s)

14-02-2025T14:31:09 - [MESSAGE][INFO] - Clicking on object: 'Object Repository/ANEF_Eloignement_V_Nawres/Page_Ajouter_Decision/btn_Confirmer_Ajout_Decision'

14-02-2025T14:31:10 - [MESSAGE][PASSED] - Object: 'Object Repository/ANEF_Eloignement_V_Nawres/Page_Ajouter_Decision/btn_Confirmer_Ajout_Decision' is clicked on

14-02-2025T14:31:10 - [TEST_STEP][PASSED] - waitForElementClickable(findTestObject("Object Repository/ANEF_Eloignement_V_Nawres/Page_Ajouter_Decision/btn_Confirmer_Notification"), 20, STOP_ON_FAILURE): Object 'Object Repository/ANEF_Eloignement_V_Nawres/Page_Ajouter_Decision/btn_Confirmer_Notification' is clickable

14-02-2025T14:31:10 - [MESSAGE][INFO] - Finding Test Object 'Object Repository/ANEF_Eloignement_V_Nawres/Page_Ajouter_Decision/btn_Confirmer_Notification'

14-02-2025T14:31:10 - [MESSAGE][INFO] - Checking object

14-02-2025T14:31:10 - [MESSAGE][INFO] - Checking timeout

14-02-2025T14:31:10 - [MESSAGE][INFO] - Finding web element from Test Object's properties

14-02-2025T14:31:10 - [MESSAGE][INFO] - Checking timeout

14-02-2025T14:31:10 - [MESSAGE][INFO] - Finding web element with id: 'Object Repository/ANEF_Eloignement_V_Nawres/Page_Ajouter_Decision/btn_Confirmer_Notification' located by 'By.xpath: //button[contains(text(),"Confirmer la notification")]' in '20' second(s)

14-02-2025T14:31:10 - [MESSAGE][INFO] - Found 1 web elements with id: 'Object Repository/ANEF_Eloignement_V_Nawres/Page_Ajouter_Decision/btn_Confirmer_Notification' located by 'By.xpath: //button[contains(text(),"Confirmer la notification")]' in '20' second(s)

14-02-2025T14:31:11 - [MESSAGE][PASSED] - Object 'Object Repository/ANEF_Eloignement_V_Nawres/Page_Ajouter_Decision/btn_Confirmer_Notification' is clickable

14-02-2025T14:31:11 - [TEST_STEP][PASSED] - click(findTestObject("Object Repository/ANEF_Eloignement_V_Nawres/Page_Ajouter_Decision/btn_Confirmer_Notification"), STOP_ON_FAILURE): Object: 'Object Repository/ANEF_Eloignement_V_Nawres/Page_Ajouter_Decision/btn_Confirmer_Notification' is clicked on

14-02-2025T14:31:11 - [MESSAGE][INFO] - Finding Test Object 'Object Repository/ANEF_Eloignement_V_Nawres/Page_Ajouter_Decision/btn_Confirmer_Notification'

14-02-2025T14:31:11 - [MESSAGE][INFO] - Checking timeout

14-02-2025T14:31:11 - [MESSAGE][INFO] - Finding web element with id: 'Object Repository/ANEF_Eloignement_V_Nawres/Page_Ajouter_Decision/btn_Confirmer_Notification' located by 'By.xpath: //button[contains(text(),"Confirmer la notification")]' in '20' second(s)

14-02-2025T14:31:11 - [MESSAGE][INFO] - Found 1 web elements with id: 'Object Repository/ANEF_Eloignement_V_Nawres/Page_Ajouter_Decision/btn_Confirmer_Notification' located by 'By.xpath: //button[contains(text(),"Confirmer la notification")]' in '20' second(s)

14-02-2025T14:31:11 - [MESSAGE][INFO] - Checking object

14-02-2025T14:31:11 - [MESSAGE][INFO] - Checking timeout

14-02-2025T14:31:11 - [MESSAGE][INFO] - Finding web element from Test Object's properties

14-02-2025T14:31:11 - [MESSAGE][INFO] - Checking timeout

14-02-2025T14:31:11 - [MESSAGE][INFO] - Finding web element with id: 'Object Repository/ANEF_Eloignement_V_Nawres/Page_Ajouter_Decision/btn_Confirmer_Notification' located by 'By.xpath: //button[contains(text(),"Confirmer la notification")]' in '100' second(s)

14-02-2025T14:31:11 - [MESSAGE][INFO] - Found 1 web elements with id: 'Object Repository/ANEF_Eloignement_V_Nawres/Page_Ajouter_Decision/btn_Confirmer_Notification' located by 'By.xpath: //button[contains(text(),"Confirmer la notification")]' in '100' second(s)

14-02-2025T14:31:11 - [MESSAGE][INFO] - Clicking on object: 'Object Repository/ANEF_Eloignement_V_Nawres/Page_Ajouter_Decision/btn_Confirmer_Notification'

14-02-2025T14:31:12 - [MESSAGE][PASSED] - Object: 'Object Repository/ANEF_Eloignement_V_Nawres/Page_Ajouter_Decision/btn_Confirmer_Notification' is clicked on

14-02-2025T14:31:12 - [TEST_STEP][PASSED] - selectOptionByLabel(findTestObject("Object Repository/ANEF_Eloignement_V_Nawres/Page_Ajouter_Decision/select_Mode_Notification"), ModeNotification, false, STOP_ON_FAILURE): All options with label 'Voie administrative' are selected in object 'Object Repository/ANEF_Eloignement_V_Nawres/Page_Ajouter_Decision/select_Mode_Notification' 

14-02-2025T14:31:12 - [MESSAGE][INFO] - Finding Test Object 'Object Repository/ANEF_Eloignement_V_Nawres/Page_Ajouter_Decision/select_Mode_Notification'

14-02-2025T14:31:12 - [MESSAGE][INFO] - Checking timeout

14-02-2025T14:31:12 - [MESSAGE][INFO] - Finding web element with id: 'Object Repository/ANEF_Eloignement_V_Nawres/Page_Ajouter_Decision/select_Mode_Notification' located by 'By.xpath: //app-notification-modal//form//app-dsfr-select/div/select[@id="mode_notification"]' in '20' second(s)

14-02-2025T14:31:12 - [MESSAGE][INFO] - Found 1 web elements with id: 'Object Repository/ANEF_Eloignement_V_Nawres/Page_Ajouter_Decision/select_Mode_Notification' located by 'By.xpath: //app-notification-modal//form//app-dsfr-select/div/select[@id="mode_notification"]' in '20' second(s)

14-02-2025T14:31:12 - [MESSAGE][INFO] - Checking object

14-02-2025T14:31:12 - [MESSAGE][INFO] - Checking label parameter

14-02-2025T14:31:12 - [MESSAGE][INFO] - Finding web element from Test Object's properties

14-02-2025T14:31:12 - [MESSAGE][INFO] - Checking timeout

14-02-2025T14:31:12 - [MESSAGE][INFO] - Finding web element with id: 'Object Repository/ANEF_Eloignement_V_Nawres/Page_Ajouter_Decision/select_Mode_Notification' located by 'By.xpath: //app-notification-modal//form//app-dsfr-select/div/select[@id="mode_notification"]' in '100' second(s)

14-02-2025T14:31:12 - [MESSAGE][INFO] - Found 1 web elements with id: 'Object Repository/ANEF_Eloignement_V_Nawres/Page_Ajouter_Decision/select_Mode_Notification' located by 'By.xpath: //app-notification-modal//form//app-dsfr-select/div/select[@id="mode_notification"]' in '100' second(s)

14-02-2025T14:31:12 - [MESSAGE][INFO] - Selecting options on object 'Object Repository/ANEF_Eloignement_V_Nawres/Page_Ajouter_Decision/select_Mode_Notification' with label 'Voie administrative' 

14-02-2025T14:31:13 - [MESSAGE][PASSED] - All options with label 'Voie administrative' are selected in object 'Object Repository/ANEF_Eloignement_V_Nawres/Page_Ajouter_Decision/select_Mode_Notification' 

14-02-2025T14:31:13 - [TEST_STEP][PASSED] - setText(findTestObject("Object Repository/ANEF_Eloignement_V_Nawres/Page_Ajouter_Decision/input_Date_Notification"), DateActuelle, STOP_ON_FAILURE): Text '14/02/2025' is set on object 'Object Repository/ANEF_Eloignement_V_Nawres/Page_Ajouter_Decision/input_Date_Notification'

14-02-2025T14:31:13 - [MESSAGE][INFO] - Finding Test Object 'Object Repository/ANEF_Eloignement_V_Nawres/Page_Ajouter_Decision/input_Date_Notification'

14-02-2025T14:31:14 - [MESSAGE][INFO] - Checking timeout

14-02-2025T14:31:14 - [MESSAGE][INFO] - Finding web element with id: 'Object Repository/ANEF_Eloignement_V_Nawres/Page_Ajouter_Decision/input_Date_Notification' located by 'By.xpath: //app-notification-modal//form//app-dsfr-input/div/input[@name="date_notification"]' in '20' second(s)

14-02-2025T14:31:14 - [MESSAGE][INFO] - Found 1 web elements with id: 'Object Repository/ANEF_Eloignement_V_Nawres/Page_Ajouter_Decision/input_Date_Notification' located by 'By.xpath: //app-notification-modal//form//app-dsfr-input/div/input[@name="date_notification"]' in '20' second(s)

14-02-2025T14:31:14 - [MESSAGE][INFO] - Checking object

14-02-2025T14:31:14 - [MESSAGE][INFO] - Checking text

14-02-2025T14:31:14 - [MESSAGE][INFO] - Finding web element from Test Object's properties

14-02-2025T14:31:14 - [MESSAGE][INFO] - Checking timeout

14-02-2025T14:31:14 - [MESSAGE][INFO] - Finding web element with id: 'Object Repository/ANEF_Eloignement_V_Nawres/Page_Ajouter_Decision/input_Date_Notification' located by 'By.xpath: //app-notification-modal//form//app-dsfr-input/div/input[@name="date_notification"]' in '100' second(s)

14-02-2025T14:31:14 - [MESSAGE][INFO] - Found 1 web elements with id: 'Object Repository/ANEF_Eloignement_V_Nawres/Page_Ajouter_Decision/input_Date_Notification' located by 'By.xpath: //app-notification-modal//form//app-dsfr-input/div/input[@name="date_notification"]' in '100' second(s)

14-02-2025T14:31:14 - [MESSAGE][INFO] - Clearing text of object 'Object Repository/ANEF_Eloignement_V_Nawres/Page_Ajouter_Decision/input_Date_Notification'

14-02-2025T14:31:15 - [MESSAGE][INFO] - Finding web element from Test Object's properties

14-02-2025T14:31:15 - [MESSAGE][INFO] - Checking timeout

14-02-2025T14:31:15 - [MESSAGE][INFO] - Finding web element with id: 'Object Repository/ANEF_Eloignement_V_Nawres/Page_Ajouter_Decision/input_Date_Notification' located by 'By.xpath: //app-notification-modal//form//app-dsfr-input/div/input[@name="date_notification"]' in '100' second(s)

14-02-2025T14:31:15 - [MESSAGE][INFO] - Found 1 web elements with id: 'Object Repository/ANEF_Eloignement_V_Nawres/Page_Ajouter_Decision/input_Date_Notification' located by 'By.xpath: //app-notification-modal//form//app-dsfr-input/div/input[@name="date_notification"]' in '100' second(s)

14-02-2025T14:31:15 - [MESSAGE][INFO] - Setting text of object 'Object Repository/ANEF_Eloignement_V_Nawres/Page_Ajouter_Decision/input_Date_Notification' to value '14/02/2025'

14-02-2025T14:31:16 - [MESSAGE][PASSED] - Text '14/02/2025' is set on object 'Object Repository/ANEF_Eloignement_V_Nawres/Page_Ajouter_Decision/input_Date_Notification'

14-02-2025T14:31:16 - [TEST_STEP][PASSED] - if (ModeNotification == "Voie administrative"): Text '14:30' is set on object 'Object Repository/ANEF_Eloignement_V_Nawres/Page_Ajouter_Decision/input_Heure_Notification'

14-02-2025T14:31:16 - [TEST_STEP][PASSED] - setText(findTestObject("Object Repository/ANEF_Eloignement_V_Nawres/Page_Ajouter_Decision/input_Heure_Notification"), "14:30", STOP_ON_FAILURE): Text '14:30' is set on object 'Object Repository/ANEF_Eloignement_V_Nawres/Page_Ajouter_Decision/input_Heure_Notification'

14-02-2025T14:31:16 - [MESSAGE][INFO] - Finding Test Object 'Object Repository/ANEF_Eloignement_V_Nawres/Page_Ajouter_Decision/input_Heure_Notification'

14-02-2025T14:31:16 - [MESSAGE][INFO] - Checking timeout

14-02-2025T14:31:16 - [MESSAGE][INFO] - Finding web element with id: 'Object Repository/ANEF_Eloignement_V_Nawres/Page_Ajouter_Decision/input_Heure_Notification' located by 'By.xpath: //app-notification-modal//form//app-dsfr-input/div/input[@id="heure_notification"]' in '20' second(s)

14-02-2025T14:31:16 - [MESSAGE][INFO] - Found 1 web elements with id: 'Object Repository/ANEF_Eloignement_V_Nawres/Page_Ajouter_Decision/input_Heure_Notification' located by 'By.xpath: //app-notification-modal//form//app-dsfr-input/div/input[@id="heure_notification"]' in '20' second(s)

14-02-2025T14:31:16 - [MESSAGE][INFO] - Checking object

14-02-2025T14:31:16 - [MESSAGE][INFO] - Checking text

14-02-2025T14:31:16 - [MESSAGE][INFO] - Finding web element from Test Object's properties

14-02-2025T14:31:16 - [MESSAGE][INFO] - Checking timeout

14-02-2025T14:31:16 - [MESSAGE][INFO] - Finding web element with id: 'Object Repository/ANEF_Eloignement_V_Nawres/Page_Ajouter_Decision/input_Heure_Notification' located by 'By.xpath: //app-notification-modal//form//app-dsfr-input/div/input[@id="heure_notification"]' in '100' second(s)

14-02-2025T14:31:16 - [MESSAGE][INFO] - Found 1 web elements with id: 'Object Repository/ANEF_Eloignement_V_Nawres/Page_Ajouter_Decision/input_Heure_Notification' located by 'By.xpath: //app-notification-modal//form//app-dsfr-input/div/input[@id="heure_notification"]' in '100' second(s)

14-02-2025T14:31:16 - [MESSAGE][INFO] - Clearing text of object 'Object Repository/ANEF_Eloignement_V_Nawres/Page_Ajouter_Decision/input_Heure_Notification'

14-02-2025T14:31:17 - [MESSAGE][INFO] - Finding web element from Test Object's properties

14-02-2025T14:31:17 - [MESSAGE][INFO] - Checking timeout

14-02-2025T14:31:17 - [MESSAGE][INFO] - Finding web element with id: 'Object Repository/ANEF_Eloignement_V_Nawres/Page_Ajouter_Decision/input_Heure_Notification' located by 'By.xpath: //app-notification-modal//form//app-dsfr-input/div/input[@id="heure_notification"]' in '100' second(s)

14-02-2025T14:31:17 - [MESSAGE][INFO] - Found 1 web elements with id: 'Object Repository/ANEF_Eloignement_V_Nawres/Page_Ajouter_Decision/input_Heure_Notification' located by 'By.xpath: //app-notification-modal//form//app-dsfr-input/div/input[@id="heure_notification"]' in '100' second(s)

14-02-2025T14:31:17 - [MESSAGE][INFO] - Setting text of object 'Object Repository/ANEF_Eloignement_V_Nawres/Page_Ajouter_Decision/input_Heure_Notification' to value '14:30'

14-02-2025T14:31:18 - [MESSAGE][PASSED] - Text '14:30' is set on object 'Object Repository/ANEF_Eloignement_V_Nawres/Page_Ajouter_Decision/input_Heure_Notification'

14-02-2025T14:31:18 - [TEST_STEP][PASSED] - uploadFile(findTestObject("Object Repository/ANEF_Eloignement_V_Nawres/Page_Ajouter_Decision/input_Ajouter_Fichier_Notification"), getProjectDir() + "/Data Files/Fichier_Test.pdf"): File 'C:/Users/nbenjemi/Katalon Studio/ANEF-ELOIGNEMENT-20250121/ANEF-ELOIGNEMENT-20250121/Data Files/Fichier_Test.pdf' sent to object: 'Object Repository/ANEF_Eloignement_V_Nawres/Page_Ajouter_Decision/input_Ajouter_Fichier_Notification'

14-02-2025T14:31:18 - [MESSAGE][INFO] - Finding Test Object 'Object Repository/ANEF_Eloignement_V_Nawres/Page_Ajouter_Decision/input_Ajouter_Fichier_Notification'

14-02-2025T14:31:18 - [MESSAGE][INFO] - Checking object

14-02-2025T14:31:18 - [MESSAGE][INFO] - Uploading file 'C:/Users/nbenjemi/Katalon Studio/ANEF-ELOIGNEMENT-20250121/ANEF-ELOIGNEMENT-20250121/Data Files/Fichier_Test.pdf' to object: 'Object Repository/ANEF_Eloignement_V_Nawres/Page_Ajouter_Decision/input_Ajouter_Fichier_Notification'

14-02-2025T14:31:18 - [MESSAGE][INFO] - Finding web element from Test Object's properties

14-02-2025T14:31:18 - [MESSAGE][INFO] - Checking timeout

14-02-2025T14:31:18 - [MESSAGE][INFO] - Finding web element with id: 'Object Repository/ANEF_Eloignement_V_Nawres/Page_Ajouter_Decision/input_Ajouter_Fichier_Notification' located by 'By.xpath: //app-notification-modal//form//app-dsfr-piece-jointe//input' in '100' second(s)

14-02-2025T14:31:18 - [MESSAGE][INFO] - Found 1 web elements with id: 'Object Repository/ANEF_Eloignement_V_Nawres/Page_Ajouter_Decision/input_Ajouter_Fichier_Notification' located by 'By.xpath: //app-notification-modal//form//app-dsfr-piece-jointe//input' in '100' second(s)

14-02-2025T14:31:19 - [MESSAGE][PASSED] - File 'C:/Users/nbenjemi/Katalon Studio/ANEF-ELOIGNEMENT-20250121/ANEF-ELOIGNEMENT-20250121/Data Files/Fichier_Test.pdf' sent to object: 'Object Repository/ANEF_Eloignement_V_Nawres/Page_Ajouter_Decision/input_Ajouter_Fichier_Notification'

14-02-2025T14:31:19 - [TEST_STEP][PASSED] - scrollToElement(findTestObject("Object Repository/ANEF_Eloignement_V_Nawres/Page_Ajouter_Decision/btn_Confirmer_Ajout_Notification"), 5, STOP_ON_FAILURE): Scroll to object 'Object Repository/ANEF_Eloignement_V_Nawres/Page_Ajouter_Decision/btn_Confirmer_Ajout_Notification' successfully

14-02-2025T14:31:19 - [MESSAGE][INFO] - Finding Test Object 'Object Repository/ANEF_Eloignement_V_Nawres/Page_Ajouter_Decision/btn_Confirmer_Ajout_Notification'

14-02-2025T14:31:19 - [MESSAGE][INFO] - Checking object

14-02-2025T14:31:19 - [MESSAGE][INFO] - Checking timeout

14-02-2025T14:31:19 - [MESSAGE][INFO] - Finding web element from Test Object's properties

14-02-2025T14:31:19 - [MESSAGE][INFO] - Checking timeout

14-02-2025T14:31:19 - [MESSAGE][INFO] - Finding web element with id: 'Object Repository/ANEF_Eloignement_V_Nawres/Page_Ajouter_Decision/btn_Confirmer_Ajout_Notification' located by 'By.xpath: //app-notification-modal//button[contains(text(),"Confirmer l'ajout")]' in '100' second(s)

14-02-2025T14:31:19 - [MESSAGE][INFO] - Found 1 web elements with id: 'Object Repository/ANEF_Eloignement_V_Nawres/Page_Ajouter_Decision/btn_Confirmer_Ajout_Notification' located by 'By.xpath: //app-notification-modal//button[contains(text(),"Confirmer l'ajout")]' in '100' second(s)

14-02-2025T14:31:19 - [MESSAGE][INFO] - Scrolling to object 'Object Repository/ANEF_Eloignement_V_Nawres/Page_Ajouter_Decision/btn_Confirmer_Ajout_Notification'

14-02-2025T14:31:19 - [MESSAGE][PASSED] - Scroll to object 'Object Repository/ANEF_Eloignement_V_Nawres/Page_Ajouter_Decision/btn_Confirmer_Ajout_Notification' successfully

14-02-2025T14:31:19 - [TEST_STEP][PASSED] - click(findTestObject("Object Repository/ANEF_Eloignement_V_Nawres/Page_Ajouter_Decision/btn_Confirmer_Ajout_Notification"), STOP_ON_FAILURE): Object: 'Object Repository/ANEF_Eloignement_V_Nawres/Page_Ajouter_Decision/btn_Confirmer_Ajout_Notification' is clicked on

14-02-2025T14:31:19 - [MESSAGE][INFO] - Finding Test Object 'Object Repository/ANEF_Eloignement_V_Nawres/Page_Ajouter_Decision/btn_Confirmer_Ajout_Notification'

14-02-2025T14:31:19 - [MESSAGE][INFO] - Checking timeout

14-02-2025T14:31:19 - [MESSAGE][INFO] - Finding web element with id: 'Object Repository/ANEF_Eloignement_V_Nawres/Page_Ajouter_Decision/btn_Confirmer_Ajout_Notification' located by 'By.xpath: //app-notification-modal//button[contains(text(),"Confirmer l'ajout")]' in '20' second(s)

14-02-2025T14:31:19 - [MESSAGE][INFO] - Found 1 web elements with id: 'Object Repository/ANEF_Eloignement_V_Nawres/Page_Ajouter_Decision/btn_Confirmer_Ajout_Notification' located by 'By.xpath: //app-notification-modal//button[contains(text(),"Confirmer l'ajout")]' in '20' second(s)

14-02-2025T14:31:19 - [MESSAGE][INFO] - Checking object

14-02-2025T14:31:19 - [MESSAGE][INFO] - Checking timeout

14-02-2025T14:31:19 - [MESSAGE][INFO] - Finding web element from Test Object's properties

14-02-2025T14:31:19 - [MESSAGE][INFO] - Checking timeout

14-02-2025T14:31:19 - [MESSAGE][INFO] - Finding web element with id: 'Object Repository/ANEF_Eloignement_V_Nawres/Page_Ajouter_Decision/btn_Confirmer_Ajout_Notification' located by 'By.xpath: //app-notification-modal//button[contains(text(),"Confirmer l'ajout")]' in '100' second(s)

14-02-2025T14:31:19 - [MESSAGE][INFO] - Found 1 web elements with id: 'Object Repository/ANEF_Eloignement_V_Nawres/Page_Ajouter_Decision/btn_Confirmer_Ajout_Notification' located by 'By.xpath: //app-notification-modal//button[contains(text(),"Confirmer l'ajout")]' in '100' second(s)

14-02-2025T14:31:19 - [MESSAGE][INFO] - Clicking on object: 'Object Repository/ANEF_Eloignement_V_Nawres/Page_Ajouter_Decision/btn_Confirmer_Ajout_Notification'

14-02-2025T14:31:20 - [MESSAGE][PASSED] - Object: 'Object Repository/ANEF_Eloignement_V_Nawres/Page_Ajouter_Decision/btn_Confirmer_Ajout_Notification' is clicked on

14-02-2025T14:31:20 - [TEST_STEP][PASSED] - waitForElementClickable(findTestObject("Object Repository/ANEF_Eloignement_V_Nawres/Page_Ajouter_Decision/btn_Enregistrer"), 7, STOP_ON_FAILURE): Object 'Object Repository/ANEF_Eloignement_V_Nawres/Page_Ajouter_Decision/btn_Enregistrer' is clickable

14-02-2025T14:31:20 - [MESSAGE][INFO] - Finding Test Object 'Object Repository/ANEF_Eloignement_V_Nawres/Page_Ajouter_Decision/btn_Enregistrer'

14-02-2025T14:31:20 - [MESSAGE][INFO] - Checking object

14-02-2025T14:31:20 - [MESSAGE][INFO] - Checking timeout

14-02-2025T14:31:20 - [MESSAGE][INFO] - Finding web element from Test Object's properties

14-02-2025T14:31:20 - [MESSAGE][INFO] - Checking timeout

14-02-2025T14:31:20 - [MESSAGE][INFO] - Finding web element with id: 'Object Repository/ANEF_Eloignement_V_Nawres/Page_Ajouter_Decision/btn_Enregistrer' located by 'By.xpath: //button[contains(text(),"Enregistrer")]' in '7' second(s)

14-02-2025T14:31:20 - [MESSAGE][INFO] - Found 1 web elements with id: 'Object Repository/ANEF_Eloignement_V_Nawres/Page_Ajouter_Decision/btn_Enregistrer' located by 'By.xpath: //button[contains(text(),"Enregistrer")]' in '7' second(s)

14-02-2025T14:31:21 - [MESSAGE][PASSED] - Object 'Object Repository/ANEF_Eloignement_V_Nawres/Page_Ajouter_Decision/btn_Enregistrer' is clickable

14-02-2025T14:31:21 - [MESSAGE][PASSED] - Call Test Case 'Test Cases/Test Reutilisable/Main/ANEF_Eloignement_V_Nawres/ANEF_Ajouter_Decision' successfully

14-02-2025T14:31:23 - [TEST_STEP][PASSED] - Video: Video recording for test case 'Test Cases/Cas D Utilisations/ANEF_Eloignement_V_Nawres/TC_ANEF_Eloignement' .

14-02-2025T14:31:23 - [MESSAGE][INFO] - Video recording for test case 'Test Cases/Cas D Utilisations/ANEF_Eloignement_V_Nawres/TC_ANEF_Eloignement' .]]></system-out>
         <system-err><![CDATA[]]></system-err>
      </testcase>
      <testcase name="Test Cases/Cas D Utilisations/ANEF_Eloignement_V_Nawres/TC_ANEF_Eloignement" time="84.588" classname="Test Cases/Cas D Utilisations/ANEF_Eloignement_V_Nawres/TC_ANEF_Eloignement" status="PASSED">
         <system-out><![CDATA[14-02-2025T14:31:23 - [TEST_CASE][PASSED] - Test Cases/Cas D Utilisations/ANEF_Eloignement_V_Nawres/TC_ANEF_Eloignement: Test Cases/Cas D Utilisations/ANEF_Eloignement_V_Nawres/TC_ANEF_Eloignement

14-02-2025T14:31:23 - [TEST_STEP][PASSED] - callTestCase(findTestCase("Test Cases/Test Reutilisable/Main/ANEF_Eloignement_V_Nawres/ANEF_Lancer_URL_ANEF"), ["Profiles":Profiles, "EnvExec":EnvExec], STOP_ON_FAILURE): Call Test Case 'Test Cases/Test Reutilisable/Main/ANEF_Eloignement_V_Nawres/ANEF_Lancer_URL_ANEF' successfully

14-02-2025T14:31:23 - [MESSAGE][INFO] - Checking called Test Case

14-02-2025T14:31:23 - [MESSAGE][INFO] - Starting to call Test Case 'Test Cases/Test Reutilisable/Main/ANEF_Eloignement_V_Nawres/ANEF_Lancer_URL_ANEF'

14-02-2025T14:31:23 - [TEST_CASE][PASSED] - Test Cases/Test Reutilisable/Main/ANEF_Eloignement_V_Nawres/ANEF_Lancer_URL_ANEF: Test Cases/Test Reutilisable/Main/ANEF_Eloignement_V_Nawres/ANEF_Lancer_URL_ANEF

14-02-2025T14:31:23 - [TEST_STEP][PASSED] - "Call Highlight.on() automatically": null

14-02-2025T14:31:23 - [TEST_STEP][PASSED] - projDir = getProjectDir(): null

14-02-2025T14:31:23 - [TEST_STEP][PASSED] - RunBrowserConfiguration = getExecutionProperties(): null

14-02-2025T14:31:23 - [TEST_STEP][PASSED] - DriverName = get("WebUI").get("browserType"): null

14-02-2025T14:31:23 - [TEST_STEP][PASSED] - println("DriverName :" + DriverName): null

14-02-2025T14:31:23 - [TEST_STEP][PASSED] - println("Driverpath :" + RunBrowserConfiguration.get("drivers")): null

14-02-2025T14:31:23 - [TEST_STEP][PASSED] - if (Profiles == "Usager"): null

14-02-2025T14:31:23 - [TEST_STEP][PASSED] - if (Profiles == "Agent"): Current window maximized

14-02-2025T14:31:23 - [TEST_STEP][PASSED] - if (EnvExec == "URLPortailAgentQualif"): Browser is opened with url: 'https://qualification.siaef.dgef.interieur.gouv.fr/sejour/#/accueil'

14-02-2025T14:31:23 - [TEST_STEP][PASSED] - openBrowser(URLPortailAgentQualif): Browser is opened with url: 'https://qualification.siaef.dgef.interieur.gouv.fr/sejour/#/accueil'

14-02-2025T14:31:23 - [MESSAGE][INFO] - Opening browser

14-02-2025T14:31:23 - [MESSAGE][WARNING] - A browser is already opened. Closing browser and opening a new one

14-02-2025T14:31:24 - [MESSAGE][INFO] - Starting 'Chrome' driver

14-02-2025T14:31:24 - [MESSAGE][INFO] - User set preference: ['args', '[--incognito, --disable-search-engine-choice-screen, --enable-automation, --disable-save-password-bubble, --start-maximized, --remote-allow-origins=*]']

14-02-2025T14:31:24 - [MESSAGE][INFO] - User set preference: ['prefs', '{download.default_directory=${GlobalVariable.downloadPath}, download_dir=${GlobalVariable.downloadPath}, download.prompt_for_download=false}']

14-02-2025T14:31:24 - [MESSAGE][INFO] - User set preference: ['loggingPrefs', '{browser=ALL}']

14-02-2025T14:31:24 - [MESSAGE][INFO] - Action delay is set to 1â€¯000 milliseconds

14-02-2025T14:31:26 - [MESSAGE][INFO] - Navigating browser to: 'https://qualification.siaef.dgef.interieur.gouv.fr/sejour/#/accueil'

14-02-2025T14:31:28 - [MESSAGE][PASSED] - Browser is opened with url: 'https://qualification.siaef.dgef.interieur.gouv.fr/sejour/#/accueil'

14-02-2025T14:31:28 - [TEST_STEP][PASSED] - if (EnvExec == "URLPortailAgentPreProd"): null

14-02-2025T14:31:28 - [TEST_STEP][PASSED] - maximizeWindow(): Current window maximized

14-02-2025T14:31:28 - [MESSAGE][INFO] - Maximizing current window

14-02-2025T14:31:28 - [MESSAGE][PASSED] - Current window maximized

14-02-2025T14:31:28 - [MESSAGE][PASSED] - Call Test Case 'Test Cases/Test Reutilisable/Main/ANEF_Eloignement_V_Nawres/ANEF_Lancer_URL_ANEF' successfully

14-02-2025T14:31:28 - [TEST_STEP][PASSED] - callTestCase(findTestCase("Test Cases/Test Reutilisable/Main/ANEF_Eloignement_V_Nawres/ANEF_Identification"), ["Profiles":Profiles, "IdentifiantAgent":IdentifiantAgent, "PwAgent":PwAgent, "EnvExec":EnvExec], STOP_ON_FAILURE): Call Test Case 'Test Cases/Test Reutilisable/Main/ANEF_Eloignement_V_Nawres/ANEF_Identification' successfully

14-02-2025T14:31:28 - [MESSAGE][INFO] - Checking called Test Case

14-02-2025T14:31:28 - [MESSAGE][INFO] - Starting to call Test Case 'Test Cases/Test Reutilisable/Main/ANEF_Eloignement_V_Nawres/ANEF_Identification'

14-02-2025T14:31:28 - [TEST_CASE][PASSED] - Test Cases/Test Reutilisable/Main/ANEF_Eloignement_V_Nawres/ANEF_Identification: Test Cases/Test Reutilisable/Main/ANEF_Eloignement_V_Nawres/ANEF_Identification

14-02-2025T14:31:28 - [TEST_STEP][PASSED] - com.kazurayam.ksbackyard.HighlightElement.pandemic(): com.kazurayam.ksbackyard.HighlightElement.pandemic is PASSED

14-02-2025T14:31:28 - [MESSAGE][PASSED] - com.kazurayam.ksbackyard.HighlightElement.pandemic is PASSED

14-02-2025T14:31:28 - [TEST_STEP][PASSED] - if (Profiles == "Usager"): null

14-02-2025T14:31:28 - [TEST_STEP][PASSED] - if (Profiles == "Agent"): Object: 'Object Repository/ANEF_Eloignement_V_Nawres/Page_ANEF_Connexion/btn_Valider_Conx_Agent' is clicked on

14-02-2025T14:31:28 - [TEST_STEP][PASSED] - if (EnvExec == "URLPortailAgentQualif"): Text 'Natali12345!' is set on object 'Object Repository/ANEF_Eloignement_V_Nawres/Page_ANEF_Connexion/Input_PasswordAgent'

14-02-2025T14:31:28 - [TEST_STEP][PASSED] - setText(findTestObject("Object Repository/ANEF_Eloignement_V_Nawres/Page_ANEF_Connexion/Input_UserNameAgent"), IdentifiantAgent): Text 'test.gpe+32@outlook.fr' is set on object 'Object Repository/ANEF_Eloignement_V_Nawres/Page_ANEF_Connexion/Input_UserNameAgent'

14-02-2025T14:31:28 - [MESSAGE][INFO] - Finding Test Object 'Object Repository/ANEF_Eloignement_V_Nawres/Page_ANEF_Connexion/Input_UserNameAgent'

14-02-2025T14:31:28 - [MESSAGE][INFO] - Checking timeout

14-02-2025T14:31:28 - [MESSAGE][INFO] - Finding web element with id: 'Object Repository/ANEF_Eloignement_V_Nawres/Page_ANEF_Connexion/Input_UserNameAgent' located by 'By.xpath: //*[@aria-labelledby="username-label"]|//*[@id="login"]' in '20' second(s)

14-02-2025T14:31:28 - [MESSAGE][INFO] - Found 1 web elements with id: 'Object Repository/ANEF_Eloignement_V_Nawres/Page_ANEF_Connexion/Input_UserNameAgent' located by 'By.xpath: //*[@aria-labelledby="username-label"]|//*[@id="login"]' in '20' second(s)

14-02-2025T14:31:28 - [MESSAGE][INFO] - Checking object

14-02-2025T14:31:28 - [MESSAGE][INFO] - Checking text

14-02-2025T14:31:28 - [MESSAGE][INFO] - Finding web element from Test Object's properties

14-02-2025T14:31:28 - [MESSAGE][INFO] - Checking timeout

14-02-2025T14:31:28 - [MESSAGE][INFO] - Finding web element with id: 'Object Repository/ANEF_Eloignement_V_Nawres/Page_ANEF_Connexion/Input_UserNameAgent' located by 'By.xpath: //*[@aria-labelledby="username-label"]|//*[@id="login"]' in '100' second(s)

14-02-2025T14:31:28 - [MESSAGE][INFO] - Found 1 web elements with id: 'Object Repository/ANEF_Eloignement_V_Nawres/Page_ANEF_Connexion/Input_UserNameAgent' located by 'By.xpath: //*[@aria-labelledby="username-label"]|//*[@id="login"]' in '100' second(s)

14-02-2025T14:31:28 - [MESSAGE][INFO] - Clearing text of object 'Object Repository/ANEF_Eloignement_V_Nawres/Page_ANEF_Connexion/Input_UserNameAgent'

14-02-2025T14:31:29 - [MESSAGE][INFO] - Finding web element from Test Object's properties

14-02-2025T14:31:29 - [MESSAGE][INFO] - Checking timeout

14-02-2025T14:31:29 - [MESSAGE][INFO] - Finding web element with id: 'Object Repository/ANEF_Eloignement_V_Nawres/Page_ANEF_Connexion/Input_UserNameAgent' located by 'By.xpath: //*[@aria-labelledby="username-label"]|//*[@id="login"]' in '100' second(s)

14-02-2025T14:31:29 - [MESSAGE][INFO] - Found 1 web elements with id: 'Object Repository/ANEF_Eloignement_V_Nawres/Page_ANEF_Connexion/Input_UserNameAgent' located by 'By.xpath: //*[@aria-labelledby="username-label"]|//*[@id="login"]' in '100' second(s)

14-02-2025T14:31:29 - [MESSAGE][INFO] - Setting text of object 'Object Repository/ANEF_Eloignement_V_Nawres/Page_ANEF_Connexion/Input_UserNameAgent' to value 'test.gpe+32@outlook.fr'

14-02-2025T14:31:30 - [MESSAGE][PASSED] - Text 'test.gpe+32@outlook.fr' is set on object 'Object Repository/ANEF_Eloignement_V_Nawres/Page_ANEF_Connexion/Input_UserNameAgent'

14-02-2025T14:31:30 - [TEST_STEP][PASSED] - setText(findTestObject("Object Repository/ANEF_Eloignement_V_Nawres/Page_ANEF_Connexion/Input_PasswordAgent"), PwAgent): Text 'Natali12345!' is set on object 'Object Repository/ANEF_Eloignement_V_Nawres/Page_ANEF_Connexion/Input_PasswordAgent'

14-02-2025T14:31:30 - [MESSAGE][INFO] - Finding Test Object 'Object Repository/ANEF_Eloignement_V_Nawres/Page_ANEF_Connexion/Input_PasswordAgent'

14-02-2025T14:31:30 - [MESSAGE][INFO] - Checking timeout

14-02-2025T14:31:30 - [MESSAGE][INFO] - Finding web element with id: 'Object Repository/ANEF_Eloignement_V_Nawres/Page_ANEF_Connexion/Input_PasswordAgent' located by 'By.xpath: //*[@aria-labelledby="password-label"]|//*[@id="password"]' in '20' second(s)

14-02-2025T14:31:30 - [MESSAGE][INFO] - Found 1 web elements with id: 'Object Repository/ANEF_Eloignement_V_Nawres/Page_ANEF_Connexion/Input_PasswordAgent' located by 'By.xpath: //*[@aria-labelledby="password-label"]|//*[@id="password"]' in '20' second(s)

14-02-2025T14:31:30 - [MESSAGE][INFO] - Checking object

14-02-2025T14:31:30 - [MESSAGE][INFO] - Checking text

14-02-2025T14:31:30 - [MESSAGE][INFO] - Finding web element from Test Object's properties

14-02-2025T14:31:30 - [MESSAGE][INFO] - Checking timeout

14-02-2025T14:31:30 - [MESSAGE][INFO] - Finding web element with id: 'Object Repository/ANEF_Eloignement_V_Nawres/Page_ANEF_Connexion/Input_PasswordAgent' located by 'By.xpath: //*[@aria-labelledby="password-label"]|//*[@id="password"]' in '100' second(s)

14-02-2025T14:31:30 - [MESSAGE][INFO] - Found 1 web elements with id: 'Object Repository/ANEF_Eloignement_V_Nawres/Page_ANEF_Connexion/Input_PasswordAgent' located by 'By.xpath: //*[@aria-labelledby="password-label"]|//*[@id="password"]' in '100' second(s)

14-02-2025T14:31:30 - [MESSAGE][INFO] - Clearing text of object 'Object Repository/ANEF_Eloignement_V_Nawres/Page_ANEF_Connexion/Input_PasswordAgent'

14-02-2025T14:31:31 - [MESSAGE][INFO] - Finding web element from Test Object's properties

14-02-2025T14:31:31 - [MESSAGE][INFO] - Checking timeout

14-02-2025T14:31:31 - [MESSAGE][INFO] - Finding web element with id: 'Object Repository/ANEF_Eloignement_V_Nawres/Page_ANEF_Connexion/Input_PasswordAgent' located by 'By.xpath: //*[@aria-labelledby="password-label"]|//*[@id="password"]' in '100' second(s)

14-02-2025T14:31:31 - [MESSAGE][INFO] - Found 1 web elements with id: 'Object Repository/ANEF_Eloignement_V_Nawres/Page_ANEF_Connexion/Input_PasswordAgent' located by 'By.xpath: //*[@aria-labelledby="password-label"]|//*[@id="password"]' in '100' second(s)

14-02-2025T14:31:31 - [MESSAGE][INFO] - Setting text of object 'Object Repository/ANEF_Eloignement_V_Nawres/Page_ANEF_Connexion/Input_PasswordAgent' to value 'Natali12345!'

14-02-2025T14:31:33 - [MESSAGE][PASSED] - Text 'Natali12345!' is set on object 'Object Repository/ANEF_Eloignement_V_Nawres/Page_ANEF_Connexion/Input_PasswordAgent'

14-02-2025T14:31:33 - [TEST_STEP][PASSED] - if (EnvExec == "URLPortailAgentPreProd"): null

14-02-2025T14:31:33 - [TEST_STEP][PASSED] - click(findTestObject("Object Repository/ANEF_Eloignement_V_Nawres/Page_ANEF_Connexion/btn_Valider_Conx_Agent")): Object: 'Object Repository/ANEF_Eloignement_V_Nawres/Page_ANEF_Connexion/btn_Valider_Conx_Agent' is clicked on

14-02-2025T14:31:33 - [MESSAGE][INFO] - Finding Test Object 'Object Repository/ANEF_Eloignement_V_Nawres/Page_ANEF_Connexion/btn_Valider_Conx_Agent'

14-02-2025T14:31:33 - [MESSAGE][INFO] - Checking timeout

14-02-2025T14:31:33 - [MESSAGE][INFO] - Finding web element with id: 'Object Repository/ANEF_Eloignement_V_Nawres/Page_ANEF_Connexion/btn_Valider_Conx_Agent' located by 'By.xpath: //*[@label="Valider"]|//*[@id="btn-login"]' in '20' second(s)

14-02-2025T14:31:33 - [MESSAGE][INFO] - Found 1 web elements with id: 'Object Repository/ANEF_Eloignement_V_Nawres/Page_ANEF_Connexion/btn_Valider_Conx_Agent' located by 'By.xpath: //*[@label="Valider"]|//*[@id="btn-login"]' in '20' second(s)

14-02-2025T14:31:33 - [MESSAGE][INFO] - Checking object

14-02-2025T14:31:33 - [MESSAGE][INFO] - Checking timeout

14-02-2025T14:31:33 - [MESSAGE][INFO] - Finding web element from Test Object's properties

14-02-2025T14:31:33 - [MESSAGE][INFO] - Checking timeout

14-02-2025T14:31:33 - [MESSAGE][INFO] - Finding web element with id: 'Object Repository/ANEF_Eloignement_V_Nawres/Page_ANEF_Connexion/btn_Valider_Conx_Agent' located by 'By.xpath: //*[@label="Valider"]|//*[@id="btn-login"]' in '100' second(s)

14-02-2025T14:31:33 - [MESSAGE][INFO] - Found 1 web elements with id: 'Object Repository/ANEF_Eloignement_V_Nawres/Page_ANEF_Connexion/btn_Valider_Conx_Agent' located by 'By.xpath: //*[@label="Valider"]|//*[@id="btn-login"]' in '100' second(s)

14-02-2025T14:31:33 - [MESSAGE][INFO] - Clicking on object: 'Object Repository/ANEF_Eloignement_V_Nawres/Page_ANEF_Connexion/btn_Valider_Conx_Agent'

14-02-2025T14:31:34 - [MESSAGE][PASSED] - Object: 'Object Repository/ANEF_Eloignement_V_Nawres/Page_ANEF_Connexion/btn_Valider_Conx_Agent' is clicked on

14-02-2025T14:31:34 - [TEST_STEP][PASSED] - delay(5): Delayed 5 second(s)

14-02-2025T14:31:34 - [MESSAGE][INFO] - Delaying browser in 5 second(s)

14-02-2025T14:31:39 - [MESSAGE][PASSED] - Delayed 5 second(s)

14-02-2025T14:31:39 - [TEST_STEP][PASSED] - verifyElementPresent(findTestObject("Object Repository/ANEF_Eloignement_V_Nawres/Page_Accueil_Principale/btn_ANEF_Eloignement"), 1, STOP_ON_FAILURE): Object 'Object Repository/ANEF_Eloignement_V_Nawres/Page_Accueil_Principale/btn_ANEF_Eloignement' is present

14-02-2025T14:31:39 - [MESSAGE][INFO] - Finding Test Object 'Object Repository/ANEF_Eloignement_V_Nawres/Page_Accueil_Principale/btn_ANEF_Eloignement'

14-02-2025T14:31:39 - [MESSAGE][INFO] - Checking object

14-02-2025T14:31:39 - [MESSAGE][INFO] - Finding web element from Test Object's properties

14-02-2025T14:31:39 - [MESSAGE][INFO] - Checking timeout

14-02-2025T14:31:39 - [MESSAGE][INFO] - Finding web element with id: 'Object Repository/ANEF_Eloignement_V_Nawres/Page_Accueil_Principale/btn_ANEF_Eloignement' located by 'By.xpath: //span[contains(text()," ANEF Ã©loignement ")]' in '1' second(s)

14-02-2025T14:31:39 - [MESSAGE][INFO] - Found 1 web elements with id: 'Object Repository/ANEF_Eloignement_V_Nawres/Page_Accueil_Principale/btn_ANEF_Eloignement' located by 'By.xpath: //span[contains(text()," ANEF Ã©loignement ")]' in '1' second(s)

14-02-2025T14:31:39 - [MESSAGE][PASSED] - Object 'Object Repository/ANEF_Eloignement_V_Nawres/Page_Accueil_Principale/btn_ANEF_Eloignement' is present

14-02-2025T14:31:39 - [MESSAGE][PASSED] - Call Test Case 'Test Cases/Test Reutilisable/Main/ANEF_Eloignement_V_Nawres/ANEF_Identification' successfully

14-02-2025T14:31:39 - [TEST_STEP][PASSED] - callTestCase(findTestCase("Test Cases/Test Reutilisable/Main/ANEF_Eloignement_V_Nawres/ANEF_Creation_ou_Recherche_Dossier"), ["CreationOuRecherche":CreationOuRecherche, "NumeroEtranger":NumeroEtranger], STOP_ON_FAILURE): Call Test Case 'Test Cases/Test Reutilisable/Main/ANEF_Eloignement_V_Nawres/ANEF_Creation_ou_Recherche_Dossier' successfully

14-02-2025T14:31:39 - [MESSAGE][INFO] - Checking called Test Case

14-02-2025T14:31:39 - [MESSAGE][INFO] - Starting to call Test Case 'Test Cases/Test Reutilisable/Main/ANEF_Eloignement_V_Nawres/ANEF_Creation_ou_Recherche_Dossier'

14-02-2025T14:31:39 - [TEST_CASE][PASSED] - Test Cases/Test Reutilisable/Main/ANEF_Eloignement_V_Nawres/ANEF_Creation_ou_Recherche_Dossier: Test Cases/Test Reutilisable/Main/ANEF_Eloignement_V_Nawres/ANEF_Creation_ou_Recherche_Dossier

14-02-2025T14:31:39 - [TEST_STEP][PASSED] - click(findTestObject("Object Repository/ANEF_Eloignement_V_Nawres/Page_Accueil_Principale/btn_ANEF_Eloignement")): Object: 'Object Repository/ANEF_Eloignement_V_Nawres/Page_Accueil_Principale/btn_ANEF_Eloignement' is clicked on

14-02-2025T14:31:39 - [MESSAGE][INFO] - Finding Test Object 'Object Repository/ANEF_Eloignement_V_Nawres/Page_Accueil_Principale/btn_ANEF_Eloignement'

14-02-2025T14:31:39 - [MESSAGE][INFO] - Checking timeout

14-02-2025T14:31:39 - [MESSAGE][INFO] - Finding web element with id: 'Object Repository/ANEF_Eloignement_V_Nawres/Page_Accueil_Principale/btn_ANEF_Eloignement' located by 'By.xpath: //span[contains(text()," ANEF Ã©loignement ")]' in '20' second(s)

14-02-2025T14:31:39 - [MESSAGE][INFO] - Found 1 web elements with id: 'Object Repository/ANEF_Eloignement_V_Nawres/Page_Accueil_Principale/btn_ANEF_Eloignement' located by 'By.xpath: //span[contains(text()," ANEF Ã©loignement ")]' in '20' second(s)

14-02-2025T14:31:39 - [MESSAGE][INFO] - Checking object

14-02-2025T14:31:39 - [MESSAGE][INFO] - Checking timeout

14-02-2025T14:31:39 - [MESSAGE][INFO] - Finding web element from Test Object's properties

14-02-2025T14:31:39 - [MESSAGE][INFO] - Checking timeout

14-02-2025T14:31:39 - [MESSAGE][INFO] - Finding web element with id: 'Object Repository/ANEF_Eloignement_V_Nawres/Page_Accueil_Principale/btn_ANEF_Eloignement' located by 'By.xpath: //span[contains(text()," ANEF Ã©loignement ")]' in '100' second(s)

14-02-2025T14:31:39 - [MESSAGE][INFO] - Found 1 web elements with id: 'Object Repository/ANEF_Eloignement_V_Nawres/Page_Accueil_Principale/btn_ANEF_Eloignement' located by 'By.xpath: //span[contains(text()," ANEF Ã©loignement ")]' in '100' second(s)

14-02-2025T14:31:39 - [MESSAGE][INFO] - Clicking on object: 'Object Repository/ANEF_Eloignement_V_Nawres/Page_Accueil_Principale/btn_ANEF_Eloignement'

14-02-2025T14:31:42 - [MESSAGE][PASSED] - Object: 'Object Repository/ANEF_Eloignement_V_Nawres/Page_Accueil_Principale/btn_ANEF_Eloignement' is clicked on

14-02-2025T14:31:42 - [TEST_STEP][PASSED] - verifyElementPresent(findTestObject("Object Repository/ANEF_Eloignement_V_Nawres/Page_Creation_ou_Recherche_Dossier/btn_Rechercher_Dossier"), 1, STOP_ON_FAILURE): Object 'Object Repository/ANEF_Eloignement_V_Nawres/Page_Creation_ou_Recherche_Dossier/btn_Rechercher_Dossier' is present

14-02-2025T14:31:42 - [MESSAGE][INFO] - Finding Test Object 'Object Repository/ANEF_Eloignement_V_Nawres/Page_Creation_ou_Recherche_Dossier/btn_Rechercher_Dossier'

14-02-2025T14:31:42 - [MESSAGE][INFO] - Checking object

14-02-2025T14:31:42 - [MESSAGE][INFO] - Finding web element from Test Object's properties

14-02-2025T14:31:42 - [MESSAGE][INFO] - Checking timeout

14-02-2025T14:31:42 - [MESSAGE][INFO] - Finding web element with id: 'Object Repository/ANEF_Eloignement_V_Nawres/Page_Creation_ou_Recherche_Dossier/btn_Rechercher_Dossier' located by 'By.xpath: //button[@title="Rechercher un dossier"]' in '1' second(s)

14-02-2025T14:31:42 - [MESSAGE][INFO] - Found 1 web elements with id: 'Object Repository/ANEF_Eloignement_V_Nawres/Page_Creation_ou_Recherche_Dossier/btn_Rechercher_Dossier' located by 'By.xpath: //button[@title="Rechercher un dossier"]' in '1' second(s)

14-02-2025T14:31:42 - [MESSAGE][PASSED] - Object 'Object Repository/ANEF_Eloignement_V_Nawres/Page_Creation_ou_Recherche_Dossier/btn_Rechercher_Dossier' is present

14-02-2025T14:31:42 - [TEST_STEP][PASSED] - delay(5): Delayed 5 second(s)

14-02-2025T14:31:42 - [MESSAGE][INFO] - Delaying browser in 5 second(s)

14-02-2025T14:31:47 - [MESSAGE][PASSED] - Delayed 5 second(s)

14-02-2025T14:31:47 - [TEST_STEP][PASSED] - click(findTestObject("Object Repository/ANEF_Eloignement_V_Nawres/Page_Creation_ou_Recherche_Dossier/btn_Rechercher_Dossier")): Object: 'Object Repository/ANEF_Eloignement_V_Nawres/Page_Creation_ou_Recherche_Dossier/btn_Rechercher_Dossier' is clicked on

14-02-2025T14:31:47 - [MESSAGE][INFO] - Finding Test Object 'Object Repository/ANEF_Eloignement_V_Nawres/Page_Creation_ou_Recherche_Dossier/btn_Rechercher_Dossier'

14-02-2025T14:31:47 - [MESSAGE][INFO] - Checking timeout

14-02-2025T14:31:47 - [MESSAGE][INFO] - Finding web element with id: 'Object Repository/ANEF_Eloignement_V_Nawres/Page_Creation_ou_Recherche_Dossier/btn_Rechercher_Dossier' located by 'By.xpath: //button[@title="Rechercher un dossier"]' in '20' second(s)

14-02-2025T14:31:47 - [MESSAGE][INFO] - Found 1 web elements with id: 'Object Repository/ANEF_Eloignement_V_Nawres/Page_Creation_ou_Recherche_Dossier/btn_Rechercher_Dossier' located by 'By.xpath: //button[@title="Rechercher un dossier"]' in '20' second(s)

14-02-2025T14:31:47 - [MESSAGE][INFO] - Checking object

14-02-2025T14:31:47 - [MESSAGE][INFO] - Checking timeout

14-02-2025T14:31:47 - [MESSAGE][INFO] - Finding web element from Test Object's properties

14-02-2025T14:31:47 - [MESSAGE][INFO] - Checking timeout

14-02-2025T14:31:47 - [MESSAGE][INFO] - Finding web element with id: 'Object Repository/ANEF_Eloignement_V_Nawres/Page_Creation_ou_Recherche_Dossier/btn_Rechercher_Dossier' located by 'By.xpath: //button[@title="Rechercher un dossier"]' in '100' second(s)

14-02-2025T14:31:47 - [MESSAGE][INFO] - Found 1 web elements with id: 'Object Repository/ANEF_Eloignement_V_Nawres/Page_Creation_ou_Recherche_Dossier/btn_Rechercher_Dossier' located by 'By.xpath: //button[@title="Rechercher un dossier"]' in '100' second(s)

14-02-2025T14:31:47 - [MESSAGE][INFO] - Clicking on object: 'Object Repository/ANEF_Eloignement_V_Nawres/Page_Creation_ou_Recherche_Dossier/btn_Rechercher_Dossier'

14-02-2025T14:31:48 - [MESSAGE][PASSED] - Object: 'Object Repository/ANEF_Eloignement_V_Nawres/Page_Creation_ou_Recherche_Dossier/btn_Rechercher_Dossier' is clicked on

14-02-2025T14:31:48 - [TEST_STEP][PASSED] - if (CreationOuRecherche == "Creation"): null

14-02-2025T14:31:48 - [TEST_STEP][PASSED] - if (CreationOuRecherche == "Recherche"): Object: 'Object Repository/ANEF_Eloignement_V_Nawres/Page_Creation_ou_Recherche_Dossier/btn_Choisir_Dossier_Etranger' is clicked on

14-02-2025T14:31:48 - [TEST_STEP][PASSED] - setText(findTestObject("Object Repository/ANEF_Eloignement_V_Nawres/Page_Creation_ou_Recherche_Dossier/Input_Numero_etranger"), NumeroEtranger, STOP_ON_FAILURE): Text '7703056080' is set on object 'Object Repository/ANEF_Eloignement_V_Nawres/Page_Creation_ou_Recherche_Dossier/Input_Numero_etranger'

14-02-2025T14:31:48 - [MESSAGE][INFO] - Finding Test Object 'Object Repository/ANEF_Eloignement_V_Nawres/Page_Creation_ou_Recherche_Dossier/Input_Numero_etranger'

14-02-2025T14:31:48 - [MESSAGE][INFO] - Checking timeout

14-02-2025T14:31:48 - [MESSAGE][INFO] - Finding web element with id: 'Object Repository/ANEF_Eloignement_V_Nawres/Page_Creation_ou_Recherche_Dossier/Input_Numero_etranger' located by 'By.xpath: //app-identite-declaree-search-box//div/app-dsfr-input/div/input[@id="identifiant_agdref"]|//app-search-box//div/app-dsfr-input/div/input[@id="identifiant_agdref"]' in '20' second(s)

14-02-2025T14:31:48 - [MESSAGE][INFO] - Found 1 web elements with id: 'Object Repository/ANEF_Eloignement_V_Nawres/Page_Creation_ou_Recherche_Dossier/Input_Numero_etranger' located by 'By.xpath: //app-identite-declaree-search-box//div/app-dsfr-input/div/input[@id="identifiant_agdref"]|//app-search-box//div/app-dsfr-input/div/input[@id="identifiant_agdref"]' in '20' second(s)

14-02-2025T14:31:48 - [MESSAGE][INFO] - Checking object

14-02-2025T14:31:48 - [MESSAGE][INFO] - Checking text

14-02-2025T14:31:48 - [MESSAGE][INFO] - Finding web element from Test Object's properties

14-02-2025T14:31:48 - [MESSAGE][INFO] - Checking timeout

14-02-2025T14:31:48 - [MESSAGE][INFO] - Finding web element with id: 'Object Repository/ANEF_Eloignement_V_Nawres/Page_Creation_ou_Recherche_Dossier/Input_Numero_etranger' located by 'By.xpath: //app-identite-declaree-search-box//div/app-dsfr-input/div/input[@id="identifiant_agdref"]|//app-search-box//div/app-dsfr-input/div/input[@id="identifiant_agdref"]' in '100' second(s)

14-02-2025T14:31:48 - [MESSAGE][INFO] - Found 1 web elements with id: 'Object Repository/ANEF_Eloignement_V_Nawres/Page_Creation_ou_Recherche_Dossier/Input_Numero_etranger' located by 'By.xpath: //app-identite-declaree-search-box//div/app-dsfr-input/div/input[@id="identifiant_agdref"]|//app-search-box//div/app-dsfr-input/div/input[@id="identifiant_agdref"]' in '100' second(s)

14-02-2025T14:31:48 - [MESSAGE][INFO] - Clearing text of object 'Object Repository/ANEF_Eloignement_V_Nawres/Page_Creation_ou_Recherche_Dossier/Input_Numero_etranger'

14-02-2025T14:31:49 - [MESSAGE][INFO] - Finding web element from Test Object's properties

14-02-2025T14:31:49 - [MESSAGE][INFO] - Checking timeout

14-02-2025T14:31:49 - [MESSAGE][INFO] - Finding web element with id: 'Object Repository/ANEF_Eloignement_V_Nawres/Page_Creation_ou_Recherche_Dossier/Input_Numero_etranger' located by 'By.xpath: //app-identite-declaree-search-box//div/app-dsfr-input/div/input[@id="identifiant_agdref"]|//app-search-box//div/app-dsfr-input/div/input[@id="identifiant_agdref"]' in '100' second(s)

14-02-2025T14:31:49 - [MESSAGE][INFO] - Found 1 web elements with id: 'Object Repository/ANEF_Eloignement_V_Nawres/Page_Creation_ou_Recherche_Dossier/Input_Numero_etranger' located by 'By.xpath: //app-identite-declaree-search-box//div/app-dsfr-input/div/input[@id="identifiant_agdref"]|//app-search-box//div/app-dsfr-input/div/input[@id="identifiant_agdref"]' in '100' second(s)

14-02-2025T14:31:49 - [MESSAGE][INFO] - Setting text of object 'Object Repository/ANEF_Eloignement_V_Nawres/Page_Creation_ou_Recherche_Dossier/Input_Numero_etranger' to value '7703056080'

14-02-2025T14:31:50 - [MESSAGE][PASSED] - Text '7703056080' is set on object 'Object Repository/ANEF_Eloignement_V_Nawres/Page_Creation_ou_Recherche_Dossier/Input_Numero_etranger'

14-02-2025T14:31:50 - [TEST_STEP][PASSED] - click(findTestObject("Object Repository/ANEF_Eloignement_V_Nawres/Page_Creation_ou_Recherche_Dossier/Input_Numero_etranger"), STOP_ON_FAILURE): Object: 'Object Repository/ANEF_Eloignement_V_Nawres/Page_Creation_ou_Recherche_Dossier/Input_Numero_etranger' is clicked on

14-02-2025T14:31:50 - [MESSAGE][INFO] - Finding Test Object 'Object Repository/ANEF_Eloignement_V_Nawres/Page_Creation_ou_Recherche_Dossier/Input_Numero_etranger'

14-02-2025T14:31:50 - [MESSAGE][INFO] - Checking timeout

14-02-2025T14:31:50 - [MESSAGE][INFO] - Finding web element with id: 'Object Repository/ANEF_Eloignement_V_Nawres/Page_Creation_ou_Recherche_Dossier/Input_Numero_etranger' located by 'By.xpath: //app-identite-declaree-search-box//div/app-dsfr-input/div/input[@id="identifiant_agdref"]|//app-search-box//div/app-dsfr-input/div/input[@id="identifiant_agdref"]' in '20' second(s)

14-02-2025T14:31:50 - [MESSAGE][INFO] - Found 1 web elements with id: 'Object Repository/ANEF_Eloignement_V_Nawres/Page_Creation_ou_Recherche_Dossier/Input_Numero_etranger' located by 'By.xpath: //app-identite-declaree-search-box//div/app-dsfr-input/div/input[@id="identifiant_agdref"]|//app-search-box//div/app-dsfr-input/div/input[@id="identifiant_agdref"]' in '20' second(s)

14-02-2025T14:31:50 - [MESSAGE][INFO] - Checking object

14-02-2025T14:31:50 - [MESSAGE][INFO] - Checking timeout

14-02-2025T14:31:50 - [MESSAGE][INFO] - Finding web element from Test Object's properties

14-02-2025T14:31:50 - [MESSAGE][INFO] - Checking timeout

14-02-2025T14:31:50 - [MESSAGE][INFO] - Finding web element with id: 'Object Repository/ANEF_Eloignement_V_Nawres/Page_Creation_ou_Recherche_Dossier/Input_Numero_etranger' located by 'By.xpath: //app-identite-declaree-search-box//div/app-dsfr-input/div/input[@id="identifiant_agdref"]|//app-search-box//div/app-dsfr-input/div/input[@id="identifiant_agdref"]' in '100' second(s)

14-02-2025T14:31:50 - [MESSAGE][INFO] - Found 1 web elements with id: 'Object Repository/ANEF_Eloignement_V_Nawres/Page_Creation_ou_Recherche_Dossier/Input_Numero_etranger' located by 'By.xpath: //app-identite-declaree-search-box//div/app-dsfr-input/div/input[@id="identifiant_agdref"]|//app-search-box//div/app-dsfr-input/div/input[@id="identifiant_agdref"]' in '100' second(s)

14-02-2025T14:31:50 - [MESSAGE][INFO] - Clicking on object: 'Object Repository/ANEF_Eloignement_V_Nawres/Page_Creation_ou_Recherche_Dossier/Input_Numero_etranger'

14-02-2025T14:31:52 - [MESSAGE][PASSED] - Object: 'Object Repository/ANEF_Eloignement_V_Nawres/Page_Creation_ou_Recherche_Dossier/Input_Numero_etranger' is clicked on

14-02-2025T14:31:52 - [TEST_STEP][PASSED] - scrollToElement(findTestObject("Object Repository/ANEF_Eloignement_V_Nawres/Page_Creation_ou_Recherche_Dossier/btn_Lancer_La_Recherche"), 5, STOP_ON_FAILURE): Scroll to object 'Object Repository/ANEF_Eloignement_V_Nawres/Page_Creation_ou_Recherche_Dossier/btn_Lancer_La_Recherche' successfully

14-02-2025T14:31:52 - [MESSAGE][INFO] - Finding Test Object 'Object Repository/ANEF_Eloignement_V_Nawres/Page_Creation_ou_Recherche_Dossier/btn_Lancer_La_Recherche'

14-02-2025T14:31:52 - [MESSAGE][INFO] - Checking object

14-02-2025T14:31:52 - [MESSAGE][INFO] - Checking timeout

14-02-2025T14:31:52 - [MESSAGE][INFO] - Finding web element from Test Object's properties

14-02-2025T14:31:52 - [MESSAGE][INFO] - Checking timeout

14-02-2025T14:31:52 - [MESSAGE][INFO] - Finding web element with id: 'Object Repository/ANEF_Eloignement_V_Nawres/Page_Creation_ou_Recherche_Dossier/btn_Lancer_La_Recherche' located by 'By.xpath: //button[contains(text(),"Lancer la recherche ")]' in '100' second(s)

14-02-2025T14:31:52 - [MESSAGE][INFO] - Found 1 web elements with id: 'Object Repository/ANEF_Eloignement_V_Nawres/Page_Creation_ou_Recherche_Dossier/btn_Lancer_La_Recherche' located by 'By.xpath: //button[contains(text(),"Lancer la recherche ")]' in '100' second(s)

14-02-2025T14:31:52 - [MESSAGE][INFO] - Scrolling to object 'Object Repository/ANEF_Eloignement_V_Nawres/Page_Creation_ou_Recherche_Dossier/btn_Lancer_La_Recherche'

14-02-2025T14:31:52 - [MESSAGE][PASSED] - Scroll to object 'Object Repository/ANEF_Eloignement_V_Nawres/Page_Creation_ou_Recherche_Dossier/btn_Lancer_La_Recherche' successfully

14-02-2025T14:31:52 - [TEST_STEP][PASSED] - click(findTestObject("Object Repository/ANEF_Eloignement_V_Nawres/Page_Creation_ou_Recherche_Dossier/btn_Lancer_La_Recherche"), STOP_ON_FAILURE): Object: 'Object Repository/ANEF_Eloignement_V_Nawres/Page_Creation_ou_Recherche_Dossier/btn_Lancer_La_Recherche' is clicked on

14-02-2025T14:31:52 - [MESSAGE][INFO] - Finding Test Object 'Object Repository/ANEF_Eloignement_V_Nawres/Page_Creation_ou_Recherche_Dossier/btn_Lancer_La_Recherche'

14-02-2025T14:31:52 - [MESSAGE][INFO] - Checking timeout

14-02-2025T14:31:52 - [MESSAGE][INFO] - Finding web element with id: 'Object Repository/ANEF_Eloignement_V_Nawres/Page_Creation_ou_Recherche_Dossier/btn_Lancer_La_Recherche' located by 'By.xpath: //button[contains(text(),"Lancer la recherche ")]' in '20' second(s)

14-02-2025T14:31:52 - [MESSAGE][INFO] - Found 1 web elements with id: 'Object Repository/ANEF_Eloignement_V_Nawres/Page_Creation_ou_Recherche_Dossier/btn_Lancer_La_Recherche' located by 'By.xpath: //button[contains(text(),"Lancer la recherche ")]' in '20' second(s)

14-02-2025T14:31:52 - [MESSAGE][INFO] - Checking object

14-02-2025T14:31:52 - [MESSAGE][INFO] - Checking timeout

14-02-2025T14:31:52 - [MESSAGE][INFO] - Finding web element from Test Object's properties

14-02-2025T14:31:52 - [MESSAGE][INFO] - Checking timeout

14-02-2025T14:31:52 - [MESSAGE][INFO] - Finding web element with id: 'Object Repository/ANEF_Eloignement_V_Nawres/Page_Creation_ou_Recherche_Dossier/btn_Lancer_La_Recherche' located by 'By.xpath: //button[contains(text(),"Lancer la recherche ")]' in '100' second(s)

14-02-2025T14:31:52 - [MESSAGE][INFO] - Found 1 web elements with id: 'Object Repository/ANEF_Eloignement_V_Nawres/Page_Creation_ou_Recherche_Dossier/btn_Lancer_La_Recherche' located by 'By.xpath: //button[contains(text(),"Lancer la recherche ")]' in '100' second(s)

14-02-2025T14:31:52 - [MESSAGE][INFO] - Clicking on object: 'Object Repository/ANEF_Eloignement_V_Nawres/Page_Creation_ou_Recherche_Dossier/btn_Lancer_La_Recherche'

14-02-2025T14:31:53 - [MESSAGE][PASSED] - Object: 'Object Repository/ANEF_Eloignement_V_Nawres/Page_Creation_ou_Recherche_Dossier/btn_Lancer_La_Recherche' is clicked on

14-02-2025T14:31:53 - [TEST_STEP][PASSED] - delay(5): Delayed 5 second(s)

14-02-2025T14:31:53 - [MESSAGE][INFO] - Delaying browser in 5 second(s)

14-02-2025T14:31:58 - [MESSAGE][PASSED] - Delayed 5 second(s)

14-02-2025T14:31:58 - [TEST_STEP][PASSED] - scrollToElement(findTestObject("Object Repository/ANEF_Eloignement_V_Nawres/Page_Creation_ou_Recherche_Dossier/btn_Radio_Selectionner_Dossier"), 5, STOP_ON_FAILURE): Scroll to object 'Object Repository/ANEF_Eloignement_V_Nawres/Page_Creation_ou_Recherche_Dossier/btn_Radio_Selectionner_Dossier' successfully

14-02-2025T14:31:58 - [MESSAGE][INFO] - Finding Test Object 'Object Repository/ANEF_Eloignement_V_Nawres/Page_Creation_ou_Recherche_Dossier/btn_Radio_Selectionner_Dossier'

14-02-2025T14:31:58 - [MESSAGE][INFO] - Checking object

14-02-2025T14:31:58 - [MESSAGE][INFO] - Checking timeout

14-02-2025T14:31:58 - [MESSAGE][INFO] - Finding web element from Test Object's properties

14-02-2025T14:31:58 - [MESSAGE][INFO] - Checking timeout

14-02-2025T14:31:58 - [MESSAGE][INFO] - Finding web element with id: 'Object Repository/ANEF_Eloignement_V_Nawres/Page_Creation_ou_Recherche_Dossier/btn_Radio_Selectionner_Dossier' located by 'By.xpath: //app-search-etranger/app-search-result-etranger//table/tbody/tr//label' in '100' second(s)

14-02-2025T14:31:58 - [MESSAGE][INFO] - Found 1 web elements with id: 'Object Repository/ANEF_Eloignement_V_Nawres/Page_Creation_ou_Recherche_Dossier/btn_Radio_Selectionner_Dossier' located by 'By.xpath: //app-search-etranger/app-search-result-etranger//table/tbody/tr//label' in '100' second(s)

14-02-2025T14:31:58 - [MESSAGE][INFO] - Scrolling to object 'Object Repository/ANEF_Eloignement_V_Nawres/Page_Creation_ou_Recherche_Dossier/btn_Radio_Selectionner_Dossier'

14-02-2025T14:31:58 - [MESSAGE][PASSED] - Scroll to object 'Object Repository/ANEF_Eloignement_V_Nawres/Page_Creation_ou_Recherche_Dossier/btn_Radio_Selectionner_Dossier' successfully

14-02-2025T14:31:58 - [TEST_STEP][PASSED] - click(findTestObject("Object Repository/ANEF_Eloignement_V_Nawres/Page_Creation_ou_Recherche_Dossier/btn_Radio_Selectionner_Dossier"), STOP_ON_FAILURE): Object: 'Object Repository/ANEF_Eloignement_V_Nawres/Page_Creation_ou_Recherche_Dossier/btn_Radio_Selectionner_Dossier' is clicked on

14-02-2025T14:31:58 - [MESSAGE][INFO] - Finding Test Object 'Object Repository/ANEF_Eloignement_V_Nawres/Page_Creation_ou_Recherche_Dossier/btn_Radio_Selectionner_Dossier'

14-02-2025T14:31:58 - [MESSAGE][INFO] - Checking timeout

14-02-2025T14:31:58 - [MESSAGE][INFO] - Finding web element with id: 'Object Repository/ANEF_Eloignement_V_Nawres/Page_Creation_ou_Recherche_Dossier/btn_Radio_Selectionner_Dossier' located by 'By.xpath: //app-search-etranger/app-search-result-etranger//table/tbody/tr//label' in '20' second(s)

14-02-2025T14:31:58 - [MESSAGE][INFO] - Found 1 web elements with id: 'Object Repository/ANEF_Eloignement_V_Nawres/Page_Creation_ou_Recherche_Dossier/btn_Radio_Selectionner_Dossier' located by 'By.xpath: //app-search-etranger/app-search-result-etranger//table/tbody/tr//label' in '20' second(s)

14-02-2025T14:31:58 - [MESSAGE][INFO] - Checking object

14-02-2025T14:31:58 - [MESSAGE][INFO] - Checking timeout

14-02-2025T14:31:58 - [MESSAGE][INFO] - Finding web element from Test Object's properties

14-02-2025T14:31:58 - [MESSAGE][INFO] - Checking timeout

14-02-2025T14:31:58 - [MESSAGE][INFO] - Finding web element with id: 'Object Repository/ANEF_Eloignement_V_Nawres/Page_Creation_ou_Recherche_Dossier/btn_Radio_Selectionner_Dossier' located by 'By.xpath: //app-search-etranger/app-search-result-etranger//table/tbody/tr//label' in '100' second(s)

14-02-2025T14:31:58 - [MESSAGE][INFO] - Found 1 web elements with id: 'Object Repository/ANEF_Eloignement_V_Nawres/Page_Creation_ou_Recherche_Dossier/btn_Radio_Selectionner_Dossier' located by 'By.xpath: //app-search-etranger/app-search-result-etranger//table/tbody/tr//label' in '100' second(s)

14-02-2025T14:31:58 - [MESSAGE][INFO] - Clicking on object: 'Object Repository/ANEF_Eloignement_V_Nawres/Page_Creation_ou_Recherche_Dossier/btn_Radio_Selectionner_Dossier'

14-02-2025T14:31:59 - [MESSAGE][PASSED] - Object: 'Object Repository/ANEF_Eloignement_V_Nawres/Page_Creation_ou_Recherche_Dossier/btn_Radio_Selectionner_Dossier' is clicked on

14-02-2025T14:31:59 - [TEST_STEP][PASSED] - click(findTestObject("Object Repository/ANEF_Eloignement_V_Nawres/Page_Creation_ou_Recherche_Dossier/btn_Choisir_Dossier_Etranger"), STOP_ON_FAILURE): Object: 'Object Repository/ANEF_Eloignement_V_Nawres/Page_Creation_ou_Recherche_Dossier/btn_Choisir_Dossier_Etranger' is clicked on

14-02-2025T14:31:59 - [MESSAGE][INFO] - Finding Test Object 'Object Repository/ANEF_Eloignement_V_Nawres/Page_Creation_ou_Recherche_Dossier/btn_Choisir_Dossier_Etranger'

14-02-2025T14:31:59 - [MESSAGE][INFO] - Checking timeout

14-02-2025T14:31:59 - [MESSAGE][INFO] - Finding web element with id: 'Object Repository/ANEF_Eloignement_V_Nawres/Page_Creation_ou_Recherche_Dossier/btn_Choisir_Dossier_Etranger' located by 'By.xpath: //button[contains(text(),"Choisir un dossier Ã©tranger")]' in '20' second(s)

14-02-2025T14:31:59 - [MESSAGE][INFO] - Found 1 web elements with id: 'Object Repository/ANEF_Eloignement_V_Nawres/Page_Creation_ou_Recherche_Dossier/btn_Choisir_Dossier_Etranger' located by 'By.xpath: //button[contains(text(),"Choisir un dossier Ã©tranger")]' in '20' second(s)

14-02-2025T14:31:59 - [MESSAGE][INFO] - Checking object

14-02-2025T14:31:59 - [MESSAGE][INFO] - Checking timeout

14-02-2025T14:31:59 - [MESSAGE][INFO] - Finding web element from Test Object's properties

14-02-2025T14:31:59 - [MESSAGE][INFO] - Checking timeout

14-02-2025T14:31:59 - [MESSAGE][INFO] - Finding web element with id: 'Object Repository/ANEF_Eloignement_V_Nawres/Page_Creation_ou_Recherche_Dossier/btn_Choisir_Dossier_Etranger' located by 'By.xpath: //button[contains(text(),"Choisir un dossier Ã©tranger")]' in '100' second(s)

14-02-2025T14:31:59 - [MESSAGE][INFO] - Found 1 web elements with id: 'Object Repository/ANEF_Eloignement_V_Nawres/Page_Creation_ou_Recherche_Dossier/btn_Choisir_Dossier_Etranger' located by 'By.xpath: //button[contains(text(),"Choisir un dossier Ã©tranger")]' in '100' second(s)

14-02-2025T14:31:59 - [MESSAGE][INFO] - Clicking on object: 'Object Repository/ANEF_Eloignement_V_Nawres/Page_Creation_ou_Recherche_Dossier/btn_Choisir_Dossier_Etranger'

14-02-2025T14:32:01 - [MESSAGE][PASSED] - Object: 'Object Repository/ANEF_Eloignement_V_Nawres/Page_Creation_ou_Recherche_Dossier/btn_Choisir_Dossier_Etranger' is clicked on

14-02-2025T14:32:01 - [MESSAGE][PASSED] - Call Test Case 'Test Cases/Test Reutilisable/Main/ANEF_Eloignement_V_Nawres/ANEF_Creation_ou_Recherche_Dossier' successfully

14-02-2025T14:32:01 - [TEST_STEP][PASSED] - if (CreationOuRecherche == "Creation"): null

14-02-2025T14:32:01 - [TEST_STEP][PASSED] - println(NumeroEtranger): null

14-02-2025T14:32:01 - [TEST_STEP][PASSED] - callTestCase(findTestCase("Test Cases/Test Reutilisable/Main/ANEF_Eloignement_V_Nawres/ANEF_Prendre_Mesure"), ["Mesure":Mesure, "FondementLegal":FondementLegal, "NatureDeLacteExpulsion":NatureDeLacteExpulsion, "NatureDeLacteExpulsion":NatureDeLacteExpulsion, ... ], STOP_ON_FAILURE): Call Test Case 'Test Cases/Test Reutilisable/Main/ANEF_Eloignement_V_Nawres/ANEF_Prendre_Mesure' successfully

14-02-2025T14:32:01 - [MESSAGE][INFO] - Checking called Test Case

14-02-2025T14:32:01 - [MESSAGE][INFO] - Starting to call Test Case 'Test Cases/Test Reutilisable/Main/ANEF_Eloignement_V_Nawres/ANEF_Prendre_Mesure'

14-02-2025T14:32:01 - [TEST_CASE][PASSED] - Test Cases/Test Reutilisable/Main/ANEF_Eloignement_V_Nawres/ANEF_Prendre_Mesure: Test Cases/Test Reutilisable/Main/ANEF_Eloignement_V_Nawres/ANEF_Prendre_Mesure

14-02-2025T14:32:01 - [TEST_STEP][PASSED] - click(findTestObject("Object Repository/ANEF_Eloignement_V_Nawres/Page_Prendre_Mesure/btn_Prendre_Mesure"), STOP_ON_FAILURE): Object: 'Object Repository/ANEF_Eloignement_V_Nawres/Page_Prendre_Mesure/btn_Prendre_Mesure' is clicked on

14-02-2025T14:32:01 - [MESSAGE][INFO] - Finding Test Object 'Object Repository/ANEF_Eloignement_V_Nawres/Page_Prendre_Mesure/btn_Prendre_Mesure'

14-02-2025T14:32:01 - [MESSAGE][INFO] - Checking timeout

14-02-2025T14:32:01 - [MESSAGE][INFO] - Finding web element with id: 'Object Repository/ANEF_Eloignement_V_Nawres/Page_Prendre_Mesure/btn_Prendre_Mesure' located by 'By.xpath: //button[@title="Prendre une Mesure"]' in '20' second(s)

14-02-2025T14:32:02 - [MESSAGE][INFO] - Found 1 web elements with id: 'Object Repository/ANEF_Eloignement_V_Nawres/Page_Prendre_Mesure/btn_Prendre_Mesure' located by 'By.xpath: //button[@title="Prendre une Mesure"]' in '20' second(s)

14-02-2025T14:32:02 - [MESSAGE][INFO] - Checking object

14-02-2025T14:32:02 - [MESSAGE][INFO] - Checking timeout

14-02-2025T14:32:02 - [MESSAGE][INFO] - Finding web element from Test Object's properties

14-02-2025T14:32:02 - [MESSAGE][INFO] - Checking timeout

14-02-2025T14:32:02 - [MESSAGE][INFO] - Finding web element with id: 'Object Repository/ANEF_Eloignement_V_Nawres/Page_Prendre_Mesure/btn_Prendre_Mesure' located by 'By.xpath: //button[@title="Prendre une Mesure"]' in '100' second(s)

14-02-2025T14:32:02 - [MESSAGE][INFO] - Found 1 web elements with id: 'Object Repository/ANEF_Eloignement_V_Nawres/Page_Prendre_Mesure/btn_Prendre_Mesure' located by 'By.xpath: //button[@title="Prendre une Mesure"]' in '100' second(s)

14-02-2025T14:32:02 - [MESSAGE][INFO] - Clicking on object: 'Object Repository/ANEF_Eloignement_V_Nawres/Page_Prendre_Mesure/btn_Prendre_Mesure'

14-02-2025T14:32:03 - [MESSAGE][PASSED] - Object: 'Object Repository/ANEF_Eloignement_V_Nawres/Page_Prendre_Mesure/btn_Prendre_Mesure' is clicked on

14-02-2025T14:32:03 - [TEST_STEP][PASSED] - delay(5): Delayed 5 second(s)

14-02-2025T14:32:03 - [MESSAGE][INFO] - Delaying browser in 5 second(s)

14-02-2025T14:32:08 - [MESSAGE][PASSED] - Delayed 5 second(s)

14-02-2025T14:32:08 - [TEST_STEP][PASSED] - switch (Mesure): null

14-02-2025T14:32:08 - [TEST_STEP][PASSED] - case "OQTF":: null

14-02-2025T14:32:08 - [TEST_STEP][PASSED] - selectOptionByLabel(findTestObject("Object Repository/ANEF_Eloignement_V_Nawres/Page_Prendre_Mesure/select_Type_Mesure"), "OQTF", false, STOP_ON_FAILURE): All options with label 'OQTF' are selected in object 'Object Repository/ANEF_Eloignement_V_Nawres/Page_Prendre_Mesure/select_Type_Mesure' 

14-02-2025T14:32:08 - [MESSAGE][INFO] - Finding Test Object 'Object Repository/ANEF_Eloignement_V_Nawres/Page_Prendre_Mesure/select_Type_Mesure'

14-02-2025T14:32:08 - [MESSAGE][INFO] - Checking timeout

14-02-2025T14:32:08 - [MESSAGE][INFO] - Finding web element with id: 'Object Repository/ANEF_Eloignement_V_Nawres/Page_Prendre_Mesure/select_Type_Mesure' located by 'By.xpath: //select[@id="typeMesure"]' in '20' second(s)

14-02-2025T14:32:08 - [MESSAGE][INFO] - Found 1 web elements with id: 'Object Repository/ANEF_Eloignement_V_Nawres/Page_Prendre_Mesure/select_Type_Mesure' located by 'By.xpath: //select[@id="typeMesure"]' in '20' second(s)

14-02-2025T14:32:08 - [MESSAGE][INFO] - Checking object

14-02-2025T14:32:08 - [MESSAGE][INFO] - Checking label parameter

14-02-2025T14:32:08 - [MESSAGE][INFO] - Finding web element from Test Object's properties

14-02-2025T14:32:08 - [MESSAGE][INFO] - Checking timeout

14-02-2025T14:32:08 - [MESSAGE][INFO] - Finding web element with id: 'Object Repository/ANEF_Eloignement_V_Nawres/Page_Prendre_Mesure/select_Type_Mesure' located by 'By.xpath: //select[@id="typeMesure"]' in '100' second(s)

14-02-2025T14:32:08 - [MESSAGE][INFO] - Found 1 web elements with id: 'Object Repository/ANEF_Eloignement_V_Nawres/Page_Prendre_Mesure/select_Type_Mesure' located by 'By.xpath: //select[@id="typeMesure"]' in '100' second(s)

14-02-2025T14:32:08 - [MESSAGE][INFO] - Selecting options on object 'Object Repository/ANEF_Eloignement_V_Nawres/Page_Prendre_Mesure/select_Type_Mesure' with label 'OQTF' 

14-02-2025T14:32:09 - [MESSAGE][PASSED] - All options with label 'OQTF' are selected in object 'Object Repository/ANEF_Eloignement_V_Nawres/Page_Prendre_Mesure/select_Type_Mesure' 

14-02-2025T14:32:09 - [TEST_STEP][PASSED] - click(findTestObject("Object Repository/ANEF_Eloignement_V_Nawres/Page_Prendre_Mesure/btn_Confirmer_Mesure"), STOP_ON_FAILURE): Object: 'Object Repository/ANEF_Eloignement_V_Nawres/Page_Prendre_Mesure/btn_Confirmer_Mesure' is clicked on

14-02-2025T14:32:09 - [MESSAGE][INFO] - Finding Test Object 'Object Repository/ANEF_Eloignement_V_Nawres/Page_Prendre_Mesure/btn_Confirmer_Mesure'

14-02-2025T14:32:09 - [MESSAGE][INFO] - Checking timeout

14-02-2025T14:32:09 - [MESSAGE][INFO] - Finding web element with id: 'Object Repository/ANEF_Eloignement_V_Nawres/Page_Prendre_Mesure/btn_Confirmer_Mesure' located by 'By.xpath: //button[@id="btn-confirme-decision"]' in '20' second(s)

14-02-2025T14:32:09 - [MESSAGE][INFO] - Found 1 web elements with id: 'Object Repository/ANEF_Eloignement_V_Nawres/Page_Prendre_Mesure/btn_Confirmer_Mesure' located by 'By.xpath: //button[@id="btn-confirme-decision"]' in '20' second(s)

14-02-2025T14:32:09 - [MESSAGE][INFO] - Checking object

14-02-2025T14:32:09 - [MESSAGE][INFO] - Checking timeout

14-02-2025T14:32:09 - [MESSAGE][INFO] - Finding web element from Test Object's properties

14-02-2025T14:32:09 - [MESSAGE][INFO] - Checking timeout

14-02-2025T14:32:09 - [MESSAGE][INFO] - Finding web element with id: 'Object Repository/ANEF_Eloignement_V_Nawres/Page_Prendre_Mesure/btn_Confirmer_Mesure' located by 'By.xpath: //button[@id="btn-confirme-decision"]' in '100' second(s)

14-02-2025T14:32:09 - [MESSAGE][INFO] - Found 1 web elements with id: 'Object Repository/ANEF_Eloignement_V_Nawres/Page_Prendre_Mesure/btn_Confirmer_Mesure' located by 'By.xpath: //button[@id="btn-confirme-decision"]' in '100' second(s)

14-02-2025T14:32:09 - [MESSAGE][INFO] - Clicking on object: 'Object Repository/ANEF_Eloignement_V_Nawres/Page_Prendre_Mesure/btn_Confirmer_Mesure'

14-02-2025T14:32:10 - [MESSAGE][PASSED] - Object: 'Object Repository/ANEF_Eloignement_V_Nawres/Page_Prendre_Mesure/btn_Confirmer_Mesure' is clicked on

14-02-2025T14:32:10 - [TEST_STEP][PASSED] - verifyElementPresent(findTestObject("Object Repository/ANEF_Eloignement_V_Nawres/Page_Prendre_Mesure/btn_Supprimer_Fiche_Mesure"), 2, STOP_ON_FAILURE): Object 'Object Repository/ANEF_Eloignement_V_Nawres/Page_Prendre_Mesure/btn_Supprimer_Fiche_Mesure' is present

14-02-2025T14:32:10 - [MESSAGE][INFO] - Finding Test Object 'Object Repository/ANEF_Eloignement_V_Nawres/Page_Prendre_Mesure/btn_Supprimer_Fiche_Mesure'

14-02-2025T14:32:10 - [MESSAGE][INFO] - Checking object

14-02-2025T14:32:10 - [MESSAGE][INFO] - Finding web element from Test Object's properties

14-02-2025T14:32:10 - [MESSAGE][INFO] - Checking timeout

14-02-2025T14:32:10 - [MESSAGE][INFO] - Finding web element with id: 'Object Repository/ANEF_Eloignement_V_Nawres/Page_Prendre_Mesure/btn_Supprimer_Fiche_Mesure' located by 'By.xpath: //button[@title="Supprimer une Mesure"]' in '2' second(s)

14-02-2025T14:32:12 - [MESSAGE][INFO] - Found 1 web elements with id: 'Object Repository/ANEF_Eloignement_V_Nawres/Page_Prendre_Mesure/btn_Supprimer_Fiche_Mesure' located by 'By.xpath: //button[@title="Supprimer une Mesure"]' in '2' second(s)

14-02-2025T14:32:12 - [MESSAGE][PASSED] - Object 'Object Repository/ANEF_Eloignement_V_Nawres/Page_Prendre_Mesure/btn_Supprimer_Fiche_Mesure' is present

14-02-2025T14:32:12 - [TEST_STEP][PASSED] - break: null

14-02-2025T14:32:12 - [TEST_STEP][PASSED] - callTestCase(findTestCase("Test Cases/Test Reutilisable/Main/ANEF_Eloignement_V_Nawres/ANEF_Prendre_Mesure_Formulaire"), ["Mesure":Mesure, "FondementLegal":FondementLegal, "NatureDeLacteExpulsion":NatureDeLacteExpulsion, "UrgenceAbsolueExpulsion":UrgenceAbsolueExpulsion, ... ], STOP_ON_FAILURE): Call Test Case 'Test Cases/Test Reutilisable/Main/ANEF_Eloignement_V_Nawres/ANEF_Prendre_Mesure_Formulaire' successfully

14-02-2025T14:32:12 - [MESSAGE][INFO] - Checking called Test Case

14-02-2025T14:32:12 - [MESSAGE][INFO] - Starting to call Test Case 'Test Cases/Test Reutilisable/Main/ANEF_Eloignement_V_Nawres/ANEF_Prendre_Mesure_Formulaire'

14-02-2025T14:32:12 - [TEST_CASE][PASSED] - Test Cases/Test Reutilisable/Main/ANEF_Eloignement_V_Nawres/ANEF_Prendre_Mesure_Formulaire: Test Cases/Test Reutilisable/Main/ANEF_Eloignement_V_Nawres/ANEF_Prendre_Mesure_Formulaire

14-02-2025T14:32:12 - [TEST_STEP][PASSED] - calendar = Calendar.getInstance(): null

14-02-2025T14:32:12 - [TEST_STEP][PASSED] - currentDate = calendar.getTime(): null

14-02-2025T14:32:12 - [TEST_STEP][PASSED] - sdf = new java.text.SimpleDateFormat(dd/MM/yyyy): null

14-02-2025T14:32:12 - [TEST_STEP][PASSED] - formattedDate = sdf.format(currentDate): null

14-02-2025T14:32:12 - [TEST_STEP][PASSED] - DateActuelle = formattedDate.toString(): null

14-02-2025T14:32:12 - [TEST_STEP][PASSED] - println(DateActuelle): null

14-02-2025T14:32:12 - [TEST_STEP][PASSED] - if (Mesure != "ITF"): null

14-02-2025T14:32:12 - [TEST_STEP][PASSED] - selectOptionByLabel(findTestObject("Object Repository/ANEF_Eloignement_V_Nawres/Page_Prendre_Mesure_Formulaire/select_Fondement_Legal"), FondementLegal, false, STOP_ON_FAILURE): All options with label 'L. 611-1 3Â°' are selected in object 'Object Repository/ANEF_Eloignement_V_Nawres/Page_Prendre_Mesure_Formulaire/select_Fondement_Legal' 

14-02-2025T14:32:12 - [MESSAGE][INFO] - Finding Test Object 'Object Repository/ANEF_Eloignement_V_Nawres/Page_Prendre_Mesure_Formulaire/select_Fondement_Legal'

14-02-2025T14:32:12 - [MESSAGE][INFO] - Checking timeout

14-02-2025T14:32:12 - [MESSAGE][INFO] - Finding web element with id: 'Object Repository/ANEF_Eloignement_V_Nawres/Page_Prendre_Mesure_Formulaire/select_Fondement_Legal' located by 'By.xpath: //select[@id="fondement_legal"]' in '20' second(s)

14-02-2025T14:32:12 - [MESSAGE][INFO] - Found 1 web elements with id: 'Object Repository/ANEF_Eloignement_V_Nawres/Page_Prendre_Mesure_Formulaire/select_Fondement_Legal' located by 'By.xpath: //select[@id="fondement_legal"]' in '20' second(s)

14-02-2025T14:32:12 - [MESSAGE][INFO] - Checking object

14-02-2025T14:32:12 - [MESSAGE][INFO] - Checking label parameter

14-02-2025T14:32:12 - [MESSAGE][INFO] - Finding web element from Test Object's properties

14-02-2025T14:32:12 - [MESSAGE][INFO] - Checking timeout

14-02-2025T14:32:12 - [MESSAGE][INFO] - Finding web element with id: 'Object Repository/ANEF_Eloignement_V_Nawres/Page_Prendre_Mesure_Formulaire/select_Fondement_Legal' located by 'By.xpath: //select[@id="fondement_legal"]' in '100' second(s)

14-02-2025T14:32:12 - [MESSAGE][INFO] - Found 1 web elements with id: 'Object Repository/ANEF_Eloignement_V_Nawres/Page_Prendre_Mesure_Formulaire/select_Fondement_Legal' located by 'By.xpath: //select[@id="fondement_legal"]' in '100' second(s)

14-02-2025T14:32:12 - [MESSAGE][INFO] - Selecting options on object 'Object Repository/ANEF_Eloignement_V_Nawres/Page_Prendre_Mesure_Formulaire/select_Fondement_Legal' with label 'L. 611-1 3Â°' 

14-02-2025T14:32:14 - [MESSAGE][PASSED] - All options with label 'L. 611-1 3Â°' are selected in object 'Object Repository/ANEF_Eloignement_V_Nawres/Page_Prendre_Mesure_Formulaire/select_Fondement_Legal' 

14-02-2025T14:32:14 - [TEST_STEP][PASSED] - if (Mesure == "Expulsion"): null

14-02-2025T14:32:14 - [TEST_STEP][PASSED] - NumberUsagerRandom = tools.MyStringTools.getRandomNumber(10, 99): tools.MyStringTools.getRandomNumber is PASSED

14-02-2025T14:32:14 - [MESSAGE][PASSED] - tools.MyStringTools.getRandomNumber is PASSED

14-02-2025T14:32:14 - [TEST_STEP][PASSED] - println(NumberUsagerRandom): null

14-02-2025T14:32:14 - [TEST_STEP][PASSED] - RandomNumber = NumberUsagerRandom.toString(): null

14-02-2025T14:32:14 - [TEST_STEP][PASSED] - if (Mesure == "OQTF"): null

14-02-2025T14:32:14 - [TEST_STEP][PASSED] - if (RefuserDepartVolontaireOQTF == "false"): Text '32' is set on object 'Object Repository/ANEF_Eloignement_V_Nawres/Page_Prendre_Mesure_Formulaire/input_Duree_IRTF_Mois'

14-02-2025T14:32:14 - [TEST_STEP][PASSED] - setText(findTestObject("Object Repository/ANEF_Eloignement_V_Nawres/Page_Prendre_Mesure_Formulaire/input_Delai_Depart_Jours"), RandomNumber, STOP_ON_FAILURE): Text '32' is set on object 'Object Repository/ANEF_Eloignement_V_Nawres/Page_Prendre_Mesure_Formulaire/input_Delai_Depart_Jours'

14-02-2025T14:32:14 - [MESSAGE][INFO] - Finding Test Object 'Object Repository/ANEF_Eloignement_V_Nawres/Page_Prendre_Mesure_Formulaire/input_Delai_Depart_Jours'

14-02-2025T14:32:14 - [MESSAGE][INFO] - Checking timeout

14-02-2025T14:32:14 - [MESSAGE][INFO] - Finding web element with id: 'Object Repository/ANEF_Eloignement_V_Nawres/Page_Prendre_Mesure_Formulaire/input_Delai_Depart_Jours' located by 'By.xpath: //input[@name="nbr_jours"]' in '20' second(s)

14-02-2025T14:32:14 - [MESSAGE][INFO] - Found 1 web elements with id: 'Object Repository/ANEF_Eloignement_V_Nawres/Page_Prendre_Mesure_Formulaire/input_Delai_Depart_Jours' located by 'By.xpath: //input[@name="nbr_jours"]' in '20' second(s)

14-02-2025T14:32:14 - [MESSAGE][INFO] - Checking object

14-02-2025T14:32:14 - [MESSAGE][INFO] - Checking text

14-02-2025T14:32:14 - [MESSAGE][INFO] - Finding web element from Test Object's properties

14-02-2025T14:32:14 - [MESSAGE][INFO] - Checking timeout

14-02-2025T14:32:14 - [MESSAGE][INFO] - Finding web element with id: 'Object Repository/ANEF_Eloignement_V_Nawres/Page_Prendre_Mesure_Formulaire/input_Delai_Depart_Jours' located by 'By.xpath: //input[@name="nbr_jours"]' in '100' second(s)

14-02-2025T14:32:14 - [MESSAGE][INFO] - Found 1 web elements with id: 'Object Repository/ANEF_Eloignement_V_Nawres/Page_Prendre_Mesure_Formulaire/input_Delai_Depart_Jours' located by 'By.xpath: //input[@name="nbr_jours"]' in '100' second(s)

14-02-2025T14:32:14 - [MESSAGE][INFO] - Clearing text of object 'Object Repository/ANEF_Eloignement_V_Nawres/Page_Prendre_Mesure_Formulaire/input_Delai_Depart_Jours'

14-02-2025T14:32:15 - [MESSAGE][INFO] - Finding web element from Test Object's properties

14-02-2025T14:32:15 - [MESSAGE][INFO] - Checking timeout

14-02-2025T14:32:15 - [MESSAGE][INFO] - Finding web element with id: 'Object Repository/ANEF_Eloignement_V_Nawres/Page_Prendre_Mesure_Formulaire/input_Delai_Depart_Jours' located by 'By.xpath: //input[@name="nbr_jours"]' in '100' second(s)

14-02-2025T14:32:15 - [MESSAGE][INFO] - Found 1 web elements with id: 'Object Repository/ANEF_Eloignement_V_Nawres/Page_Prendre_Mesure_Formulaire/input_Delai_Depart_Jours' located by 'By.xpath: //input[@name="nbr_jours"]' in '100' second(s)

14-02-2025T14:32:15 - [MESSAGE][INFO] - Setting text of object 'Object Repository/ANEF_Eloignement_V_Nawres/Page_Prendre_Mesure_Formulaire/input_Delai_Depart_Jours' to value '32'

14-02-2025T14:32:16 - [MESSAGE][PASSED] - Text '32' is set on object 'Object Repository/ANEF_Eloignement_V_Nawres/Page_Prendre_Mesure_Formulaire/input_Delai_Depart_Jours'

14-02-2025T14:32:16 - [TEST_STEP][PASSED] - verifyElementText(findTestObject("Object Repository/ANEF_Eloignement_V_Nawres/Page_Prendre_Mesure_Formulaire/p_Expiration_Delai"), "-", STOP_ON_FAILURE): Actual text and expected text of test object 'Object Repository/ANEF_Eloignement_V_Nawres/Page_Prendre_Mesure_Formulaire/p_Expiration_Delai' are matched.

14-02-2025T14:32:16 - [MESSAGE][INFO] - Finding Test Object 'Object Repository/ANEF_Eloignement_V_Nawres/Page_Prendre_Mesure_Formulaire/p_Expiration_Delai'

14-02-2025T14:32:16 - [MESSAGE][INFO] - Checking object

14-02-2025T14:32:16 - [MESSAGE][INFO] - Finding web element from Test Object's properties

14-02-2025T14:32:16 - [MESSAGE][INFO] - Checking timeout

14-02-2025T14:32:16 - [MESSAGE][INFO] - Finding web element with id: 'Object Repository/ANEF_Eloignement_V_Nawres/Page_Prendre_Mesure_Formulaire/p_Expiration_Delai' located by 'By.xpath: /html/body/app-root/app-layout-borderless/div[3]/app-mesure-oqtf/div[2]/div[2]/div[2]/div[1]/div/div[1]/div[2]/app-accordeon-delai-depart-volontaire/section/div/form/div[2]/div[2]/p' in '100' second(s)

14-02-2025T14:32:16 - [MESSAGE][INFO] - Found 1 web elements with id: 'Object Repository/ANEF_Eloignement_V_Nawres/Page_Prendre_Mesure_Formulaire/p_Expiration_Delai' located by 'By.xpath: /html/body/app-root/app-layout-borderless/div[3]/app-mesure-oqtf/div[2]/div[2]/div[2]/div[1]/div/div[1]/div[2]/app-accordeon-delai-depart-volontaire/section/div/form/div[2]/div[2]/p' in '100' second(s)

14-02-2025T14:32:16 - [MESSAGE][PASSED] - Actual text and expected text of test object 'Object Repository/ANEF_Eloignement_V_Nawres/Page_Prendre_Mesure_Formulaire/p_Expiration_Delai' are matched.

14-02-2025T14:32:16 - [TEST_STEP][PASSED] - click(findTestObject("Object Repository/ANEF_Eloignement_V_Nawres/Page_Prendre_Mesure_Formulaire/btn_radio_Obligation_fixee_Prefet"), STOP_ON_FAILURE): Object: 'Object Repository/ANEF_Eloignement_V_Nawres/Page_Prendre_Mesure_Formulaire/btn_radio_Obligation_fixee_Prefet' is clicked on

14-02-2025T14:32:16 - [MESSAGE][INFO] - Finding Test Object 'Object Repository/ANEF_Eloignement_V_Nawres/Page_Prendre_Mesure_Formulaire/btn_radio_Obligation_fixee_Prefet'

14-02-2025T14:32:16 - [MESSAGE][INFO] - Checking timeout

14-02-2025T14:32:16 - [MESSAGE][INFO] - Finding web element with id: 'Object Repository/ANEF_Eloignement_V_Nawres/Page_Prendre_Mesure_Formulaire/btn_radio_Obligation_fixee_Prefet' located by 'By.xpath: //*[@id="ACCORDEON_DELAI_DEPART_VOLONTAIRE"]/form//app-dsfr-radio/div/fieldset//label[contains(text(),'Oui')]' in '20' second(s)

14-02-2025T14:32:16 - [MESSAGE][INFO] - Found 1 web elements with id: 'Object Repository/ANEF_Eloignement_V_Nawres/Page_Prendre_Mesure_Formulaire/btn_radio_Obligation_fixee_Prefet' located by 'By.xpath: //*[@id="ACCORDEON_DELAI_DEPART_VOLONTAIRE"]/form//app-dsfr-radio/div/fieldset//label[contains(text(),'Oui')]' in '20' second(s)

14-02-2025T14:32:16 - [MESSAGE][INFO] - Checking object

14-02-2025T14:32:16 - [MESSAGE][INFO] - Checking timeout

14-02-2025T14:32:16 - [MESSAGE][INFO] - Finding web element from Test Object's properties

14-02-2025T14:32:16 - [MESSAGE][INFO] - Checking timeout

14-02-2025T14:32:16 - [MESSAGE][INFO] - Finding web element with id: 'Object Repository/ANEF_Eloignement_V_Nawres/Page_Prendre_Mesure_Formulaire/btn_radio_Obligation_fixee_Prefet' located by 'By.xpath: //*[@id="ACCORDEON_DELAI_DEPART_VOLONTAIRE"]/form//app-dsfr-radio/div/fieldset//label[contains(text(),'Oui')]' in '100' second(s)

14-02-2025T14:32:16 - [MESSAGE][INFO] - Found 1 web elements with id: 'Object Repository/ANEF_Eloignement_V_Nawres/Page_Prendre_Mesure_Formulaire/btn_radio_Obligation_fixee_Prefet' located by 'By.xpath: //*[@id="ACCORDEON_DELAI_DEPART_VOLONTAIRE"]/form//app-dsfr-radio/div/fieldset//label[contains(text(),'Oui')]' in '100' second(s)

14-02-2025T14:32:16 - [MESSAGE][INFO] - Clicking on object: 'Object Repository/ANEF_Eloignement_V_Nawres/Page_Prendre_Mesure_Formulaire/btn_radio_Obligation_fixee_Prefet'

14-02-2025T14:32:17 - [MESSAGE][PASSED] - Object: 'Object Repository/ANEF_Eloignement_V_Nawres/Page_Prendre_Mesure_Formulaire/btn_radio_Obligation_fixee_Prefet' is clicked on

14-02-2025T14:32:17 - [TEST_STEP][PASSED] - filePath = getProjectDir() + "/Data Files/Fichier_Test.pdf": null

14-02-2025T14:32:17 - [TEST_STEP][PASSED] - println(filePath): null

14-02-2025T14:32:17 - [TEST_STEP][PASSED] - uploadFile(findTestObject("Object Repository/ANEF_Eloignement_V_Nawres/Page_Prendre_Mesure_Formulaire/input_Fichier_DDV"), filePath): File 'C:/Users/nbenjemi/Katalon Studio/ANEF-ELOIGNEMENT-20250121/ANEF-ELOIGNEMENT-20250121/Data Files/Fichier_Test.pdf' sent to object: 'Object Repository/ANEF_Eloignement_V_Nawres/Page_Prendre_Mesure_Formulaire/input_Fichier_DDV'

14-02-2025T14:32:17 - [MESSAGE][INFO] - Finding Test Object 'Object Repository/ANEF_Eloignement_V_Nawres/Page_Prendre_Mesure_Formulaire/input_Fichier_DDV'

14-02-2025T14:32:17 - [MESSAGE][INFO] - Checking object

14-02-2025T14:32:17 - [MESSAGE][INFO] - Uploading file 'C:/Users/nbenjemi/Katalon Studio/ANEF-ELOIGNEMENT-20250121/ANEF-ELOIGNEMENT-20250121/Data Files/Fichier_Test.pdf' to object: 'Object Repository/ANEF_Eloignement_V_Nawres/Page_Prendre_Mesure_Formulaire/input_Fichier_DDV'

14-02-2025T14:32:17 - [MESSAGE][INFO] - Finding web element from Test Object's properties

14-02-2025T14:32:17 - [MESSAGE][INFO] - Checking timeout

14-02-2025T14:32:17 - [MESSAGE][INFO] - Finding web element with id: 'Object Repository/ANEF_Eloignement_V_Nawres/Page_Prendre_Mesure_Formulaire/input_Fichier_DDV' located by 'By.xpath: /html/body/app-root/app-layout-borderless/div[3]/app-mesure-oqtf/div[2]/div[2]/div[2]/div[1]/div/div[1]/div[2]/app-accordeon-delai-depart-volontaire/section/div/form/div[3]/app-dsfr-piece-jointe/div/div[2]/input' in '100' second(s)

14-02-2025T14:32:17 - [MESSAGE][INFO] - Found 1 web elements with id: 'Object Repository/ANEF_Eloignement_V_Nawres/Page_Prendre_Mesure_Formulaire/input_Fichier_DDV' located by 'By.xpath: /html/body/app-root/app-layout-borderless/div[3]/app-mesure-oqtf/div[2]/div[2]/div[2]/div[1]/div/div[1]/div[2]/app-accordeon-delai-depart-volontaire/section/div/form/div[3]/app-dsfr-piece-jointe/div/div[2]/input' in '100' second(s)

14-02-2025T14:32:18 - [MESSAGE][PASSED] - File 'C:/Users/nbenjemi/Katalon Studio/ANEF-ELOIGNEMENT-20250121/ANEF-ELOIGNEMENT-20250121/Data Files/Fichier_Test.pdf' sent to object: 'Object Repository/ANEF_Eloignement_V_Nawres/Page_Prendre_Mesure_Formulaire/input_Fichier_DDV'

14-02-2025T14:32:18 - [TEST_STEP][PASSED] - click(findTestObject("Object Repository/ANEF_Eloignement_V_Nawres/Page_Prendre_Mesure_Formulaire/btn_Enregistrer"), STOP_ON_FAILURE): Object: 'Object Repository/ANEF_Eloignement_V_Nawres/Page_Prendre_Mesure_Formulaire/btn_Enregistrer' is clicked on

14-02-2025T14:32:18 - [MESSAGE][INFO] - Finding Test Object 'Object Repository/ANEF_Eloignement_V_Nawres/Page_Prendre_Mesure_Formulaire/btn_Enregistrer'

14-02-2025T14:32:18 - [MESSAGE][INFO] - Checking timeout

14-02-2025T14:32:18 - [MESSAGE][INFO] - Finding web element with id: 'Object Repository/ANEF_Eloignement_V_Nawres/Page_Prendre_Mesure_Formulaire/btn_Enregistrer' located by 'By.xpath: //button[contains(text(),"Enregistrer")]' in '20' second(s)

14-02-2025T14:32:18 - [MESSAGE][INFO] - Found 1 web elements with id: 'Object Repository/ANEF_Eloignement_V_Nawres/Page_Prendre_Mesure_Formulaire/btn_Enregistrer' located by 'By.xpath: //button[contains(text(),"Enregistrer")]' in '20' second(s)

14-02-2025T14:32:18 - [MESSAGE][INFO] - Checking object

14-02-2025T14:32:18 - [MESSAGE][INFO] - Checking timeout

14-02-2025T14:32:18 - [MESSAGE][INFO] - Finding web element from Test Object's properties

14-02-2025T14:32:18 - [MESSAGE][INFO] - Checking timeout

14-02-2025T14:32:18 - [MESSAGE][INFO] - Finding web element with id: 'Object Repository/ANEF_Eloignement_V_Nawres/Page_Prendre_Mesure_Formulaire/btn_Enregistrer' located by 'By.xpath: //button[contains(text(),"Enregistrer")]' in '100' second(s)

14-02-2025T14:32:18 - [MESSAGE][INFO] - Found 1 web elements with id: 'Object Repository/ANEF_Eloignement_V_Nawres/Page_Prendre_Mesure_Formulaire/btn_Enregistrer' located by 'By.xpath: //button[contains(text(),"Enregistrer")]' in '100' second(s)

14-02-2025T14:32:18 - [MESSAGE][INFO] - Clicking on object: 'Object Repository/ANEF_Eloignement_V_Nawres/Page_Prendre_Mesure_Formulaire/btn_Enregistrer'

14-02-2025T14:32:20 - [MESSAGE][PASSED] - Object: 'Object Repository/ANEF_Eloignement_V_Nawres/Page_Prendre_Mesure_Formulaire/btn_Enregistrer' is clicked on

14-02-2025T14:32:20 - [TEST_STEP][PASSED] - delay(5): Delayed 5 second(s)

14-02-2025T14:32:20 - [MESSAGE][INFO] - Delaying browser in 5 second(s)

14-02-2025T14:32:25 - [MESSAGE][PASSED] - Delayed 5 second(s)

14-02-2025T14:32:25 - [TEST_STEP][PASSED] - selectOptionByLabel(findTestObject("Object Repository/ANEF_Eloignement_V_Nawres/Page_Prendre_Mesure_Formulaire/select_Fondement_Legal_IRTF"), FondementLegalIRTF, false, STOP_ON_FAILURE): All options with label 'L. 612-7' are selected in object 'Object Repository/ANEF_Eloignement_V_Nawres/Page_Prendre_Mesure_Formulaire/select_Fondement_Legal_IRTF' 

14-02-2025T14:32:25 - [MESSAGE][INFO] - Finding Test Object 'Object Repository/ANEF_Eloignement_V_Nawres/Page_Prendre_Mesure_Formulaire/select_Fondement_Legal_IRTF'

14-02-2025T14:32:25 - [MESSAGE][INFO] - Checking timeout

14-02-2025T14:32:25 - [MESSAGE][INFO] - Finding web element with id: 'Object Repository/ANEF_Eloignement_V_Nawres/Page_Prendre_Mesure_Formulaire/select_Fondement_Legal_IRTF' located by 'By.xpath: //app-accordeon-ictf-irtf/section/div/form//app-dsfr-select-arr/div/select[@name="fondement_legal"]' in '20' second(s)

14-02-2025T14:32:25 - [MESSAGE][INFO] - Found 1 web elements with id: 'Object Repository/ANEF_Eloignement_V_Nawres/Page_Prendre_Mesure_Formulaire/select_Fondement_Legal_IRTF' located by 'By.xpath: //app-accordeon-ictf-irtf/section/div/form//app-dsfr-select-arr/div/select[@name="fondement_legal"]' in '20' second(s)

14-02-2025T14:32:25 - [MESSAGE][INFO] - Checking object

14-02-2025T14:32:25 - [MESSAGE][INFO] - Checking label parameter

14-02-2025T14:32:25 - [MESSAGE][INFO] - Finding web element from Test Object's properties

14-02-2025T14:32:25 - [MESSAGE][INFO] - Checking timeout

14-02-2025T14:32:25 - [MESSAGE][INFO] - Finding web element with id: 'Object Repository/ANEF_Eloignement_V_Nawres/Page_Prendre_Mesure_Formulaire/select_Fondement_Legal_IRTF' located by 'By.xpath: //app-accordeon-ictf-irtf/section/div/form//app-dsfr-select-arr/div/select[@name="fondement_legal"]' in '100' second(s)

14-02-2025T14:32:25 - [MESSAGE][INFO] - Found 1 web elements with id: 'Object Repository/ANEF_Eloignement_V_Nawres/Page_Prendre_Mesure_Formulaire/select_Fondement_Legal_IRTF' located by 'By.xpath: //app-accordeon-ictf-irtf/section/div/form//app-dsfr-select-arr/div/select[@name="fondement_legal"]' in '100' second(s)

14-02-2025T14:32:25 - [MESSAGE][INFO] - Selecting options on object 'Object Repository/ANEF_Eloignement_V_Nawres/Page_Prendre_Mesure_Formulaire/select_Fondement_Legal_IRTF' with label 'L. 612-7' 

14-02-2025T14:32:26 - [MESSAGE][PASSED] - All options with label 'L. 612-7' are selected in object 'Object Repository/ANEF_Eloignement_V_Nawres/Page_Prendre_Mesure_Formulaire/select_Fondement_Legal_IRTF' 

14-02-2025T14:32:26 - [TEST_STEP][PASSED] - setText(findTestObject("Object Repository/ANEF_Eloignement_V_Nawres/Page_Prendre_Mesure_Formulaire/input_Duree_IRTF_Mois"), "200", STOP_ON_FAILURE): Text '200' is set on object 'Object Repository/ANEF_Eloignement_V_Nawres/Page_Prendre_Mesure_Formulaire/input_Duree_IRTF_Mois'

14-02-2025T14:32:26 - [MESSAGE][INFO] - Finding Test Object 'Object Repository/ANEF_Eloignement_V_Nawres/Page_Prendre_Mesure_Formulaire/input_Duree_IRTF_Mois'

14-02-2025T14:32:26 - [MESSAGE][INFO] - Checking timeout

14-02-2025T14:32:26 - [MESSAGE][INFO] - Finding web element with id: 'Object Repository/ANEF_Eloignement_V_Nawres/Page_Prendre_Mesure_Formulaire/input_Duree_IRTF_Mois' located by 'By.xpath: //input[@id="nbr_mois_duree_init"]' in '20' second(s)

14-02-2025T14:32:26 - [MESSAGE][INFO] - Found 1 web elements with id: 'Object Repository/ANEF_Eloignement_V_Nawres/Page_Prendre_Mesure_Formulaire/input_Duree_IRTF_Mois' located by 'By.xpath: //input[@id="nbr_mois_duree_init"]' in '20' second(s)

14-02-2025T14:32:26 - [MESSAGE][INFO] - Checking object

14-02-2025T14:32:26 - [MESSAGE][INFO] - Checking text

14-02-2025T14:32:26 - [MESSAGE][INFO] - Finding web element from Test Object's properties

14-02-2025T14:32:26 - [MESSAGE][INFO] - Checking timeout

14-02-2025T14:32:26 - [MESSAGE][INFO] - Finding web element with id: 'Object Repository/ANEF_Eloignement_V_Nawres/Page_Prendre_Mesure_Formulaire/input_Duree_IRTF_Mois' located by 'By.xpath: //input[@id="nbr_mois_duree_init"]' in '100' second(s)

14-02-2025T14:32:26 - [MESSAGE][INFO] - Found 1 web elements with id: 'Object Repository/ANEF_Eloignement_V_Nawres/Page_Prendre_Mesure_Formulaire/input_Duree_IRTF_Mois' located by 'By.xpath: //input[@id="nbr_mois_duree_init"]' in '100' second(s)

14-02-2025T14:32:26 - [MESSAGE][INFO] - Clearing text of object 'Object Repository/ANEF_Eloignement_V_Nawres/Page_Prendre_Mesure_Formulaire/input_Duree_IRTF_Mois'

14-02-2025T14:32:27 - [MESSAGE][INFO] - Finding web element from Test Object's properties

14-02-2025T14:32:27 - [MESSAGE][INFO] - Checking timeout

14-02-2025T14:32:27 - [MESSAGE][INFO] - Finding web element with id: 'Object Repository/ANEF_Eloignement_V_Nawres/Page_Prendre_Mesure_Formulaire/input_Duree_IRTF_Mois' located by 'By.xpath: //input[@id="nbr_mois_duree_init"]' in '100' second(s)

14-02-2025T14:32:27 - [MESSAGE][INFO] - Found 1 web elements with id: 'Object Repository/ANEF_Eloignement_V_Nawres/Page_Prendre_Mesure_Formulaire/input_Duree_IRTF_Mois' located by 'By.xpath: //input[@id="nbr_mois_duree_init"]' in '100' second(s)

14-02-2025T14:32:27 - [MESSAGE][INFO] - Setting text of object 'Object Repository/ANEF_Eloignement_V_Nawres/Page_Prendre_Mesure_Formulaire/input_Duree_IRTF_Mois' to value '200'

14-02-2025T14:32:28 - [MESSAGE][PASSED] - Text '200' is set on object 'Object Repository/ANEF_Eloignement_V_Nawres/Page_Prendre_Mesure_Formulaire/input_Duree_IRTF_Mois'

14-02-2025T14:32:28 - [TEST_STEP][PASSED] - verifyElementText(findTestObject("Object Repository/ANEF_Eloignement_V_Nawres/Page_Prendre_Mesure_Formulaire/p_Message_Erreur_Duree_IRTF"), "Attention : la durÃ©e indiquÃ©e ne correspond pas Ã  la durÃ©e lÃ©gale maximale 10 ans"): Actual text and expected text of test object 'Object Repository/ANEF_Eloignement_V_Nawres/Page_Prendre_Mesure_Formulaire/p_Message_Erreur_Duree_IRTF' are matched.

14-02-2025T14:32:28 - [MESSAGE][INFO] - Finding Test Object 'Object Repository/ANEF_Eloignement_V_Nawres/Page_Prendre_Mesure_Formulaire/p_Message_Erreur_Duree_IRTF'

14-02-2025T14:32:28 - [MESSAGE][INFO] - Checking object

14-02-2025T14:32:28 - [MESSAGE][INFO] - Finding web element from Test Object's properties

14-02-2025T14:32:28 - [MESSAGE][INFO] - Checking timeout

14-02-2025T14:32:28 - [MESSAGE][INFO] - Finding web element with id: 'Object Repository/ANEF_Eloignement_V_Nawres/Page_Prendre_Mesure_Formulaire/p_Message_Erreur_Duree_IRTF' located by 'By.xpath: //app-accordeon-ictf-irtf/section/div/form/div[2]//p' in '100' second(s)

14-02-2025T14:32:28 - [MESSAGE][INFO] - Found 1 web elements with id: 'Object Repository/ANEF_Eloignement_V_Nawres/Page_Prendre_Mesure_Formulaire/p_Message_Erreur_Duree_IRTF' located by 'By.xpath: //app-accordeon-ictf-irtf/section/div/form/div[2]//p' in '100' second(s)

14-02-2025T14:32:28 - [MESSAGE][PASSED] - Actual text and expected text of test object 'Object Repository/ANEF_Eloignement_V_Nawres/Page_Prendre_Mesure_Formulaire/p_Message_Erreur_Duree_IRTF' are matched.

14-02-2025T14:32:28 - [TEST_STEP][PASSED] - if (FondementLegalIRTF != "L. 612-6"): Text '32' is set on object 'Object Repository/ANEF_Eloignement_V_Nawres/Page_Prendre_Mesure_Formulaire/input_Duree_IRTF_Mois'

14-02-2025T14:32:28 - [TEST_STEP][PASSED] - setText(findTestObject("Object Repository/ANEF_Eloignement_V_Nawres/Page_Prendre_Mesure_Formulaire/input_Duree_IRTF_Mois"), RandomNumber, STOP_ON_FAILURE): Text '32' is set on object 'Object Repository/ANEF_Eloignement_V_Nawres/Page_Prendre_Mesure_Formulaire/input_Duree_IRTF_Mois'

14-02-2025T14:32:28 - [MESSAGE][INFO] - Finding Test Object 'Object Repository/ANEF_Eloignement_V_Nawres/Page_Prendre_Mesure_Formulaire/input_Duree_IRTF_Mois'

14-02-2025T14:32:28 - [MESSAGE][INFO] - Checking timeout

14-02-2025T14:32:28 - [MESSAGE][INFO] - Finding web element with id: 'Object Repository/ANEF_Eloignement_V_Nawres/Page_Prendre_Mesure_Formulaire/input_Duree_IRTF_Mois' located by 'By.xpath: //input[@id="nbr_mois_duree_init"]' in '20' second(s)

14-02-2025T14:32:28 - [MESSAGE][INFO] - Found 1 web elements with id: 'Object Repository/ANEF_Eloignement_V_Nawres/Page_Prendre_Mesure_Formulaire/input_Duree_IRTF_Mois' located by 'By.xpath: //input[@id="nbr_mois_duree_init"]' in '20' second(s)

14-02-2025T14:32:28 - [MESSAGE][INFO] - Checking object

14-02-2025T14:32:28 - [MESSAGE][INFO] - Checking text

14-02-2025T14:32:28 - [MESSAGE][INFO] - Finding web element from Test Object's properties

14-02-2025T14:32:28 - [MESSAGE][INFO] - Checking timeout

14-02-2025T14:32:28 - [MESSAGE][INFO] - Finding web element with id: 'Object Repository/ANEF_Eloignement_V_Nawres/Page_Prendre_Mesure_Formulaire/input_Duree_IRTF_Mois' located by 'By.xpath: //input[@id="nbr_mois_duree_init"]' in '100' second(s)

14-02-2025T14:32:28 - [MESSAGE][INFO] - Found 1 web elements with id: 'Object Repository/ANEF_Eloignement_V_Nawres/Page_Prendre_Mesure_Formulaire/input_Duree_IRTF_Mois' located by 'By.xpath: //input[@id="nbr_mois_duree_init"]' in '100' second(s)

14-02-2025T14:32:28 - [MESSAGE][INFO] - Clearing text of object 'Object Repository/ANEF_Eloignement_V_Nawres/Page_Prendre_Mesure_Formulaire/input_Duree_IRTF_Mois'

14-02-2025T14:32:29 - [MESSAGE][INFO] - Finding web element from Test Object's properties

14-02-2025T14:32:29 - [MESSAGE][INFO] - Checking timeout

14-02-2025T14:32:29 - [MESSAGE][INFO] - Finding web element with id: 'Object Repository/ANEF_Eloignement_V_Nawres/Page_Prendre_Mesure_Formulaire/input_Duree_IRTF_Mois' located by 'By.xpath: //input[@id="nbr_mois_duree_init"]' in '100' second(s)

14-02-2025T14:32:29 - [MESSAGE][INFO] - Found 1 web elements with id: 'Object Repository/ANEF_Eloignement_V_Nawres/Page_Prendre_Mesure_Formulaire/input_Duree_IRTF_Mois' located by 'By.xpath: //input[@id="nbr_mois_duree_init"]' in '100' second(s)

14-02-2025T14:32:29 - [MESSAGE][INFO] - Setting text of object 'Object Repository/ANEF_Eloignement_V_Nawres/Page_Prendre_Mesure_Formulaire/input_Duree_IRTF_Mois' to value '32'

14-02-2025T14:32:30 - [MESSAGE][PASSED] - Text '32' is set on object 'Object Repository/ANEF_Eloignement_V_Nawres/Page_Prendre_Mesure_Formulaire/input_Duree_IRTF_Mois'

14-02-2025T14:32:30 - [TEST_STEP][PASSED] - if (RefuserDepartVolontaireOQTF == "true"): null

14-02-2025T14:32:30 - [TEST_STEP][PASSED] - if (Mesure == "RemiseSchengen"): null

14-02-2025T14:32:30 - [TEST_STEP][PASSED] - RandomNumber = tools.MyStringTools.getRandomNumber(1, 30): tools.MyStringTools.getRandomNumber is PASSED

14-02-2025T14:32:30 - [MESSAGE][PASSED] - tools.MyStringTools.getRandomNumber is PASSED

14-02-2025T14:32:30 - [TEST_STEP][PASSED] - println(RandomNumber): null

14-02-2025T14:32:30 - [TEST_STEP][PASSED] - RandomNumberSelect = RandomNumber.toString(): null

14-02-2025T14:32:30 - [TEST_STEP][PASSED] - if (Mesure == "TransfertDublin"): null

14-02-2025T14:32:30 - [TEST_STEP][PASSED] - if (Mesure == "ExecutionFicheSIS"): null

14-02-2025T14:32:30 - [TEST_STEP][PASSED] - if (Mesure == "IAT"): null

14-02-2025T14:32:30 - [TEST_STEP][PASSED] - if (Mesure == "ITF"): null

14-02-2025T14:32:30 - [TEST_STEP][PASSED] - click(findTestObject("Object Repository/ANEF_Eloignement_V_Nawres/Page_Prendre_Mesure_Formulaire/btn_Enregistrer"), STOP_ON_FAILURE): Object: 'Object Repository/ANEF_Eloignement_V_Nawres/Page_Prendre_Mesure_Formulaire/btn_Enregistrer' is clicked on

14-02-2025T14:32:30 - [MESSAGE][INFO] - Finding Test Object 'Object Repository/ANEF_Eloignement_V_Nawres/Page_Prendre_Mesure_Formulaire/btn_Enregistrer'

14-02-2025T14:32:30 - [MESSAGE][INFO] - Checking timeout

14-02-2025T14:32:30 - [MESSAGE][INFO] - Finding web element with id: 'Object Repository/ANEF_Eloignement_V_Nawres/Page_Prendre_Mesure_Formulaire/btn_Enregistrer' located by 'By.xpath: //button[contains(text(),"Enregistrer")]' in '20' second(s)

14-02-2025T14:32:30 - [MESSAGE][INFO] - Found 1 web elements with id: 'Object Repository/ANEF_Eloignement_V_Nawres/Page_Prendre_Mesure_Formulaire/btn_Enregistrer' located by 'By.xpath: //button[contains(text(),"Enregistrer")]' in '20' second(s)

14-02-2025T14:32:30 - [MESSAGE][INFO] - Checking object

14-02-2025T14:32:30 - [MESSAGE][INFO] - Checking timeout

14-02-2025T14:32:30 - [MESSAGE][INFO] - Finding web element from Test Object's properties

14-02-2025T14:32:30 - [MESSAGE][INFO] - Checking timeout

14-02-2025T14:32:30 - [MESSAGE][INFO] - Finding web element with id: 'Object Repository/ANEF_Eloignement_V_Nawres/Page_Prendre_Mesure_Formulaire/btn_Enregistrer' located by 'By.xpath: //button[contains(text(),"Enregistrer")]' in '100' second(s)

14-02-2025T14:32:30 - [MESSAGE][INFO] - Found 1 web elements with id: 'Object Repository/ANEF_Eloignement_V_Nawres/Page_Prendre_Mesure_Formulaire/btn_Enregistrer' located by 'By.xpath: //button[contains(text(),"Enregistrer")]' in '100' second(s)

14-02-2025T14:32:30 - [MESSAGE][INFO] - Clicking on object: 'Object Repository/ANEF_Eloignement_V_Nawres/Page_Prendre_Mesure_Formulaire/btn_Enregistrer'

14-02-2025T14:32:32 - [MESSAGE][PASSED] - Object: 'Object Repository/ANEF_Eloignement_V_Nawres/Page_Prendre_Mesure_Formulaire/btn_Enregistrer' is clicked on

14-02-2025T14:32:32 - [MESSAGE][PASSED] - Call Test Case 'Test Cases/Test Reutilisable/Main/ANEF_Eloignement_V_Nawres/ANEF_Prendre_Mesure_Formulaire' successfully

14-02-2025T14:32:32 - [MESSAGE][PASSED] - Call Test Case 'Test Cases/Test Reutilisable/Main/ANEF_Eloignement_V_Nawres/ANEF_Prendre_Mesure' successfully

14-02-2025T14:32:32 - [TEST_STEP][PASSED] - callTestCase(findTestCase("Test Cases/Test Reutilisable/Main/ANEF_Eloignement_V_Nawres/ANEF_Ajouter_Decision"), ["ModeNotification":ModeNotification], STOP_ON_FAILURE): Call Test Case 'Test Cases/Test Reutilisable/Main/ANEF_Eloignement_V_Nawres/ANEF_Ajouter_Decision' successfully

14-02-2025T14:32:32 - [MESSAGE][INFO] - Checking called Test Case

14-02-2025T14:32:32 - [MESSAGE][INFO] - Starting to call Test Case 'Test Cases/Test Reutilisable/Main/ANEF_Eloignement_V_Nawres/ANEF_Ajouter_Decision'

14-02-2025T14:32:32 - [TEST_CASE][PASSED] - Test Cases/Test Reutilisable/Main/ANEF_Eloignement_V_Nawres/ANEF_Ajouter_Decision: Test Cases/Test Reutilisable/Main/ANEF_Eloignement_V_Nawres/ANEF_Ajouter_Decision

14-02-2025T14:32:32 - [TEST_STEP][PASSED] - calendar = Calendar.getInstance(): null

14-02-2025T14:32:32 - [TEST_STEP][PASSED] - currentDate = calendar.getTime(): null

14-02-2025T14:32:32 - [TEST_STEP][PASSED] - sdf = new java.text.SimpleDateFormat(dd/MM/yyyy): null

14-02-2025T14:32:32 - [TEST_STEP][PASSED] - formattedDate = sdf.format(currentDate): null

14-02-2025T14:32:32 - [TEST_STEP][PASSED] - DateActuelle = formattedDate.toString(): null

14-02-2025T14:32:32 - [TEST_STEP][PASSED] - println(DateActuelle): null

14-02-2025T14:32:32 - [TEST_STEP][PASSED] - waitForElementClickable(findTestObject("Object Repository/ANEF_Eloignement_V_Nawres/Page_Ajouter_Decision/btn_Ajouter_Decision"), 20, STOP_ON_FAILURE): Object 'Object Repository/ANEF_Eloignement_V_Nawres/Page_Ajouter_Decision/btn_Ajouter_Decision' is clickable

14-02-2025T14:32:32 - [MESSAGE][INFO] - Finding Test Object 'Object Repository/ANEF_Eloignement_V_Nawres/Page_Ajouter_Decision/btn_Ajouter_Decision'

14-02-2025T14:32:32 - [MESSAGE][INFO] - Checking object

14-02-2025T14:32:32 - [MESSAGE][INFO] - Checking timeout

14-02-2025T14:32:32 - [MESSAGE][INFO] - Finding web element from Test Object's properties

14-02-2025T14:32:32 - [MESSAGE][INFO] - Checking timeout

14-02-2025T14:32:32 - [MESSAGE][INFO] - Finding web element with id: 'Object Repository/ANEF_Eloignement_V_Nawres/Page_Ajouter_Decision/btn_Ajouter_Decision' located by 'By.xpath: //button[contains(text(),"Ajouter une dÃ©cision")]' in '20' second(s)

14-02-2025T14:32:32 - [MESSAGE][INFO] - Found 1 web elements with id: 'Object Repository/ANEF_Eloignement_V_Nawres/Page_Ajouter_Decision/btn_Ajouter_Decision' located by 'By.xpath: //button[contains(text(),"Ajouter une dÃ©cision")]' in '20' second(s)

14-02-2025T14:32:32 - [MESSAGE][PASSED] - Object 'Object Repository/ANEF_Eloignement_V_Nawres/Page_Ajouter_Decision/btn_Ajouter_Decision' is clickable

14-02-2025T14:32:32 - [TEST_STEP][PASSED] - click(findTestObject("Object Repository/ANEF_Eloignement_V_Nawres/Page_Ajouter_Decision/btn_Ajouter_Decision"), STOP_ON_FAILURE): Object: 'Object Repository/ANEF_Eloignement_V_Nawres/Page_Ajouter_Decision/btn_Ajouter_Decision' is clicked on

14-02-2025T14:32:32 - [MESSAGE][INFO] - Finding Test Object 'Object Repository/ANEF_Eloignement_V_Nawres/Page_Ajouter_Decision/btn_Ajouter_Decision'

14-02-2025T14:32:32 - [MESSAGE][INFO] - Checking timeout

14-02-2025T14:32:32 - [MESSAGE][INFO] - Finding web element with id: 'Object Repository/ANEF_Eloignement_V_Nawres/Page_Ajouter_Decision/btn_Ajouter_Decision' located by 'By.xpath: //button[contains(text(),"Ajouter une dÃ©cision")]' in '20' second(s)

14-02-2025T14:32:32 - [MESSAGE][INFO] - Found 1 web elements with id: 'Object Repository/ANEF_Eloignement_V_Nawres/Page_Ajouter_Decision/btn_Ajouter_Decision' located by 'By.xpath: //button[contains(text(),"Ajouter une dÃ©cision")]' in '20' second(s)

14-02-2025T14:32:32 - [MESSAGE][INFO] - Checking object

14-02-2025T14:32:32 - [MESSAGE][INFO] - Checking timeout

14-02-2025T14:32:32 - [MESSAGE][INFO] - Finding web element from Test Object's properties

14-02-2025T14:32:32 - [MESSAGE][INFO] - Checking timeout

14-02-2025T14:32:32 - [MESSAGE][INFO] - Finding web element with id: 'Object Repository/ANEF_Eloignement_V_Nawres/Page_Ajouter_Decision/btn_Ajouter_Decision' located by 'By.xpath: //button[contains(text(),"Ajouter une dÃ©cision")]' in '100' second(s)

14-02-2025T14:32:32 - [MESSAGE][INFO] - Found 1 web elements with id: 'Object Repository/ANEF_Eloignement_V_Nawres/Page_Ajouter_Decision/btn_Ajouter_Decision' located by 'By.xpath: //button[contains(text(),"Ajouter une dÃ©cision")]' in '100' second(s)

14-02-2025T14:32:32 - [MESSAGE][INFO] - Clicking on object: 'Object Repository/ANEF_Eloignement_V_Nawres/Page_Ajouter_Decision/btn_Ajouter_Decision'

14-02-2025T14:32:33 - [MESSAGE][PASSED] - Object: 'Object Repository/ANEF_Eloignement_V_Nawres/Page_Ajouter_Decision/btn_Ajouter_Decision' is clicked on

14-02-2025T14:32:33 - [TEST_STEP][PASSED] - scrollToElement(findTestObject("Object Repository/ANEF_Eloignement_V_Nawres/Page_Ajouter_Decision/btn_Confirmer_Ajout_Decision"), 5, STOP_ON_FAILURE): Scroll to object 'Object Repository/ANEF_Eloignement_V_Nawres/Page_Ajouter_Decision/btn_Confirmer_Ajout_Decision' successfully

14-02-2025T14:32:33 - [MESSAGE][INFO] - Finding Test Object 'Object Repository/ANEF_Eloignement_V_Nawres/Page_Ajouter_Decision/btn_Confirmer_Ajout_Decision'

14-02-2025T14:32:33 - [MESSAGE][INFO] - Checking object

14-02-2025T14:32:33 - [MESSAGE][INFO] - Checking timeout

14-02-2025T14:32:33 - [MESSAGE][INFO] - Finding web element from Test Object's properties

14-02-2025T14:32:33 - [MESSAGE][INFO] - Checking timeout

14-02-2025T14:32:33 - [MESSAGE][INFO] - Finding web element with id: 'Object Repository/ANEF_Eloignement_V_Nawres/Page_Ajouter_Decision/btn_Confirmer_Ajout_Decision' located by 'By.xpath: //button[contains(text()," Confirmer l'ajout")]' in '100' second(s)

14-02-2025T14:32:33 - [MESSAGE][INFO] - Found 1 web elements with id: 'Object Repository/ANEF_Eloignement_V_Nawres/Page_Ajouter_Decision/btn_Confirmer_Ajout_Decision' located by 'By.xpath: //button[contains(text()," Confirmer l'ajout")]' in '100' second(s)

14-02-2025T14:32:33 - [MESSAGE][INFO] - Scrolling to object 'Object Repository/ANEF_Eloignement_V_Nawres/Page_Ajouter_Decision/btn_Confirmer_Ajout_Decision'

14-02-2025T14:32:33 - [MESSAGE][PASSED] - Scroll to object 'Object Repository/ANEF_Eloignement_V_Nawres/Page_Ajouter_Decision/btn_Confirmer_Ajout_Decision' successfully

14-02-2025T14:32:33 - [TEST_STEP][PASSED] - click(findTestObject("Object Repository/ANEF_Eloignement_V_Nawres/Page_Ajouter_Decision/btn_Confirmer_Ajout_Decision"), STOP_ON_FAILURE): Object: 'Object Repository/ANEF_Eloignement_V_Nawres/Page_Ajouter_Decision/btn_Confirmer_Ajout_Decision' is clicked on

14-02-2025T14:32:33 - [MESSAGE][INFO] - Finding Test Object 'Object Repository/ANEF_Eloignement_V_Nawres/Page_Ajouter_Decision/btn_Confirmer_Ajout_Decision'

14-02-2025T14:32:33 - [MESSAGE][INFO] - Checking timeout

14-02-2025T14:32:33 - [MESSAGE][INFO] - Finding web element with id: 'Object Repository/ANEF_Eloignement_V_Nawres/Page_Ajouter_Decision/btn_Confirmer_Ajout_Decision' located by 'By.xpath: //button[contains(text()," Confirmer l'ajout")]' in '20' second(s)

14-02-2025T14:32:33 - [MESSAGE][INFO] - Found 1 web elements with id: 'Object Repository/ANEF_Eloignement_V_Nawres/Page_Ajouter_Decision/btn_Confirmer_Ajout_Decision' located by 'By.xpath: //button[contains(text()," Confirmer l'ajout")]' in '20' second(s)

14-02-2025T14:32:33 - [MESSAGE][INFO] - Checking object

14-02-2025T14:32:33 - [MESSAGE][INFO] - Checking timeout

14-02-2025T14:32:33 - [MESSAGE][INFO] - Finding web element from Test Object's properties

14-02-2025T14:32:33 - [MESSAGE][INFO] - Checking timeout

14-02-2025T14:32:33 - [MESSAGE][INFO] - Finding web element with id: 'Object Repository/ANEF_Eloignement_V_Nawres/Page_Ajouter_Decision/btn_Confirmer_Ajout_Decision' located by 'By.xpath: //button[contains(text()," Confirmer l'ajout")]' in '100' second(s)

14-02-2025T14:32:33 - [MESSAGE][INFO] - Found 1 web elements with id: 'Object Repository/ANEF_Eloignement_V_Nawres/Page_Ajouter_Decision/btn_Confirmer_Ajout_Decision' located by 'By.xpath: //button[contains(text()," Confirmer l'ajout")]' in '100' second(s)

14-02-2025T14:32:33 - [MESSAGE][INFO] - Clicking on object: 'Object Repository/ANEF_Eloignement_V_Nawres/Page_Ajouter_Decision/btn_Confirmer_Ajout_Decision'

14-02-2025T14:32:34 - [MESSAGE][PASSED] - Object: 'Object Repository/ANEF_Eloignement_V_Nawres/Page_Ajouter_Decision/btn_Confirmer_Ajout_Decision' is clicked on

14-02-2025T14:32:34 - [TEST_STEP][PASSED] - waitForElementClickable(findTestObject("Object Repository/ANEF_Eloignement_V_Nawres/Page_Ajouter_Decision/btn_Confirmer_Notification"), 20, STOP_ON_FAILURE): Object 'Object Repository/ANEF_Eloignement_V_Nawres/Page_Ajouter_Decision/btn_Confirmer_Notification' is clickable

14-02-2025T14:32:34 - [MESSAGE][INFO] - Finding Test Object 'Object Repository/ANEF_Eloignement_V_Nawres/Page_Ajouter_Decision/btn_Confirmer_Notification'

14-02-2025T14:32:34 - [MESSAGE][INFO] - Checking object

14-02-2025T14:32:34 - [MESSAGE][INFO] - Checking timeout

14-02-2025T14:32:34 - [MESSAGE][INFO] - Finding web element from Test Object's properties

14-02-2025T14:32:34 - [MESSAGE][INFO] - Checking timeout

14-02-2025T14:32:34 - [MESSAGE][INFO] - Finding web element with id: 'Object Repository/ANEF_Eloignement_V_Nawres/Page_Ajouter_Decision/btn_Confirmer_Notification' located by 'By.xpath: //button[contains(text(),"Confirmer la notification")]' in '20' second(s)

14-02-2025T14:32:34 - [MESSAGE][INFO] - Found 1 web elements with id: 'Object Repository/ANEF_Eloignement_V_Nawres/Page_Ajouter_Decision/btn_Confirmer_Notification' located by 'By.xpath: //button[contains(text(),"Confirmer la notification")]' in '20' second(s)

14-02-2025T14:32:36 - [MESSAGE][PASSED] - Object 'Object Repository/ANEF_Eloignement_V_Nawres/Page_Ajouter_Decision/btn_Confirmer_Notification' is clickable

14-02-2025T14:32:36 - [TEST_STEP][PASSED] - click(findTestObject("Object Repository/ANEF_Eloignement_V_Nawres/Page_Ajouter_Decision/btn_Confirmer_Notification"), STOP_ON_FAILURE): Object: 'Object Repository/ANEF_Eloignement_V_Nawres/Page_Ajouter_Decision/btn_Confirmer_Notification' is clicked on

14-02-2025T14:32:36 - [MESSAGE][INFO] - Finding Test Object 'Object Repository/ANEF_Eloignement_V_Nawres/Page_Ajouter_Decision/btn_Confirmer_Notification'

14-02-2025T14:32:36 - [MESSAGE][INFO] - Checking timeout

14-02-2025T14:32:36 - [MESSAGE][INFO] - Finding web element with id: 'Object Repository/ANEF_Eloignement_V_Nawres/Page_Ajouter_Decision/btn_Confirmer_Notification' located by 'By.xpath: //button[contains(text(),"Confirmer la notification")]' in '20' second(s)

14-02-2025T14:32:36 - [MESSAGE][INFO] - Found 1 web elements with id: 'Object Repository/ANEF_Eloignement_V_Nawres/Page_Ajouter_Decision/btn_Confirmer_Notification' located by 'By.xpath: //button[contains(text(),"Confirmer la notification")]' in '20' second(s)

14-02-2025T14:32:36 - [MESSAGE][INFO] - Checking object

14-02-2025T14:32:36 - [MESSAGE][INFO] - Checking timeout

14-02-2025T14:32:36 - [MESSAGE][INFO] - Finding web element from Test Object's properties

14-02-2025T14:32:36 - [MESSAGE][INFO] - Checking timeout

14-02-2025T14:32:36 - [MESSAGE][INFO] - Finding web element with id: 'Object Repository/ANEF_Eloignement_V_Nawres/Page_Ajouter_Decision/btn_Confirmer_Notification' located by 'By.xpath: //button[contains(text(),"Confirmer la notification")]' in '100' second(s)

14-02-2025T14:32:36 - [MESSAGE][INFO] - Found 1 web elements with id: 'Object Repository/ANEF_Eloignement_V_Nawres/Page_Ajouter_Decision/btn_Confirmer_Notification' located by 'By.xpath: //button[contains(text(),"Confirmer la notification")]' in '100' second(s)

14-02-2025T14:32:36 - [MESSAGE][INFO] - Clicking on object: 'Object Repository/ANEF_Eloignement_V_Nawres/Page_Ajouter_Decision/btn_Confirmer_Notification'

14-02-2025T14:32:37 - [MESSAGE][PASSED] - Object: 'Object Repository/ANEF_Eloignement_V_Nawres/Page_Ajouter_Decision/btn_Confirmer_Notification' is clicked on

14-02-2025T14:32:37 - [TEST_STEP][PASSED] - selectOptionByLabel(findTestObject("Object Repository/ANEF_Eloignement_V_Nawres/Page_Ajouter_Decision/select_Mode_Notification"), ModeNotification, false, STOP_ON_FAILURE): All options with label 'Voie administrative' are selected in object 'Object Repository/ANEF_Eloignement_V_Nawres/Page_Ajouter_Decision/select_Mode_Notification' 

14-02-2025T14:32:37 - [MESSAGE][INFO] - Finding Test Object 'Object Repository/ANEF_Eloignement_V_Nawres/Page_Ajouter_Decision/select_Mode_Notification'

14-02-2025T14:32:37 - [MESSAGE][INFO] - Checking timeout

14-02-2025T14:32:37 - [MESSAGE][INFO] - Finding web element with id: 'Object Repository/ANEF_Eloignement_V_Nawres/Page_Ajouter_Decision/select_Mode_Notification' located by 'By.xpath: //app-notification-modal//form//app-dsfr-select/div/select[@id="mode_notification"]' in '20' second(s)

14-02-2025T14:32:37 - [MESSAGE][INFO] - Found 1 web elements with id: 'Object Repository/ANEF_Eloignement_V_Nawres/Page_Ajouter_Decision/select_Mode_Notification' located by 'By.xpath: //app-notification-modal//form//app-dsfr-select/div/select[@id="mode_notification"]' in '20' second(s)

14-02-2025T14:32:37 - [MESSAGE][INFO] - Checking object

14-02-2025T14:32:37 - [MESSAGE][INFO] - Checking label parameter

14-02-2025T14:32:37 - [MESSAGE][INFO] - Finding web element from Test Object's properties

14-02-2025T14:32:37 - [MESSAGE][INFO] - Checking timeout

14-02-2025T14:32:37 - [MESSAGE][INFO] - Finding web element with id: 'Object Repository/ANEF_Eloignement_V_Nawres/Page_Ajouter_Decision/select_Mode_Notification' located by 'By.xpath: //app-notification-modal//form//app-dsfr-select/div/select[@id="mode_notification"]' in '100' second(s)

14-02-2025T14:32:37 - [MESSAGE][INFO] - Found 1 web elements with id: 'Object Repository/ANEF_Eloignement_V_Nawres/Page_Ajouter_Decision/select_Mode_Notification' located by 'By.xpath: //app-notification-modal//form//app-dsfr-select/div/select[@id="mode_notification"]' in '100' second(s)

14-02-2025T14:32:37 - [MESSAGE][INFO] - Selecting options on object 'Object Repository/ANEF_Eloignement_V_Nawres/Page_Ajouter_Decision/select_Mode_Notification' with label 'Voie administrative' 

14-02-2025T14:32:38 - [MESSAGE][PASSED] - All options with label 'Voie administrative' are selected in object 'Object Repository/ANEF_Eloignement_V_Nawres/Page_Ajouter_Decision/select_Mode_Notification' 

14-02-2025T14:32:38 - [TEST_STEP][PASSED] - setText(findTestObject("Object Repository/ANEF_Eloignement_V_Nawres/Page_Ajouter_Decision/input_Date_Notification"), DateActuelle, STOP_ON_FAILURE): Text '14/02/2025' is set on object 'Object Repository/ANEF_Eloignement_V_Nawres/Page_Ajouter_Decision/input_Date_Notification'

14-02-2025T14:32:38 - [MESSAGE][INFO] - Finding Test Object 'Object Repository/ANEF_Eloignement_V_Nawres/Page_Ajouter_Decision/input_Date_Notification'

14-02-2025T14:32:38 - [MESSAGE][INFO] - Checking timeout

14-02-2025T14:32:38 - [MESSAGE][INFO] - Finding web element with id: 'Object Repository/ANEF_Eloignement_V_Nawres/Page_Ajouter_Decision/input_Date_Notification' located by 'By.xpath: //app-notification-modal//form//app-dsfr-input/div/input[@name="date_notification"]' in '20' second(s)

14-02-2025T14:32:38 - [MESSAGE][INFO] - Found 1 web elements with id: 'Object Repository/ANEF_Eloignement_V_Nawres/Page_Ajouter_Decision/input_Date_Notification' located by 'By.xpath: //app-notification-modal//form//app-dsfr-input/div/input[@name="date_notification"]' in '20' second(s)

14-02-2025T14:32:38 - [MESSAGE][INFO] - Checking object

14-02-2025T14:32:38 - [MESSAGE][INFO] - Checking text

14-02-2025T14:32:38 - [MESSAGE][INFO] - Finding web element from Test Object's properties

14-02-2025T14:32:38 - [MESSAGE][INFO] - Checking timeout

14-02-2025T14:32:38 - [MESSAGE][INFO] - Finding web element with id: 'Object Repository/ANEF_Eloignement_V_Nawres/Page_Ajouter_Decision/input_Date_Notification' located by 'By.xpath: //app-notification-modal//form//app-dsfr-input/div/input[@name="date_notification"]' in '100' second(s)

14-02-2025T14:32:38 - [MESSAGE][INFO] - Found 1 web elements with id: 'Object Repository/ANEF_Eloignement_V_Nawres/Page_Ajouter_Decision/input_Date_Notification' located by 'By.xpath: //app-notification-modal//form//app-dsfr-input/div/input[@name="date_notification"]' in '100' second(s)

14-02-2025T14:32:38 - [MESSAGE][INFO] - Clearing text of object 'Object Repository/ANEF_Eloignement_V_Nawres/Page_Ajouter_Decision/input_Date_Notification'

14-02-2025T14:32:39 - [MESSAGE][INFO] - Finding web element from Test Object's properties

14-02-2025T14:32:39 - [MESSAGE][INFO] - Checking timeout

14-02-2025T14:32:39 - [MESSAGE][INFO] - Finding web element with id: 'Object Repository/ANEF_Eloignement_V_Nawres/Page_Ajouter_Decision/input_Date_Notification' located by 'By.xpath: //app-notification-modal//form//app-dsfr-input/div/input[@name="date_notification"]' in '100' second(s)

14-02-2025T14:32:39 - [MESSAGE][INFO] - Found 1 web elements with id: 'Object Repository/ANEF_Eloignement_V_Nawres/Page_Ajouter_Decision/input_Date_Notification' located by 'By.xpath: //app-notification-modal//form//app-dsfr-input/div/input[@name="date_notification"]' in '100' second(s)

14-02-2025T14:32:39 - [MESSAGE][INFO] - Setting text of object 'Object Repository/ANEF_Eloignement_V_Nawres/Page_Ajouter_Decision/input_Date_Notification' to value '14/02/2025'

14-02-2025T14:32:41 - [MESSAGE][PASSED] - Text '14/02/2025' is set on object 'Object Repository/ANEF_Eloignement_V_Nawres/Page_Ajouter_Decision/input_Date_Notification'

14-02-2025T14:32:41 - [TEST_STEP][PASSED] - if (ModeNotification == "Voie administrative"): Text '14:30' is set on object 'Object Repository/ANEF_Eloignement_V_Nawres/Page_Ajouter_Decision/input_Heure_Notification'

14-02-2025T14:32:41 - [TEST_STEP][PASSED] - setText(findTestObject("Object Repository/ANEF_Eloignement_V_Nawres/Page_Ajouter_Decision/input_Heure_Notification"), "14:30", STOP_ON_FAILURE): Text '14:30' is set on object 'Object Repository/ANEF_Eloignement_V_Nawres/Page_Ajouter_Decision/input_Heure_Notification'

14-02-2025T14:32:41 - [MESSAGE][INFO] - Finding Test Object 'Object Repository/ANEF_Eloignement_V_Nawres/Page_Ajouter_Decision/input_Heure_Notification'

14-02-2025T14:32:41 - [MESSAGE][INFO] - Checking timeout

14-02-2025T14:32:41 - [MESSAGE][INFO] - Finding web element with id: 'Object Repository/ANEF_Eloignement_V_Nawres/Page_Ajouter_Decision/input_Heure_Notification' located by 'By.xpath: //app-notification-modal//form//app-dsfr-input/div/input[@id="heure_notification"]' in '20' second(s)

14-02-2025T14:32:41 - [MESSAGE][INFO] - Found 1 web elements with id: 'Object Repository/ANEF_Eloignement_V_Nawres/Page_Ajouter_Decision/input_Heure_Notification' located by 'By.xpath: //app-notification-modal//form//app-dsfr-input/div/input[@id="heure_notification"]' in '20' second(s)

14-02-2025T14:32:41 - [MESSAGE][INFO] - Checking object

14-02-2025T14:32:41 - [MESSAGE][INFO] - Checking text

14-02-2025T14:32:41 - [MESSAGE][INFO] - Finding web element from Test Object's properties

14-02-2025T14:32:41 - [MESSAGE][INFO] - Checking timeout

14-02-2025T14:32:41 - [MESSAGE][INFO] - Finding web element with id: 'Object Repository/ANEF_Eloignement_V_Nawres/Page_Ajouter_Decision/input_Heure_Notification' located by 'By.xpath: //app-notification-modal//form//app-dsfr-input/div/input[@id="heure_notification"]' in '100' second(s)

14-02-2025T14:32:41 - [MESSAGE][INFO] - Found 1 web elements with id: 'Object Repository/ANEF_Eloignement_V_Nawres/Page_Ajouter_Decision/input_Heure_Notification' located by 'By.xpath: //app-notification-modal//form//app-dsfr-input/div/input[@id="heure_notification"]' in '100' second(s)

14-02-2025T14:32:41 - [MESSAGE][INFO] - Clearing text of object 'Object Repository/ANEF_Eloignement_V_Nawres/Page_Ajouter_Decision/input_Heure_Notification'

14-02-2025T14:32:42 - [MESSAGE][INFO] - Finding web element from Test Object's properties

14-02-2025T14:32:42 - [MESSAGE][INFO] - Checking timeout

14-02-2025T14:32:42 - [MESSAGE][INFO] - Finding web element with id: 'Object Repository/ANEF_Eloignement_V_Nawres/Page_Ajouter_Decision/input_Heure_Notification' located by 'By.xpath: //app-notification-modal//form//app-dsfr-input/div/input[@id="heure_notification"]' in '100' second(s)

14-02-2025T14:32:42 - [MESSAGE][INFO] - Found 1 web elements with id: 'Object Repository/ANEF_Eloignement_V_Nawres/Page_Ajouter_Decision/input_Heure_Notification' located by 'By.xpath: //app-notification-modal//form//app-dsfr-input/div/input[@id="heure_notification"]' in '100' second(s)

14-02-2025T14:32:42 - [MESSAGE][INFO] - Setting text of object 'Object Repository/ANEF_Eloignement_V_Nawres/Page_Ajouter_Decision/input_Heure_Notification' to value '14:30'

14-02-2025T14:32:43 - [MESSAGE][PASSED] - Text '14:30' is set on object 'Object Repository/ANEF_Eloignement_V_Nawres/Page_Ajouter_Decision/input_Heure_Notification'

14-02-2025T14:32:43 - [TEST_STEP][PASSED] - uploadFile(findTestObject("Object Repository/ANEF_Eloignement_V_Nawres/Page_Ajouter_Decision/input_Ajouter_Fichier_Notification"), getProjectDir() + "/Data Files/Fichier_Test.pdf"): File 'C:/Users/nbenjemi/Katalon Studio/ANEF-ELOIGNEMENT-20250121/ANEF-ELOIGNEMENT-20250121/Data Files/Fichier_Test.pdf' sent to object: 'Object Repository/ANEF_Eloignement_V_Nawres/Page_Ajouter_Decision/input_Ajouter_Fichier_Notification'

14-02-2025T14:32:43 - [MESSAGE][INFO] - Finding Test Object 'Object Repository/ANEF_Eloignement_V_Nawres/Page_Ajouter_Decision/input_Ajouter_Fichier_Notification'

14-02-2025T14:32:43 - [MESSAGE][INFO] - Checking object

14-02-2025T14:32:43 - [MESSAGE][INFO] - Uploading file 'C:/Users/nbenjemi/Katalon Studio/ANEF-ELOIGNEMENT-20250121/ANEF-ELOIGNEMENT-20250121/Data Files/Fichier_Test.pdf' to object: 'Object Repository/ANEF_Eloignement_V_Nawres/Page_Ajouter_Decision/input_Ajouter_Fichier_Notification'

14-02-2025T14:32:43 - [MESSAGE][INFO] - Finding web element from Test Object's properties

14-02-2025T14:32:43 - [MESSAGE][INFO] - Checking timeout

14-02-2025T14:32:43 - [MESSAGE][INFO] - Finding web element with id: 'Object Repository/ANEF_Eloignement_V_Nawres/Page_Ajouter_Decision/input_Ajouter_Fichier_Notification' located by 'By.xpath: //app-notification-modal//form//app-dsfr-piece-jointe//input' in '100' second(s)

14-02-2025T14:32:43 - [MESSAGE][INFO] - Found 1 web elements with id: 'Object Repository/ANEF_Eloignement_V_Nawres/Page_Ajouter_Decision/input_Ajouter_Fichier_Notification' located by 'By.xpath: //app-notification-modal//form//app-dsfr-piece-jointe//input' in '100' second(s)

14-02-2025T14:32:44 - [MESSAGE][PASSED] - File 'C:/Users/nbenjemi/Katalon Studio/ANEF-ELOIGNEMENT-20250121/ANEF-ELOIGNEMENT-20250121/Data Files/Fichier_Test.pdf' sent to object: 'Object Repository/ANEF_Eloignement_V_Nawres/Page_Ajouter_Decision/input_Ajouter_Fichier_Notification'

14-02-2025T14:32:44 - [TEST_STEP][PASSED] - scrollToElement(findTestObject("Object Repository/ANEF_Eloignement_V_Nawres/Page_Ajouter_Decision/btn_Confirmer_Ajout_Notification"), 5, STOP_ON_FAILURE): Scroll to object 'Object Repository/ANEF_Eloignement_V_Nawres/Page_Ajouter_Decision/btn_Confirmer_Ajout_Notification' successfully

14-02-2025T14:32:44 - [MESSAGE][INFO] - Finding Test Object 'Object Repository/ANEF_Eloignement_V_Nawres/Page_Ajouter_Decision/btn_Confirmer_Ajout_Notification'

14-02-2025T14:32:44 - [MESSAGE][INFO] - Checking object

14-02-2025T14:32:44 - [MESSAGE][INFO] - Checking timeout

14-02-2025T14:32:44 - [MESSAGE][INFO] - Finding web element from Test Object's properties

14-02-2025T14:32:44 - [MESSAGE][INFO] - Checking timeout

14-02-2025T14:32:44 - [MESSAGE][INFO] - Finding web element with id: 'Object Repository/ANEF_Eloignement_V_Nawres/Page_Ajouter_Decision/btn_Confirmer_Ajout_Notification' located by 'By.xpath: //app-notification-modal//button[contains(text(),"Confirmer l'ajout")]' in '100' second(s)

14-02-2025T14:32:44 - [MESSAGE][INFO] - Found 1 web elements with id: 'Object Repository/ANEF_Eloignement_V_Nawres/Page_Ajouter_Decision/btn_Confirmer_Ajout_Notification' located by 'By.xpath: //app-notification-modal//button[contains(text(),"Confirmer l'ajout")]' in '100' second(s)

14-02-2025T14:32:44 - [MESSAGE][INFO] - Scrolling to object 'Object Repository/ANEF_Eloignement_V_Nawres/Page_Ajouter_Decision/btn_Confirmer_Ajout_Notification'

14-02-2025T14:32:44 - [MESSAGE][PASSED] - Scroll to object 'Object Repository/ANEF_Eloignement_V_Nawres/Page_Ajouter_Decision/btn_Confirmer_Ajout_Notification' successfully

14-02-2025T14:32:44 - [TEST_STEP][PASSED] - click(findTestObject("Object Repository/ANEF_Eloignement_V_Nawres/Page_Ajouter_Decision/btn_Confirmer_Ajout_Notification"), STOP_ON_FAILURE): Object: 'Object Repository/ANEF_Eloignement_V_Nawres/Page_Ajouter_Decision/btn_Confirmer_Ajout_Notification' is clicked on

14-02-2025T14:32:44 - [MESSAGE][INFO] - Finding Test Object 'Object Repository/ANEF_Eloignement_V_Nawres/Page_Ajouter_Decision/btn_Confirmer_Ajout_Notification'

14-02-2025T14:32:44 - [MESSAGE][INFO] - Checking timeout

14-02-2025T14:32:44 - [MESSAGE][INFO] - Finding web element with id: 'Object Repository/ANEF_Eloignement_V_Nawres/Page_Ajouter_Decision/btn_Confirmer_Ajout_Notification' located by 'By.xpath: //app-notification-modal//button[contains(text(),"Confirmer l'ajout")]' in '20' second(s)

14-02-2025T14:32:44 - [MESSAGE][INFO] - Found 1 web elements with id: 'Object Repository/ANEF_Eloignement_V_Nawres/Page_Ajouter_Decision/btn_Confirmer_Ajout_Notification' located by 'By.xpath: //app-notification-modal//button[contains(text(),"Confirmer l'ajout")]' in '20' second(s)

14-02-2025T14:32:44 - [MESSAGE][INFO] - Checking object

14-02-2025T14:32:44 - [MESSAGE][INFO] - Checking timeout

14-02-2025T14:32:44 - [MESSAGE][INFO] - Finding web element from Test Object's properties

14-02-2025T14:32:44 - [MESSAGE][INFO] - Checking timeout

14-02-2025T14:32:44 - [MESSAGE][INFO] - Finding web element with id: 'Object Repository/ANEF_Eloignement_V_Nawres/Page_Ajouter_Decision/btn_Confirmer_Ajout_Notification' located by 'By.xpath: //app-notification-modal//button[contains(text(),"Confirmer l'ajout")]' in '100' second(s)

14-02-2025T14:32:44 - [MESSAGE][INFO] - Found 1 web elements with id: 'Object Repository/ANEF_Eloignement_V_Nawres/Page_Ajouter_Decision/btn_Confirmer_Ajout_Notification' located by 'By.xpath: //app-notification-modal//button[contains(text(),"Confirmer l'ajout")]' in '100' second(s)

14-02-2025T14:32:44 - [MESSAGE][INFO] - Clicking on object: 'Object Repository/ANEF_Eloignement_V_Nawres/Page_Ajouter_Decision/btn_Confirmer_Ajout_Notification'

14-02-2025T14:32:45 - [MESSAGE][PASSED] - Object: 'Object Repository/ANEF_Eloignement_V_Nawres/Page_Ajouter_Decision/btn_Confirmer_Ajout_Notification' is clicked on

14-02-2025T14:32:45 - [TEST_STEP][PASSED] - waitForElementClickable(findTestObject("Object Repository/ANEF_Eloignement_V_Nawres/Page_Ajouter_Decision/btn_Enregistrer"), 7, STOP_ON_FAILURE): Object 'Object Repository/ANEF_Eloignement_V_Nawres/Page_Ajouter_Decision/btn_Enregistrer' is clickable

14-02-2025T14:32:45 - [MESSAGE][INFO] - Finding Test Object 'Object Repository/ANEF_Eloignement_V_Nawres/Page_Ajouter_Decision/btn_Enregistrer'

14-02-2025T14:32:45 - [MESSAGE][INFO] - Checking object

14-02-2025T14:32:45 - [MESSAGE][INFO] - Checking timeout

14-02-2025T14:32:45 - [MESSAGE][INFO] - Finding web element from Test Object's properties

14-02-2025T14:32:45 - [MESSAGE][INFO] - Checking timeout

14-02-2025T14:32:45 - [MESSAGE][INFO] - Finding web element with id: 'Object Repository/ANEF_Eloignement_V_Nawres/Page_Ajouter_Decision/btn_Enregistrer' located by 'By.xpath: //button[contains(text(),"Enregistrer")]' in '7' second(s)

14-02-2025T14:32:45 - [MESSAGE][INFO] - Found 1 web elements with id: 'Object Repository/ANEF_Eloignement_V_Nawres/Page_Ajouter_Decision/btn_Enregistrer' located by 'By.xpath: //button[contains(text(),"Enregistrer")]' in '7' second(s)

14-02-2025T14:32:45 - [MESSAGE][PASSED] - Object 'Object Repository/ANEF_Eloignement_V_Nawres/Page_Ajouter_Decision/btn_Enregistrer' is clickable

14-02-2025T14:32:45 - [MESSAGE][PASSED] - Call Test Case 'Test Cases/Test Reutilisable/Main/ANEF_Eloignement_V_Nawres/ANEF_Ajouter_Decision' successfully

14-02-2025T14:32:47 - [TEST_STEP][PASSED] - Video: Video recording for test case 'Test Cases/Cas D Utilisations/ANEF_Eloignement_V_Nawres/TC_ANEF_Eloignement' .

14-02-2025T14:32:47 - [MESSAGE][INFO] - Video recording for test case 'Test Cases/Cas D Utilisations/ANEF_Eloignement_V_Nawres/TC_ANEF_Eloignement' .]]></system-out>
         <system-err><![CDATA[]]></system-err>
      </testcase>
      <testcase name="Test Cases/Cas D Utilisations/ANEF_Eloignement_V_Nawres/TC_ANEF_Eloignement" time="84.187" classname="Test Cases/Cas D Utilisations/ANEF_Eloignement_V_Nawres/TC_ANEF_Eloignement" status="PASSED">
         <system-out><![CDATA[14-02-2025T14:32:47 - [TEST_CASE][PASSED] - Test Cases/Cas D Utilisations/ANEF_Eloignement_V_Nawres/TC_ANEF_Eloignement: Test Cases/Cas D Utilisations/ANEF_Eloignement_V_Nawres/TC_ANEF_Eloignement

14-02-2025T14:32:48 - [TEST_STEP][PASSED] - callTestCase(findTestCase("Test Cases/Test Reutilisable/Main/ANEF_Eloignement_V_Nawres/ANEF_Lancer_URL_ANEF"), ["Profiles":Profiles, "EnvExec":EnvExec], STOP_ON_FAILURE): Call Test Case 'Test Cases/Test Reutilisable/Main/ANEF_Eloignement_V_Nawres/ANEF_Lancer_URL_ANEF' successfully

14-02-2025T14:32:48 - [MESSAGE][INFO] - Checking called Test Case

14-02-2025T14:32:48 - [MESSAGE][INFO] - Starting to call Test Case 'Test Cases/Test Reutilisable/Main/ANEF_Eloignement_V_Nawres/ANEF_Lancer_URL_ANEF'

14-02-2025T14:32:48 - [TEST_CASE][PASSED] - Test Cases/Test Reutilisable/Main/ANEF_Eloignement_V_Nawres/ANEF_Lancer_URL_ANEF: Test Cases/Test Reutilisable/Main/ANEF_Eloignement_V_Nawres/ANEF_Lancer_URL_ANEF

14-02-2025T14:32:48 - [TEST_STEP][PASSED] - "Call Highlight.on() automatically": null

14-02-2025T14:32:48 - [TEST_STEP][PASSED] - projDir = getProjectDir(): null

14-02-2025T14:32:48 - [TEST_STEP][PASSED] - RunBrowserConfiguration = getExecutionProperties(): null

14-02-2025T14:32:48 - [TEST_STEP][PASSED] - DriverName = get("WebUI").get("browserType"): null

14-02-2025T14:32:48 - [TEST_STEP][PASSED] - println("DriverName :" + DriverName): null

14-02-2025T14:32:48 - [TEST_STEP][PASSED] - println("Driverpath :" + RunBrowserConfiguration.get("drivers")): null

14-02-2025T14:32:48 - [TEST_STEP][PASSED] - if (Profiles == "Usager"): null

14-02-2025T14:32:48 - [TEST_STEP][PASSED] - if (Profiles == "Agent"): Current window maximized

14-02-2025T14:32:48 - [TEST_STEP][PASSED] - if (EnvExec == "URLPortailAgentQualif"): Browser is opened with url: 'https://qualification.siaef.dgef.interieur.gouv.fr/sejour/#/accueil'

14-02-2025T14:32:48 - [TEST_STEP][PASSED] - openBrowser(URLPortailAgentQualif): Browser is opened with url: 'https://qualification.siaef.dgef.interieur.gouv.fr/sejour/#/accueil'

14-02-2025T14:32:48 - [MESSAGE][INFO] - Opening browser

14-02-2025T14:32:48 - [MESSAGE][WARNING] - A browser is already opened. Closing browser and opening a new one

14-02-2025T14:32:48 - [MESSAGE][INFO] - Starting 'Chrome' driver

14-02-2025T14:32:48 - [MESSAGE][INFO] - User set preference: ['args', '[--incognito, --disable-search-engine-choice-screen, --enable-automation, --disable-save-password-bubble, --start-maximized, --remote-allow-origins=*]']

14-02-2025T14:32:48 - [MESSAGE][INFO] - User set preference: ['prefs', '{download.default_directory=${GlobalVariable.downloadPath}, download_dir=${GlobalVariable.downloadPath}, download.prompt_for_download=false}']

14-02-2025T14:32:48 - [MESSAGE][INFO] - User set preference: ['loggingPrefs', '{browser=ALL}']

14-02-2025T14:32:48 - [MESSAGE][INFO] - Action delay is set to 1â€¯000 milliseconds

14-02-2025T14:32:50 - [MESSAGE][INFO] - Navigating browser to: 'https://qualification.siaef.dgef.interieur.gouv.fr/sejour/#/accueil'

14-02-2025T14:32:52 - [MESSAGE][PASSED] - Browser is opened with url: 'https://qualification.siaef.dgef.interieur.gouv.fr/sejour/#/accueil'

14-02-2025T14:32:52 - [TEST_STEP][PASSED] - if (EnvExec == "URLPortailAgentPreProd"): null

14-02-2025T14:32:52 - [TEST_STEP][PASSED] - maximizeWindow(): Current window maximized

14-02-2025T14:32:52 - [MESSAGE][INFO] - Maximizing current window

14-02-2025T14:32:52 - [MESSAGE][PASSED] - Current window maximized

14-02-2025T14:32:52 - [MESSAGE][PASSED] - Call Test Case 'Test Cases/Test Reutilisable/Main/ANEF_Eloignement_V_Nawres/ANEF_Lancer_URL_ANEF' successfully

14-02-2025T14:32:52 - [TEST_STEP][PASSED] - callTestCase(findTestCase("Test Cases/Test Reutilisable/Main/ANEF_Eloignement_V_Nawres/ANEF_Identification"), ["Profiles":Profiles, "IdentifiantAgent":IdentifiantAgent, "PwAgent":PwAgent, "EnvExec":EnvExec], STOP_ON_FAILURE): Call Test Case 'Test Cases/Test Reutilisable/Main/ANEF_Eloignement_V_Nawres/ANEF_Identification' successfully

14-02-2025T14:32:52 - [MESSAGE][INFO] - Checking called Test Case

14-02-2025T14:32:52 - [MESSAGE][INFO] - Starting to call Test Case 'Test Cases/Test Reutilisable/Main/ANEF_Eloignement_V_Nawres/ANEF_Identification'

14-02-2025T14:32:52 - [TEST_CASE][PASSED] - Test Cases/Test Reutilisable/Main/ANEF_Eloignement_V_Nawres/ANEF_Identification: Test Cases/Test Reutilisable/Main/ANEF_Eloignement_V_Nawres/ANEF_Identification

14-02-2025T14:32:52 - [TEST_STEP][PASSED] - com.kazurayam.ksbackyard.HighlightElement.pandemic(): com.kazurayam.ksbackyard.HighlightElement.pandemic is PASSED

14-02-2025T14:32:52 - [MESSAGE][PASSED] - com.kazurayam.ksbackyard.HighlightElement.pandemic is PASSED

14-02-2025T14:32:52 - [TEST_STEP][PASSED] - if (Profiles == "Usager"): null

14-02-2025T14:32:52 - [TEST_STEP][PASSED] - if (Profiles == "Agent"): Object: 'Object Repository/ANEF_Eloignement_V_Nawres/Page_ANEF_Connexion/btn_Valider_Conx_Agent' is clicked on

14-02-2025T14:32:52 - [TEST_STEP][PASSED] - if (EnvExec == "URLPortailAgentQualif"): Text 'Natali12345!' is set on object 'Object Repository/ANEF_Eloignement_V_Nawres/Page_ANEF_Connexion/Input_PasswordAgent'

14-02-2025T14:32:52 - [TEST_STEP][PASSED] - setText(findTestObject("Object Repository/ANEF_Eloignement_V_Nawres/Page_ANEF_Connexion/Input_UserNameAgent"), IdentifiantAgent): Text 'test.gpe+32@outlook.fr' is set on object 'Object Repository/ANEF_Eloignement_V_Nawres/Page_ANEF_Connexion/Input_UserNameAgent'

14-02-2025T14:32:52 - [MESSAGE][INFO] - Finding Test Object 'Object Repository/ANEF_Eloignement_V_Nawres/Page_ANEF_Connexion/Input_UserNameAgent'

14-02-2025T14:32:52 - [MESSAGE][INFO] - Checking timeout

14-02-2025T14:32:52 - [MESSAGE][INFO] - Finding web element with id: 'Object Repository/ANEF_Eloignement_V_Nawres/Page_ANEF_Connexion/Input_UserNameAgent' located by 'By.xpath: //*[@aria-labelledby="username-label"]|//*[@id="login"]' in '20' second(s)

14-02-2025T14:32:52 - [MESSAGE][INFO] - Found 1 web elements with id: 'Object Repository/ANEF_Eloignement_V_Nawres/Page_ANEF_Connexion/Input_UserNameAgent' located by 'By.xpath: //*[@aria-labelledby="username-label"]|//*[@id="login"]' in '20' second(s)

14-02-2025T14:32:53 - [MESSAGE][INFO] - Checking object

14-02-2025T14:32:53 - [MESSAGE][INFO] - Checking text

14-02-2025T14:32:53 - [MESSAGE][INFO] - Finding web element from Test Object's properties

14-02-2025T14:32:53 - [MESSAGE][INFO] - Checking timeout

14-02-2025T14:32:53 - [MESSAGE][INFO] - Finding web element with id: 'Object Repository/ANEF_Eloignement_V_Nawres/Page_ANEF_Connexion/Input_UserNameAgent' located by 'By.xpath: //*[@aria-labelledby="username-label"]|//*[@id="login"]' in '100' second(s)

14-02-2025T14:32:53 - [MESSAGE][INFO] - Found 1 web elements with id: 'Object Repository/ANEF_Eloignement_V_Nawres/Page_ANEF_Connexion/Input_UserNameAgent' located by 'By.xpath: //*[@aria-labelledby="username-label"]|//*[@id="login"]' in '100' second(s)

14-02-2025T14:32:53 - [MESSAGE][INFO] - Clearing text of object 'Object Repository/ANEF_Eloignement_V_Nawres/Page_ANEF_Connexion/Input_UserNameAgent'

14-02-2025T14:32:54 - [MESSAGE][INFO] - Finding web element from Test Object's properties

14-02-2025T14:32:54 - [MESSAGE][INFO] - Checking timeout

14-02-2025T14:32:54 - [MESSAGE][INFO] - Finding web element with id: 'Object Repository/ANEF_Eloignement_V_Nawres/Page_ANEF_Connexion/Input_UserNameAgent' located by 'By.xpath: //*[@aria-labelledby="username-label"]|//*[@id="login"]' in '100' second(s)

14-02-2025T14:32:54 - [MESSAGE][INFO] - Found 1 web elements with id: 'Object Repository/ANEF_Eloignement_V_Nawres/Page_ANEF_Connexion/Input_UserNameAgent' located by 'By.xpath: //*[@aria-labelledby="username-label"]|//*[@id="login"]' in '100' second(s)

14-02-2025T14:32:54 - [MESSAGE][INFO] - Setting text of object 'Object Repository/ANEF_Eloignement_V_Nawres/Page_ANEF_Connexion/Input_UserNameAgent' to value 'test.gpe+32@outlook.fr'

14-02-2025T14:32:55 - [MESSAGE][PASSED] - Text 'test.gpe+32@outlook.fr' is set on object 'Object Repository/ANEF_Eloignement_V_Nawres/Page_ANEF_Connexion/Input_UserNameAgent'

14-02-2025T14:32:55 - [TEST_STEP][PASSED] - setText(findTestObject("Object Repository/ANEF_Eloignement_V_Nawres/Page_ANEF_Connexion/Input_PasswordAgent"), PwAgent): Text 'Natali12345!' is set on object 'Object Repository/ANEF_Eloignement_V_Nawres/Page_ANEF_Connexion/Input_PasswordAgent'

14-02-2025T14:32:55 - [MESSAGE][INFO] - Finding Test Object 'Object Repository/ANEF_Eloignement_V_Nawres/Page_ANEF_Connexion/Input_PasswordAgent'

14-02-2025T14:32:55 - [MESSAGE][INFO] - Checking timeout

14-02-2025T14:32:55 - [MESSAGE][INFO] - Finding web element with id: 'Object Repository/ANEF_Eloignement_V_Nawres/Page_ANEF_Connexion/Input_PasswordAgent' located by 'By.xpath: //*[@aria-labelledby="password-label"]|//*[@id="password"]' in '20' second(s)

14-02-2025T14:32:55 - [MESSAGE][INFO] - Found 1 web elements with id: 'Object Repository/ANEF_Eloignement_V_Nawres/Page_ANEF_Connexion/Input_PasswordAgent' located by 'By.xpath: //*[@aria-labelledby="password-label"]|//*[@id="password"]' in '20' second(s)

14-02-2025T14:32:55 - [MESSAGE][INFO] - Checking object

14-02-2025T14:32:55 - [MESSAGE][INFO] - Checking text

14-02-2025T14:32:55 - [MESSAGE][INFO] - Finding web element from Test Object's properties

14-02-2025T14:32:55 - [MESSAGE][INFO] - Checking timeout

14-02-2025T14:32:55 - [MESSAGE][INFO] - Finding web element with id: 'Object Repository/ANEF_Eloignement_V_Nawres/Page_ANEF_Connexion/Input_PasswordAgent' located by 'By.xpath: //*[@aria-labelledby="password-label"]|//*[@id="password"]' in '100' second(s)

14-02-2025T14:32:55 - [MESSAGE][INFO] - Found 1 web elements with id: 'Object Repository/ANEF_Eloignement_V_Nawres/Page_ANEF_Connexion/Input_PasswordAgent' located by 'By.xpath: //*[@aria-labelledby="password-label"]|//*[@id="password"]' in '100' second(s)

14-02-2025T14:32:55 - [MESSAGE][INFO] - Clearing text of object 'Object Repository/ANEF_Eloignement_V_Nawres/Page_ANEF_Connexion/Input_PasswordAgent'

14-02-2025T14:32:56 - [MESSAGE][INFO] - Finding web element from Test Object's properties

14-02-2025T14:32:56 - [MESSAGE][INFO] - Checking timeout

14-02-2025T14:32:56 - [MESSAGE][INFO] - Finding web element with id: 'Object Repository/ANEF_Eloignement_V_Nawres/Page_ANEF_Connexion/Input_PasswordAgent' located by 'By.xpath: //*[@aria-labelledby="password-label"]|//*[@id="password"]' in '100' second(s)

14-02-2025T14:32:56 - [MESSAGE][INFO] - Found 1 web elements with id: 'Object Repository/ANEF_Eloignement_V_Nawres/Page_ANEF_Connexion/Input_PasswordAgent' located by 'By.xpath: //*[@aria-labelledby="password-label"]|//*[@id="password"]' in '100' second(s)

14-02-2025T14:32:56 - [MESSAGE][INFO] - Setting text of object 'Object Repository/ANEF_Eloignement_V_Nawres/Page_ANEF_Connexion/Input_PasswordAgent' to value 'Natali12345!'

14-02-2025T14:32:57 - [MESSAGE][PASSED] - Text 'Natali12345!' is set on object 'Object Repository/ANEF_Eloignement_V_Nawres/Page_ANEF_Connexion/Input_PasswordAgent'

14-02-2025T14:32:57 - [TEST_STEP][PASSED] - if (EnvExec == "URLPortailAgentPreProd"): null

14-02-2025T14:32:57 - [TEST_STEP][PASSED] - click(findTestObject("Object Repository/ANEF_Eloignement_V_Nawres/Page_ANEF_Connexion/btn_Valider_Conx_Agent")): Object: 'Object Repository/ANEF_Eloignement_V_Nawres/Page_ANEF_Connexion/btn_Valider_Conx_Agent' is clicked on

14-02-2025T14:32:57 - [MESSAGE][INFO] - Finding Test Object 'Object Repository/ANEF_Eloignement_V_Nawres/Page_ANEF_Connexion/btn_Valider_Conx_Agent'

14-02-2025T14:32:57 - [MESSAGE][INFO] - Checking timeout

14-02-2025T14:32:57 - [MESSAGE][INFO] - Finding web element with id: 'Object Repository/ANEF_Eloignement_V_Nawres/Page_ANEF_Connexion/btn_Valider_Conx_Agent' located by 'By.xpath: //*[@label="Valider"]|//*[@id="btn-login"]' in '20' second(s)

14-02-2025T14:32:57 - [MESSAGE][INFO] - Found 1 web elements with id: 'Object Repository/ANEF_Eloignement_V_Nawres/Page_ANEF_Connexion/btn_Valider_Conx_Agent' located by 'By.xpath: //*[@label="Valider"]|//*[@id="btn-login"]' in '20' second(s)

14-02-2025T14:32:57 - [MESSAGE][INFO] - Checking object

14-02-2025T14:32:57 - [MESSAGE][INFO] - Checking timeout

14-02-2025T14:32:57 - [MESSAGE][INFO] - Finding web element from Test Object's properties

14-02-2025T14:32:57 - [MESSAGE][INFO] - Checking timeout

14-02-2025T14:32:57 - [MESSAGE][INFO] - Finding web element with id: 'Object Repository/ANEF_Eloignement_V_Nawres/Page_ANEF_Connexion/btn_Valider_Conx_Agent' located by 'By.xpath: //*[@label="Valider"]|//*[@id="btn-login"]' in '100' second(s)

14-02-2025T14:32:57 - [MESSAGE][INFO] - Found 1 web elements with id: 'Object Repository/ANEF_Eloignement_V_Nawres/Page_ANEF_Connexion/btn_Valider_Conx_Agent' located by 'By.xpath: //*[@label="Valider"]|//*[@id="btn-login"]' in '100' second(s)

14-02-2025T14:32:57 - [MESSAGE][INFO] - Clicking on object: 'Object Repository/ANEF_Eloignement_V_Nawres/Page_ANEF_Connexion/btn_Valider_Conx_Agent'

14-02-2025T14:32:58 - [MESSAGE][PASSED] - Object: 'Object Repository/ANEF_Eloignement_V_Nawres/Page_ANEF_Connexion/btn_Valider_Conx_Agent' is clicked on

14-02-2025T14:32:58 - [TEST_STEP][PASSED] - delay(5): Delayed 5 second(s)

14-02-2025T14:32:58 - [MESSAGE][INFO] - Delaying browser in 5 second(s)

14-02-2025T14:33:03 - [MESSAGE][PASSED] - Delayed 5 second(s)

14-02-2025T14:33:03 - [TEST_STEP][PASSED] - verifyElementPresent(findTestObject("Object Repository/ANEF_Eloignement_V_Nawres/Page_Accueil_Principale/btn_ANEF_Eloignement"), 1, STOP_ON_FAILURE): Object 'Object Repository/ANEF_Eloignement_V_Nawres/Page_Accueil_Principale/btn_ANEF_Eloignement' is present

14-02-2025T14:33:03 - [MESSAGE][INFO] - Finding Test Object 'Object Repository/ANEF_Eloignement_V_Nawres/Page_Accueil_Principale/btn_ANEF_Eloignement'

14-02-2025T14:33:03 - [MESSAGE][INFO] - Checking object

14-02-2025T14:33:03 - [MESSAGE][INFO] - Finding web element from Test Object's properties

14-02-2025T14:33:03 - [MESSAGE][INFO] - Checking timeout

14-02-2025T14:33:03 - [MESSAGE][INFO] - Finding web element with id: 'Object Repository/ANEF_Eloignement_V_Nawres/Page_Accueil_Principale/btn_ANEF_Eloignement' located by 'By.xpath: //span[contains(text()," ANEF Ã©loignement ")]' in '1' second(s)

14-02-2025T14:33:03 - [MESSAGE][INFO] - Found 1 web elements with id: 'Object Repository/ANEF_Eloignement_V_Nawres/Page_Accueil_Principale/btn_ANEF_Eloignement' located by 'By.xpath: //span[contains(text()," ANEF Ã©loignement ")]' in '1' second(s)

14-02-2025T14:33:03 - [MESSAGE][PASSED] - Object 'Object Repository/ANEF_Eloignement_V_Nawres/Page_Accueil_Principale/btn_ANEF_Eloignement' is present

14-02-2025T14:33:03 - [MESSAGE][PASSED] - Call Test Case 'Test Cases/Test Reutilisable/Main/ANEF_Eloignement_V_Nawres/ANEF_Identification' successfully

14-02-2025T14:33:03 - [TEST_STEP][PASSED] - callTestCase(findTestCase("Test Cases/Test Reutilisable/Main/ANEF_Eloignement_V_Nawres/ANEF_Creation_ou_Recherche_Dossier"), ["CreationOuRecherche":CreationOuRecherche, "NumeroEtranger":NumeroEtranger], STOP_ON_FAILURE): Call Test Case 'Test Cases/Test Reutilisable/Main/ANEF_Eloignement_V_Nawres/ANEF_Creation_ou_Recherche_Dossier' successfully

14-02-2025T14:33:03 - [MESSAGE][INFO] - Checking called Test Case

14-02-2025T14:33:03 - [MESSAGE][INFO] - Starting to call Test Case 'Test Cases/Test Reutilisable/Main/ANEF_Eloignement_V_Nawres/ANEF_Creation_ou_Recherche_Dossier'

14-02-2025T14:33:03 - [TEST_CASE][PASSED] - Test Cases/Test Reutilisable/Main/ANEF_Eloignement_V_Nawres/ANEF_Creation_ou_Recherche_Dossier: Test Cases/Test Reutilisable/Main/ANEF_Eloignement_V_Nawres/ANEF_Creation_ou_Recherche_Dossier

14-02-2025T14:33:03 - [TEST_STEP][PASSED] - click(findTestObject("Object Repository/ANEF_Eloignement_V_Nawres/Page_Accueil_Principale/btn_ANEF_Eloignement")): Object: 'Object Repository/ANEF_Eloignement_V_Nawres/Page_Accueil_Principale/btn_ANEF_Eloignement' is clicked on

14-02-2025T14:33:03 - [MESSAGE][INFO] - Finding Test Object 'Object Repository/ANEF_Eloignement_V_Nawres/Page_Accueil_Principale/btn_ANEF_Eloignement'

14-02-2025T14:33:03 - [MESSAGE][INFO] - Checking timeout

14-02-2025T14:33:03 - [MESSAGE][INFO] - Finding web element with id: 'Object Repository/ANEF_Eloignement_V_Nawres/Page_Accueil_Principale/btn_ANEF_Eloignement' located by 'By.xpath: //span[contains(text()," ANEF Ã©loignement ")]' in '20' second(s)

14-02-2025T14:33:03 - [MESSAGE][INFO] - Found 1 web elements with id: 'Object Repository/ANEF_Eloignement_V_Nawres/Page_Accueil_Principale/btn_ANEF_Eloignement' located by 'By.xpath: //span[contains(text()," ANEF Ã©loignement ")]' in '20' second(s)

14-02-2025T14:33:03 - [MESSAGE][INFO] - Checking object

14-02-2025T14:33:03 - [MESSAGE][INFO] - Checking timeout

14-02-2025T14:33:03 - [MESSAGE][INFO] - Finding web element from Test Object's properties

14-02-2025T14:33:03 - [MESSAGE][INFO] - Checking timeout

14-02-2025T14:33:03 - [MESSAGE][INFO] - Finding web element with id: 'Object Repository/ANEF_Eloignement_V_Nawres/Page_Accueil_Principale/btn_ANEF_Eloignement' located by 'By.xpath: //span[contains(text()," ANEF Ã©loignement ")]' in '100' second(s)

14-02-2025T14:33:04 - [MESSAGE][INFO] - Found 1 web elements with id: 'Object Repository/ANEF_Eloignement_V_Nawres/Page_Accueil_Principale/btn_ANEF_Eloignement' located by 'By.xpath: //span[contains(text()," ANEF Ã©loignement ")]' in '100' second(s)

14-02-2025T14:33:04 - [MESSAGE][INFO] - Clicking on object: 'Object Repository/ANEF_Eloignement_V_Nawres/Page_Accueil_Principale/btn_ANEF_Eloignement'

14-02-2025T14:33:06 - [MESSAGE][PASSED] - Object: 'Object Repository/ANEF_Eloignement_V_Nawres/Page_Accueil_Principale/btn_ANEF_Eloignement' is clicked on

14-02-2025T14:33:06 - [TEST_STEP][PASSED] - verifyElementPresent(findTestObject("Object Repository/ANEF_Eloignement_V_Nawres/Page_Creation_ou_Recherche_Dossier/btn_Rechercher_Dossier"), 1, STOP_ON_FAILURE): Object 'Object Repository/ANEF_Eloignement_V_Nawres/Page_Creation_ou_Recherche_Dossier/btn_Rechercher_Dossier' is present

14-02-2025T14:33:06 - [MESSAGE][INFO] - Finding Test Object 'Object Repository/ANEF_Eloignement_V_Nawres/Page_Creation_ou_Recherche_Dossier/btn_Rechercher_Dossier'

14-02-2025T14:33:06 - [MESSAGE][INFO] - Checking object

14-02-2025T14:33:06 - [MESSAGE][INFO] - Finding web element from Test Object's properties

14-02-2025T14:33:06 - [MESSAGE][INFO] - Checking timeout

14-02-2025T14:33:06 - [MESSAGE][INFO] - Finding web element with id: 'Object Repository/ANEF_Eloignement_V_Nawres/Page_Creation_ou_Recherche_Dossier/btn_Rechercher_Dossier' located by 'By.xpath: //button[@title="Rechercher un dossier"]' in '1' second(s)

14-02-2025T14:33:06 - [MESSAGE][INFO] - Found 1 web elements with id: 'Object Repository/ANEF_Eloignement_V_Nawres/Page_Creation_ou_Recherche_Dossier/btn_Rechercher_Dossier' located by 'By.xpath: //button[@title="Rechercher un dossier"]' in '1' second(s)

14-02-2025T14:33:06 - [MESSAGE][PASSED] - Object 'Object Repository/ANEF_Eloignement_V_Nawres/Page_Creation_ou_Recherche_Dossier/btn_Rechercher_Dossier' is present

14-02-2025T14:33:06 - [TEST_STEP][PASSED] - delay(5): Delayed 5 second(s)

14-02-2025T14:33:06 - [MESSAGE][INFO] - Delaying browser in 5 second(s)

14-02-2025T14:33:11 - [MESSAGE][PASSED] - Delayed 5 second(s)

14-02-2025T14:33:11 - [TEST_STEP][PASSED] - click(findTestObject("Object Repository/ANEF_Eloignement_V_Nawres/Page_Creation_ou_Recherche_Dossier/btn_Rechercher_Dossier")): Object: 'Object Repository/ANEF_Eloignement_V_Nawres/Page_Creation_ou_Recherche_Dossier/btn_Rechercher_Dossier' is clicked on

14-02-2025T14:33:11 - [MESSAGE][INFO] - Finding Test Object 'Object Repository/ANEF_Eloignement_V_Nawres/Page_Creation_ou_Recherche_Dossier/btn_Rechercher_Dossier'

14-02-2025T14:33:11 - [MESSAGE][INFO] - Checking timeout

14-02-2025T14:33:11 - [MESSAGE][INFO] - Finding web element with id: 'Object Repository/ANEF_Eloignement_V_Nawres/Page_Creation_ou_Recherche_Dossier/btn_Rechercher_Dossier' located by 'By.xpath: //button[@title="Rechercher un dossier"]' in '20' second(s)

14-02-2025T14:33:11 - [MESSAGE][INFO] - Found 1 web elements with id: 'Object Repository/ANEF_Eloignement_V_Nawres/Page_Creation_ou_Recherche_Dossier/btn_Rechercher_Dossier' located by 'By.xpath: //button[@title="Rechercher un dossier"]' in '20' second(s)

14-02-2025T14:33:11 - [MESSAGE][INFO] - Checking object

14-02-2025T14:33:11 - [MESSAGE][INFO] - Checking timeout

14-02-2025T14:33:11 - [MESSAGE][INFO] - Finding web element from Test Object's properties

14-02-2025T14:33:11 - [MESSAGE][INFO] - Checking timeout

14-02-2025T14:33:11 - [MESSAGE][INFO] - Finding web element with id: 'Object Repository/ANEF_Eloignement_V_Nawres/Page_Creation_ou_Recherche_Dossier/btn_Rechercher_Dossier' located by 'By.xpath: //button[@title="Rechercher un dossier"]' in '100' second(s)

14-02-2025T14:33:11 - [MESSAGE][INFO] - Found 1 web elements with id: 'Object Repository/ANEF_Eloignement_V_Nawres/Page_Creation_ou_Recherche_Dossier/btn_Rechercher_Dossier' located by 'By.xpath: //button[@title="Rechercher un dossier"]' in '100' second(s)

14-02-2025T14:33:11 - [MESSAGE][INFO] - Clicking on object: 'Object Repository/ANEF_Eloignement_V_Nawres/Page_Creation_ou_Recherche_Dossier/btn_Rechercher_Dossier'

14-02-2025T14:33:13 - [MESSAGE][PASSED] - Object: 'Object Repository/ANEF_Eloignement_V_Nawres/Page_Creation_ou_Recherche_Dossier/btn_Rechercher_Dossier' is clicked on

14-02-2025T14:33:13 - [TEST_STEP][PASSED] - if (CreationOuRecherche == "Creation"): null

14-02-2025T14:33:13 - [TEST_STEP][PASSED] - if (CreationOuRecherche == "Recherche"): Object: 'Object Repository/ANEF_Eloignement_V_Nawres/Page_Creation_ou_Recherche_Dossier/btn_Choisir_Dossier_Etranger' is clicked on

14-02-2025T14:33:13 - [TEST_STEP][PASSED] - setText(findTestObject("Object Repository/ANEF_Eloignement_V_Nawres/Page_Creation_ou_Recherche_Dossier/Input_Numero_etranger"), NumeroEtranger, STOP_ON_FAILURE): Text '7703056080' is set on object 'Object Repository/ANEF_Eloignement_V_Nawres/Page_Creation_ou_Recherche_Dossier/Input_Numero_etranger'

14-02-2025T14:33:13 - [MESSAGE][INFO] - Finding Test Object 'Object Repository/ANEF_Eloignement_V_Nawres/Page_Creation_ou_Recherche_Dossier/Input_Numero_etranger'

14-02-2025T14:33:13 - [MESSAGE][INFO] - Checking timeout

14-02-2025T14:33:13 - [MESSAGE][INFO] - Finding web element with id: 'Object Repository/ANEF_Eloignement_V_Nawres/Page_Creation_ou_Recherche_Dossier/Input_Numero_etranger' located by 'By.xpath: //app-identite-declaree-search-box//div/app-dsfr-input/div/input[@id="identifiant_agdref"]|//app-search-box//div/app-dsfr-input/div/input[@id="identifiant_agdref"]' in '20' second(s)

14-02-2025T14:33:13 - [MESSAGE][INFO] - Found 1 web elements with id: 'Object Repository/ANEF_Eloignement_V_Nawres/Page_Creation_ou_Recherche_Dossier/Input_Numero_etranger' located by 'By.xpath: //app-identite-declaree-search-box//div/app-dsfr-input/div/input[@id="identifiant_agdref"]|//app-search-box//div/app-dsfr-input/div/input[@id="identifiant_agdref"]' in '20' second(s)

14-02-2025T14:33:13 - [MESSAGE][INFO] - Checking object

14-02-2025T14:33:13 - [MESSAGE][INFO] - Checking text

14-02-2025T14:33:13 - [MESSAGE][INFO] - Finding web element from Test Object's properties

14-02-2025T14:33:13 - [MESSAGE][INFO] - Checking timeout

14-02-2025T14:33:13 - [MESSAGE][INFO] - Finding web element with id: 'Object Repository/ANEF_Eloignement_V_Nawres/Page_Creation_ou_Recherche_Dossier/Input_Numero_etranger' located by 'By.xpath: //app-identite-declaree-search-box//div/app-dsfr-input/div/input[@id="identifiant_agdref"]|//app-search-box//div/app-dsfr-input/div/input[@id="identifiant_agdref"]' in '100' second(s)

14-02-2025T14:33:13 - [MESSAGE][INFO] - Found 1 web elements with id: 'Object Repository/ANEF_Eloignement_V_Nawres/Page_Creation_ou_Recherche_Dossier/Input_Numero_etranger' located by 'By.xpath: //app-identite-declaree-search-box//div/app-dsfr-input/div/input[@id="identifiant_agdref"]|//app-search-box//div/app-dsfr-input/div/input[@id="identifiant_agdref"]' in '100' second(s)

14-02-2025T14:33:13 - [MESSAGE][INFO] - Clearing text of object 'Object Repository/ANEF_Eloignement_V_Nawres/Page_Creation_ou_Recherche_Dossier/Input_Numero_etranger'

14-02-2025T14:33:14 - [MESSAGE][INFO] - Finding web element from Test Object's properties

14-02-2025T14:33:14 - [MESSAGE][INFO] - Checking timeout

14-02-2025T14:33:14 - [MESSAGE][INFO] - Finding web element with id: 'Object Repository/ANEF_Eloignement_V_Nawres/Page_Creation_ou_Recherche_Dossier/Input_Numero_etranger' located by 'By.xpath: //app-identite-declaree-search-box//div/app-dsfr-input/div/input[@id="identifiant_agdref"]|//app-search-box//div/app-dsfr-input/div/input[@id="identifiant_agdref"]' in '100' second(s)

14-02-2025T14:33:14 - [MESSAGE][INFO] - Found 1 web elements with id: 'Object Repository/ANEF_Eloignement_V_Nawres/Page_Creation_ou_Recherche_Dossier/Input_Numero_etranger' located by 'By.xpath: //app-identite-declaree-search-box//div/app-dsfr-input/div/input[@id="identifiant_agdref"]|//app-search-box//div/app-dsfr-input/div/input[@id="identifiant_agdref"]' in '100' second(s)

14-02-2025T14:33:14 - [MESSAGE][INFO] - Setting text of object 'Object Repository/ANEF_Eloignement_V_Nawres/Page_Creation_ou_Recherche_Dossier/Input_Numero_etranger' to value '7703056080'

14-02-2025T14:33:15 - [MESSAGE][PASSED] - Text '7703056080' is set on object 'Object Repository/ANEF_Eloignement_V_Nawres/Page_Creation_ou_Recherche_Dossier/Input_Numero_etranger'

14-02-2025T14:33:15 - [TEST_STEP][PASSED] - click(findTestObject("Object Repository/ANEF_Eloignement_V_Nawres/Page_Creation_ou_Recherche_Dossier/Input_Numero_etranger"), STOP_ON_FAILURE): Object: 'Object Repository/ANEF_Eloignement_V_Nawres/Page_Creation_ou_Recherche_Dossier/Input_Numero_etranger' is clicked on

14-02-2025T14:33:15 - [MESSAGE][INFO] - Finding Test Object 'Object Repository/ANEF_Eloignement_V_Nawres/Page_Creation_ou_Recherche_Dossier/Input_Numero_etranger'

14-02-2025T14:33:15 - [MESSAGE][INFO] - Checking timeout

14-02-2025T14:33:15 - [MESSAGE][INFO] - Finding web element with id: 'Object Repository/ANEF_Eloignement_V_Nawres/Page_Creation_ou_Recherche_Dossier/Input_Numero_etranger' located by 'By.xpath: //app-identite-declaree-search-box//div/app-dsfr-input/div/input[@id="identifiant_agdref"]|//app-search-box//div/app-dsfr-input/div/input[@id="identifiant_agdref"]' in '20' second(s)

14-02-2025T14:33:15 - [MESSAGE][INFO] - Found 1 web elements with id: 'Object Repository/ANEF_Eloignement_V_Nawres/Page_Creation_ou_Recherche_Dossier/Input_Numero_etranger' located by 'By.xpath: //app-identite-declaree-search-box//div/app-dsfr-input/div/input[@id="identifiant_agdref"]|//app-search-box//div/app-dsfr-input/div/input[@id="identifiant_agdref"]' in '20' second(s)

14-02-2025T14:33:15 - [MESSAGE][INFO] - Checking object

14-02-2025T14:33:15 - [MESSAGE][INFO] - Checking timeout

14-02-2025T14:33:15 - [MESSAGE][INFO] - Finding web element from Test Object's properties

14-02-2025T14:33:15 - [MESSAGE][INFO] - Checking timeout

14-02-2025T14:33:15 - [MESSAGE][INFO] - Finding web element with id: 'Object Repository/ANEF_Eloignement_V_Nawres/Page_Creation_ou_Recherche_Dossier/Input_Numero_etranger' located by 'By.xpath: //app-identite-declaree-search-box//div/app-dsfr-input/div/input[@id="identifiant_agdref"]|//app-search-box//div/app-dsfr-input/div/input[@id="identifiant_agdref"]' in '100' second(s)

14-02-2025T14:33:15 - [MESSAGE][INFO] - Found 1 web elements with id: 'Object Repository/ANEF_Eloignement_V_Nawres/Page_Creation_ou_Recherche_Dossier/Input_Numero_etranger' located by 'By.xpath: //app-identite-declaree-search-box//div/app-dsfr-input/div/input[@id="identifiant_agdref"]|//app-search-box//div/app-dsfr-input/div/input[@id="identifiant_agdref"]' in '100' second(s)

14-02-2025T14:33:15 - [MESSAGE][INFO] - Clicking on object: 'Object Repository/ANEF_Eloignement_V_Nawres/Page_Creation_ou_Recherche_Dossier/Input_Numero_etranger'

14-02-2025T14:33:16 - [MESSAGE][PASSED] - Object: 'Object Repository/ANEF_Eloignement_V_Nawres/Page_Creation_ou_Recherche_Dossier/Input_Numero_etranger' is clicked on

14-02-2025T14:33:16 - [TEST_STEP][PASSED] - scrollToElement(findTestObject("Object Repository/ANEF_Eloignement_V_Nawres/Page_Creation_ou_Recherche_Dossier/btn_Lancer_La_Recherche"), 5, STOP_ON_FAILURE): Scroll to object 'Object Repository/ANEF_Eloignement_V_Nawres/Page_Creation_ou_Recherche_Dossier/btn_Lancer_La_Recherche' successfully

14-02-2025T14:33:16 - [MESSAGE][INFO] - Finding Test Object 'Object Repository/ANEF_Eloignement_V_Nawres/Page_Creation_ou_Recherche_Dossier/btn_Lancer_La_Recherche'

14-02-2025T14:33:16 - [MESSAGE][INFO] - Checking object

14-02-2025T14:33:16 - [MESSAGE][INFO] - Checking timeout

14-02-2025T14:33:16 - [MESSAGE][INFO] - Finding web element from Test Object's properties

14-02-2025T14:33:16 - [MESSAGE][INFO] - Checking timeout

14-02-2025T14:33:16 - [MESSAGE][INFO] - Finding web element with id: 'Object Repository/ANEF_Eloignement_V_Nawres/Page_Creation_ou_Recherche_Dossier/btn_Lancer_La_Recherche' located by 'By.xpath: //button[contains(text(),"Lancer la recherche ")]' in '100' second(s)

14-02-2025T14:33:16 - [MESSAGE][INFO] - Found 1 web elements with id: 'Object Repository/ANEF_Eloignement_V_Nawres/Page_Creation_ou_Recherche_Dossier/btn_Lancer_La_Recherche' located by 'By.xpath: //button[contains(text(),"Lancer la recherche ")]' in '100' second(s)

14-02-2025T14:33:16 - [MESSAGE][INFO] - Scrolling to object 'Object Repository/ANEF_Eloignement_V_Nawres/Page_Creation_ou_Recherche_Dossier/btn_Lancer_La_Recherche'

14-02-2025T14:33:16 - [MESSAGE][PASSED] - Scroll to object 'Object Repository/ANEF_Eloignement_V_Nawres/Page_Creation_ou_Recherche_Dossier/btn_Lancer_La_Recherche' successfully

14-02-2025T14:33:16 - [TEST_STEP][PASSED] - click(findTestObject("Object Repository/ANEF_Eloignement_V_Nawres/Page_Creation_ou_Recherche_Dossier/btn_Lancer_La_Recherche"), STOP_ON_FAILURE): Object: 'Object Repository/ANEF_Eloignement_V_Nawres/Page_Creation_ou_Recherche_Dossier/btn_Lancer_La_Recherche' is clicked on

14-02-2025T14:33:16 - [MESSAGE][INFO] - Finding Test Object 'Object Repository/ANEF_Eloignement_V_Nawres/Page_Creation_ou_Recherche_Dossier/btn_Lancer_La_Recherche'

14-02-2025T14:33:16 - [MESSAGE][INFO] - Checking timeout

14-02-2025T14:33:16 - [MESSAGE][INFO] - Finding web element with id: 'Object Repository/ANEF_Eloignement_V_Nawres/Page_Creation_ou_Recherche_Dossier/btn_Lancer_La_Recherche' located by 'By.xpath: //button[contains(text(),"Lancer la recherche ")]' in '20' second(s)

14-02-2025T14:33:16 - [MESSAGE][INFO] - Found 1 web elements with id: 'Object Repository/ANEF_Eloignement_V_Nawres/Page_Creation_ou_Recherche_Dossier/btn_Lancer_La_Recherche' located by 'By.xpath: //button[contains(text(),"Lancer la recherche ")]' in '20' second(s)

14-02-2025T14:33:16 - [MESSAGE][INFO] - Checking object

14-02-2025T14:33:16 - [MESSAGE][INFO] - Checking timeout

14-02-2025T14:33:16 - [MESSAGE][INFO] - Finding web element from Test Object's properties

14-02-2025T14:33:16 - [MESSAGE][INFO] - Checking timeout

14-02-2025T14:33:16 - [MESSAGE][INFO] - Finding web element with id: 'Object Repository/ANEF_Eloignement_V_Nawres/Page_Creation_ou_Recherche_Dossier/btn_Lancer_La_Recherche' located by 'By.xpath: //button[contains(text(),"Lancer la recherche ")]' in '100' second(s)

14-02-2025T14:33:16 - [MESSAGE][INFO] - Found 1 web elements with id: 'Object Repository/ANEF_Eloignement_V_Nawres/Page_Creation_ou_Recherche_Dossier/btn_Lancer_La_Recherche' located by 'By.xpath: //button[contains(text(),"Lancer la recherche ")]' in '100' second(s)

14-02-2025T14:33:16 - [MESSAGE][INFO] - Clicking on object: 'Object Repository/ANEF_Eloignement_V_Nawres/Page_Creation_ou_Recherche_Dossier/btn_Lancer_La_Recherche'

14-02-2025T14:33:17 - [MESSAGE][PASSED] - Object: 'Object Repository/ANEF_Eloignement_V_Nawres/Page_Creation_ou_Recherche_Dossier/btn_Lancer_La_Recherche' is clicked on

14-02-2025T14:33:17 - [TEST_STEP][PASSED] - delay(5): Delayed 5 second(s)

14-02-2025T14:33:17 - [MESSAGE][INFO] - Delaying browser in 5 second(s)

14-02-2025T14:33:22 - [MESSAGE][PASSED] - Delayed 5 second(s)

14-02-2025T14:33:22 - [TEST_STEP][PASSED] - scrollToElement(findTestObject("Object Repository/ANEF_Eloignement_V_Nawres/Page_Creation_ou_Recherche_Dossier/btn_Radio_Selectionner_Dossier"), 5, STOP_ON_FAILURE): Scroll to object 'Object Repository/ANEF_Eloignement_V_Nawres/Page_Creation_ou_Recherche_Dossier/btn_Radio_Selectionner_Dossier' successfully

14-02-2025T14:33:22 - [MESSAGE][INFO] - Finding Test Object 'Object Repository/ANEF_Eloignement_V_Nawres/Page_Creation_ou_Recherche_Dossier/btn_Radio_Selectionner_Dossier'

14-02-2025T14:33:22 - [MESSAGE][INFO] - Checking object

14-02-2025T14:33:22 - [MESSAGE][INFO] - Checking timeout

14-02-2025T14:33:22 - [MESSAGE][INFO] - Finding web element from Test Object's properties

14-02-2025T14:33:22 - [MESSAGE][INFO] - Checking timeout

14-02-2025T14:33:22 - [MESSAGE][INFO] - Finding web element with id: 'Object Repository/ANEF_Eloignement_V_Nawres/Page_Creation_ou_Recherche_Dossier/btn_Radio_Selectionner_Dossier' located by 'By.xpath: //app-search-etranger/app-search-result-etranger//table/tbody/tr//label' in '100' second(s)

14-02-2025T14:33:22 - [MESSAGE][INFO] - Found 1 web elements with id: 'Object Repository/ANEF_Eloignement_V_Nawres/Page_Creation_ou_Recherche_Dossier/btn_Radio_Selectionner_Dossier' located by 'By.xpath: //app-search-etranger/app-search-result-etranger//table/tbody/tr//label' in '100' second(s)

14-02-2025T14:33:22 - [MESSAGE][INFO] - Scrolling to object 'Object Repository/ANEF_Eloignement_V_Nawres/Page_Creation_ou_Recherche_Dossier/btn_Radio_Selectionner_Dossier'

14-02-2025T14:33:23 - [MESSAGE][PASSED] - Scroll to object 'Object Repository/ANEF_Eloignement_V_Nawres/Page_Creation_ou_Recherche_Dossier/btn_Radio_Selectionner_Dossier' successfully

14-02-2025T14:33:23 - [TEST_STEP][PASSED] - click(findTestObject("Object Repository/ANEF_Eloignement_V_Nawres/Page_Creation_ou_Recherche_Dossier/btn_Radio_Selectionner_Dossier"), STOP_ON_FAILURE): Object: 'Object Repository/ANEF_Eloignement_V_Nawres/Page_Creation_ou_Recherche_Dossier/btn_Radio_Selectionner_Dossier' is clicked on

14-02-2025T14:33:23 - [MESSAGE][INFO] - Finding Test Object 'Object Repository/ANEF_Eloignement_V_Nawres/Page_Creation_ou_Recherche_Dossier/btn_Radio_Selectionner_Dossier'

14-02-2025T14:33:23 - [MESSAGE][INFO] - Checking timeout

14-02-2025T14:33:23 - [MESSAGE][INFO] - Finding web element with id: 'Object Repository/ANEF_Eloignement_V_Nawres/Page_Creation_ou_Recherche_Dossier/btn_Radio_Selectionner_Dossier' located by 'By.xpath: //app-search-etranger/app-search-result-etranger//table/tbody/tr//label' in '20' second(s)

14-02-2025T14:33:23 - [MESSAGE][INFO] - Found 1 web elements with id: 'Object Repository/ANEF_Eloignement_V_Nawres/Page_Creation_ou_Recherche_Dossier/btn_Radio_Selectionner_Dossier' located by 'By.xpath: //app-search-etranger/app-search-result-etranger//table/tbody/tr//label' in '20' second(s)

14-02-2025T14:33:23 - [MESSAGE][INFO] - Checking object

14-02-2025T14:33:23 - [MESSAGE][INFO] - Checking timeout

14-02-2025T14:33:23 - [MESSAGE][INFO] - Finding web element from Test Object's properties

14-02-2025T14:33:23 - [MESSAGE][INFO] - Checking timeout

14-02-2025T14:33:23 - [MESSAGE][INFO] - Finding web element with id: 'Object Repository/ANEF_Eloignement_V_Nawres/Page_Creation_ou_Recherche_Dossier/btn_Radio_Selectionner_Dossier' located by 'By.xpath: //app-search-etranger/app-search-result-etranger//table/tbody/tr//label' in '100' second(s)

14-02-2025T14:33:23 - [MESSAGE][INFO] - Found 1 web elements with id: 'Object Repository/ANEF_Eloignement_V_Nawres/Page_Creation_ou_Recherche_Dossier/btn_Radio_Selectionner_Dossier' located by 'By.xpath: //app-search-etranger/app-search-result-etranger//table/tbody/tr//label' in '100' second(s)

14-02-2025T14:33:23 - [MESSAGE][INFO] - Clicking on object: 'Object Repository/ANEF_Eloignement_V_Nawres/Page_Creation_ou_Recherche_Dossier/btn_Radio_Selectionner_Dossier'

14-02-2025T14:33:24 - [MESSAGE][PASSED] - Object: 'Object Repository/ANEF_Eloignement_V_Nawres/Page_Creation_ou_Recherche_Dossier/btn_Radio_Selectionner_Dossier' is clicked on

14-02-2025T14:33:24 - [TEST_STEP][PASSED] - click(findTestObject("Object Repository/ANEF_Eloignement_V_Nawres/Page_Creation_ou_Recherche_Dossier/btn_Choisir_Dossier_Etranger"), STOP_ON_FAILURE): Object: 'Object Repository/ANEF_Eloignement_V_Nawres/Page_Creation_ou_Recherche_Dossier/btn_Choisir_Dossier_Etranger' is clicked on

14-02-2025T14:33:24 - [MESSAGE][INFO] - Finding Test Object 'Object Repository/ANEF_Eloignement_V_Nawres/Page_Creation_ou_Recherche_Dossier/btn_Choisir_Dossier_Etranger'

14-02-2025T14:33:24 - [MESSAGE][INFO] - Checking timeout

14-02-2025T14:33:24 - [MESSAGE][INFO] - Finding web element with id: 'Object Repository/ANEF_Eloignement_V_Nawres/Page_Creation_ou_Recherche_Dossier/btn_Choisir_Dossier_Etranger' located by 'By.xpath: //button[contains(text(),"Choisir un dossier Ã©tranger")]' in '20' second(s)

14-02-2025T14:33:24 - [MESSAGE][INFO] - Found 1 web elements with id: 'Object Repository/ANEF_Eloignement_V_Nawres/Page_Creation_ou_Recherche_Dossier/btn_Choisir_Dossier_Etranger' located by 'By.xpath: //button[contains(text(),"Choisir un dossier Ã©tranger")]' in '20' second(s)

14-02-2025T14:33:24 - [MESSAGE][INFO] - Checking object

14-02-2025T14:33:24 - [MESSAGE][INFO] - Checking timeout

14-02-2025T14:33:24 - [MESSAGE][INFO] - Finding web element from Test Object's properties

14-02-2025T14:33:24 - [MESSAGE][INFO] - Checking timeout

14-02-2025T14:33:24 - [MESSAGE][INFO] - Finding web element with id: 'Object Repository/ANEF_Eloignement_V_Nawres/Page_Creation_ou_Recherche_Dossier/btn_Choisir_Dossier_Etranger' located by 'By.xpath: //button[contains(text(),"Choisir un dossier Ã©tranger")]' in '100' second(s)

14-02-2025T14:33:24 - [MESSAGE][INFO] - Found 1 web elements with id: 'Object Repository/ANEF_Eloignement_V_Nawres/Page_Creation_ou_Recherche_Dossier/btn_Choisir_Dossier_Etranger' located by 'By.xpath: //button[contains(text(),"Choisir un dossier Ã©tranger")]' in '100' second(s)

14-02-2025T14:33:24 - [MESSAGE][INFO] - Clicking on object: 'Object Repository/ANEF_Eloignement_V_Nawres/Page_Creation_ou_Recherche_Dossier/btn_Choisir_Dossier_Etranger'

14-02-2025T14:33:25 - [MESSAGE][PASSED] - Object: 'Object Repository/ANEF_Eloignement_V_Nawres/Page_Creation_ou_Recherche_Dossier/btn_Choisir_Dossier_Etranger' is clicked on

14-02-2025T14:33:25 - [MESSAGE][PASSED] - Call Test Case 'Test Cases/Test Reutilisable/Main/ANEF_Eloignement_V_Nawres/ANEF_Creation_ou_Recherche_Dossier' successfully

14-02-2025T14:33:25 - [TEST_STEP][PASSED] - if (CreationOuRecherche == "Creation"): null

14-02-2025T14:33:25 - [TEST_STEP][PASSED] - println(NumeroEtranger): null

14-02-2025T14:33:25 - [TEST_STEP][PASSED] - callTestCase(findTestCase("Test Cases/Test Reutilisable/Main/ANEF_Eloignement_V_Nawres/ANEF_Prendre_Mesure"), ["Mesure":Mesure, "FondementLegal":FondementLegal, "NatureDeLacteExpulsion":NatureDeLacteExpulsion, "NatureDeLacteExpulsion":NatureDeLacteExpulsion, ... ], STOP_ON_FAILURE): Call Test Case 'Test Cases/Test Reutilisable/Main/ANEF_Eloignement_V_Nawres/ANEF_Prendre_Mesure' successfully

14-02-2025T14:33:25 - [MESSAGE][INFO] - Checking called Test Case

14-02-2025T14:33:25 - [MESSAGE][INFO] - Starting to call Test Case 'Test Cases/Test Reutilisable/Main/ANEF_Eloignement_V_Nawres/ANEF_Prendre_Mesure'

14-02-2025T14:33:25 - [TEST_CASE][PASSED] - Test Cases/Test Reutilisable/Main/ANEF_Eloignement_V_Nawres/ANEF_Prendre_Mesure: Test Cases/Test Reutilisable/Main/ANEF_Eloignement_V_Nawres/ANEF_Prendre_Mesure

14-02-2025T14:33:25 - [TEST_STEP][PASSED] - click(findTestObject("Object Repository/ANEF_Eloignement_V_Nawres/Page_Prendre_Mesure/btn_Prendre_Mesure"), STOP_ON_FAILURE): Object: 'Object Repository/ANEF_Eloignement_V_Nawres/Page_Prendre_Mesure/btn_Prendre_Mesure' is clicked on

14-02-2025T14:33:25 - [MESSAGE][INFO] - Finding Test Object 'Object Repository/ANEF_Eloignement_V_Nawres/Page_Prendre_Mesure/btn_Prendre_Mesure'

14-02-2025T14:33:25 - [MESSAGE][INFO] - Checking timeout

14-02-2025T14:33:25 - [MESSAGE][INFO] - Finding web element with id: 'Object Repository/ANEF_Eloignement_V_Nawres/Page_Prendre_Mesure/btn_Prendre_Mesure' located by 'By.xpath: //button[@title="Prendre une Mesure"]' in '20' second(s)

14-02-2025T14:33:26 - [MESSAGE][INFO] - Found 1 web elements with id: 'Object Repository/ANEF_Eloignement_V_Nawres/Page_Prendre_Mesure/btn_Prendre_Mesure' located by 'By.xpath: //button[@title="Prendre une Mesure"]' in '20' second(s)

14-02-2025T14:33:26 - [MESSAGE][INFO] - Checking object

14-02-2025T14:33:26 - [MESSAGE][INFO] - Checking timeout

14-02-2025T14:33:26 - [MESSAGE][INFO] - Finding web element from Test Object's properties

14-02-2025T14:33:26 - [MESSAGE][INFO] - Checking timeout

14-02-2025T14:33:26 - [MESSAGE][INFO] - Finding web element with id: 'Object Repository/ANEF_Eloignement_V_Nawres/Page_Prendre_Mesure/btn_Prendre_Mesure' located by 'By.xpath: //button[@title="Prendre une Mesure"]' in '100' second(s)

14-02-2025T14:33:26 - [MESSAGE][INFO] - Found 1 web elements with id: 'Object Repository/ANEF_Eloignement_V_Nawres/Page_Prendre_Mesure/btn_Prendre_Mesure' located by 'By.xpath: //button[@title="Prendre une Mesure"]' in '100' second(s)

14-02-2025T14:33:26 - [MESSAGE][INFO] - Clicking on object: 'Object Repository/ANEF_Eloignement_V_Nawres/Page_Prendre_Mesure/btn_Prendre_Mesure'

14-02-2025T14:33:28 - [MESSAGE][PASSED] - Object: 'Object Repository/ANEF_Eloignement_V_Nawres/Page_Prendre_Mesure/btn_Prendre_Mesure' is clicked on

14-02-2025T14:33:28 - [TEST_STEP][PASSED] - delay(5): Delayed 5 second(s)

14-02-2025T14:33:28 - [MESSAGE][INFO] - Delaying browser in 5 second(s)

14-02-2025T14:33:33 - [MESSAGE][PASSED] - Delayed 5 second(s)

14-02-2025T14:33:33 - [TEST_STEP][PASSED] - switch (Mesure): null

14-02-2025T14:33:33 - [TEST_STEP][PASSED] - case "OQTF":: null

14-02-2025T14:33:33 - [TEST_STEP][PASSED] - selectOptionByLabel(findTestObject("Object Repository/ANEF_Eloignement_V_Nawres/Page_Prendre_Mesure/select_Type_Mesure"), "OQTF", false, STOP_ON_FAILURE): All options with label 'OQTF' are selected in object 'Object Repository/ANEF_Eloignement_V_Nawres/Page_Prendre_Mesure/select_Type_Mesure' 

14-02-2025T14:33:33 - [MESSAGE][INFO] - Finding Test Object 'Object Repository/ANEF_Eloignement_V_Nawres/Page_Prendre_Mesure/select_Type_Mesure'

14-02-2025T14:33:33 - [MESSAGE][INFO] - Checking timeout

14-02-2025T14:33:33 - [MESSAGE][INFO] - Finding web element with id: 'Object Repository/ANEF_Eloignement_V_Nawres/Page_Prendre_Mesure/select_Type_Mesure' located by 'By.xpath: //select[@id="typeMesure"]' in '20' second(s)

14-02-2025T14:33:33 - [MESSAGE][INFO] - Found 1 web elements with id: 'Object Repository/ANEF_Eloignement_V_Nawres/Page_Prendre_Mesure/select_Type_Mesure' located by 'By.xpath: //select[@id="typeMesure"]' in '20' second(s)

14-02-2025T14:33:33 - [MESSAGE][INFO] - Checking object

14-02-2025T14:33:33 - [MESSAGE][INFO] - Checking label parameter

14-02-2025T14:33:33 - [MESSAGE][INFO] - Finding web element from Test Object's properties

14-02-2025T14:33:33 - [MESSAGE][INFO] - Checking timeout

14-02-2025T14:33:33 - [MESSAGE][INFO] - Finding web element with id: 'Object Repository/ANEF_Eloignement_V_Nawres/Page_Prendre_Mesure/select_Type_Mesure' located by 'By.xpath: //select[@id="typeMesure"]' in '100' second(s)

14-02-2025T14:33:33 - [MESSAGE][INFO] - Found 1 web elements with id: 'Object Repository/ANEF_Eloignement_V_Nawres/Page_Prendre_Mesure/select_Type_Mesure' located by 'By.xpath: //select[@id="typeMesure"]' in '100' second(s)

14-02-2025T14:33:33 - [MESSAGE][INFO] - Selecting options on object 'Object Repository/ANEF_Eloignement_V_Nawres/Page_Prendre_Mesure/select_Type_Mesure' with label 'OQTF' 

14-02-2025T14:33:34 - [MESSAGE][PASSED] - All options with label 'OQTF' are selected in object 'Object Repository/ANEF_Eloignement_V_Nawres/Page_Prendre_Mesure/select_Type_Mesure' 

14-02-2025T14:33:34 - [TEST_STEP][PASSED] - click(findTestObject("Object Repository/ANEF_Eloignement_V_Nawres/Page_Prendre_Mesure/btn_Confirmer_Mesure"), STOP_ON_FAILURE): Object: 'Object Repository/ANEF_Eloignement_V_Nawres/Page_Prendre_Mesure/btn_Confirmer_Mesure' is clicked on

14-02-2025T14:33:34 - [MESSAGE][INFO] - Finding Test Object 'Object Repository/ANEF_Eloignement_V_Nawres/Page_Prendre_Mesure/btn_Confirmer_Mesure'

14-02-2025T14:33:34 - [MESSAGE][INFO] - Checking timeout

14-02-2025T14:33:34 - [MESSAGE][INFO] - Finding web element with id: 'Object Repository/ANEF_Eloignement_V_Nawres/Page_Prendre_Mesure/btn_Confirmer_Mesure' located by 'By.xpath: //button[@id="btn-confirme-decision"]' in '20' second(s)

14-02-2025T14:33:34 - [MESSAGE][INFO] - Found 1 web elements with id: 'Object Repository/ANEF_Eloignement_V_Nawres/Page_Prendre_Mesure/btn_Confirmer_Mesure' located by 'By.xpath: //button[@id="btn-confirme-decision"]' in '20' second(s)

14-02-2025T14:33:34 - [MESSAGE][INFO] - Checking object

14-02-2025T14:33:34 - [MESSAGE][INFO] - Checking timeout

14-02-2025T14:33:34 - [MESSAGE][INFO] - Finding web element from Test Object's properties

14-02-2025T14:33:34 - [MESSAGE][INFO] - Checking timeout

14-02-2025T14:33:34 - [MESSAGE][INFO] - Finding web element with id: 'Object Repository/ANEF_Eloignement_V_Nawres/Page_Prendre_Mesure/btn_Confirmer_Mesure' located by 'By.xpath: //button[@id="btn-confirme-decision"]' in '100' second(s)

14-02-2025T14:33:34 - [MESSAGE][INFO] - Found 1 web elements with id: 'Object Repository/ANEF_Eloignement_V_Nawres/Page_Prendre_Mesure/btn_Confirmer_Mesure' located by 'By.xpath: //button[@id="btn-confirme-decision"]' in '100' second(s)

14-02-2025T14:33:34 - [MESSAGE][INFO] - Clicking on object: 'Object Repository/ANEF_Eloignement_V_Nawres/Page_Prendre_Mesure/btn_Confirmer_Mesure'

14-02-2025T14:33:35 - [MESSAGE][PASSED] - Object: 'Object Repository/ANEF_Eloignement_V_Nawres/Page_Prendre_Mesure/btn_Confirmer_Mesure' is clicked on

14-02-2025T14:33:35 - [TEST_STEP][PASSED] - verifyElementPresent(findTestObject("Object Repository/ANEF_Eloignement_V_Nawres/Page_Prendre_Mesure/btn_Supprimer_Fiche_Mesure"), 2, STOP_ON_FAILURE): Object 'Object Repository/ANEF_Eloignement_V_Nawres/Page_Prendre_Mesure/btn_Supprimer_Fiche_Mesure' is present

14-02-2025T14:33:35 - [MESSAGE][INFO] - Finding Test Object 'Object Repository/ANEF_Eloignement_V_Nawres/Page_Prendre_Mesure/btn_Supprimer_Fiche_Mesure'

14-02-2025T14:33:35 - [MESSAGE][INFO] - Checking object

14-02-2025T14:33:35 - [MESSAGE][INFO] - Finding web element from Test Object's properties

14-02-2025T14:33:35 - [MESSAGE][INFO] - Checking timeout

14-02-2025T14:33:35 - [MESSAGE][INFO] - Finding web element with id: 'Object Repository/ANEF_Eloignement_V_Nawres/Page_Prendre_Mesure/btn_Supprimer_Fiche_Mesure' located by 'By.xpath: //button[@title="Supprimer une Mesure"]' in '2' second(s)

14-02-2025T14:33:37 - [MESSAGE][INFO] - Found 1 web elements with id: 'Object Repository/ANEF_Eloignement_V_Nawres/Page_Prendre_Mesure/btn_Supprimer_Fiche_Mesure' located by 'By.xpath: //button[@title="Supprimer une Mesure"]' in '2' second(s)

14-02-2025T14:33:37 - [MESSAGE][PASSED] - Object 'Object Repository/ANEF_Eloignement_V_Nawres/Page_Prendre_Mesure/btn_Supprimer_Fiche_Mesure' is present

14-02-2025T14:33:37 - [TEST_STEP][PASSED] - break: null

14-02-2025T14:33:37 - [TEST_STEP][PASSED] - callTestCase(findTestCase("Test Cases/Test Reutilisable/Main/ANEF_Eloignement_V_Nawres/ANEF_Prendre_Mesure_Formulaire"), ["Mesure":Mesure, "FondementLegal":FondementLegal, "NatureDeLacteExpulsion":NatureDeLacteExpulsion, "UrgenceAbsolueExpulsion":UrgenceAbsolueExpulsion, ... ], STOP_ON_FAILURE): Call Test Case 'Test Cases/Test Reutilisable/Main/ANEF_Eloignement_V_Nawres/ANEF_Prendre_Mesure_Formulaire' successfully

14-02-2025T14:33:37 - [MESSAGE][INFO] - Checking called Test Case

14-02-2025T14:33:37 - [MESSAGE][INFO] - Starting to call Test Case 'Test Cases/Test Reutilisable/Main/ANEF_Eloignement_V_Nawres/ANEF_Prendre_Mesure_Formulaire'

14-02-2025T14:33:37 - [TEST_CASE][PASSED] - Test Cases/Test Reutilisable/Main/ANEF_Eloignement_V_Nawres/ANEF_Prendre_Mesure_Formulaire: Test Cases/Test Reutilisable/Main/ANEF_Eloignement_V_Nawres/ANEF_Prendre_Mesure_Formulaire

14-02-2025T14:33:37 - [TEST_STEP][PASSED] - calendar = Calendar.getInstance(): null

14-02-2025T14:33:37 - [TEST_STEP][PASSED] - currentDate = calendar.getTime(): null

14-02-2025T14:33:37 - [TEST_STEP][PASSED] - sdf = new java.text.SimpleDateFormat(dd/MM/yyyy): null

14-02-2025T14:33:37 - [TEST_STEP][PASSED] - formattedDate = sdf.format(currentDate): null

14-02-2025T14:33:37 - [TEST_STEP][PASSED] - DateActuelle = formattedDate.toString(): null

14-02-2025T14:33:37 - [TEST_STEP][PASSED] - println(DateActuelle): null

14-02-2025T14:33:37 - [TEST_STEP][PASSED] - if (Mesure != "ITF"): null

14-02-2025T14:33:37 - [TEST_STEP][PASSED] - selectOptionByLabel(findTestObject("Object Repository/ANEF_Eloignement_V_Nawres/Page_Prendre_Mesure_Formulaire/select_Fondement_Legal"), FondementLegal, false, STOP_ON_FAILURE): All options with label 'L. 611-1 3Â°' are selected in object 'Object Repository/ANEF_Eloignement_V_Nawres/Page_Prendre_Mesure_Formulaire/select_Fondement_Legal' 

14-02-2025T14:33:37 - [MESSAGE][INFO] - Finding Test Object 'Object Repository/ANEF_Eloignement_V_Nawres/Page_Prendre_Mesure_Formulaire/select_Fondement_Legal'

14-02-2025T14:33:37 - [MESSAGE][INFO] - Checking timeout

14-02-2025T14:33:37 - [MESSAGE][INFO] - Finding web element with id: 'Object Repository/ANEF_Eloignement_V_Nawres/Page_Prendre_Mesure_Formulaire/select_Fondement_Legal' located by 'By.xpath: //select[@id="fondement_legal"]' in '20' second(s)

14-02-2025T14:33:37 - [MESSAGE][INFO] - Found 1 web elements with id: 'Object Repository/ANEF_Eloignement_V_Nawres/Page_Prendre_Mesure_Formulaire/select_Fondement_Legal' located by 'By.xpath: //select[@id="fondement_legal"]' in '20' second(s)

14-02-2025T14:33:37 - [MESSAGE][INFO] - Checking object

14-02-2025T14:33:37 - [MESSAGE][INFO] - Checking label parameter

14-02-2025T14:33:37 - [MESSAGE][INFO] - Finding web element from Test Object's properties

14-02-2025T14:33:37 - [MESSAGE][INFO] - Checking timeout

14-02-2025T14:33:37 - [MESSAGE][INFO] - Finding web element with id: 'Object Repository/ANEF_Eloignement_V_Nawres/Page_Prendre_Mesure_Formulaire/select_Fondement_Legal' located by 'By.xpath: //select[@id="fondement_legal"]' in '100' second(s)

14-02-2025T14:33:37 - [MESSAGE][INFO] - Found 1 web elements with id: 'Object Repository/ANEF_Eloignement_V_Nawres/Page_Prendre_Mesure_Formulaire/select_Fondement_Legal' located by 'By.xpath: //select[@id="fondement_legal"]' in '100' second(s)

14-02-2025T14:33:37 - [MESSAGE][INFO] - Selecting options on object 'Object Repository/ANEF_Eloignement_V_Nawres/Page_Prendre_Mesure_Formulaire/select_Fondement_Legal' with label 'L. 611-1 3Â°' 

14-02-2025T14:33:38 - [MESSAGE][PASSED] - All options with label 'L. 611-1 3Â°' are selected in object 'Object Repository/ANEF_Eloignement_V_Nawres/Page_Prendre_Mesure_Formulaire/select_Fondement_Legal' 

14-02-2025T14:33:38 - [TEST_STEP][PASSED] - if (Mesure == "Expulsion"): null

14-02-2025T14:33:38 - [TEST_STEP][PASSED] - NumberUsagerRandom = tools.MyStringTools.getRandomNumber(10, 99): tools.MyStringTools.getRandomNumber is PASSED

14-02-2025T14:33:38 - [MESSAGE][PASSED] - tools.MyStringTools.getRandomNumber is PASSED

14-02-2025T14:33:38 - [TEST_STEP][PASSED] - println(NumberUsagerRandom): null

14-02-2025T14:33:38 - [TEST_STEP][PASSED] - RandomNumber = NumberUsagerRandom.toString(): null

14-02-2025T14:33:38 - [TEST_STEP][PASSED] - if (Mesure == "OQTF"): Object: 'Object Repository/ANEF_Eloignement_V_Nawres/Page_Prendre_Mesure_Formulaire/btn_Enregistrer' is clicked on

14-02-2025T14:33:38 - [TEST_STEP][PASSED] - if (RefuserDepartVolontaireOQTF == "false"): null

14-02-2025T14:33:38 - [TEST_STEP][PASSED] - if (RefuserDepartVolontaireOQTF == "true"): Object: 'Object Repository/ANEF_Eloignement_V_Nawres/Page_Prendre_Mesure_Formulaire/btn_Enregistrer' is clicked on

14-02-2025T14:33:38 - [TEST_STEP][PASSED] - click(findTestObject("Object Repository/ANEF_Eloignement_V_Nawres/Page_Prendre_Mesure_Formulaire/btn_Refuser_Delai_Depart_Volontaire"), STOP_ON_FAILURE): Object: 'Object Repository/ANEF_Eloignement_V_Nawres/Page_Prendre_Mesure_Formulaire/btn_Refuser_Delai_Depart_Volontaire' is clicked on

14-02-2025T14:33:38 - [MESSAGE][INFO] - Finding Test Object 'Object Repository/ANEF_Eloignement_V_Nawres/Page_Prendre_Mesure_Formulaire/btn_Refuser_Delai_Depart_Volontaire'

14-02-2025T14:33:38 - [MESSAGE][INFO] - Checking timeout

14-02-2025T14:33:38 - [MESSAGE][INFO] - Finding web element with id: 'Object Repository/ANEF_Eloignement_V_Nawres/Page_Prendre_Mesure_Formulaire/btn_Refuser_Delai_Depart_Volontaire' located by 'By.xpath: //*[@id="ACCORDEON_DELAI_DEPART_VOLONTAIRE"]/form//app-dsfr-input-checkbox//label[contains(text(),'Refuser le dÃ©lai de dÃ©part volontaire')]' in '20' second(s)

14-02-2025T14:33:38 - [MESSAGE][INFO] - Found 1 web elements with id: 'Object Repository/ANEF_Eloignement_V_Nawres/Page_Prendre_Mesure_Formulaire/btn_Refuser_Delai_Depart_Volontaire' located by 'By.xpath: //*[@id="ACCORDEON_DELAI_DEPART_VOLONTAIRE"]/form//app-dsfr-input-checkbox//label[contains(text(),'Refuser le dÃ©lai de dÃ©part volontaire')]' in '20' second(s)

14-02-2025T14:33:38 - [MESSAGE][INFO] - Checking object

14-02-2025T14:33:38 - [MESSAGE][INFO] - Checking timeout

14-02-2025T14:33:38 - [MESSAGE][INFO] - Finding web element from Test Object's properties

14-02-2025T14:33:38 - [MESSAGE][INFO] - Checking timeout

14-02-2025T14:33:38 - [MESSAGE][INFO] - Finding web element with id: 'Object Repository/ANEF_Eloignement_V_Nawres/Page_Prendre_Mesure_Formulaire/btn_Refuser_Delai_Depart_Volontaire' located by 'By.xpath: //*[@id="ACCORDEON_DELAI_DEPART_VOLONTAIRE"]/form//app-dsfr-input-checkbox//label[contains(text(),'Refuser le dÃ©lai de dÃ©part volontaire')]' in '100' second(s)

14-02-2025T14:33:38 - [MESSAGE][INFO] - Found 1 web elements with id: 'Object Repository/ANEF_Eloignement_V_Nawres/Page_Prendre_Mesure_Formulaire/btn_Refuser_Delai_Depart_Volontaire' located by 'By.xpath: //*[@id="ACCORDEON_DELAI_DEPART_VOLONTAIRE"]/form//app-dsfr-input-checkbox//label[contains(text(),'Refuser le dÃ©lai de dÃ©part volontaire')]' in '100' second(s)

14-02-2025T14:33:38 - [MESSAGE][INFO] - Clicking on object: 'Object Repository/ANEF_Eloignement_V_Nawres/Page_Prendre_Mesure_Formulaire/btn_Refuser_Delai_Depart_Volontaire'

14-02-2025T14:33:39 - [MESSAGE][PASSED] - Object: 'Object Repository/ANEF_Eloignement_V_Nawres/Page_Prendre_Mesure_Formulaire/btn_Refuser_Delai_Depart_Volontaire' is clicked on

14-02-2025T14:33:39 - [TEST_STEP][PASSED] - delay(10): Delayed 10 second(s)

14-02-2025T14:33:39 - [MESSAGE][INFO] - Delaying browser in 10 second(s)

14-02-2025T14:33:49 - [MESSAGE][PASSED] - Delayed 10 second(s)

14-02-2025T14:33:49 - [TEST_STEP][PASSED] - verifyElementNotClickable(findTestObject("Object Repository/ANEF_Eloignement_V_Nawres/Page_Prendre_Mesure_Formulaire/input_Delai_Depart_Jours"), STOP_ON_FAILURE): Object 'Object Repository/ANEF_Eloignement_V_Nawres/Page_Prendre_Mesure_Formulaire/input_Delai_Depart_Jours' is NOT clickable

14-02-2025T14:33:49 - [MESSAGE][INFO] - Finding Test Object 'Object Repository/ANEF_Eloignement_V_Nawres/Page_Prendre_Mesure_Formulaire/input_Delai_Depart_Jours'

14-02-2025T14:33:49 - [MESSAGE][INFO] - Checking object

14-02-2025T14:33:49 - [MESSAGE][INFO] - Finding web element from Test Object's properties

14-02-2025T14:33:49 - [MESSAGE][INFO] - Checking timeout

14-02-2025T14:33:49 - [MESSAGE][INFO] - Finding web element with id: 'Object Repository/ANEF_Eloignement_V_Nawres/Page_Prendre_Mesure_Formulaire/input_Delai_Depart_Jours' located by 'By.xpath: //input[@name="nbr_jours"]' in '100' second(s)

14-02-2025T14:33:49 - [MESSAGE][INFO] - Found 1 web elements with id: 'Object Repository/ANEF_Eloignement_V_Nawres/Page_Prendre_Mesure_Formulaire/input_Delai_Depart_Jours' located by 'By.xpath: //input[@name="nbr_jours"]' in '100' second(s)

14-02-2025T14:33:49 - [MESSAGE][PASSED] - Object 'Object Repository/ANEF_Eloignement_V_Nawres/Page_Prendre_Mesure_Formulaire/input_Delai_Depart_Jours' is NOT clickable

14-02-2025T14:33:49 - [TEST_STEP][PASSED] - verifyElementText(findTestObject("Object Repository/ANEF_Eloignement_V_Nawres/Page_Prendre_Mesure_Formulaire/p_Expiration_Delai"), "-", STOP_ON_FAILURE): Actual text and expected text of test object 'Object Repository/ANEF_Eloignement_V_Nawres/Page_Prendre_Mesure_Formulaire/p_Expiration_Delai' are matched.

14-02-2025T14:33:49 - [MESSAGE][INFO] - Finding Test Object 'Object Repository/ANEF_Eloignement_V_Nawres/Page_Prendre_Mesure_Formulaire/p_Expiration_Delai'

14-02-2025T14:33:49 - [MESSAGE][INFO] - Checking object

14-02-2025T14:33:49 - [MESSAGE][INFO] - Finding web element from Test Object's properties

14-02-2025T14:33:49 - [MESSAGE][INFO] - Checking timeout

14-02-2025T14:33:49 - [MESSAGE][INFO] - Finding web element with id: 'Object Repository/ANEF_Eloignement_V_Nawres/Page_Prendre_Mesure_Formulaire/p_Expiration_Delai' located by 'By.xpath: /html/body/app-root/app-layout-borderless/div[3]/app-mesure-oqtf/div[2]/div[2]/div[2]/div[1]/div/div[1]/div[2]/app-accordeon-delai-depart-volontaire/section/div/form/div[2]/div[2]/p' in '100' second(s)

14-02-2025T14:33:49 - [MESSAGE][INFO] - Found 1 web elements with id: 'Object Repository/ANEF_Eloignement_V_Nawres/Page_Prendre_Mesure_Formulaire/p_Expiration_Delai' located by 'By.xpath: /html/body/app-root/app-layout-borderless/div[3]/app-mesure-oqtf/div[2]/div[2]/div[2]/div[1]/div/div[1]/div[2]/app-accordeon-delai-depart-volontaire/section/div/form/div[2]/div[2]/p' in '100' second(s)

14-02-2025T14:33:49 - [MESSAGE][PASSED] - Actual text and expected text of test object 'Object Repository/ANEF_Eloignement_V_Nawres/Page_Prendre_Mesure_Formulaire/p_Expiration_Delai' are matched.

14-02-2025T14:33:49 - [TEST_STEP][PASSED] - selectOptionByLabel(findTestObject("Object Repository/ANEF_Eloignement_V_Nawres/Page_Prendre_Mesure_Formulaire/select_Fondement_Legal_IRTF"), "L. 612-6", false, STOP_ON_FAILURE): All options with label 'L. 612-6' are selected in object 'Object Repository/ANEF_Eloignement_V_Nawres/Page_Prendre_Mesure_Formulaire/select_Fondement_Legal_IRTF' 

14-02-2025T14:33:49 - [MESSAGE][INFO] - Finding Test Object 'Object Repository/ANEF_Eloignement_V_Nawres/Page_Prendre_Mesure_Formulaire/select_Fondement_Legal_IRTF'

14-02-2025T14:33:49 - [MESSAGE][INFO] - Checking timeout

14-02-2025T14:33:49 - [MESSAGE][INFO] - Finding web element with id: 'Object Repository/ANEF_Eloignement_V_Nawres/Page_Prendre_Mesure_Formulaire/select_Fondement_Legal_IRTF' located by 'By.xpath: //app-accordeon-ictf-irtf/section/div/form//app-dsfr-select-arr/div/select[@name="fondement_legal"]' in '20' second(s)

14-02-2025T14:33:49 - [MESSAGE][INFO] - Found 1 web elements with id: 'Object Repository/ANEF_Eloignement_V_Nawres/Page_Prendre_Mesure_Formulaire/select_Fondement_Legal_IRTF' located by 'By.xpath: //app-accordeon-ictf-irtf/section/div/form//app-dsfr-select-arr/div/select[@name="fondement_legal"]' in '20' second(s)

14-02-2025T14:33:49 - [MESSAGE][INFO] - Checking object

14-02-2025T14:33:49 - [MESSAGE][INFO] - Checking label parameter

14-02-2025T14:33:49 - [MESSAGE][INFO] - Finding web element from Test Object's properties

14-02-2025T14:33:49 - [MESSAGE][INFO] - Checking timeout

14-02-2025T14:33:49 - [MESSAGE][INFO] - Finding web element with id: 'Object Repository/ANEF_Eloignement_V_Nawres/Page_Prendre_Mesure_Formulaire/select_Fondement_Legal_IRTF' located by 'By.xpath: //app-accordeon-ictf-irtf/section/div/form//app-dsfr-select-arr/div/select[@name="fondement_legal"]' in '100' second(s)

14-02-2025T14:33:49 - [MESSAGE][INFO] - Found 1 web elements with id: 'Object Repository/ANEF_Eloignement_V_Nawres/Page_Prendre_Mesure_Formulaire/select_Fondement_Legal_IRTF' located by 'By.xpath: //app-accordeon-ictf-irtf/section/div/form//app-dsfr-select-arr/div/select[@name="fondement_legal"]' in '100' second(s)

14-02-2025T14:33:49 - [MESSAGE][INFO] - Selecting options on object 'Object Repository/ANEF_Eloignement_V_Nawres/Page_Prendre_Mesure_Formulaire/select_Fondement_Legal_IRTF' with label 'L. 612-6' 

14-02-2025T14:33:50 - [MESSAGE][PASSED] - All options with label 'L. 612-6' are selected in object 'Object Repository/ANEF_Eloignement_V_Nawres/Page_Prendre_Mesure_Formulaire/select_Fondement_Legal_IRTF' 

14-02-2025T14:33:51 - [TEST_STEP][PASSED] - setText(findTestObject("Object Repository/ANEF_Eloignement_V_Nawres/Page_Prendre_Mesure_Formulaire/input_Duree_IRTF_Mois"), "200", STOP_ON_FAILURE): Text '200' is set on object 'Object Repository/ANEF_Eloignement_V_Nawres/Page_Prendre_Mesure_Formulaire/input_Duree_IRTF_Mois'

14-02-2025T14:33:51 - [MESSAGE][INFO] - Finding Test Object 'Object Repository/ANEF_Eloignement_V_Nawres/Page_Prendre_Mesure_Formulaire/input_Duree_IRTF_Mois'

14-02-2025T14:33:51 - [MESSAGE][INFO] - Checking timeout

14-02-2025T14:33:51 - [MESSAGE][INFO] - Finding web element with id: 'Object Repository/ANEF_Eloignement_V_Nawres/Page_Prendre_Mesure_Formulaire/input_Duree_IRTF_Mois' located by 'By.xpath: //input[@id="nbr_mois_duree_init"]' in '20' second(s)

14-02-2025T14:33:51 - [MESSAGE][INFO] - Found 1 web elements with id: 'Object Repository/ANEF_Eloignement_V_Nawres/Page_Prendre_Mesure_Formulaire/input_Duree_IRTF_Mois' located by 'By.xpath: //input[@id="nbr_mois_duree_init"]' in '20' second(s)

14-02-2025T14:33:51 - [MESSAGE][INFO] - Checking object

14-02-2025T14:33:51 - [MESSAGE][INFO] - Checking text

14-02-2025T14:33:51 - [MESSAGE][INFO] - Finding web element from Test Object's properties

14-02-2025T14:33:51 - [MESSAGE][INFO] - Checking timeout

14-02-2025T14:33:51 - [MESSAGE][INFO] - Finding web element with id: 'Object Repository/ANEF_Eloignement_V_Nawres/Page_Prendre_Mesure_Formulaire/input_Duree_IRTF_Mois' located by 'By.xpath: //input[@id="nbr_mois_duree_init"]' in '100' second(s)

14-02-2025T14:33:51 - [MESSAGE][INFO] - Found 1 web elements with id: 'Object Repository/ANEF_Eloignement_V_Nawres/Page_Prendre_Mesure_Formulaire/input_Duree_IRTF_Mois' located by 'By.xpath: //input[@id="nbr_mois_duree_init"]' in '100' second(s)

14-02-2025T14:33:51 - [MESSAGE][INFO] - Clearing text of object 'Object Repository/ANEF_Eloignement_V_Nawres/Page_Prendre_Mesure_Formulaire/input_Duree_IRTF_Mois'

14-02-2025T14:33:52 - [MESSAGE][INFO] - Finding web element from Test Object's properties

14-02-2025T14:33:52 - [MESSAGE][INFO] - Checking timeout

14-02-2025T14:33:52 - [MESSAGE][INFO] - Finding web element with id: 'Object Repository/ANEF_Eloignement_V_Nawres/Page_Prendre_Mesure_Formulaire/input_Duree_IRTF_Mois' located by 'By.xpath: //input[@id="nbr_mois_duree_init"]' in '100' second(s)

14-02-2025T14:33:52 - [MESSAGE][INFO] - Found 1 web elements with id: 'Object Repository/ANEF_Eloignement_V_Nawres/Page_Prendre_Mesure_Formulaire/input_Duree_IRTF_Mois' located by 'By.xpath: //input[@id="nbr_mois_duree_init"]' in '100' second(s)

14-02-2025T14:33:52 - [MESSAGE][INFO] - Setting text of object 'Object Repository/ANEF_Eloignement_V_Nawres/Page_Prendre_Mesure_Formulaire/input_Duree_IRTF_Mois' to value '200'

14-02-2025T14:33:53 - [MESSAGE][PASSED] - Text '200' is set on object 'Object Repository/ANEF_Eloignement_V_Nawres/Page_Prendre_Mesure_Formulaire/input_Duree_IRTF_Mois'

14-02-2025T14:33:53 - [TEST_STEP][PASSED] - verifyElementText(findTestObject("Object Repository/ANEF_Eloignement_V_Nawres/Page_Prendre_Mesure_Formulaire/p_Message_Erreur_Duree_IRTF"), "Attention : la durÃ©e indiquÃ©e ne correspond pas Ã  la durÃ©e lÃ©gale maximale 10 ans"): Actual text and expected text of test object 'Object Repository/ANEF_Eloignement_V_Nawres/Page_Prendre_Mesure_Formulaire/p_Message_Erreur_Duree_IRTF' are matched.

14-02-2025T14:33:53 - [MESSAGE][INFO] - Finding Test Object 'Object Repository/ANEF_Eloignement_V_Nawres/Page_Prendre_Mesure_Formulaire/p_Message_Erreur_Duree_IRTF'

14-02-2025T14:33:53 - [MESSAGE][INFO] - Checking object

14-02-2025T14:33:53 - [MESSAGE][INFO] - Finding web element from Test Object's properties

14-02-2025T14:33:53 - [MESSAGE][INFO] - Checking timeout

14-02-2025T14:33:53 - [MESSAGE][INFO] - Finding web element with id: 'Object Repository/ANEF_Eloignement_V_Nawres/Page_Prendre_Mesure_Formulaire/p_Message_Erreur_Duree_IRTF' located by 'By.xpath: //app-accordeon-ictf-irtf/section/div/form/div[2]//p' in '100' second(s)

14-02-2025T14:33:53 - [MESSAGE][INFO] - Found 1 web elements with id: 'Object Repository/ANEF_Eloignement_V_Nawres/Page_Prendre_Mesure_Formulaire/p_Message_Erreur_Duree_IRTF' located by 'By.xpath: //app-accordeon-ictf-irtf/section/div/form/div[2]//p' in '100' second(s)

14-02-2025T14:33:53 - [MESSAGE][PASSED] - Actual text and expected text of test object 'Object Repository/ANEF_Eloignement_V_Nawres/Page_Prendre_Mesure_Formulaire/p_Message_Erreur_Duree_IRTF' are matched.

14-02-2025T14:33:53 - [TEST_STEP][PASSED] - setText(findTestObject("Object Repository/ANEF_Eloignement_V_Nawres/Page_Prendre_Mesure_Formulaire/input_Duree_IRTF_Mois"), RandomNumber, STOP_ON_FAILURE): Text '52' is set on object 'Object Repository/ANEF_Eloignement_V_Nawres/Page_Prendre_Mesure_Formulaire/input_Duree_IRTF_Mois'

14-02-2025T14:33:53 - [MESSAGE][INFO] - Finding Test Object 'Object Repository/ANEF_Eloignement_V_Nawres/Page_Prendre_Mesure_Formulaire/input_Duree_IRTF_Mois'

14-02-2025T14:33:53 - [MESSAGE][INFO] - Checking timeout

14-02-2025T14:33:53 - [MESSAGE][INFO] - Finding web element with id: 'Object Repository/ANEF_Eloignement_V_Nawres/Page_Prendre_Mesure_Formulaire/input_Duree_IRTF_Mois' located by 'By.xpath: //input[@id="nbr_mois_duree_init"]' in '20' second(s)

14-02-2025T14:33:53 - [MESSAGE][INFO] - Found 1 web elements with id: 'Object Repository/ANEF_Eloignement_V_Nawres/Page_Prendre_Mesure_Formulaire/input_Duree_IRTF_Mois' located by 'By.xpath: //input[@id="nbr_mois_duree_init"]' in '20' second(s)

14-02-2025T14:33:53 - [MESSAGE][INFO] - Checking object

14-02-2025T14:33:53 - [MESSAGE][INFO] - Checking text

14-02-2025T14:33:53 - [MESSAGE][INFO] - Finding web element from Test Object's properties

14-02-2025T14:33:53 - [MESSAGE][INFO] - Checking timeout

14-02-2025T14:33:53 - [MESSAGE][INFO] - Finding web element with id: 'Object Repository/ANEF_Eloignement_V_Nawres/Page_Prendre_Mesure_Formulaire/input_Duree_IRTF_Mois' located by 'By.xpath: //input[@id="nbr_mois_duree_init"]' in '100' second(s)

14-02-2025T14:33:53 - [MESSAGE][INFO] - Found 1 web elements with id: 'Object Repository/ANEF_Eloignement_V_Nawres/Page_Prendre_Mesure_Formulaire/input_Duree_IRTF_Mois' located by 'By.xpath: //input[@id="nbr_mois_duree_init"]' in '100' second(s)

14-02-2025T14:33:53 - [MESSAGE][INFO] - Clearing text of object 'Object Repository/ANEF_Eloignement_V_Nawres/Page_Prendre_Mesure_Formulaire/input_Duree_IRTF_Mois'

14-02-2025T14:33:54 - [MESSAGE][INFO] - Finding web element from Test Object's properties

14-02-2025T14:33:54 - [MESSAGE][INFO] - Checking timeout

14-02-2025T14:33:54 - [MESSAGE][INFO] - Finding web element with id: 'Object Repository/ANEF_Eloignement_V_Nawres/Page_Prendre_Mesure_Formulaire/input_Duree_IRTF_Mois' located by 'By.xpath: //input[@id="nbr_mois_duree_init"]' in '100' second(s)

14-02-2025T14:33:54 - [MESSAGE][INFO] - Found 1 web elements with id: 'Object Repository/ANEF_Eloignement_V_Nawres/Page_Prendre_Mesure_Formulaire/input_Duree_IRTF_Mois' located by 'By.xpath: //input[@id="nbr_mois_duree_init"]' in '100' second(s)

14-02-2025T14:33:54 - [MESSAGE][INFO] - Setting text of object 'Object Repository/ANEF_Eloignement_V_Nawres/Page_Prendre_Mesure_Formulaire/input_Duree_IRTF_Mois' to value '52'

14-02-2025T14:33:55 - [MESSAGE][PASSED] - Text '52' is set on object 'Object Repository/ANEF_Eloignement_V_Nawres/Page_Prendre_Mesure_Formulaire/input_Duree_IRTF_Mois'

14-02-2025T14:33:55 - [TEST_STEP][PASSED] - click(findTestObject("Object Repository/ANEF_Eloignement_V_Nawres/Page_Prendre_Mesure_Formulaire/btn_Enregistrer"), STOP_ON_FAILURE): Object: 'Object Repository/ANEF_Eloignement_V_Nawres/Page_Prendre_Mesure_Formulaire/btn_Enregistrer' is clicked on

14-02-2025T14:33:55 - [MESSAGE][INFO] - Finding Test Object 'Object Repository/ANEF_Eloignement_V_Nawres/Page_Prendre_Mesure_Formulaire/btn_Enregistrer'

14-02-2025T14:33:55 - [MESSAGE][INFO] - Checking timeout

14-02-2025T14:33:55 - [MESSAGE][INFO] - Finding web element with id: 'Object Repository/ANEF_Eloignement_V_Nawres/Page_Prendre_Mesure_Formulaire/btn_Enregistrer' located by 'By.xpath: //button[contains(text(),"Enregistrer")]' in '20' second(s)

14-02-2025T14:33:55 - [MESSAGE][INFO] - Found 1 web elements with id: 'Object Repository/ANEF_Eloignement_V_Nawres/Page_Prendre_Mesure_Formulaire/btn_Enregistrer' located by 'By.xpath: //button[contains(text(),"Enregistrer")]' in '20' second(s)

14-02-2025T14:33:55 - [MESSAGE][INFO] - Checking object

14-02-2025T14:33:55 - [MESSAGE][INFO] - Checking timeout

14-02-2025T14:33:55 - [MESSAGE][INFO] - Finding web element from Test Object's properties

14-02-2025T14:33:55 - [MESSAGE][INFO] - Checking timeout

14-02-2025T14:33:55 - [MESSAGE][INFO] - Finding web element with id: 'Object Repository/ANEF_Eloignement_V_Nawres/Page_Prendre_Mesure_Formulaire/btn_Enregistrer' located by 'By.xpath: //button[contains(text(),"Enregistrer")]' in '100' second(s)

14-02-2025T14:33:55 - [MESSAGE][INFO] - Found 1 web elements with id: 'Object Repository/ANEF_Eloignement_V_Nawres/Page_Prendre_Mesure_Formulaire/btn_Enregistrer' located by 'By.xpath: //button[contains(text(),"Enregistrer")]' in '100' second(s)

14-02-2025T14:33:55 - [MESSAGE][INFO] - Clicking on object: 'Object Repository/ANEF_Eloignement_V_Nawres/Page_Prendre_Mesure_Formulaire/btn_Enregistrer'

14-02-2025T14:33:56 - [MESSAGE][PASSED] - Object: 'Object Repository/ANEF_Eloignement_V_Nawres/Page_Prendre_Mesure_Formulaire/btn_Enregistrer' is clicked on

14-02-2025T14:33:56 - [TEST_STEP][PASSED] - if (Mesure == "RemiseSchengen"): null

14-02-2025T14:33:56 - [TEST_STEP][PASSED] - RandomNumber = tools.MyStringTools.getRandomNumber(1, 30): tools.MyStringTools.getRandomNumber is PASSED

14-02-2025T14:33:56 - [MESSAGE][PASSED] - tools.MyStringTools.getRandomNumber is PASSED

14-02-2025T14:33:56 - [TEST_STEP][PASSED] - println(RandomNumber): null

14-02-2025T14:33:56 - [TEST_STEP][PASSED] - RandomNumberSelect = RandomNumber.toString(): null

14-02-2025T14:33:56 - [TEST_STEP][PASSED] - if (Mesure == "TransfertDublin"): null

14-02-2025T14:33:56 - [TEST_STEP][PASSED] - if (Mesure == "ExecutionFicheSIS"): null

14-02-2025T14:33:56 - [TEST_STEP][PASSED] - if (Mesure == "IAT"): null

14-02-2025T14:33:56 - [TEST_STEP][PASSED] - if (Mesure == "ITF"): null

14-02-2025T14:33:56 - [TEST_STEP][PASSED] - click(findTestObject("Object Repository/ANEF_Eloignement_V_Nawres/Page_Prendre_Mesure_Formulaire/btn_Enregistrer"), STOP_ON_FAILURE): Object: 'Object Repository/ANEF_Eloignement_V_Nawres/Page_Prendre_Mesure_Formulaire/btn_Enregistrer' is clicked on

14-02-2025T14:33:56 - [MESSAGE][INFO] - Finding Test Object 'Object Repository/ANEF_Eloignement_V_Nawres/Page_Prendre_Mesure_Formulaire/btn_Enregistrer'

14-02-2025T14:33:56 - [MESSAGE][INFO] - Checking timeout

14-02-2025T14:33:56 - [MESSAGE][INFO] - Finding web element with id: 'Object Repository/ANEF_Eloignement_V_Nawres/Page_Prendre_Mesure_Formulaire/btn_Enregistrer' located by 'By.xpath: //button[contains(text(),"Enregistrer")]' in '20' second(s)

14-02-2025T14:33:56 - [MESSAGE][INFO] - Found 1 web elements with id: 'Object Repository/ANEF_Eloignement_V_Nawres/Page_Prendre_Mesure_Formulaire/btn_Enregistrer' located by 'By.xpath: //button[contains(text(),"Enregistrer")]' in '20' second(s)

14-02-2025T14:33:56 - [MESSAGE][INFO] - Checking object

14-02-2025T14:33:56 - [MESSAGE][INFO] - Checking timeout

14-02-2025T14:33:56 - [MESSAGE][INFO] - Finding web element from Test Object's properties

14-02-2025T14:33:56 - [MESSAGE][INFO] - Checking timeout

14-02-2025T14:33:56 - [MESSAGE][INFO] - Finding web element with id: 'Object Repository/ANEF_Eloignement_V_Nawres/Page_Prendre_Mesure_Formulaire/btn_Enregistrer' located by 'By.xpath: //button[contains(text(),"Enregistrer")]' in '100' second(s)

14-02-2025T14:33:56 - [MESSAGE][INFO] - Found 1 web elements with id: 'Object Repository/ANEF_Eloignement_V_Nawres/Page_Prendre_Mesure_Formulaire/btn_Enregistrer' located by 'By.xpath: //button[contains(text(),"Enregistrer")]' in '100' second(s)

14-02-2025T14:33:56 - [MESSAGE][INFO] - Clicking on object: 'Object Repository/ANEF_Eloignement_V_Nawres/Page_Prendre_Mesure_Formulaire/btn_Enregistrer'

14-02-2025T14:33:58 - [MESSAGE][PASSED] - Object: 'Object Repository/ANEF_Eloignement_V_Nawres/Page_Prendre_Mesure_Formulaire/btn_Enregistrer' is clicked on

14-02-2025T14:33:58 - [MESSAGE][PASSED] - Call Test Case 'Test Cases/Test Reutilisable/Main/ANEF_Eloignement_V_Nawres/ANEF_Prendre_Mesure_Formulaire' successfully

14-02-2025T14:33:58 - [MESSAGE][PASSED] - Call Test Case 'Test Cases/Test Reutilisable/Main/ANEF_Eloignement_V_Nawres/ANEF_Prendre_Mesure' successfully

14-02-2025T14:33:58 - [TEST_STEP][PASSED] - callTestCase(findTestCase("Test Cases/Test Reutilisable/Main/ANEF_Eloignement_V_Nawres/ANEF_Ajouter_Decision"), ["ModeNotification":ModeNotification], STOP_ON_FAILURE): Call Test Case 'Test Cases/Test Reutilisable/Main/ANEF_Eloignement_V_Nawres/ANEF_Ajouter_Decision' successfully

14-02-2025T14:33:58 - [MESSAGE][INFO] - Checking called Test Case

14-02-2025T14:33:58 - [MESSAGE][INFO] - Starting to call Test Case 'Test Cases/Test Reutilisable/Main/ANEF_Eloignement_V_Nawres/ANEF_Ajouter_Decision'

14-02-2025T14:33:58 - [TEST_CASE][PASSED] - Test Cases/Test Reutilisable/Main/ANEF_Eloignement_V_Nawres/ANEF_Ajouter_Decision: Test Cases/Test Reutilisable/Main/ANEF_Eloignement_V_Nawres/ANEF_Ajouter_Decision

14-02-2025T14:33:58 - [TEST_STEP][PASSED] - calendar = Calendar.getInstance(): null

14-02-2025T14:33:58 - [TEST_STEP][PASSED] - currentDate = calendar.getTime(): null

14-02-2025T14:33:58 - [TEST_STEP][PASSED] - sdf = new java.text.SimpleDateFormat(dd/MM/yyyy): null

14-02-2025T14:33:58 - [TEST_STEP][PASSED] - formattedDate = sdf.format(currentDate): null

14-02-2025T14:33:58 - [TEST_STEP][PASSED] - DateActuelle = formattedDate.toString(): null

14-02-2025T14:33:58 - [TEST_STEP][PASSED] - println(DateActuelle): null

14-02-2025T14:33:58 - [TEST_STEP][PASSED] - waitForElementClickable(findTestObject("Object Repository/ANEF_Eloignement_V_Nawres/Page_Ajouter_Decision/btn_Ajouter_Decision"), 20, STOP_ON_FAILURE): Object 'Object Repository/ANEF_Eloignement_V_Nawres/Page_Ajouter_Decision/btn_Ajouter_Decision' is clickable

14-02-2025T14:33:58 - [MESSAGE][INFO] - Finding Test Object 'Object Repository/ANEF_Eloignement_V_Nawres/Page_Ajouter_Decision/btn_Ajouter_Decision'

14-02-2025T14:33:58 - [MESSAGE][INFO] - Checking object

14-02-2025T14:33:58 - [MESSAGE][INFO] - Checking timeout

14-02-2025T14:33:58 - [MESSAGE][INFO] - Finding web element from Test Object's properties

14-02-2025T14:33:58 - [MESSAGE][INFO] - Checking timeout

14-02-2025T14:33:58 - [MESSAGE][INFO] - Finding web element with id: 'Object Repository/ANEF_Eloignement_V_Nawres/Page_Ajouter_Decision/btn_Ajouter_Decision' located by 'By.xpath: //button[contains(text(),"Ajouter une dÃ©cision")]' in '20' second(s)

14-02-2025T14:33:58 - [MESSAGE][INFO] - Found 1 web elements with id: 'Object Repository/ANEF_Eloignement_V_Nawres/Page_Ajouter_Decision/btn_Ajouter_Decision' located by 'By.xpath: //button[contains(text(),"Ajouter une dÃ©cision")]' in '20' second(s)

14-02-2025T14:33:58 - [MESSAGE][PASSED] - Object 'Object Repository/ANEF_Eloignement_V_Nawres/Page_Ajouter_Decision/btn_Ajouter_Decision' is clickable

14-02-2025T14:33:58 - [TEST_STEP][PASSED] - click(findTestObject("Object Repository/ANEF_Eloignement_V_Nawres/Page_Ajouter_Decision/btn_Ajouter_Decision"), STOP_ON_FAILURE): Object: 'Object Repository/ANEF_Eloignement_V_Nawres/Page_Ajouter_Decision/btn_Ajouter_Decision' is clicked on

14-02-2025T14:33:58 - [MESSAGE][INFO] - Finding Test Object 'Object Repository/ANEF_Eloignement_V_Nawres/Page_Ajouter_Decision/btn_Ajouter_Decision'

14-02-2025T14:33:58 - [MESSAGE][INFO] - Checking timeout

14-02-2025T14:33:58 - [MESSAGE][INFO] - Finding web element with id: 'Object Repository/ANEF_Eloignement_V_Nawres/Page_Ajouter_Decision/btn_Ajouter_Decision' located by 'By.xpath: //button[contains(text(),"Ajouter une dÃ©cision")]' in '20' second(s)

14-02-2025T14:33:58 - [MESSAGE][INFO] - Found 1 web elements with id: 'Object Repository/ANEF_Eloignement_V_Nawres/Page_Ajouter_Decision/btn_Ajouter_Decision' located by 'By.xpath: //button[contains(text(),"Ajouter une dÃ©cision")]' in '20' second(s)

14-02-2025T14:33:58 - [MESSAGE][INFO] - Checking object

14-02-2025T14:33:58 - [MESSAGE][INFO] - Checking timeout

14-02-2025T14:33:58 - [MESSAGE][INFO] - Finding web element from Test Object's properties

14-02-2025T14:33:58 - [MESSAGE][INFO] - Checking timeout

14-02-2025T14:33:58 - [MESSAGE][INFO] - Finding web element with id: 'Object Repository/ANEF_Eloignement_V_Nawres/Page_Ajouter_Decision/btn_Ajouter_Decision' located by 'By.xpath: //button[contains(text(),"Ajouter une dÃ©cision")]' in '100' second(s)

14-02-2025T14:33:58 - [MESSAGE][INFO] - Found 1 web elements with id: 'Object Repository/ANEF_Eloignement_V_Nawres/Page_Ajouter_Decision/btn_Ajouter_Decision' located by 'By.xpath: //button[contains(text(),"Ajouter une dÃ©cision")]' in '100' second(s)

14-02-2025T14:33:58 - [MESSAGE][INFO] - Clicking on object: 'Object Repository/ANEF_Eloignement_V_Nawres/Page_Ajouter_Decision/btn_Ajouter_Decision'

14-02-2025T14:33:59 - [MESSAGE][PASSED] - Object: 'Object Repository/ANEF_Eloignement_V_Nawres/Page_Ajouter_Decision/btn_Ajouter_Decision' is clicked on

14-02-2025T14:33:59 - [TEST_STEP][PASSED] - scrollToElement(findTestObject("Object Repository/ANEF_Eloignement_V_Nawres/Page_Ajouter_Decision/btn_Confirmer_Ajout_Decision"), 5, STOP_ON_FAILURE): Scroll to object 'Object Repository/ANEF_Eloignement_V_Nawres/Page_Ajouter_Decision/btn_Confirmer_Ajout_Decision' successfully

14-02-2025T14:33:59 - [MESSAGE][INFO] - Finding Test Object 'Object Repository/ANEF_Eloignement_V_Nawres/Page_Ajouter_Decision/btn_Confirmer_Ajout_Decision'

14-02-2025T14:33:59 - [MESSAGE][INFO] - Checking object

14-02-2025T14:33:59 - [MESSAGE][INFO] - Checking timeout

14-02-2025T14:33:59 - [MESSAGE][INFO] - Finding web element from Test Object's properties

14-02-2025T14:33:59 - [MESSAGE][INFO] - Checking timeout

14-02-2025T14:33:59 - [MESSAGE][INFO] - Finding web element with id: 'Object Repository/ANEF_Eloignement_V_Nawres/Page_Ajouter_Decision/btn_Confirmer_Ajout_Decision' located by 'By.xpath: //button[contains(text()," Confirmer l'ajout")]' in '100' second(s)

14-02-2025T14:33:59 - [MESSAGE][INFO] - Found 1 web elements with id: 'Object Repository/ANEF_Eloignement_V_Nawres/Page_Ajouter_Decision/btn_Confirmer_Ajout_Decision' located by 'By.xpath: //button[contains(text()," Confirmer l'ajout")]' in '100' second(s)

14-02-2025T14:33:59 - [MESSAGE][INFO] - Scrolling to object 'Object Repository/ANEF_Eloignement_V_Nawres/Page_Ajouter_Decision/btn_Confirmer_Ajout_Decision'

14-02-2025T14:33:59 - [MESSAGE][PASSED] - Scroll to object 'Object Repository/ANEF_Eloignement_V_Nawres/Page_Ajouter_Decision/btn_Confirmer_Ajout_Decision' successfully

14-02-2025T14:33:59 - [TEST_STEP][PASSED] - click(findTestObject("Object Repository/ANEF_Eloignement_V_Nawres/Page_Ajouter_Decision/btn_Confirmer_Ajout_Decision"), STOP_ON_FAILURE): Object: 'Object Repository/ANEF_Eloignement_V_Nawres/Page_Ajouter_Decision/btn_Confirmer_Ajout_Decision' is clicked on

14-02-2025T14:33:59 - [MESSAGE][INFO] - Finding Test Object 'Object Repository/ANEF_Eloignement_V_Nawres/Page_Ajouter_Decision/btn_Confirmer_Ajout_Decision'

14-02-2025T14:33:59 - [MESSAGE][INFO] - Checking timeout

14-02-2025T14:33:59 - [MESSAGE][INFO] - Finding web element with id: 'Object Repository/ANEF_Eloignement_V_Nawres/Page_Ajouter_Decision/btn_Confirmer_Ajout_Decision' located by 'By.xpath: //button[contains(text()," Confirmer l'ajout")]' in '20' second(s)

14-02-2025T14:33:59 - [MESSAGE][INFO] - Found 1 web elements with id: 'Object Repository/ANEF_Eloignement_V_Nawres/Page_Ajouter_Decision/btn_Confirmer_Ajout_Decision' located by 'By.xpath: //button[contains(text()," Confirmer l'ajout")]' in '20' second(s)

14-02-2025T14:33:59 - [MESSAGE][INFO] - Checking object

14-02-2025T14:33:59 - [MESSAGE][INFO] - Checking timeout

14-02-2025T14:33:59 - [MESSAGE][INFO] - Finding web element from Test Object's properties

14-02-2025T14:33:59 - [MESSAGE][INFO] - Checking timeout

14-02-2025T14:33:59 - [MESSAGE][INFO] - Finding web element with id: 'Object Repository/ANEF_Eloignement_V_Nawres/Page_Ajouter_Decision/btn_Confirmer_Ajout_Decision' located by 'By.xpath: //button[contains(text()," Confirmer l'ajout")]' in '100' second(s)

14-02-2025T14:33:59 - [MESSAGE][INFO] - Found 1 web elements with id: 'Object Repository/ANEF_Eloignement_V_Nawres/Page_Ajouter_Decision/btn_Confirmer_Ajout_Decision' located by 'By.xpath: //button[contains(text()," Confirmer l'ajout")]' in '100' second(s)

14-02-2025T14:33:59 - [MESSAGE][INFO] - Clicking on object: 'Object Repository/ANEF_Eloignement_V_Nawres/Page_Ajouter_Decision/btn_Confirmer_Ajout_Decision'

14-02-2025T14:34:00 - [MESSAGE][PASSED] - Object: 'Object Repository/ANEF_Eloignement_V_Nawres/Page_Ajouter_Decision/btn_Confirmer_Ajout_Decision' is clicked on

14-02-2025T14:34:00 - [TEST_STEP][PASSED] - waitForElementClickable(findTestObject("Object Repository/ANEF_Eloignement_V_Nawres/Page_Ajouter_Decision/btn_Confirmer_Notification"), 20, STOP_ON_FAILURE): Object 'Object Repository/ANEF_Eloignement_V_Nawres/Page_Ajouter_Decision/btn_Confirmer_Notification' is clickable

14-02-2025T14:34:00 - [MESSAGE][INFO] - Finding Test Object 'Object Repository/ANEF_Eloignement_V_Nawres/Page_Ajouter_Decision/btn_Confirmer_Notification'

14-02-2025T14:34:00 - [MESSAGE][INFO] - Checking object

14-02-2025T14:34:00 - [MESSAGE][INFO] - Checking timeout

14-02-2025T14:34:00 - [MESSAGE][INFO] - Finding web element from Test Object's properties

14-02-2025T14:34:00 - [MESSAGE][INFO] - Checking timeout

14-02-2025T14:34:00 - [MESSAGE][INFO] - Finding web element with id: 'Object Repository/ANEF_Eloignement_V_Nawres/Page_Ajouter_Decision/btn_Confirmer_Notification' located by 'By.xpath: //button[contains(text(),"Confirmer la notification")]' in '20' second(s)

14-02-2025T14:34:00 - [MESSAGE][INFO] - Found 1 web elements with id: 'Object Repository/ANEF_Eloignement_V_Nawres/Page_Ajouter_Decision/btn_Confirmer_Notification' located by 'By.xpath: //button[contains(text(),"Confirmer la notification")]' in '20' second(s)

14-02-2025T14:34:02 - [MESSAGE][PASSED] - Object 'Object Repository/ANEF_Eloignement_V_Nawres/Page_Ajouter_Decision/btn_Confirmer_Notification' is clickable

14-02-2025T14:34:02 - [TEST_STEP][PASSED] - click(findTestObject("Object Repository/ANEF_Eloignement_V_Nawres/Page_Ajouter_Decision/btn_Confirmer_Notification"), STOP_ON_FAILURE): Object: 'Object Repository/ANEF_Eloignement_V_Nawres/Page_Ajouter_Decision/btn_Confirmer_Notification' is clicked on

14-02-2025T14:34:02 - [MESSAGE][INFO] - Finding Test Object 'Object Repository/ANEF_Eloignement_V_Nawres/Page_Ajouter_Decision/btn_Confirmer_Notification'

14-02-2025T14:34:02 - [MESSAGE][INFO] - Checking timeout

14-02-2025T14:34:02 - [MESSAGE][INFO] - Finding web element with id: 'Object Repository/ANEF_Eloignement_V_Nawres/Page_Ajouter_Decision/btn_Confirmer_Notification' located by 'By.xpath: //button[contains(text(),"Confirmer la notification")]' in '20' second(s)

14-02-2025T14:34:02 - [MESSAGE][INFO] - Found 1 web elements with id: 'Object Repository/ANEF_Eloignement_V_Nawres/Page_Ajouter_Decision/btn_Confirmer_Notification' located by 'By.xpath: //button[contains(text(),"Confirmer la notification")]' in '20' second(s)

14-02-2025T14:34:02 - [MESSAGE][INFO] - Checking object

14-02-2025T14:34:02 - [MESSAGE][INFO] - Checking timeout

14-02-2025T14:34:02 - [MESSAGE][INFO] - Finding web element from Test Object's properties

14-02-2025T14:34:02 - [MESSAGE][INFO] - Checking timeout

14-02-2025T14:34:02 - [MESSAGE][INFO] - Finding web element with id: 'Object Repository/ANEF_Eloignement_V_Nawres/Page_Ajouter_Decision/btn_Confirmer_Notification' located by 'By.xpath: //button[contains(text(),"Confirmer la notification")]' in '100' second(s)

14-02-2025T14:34:02 - [MESSAGE][INFO] - Found 1 web elements with id: 'Object Repository/ANEF_Eloignement_V_Nawres/Page_Ajouter_Decision/btn_Confirmer_Notification' located by 'By.xpath: //button[contains(text(),"Confirmer la notification")]' in '100' second(s)

14-02-2025T14:34:02 - [MESSAGE][INFO] - Clicking on object: 'Object Repository/ANEF_Eloignement_V_Nawres/Page_Ajouter_Decision/btn_Confirmer_Notification'

14-02-2025T14:34:04 - [MESSAGE][PASSED] - Object: 'Object Repository/ANEF_Eloignement_V_Nawres/Page_Ajouter_Decision/btn_Confirmer_Notification' is clicked on

14-02-2025T14:34:04 - [TEST_STEP][PASSED] - selectOptionByLabel(findTestObject("Object Repository/ANEF_Eloignement_V_Nawres/Page_Ajouter_Decision/select_Mode_Notification"), ModeNotification, false, STOP_ON_FAILURE): All options with label 'Voie postale' are selected in object 'Object Repository/ANEF_Eloignement_V_Nawres/Page_Ajouter_Decision/select_Mode_Notification' 

14-02-2025T14:34:04 - [MESSAGE][INFO] - Finding Test Object 'Object Repository/ANEF_Eloignement_V_Nawres/Page_Ajouter_Decision/select_Mode_Notification'

14-02-2025T14:34:04 - [MESSAGE][INFO] - Checking timeout

14-02-2025T14:34:04 - [MESSAGE][INFO] - Finding web element with id: 'Object Repository/ANEF_Eloignement_V_Nawres/Page_Ajouter_Decision/select_Mode_Notification' located by 'By.xpath: //app-notification-modal//form//app-dsfr-select/div/select[@id="mode_notification"]' in '20' second(s)

14-02-2025T14:34:04 - [MESSAGE][INFO] - Found 1 web elements with id: 'Object Repository/ANEF_Eloignement_V_Nawres/Page_Ajouter_Decision/select_Mode_Notification' located by 'By.xpath: //app-notification-modal//form//app-dsfr-select/div/select[@id="mode_notification"]' in '20' second(s)

14-02-2025T14:34:04 - [MESSAGE][INFO] - Checking object

14-02-2025T14:34:04 - [MESSAGE][INFO] - Checking label parameter

14-02-2025T14:34:04 - [MESSAGE][INFO] - Finding web element from Test Object's properties

14-02-2025T14:34:04 - [MESSAGE][INFO] - Checking timeout

14-02-2025T14:34:04 - [MESSAGE][INFO] - Finding web element with id: 'Object Repository/ANEF_Eloignement_V_Nawres/Page_Ajouter_Decision/select_Mode_Notification' located by 'By.xpath: //app-notification-modal//form//app-dsfr-select/div/select[@id="mode_notification"]' in '100' second(s)

14-02-2025T14:34:04 - [MESSAGE][INFO] - Found 1 web elements with id: 'Object Repository/ANEF_Eloignement_V_Nawres/Page_Ajouter_Decision/select_Mode_Notification' located by 'By.xpath: //app-notification-modal//form//app-dsfr-select/div/select[@id="mode_notification"]' in '100' second(s)

14-02-2025T14:34:04 - [MESSAGE][INFO] - Selecting options on object 'Object Repository/ANEF_Eloignement_V_Nawres/Page_Ajouter_Decision/select_Mode_Notification' with label 'Voie postale' 

14-02-2025T14:34:05 - [MESSAGE][PASSED] - All options with label 'Voie postale' are selected in object 'Object Repository/ANEF_Eloignement_V_Nawres/Page_Ajouter_Decision/select_Mode_Notification' 

14-02-2025T14:34:05 - [TEST_STEP][PASSED] - setText(findTestObject("Object Repository/ANEF_Eloignement_V_Nawres/Page_Ajouter_Decision/input_Date_Notification"), DateActuelle, STOP_ON_FAILURE): Text '14/02/2025' is set on object 'Object Repository/ANEF_Eloignement_V_Nawres/Page_Ajouter_Decision/input_Date_Notification'

14-02-2025T14:34:05 - [MESSAGE][INFO] - Finding Test Object 'Object Repository/ANEF_Eloignement_V_Nawres/Page_Ajouter_Decision/input_Date_Notification'

14-02-2025T14:34:05 - [MESSAGE][INFO] - Checking timeout

14-02-2025T14:34:05 - [MESSAGE][INFO] - Finding web element with id: 'Object Repository/ANEF_Eloignement_V_Nawres/Page_Ajouter_Decision/input_Date_Notification' located by 'By.xpath: //app-notification-modal//form//app-dsfr-input/div/input[@name="date_notification"]' in '20' second(s)

14-02-2025T14:34:05 - [MESSAGE][INFO] - Found 1 web elements with id: 'Object Repository/ANEF_Eloignement_V_Nawres/Page_Ajouter_Decision/input_Date_Notification' located by 'By.xpath: //app-notification-modal//form//app-dsfr-input/div/input[@name="date_notification"]' in '20' second(s)

14-02-2025T14:34:05 - [MESSAGE][INFO] - Checking object

14-02-2025T14:34:05 - [MESSAGE][INFO] - Checking text

14-02-2025T14:34:05 - [MESSAGE][INFO] - Finding web element from Test Object's properties

14-02-2025T14:34:05 - [MESSAGE][INFO] - Checking timeout

14-02-2025T14:34:05 - [MESSAGE][INFO] - Finding web element with id: 'Object Repository/ANEF_Eloignement_V_Nawres/Page_Ajouter_Decision/input_Date_Notification' located by 'By.xpath: //app-notification-modal//form//app-dsfr-input/div/input[@name="date_notification"]' in '100' second(s)

14-02-2025T14:34:05 - [MESSAGE][INFO] - Found 1 web elements with id: 'Object Repository/ANEF_Eloignement_V_Nawres/Page_Ajouter_Decision/input_Date_Notification' located by 'By.xpath: //app-notification-modal//form//app-dsfr-input/div/input[@name="date_notification"]' in '100' second(s)

14-02-2025T14:34:05 - [MESSAGE][INFO] - Clearing text of object 'Object Repository/ANEF_Eloignement_V_Nawres/Page_Ajouter_Decision/input_Date_Notification'

14-02-2025T14:34:06 - [MESSAGE][INFO] - Finding web element from Test Object's properties

14-02-2025T14:34:06 - [MESSAGE][INFO] - Checking timeout

14-02-2025T14:34:06 - [MESSAGE][INFO] - Finding web element with id: 'Object Repository/ANEF_Eloignement_V_Nawres/Page_Ajouter_Decision/input_Date_Notification' located by 'By.xpath: //app-notification-modal//form//app-dsfr-input/div/input[@name="date_notification"]' in '100' second(s)

14-02-2025T14:34:06 - [MESSAGE][INFO] - Found 1 web elements with id: 'Object Repository/ANEF_Eloignement_V_Nawres/Page_Ajouter_Decision/input_Date_Notification' located by 'By.xpath: //app-notification-modal//form//app-dsfr-input/div/input[@name="date_notification"]' in '100' second(s)

14-02-2025T14:34:06 - [MESSAGE][INFO] - Setting text of object 'Object Repository/ANEF_Eloignement_V_Nawres/Page_Ajouter_Decision/input_Date_Notification' to value '14/02/2025'

14-02-2025T14:34:07 - [MESSAGE][PASSED] - Text '14/02/2025' is set on object 'Object Repository/ANEF_Eloignement_V_Nawres/Page_Ajouter_Decision/input_Date_Notification'

14-02-2025T14:34:07 - [TEST_STEP][PASSED] - if (ModeNotification == "Voie administrative"): null

14-02-2025T14:34:07 - [TEST_STEP][PASSED] - uploadFile(findTestObject("Object Repository/ANEF_Eloignement_V_Nawres/Page_Ajouter_Decision/input_Ajouter_Fichier_Notification"), getProjectDir() + "/Data Files/Fichier_Test.pdf"): File 'C:/Users/nbenjemi/Katalon Studio/ANEF-ELOIGNEMENT-20250121/ANEF-ELOIGNEMENT-20250121/Data Files/Fichier_Test.pdf' sent to object: 'Object Repository/ANEF_Eloignement_V_Nawres/Page_Ajouter_Decision/input_Ajouter_Fichier_Notification'

14-02-2025T14:34:07 - [MESSAGE][INFO] - Finding Test Object 'Object Repository/ANEF_Eloignement_V_Nawres/Page_Ajouter_Decision/input_Ajouter_Fichier_Notification'

14-02-2025T14:34:07 - [MESSAGE][INFO] - Checking object

14-02-2025T14:34:07 - [MESSAGE][INFO] - Uploading file 'C:/Users/nbenjemi/Katalon Studio/ANEF-ELOIGNEMENT-20250121/ANEF-ELOIGNEMENT-20250121/Data Files/Fichier_Test.pdf' to object: 'Object Repository/ANEF_Eloignement_V_Nawres/Page_Ajouter_Decision/input_Ajouter_Fichier_Notification'

14-02-2025T14:34:07 - [MESSAGE][INFO] - Finding web element from Test Object's properties

14-02-2025T14:34:07 - [MESSAGE][INFO] - Checking timeout

14-02-2025T14:34:07 - [MESSAGE][INFO] - Finding web element with id: 'Object Repository/ANEF_Eloignement_V_Nawres/Page_Ajouter_Decision/input_Ajouter_Fichier_Notification' located by 'By.xpath: //app-notification-modal//form//app-dsfr-piece-jointe//input' in '100' second(s)

14-02-2025T14:34:07 - [MESSAGE][INFO] - Found 1 web elements with id: 'Object Repository/ANEF_Eloignement_V_Nawres/Page_Ajouter_Decision/input_Ajouter_Fichier_Notification' located by 'By.xpath: //app-notification-modal//form//app-dsfr-piece-jointe//input' in '100' second(s)

14-02-2025T14:34:08 - [MESSAGE][PASSED] - File 'C:/Users/nbenjemi/Katalon Studio/ANEF-ELOIGNEMENT-20250121/ANEF-ELOIGNEMENT-20250121/Data Files/Fichier_Test.pdf' sent to object: 'Object Repository/ANEF_Eloignement_V_Nawres/Page_Ajouter_Decision/input_Ajouter_Fichier_Notification'

14-02-2025T14:34:08 - [TEST_STEP][PASSED] - scrollToElement(findTestObject("Object Repository/ANEF_Eloignement_V_Nawres/Page_Ajouter_Decision/btn_Confirmer_Ajout_Notification"), 5, STOP_ON_FAILURE): Scroll to object 'Object Repository/ANEF_Eloignement_V_Nawres/Page_Ajouter_Decision/btn_Confirmer_Ajout_Notification' successfully

14-02-2025T14:34:08 - [MESSAGE][INFO] - Finding Test Object 'Object Repository/ANEF_Eloignement_V_Nawres/Page_Ajouter_Decision/btn_Confirmer_Ajout_Notification'

14-02-2025T14:34:08 - [MESSAGE][INFO] - Checking object

14-02-2025T14:34:08 - [MESSAGE][INFO] - Checking timeout

14-02-2025T14:34:08 - [MESSAGE][INFO] - Finding web element from Test Object's properties

14-02-2025T14:34:08 - [MESSAGE][INFO] - Checking timeout

14-02-2025T14:34:08 - [MESSAGE][INFO] - Finding web element with id: 'Object Repository/ANEF_Eloignement_V_Nawres/Page_Ajouter_Decision/btn_Confirmer_Ajout_Notification' located by 'By.xpath: //app-notification-modal//button[contains(text(),"Confirmer l'ajout")]' in '100' second(s)

14-02-2025T14:34:08 - [MESSAGE][INFO] - Found 1 web elements with id: 'Object Repository/ANEF_Eloignement_V_Nawres/Page_Ajouter_Decision/btn_Confirmer_Ajout_Notification' located by 'By.xpath: //app-notification-modal//button[contains(text(),"Confirmer l'ajout")]' in '100' second(s)

14-02-2025T14:34:08 - [MESSAGE][INFO] - Scrolling to object 'Object Repository/ANEF_Eloignement_V_Nawres/Page_Ajouter_Decision/btn_Confirmer_Ajout_Notification'

14-02-2025T14:34:08 - [MESSAGE][PASSED] - Scroll to object 'Object Repository/ANEF_Eloignement_V_Nawres/Page_Ajouter_Decision/btn_Confirmer_Ajout_Notification' successfully

14-02-2025T14:34:08 - [TEST_STEP][PASSED] - click(findTestObject("Object Repository/ANEF_Eloignement_V_Nawres/Page_Ajouter_Decision/btn_Confirmer_Ajout_Notification"), STOP_ON_FAILURE): Object: 'Object Repository/ANEF_Eloignement_V_Nawres/Page_Ajouter_Decision/btn_Confirmer_Ajout_Notification' is clicked on

14-02-2025T14:34:08 - [MESSAGE][INFO] - Finding Test Object 'Object Repository/ANEF_Eloignement_V_Nawres/Page_Ajouter_Decision/btn_Confirmer_Ajout_Notification'

14-02-2025T14:34:08 - [MESSAGE][INFO] - Checking timeout

14-02-2025T14:34:08 - [MESSAGE][INFO] - Finding web element with id: 'Object Repository/ANEF_Eloignement_V_Nawres/Page_Ajouter_Decision/btn_Confirmer_Ajout_Notification' located by 'By.xpath: //app-notification-modal//button[contains(text(),"Confirmer l'ajout")]' in '20' second(s)

14-02-2025T14:34:08 - [MESSAGE][INFO] - Found 1 web elements with id: 'Object Repository/ANEF_Eloignement_V_Nawres/Page_Ajouter_Decision/btn_Confirmer_Ajout_Notification' located by 'By.xpath: //app-notification-modal//button[contains(text(),"Confirmer l'ajout")]' in '20' second(s)

14-02-2025T14:34:08 - [MESSAGE][INFO] - Checking object

14-02-2025T14:34:08 - [MESSAGE][INFO] - Checking timeout

14-02-2025T14:34:08 - [MESSAGE][INFO] - Finding web element from Test Object's properties

14-02-2025T14:34:08 - [MESSAGE][INFO] - Checking timeout

14-02-2025T14:34:08 - [MESSAGE][INFO] - Finding web element with id: 'Object Repository/ANEF_Eloignement_V_Nawres/Page_Ajouter_Decision/btn_Confirmer_Ajout_Notification' located by 'By.xpath: //app-notification-modal//button[contains(text(),"Confirmer l'ajout")]' in '100' second(s)

14-02-2025T14:34:08 - [MESSAGE][INFO] - Found 1 web elements with id: 'Object Repository/ANEF_Eloignement_V_Nawres/Page_Ajouter_Decision/btn_Confirmer_Ajout_Notification' located by 'By.xpath: //app-notification-modal//button[contains(text(),"Confirmer l'ajout")]' in '100' second(s)

14-02-2025T14:34:08 - [MESSAGE][INFO] - Clicking on object: 'Object Repository/ANEF_Eloignement_V_Nawres/Page_Ajouter_Decision/btn_Confirmer_Ajout_Notification'

14-02-2025T14:34:09 - [MESSAGE][PASSED] - Object: 'Object Repository/ANEF_Eloignement_V_Nawres/Page_Ajouter_Decision/btn_Confirmer_Ajout_Notification' is clicked on

14-02-2025T14:34:09 - [TEST_STEP][PASSED] - waitForElementClickable(findTestObject("Object Repository/ANEF_Eloignement_V_Nawres/Page_Ajouter_Decision/btn_Enregistrer"), 7, STOP_ON_FAILURE): Object 'Object Repository/ANEF_Eloignement_V_Nawres/Page_Ajouter_Decision/btn_Enregistrer' is clickable

14-02-2025T14:34:09 - [MESSAGE][INFO] - Finding Test Object 'Object Repository/ANEF_Eloignement_V_Nawres/Page_Ajouter_Decision/btn_Enregistrer'

14-02-2025T14:34:09 - [MESSAGE][INFO] - Checking object

14-02-2025T14:34:09 - [MESSAGE][INFO] - Checking timeout

14-02-2025T14:34:09 - [MESSAGE][INFO] - Finding web element from Test Object's properties

14-02-2025T14:34:09 - [MESSAGE][INFO] - Checking timeout

14-02-2025T14:34:09 - [MESSAGE][INFO] - Finding web element with id: 'Object Repository/ANEF_Eloignement_V_Nawres/Page_Ajouter_Decision/btn_Enregistrer' located by 'By.xpath: //button[contains(text(),"Enregistrer")]' in '7' second(s)

14-02-2025T14:34:09 - [MESSAGE][INFO] - Found 1 web elements with id: 'Object Repository/ANEF_Eloignement_V_Nawres/Page_Ajouter_Decision/btn_Enregistrer' located by 'By.xpath: //button[contains(text(),"Enregistrer")]' in '7' second(s)

14-02-2025T14:34:09 - [MESSAGE][PASSED] - Object 'Object Repository/ANEF_Eloignement_V_Nawres/Page_Ajouter_Decision/btn_Enregistrer' is clickable

14-02-2025T14:34:09 - [MESSAGE][PASSED] - Call Test Case 'Test Cases/Test Reutilisable/Main/ANEF_Eloignement_V_Nawres/ANEF_Ajouter_Decision' successfully

14-02-2025T14:34:12 - [TEST_STEP][PASSED] - Video: Video recording for test case 'Test Cases/Cas D Utilisations/ANEF_Eloignement_V_Nawres/TC_ANEF_Eloignement' .

14-02-2025T14:34:12 - [MESSAGE][INFO] - Video recording for test case 'Test Cases/Cas D Utilisations/ANEF_Eloignement_V_Nawres/TC_ANEF_Eloignement' .]]></system-out>
         <system-err><![CDATA[]]></system-err>
      </testcase>
      <testcase name="Test Cases/Cas D Utilisations/ANEF_Eloignement_V_Nawres/TC_ANEF_Eloignement" time="81.597" classname="Test Cases/Cas D Utilisations/ANEF_Eloignement_V_Nawres/TC_ANEF_Eloignement" status="PASSED">
         <system-out><![CDATA[14-02-2025T14:34:12 - [TEST_CASE][PASSED] - Test Cases/Cas D Utilisations/ANEF_Eloignement_V_Nawres/TC_ANEF_Eloignement: Test Cases/Cas D Utilisations/ANEF_Eloignement_V_Nawres/TC_ANEF_Eloignement

14-02-2025T14:34:12 - [TEST_STEP][PASSED] - callTestCase(findTestCase("Test Cases/Test Reutilisable/Main/ANEF_Eloignement_V_Nawres/ANEF_Lancer_URL_ANEF"), ["Profiles":Profiles, "EnvExec":EnvExec], STOP_ON_FAILURE): Call Test Case 'Test Cases/Test Reutilisable/Main/ANEF_Eloignement_V_Nawres/ANEF_Lancer_URL_ANEF' successfully

14-02-2025T14:34:12 - [MESSAGE][INFO] - Checking called Test Case

14-02-2025T14:34:12 - [MESSAGE][INFO] - Starting to call Test Case 'Test Cases/Test Reutilisable/Main/ANEF_Eloignement_V_Nawres/ANEF_Lancer_URL_ANEF'

14-02-2025T14:34:12 - [TEST_CASE][PASSED] - Test Cases/Test Reutilisable/Main/ANEF_Eloignement_V_Nawres/ANEF_Lancer_URL_ANEF: Test Cases/Test Reutilisable/Main/ANEF_Eloignement_V_Nawres/ANEF_Lancer_URL_ANEF

14-02-2025T14:34:12 - [TEST_STEP][PASSED] - "Call Highlight.on() automatically": null

14-02-2025T14:34:12 - [TEST_STEP][PASSED] - projDir = getProjectDir(): null

14-02-2025T14:34:12 - [TEST_STEP][PASSED] - RunBrowserConfiguration = getExecutionProperties(): null

14-02-2025T14:34:12 - [TEST_STEP][PASSED] - DriverName = get("WebUI").get("browserType"): null

14-02-2025T14:34:12 - [TEST_STEP][PASSED] - println("DriverName :" + DriverName): null

14-02-2025T14:34:12 - [TEST_STEP][PASSED] - println("Driverpath :" + RunBrowserConfiguration.get("drivers")): null

14-02-2025T14:34:12 - [TEST_STEP][PASSED] - if (Profiles == "Usager"): null

14-02-2025T14:34:12 - [TEST_STEP][PASSED] - if (Profiles == "Agent"): Current window maximized

14-02-2025T14:34:12 - [TEST_STEP][PASSED] - if (EnvExec == "URLPortailAgentQualif"): null

14-02-2025T14:34:12 - [TEST_STEP][PASSED] - if (EnvExec == "URLPortailAgentPreProd"): Browser is opened with url: 'https://preprod.siaef.dgef.interieur.gouv.fr/sejour/#/accueil'

14-02-2025T14:34:12 - [TEST_STEP][PASSED] - openBrowser(URLPortailAgentPreProd): Browser is opened with url: 'https://preprod.siaef.dgef.interieur.gouv.fr/sejour/#/accueil'

14-02-2025T14:34:12 - [MESSAGE][INFO] - Opening browser

14-02-2025T14:34:12 - [MESSAGE][WARNING] - A browser is already opened. Closing browser and opening a new one

14-02-2025T14:34:12 - [MESSAGE][INFO] - Starting 'Chrome' driver

14-02-2025T14:34:12 - [MESSAGE][INFO] - User set preference: ['args', '[--incognito, --disable-search-engine-choice-screen, --enable-automation, --disable-save-password-bubble, --start-maximized, --remote-allow-origins=*]']

14-02-2025T14:34:12 - [MESSAGE][INFO] - User set preference: ['prefs', '{download.default_directory=${GlobalVariable.downloadPath}, download_dir=${GlobalVariable.downloadPath}, download.prompt_for_download=false}']

14-02-2025T14:34:12 - [MESSAGE][INFO] - User set preference: ['loggingPrefs', '{browser=ALL}']

14-02-2025T14:34:12 - [MESSAGE][INFO] - Action delay is set to 1â€¯000 milliseconds

14-02-2025T14:34:15 - [MESSAGE][INFO] - Navigating browser to: 'https://preprod.siaef.dgef.interieur.gouv.fr/sejour/#/accueil'

14-02-2025T14:34:16 - [MESSAGE][PASSED] - Browser is opened with url: 'https://preprod.siaef.dgef.interieur.gouv.fr/sejour/#/accueil'

14-02-2025T14:34:16 - [TEST_STEP][PASSED] - maximizeWindow(): Current window maximized

14-02-2025T14:34:16 - [MESSAGE][INFO] - Maximizing current window

14-02-2025T14:34:16 - [MESSAGE][PASSED] - Current window maximized

14-02-2025T14:34:16 - [MESSAGE][PASSED] - Call Test Case 'Test Cases/Test Reutilisable/Main/ANEF_Eloignement_V_Nawres/ANEF_Lancer_URL_ANEF' successfully

14-02-2025T14:34:16 - [TEST_STEP][PASSED] - callTestCase(findTestCase("Test Cases/Test Reutilisable/Main/ANEF_Eloignement_V_Nawres/ANEF_Identification"), ["Profiles":Profiles, "IdentifiantAgent":IdentifiantAgent, "PwAgent":PwAgent, "EnvExec":EnvExec], STOP_ON_FAILURE): Call Test Case 'Test Cases/Test Reutilisable/Main/ANEF_Eloignement_V_Nawres/ANEF_Identification' successfully

14-02-2025T14:34:16 - [MESSAGE][INFO] - Checking called Test Case

14-02-2025T14:34:16 - [MESSAGE][INFO] - Starting to call Test Case 'Test Cases/Test Reutilisable/Main/ANEF_Eloignement_V_Nawres/ANEF_Identification'

14-02-2025T14:34:17 - [TEST_CASE][PASSED] - Test Cases/Test Reutilisable/Main/ANEF_Eloignement_V_Nawres/ANEF_Identification: Test Cases/Test Reutilisable/Main/ANEF_Eloignement_V_Nawres/ANEF_Identification

14-02-2025T14:34:17 - [TEST_STEP][PASSED] - com.kazurayam.ksbackyard.HighlightElement.pandemic(): com.kazurayam.ksbackyard.HighlightElement.pandemic is PASSED

14-02-2025T14:34:17 - [MESSAGE][PASSED] - com.kazurayam.ksbackyard.HighlightElement.pandemic is PASSED

14-02-2025T14:34:17 - [TEST_STEP][PASSED] - if (Profiles == "Usager"): null

14-02-2025T14:34:17 - [TEST_STEP][PASSED] - if (Profiles == "Agent"): Object: 'Object Repository/ANEF_Eloignement_V_Nawres/Page_ANEF_Connexion/btn_Valider_Conx_Agent' is clicked on

14-02-2025T14:34:17 - [TEST_STEP][PASSED] - if (EnvExec == "URLPortailAgentQualif"): null

14-02-2025T14:34:17 - [TEST_STEP][PASSED] - if (EnvExec == "URLPortailAgentPreProd"): Text 'Natali123456!' is set on object 'Object Repository/ANEF_Eloignement_V_Nawres/Page_ANEF_Connexion/Input_PasswordAgent'

14-02-2025T14:34:17 - [TEST_STEP][PASSED] - setText(findTestObject("Object Repository/ANEF_Eloignement_V_Nawres/Page_ANEF_Connexion/Input_UserNameAgent"), IdentifiantAgent): Text 'test.gpe+970@outlook.fr' is set on object 'Object Repository/ANEF_Eloignement_V_Nawres/Page_ANEF_Connexion/Input_UserNameAgent'

14-02-2025T14:34:17 - [MESSAGE][INFO] - Finding Test Object 'Object Repository/ANEF_Eloignement_V_Nawres/Page_ANEF_Connexion/Input_UserNameAgent'

14-02-2025T14:34:17 - [MESSAGE][INFO] - Checking timeout

14-02-2025T14:34:17 - [MESSAGE][INFO] - Finding web element with id: 'Object Repository/ANEF_Eloignement_V_Nawres/Page_ANEF_Connexion/Input_UserNameAgent' located by 'By.xpath: //*[@aria-labelledby="username-label"]|//*[@id="login"]' in '20' second(s)

14-02-2025T14:34:17 - [MESSAGE][INFO] - Found 1 web elements with id: 'Object Repository/ANEF_Eloignement_V_Nawres/Page_ANEF_Connexion/Input_UserNameAgent' located by 'By.xpath: //*[@aria-labelledby="username-label"]|//*[@id="login"]' in '20' second(s)

14-02-2025T14:34:17 - [MESSAGE][INFO] - Checking object

14-02-2025T14:34:17 - [MESSAGE][INFO] - Checking text

14-02-2025T14:34:17 - [MESSAGE][INFO] - Finding web element from Test Object's properties

14-02-2025T14:34:17 - [MESSAGE][INFO] - Checking timeout

14-02-2025T14:34:17 - [MESSAGE][INFO] - Finding web element with id: 'Object Repository/ANEF_Eloignement_V_Nawres/Page_ANEF_Connexion/Input_UserNameAgent' located by 'By.xpath: //*[@aria-labelledby="username-label"]|//*[@id="login"]' in '100' second(s)

14-02-2025T14:34:17 - [MESSAGE][INFO] - Found 1 web elements with id: 'Object Repository/ANEF_Eloignement_V_Nawres/Page_ANEF_Connexion/Input_UserNameAgent' located by 'By.xpath: //*[@aria-labelledby="username-label"]|//*[@id="login"]' in '100' second(s)

14-02-2025T14:34:17 - [MESSAGE][INFO] - Clearing text of object 'Object Repository/ANEF_Eloignement_V_Nawres/Page_ANEF_Connexion/Input_UserNameAgent'

14-02-2025T14:34:18 - [MESSAGE][INFO] - Finding web element from Test Object's properties

14-02-2025T14:34:18 - [MESSAGE][INFO] - Checking timeout

14-02-2025T14:34:18 - [MESSAGE][INFO] - Finding web element with id: 'Object Repository/ANEF_Eloignement_V_Nawres/Page_ANEF_Connexion/Input_UserNameAgent' located by 'By.xpath: //*[@aria-labelledby="username-label"]|//*[@id="login"]' in '100' second(s)

14-02-2025T14:34:18 - [MESSAGE][INFO] - Found 1 web elements with id: 'Object Repository/ANEF_Eloignement_V_Nawres/Page_ANEF_Connexion/Input_UserNameAgent' located by 'By.xpath: //*[@aria-labelledby="username-label"]|//*[@id="login"]' in '100' second(s)

14-02-2025T14:34:18 - [MESSAGE][INFO] - Setting text of object 'Object Repository/ANEF_Eloignement_V_Nawres/Page_ANEF_Connexion/Input_UserNameAgent' to value 'test.gpe+970@outlook.fr'

14-02-2025T14:34:19 - [MESSAGE][PASSED] - Text 'test.gpe+970@outlook.fr' is set on object 'Object Repository/ANEF_Eloignement_V_Nawres/Page_ANEF_Connexion/Input_UserNameAgent'

14-02-2025T14:34:19 - [TEST_STEP][PASSED] - setText(findTestObject("Object Repository/ANEF_Eloignement_V_Nawres/Page_ANEF_Connexion/Input_PasswordAgent"), PwAgent): Text 'Natali123456!' is set on object 'Object Repository/ANEF_Eloignement_V_Nawres/Page_ANEF_Connexion/Input_PasswordAgent'

14-02-2025T14:34:19 - [MESSAGE][INFO] - Finding Test Object 'Object Repository/ANEF_Eloignement_V_Nawres/Page_ANEF_Connexion/Input_PasswordAgent'

14-02-2025T14:34:19 - [MESSAGE][INFO] - Checking timeout

14-02-2025T14:34:19 - [MESSAGE][INFO] - Finding web element with id: 'Object Repository/ANEF_Eloignement_V_Nawres/Page_ANEF_Connexion/Input_PasswordAgent' located by 'By.xpath: //*[@aria-labelledby="password-label"]|//*[@id="password"]' in '20' second(s)

14-02-2025T14:34:19 - [MESSAGE][INFO] - Found 1 web elements with id: 'Object Repository/ANEF_Eloignement_V_Nawres/Page_ANEF_Connexion/Input_PasswordAgent' located by 'By.xpath: //*[@aria-labelledby="password-label"]|//*[@id="password"]' in '20' second(s)

14-02-2025T14:34:19 - [MESSAGE][INFO] - Checking object

14-02-2025T14:34:19 - [MESSAGE][INFO] - Checking text

14-02-2025T14:34:19 - [MESSAGE][INFO] - Finding web element from Test Object's properties

14-02-2025T14:34:19 - [MESSAGE][INFO] - Checking timeout

14-02-2025T14:34:19 - [MESSAGE][INFO] - Finding web element with id: 'Object Repository/ANEF_Eloignement_V_Nawres/Page_ANEF_Connexion/Input_PasswordAgent' located by 'By.xpath: //*[@aria-labelledby="password-label"]|//*[@id="password"]' in '100' second(s)

14-02-2025T14:34:19 - [MESSAGE][INFO] - Found 1 web elements with id: 'Object Repository/ANEF_Eloignement_V_Nawres/Page_ANEF_Connexion/Input_PasswordAgent' located by 'By.xpath: //*[@aria-labelledby="password-label"]|//*[@id="password"]' in '100' second(s)

14-02-2025T14:34:19 - [MESSAGE][INFO] - Clearing text of object 'Object Repository/ANEF_Eloignement_V_Nawres/Page_ANEF_Connexion/Input_PasswordAgent'

14-02-2025T14:34:20 - [MESSAGE][INFO] - Finding web element from Test Object's properties

14-02-2025T14:34:20 - [MESSAGE][INFO] - Checking timeout

14-02-2025T14:34:20 - [MESSAGE][INFO] - Finding web element with id: 'Object Repository/ANEF_Eloignement_V_Nawres/Page_ANEF_Connexion/Input_PasswordAgent' located by 'By.xpath: //*[@aria-labelledby="password-label"]|//*[@id="password"]' in '100' second(s)

14-02-2025T14:34:20 - [MESSAGE][INFO] - Found 1 web elements with id: 'Object Repository/ANEF_Eloignement_V_Nawres/Page_ANEF_Connexion/Input_PasswordAgent' located by 'By.xpath: //*[@aria-labelledby="password-label"]|//*[@id="password"]' in '100' second(s)

14-02-2025T14:34:20 - [MESSAGE][INFO] - Setting text of object 'Object Repository/ANEF_Eloignement_V_Nawres/Page_ANEF_Connexion/Input_PasswordAgent' to value 'Natali123456!'

14-02-2025T14:34:22 - [MESSAGE][PASSED] - Text 'Natali123456!' is set on object 'Object Repository/ANEF_Eloignement_V_Nawres/Page_ANEF_Connexion/Input_PasswordAgent'

14-02-2025T14:34:22 - [TEST_STEP][PASSED] - click(findTestObject("Object Repository/ANEF_Eloignement_V_Nawres/Page_ANEF_Connexion/btn_Valider_Conx_Agent")): Object: 'Object Repository/ANEF_Eloignement_V_Nawres/Page_ANEF_Connexion/btn_Valider_Conx_Agent' is clicked on

14-02-2025T14:34:22 - [MESSAGE][INFO] - Finding Test Object 'Object Repository/ANEF_Eloignement_V_Nawres/Page_ANEF_Connexion/btn_Valider_Conx_Agent'

14-02-2025T14:34:22 - [MESSAGE][INFO] - Checking timeout

14-02-2025T14:34:22 - [MESSAGE][INFO] - Finding web element with id: 'Object Repository/ANEF_Eloignement_V_Nawres/Page_ANEF_Connexion/btn_Valider_Conx_Agent' located by 'By.xpath: //*[@label="Valider"]|//*[@id="btn-login"]' in '20' second(s)

14-02-2025T14:34:22 - [MESSAGE][INFO] - Found 1 web elements with id: 'Object Repository/ANEF_Eloignement_V_Nawres/Page_ANEF_Connexion/btn_Valider_Conx_Agent' located by 'By.xpath: //*[@label="Valider"]|//*[@id="btn-login"]' in '20' second(s)

14-02-2025T14:34:22 - [MESSAGE][INFO] - Checking object

14-02-2025T14:34:22 - [MESSAGE][INFO] - Checking timeout

14-02-2025T14:34:22 - [MESSAGE][INFO] - Finding web element from Test Object's properties

14-02-2025T14:34:22 - [MESSAGE][INFO] - Checking timeout

14-02-2025T14:34:22 - [MESSAGE][INFO] - Finding web element with id: 'Object Repository/ANEF_Eloignement_V_Nawres/Page_ANEF_Connexion/btn_Valider_Conx_Agent' located by 'By.xpath: //*[@label="Valider"]|//*[@id="btn-login"]' in '100' second(s)

14-02-2025T14:34:22 - [MESSAGE][INFO] - Found 1 web elements with id: 'Object Repository/ANEF_Eloignement_V_Nawres/Page_ANEF_Connexion/btn_Valider_Conx_Agent' located by 'By.xpath: //*[@label="Valider"]|//*[@id="btn-login"]' in '100' second(s)

14-02-2025T14:34:22 - [MESSAGE][INFO] - Clicking on object: 'Object Repository/ANEF_Eloignement_V_Nawres/Page_ANEF_Connexion/btn_Valider_Conx_Agent'

14-02-2025T14:34:23 - [MESSAGE][PASSED] - Object: 'Object Repository/ANEF_Eloignement_V_Nawres/Page_ANEF_Connexion/btn_Valider_Conx_Agent' is clicked on

14-02-2025T14:34:23 - [TEST_STEP][PASSED] - delay(5): Delayed 5 second(s)

14-02-2025T14:34:23 - [MESSAGE][INFO] - Delaying browser in 5 second(s)

14-02-2025T14:34:28 - [MESSAGE][PASSED] - Delayed 5 second(s)

14-02-2025T14:34:28 - [TEST_STEP][PASSED] - verifyElementPresent(findTestObject("Object Repository/ANEF_Eloignement_V_Nawres/Page_Accueil_Principale/btn_ANEF_Eloignement"), 1, STOP_ON_FAILURE): Object 'Object Repository/ANEF_Eloignement_V_Nawres/Page_Accueil_Principale/btn_ANEF_Eloignement' is present

14-02-2025T14:34:28 - [MESSAGE][INFO] - Finding Test Object 'Object Repository/ANEF_Eloignement_V_Nawres/Page_Accueil_Principale/btn_ANEF_Eloignement'

14-02-2025T14:34:28 - [MESSAGE][INFO] - Checking object

14-02-2025T14:34:28 - [MESSAGE][INFO] - Finding web element from Test Object's properties

14-02-2025T14:34:28 - [MESSAGE][INFO] - Checking timeout

14-02-2025T14:34:28 - [MESSAGE][INFO] - Finding web element with id: 'Object Repository/ANEF_Eloignement_V_Nawres/Page_Accueil_Principale/btn_ANEF_Eloignement' located by 'By.xpath: //span[contains(text()," ANEF Ã©loignement ")]' in '1' second(s)

14-02-2025T14:34:28 - [MESSAGE][INFO] - Found 1 web elements with id: 'Object Repository/ANEF_Eloignement_V_Nawres/Page_Accueil_Principale/btn_ANEF_Eloignement' located by 'By.xpath: //span[contains(text()," ANEF Ã©loignement ")]' in '1' second(s)

14-02-2025T14:34:28 - [MESSAGE][PASSED] - Object 'Object Repository/ANEF_Eloignement_V_Nawres/Page_Accueil_Principale/btn_ANEF_Eloignement' is present

14-02-2025T14:34:28 - [MESSAGE][PASSED] - Call Test Case 'Test Cases/Test Reutilisable/Main/ANEF_Eloignement_V_Nawres/ANEF_Identification' successfully

14-02-2025T14:34:28 - [TEST_STEP][PASSED] - callTestCase(findTestCase("Test Cases/Test Reutilisable/Main/ANEF_Eloignement_V_Nawres/ANEF_Creation_ou_Recherche_Dossier"), ["CreationOuRecherche":CreationOuRecherche, "NumeroEtranger":NumeroEtranger], STOP_ON_FAILURE): Call Test Case 'Test Cases/Test Reutilisable/Main/ANEF_Eloignement_V_Nawres/ANEF_Creation_ou_Recherche_Dossier' successfully

14-02-2025T14:34:28 - [MESSAGE][INFO] - Checking called Test Case

14-02-2025T14:34:28 - [MESSAGE][INFO] - Starting to call Test Case 'Test Cases/Test Reutilisable/Main/ANEF_Eloignement_V_Nawres/ANEF_Creation_ou_Recherche_Dossier'

14-02-2025T14:34:28 - [TEST_CASE][PASSED] - Test Cases/Test Reutilisable/Main/ANEF_Eloignement_V_Nawres/ANEF_Creation_ou_Recherche_Dossier: Test Cases/Test Reutilisable/Main/ANEF_Eloignement_V_Nawres/ANEF_Creation_ou_Recherche_Dossier

14-02-2025T14:34:28 - [TEST_STEP][PASSED] - click(findTestObject("Object Repository/ANEF_Eloignement_V_Nawres/Page_Accueil_Principale/btn_ANEF_Eloignement")): Object: 'Object Repository/ANEF_Eloignement_V_Nawres/Page_Accueil_Principale/btn_ANEF_Eloignement' is clicked on

14-02-2025T14:34:28 - [MESSAGE][INFO] - Finding Test Object 'Object Repository/ANEF_Eloignement_V_Nawres/Page_Accueil_Principale/btn_ANEF_Eloignement'

14-02-2025T14:34:28 - [MESSAGE][INFO] - Checking timeout

14-02-2025T14:34:28 - [MESSAGE][INFO] - Finding web element with id: 'Object Repository/ANEF_Eloignement_V_Nawres/Page_Accueil_Principale/btn_ANEF_Eloignement' located by 'By.xpath: //span[contains(text()," ANEF Ã©loignement ")]' in '20' second(s)

14-02-2025T14:34:28 - [MESSAGE][INFO] - Found 1 web elements with id: 'Object Repository/ANEF_Eloignement_V_Nawres/Page_Accueil_Principale/btn_ANEF_Eloignement' located by 'By.xpath: //span[contains(text()," ANEF Ã©loignement ")]' in '20' second(s)

14-02-2025T14:34:28 - [MESSAGE][INFO] - Checking object

14-02-2025T14:34:28 - [MESSAGE][INFO] - Checking timeout

14-02-2025T14:34:28 - [MESSAGE][INFO] - Finding web element from Test Object's properties

14-02-2025T14:34:28 - [MESSAGE][INFO] - Checking timeout

14-02-2025T14:34:28 - [MESSAGE][INFO] - Finding web element with id: 'Object Repository/ANEF_Eloignement_V_Nawres/Page_Accueil_Principale/btn_ANEF_Eloignement' located by 'By.xpath: //span[contains(text()," ANEF Ã©loignement ")]' in '100' second(s)

14-02-2025T14:34:28 - [MESSAGE][INFO] - Found 1 web elements with id: 'Object Repository/ANEF_Eloignement_V_Nawres/Page_Accueil_Principale/btn_ANEF_Eloignement' located by 'By.xpath: //span[contains(text()," ANEF Ã©loignement ")]' in '100' second(s)

14-02-2025T14:34:28 - [MESSAGE][INFO] - Clicking on object: 'Object Repository/ANEF_Eloignement_V_Nawres/Page_Accueil_Principale/btn_ANEF_Eloignement'

14-02-2025T14:34:31 - [MESSAGE][PASSED] - Object: 'Object Repository/ANEF_Eloignement_V_Nawres/Page_Accueil_Principale/btn_ANEF_Eloignement' is clicked on

14-02-2025T14:34:31 - [TEST_STEP][PASSED] - verifyElementPresent(findTestObject("Object Repository/ANEF_Eloignement_V_Nawres/Page_Creation_ou_Recherche_Dossier/btn_Rechercher_Dossier"), 1, STOP_ON_FAILURE): Object 'Object Repository/ANEF_Eloignement_V_Nawres/Page_Creation_ou_Recherche_Dossier/btn_Rechercher_Dossier' is present

14-02-2025T14:34:31 - [MESSAGE][INFO] - Finding Test Object 'Object Repository/ANEF_Eloignement_V_Nawres/Page_Creation_ou_Recherche_Dossier/btn_Rechercher_Dossier'

14-02-2025T14:34:31 - [MESSAGE][INFO] - Checking object

14-02-2025T14:34:31 - [MESSAGE][INFO] - Finding web element from Test Object's properties

14-02-2025T14:34:31 - [MESSAGE][INFO] - Checking timeout

14-02-2025T14:34:31 - [MESSAGE][INFO] - Finding web element with id: 'Object Repository/ANEF_Eloignement_V_Nawres/Page_Creation_ou_Recherche_Dossier/btn_Rechercher_Dossier' located by 'By.xpath: //button[@title="Rechercher un dossier"]' in '1' second(s)

14-02-2025T14:34:31 - [MESSAGE][INFO] - Found 1 web elements with id: 'Object Repository/ANEF_Eloignement_V_Nawres/Page_Creation_ou_Recherche_Dossier/btn_Rechercher_Dossier' located by 'By.xpath: //button[@title="Rechercher un dossier"]' in '1' second(s)

14-02-2025T14:34:31 - [MESSAGE][PASSED] - Object 'Object Repository/ANEF_Eloignement_V_Nawres/Page_Creation_ou_Recherche_Dossier/btn_Rechercher_Dossier' is present

14-02-2025T14:34:31 - [TEST_STEP][PASSED] - delay(5): Delayed 5 second(s)

14-02-2025T14:34:31 - [MESSAGE][INFO] - Delaying browser in 5 second(s)

14-02-2025T14:34:36 - [MESSAGE][PASSED] - Delayed 5 second(s)

14-02-2025T14:34:36 - [TEST_STEP][PASSED] - click(findTestObject("Object Repository/ANEF_Eloignement_V_Nawres/Page_Creation_ou_Recherche_Dossier/btn_Rechercher_Dossier")): Object: 'Object Repository/ANEF_Eloignement_V_Nawres/Page_Creation_ou_Recherche_Dossier/btn_Rechercher_Dossier' is clicked on

14-02-2025T14:34:36 - [MESSAGE][INFO] - Finding Test Object 'Object Repository/ANEF_Eloignement_V_Nawres/Page_Creation_ou_Recherche_Dossier/btn_Rechercher_Dossier'

14-02-2025T14:34:36 - [MESSAGE][INFO] - Checking timeout

14-02-2025T14:34:36 - [MESSAGE][INFO] - Finding web element with id: 'Object Repository/ANEF_Eloignement_V_Nawres/Page_Creation_ou_Recherche_Dossier/btn_Rechercher_Dossier' located by 'By.xpath: //button[@title="Rechercher un dossier"]' in '20' second(s)

14-02-2025T14:34:36 - [MESSAGE][INFO] - Found 1 web elements with id: 'Object Repository/ANEF_Eloignement_V_Nawres/Page_Creation_ou_Recherche_Dossier/btn_Rechercher_Dossier' located by 'By.xpath: //button[@title="Rechercher un dossier"]' in '20' second(s)

14-02-2025T14:34:36 - [MESSAGE][INFO] - Checking object

14-02-2025T14:34:36 - [MESSAGE][INFO] - Checking timeout

14-02-2025T14:34:36 - [MESSAGE][INFO] - Finding web element from Test Object's properties

14-02-2025T14:34:36 - [MESSAGE][INFO] - Checking timeout

14-02-2025T14:34:36 - [MESSAGE][INFO] - Finding web element with id: 'Object Repository/ANEF_Eloignement_V_Nawres/Page_Creation_ou_Recherche_Dossier/btn_Rechercher_Dossier' located by 'By.xpath: //button[@title="Rechercher un dossier"]' in '100' second(s)

14-02-2025T14:34:36 - [MESSAGE][INFO] - Found 1 web elements with id: 'Object Repository/ANEF_Eloignement_V_Nawres/Page_Creation_ou_Recherche_Dossier/btn_Rechercher_Dossier' located by 'By.xpath: //button[@title="Rechercher un dossier"]' in '100' second(s)

14-02-2025T14:34:36 - [MESSAGE][INFO] - Clicking on object: 'Object Repository/ANEF_Eloignement_V_Nawres/Page_Creation_ou_Recherche_Dossier/btn_Rechercher_Dossier'

14-02-2025T14:34:38 - [MESSAGE][PASSED] - Object: 'Object Repository/ANEF_Eloignement_V_Nawres/Page_Creation_ou_Recherche_Dossier/btn_Rechercher_Dossier' is clicked on

14-02-2025T14:34:38 - [TEST_STEP][PASSED] - if (CreationOuRecherche == "Creation"): null

14-02-2025T14:34:38 - [TEST_STEP][PASSED] - if (CreationOuRecherche == "Recherche"): Object: 'Object Repository/ANEF_Eloignement_V_Nawres/Page_Creation_ou_Recherche_Dossier/btn_Choisir_Dossier_Etranger' is clicked on

14-02-2025T14:34:38 - [TEST_STEP][PASSED] - setText(findTestObject("Object Repository/ANEF_Eloignement_V_Nawres/Page_Creation_ou_Recherche_Dossier/Input_Numero_etranger"), NumeroEtranger, STOP_ON_FAILURE): Text '7503181980' is set on object 'Object Repository/ANEF_Eloignement_V_Nawres/Page_Creation_ou_Recherche_Dossier/Input_Numero_etranger'

14-02-2025T14:34:38 - [MESSAGE][INFO] - Finding Test Object 'Object Repository/ANEF_Eloignement_V_Nawres/Page_Creation_ou_Recherche_Dossier/Input_Numero_etranger'

14-02-2025T14:34:38 - [MESSAGE][INFO] - Checking timeout

14-02-2025T14:34:38 - [MESSAGE][INFO] - Finding web element with id: 'Object Repository/ANEF_Eloignement_V_Nawres/Page_Creation_ou_Recherche_Dossier/Input_Numero_etranger' located by 'By.xpath: //app-identite-declaree-search-box//div/app-dsfr-input/div/input[@id="identifiant_agdref"]|//app-search-box//div/app-dsfr-input/div/input[@id="identifiant_agdref"]' in '20' second(s)

14-02-2025T14:34:38 - [MESSAGE][INFO] - Found 1 web elements with id: 'Object Repository/ANEF_Eloignement_V_Nawres/Page_Creation_ou_Recherche_Dossier/Input_Numero_etranger' located by 'By.xpath: //app-identite-declaree-search-box//div/app-dsfr-input/div/input[@id="identifiant_agdref"]|//app-search-box//div/app-dsfr-input/div/input[@id="identifiant_agdref"]' in '20' second(s)

14-02-2025T14:34:38 - [MESSAGE][INFO] - Checking object

14-02-2025T14:34:38 - [MESSAGE][INFO] - Checking text

14-02-2025T14:34:38 - [MESSAGE][INFO] - Finding web element from Test Object's properties

14-02-2025T14:34:38 - [MESSAGE][INFO] - Checking timeout

14-02-2025T14:34:38 - [MESSAGE][INFO] - Finding web element with id: 'Object Repository/ANEF_Eloignement_V_Nawres/Page_Creation_ou_Recherche_Dossier/Input_Numero_etranger' located by 'By.xpath: //app-identite-declaree-search-box//div/app-dsfr-input/div/input[@id="identifiant_agdref"]|//app-search-box//div/app-dsfr-input/div/input[@id="identifiant_agdref"]' in '100' second(s)

14-02-2025T14:34:38 - [MESSAGE][INFO] - Found 1 web elements with id: 'Object Repository/ANEF_Eloignement_V_Nawres/Page_Creation_ou_Recherche_Dossier/Input_Numero_etranger' located by 'By.xpath: //app-identite-declaree-search-box//div/app-dsfr-input/div/input[@id="identifiant_agdref"]|//app-search-box//div/app-dsfr-input/div/input[@id="identifiant_agdref"]' in '100' second(s)

14-02-2025T14:34:38 - [MESSAGE][INFO] - Clearing text of object 'Object Repository/ANEF_Eloignement_V_Nawres/Page_Creation_ou_Recherche_Dossier/Input_Numero_etranger'

14-02-2025T14:34:39 - [MESSAGE][INFO] - Finding web element from Test Object's properties

14-02-2025T14:34:39 - [MESSAGE][INFO] - Checking timeout

14-02-2025T14:34:39 - [MESSAGE][INFO] - Finding web element with id: 'Object Repository/ANEF_Eloignement_V_Nawres/Page_Creation_ou_Recherche_Dossier/Input_Numero_etranger' located by 'By.xpath: //app-identite-declaree-search-box//div/app-dsfr-input/div/input[@id="identifiant_agdref"]|//app-search-box//div/app-dsfr-input/div/input[@id="identifiant_agdref"]' in '100' second(s)

14-02-2025T14:34:39 - [MESSAGE][INFO] - Found 1 web elements with id: 'Object Repository/ANEF_Eloignement_V_Nawres/Page_Creation_ou_Recherche_Dossier/Input_Numero_etranger' located by 'By.xpath: //app-identite-declaree-search-box//div/app-dsfr-input/div/input[@id="identifiant_agdref"]|//app-search-box//div/app-dsfr-input/div/input[@id="identifiant_agdref"]' in '100' second(s)

14-02-2025T14:34:39 - [MESSAGE][INFO] - Setting text of object 'Object Repository/ANEF_Eloignement_V_Nawres/Page_Creation_ou_Recherche_Dossier/Input_Numero_etranger' to value '7503181980'

14-02-2025T14:34:40 - [MESSAGE][PASSED] - Text '7503181980' is set on object 'Object Repository/ANEF_Eloignement_V_Nawres/Page_Creation_ou_Recherche_Dossier/Input_Numero_etranger'

14-02-2025T14:34:40 - [TEST_STEP][PASSED] - click(findTestObject("Object Repository/ANEF_Eloignement_V_Nawres/Page_Creation_ou_Recherche_Dossier/Input_Numero_etranger"), STOP_ON_FAILURE): Object: 'Object Repository/ANEF_Eloignement_V_Nawres/Page_Creation_ou_Recherche_Dossier/Input_Numero_etranger' is clicked on

14-02-2025T14:34:40 - [MESSAGE][INFO] - Finding Test Object 'Object Repository/ANEF_Eloignement_V_Nawres/Page_Creation_ou_Recherche_Dossier/Input_Numero_etranger'

14-02-2025T14:34:40 - [MESSAGE][INFO] - Checking timeout

14-02-2025T14:34:40 - [MESSAGE][INFO] - Finding web element with id: 'Object Repository/ANEF_Eloignement_V_Nawres/Page_Creation_ou_Recherche_Dossier/Input_Numero_etranger' located by 'By.xpath: //app-identite-declaree-search-box//div/app-dsfr-input/div/input[@id="identifiant_agdref"]|//app-search-box//div/app-dsfr-input/div/input[@id="identifiant_agdref"]' in '20' second(s)

14-02-2025T14:34:40 - [MESSAGE][INFO] - Found 1 web elements with id: 'Object Repository/ANEF_Eloignement_V_Nawres/Page_Creation_ou_Recherche_Dossier/Input_Numero_etranger' located by 'By.xpath: //app-identite-declaree-search-box//div/app-dsfr-input/div/input[@id="identifiant_agdref"]|//app-search-box//div/app-dsfr-input/div/input[@id="identifiant_agdref"]' in '20' second(s)

14-02-2025T14:34:40 - [MESSAGE][INFO] - Checking object

14-02-2025T14:34:40 - [MESSAGE][INFO] - Checking timeout

14-02-2025T14:34:40 - [MESSAGE][INFO] - Finding web element from Test Object's properties

14-02-2025T14:34:40 - [MESSAGE][INFO] - Checking timeout

14-02-2025T14:34:40 - [MESSAGE][INFO] - Finding web element with id: 'Object Repository/ANEF_Eloignement_V_Nawres/Page_Creation_ou_Recherche_Dossier/Input_Numero_etranger' located by 'By.xpath: //app-identite-declaree-search-box//div/app-dsfr-input/div/input[@id="identifiant_agdref"]|//app-search-box//div/app-dsfr-input/div/input[@id="identifiant_agdref"]' in '100' second(s)

14-02-2025T14:34:40 - [MESSAGE][INFO] - Found 1 web elements with id: 'Object Repository/ANEF_Eloignement_V_Nawres/Page_Creation_ou_Recherche_Dossier/Input_Numero_etranger' located by 'By.xpath: //app-identite-declaree-search-box//div/app-dsfr-input/div/input[@id="identifiant_agdref"]|//app-search-box//div/app-dsfr-input/div/input[@id="identifiant_agdref"]' in '100' second(s)

14-02-2025T14:34:40 - [MESSAGE][INFO] - Clicking on object: 'Object Repository/ANEF_Eloignement_V_Nawres/Page_Creation_ou_Recherche_Dossier/Input_Numero_etranger'

14-02-2025T14:34:41 - [MESSAGE][PASSED] - Object: 'Object Repository/ANEF_Eloignement_V_Nawres/Page_Creation_ou_Recherche_Dossier/Input_Numero_etranger' is clicked on

14-02-2025T14:34:41 - [TEST_STEP][PASSED] - scrollToElement(findTestObject("Object Repository/ANEF_Eloignement_V_Nawres/Page_Creation_ou_Recherche_Dossier/btn_Lancer_La_Recherche"), 5, STOP_ON_FAILURE): Scroll to object 'Object Repository/ANEF_Eloignement_V_Nawres/Page_Creation_ou_Recherche_Dossier/btn_Lancer_La_Recherche' successfully

14-02-2025T14:34:41 - [MESSAGE][INFO] - Finding Test Object 'Object Repository/ANEF_Eloignement_V_Nawres/Page_Creation_ou_Recherche_Dossier/btn_Lancer_La_Recherche'

14-02-2025T14:34:41 - [MESSAGE][INFO] - Checking object

14-02-2025T14:34:41 - [MESSAGE][INFO] - Checking timeout

14-02-2025T14:34:41 - [MESSAGE][INFO] - Finding web element from Test Object's properties

14-02-2025T14:34:41 - [MESSAGE][INFO] - Checking timeout

14-02-2025T14:34:41 - [MESSAGE][INFO] - Finding web element with id: 'Object Repository/ANEF_Eloignement_V_Nawres/Page_Creation_ou_Recherche_Dossier/btn_Lancer_La_Recherche' located by 'By.xpath: //button[contains(text(),"Lancer la recherche ")]' in '100' second(s)

14-02-2025T14:34:41 - [MESSAGE][INFO] - Found 1 web elements with id: 'Object Repository/ANEF_Eloignement_V_Nawres/Page_Creation_ou_Recherche_Dossier/btn_Lancer_La_Recherche' located by 'By.xpath: //button[contains(text(),"Lancer la recherche ")]' in '100' second(s)

14-02-2025T14:34:41 - [MESSAGE][INFO] - Scrolling to object 'Object Repository/ANEF_Eloignement_V_Nawres/Page_Creation_ou_Recherche_Dossier/btn_Lancer_La_Recherche'

14-02-2025T14:34:41 - [MESSAGE][PASSED] - Scroll to object 'Object Repository/ANEF_Eloignement_V_Nawres/Page_Creation_ou_Recherche_Dossier/btn_Lancer_La_Recherche' successfully

14-02-2025T14:34:41 - [TEST_STEP][PASSED] - click(findTestObject("Object Repository/ANEF_Eloignement_V_Nawres/Page_Creation_ou_Recherche_Dossier/btn_Lancer_La_Recherche"), STOP_ON_FAILURE): Object: 'Object Repository/ANEF_Eloignement_V_Nawres/Page_Creation_ou_Recherche_Dossier/btn_Lancer_La_Recherche' is clicked on

14-02-2025T14:34:41 - [MESSAGE][INFO] - Finding Test Object 'Object Repository/ANEF_Eloignement_V_Nawres/Page_Creation_ou_Recherche_Dossier/btn_Lancer_La_Recherche'

14-02-2025T14:34:41 - [MESSAGE][INFO] - Checking timeout

14-02-2025T14:34:41 - [MESSAGE][INFO] - Finding web element with id: 'Object Repository/ANEF_Eloignement_V_Nawres/Page_Creation_ou_Recherche_Dossier/btn_Lancer_La_Recherche' located by 'By.xpath: //button[contains(text(),"Lancer la recherche ")]' in '20' second(s)

14-02-2025T14:34:41 - [MESSAGE][INFO] - Found 1 web elements with id: 'Object Repository/ANEF_Eloignement_V_Nawres/Page_Creation_ou_Recherche_Dossier/btn_Lancer_La_Recherche' located by 'By.xpath: //button[contains(text(),"Lancer la recherche ")]' in '20' second(s)

14-02-2025T14:34:41 - [MESSAGE][INFO] - Checking object

14-02-2025T14:34:41 - [MESSAGE][INFO] - Checking timeout

14-02-2025T14:34:41 - [MESSAGE][INFO] - Finding web element from Test Object's properties

14-02-2025T14:34:41 - [MESSAGE][INFO] - Checking timeout

14-02-2025T14:34:41 - [MESSAGE][INFO] - Finding web element with id: 'Object Repository/ANEF_Eloignement_V_Nawres/Page_Creation_ou_Recherche_Dossier/btn_Lancer_La_Recherche' located by 'By.xpath: //button[contains(text(),"Lancer la recherche ")]' in '100' second(s)

14-02-2025T14:34:41 - [MESSAGE][INFO] - Found 1 web elements with id: 'Object Repository/ANEF_Eloignement_V_Nawres/Page_Creation_ou_Recherche_Dossier/btn_Lancer_La_Recherche' located by 'By.xpath: //button[contains(text(),"Lancer la recherche ")]' in '100' second(s)

14-02-2025T14:34:41 - [MESSAGE][INFO] - Clicking on object: 'Object Repository/ANEF_Eloignement_V_Nawres/Page_Creation_ou_Recherche_Dossier/btn_Lancer_La_Recherche'

14-02-2025T14:34:42 - [MESSAGE][PASSED] - Object: 'Object Repository/ANEF_Eloignement_V_Nawres/Page_Creation_ou_Recherche_Dossier/btn_Lancer_La_Recherche' is clicked on

14-02-2025T14:34:42 - [TEST_STEP][PASSED] - delay(5): Delayed 5 second(s)

14-02-2025T14:34:42 - [MESSAGE][INFO] - Delaying browser in 5 second(s)

14-02-2025T14:34:47 - [MESSAGE][PASSED] - Delayed 5 second(s)

14-02-2025T14:34:47 - [TEST_STEP][PASSED] - scrollToElement(findTestObject("Object Repository/ANEF_Eloignement_V_Nawres/Page_Creation_ou_Recherche_Dossier/btn_Radio_Selectionner_Dossier"), 5, STOP_ON_FAILURE): Scroll to object 'Object Repository/ANEF_Eloignement_V_Nawres/Page_Creation_ou_Recherche_Dossier/btn_Radio_Selectionner_Dossier' successfully

14-02-2025T14:34:47 - [MESSAGE][INFO] - Finding Test Object 'Object Repository/ANEF_Eloignement_V_Nawres/Page_Creation_ou_Recherche_Dossier/btn_Radio_Selectionner_Dossier'

14-02-2025T14:34:47 - [MESSAGE][INFO] - Checking object

14-02-2025T14:34:47 - [MESSAGE][INFO] - Checking timeout

14-02-2025T14:34:47 - [MESSAGE][INFO] - Finding web element from Test Object's properties

14-02-2025T14:34:47 - [MESSAGE][INFO] - Checking timeout

14-02-2025T14:34:47 - [MESSAGE][INFO] - Finding web element with id: 'Object Repository/ANEF_Eloignement_V_Nawres/Page_Creation_ou_Recherche_Dossier/btn_Radio_Selectionner_Dossier' located by 'By.xpath: //app-search-etranger/app-search-result-etranger//table/tbody/tr//label' in '100' second(s)

14-02-2025T14:34:47 - [MESSAGE][INFO] - Found 1 web elements with id: 'Object Repository/ANEF_Eloignement_V_Nawres/Page_Creation_ou_Recherche_Dossier/btn_Radio_Selectionner_Dossier' located by 'By.xpath: //app-search-etranger/app-search-result-etranger//table/tbody/tr//label' in '100' second(s)

14-02-2025T14:34:47 - [MESSAGE][INFO] - Scrolling to object 'Object Repository/ANEF_Eloignement_V_Nawres/Page_Creation_ou_Recherche_Dossier/btn_Radio_Selectionner_Dossier'

14-02-2025T14:34:47 - [MESSAGE][PASSED] - Scroll to object 'Object Repository/ANEF_Eloignement_V_Nawres/Page_Creation_ou_Recherche_Dossier/btn_Radio_Selectionner_Dossier' successfully

14-02-2025T14:34:47 - [TEST_STEP][PASSED] - click(findTestObject("Object Repository/ANEF_Eloignement_V_Nawres/Page_Creation_ou_Recherche_Dossier/btn_Radio_Selectionner_Dossier"), STOP_ON_FAILURE): Object: 'Object Repository/ANEF_Eloignement_V_Nawres/Page_Creation_ou_Recherche_Dossier/btn_Radio_Selectionner_Dossier' is clicked on

14-02-2025T14:34:47 - [MESSAGE][INFO] - Finding Test Object 'Object Repository/ANEF_Eloignement_V_Nawres/Page_Creation_ou_Recherche_Dossier/btn_Radio_Selectionner_Dossier'

14-02-2025T14:34:47 - [MESSAGE][INFO] - Checking timeout

14-02-2025T14:34:47 - [MESSAGE][INFO] - Finding web element with id: 'Object Repository/ANEF_Eloignement_V_Nawres/Page_Creation_ou_Recherche_Dossier/btn_Radio_Selectionner_Dossier' located by 'By.xpath: //app-search-etranger/app-search-result-etranger//table/tbody/tr//label' in '20' second(s)

14-02-2025T14:34:47 - [MESSAGE][INFO] - Found 1 web elements with id: 'Object Repository/ANEF_Eloignement_V_Nawres/Page_Creation_ou_Recherche_Dossier/btn_Radio_Selectionner_Dossier' located by 'By.xpath: //app-search-etranger/app-search-result-etranger//table/tbody/tr//label' in '20' second(s)

14-02-2025T14:34:47 - [MESSAGE][INFO] - Checking object

14-02-2025T14:34:47 - [MESSAGE][INFO] - Checking timeout

14-02-2025T14:34:47 - [MESSAGE][INFO] - Finding web element from Test Object's properties

14-02-2025T14:34:47 - [MESSAGE][INFO] - Checking timeout

14-02-2025T14:34:47 - [MESSAGE][INFO] - Finding web element with id: 'Object Repository/ANEF_Eloignement_V_Nawres/Page_Creation_ou_Recherche_Dossier/btn_Radio_Selectionner_Dossier' located by 'By.xpath: //app-search-etranger/app-search-result-etranger//table/tbody/tr//label' in '100' second(s)

14-02-2025T14:34:47 - [MESSAGE][INFO] - Found 1 web elements with id: 'Object Repository/ANEF_Eloignement_V_Nawres/Page_Creation_ou_Recherche_Dossier/btn_Radio_Selectionner_Dossier' located by 'By.xpath: //app-search-etranger/app-search-result-etranger//table/tbody/tr//label' in '100' second(s)

14-02-2025T14:34:47 - [MESSAGE][INFO] - Clicking on object: 'Object Repository/ANEF_Eloignement_V_Nawres/Page_Creation_ou_Recherche_Dossier/btn_Radio_Selectionner_Dossier'

14-02-2025T14:34:49 - [MESSAGE][PASSED] - Object: 'Object Repository/ANEF_Eloignement_V_Nawres/Page_Creation_ou_Recherche_Dossier/btn_Radio_Selectionner_Dossier' is clicked on

14-02-2025T14:34:49 - [TEST_STEP][PASSED] - click(findTestObject("Object Repository/ANEF_Eloignement_V_Nawres/Page_Creation_ou_Recherche_Dossier/btn_Choisir_Dossier_Etranger"), STOP_ON_FAILURE): Object: 'Object Repository/ANEF_Eloignement_V_Nawres/Page_Creation_ou_Recherche_Dossier/btn_Choisir_Dossier_Etranger' is clicked on

14-02-2025T14:34:49 - [MESSAGE][INFO] - Finding Test Object 'Object Repository/ANEF_Eloignement_V_Nawres/Page_Creation_ou_Recherche_Dossier/btn_Choisir_Dossier_Etranger'

14-02-2025T14:34:49 - [MESSAGE][INFO] - Checking timeout

14-02-2025T14:34:49 - [MESSAGE][INFO] - Finding web element with id: 'Object Repository/ANEF_Eloignement_V_Nawres/Page_Creation_ou_Recherche_Dossier/btn_Choisir_Dossier_Etranger' located by 'By.xpath: //button[contains(text(),"Choisir un dossier Ã©tranger")]' in '20' second(s)

14-02-2025T14:34:49 - [MESSAGE][INFO] - Found 1 web elements with id: 'Object Repository/ANEF_Eloignement_V_Nawres/Page_Creation_ou_Recherche_Dossier/btn_Choisir_Dossier_Etranger' located by 'By.xpath: //button[contains(text(),"Choisir un dossier Ã©tranger")]' in '20' second(s)

14-02-2025T14:34:49 - [MESSAGE][INFO] - Checking object

14-02-2025T14:34:49 - [MESSAGE][INFO] - Checking timeout

14-02-2025T14:34:49 - [MESSAGE][INFO] - Finding web element from Test Object's properties

14-02-2025T14:34:49 - [MESSAGE][INFO] - Checking timeout

14-02-2025T14:34:49 - [MESSAGE][INFO] - Finding web element with id: 'Object Repository/ANEF_Eloignement_V_Nawres/Page_Creation_ou_Recherche_Dossier/btn_Choisir_Dossier_Etranger' located by 'By.xpath: //button[contains(text(),"Choisir un dossier Ã©tranger")]' in '100' second(s)

14-02-2025T14:34:49 - [MESSAGE][INFO] - Found 1 web elements with id: 'Object Repository/ANEF_Eloignement_V_Nawres/Page_Creation_ou_Recherche_Dossier/btn_Choisir_Dossier_Etranger' located by 'By.xpath: //button[contains(text(),"Choisir un dossier Ã©tranger")]' in '100' second(s)

14-02-2025T14:34:49 - [MESSAGE][INFO] - Clicking on object: 'Object Repository/ANEF_Eloignement_V_Nawres/Page_Creation_ou_Recherche_Dossier/btn_Choisir_Dossier_Etranger'

14-02-2025T14:34:50 - [MESSAGE][PASSED] - Object: 'Object Repository/ANEF_Eloignement_V_Nawres/Page_Creation_ou_Recherche_Dossier/btn_Choisir_Dossier_Etranger' is clicked on

14-02-2025T14:34:50 - [MESSAGE][PASSED] - Call Test Case 'Test Cases/Test Reutilisable/Main/ANEF_Eloignement_V_Nawres/ANEF_Creation_ou_Recherche_Dossier' successfully

14-02-2025T14:34:50 - [TEST_STEP][PASSED] - if (CreationOuRecherche == "Creation"): null

14-02-2025T14:34:50 - [TEST_STEP][PASSED] - println(NumeroEtranger): null

14-02-2025T14:34:50 - [TEST_STEP][PASSED] - callTestCase(findTestCase("Test Cases/Test Reutilisable/Main/ANEF_Eloignement_V_Nawres/ANEF_Prendre_Mesure"), ["Mesure":Mesure, "FondementLegal":FondementLegal, "NatureDeLacteExpulsion":NatureDeLacteExpulsion, "NatureDeLacteExpulsion":NatureDeLacteExpulsion, ... ], STOP_ON_FAILURE): Call Test Case 'Test Cases/Test Reutilisable/Main/ANEF_Eloignement_V_Nawres/ANEF_Prendre_Mesure' successfully

14-02-2025T14:34:50 - [MESSAGE][INFO] - Checking called Test Case

14-02-2025T14:34:50 - [MESSAGE][INFO] - Starting to call Test Case 'Test Cases/Test Reutilisable/Main/ANEF_Eloignement_V_Nawres/ANEF_Prendre_Mesure'

14-02-2025T14:34:50 - [TEST_CASE][PASSED] - Test Cases/Test Reutilisable/Main/ANEF_Eloignement_V_Nawres/ANEF_Prendre_Mesure: Test Cases/Test Reutilisable/Main/ANEF_Eloignement_V_Nawres/ANEF_Prendre_Mesure

14-02-2025T14:34:50 - [TEST_STEP][PASSED] - click(findTestObject("Object Repository/ANEF_Eloignement_V_Nawres/Page_Prendre_Mesure/btn_Prendre_Mesure"), STOP_ON_FAILURE): Object: 'Object Repository/ANEF_Eloignement_V_Nawres/Page_Prendre_Mesure/btn_Prendre_Mesure' is clicked on

14-02-2025T14:34:50 - [MESSAGE][INFO] - Finding Test Object 'Object Repository/ANEF_Eloignement_V_Nawres/Page_Prendre_Mesure/btn_Prendre_Mesure'

14-02-2025T14:34:50 - [MESSAGE][INFO] - Checking timeout

14-02-2025T14:34:50 - [MESSAGE][INFO] - Finding web element with id: 'Object Repository/ANEF_Eloignement_V_Nawres/Page_Prendre_Mesure/btn_Prendre_Mesure' located by 'By.xpath: //button[@title="Prendre une Mesure"]' in '20' second(s)

14-02-2025T14:34:50 - [MESSAGE][INFO] - Found 1 web elements with id: 'Object Repository/ANEF_Eloignement_V_Nawres/Page_Prendre_Mesure/btn_Prendre_Mesure' located by 'By.xpath: //button[@title="Prendre une Mesure"]' in '20' second(s)

14-02-2025T14:34:50 - [MESSAGE][INFO] - Checking object

14-02-2025T14:34:50 - [MESSAGE][INFO] - Checking timeout

14-02-2025T14:34:50 - [MESSAGE][INFO] - Finding web element from Test Object's properties

14-02-2025T14:34:50 - [MESSAGE][INFO] - Checking timeout

14-02-2025T14:34:50 - [MESSAGE][INFO] - Finding web element with id: 'Object Repository/ANEF_Eloignement_V_Nawres/Page_Prendre_Mesure/btn_Prendre_Mesure' located by 'By.xpath: //button[@title="Prendre une Mesure"]' in '100' second(s)

14-02-2025T14:34:50 - [MESSAGE][INFO] - Found 1 web elements with id: 'Object Repository/ANEF_Eloignement_V_Nawres/Page_Prendre_Mesure/btn_Prendre_Mesure' located by 'By.xpath: //button[@title="Prendre une Mesure"]' in '100' second(s)

14-02-2025T14:34:50 - [MESSAGE][INFO] - Clicking on object: 'Object Repository/ANEF_Eloignement_V_Nawres/Page_Prendre_Mesure/btn_Prendre_Mesure'

14-02-2025T14:34:52 - [MESSAGE][PASSED] - Object: 'Object Repository/ANEF_Eloignement_V_Nawres/Page_Prendre_Mesure/btn_Prendre_Mesure' is clicked on

14-02-2025T14:34:52 - [TEST_STEP][PASSED] - delay(5): Delayed 5 second(s)

14-02-2025T14:34:52 - [MESSAGE][INFO] - Delaying browser in 5 second(s)

14-02-2025T14:34:57 - [MESSAGE][PASSED] - Delayed 5 second(s)

14-02-2025T14:34:57 - [TEST_STEP][PASSED] - switch (Mesure): null

14-02-2025T14:34:57 - [TEST_STEP][PASSED] - case "RemiseSchengen":: null

14-02-2025T14:34:57 - [TEST_STEP][PASSED] - selectOptionByLabel(findTestObject("Object Repository/ANEF_Eloignement_V_Nawres/Page_Prendre_Mesure/select_Type_Mesure"), "Remise Schengen", false, STOP_ON_FAILURE): All options with label 'Remise Schengen' are selected in object 'Object Repository/ANEF_Eloignement_V_Nawres/Page_Prendre_Mesure/select_Type_Mesure' 

14-02-2025T14:34:57 - [MESSAGE][INFO] - Finding Test Object 'Object Repository/ANEF_Eloignement_V_Nawres/Page_Prendre_Mesure/select_Type_Mesure'

14-02-2025T14:34:57 - [MESSAGE][INFO] - Checking timeout

14-02-2025T14:34:57 - [MESSAGE][INFO] - Finding web element with id: 'Object Repository/ANEF_Eloignement_V_Nawres/Page_Prendre_Mesure/select_Type_Mesure' located by 'By.xpath: //select[@id="typeMesure"]' in '20' second(s)

14-02-2025T14:34:57 - [MESSAGE][INFO] - Found 1 web elements with id: 'Object Repository/ANEF_Eloignement_V_Nawres/Page_Prendre_Mesure/select_Type_Mesure' located by 'By.xpath: //select[@id="typeMesure"]' in '20' second(s)

14-02-2025T14:34:57 - [MESSAGE][INFO] - Checking object

14-02-2025T14:34:57 - [MESSAGE][INFO] - Checking label parameter

14-02-2025T14:34:57 - [MESSAGE][INFO] - Finding web element from Test Object's properties

14-02-2025T14:34:57 - [MESSAGE][INFO] - Checking timeout

14-02-2025T14:34:57 - [MESSAGE][INFO] - Finding web element with id: 'Object Repository/ANEF_Eloignement_V_Nawres/Page_Prendre_Mesure/select_Type_Mesure' located by 'By.xpath: //select[@id="typeMesure"]' in '100' second(s)

14-02-2025T14:34:57 - [MESSAGE][INFO] - Found 1 web elements with id: 'Object Repository/ANEF_Eloignement_V_Nawres/Page_Prendre_Mesure/select_Type_Mesure' located by 'By.xpath: //select[@id="typeMesure"]' in '100' second(s)

14-02-2025T14:34:57 - [MESSAGE][INFO] - Selecting options on object 'Object Repository/ANEF_Eloignement_V_Nawres/Page_Prendre_Mesure/select_Type_Mesure' with label 'Remise Schengen' 

14-02-2025T14:34:58 - [MESSAGE][PASSED] - All options with label 'Remise Schengen' are selected in object 'Object Repository/ANEF_Eloignement_V_Nawres/Page_Prendre_Mesure/select_Type_Mesure' 

14-02-2025T14:34:58 - [TEST_STEP][PASSED] - click(findTestObject("Object Repository/ANEF_Eloignement_V_Nawres/Page_Prendre_Mesure/btn_Confirmer_Mesure"), STOP_ON_FAILURE): Object: 'Object Repository/ANEF_Eloignement_V_Nawres/Page_Prendre_Mesure/btn_Confirmer_Mesure' is clicked on

14-02-2025T14:34:58 - [MESSAGE][INFO] - Finding Test Object 'Object Repository/ANEF_Eloignement_V_Nawres/Page_Prendre_Mesure/btn_Confirmer_Mesure'

14-02-2025T14:34:58 - [MESSAGE][INFO] - Checking timeout

14-02-2025T14:34:58 - [MESSAGE][INFO] - Finding web element with id: 'Object Repository/ANEF_Eloignement_V_Nawres/Page_Prendre_Mesure/btn_Confirmer_Mesure' located by 'By.xpath: //button[@id="btn-confirme-decision"]' in '20' second(s)

14-02-2025T14:34:58 - [MESSAGE][INFO] - Found 1 web elements with id: 'Object Repository/ANEF_Eloignement_V_Nawres/Page_Prendre_Mesure/btn_Confirmer_Mesure' located by 'By.xpath: //button[@id="btn-confirme-decision"]' in '20' second(s)

14-02-2025T14:34:58 - [MESSAGE][INFO] - Checking object

14-02-2025T14:34:58 - [MESSAGE][INFO] - Checking timeout

14-02-2025T14:34:58 - [MESSAGE][INFO] - Finding web element from Test Object's properties

14-02-2025T14:34:58 - [MESSAGE][INFO] - Checking timeout

14-02-2025T14:34:58 - [MESSAGE][INFO] - Finding web element with id: 'Object Repository/ANEF_Eloignement_V_Nawres/Page_Prendre_Mesure/btn_Confirmer_Mesure' located by 'By.xpath: //button[@id="btn-confirme-decision"]' in '100' second(s)

14-02-2025T14:34:58 - [MESSAGE][INFO] - Found 1 web elements with id: 'Object Repository/ANEF_Eloignement_V_Nawres/Page_Prendre_Mesure/btn_Confirmer_Mesure' located by 'By.xpath: //button[@id="btn-confirme-decision"]' in '100' second(s)

14-02-2025T14:34:58 - [MESSAGE][INFO] - Clicking on object: 'Object Repository/ANEF_Eloignement_V_Nawres/Page_Prendre_Mesure/btn_Confirmer_Mesure'

14-02-2025T14:34:59 - [MESSAGE][PASSED] - Object: 'Object Repository/ANEF_Eloignement_V_Nawres/Page_Prendre_Mesure/btn_Confirmer_Mesure' is clicked on

14-02-2025T14:34:59 - [TEST_STEP][PASSED] - break: null

14-02-2025T14:34:59 - [TEST_STEP][PASSED] - callTestCase(findTestCase("Test Cases/Test Reutilisable/Main/ANEF_Eloignement_V_Nawres/ANEF_Prendre_Mesure_Formulaire"), ["Mesure":Mesure, "FondementLegal":FondementLegal, "NatureDeLacteExpulsion":NatureDeLacteExpulsion, "UrgenceAbsolueExpulsion":UrgenceAbsolueExpulsion, ... ], STOP_ON_FAILURE): Call Test Case 'Test Cases/Test Reutilisable/Main/ANEF_Eloignement_V_Nawres/ANEF_Prendre_Mesure_Formulaire' successfully

14-02-2025T14:34:59 - [MESSAGE][INFO] - Checking called Test Case

14-02-2025T14:34:59 - [MESSAGE][INFO] - Starting to call Test Case 'Test Cases/Test Reutilisable/Main/ANEF_Eloignement_V_Nawres/ANEF_Prendre_Mesure_Formulaire'

14-02-2025T14:34:59 - [TEST_CASE][PASSED] - Test Cases/Test Reutilisable/Main/ANEF_Eloignement_V_Nawres/ANEF_Prendre_Mesure_Formulaire: Test Cases/Test Reutilisable/Main/ANEF_Eloignement_V_Nawres/ANEF_Prendre_Mesure_Formulaire

14-02-2025T14:34:59 - [TEST_STEP][PASSED] - calendar = Calendar.getInstance(): null

14-02-2025T14:34:59 - [TEST_STEP][PASSED] - currentDate = calendar.getTime(): null

14-02-2025T14:34:59 - [TEST_STEP][PASSED] - sdf = new java.text.SimpleDateFormat(dd/MM/yyyy): null

14-02-2025T14:34:59 - [TEST_STEP][PASSED] - formattedDate = sdf.format(currentDate): null

14-02-2025T14:34:59 - [TEST_STEP][PASSED] - DateActuelle = formattedDate.toString(): null

14-02-2025T14:34:59 - [TEST_STEP][PASSED] - println(DateActuelle): null

14-02-2025T14:34:59 - [TEST_STEP][PASSED] - if (Mesure != "ITF"): null

14-02-2025T14:34:59 - [TEST_STEP][PASSED] - selectOptionByLabel(findTestObject("Object Repository/ANEF_Eloignement_V_Nawres/Page_Prendre_Mesure_Formulaire/select_Fondement_Legal"), FondementLegal, false, STOP_ON_FAILURE): All options with label 'L. 621-6' are selected in object 'Object Repository/ANEF_Eloignement_V_Nawres/Page_Prendre_Mesure_Formulaire/select_Fondement_Legal' 

14-02-2025T14:34:59 - [MESSAGE][INFO] - Finding Test Object 'Object Repository/ANEF_Eloignement_V_Nawres/Page_Prendre_Mesure_Formulaire/select_Fondement_Legal'

14-02-2025T14:34:59 - [MESSAGE][INFO] - Checking timeout

14-02-2025T14:34:59 - [MESSAGE][INFO] - Finding web element with id: 'Object Repository/ANEF_Eloignement_V_Nawres/Page_Prendre_Mesure_Formulaire/select_Fondement_Legal' located by 'By.xpath: //select[@id="fondement_legal"]' in '20' second(s)

14-02-2025T14:35:00 - [MESSAGE][INFO] - Found 1 web elements with id: 'Object Repository/ANEF_Eloignement_V_Nawres/Page_Prendre_Mesure_Formulaire/select_Fondement_Legal' located by 'By.xpath: //select[@id="fondement_legal"]' in '20' second(s)

14-02-2025T14:35:00 - [MESSAGE][INFO] - Checking object

14-02-2025T14:35:00 - [MESSAGE][INFO] - Checking label parameter

14-02-2025T14:35:00 - [MESSAGE][INFO] - Finding web element from Test Object's properties

14-02-2025T14:35:00 - [MESSAGE][INFO] - Checking timeout

14-02-2025T14:35:00 - [MESSAGE][INFO] - Finding web element with id: 'Object Repository/ANEF_Eloignement_V_Nawres/Page_Prendre_Mesure_Formulaire/select_Fondement_Legal' located by 'By.xpath: //select[@id="fondement_legal"]' in '100' second(s)

14-02-2025T14:35:00 - [MESSAGE][INFO] - Found 1 web elements with id: 'Object Repository/ANEF_Eloignement_V_Nawres/Page_Prendre_Mesure_Formulaire/select_Fondement_Legal' located by 'By.xpath: //select[@id="fondement_legal"]' in '100' second(s)

14-02-2025T14:35:00 - [MESSAGE][INFO] - Selecting options on object 'Object Repository/ANEF_Eloignement_V_Nawres/Page_Prendre_Mesure_Formulaire/select_Fondement_Legal' with label 'L. 621-6' 

14-02-2025T14:35:01 - [MESSAGE][PASSED] - All options with label 'L. 621-6' are selected in object 'Object Repository/ANEF_Eloignement_V_Nawres/Page_Prendre_Mesure_Formulaire/select_Fondement_Legal' 

14-02-2025T14:35:01 - [TEST_STEP][PASSED] - if (Mesure == "Expulsion"): null

14-02-2025T14:35:01 - [TEST_STEP][PASSED] - NumberUsagerRandom = tools.MyStringTools.getRandomNumber(10, 99): tools.MyStringTools.getRandomNumber is PASSED

14-02-2025T14:35:01 - [MESSAGE][PASSED] - tools.MyStringTools.getRandomNumber is PASSED

14-02-2025T14:35:01 - [TEST_STEP][PASSED] - println(NumberUsagerRandom): null

14-02-2025T14:35:01 - [TEST_STEP][PASSED] - RandomNumber = NumberUsagerRandom.toString(): null

14-02-2025T14:35:01 - [TEST_STEP][PASSED] - if (Mesure == "OQTF"): null

14-02-2025T14:35:01 - [TEST_STEP][PASSED] - if (Mesure == "RemiseSchengen"): Object: 'Object Repository/ANEF_Eloignement_V_Nawres/Page_Prendre_Mesure_Formulaire/btn_Enregistrer' is clicked on

14-02-2025T14:35:01 - [TEST_STEP][PASSED] - selectOptionByLabel(findTestObject("Object Repository/ANEF_Eloignement_V_Nawres/Page_Prendre_Mesure_Formulaire/select_Etat_Saisi_Remise_Schengen"), "ALLEMAGNE", false, STOP_ON_FAILURE): All options with label 'ALLEMAGNE' are selected in object 'Object Repository/ANEF_Eloignement_V_Nawres/Page_Prendre_Mesure_Formulaire/select_Etat_Saisi_Remise_Schengen' 

14-02-2025T14:35:01 - [MESSAGE][INFO] - Finding Test Object 'Object Repository/ANEF_Eloignement_V_Nawres/Page_Prendre_Mesure_Formulaire/select_Etat_Saisi_Remise_Schengen'

14-02-2025T14:35:01 - [MESSAGE][INFO] - Checking timeout

14-02-2025T14:35:01 - [MESSAGE][INFO] - Finding web element with id: 'Object Repository/ANEF_Eloignement_V_Nawres/Page_Prendre_Mesure_Formulaire/select_Etat_Saisi_Remise_Schengen' located by 'By.xpath: //select[@name="etat_saisi"]' in '20' second(s)

14-02-2025T14:35:01 - [MESSAGE][INFO] - Found 1 web elements with id: 'Object Repository/ANEF_Eloignement_V_Nawres/Page_Prendre_Mesure_Formulaire/select_Etat_Saisi_Remise_Schengen' located by 'By.xpath: //select[@name="etat_saisi"]' in '20' second(s)

14-02-2025T14:35:01 - [MESSAGE][INFO] - Checking object

14-02-2025T14:35:01 - [MESSAGE][INFO] - Checking label parameter

14-02-2025T14:35:01 - [MESSAGE][INFO] - Finding web element from Test Object's properties

14-02-2025T14:35:01 - [MESSAGE][INFO] - Checking timeout

14-02-2025T14:35:01 - [MESSAGE][INFO] - Finding web element with id: 'Object Repository/ANEF_Eloignement_V_Nawres/Page_Prendre_Mesure_Formulaire/select_Etat_Saisi_Remise_Schengen' located by 'By.xpath: //select[@name="etat_saisi"]' in '100' second(s)

14-02-2025T14:35:01 - [MESSAGE][INFO] - Found 1 web elements with id: 'Object Repository/ANEF_Eloignement_V_Nawres/Page_Prendre_Mesure_Formulaire/select_Etat_Saisi_Remise_Schengen' located by 'By.xpath: //select[@name="etat_saisi"]' in '100' second(s)

14-02-2025T14:35:01 - [MESSAGE][INFO] - Selecting options on object 'Object Repository/ANEF_Eloignement_V_Nawres/Page_Prendre_Mesure_Formulaire/select_Etat_Saisi_Remise_Schengen' with label 'ALLEMAGNE' 

14-02-2025T14:35:02 - [MESSAGE][PASSED] - All options with label 'ALLEMAGNE' are selected in object 'Object Repository/ANEF_Eloignement_V_Nawres/Page_Prendre_Mesure_Formulaire/select_Etat_Saisi_Remise_Schengen' 

14-02-2025T14:35:02 - [TEST_STEP][PASSED] - setText(findTestObject("Object Repository/ANEF_Eloignement_V_Nawres/Page_Prendre_Mesure_Formulaire/input_date_Saisine_Etat_Membre"), DateActuelle, STOP_ON_FAILURE): Text '14/02/2025' is set on object 'Object Repository/ANEF_Eloignement_V_Nawres/Page_Prendre_Mesure_Formulaire/input_date_Saisine_Etat_Membre'

14-02-2025T14:35:02 - [MESSAGE][INFO] - Finding Test Object 'Object Repository/ANEF_Eloignement_V_Nawres/Page_Prendre_Mesure_Formulaire/input_date_Saisine_Etat_Membre'

14-02-2025T14:35:02 - [MESSAGE][INFO] - Checking timeout

14-02-2025T14:35:02 - [MESSAGE][INFO] - Finding web element with id: 'Object Repository/ANEF_Eloignement_V_Nawres/Page_Prendre_Mesure_Formulaire/input_date_Saisine_Etat_Membre' located by 'By.xpath: //input[@id="date_saisine"]' in '20' second(s)

14-02-2025T14:35:02 - [MESSAGE][INFO] - Found 1 web elements with id: 'Object Repository/ANEF_Eloignement_V_Nawres/Page_Prendre_Mesure_Formulaire/input_date_Saisine_Etat_Membre' located by 'By.xpath: //input[@id="date_saisine"]' in '20' second(s)

14-02-2025T14:35:02 - [MESSAGE][INFO] - Checking object

14-02-2025T14:35:02 - [MESSAGE][INFO] - Checking text

14-02-2025T14:35:02 - [MESSAGE][INFO] - Finding web element from Test Object's properties

14-02-2025T14:35:02 - [MESSAGE][INFO] - Checking timeout

14-02-2025T14:35:02 - [MESSAGE][INFO] - Finding web element with id: 'Object Repository/ANEF_Eloignement_V_Nawres/Page_Prendre_Mesure_Formulaire/input_date_Saisine_Etat_Membre' located by 'By.xpath: //input[@id="date_saisine"]' in '100' second(s)

14-02-2025T14:35:02 - [MESSAGE][INFO] - Found 1 web elements with id: 'Object Repository/ANEF_Eloignement_V_Nawres/Page_Prendre_Mesure_Formulaire/input_date_Saisine_Etat_Membre' located by 'By.xpath: //input[@id="date_saisine"]' in '100' second(s)

14-02-2025T14:35:02 - [MESSAGE][INFO] - Clearing text of object 'Object Repository/ANEF_Eloignement_V_Nawres/Page_Prendre_Mesure_Formulaire/input_date_Saisine_Etat_Membre'

14-02-2025T14:35:03 - [MESSAGE][INFO] - Finding web element from Test Object's properties

14-02-2025T14:35:03 - [MESSAGE][INFO] - Checking timeout

14-02-2025T14:35:03 - [MESSAGE][INFO] - Finding web element with id: 'Object Repository/ANEF_Eloignement_V_Nawres/Page_Prendre_Mesure_Formulaire/input_date_Saisine_Etat_Membre' located by 'By.xpath: //input[@id="date_saisine"]' in '100' second(s)

14-02-2025T14:35:03 - [MESSAGE][INFO] - Found 1 web elements with id: 'Object Repository/ANEF_Eloignement_V_Nawres/Page_Prendre_Mesure_Formulaire/input_date_Saisine_Etat_Membre' located by 'By.xpath: //input[@id="date_saisine"]' in '100' second(s)

14-02-2025T14:35:03 - [MESSAGE][INFO] - Setting text of object 'Object Repository/ANEF_Eloignement_V_Nawres/Page_Prendre_Mesure_Formulaire/input_date_Saisine_Etat_Membre' to value '14/02/2025'

14-02-2025T14:35:05 - [MESSAGE][PASSED] - Text '14/02/2025' is set on object 'Object Repository/ANEF_Eloignement_V_Nawres/Page_Prendre_Mesure_Formulaire/input_date_Saisine_Etat_Membre'

14-02-2025T14:35:05 - [TEST_STEP][PASSED] - setText(findTestObject("Object Repository/ANEF_Eloignement_V_Nawres/Page_Prendre_Mesure_Formulaire/input_Date_Reponse_Etat_Membre"), DateActuelle, STOP_ON_FAILURE): Text '14/02/2025' is set on object 'Object Repository/ANEF_Eloignement_V_Nawres/Page_Prendre_Mesure_Formulaire/input_Date_Reponse_Etat_Membre'

14-02-2025T14:35:05 - [MESSAGE][INFO] - Finding Test Object 'Object Repository/ANEF_Eloignement_V_Nawres/Page_Prendre_Mesure_Formulaire/input_Date_Reponse_Etat_Membre'

14-02-2025T14:35:05 - [MESSAGE][INFO] - Checking timeout

14-02-2025T14:35:05 - [MESSAGE][INFO] - Finding web element with id: 'Object Repository/ANEF_Eloignement_V_Nawres/Page_Prendre_Mesure_Formulaire/input_Date_Reponse_Etat_Membre' located by 'By.xpath: //input[@id="date_reponse"]' in '20' second(s)

14-02-2025T14:35:05 - [MESSAGE][INFO] - Found 1 web elements with id: 'Object Repository/ANEF_Eloignement_V_Nawres/Page_Prendre_Mesure_Formulaire/input_Date_Reponse_Etat_Membre' located by 'By.xpath: //input[@id="date_reponse"]' in '20' second(s)

14-02-2025T14:35:05 - [MESSAGE][INFO] - Checking object

14-02-2025T14:35:05 - [MESSAGE][INFO] - Checking text

14-02-2025T14:35:05 - [MESSAGE][INFO] - Finding web element from Test Object's properties

14-02-2025T14:35:05 - [MESSAGE][INFO] - Checking timeout

14-02-2025T14:35:05 - [MESSAGE][INFO] - Finding web element with id: 'Object Repository/ANEF_Eloignement_V_Nawres/Page_Prendre_Mesure_Formulaire/input_Date_Reponse_Etat_Membre' located by 'By.xpath: //input[@id="date_reponse"]' in '100' second(s)

14-02-2025T14:35:05 - [MESSAGE][INFO] - Found 1 web elements with id: 'Object Repository/ANEF_Eloignement_V_Nawres/Page_Prendre_Mesure_Formulaire/input_Date_Reponse_Etat_Membre' located by 'By.xpath: //input[@id="date_reponse"]' in '100' second(s)

14-02-2025T14:35:05 - [MESSAGE][INFO] - Clearing text of object 'Object Repository/ANEF_Eloignement_V_Nawres/Page_Prendre_Mesure_Formulaire/input_Date_Reponse_Etat_Membre'

14-02-2025T14:35:06 - [MESSAGE][INFO] - Finding web element from Test Object's properties

14-02-2025T14:35:06 - [MESSAGE][INFO] - Checking timeout

14-02-2025T14:35:06 - [MESSAGE][INFO] - Finding web element with id: 'Object Repository/ANEF_Eloignement_V_Nawres/Page_Prendre_Mesure_Formulaire/input_Date_Reponse_Etat_Membre' located by 'By.xpath: //input[@id="date_reponse"]' in '100' second(s)

14-02-2025T14:35:06 - [MESSAGE][INFO] - Found 1 web elements with id: 'Object Repository/ANEF_Eloignement_V_Nawres/Page_Prendre_Mesure_Formulaire/input_Date_Reponse_Etat_Membre' located by 'By.xpath: //input[@id="date_reponse"]' in '100' second(s)

14-02-2025T14:35:06 - [MESSAGE][INFO] - Setting text of object 'Object Repository/ANEF_Eloignement_V_Nawres/Page_Prendre_Mesure_Formulaire/input_Date_Reponse_Etat_Membre' to value '14/02/2025'

14-02-2025T14:35:07 - [MESSAGE][PASSED] - Text '14/02/2025' is set on object 'Object Repository/ANEF_Eloignement_V_Nawres/Page_Prendre_Mesure_Formulaire/input_Date_Reponse_Etat_Membre'

14-02-2025T14:35:07 - [TEST_STEP][PASSED] - selectOptionByLabel(findTestObject("Object Repository/ANEF_Eloignement_V_Nawres/Page_Prendre_Mesure_Formulaire/select_Etat_Remise"), "ALLEMAGNE", false, STOP_ON_FAILURE): All options with label 'ALLEMAGNE' are selected in object 'Object Repository/ANEF_Eloignement_V_Nawres/Page_Prendre_Mesure_Formulaire/select_Etat_Remise' 

14-02-2025T14:35:07 - [MESSAGE][INFO] - Finding Test Object 'Object Repository/ANEF_Eloignement_V_Nawres/Page_Prendre_Mesure_Formulaire/select_Etat_Remise'

14-02-2025T14:35:07 - [MESSAGE][INFO] - Checking timeout

14-02-2025T14:35:07 - [MESSAGE][INFO] - Finding web element with id: 'Object Repository/ANEF_Eloignement_V_Nawres/Page_Prendre_Mesure_Formulaire/select_Etat_Remise' located by 'By.xpath: //select[@id="etat_remise"]' in '20' second(s)

14-02-2025T14:35:07 - [MESSAGE][INFO] - Found 1 web elements with id: 'Object Repository/ANEF_Eloignement_V_Nawres/Page_Prendre_Mesure_Formulaire/select_Etat_Remise' located by 'By.xpath: //select[@id="etat_remise"]' in '20' second(s)

14-02-2025T14:35:07 - [MESSAGE][INFO] - Checking object

14-02-2025T14:35:07 - [MESSAGE][INFO] - Checking label parameter

14-02-2025T14:35:07 - [MESSAGE][INFO] - Finding web element from Test Object's properties

14-02-2025T14:35:07 - [MESSAGE][INFO] - Checking timeout

14-02-2025T14:35:07 - [MESSAGE][INFO] - Finding web element with id: 'Object Repository/ANEF_Eloignement_V_Nawres/Page_Prendre_Mesure_Formulaire/select_Etat_Remise' located by 'By.xpath: //select[@id="etat_remise"]' in '100' second(s)

14-02-2025T14:35:07 - [MESSAGE][INFO] - Found 1 web elements with id: 'Object Repository/ANEF_Eloignement_V_Nawres/Page_Prendre_Mesure_Formulaire/select_Etat_Remise' located by 'By.xpath: //select[@id="etat_remise"]' in '100' second(s)

14-02-2025T14:35:07 - [MESSAGE][INFO] - Selecting options on object 'Object Repository/ANEF_Eloignement_V_Nawres/Page_Prendre_Mesure_Formulaire/select_Etat_Remise' with label 'ALLEMAGNE' 

14-02-2025T14:35:08 - [MESSAGE][PASSED] - All options with label 'ALLEMAGNE' are selected in object 'Object Repository/ANEF_Eloignement_V_Nawres/Page_Prendre_Mesure_Formulaire/select_Etat_Remise' 

14-02-2025T14:35:08 - [TEST_STEP][PASSED] - setText(findTestObject("Object Repository/ANEF_Eloignement_V_Nawres/Page_Prendre_Mesure_Formulaire/input_Duree_ICTF_Annee"), "4", STOP_ON_FAILURE): Text '4' is set on object 'Object Repository/ANEF_Eloignement_V_Nawres/Page_Prendre_Mesure_Formulaire/input_Duree_ICTF_Annee'

14-02-2025T14:35:08 - [MESSAGE][INFO] - Finding Test Object 'Object Repository/ANEF_Eloignement_V_Nawres/Page_Prendre_Mesure_Formulaire/input_Duree_ICTF_Annee'

14-02-2025T14:35:08 - [MESSAGE][INFO] - Checking timeout

14-02-2025T14:35:08 - [MESSAGE][INFO] - Finding web element with id: 'Object Repository/ANEF_Eloignement_V_Nawres/Page_Prendre_Mesure_Formulaire/input_Duree_ICTF_Annee' located by 'By.xpath: //input[@id="nbr_annee_duree_init"]' in '20' second(s)

14-02-2025T14:35:08 - [MESSAGE][INFO] - Found 1 web elements with id: 'Object Repository/ANEF_Eloignement_V_Nawres/Page_Prendre_Mesure_Formulaire/input_Duree_ICTF_Annee' located by 'By.xpath: //input[@id="nbr_annee_duree_init"]' in '20' second(s)

14-02-2025T14:35:08 - [MESSAGE][INFO] - Checking object

14-02-2025T14:35:08 - [MESSAGE][INFO] - Checking text

14-02-2025T14:35:08 - [MESSAGE][INFO] - Finding web element from Test Object's properties

14-02-2025T14:35:08 - [MESSAGE][INFO] - Checking timeout

14-02-2025T14:35:08 - [MESSAGE][INFO] - Finding web element with id: 'Object Repository/ANEF_Eloignement_V_Nawres/Page_Prendre_Mesure_Formulaire/input_Duree_ICTF_Annee' located by 'By.xpath: //input[@id="nbr_annee_duree_init"]' in '100' second(s)

14-02-2025T14:35:08 - [MESSAGE][INFO] - Found 1 web elements with id: 'Object Repository/ANEF_Eloignement_V_Nawres/Page_Prendre_Mesure_Formulaire/input_Duree_ICTF_Annee' located by 'By.xpath: //input[@id="nbr_annee_duree_init"]' in '100' second(s)

14-02-2025T14:35:08 - [MESSAGE][INFO] - Clearing text of object 'Object Repository/ANEF_Eloignement_V_Nawres/Page_Prendre_Mesure_Formulaire/input_Duree_ICTF_Annee'

14-02-2025T14:35:09 - [MESSAGE][INFO] - Finding web element from Test Object's properties

14-02-2025T14:35:09 - [MESSAGE][INFO] - Checking timeout

14-02-2025T14:35:09 - [MESSAGE][INFO] - Finding web element with id: 'Object Repository/ANEF_Eloignement_V_Nawres/Page_Prendre_Mesure_Formulaire/input_Duree_ICTF_Annee' located by 'By.xpath: //input[@id="nbr_annee_duree_init"]' in '100' second(s)

14-02-2025T14:35:09 - [MESSAGE][INFO] - Found 1 web elements with id: 'Object Repository/ANEF_Eloignement_V_Nawres/Page_Prendre_Mesure_Formulaire/input_Duree_ICTF_Annee' located by 'By.xpath: //input[@id="nbr_annee_duree_init"]' in '100' second(s)

14-02-2025T14:35:09 - [MESSAGE][INFO] - Setting text of object 'Object Repository/ANEF_Eloignement_V_Nawres/Page_Prendre_Mesure_Formulaire/input_Duree_ICTF_Annee' to value '4'

14-02-2025T14:35:10 - [MESSAGE][PASSED] - Text '4' is set on object 'Object Repository/ANEF_Eloignement_V_Nawres/Page_Prendre_Mesure_Formulaire/input_Duree_ICTF_Annee'

14-02-2025T14:35:10 - [TEST_STEP][PASSED] - verifyElementText(findTestObject("Object Repository/ANEF_Eloignement_V_Nawres/Page_Prendre_Mesure_Formulaire/p_Message_Erreur_Duree_IRTF"), "L'interdiction de circulation sur le territoire ne peut pas excÃ©der une durÃ©e de 3 ans"): Actual text and expected text of test object 'Object Repository/ANEF_Eloignement_V_Nawres/Page_Prendre_Mesure_Formulaire/p_Message_Erreur_Duree_IRTF' are matched.

14-02-2025T14:35:10 - [MESSAGE][INFO] - Finding Test Object 'Object Repository/ANEF_Eloignement_V_Nawres/Page_Prendre_Mesure_Formulaire/p_Message_Erreur_Duree_IRTF'

14-02-2025T14:35:10 - [MESSAGE][INFO] - Checking object

14-02-2025T14:35:10 - [MESSAGE][INFO] - Finding web element from Test Object's properties

14-02-2025T14:35:10 - [MESSAGE][INFO] - Checking timeout

14-02-2025T14:35:10 - [MESSAGE][INFO] - Finding web element with id: 'Object Repository/ANEF_Eloignement_V_Nawres/Page_Prendre_Mesure_Formulaire/p_Message_Erreur_Duree_IRTF' located by 'By.xpath: //app-accordeon-ictf-irtf/section/div/form/div[2]//p' in '100' second(s)

14-02-2025T14:35:10 - [MESSAGE][INFO] - Found 1 web elements with id: 'Object Repository/ANEF_Eloignement_V_Nawres/Page_Prendre_Mesure_Formulaire/p_Message_Erreur_Duree_IRTF' located by 'By.xpath: //app-accordeon-ictf-irtf/section/div/form/div[2]//p' in '100' second(s)

14-02-2025T14:35:10 - [MESSAGE][PASSED] - Actual text and expected text of test object 'Object Repository/ANEF_Eloignement_V_Nawres/Page_Prendre_Mesure_Formulaire/p_Message_Erreur_Duree_IRTF' are matched.

14-02-2025T14:35:10 - [TEST_STEP][PASSED] - setText(findTestObject("Object Repository/ANEF_Eloignement_V_Nawres/Page_Prendre_Mesure_Formulaire/input_Duree_ICTF_Annee"), "2", STOP_ON_FAILURE): Text '2' is set on object 'Object Repository/ANEF_Eloignement_V_Nawres/Page_Prendre_Mesure_Formulaire/input_Duree_ICTF_Annee'

14-02-2025T14:35:10 - [MESSAGE][INFO] - Finding Test Object 'Object Repository/ANEF_Eloignement_V_Nawres/Page_Prendre_Mesure_Formulaire/input_Duree_ICTF_Annee'

14-02-2025T14:35:10 - [MESSAGE][INFO] - Checking timeout

14-02-2025T14:35:10 - [MESSAGE][INFO] - Finding web element with id: 'Object Repository/ANEF_Eloignement_V_Nawres/Page_Prendre_Mesure_Formulaire/input_Duree_ICTF_Annee' located by 'By.xpath: //input[@id="nbr_annee_duree_init"]' in '20' second(s)

14-02-2025T14:35:10 - [MESSAGE][INFO] - Found 1 web elements with id: 'Object Repository/ANEF_Eloignement_V_Nawres/Page_Prendre_Mesure_Formulaire/input_Duree_ICTF_Annee' located by 'By.xpath: //input[@id="nbr_annee_duree_init"]' in '20' second(s)

14-02-2025T14:35:10 - [MESSAGE][INFO] - Checking object

14-02-2025T14:35:10 - [MESSAGE][INFO] - Checking text

14-02-2025T14:35:11 - [MESSAGE][INFO] - Finding web element from Test Object's properties

14-02-2025T14:35:11 - [MESSAGE][INFO] - Checking timeout

14-02-2025T14:35:11 - [MESSAGE][INFO] - Finding web element with id: 'Object Repository/ANEF_Eloignement_V_Nawres/Page_Prendre_Mesure_Formulaire/input_Duree_ICTF_Annee' located by 'By.xpath: //input[@id="nbr_annee_duree_init"]' in '100' second(s)

14-02-2025T14:35:11 - [MESSAGE][INFO] - Found 1 web elements with id: 'Object Repository/ANEF_Eloignement_V_Nawres/Page_Prendre_Mesure_Formulaire/input_Duree_ICTF_Annee' located by 'By.xpath: //input[@id="nbr_annee_duree_init"]' in '100' second(s)

14-02-2025T14:35:11 - [MESSAGE][INFO] - Clearing text of object 'Object Repository/ANEF_Eloignement_V_Nawres/Page_Prendre_Mesure_Formulaire/input_Duree_ICTF_Annee'

14-02-2025T14:35:12 - [MESSAGE][INFO] - Finding web element from Test Object's properties

14-02-2025T14:35:12 - [MESSAGE][INFO] - Checking timeout

14-02-2025T14:35:12 - [MESSAGE][INFO] - Finding web element with id: 'Object Repository/ANEF_Eloignement_V_Nawres/Page_Prendre_Mesure_Formulaire/input_Duree_ICTF_Annee' located by 'By.xpath: //input[@id="nbr_annee_duree_init"]' in '100' second(s)

14-02-2025T14:35:12 - [MESSAGE][INFO] - Found 1 web elements with id: 'Object Repository/ANEF_Eloignement_V_Nawres/Page_Prendre_Mesure_Formulaire/input_Duree_ICTF_Annee' located by 'By.xpath: //input[@id="nbr_annee_duree_init"]' in '100' second(s)

14-02-2025T14:35:12 - [MESSAGE][INFO] - Setting text of object 'Object Repository/ANEF_Eloignement_V_Nawres/Page_Prendre_Mesure_Formulaire/input_Duree_ICTF_Annee' to value '2'

14-02-2025T14:35:13 - [MESSAGE][PASSED] - Text '2' is set on object 'Object Repository/ANEF_Eloignement_V_Nawres/Page_Prendre_Mesure_Formulaire/input_Duree_ICTF_Annee'

14-02-2025T14:35:13 - [TEST_STEP][PASSED] - delay(5): Delayed 5 second(s)

14-02-2025T14:35:13 - [MESSAGE][INFO] - Delaying browser in 5 second(s)

14-02-2025T14:35:18 - [MESSAGE][PASSED] - Delayed 5 second(s)

14-02-2025T14:35:18 - [TEST_STEP][PASSED] - click(findTestObject("Object Repository/ANEF_Eloignement_V_Nawres/Page_Prendre_Mesure_Formulaire/btn_Enregistrer"), STOP_ON_FAILURE): Object: 'Object Repository/ANEF_Eloignement_V_Nawres/Page_Prendre_Mesure_Formulaire/btn_Enregistrer' is clicked on

14-02-2025T14:35:18 - [MESSAGE][INFO] - Finding Test Object 'Object Repository/ANEF_Eloignement_V_Nawres/Page_Prendre_Mesure_Formulaire/btn_Enregistrer'

14-02-2025T14:35:18 - [MESSAGE][INFO] - Checking timeout

14-02-2025T14:35:18 - [MESSAGE][INFO] - Finding web element with id: 'Object Repository/ANEF_Eloignement_V_Nawres/Page_Prendre_Mesure_Formulaire/btn_Enregistrer' located by 'By.xpath: //button[contains(text(),"Enregistrer")]' in '20' second(s)

14-02-2025T14:35:18 - [MESSAGE][INFO] - Found 1 web elements with id: 'Object Repository/ANEF_Eloignement_V_Nawres/Page_Prendre_Mesure_Formulaire/btn_Enregistrer' located by 'By.xpath: //button[contains(text(),"Enregistrer")]' in '20' second(s)

14-02-2025T14:35:18 - [MESSAGE][INFO] - Checking object

14-02-2025T14:35:18 - [MESSAGE][INFO] - Checking timeout

14-02-2025T14:35:18 - [MESSAGE][INFO] - Finding web element from Test Object's properties

14-02-2025T14:35:18 - [MESSAGE][INFO] - Checking timeout

14-02-2025T14:35:18 - [MESSAGE][INFO] - Finding web element with id: 'Object Repository/ANEF_Eloignement_V_Nawres/Page_Prendre_Mesure_Formulaire/btn_Enregistrer' located by 'By.xpath: //button[contains(text(),"Enregistrer")]' in '100' second(s)

14-02-2025T14:35:18 - [MESSAGE][INFO] - Found 1 web elements with id: 'Object Repository/ANEF_Eloignement_V_Nawres/Page_Prendre_Mesure_Formulaire/btn_Enregistrer' located by 'By.xpath: //button[contains(text(),"Enregistrer")]' in '100' second(s)

14-02-2025T14:35:18 - [MESSAGE][INFO] - Clicking on object: 'Object Repository/ANEF_Eloignement_V_Nawres/Page_Prendre_Mesure_Formulaire/btn_Enregistrer'

14-02-2025T14:35:19 - [MESSAGE][PASSED] - Object: 'Object Repository/ANEF_Eloignement_V_Nawres/Page_Prendre_Mesure_Formulaire/btn_Enregistrer' is clicked on

14-02-2025T14:35:19 - [TEST_STEP][PASSED] - RandomNumber = tools.MyStringTools.getRandomNumber(1, 30): tools.MyStringTools.getRandomNumber is PASSED

14-02-2025T14:35:19 - [MESSAGE][PASSED] - tools.MyStringTools.getRandomNumber is PASSED

14-02-2025T14:35:19 - [TEST_STEP][PASSED] - println(RandomNumber): null

14-02-2025T14:35:19 - [TEST_STEP][PASSED] - RandomNumberSelect = RandomNumber.toString(): null

14-02-2025T14:35:19 - [TEST_STEP][PASSED] - if (Mesure == "TransfertDublin"): null

14-02-2025T14:35:19 - [TEST_STEP][PASSED] - if (Mesure == "ExecutionFicheSIS"): null

14-02-2025T14:35:19 - [TEST_STEP][PASSED] - if (Mesure == "IAT"): null

14-02-2025T14:35:19 - [TEST_STEP][PASSED] - if (Mesure == "ITF"): null

14-02-2025T14:35:19 - [TEST_STEP][PASSED] - click(findTestObject("Object Repository/ANEF_Eloignement_V_Nawres/Page_Prendre_Mesure_Formulaire/btn_Enregistrer"), STOP_ON_FAILURE): Object: 'Object Repository/ANEF_Eloignement_V_Nawres/Page_Prendre_Mesure_Formulaire/btn_Enregistrer' is clicked on

14-02-2025T14:35:19 - [MESSAGE][INFO] - Finding Test Object 'Object Repository/ANEF_Eloignement_V_Nawres/Page_Prendre_Mesure_Formulaire/btn_Enregistrer'

14-02-2025T14:35:19 - [MESSAGE][INFO] - Checking timeout

14-02-2025T14:35:19 - [MESSAGE][INFO] - Finding web element with id: 'Object Repository/ANEF_Eloignement_V_Nawres/Page_Prendre_Mesure_Formulaire/btn_Enregistrer' located by 'By.xpath: //button[contains(text(),"Enregistrer")]' in '20' second(s)

14-02-2025T14:35:19 - [MESSAGE][INFO] - Found 1 web elements with id: 'Object Repository/ANEF_Eloignement_V_Nawres/Page_Prendre_Mesure_Formulaire/btn_Enregistrer' located by 'By.xpath: //button[contains(text(),"Enregistrer")]' in '20' second(s)

14-02-2025T14:35:19 - [MESSAGE][INFO] - Checking object

14-02-2025T14:35:19 - [MESSAGE][INFO] - Checking timeout

14-02-2025T14:35:19 - [MESSAGE][INFO] - Finding web element from Test Object's properties

14-02-2025T14:35:19 - [MESSAGE][INFO] - Checking timeout

14-02-2025T14:35:19 - [MESSAGE][INFO] - Finding web element with id: 'Object Repository/ANEF_Eloignement_V_Nawres/Page_Prendre_Mesure_Formulaire/btn_Enregistrer' located by 'By.xpath: //button[contains(text(),"Enregistrer")]' in '100' second(s)

14-02-2025T14:35:19 - [MESSAGE][INFO] - Found 1 web elements with id: 'Object Repository/ANEF_Eloignement_V_Nawres/Page_Prendre_Mesure_Formulaire/btn_Enregistrer' located by 'By.xpath: //button[contains(text(),"Enregistrer")]' in '100' second(s)

14-02-2025T14:35:19 - [MESSAGE][INFO] - Clicking on object: 'Object Repository/ANEF_Eloignement_V_Nawres/Page_Prendre_Mesure_Formulaire/btn_Enregistrer'

14-02-2025T14:35:20 - [MESSAGE][PASSED] - Object: 'Object Repository/ANEF_Eloignement_V_Nawres/Page_Prendre_Mesure_Formulaire/btn_Enregistrer' is clicked on

14-02-2025T14:35:20 - [MESSAGE][PASSED] - Call Test Case 'Test Cases/Test Reutilisable/Main/ANEF_Eloignement_V_Nawres/ANEF_Prendre_Mesure_Formulaire' successfully

14-02-2025T14:35:20 - [MESSAGE][PASSED] - Call Test Case 'Test Cases/Test Reutilisable/Main/ANEF_Eloignement_V_Nawres/ANEF_Prendre_Mesure' successfully

14-02-2025T14:35:20 - [TEST_STEP][PASSED] - callTestCase(findTestCase("Test Cases/Test Reutilisable/Main/ANEF_Eloignement_V_Nawres/ANEF_Ajouter_Decision"), ["ModeNotification":ModeNotification], STOP_ON_FAILURE): Call Test Case 'Test Cases/Test Reutilisable/Main/ANEF_Eloignement_V_Nawres/ANEF_Ajouter_Decision' successfully

14-02-2025T14:35:20 - [MESSAGE][INFO] - Checking called Test Case

14-02-2025T14:35:20 - [MESSAGE][INFO] - Starting to call Test Case 'Test Cases/Test Reutilisable/Main/ANEF_Eloignement_V_Nawres/ANEF_Ajouter_Decision'

14-02-2025T14:35:20 - [TEST_CASE][PASSED] - Test Cases/Test Reutilisable/Main/ANEF_Eloignement_V_Nawres/ANEF_Ajouter_Decision: Test Cases/Test Reutilisable/Main/ANEF_Eloignement_V_Nawres/ANEF_Ajouter_Decision

14-02-2025T14:35:20 - [TEST_STEP][PASSED] - calendar = Calendar.getInstance(): null

14-02-2025T14:35:20 - [TEST_STEP][PASSED] - currentDate = calendar.getTime(): null

14-02-2025T14:35:20 - [TEST_STEP][PASSED] - sdf = new java.text.SimpleDateFormat(dd/MM/yyyy): null

14-02-2025T14:35:20 - [TEST_STEP][PASSED] - formattedDate = sdf.format(currentDate): null

14-02-2025T14:35:20 - [TEST_STEP][PASSED] - DateActuelle = formattedDate.toString(): null

14-02-2025T14:35:20 - [TEST_STEP][PASSED] - println(DateActuelle): null

14-02-2025T14:35:20 - [TEST_STEP][PASSED] - waitForElementClickable(findTestObject("Object Repository/ANEF_Eloignement_V_Nawres/Page_Ajouter_Decision/btn_Ajouter_Decision"), 20, STOP_ON_FAILURE): Object 'Object Repository/ANEF_Eloignement_V_Nawres/Page_Ajouter_Decision/btn_Ajouter_Decision' is clickable

14-02-2025T14:35:20 - [MESSAGE][INFO] - Finding Test Object 'Object Repository/ANEF_Eloignement_V_Nawres/Page_Ajouter_Decision/btn_Ajouter_Decision'

14-02-2025T14:35:20 - [MESSAGE][INFO] - Checking object

14-02-2025T14:35:20 - [MESSAGE][INFO] - Checking timeout

14-02-2025T14:35:20 - [MESSAGE][INFO] - Finding web element from Test Object's properties

14-02-2025T14:35:20 - [MESSAGE][INFO] - Checking timeout

14-02-2025T14:35:20 - [MESSAGE][INFO] - Finding web element with id: 'Object Repository/ANEF_Eloignement_V_Nawres/Page_Ajouter_Decision/btn_Ajouter_Decision' located by 'By.xpath: //button[contains(text(),"Ajouter une dÃ©cision")]' in '20' second(s)

14-02-2025T14:35:20 - [MESSAGE][INFO] - Found 1 web elements with id: 'Object Repository/ANEF_Eloignement_V_Nawres/Page_Ajouter_Decision/btn_Ajouter_Decision' located by 'By.xpath: //button[contains(text(),"Ajouter une dÃ©cision")]' in '20' second(s)

14-02-2025T14:35:20 - [MESSAGE][PASSED] - Object 'Object Repository/ANEF_Eloignement_V_Nawres/Page_Ajouter_Decision/btn_Ajouter_Decision' is clickable

14-02-2025T14:35:20 - [TEST_STEP][PASSED] - click(findTestObject("Object Repository/ANEF_Eloignement_V_Nawres/Page_Ajouter_Decision/btn_Ajouter_Decision"), STOP_ON_FAILURE): Object: 'Object Repository/ANEF_Eloignement_V_Nawres/Page_Ajouter_Decision/btn_Ajouter_Decision' is clicked on

14-02-2025T14:35:20 - [MESSAGE][INFO] - Finding Test Object 'Object Repository/ANEF_Eloignement_V_Nawres/Page_Ajouter_Decision/btn_Ajouter_Decision'

14-02-2025T14:35:20 - [MESSAGE][INFO] - Checking timeout

14-02-2025T14:35:20 - [MESSAGE][INFO] - Finding web element with id: 'Object Repository/ANEF_Eloignement_V_Nawres/Page_Ajouter_Decision/btn_Ajouter_Decision' located by 'By.xpath: //button[contains(text(),"Ajouter une dÃ©cision")]' in '20' second(s)

14-02-2025T14:35:20 - [MESSAGE][INFO] - Found 1 web elements with id: 'Object Repository/ANEF_Eloignement_V_Nawres/Page_Ajouter_Decision/btn_Ajouter_Decision' located by 'By.xpath: //button[contains(text(),"Ajouter une dÃ©cision")]' in '20' second(s)

14-02-2025T14:35:20 - [MESSAGE][INFO] - Checking object

14-02-2025T14:35:20 - [MESSAGE][INFO] - Checking timeout

14-02-2025T14:35:20 - [MESSAGE][INFO] - Finding web element from Test Object's properties

14-02-2025T14:35:20 - [MESSAGE][INFO] - Checking timeout

14-02-2025T14:35:20 - [MESSAGE][INFO] - Finding web element with id: 'Object Repository/ANEF_Eloignement_V_Nawres/Page_Ajouter_Decision/btn_Ajouter_Decision' located by 'By.xpath: //button[contains(text(),"Ajouter une dÃ©cision")]' in '100' second(s)

14-02-2025T14:35:20 - [MESSAGE][INFO] - Found 1 web elements with id: 'Object Repository/ANEF_Eloignement_V_Nawres/Page_Ajouter_Decision/btn_Ajouter_Decision' located by 'By.xpath: //button[contains(text(),"Ajouter une dÃ©cision")]' in '100' second(s)

14-02-2025T14:35:20 - [MESSAGE][INFO] - Clicking on object: 'Object Repository/ANEF_Eloignement_V_Nawres/Page_Ajouter_Decision/btn_Ajouter_Decision'

14-02-2025T14:35:21 - [MESSAGE][PASSED] - Object: 'Object Repository/ANEF_Eloignement_V_Nawres/Page_Ajouter_Decision/btn_Ajouter_Decision' is clicked on

14-02-2025T14:35:21 - [TEST_STEP][PASSED] - scrollToElement(findTestObject("Object Repository/ANEF_Eloignement_V_Nawres/Page_Ajouter_Decision/btn_Confirmer_Ajout_Decision"), 5, STOP_ON_FAILURE): Scroll to object 'Object Repository/ANEF_Eloignement_V_Nawres/Page_Ajouter_Decision/btn_Confirmer_Ajout_Decision' successfully

14-02-2025T14:35:21 - [MESSAGE][INFO] - Finding Test Object 'Object Repository/ANEF_Eloignement_V_Nawres/Page_Ajouter_Decision/btn_Confirmer_Ajout_Decision'

14-02-2025T14:35:21 - [MESSAGE][INFO] - Checking object

14-02-2025T14:35:21 - [MESSAGE][INFO] - Checking timeout

14-02-2025T14:35:21 - [MESSAGE][INFO] - Finding web element from Test Object's properties

14-02-2025T14:35:21 - [MESSAGE][INFO] - Checking timeout

14-02-2025T14:35:21 - [MESSAGE][INFO] - Finding web element with id: 'Object Repository/ANEF_Eloignement_V_Nawres/Page_Ajouter_Decision/btn_Confirmer_Ajout_Decision' located by 'By.xpath: //button[contains(text()," Confirmer l'ajout")]' in '100' second(s)

14-02-2025T14:35:21 - [MESSAGE][INFO] - Found 1 web elements with id: 'Object Repository/ANEF_Eloignement_V_Nawres/Page_Ajouter_Decision/btn_Confirmer_Ajout_Decision' located by 'By.xpath: //button[contains(text()," Confirmer l'ajout")]' in '100' second(s)

14-02-2025T14:35:22 - [MESSAGE][INFO] - Scrolling to object 'Object Repository/ANEF_Eloignement_V_Nawres/Page_Ajouter_Decision/btn_Confirmer_Ajout_Decision'

14-02-2025T14:35:22 - [MESSAGE][PASSED] - Scroll to object 'Object Repository/ANEF_Eloignement_V_Nawres/Page_Ajouter_Decision/btn_Confirmer_Ajout_Decision' successfully

14-02-2025T14:35:22 - [TEST_STEP][PASSED] - click(findTestObject("Object Repository/ANEF_Eloignement_V_Nawres/Page_Ajouter_Decision/btn_Confirmer_Ajout_Decision"), STOP_ON_FAILURE): Object: 'Object Repository/ANEF_Eloignement_V_Nawres/Page_Ajouter_Decision/btn_Confirmer_Ajout_Decision' is clicked on

14-02-2025T14:35:22 - [MESSAGE][INFO] - Finding Test Object 'Object Repository/ANEF_Eloignement_V_Nawres/Page_Ajouter_Decision/btn_Confirmer_Ajout_Decision'

14-02-2025T14:35:22 - [MESSAGE][INFO] - Checking timeout

14-02-2025T14:35:22 - [MESSAGE][INFO] - Finding web element with id: 'Object Repository/ANEF_Eloignement_V_Nawres/Page_Ajouter_Decision/btn_Confirmer_Ajout_Decision' located by 'By.xpath: //button[contains(text()," Confirmer l'ajout")]' in '20' second(s)

14-02-2025T14:35:22 - [MESSAGE][INFO] - Found 1 web elements with id: 'Object Repository/ANEF_Eloignement_V_Nawres/Page_Ajouter_Decision/btn_Confirmer_Ajout_Decision' located by 'By.xpath: //button[contains(text()," Confirmer l'ajout")]' in '20' second(s)

14-02-2025T14:35:22 - [MESSAGE][INFO] - Checking object

14-02-2025T14:35:22 - [MESSAGE][INFO] - Checking timeout

14-02-2025T14:35:22 - [MESSAGE][INFO] - Finding web element from Test Object's properties

14-02-2025T14:35:22 - [MESSAGE][INFO] - Checking timeout

14-02-2025T14:35:22 - [MESSAGE][INFO] - Finding web element with id: 'Object Repository/ANEF_Eloignement_V_Nawres/Page_Ajouter_Decision/btn_Confirmer_Ajout_Decision' located by 'By.xpath: //button[contains(text()," Confirmer l'ajout")]' in '100' second(s)

14-02-2025T14:35:22 - [MESSAGE][INFO] - Found 1 web elements with id: 'Object Repository/ANEF_Eloignement_V_Nawres/Page_Ajouter_Decision/btn_Confirmer_Ajout_Decision' located by 'By.xpath: //button[contains(text()," Confirmer l'ajout")]' in '100' second(s)

14-02-2025T14:35:22 - [MESSAGE][INFO] - Clicking on object: 'Object Repository/ANEF_Eloignement_V_Nawres/Page_Ajouter_Decision/btn_Confirmer_Ajout_Decision'

14-02-2025T14:35:23 - [MESSAGE][PASSED] - Object: 'Object Repository/ANEF_Eloignement_V_Nawres/Page_Ajouter_Decision/btn_Confirmer_Ajout_Decision' is clicked on

14-02-2025T14:35:23 - [TEST_STEP][PASSED] - waitForElementClickable(findTestObject("Object Repository/ANEF_Eloignement_V_Nawres/Page_Ajouter_Decision/btn_Confirmer_Notification"), 20, STOP_ON_FAILURE): Object 'Object Repository/ANEF_Eloignement_V_Nawres/Page_Ajouter_Decision/btn_Confirmer_Notification' is clickable

14-02-2025T14:35:23 - [MESSAGE][INFO] - Finding Test Object 'Object Repository/ANEF_Eloignement_V_Nawres/Page_Ajouter_Decision/btn_Confirmer_Notification'

14-02-2025T14:35:23 - [MESSAGE][INFO] - Checking object

14-02-2025T14:35:23 - [MESSAGE][INFO] - Checking timeout

14-02-2025T14:35:23 - [MESSAGE][INFO] - Finding web element from Test Object's properties

14-02-2025T14:35:23 - [MESSAGE][INFO] - Checking timeout

14-02-2025T14:35:23 - [MESSAGE][INFO] - Finding web element with id: 'Object Repository/ANEF_Eloignement_V_Nawres/Page_Ajouter_Decision/btn_Confirmer_Notification' located by 'By.xpath: //button[contains(text(),"Confirmer la notification")]' in '20' second(s)

14-02-2025T14:35:23 - [MESSAGE][INFO] - Found 1 web elements with id: 'Object Repository/ANEF_Eloignement_V_Nawres/Page_Ajouter_Decision/btn_Confirmer_Notification' located by 'By.xpath: //button[contains(text(),"Confirmer la notification")]' in '20' second(s)

14-02-2025T14:35:24 - [MESSAGE][PASSED] - Object 'Object Repository/ANEF_Eloignement_V_Nawres/Page_Ajouter_Decision/btn_Confirmer_Notification' is clickable

14-02-2025T14:35:24 - [TEST_STEP][PASSED] - click(findTestObject("Object Repository/ANEF_Eloignement_V_Nawres/Page_Ajouter_Decision/btn_Confirmer_Notification"), STOP_ON_FAILURE): Object: 'Object Repository/ANEF_Eloignement_V_Nawres/Page_Ajouter_Decision/btn_Confirmer_Notification' is clicked on

14-02-2025T14:35:24 - [MESSAGE][INFO] - Finding Test Object 'Object Repository/ANEF_Eloignement_V_Nawres/Page_Ajouter_Decision/btn_Confirmer_Notification'

14-02-2025T14:35:24 - [MESSAGE][INFO] - Checking timeout

14-02-2025T14:35:24 - [MESSAGE][INFO] - Finding web element with id: 'Object Repository/ANEF_Eloignement_V_Nawres/Page_Ajouter_Decision/btn_Confirmer_Notification' located by 'By.xpath: //button[contains(text(),"Confirmer la notification")]' in '20' second(s)

14-02-2025T14:35:24 - [MESSAGE][INFO] - Found 1 web elements with id: 'Object Repository/ANEF_Eloignement_V_Nawres/Page_Ajouter_Decision/btn_Confirmer_Notification' located by 'By.xpath: //button[contains(text(),"Confirmer la notification")]' in '20' second(s)

14-02-2025T14:35:24 - [MESSAGE][INFO] - Checking object

14-02-2025T14:35:24 - [MESSAGE][INFO] - Checking timeout

14-02-2025T14:35:24 - [MESSAGE][INFO] - Finding web element from Test Object's properties

14-02-2025T14:35:24 - [MESSAGE][INFO] - Checking timeout

14-02-2025T14:35:24 - [MESSAGE][INFO] - Finding web element with id: 'Object Repository/ANEF_Eloignement_V_Nawres/Page_Ajouter_Decision/btn_Confirmer_Notification' located by 'By.xpath: //button[contains(text(),"Confirmer la notification")]' in '100' second(s)

14-02-2025T14:35:24 - [MESSAGE][INFO] - Found 1 web elements with id: 'Object Repository/ANEF_Eloignement_V_Nawres/Page_Ajouter_Decision/btn_Confirmer_Notification' located by 'By.xpath: //button[contains(text(),"Confirmer la notification")]' in '100' second(s)

14-02-2025T14:35:24 - [MESSAGE][INFO] - Clicking on object: 'Object Repository/ANEF_Eloignement_V_Nawres/Page_Ajouter_Decision/btn_Confirmer_Notification'

14-02-2025T14:35:25 - [MESSAGE][PASSED] - Object: 'Object Repository/ANEF_Eloignement_V_Nawres/Page_Ajouter_Decision/btn_Confirmer_Notification' is clicked on

14-02-2025T14:35:25 - [TEST_STEP][PASSED] - selectOptionByLabel(findTestObject("Object Repository/ANEF_Eloignement_V_Nawres/Page_Ajouter_Decision/select_Mode_Notification"), ModeNotification, false, STOP_ON_FAILURE): All options with label 'Voie postale' are selected in object 'Object Repository/ANEF_Eloignement_V_Nawres/Page_Ajouter_Decision/select_Mode_Notification' 

14-02-2025T14:35:25 - [MESSAGE][INFO] - Finding Test Object 'Object Repository/ANEF_Eloignement_V_Nawres/Page_Ajouter_Decision/select_Mode_Notification'

14-02-2025T14:35:25 - [MESSAGE][INFO] - Checking timeout

14-02-2025T14:35:25 - [MESSAGE][INFO] - Finding web element with id: 'Object Repository/ANEF_Eloignement_V_Nawres/Page_Ajouter_Decision/select_Mode_Notification' located by 'By.xpath: //app-notification-modal//form//app-dsfr-select/div/select[@id="mode_notification"]' in '20' second(s)

14-02-2025T14:35:25 - [MESSAGE][INFO] - Found 1 web elements with id: 'Object Repository/ANEF_Eloignement_V_Nawres/Page_Ajouter_Decision/select_Mode_Notification' located by 'By.xpath: //app-notification-modal//form//app-dsfr-select/div/select[@id="mode_notification"]' in '20' second(s)

14-02-2025T14:35:25 - [MESSAGE][INFO] - Checking object

14-02-2025T14:35:25 - [MESSAGE][INFO] - Checking label parameter

14-02-2025T14:35:25 - [MESSAGE][INFO] - Finding web element from Test Object's properties

14-02-2025T14:35:25 - [MESSAGE][INFO] - Checking timeout

14-02-2025T14:35:25 - [MESSAGE][INFO] - Finding web element with id: 'Object Repository/ANEF_Eloignement_V_Nawres/Page_Ajouter_Decision/select_Mode_Notification' located by 'By.xpath: //app-notification-modal//form//app-dsfr-select/div/select[@id="mode_notification"]' in '100' second(s)

14-02-2025T14:35:25 - [MESSAGE][INFO] - Found 1 web elements with id: 'Object Repository/ANEF_Eloignement_V_Nawres/Page_Ajouter_Decision/select_Mode_Notification' located by 'By.xpath: //app-notification-modal//form//app-dsfr-select/div/select[@id="mode_notification"]' in '100' second(s)

14-02-2025T14:35:25 - [MESSAGE][INFO] - Selecting options on object 'Object Repository/ANEF_Eloignement_V_Nawres/Page_Ajouter_Decision/select_Mode_Notification' with label 'Voie postale' 

14-02-2025T14:35:26 - [MESSAGE][PASSED] - All options with label 'Voie postale' are selected in object 'Object Repository/ANEF_Eloignement_V_Nawres/Page_Ajouter_Decision/select_Mode_Notification' 

14-02-2025T14:35:26 - [TEST_STEP][PASSED] - setText(findTestObject("Object Repository/ANEF_Eloignement_V_Nawres/Page_Ajouter_Decision/input_Date_Notification"), DateActuelle, STOP_ON_FAILURE): Text '14/02/2025' is set on object 'Object Repository/ANEF_Eloignement_V_Nawres/Page_Ajouter_Decision/input_Date_Notification'

14-02-2025T14:35:26 - [MESSAGE][INFO] - Finding Test Object 'Object Repository/ANEF_Eloignement_V_Nawres/Page_Ajouter_Decision/input_Date_Notification'

14-02-2025T14:35:26 - [MESSAGE][INFO] - Checking timeout

14-02-2025T14:35:26 - [MESSAGE][INFO] - Finding web element with id: 'Object Repository/ANEF_Eloignement_V_Nawres/Page_Ajouter_Decision/input_Date_Notification' located by 'By.xpath: //app-notification-modal//form//app-dsfr-input/div/input[@name="date_notification"]' in '20' second(s)

14-02-2025T14:35:26 - [MESSAGE][INFO] - Found 1 web elements with id: 'Object Repository/ANEF_Eloignement_V_Nawres/Page_Ajouter_Decision/input_Date_Notification' located by 'By.xpath: //app-notification-modal//form//app-dsfr-input/div/input[@name="date_notification"]' in '20' second(s)

14-02-2025T14:35:26 - [MESSAGE][INFO] - Checking object

14-02-2025T14:35:26 - [MESSAGE][INFO] - Checking text

14-02-2025T14:35:26 - [MESSAGE][INFO] - Finding web element from Test Object's properties

14-02-2025T14:35:26 - [MESSAGE][INFO] - Checking timeout

14-02-2025T14:35:26 - [MESSAGE][INFO] - Finding web element with id: 'Object Repository/ANEF_Eloignement_V_Nawres/Page_Ajouter_Decision/input_Date_Notification' located by 'By.xpath: //app-notification-modal//form//app-dsfr-input/div/input[@name="date_notification"]' in '100' second(s)

14-02-2025T14:35:26 - [MESSAGE][INFO] - Found 1 web elements with id: 'Object Repository/ANEF_Eloignement_V_Nawres/Page_Ajouter_Decision/input_Date_Notification' located by 'By.xpath: //app-notification-modal//form//app-dsfr-input/div/input[@name="date_notification"]' in '100' second(s)

14-02-2025T14:35:26 - [MESSAGE][INFO] - Clearing text of object 'Object Repository/ANEF_Eloignement_V_Nawres/Page_Ajouter_Decision/input_Date_Notification'

14-02-2025T14:35:27 - [MESSAGE][INFO] - Finding web element from Test Object's properties

14-02-2025T14:35:27 - [MESSAGE][INFO] - Checking timeout

14-02-2025T14:35:27 - [MESSAGE][INFO] - Finding web element with id: 'Object Repository/ANEF_Eloignement_V_Nawres/Page_Ajouter_Decision/input_Date_Notification' located by 'By.xpath: //app-notification-modal//form//app-dsfr-input/div/input[@name="date_notification"]' in '100' second(s)

14-02-2025T14:35:27 - [MESSAGE][INFO] - Found 1 web elements with id: 'Object Repository/ANEF_Eloignement_V_Nawres/Page_Ajouter_Decision/input_Date_Notification' located by 'By.xpath: //app-notification-modal//form//app-dsfr-input/div/input[@name="date_notification"]' in '100' second(s)

14-02-2025T14:35:27 - [MESSAGE][INFO] - Setting text of object 'Object Repository/ANEF_Eloignement_V_Nawres/Page_Ajouter_Decision/input_Date_Notification' to value '14/02/2025'

14-02-2025T14:35:29 - [MESSAGE][PASSED] - Text '14/02/2025' is set on object 'Object Repository/ANEF_Eloignement_V_Nawres/Page_Ajouter_Decision/input_Date_Notification'

14-02-2025T14:35:29 - [TEST_STEP][PASSED] - if (ModeNotification == "Voie administrative"): null

14-02-2025T14:35:29 - [TEST_STEP][PASSED] - uploadFile(findTestObject("Object Repository/ANEF_Eloignement_V_Nawres/Page_Ajouter_Decision/input_Ajouter_Fichier_Notification"), getProjectDir() + "/Data Files/Fichier_Test.pdf"): File 'C:/Users/nbenjemi/Katalon Studio/ANEF-ELOIGNEMENT-20250121/ANEF-ELOIGNEMENT-20250121/Data Files/Fichier_Test.pdf' sent to object: 'Object Repository/ANEF_Eloignement_V_Nawres/Page_Ajouter_Decision/input_Ajouter_Fichier_Notification'

14-02-2025T14:35:29 - [MESSAGE][INFO] - Finding Test Object 'Object Repository/ANEF_Eloignement_V_Nawres/Page_Ajouter_Decision/input_Ajouter_Fichier_Notification'

14-02-2025T14:35:29 - [MESSAGE][INFO] - Checking object

14-02-2025T14:35:29 - [MESSAGE][INFO] - Uploading file 'C:/Users/nbenjemi/Katalon Studio/ANEF-ELOIGNEMENT-20250121/ANEF-ELOIGNEMENT-20250121/Data Files/Fichier_Test.pdf' to object: 'Object Repository/ANEF_Eloignement_V_Nawres/Page_Ajouter_Decision/input_Ajouter_Fichier_Notification'

14-02-2025T14:35:29 - [MESSAGE][INFO] - Finding web element from Test Object's properties

14-02-2025T14:35:29 - [MESSAGE][INFO] - Checking timeout

14-02-2025T14:35:29 - [MESSAGE][INFO] - Finding web element with id: 'Object Repository/ANEF_Eloignement_V_Nawres/Page_Ajouter_Decision/input_Ajouter_Fichier_Notification' located by 'By.xpath: //app-notification-modal//form//app-dsfr-piece-jointe//input' in '100' second(s)

14-02-2025T14:35:29 - [MESSAGE][INFO] - Found 1 web elements with id: 'Object Repository/ANEF_Eloignement_V_Nawres/Page_Ajouter_Decision/input_Ajouter_Fichier_Notification' located by 'By.xpath: //app-notification-modal//form//app-dsfr-piece-jointe//input' in '100' second(s)

14-02-2025T14:35:30 - [MESSAGE][PASSED] - File 'C:/Users/nbenjemi/Katalon Studio/ANEF-ELOIGNEMENT-20250121/ANEF-ELOIGNEMENT-20250121/Data Files/Fichier_Test.pdf' sent to object: 'Object Repository/ANEF_Eloignement_V_Nawres/Page_Ajouter_Decision/input_Ajouter_Fichier_Notification'

14-02-2025T14:35:30 - [TEST_STEP][PASSED] - scrollToElement(findTestObject("Object Repository/ANEF_Eloignement_V_Nawres/Page_Ajouter_Decision/btn_Confirmer_Ajout_Notification"), 5, STOP_ON_FAILURE): Scroll to object 'Object Repository/ANEF_Eloignement_V_Nawres/Page_Ajouter_Decision/btn_Confirmer_Ajout_Notification' successfully

14-02-2025T14:35:30 - [MESSAGE][INFO] - Finding Test Object 'Object Repository/ANEF_Eloignement_V_Nawres/Page_Ajouter_Decision/btn_Confirmer_Ajout_Notification'

14-02-2025T14:35:30 - [MESSAGE][INFO] - Checking object

14-02-2025T14:35:30 - [MESSAGE][INFO] - Checking timeout

14-02-2025T14:35:30 - [MESSAGE][INFO] - Finding web element from Test Object's properties

14-02-2025T14:35:30 - [MESSAGE][INFO] - Checking timeout

14-02-2025T14:35:30 - [MESSAGE][INFO] - Finding web element with id: 'Object Repository/ANEF_Eloignement_V_Nawres/Page_Ajouter_Decision/btn_Confirmer_Ajout_Notification' located by 'By.xpath: //app-notification-modal//button[contains(text(),"Confirmer l'ajout")]' in '100' second(s)

14-02-2025T14:35:30 - [MESSAGE][INFO] - Found 1 web elements with id: 'Object Repository/ANEF_Eloignement_V_Nawres/Page_Ajouter_Decision/btn_Confirmer_Ajout_Notification' located by 'By.xpath: //app-notification-modal//button[contains(text(),"Confirmer l'ajout")]' in '100' second(s)

14-02-2025T14:35:30 - [MESSAGE][INFO] - Scrolling to object 'Object Repository/ANEF_Eloignement_V_Nawres/Page_Ajouter_Decision/btn_Confirmer_Ajout_Notification'

14-02-2025T14:35:30 - [MESSAGE][PASSED] - Scroll to object 'Object Repository/ANEF_Eloignement_V_Nawres/Page_Ajouter_Decision/btn_Confirmer_Ajout_Notification' successfully

14-02-2025T14:35:30 - [TEST_STEP][PASSED] - click(findTestObject("Object Repository/ANEF_Eloignement_V_Nawres/Page_Ajouter_Decision/btn_Confirmer_Ajout_Notification"), STOP_ON_FAILURE): Object: 'Object Repository/ANEF_Eloignement_V_Nawres/Page_Ajouter_Decision/btn_Confirmer_Ajout_Notification' is clicked on

14-02-2025T14:35:30 - [MESSAGE][INFO] - Finding Test Object 'Object Repository/ANEF_Eloignement_V_Nawres/Page_Ajouter_Decision/btn_Confirmer_Ajout_Notification'

14-02-2025T14:35:30 - [MESSAGE][INFO] - Checking timeout

14-02-2025T14:35:30 - [MESSAGE][INFO] - Finding web element with id: 'Object Repository/ANEF_Eloignement_V_Nawres/Page_Ajouter_Decision/btn_Confirmer_Ajout_Notification' located by 'By.xpath: //app-notification-modal//button[contains(text(),"Confirmer l'ajout")]' in '20' second(s)

14-02-2025T14:35:30 - [MESSAGE][INFO] - Found 1 web elements with id: 'Object Repository/ANEF_Eloignement_V_Nawres/Page_Ajouter_Decision/btn_Confirmer_Ajout_Notification' located by 'By.xpath: //app-notification-modal//button[contains(text(),"Confirmer l'ajout")]' in '20' second(s)

14-02-2025T14:35:30 - [MESSAGE][INFO] - Checking object

14-02-2025T14:35:30 - [MESSAGE][INFO] - Checking timeout

14-02-2025T14:35:30 - [MESSAGE][INFO] - Finding web element from Test Object's properties

14-02-2025T14:35:30 - [MESSAGE][INFO] - Checking timeout

14-02-2025T14:35:30 - [MESSAGE][INFO] - Finding web element with id: 'Object Repository/ANEF_Eloignement_V_Nawres/Page_Ajouter_Decision/btn_Confirmer_Ajout_Notification' located by 'By.xpath: //app-notification-modal//button[contains(text(),"Confirmer l'ajout")]' in '100' second(s)

14-02-2025T14:35:30 - [MESSAGE][INFO] - Found 1 web elements with id: 'Object Repository/ANEF_Eloignement_V_Nawres/Page_Ajouter_Decision/btn_Confirmer_Ajout_Notification' located by 'By.xpath: //app-notification-modal//button[contains(text(),"Confirmer l'ajout")]' in '100' second(s)

14-02-2025T14:35:30 - [MESSAGE][INFO] - Clicking on object: 'Object Repository/ANEF_Eloignement_V_Nawres/Page_Ajouter_Decision/btn_Confirmer_Ajout_Notification'

14-02-2025T14:35:31 - [MESSAGE][PASSED] - Object: 'Object Repository/ANEF_Eloignement_V_Nawres/Page_Ajouter_Decision/btn_Confirmer_Ajout_Notification' is clicked on

14-02-2025T14:35:31 - [TEST_STEP][PASSED] - waitForElementClickable(findTestObject("Object Repository/ANEF_Eloignement_V_Nawres/Page_Ajouter_Decision/btn_Enregistrer"), 7, STOP_ON_FAILURE): Object 'Object Repository/ANEF_Eloignement_V_Nawres/Page_Ajouter_Decision/btn_Enregistrer' is clickable

14-02-2025T14:35:31 - [MESSAGE][INFO] - Finding Test Object 'Object Repository/ANEF_Eloignement_V_Nawres/Page_Ajouter_Decision/btn_Enregistrer'

14-02-2025T14:35:31 - [MESSAGE][INFO] - Checking object

14-02-2025T14:35:31 - [MESSAGE][INFO] - Checking timeout

14-02-2025T14:35:31 - [MESSAGE][INFO] - Finding web element from Test Object's properties

14-02-2025T14:35:31 - [MESSAGE][INFO] - Checking timeout

14-02-2025T14:35:31 - [MESSAGE][INFO] - Finding web element with id: 'Object Repository/ANEF_Eloignement_V_Nawres/Page_Ajouter_Decision/btn_Enregistrer' located by 'By.xpath: //button[contains(text(),"Enregistrer")]' in '7' second(s)

14-02-2025T14:35:31 - [MESSAGE][INFO] - Found 1 web elements with id: 'Object Repository/ANEF_Eloignement_V_Nawres/Page_Ajouter_Decision/btn_Enregistrer' located by 'By.xpath: //button[contains(text(),"Enregistrer")]' in '7' second(s)

14-02-2025T14:35:31 - [MESSAGE][PASSED] - Object 'Object Repository/ANEF_Eloignement_V_Nawres/Page_Ajouter_Decision/btn_Enregistrer' is clickable

14-02-2025T14:35:31 - [MESSAGE][PASSED] - Call Test Case 'Test Cases/Test Reutilisable/Main/ANEF_Eloignement_V_Nawres/ANEF_Ajouter_Decision' successfully

14-02-2025T14:35:33 - [TEST_STEP][PASSED] - Video: Video recording for test case 'Test Cases/Cas D Utilisations/ANEF_Eloignement_V_Nawres/TC_ANEF_Eloignement' .

14-02-2025T14:35:33 - [MESSAGE][INFO] - Video recording for test case 'Test Cases/Cas D Utilisations/ANEF_Eloignement_V_Nawres/TC_ANEF_Eloignement' .]]></system-out>
         <system-err><![CDATA[]]></system-err>
      </testcase>
      <testcase name="Test Cases/Cas D Utilisations/ANEF_Eloignement_V_Nawres/TC_ANEF_Eloignement" time="80.267" classname="Test Cases/Cas D Utilisations/ANEF_Eloignement_V_Nawres/TC_ANEF_Eloignement" status="PASSED">
         <system-out><![CDATA[14-02-2025T14:35:33 - [TEST_CASE][PASSED] - Test Cases/Cas D Utilisations/ANEF_Eloignement_V_Nawres/TC_ANEF_Eloignement: Test Cases/Cas D Utilisations/ANEF_Eloignement_V_Nawres/TC_ANEF_Eloignement

14-02-2025T14:35:33 - [TEST_STEP][PASSED] - callTestCase(findTestCase("Test Cases/Test Reutilisable/Main/ANEF_Eloignement_V_Nawres/ANEF_Lancer_URL_ANEF"), ["Profiles":Profiles, "EnvExec":EnvExec], STOP_ON_FAILURE): Call Test Case 'Test Cases/Test Reutilisable/Main/ANEF_Eloignement_V_Nawres/ANEF_Lancer_URL_ANEF' successfully

14-02-2025T14:35:33 - [MESSAGE][INFO] - Checking called Test Case

14-02-2025T14:35:33 - [MESSAGE][INFO] - Starting to call Test Case 'Test Cases/Test Reutilisable/Main/ANEF_Eloignement_V_Nawres/ANEF_Lancer_URL_ANEF'

14-02-2025T14:35:34 - [TEST_CASE][PASSED] - Test Cases/Test Reutilisable/Main/ANEF_Eloignement_V_Nawres/ANEF_Lancer_URL_ANEF: Test Cases/Test Reutilisable/Main/ANEF_Eloignement_V_Nawres/ANEF_Lancer_URL_ANEF

14-02-2025T14:35:34 - [TEST_STEP][PASSED] - "Call Highlight.on() automatically": null

14-02-2025T14:35:34 - [TEST_STEP][PASSED] - projDir = getProjectDir(): null

14-02-2025T14:35:34 - [TEST_STEP][PASSED] - RunBrowserConfiguration = getExecutionProperties(): null

14-02-2025T14:35:34 - [TEST_STEP][PASSED] - DriverName = get("WebUI").get("browserType"): null

14-02-2025T14:35:34 - [TEST_STEP][PASSED] - println("DriverName :" + DriverName): null

14-02-2025T14:35:34 - [TEST_STEP][PASSED] - println("Driverpath :" + RunBrowserConfiguration.get("drivers")): null

14-02-2025T14:35:34 - [TEST_STEP][PASSED] - if (Profiles == "Usager"): null

14-02-2025T14:35:34 - [TEST_STEP][PASSED] - if (Profiles == "Agent"): Current window maximized

14-02-2025T14:35:34 - [TEST_STEP][PASSED] - if (EnvExec == "URLPortailAgentQualif"): Browser is opened with url: 'https://qualification.siaef.dgef.interieur.gouv.fr/sejour/#/accueil'

14-02-2025T14:35:34 - [TEST_STEP][PASSED] - openBrowser(URLPortailAgentQualif): Browser is opened with url: 'https://qualification.siaef.dgef.interieur.gouv.fr/sejour/#/accueil'

14-02-2025T14:35:34 - [MESSAGE][INFO] - Opening browser

14-02-2025T14:35:34 - [MESSAGE][WARNING] - A browser is already opened. Closing browser and opening a new one

14-02-2025T14:35:34 - [MESSAGE][INFO] - Starting 'Chrome' driver

14-02-2025T14:35:34 - [MESSAGE][INFO] - User set preference: ['args', '[--incognito, --disable-search-engine-choice-screen, --enable-automation, --disable-save-password-bubble, --start-maximized, --remote-allow-origins=*]']

14-02-2025T14:35:34 - [MESSAGE][INFO] - User set preference: ['prefs', '{download.default_directory=${GlobalVariable.downloadPath}, download_dir=${GlobalVariable.downloadPath}, download.prompt_for_download=false}']

14-02-2025T14:35:34 - [MESSAGE][INFO] - User set preference: ['loggingPrefs', '{browser=ALL}']

14-02-2025T14:35:34 - [MESSAGE][INFO] - Action delay is set to 1â€¯000 milliseconds

14-02-2025T14:35:36 - [MESSAGE][INFO] - Navigating browser to: 'https://qualification.siaef.dgef.interieur.gouv.fr/sejour/#/accueil'

14-02-2025T14:35:38 - [MESSAGE][PASSED] - Browser is opened with url: 'https://qualification.siaef.dgef.interieur.gouv.fr/sejour/#/accueil'

14-02-2025T14:35:38 - [TEST_STEP][PASSED] - if (EnvExec == "URLPortailAgentPreProd"): null

14-02-2025T14:35:38 - [TEST_STEP][PASSED] - maximizeWindow(): Current window maximized

14-02-2025T14:35:38 - [MESSAGE][INFO] - Maximizing current window

14-02-2025T14:35:38 - [MESSAGE][PASSED] - Current window maximized

14-02-2025T14:35:38 - [MESSAGE][PASSED] - Call Test Case 'Test Cases/Test Reutilisable/Main/ANEF_Eloignement_V_Nawres/ANEF_Lancer_URL_ANEF' successfully

14-02-2025T14:35:38 - [TEST_STEP][PASSED] - callTestCase(findTestCase("Test Cases/Test Reutilisable/Main/ANEF_Eloignement_V_Nawres/ANEF_Identification"), ["Profiles":Profiles, "IdentifiantAgent":IdentifiantAgent, "PwAgent":PwAgent, "EnvExec":EnvExec], STOP_ON_FAILURE): Call Test Case 'Test Cases/Test Reutilisable/Main/ANEF_Eloignement_V_Nawres/ANEF_Identification' successfully

14-02-2025T14:35:38 - [MESSAGE][INFO] - Checking called Test Case

14-02-2025T14:35:38 - [MESSAGE][INFO] - Starting to call Test Case 'Test Cases/Test Reutilisable/Main/ANEF_Eloignement_V_Nawres/ANEF_Identification'

14-02-2025T14:35:38 - [TEST_CASE][PASSED] - Test Cases/Test Reutilisable/Main/ANEF_Eloignement_V_Nawres/ANEF_Identification: Test Cases/Test Reutilisable/Main/ANEF_Eloignement_V_Nawres/ANEF_Identification

14-02-2025T14:35:38 - [TEST_STEP][PASSED] - com.kazurayam.ksbackyard.HighlightElement.pandemic(): com.kazurayam.ksbackyard.HighlightElement.pandemic is PASSED

14-02-2025T14:35:38 - [MESSAGE][PASSED] - com.kazurayam.ksbackyard.HighlightElement.pandemic is PASSED

14-02-2025T14:35:38 - [TEST_STEP][PASSED] - if (Profiles == "Usager"): null

14-02-2025T14:35:38 - [TEST_STEP][PASSED] - if (Profiles == "Agent"): Object: 'Object Repository/ANEF_Eloignement_V_Nawres/Page_ANEF_Connexion/btn_Valider_Conx_Agent' is clicked on

14-02-2025T14:35:38 - [TEST_STEP][PASSED] - if (EnvExec == "URLPortailAgentQualif"): Text 'Natali12345!' is set on object 'Object Repository/ANEF_Eloignement_V_Nawres/Page_ANEF_Connexion/Input_PasswordAgent'

14-02-2025T14:35:38 - [TEST_STEP][PASSED] - setText(findTestObject("Object Repository/ANEF_Eloignement_V_Nawres/Page_ANEF_Connexion/Input_UserNameAgent"), IdentifiantAgent): Text 'test.gpe+32@outlook.fr' is set on object 'Object Repository/ANEF_Eloignement_V_Nawres/Page_ANEF_Connexion/Input_UserNameAgent'

14-02-2025T14:35:38 - [MESSAGE][INFO] - Finding Test Object 'Object Repository/ANEF_Eloignement_V_Nawres/Page_ANEF_Connexion/Input_UserNameAgent'

14-02-2025T14:35:38 - [MESSAGE][INFO] - Checking timeout

14-02-2025T14:35:38 - [MESSAGE][INFO] - Finding web element with id: 'Object Repository/ANEF_Eloignement_V_Nawres/Page_ANEF_Connexion/Input_UserNameAgent' located by 'By.xpath: //*[@aria-labelledby="username-label"]|//*[@id="login"]' in '20' second(s)

14-02-2025T14:35:38 - [MESSAGE][INFO] - Found 1 web elements with id: 'Object Repository/ANEF_Eloignement_V_Nawres/Page_ANEF_Connexion/Input_UserNameAgent' located by 'By.xpath: //*[@aria-labelledby="username-label"]|//*[@id="login"]' in '20' second(s)

14-02-2025T14:35:38 - [MESSAGE][INFO] - Checking object

14-02-2025T14:35:38 - [MESSAGE][INFO] - Checking text

14-02-2025T14:35:38 - [MESSAGE][INFO] - Finding web element from Test Object's properties

14-02-2025T14:35:38 - [MESSAGE][INFO] - Checking timeout

14-02-2025T14:35:38 - [MESSAGE][INFO] - Finding web element with id: 'Object Repository/ANEF_Eloignement_V_Nawres/Page_ANEF_Connexion/Input_UserNameAgent' located by 'By.xpath: //*[@aria-labelledby="username-label"]|//*[@id="login"]' in '100' second(s)

14-02-2025T14:35:38 - [MESSAGE][INFO] - Found 1 web elements with id: 'Object Repository/ANEF_Eloignement_V_Nawres/Page_ANEF_Connexion/Input_UserNameAgent' located by 'By.xpath: //*[@aria-labelledby="username-label"]|//*[@id="login"]' in '100' second(s)

14-02-2025T14:35:38 - [MESSAGE][INFO] - Clearing text of object 'Object Repository/ANEF_Eloignement_V_Nawres/Page_ANEF_Connexion/Input_UserNameAgent'

14-02-2025T14:35:39 - [MESSAGE][INFO] - Finding web element from Test Object's properties

14-02-2025T14:35:39 - [MESSAGE][INFO] - Checking timeout

14-02-2025T14:35:39 - [MESSAGE][INFO] - Finding web element with id: 'Object Repository/ANEF_Eloignement_V_Nawres/Page_ANEF_Connexion/Input_UserNameAgent' located by 'By.xpath: //*[@aria-labelledby="username-label"]|//*[@id="login"]' in '100' second(s)

14-02-2025T14:35:39 - [MESSAGE][INFO] - Found 1 web elements with id: 'Object Repository/ANEF_Eloignement_V_Nawres/Page_ANEF_Connexion/Input_UserNameAgent' located by 'By.xpath: //*[@aria-labelledby="username-label"]|//*[@id="login"]' in '100' second(s)

14-02-2025T14:35:39 - [MESSAGE][INFO] - Setting text of object 'Object Repository/ANEF_Eloignement_V_Nawres/Page_ANEF_Connexion/Input_UserNameAgent' to value 'test.gpe+32@outlook.fr'

14-02-2025T14:35:40 - [MESSAGE][PASSED] - Text 'test.gpe+32@outlook.fr' is set on object 'Object Repository/ANEF_Eloignement_V_Nawres/Page_ANEF_Connexion/Input_UserNameAgent'

14-02-2025T14:35:40 - [TEST_STEP][PASSED] - setText(findTestObject("Object Repository/ANEF_Eloignement_V_Nawres/Page_ANEF_Connexion/Input_PasswordAgent"), PwAgent): Text 'Natali12345!' is set on object 'Object Repository/ANEF_Eloignement_V_Nawres/Page_ANEF_Connexion/Input_PasswordAgent'

14-02-2025T14:35:40 - [MESSAGE][INFO] - Finding Test Object 'Object Repository/ANEF_Eloignement_V_Nawres/Page_ANEF_Connexion/Input_PasswordAgent'

14-02-2025T14:35:40 - [MESSAGE][INFO] - Checking timeout

14-02-2025T14:35:40 - [MESSAGE][INFO] - Finding web element with id: 'Object Repository/ANEF_Eloignement_V_Nawres/Page_ANEF_Connexion/Input_PasswordAgent' located by 'By.xpath: //*[@aria-labelledby="password-label"]|//*[@id="password"]' in '20' second(s)

14-02-2025T14:35:40 - [MESSAGE][INFO] - Found 1 web elements with id: 'Object Repository/ANEF_Eloignement_V_Nawres/Page_ANEF_Connexion/Input_PasswordAgent' located by 'By.xpath: //*[@aria-labelledby="password-label"]|//*[@id="password"]' in '20' second(s)

14-02-2025T14:35:40 - [MESSAGE][INFO] - Checking object

14-02-2025T14:35:40 - [MESSAGE][INFO] - Checking text

14-02-2025T14:35:40 - [MESSAGE][INFO] - Finding web element from Test Object's properties

14-02-2025T14:35:40 - [MESSAGE][INFO] - Checking timeout

14-02-2025T14:35:40 - [MESSAGE][INFO] - Finding web element with id: 'Object Repository/ANEF_Eloignement_V_Nawres/Page_ANEF_Connexion/Input_PasswordAgent' located by 'By.xpath: //*[@aria-labelledby="password-label"]|//*[@id="password"]' in '100' second(s)

14-02-2025T14:35:40 - [MESSAGE][INFO] - Found 1 web elements with id: 'Object Repository/ANEF_Eloignement_V_Nawres/Page_ANEF_Connexion/Input_PasswordAgent' located by 'By.xpath: //*[@aria-labelledby="password-label"]|//*[@id="password"]' in '100' second(s)

14-02-2025T14:35:40 - [MESSAGE][INFO] - Clearing text of object 'Object Repository/ANEF_Eloignement_V_Nawres/Page_ANEF_Connexion/Input_PasswordAgent'

14-02-2025T14:35:41 - [MESSAGE][INFO] - Finding web element from Test Object's properties

14-02-2025T14:35:41 - [MESSAGE][INFO] - Checking timeout

14-02-2025T14:35:41 - [MESSAGE][INFO] - Finding web element with id: 'Object Repository/ANEF_Eloignement_V_Nawres/Page_ANEF_Connexion/Input_PasswordAgent' located by 'By.xpath: //*[@aria-labelledby="password-label"]|//*[@id="password"]' in '100' second(s)

14-02-2025T14:35:41 - [MESSAGE][INFO] - Found 1 web elements with id: 'Object Repository/ANEF_Eloignement_V_Nawres/Page_ANEF_Connexion/Input_PasswordAgent' located by 'By.xpath: //*[@aria-labelledby="password-label"]|//*[@id="password"]' in '100' second(s)

14-02-2025T14:35:41 - [MESSAGE][INFO] - Setting text of object 'Object Repository/ANEF_Eloignement_V_Nawres/Page_ANEF_Connexion/Input_PasswordAgent' to value 'Natali12345!'

14-02-2025T14:35:42 - [MESSAGE][PASSED] - Text 'Natali12345!' is set on object 'Object Repository/ANEF_Eloignement_V_Nawres/Page_ANEF_Connexion/Input_PasswordAgent'

14-02-2025T14:35:42 - [TEST_STEP][PASSED] - if (EnvExec == "URLPortailAgentPreProd"): null

14-02-2025T14:35:42 - [TEST_STEP][PASSED] - click(findTestObject("Object Repository/ANEF_Eloignement_V_Nawres/Page_ANEF_Connexion/btn_Valider_Conx_Agent")): Object: 'Object Repository/ANEF_Eloignement_V_Nawres/Page_ANEF_Connexion/btn_Valider_Conx_Agent' is clicked on

14-02-2025T14:35:42 - [MESSAGE][INFO] - Finding Test Object 'Object Repository/ANEF_Eloignement_V_Nawres/Page_ANEF_Connexion/btn_Valider_Conx_Agent'

14-02-2025T14:35:42 - [MESSAGE][INFO] - Checking timeout

14-02-2025T14:35:42 - [MESSAGE][INFO] - Finding web element with id: 'Object Repository/ANEF_Eloignement_V_Nawres/Page_ANEF_Connexion/btn_Valider_Conx_Agent' located by 'By.xpath: //*[@label="Valider"]|//*[@id="btn-login"]' in '20' second(s)

14-02-2025T14:35:42 - [MESSAGE][INFO] - Found 1 web elements with id: 'Object Repository/ANEF_Eloignement_V_Nawres/Page_ANEF_Connexion/btn_Valider_Conx_Agent' located by 'By.xpath: //*[@label="Valider"]|//*[@id="btn-login"]' in '20' second(s)

14-02-2025T14:35:42 - [MESSAGE][INFO] - Checking object

14-02-2025T14:35:42 - [MESSAGE][INFO] - Checking timeout

14-02-2025T14:35:42 - [MESSAGE][INFO] - Finding web element from Test Object's properties

14-02-2025T14:35:42 - [MESSAGE][INFO] - Checking timeout

14-02-2025T14:35:42 - [MESSAGE][INFO] - Finding web element with id: 'Object Repository/ANEF_Eloignement_V_Nawres/Page_ANEF_Connexion/btn_Valider_Conx_Agent' located by 'By.xpath: //*[@label="Valider"]|//*[@id="btn-login"]' in '100' second(s)

14-02-2025T14:35:42 - [MESSAGE][INFO] - Found 1 web elements with id: 'Object Repository/ANEF_Eloignement_V_Nawres/Page_ANEF_Connexion/btn_Valider_Conx_Agent' located by 'By.xpath: //*[@label="Valider"]|//*[@id="btn-login"]' in '100' second(s)

14-02-2025T14:35:42 - [MESSAGE][INFO] - Clicking on object: 'Object Repository/ANEF_Eloignement_V_Nawres/Page_ANEF_Connexion/btn_Valider_Conx_Agent'

14-02-2025T14:35:44 - [MESSAGE][PASSED] - Object: 'Object Repository/ANEF_Eloignement_V_Nawres/Page_ANEF_Connexion/btn_Valider_Conx_Agent' is clicked on

14-02-2025T14:35:44 - [TEST_STEP][PASSED] - delay(5): Delayed 5 second(s)

14-02-2025T14:35:44 - [MESSAGE][INFO] - Delaying browser in 5 second(s)

14-02-2025T14:35:49 - [MESSAGE][PASSED] - Delayed 5 second(s)

14-02-2025T14:35:49 - [TEST_STEP][PASSED] - verifyElementPresent(findTestObject("Object Repository/ANEF_Eloignement_V_Nawres/Page_Accueil_Principale/btn_ANEF_Eloignement"), 1, STOP_ON_FAILURE): Object 'Object Repository/ANEF_Eloignement_V_Nawres/Page_Accueil_Principale/btn_ANEF_Eloignement' is present

14-02-2025T14:35:49 - [MESSAGE][INFO] - Finding Test Object 'Object Repository/ANEF_Eloignement_V_Nawres/Page_Accueil_Principale/btn_ANEF_Eloignement'

14-02-2025T14:35:49 - [MESSAGE][INFO] - Checking object

14-02-2025T14:35:49 - [MESSAGE][INFO] - Finding web element from Test Object's properties

14-02-2025T14:35:49 - [MESSAGE][INFO] - Checking timeout

14-02-2025T14:35:49 - [MESSAGE][INFO] - Finding web element with id: 'Object Repository/ANEF_Eloignement_V_Nawres/Page_Accueil_Principale/btn_ANEF_Eloignement' located by 'By.xpath: //span[contains(text()," ANEF Ã©loignement ")]' in '1' second(s)

14-02-2025T14:35:49 - [MESSAGE][INFO] - Found 1 web elements with id: 'Object Repository/ANEF_Eloignement_V_Nawres/Page_Accueil_Principale/btn_ANEF_Eloignement' located by 'By.xpath: //span[contains(text()," ANEF Ã©loignement ")]' in '1' second(s)

14-02-2025T14:35:49 - [MESSAGE][PASSED] - Object 'Object Repository/ANEF_Eloignement_V_Nawres/Page_Accueil_Principale/btn_ANEF_Eloignement' is present

14-02-2025T14:35:49 - [MESSAGE][PASSED] - Call Test Case 'Test Cases/Test Reutilisable/Main/ANEF_Eloignement_V_Nawres/ANEF_Identification' successfully

14-02-2025T14:35:49 - [TEST_STEP][PASSED] - callTestCase(findTestCase("Test Cases/Test Reutilisable/Main/ANEF_Eloignement_V_Nawres/ANEF_Creation_ou_Recherche_Dossier"), ["CreationOuRecherche":CreationOuRecherche, "NumeroEtranger":NumeroEtranger], STOP_ON_FAILURE): Call Test Case 'Test Cases/Test Reutilisable/Main/ANEF_Eloignement_V_Nawres/ANEF_Creation_ou_Recherche_Dossier' successfully

14-02-2025T14:35:49 - [MESSAGE][INFO] - Checking called Test Case

14-02-2025T14:35:49 - [MESSAGE][INFO] - Starting to call Test Case 'Test Cases/Test Reutilisable/Main/ANEF_Eloignement_V_Nawres/ANEF_Creation_ou_Recherche_Dossier'

14-02-2025T14:35:49 - [TEST_CASE][PASSED] - Test Cases/Test Reutilisable/Main/ANEF_Eloignement_V_Nawres/ANEF_Creation_ou_Recherche_Dossier: Test Cases/Test Reutilisable/Main/ANEF_Eloignement_V_Nawres/ANEF_Creation_ou_Recherche_Dossier

14-02-2025T14:35:49 - [TEST_STEP][PASSED] - click(findTestObject("Object Repository/ANEF_Eloignement_V_Nawres/Page_Accueil_Principale/btn_ANEF_Eloignement")): Object: 'Object Repository/ANEF_Eloignement_V_Nawres/Page_Accueil_Principale/btn_ANEF_Eloignement' is clicked on

14-02-2025T14:35:49 - [MESSAGE][INFO] - Finding Test Object 'Object Repository/ANEF_Eloignement_V_Nawres/Page_Accueil_Principale/btn_ANEF_Eloignement'

14-02-2025T14:35:49 - [MESSAGE][INFO] - Checking timeout

14-02-2025T14:35:49 - [MESSAGE][INFO] - Finding web element with id: 'Object Repository/ANEF_Eloignement_V_Nawres/Page_Accueil_Principale/btn_ANEF_Eloignement' located by 'By.xpath: //span[contains(text()," ANEF Ã©loignement ")]' in '20' second(s)

14-02-2025T14:35:49 - [MESSAGE][INFO] - Found 1 web elements with id: 'Object Repository/ANEF_Eloignement_V_Nawres/Page_Accueil_Principale/btn_ANEF_Eloignement' located by 'By.xpath: //span[contains(text()," ANEF Ã©loignement ")]' in '20' second(s)

14-02-2025T14:35:49 - [MESSAGE][INFO] - Checking object

14-02-2025T14:35:49 - [MESSAGE][INFO] - Checking timeout

14-02-2025T14:35:49 - [MESSAGE][INFO] - Finding web element from Test Object's properties

14-02-2025T14:35:49 - [MESSAGE][INFO] - Checking timeout

14-02-2025T14:35:49 - [MESSAGE][INFO] - Finding web element with id: 'Object Repository/ANEF_Eloignement_V_Nawres/Page_Accueil_Principale/btn_ANEF_Eloignement' located by 'By.xpath: //span[contains(text()," ANEF Ã©loignement ")]' in '100' second(s)

14-02-2025T14:35:49 - [MESSAGE][INFO] - Found 1 web elements with id: 'Object Repository/ANEF_Eloignement_V_Nawres/Page_Accueil_Principale/btn_ANEF_Eloignement' located by 'By.xpath: //span[contains(text()," ANEF Ã©loignement ")]' in '100' second(s)

14-02-2025T14:35:49 - [MESSAGE][INFO] - Clicking on object: 'Object Repository/ANEF_Eloignement_V_Nawres/Page_Accueil_Principale/btn_ANEF_Eloignement'

14-02-2025T14:35:52 - [MESSAGE][PASSED] - Object: 'Object Repository/ANEF_Eloignement_V_Nawres/Page_Accueil_Principale/btn_ANEF_Eloignement' is clicked on

14-02-2025T14:35:52 - [TEST_STEP][PASSED] - verifyElementPresent(findTestObject("Object Repository/ANEF_Eloignement_V_Nawres/Page_Creation_ou_Recherche_Dossier/btn_Rechercher_Dossier"), 1, STOP_ON_FAILURE): Object 'Object Repository/ANEF_Eloignement_V_Nawres/Page_Creation_ou_Recherche_Dossier/btn_Rechercher_Dossier' is present

14-02-2025T14:35:52 - [MESSAGE][INFO] - Finding Test Object 'Object Repository/ANEF_Eloignement_V_Nawres/Page_Creation_ou_Recherche_Dossier/btn_Rechercher_Dossier'

14-02-2025T14:35:52 - [MESSAGE][INFO] - Checking object

14-02-2025T14:35:52 - [MESSAGE][INFO] - Finding web element from Test Object's properties

14-02-2025T14:35:52 - [MESSAGE][INFO] - Checking timeout

14-02-2025T14:35:52 - [MESSAGE][INFO] - Finding web element with id: 'Object Repository/ANEF_Eloignement_V_Nawres/Page_Creation_ou_Recherche_Dossier/btn_Rechercher_Dossier' located by 'By.xpath: //button[@title="Rechercher un dossier"]' in '1' second(s)

14-02-2025T14:35:52 - [MESSAGE][INFO] - Found 1 web elements with id: 'Object Repository/ANEF_Eloignement_V_Nawres/Page_Creation_ou_Recherche_Dossier/btn_Rechercher_Dossier' located by 'By.xpath: //button[@title="Rechercher un dossier"]' in '1' second(s)

14-02-2025T14:35:52 - [MESSAGE][PASSED] - Object 'Object Repository/ANEF_Eloignement_V_Nawres/Page_Creation_ou_Recherche_Dossier/btn_Rechercher_Dossier' is present

14-02-2025T14:35:52 - [TEST_STEP][PASSED] - delay(5): Delayed 5 second(s)

14-02-2025T14:35:52 - [MESSAGE][INFO] - Delaying browser in 5 second(s)

14-02-2025T14:35:57 - [MESSAGE][PASSED] - Delayed 5 second(s)

14-02-2025T14:35:57 - [TEST_STEP][PASSED] - click(findTestObject("Object Repository/ANEF_Eloignement_V_Nawres/Page_Creation_ou_Recherche_Dossier/btn_Rechercher_Dossier")): Object: 'Object Repository/ANEF_Eloignement_V_Nawres/Page_Creation_ou_Recherche_Dossier/btn_Rechercher_Dossier' is clicked on

14-02-2025T14:35:57 - [MESSAGE][INFO] - Finding Test Object 'Object Repository/ANEF_Eloignement_V_Nawres/Page_Creation_ou_Recherche_Dossier/btn_Rechercher_Dossier'

14-02-2025T14:35:57 - [MESSAGE][INFO] - Checking timeout

14-02-2025T14:35:57 - [MESSAGE][INFO] - Finding web element with id: 'Object Repository/ANEF_Eloignement_V_Nawres/Page_Creation_ou_Recherche_Dossier/btn_Rechercher_Dossier' located by 'By.xpath: //button[@title="Rechercher un dossier"]' in '20' second(s)

14-02-2025T14:35:57 - [MESSAGE][INFO] - Found 1 web elements with id: 'Object Repository/ANEF_Eloignement_V_Nawres/Page_Creation_ou_Recherche_Dossier/btn_Rechercher_Dossier' located by 'By.xpath: //button[@title="Rechercher un dossier"]' in '20' second(s)

14-02-2025T14:35:57 - [MESSAGE][INFO] - Checking object

14-02-2025T14:35:57 - [MESSAGE][INFO] - Checking timeout

14-02-2025T14:35:57 - [MESSAGE][INFO] - Finding web element from Test Object's properties

14-02-2025T14:35:57 - [MESSAGE][INFO] - Checking timeout

14-02-2025T14:35:57 - [MESSAGE][INFO] - Finding web element with id: 'Object Repository/ANEF_Eloignement_V_Nawres/Page_Creation_ou_Recherche_Dossier/btn_Rechercher_Dossier' located by 'By.xpath: //button[@title="Rechercher un dossier"]' in '100' second(s)

14-02-2025T14:35:57 - [MESSAGE][INFO] - Found 1 web elements with id: 'Object Repository/ANEF_Eloignement_V_Nawres/Page_Creation_ou_Recherche_Dossier/btn_Rechercher_Dossier' located by 'By.xpath: //button[@title="Rechercher un dossier"]' in '100' second(s)

14-02-2025T14:35:57 - [MESSAGE][INFO] - Clicking on object: 'Object Repository/ANEF_Eloignement_V_Nawres/Page_Creation_ou_Recherche_Dossier/btn_Rechercher_Dossier'

14-02-2025T14:35:58 - [MESSAGE][PASSED] - Object: 'Object Repository/ANEF_Eloignement_V_Nawres/Page_Creation_ou_Recherche_Dossier/btn_Rechercher_Dossier' is clicked on

14-02-2025T14:35:58 - [TEST_STEP][PASSED] - if (CreationOuRecherche == "Creation"): null

14-02-2025T14:35:58 - [TEST_STEP][PASSED] - if (CreationOuRecherche == "Recherche"): Object: 'Object Repository/ANEF_Eloignement_V_Nawres/Page_Creation_ou_Recherche_Dossier/btn_Choisir_Dossier_Etranger' is clicked on

14-02-2025T14:35:58 - [TEST_STEP][PASSED] - setText(findTestObject("Object Repository/ANEF_Eloignement_V_Nawres/Page_Creation_ou_Recherche_Dossier/Input_Numero_etranger"), NumeroEtranger, STOP_ON_FAILURE): Text '7703056080' is set on object 'Object Repository/ANEF_Eloignement_V_Nawres/Page_Creation_ou_Recherche_Dossier/Input_Numero_etranger'

14-02-2025T14:35:58 - [MESSAGE][INFO] - Finding Test Object 'Object Repository/ANEF_Eloignement_V_Nawres/Page_Creation_ou_Recherche_Dossier/Input_Numero_etranger'

14-02-2025T14:35:58 - [MESSAGE][INFO] - Checking timeout

14-02-2025T14:35:58 - [MESSAGE][INFO] - Finding web element with id: 'Object Repository/ANEF_Eloignement_V_Nawres/Page_Creation_ou_Recherche_Dossier/Input_Numero_etranger' located by 'By.xpath: //app-identite-declaree-search-box//div/app-dsfr-input/div/input[@id="identifiant_agdref"]|//app-search-box//div/app-dsfr-input/div/input[@id="identifiant_agdref"]' in '20' second(s)

14-02-2025T14:35:58 - [MESSAGE][INFO] - Found 1 web elements with id: 'Object Repository/ANEF_Eloignement_V_Nawres/Page_Creation_ou_Recherche_Dossier/Input_Numero_etranger' located by 'By.xpath: //app-identite-declaree-search-box//div/app-dsfr-input/div/input[@id="identifiant_agdref"]|//app-search-box//div/app-dsfr-input/div/input[@id="identifiant_agdref"]' in '20' second(s)

14-02-2025T14:35:58 - [MESSAGE][INFO] - Checking object

14-02-2025T14:35:58 - [MESSAGE][INFO] - Checking text

14-02-2025T14:35:58 - [MESSAGE][INFO] - Finding web element from Test Object's properties

14-02-2025T14:35:58 - [MESSAGE][INFO] - Checking timeout

14-02-2025T14:35:58 - [MESSAGE][INFO] - Finding web element with id: 'Object Repository/ANEF_Eloignement_V_Nawres/Page_Creation_ou_Recherche_Dossier/Input_Numero_etranger' located by 'By.xpath: //app-identite-declaree-search-box//div/app-dsfr-input/div/input[@id="identifiant_agdref"]|//app-search-box//div/app-dsfr-input/div/input[@id="identifiant_agdref"]' in '100' second(s)

14-02-2025T14:35:58 - [MESSAGE][INFO] - Found 1 web elements with id: 'Object Repository/ANEF_Eloignement_V_Nawres/Page_Creation_ou_Recherche_Dossier/Input_Numero_etranger' located by 'By.xpath: //app-identite-declaree-search-box//div/app-dsfr-input/div/input[@id="identifiant_agdref"]|//app-search-box//div/app-dsfr-input/div/input[@id="identifiant_agdref"]' in '100' second(s)

14-02-2025T14:35:58 - [MESSAGE][INFO] - Clearing text of object 'Object Repository/ANEF_Eloignement_V_Nawres/Page_Creation_ou_Recherche_Dossier/Input_Numero_etranger'

14-02-2025T14:35:59 - [MESSAGE][INFO] - Finding web element from Test Object's properties

14-02-2025T14:35:59 - [MESSAGE][INFO] - Checking timeout

14-02-2025T14:35:59 - [MESSAGE][INFO] - Finding web element with id: 'Object Repository/ANEF_Eloignement_V_Nawres/Page_Creation_ou_Recherche_Dossier/Input_Numero_etranger' located by 'By.xpath: //app-identite-declaree-search-box//div/app-dsfr-input/div/input[@id="identifiant_agdref"]|//app-search-box//div/app-dsfr-input/div/input[@id="identifiant_agdref"]' in '100' second(s)

14-02-2025T14:35:59 - [MESSAGE][INFO] - Found 1 web elements with id: 'Object Repository/ANEF_Eloignement_V_Nawres/Page_Creation_ou_Recherche_Dossier/Input_Numero_etranger' located by 'By.xpath: //app-identite-declaree-search-box//div/app-dsfr-input/div/input[@id="identifiant_agdref"]|//app-search-box//div/app-dsfr-input/div/input[@id="identifiant_agdref"]' in '100' second(s)

14-02-2025T14:35:59 - [MESSAGE][INFO] - Setting text of object 'Object Repository/ANEF_Eloignement_V_Nawres/Page_Creation_ou_Recherche_Dossier/Input_Numero_etranger' to value '7703056080'

14-02-2025T14:36:00 - [MESSAGE][PASSED] - Text '7703056080' is set on object 'Object Repository/ANEF_Eloignement_V_Nawres/Page_Creation_ou_Recherche_Dossier/Input_Numero_etranger'

14-02-2025T14:36:00 - [TEST_STEP][PASSED] - click(findTestObject("Object Repository/ANEF_Eloignement_V_Nawres/Page_Creation_ou_Recherche_Dossier/Input_Numero_etranger"), STOP_ON_FAILURE): Object: 'Object Repository/ANEF_Eloignement_V_Nawres/Page_Creation_ou_Recherche_Dossier/Input_Numero_etranger' is clicked on

14-02-2025T14:36:00 - [MESSAGE][INFO] - Finding Test Object 'Object Repository/ANEF_Eloignement_V_Nawres/Page_Creation_ou_Recherche_Dossier/Input_Numero_etranger'

14-02-2025T14:36:00 - [MESSAGE][INFO] - Checking timeout

14-02-2025T14:36:00 - [MESSAGE][INFO] - Finding web element with id: 'Object Repository/ANEF_Eloignement_V_Nawres/Page_Creation_ou_Recherche_Dossier/Input_Numero_etranger' located by 'By.xpath: //app-identite-declaree-search-box//div/app-dsfr-input/div/input[@id="identifiant_agdref"]|//app-search-box//div/app-dsfr-input/div/input[@id="identifiant_agdref"]' in '20' second(s)

14-02-2025T14:36:00 - [MESSAGE][INFO] - Found 1 web elements with id: 'Object Repository/ANEF_Eloignement_V_Nawres/Page_Creation_ou_Recherche_Dossier/Input_Numero_etranger' located by 'By.xpath: //app-identite-declaree-search-box//div/app-dsfr-input/div/input[@id="identifiant_agdref"]|//app-search-box//div/app-dsfr-input/div/input[@id="identifiant_agdref"]' in '20' second(s)

14-02-2025T14:36:00 - [MESSAGE][INFO] - Checking object

14-02-2025T14:36:00 - [MESSAGE][INFO] - Checking timeout

14-02-2025T14:36:00 - [MESSAGE][INFO] - Finding web element from Test Object's properties

14-02-2025T14:36:00 - [MESSAGE][INFO] - Checking timeout

14-02-2025T14:36:00 - [MESSAGE][INFO] - Finding web element with id: 'Object Repository/ANEF_Eloignement_V_Nawres/Page_Creation_ou_Recherche_Dossier/Input_Numero_etranger' located by 'By.xpath: //app-identite-declaree-search-box//div/app-dsfr-input/div/input[@id="identifiant_agdref"]|//app-search-box//div/app-dsfr-input/div/input[@id="identifiant_agdref"]' in '100' second(s)

14-02-2025T14:36:00 - [MESSAGE][INFO] - Found 1 web elements with id: 'Object Repository/ANEF_Eloignement_V_Nawres/Page_Creation_ou_Recherche_Dossier/Input_Numero_etranger' located by 'By.xpath: //app-identite-declaree-search-box//div/app-dsfr-input/div/input[@id="identifiant_agdref"]|//app-search-box//div/app-dsfr-input/div/input[@id="identifiant_agdref"]' in '100' second(s)

14-02-2025T14:36:00 - [MESSAGE][INFO] - Clicking on object: 'Object Repository/ANEF_Eloignement_V_Nawres/Page_Creation_ou_Recherche_Dossier/Input_Numero_etranger'

14-02-2025T14:36:01 - [MESSAGE][PASSED] - Object: 'Object Repository/ANEF_Eloignement_V_Nawres/Page_Creation_ou_Recherche_Dossier/Input_Numero_etranger' is clicked on

14-02-2025T14:36:01 - [TEST_STEP][PASSED] - scrollToElement(findTestObject("Object Repository/ANEF_Eloignement_V_Nawres/Page_Creation_ou_Recherche_Dossier/btn_Lancer_La_Recherche"), 5, STOP_ON_FAILURE): Scroll to object 'Object Repository/ANEF_Eloignement_V_Nawres/Page_Creation_ou_Recherche_Dossier/btn_Lancer_La_Recherche' successfully

14-02-2025T14:36:01 - [MESSAGE][INFO] - Finding Test Object 'Object Repository/ANEF_Eloignement_V_Nawres/Page_Creation_ou_Recherche_Dossier/btn_Lancer_La_Recherche'

14-02-2025T14:36:01 - [MESSAGE][INFO] - Checking object

14-02-2025T14:36:01 - [MESSAGE][INFO] - Checking timeout

14-02-2025T14:36:01 - [MESSAGE][INFO] - Finding web element from Test Object's properties

14-02-2025T14:36:01 - [MESSAGE][INFO] - Checking timeout

14-02-2025T14:36:01 - [MESSAGE][INFO] - Finding web element with id: 'Object Repository/ANEF_Eloignement_V_Nawres/Page_Creation_ou_Recherche_Dossier/btn_Lancer_La_Recherche' located by 'By.xpath: //button[contains(text(),"Lancer la recherche ")]' in '100' second(s)

14-02-2025T14:36:01 - [MESSAGE][INFO] - Found 1 web elements with id: 'Object Repository/ANEF_Eloignement_V_Nawres/Page_Creation_ou_Recherche_Dossier/btn_Lancer_La_Recherche' located by 'By.xpath: //button[contains(text(),"Lancer la recherche ")]' in '100' second(s)

14-02-2025T14:36:01 - [MESSAGE][INFO] - Scrolling to object 'Object Repository/ANEF_Eloignement_V_Nawres/Page_Creation_ou_Recherche_Dossier/btn_Lancer_La_Recherche'

14-02-2025T14:36:01 - [MESSAGE][PASSED] - Scroll to object 'Object Repository/ANEF_Eloignement_V_Nawres/Page_Creation_ou_Recherche_Dossier/btn_Lancer_La_Recherche' successfully

14-02-2025T14:36:01 - [TEST_STEP][PASSED] - click(findTestObject("Object Repository/ANEF_Eloignement_V_Nawres/Page_Creation_ou_Recherche_Dossier/btn_Lancer_La_Recherche"), STOP_ON_FAILURE): Object: 'Object Repository/ANEF_Eloignement_V_Nawres/Page_Creation_ou_Recherche_Dossier/btn_Lancer_La_Recherche' is clicked on

14-02-2025T14:36:01 - [MESSAGE][INFO] - Finding Test Object 'Object Repository/ANEF_Eloignement_V_Nawres/Page_Creation_ou_Recherche_Dossier/btn_Lancer_La_Recherche'

14-02-2025T14:36:01 - [MESSAGE][INFO] - Checking timeout

14-02-2025T14:36:01 - [MESSAGE][INFO] - Finding web element with id: 'Object Repository/ANEF_Eloignement_V_Nawres/Page_Creation_ou_Recherche_Dossier/btn_Lancer_La_Recherche' located by 'By.xpath: //button[contains(text(),"Lancer la recherche ")]' in '20' second(s)

14-02-2025T14:36:01 - [MESSAGE][INFO] - Found 1 web elements with id: 'Object Repository/ANEF_Eloignement_V_Nawres/Page_Creation_ou_Recherche_Dossier/btn_Lancer_La_Recherche' located by 'By.xpath: //button[contains(text(),"Lancer la recherche ")]' in '20' second(s)

14-02-2025T14:36:01 - [MESSAGE][INFO] - Checking object

14-02-2025T14:36:01 - [MESSAGE][INFO] - Checking timeout

14-02-2025T14:36:01 - [MESSAGE][INFO] - Finding web element from Test Object's properties

14-02-2025T14:36:01 - [MESSAGE][INFO] - Checking timeout

14-02-2025T14:36:01 - [MESSAGE][INFO] - Finding web element with id: 'Object Repository/ANEF_Eloignement_V_Nawres/Page_Creation_ou_Recherche_Dossier/btn_Lancer_La_Recherche' located by 'By.xpath: //button[contains(text(),"Lancer la recherche ")]' in '100' second(s)

14-02-2025T14:36:01 - [MESSAGE][INFO] - Found 1 web elements with id: 'Object Repository/ANEF_Eloignement_V_Nawres/Page_Creation_ou_Recherche_Dossier/btn_Lancer_La_Recherche' located by 'By.xpath: //button[contains(text(),"Lancer la recherche ")]' in '100' second(s)

14-02-2025T14:36:01 - [MESSAGE][INFO] - Clicking on object: 'Object Repository/ANEF_Eloignement_V_Nawres/Page_Creation_ou_Recherche_Dossier/btn_Lancer_La_Recherche'

14-02-2025T14:36:03 - [MESSAGE][PASSED] - Object: 'Object Repository/ANEF_Eloignement_V_Nawres/Page_Creation_ou_Recherche_Dossier/btn_Lancer_La_Recherche' is clicked on

14-02-2025T14:36:03 - [TEST_STEP][PASSED] - delay(5): Delayed 5 second(s)

14-02-2025T14:36:03 - [MESSAGE][INFO] - Delaying browser in 5 second(s)

14-02-2025T14:36:08 - [MESSAGE][PASSED] - Delayed 5 second(s)

14-02-2025T14:36:08 - [TEST_STEP][PASSED] - scrollToElement(findTestObject("Object Repository/ANEF_Eloignement_V_Nawres/Page_Creation_ou_Recherche_Dossier/btn_Radio_Selectionner_Dossier"), 5, STOP_ON_FAILURE): Scroll to object 'Object Repository/ANEF_Eloignement_V_Nawres/Page_Creation_ou_Recherche_Dossier/btn_Radio_Selectionner_Dossier' successfully

14-02-2025T14:36:08 - [MESSAGE][INFO] - Finding Test Object 'Object Repository/ANEF_Eloignement_V_Nawres/Page_Creation_ou_Recherche_Dossier/btn_Radio_Selectionner_Dossier'

14-02-2025T14:36:08 - [MESSAGE][INFO] - Checking object

14-02-2025T14:36:08 - [MESSAGE][INFO] - Checking timeout

14-02-2025T14:36:08 - [MESSAGE][INFO] - Finding web element from Test Object's properties

14-02-2025T14:36:08 - [MESSAGE][INFO] - Checking timeout

14-02-2025T14:36:08 - [MESSAGE][INFO] - Finding web element with id: 'Object Repository/ANEF_Eloignement_V_Nawres/Page_Creation_ou_Recherche_Dossier/btn_Radio_Selectionner_Dossier' located by 'By.xpath: //app-search-etranger/app-search-result-etranger//table/tbody/tr//label' in '100' second(s)

14-02-2025T14:36:08 - [MESSAGE][INFO] - Found 1 web elements with id: 'Object Repository/ANEF_Eloignement_V_Nawres/Page_Creation_ou_Recherche_Dossier/btn_Radio_Selectionner_Dossier' located by 'By.xpath: //app-search-etranger/app-search-result-etranger//table/tbody/tr//label' in '100' second(s)

14-02-2025T14:36:08 - [MESSAGE][INFO] - Scrolling to object 'Object Repository/ANEF_Eloignement_V_Nawres/Page_Creation_ou_Recherche_Dossier/btn_Radio_Selectionner_Dossier'

14-02-2025T14:36:08 - [MESSAGE][PASSED] - Scroll to object 'Object Repository/ANEF_Eloignement_V_Nawres/Page_Creation_ou_Recherche_Dossier/btn_Radio_Selectionner_Dossier' successfully

14-02-2025T14:36:08 - [TEST_STEP][PASSED] - click(findTestObject("Object Repository/ANEF_Eloignement_V_Nawres/Page_Creation_ou_Recherche_Dossier/btn_Radio_Selectionner_Dossier"), STOP_ON_FAILURE): Object: 'Object Repository/ANEF_Eloignement_V_Nawres/Page_Creation_ou_Recherche_Dossier/btn_Radio_Selectionner_Dossier' is clicked on

14-02-2025T14:36:08 - [MESSAGE][INFO] - Finding Test Object 'Object Repository/ANEF_Eloignement_V_Nawres/Page_Creation_ou_Recherche_Dossier/btn_Radio_Selectionner_Dossier'

14-02-2025T14:36:08 - [MESSAGE][INFO] - Checking timeout

14-02-2025T14:36:08 - [MESSAGE][INFO] - Finding web element with id: 'Object Repository/ANEF_Eloignement_V_Nawres/Page_Creation_ou_Recherche_Dossier/btn_Radio_Selectionner_Dossier' located by 'By.xpath: //app-search-etranger/app-search-result-etranger//table/tbody/tr//label' in '20' second(s)

14-02-2025T14:36:08 - [MESSAGE][INFO] - Found 1 web elements with id: 'Object Repository/ANEF_Eloignement_V_Nawres/Page_Creation_ou_Recherche_Dossier/btn_Radio_Selectionner_Dossier' located by 'By.xpath: //app-search-etranger/app-search-result-etranger//table/tbody/tr//label' in '20' second(s)

14-02-2025T14:36:08 - [MESSAGE][INFO] - Checking object

14-02-2025T14:36:08 - [MESSAGE][INFO] - Checking timeout

14-02-2025T14:36:08 - [MESSAGE][INFO] - Finding web element from Test Object's properties

14-02-2025T14:36:08 - [MESSAGE][INFO] - Checking timeout

14-02-2025T14:36:08 - [MESSAGE][INFO] - Finding web element with id: 'Object Repository/ANEF_Eloignement_V_Nawres/Page_Creation_ou_Recherche_Dossier/btn_Radio_Selectionner_Dossier' located by 'By.xpath: //app-search-etranger/app-search-result-etranger//table/tbody/tr//label' in '100' second(s)

14-02-2025T14:36:08 - [MESSAGE][INFO] - Found 1 web elements with id: 'Object Repository/ANEF_Eloignement_V_Nawres/Page_Creation_ou_Recherche_Dossier/btn_Radio_Selectionner_Dossier' located by 'By.xpath: //app-search-etranger/app-search-result-etranger//table/tbody/tr//label' in '100' second(s)

14-02-2025T14:36:08 - [MESSAGE][INFO] - Clicking on object: 'Object Repository/ANEF_Eloignement_V_Nawres/Page_Creation_ou_Recherche_Dossier/btn_Radio_Selectionner_Dossier'

14-02-2025T14:36:09 - [MESSAGE][PASSED] - Object: 'Object Repository/ANEF_Eloignement_V_Nawres/Page_Creation_ou_Recherche_Dossier/btn_Radio_Selectionner_Dossier' is clicked on

14-02-2025T14:36:09 - [TEST_STEP][PASSED] - click(findTestObject("Object Repository/ANEF_Eloignement_V_Nawres/Page_Creation_ou_Recherche_Dossier/btn_Choisir_Dossier_Etranger"), STOP_ON_FAILURE): Object: 'Object Repository/ANEF_Eloignement_V_Nawres/Page_Creation_ou_Recherche_Dossier/btn_Choisir_Dossier_Etranger' is clicked on

14-02-2025T14:36:09 - [MESSAGE][INFO] - Finding Test Object 'Object Repository/ANEF_Eloignement_V_Nawres/Page_Creation_ou_Recherche_Dossier/btn_Choisir_Dossier_Etranger'

14-02-2025T14:36:09 - [MESSAGE][INFO] - Checking timeout

14-02-2025T14:36:09 - [MESSAGE][INFO] - Finding web element with id: 'Object Repository/ANEF_Eloignement_V_Nawres/Page_Creation_ou_Recherche_Dossier/btn_Choisir_Dossier_Etranger' located by 'By.xpath: //button[contains(text(),"Choisir un dossier Ã©tranger")]' in '20' second(s)

14-02-2025T14:36:09 - [MESSAGE][INFO] - Found 1 web elements with id: 'Object Repository/ANEF_Eloignement_V_Nawres/Page_Creation_ou_Recherche_Dossier/btn_Choisir_Dossier_Etranger' located by 'By.xpath: //button[contains(text(),"Choisir un dossier Ã©tranger")]' in '20' second(s)

14-02-2025T14:36:09 - [MESSAGE][INFO] - Checking object

14-02-2025T14:36:09 - [MESSAGE][INFO] - Checking timeout

14-02-2025T14:36:09 - [MESSAGE][INFO] - Finding web element from Test Object's properties

14-02-2025T14:36:09 - [MESSAGE][INFO] - Checking timeout

14-02-2025T14:36:09 - [MESSAGE][INFO] - Finding web element with id: 'Object Repository/ANEF_Eloignement_V_Nawres/Page_Creation_ou_Recherche_Dossier/btn_Choisir_Dossier_Etranger' located by 'By.xpath: //button[contains(text(),"Choisir un dossier Ã©tranger")]' in '100' second(s)

14-02-2025T14:36:09 - [MESSAGE][INFO] - Found 1 web elements with id: 'Object Repository/ANEF_Eloignement_V_Nawres/Page_Creation_ou_Recherche_Dossier/btn_Choisir_Dossier_Etranger' located by 'By.xpath: //button[contains(text(),"Choisir un dossier Ã©tranger")]' in '100' second(s)

14-02-2025T14:36:09 - [MESSAGE][INFO] - Clicking on object: 'Object Repository/ANEF_Eloignement_V_Nawres/Page_Creation_ou_Recherche_Dossier/btn_Choisir_Dossier_Etranger'

14-02-2025T14:36:10 - [MESSAGE][PASSED] - Object: 'Object Repository/ANEF_Eloignement_V_Nawres/Page_Creation_ou_Recherche_Dossier/btn_Choisir_Dossier_Etranger' is clicked on

14-02-2025T14:36:10 - [MESSAGE][PASSED] - Call Test Case 'Test Cases/Test Reutilisable/Main/ANEF_Eloignement_V_Nawres/ANEF_Creation_ou_Recherche_Dossier' successfully

14-02-2025T14:36:10 - [TEST_STEP][PASSED] - if (CreationOuRecherche == "Creation"): null

14-02-2025T14:36:10 - [TEST_STEP][PASSED] - println(NumeroEtranger): null

14-02-2025T14:36:10 - [TEST_STEP][PASSED] - callTestCase(findTestCase("Test Cases/Test Reutilisable/Main/ANEF_Eloignement_V_Nawres/ANEF_Prendre_Mesure"), ["Mesure":Mesure, "FondementLegal":FondementLegal, "NatureDeLacteExpulsion":NatureDeLacteExpulsion, "NatureDeLacteExpulsion":NatureDeLacteExpulsion, ... ], STOP_ON_FAILURE): Call Test Case 'Test Cases/Test Reutilisable/Main/ANEF_Eloignement_V_Nawres/ANEF_Prendre_Mesure' successfully

14-02-2025T14:36:10 - [MESSAGE][INFO] - Checking called Test Case

14-02-2025T14:36:10 - [MESSAGE][INFO] - Starting to call Test Case 'Test Cases/Test Reutilisable/Main/ANEF_Eloignement_V_Nawres/ANEF_Prendre_Mesure'

14-02-2025T14:36:10 - [TEST_CASE][PASSED] - Test Cases/Test Reutilisable/Main/ANEF_Eloignement_V_Nawres/ANEF_Prendre_Mesure: Test Cases/Test Reutilisable/Main/ANEF_Eloignement_V_Nawres/ANEF_Prendre_Mesure

14-02-2025T14:36:10 - [TEST_STEP][PASSED] - click(findTestObject("Object Repository/ANEF_Eloignement_V_Nawres/Page_Prendre_Mesure/btn_Prendre_Mesure"), STOP_ON_FAILURE): Object: 'Object Repository/ANEF_Eloignement_V_Nawres/Page_Prendre_Mesure/btn_Prendre_Mesure' is clicked on

14-02-2025T14:36:10 - [MESSAGE][INFO] - Finding Test Object 'Object Repository/ANEF_Eloignement_V_Nawres/Page_Prendre_Mesure/btn_Prendre_Mesure'

14-02-2025T14:36:10 - [MESSAGE][INFO] - Checking timeout

14-02-2025T14:36:10 - [MESSAGE][INFO] - Finding web element with id: 'Object Repository/ANEF_Eloignement_V_Nawres/Page_Prendre_Mesure/btn_Prendre_Mesure' located by 'By.xpath: //button[@title="Prendre une Mesure"]' in '20' second(s)

14-02-2025T14:36:11 - [MESSAGE][INFO] - Found 1 web elements with id: 'Object Repository/ANEF_Eloignement_V_Nawres/Page_Prendre_Mesure/btn_Prendre_Mesure' located by 'By.xpath: //button[@title="Prendre une Mesure"]' in '20' second(s)

14-02-2025T14:36:11 - [MESSAGE][INFO] - Checking object

14-02-2025T14:36:11 - [MESSAGE][INFO] - Checking timeout

14-02-2025T14:36:11 - [MESSAGE][INFO] - Finding web element from Test Object's properties

14-02-2025T14:36:11 - [MESSAGE][INFO] - Checking timeout

14-02-2025T14:36:11 - [MESSAGE][INFO] - Finding web element with id: 'Object Repository/ANEF_Eloignement_V_Nawres/Page_Prendre_Mesure/btn_Prendre_Mesure' located by 'By.xpath: //button[@title="Prendre une Mesure"]' in '100' second(s)

14-02-2025T14:36:11 - [MESSAGE][INFO] - Found 1 web elements with id: 'Object Repository/ANEF_Eloignement_V_Nawres/Page_Prendre_Mesure/btn_Prendre_Mesure' located by 'By.xpath: //button[@title="Prendre une Mesure"]' in '100' second(s)

14-02-2025T14:36:11 - [MESSAGE][INFO] - Clicking on object: 'Object Repository/ANEF_Eloignement_V_Nawres/Page_Prendre_Mesure/btn_Prendre_Mesure'

14-02-2025T14:36:13 - [MESSAGE][PASSED] - Object: 'Object Repository/ANEF_Eloignement_V_Nawres/Page_Prendre_Mesure/btn_Prendre_Mesure' is clicked on

14-02-2025T14:36:13 - [TEST_STEP][PASSED] - delay(5): Delayed 5 second(s)

14-02-2025T14:36:13 - [MESSAGE][INFO] - Delaying browser in 5 second(s)

14-02-2025T14:36:18 - [MESSAGE][PASSED] - Delayed 5 second(s)

14-02-2025T14:36:18 - [TEST_STEP][PASSED] - switch (Mesure): null

14-02-2025T14:36:18 - [TEST_STEP][PASSED] - case "TransfertDublin":: Object 'Object Repository/ANEF_Eloignement_V_Nawres/Page_Prendre_Mesure/btn_Supprimer_Fiche_Mesure' is present

14-02-2025T14:36:18 - [TEST_STEP][PASSED] - selectOptionByLabel(findTestObject("Object Repository/ANEF_Eloignement_V_Nawres/Page_Prendre_Mesure/select_Type_Mesure"), "Transfert Dublin", false, STOP_ON_FAILURE): All options with label 'Transfert Dublin' are selected in object 'Object Repository/ANEF_Eloignement_V_Nawres/Page_Prendre_Mesure/select_Type_Mesure' 

14-02-2025T14:36:18 - [MESSAGE][INFO] - Finding Test Object 'Object Repository/ANEF_Eloignement_V_Nawres/Page_Prendre_Mesure/select_Type_Mesure'

14-02-2025T14:36:18 - [MESSAGE][INFO] - Checking timeout

14-02-2025T14:36:18 - [MESSAGE][INFO] - Finding web element with id: 'Object Repository/ANEF_Eloignement_V_Nawres/Page_Prendre_Mesure/select_Type_Mesure' located by 'By.xpath: //select[@id="typeMesure"]' in '20' second(s)

14-02-2025T14:36:18 - [MESSAGE][INFO] - Found 1 web elements with id: 'Object Repository/ANEF_Eloignement_V_Nawres/Page_Prendre_Mesure/select_Type_Mesure' located by 'By.xpath: //select[@id="typeMesure"]' in '20' second(s)

14-02-2025T14:36:18 - [MESSAGE][INFO] - Checking object

14-02-2025T14:36:18 - [MESSAGE][INFO] - Checking label parameter

14-02-2025T14:36:18 - [MESSAGE][INFO] - Finding web element from Test Object's properties

14-02-2025T14:36:18 - [MESSAGE][INFO] - Checking timeout

14-02-2025T14:36:18 - [MESSAGE][INFO] - Finding web element with id: 'Object Repository/ANEF_Eloignement_V_Nawres/Page_Prendre_Mesure/select_Type_Mesure' located by 'By.xpath: //select[@id="typeMesure"]' in '100' second(s)

14-02-2025T14:36:18 - [MESSAGE][INFO] - Found 1 web elements with id: 'Object Repository/ANEF_Eloignement_V_Nawres/Page_Prendre_Mesure/select_Type_Mesure' located by 'By.xpath: //select[@id="typeMesure"]' in '100' second(s)

14-02-2025T14:36:18 - [MESSAGE][INFO] - Selecting options on object 'Object Repository/ANEF_Eloignement_V_Nawres/Page_Prendre_Mesure/select_Type_Mesure' with label 'Transfert Dublin' 

14-02-2025T14:36:19 - [MESSAGE][PASSED] - All options with label 'Transfert Dublin' are selected in object 'Object Repository/ANEF_Eloignement_V_Nawres/Page_Prendre_Mesure/select_Type_Mesure' 

14-02-2025T14:36:19 - [TEST_STEP][PASSED] - click(findTestObject("Object Repository/ANEF_Eloignement_V_Nawres/Page_Prendre_Mesure/btn_Confirmer_Mesure"), STOP_ON_FAILURE): Object: 'Object Repository/ANEF_Eloignement_V_Nawres/Page_Prendre_Mesure/btn_Confirmer_Mesure' is clicked on

14-02-2025T14:36:19 - [MESSAGE][INFO] - Finding Test Object 'Object Repository/ANEF_Eloignement_V_Nawres/Page_Prendre_Mesure/btn_Confirmer_Mesure'

14-02-2025T14:36:19 - [MESSAGE][INFO] - Checking timeout

14-02-2025T14:36:19 - [MESSAGE][INFO] - Finding web element with id: 'Object Repository/ANEF_Eloignement_V_Nawres/Page_Prendre_Mesure/btn_Confirmer_Mesure' located by 'By.xpath: //button[@id="btn-confirme-decision"]' in '20' second(s)

14-02-2025T14:36:19 - [MESSAGE][INFO] - Found 1 web elements with id: 'Object Repository/ANEF_Eloignement_V_Nawres/Page_Prendre_Mesure/btn_Confirmer_Mesure' located by 'By.xpath: //button[@id="btn-confirme-decision"]' in '20' second(s)

14-02-2025T14:36:19 - [MESSAGE][INFO] - Checking object

14-02-2025T14:36:19 - [MESSAGE][INFO] - Checking timeout

14-02-2025T14:36:19 - [MESSAGE][INFO] - Finding web element from Test Object's properties

14-02-2025T14:36:19 - [MESSAGE][INFO] - Checking timeout

14-02-2025T14:36:19 - [MESSAGE][INFO] - Finding web element with id: 'Object Repository/ANEF_Eloignement_V_Nawres/Page_Prendre_Mesure/btn_Confirmer_Mesure' located by 'By.xpath: //button[@id="btn-confirme-decision"]' in '100' second(s)

14-02-2025T14:36:19 - [MESSAGE][INFO] - Found 1 web elements with id: 'Object Repository/ANEF_Eloignement_V_Nawres/Page_Prendre_Mesure/btn_Confirmer_Mesure' located by 'By.xpath: //button[@id="btn-confirme-decision"]' in '100' second(s)

14-02-2025T14:36:19 - [MESSAGE][INFO] - Clicking on object: 'Object Repository/ANEF_Eloignement_V_Nawres/Page_Prendre_Mesure/btn_Confirmer_Mesure'

14-02-2025T14:36:20 - [MESSAGE][PASSED] - Object: 'Object Repository/ANEF_Eloignement_V_Nawres/Page_Prendre_Mesure/btn_Confirmer_Mesure' is clicked on

14-02-2025T14:36:20 - [TEST_STEP][PASSED] - verifyElementPresent(findTestObject("Object Repository/ANEF_Eloignement_V_Nawres/Page_Prendre_Mesure/btn_Supprimer_Fiche_Mesure"), 2, STOP_ON_FAILURE): Object 'Object Repository/ANEF_Eloignement_V_Nawres/Page_Prendre_Mesure/btn_Supprimer_Fiche_Mesure' is present

14-02-2025T14:36:20 - [MESSAGE][INFO] - Finding Test Object 'Object Repository/ANEF_Eloignement_V_Nawres/Page_Prendre_Mesure/btn_Supprimer_Fiche_Mesure'

14-02-2025T14:36:20 - [MESSAGE][INFO] - Checking object

14-02-2025T14:36:20 - [MESSAGE][INFO] - Finding web element from Test Object's properties

14-02-2025T14:36:20 - [MESSAGE][INFO] - Checking timeout

14-02-2025T14:36:20 - [MESSAGE][INFO] - Finding web element with id: 'Object Repository/ANEF_Eloignement_V_Nawres/Page_Prendre_Mesure/btn_Supprimer_Fiche_Mesure' located by 'By.xpath: //button[@title="Supprimer une Mesure"]' in '2' second(s)

14-02-2025T14:36:21 - [MESSAGE][INFO] - Found 1 web elements with id: 'Object Repository/ANEF_Eloignement_V_Nawres/Page_Prendre_Mesure/btn_Supprimer_Fiche_Mesure' located by 'By.xpath: //button[@title="Supprimer une Mesure"]' in '2' second(s)

14-02-2025T14:36:21 - [MESSAGE][PASSED] - Object 'Object Repository/ANEF_Eloignement_V_Nawres/Page_Prendre_Mesure/btn_Supprimer_Fiche_Mesure' is present

14-02-2025T14:36:21 - [TEST_STEP][PASSED] - Default: null

14-02-2025T14:36:21 - [TEST_STEP][PASSED] - break: null

14-02-2025T14:36:21 - [TEST_STEP][PASSED] - callTestCase(findTestCase("Test Cases/Test Reutilisable/Main/ANEF_Eloignement_V_Nawres/ANEF_Prendre_Mesure_Formulaire"), ["Mesure":Mesure, "FondementLegal":FondementLegal, "NatureDeLacteExpulsion":NatureDeLacteExpulsion, "UrgenceAbsolueExpulsion":UrgenceAbsolueExpulsion, ... ], STOP_ON_FAILURE): Call Test Case 'Test Cases/Test Reutilisable/Main/ANEF_Eloignement_V_Nawres/ANEF_Prendre_Mesure_Formulaire' successfully

14-02-2025T14:36:21 - [MESSAGE][INFO] - Checking called Test Case

14-02-2025T14:36:21 - [MESSAGE][INFO] - Starting to call Test Case 'Test Cases/Test Reutilisable/Main/ANEF_Eloignement_V_Nawres/ANEF_Prendre_Mesure_Formulaire'

14-02-2025T14:36:21 - [TEST_CASE][PASSED] - Test Cases/Test Reutilisable/Main/ANEF_Eloignement_V_Nawres/ANEF_Prendre_Mesure_Formulaire: Test Cases/Test Reutilisable/Main/ANEF_Eloignement_V_Nawres/ANEF_Prendre_Mesure_Formulaire

14-02-2025T14:36:21 - [TEST_STEP][PASSED] - calendar = Calendar.getInstance(): null

14-02-2025T14:36:21 - [TEST_STEP][PASSED] - currentDate = calendar.getTime(): null

14-02-2025T14:36:21 - [TEST_STEP][PASSED] - sdf = new java.text.SimpleDateFormat(dd/MM/yyyy): null

14-02-2025T14:36:21 - [TEST_STEP][PASSED] - formattedDate = sdf.format(currentDate): null

14-02-2025T14:36:21 - [TEST_STEP][PASSED] - DateActuelle = formattedDate.toString(): null

14-02-2025T14:36:21 - [TEST_STEP][PASSED] - println(DateActuelle): null

14-02-2025T14:36:21 - [TEST_STEP][PASSED] - if (Mesure != "ITF"): null

14-02-2025T14:36:21 - [TEST_STEP][PASSED] - selectOptionByLabel(findTestObject("Object Repository/ANEF_Eloignement_V_Nawres/Page_Prendre_Mesure_Formulaire/select_Fondement_Legal"), FondementLegal, false, STOP_ON_FAILURE): All options with label 'L. 572-1' are selected in object 'Object Repository/ANEF_Eloignement_V_Nawres/Page_Prendre_Mesure_Formulaire/select_Fondement_Legal' 

14-02-2025T14:36:21 - [MESSAGE][INFO] - Finding Test Object 'Object Repository/ANEF_Eloignement_V_Nawres/Page_Prendre_Mesure_Formulaire/select_Fondement_Legal'

14-02-2025T14:36:21 - [MESSAGE][INFO] - Checking timeout

14-02-2025T14:36:21 - [MESSAGE][INFO] - Finding web element with id: 'Object Repository/ANEF_Eloignement_V_Nawres/Page_Prendre_Mesure_Formulaire/select_Fondement_Legal' located by 'By.xpath: //select[@id="fondement_legal"]' in '20' second(s)

14-02-2025T14:36:21 - [MESSAGE][INFO] - Found 1 web elements with id: 'Object Repository/ANEF_Eloignement_V_Nawres/Page_Prendre_Mesure_Formulaire/select_Fondement_Legal' located by 'By.xpath: //select[@id="fondement_legal"]' in '20' second(s)

14-02-2025T14:36:21 - [MESSAGE][INFO] - Checking object

14-02-2025T14:36:21 - [MESSAGE][INFO] - Checking label parameter

14-02-2025T14:36:21 - [MESSAGE][INFO] - Finding web element from Test Object's properties

14-02-2025T14:36:21 - [MESSAGE][INFO] - Checking timeout

14-02-2025T14:36:21 - [MESSAGE][INFO] - Finding web element with id: 'Object Repository/ANEF_Eloignement_V_Nawres/Page_Prendre_Mesure_Formulaire/select_Fondement_Legal' located by 'By.xpath: //select[@id="fondement_legal"]' in '100' second(s)

14-02-2025T14:36:21 - [MESSAGE][INFO] - Found 1 web elements with id: 'Object Repository/ANEF_Eloignement_V_Nawres/Page_Prendre_Mesure_Formulaire/select_Fondement_Legal' located by 'By.xpath: //select[@id="fondement_legal"]' in '100' second(s)

14-02-2025T14:36:21 - [MESSAGE][INFO] - Selecting options on object 'Object Repository/ANEF_Eloignement_V_Nawres/Page_Prendre_Mesure_Formulaire/select_Fondement_Legal' with label 'L. 572-1' 

14-02-2025T14:36:21 - [MESSAGE][PASSED] - All options with label 'L. 572-1' are selected in object 'Object Repository/ANEF_Eloignement_V_Nawres/Page_Prendre_Mesure_Formulaire/select_Fondement_Legal' 

14-02-2025T14:36:21 - [TEST_STEP][PASSED] - if (Mesure == "Expulsion"): null

14-02-2025T14:36:21 - [TEST_STEP][PASSED] - NumberUsagerRandom = tools.MyStringTools.getRandomNumber(10, 99): tools.MyStringTools.getRandomNumber is PASSED

14-02-2025T14:36:21 - [MESSAGE][PASSED] - tools.MyStringTools.getRandomNumber is PASSED

14-02-2025T14:36:21 - [TEST_STEP][PASSED] - println(NumberUsagerRandom): null

14-02-2025T14:36:21 - [TEST_STEP][PASSED] - RandomNumber = NumberUsagerRandom.toString(): null

14-02-2025T14:36:21 - [TEST_STEP][PASSED] - if (Mesure == "OQTF"): null

14-02-2025T14:36:21 - [TEST_STEP][PASSED] - if (Mesure == "RemiseSchengen"): null

14-02-2025T14:36:21 - [TEST_STEP][PASSED] - RandomNumber = tools.MyStringTools.getRandomNumber(1, 30): tools.MyStringTools.getRandomNumber is PASSED

14-02-2025T14:36:21 - [MESSAGE][PASSED] - tools.MyStringTools.getRandomNumber is PASSED

14-02-2025T14:36:21 - [TEST_STEP][PASSED] - println(RandomNumber): null

14-02-2025T14:36:21 - [TEST_STEP][PASSED] - RandomNumberSelect = RandomNumber.toString(): null

14-02-2025T14:36:21 - [TEST_STEP][PASSED] - if (Mesure == "TransfertDublin"): null

14-02-2025T14:36:21 - [TEST_STEP][PASSED] - setText(findTestObject("Object Repository/ANEF_Eloignement_V_Nawres/Page_Prendre_Mesure_Formulaire/input_Date_Transmission_Requete"), DateActuelle, STOP_ON_FAILURE): Text '14/02/2025' is set on object 'Object Repository/ANEF_Eloignement_V_Nawres/Page_Prendre_Mesure_Formulaire/input_Date_Transmission_Requete'

14-02-2025T14:36:21 - [MESSAGE][INFO] - Finding Test Object 'Object Repository/ANEF_Eloignement_V_Nawres/Page_Prendre_Mesure_Formulaire/input_Date_Transmission_Requete'

14-02-2025T14:36:21 - [MESSAGE][INFO] - Checking timeout

14-02-2025T14:36:21 - [MESSAGE][INFO] - Finding web element with id: 'Object Repository/ANEF_Eloignement_V_Nawres/Page_Prendre_Mesure_Formulaire/input_Date_Transmission_Requete' located by 'By.xpath: //input[@id="date_transmission_requete"]' in '20' second(s)

14-02-2025T14:36:21 - [MESSAGE][INFO] - Found 1 web elements with id: 'Object Repository/ANEF_Eloignement_V_Nawres/Page_Prendre_Mesure_Formulaire/input_Date_Transmission_Requete' located by 'By.xpath: //input[@id="date_transmission_requete"]' in '20' second(s)

14-02-2025T14:36:21 - [MESSAGE][INFO] - Checking object

14-02-2025T14:36:21 - [MESSAGE][INFO] - Checking text

14-02-2025T14:36:21 - [MESSAGE][INFO] - Finding web element from Test Object's properties

14-02-2025T14:36:21 - [MESSAGE][INFO] - Checking timeout

14-02-2025T14:36:21 - [MESSAGE][INFO] - Finding web element with id: 'Object Repository/ANEF_Eloignement_V_Nawres/Page_Prendre_Mesure_Formulaire/input_Date_Transmission_Requete' located by 'By.xpath: //input[@id="date_transmission_requete"]' in '100' second(s)

14-02-2025T14:36:21 - [MESSAGE][INFO] - Found 1 web elements with id: 'Object Repository/ANEF_Eloignement_V_Nawres/Page_Prendre_Mesure_Formulaire/input_Date_Transmission_Requete' located by 'By.xpath: //input[@id="date_transmission_requete"]' in '100' second(s)

14-02-2025T14:36:21 - [MESSAGE][INFO] - Clearing text of object 'Object Repository/ANEF_Eloignement_V_Nawres/Page_Prendre_Mesure_Formulaire/input_Date_Transmission_Requete'

14-02-2025T14:36:22 - [MESSAGE][INFO] - Finding web element from Test Object's properties

14-02-2025T14:36:22 - [MESSAGE][INFO] - Checking timeout

14-02-2025T14:36:22 - [MESSAGE][INFO] - Finding web element with id: 'Object Repository/ANEF_Eloignement_V_Nawres/Page_Prendre_Mesure_Formulaire/input_Date_Transmission_Requete' located by 'By.xpath: //input[@id="date_transmission_requete"]' in '100' second(s)

14-02-2025T14:36:22 - [MESSAGE][INFO] - Found 1 web elements with id: 'Object Repository/ANEF_Eloignement_V_Nawres/Page_Prendre_Mesure_Formulaire/input_Date_Transmission_Requete' located by 'By.xpath: //input[@id="date_transmission_requete"]' in '100' second(s)

14-02-2025T14:36:22 - [MESSAGE][INFO] - Setting text of object 'Object Repository/ANEF_Eloignement_V_Nawres/Page_Prendre_Mesure_Formulaire/input_Date_Transmission_Requete' to value '14/02/2025'

14-02-2025T14:36:24 - [MESSAGE][PASSED] - Text '14/02/2025' is set on object 'Object Repository/ANEF_Eloignement_V_Nawres/Page_Prendre_Mesure_Formulaire/input_Date_Transmission_Requete'

14-02-2025T14:36:24 - [TEST_STEP][PASSED] - selectOptionByIndex(findTestObject("Object Repository/ANEF_Eloignement_V_Nawres/Page_Prendre_Mesure_Formulaire/select_Etat_Requis"), RandomNumberSelect, STOP_ON_FAILURE): All options with index in [22] are selected on object 'Object Repository/ANEF_Eloignement_V_Nawres/Page_Prendre_Mesure_Formulaire/select_Etat_Requis'

14-02-2025T14:36:24 - [MESSAGE][INFO] - Finding Test Object 'Object Repository/ANEF_Eloignement_V_Nawres/Page_Prendre_Mesure_Formulaire/select_Etat_Requis'

14-02-2025T14:36:24 - [MESSAGE][INFO] - Checking timeout

14-02-2025T14:36:24 - [MESSAGE][INFO] - Finding web element with id: 'Object Repository/ANEF_Eloignement_V_Nawres/Page_Prendre_Mesure_Formulaire/select_Etat_Requis' located by 'By.xpath: //select[@name="pays"]' in '20' second(s)

14-02-2025T14:36:24 - [MESSAGE][INFO] - Found 1 web elements with id: 'Object Repository/ANEF_Eloignement_V_Nawres/Page_Prendre_Mesure_Formulaire/select_Etat_Requis' located by 'By.xpath: //select[@name="pays"]' in '20' second(s)

14-02-2025T14:36:24 - [MESSAGE][INFO] - Checking object

14-02-2025T14:36:24 - [MESSAGE][INFO] - Checking index range

14-02-2025T14:36:24 - [MESSAGE][INFO] - Converting range parameter '22' to index array

14-02-2025T14:36:24 - [MESSAGE][INFO] - Range parameter '22' is converted to index array [22]

14-02-2025T14:36:24 - [MESSAGE][INFO] - Finding web element from Test Object's properties

14-02-2025T14:36:24 - [MESSAGE][INFO] - Checking timeout

14-02-2025T14:36:24 - [MESSAGE][INFO] - Finding web element with id: 'Object Repository/ANEF_Eloignement_V_Nawres/Page_Prendre_Mesure_Formulaire/select_Etat_Requis' located by 'By.xpath: //select[@name="pays"]' in '100' second(s)

14-02-2025T14:36:24 - [MESSAGE][INFO] - Found 1 web elements with id: 'Object Repository/ANEF_Eloignement_V_Nawres/Page_Prendre_Mesure_Formulaire/select_Etat_Requis' located by 'By.xpath: //select[@name="pays"]' in '100' second(s)

14-02-2025T14:36:24 - [MESSAGE][INFO] - Checking index parameters

14-02-2025T14:36:24 - [MESSAGE][INFO] - Selecting options on object 'Object Repository/ANEF_Eloignement_V_Nawres/Page_Prendre_Mesure_Formulaire/select_Etat_Requis' with index in [22]

14-02-2025T14:36:25 - [MESSAGE][INFO] - Option with index 22 is selected

14-02-2025T14:36:25 - [MESSAGE][PASSED] - All options with index in [22] are selected on object 'Object Repository/ANEF_Eloignement_V_Nawres/Page_Prendre_Mesure_Formulaire/select_Etat_Requis'

14-02-2025T14:36:25 - [TEST_STEP][PASSED] - setText(findTestObject("Object Repository/ANEF_Eloignement_V_Nawres/Page_Prendre_Mesure_Formulaire/input_Date_Reponse_Etat_Requis"), DateActuelle, STOP_ON_FAILURE): Text '14/02/2025' is set on object 'Object Repository/ANEF_Eloignement_V_Nawres/Page_Prendre_Mesure_Formulaire/input_Date_Reponse_Etat_Requis'

14-02-2025T14:36:25 - [MESSAGE][INFO] - Finding Test Object 'Object Repository/ANEF_Eloignement_V_Nawres/Page_Prendre_Mesure_Formulaire/input_Date_Reponse_Etat_Requis'

14-02-2025T14:36:25 - [MESSAGE][INFO] - Checking timeout

14-02-2025T14:36:25 - [MESSAGE][INFO] - Finding web element with id: 'Object Repository/ANEF_Eloignement_V_Nawres/Page_Prendre_Mesure_Formulaire/input_Date_Reponse_Etat_Requis' located by 'By.xpath: //input[@id="date_reponse"]' in '20' second(s)

14-02-2025T14:36:25 - [MESSAGE][INFO] - Found 1 web elements with id: 'Object Repository/ANEF_Eloignement_V_Nawres/Page_Prendre_Mesure_Formulaire/input_Date_Reponse_Etat_Requis' located by 'By.xpath: //input[@id="date_reponse"]' in '20' second(s)

14-02-2025T14:36:25 - [MESSAGE][INFO] - Checking object

14-02-2025T14:36:25 - [MESSAGE][INFO] - Checking text

14-02-2025T14:36:25 - [MESSAGE][INFO] - Finding web element from Test Object's properties

14-02-2025T14:36:25 - [MESSAGE][INFO] - Checking timeout

14-02-2025T14:36:25 - [MESSAGE][INFO] - Finding web element with id: 'Object Repository/ANEF_Eloignement_V_Nawres/Page_Prendre_Mesure_Formulaire/input_Date_Reponse_Etat_Requis' located by 'By.xpath: //input[@id="date_reponse"]' in '100' second(s)

14-02-2025T14:36:25 - [MESSAGE][INFO] - Found 1 web elements with id: 'Object Repository/ANEF_Eloignement_V_Nawres/Page_Prendre_Mesure_Formulaire/input_Date_Reponse_Etat_Requis' located by 'By.xpath: //input[@id="date_reponse"]' in '100' second(s)

14-02-2025T14:36:25 - [MESSAGE][INFO] - Clearing text of object 'Object Repository/ANEF_Eloignement_V_Nawres/Page_Prendre_Mesure_Formulaire/input_Date_Reponse_Etat_Requis'

14-02-2025T14:36:26 - [MESSAGE][INFO] - Finding web element from Test Object's properties

14-02-2025T14:36:26 - [MESSAGE][INFO] - Checking timeout

14-02-2025T14:36:26 - [MESSAGE][INFO] - Finding web element with id: 'Object Repository/ANEF_Eloignement_V_Nawres/Page_Prendre_Mesure_Formulaire/input_Date_Reponse_Etat_Requis' located by 'By.xpath: //input[@id="date_reponse"]' in '100' second(s)

14-02-2025T14:36:26 - [MESSAGE][INFO] - Found 1 web elements with id: 'Object Repository/ANEF_Eloignement_V_Nawres/Page_Prendre_Mesure_Formulaire/input_Date_Reponse_Etat_Requis' located by 'By.xpath: //input[@id="date_reponse"]' in '100' second(s)

14-02-2025T14:36:26 - [MESSAGE][INFO] - Setting text of object 'Object Repository/ANEF_Eloignement_V_Nawres/Page_Prendre_Mesure_Formulaire/input_Date_Reponse_Etat_Requis' to value '14/02/2025'

14-02-2025T14:36:27 - [MESSAGE][PASSED] - Text '14/02/2025' is set on object 'Object Repository/ANEF_Eloignement_V_Nawres/Page_Prendre_Mesure_Formulaire/input_Date_Reponse_Etat_Requis'

14-02-2025T14:36:27 - [TEST_STEP][PASSED] - selectOptionByLabel(findTestObject("Object Repository/ANEF_Eloignement_V_Nawres/Page_Prendre_Mesure_Formulaire/select_Decision_Etat_Requis"), DecisionEtatTransfertDublin, false, STOP_ON_FAILURE): All options with label 'Accord' are selected in object 'Object Repository/ANEF_Eloignement_V_Nawres/Page_Prendre_Mesure_Formulaire/select_Decision_Etat_Requis' 

14-02-2025T14:36:27 - [MESSAGE][INFO] - Finding Test Object 'Object Repository/ANEF_Eloignement_V_Nawres/Page_Prendre_Mesure_Formulaire/select_Decision_Etat_Requis'

14-02-2025T14:36:27 - [MESSAGE][INFO] - Checking timeout

14-02-2025T14:36:27 - [MESSAGE][INFO] - Finding web element with id: 'Object Repository/ANEF_Eloignement_V_Nawres/Page_Prendre_Mesure_Formulaire/select_Decision_Etat_Requis' located by 'By.xpath: //select[@name="decision"]' in '20' second(s)

14-02-2025T14:36:27 - [MESSAGE][INFO] - Found 1 web elements with id: 'Object Repository/ANEF_Eloignement_V_Nawres/Page_Prendre_Mesure_Formulaire/select_Decision_Etat_Requis' located by 'By.xpath: //select[@name="decision"]' in '20' second(s)

14-02-2025T14:36:27 - [MESSAGE][INFO] - Checking object

14-02-2025T14:36:27 - [MESSAGE][INFO] - Checking label parameter

14-02-2025T14:36:27 - [MESSAGE][INFO] - Finding web element from Test Object's properties

14-02-2025T14:36:27 - [MESSAGE][INFO] - Checking timeout

14-02-2025T14:36:27 - [MESSAGE][INFO] - Finding web element with id: 'Object Repository/ANEF_Eloignement_V_Nawres/Page_Prendre_Mesure_Formulaire/select_Decision_Etat_Requis' located by 'By.xpath: //select[@name="decision"]' in '100' second(s)

14-02-2025T14:36:27 - [MESSAGE][INFO] - Found 1 web elements with id: 'Object Repository/ANEF_Eloignement_V_Nawres/Page_Prendre_Mesure_Formulaire/select_Decision_Etat_Requis' located by 'By.xpath: //select[@name="decision"]' in '100' second(s)

14-02-2025T14:36:27 - [MESSAGE][INFO] - Selecting options on object 'Object Repository/ANEF_Eloignement_V_Nawres/Page_Prendre_Mesure_Formulaire/select_Decision_Etat_Requis' with label 'Accord' 

14-02-2025T14:36:28 - [MESSAGE][PASSED] - All options with label 'Accord' are selected in object 'Object Repository/ANEF_Eloignement_V_Nawres/Page_Prendre_Mesure_Formulaire/select_Decision_Etat_Requis' 

14-02-2025T14:36:28 - [TEST_STEP][PASSED] - setText(findTestObject("Object Repository/ANEF_Eloignement_V_Nawres/Page_Prendre_Mesure_Formulaire/input_Date_Fin_Validite"), DateActuelle, STOP_ON_FAILURE): Text '14/02/2025' is set on object 'Object Repository/ANEF_Eloignement_V_Nawres/Page_Prendre_Mesure_Formulaire/input_Date_Fin_Validite'

14-02-2025T14:36:28 - [MESSAGE][INFO] - Finding Test Object 'Object Repository/ANEF_Eloignement_V_Nawres/Page_Prendre_Mesure_Formulaire/input_Date_Fin_Validite'

14-02-2025T14:36:28 - [MESSAGE][INFO] - Checking timeout

14-02-2025T14:36:28 - [MESSAGE][INFO] - Finding web element with id: 'Object Repository/ANEF_Eloignement_V_Nawres/Page_Prendre_Mesure_Formulaire/input_Date_Fin_Validite' located by 'By.xpath: //input[@id="date_fin_validite"]' in '20' second(s)

14-02-2025T14:36:28 - [MESSAGE][INFO] - Found 1 web elements with id: 'Object Repository/ANEF_Eloignement_V_Nawres/Page_Prendre_Mesure_Formulaire/input_Date_Fin_Validite' located by 'By.xpath: //input[@id="date_fin_validite"]' in '20' second(s)

14-02-2025T14:36:28 - [MESSAGE][INFO] - Checking object

14-02-2025T14:36:28 - [MESSAGE][INFO] - Checking text

14-02-2025T14:36:28 - [MESSAGE][INFO] - Finding web element from Test Object's properties

14-02-2025T14:36:28 - [MESSAGE][INFO] - Checking timeout

14-02-2025T14:36:28 - [MESSAGE][INFO] - Finding web element with id: 'Object Repository/ANEF_Eloignement_V_Nawres/Page_Prendre_Mesure_Formulaire/input_Date_Fin_Validite' located by 'By.xpath: //input[@id="date_fin_validite"]' in '100' second(s)

14-02-2025T14:36:28 - [MESSAGE][INFO] - Found 1 web elements with id: 'Object Repository/ANEF_Eloignement_V_Nawres/Page_Prendre_Mesure_Formulaire/input_Date_Fin_Validite' located by 'By.xpath: //input[@id="date_fin_validite"]' in '100' second(s)

14-02-2025T14:36:28 - [MESSAGE][INFO] - Clearing text of object 'Object Repository/ANEF_Eloignement_V_Nawres/Page_Prendre_Mesure_Formulaire/input_Date_Fin_Validite'

14-02-2025T14:36:29 - [MESSAGE][INFO] - Finding web element from Test Object's properties

14-02-2025T14:36:29 - [MESSAGE][INFO] - Checking timeout

14-02-2025T14:36:29 - [MESSAGE][INFO] - Finding web element with id: 'Object Repository/ANEF_Eloignement_V_Nawres/Page_Prendre_Mesure_Formulaire/input_Date_Fin_Validite' located by 'By.xpath: //input[@id="date_fin_validite"]' in '100' second(s)

14-02-2025T14:36:30 - [MESSAGE][INFO] - Found 1 web elements with id: 'Object Repository/ANEF_Eloignement_V_Nawres/Page_Prendre_Mesure_Formulaire/input_Date_Fin_Validite' located by 'By.xpath: //input[@id="date_fin_validite"]' in '100' second(s)

14-02-2025T14:36:30 - [MESSAGE][INFO] - Setting text of object 'Object Repository/ANEF_Eloignement_V_Nawres/Page_Prendre_Mesure_Formulaire/input_Date_Fin_Validite' to value '14/02/2025'

14-02-2025T14:36:31 - [MESSAGE][PASSED] - Text '14/02/2025' is set on object 'Object Repository/ANEF_Eloignement_V_Nawres/Page_Prendre_Mesure_Formulaire/input_Date_Fin_Validite'

14-02-2025T14:36:31 - [TEST_STEP][PASSED] - setText(findTestObject("Object Repository/ANEF_Eloignement_V_Nawres/Page_Prendre_Mesure_Formulaire/input_Date_Demande_Reexamen"), DateActuelle, STOP_ON_FAILURE): Text '14/02/2025' is set on object 'Object Repository/ANEF_Eloignement_V_Nawres/Page_Prendre_Mesure_Formulaire/input_Date_Demande_Reexamen'

14-02-2025T14:36:31 - [MESSAGE][INFO] - Finding Test Object 'Object Repository/ANEF_Eloignement_V_Nawres/Page_Prendre_Mesure_Formulaire/input_Date_Demande_Reexamen'

14-02-2025T14:36:31 - [MESSAGE][INFO] - Checking timeout

14-02-2025T14:36:31 - [MESSAGE][INFO] - Finding web element with id: 'Object Repository/ANEF_Eloignement_V_Nawres/Page_Prendre_Mesure_Formulaire/input_Date_Demande_Reexamen' located by 'By.xpath: //input[@id="date_demande_reexamen"]' in '20' second(s)

14-02-2025T14:36:31 - [MESSAGE][INFO] - Found 1 web elements with id: 'Object Repository/ANEF_Eloignement_V_Nawres/Page_Prendre_Mesure_Formulaire/input_Date_Demande_Reexamen' located by 'By.xpath: //input[@id="date_demande_reexamen"]' in '20' second(s)

14-02-2025T14:36:31 - [MESSAGE][INFO] - Checking object

14-02-2025T14:36:31 - [MESSAGE][INFO] - Checking text

14-02-2025T14:36:31 - [MESSAGE][INFO] - Finding web element from Test Object's properties

14-02-2025T14:36:31 - [MESSAGE][INFO] - Checking timeout

14-02-2025T14:36:31 - [MESSAGE][INFO] - Finding web element with id: 'Object Repository/ANEF_Eloignement_V_Nawres/Page_Prendre_Mesure_Formulaire/input_Date_Demande_Reexamen' located by 'By.xpath: //input[@id="date_demande_reexamen"]' in '100' second(s)

14-02-2025T14:36:31 - [MESSAGE][INFO] - Found 1 web elements with id: 'Object Repository/ANEF_Eloignement_V_Nawres/Page_Prendre_Mesure_Formulaire/input_Date_Demande_Reexamen' located by 'By.xpath: //input[@id="date_demande_reexamen"]' in '100' second(s)

14-02-2025T14:36:31 - [MESSAGE][INFO] - Clearing text of object 'Object Repository/ANEF_Eloignement_V_Nawres/Page_Prendre_Mesure_Formulaire/input_Date_Demande_Reexamen'

14-02-2025T14:36:32 - [MESSAGE][INFO] - Finding web element from Test Object's properties

14-02-2025T14:36:32 - [MESSAGE][INFO] - Checking timeout

14-02-2025T14:36:32 - [MESSAGE][INFO] - Finding web element with id: 'Object Repository/ANEF_Eloignement_V_Nawres/Page_Prendre_Mesure_Formulaire/input_Date_Demande_Reexamen' located by 'By.xpath: //input[@id="date_demande_reexamen"]' in '100' second(s)

14-02-2025T14:36:32 - [MESSAGE][INFO] - Found 1 web elements with id: 'Object Repository/ANEF_Eloignement_V_Nawres/Page_Prendre_Mesure_Formulaire/input_Date_Demande_Reexamen' located by 'By.xpath: //input[@id="date_demande_reexamen"]' in '100' second(s)

14-02-2025T14:36:32 - [MESSAGE][INFO] - Setting text of object 'Object Repository/ANEF_Eloignement_V_Nawres/Page_Prendre_Mesure_Formulaire/input_Date_Demande_Reexamen' to value '14/02/2025'

14-02-2025T14:36:33 - [MESSAGE][PASSED] - Text '14/02/2025' is set on object 'Object Repository/ANEF_Eloignement_V_Nawres/Page_Prendre_Mesure_Formulaire/input_Date_Demande_Reexamen'

14-02-2025T14:36:33 - [TEST_STEP][PASSED] - setText(findTestObject("Object Repository/ANEF_Eloignement_V_Nawres/Page_Prendre_Mesure_Formulaire/input_Date_Decision_Transfert"), DateActuelle, STOP_ON_FAILURE): Text '14/02/2025' is set on object 'Object Repository/ANEF_Eloignement_V_Nawres/Page_Prendre_Mesure_Formulaire/input_Date_Decision_Transfert'

14-02-2025T14:36:33 - [MESSAGE][INFO] - Finding Test Object 'Object Repository/ANEF_Eloignement_V_Nawres/Page_Prendre_Mesure_Formulaire/input_Date_Decision_Transfert'

14-02-2025T14:36:33 - [MESSAGE][INFO] - Checking timeout

14-02-2025T14:36:33 - [MESSAGE][INFO] - Finding web element with id: 'Object Repository/ANEF_Eloignement_V_Nawres/Page_Prendre_Mesure_Formulaire/input_Date_Decision_Transfert' located by 'By.xpath: //input[@id="date_decision_transfert"]' in '20' second(s)

14-02-2025T14:36:33 - [MESSAGE][INFO] - Found 1 web elements with id: 'Object Repository/ANEF_Eloignement_V_Nawres/Page_Prendre_Mesure_Formulaire/input_Date_Decision_Transfert' located by 'By.xpath: //input[@id="date_decision_transfert"]' in '20' second(s)

14-02-2025T14:36:33 - [MESSAGE][INFO] - Checking object

14-02-2025T14:36:33 - [MESSAGE][INFO] - Checking text

14-02-2025T14:36:33 - [MESSAGE][INFO] - Finding web element from Test Object's properties

14-02-2025T14:36:33 - [MESSAGE][INFO] - Checking timeout

14-02-2025T14:36:33 - [MESSAGE][INFO] - Finding web element with id: 'Object Repository/ANEF_Eloignement_V_Nawres/Page_Prendre_Mesure_Formulaire/input_Date_Decision_Transfert' located by 'By.xpath: //input[@id="date_decision_transfert"]' in '100' second(s)

14-02-2025T14:36:33 - [MESSAGE][INFO] - Found 1 web elements with id: 'Object Repository/ANEF_Eloignement_V_Nawres/Page_Prendre_Mesure_Formulaire/input_Date_Decision_Transfert' located by 'By.xpath: //input[@id="date_decision_transfert"]' in '100' second(s)

14-02-2025T14:36:33 - [MESSAGE][INFO] - Clearing text of object 'Object Repository/ANEF_Eloignement_V_Nawres/Page_Prendre_Mesure_Formulaire/input_Date_Decision_Transfert'

14-02-2025T14:36:34 - [MESSAGE][INFO] - Finding web element from Test Object's properties

14-02-2025T14:36:34 - [MESSAGE][INFO] - Checking timeout

14-02-2025T14:36:34 - [MESSAGE][INFO] - Finding web element with id: 'Object Repository/ANEF_Eloignement_V_Nawres/Page_Prendre_Mesure_Formulaire/input_Date_Decision_Transfert' located by 'By.xpath: //input[@id="date_decision_transfert"]' in '100' second(s)

14-02-2025T14:36:34 - [MESSAGE][INFO] - Found 1 web elements with id: 'Object Repository/ANEF_Eloignement_V_Nawres/Page_Prendre_Mesure_Formulaire/input_Date_Decision_Transfert' located by 'By.xpath: //input[@id="date_decision_transfert"]' in '100' second(s)

14-02-2025T14:36:34 - [MESSAGE][INFO] - Setting text of object 'Object Repository/ANEF_Eloignement_V_Nawres/Page_Prendre_Mesure_Formulaire/input_Date_Decision_Transfert' to value '14/02/2025'

14-02-2025T14:36:35 - [MESSAGE][PASSED] - Text '14/02/2025' is set on object 'Object Repository/ANEF_Eloignement_V_Nawres/Page_Prendre_Mesure_Formulaire/input_Date_Decision_Transfert'

14-02-2025T14:36:35 - [TEST_STEP][PASSED] - selectOptionByIndex(findTestObject("Object Repository/ANEF_Eloignement_V_Nawres/Page_Prendre_Mesure_Formulaire/select_Etat_Transfert"), RandomNumberSelect, STOP_ON_FAILURE): All options with index in [22] are selected on object 'Object Repository/ANEF_Eloignement_V_Nawres/Page_Prendre_Mesure_Formulaire/select_Etat_Transfert'

14-02-2025T14:36:35 - [MESSAGE][INFO] - Finding Test Object 'Object Repository/ANEF_Eloignement_V_Nawres/Page_Prendre_Mesure_Formulaire/select_Etat_Transfert'

14-02-2025T14:36:35 - [MESSAGE][INFO] - Checking timeout

14-02-2025T14:36:35 - [MESSAGE][INFO] - Finding web element with id: 'Object Repository/ANEF_Eloignement_V_Nawres/Page_Prendre_Mesure_Formulaire/select_Etat_Transfert' located by 'By.xpath: //select[@id="etat_transfert"]' in '20' second(s)

14-02-2025T14:36:35 - [MESSAGE][INFO] - Found 1 web elements with id: 'Object Repository/ANEF_Eloignement_V_Nawres/Page_Prendre_Mesure_Formulaire/select_Etat_Transfert' located by 'By.xpath: //select[@id="etat_transfert"]' in '20' second(s)

14-02-2025T14:36:35 - [MESSAGE][INFO] - Checking object

14-02-2025T14:36:35 - [MESSAGE][INFO] - Checking index range

14-02-2025T14:36:35 - [MESSAGE][INFO] - Converting range parameter '22' to index array

14-02-2025T14:36:35 - [MESSAGE][INFO] - Range parameter '22' is converted to index array [22]

14-02-2025T14:36:35 - [MESSAGE][INFO] - Finding web element from Test Object's properties

14-02-2025T14:36:35 - [MESSAGE][INFO] - Checking timeout

14-02-2025T14:36:35 - [MESSAGE][INFO] - Finding web element with id: 'Object Repository/ANEF_Eloignement_V_Nawres/Page_Prendre_Mesure_Formulaire/select_Etat_Transfert' located by 'By.xpath: //select[@id="etat_transfert"]' in '100' second(s)

14-02-2025T14:36:35 - [MESSAGE][INFO] - Found 1 web elements with id: 'Object Repository/ANEF_Eloignement_V_Nawres/Page_Prendre_Mesure_Formulaire/select_Etat_Transfert' located by 'By.xpath: //select[@id="etat_transfert"]' in '100' second(s)

14-02-2025T14:36:35 - [MESSAGE][INFO] - Checking index parameters

14-02-2025T14:36:35 - [MESSAGE][INFO] - Selecting options on object 'Object Repository/ANEF_Eloignement_V_Nawres/Page_Prendre_Mesure_Formulaire/select_Etat_Transfert' with index in [22]

14-02-2025T14:36:37 - [MESSAGE][INFO] - Option with index 22 is selected

14-02-2025T14:36:37 - [MESSAGE][PASSED] - All options with index in [22] are selected on object 'Object Repository/ANEF_Eloignement_V_Nawres/Page_Prendre_Mesure_Formulaire/select_Etat_Transfert'

14-02-2025T14:36:37 - [TEST_STEP][PASSED] - "Ajouter un Etat Requis si  DecisionEtatTransfertDublin = 'Refus' ": null

14-02-2025T14:36:37 - [TEST_STEP][PASSED] - if (DecisionEtatTransfertDublin == "Refus"): null

14-02-2025T14:36:37 - [TEST_STEP][PASSED] - if (Mesure == "ExecutionFicheSIS"): null

14-02-2025T14:36:37 - [TEST_STEP][PASSED] - if (Mesure == "IAT"): null

14-02-2025T14:36:37 - [TEST_STEP][PASSED] - if (Mesure == "ITF"): null

14-02-2025T14:36:37 - [TEST_STEP][PASSED] - click(findTestObject("Object Repository/ANEF_Eloignement_V_Nawres/Page_Prendre_Mesure_Formulaire/btn_Enregistrer"), STOP_ON_FAILURE): Object: 'Object Repository/ANEF_Eloignement_V_Nawres/Page_Prendre_Mesure_Formulaire/btn_Enregistrer' is clicked on

14-02-2025T14:36:37 - [MESSAGE][INFO] - Finding Test Object 'Object Repository/ANEF_Eloignement_V_Nawres/Page_Prendre_Mesure_Formulaire/btn_Enregistrer'

14-02-2025T14:36:37 - [MESSAGE][INFO] - Checking timeout

14-02-2025T14:36:37 - [MESSAGE][INFO] - Finding web element with id: 'Object Repository/ANEF_Eloignement_V_Nawres/Page_Prendre_Mesure_Formulaire/btn_Enregistrer' located by 'By.xpath: //button[contains(text(),"Enregistrer")]' in '20' second(s)

14-02-2025T14:36:37 - [MESSAGE][INFO] - Found 1 web elements with id: 'Object Repository/ANEF_Eloignement_V_Nawres/Page_Prendre_Mesure_Formulaire/btn_Enregistrer' located by 'By.xpath: //button[contains(text(),"Enregistrer")]' in '20' second(s)

14-02-2025T14:36:37 - [MESSAGE][INFO] - Checking object

14-02-2025T14:36:37 - [MESSAGE][INFO] - Checking timeout

14-02-2025T14:36:37 - [MESSAGE][INFO] - Finding web element from Test Object's properties

14-02-2025T14:36:37 - [MESSAGE][INFO] - Checking timeout

14-02-2025T14:36:37 - [MESSAGE][INFO] - Finding web element with id: 'Object Repository/ANEF_Eloignement_V_Nawres/Page_Prendre_Mesure_Formulaire/btn_Enregistrer' located by 'By.xpath: //button[contains(text(),"Enregistrer")]' in '100' second(s)

14-02-2025T14:36:37 - [MESSAGE][INFO] - Found 1 web elements with id: 'Object Repository/ANEF_Eloignement_V_Nawres/Page_Prendre_Mesure_Formulaire/btn_Enregistrer' located by 'By.xpath: //button[contains(text(),"Enregistrer")]' in '100' second(s)

14-02-2025T14:36:37 - [MESSAGE][INFO] - Clicking on object: 'Object Repository/ANEF_Eloignement_V_Nawres/Page_Prendre_Mesure_Formulaire/btn_Enregistrer'

14-02-2025T14:36:38 - [MESSAGE][PASSED] - Object: 'Object Repository/ANEF_Eloignement_V_Nawres/Page_Prendre_Mesure_Formulaire/btn_Enregistrer' is clicked on

14-02-2025T14:36:38 - [MESSAGE][PASSED] - Call Test Case 'Test Cases/Test Reutilisable/Main/ANEF_Eloignement_V_Nawres/ANEF_Prendre_Mesure_Formulaire' successfully

14-02-2025T14:36:38 - [MESSAGE][PASSED] - Call Test Case 'Test Cases/Test Reutilisable/Main/ANEF_Eloignement_V_Nawres/ANEF_Prendre_Mesure' successfully

14-02-2025T14:36:38 - [TEST_STEP][PASSED] - callTestCase(findTestCase("Test Cases/Test Reutilisable/Main/ANEF_Eloignement_V_Nawres/ANEF_Ajouter_Decision"), ["ModeNotification":ModeNotification], STOP_ON_FAILURE): Call Test Case 'Test Cases/Test Reutilisable/Main/ANEF_Eloignement_V_Nawres/ANEF_Ajouter_Decision' successfully

14-02-2025T14:36:38 - [MESSAGE][INFO] - Checking called Test Case

14-02-2025T14:36:38 - [MESSAGE][INFO] - Starting to call Test Case 'Test Cases/Test Reutilisable/Main/ANEF_Eloignement_V_Nawres/ANEF_Ajouter_Decision'

14-02-2025T14:36:38 - [TEST_CASE][PASSED] - Test Cases/Test Reutilisable/Main/ANEF_Eloignement_V_Nawres/ANEF_Ajouter_Decision: Test Cases/Test Reutilisable/Main/ANEF_Eloignement_V_Nawres/ANEF_Ajouter_Decision

14-02-2025T14:36:38 - [TEST_STEP][PASSED] - calendar = Calendar.getInstance(): null

14-02-2025T14:36:38 - [TEST_STEP][PASSED] - currentDate = calendar.getTime(): null

14-02-2025T14:36:38 - [TEST_STEP][PASSED] - sdf = new java.text.SimpleDateFormat(dd/MM/yyyy): null

14-02-2025T14:36:38 - [TEST_STEP][PASSED] - formattedDate = sdf.format(currentDate): null

14-02-2025T14:36:38 - [TEST_STEP][PASSED] - DateActuelle = formattedDate.toString(): null

14-02-2025T14:36:38 - [TEST_STEP][PASSED] - println(DateActuelle): null

14-02-2025T14:36:38 - [TEST_STEP][PASSED] - waitForElementClickable(findTestObject("Object Repository/ANEF_Eloignement_V_Nawres/Page_Ajouter_Decision/btn_Ajouter_Decision"), 20, STOP_ON_FAILURE): Object 'Object Repository/ANEF_Eloignement_V_Nawres/Page_Ajouter_Decision/btn_Ajouter_Decision' is clickable

14-02-2025T14:36:38 - [MESSAGE][INFO] - Finding Test Object 'Object Repository/ANEF_Eloignement_V_Nawres/Page_Ajouter_Decision/btn_Ajouter_Decision'

14-02-2025T14:36:38 - [MESSAGE][INFO] - Checking object

14-02-2025T14:36:38 - [MESSAGE][INFO] - Checking timeout

14-02-2025T14:36:38 - [MESSAGE][INFO] - Finding web element from Test Object's properties

14-02-2025T14:36:38 - [MESSAGE][INFO] - Checking timeout

14-02-2025T14:36:38 - [MESSAGE][INFO] - Finding web element with id: 'Object Repository/ANEF_Eloignement_V_Nawres/Page_Ajouter_Decision/btn_Ajouter_Decision' located by 'By.xpath: //button[contains(text(),"Ajouter une dÃ©cision")]' in '20' second(s)

14-02-2025T14:36:38 - [MESSAGE][INFO] - Found 1 web elements with id: 'Object Repository/ANEF_Eloignement_V_Nawres/Page_Ajouter_Decision/btn_Ajouter_Decision' located by 'By.xpath: //button[contains(text(),"Ajouter une dÃ©cision")]' in '20' second(s)

14-02-2025T14:36:39 - [MESSAGE][PASSED] - Object 'Object Repository/ANEF_Eloignement_V_Nawres/Page_Ajouter_Decision/btn_Ajouter_Decision' is clickable

14-02-2025T14:36:39 - [TEST_STEP][PASSED] - click(findTestObject("Object Repository/ANEF_Eloignement_V_Nawres/Page_Ajouter_Decision/btn_Ajouter_Decision"), STOP_ON_FAILURE): Object: 'Object Repository/ANEF_Eloignement_V_Nawres/Page_Ajouter_Decision/btn_Ajouter_Decision' is clicked on

14-02-2025T14:36:39 - [MESSAGE][INFO] - Finding Test Object 'Object Repository/ANEF_Eloignement_V_Nawres/Page_Ajouter_Decision/btn_Ajouter_Decision'

14-02-2025T14:36:39 - [MESSAGE][INFO] - Checking timeout

14-02-2025T14:36:39 - [MESSAGE][INFO] - Finding web element with id: 'Object Repository/ANEF_Eloignement_V_Nawres/Page_Ajouter_Decision/btn_Ajouter_Decision' located by 'By.xpath: //button[contains(text(),"Ajouter une dÃ©cision")]' in '20' second(s)

14-02-2025T14:36:39 - [MESSAGE][INFO] - Found 1 web elements with id: 'Object Repository/ANEF_Eloignement_V_Nawres/Page_Ajouter_Decision/btn_Ajouter_Decision' located by 'By.xpath: //button[contains(text(),"Ajouter une dÃ©cision")]' in '20' second(s)

14-02-2025T14:36:39 - [MESSAGE][INFO] - Checking object

14-02-2025T14:36:39 - [MESSAGE][INFO] - Checking timeout

14-02-2025T14:36:39 - [MESSAGE][INFO] - Finding web element from Test Object's properties

14-02-2025T14:36:39 - [MESSAGE][INFO] - Checking timeout

14-02-2025T14:36:39 - [MESSAGE][INFO] - Finding web element with id: 'Object Repository/ANEF_Eloignement_V_Nawres/Page_Ajouter_Decision/btn_Ajouter_Decision' located by 'By.xpath: //button[contains(text(),"Ajouter une dÃ©cision")]' in '100' second(s)

14-02-2025T14:36:39 - [MESSAGE][INFO] - Found 1 web elements with id: 'Object Repository/ANEF_Eloignement_V_Nawres/Page_Ajouter_Decision/btn_Ajouter_Decision' located by 'By.xpath: //button[contains(text(),"Ajouter une dÃ©cision")]' in '100' second(s)

14-02-2025T14:36:39 - [MESSAGE][INFO] - Clicking on object: 'Object Repository/ANEF_Eloignement_V_Nawres/Page_Ajouter_Decision/btn_Ajouter_Decision'

14-02-2025T14:36:40 - [MESSAGE][PASSED] - Object: 'Object Repository/ANEF_Eloignement_V_Nawres/Page_Ajouter_Decision/btn_Ajouter_Decision' is clicked on

14-02-2025T14:36:40 - [TEST_STEP][PASSED] - scrollToElement(findTestObject("Object Repository/ANEF_Eloignement_V_Nawres/Page_Ajouter_Decision/btn_Confirmer_Ajout_Decision"), 5, STOP_ON_FAILURE): Scroll to object 'Object Repository/ANEF_Eloignement_V_Nawres/Page_Ajouter_Decision/btn_Confirmer_Ajout_Decision' successfully

14-02-2025T14:36:40 - [MESSAGE][INFO] - Finding Test Object 'Object Repository/ANEF_Eloignement_V_Nawres/Page_Ajouter_Decision/btn_Confirmer_Ajout_Decision'

14-02-2025T14:36:40 - [MESSAGE][INFO] - Checking object

14-02-2025T14:36:40 - [MESSAGE][INFO] - Checking timeout

14-02-2025T14:36:40 - [MESSAGE][INFO] - Finding web element from Test Object's properties

14-02-2025T14:36:40 - [MESSAGE][INFO] - Checking timeout

14-02-2025T14:36:40 - [MESSAGE][INFO] - Finding web element with id: 'Object Repository/ANEF_Eloignement_V_Nawres/Page_Ajouter_Decision/btn_Confirmer_Ajout_Decision' located by 'By.xpath: //button[contains(text()," Confirmer l'ajout")]' in '100' second(s)

14-02-2025T14:36:40 - [MESSAGE][INFO] - Found 1 web elements with id: 'Object Repository/ANEF_Eloignement_V_Nawres/Page_Ajouter_Decision/btn_Confirmer_Ajout_Decision' located by 'By.xpath: //button[contains(text()," Confirmer l'ajout")]' in '100' second(s)

14-02-2025T14:36:40 - [MESSAGE][INFO] - Scrolling to object 'Object Repository/ANEF_Eloignement_V_Nawres/Page_Ajouter_Decision/btn_Confirmer_Ajout_Decision'

14-02-2025T14:36:40 - [MESSAGE][PASSED] - Scroll to object 'Object Repository/ANEF_Eloignement_V_Nawres/Page_Ajouter_Decision/btn_Confirmer_Ajout_Decision' successfully

14-02-2025T14:36:40 - [TEST_STEP][PASSED] - click(findTestObject("Object Repository/ANEF_Eloignement_V_Nawres/Page_Ajouter_Decision/btn_Confirmer_Ajout_Decision"), STOP_ON_FAILURE): Object: 'Object Repository/ANEF_Eloignement_V_Nawres/Page_Ajouter_Decision/btn_Confirmer_Ajout_Decision' is clicked on

14-02-2025T14:36:40 - [MESSAGE][INFO] - Finding Test Object 'Object Repository/ANEF_Eloignement_V_Nawres/Page_Ajouter_Decision/btn_Confirmer_Ajout_Decision'

14-02-2025T14:36:40 - [MESSAGE][INFO] - Checking timeout

14-02-2025T14:36:40 - [MESSAGE][INFO] - Finding web element with id: 'Object Repository/ANEF_Eloignement_V_Nawres/Page_Ajouter_Decision/btn_Confirmer_Ajout_Decision' located by 'By.xpath: //button[contains(text()," Confirmer l'ajout")]' in '20' second(s)

14-02-2025T14:36:40 - [MESSAGE][INFO] - Found 1 web elements with id: 'Object Repository/ANEF_Eloignement_V_Nawres/Page_Ajouter_Decision/btn_Confirmer_Ajout_Decision' located by 'By.xpath: //button[contains(text()," Confirmer l'ajout")]' in '20' second(s)

14-02-2025T14:36:40 - [MESSAGE][INFO] - Checking object

14-02-2025T14:36:40 - [MESSAGE][INFO] - Checking timeout

14-02-2025T14:36:40 - [MESSAGE][INFO] - Finding web element from Test Object's properties

14-02-2025T14:36:40 - [MESSAGE][INFO] - Checking timeout

14-02-2025T14:36:40 - [MESSAGE][INFO] - Finding web element with id: 'Object Repository/ANEF_Eloignement_V_Nawres/Page_Ajouter_Decision/btn_Confirmer_Ajout_Decision' located by 'By.xpath: //button[contains(text()," Confirmer l'ajout")]' in '100' second(s)

14-02-2025T14:36:40 - [MESSAGE][INFO] - Found 1 web elements with id: 'Object Repository/ANEF_Eloignement_V_Nawres/Page_Ajouter_Decision/btn_Confirmer_Ajout_Decision' located by 'By.xpath: //button[contains(text()," Confirmer l'ajout")]' in '100' second(s)

14-02-2025T14:36:40 - [MESSAGE][INFO] - Clicking on object: 'Object Repository/ANEF_Eloignement_V_Nawres/Page_Ajouter_Decision/btn_Confirmer_Ajout_Decision'

14-02-2025T14:36:41 - [MESSAGE][PASSED] - Object: 'Object Repository/ANEF_Eloignement_V_Nawres/Page_Ajouter_Decision/btn_Confirmer_Ajout_Decision' is clicked on

14-02-2025T14:36:41 - [TEST_STEP][PASSED] - waitForElementClickable(findTestObject("Object Repository/ANEF_Eloignement_V_Nawres/Page_Ajouter_Decision/btn_Confirmer_Notification"), 20, STOP_ON_FAILURE): Object 'Object Repository/ANEF_Eloignement_V_Nawres/Page_Ajouter_Decision/btn_Confirmer_Notification' is clickable

14-02-2025T14:36:41 - [MESSAGE][INFO] - Finding Test Object 'Object Repository/ANEF_Eloignement_V_Nawres/Page_Ajouter_Decision/btn_Confirmer_Notification'

14-02-2025T14:36:41 - [MESSAGE][INFO] - Checking object

14-02-2025T14:36:41 - [MESSAGE][INFO] - Checking timeout

14-02-2025T14:36:41 - [MESSAGE][INFO] - Finding web element from Test Object's properties

14-02-2025T14:36:41 - [MESSAGE][INFO] - Checking timeout

14-02-2025T14:36:41 - [MESSAGE][INFO] - Finding web element with id: 'Object Repository/ANEF_Eloignement_V_Nawres/Page_Ajouter_Decision/btn_Confirmer_Notification' located by 'By.xpath: //button[contains(text(),"Confirmer la notification")]' in '20' second(s)

14-02-2025T14:36:41 - [MESSAGE][INFO] - Found 1 web elements with id: 'Object Repository/ANEF_Eloignement_V_Nawres/Page_Ajouter_Decision/btn_Confirmer_Notification' located by 'By.xpath: //button[contains(text(),"Confirmer la notification")]' in '20' second(s)

14-02-2025T14:36:42 - [MESSAGE][PASSED] - Object 'Object Repository/ANEF_Eloignement_V_Nawres/Page_Ajouter_Decision/btn_Confirmer_Notification' is clickable

14-02-2025T14:36:42 - [TEST_STEP][PASSED] - click(findTestObject("Object Repository/ANEF_Eloignement_V_Nawres/Page_Ajouter_Decision/btn_Confirmer_Notification"), STOP_ON_FAILURE): Object: 'Object Repository/ANEF_Eloignement_V_Nawres/Page_Ajouter_Decision/btn_Confirmer_Notification' is clicked on

14-02-2025T14:36:42 - [MESSAGE][INFO] - Finding Test Object 'Object Repository/ANEF_Eloignement_V_Nawres/Page_Ajouter_Decision/btn_Confirmer_Notification'

14-02-2025T14:36:42 - [MESSAGE][INFO] - Checking timeout

14-02-2025T14:36:42 - [MESSAGE][INFO] - Finding web element with id: 'Object Repository/ANEF_Eloignement_V_Nawres/Page_Ajouter_Decision/btn_Confirmer_Notification' located by 'By.xpath: //button[contains(text(),"Confirmer la notification")]' in '20' second(s)

14-02-2025T14:36:42 - [MESSAGE][INFO] - Found 1 web elements with id: 'Object Repository/ANEF_Eloignement_V_Nawres/Page_Ajouter_Decision/btn_Confirmer_Notification' located by 'By.xpath: //button[contains(text(),"Confirmer la notification")]' in '20' second(s)

14-02-2025T14:36:42 - [MESSAGE][INFO] - Checking object

14-02-2025T14:36:42 - [MESSAGE][INFO] - Checking timeout

14-02-2025T14:36:42 - [MESSAGE][INFO] - Finding web element from Test Object's properties

14-02-2025T14:36:42 - [MESSAGE][INFO] - Checking timeout

14-02-2025T14:36:42 - [MESSAGE][INFO] - Finding web element with id: 'Object Repository/ANEF_Eloignement_V_Nawres/Page_Ajouter_Decision/btn_Confirmer_Notification' located by 'By.xpath: //button[contains(text(),"Confirmer la notification")]' in '100' second(s)

14-02-2025T14:36:42 - [MESSAGE][INFO] - Found 1 web elements with id: 'Object Repository/ANEF_Eloignement_V_Nawres/Page_Ajouter_Decision/btn_Confirmer_Notification' located by 'By.xpath: //button[contains(text(),"Confirmer la notification")]' in '100' second(s)

14-02-2025T14:36:42 - [MESSAGE][INFO] - Clicking on object: 'Object Repository/ANEF_Eloignement_V_Nawres/Page_Ajouter_Decision/btn_Confirmer_Notification'

14-02-2025T14:36:43 - [MESSAGE][PASSED] - Object: 'Object Repository/ANEF_Eloignement_V_Nawres/Page_Ajouter_Decision/btn_Confirmer_Notification' is clicked on

14-02-2025T14:36:43 - [TEST_STEP][PASSED] - selectOptionByLabel(findTestObject("Object Repository/ANEF_Eloignement_V_Nawres/Page_Ajouter_Decision/select_Mode_Notification"), ModeNotification, false, STOP_ON_FAILURE): All options with label 'Voie administrative' are selected in object 'Object Repository/ANEF_Eloignement_V_Nawres/Page_Ajouter_Decision/select_Mode_Notification' 

14-02-2025T14:36:43 - [MESSAGE][INFO] - Finding Test Object 'Object Repository/ANEF_Eloignement_V_Nawres/Page_Ajouter_Decision/select_Mode_Notification'

14-02-2025T14:36:43 - [MESSAGE][INFO] - Checking timeout

14-02-2025T14:36:43 - [MESSAGE][INFO] - Finding web element with id: 'Object Repository/ANEF_Eloignement_V_Nawres/Page_Ajouter_Decision/select_Mode_Notification' located by 'By.xpath: //app-notification-modal//form//app-dsfr-select/div/select[@id="mode_notification"]' in '20' second(s)

14-02-2025T14:36:43 - [MESSAGE][INFO] - Found 1 web elements with id: 'Object Repository/ANEF_Eloignement_V_Nawres/Page_Ajouter_Decision/select_Mode_Notification' located by 'By.xpath: //app-notification-modal//form//app-dsfr-select/div/select[@id="mode_notification"]' in '20' second(s)

14-02-2025T14:36:43 - [MESSAGE][INFO] - Checking object

14-02-2025T14:36:43 - [MESSAGE][INFO] - Checking label parameter

14-02-2025T14:36:43 - [MESSAGE][INFO] - Finding web element from Test Object's properties

14-02-2025T14:36:43 - [MESSAGE][INFO] - Checking timeout

14-02-2025T14:36:43 - [MESSAGE][INFO] - Finding web element with id: 'Object Repository/ANEF_Eloignement_V_Nawres/Page_Ajouter_Decision/select_Mode_Notification' located by 'By.xpath: //app-notification-modal//form//app-dsfr-select/div/select[@id="mode_notification"]' in '100' second(s)

14-02-2025T14:36:43 - [MESSAGE][INFO] - Found 1 web elements with id: 'Object Repository/ANEF_Eloignement_V_Nawres/Page_Ajouter_Decision/select_Mode_Notification' located by 'By.xpath: //app-notification-modal//form//app-dsfr-select/div/select[@id="mode_notification"]' in '100' second(s)

14-02-2025T14:36:43 - [MESSAGE][INFO] - Selecting options on object 'Object Repository/ANEF_Eloignement_V_Nawres/Page_Ajouter_Decision/select_Mode_Notification' with label 'Voie administrative' 

14-02-2025T14:36:45 - [MESSAGE][PASSED] - All options with label 'Voie administrative' are selected in object 'Object Repository/ANEF_Eloignement_V_Nawres/Page_Ajouter_Decision/select_Mode_Notification' 

14-02-2025T14:36:45 - [TEST_STEP][PASSED] - setText(findTestObject("Object Repository/ANEF_Eloignement_V_Nawres/Page_Ajouter_Decision/input_Date_Notification"), DateActuelle, STOP_ON_FAILURE): Text '14/02/2025' is set on object 'Object Repository/ANEF_Eloignement_V_Nawres/Page_Ajouter_Decision/input_Date_Notification'

14-02-2025T14:36:45 - [MESSAGE][INFO] - Finding Test Object 'Object Repository/ANEF_Eloignement_V_Nawres/Page_Ajouter_Decision/input_Date_Notification'

14-02-2025T14:36:45 - [MESSAGE][INFO] - Checking timeout

14-02-2025T14:36:45 - [MESSAGE][INFO] - Finding web element with id: 'Object Repository/ANEF_Eloignement_V_Nawres/Page_Ajouter_Decision/input_Date_Notification' located by 'By.xpath: //app-notification-modal//form//app-dsfr-input/div/input[@name="date_notification"]' in '20' second(s)

14-02-2025T14:36:45 - [MESSAGE][INFO] - Found 1 web elements with id: 'Object Repository/ANEF_Eloignement_V_Nawres/Page_Ajouter_Decision/input_Date_Notification' located by 'By.xpath: //app-notification-modal//form//app-dsfr-input/div/input[@name="date_notification"]' in '20' second(s)

14-02-2025T14:36:45 - [MESSAGE][INFO] - Checking object

14-02-2025T14:36:45 - [MESSAGE][INFO] - Checking text

14-02-2025T14:36:45 - [MESSAGE][INFO] - Finding web element from Test Object's properties

14-02-2025T14:36:45 - [MESSAGE][INFO] - Checking timeout

14-02-2025T14:36:45 - [MESSAGE][INFO] - Finding web element with id: 'Object Repository/ANEF_Eloignement_V_Nawres/Page_Ajouter_Decision/input_Date_Notification' located by 'By.xpath: //app-notification-modal//form//app-dsfr-input/div/input[@name="date_notification"]' in '100' second(s)

14-02-2025T14:36:45 - [MESSAGE][INFO] - Found 1 web elements with id: 'Object Repository/ANEF_Eloignement_V_Nawres/Page_Ajouter_Decision/input_Date_Notification' located by 'By.xpath: //app-notification-modal//form//app-dsfr-input/div/input[@name="date_notification"]' in '100' second(s)

14-02-2025T14:36:45 - [MESSAGE][INFO] - Clearing text of object 'Object Repository/ANEF_Eloignement_V_Nawres/Page_Ajouter_Decision/input_Date_Notification'

14-02-2025T14:36:46 - [MESSAGE][INFO] - Finding web element from Test Object's properties

14-02-2025T14:36:46 - [MESSAGE][INFO] - Checking timeout

14-02-2025T14:36:46 - [MESSAGE][INFO] - Finding web element with id: 'Object Repository/ANEF_Eloignement_V_Nawres/Page_Ajouter_Decision/input_Date_Notification' located by 'By.xpath: //app-notification-modal//form//app-dsfr-input/div/input[@name="date_notification"]' in '100' second(s)

14-02-2025T14:36:46 - [MESSAGE][INFO] - Found 1 web elements with id: 'Object Repository/ANEF_Eloignement_V_Nawres/Page_Ajouter_Decision/input_Date_Notification' located by 'By.xpath: //app-notification-modal//form//app-dsfr-input/div/input[@name="date_notification"]' in '100' second(s)

14-02-2025T14:36:46 - [MESSAGE][INFO] - Setting text of object 'Object Repository/ANEF_Eloignement_V_Nawres/Page_Ajouter_Decision/input_Date_Notification' to value '14/02/2025'

14-02-2025T14:36:47 - [MESSAGE][PASSED] - Text '14/02/2025' is set on object 'Object Repository/ANEF_Eloignement_V_Nawres/Page_Ajouter_Decision/input_Date_Notification'

14-02-2025T14:36:47 - [TEST_STEP][PASSED] - if (ModeNotification == "Voie administrative"): Text '14:30' is set on object 'Object Repository/ANEF_Eloignement_V_Nawres/Page_Ajouter_Decision/input_Heure_Notification'

14-02-2025T14:36:47 - [TEST_STEP][PASSED] - setText(findTestObject("Object Repository/ANEF_Eloignement_V_Nawres/Page_Ajouter_Decision/input_Heure_Notification"), "14:30", STOP_ON_FAILURE): Text '14:30' is set on object 'Object Repository/ANEF_Eloignement_V_Nawres/Page_Ajouter_Decision/input_Heure_Notification'

14-02-2025T14:36:47 - [MESSAGE][INFO] - Finding Test Object 'Object Repository/ANEF_Eloignement_V_Nawres/Page_Ajouter_Decision/input_Heure_Notification'

14-02-2025T14:36:47 - [MESSAGE][INFO] - Checking timeout

14-02-2025T14:36:47 - [MESSAGE][INFO] - Finding web element with id: 'Object Repository/ANEF_Eloignement_V_Nawres/Page_Ajouter_Decision/input_Heure_Notification' located by 'By.xpath: //app-notification-modal//form//app-dsfr-input/div/input[@id="heure_notification"]' in '20' second(s)

14-02-2025T14:36:47 - [MESSAGE][INFO] - Found 1 web elements with id: 'Object Repository/ANEF_Eloignement_V_Nawres/Page_Ajouter_Decision/input_Heure_Notification' located by 'By.xpath: //app-notification-modal//form//app-dsfr-input/div/input[@id="heure_notification"]' in '20' second(s)

14-02-2025T14:36:47 - [MESSAGE][INFO] - Checking object

14-02-2025T14:36:47 - [MESSAGE][INFO] - Checking text

14-02-2025T14:36:47 - [MESSAGE][INFO] - Finding web element from Test Object's properties

14-02-2025T14:36:47 - [MESSAGE][INFO] - Checking timeout

14-02-2025T14:36:47 - [MESSAGE][INFO] - Finding web element with id: 'Object Repository/ANEF_Eloignement_V_Nawres/Page_Ajouter_Decision/input_Heure_Notification' located by 'By.xpath: //app-notification-modal//form//app-dsfr-input/div/input[@id="heure_notification"]' in '100' second(s)

14-02-2025T14:36:47 - [MESSAGE][INFO] - Found 1 web elements with id: 'Object Repository/ANEF_Eloignement_V_Nawres/Page_Ajouter_Decision/input_Heure_Notification' located by 'By.xpath: //app-notification-modal//form//app-dsfr-input/div/input[@id="heure_notification"]' in '100' second(s)

14-02-2025T14:36:47 - [MESSAGE][INFO] - Clearing text of object 'Object Repository/ANEF_Eloignement_V_Nawres/Page_Ajouter_Decision/input_Heure_Notification'

14-02-2025T14:36:48 - [MESSAGE][INFO] - Finding web element from Test Object's properties

14-02-2025T14:36:48 - [MESSAGE][INFO] - Checking timeout

14-02-2025T14:36:48 - [MESSAGE][INFO] - Finding web element with id: 'Object Repository/ANEF_Eloignement_V_Nawres/Page_Ajouter_Decision/input_Heure_Notification' located by 'By.xpath: //app-notification-modal//form//app-dsfr-input/div/input[@id="heure_notification"]' in '100' second(s)

14-02-2025T14:36:48 - [MESSAGE][INFO] - Found 1 web elements with id: 'Object Repository/ANEF_Eloignement_V_Nawres/Page_Ajouter_Decision/input_Heure_Notification' located by 'By.xpath: //app-notification-modal//form//app-dsfr-input/div/input[@id="heure_notification"]' in '100' second(s)

14-02-2025T14:36:48 - [MESSAGE][INFO] - Setting text of object 'Object Repository/ANEF_Eloignement_V_Nawres/Page_Ajouter_Decision/input_Heure_Notification' to value '14:30'

14-02-2025T14:36:49 - [MESSAGE][PASSED] - Text '14:30' is set on object 'Object Repository/ANEF_Eloignement_V_Nawres/Page_Ajouter_Decision/input_Heure_Notification'

14-02-2025T14:36:49 - [TEST_STEP][PASSED] - uploadFile(findTestObject("Object Repository/ANEF_Eloignement_V_Nawres/Page_Ajouter_Decision/input_Ajouter_Fichier_Notification"), getProjectDir() + "/Data Files/Fichier_Test.pdf"): File 'C:/Users/nbenjemi/Katalon Studio/ANEF-ELOIGNEMENT-20250121/ANEF-ELOIGNEMENT-20250121/Data Files/Fichier_Test.pdf' sent to object: 'Object Repository/ANEF_Eloignement_V_Nawres/Page_Ajouter_Decision/input_Ajouter_Fichier_Notification'

14-02-2025T14:36:49 - [MESSAGE][INFO] - Finding Test Object 'Object Repository/ANEF_Eloignement_V_Nawres/Page_Ajouter_Decision/input_Ajouter_Fichier_Notification'

14-02-2025T14:36:49 - [MESSAGE][INFO] - Checking object

14-02-2025T14:36:49 - [MESSAGE][INFO] - Uploading file 'C:/Users/nbenjemi/Katalon Studio/ANEF-ELOIGNEMENT-20250121/ANEF-ELOIGNEMENT-20250121/Data Files/Fichier_Test.pdf' to object: 'Object Repository/ANEF_Eloignement_V_Nawres/Page_Ajouter_Decision/input_Ajouter_Fichier_Notification'

14-02-2025T14:36:49 - [MESSAGE][INFO] - Finding web element from Test Object's properties

14-02-2025T14:36:49 - [MESSAGE][INFO] - Checking timeout

14-02-2025T14:36:49 - [MESSAGE][INFO] - Finding web element with id: 'Object Repository/ANEF_Eloignement_V_Nawres/Page_Ajouter_Decision/input_Ajouter_Fichier_Notification' located by 'By.xpath: //app-notification-modal//form//app-dsfr-piece-jointe//input' in '100' second(s)

14-02-2025T14:36:49 - [MESSAGE][INFO] - Found 1 web elements with id: 'Object Repository/ANEF_Eloignement_V_Nawres/Page_Ajouter_Decision/input_Ajouter_Fichier_Notification' located by 'By.xpath: //app-notification-modal//form//app-dsfr-piece-jointe//input' in '100' second(s)

14-02-2025T14:36:50 - [MESSAGE][PASSED] - File 'C:/Users/nbenjemi/Katalon Studio/ANEF-ELOIGNEMENT-20250121/ANEF-ELOIGNEMENT-20250121/Data Files/Fichier_Test.pdf' sent to object: 'Object Repository/ANEF_Eloignement_V_Nawres/Page_Ajouter_Decision/input_Ajouter_Fichier_Notification'

14-02-2025T14:36:50 - [TEST_STEP][PASSED] - scrollToElement(findTestObject("Object Repository/ANEF_Eloignement_V_Nawres/Page_Ajouter_Decision/btn_Confirmer_Ajout_Notification"), 5, STOP_ON_FAILURE): Scroll to object 'Object Repository/ANEF_Eloignement_V_Nawres/Page_Ajouter_Decision/btn_Confirmer_Ajout_Notification' successfully

14-02-2025T14:36:50 - [MESSAGE][INFO] - Finding Test Object 'Object Repository/ANEF_Eloignement_V_Nawres/Page_Ajouter_Decision/btn_Confirmer_Ajout_Notification'

14-02-2025T14:36:50 - [MESSAGE][INFO] - Checking object

14-02-2025T14:36:50 - [MESSAGE][INFO] - Checking timeout

14-02-2025T14:36:50 - [MESSAGE][INFO] - Finding web element from Test Object's properties

14-02-2025T14:36:50 - [MESSAGE][INFO] - Checking timeout

14-02-2025T14:36:50 - [MESSAGE][INFO] - Finding web element with id: 'Object Repository/ANEF_Eloignement_V_Nawres/Page_Ajouter_Decision/btn_Confirmer_Ajout_Notification' located by 'By.xpath: //app-notification-modal//button[contains(text(),"Confirmer l'ajout")]' in '100' second(s)

14-02-2025T14:36:50 - [MESSAGE][INFO] - Found 1 web elements with id: 'Object Repository/ANEF_Eloignement_V_Nawres/Page_Ajouter_Decision/btn_Confirmer_Ajout_Notification' located by 'By.xpath: //app-notification-modal//button[contains(text(),"Confirmer l'ajout")]' in '100' second(s)

14-02-2025T14:36:50 - [MESSAGE][INFO] - Scrolling to object 'Object Repository/ANEF_Eloignement_V_Nawres/Page_Ajouter_Decision/btn_Confirmer_Ajout_Notification'

14-02-2025T14:36:50 - [MESSAGE][PASSED] - Scroll to object 'Object Repository/ANEF_Eloignement_V_Nawres/Page_Ajouter_Decision/btn_Confirmer_Ajout_Notification' successfully

14-02-2025T14:36:50 - [TEST_STEP][PASSED] - click(findTestObject("Object Repository/ANEF_Eloignement_V_Nawres/Page_Ajouter_Decision/btn_Confirmer_Ajout_Notification"), STOP_ON_FAILURE): Object: 'Object Repository/ANEF_Eloignement_V_Nawres/Page_Ajouter_Decision/btn_Confirmer_Ajout_Notification' is clicked on

14-02-2025T14:36:50 - [MESSAGE][INFO] - Finding Test Object 'Object Repository/ANEF_Eloignement_V_Nawres/Page_Ajouter_Decision/btn_Confirmer_Ajout_Notification'

14-02-2025T14:36:50 - [MESSAGE][INFO] - Checking timeout

14-02-2025T14:36:50 - [MESSAGE][INFO] - Finding web element with id: 'Object Repository/ANEF_Eloignement_V_Nawres/Page_Ajouter_Decision/btn_Confirmer_Ajout_Notification' located by 'By.xpath: //app-notification-modal//button[contains(text(),"Confirmer l'ajout")]' in '20' second(s)

14-02-2025T14:36:50 - [MESSAGE][INFO] - Found 1 web elements with id: 'Object Repository/ANEF_Eloignement_V_Nawres/Page_Ajouter_Decision/btn_Confirmer_Ajout_Notification' located by 'By.xpath: //app-notification-modal//button[contains(text(),"Confirmer l'ajout")]' in '20' second(s)

14-02-2025T14:36:50 - [MESSAGE][INFO] - Checking object

14-02-2025T14:36:50 - [MESSAGE][INFO] - Checking timeout

14-02-2025T14:36:50 - [MESSAGE][INFO] - Finding web element from Test Object's properties

14-02-2025T14:36:50 - [MESSAGE][INFO] - Checking timeout

14-02-2025T14:36:50 - [MESSAGE][INFO] - Finding web element with id: 'Object Repository/ANEF_Eloignement_V_Nawres/Page_Ajouter_Decision/btn_Confirmer_Ajout_Notification' located by 'By.xpath: //app-notification-modal//button[contains(text(),"Confirmer l'ajout")]' in '100' second(s)

14-02-2025T14:36:50 - [MESSAGE][INFO] - Found 1 web elements with id: 'Object Repository/ANEF_Eloignement_V_Nawres/Page_Ajouter_Decision/btn_Confirmer_Ajout_Notification' located by 'By.xpath: //app-notification-modal//button[contains(text(),"Confirmer l'ajout")]' in '100' second(s)

14-02-2025T14:36:50 - [MESSAGE][INFO] - Clicking on object: 'Object Repository/ANEF_Eloignement_V_Nawres/Page_Ajouter_Decision/btn_Confirmer_Ajout_Notification'

14-02-2025T14:36:51 - [MESSAGE][PASSED] - Object: 'Object Repository/ANEF_Eloignement_V_Nawres/Page_Ajouter_Decision/btn_Confirmer_Ajout_Notification' is clicked on

14-02-2025T14:36:51 - [TEST_STEP][PASSED] - waitForElementClickable(findTestObject("Object Repository/ANEF_Eloignement_V_Nawres/Page_Ajouter_Decision/btn_Enregistrer"), 7, STOP_ON_FAILURE): Object 'Object Repository/ANEF_Eloignement_V_Nawres/Page_Ajouter_Decision/btn_Enregistrer' is clickable

14-02-2025T14:36:51 - [MESSAGE][INFO] - Finding Test Object 'Object Repository/ANEF_Eloignement_V_Nawres/Page_Ajouter_Decision/btn_Enregistrer'

14-02-2025T14:36:51 - [MESSAGE][INFO] - Checking object

14-02-2025T14:36:51 - [MESSAGE][INFO] - Checking timeout

14-02-2025T14:36:51 - [MESSAGE][INFO] - Finding web element from Test Object's properties

14-02-2025T14:36:51 - [MESSAGE][INFO] - Checking timeout

14-02-2025T14:36:51 - [MESSAGE][INFO] - Finding web element with id: 'Object Repository/ANEF_Eloignement_V_Nawres/Page_Ajouter_Decision/btn_Enregistrer' located by 'By.xpath: //button[contains(text(),"Enregistrer")]' in '7' second(s)

14-02-2025T14:36:51 - [MESSAGE][INFO] - Found 1 web elements with id: 'Object Repository/ANEF_Eloignement_V_Nawres/Page_Ajouter_Decision/btn_Enregistrer' located by 'By.xpath: //button[contains(text(),"Enregistrer")]' in '7' second(s)

14-02-2025T14:36:51 - [MESSAGE][PASSED] - Object 'Object Repository/ANEF_Eloignement_V_Nawres/Page_Ajouter_Decision/btn_Enregistrer' is clickable

14-02-2025T14:36:51 - [MESSAGE][PASSED] - Call Test Case 'Test Cases/Test Reutilisable/Main/ANEF_Eloignement_V_Nawres/ANEF_Ajouter_Decision' successfully

14-02-2025T14:36:54 - [TEST_STEP][PASSED] - Video: Video recording for test case 'Test Cases/Cas D Utilisations/ANEF_Eloignement_V_Nawres/TC_ANEF_Eloignement' .

14-02-2025T14:36:54 - [MESSAGE][INFO] - Video recording for test case 'Test Cases/Cas D Utilisations/ANEF_Eloignement_V_Nawres/TC_ANEF_Eloignement' .]]></system-out>
         <system-err><![CDATA[]]></system-err>
      </testcase>
      <testcase name="Test Cases/Cas D Utilisations/ANEF_Eloignement_V_Nawres/TC_ANEF_Eloignement" time="133.427" classname="Test Cases/Cas D Utilisations/ANEF_Eloignement_V_Nawres/TC_ANEF_Eloignement" status="PASSED">
         <system-out><![CDATA[14-02-2025T14:36:54 - [TEST_CASE][PASSED] - Test Cases/Cas D Utilisations/ANEF_Eloignement_V_Nawres/TC_ANEF_Eloignement: Test Cases/Cas D Utilisations/ANEF_Eloignement_V_Nawres/TC_ANEF_Eloignement

14-02-2025T14:36:54 - [TEST_STEP][PASSED] - callTestCase(findTestCase("Test Cases/Test Reutilisable/Main/ANEF_Eloignement_V_Nawres/ANEF_Lancer_URL_ANEF"), ["Profiles":Profiles, "EnvExec":EnvExec], STOP_ON_FAILURE): Call Test Case 'Test Cases/Test Reutilisable/Main/ANEF_Eloignement_V_Nawres/ANEF_Lancer_URL_ANEF' successfully

14-02-2025T14:36:54 - [MESSAGE][INFO] - Checking called Test Case

14-02-2025T14:36:54 - [MESSAGE][INFO] - Starting to call Test Case 'Test Cases/Test Reutilisable/Main/ANEF_Eloignement_V_Nawres/ANEF_Lancer_URL_ANEF'

14-02-2025T14:36:54 - [TEST_CASE][PASSED] - Test Cases/Test Reutilisable/Main/ANEF_Eloignement_V_Nawres/ANEF_Lancer_URL_ANEF: Test Cases/Test Reutilisable/Main/ANEF_Eloignement_V_Nawres/ANEF_Lancer_URL_ANEF

14-02-2025T14:36:54 - [TEST_STEP][PASSED] - "Call Highlight.on() automatically": null

14-02-2025T14:36:54 - [TEST_STEP][PASSED] - projDir = getProjectDir(): null

14-02-2025T14:36:54 - [TEST_STEP][PASSED] - RunBrowserConfiguration = getExecutionProperties(): null

14-02-2025T14:36:54 - [TEST_STEP][PASSED] - DriverName = get("WebUI").get("browserType"): null

14-02-2025T14:36:54 - [TEST_STEP][PASSED] - println("DriverName :" + DriverName): null

14-02-2025T14:36:54 - [TEST_STEP][PASSED] - println("Driverpath :" + RunBrowserConfiguration.get("drivers")): null

14-02-2025T14:36:54 - [TEST_STEP][PASSED] - if (Profiles == "Usager"): null

14-02-2025T14:36:54 - [TEST_STEP][PASSED] - if (Profiles == "Agent"): Current window maximized

14-02-2025T14:36:54 - [TEST_STEP][PASSED] - if (EnvExec == "URLPortailAgentQualif"): Browser is opened with url: 'https://qualification.siaef.dgef.interieur.gouv.fr/sejour/#/accueil'

14-02-2025T14:36:54 - [TEST_STEP][PASSED] - openBrowser(URLPortailAgentQualif): Browser is opened with url: 'https://qualification.siaef.dgef.interieur.gouv.fr/sejour/#/accueil'

14-02-2025T14:36:54 - [MESSAGE][INFO] - Opening browser

14-02-2025T14:36:54 - [MESSAGE][WARNING] - A browser is already opened. Closing browser and opening a new one

14-02-2025T14:36:55 - [MESSAGE][INFO] - Starting 'Chrome' driver

14-02-2025T14:36:55 - [MESSAGE][INFO] - User set preference: ['args', '[--incognito, --disable-search-engine-choice-screen, --enable-automation, --disable-save-password-bubble, --start-maximized, --remote-allow-origins=*]']

14-02-2025T14:36:55 - [MESSAGE][INFO] - User set preference: ['prefs', '{download.default_directory=${GlobalVariable.downloadPath}, download_dir=${GlobalVariable.downloadPath}, download.prompt_for_download=false}']

14-02-2025T14:36:55 - [MESSAGE][INFO] - User set preference: ['loggingPrefs', '{browser=ALL}']

14-02-2025T14:36:55 - [MESSAGE][INFO] - Action delay is set to 1â€¯000 milliseconds

14-02-2025T14:36:57 - [MESSAGE][INFO] - Navigating browser to: 'https://qualification.siaef.dgef.interieur.gouv.fr/sejour/#/accueil'

14-02-2025T14:36:59 - [MESSAGE][PASSED] - Browser is opened with url: 'https://qualification.siaef.dgef.interieur.gouv.fr/sejour/#/accueil'

14-02-2025T14:36:59 - [TEST_STEP][PASSED] - if (EnvExec == "URLPortailAgentPreProd"): null

14-02-2025T14:36:59 - [TEST_STEP][PASSED] - maximizeWindow(): Current window maximized

14-02-2025T14:36:59 - [MESSAGE][INFO] - Maximizing current window

14-02-2025T14:36:59 - [MESSAGE][PASSED] - Current window maximized

14-02-2025T14:36:59 - [MESSAGE][PASSED] - Call Test Case 'Test Cases/Test Reutilisable/Main/ANEF_Eloignement_V_Nawres/ANEF_Lancer_URL_ANEF' successfully

14-02-2025T14:36:59 - [TEST_STEP][PASSED] - callTestCase(findTestCase("Test Cases/Test Reutilisable/Main/ANEF_Eloignement_V_Nawres/ANEF_Identification"), ["Profiles":Profiles, "IdentifiantAgent":IdentifiantAgent, "PwAgent":PwAgent, "EnvExec":EnvExec], STOP_ON_FAILURE): Call Test Case 'Test Cases/Test Reutilisable/Main/ANEF_Eloignement_V_Nawres/ANEF_Identification' successfully

14-02-2025T14:36:59 - [MESSAGE][INFO] - Checking called Test Case

14-02-2025T14:36:59 - [MESSAGE][INFO] - Starting to call Test Case 'Test Cases/Test Reutilisable/Main/ANEF_Eloignement_V_Nawres/ANEF_Identification'

14-02-2025T14:36:59 - [TEST_CASE][PASSED] - Test Cases/Test Reutilisable/Main/ANEF_Eloignement_V_Nawres/ANEF_Identification: Test Cases/Test Reutilisable/Main/ANEF_Eloignement_V_Nawres/ANEF_Identification

14-02-2025T14:36:59 - [TEST_STEP][PASSED] - com.kazurayam.ksbackyard.HighlightElement.pandemic(): com.kazurayam.ksbackyard.HighlightElement.pandemic is PASSED

14-02-2025T14:36:59 - [MESSAGE][PASSED] - com.kazurayam.ksbackyard.HighlightElement.pandemic is PASSED

14-02-2025T14:36:59 - [TEST_STEP][PASSED] - if (Profiles == "Usager"): null

14-02-2025T14:36:59 - [TEST_STEP][PASSED] - if (Profiles == "Agent"): Object: 'Object Repository/ANEF_Eloignement_V_Nawres/Page_ANEF_Connexion/btn_Valider_Conx_Agent' is clicked on

14-02-2025T14:36:59 - [TEST_STEP][PASSED] - if (EnvExec == "URLPortailAgentQualif"): Text 'Natali12345!' is set on object 'Object Repository/ANEF_Eloignement_V_Nawres/Page_ANEF_Connexion/Input_PasswordAgent'

14-02-2025T14:36:59 - [TEST_STEP][PASSED] - setText(findTestObject("Object Repository/ANEF_Eloignement_V_Nawres/Page_ANEF_Connexion/Input_UserNameAgent"), IdentifiantAgent): Text 'test.gpe+32@outlook.fr' is set on object 'Object Repository/ANEF_Eloignement_V_Nawres/Page_ANEF_Connexion/Input_UserNameAgent'

14-02-2025T14:36:59 - [MESSAGE][INFO] - Finding Test Object 'Object Repository/ANEF_Eloignement_V_Nawres/Page_ANEF_Connexion/Input_UserNameAgent'

14-02-2025T14:36:59 - [MESSAGE][INFO] - Checking timeout

14-02-2025T14:36:59 - [MESSAGE][INFO] - Finding web element with id: 'Object Repository/ANEF_Eloignement_V_Nawres/Page_ANEF_Connexion/Input_UserNameAgent' located by 'By.xpath: //*[@aria-labelledby="username-label"]|//*[@id="login"]' in '20' second(s)

14-02-2025T14:36:59 - [MESSAGE][INFO] - Found 1 web elements with id: 'Object Repository/ANEF_Eloignement_V_Nawres/Page_ANEF_Connexion/Input_UserNameAgent' located by 'By.xpath: //*[@aria-labelledby="username-label"]|//*[@id="login"]' in '20' second(s)

14-02-2025T14:36:59 - [MESSAGE][INFO] - Checking object

14-02-2025T14:36:59 - [MESSAGE][INFO] - Checking text

14-02-2025T14:36:59 - [MESSAGE][INFO] - Finding web element from Test Object's properties

14-02-2025T14:36:59 - [MESSAGE][INFO] - Checking timeout

14-02-2025T14:36:59 - [MESSAGE][INFO] - Finding web element with id: 'Object Repository/ANEF_Eloignement_V_Nawres/Page_ANEF_Connexion/Input_UserNameAgent' located by 'By.xpath: //*[@aria-labelledby="username-label"]|//*[@id="login"]' in '100' second(s)

14-02-2025T14:36:59 - [MESSAGE][INFO] - Found 1 web elements with id: 'Object Repository/ANEF_Eloignement_V_Nawres/Page_ANEF_Connexion/Input_UserNameAgent' located by 'By.xpath: //*[@aria-labelledby="username-label"]|//*[@id="login"]' in '100' second(s)

14-02-2025T14:36:59 - [MESSAGE][INFO] - Clearing text of object 'Object Repository/ANEF_Eloignement_V_Nawres/Page_ANEF_Connexion/Input_UserNameAgent'

14-02-2025T14:37:00 - [MESSAGE][INFO] - Finding web element from Test Object's properties

14-02-2025T14:37:00 - [MESSAGE][INFO] - Checking timeout

14-02-2025T14:37:00 - [MESSAGE][INFO] - Finding web element with id: 'Object Repository/ANEF_Eloignement_V_Nawres/Page_ANEF_Connexion/Input_UserNameAgent' located by 'By.xpath: //*[@aria-labelledby="username-label"]|//*[@id="login"]' in '100' second(s)

14-02-2025T14:37:00 - [MESSAGE][INFO] - Found 1 web elements with id: 'Object Repository/ANEF_Eloignement_V_Nawres/Page_ANEF_Connexion/Input_UserNameAgent' located by 'By.xpath: //*[@aria-labelledby="username-label"]|//*[@id="login"]' in '100' second(s)

14-02-2025T14:37:00 - [MESSAGE][INFO] - Setting text of object 'Object Repository/ANEF_Eloignement_V_Nawres/Page_ANEF_Connexion/Input_UserNameAgent' to value 'test.gpe+32@outlook.fr'

14-02-2025T14:37:01 - [MESSAGE][PASSED] - Text 'test.gpe+32@outlook.fr' is set on object 'Object Repository/ANEF_Eloignement_V_Nawres/Page_ANEF_Connexion/Input_UserNameAgent'

14-02-2025T14:37:01 - [TEST_STEP][PASSED] - setText(findTestObject("Object Repository/ANEF_Eloignement_V_Nawres/Page_ANEF_Connexion/Input_PasswordAgent"), PwAgent): Text 'Natali12345!' is set on object 'Object Repository/ANEF_Eloignement_V_Nawres/Page_ANEF_Connexion/Input_PasswordAgent'

14-02-2025T14:37:01 - [MESSAGE][INFO] - Finding Test Object 'Object Repository/ANEF_Eloignement_V_Nawres/Page_ANEF_Connexion/Input_PasswordAgent'

14-02-2025T14:37:01 - [MESSAGE][INFO] - Checking timeout

14-02-2025T14:37:01 - [MESSAGE][INFO] - Finding web element with id: 'Object Repository/ANEF_Eloignement_V_Nawres/Page_ANEF_Connexion/Input_PasswordAgent' located by 'By.xpath: //*[@aria-labelledby="password-label"]|//*[@id="password"]' in '20' second(s)

14-02-2025T14:37:01 - [MESSAGE][INFO] - Found 1 web elements with id: 'Object Repository/ANEF_Eloignement_V_Nawres/Page_ANEF_Connexion/Input_PasswordAgent' located by 'By.xpath: //*[@aria-labelledby="password-label"]|//*[@id="password"]' in '20' second(s)

14-02-2025T14:37:01 - [MESSAGE][INFO] - Checking object

14-02-2025T14:37:01 - [MESSAGE][INFO] - Checking text

14-02-2025T14:37:01 - [MESSAGE][INFO] - Finding web element from Test Object's properties

14-02-2025T14:37:01 - [MESSAGE][INFO] - Checking timeout

14-02-2025T14:37:01 - [MESSAGE][INFO] - Finding web element with id: 'Object Repository/ANEF_Eloignement_V_Nawres/Page_ANEF_Connexion/Input_PasswordAgent' located by 'By.xpath: //*[@aria-labelledby="password-label"]|//*[@id="password"]' in '100' second(s)

14-02-2025T14:37:01 - [MESSAGE][INFO] - Found 1 web elements with id: 'Object Repository/ANEF_Eloignement_V_Nawres/Page_ANEF_Connexion/Input_PasswordAgent' located by 'By.xpath: //*[@aria-labelledby="password-label"]|//*[@id="password"]' in '100' second(s)

14-02-2025T14:37:01 - [MESSAGE][INFO] - Clearing text of object 'Object Repository/ANEF_Eloignement_V_Nawres/Page_ANEF_Connexion/Input_PasswordAgent'

14-02-2025T14:37:02 - [MESSAGE][INFO] - Finding web element from Test Object's properties

14-02-2025T14:37:02 - [MESSAGE][INFO] - Checking timeout

14-02-2025T14:37:02 - [MESSAGE][INFO] - Finding web element with id: 'Object Repository/ANEF_Eloignement_V_Nawres/Page_ANEF_Connexion/Input_PasswordAgent' located by 'By.xpath: //*[@aria-labelledby="password-label"]|//*[@id="password"]' in '100' second(s)

14-02-2025T14:37:02 - [MESSAGE][INFO] - Found 1 web elements with id: 'Object Repository/ANEF_Eloignement_V_Nawres/Page_ANEF_Connexion/Input_PasswordAgent' located by 'By.xpath: //*[@aria-labelledby="password-label"]|//*[@id="password"]' in '100' second(s)

14-02-2025T14:37:02 - [MESSAGE][INFO] - Setting text of object 'Object Repository/ANEF_Eloignement_V_Nawres/Page_ANEF_Connexion/Input_PasswordAgent' to value 'Natali12345!'

14-02-2025T14:37:03 - [MESSAGE][PASSED] - Text 'Natali12345!' is set on object 'Object Repository/ANEF_Eloignement_V_Nawres/Page_ANEF_Connexion/Input_PasswordAgent'

14-02-2025T14:37:03 - [TEST_STEP][PASSED] - if (EnvExec == "URLPortailAgentPreProd"): null

14-02-2025T14:37:03 - [TEST_STEP][PASSED] - click(findTestObject("Object Repository/ANEF_Eloignement_V_Nawres/Page_ANEF_Connexion/btn_Valider_Conx_Agent")): Object: 'Object Repository/ANEF_Eloignement_V_Nawres/Page_ANEF_Connexion/btn_Valider_Conx_Agent' is clicked on

14-02-2025T14:37:03 - [MESSAGE][INFO] - Finding Test Object 'Object Repository/ANEF_Eloignement_V_Nawres/Page_ANEF_Connexion/btn_Valider_Conx_Agent'

14-02-2025T14:37:03 - [MESSAGE][INFO] - Checking timeout

14-02-2025T14:37:03 - [MESSAGE][INFO] - Finding web element with id: 'Object Repository/ANEF_Eloignement_V_Nawres/Page_ANEF_Connexion/btn_Valider_Conx_Agent' located by 'By.xpath: //*[@label="Valider"]|//*[@id="btn-login"]' in '20' second(s)

14-02-2025T14:37:04 - [MESSAGE][INFO] - Found 1 web elements with id: 'Object Repository/ANEF_Eloignement_V_Nawres/Page_ANEF_Connexion/btn_Valider_Conx_Agent' located by 'By.xpath: //*[@label="Valider"]|//*[@id="btn-login"]' in '20' second(s)

14-02-2025T14:37:04 - [MESSAGE][INFO] - Checking object

14-02-2025T14:37:04 - [MESSAGE][INFO] - Checking timeout

14-02-2025T14:37:04 - [MESSAGE][INFO] - Finding web element from Test Object's properties

14-02-2025T14:37:04 - [MESSAGE][INFO] - Checking timeout

14-02-2025T14:37:04 - [MESSAGE][INFO] - Finding web element with id: 'Object Repository/ANEF_Eloignement_V_Nawres/Page_ANEF_Connexion/btn_Valider_Conx_Agent' located by 'By.xpath: //*[@label="Valider"]|//*[@id="btn-login"]' in '100' second(s)

14-02-2025T14:37:04 - [MESSAGE][INFO] - Found 1 web elements with id: 'Object Repository/ANEF_Eloignement_V_Nawres/Page_ANEF_Connexion/btn_Valider_Conx_Agent' located by 'By.xpath: //*[@label="Valider"]|//*[@id="btn-login"]' in '100' second(s)

14-02-2025T14:37:04 - [MESSAGE][INFO] - Clicking on object: 'Object Repository/ANEF_Eloignement_V_Nawres/Page_ANEF_Connexion/btn_Valider_Conx_Agent'

14-02-2025T14:37:05 - [MESSAGE][PASSED] - Object: 'Object Repository/ANEF_Eloignement_V_Nawres/Page_ANEF_Connexion/btn_Valider_Conx_Agent' is clicked on

14-02-2025T14:37:05 - [TEST_STEP][PASSED] - delay(5): Delayed 5 second(s)

14-02-2025T14:37:05 - [MESSAGE][INFO] - Delaying browser in 5 second(s)

14-02-2025T14:37:10 - [MESSAGE][PASSED] - Delayed 5 second(s)

14-02-2025T14:37:10 - [TEST_STEP][PASSED] - verifyElementPresent(findTestObject("Object Repository/ANEF_Eloignement_V_Nawres/Page_Accueil_Principale/btn_ANEF_Eloignement"), 1, STOP_ON_FAILURE): Object 'Object Repository/ANEF_Eloignement_V_Nawres/Page_Accueil_Principale/btn_ANEF_Eloignement' is present

14-02-2025T14:37:10 - [MESSAGE][INFO] - Finding Test Object 'Object Repository/ANEF_Eloignement_V_Nawres/Page_Accueil_Principale/btn_ANEF_Eloignement'

14-02-2025T14:37:10 - [MESSAGE][INFO] - Checking object

14-02-2025T14:37:10 - [MESSAGE][INFO] - Finding web element from Test Object's properties

14-02-2025T14:37:10 - [MESSAGE][INFO] - Checking timeout

14-02-2025T14:37:10 - [MESSAGE][INFO] - Finding web element with id: 'Object Repository/ANEF_Eloignement_V_Nawres/Page_Accueil_Principale/btn_ANEF_Eloignement' located by 'By.xpath: //span[contains(text()," ANEF Ã©loignement ")]' in '1' second(s)

14-02-2025T14:37:10 - [MESSAGE][INFO] - Found 1 web elements with id: 'Object Repository/ANEF_Eloignement_V_Nawres/Page_Accueil_Principale/btn_ANEF_Eloignement' located by 'By.xpath: //span[contains(text()," ANEF Ã©loignement ")]' in '1' second(s)

14-02-2025T14:37:10 - [MESSAGE][PASSED] - Object 'Object Repository/ANEF_Eloignement_V_Nawres/Page_Accueil_Principale/btn_ANEF_Eloignement' is present

14-02-2025T14:37:10 - [MESSAGE][PASSED] - Call Test Case 'Test Cases/Test Reutilisable/Main/ANEF_Eloignement_V_Nawres/ANEF_Identification' successfully

14-02-2025T14:37:10 - [TEST_STEP][PASSED] - callTestCase(findTestCase("Test Cases/Test Reutilisable/Main/ANEF_Eloignement_V_Nawres/ANEF_Creation_ou_Recherche_Dossier"), ["CreationOuRecherche":CreationOuRecherche, "NumeroEtranger":NumeroEtranger], STOP_ON_FAILURE): Call Test Case 'Test Cases/Test Reutilisable/Main/ANEF_Eloignement_V_Nawres/ANEF_Creation_ou_Recherche_Dossier' successfully

14-02-2025T14:37:10 - [MESSAGE][INFO] - Checking called Test Case

14-02-2025T14:37:10 - [MESSAGE][INFO] - Starting to call Test Case 'Test Cases/Test Reutilisable/Main/ANEF_Eloignement_V_Nawres/ANEF_Creation_ou_Recherche_Dossier'

14-02-2025T14:37:10 - [TEST_CASE][PASSED] - Test Cases/Test Reutilisable/Main/ANEF_Eloignement_V_Nawres/ANEF_Creation_ou_Recherche_Dossier: Test Cases/Test Reutilisable/Main/ANEF_Eloignement_V_Nawres/ANEF_Creation_ou_Recherche_Dossier

14-02-2025T14:37:10 - [TEST_STEP][PASSED] - click(findTestObject("Object Repository/ANEF_Eloignement_V_Nawres/Page_Accueil_Principale/btn_ANEF_Eloignement")): Object: 'Object Repository/ANEF_Eloignement_V_Nawres/Page_Accueil_Principale/btn_ANEF_Eloignement' is clicked on

14-02-2025T14:37:10 - [MESSAGE][INFO] - Finding Test Object 'Object Repository/ANEF_Eloignement_V_Nawres/Page_Accueil_Principale/btn_ANEF_Eloignement'

14-02-2025T14:37:10 - [MESSAGE][INFO] - Checking timeout

14-02-2025T14:37:10 - [MESSAGE][INFO] - Finding web element with id: 'Object Repository/ANEF_Eloignement_V_Nawres/Page_Accueil_Principale/btn_ANEF_Eloignement' located by 'By.xpath: //span[contains(text()," ANEF Ã©loignement ")]' in '20' second(s)

14-02-2025T14:37:10 - [MESSAGE][INFO] - Found 1 web elements with id: 'Object Repository/ANEF_Eloignement_V_Nawres/Page_Accueil_Principale/btn_ANEF_Eloignement' located by 'By.xpath: //span[contains(text()," ANEF Ã©loignement ")]' in '20' second(s)

14-02-2025T14:37:10 - [MESSAGE][INFO] - Checking object

14-02-2025T14:37:10 - [MESSAGE][INFO] - Checking timeout

14-02-2025T14:37:10 - [MESSAGE][INFO] - Finding web element from Test Object's properties

14-02-2025T14:37:10 - [MESSAGE][INFO] - Checking timeout

14-02-2025T14:37:10 - [MESSAGE][INFO] - Finding web element with id: 'Object Repository/ANEF_Eloignement_V_Nawres/Page_Accueil_Principale/btn_ANEF_Eloignement' located by 'By.xpath: //span[contains(text()," ANEF Ã©loignement ")]' in '100' second(s)

14-02-2025T14:37:10 - [MESSAGE][INFO] - Found 1 web elements with id: 'Object Repository/ANEF_Eloignement_V_Nawres/Page_Accueil_Principale/btn_ANEF_Eloignement' located by 'By.xpath: //span[contains(text()," ANEF Ã©loignement ")]' in '100' second(s)

14-02-2025T14:37:10 - [MESSAGE][INFO] - Clicking on object: 'Object Repository/ANEF_Eloignement_V_Nawres/Page_Accueil_Principale/btn_ANEF_Eloignement'

14-02-2025T14:37:13 - [MESSAGE][PASSED] - Object: 'Object Repository/ANEF_Eloignement_V_Nawres/Page_Accueil_Principale/btn_ANEF_Eloignement' is clicked on

14-02-2025T14:37:13 - [TEST_STEP][PASSED] - verifyElementPresent(findTestObject("Object Repository/ANEF_Eloignement_V_Nawres/Page_Creation_ou_Recherche_Dossier/btn_Rechercher_Dossier"), 1, STOP_ON_FAILURE): Object 'Object Repository/ANEF_Eloignement_V_Nawres/Page_Creation_ou_Recherche_Dossier/btn_Rechercher_Dossier' is present

14-02-2025T14:37:13 - [MESSAGE][INFO] - Finding Test Object 'Object Repository/ANEF_Eloignement_V_Nawres/Page_Creation_ou_Recherche_Dossier/btn_Rechercher_Dossier'

14-02-2025T14:37:13 - [MESSAGE][INFO] - Checking object

14-02-2025T14:37:13 - [MESSAGE][INFO] - Finding web element from Test Object's properties

14-02-2025T14:37:13 - [MESSAGE][INFO] - Checking timeout

14-02-2025T14:37:13 - [MESSAGE][INFO] - Finding web element with id: 'Object Repository/ANEF_Eloignement_V_Nawres/Page_Creation_ou_Recherche_Dossier/btn_Rechercher_Dossier' located by 'By.xpath: //button[@title="Rechercher un dossier"]' in '1' second(s)

14-02-2025T14:37:13 - [MESSAGE][INFO] - Found 1 web elements with id: 'Object Repository/ANEF_Eloignement_V_Nawres/Page_Creation_ou_Recherche_Dossier/btn_Rechercher_Dossier' located by 'By.xpath: //button[@title="Rechercher un dossier"]' in '1' second(s)

14-02-2025T14:37:13 - [MESSAGE][PASSED] - Object 'Object Repository/ANEF_Eloignement_V_Nawres/Page_Creation_ou_Recherche_Dossier/btn_Rechercher_Dossier' is present

14-02-2025T14:37:13 - [TEST_STEP][PASSED] - delay(5): Delayed 5 second(s)

14-02-2025T14:37:13 - [MESSAGE][INFO] - Delaying browser in 5 second(s)

14-02-2025T14:37:18 - [MESSAGE][PASSED] - Delayed 5 second(s)

14-02-2025T14:37:18 - [TEST_STEP][PASSED] - click(findTestObject("Object Repository/ANEF_Eloignement_V_Nawres/Page_Creation_ou_Recherche_Dossier/btn_Rechercher_Dossier")): Object: 'Object Repository/ANEF_Eloignement_V_Nawres/Page_Creation_ou_Recherche_Dossier/btn_Rechercher_Dossier' is clicked on

14-02-2025T14:37:18 - [MESSAGE][INFO] - Finding Test Object 'Object Repository/ANEF_Eloignement_V_Nawres/Page_Creation_ou_Recherche_Dossier/btn_Rechercher_Dossier'

14-02-2025T14:37:18 - [MESSAGE][INFO] - Checking timeout

14-02-2025T14:37:18 - [MESSAGE][INFO] - Finding web element with id: 'Object Repository/ANEF_Eloignement_V_Nawres/Page_Creation_ou_Recherche_Dossier/btn_Rechercher_Dossier' located by 'By.xpath: //button[@title="Rechercher un dossier"]' in '20' second(s)

14-02-2025T14:37:18 - [MESSAGE][INFO] - Found 1 web elements with id: 'Object Repository/ANEF_Eloignement_V_Nawres/Page_Creation_ou_Recherche_Dossier/btn_Rechercher_Dossier' located by 'By.xpath: //button[@title="Rechercher un dossier"]' in '20' second(s)

14-02-2025T14:37:18 - [MESSAGE][INFO] - Checking object

14-02-2025T14:37:18 - [MESSAGE][INFO] - Checking timeout

14-02-2025T14:37:18 - [MESSAGE][INFO] - Finding web element from Test Object's properties

14-02-2025T14:37:18 - [MESSAGE][INFO] - Checking timeout

14-02-2025T14:37:18 - [MESSAGE][INFO] - Finding web element with id: 'Object Repository/ANEF_Eloignement_V_Nawres/Page_Creation_ou_Recherche_Dossier/btn_Rechercher_Dossier' located by 'By.xpath: //button[@title="Rechercher un dossier"]' in '100' second(s)

14-02-2025T14:37:18 - [MESSAGE][INFO] - Found 1 web elements with id: 'Object Repository/ANEF_Eloignement_V_Nawres/Page_Creation_ou_Recherche_Dossier/btn_Rechercher_Dossier' located by 'By.xpath: //button[@title="Rechercher un dossier"]' in '100' second(s)

14-02-2025T14:37:18 - [MESSAGE][INFO] - Clicking on object: 'Object Repository/ANEF_Eloignement_V_Nawres/Page_Creation_ou_Recherche_Dossier/btn_Rechercher_Dossier'

14-02-2025T14:37:19 - [MESSAGE][PASSED] - Object: 'Object Repository/ANEF_Eloignement_V_Nawres/Page_Creation_ou_Recherche_Dossier/btn_Rechercher_Dossier' is clicked on

14-02-2025T14:37:19 - [TEST_STEP][PASSED] - if (CreationOuRecherche == "Creation"): Delayed 10 second(s)

14-02-2025T14:37:19 - [TEST_STEP][PASSED] - NumberUsagerRandom = tools.MyStringTools.getRandomNumber(100000000, 9999999999): tools.MyStringTools.getRandomNumber is PASSED

14-02-2025T14:37:19 - [MESSAGE][PASSED] - tools.MyStringTools.getRandomNumber is PASSED

14-02-2025T14:37:19 - [TEST_STEP][PASSED] - println(NumberUsagerRandom): null

14-02-2025T14:37:19 - [TEST_STEP][PASSED] - NumberUsager = NumberUsagerRandom.toString(): null

14-02-2025T14:37:19 - [TEST_STEP][PASSED] - setText(findTestObject("Object Repository/ANEF_Eloignement_V_Nawres/Page_Creation_ou_Recherche_Dossier/Input_Numero_etranger"), NumberUsager, STOP_ON_FAILURE): Text '9818946840' is set on object 'Object Repository/ANEF_Eloignement_V_Nawres/Page_Creation_ou_Recherche_Dossier/Input_Numero_etranger'

14-02-2025T14:37:19 - [MESSAGE][INFO] - Finding Test Object 'Object Repository/ANEF_Eloignement_V_Nawres/Page_Creation_ou_Recherche_Dossier/Input_Numero_etranger'

14-02-2025T14:37:19 - [MESSAGE][INFO] - Checking timeout

14-02-2025T14:37:19 - [MESSAGE][INFO] - Finding web element with id: 'Object Repository/ANEF_Eloignement_V_Nawres/Page_Creation_ou_Recherche_Dossier/Input_Numero_etranger' located by 'By.xpath: //app-identite-declaree-search-box//div/app-dsfr-input/div/input[@id="identifiant_agdref"]|//app-search-box//div/app-dsfr-input/div/input[@id="identifiant_agdref"]' in '20' second(s)

14-02-2025T14:37:19 - [MESSAGE][INFO] - Found 1 web elements with id: 'Object Repository/ANEF_Eloignement_V_Nawres/Page_Creation_ou_Recherche_Dossier/Input_Numero_etranger' located by 'By.xpath: //app-identite-declaree-search-box//div/app-dsfr-input/div/input[@id="identifiant_agdref"]|//app-search-box//div/app-dsfr-input/div/input[@id="identifiant_agdref"]' in '20' second(s)

14-02-2025T14:37:19 - [MESSAGE][INFO] - Checking object

14-02-2025T14:37:19 - [MESSAGE][INFO] - Checking text

14-02-2025T14:37:19 - [MESSAGE][INFO] - Finding web element from Test Object's properties

14-02-2025T14:37:19 - [MESSAGE][INFO] - Checking timeout

14-02-2025T14:37:19 - [MESSAGE][INFO] - Finding web element with id: 'Object Repository/ANEF_Eloignement_V_Nawres/Page_Creation_ou_Recherche_Dossier/Input_Numero_etranger' located by 'By.xpath: //app-identite-declaree-search-box//div/app-dsfr-input/div/input[@id="identifiant_agdref"]|//app-search-box//div/app-dsfr-input/div/input[@id="identifiant_agdref"]' in '100' second(s)

14-02-2025T14:37:19 - [MESSAGE][INFO] - Found 1 web elements with id: 'Object Repository/ANEF_Eloignement_V_Nawres/Page_Creation_ou_Recherche_Dossier/Input_Numero_etranger' located by 'By.xpath: //app-identite-declaree-search-box//div/app-dsfr-input/div/input[@id="identifiant_agdref"]|//app-search-box//div/app-dsfr-input/div/input[@id="identifiant_agdref"]' in '100' second(s)

14-02-2025T14:37:19 - [MESSAGE][INFO] - Clearing text of object 'Object Repository/ANEF_Eloignement_V_Nawres/Page_Creation_ou_Recherche_Dossier/Input_Numero_etranger'

14-02-2025T14:37:20 - [MESSAGE][INFO] - Finding web element from Test Object's properties

14-02-2025T14:37:20 - [MESSAGE][INFO] - Checking timeout

14-02-2025T14:37:20 - [MESSAGE][INFO] - Finding web element with id: 'Object Repository/ANEF_Eloignement_V_Nawres/Page_Creation_ou_Recherche_Dossier/Input_Numero_etranger' located by 'By.xpath: //app-identite-declaree-search-box//div/app-dsfr-input/div/input[@id="identifiant_agdref"]|//app-search-box//div/app-dsfr-input/div/input[@id="identifiant_agdref"]' in '100' second(s)

14-02-2025T14:37:20 - [MESSAGE][INFO] - Found 1 web elements with id: 'Object Repository/ANEF_Eloignement_V_Nawres/Page_Creation_ou_Recherche_Dossier/Input_Numero_etranger' located by 'By.xpath: //app-identite-declaree-search-box//div/app-dsfr-input/div/input[@id="identifiant_agdref"]|//app-search-box//div/app-dsfr-input/div/input[@id="identifiant_agdref"]' in '100' second(s)

14-02-2025T14:37:20 - [MESSAGE][INFO] - Setting text of object 'Object Repository/ANEF_Eloignement_V_Nawres/Page_Creation_ou_Recherche_Dossier/Input_Numero_etranger' to value '9818946840'

14-02-2025T14:37:22 - [MESSAGE][PASSED] - Text '9818946840' is set on object 'Object Repository/ANEF_Eloignement_V_Nawres/Page_Creation_ou_Recherche_Dossier/Input_Numero_etranger'

14-02-2025T14:37:22 - [TEST_STEP][PASSED] - click(findTestObject("Object Repository/ANEF_Eloignement_V_Nawres/Page_Creation_ou_Recherche_Dossier/Input_Numero_etranger"), STOP_ON_FAILURE): Object: 'Object Repository/ANEF_Eloignement_V_Nawres/Page_Creation_ou_Recherche_Dossier/Input_Numero_etranger' is clicked on

14-02-2025T14:37:22 - [MESSAGE][INFO] - Finding Test Object 'Object Repository/ANEF_Eloignement_V_Nawres/Page_Creation_ou_Recherche_Dossier/Input_Numero_etranger'

14-02-2025T14:37:22 - [MESSAGE][INFO] - Checking timeout

14-02-2025T14:37:22 - [MESSAGE][INFO] - Finding web element with id: 'Object Repository/ANEF_Eloignement_V_Nawres/Page_Creation_ou_Recherche_Dossier/Input_Numero_etranger' located by 'By.xpath: //app-identite-declaree-search-box//div/app-dsfr-input/div/input[@id="identifiant_agdref"]|//app-search-box//div/app-dsfr-input/div/input[@id="identifiant_agdref"]' in '20' second(s)

14-02-2025T14:37:22 - [MESSAGE][INFO] - Found 1 web elements with id: 'Object Repository/ANEF_Eloignement_V_Nawres/Page_Creation_ou_Recherche_Dossier/Input_Numero_etranger' located by 'By.xpath: //app-identite-declaree-search-box//div/app-dsfr-input/div/input[@id="identifiant_agdref"]|//app-search-box//div/app-dsfr-input/div/input[@id="identifiant_agdref"]' in '20' second(s)

14-02-2025T14:37:22 - [MESSAGE][INFO] - Checking object

14-02-2025T14:37:22 - [MESSAGE][INFO] - Checking timeout

14-02-2025T14:37:22 - [MESSAGE][INFO] - Finding web element from Test Object's properties

14-02-2025T14:37:22 - [MESSAGE][INFO] - Checking timeout

14-02-2025T14:37:22 - [MESSAGE][INFO] - Finding web element with id: 'Object Repository/ANEF_Eloignement_V_Nawres/Page_Creation_ou_Recherche_Dossier/Input_Numero_etranger' located by 'By.xpath: //app-identite-declaree-search-box//div/app-dsfr-input/div/input[@id="identifiant_agdref"]|//app-search-box//div/app-dsfr-input/div/input[@id="identifiant_agdref"]' in '100' second(s)

14-02-2025T14:37:22 - [MESSAGE][INFO] - Found 1 web elements with id: 'Object Repository/ANEF_Eloignement_V_Nawres/Page_Creation_ou_Recherche_Dossier/Input_Numero_etranger' located by 'By.xpath: //app-identite-declaree-search-box//div/app-dsfr-input/div/input[@id="identifiant_agdref"]|//app-search-box//div/app-dsfr-input/div/input[@id="identifiant_agdref"]' in '100' second(s)

14-02-2025T14:37:22 - [MESSAGE][INFO] - Clicking on object: 'Object Repository/ANEF_Eloignement_V_Nawres/Page_Creation_ou_Recherche_Dossier/Input_Numero_etranger'

14-02-2025T14:37:23 - [MESSAGE][PASSED] - Object: 'Object Repository/ANEF_Eloignement_V_Nawres/Page_Creation_ou_Recherche_Dossier/Input_Numero_etranger' is clicked on

14-02-2025T14:37:23 - [TEST_STEP][PASSED] - scrollToElement(findTestObject("Object Repository/ANEF_Eloignement_V_Nawres/Page_Creation_ou_Recherche_Dossier/btn_Lancer_La_Recherche"), 5, STOP_ON_FAILURE): Scroll to object 'Object Repository/ANEF_Eloignement_V_Nawres/Page_Creation_ou_Recherche_Dossier/btn_Lancer_La_Recherche' successfully

14-02-2025T14:37:23 - [MESSAGE][INFO] - Finding Test Object 'Object Repository/ANEF_Eloignement_V_Nawres/Page_Creation_ou_Recherche_Dossier/btn_Lancer_La_Recherche'

14-02-2025T14:37:23 - [MESSAGE][INFO] - Checking object

14-02-2025T14:37:23 - [MESSAGE][INFO] - Checking timeout

14-02-2025T14:37:23 - [MESSAGE][INFO] - Finding web element from Test Object's properties

14-02-2025T14:37:23 - [MESSAGE][INFO] - Checking timeout

14-02-2025T14:37:23 - [MESSAGE][INFO] - Finding web element with id: 'Object Repository/ANEF_Eloignement_V_Nawres/Page_Creation_ou_Recherche_Dossier/btn_Lancer_La_Recherche' located by 'By.xpath: //button[contains(text(),"Lancer la recherche ")]' in '100' second(s)

14-02-2025T14:37:23 - [MESSAGE][INFO] - Found 1 web elements with id: 'Object Repository/ANEF_Eloignement_V_Nawres/Page_Creation_ou_Recherche_Dossier/btn_Lancer_La_Recherche' located by 'By.xpath: //button[contains(text(),"Lancer la recherche ")]' in '100' second(s)

14-02-2025T14:37:23 - [MESSAGE][INFO] - Scrolling to object 'Object Repository/ANEF_Eloignement_V_Nawres/Page_Creation_ou_Recherche_Dossier/btn_Lancer_La_Recherche'

14-02-2025T14:37:23 - [MESSAGE][PASSED] - Scroll to object 'Object Repository/ANEF_Eloignement_V_Nawres/Page_Creation_ou_Recherche_Dossier/btn_Lancer_La_Recherche' successfully

14-02-2025T14:37:23 - [TEST_STEP][PASSED] - click(findTestObject("Object Repository/ANEF_Eloignement_V_Nawres/Page_Creation_ou_Recherche_Dossier/btn_Lancer_La_Recherche"), STOP_ON_FAILURE): Object: 'Object Repository/ANEF_Eloignement_V_Nawres/Page_Creation_ou_Recherche_Dossier/btn_Lancer_La_Recherche' is clicked on

14-02-2025T14:37:23 - [MESSAGE][INFO] - Finding Test Object 'Object Repository/ANEF_Eloignement_V_Nawres/Page_Creation_ou_Recherche_Dossier/btn_Lancer_La_Recherche'

14-02-2025T14:37:23 - [MESSAGE][INFO] - Checking timeout

14-02-2025T14:37:23 - [MESSAGE][INFO] - Finding web element with id: 'Object Repository/ANEF_Eloignement_V_Nawres/Page_Creation_ou_Recherche_Dossier/btn_Lancer_La_Recherche' located by 'By.xpath: //button[contains(text(),"Lancer la recherche ")]' in '20' second(s)

14-02-2025T14:37:23 - [MESSAGE][INFO] - Found 1 web elements with id: 'Object Repository/ANEF_Eloignement_V_Nawres/Page_Creation_ou_Recherche_Dossier/btn_Lancer_La_Recherche' located by 'By.xpath: //button[contains(text(),"Lancer la recherche ")]' in '20' second(s)

14-02-2025T14:37:23 - [MESSAGE][INFO] - Checking object

14-02-2025T14:37:23 - [MESSAGE][INFO] - Checking timeout

14-02-2025T14:37:23 - [MESSAGE][INFO] - Finding web element from Test Object's properties

14-02-2025T14:37:23 - [MESSAGE][INFO] - Checking timeout

14-02-2025T14:37:23 - [MESSAGE][INFO] - Finding web element with id: 'Object Repository/ANEF_Eloignement_V_Nawres/Page_Creation_ou_Recherche_Dossier/btn_Lancer_La_Recherche' located by 'By.xpath: //button[contains(text(),"Lancer la recherche ")]' in '100' second(s)

14-02-2025T14:37:23 - [MESSAGE][INFO] - Found 1 web elements with id: 'Object Repository/ANEF_Eloignement_V_Nawres/Page_Creation_ou_Recherche_Dossier/btn_Lancer_La_Recherche' located by 'By.xpath: //button[contains(text(),"Lancer la recherche ")]' in '100' second(s)

14-02-2025T14:37:23 - [MESSAGE][INFO] - Clicking on object: 'Object Repository/ANEF_Eloignement_V_Nawres/Page_Creation_ou_Recherche_Dossier/btn_Lancer_La_Recherche'

14-02-2025T14:37:24 - [MESSAGE][PASSED] - Object: 'Object Repository/ANEF_Eloignement_V_Nawres/Page_Creation_ou_Recherche_Dossier/btn_Lancer_La_Recherche' is clicked on

14-02-2025T14:37:24 - [TEST_STEP][PASSED] - delay(10): Delayed 10 second(s)

14-02-2025T14:37:24 - [MESSAGE][INFO] - Delaying browser in 10 second(s)

14-02-2025T14:37:34 - [MESSAGE][PASSED] - Delayed 10 second(s)

14-02-2025T14:37:34 - [TEST_STEP][PASSED] - scrollToElement(findTestObject("Object Repository/ANEF_Eloignement_V_Nawres/Page_Creation_ou_Recherche_Dossier/btn_Aucune_Correspondance"), 5, STOP_ON_FAILURE): Scroll to object 'Object Repository/ANEF_Eloignement_V_Nawres/Page_Creation_ou_Recherche_Dossier/btn_Aucune_Correspondance' successfully

14-02-2025T14:37:34 - [MESSAGE][INFO] - Finding Test Object 'Object Repository/ANEF_Eloignement_V_Nawres/Page_Creation_ou_Recherche_Dossier/btn_Aucune_Correspondance'

14-02-2025T14:37:34 - [MESSAGE][INFO] - Checking object

14-02-2025T14:37:34 - [MESSAGE][INFO] - Checking timeout

14-02-2025T14:37:34 - [MESSAGE][INFO] - Finding web element from Test Object's properties

14-02-2025T14:37:34 - [MESSAGE][INFO] - Checking timeout

14-02-2025T14:37:34 - [MESSAGE][INFO] - Finding web element with id: 'Object Repository/ANEF_Eloignement_V_Nawres/Page_Creation_ou_Recherche_Dossier/btn_Aucune_Correspondance' located by 'By.xpath: //button[contains(text()," Aucune correspondance")]' in '100' second(s)

14-02-2025T14:37:34 - [MESSAGE][INFO] - Found 1 web elements with id: 'Object Repository/ANEF_Eloignement_V_Nawres/Page_Creation_ou_Recherche_Dossier/btn_Aucune_Correspondance' located by 'By.xpath: //button[contains(text()," Aucune correspondance")]' in '100' second(s)

14-02-2025T14:37:34 - [MESSAGE][INFO] - Scrolling to object 'Object Repository/ANEF_Eloignement_V_Nawres/Page_Creation_ou_Recherche_Dossier/btn_Aucune_Correspondance'

14-02-2025T14:37:34 - [MESSAGE][PASSED] - Scroll to object 'Object Repository/ANEF_Eloignement_V_Nawres/Page_Creation_ou_Recherche_Dossier/btn_Aucune_Correspondance' successfully

14-02-2025T14:37:34 - [TEST_STEP][PASSED] - click(findTestObject("Object Repository/ANEF_Eloignement_V_Nawres/Page_Creation_ou_Recherche_Dossier/btn_Aucune_Correspondance"), STOP_ON_FAILURE): Object: 'Object Repository/ANEF_Eloignement_V_Nawres/Page_Creation_ou_Recherche_Dossier/btn_Aucune_Correspondance' is clicked on

14-02-2025T14:37:34 - [MESSAGE][INFO] - Finding Test Object 'Object Repository/ANEF_Eloignement_V_Nawres/Page_Creation_ou_Recherche_Dossier/btn_Aucune_Correspondance'

14-02-2025T14:37:34 - [MESSAGE][INFO] - Checking timeout

14-02-2025T14:37:34 - [MESSAGE][INFO] - Finding web element with id: 'Object Repository/ANEF_Eloignement_V_Nawres/Page_Creation_ou_Recherche_Dossier/btn_Aucune_Correspondance' located by 'By.xpath: //button[contains(text()," Aucune correspondance")]' in '20' second(s)

14-02-2025T14:37:34 - [MESSAGE][INFO] - Found 1 web elements with id: 'Object Repository/ANEF_Eloignement_V_Nawres/Page_Creation_ou_Recherche_Dossier/btn_Aucune_Correspondance' located by 'By.xpath: //button[contains(text()," Aucune correspondance")]' in '20' second(s)

14-02-2025T14:37:34 - [MESSAGE][INFO] - Checking object

14-02-2025T14:37:34 - [MESSAGE][INFO] - Checking timeout

14-02-2025T14:37:34 - [MESSAGE][INFO] - Finding web element from Test Object's properties

14-02-2025T14:37:34 - [MESSAGE][INFO] - Checking timeout

14-02-2025T14:37:34 - [MESSAGE][INFO] - Finding web element with id: 'Object Repository/ANEF_Eloignement_V_Nawres/Page_Creation_ou_Recherche_Dossier/btn_Aucune_Correspondance' located by 'By.xpath: //button[contains(text()," Aucune correspondance")]' in '100' second(s)

14-02-2025T14:37:34 - [MESSAGE][INFO] - Found 1 web elements with id: 'Object Repository/ANEF_Eloignement_V_Nawres/Page_Creation_ou_Recherche_Dossier/btn_Aucune_Correspondance' located by 'By.xpath: //button[contains(text()," Aucune correspondance")]' in '100' second(s)

14-02-2025T14:37:34 - [MESSAGE][INFO] - Clicking on object: 'Object Repository/ANEF_Eloignement_V_Nawres/Page_Creation_ou_Recherche_Dossier/btn_Aucune_Correspondance'

14-02-2025T14:37:35 - [MESSAGE][PASSED] - Object: 'Object Repository/ANEF_Eloignement_V_Nawres/Page_Creation_ou_Recherche_Dossier/btn_Aucune_Correspondance' is clicked on

14-02-2025T14:37:35 - [TEST_STEP][PASSED] - click(findTestObject("Object Repository/ANEF_Eloignement_V_Nawres/Page_Creation_ou_Recherche_Dossier/btn_Creer_Un_Dossier_Etranger"), STOP_ON_FAILURE): Object: 'Object Repository/ANEF_Eloignement_V_Nawres/Page_Creation_ou_Recherche_Dossier/btn_Creer_Un_Dossier_Etranger' is clicked on

14-02-2025T14:37:35 - [MESSAGE][INFO] - Finding Test Object 'Object Repository/ANEF_Eloignement_V_Nawres/Page_Creation_ou_Recherche_Dossier/btn_Creer_Un_Dossier_Etranger'

14-02-2025T14:37:35 - [MESSAGE][INFO] - Checking timeout

14-02-2025T14:37:35 - [MESSAGE][INFO] - Finding web element with id: 'Object Repository/ANEF_Eloignement_V_Nawres/Page_Creation_ou_Recherche_Dossier/btn_Creer_Un_Dossier_Etranger' located by 'By.xpath: //button[contains(text()," CrÃ©er un dossier Ã©tranger ")]' in '20' second(s)

14-02-2025T14:37:35 - [MESSAGE][INFO] - Found 1 web elements with id: 'Object Repository/ANEF_Eloignement_V_Nawres/Page_Creation_ou_Recherche_Dossier/btn_Creer_Un_Dossier_Etranger' located by 'By.xpath: //button[contains(text()," CrÃ©er un dossier Ã©tranger ")]' in '20' second(s)

14-02-2025T14:37:35 - [MESSAGE][INFO] - Checking object

14-02-2025T14:37:35 - [MESSAGE][INFO] - Checking timeout

14-02-2025T14:37:35 - [MESSAGE][INFO] - Finding web element from Test Object's properties

14-02-2025T14:37:35 - [MESSAGE][INFO] - Checking timeout

14-02-2025T14:37:35 - [MESSAGE][INFO] - Finding web element with id: 'Object Repository/ANEF_Eloignement_V_Nawres/Page_Creation_ou_Recherche_Dossier/btn_Creer_Un_Dossier_Etranger' located by 'By.xpath: //button[contains(text()," CrÃ©er un dossier Ã©tranger ")]' in '100' second(s)

14-02-2025T14:37:35 - [MESSAGE][INFO] - Found 1 web elements with id: 'Object Repository/ANEF_Eloignement_V_Nawres/Page_Creation_ou_Recherche_Dossier/btn_Creer_Un_Dossier_Etranger' located by 'By.xpath: //button[contains(text()," CrÃ©er un dossier Ã©tranger ")]' in '100' second(s)

14-02-2025T14:37:35 - [MESSAGE][INFO] - Clicking on object: 'Object Repository/ANEF_Eloignement_V_Nawres/Page_Creation_ou_Recherche_Dossier/btn_Creer_Un_Dossier_Etranger'

14-02-2025T14:37:37 - [MESSAGE][PASSED] - Object: 'Object Repository/ANEF_Eloignement_V_Nawres/Page_Creation_ou_Recherche_Dossier/btn_Creer_Un_Dossier_Etranger' is clicked on

14-02-2025T14:37:37 - [TEST_STEP][PASSED] - delay(10): Delayed 10 second(s)

14-02-2025T14:37:37 - [MESSAGE][INFO] - Delaying browser in 10 second(s)

14-02-2025T14:37:47 - [MESSAGE][PASSED] - Delayed 10 second(s)

14-02-2025T14:37:47 - [TEST_STEP][PASSED] - if (CreationOuRecherche == "Recherche"): null

14-02-2025T14:37:47 - [MESSAGE][PASSED] - Call Test Case 'Test Cases/Test Reutilisable/Main/ANEF_Eloignement_V_Nawres/ANEF_Creation_ou_Recherche_Dossier' successfully

14-02-2025T14:37:47 - [TEST_STEP][PASSED] - if (CreationOuRecherche == "Creation"): Call Test Case 'Test Cases/Test Reutilisable/Main/ANEF_Eloignement_V_Nawres/ANEF_Formulaire_Creation_Dossier' successfully

14-02-2025T14:37:47 - [TEST_STEP][PASSED] - callTestCase(findTestCase("Test Cases/Test Reutilisable/Main/ANEF_Eloignement_V_Nawres/ANEF_Formulaire_Creation_Dossier"), ["CreationOuRecherche":CreationOuRecherche, "Sexe":Sexe, "AnneeNaissance":AnneeNaissance, "Nationnalite":Nationnalite, "OrigineDossier":OrigineDossier, ... ], STOP_ON_FAILURE): Call Test Case 'Test Cases/Test Reutilisable/Main/ANEF_Eloignement_V_Nawres/ANEF_Formulaire_Creation_Dossier' successfully

14-02-2025T14:37:47 - [MESSAGE][INFO] - Checking called Test Case

14-02-2025T14:37:47 - [MESSAGE][INFO] - Starting to call Test Case 'Test Cases/Test Reutilisable/Main/ANEF_Eloignement_V_Nawres/ANEF_Formulaire_Creation_Dossier'

14-02-2025T14:37:47 - [TEST_CASE][PASSED] - Test Cases/Test Reutilisable/Main/ANEF_Eloignement_V_Nawres/ANEF_Formulaire_Creation_Dossier: Test Cases/Test Reutilisable/Main/ANEF_Eloignement_V_Nawres/ANEF_Formulaire_Creation_Dossier

14-02-2025T14:37:47 - [TEST_STEP][PASSED] - "Onglet 'Dossier etranger'": null

14-02-2025T14:37:47 - [TEST_STEP][PASSED] - verifyElementPresent(findTestObject("Object Repository/ANEF_Eloignement_V_Nawres/Page_Formulaire_Creation_Dossier/Onglet_Dossier_Etranger"), 1, STOP_ON_FAILURE): Object 'Object Repository/ANEF_Eloignement_V_Nawres/Page_Formulaire_Creation_Dossier/Onglet_Dossier_Etranger' is present

14-02-2025T14:37:47 - [MESSAGE][INFO] - Finding Test Object 'Object Repository/ANEF_Eloignement_V_Nawres/Page_Formulaire_Creation_Dossier/Onglet_Dossier_Etranger'

14-02-2025T14:37:47 - [MESSAGE][INFO] - Checking object

14-02-2025T14:37:47 - [MESSAGE][INFO] - Finding web element from Test Object's properties

14-02-2025T14:37:47 - [MESSAGE][INFO] - Checking timeout

14-02-2025T14:37:47 - [MESSAGE][INFO] - Finding web element with id: 'Object Repository/ANEF_Eloignement_V_Nawres/Page_Formulaire_Creation_Dossier/Onglet_Dossier_Etranger' located by 'By.xpath: /html/body/app-root/app-layout-borderless/div[3]/app-prise-mesure/div/app-dsfr-onglet-tab/div/ul/li[1]/button' in '1' second(s)

14-02-2025T14:37:47 - [MESSAGE][INFO] - Found 1 web elements with id: 'Object Repository/ANEF_Eloignement_V_Nawres/Page_Formulaire_Creation_Dossier/Onglet_Dossier_Etranger' located by 'By.xpath: /html/body/app-root/app-layout-borderless/div[3]/app-prise-mesure/div/app-dsfr-onglet-tab/div/ul/li[1]/button' in '1' second(s)

14-02-2025T14:37:47 - [MESSAGE][PASSED] - Object 'Object Repository/ANEF_Eloignement_V_Nawres/Page_Formulaire_Creation_Dossier/Onglet_Dossier_Etranger' is present

14-02-2025T14:37:47 - [TEST_STEP][PASSED] - verifyElementPresent(findTestObject("Object Repository/ANEF_Eloignement_V_Nawres/Page_Formulaire_Creation_Dossier/Formulaire_Creation_Dossier_Accordeon/lbl_Numero_Etranger"), 1, STOP_ON_FAILURE): Object 'Object Repository/ANEF_Eloignement_V_Nawres/Page_Formulaire_Creation_Dossier/Formulaire_Creation_Dossier_Accordeon/lbl_Numero_Etranger' is present

14-02-2025T14:37:47 - [MESSAGE][INFO] - Finding Test Object 'Object Repository/ANEF_Eloignement_V_Nawres/Page_Formulaire_Creation_Dossier/Formulaire_Creation_Dossier_Accordeon/lbl_Numero_Etranger'

14-02-2025T14:37:47 - [MESSAGE][INFO] - Checking object

14-02-2025T14:37:47 - [MESSAGE][INFO] - Finding web element from Test Object's properties

14-02-2025T14:37:47 - [MESSAGE][INFO] - Checking timeout

14-02-2025T14:37:47 - [MESSAGE][INFO] - Finding web element with id: 'Object Repository/ANEF_Eloignement_V_Nawres/Page_Formulaire_Creation_Dossier/Formulaire_Creation_Dossier_Accordeon/lbl_Numero_Etranger' located by 'By.xpath: /html/body/app-root/app-layout-borderless/div[3]/app-prise-mesure/div/app-dsfr-onglet-tab/div/div[1]/app-fiche-etranger/div/div[2]/section[1]/div/div/div[1]/label' in '1' second(s)

14-02-2025T14:37:47 - [MESSAGE][INFO] - Found 1 web elements with id: 'Object Repository/ANEF_Eloignement_V_Nawres/Page_Formulaire_Creation_Dossier/Formulaire_Creation_Dossier_Accordeon/lbl_Numero_Etranger' located by 'By.xpath: /html/body/app-root/app-layout-borderless/div[3]/app-prise-mesure/div/app-dsfr-onglet-tab/div/div[1]/app-fiche-etranger/div/div[2]/section[1]/div/div/div[1]/label' in '1' second(s)

14-02-2025T14:37:47 - [MESSAGE][PASSED] - Object 'Object Repository/ANEF_Eloignement_V_Nawres/Page_Formulaire_Creation_Dossier/Formulaire_Creation_Dossier_Accordeon/lbl_Numero_Etranger' is present

14-02-2025T14:37:47 - [TEST_STEP][PASSED] - verifyElementPresent(findTestObject("Object Repository/ANEF_Eloignement_V_Nawres/Page_Formulaire_Creation_Dossier/Formulaire_Creation_Dossier_Accordeon/lbl_Prefecture_Gestionnaire"), 1, STOP_ON_FAILURE): Object 'Object Repository/ANEF_Eloignement_V_Nawres/Page_Formulaire_Creation_Dossier/Formulaire_Creation_Dossier_Accordeon/lbl_Prefecture_Gestionnaire' is present

14-02-2025T14:37:47 - [MESSAGE][INFO] - Finding Test Object 'Object Repository/ANEF_Eloignement_V_Nawres/Page_Formulaire_Creation_Dossier/Formulaire_Creation_Dossier_Accordeon/lbl_Prefecture_Gestionnaire'

14-02-2025T14:37:47 - [MESSAGE][INFO] - Checking object

14-02-2025T14:37:47 - [MESSAGE][INFO] - Finding web element from Test Object's properties

14-02-2025T14:37:47 - [MESSAGE][INFO] - Checking timeout

14-02-2025T14:37:47 - [MESSAGE][INFO] - Finding web element with id: 'Object Repository/ANEF_Eloignement_V_Nawres/Page_Formulaire_Creation_Dossier/Formulaire_Creation_Dossier_Accordeon/lbl_Prefecture_Gestionnaire' located by 'By.xpath: /html/body/app-root/app-layout-borderless/div[3]/app-prise-mesure/div/app-dsfr-onglet-tab/div/div[1]/app-fiche-etranger/div/div[2]/section[1]/div/div/div[2]/label' in '1' second(s)

14-02-2025T14:37:47 - [MESSAGE][INFO] - Found 1 web elements with id: 'Object Repository/ANEF_Eloignement_V_Nawres/Page_Formulaire_Creation_Dossier/Formulaire_Creation_Dossier_Accordeon/lbl_Prefecture_Gestionnaire' located by 'By.xpath: /html/body/app-root/app-layout-borderless/div[3]/app-prise-mesure/div/app-dsfr-onglet-tab/div/div[1]/app-fiche-etranger/div/div[2]/section[1]/div/div/div[2]/label' in '1' second(s)

14-02-2025T14:37:47 - [MESSAGE][PASSED] - Object 'Object Repository/ANEF_Eloignement_V_Nawres/Page_Formulaire_Creation_Dossier/Formulaire_Creation_Dossier_Accordeon/lbl_Prefecture_Gestionnaire' is present

14-02-2025T14:37:47 - [TEST_STEP][PASSED] - verifyElementPresent(findTestObject("Object Repository/ANEF_Eloignement_V_Nawres/Page_Formulaire_Creation_Dossier/Formulaire_Creation_Dossier_Accordeon/lbl_Derniere_Modification"), 1, STOP_ON_FAILURE): Object 'Object Repository/ANEF_Eloignement_V_Nawres/Page_Formulaire_Creation_Dossier/Formulaire_Creation_Dossier_Accordeon/lbl_Derniere_Modification' is present

14-02-2025T14:37:47 - [MESSAGE][INFO] - Finding Test Object 'Object Repository/ANEF_Eloignement_V_Nawres/Page_Formulaire_Creation_Dossier/Formulaire_Creation_Dossier_Accordeon/lbl_Derniere_Modification'

14-02-2025T14:37:47 - [MESSAGE][INFO] - Checking object

14-02-2025T14:37:47 - [MESSAGE][INFO] - Finding web element from Test Object's properties

14-02-2025T14:37:47 - [MESSAGE][INFO] - Checking timeout

14-02-2025T14:37:47 - [MESSAGE][INFO] - Finding web element with id: 'Object Repository/ANEF_Eloignement_V_Nawres/Page_Formulaire_Creation_Dossier/Formulaire_Creation_Dossier_Accordeon/lbl_Derniere_Modification' located by 'By.xpath: /html/body/app-root/app-layout-borderless/div[3]/app-prise-mesure/div/app-dsfr-onglet-tab/div/div[1]/app-fiche-etranger/div/div[2]/section[1]/div/div/div[3]/label' in '1' second(s)

14-02-2025T14:37:47 - [MESSAGE][INFO] - Found 1 web elements with id: 'Object Repository/ANEF_Eloignement_V_Nawres/Page_Formulaire_Creation_Dossier/Formulaire_Creation_Dossier_Accordeon/lbl_Derniere_Modification' located by 'By.xpath: /html/body/app-root/app-layout-borderless/div[3]/app-prise-mesure/div/app-dsfr-onglet-tab/div/div[1]/app-fiche-etranger/div/div[2]/section[1]/div/div/div[3]/label' in '1' second(s)

14-02-2025T14:37:47 - [MESSAGE][PASSED] - Object 'Object Repository/ANEF_Eloignement_V_Nawres/Page_Formulaire_Creation_Dossier/Formulaire_Creation_Dossier_Accordeon/lbl_Derniere_Modification' is present

14-02-2025T14:37:47 - [TEST_STEP][PASSED] - verifyElementPresent(findTestObject("Object Repository/ANEF_Eloignement_V_Nawres/Page_Formulaire_Creation_Dossier/Formulaire_Creation_Dossier_Accordeon/Acc_ Reference_Du_Dossier"), 1, STOP_ON_FAILURE): Object 'Object Repository/ANEF_Eloignement_V_Nawres/Page_Formulaire_Creation_Dossier/Formulaire_Creation_Dossier_Accordeon/Acc_ Reference_Du_Dossier' is present

14-02-2025T14:37:47 - [MESSAGE][INFO] - Finding Test Object 'Object Repository/ANEF_Eloignement_V_Nawres/Page_Formulaire_Creation_Dossier/Formulaire_Creation_Dossier_Accordeon/Acc_ Reference_Du_Dossier'

14-02-2025T14:37:47 - [MESSAGE][INFO] - Checking object

14-02-2025T14:37:47 - [MESSAGE][INFO] - Finding web element from Test Object's properties

14-02-2025T14:37:47 - [MESSAGE][INFO] - Checking timeout

14-02-2025T14:37:47 - [MESSAGE][INFO] - Finding web element with id: 'Object Repository/ANEF_Eloignement_V_Nawres/Page_Formulaire_Creation_Dossier/Formulaire_Creation_Dossier_Accordeon/Acc_ Reference_Du_Dossier' located by 'By.xpath: /html/body/app-root/app-layout-borderless/div[3]/app-prise-mesure/div/app-dsfr-onglet-tab/div/div[1]/app-fiche-etranger/div/div[2]/section[2]/div[1]/app-accordeon-reference-dossier/section/h3/button' in '1' second(s)

14-02-2025T14:37:47 - [MESSAGE][INFO] - Found 1 web elements with id: 'Object Repository/ANEF_Eloignement_V_Nawres/Page_Formulaire_Creation_Dossier/Formulaire_Creation_Dossier_Accordeon/Acc_ Reference_Du_Dossier' located by 'By.xpath: /html/body/app-root/app-layout-borderless/div[3]/app-prise-mesure/div/app-dsfr-onglet-tab/div/div[1]/app-fiche-etranger/div/div[2]/section[2]/div[1]/app-accordeon-reference-dossier/section/h3/button' in '1' second(s)

14-02-2025T14:37:47 - [MESSAGE][PASSED] - Object 'Object Repository/ANEF_Eloignement_V_Nawres/Page_Formulaire_Creation_Dossier/Formulaire_Creation_Dossier_Accordeon/Acc_ Reference_Du_Dossier' is present

14-02-2025T14:37:47 - [TEST_STEP][PASSED] - verifyElementPresent(findTestObject("Object Repository/ANEF_Eloignement_V_Nawres/Page_Formulaire_Creation_Dossier/Formulaire_Creation_Dossier_Menu/Menu_Reference_Du_Dossier"), 1, STOP_ON_FAILURE): Object 'Object Repository/ANEF_Eloignement_V_Nawres/Page_Formulaire_Creation_Dossier/Formulaire_Creation_Dossier_Menu/Menu_Reference_Du_Dossier' is present

14-02-2025T14:37:47 - [MESSAGE][INFO] - Finding Test Object 'Object Repository/ANEF_Eloignement_V_Nawres/Page_Formulaire_Creation_Dossier/Formulaire_Creation_Dossier_Menu/Menu_Reference_Du_Dossier'

14-02-2025T14:37:47 - [MESSAGE][INFO] - Checking object

14-02-2025T14:37:47 - [MESSAGE][INFO] - Finding web element from Test Object's properties

14-02-2025T14:37:47 - [MESSAGE][INFO] - Checking timeout

14-02-2025T14:37:47 - [MESSAGE][INFO] - Finding web element with id: 'Object Repository/ANEF_Eloignement_V_Nawres/Page_Formulaire_Creation_Dossier/Formulaire_Creation_Dossier_Menu/Menu_Reference_Du_Dossier' located by 'By.xpath: /html/body/app-root/app-layout-borderless/div[3]/app-prise-mesure/div/app-dsfr-onglet-tab/div/div[1]/app-fiche-etranger/div/div[1]/app-dsfr-sidemenu/nav/div/div/ul[1]/li/a' in '1' second(s)

14-02-2025T14:37:47 - [MESSAGE][INFO] - Found 1 web elements with id: 'Object Repository/ANEF_Eloignement_V_Nawres/Page_Formulaire_Creation_Dossier/Formulaire_Creation_Dossier_Menu/Menu_Reference_Du_Dossier' located by 'By.xpath: /html/body/app-root/app-layout-borderless/div[3]/app-prise-mesure/div/app-dsfr-onglet-tab/div/div[1]/app-fiche-etranger/div/div[1]/app-dsfr-sidemenu/nav/div/div/ul[1]/li/a' in '1' second(s)

14-02-2025T14:37:47 - [MESSAGE][PASSED] - Object 'Object Repository/ANEF_Eloignement_V_Nawres/Page_Formulaire_Creation_Dossier/Formulaire_Creation_Dossier_Menu/Menu_Reference_Du_Dossier' is present

14-02-2025T14:37:47 - [TEST_STEP][PASSED] - verifyElementPresent(findTestObject("Object Repository/ANEF_Eloignement_V_Nawres/Page_Formulaire_Creation_Dossier/Formulaire_Creation_Dossier_Input/input_Numero_De_Dossier_FPR"), 1, STOP_ON_FAILURE): Object 'Object Repository/ANEF_Eloignement_V_Nawres/Page_Formulaire_Creation_Dossier/Formulaire_Creation_Dossier_Input/input_Numero_De_Dossier_FPR' is present

14-02-2025T14:37:47 - [MESSAGE][INFO] - Finding Test Object 'Object Repository/ANEF_Eloignement_V_Nawres/Page_Formulaire_Creation_Dossier/Formulaire_Creation_Dossier_Input/input_Numero_De_Dossier_FPR'

14-02-2025T14:37:47 - [MESSAGE][INFO] - Checking object

14-02-2025T14:37:47 - [MESSAGE][INFO] - Finding web element from Test Object's properties

14-02-2025T14:37:47 - [MESSAGE][INFO] - Checking timeout

14-02-2025T14:37:47 - [MESSAGE][INFO] - Finding web element with id: 'Object Repository/ANEF_Eloignement_V_Nawres/Page_Formulaire_Creation_Dossier/Formulaire_Creation_Dossier_Input/input_Numero_De_Dossier_FPR' located by 'By.xpath: /html/body/app-root/app-layout-borderless/div[3]/app-prise-mesure/div/app-dsfr-onglet-tab/div/div[1]/app-fiche-etranger/div/div[2]/section[2]/div[1]/app-accordeon-reference-dossier/section/div/form/div/div/div/div[2]/app-dsfr-input/div/input' in '1' second(s)

14-02-2025T14:37:47 - [MESSAGE][INFO] - Found 1 web elements with id: 'Object Repository/ANEF_Eloignement_V_Nawres/Page_Formulaire_Creation_Dossier/Formulaire_Creation_Dossier_Input/input_Numero_De_Dossier_FPR' located by 'By.xpath: /html/body/app-root/app-layout-borderless/div[3]/app-prise-mesure/div/app-dsfr-onglet-tab/div/div[1]/app-fiche-etranger/div/div[2]/section[2]/div[1]/app-accordeon-reference-dossier/section/div/form/div/div/div/div[2]/app-dsfr-input/div/input' in '1' second(s)

14-02-2025T14:37:47 - [MESSAGE][PASSED] - Object 'Object Repository/ANEF_Eloignement_V_Nawres/Page_Formulaire_Creation_Dossier/Formulaire_Creation_Dossier_Input/input_Numero_De_Dossier_FPR' is present

14-02-2025T14:37:47 - [TEST_STEP][PASSED] - verifyElementPresent(findTestObject("Object Repository/ANEF_Eloignement_V_Nawres/Page_Formulaire_Creation_Dossier/Formulaire_Creation_Dossier_Input/input_Numero_Dossier_Interne"), 1, STOP_ON_FAILURE): Object 'Object Repository/ANEF_Eloignement_V_Nawres/Page_Formulaire_Creation_Dossier/Formulaire_Creation_Dossier_Input/input_Numero_Dossier_Interne' is present

14-02-2025T14:37:47 - [MESSAGE][INFO] - Finding Test Object 'Object Repository/ANEF_Eloignement_V_Nawres/Page_Formulaire_Creation_Dossier/Formulaire_Creation_Dossier_Input/input_Numero_Dossier_Interne'

14-02-2025T14:37:47 - [MESSAGE][INFO] - Checking object

14-02-2025T14:37:47 - [MESSAGE][INFO] - Finding web element from Test Object's properties

14-02-2025T14:37:47 - [MESSAGE][INFO] - Checking timeout

14-02-2025T14:37:47 - [MESSAGE][INFO] - Finding web element with id: 'Object Repository/ANEF_Eloignement_V_Nawres/Page_Formulaire_Creation_Dossier/Formulaire_Creation_Dossier_Input/input_Numero_Dossier_Interne' located by 'By.xpath: //*[@id="numero_dossier_interne"]' in '1' second(s)

14-02-2025T14:37:47 - [MESSAGE][INFO] - Found 1 web elements with id: 'Object Repository/ANEF_Eloignement_V_Nawres/Page_Formulaire_Creation_Dossier/Formulaire_Creation_Dossier_Input/input_Numero_Dossier_Interne' located by 'By.xpath: //*[@id="numero_dossier_interne"]' in '1' second(s)

14-02-2025T14:37:47 - [MESSAGE][PASSED] - Object 'Object Repository/ANEF_Eloignement_V_Nawres/Page_Formulaire_Creation_Dossier/Formulaire_Creation_Dossier_Input/input_Numero_Dossier_Interne' is present

14-02-2025T14:37:47 - [TEST_STEP][PASSED] - verifyElementPresent(findTestObject("Object Repository/ANEF_Eloignement_V_Nawres/Page_Formulaire_Creation_Dossier/Formulaire_Creation_Dossier_Accordeon/Acc_Etat_Civil"), 1, STOP_ON_FAILURE): Object 'Object Repository/ANEF_Eloignement_V_Nawres/Page_Formulaire_Creation_Dossier/Formulaire_Creation_Dossier_Accordeon/Acc_Etat_Civil' is present

14-02-2025T14:37:47 - [MESSAGE][INFO] - Finding Test Object 'Object Repository/ANEF_Eloignement_V_Nawres/Page_Formulaire_Creation_Dossier/Formulaire_Creation_Dossier_Accordeon/Acc_Etat_Civil'

14-02-2025T14:37:47 - [MESSAGE][INFO] - Checking object

14-02-2025T14:37:47 - [MESSAGE][INFO] - Finding web element from Test Object's properties

14-02-2025T14:37:47 - [MESSAGE][INFO] - Checking timeout

14-02-2025T14:37:47 - [MESSAGE][INFO] - Finding web element with id: 'Object Repository/ANEF_Eloignement_V_Nawres/Page_Formulaire_Creation_Dossier/Formulaire_Creation_Dossier_Accordeon/Acc_Etat_Civil' located by 'By.xpath: //*[@id="accordeon-fiche-etat-civil"]/section/h3/button[contains(text(),"Ã‰tat civil")]' in '1' second(s)

14-02-2025T14:37:47 - [MESSAGE][INFO] - Found 1 web elements with id: 'Object Repository/ANEF_Eloignement_V_Nawres/Page_Formulaire_Creation_Dossier/Formulaire_Creation_Dossier_Accordeon/Acc_Etat_Civil' located by 'By.xpath: //*[@id="accordeon-fiche-etat-civil"]/section/h3/button[contains(text(),"Ã‰tat civil")]' in '1' second(s)

14-02-2025T14:37:47 - [MESSAGE][PASSED] - Object 'Object Repository/ANEF_Eloignement_V_Nawres/Page_Formulaire_Creation_Dossier/Formulaire_Creation_Dossier_Accordeon/Acc_Etat_Civil' is present

14-02-2025T14:37:47 - [TEST_STEP][PASSED] - verifyElementPresent(findTestObject("Object Repository/ANEF_Eloignement_V_Nawres/Page_Formulaire_Creation_Dossier/Formulaire_Creation_Dossier_Menu/Menu_Fiche_Etat_Civil"), 1, STOP_ON_FAILURE): Object 'Object Repository/ANEF_Eloignement_V_Nawres/Page_Formulaire_Creation_Dossier/Formulaire_Creation_Dossier_Menu/Menu_Fiche_Etat_Civil' is present

14-02-2025T14:37:47 - [MESSAGE][INFO] - Finding Test Object 'Object Repository/ANEF_Eloignement_V_Nawres/Page_Formulaire_Creation_Dossier/Formulaire_Creation_Dossier_Menu/Menu_Fiche_Etat_Civil'

14-02-2025T14:37:47 - [MESSAGE][INFO] - Checking object

14-02-2025T14:37:47 - [MESSAGE][INFO] - Finding web element from Test Object's properties

14-02-2025T14:37:47 - [MESSAGE][INFO] - Checking timeout

14-02-2025T14:37:47 - [MESSAGE][INFO] - Finding web element with id: 'Object Repository/ANEF_Eloignement_V_Nawres/Page_Formulaire_Creation_Dossier/Formulaire_Creation_Dossier_Menu/Menu_Fiche_Etat_Civil' located by 'By.xpath: /html/body/app-root/app-layout-borderless/div[3]/app-prise-mesure/div/app-dsfr-onglet-tab/div/div[1]/app-fiche-etranger/div/div[1]/app-dsfr-sidemenu/nav/div/div/ul[2]/li/a' in '1' second(s)

14-02-2025T14:37:47 - [MESSAGE][INFO] - Found 1 web elements with id: 'Object Repository/ANEF_Eloignement_V_Nawres/Page_Formulaire_Creation_Dossier/Formulaire_Creation_Dossier_Menu/Menu_Fiche_Etat_Civil' located by 'By.xpath: /html/body/app-root/app-layout-borderless/div[3]/app-prise-mesure/div/app-dsfr-onglet-tab/div/div[1]/app-fiche-etranger/div/div[1]/app-dsfr-sidemenu/nav/div/div/ul[2]/li/a' in '1' second(s)

14-02-2025T14:37:47 - [MESSAGE][PASSED] - Object 'Object Repository/ANEF_Eloignement_V_Nawres/Page_Formulaire_Creation_Dossier/Formulaire_Creation_Dossier_Menu/Menu_Fiche_Etat_Civil' is present

14-02-2025T14:37:47 - [TEST_STEP][PASSED] - verifyElementPresent(findTestObject("Object Repository/ANEF_Eloignement_V_Nawres/Page_Formulaire_Creation_Dossier/Formulaire_Creation_Dossier_Menu/Menu_Biometrie"), 1, STOP_ON_FAILURE): Object 'Object Repository/ANEF_Eloignement_V_Nawres/Page_Formulaire_Creation_Dossier/Formulaire_Creation_Dossier_Menu/Menu_Biometrie' is present

14-02-2025T14:37:47 - [MESSAGE][INFO] - Finding Test Object 'Object Repository/ANEF_Eloignement_V_Nawres/Page_Formulaire_Creation_Dossier/Formulaire_Creation_Dossier_Menu/Menu_Biometrie'

14-02-2025T14:37:47 - [MESSAGE][INFO] - Checking object

14-02-2025T14:37:47 - [MESSAGE][INFO] - Finding web element from Test Object's properties

14-02-2025T14:37:47 - [MESSAGE][INFO] - Checking timeout

14-02-2025T14:37:47 - [MESSAGE][INFO] - Finding web element with id: 'Object Repository/ANEF_Eloignement_V_Nawres/Page_Formulaire_Creation_Dossier/Formulaire_Creation_Dossier_Menu/Menu_Biometrie' located by 'By.xpath: /html/body/app-root/app-layout-borderless/div[3]/app-prise-mesure/div/app-dsfr-onglet-tab/div/div[1]/app-fiche-etranger/div/div[1]/app-dsfr-sidemenu/nav/div/div/ul[3]/li' in '1' second(s)

14-02-2025T14:37:47 - [MESSAGE][INFO] - Found 1 web elements with id: 'Object Repository/ANEF_Eloignement_V_Nawres/Page_Formulaire_Creation_Dossier/Formulaire_Creation_Dossier_Menu/Menu_Biometrie' located by 'By.xpath: /html/body/app-root/app-layout-borderless/div[3]/app-prise-mesure/div/app-dsfr-onglet-tab/div/div[1]/app-fiche-etranger/div/div[1]/app-dsfr-sidemenu/nav/div/div/ul[3]/li' in '1' second(s)

14-02-2025T14:37:47 - [MESSAGE][PASSED] - Object 'Object Repository/ANEF_Eloignement_V_Nawres/Page_Formulaire_Creation_Dossier/Formulaire_Creation_Dossier_Menu/Menu_Biometrie' is present

14-02-2025T14:37:47 - [TEST_STEP][PASSED] - verifyElementPresent(findTestObject("Object Repository/ANEF_Eloignement_V_Nawres/Page_Formulaire_Creation_Dossier/Formulaire_Creation_Dossier_Accordeon/Acc_ Conditions_D_Entree_En_France"), 1, STOP_ON_FAILURE): Object 'Object Repository/ANEF_Eloignement_V_Nawres/Page_Formulaire_Creation_Dossier/Formulaire_Creation_Dossier_Accordeon/Acc_ Conditions_D_Entree_En_France' is present

14-02-2025T14:37:47 - [MESSAGE][INFO] - Finding Test Object 'Object Repository/ANEF_Eloignement_V_Nawres/Page_Formulaire_Creation_Dossier/Formulaire_Creation_Dossier_Accordeon/Acc_ Conditions_D_Entree_En_France'

14-02-2025T14:37:47 - [MESSAGE][INFO] - Checking object

14-02-2025T14:37:47 - [MESSAGE][INFO] - Finding web element from Test Object's properties

14-02-2025T14:37:47 - [MESSAGE][INFO] - Checking timeout

14-02-2025T14:37:47 - [MESSAGE][INFO] - Finding web element with id: 'Object Repository/ANEF_Eloignement_V_Nawres/Page_Formulaire_Creation_Dossier/Formulaire_Creation_Dossier_Accordeon/Acc_ Conditions_D_Entree_En_France' located by 'By.xpath: //*[@id="accordeon-condition-entree-france"]/section/h3/button' in '1' second(s)

14-02-2025T14:37:47 - [MESSAGE][INFO] - Found 1 web elements with id: 'Object Repository/ANEF_Eloignement_V_Nawres/Page_Formulaire_Creation_Dossier/Formulaire_Creation_Dossier_Accordeon/Acc_ Conditions_D_Entree_En_France' located by 'By.xpath: //*[@id="accordeon-condition-entree-france"]/section/h3/button' in '1' second(s)

14-02-2025T14:37:47 - [MESSAGE][PASSED] - Object 'Object Repository/ANEF_Eloignement_V_Nawres/Page_Formulaire_Creation_Dossier/Formulaire_Creation_Dossier_Accordeon/Acc_ Conditions_D_Entree_En_France' is present

14-02-2025T14:37:47 - [TEST_STEP][PASSED] - verifyElementPresent(findTestObject("Object Repository/ANEF_Eloignement_V_Nawres/Page_Formulaire_Creation_Dossier/Formulaire_Creation_Dossier_Accordeon/Acc_ Conditions_D_Entree_En_France"), 1, STOP_ON_FAILURE): Object 'Object Repository/ANEF_Eloignement_V_Nawres/Page_Formulaire_Creation_Dossier/Formulaire_Creation_Dossier_Accordeon/Acc_ Conditions_D_Entree_En_France' is present

14-02-2025T14:37:47 - [MESSAGE][INFO] - Finding Test Object 'Object Repository/ANEF_Eloignement_V_Nawres/Page_Formulaire_Creation_Dossier/Formulaire_Creation_Dossier_Accordeon/Acc_ Conditions_D_Entree_En_France'

14-02-2025T14:37:47 - [MESSAGE][INFO] - Checking object

14-02-2025T14:37:47 - [MESSAGE][INFO] - Finding web element from Test Object's properties

14-02-2025T14:37:47 - [MESSAGE][INFO] - Checking timeout

14-02-2025T14:37:47 - [MESSAGE][INFO] - Finding web element with id: 'Object Repository/ANEF_Eloignement_V_Nawres/Page_Formulaire_Creation_Dossier/Formulaire_Creation_Dossier_Accordeon/Acc_ Conditions_D_Entree_En_France' located by 'By.xpath: //*[@id="accordeon-condition-entree-france"]/section/h3/button' in '1' second(s)

14-02-2025T14:37:47 - [MESSAGE][INFO] - Found 1 web elements with id: 'Object Repository/ANEF_Eloignement_V_Nawres/Page_Formulaire_Creation_Dossier/Formulaire_Creation_Dossier_Accordeon/Acc_ Conditions_D_Entree_En_France' located by 'By.xpath: //*[@id="accordeon-condition-entree-france"]/section/h3/button' in '1' second(s)

14-02-2025T14:37:47 - [MESSAGE][PASSED] - Object 'Object Repository/ANEF_Eloignement_V_Nawres/Page_Formulaire_Creation_Dossier/Formulaire_Creation_Dossier_Accordeon/Acc_ Conditions_D_Entree_En_France' is present

14-02-2025T14:37:47 - [TEST_STEP][PASSED] - verifyElementPresent(findTestObject("Object Repository/ANEF_Eloignement_V_Nawres/Page_Formulaire_Creation_Dossier/Formulaire_Creation_Dossier_Menu/Menu_Antecedents_Administratifs"), 1, STOP_ON_FAILURE): Object 'Object Repository/ANEF_Eloignement_V_Nawres/Page_Formulaire_Creation_Dossier/Formulaire_Creation_Dossier_Menu/Menu_Antecedents_Administratifs' is present

14-02-2025T14:37:47 - [MESSAGE][INFO] - Finding Test Object 'Object Repository/ANEF_Eloignement_V_Nawres/Page_Formulaire_Creation_Dossier/Formulaire_Creation_Dossier_Menu/Menu_Antecedents_Administratifs'

14-02-2025T14:37:47 - [MESSAGE][INFO] - Checking object

14-02-2025T14:37:47 - [MESSAGE][INFO] - Finding web element from Test Object's properties

14-02-2025T14:37:47 - [MESSAGE][INFO] - Checking timeout

14-02-2025T14:37:47 - [MESSAGE][INFO] - Finding web element with id: 'Object Repository/ANEF_Eloignement_V_Nawres/Page_Formulaire_Creation_Dossier/Formulaire_Creation_Dossier_Menu/Menu_Antecedents_Administratifs' located by 'By.xpath: /html/body/app-root/app-layout-borderless/div[3]/app-prise-mesure/div/app-dsfr-onglet-tab/div/div[1]/app-fiche-etranger/div/div[1]/app-dsfr-sidemenu/nav/div/div/ul[6]/li/a' in '1' second(s)

14-02-2025T14:37:48 - [MESSAGE][INFO] - Found 1 web elements with id: 'Object Repository/ANEF_Eloignement_V_Nawres/Page_Formulaire_Creation_Dossier/Formulaire_Creation_Dossier_Menu/Menu_Antecedents_Administratifs' located by 'By.xpath: /html/body/app-root/app-layout-borderless/div[3]/app-prise-mesure/div/app-dsfr-onglet-tab/div/div[1]/app-fiche-etranger/div/div[1]/app-dsfr-sidemenu/nav/div/div/ul[6]/li/a' in '1' second(s)

14-02-2025T14:37:48 - [MESSAGE][PASSED] - Object 'Object Repository/ANEF_Eloignement_V_Nawres/Page_Formulaire_Creation_Dossier/Formulaire_Creation_Dossier_Menu/Menu_Antecedents_Administratifs' is present

14-02-2025T14:37:48 - [TEST_STEP][PASSED] - verifyElementPresent(findTestObject("Object Repository/ANEF_Eloignement_V_Nawres/Page_Formulaire_Creation_Dossier/Formulaire_Creation_Dossier_Accordeon/Acc_Documents_De_Voyage"), 1, STOP_ON_FAILURE): Object 'Object Repository/ANEF_Eloignement_V_Nawres/Page_Formulaire_Creation_Dossier/Formulaire_Creation_Dossier_Accordeon/Acc_Documents_De_Voyage' is present

14-02-2025T14:37:48 - [MESSAGE][INFO] - Finding Test Object 'Object Repository/ANEF_Eloignement_V_Nawres/Page_Formulaire_Creation_Dossier/Formulaire_Creation_Dossier_Accordeon/Acc_Documents_De_Voyage'

14-02-2025T14:37:48 - [MESSAGE][INFO] - Checking object

14-02-2025T14:37:48 - [MESSAGE][INFO] - Finding web element from Test Object's properties

14-02-2025T14:37:48 - [MESSAGE][INFO] - Checking timeout

14-02-2025T14:37:48 - [MESSAGE][INFO] - Finding web element with id: 'Object Repository/ANEF_Eloignement_V_Nawres/Page_Formulaire_Creation_Dossier/Formulaire_Creation_Dossier_Accordeon/Acc_Documents_De_Voyage' located by 'By.xpath: //*[@id="documents_de_voyage"]/app-accordeon-documents-de-voyage/section/h3/button|//*[@id="accordeon-documents-de-voyage"]/section/h3/button' in '1' second(s)

14-02-2025T14:37:48 - [MESSAGE][INFO] - Found 1 web elements with id: 'Object Repository/ANEF_Eloignement_V_Nawres/Page_Formulaire_Creation_Dossier/Formulaire_Creation_Dossier_Accordeon/Acc_Documents_De_Voyage' located by 'By.xpath: //*[@id="documents_de_voyage"]/app-accordeon-documents-de-voyage/section/h3/button|//*[@id="accordeon-documents-de-voyage"]/section/h3/button' in '1' second(s)

14-02-2025T14:37:48 - [MESSAGE][PASSED] - Object 'Object Repository/ANEF_Eloignement_V_Nawres/Page_Formulaire_Creation_Dossier/Formulaire_Creation_Dossier_Accordeon/Acc_Documents_De_Voyage' is present

14-02-2025T14:37:48 - [TEST_STEP][PASSED] - verifyElementPresent(findTestObject("Object Repository/ANEF_Eloignement_V_Nawres/Page_Formulaire_Creation_Dossier/Formulaire_Creation_Dossier_Menu/Menu_Documents_De_Voyage"), 1, STOP_ON_FAILURE): Object 'Object Repository/ANEF_Eloignement_V_Nawres/Page_Formulaire_Creation_Dossier/Formulaire_Creation_Dossier_Menu/Menu_Documents_De_Voyage' is present

14-02-2025T14:37:48 - [MESSAGE][INFO] - Finding Test Object 'Object Repository/ANEF_Eloignement_V_Nawres/Page_Formulaire_Creation_Dossier/Formulaire_Creation_Dossier_Menu/Menu_Documents_De_Voyage'

14-02-2025T14:37:48 - [MESSAGE][INFO] - Checking object

14-02-2025T14:37:48 - [MESSAGE][INFO] - Finding web element from Test Object's properties

14-02-2025T14:37:48 - [MESSAGE][INFO] - Checking timeout

14-02-2025T14:37:48 - [MESSAGE][INFO] - Finding web element with id: 'Object Repository/ANEF_Eloignement_V_Nawres/Page_Formulaire_Creation_Dossier/Formulaire_Creation_Dossier_Menu/Menu_Documents_De_Voyage' located by 'By.xpath: /html/body/app-root/app-layout-borderless/div[3]/app-prise-mesure/div/app-dsfr-onglet-tab/div/div[1]/app-fiche-etranger/div/div[1]/app-dsfr-sidemenu/nav/div/div/ul[7]/li/a' in '1' second(s)

14-02-2025T14:37:48 - [MESSAGE][INFO] - Found 1 web elements with id: 'Object Repository/ANEF_Eloignement_V_Nawres/Page_Formulaire_Creation_Dossier/Formulaire_Creation_Dossier_Menu/Menu_Documents_De_Voyage' located by 'By.xpath: /html/body/app-root/app-layout-borderless/div[3]/app-prise-mesure/div/app-dsfr-onglet-tab/div/div[1]/app-fiche-etranger/div/div[1]/app-dsfr-sidemenu/nav/div/div/ul[7]/li/a' in '1' second(s)

14-02-2025T14:37:48 - [MESSAGE][PASSED] - Object 'Object Repository/ANEF_Eloignement_V_Nawres/Page_Formulaire_Creation_Dossier/Formulaire_Creation_Dossier_Menu/Menu_Documents_De_Voyage' is present

14-02-2025T14:37:48 - [TEST_STEP][PASSED] - verifyElementPresent(findTestObject("Object Repository/ANEF_Eloignement_V_Nawres/Page_Formulaire_Creation_Dossier/Formulaire_Creation_Dossier_Accordeon/Acc_ Sortant_D_Etablissement_Penitentiaire"), 1, STOP_ON_FAILURE): Object 'Object Repository/ANEF_Eloignement_V_Nawres/Page_Formulaire_Creation_Dossier/Formulaire_Creation_Dossier_Accordeon/Acc_ Sortant_D_Etablissement_Penitentiaire' is present

14-02-2025T14:37:48 - [MESSAGE][INFO] - Finding Test Object 'Object Repository/ANEF_Eloignement_V_Nawres/Page_Formulaire_Creation_Dossier/Formulaire_Creation_Dossier_Accordeon/Acc_ Sortant_D_Etablissement_Penitentiaire'

14-02-2025T14:37:48 - [MESSAGE][INFO] - Checking object

14-02-2025T14:37:48 - [MESSAGE][INFO] - Finding web element from Test Object's properties

14-02-2025T14:37:48 - [MESSAGE][INFO] - Checking timeout

14-02-2025T14:37:48 - [MESSAGE][INFO] - Finding web element with id: 'Object Repository/ANEF_Eloignement_V_Nawres/Page_Formulaire_Creation_Dossier/Formulaire_Creation_Dossier_Accordeon/Acc_ Sortant_D_Etablissement_Penitentiaire' located by 'By.xpath: //*[@id="sortant_etablissement_penitentiaire"]/app-accordeaon-sortant-etablissement-penitentiaire/section/h3/button|//*[@id="sortant_etablissement_penitentiaire"]/app-accordeaon-sortant-etablissement-penitentiaire/section/h3/button' in '1' second(s)

14-02-2025T14:37:48 - [MESSAGE][INFO] - Found 1 web elements with id: 'Object Repository/ANEF_Eloignement_V_Nawres/Page_Formulaire_Creation_Dossier/Formulaire_Creation_Dossier_Accordeon/Acc_ Sortant_D_Etablissement_Penitentiaire' located by 'By.xpath: //*[@id="sortant_etablissement_penitentiaire"]/app-accordeaon-sortant-etablissement-penitentiaire/section/h3/button|//*[@id="sortant_etablissement_penitentiaire"]/app-accordeaon-sortant-etablissement-penitentiaire/section/h3/button' in '1' second(s)

14-02-2025T14:37:48 - [MESSAGE][PASSED] - Object 'Object Repository/ANEF_Eloignement_V_Nawres/Page_Formulaire_Creation_Dossier/Formulaire_Creation_Dossier_Accordeon/Acc_ Sortant_D_Etablissement_Penitentiaire' is present

14-02-2025T14:37:48 - [TEST_STEP][PASSED] - verifyElementPresent(findTestObject("Object Repository/ANEF_Eloignement_V_Nawres/Page_Formulaire_Creation_Dossier/Formulaire_Creation_Dossier_Menu/Menu_Sortant_D_Etablissement_Penitentiaire"), 1, STOP_ON_FAILURE): Object 'Object Repository/ANEF_Eloignement_V_Nawres/Page_Formulaire_Creation_Dossier/Formulaire_Creation_Dossier_Menu/Menu_Sortant_D_Etablissement_Penitentiaire' is present

14-02-2025T14:37:48 - [MESSAGE][INFO] - Finding Test Object 'Object Repository/ANEF_Eloignement_V_Nawres/Page_Formulaire_Creation_Dossier/Formulaire_Creation_Dossier_Menu/Menu_Sortant_D_Etablissement_Penitentiaire'

14-02-2025T14:37:48 - [MESSAGE][INFO] - Checking object

14-02-2025T14:37:48 - [MESSAGE][INFO] - Finding web element from Test Object's properties

14-02-2025T14:37:48 - [MESSAGE][INFO] - Checking timeout

14-02-2025T14:37:48 - [MESSAGE][INFO] - Finding web element with id: 'Object Repository/ANEF_Eloignement_V_Nawres/Page_Formulaire_Creation_Dossier/Formulaire_Creation_Dossier_Menu/Menu_Sortant_D_Etablissement_Penitentiaire' located by 'By.xpath: /html/body/app-root/app-layout-borderless/div[3]/app-prise-mesure/div/app-dsfr-onglet-tab/div/div[1]/app-fiche-etranger/div/div[1]/app-dsfr-sidemenu/nav/div/div/ul[9]/li/a' in '1' second(s)

14-02-2025T14:37:48 - [MESSAGE][INFO] - Found 1 web elements with id: 'Object Repository/ANEF_Eloignement_V_Nawres/Page_Formulaire_Creation_Dossier/Formulaire_Creation_Dossier_Menu/Menu_Sortant_D_Etablissement_Penitentiaire' located by 'By.xpath: /html/body/app-root/app-layout-borderless/div[3]/app-prise-mesure/div/app-dsfr-onglet-tab/div/div[1]/app-fiche-etranger/div/div[1]/app-dsfr-sidemenu/nav/div/div/ul[9]/li/a' in '1' second(s)

14-02-2025T14:37:48 - [MESSAGE][PASSED] - Object 'Object Repository/ANEF_Eloignement_V_Nawres/Page_Formulaire_Creation_Dossier/Formulaire_Creation_Dossier_Menu/Menu_Sortant_D_Etablissement_Penitentiaire' is present

14-02-2025T14:37:48 - [TEST_STEP][PASSED] - verifyElementPresent(findTestObject("Object Repository/ANEF_Eloignement_V_Nawres/Page_Formulaire_Creation_Dossier/Formulaire_Creation_Dossier_Menu/Menu_Consultations_Securitaires"), 1, STOP_ON_FAILURE): Object 'Object Repository/ANEF_Eloignement_V_Nawres/Page_Formulaire_Creation_Dossier/Formulaire_Creation_Dossier_Menu/Menu_Consultations_Securitaires' is present

14-02-2025T14:37:48 - [MESSAGE][INFO] - Finding Test Object 'Object Repository/ANEF_Eloignement_V_Nawres/Page_Formulaire_Creation_Dossier/Formulaire_Creation_Dossier_Menu/Menu_Consultations_Securitaires'

14-02-2025T14:37:48 - [MESSAGE][INFO] - Checking object

14-02-2025T14:37:48 - [MESSAGE][INFO] - Finding web element from Test Object's properties

14-02-2025T14:37:48 - [MESSAGE][INFO] - Checking timeout

14-02-2025T14:37:48 - [MESSAGE][INFO] - Finding web element with id: 'Object Repository/ANEF_Eloignement_V_Nawres/Page_Formulaire_Creation_Dossier/Formulaire_Creation_Dossier_Menu/Menu_Consultations_Securitaires' located by 'By.xpath: /html/body/app-root/app-layout-borderless/div[3]/app-prise-mesure/div/app-dsfr-onglet-tab/div/div[1]/app-fiche-etranger/div/div[1]/app-dsfr-sidemenu/nav/div/div/ul[10]/li/a' in '1' second(s)

14-02-2025T14:37:48 - [MESSAGE][INFO] - Found 1 web elements with id: 'Object Repository/ANEF_Eloignement_V_Nawres/Page_Formulaire_Creation_Dossier/Formulaire_Creation_Dossier_Menu/Menu_Consultations_Securitaires' located by 'By.xpath: /html/body/app-root/app-layout-borderless/div[3]/app-prise-mesure/div/app-dsfr-onglet-tab/div/div[1]/app-fiche-etranger/div/div[1]/app-dsfr-sidemenu/nav/div/div/ul[10]/li/a' in '1' second(s)

14-02-2025T14:37:48 - [MESSAGE][PASSED] - Object 'Object Repository/ANEF_Eloignement_V_Nawres/Page_Formulaire_Creation_Dossier/Formulaire_Creation_Dossier_Menu/Menu_Consultations_Securitaires' is present

14-02-2025T14:37:48 - [TEST_STEP][PASSED] - "Remplir les champs obligatoire du formulaire": null

14-02-2025T14:37:48 - [TEST_STEP][PASSED] - RandomNom = tools.MyStringTools.genererChaineAleatoire(5): tools.MyStringTools.genererChaineAleatoire is PASSED

14-02-2025T14:37:48 - [MESSAGE][PASSED] - tools.MyStringTools.genererChaineAleatoire is PASSED

14-02-2025T14:37:48 - [TEST_STEP][PASSED] - println(RandomNom): null

14-02-2025T14:37:48 - [TEST_STEP][PASSED] - setText(findTestObject("Object Repository/ANEF_Eloignement_V_Nawres/Page_Formulaire_Creation_Dossier/Formulaire_Creation_Dossier_Input/input_Nom"), RandomNom, STOP_ON_FAILURE): Text 'jWbEq' is set on object 'Object Repository/ANEF_Eloignement_V_Nawres/Page_Formulaire_Creation_Dossier/Formulaire_Creation_Dossier_Input/input_Nom'

14-02-2025T14:37:48 - [MESSAGE][INFO] - Finding Test Object 'Object Repository/ANEF_Eloignement_V_Nawres/Page_Formulaire_Creation_Dossier/Formulaire_Creation_Dossier_Input/input_Nom'

14-02-2025T14:37:48 - [MESSAGE][INFO] - Checking timeout

14-02-2025T14:37:48 - [MESSAGE][INFO] - Finding web element with id: 'Object Repository/ANEF_Eloignement_V_Nawres/Page_Formulaire_Creation_Dossier/Formulaire_Creation_Dossier_Input/input_Nom' located by 'By.xpath: //input[@id="nom"]' in '20' second(s)

14-02-2025T14:37:48 - [MESSAGE][INFO] - Found 1 web elements with id: 'Object Repository/ANEF_Eloignement_V_Nawres/Page_Formulaire_Creation_Dossier/Formulaire_Creation_Dossier_Input/input_Nom' located by 'By.xpath: //input[@id="nom"]' in '20' second(s)

14-02-2025T14:37:48 - [MESSAGE][INFO] - Checking object

14-02-2025T14:37:48 - [MESSAGE][INFO] - Checking text

14-02-2025T14:37:48 - [MESSAGE][INFO] - Finding web element from Test Object's properties

14-02-2025T14:37:48 - [MESSAGE][INFO] - Checking timeout

14-02-2025T14:37:48 - [MESSAGE][INFO] - Finding web element with id: 'Object Repository/ANEF_Eloignement_V_Nawres/Page_Formulaire_Creation_Dossier/Formulaire_Creation_Dossier_Input/input_Nom' located by 'By.xpath: //input[@id="nom"]' in '100' second(s)

14-02-2025T14:37:48 - [MESSAGE][INFO] - Found 1 web elements with id: 'Object Repository/ANEF_Eloignement_V_Nawres/Page_Formulaire_Creation_Dossier/Formulaire_Creation_Dossier_Input/input_Nom' located by 'By.xpath: //input[@id="nom"]' in '100' second(s)

14-02-2025T14:37:48 - [MESSAGE][INFO] - Clearing text of object 'Object Repository/ANEF_Eloignement_V_Nawres/Page_Formulaire_Creation_Dossier/Formulaire_Creation_Dossier_Input/input_Nom'

14-02-2025T14:37:49 - [MESSAGE][INFO] - Finding web element from Test Object's properties

14-02-2025T14:37:49 - [MESSAGE][INFO] - Checking timeout

14-02-2025T14:37:49 - [MESSAGE][INFO] - Finding web element with id: 'Object Repository/ANEF_Eloignement_V_Nawres/Page_Formulaire_Creation_Dossier/Formulaire_Creation_Dossier_Input/input_Nom' located by 'By.xpath: //input[@id="nom"]' in '100' second(s)

14-02-2025T14:37:49 - [MESSAGE][INFO] - Found 1 web elements with id: 'Object Repository/ANEF_Eloignement_V_Nawres/Page_Formulaire_Creation_Dossier/Formulaire_Creation_Dossier_Input/input_Nom' located by 'By.xpath: //input[@id="nom"]' in '100' second(s)

14-02-2025T14:37:49 - [MESSAGE][INFO] - Setting text of object 'Object Repository/ANEF_Eloignement_V_Nawres/Page_Formulaire_Creation_Dossier/Formulaire_Creation_Dossier_Input/input_Nom' to value 'jWbEq'

14-02-2025T14:37:50 - [MESSAGE][PASSED] - Text 'jWbEq' is set on object 'Object Repository/ANEF_Eloignement_V_Nawres/Page_Formulaire_Creation_Dossier/Formulaire_Creation_Dossier_Input/input_Nom'

14-02-2025T14:37:50 - [TEST_STEP][PASSED] - if (Sexe == "Femme"): Object: 'Object Repository/ANEF_Eloignement_V_Nawres/Page_Formulaire_Creation_Dossier/Formulaire_Creation_Dossier_Input/btn_radio_Sexe_F' is clicked on

14-02-2025T14:37:50 - [TEST_STEP][PASSED] - click(findTestObject("Object Repository/ANEF_Eloignement_V_Nawres/Page_Formulaire_Creation_Dossier/Formulaire_Creation_Dossier_Input/btn_radio_Sexe_F"), STOP_ON_FAILURE): Object: 'Object Repository/ANEF_Eloignement_V_Nawres/Page_Formulaire_Creation_Dossier/Formulaire_Creation_Dossier_Input/btn_radio_Sexe_F' is clicked on

14-02-2025T14:37:50 - [MESSAGE][INFO] - Finding Test Object 'Object Repository/ANEF_Eloignement_V_Nawres/Page_Formulaire_Creation_Dossier/Formulaire_Creation_Dossier_Input/btn_radio_Sexe_F'

14-02-2025T14:37:50 - [MESSAGE][INFO] - Checking timeout

14-02-2025T14:37:50 - [MESSAGE][INFO] - Finding web element with id: 'Object Repository/ANEF_Eloignement_V_Nawres/Page_Formulaire_Creation_Dossier/Formulaire_Creation_Dossier_Input/btn_radio_Sexe_F' located by 'By.xpath: //label[contains(text()," FÃ©minin")]' in '20' second(s)

14-02-2025T14:37:50 - [MESSAGE][INFO] - Found 1 web elements with id: 'Object Repository/ANEF_Eloignement_V_Nawres/Page_Formulaire_Creation_Dossier/Formulaire_Creation_Dossier_Input/btn_radio_Sexe_F' located by 'By.xpath: //label[contains(text()," FÃ©minin")]' in '20' second(s)

14-02-2025T14:37:50 - [MESSAGE][INFO] - Checking object

14-02-2025T14:37:50 - [MESSAGE][INFO] - Checking timeout

14-02-2025T14:37:50 - [MESSAGE][INFO] - Finding web element from Test Object's properties

14-02-2025T14:37:50 - [MESSAGE][INFO] - Checking timeout

14-02-2025T14:37:50 - [MESSAGE][INFO] - Finding web element with id: 'Object Repository/ANEF_Eloignement_V_Nawres/Page_Formulaire_Creation_Dossier/Formulaire_Creation_Dossier_Input/btn_radio_Sexe_F' located by 'By.xpath: //label[contains(text()," FÃ©minin")]' in '100' second(s)

14-02-2025T14:37:50 - [MESSAGE][INFO] - Found 1 web elements with id: 'Object Repository/ANEF_Eloignement_V_Nawres/Page_Formulaire_Creation_Dossier/Formulaire_Creation_Dossier_Input/btn_radio_Sexe_F' located by 'By.xpath: //label[contains(text()," FÃ©minin")]' in '100' second(s)

14-02-2025T14:37:50 - [MESSAGE][INFO] - Clicking on object: 'Object Repository/ANEF_Eloignement_V_Nawres/Page_Formulaire_Creation_Dossier/Formulaire_Creation_Dossier_Input/btn_radio_Sexe_F'

14-02-2025T14:37:51 - [MESSAGE][PASSED] - Object: 'Object Repository/ANEF_Eloignement_V_Nawres/Page_Formulaire_Creation_Dossier/Formulaire_Creation_Dossier_Input/btn_radio_Sexe_F' is clicked on

14-02-2025T14:37:51 - [TEST_STEP][PASSED] - if (Sexe == "Homme"): null

14-02-2025T14:37:51 - [TEST_STEP][PASSED] - click(findTestObject("Object Repository/ANEF_Eloignement_V_Nawres/Page_Formulaire_Creation_Dossier/Formulaire_Creation_Dossier_Input/btn_Radio_Date_Naissance_Approximative"), STOP_ON_FAILURE): Object: 'Object Repository/ANEF_Eloignement_V_Nawres/Page_Formulaire_Creation_Dossier/Formulaire_Creation_Dossier_Input/btn_Radio_Date_Naissance_Approximative' is clicked on

14-02-2025T14:37:51 - [MESSAGE][INFO] - Finding Test Object 'Object Repository/ANEF_Eloignement_V_Nawres/Page_Formulaire_Creation_Dossier/Formulaire_Creation_Dossier_Input/btn_Radio_Date_Naissance_Approximative'

14-02-2025T14:37:51 - [MESSAGE][INFO] - Checking timeout

14-02-2025T14:37:51 - [MESSAGE][INFO] - Finding web element with id: 'Object Repository/ANEF_Eloignement_V_Nawres/Page_Formulaire_Creation_Dossier/Formulaire_Creation_Dossier_Input/btn_Radio_Date_Naissance_Approximative' located by 'By.xpath: //label[contains(text(),' Approximative ')]' in '20' second(s)

14-02-2025T14:37:51 - [MESSAGE][INFO] - Found 1 web elements with id: 'Object Repository/ANEF_Eloignement_V_Nawres/Page_Formulaire_Creation_Dossier/Formulaire_Creation_Dossier_Input/btn_Radio_Date_Naissance_Approximative' located by 'By.xpath: //label[contains(text(),' Approximative ')]' in '20' second(s)

14-02-2025T14:37:51 - [MESSAGE][INFO] - Checking object

14-02-2025T14:37:51 - [MESSAGE][INFO] - Checking timeout

14-02-2025T14:37:51 - [MESSAGE][INFO] - Finding web element from Test Object's properties

14-02-2025T14:37:51 - [MESSAGE][INFO] - Checking timeout

14-02-2025T14:37:51 - [MESSAGE][INFO] - Finding web element with id: 'Object Repository/ANEF_Eloignement_V_Nawres/Page_Formulaire_Creation_Dossier/Formulaire_Creation_Dossier_Input/btn_Radio_Date_Naissance_Approximative' located by 'By.xpath: //label[contains(text(),' Approximative ')]' in '100' second(s)

14-02-2025T14:37:51 - [MESSAGE][INFO] - Found 1 web elements with id: 'Object Repository/ANEF_Eloignement_V_Nawres/Page_Formulaire_Creation_Dossier/Formulaire_Creation_Dossier_Input/btn_Radio_Date_Naissance_Approximative' located by 'By.xpath: //label[contains(text(),' Approximative ')]' in '100' second(s)

14-02-2025T14:37:51 - [MESSAGE][INFO] - Clicking on object: 'Object Repository/ANEF_Eloignement_V_Nawres/Page_Formulaire_Creation_Dossier/Formulaire_Creation_Dossier_Input/btn_Radio_Date_Naissance_Approximative'

14-02-2025T14:37:52 - [MESSAGE][PASSED] - Object: 'Object Repository/ANEF_Eloignement_V_Nawres/Page_Formulaire_Creation_Dossier/Formulaire_Creation_Dossier_Input/btn_Radio_Date_Naissance_Approximative' is clicked on

14-02-2025T14:37:52 - [TEST_STEP][PASSED] - setText(findTestObject("Object Repository/ANEF_Eloignement_V_Nawres/Page_Formulaire_Creation_Dossier/Formulaire_Creation_Dossier_Input/input_Date_De_Naissance_Annee"), AnneeNaissance, STOP_ON_FAILURE): Text '1994' is set on object 'Object Repository/ANEF_Eloignement_V_Nawres/Page_Formulaire_Creation_Dossier/Formulaire_Creation_Dossier_Input/input_Date_De_Naissance_Annee'

14-02-2025T14:37:52 - [MESSAGE][INFO] - Finding Test Object 'Object Repository/ANEF_Eloignement_V_Nawres/Page_Formulaire_Creation_Dossier/Formulaire_Creation_Dossier_Input/input_Date_De_Naissance_Annee'

14-02-2025T14:37:52 - [MESSAGE][INFO] - Checking timeout

14-02-2025T14:37:52 - [MESSAGE][INFO] - Finding web element with id: 'Object Repository/ANEF_Eloignement_V_Nawres/Page_Formulaire_Creation_Dossier/Formulaire_Creation_Dossier_Input/input_Date_De_Naissance_Annee' located by 'By.xpath: //input[@id="annee"]' in '20' second(s)

14-02-2025T14:37:52 - [MESSAGE][INFO] - Found 1 web elements with id: 'Object Repository/ANEF_Eloignement_V_Nawres/Page_Formulaire_Creation_Dossier/Formulaire_Creation_Dossier_Input/input_Date_De_Naissance_Annee' located by 'By.xpath: //input[@id="annee"]' in '20' second(s)

14-02-2025T14:37:52 - [MESSAGE][INFO] - Checking object

14-02-2025T14:37:52 - [MESSAGE][INFO] - Checking text

14-02-2025T14:37:52 - [MESSAGE][INFO] - Finding web element from Test Object's properties

14-02-2025T14:37:52 - [MESSAGE][INFO] - Checking timeout

14-02-2025T14:37:52 - [MESSAGE][INFO] - Finding web element with id: 'Object Repository/ANEF_Eloignement_V_Nawres/Page_Formulaire_Creation_Dossier/Formulaire_Creation_Dossier_Input/input_Date_De_Naissance_Annee' located by 'By.xpath: //input[@id="annee"]' in '100' second(s)

14-02-2025T14:37:52 - [MESSAGE][INFO] - Found 1 web elements with id: 'Object Repository/ANEF_Eloignement_V_Nawres/Page_Formulaire_Creation_Dossier/Formulaire_Creation_Dossier_Input/input_Date_De_Naissance_Annee' located by 'By.xpath: //input[@id="annee"]' in '100' second(s)

14-02-2025T14:37:52 - [MESSAGE][INFO] - Clearing text of object 'Object Repository/ANEF_Eloignement_V_Nawres/Page_Formulaire_Creation_Dossier/Formulaire_Creation_Dossier_Input/input_Date_De_Naissance_Annee'

14-02-2025T14:37:54 - [MESSAGE][INFO] - Finding web element from Test Object's properties

14-02-2025T14:37:54 - [MESSAGE][INFO] - Checking timeout

14-02-2025T14:37:54 - [MESSAGE][INFO] - Finding web element with id: 'Object Repository/ANEF_Eloignement_V_Nawres/Page_Formulaire_Creation_Dossier/Formulaire_Creation_Dossier_Input/input_Date_De_Naissance_Annee' located by 'By.xpath: //input[@id="annee"]' in '100' second(s)

14-02-2025T14:37:54 - [MESSAGE][INFO] - Found 1 web elements with id: 'Object Repository/ANEF_Eloignement_V_Nawres/Page_Formulaire_Creation_Dossier/Formulaire_Creation_Dossier_Input/input_Date_De_Naissance_Annee' located by 'By.xpath: //input[@id="annee"]' in '100' second(s)

14-02-2025T14:37:54 - [MESSAGE][INFO] - Setting text of object 'Object Repository/ANEF_Eloignement_V_Nawres/Page_Formulaire_Creation_Dossier/Formulaire_Creation_Dossier_Input/input_Date_De_Naissance_Annee' to value '1994'

14-02-2025T14:37:55 - [MESSAGE][PASSED] - Text '1994' is set on object 'Object Repository/ANEF_Eloignement_V_Nawres/Page_Formulaire_Creation_Dossier/Formulaire_Creation_Dossier_Input/input_Date_De_Naissance_Annee'

14-02-2025T14:37:55 - [TEST_STEP][PASSED] - if (Nationnalite == "RPT"): All options with label 'ALGERIE' are selected in object 'Object Repository/ANEF_Eloignement_V_Nawres/Page_Formulaire_Creation_Dossier/Formulaire_Creation_Dossier_Input/select_Pays_De_Naissance' 

14-02-2025T14:37:55 - [TEST_STEP][PASSED] - selectOptionByLabel(findTestObject("Object Repository/ANEF_Eloignement_V_Nawres/Page_Formulaire_Creation_Dossier/Formulaire_Creation_Dossier_Input/select_Pays_De_Naissance"), "ALGERIE", false, STOP_ON_FAILURE): All options with label 'ALGERIE' are selected in object 'Object Repository/ANEF_Eloignement_V_Nawres/Page_Formulaire_Creation_Dossier/Formulaire_Creation_Dossier_Input/select_Pays_De_Naissance' 

14-02-2025T14:37:55 - [MESSAGE][INFO] - Finding Test Object 'Object Repository/ANEF_Eloignement_V_Nawres/Page_Formulaire_Creation_Dossier/Formulaire_Creation_Dossier_Input/select_Pays_De_Naissance'

14-02-2025T14:37:55 - [MESSAGE][INFO] - Checking timeout

14-02-2025T14:37:55 - [MESSAGE][INFO] - Finding web element with id: 'Object Repository/ANEF_Eloignement_V_Nawres/Page_Formulaire_Creation_Dossier/Formulaire_Creation_Dossier_Input/select_Pays_De_Naissance' located by 'By.xpath: //select[@id="pays_naissance"]' in '20' second(s)

14-02-2025T14:37:55 - [MESSAGE][INFO] - Found 1 web elements with id: 'Object Repository/ANEF_Eloignement_V_Nawres/Page_Formulaire_Creation_Dossier/Formulaire_Creation_Dossier_Input/select_Pays_De_Naissance' located by 'By.xpath: //select[@id="pays_naissance"]' in '20' second(s)

14-02-2025T14:37:55 - [MESSAGE][INFO] - Checking object

14-02-2025T14:37:55 - [MESSAGE][INFO] - Checking label parameter

14-02-2025T14:37:55 - [MESSAGE][INFO] - Finding web element from Test Object's properties

14-02-2025T14:37:55 - [MESSAGE][INFO] - Checking timeout

14-02-2025T14:37:55 - [MESSAGE][INFO] - Finding web element with id: 'Object Repository/ANEF_Eloignement_V_Nawres/Page_Formulaire_Creation_Dossier/Formulaire_Creation_Dossier_Input/select_Pays_De_Naissance' located by 'By.xpath: //select[@id="pays_naissance"]' in '100' second(s)

14-02-2025T14:37:55 - [MESSAGE][INFO] - Found 1 web elements with id: 'Object Repository/ANEF_Eloignement_V_Nawres/Page_Formulaire_Creation_Dossier/Formulaire_Creation_Dossier_Input/select_Pays_De_Naissance' located by 'By.xpath: //select[@id="pays_naissance"]' in '100' second(s)

14-02-2025T14:37:55 - [MESSAGE][INFO] - Selecting options on object 'Object Repository/ANEF_Eloignement_V_Nawres/Page_Formulaire_Creation_Dossier/Formulaire_Creation_Dossier_Input/select_Pays_De_Naissance' with label 'ALGERIE' 

14-02-2025T14:37:56 - [MESSAGE][PASSED] - All options with label 'ALGERIE' are selected in object 'Object Repository/ANEF_Eloignement_V_Nawres/Page_Formulaire_Creation_Dossier/Formulaire_Creation_Dossier_Input/select_Pays_De_Naissance' 

14-02-2025T14:37:56 - [TEST_STEP][PASSED] - if (Nationnalite == "RUE"): null

14-02-2025T14:37:56 - [TEST_STEP][PASSED] - if (Nationnalite == "RPT"): All options with label 'algÃ©rienne' are selected in object 'Object Repository/ANEF_Eloignement_V_Nawres/Page_Formulaire_Creation_Dossier/Formulaire_Creation_Dossier_Input/select_Nationnalite' 

14-02-2025T14:37:56 - [TEST_STEP][PASSED] - selectOptionByLabel(findTestObject("Object Repository/ANEF_Eloignement_V_Nawres/Page_Formulaire_Creation_Dossier/Formulaire_Creation_Dossier_Input/select_Nationnalite"), "algÃ©rienne", false, STOP_ON_FAILURE): All options with label 'algÃ©rienne' are selected in object 'Object Repository/ANEF_Eloignement_V_Nawres/Page_Formulaire_Creation_Dossier/Formulaire_Creation_Dossier_Input/select_Nationnalite' 

14-02-2025T14:37:56 - [MESSAGE][INFO] - Finding Test Object 'Object Repository/ANEF_Eloignement_V_Nawres/Page_Formulaire_Creation_Dossier/Formulaire_Creation_Dossier_Input/select_Nationnalite'

14-02-2025T14:37:56 - [MESSAGE][INFO] - Checking timeout

14-02-2025T14:37:56 - [MESSAGE][INFO] - Finding web element with id: 'Object Repository/ANEF_Eloignement_V_Nawres/Page_Formulaire_Creation_Dossier/Formulaire_Creation_Dossier_Input/select_Nationnalite' located by 'By.xpath: //select[@id="nationalite"]' in '20' second(s)

14-02-2025T14:37:56 - [MESSAGE][INFO] - Found 1 web elements with id: 'Object Repository/ANEF_Eloignement_V_Nawres/Page_Formulaire_Creation_Dossier/Formulaire_Creation_Dossier_Input/select_Nationnalite' located by 'By.xpath: //select[@id="nationalite"]' in '20' second(s)

14-02-2025T14:37:56 - [MESSAGE][INFO] - Checking object

14-02-2025T14:37:56 - [MESSAGE][INFO] - Checking label parameter

14-02-2025T14:37:56 - [MESSAGE][INFO] - Finding web element from Test Object's properties

14-02-2025T14:37:56 - [MESSAGE][INFO] - Checking timeout

14-02-2025T14:37:56 - [MESSAGE][INFO] - Finding web element with id: 'Object Repository/ANEF_Eloignement_V_Nawres/Page_Formulaire_Creation_Dossier/Formulaire_Creation_Dossier_Input/select_Nationnalite' located by 'By.xpath: //select[@id="nationalite"]' in '100' second(s)

14-02-2025T14:37:56 - [MESSAGE][INFO] - Found 1 web elements with id: 'Object Repository/ANEF_Eloignement_V_Nawres/Page_Formulaire_Creation_Dossier/Formulaire_Creation_Dossier_Input/select_Nationnalite' located by 'By.xpath: //select[@id="nationalite"]' in '100' second(s)

14-02-2025T14:37:56 - [MESSAGE][INFO] - Selecting options on object 'Object Repository/ANEF_Eloignement_V_Nawres/Page_Formulaire_Creation_Dossier/Formulaire_Creation_Dossier_Input/select_Nationnalite' with label 'algÃ©rienne' 

14-02-2025T14:37:57 - [MESSAGE][PASSED] - All options with label 'algÃ©rienne' are selected in object 'Object Repository/ANEF_Eloignement_V_Nawres/Page_Formulaire_Creation_Dossier/Formulaire_Creation_Dossier_Input/select_Nationnalite' 

14-02-2025T14:37:57 - [TEST_STEP][PASSED] - if (Nationnalite == "RUE"): null

14-02-2025T14:37:57 - [TEST_STEP][PASSED] - if (Nationnalite == "RPT"): Text 'Wahran' is set on object 'Object Repository/ANEF_Eloignement_V_Nawres/Page_Formulaire_Creation_Dossier/Formulaire_Creation_Dossier_Input/input_Lieu_De_Naissance'

14-02-2025T14:37:57 - [TEST_STEP][PASSED] - setText(findTestObject("Object Repository/ANEF_Eloignement_V_Nawres/Page_Formulaire_Creation_Dossier/Formulaire_Creation_Dossier_Input/input_Lieu_De_Naissance"), "Wahran", STOP_ON_FAILURE): Text 'Wahran' is set on object 'Object Repository/ANEF_Eloignement_V_Nawres/Page_Formulaire_Creation_Dossier/Formulaire_Creation_Dossier_Input/input_Lieu_De_Naissance'

14-02-2025T14:37:57 - [MESSAGE][INFO] - Finding Test Object 'Object Repository/ANEF_Eloignement_V_Nawres/Page_Formulaire_Creation_Dossier/Formulaire_Creation_Dossier_Input/input_Lieu_De_Naissance'

14-02-2025T14:37:57 - [MESSAGE][INFO] - Checking timeout

14-02-2025T14:37:57 - [MESSAGE][INFO] - Finding web element with id: 'Object Repository/ANEF_Eloignement_V_Nawres/Page_Formulaire_Creation_Dossier/Formulaire_Creation_Dossier_Input/input_Lieu_De_Naissance' located by 'By.xpath: //input[@id="ville_naissance"]' in '20' second(s)

14-02-2025T14:37:57 - [MESSAGE][INFO] - Found 1 web elements with id: 'Object Repository/ANEF_Eloignement_V_Nawres/Page_Formulaire_Creation_Dossier/Formulaire_Creation_Dossier_Input/input_Lieu_De_Naissance' located by 'By.xpath: //input[@id="ville_naissance"]' in '20' second(s)

14-02-2025T14:37:57 - [MESSAGE][INFO] - Checking object

14-02-2025T14:37:57 - [MESSAGE][INFO] - Checking text

14-02-2025T14:37:57 - [MESSAGE][INFO] - Finding web element from Test Object's properties

14-02-2025T14:37:57 - [MESSAGE][INFO] - Checking timeout

14-02-2025T14:37:57 - [MESSAGE][INFO] - Finding web element with id: 'Object Repository/ANEF_Eloignement_V_Nawres/Page_Formulaire_Creation_Dossier/Formulaire_Creation_Dossier_Input/input_Lieu_De_Naissance' located by 'By.xpath: //input[@id="ville_naissance"]' in '100' second(s)

14-02-2025T14:37:57 - [MESSAGE][INFO] - Found 1 web elements with id: 'Object Repository/ANEF_Eloignement_V_Nawres/Page_Formulaire_Creation_Dossier/Formulaire_Creation_Dossier_Input/input_Lieu_De_Naissance' located by 'By.xpath: //input[@id="ville_naissance"]' in '100' second(s)

14-02-2025T14:37:57 - [MESSAGE][INFO] - Clearing text of object 'Object Repository/ANEF_Eloignement_V_Nawres/Page_Formulaire_Creation_Dossier/Formulaire_Creation_Dossier_Input/input_Lieu_De_Naissance'

14-02-2025T14:37:58 - [MESSAGE][INFO] - Finding web element from Test Object's properties

14-02-2025T14:37:58 - [MESSAGE][INFO] - Checking timeout

14-02-2025T14:37:58 - [MESSAGE][INFO] - Finding web element with id: 'Object Repository/ANEF_Eloignement_V_Nawres/Page_Formulaire_Creation_Dossier/Formulaire_Creation_Dossier_Input/input_Lieu_De_Naissance' located by 'By.xpath: //input[@id="ville_naissance"]' in '100' second(s)

14-02-2025T14:37:58 - [MESSAGE][INFO] - Found 1 web elements with id: 'Object Repository/ANEF_Eloignement_V_Nawres/Page_Formulaire_Creation_Dossier/Formulaire_Creation_Dossier_Input/input_Lieu_De_Naissance' located by 'By.xpath: //input[@id="ville_naissance"]' in '100' second(s)

14-02-2025T14:37:58 - [MESSAGE][INFO] - Setting text of object 'Object Repository/ANEF_Eloignement_V_Nawres/Page_Formulaire_Creation_Dossier/Formulaire_Creation_Dossier_Input/input_Lieu_De_Naissance' to value 'Wahran'

14-02-2025T14:37:59 - [MESSAGE][PASSED] - Text 'Wahran' is set on object 'Object Repository/ANEF_Eloignement_V_Nawres/Page_Formulaire_Creation_Dossier/Formulaire_Creation_Dossier_Input/input_Lieu_De_Naissance'

14-02-2025T14:37:59 - [TEST_STEP][PASSED] - if (Nationnalite == "RUE"): null

14-02-2025T14:37:59 - [TEST_STEP][PASSED] - selectOptionByLabel(findTestObject("Object Repository/ANEF_Eloignement_V_Nawres/Page_Formulaire_Creation_Dossier/Formulaire_Creation_Dossier_Input/select_Situation_Familiale"), "CÃ©libataire", false, STOP_ON_FAILURE): All options with label 'CÃ©libataire' are selected in object 'Object Repository/ANEF_Eloignement_V_Nawres/Page_Formulaire_Creation_Dossier/Formulaire_Creation_Dossier_Input/select_Situation_Familiale' 

14-02-2025T14:37:59 - [MESSAGE][INFO] - Finding Test Object 'Object Repository/ANEF_Eloignement_V_Nawres/Page_Formulaire_Creation_Dossier/Formulaire_Creation_Dossier_Input/select_Situation_Familiale'

14-02-2025T14:37:59 - [MESSAGE][INFO] - Checking timeout

14-02-2025T14:37:59 - [MESSAGE][INFO] - Finding web element with id: 'Object Repository/ANEF_Eloignement_V_Nawres/Page_Formulaire_Creation_Dossier/Formulaire_Creation_Dossier_Input/select_Situation_Familiale' located by 'By.xpath: //select[@id="situation_familiale"]' in '20' second(s)

14-02-2025T14:37:59 - [MESSAGE][INFO] - Found 1 web elements with id: 'Object Repository/ANEF_Eloignement_V_Nawres/Page_Formulaire_Creation_Dossier/Formulaire_Creation_Dossier_Input/select_Situation_Familiale' located by 'By.xpath: //select[@id="situation_familiale"]' in '20' second(s)

14-02-2025T14:37:59 - [MESSAGE][INFO] - Checking object

14-02-2025T14:37:59 - [MESSAGE][INFO] - Checking label parameter

14-02-2025T14:37:59 - [MESSAGE][INFO] - Finding web element from Test Object's properties

14-02-2025T14:37:59 - [MESSAGE][INFO] - Checking timeout

14-02-2025T14:37:59 - [MESSAGE][INFO] - Finding web element with id: 'Object Repository/ANEF_Eloignement_V_Nawres/Page_Formulaire_Creation_Dossier/Formulaire_Creation_Dossier_Input/select_Situation_Familiale' located by 'By.xpath: //select[@id="situation_familiale"]' in '100' second(s)

14-02-2025T14:37:59 - [MESSAGE][INFO] - Found 1 web elements with id: 'Object Repository/ANEF_Eloignement_V_Nawres/Page_Formulaire_Creation_Dossier/Formulaire_Creation_Dossier_Input/select_Situation_Familiale' located by 'By.xpath: //select[@id="situation_familiale"]' in '100' second(s)

14-02-2025T14:37:59 - [MESSAGE][INFO] - Selecting options on object 'Object Repository/ANEF_Eloignement_V_Nawres/Page_Formulaire_Creation_Dossier/Formulaire_Creation_Dossier_Input/select_Situation_Familiale' with label 'CÃ©libataire' 

14-02-2025T14:38:01 - [MESSAGE][PASSED] - All options with label 'CÃ©libataire' are selected in object 'Object Repository/ANEF_Eloignement_V_Nawres/Page_Formulaire_Creation_Dossier/Formulaire_Creation_Dossier_Input/select_Situation_Familiale' 

14-02-2025T14:38:01 - [TEST_STEP][PASSED] - setText(findTestObject("Object Repository/ANEF_Eloignement_V_Nawres/Page_Formulaire_Creation_Dossier/Formulaire_Creation_Dossier_Input/input_Date_Entree_En_France"), "22/03/2020"): Text '22/03/2020' is set on object 'Object Repository/ANEF_Eloignement_V_Nawres/Page_Formulaire_Creation_Dossier/Formulaire_Creation_Dossier_Input/input_Date_Entree_En_France'

14-02-2025T14:38:01 - [MESSAGE][INFO] - Finding Test Object 'Object Repository/ANEF_Eloignement_V_Nawres/Page_Formulaire_Creation_Dossier/Formulaire_Creation_Dossier_Input/input_Date_Entree_En_France'

14-02-2025T14:38:01 - [MESSAGE][INFO] - Checking timeout

14-02-2025T14:38:01 - [MESSAGE][INFO] - Finding web element with id: 'Object Repository/ANEF_Eloignement_V_Nawres/Page_Formulaire_Creation_Dossier/Formulaire_Creation_Dossier_Input/input_Date_Entree_En_France' located by 'By.xpath: //input[@id="date_entree_en_france"]' in '20' second(s)

14-02-2025T14:38:01 - [MESSAGE][INFO] - Found 1 web elements with id: 'Object Repository/ANEF_Eloignement_V_Nawres/Page_Formulaire_Creation_Dossier/Formulaire_Creation_Dossier_Input/input_Date_Entree_En_France' located by 'By.xpath: //input[@id="date_entree_en_france"]' in '20' second(s)

14-02-2025T14:38:01 - [MESSAGE][INFO] - Checking object

14-02-2025T14:38:01 - [MESSAGE][INFO] - Checking text

14-02-2025T14:38:01 - [MESSAGE][INFO] - Finding web element from Test Object's properties

14-02-2025T14:38:01 - [MESSAGE][INFO] - Checking timeout

14-02-2025T14:38:01 - [MESSAGE][INFO] - Finding web element with id: 'Object Repository/ANEF_Eloignement_V_Nawres/Page_Formulaire_Creation_Dossier/Formulaire_Creation_Dossier_Input/input_Date_Entree_En_France' located by 'By.xpath: //input[@id="date_entree_en_france"]' in '100' second(s)

14-02-2025T14:38:01 - [MESSAGE][INFO] - Found 1 web elements with id: 'Object Repository/ANEF_Eloignement_V_Nawres/Page_Formulaire_Creation_Dossier/Formulaire_Creation_Dossier_Input/input_Date_Entree_En_France' located by 'By.xpath: //input[@id="date_entree_en_france"]' in '100' second(s)

14-02-2025T14:38:01 - [MESSAGE][INFO] - Clearing text of object 'Object Repository/ANEF_Eloignement_V_Nawres/Page_Formulaire_Creation_Dossier/Formulaire_Creation_Dossier_Input/input_Date_Entree_En_France'

14-02-2025T14:38:02 - [MESSAGE][INFO] - Finding web element from Test Object's properties

14-02-2025T14:38:02 - [MESSAGE][INFO] - Checking timeout

14-02-2025T14:38:02 - [MESSAGE][INFO] - Finding web element with id: 'Object Repository/ANEF_Eloignement_V_Nawres/Page_Formulaire_Creation_Dossier/Formulaire_Creation_Dossier_Input/input_Date_Entree_En_France' located by 'By.xpath: //input[@id="date_entree_en_france"]' in '100' second(s)

14-02-2025T14:38:02 - [MESSAGE][INFO] - Found 1 web elements with id: 'Object Repository/ANEF_Eloignement_V_Nawres/Page_Formulaire_Creation_Dossier/Formulaire_Creation_Dossier_Input/input_Date_Entree_En_France' located by 'By.xpath: //input[@id="date_entree_en_france"]' in '100' second(s)

14-02-2025T14:38:02 - [MESSAGE][INFO] - Setting text of object 'Object Repository/ANEF_Eloignement_V_Nawres/Page_Formulaire_Creation_Dossier/Formulaire_Creation_Dossier_Input/input_Date_Entree_En_France' to value '22/03/2020'

14-02-2025T14:38:03 - [MESSAGE][PASSED] - Text '22/03/2020' is set on object 'Object Repository/ANEF_Eloignement_V_Nawres/Page_Formulaire_Creation_Dossier/Formulaire_Creation_Dossier_Input/input_Date_Entree_En_France'

14-02-2025T14:38:03 - [TEST_STEP][PASSED] - selectOptionByLabel(findTestObject("Object Repository/ANEF_Eloignement_V_Nawres/Page_Formulaire_Creation_Dossier/Formulaire_Creation_Dossier_Input/select_Condition_Entree_En_France"), "IrrÃ©guliÃ¨re", false, STOP_ON_FAILURE): All options with label 'IrrÃ©guliÃ¨re' are selected in object 'Object Repository/ANEF_Eloignement_V_Nawres/Page_Formulaire_Creation_Dossier/Formulaire_Creation_Dossier_Input/select_Condition_Entree_En_France' 

14-02-2025T14:38:03 - [MESSAGE][INFO] - Finding Test Object 'Object Repository/ANEF_Eloignement_V_Nawres/Page_Formulaire_Creation_Dossier/Formulaire_Creation_Dossier_Input/select_Condition_Entree_En_France'

14-02-2025T14:38:03 - [MESSAGE][INFO] - Checking timeout

14-02-2025T14:38:03 - [MESSAGE][INFO] - Finding web element with id: 'Object Repository/ANEF_Eloignement_V_Nawres/Page_Formulaire_Creation_Dossier/Formulaire_Creation_Dossier_Input/select_Condition_Entree_En_France' located by 'By.xpath: //select[@id="condition_entree_france"]' in '20' second(s)

14-02-2025T14:38:03 - [MESSAGE][INFO] - Found 1 web elements with id: 'Object Repository/ANEF_Eloignement_V_Nawres/Page_Formulaire_Creation_Dossier/Formulaire_Creation_Dossier_Input/select_Condition_Entree_En_France' located by 'By.xpath: //select[@id="condition_entree_france"]' in '20' second(s)

14-02-2025T14:38:03 - [MESSAGE][INFO] - Checking object

14-02-2025T14:38:03 - [MESSAGE][INFO] - Checking label parameter

14-02-2025T14:38:03 - [MESSAGE][INFO] - Finding web element from Test Object's properties

14-02-2025T14:38:03 - [MESSAGE][INFO] - Checking timeout

14-02-2025T14:38:03 - [MESSAGE][INFO] - Finding web element with id: 'Object Repository/ANEF_Eloignement_V_Nawres/Page_Formulaire_Creation_Dossier/Formulaire_Creation_Dossier_Input/select_Condition_Entree_En_France' located by 'By.xpath: //select[@id="condition_entree_france"]' in '100' second(s)

14-02-2025T14:38:03 - [MESSAGE][INFO] - Found 1 web elements with id: 'Object Repository/ANEF_Eloignement_V_Nawres/Page_Formulaire_Creation_Dossier/Formulaire_Creation_Dossier_Input/select_Condition_Entree_En_France' located by 'By.xpath: //select[@id="condition_entree_france"]' in '100' second(s)

14-02-2025T14:38:03 - [MESSAGE][INFO] - Selecting options on object 'Object Repository/ANEF_Eloignement_V_Nawres/Page_Formulaire_Creation_Dossier/Formulaire_Creation_Dossier_Input/select_Condition_Entree_En_France' with label 'IrrÃ©guliÃ¨re' 

14-02-2025T14:38:04 - [MESSAGE][PASSED] - All options with label 'IrrÃ©guliÃ¨re' are selected in object 'Object Repository/ANEF_Eloignement_V_Nawres/Page_Formulaire_Creation_Dossier/Formulaire_Creation_Dossier_Input/select_Condition_Entree_En_France' 

14-02-2025T14:38:04 - [TEST_STEP][PASSED] - if (ControleChampsCreation == "true"): null

14-02-2025T14:38:04 - [TEST_STEP][PASSED] - click(findTestObject("Object Repository/ANEF_Eloignement_V_Nawres/Page_Formulaire_Creation_Dossier/Formulaire_Creation_Dossier_Input/btn_Enregistrer"), STOP_ON_FAILURE): Object: 'Object Repository/ANEF_Eloignement_V_Nawres/Page_Formulaire_Creation_Dossier/Formulaire_Creation_Dossier_Input/btn_Enregistrer' is clicked on

14-02-2025T14:38:04 - [MESSAGE][INFO] - Finding Test Object 'Object Repository/ANEF_Eloignement_V_Nawres/Page_Formulaire_Creation_Dossier/Formulaire_Creation_Dossier_Input/btn_Enregistrer'

14-02-2025T14:38:04 - [MESSAGE][INFO] - Checking timeout

14-02-2025T14:38:04 - [MESSAGE][INFO] - Finding web element with id: 'Object Repository/ANEF_Eloignement_V_Nawres/Page_Formulaire_Creation_Dossier/Formulaire_Creation_Dossier_Input/btn_Enregistrer' located by 'By.xpath: /html/body/app-root/app-layout-borderless/div[3]/app-prise-mesure/app-nav-prise-mesure//div/button[@title="Enregistrer"]' in '20' second(s)

14-02-2025T14:38:04 - [MESSAGE][INFO] - Found 1 web elements with id: 'Object Repository/ANEF_Eloignement_V_Nawres/Page_Formulaire_Creation_Dossier/Formulaire_Creation_Dossier_Input/btn_Enregistrer' located by 'By.xpath: /html/body/app-root/app-layout-borderless/div[3]/app-prise-mesure/app-nav-prise-mesure//div/button[@title="Enregistrer"]' in '20' second(s)

14-02-2025T14:38:04 - [MESSAGE][INFO] - Checking object

14-02-2025T14:38:04 - [MESSAGE][INFO] - Checking timeout

14-02-2025T14:38:04 - [MESSAGE][INFO] - Finding web element from Test Object's properties

14-02-2025T14:38:04 - [MESSAGE][INFO] - Checking timeout

14-02-2025T14:38:04 - [MESSAGE][INFO] - Finding web element with id: 'Object Repository/ANEF_Eloignement_V_Nawres/Page_Formulaire_Creation_Dossier/Formulaire_Creation_Dossier_Input/btn_Enregistrer' located by 'By.xpath: /html/body/app-root/app-layout-borderless/div[3]/app-prise-mesure/app-nav-prise-mesure//div/button[@title="Enregistrer"]' in '100' second(s)

14-02-2025T14:38:04 - [MESSAGE][INFO] - Found 1 web elements with id: 'Object Repository/ANEF_Eloignement_V_Nawres/Page_Formulaire_Creation_Dossier/Formulaire_Creation_Dossier_Input/btn_Enregistrer' located by 'By.xpath: /html/body/app-root/app-layout-borderless/div[3]/app-prise-mesure/app-nav-prise-mesure//div/button[@title="Enregistrer"]' in '100' second(s)

14-02-2025T14:38:04 - [MESSAGE][INFO] - Clicking on object: 'Object Repository/ANEF_Eloignement_V_Nawres/Page_Formulaire_Creation_Dossier/Formulaire_Creation_Dossier_Input/btn_Enregistrer'

14-02-2025T14:38:05 - [MESSAGE][PASSED] - Object: 'Object Repository/ANEF_Eloignement_V_Nawres/Page_Formulaire_Creation_Dossier/Formulaire_Creation_Dossier_Input/btn_Enregistrer' is clicked on

14-02-2025T14:38:05 - [TEST_STEP][PASSED] - verifyElementPresent(findTestObject("Object Repository/ANEF_Eloignement_V_Nawres/Page_Formulaire_Creation_Dossier/Formulaire_Creation_Dossier_Input/btn_Valider_Attribuer_Numero_Etranger"), 4, STOP_ON_FAILURE): Object 'Object Repository/ANEF_Eloignement_V_Nawres/Page_Formulaire_Creation_Dossier/Formulaire_Creation_Dossier_Input/btn_Valider_Attribuer_Numero_Etranger' is present

14-02-2025T14:38:05 - [MESSAGE][INFO] - Finding Test Object 'Object Repository/ANEF_Eloignement_V_Nawres/Page_Formulaire_Creation_Dossier/Formulaire_Creation_Dossier_Input/btn_Valider_Attribuer_Numero_Etranger'

14-02-2025T14:38:05 - [MESSAGE][INFO] - Checking object

14-02-2025T14:38:05 - [MESSAGE][INFO] - Finding web element from Test Object's properties

14-02-2025T14:38:05 - [MESSAGE][INFO] - Checking timeout

14-02-2025T14:38:05 - [MESSAGE][INFO] - Finding web element with id: 'Object Repository/ANEF_Eloignement_V_Nawres/Page_Formulaire_Creation_Dossier/Formulaire_Creation_Dossier_Input/btn_Valider_Attribuer_Numero_Etranger' located by 'By.xpath: //button[@title="Valider et attribuer un numÃ©ro Ã©tranger"]' in '4' second(s)

14-02-2025T14:38:06 - [MESSAGE][INFO] - Found 1 web elements with id: 'Object Repository/ANEF_Eloignement_V_Nawres/Page_Formulaire_Creation_Dossier/Formulaire_Creation_Dossier_Input/btn_Valider_Attribuer_Numero_Etranger' located by 'By.xpath: //button[@title="Valider et attribuer un numÃ©ro Ã©tranger"]' in '4' second(s)

14-02-2025T14:38:06 - [MESSAGE][PASSED] - Object 'Object Repository/ANEF_Eloignement_V_Nawres/Page_Formulaire_Creation_Dossier/Formulaire_Creation_Dossier_Input/btn_Valider_Attribuer_Numero_Etranger' is present

14-02-2025T14:38:06 - [TEST_STEP][PASSED] - click(findTestObject("Object Repository/ANEF_Eloignement_V_Nawres/Page_Formulaire_Creation_Dossier/Formulaire_Creation_Dossier_Input/btn_Valider_Attribuer_Numero_Etranger"), STOP_ON_FAILURE): Object: 'Object Repository/ANEF_Eloignement_V_Nawres/Page_Formulaire_Creation_Dossier/Formulaire_Creation_Dossier_Input/btn_Valider_Attribuer_Numero_Etranger' is clicked on

14-02-2025T14:38:06 - [MESSAGE][INFO] - Finding Test Object 'Object Repository/ANEF_Eloignement_V_Nawres/Page_Formulaire_Creation_Dossier/Formulaire_Creation_Dossier_Input/btn_Valider_Attribuer_Numero_Etranger'

14-02-2025T14:38:06 - [MESSAGE][INFO] - Checking timeout

14-02-2025T14:38:06 - [MESSAGE][INFO] - Finding web element with id: 'Object Repository/ANEF_Eloignement_V_Nawres/Page_Formulaire_Creation_Dossier/Formulaire_Creation_Dossier_Input/btn_Valider_Attribuer_Numero_Etranger' located by 'By.xpath: //button[@title="Valider et attribuer un numÃ©ro Ã©tranger"]' in '20' second(s)

14-02-2025T14:38:06 - [MESSAGE][INFO] - Found 1 web elements with id: 'Object Repository/ANEF_Eloignement_V_Nawres/Page_Formulaire_Creation_Dossier/Formulaire_Creation_Dossier_Input/btn_Valider_Attribuer_Numero_Etranger' located by 'By.xpath: //button[@title="Valider et attribuer un numÃ©ro Ã©tranger"]' in '20' second(s)

14-02-2025T14:38:06 - [MESSAGE][INFO] - Checking object

14-02-2025T14:38:06 - [MESSAGE][INFO] - Checking timeout

14-02-2025T14:38:06 - [MESSAGE][INFO] - Finding web element from Test Object's properties

14-02-2025T14:38:06 - [MESSAGE][INFO] - Checking timeout

14-02-2025T14:38:06 - [MESSAGE][INFO] - Finding web element with id: 'Object Repository/ANEF_Eloignement_V_Nawres/Page_Formulaire_Creation_Dossier/Formulaire_Creation_Dossier_Input/btn_Valider_Attribuer_Numero_Etranger' located by 'By.xpath: //button[@title="Valider et attribuer un numÃ©ro Ã©tranger"]' in '100' second(s)

14-02-2025T14:38:06 - [MESSAGE][INFO] - Found 1 web elements with id: 'Object Repository/ANEF_Eloignement_V_Nawres/Page_Formulaire_Creation_Dossier/Formulaire_Creation_Dossier_Input/btn_Valider_Attribuer_Numero_Etranger' located by 'By.xpath: //button[@title="Valider et attribuer un numÃ©ro Ã©tranger"]' in '100' second(s)

14-02-2025T14:38:06 - [MESSAGE][INFO] - Clicking on object: 'Object Repository/ANEF_Eloignement_V_Nawres/Page_Formulaire_Creation_Dossier/Formulaire_Creation_Dossier_Input/btn_Valider_Attribuer_Numero_Etranger'

14-02-2025T14:38:07 - [MESSAGE][PASSED] - Object: 'Object Repository/ANEF_Eloignement_V_Nawres/Page_Formulaire_Creation_Dossier/Formulaire_Creation_Dossier_Input/btn_Valider_Attribuer_Numero_Etranger' is clicked on

14-02-2025T14:38:07 - [TEST_STEP][PASSED] - switch (OrigineDossier): null

14-02-2025T14:38:07 - [TEST_STEP][PASSED] - case "Asile":: All options with label 'Asile' are selected in object 'Object Repository/ANEF_Eloignement_V_Nawres/Page_Formulaire_Creation_Dossier/Formulaire_Creation_Dossier_Input/select_Origine_Dossier' 

14-02-2025T14:38:07 - [TEST_STEP][PASSED] - selectOptionByLabel(findTestObject("Object Repository/ANEF_Eloignement_V_Nawres/Page_Formulaire_Creation_Dossier/Formulaire_Creation_Dossier_Input/select_Origine_Dossier"), "Asile", false, STOP_ON_FAILURE): All options with label 'Asile' are selected in object 'Object Repository/ANEF_Eloignement_V_Nawres/Page_Formulaire_Creation_Dossier/Formulaire_Creation_Dossier_Input/select_Origine_Dossier' 

14-02-2025T14:38:07 - [MESSAGE][INFO] - Finding Test Object 'Object Repository/ANEF_Eloignement_V_Nawres/Page_Formulaire_Creation_Dossier/Formulaire_Creation_Dossier_Input/select_Origine_Dossier'

14-02-2025T14:38:07 - [MESSAGE][INFO] - Checking timeout

14-02-2025T14:38:07 - [MESSAGE][INFO] - Finding web element with id: 'Object Repository/ANEF_Eloignement_V_Nawres/Page_Formulaire_Creation_Dossier/Formulaire_Creation_Dossier_Input/select_Origine_Dossier' located by 'By.xpath: //select[@id="code_flux"]' in '20' second(s)

14-02-2025T14:38:07 - [MESSAGE][INFO] - Found 1 web elements with id: 'Object Repository/ANEF_Eloignement_V_Nawres/Page_Formulaire_Creation_Dossier/Formulaire_Creation_Dossier_Input/select_Origine_Dossier' located by 'By.xpath: //select[@id="code_flux"]' in '20' second(s)

14-02-2025T14:38:07 - [MESSAGE][INFO] - Checking object

14-02-2025T14:38:07 - [MESSAGE][INFO] - Checking label parameter

14-02-2025T14:38:07 - [MESSAGE][INFO] - Finding web element from Test Object's properties

14-02-2025T14:38:07 - [MESSAGE][INFO] - Checking timeout

14-02-2025T14:38:07 - [MESSAGE][INFO] - Finding web element with id: 'Object Repository/ANEF_Eloignement_V_Nawres/Page_Formulaire_Creation_Dossier/Formulaire_Creation_Dossier_Input/select_Origine_Dossier' located by 'By.xpath: //select[@id="code_flux"]' in '100' second(s)

14-02-2025T14:38:07 - [MESSAGE][INFO] - Found 1 web elements with id: 'Object Repository/ANEF_Eloignement_V_Nawres/Page_Formulaire_Creation_Dossier/Formulaire_Creation_Dossier_Input/select_Origine_Dossier' located by 'By.xpath: //select[@id="code_flux"]' in '100' second(s)

14-02-2025T14:38:07 - [MESSAGE][INFO] - Selecting options on object 'Object Repository/ANEF_Eloignement_V_Nawres/Page_Formulaire_Creation_Dossier/Formulaire_Creation_Dossier_Input/select_Origine_Dossier' with label 'Asile' 

14-02-2025T14:38:08 - [MESSAGE][PASSED] - All options with label 'Asile' are selected in object 'Object Repository/ANEF_Eloignement_V_Nawres/Page_Formulaire_Creation_Dossier/Formulaire_Creation_Dossier_Input/select_Origine_Dossier' 

14-02-2025T14:38:08 - [TEST_STEP][PASSED] - Default: null

14-02-2025T14:38:08 - [TEST_STEP][PASSED] - break: null

14-02-2025T14:38:08 - [TEST_STEP][PASSED] - scrollToElement(findTestObject("Object Repository/ANEF_Eloignement_V_Nawres/Page_Formulaire_Creation_Dossier/Formulaire_Creation_Dossier_Input/btn_Confirmer_Attribuer_Numero_Etranger"), 5): Scroll to object 'Object Repository/ANEF_Eloignement_V_Nawres/Page_Formulaire_Creation_Dossier/Formulaire_Creation_Dossier_Input/btn_Confirmer_Attribuer_Numero_Etranger' successfully

14-02-2025T14:38:08 - [MESSAGE][INFO] - Finding Test Object 'Object Repository/ANEF_Eloignement_V_Nawres/Page_Formulaire_Creation_Dossier/Formulaire_Creation_Dossier_Input/btn_Confirmer_Attribuer_Numero_Etranger'

14-02-2025T14:38:08 - [MESSAGE][INFO] - Checking object

14-02-2025T14:38:08 - [MESSAGE][INFO] - Checking timeout

14-02-2025T14:38:08 - [MESSAGE][INFO] - Finding web element from Test Object's properties

14-02-2025T14:38:08 - [MESSAGE][INFO] - Checking timeout

14-02-2025T14:38:08 - [MESSAGE][INFO] - Finding web element with id: 'Object Repository/ANEF_Eloignement_V_Nawres/Page_Formulaire_Creation_Dossier/Formulaire_Creation_Dossier_Input/btn_Confirmer_Attribuer_Numero_Etranger' located by 'By.xpath:  //button[contains(text(),'Confirmer et attribuer un numÃ©ro Ã©tranger')]' in '100' second(s)

14-02-2025T14:38:08 - [MESSAGE][INFO] - Found 1 web elements with id: 'Object Repository/ANEF_Eloignement_V_Nawres/Page_Formulaire_Creation_Dossier/Formulaire_Creation_Dossier_Input/btn_Confirmer_Attribuer_Numero_Etranger' located by 'By.xpath:  //button[contains(text(),'Confirmer et attribuer un numÃ©ro Ã©tranger')]' in '100' second(s)

14-02-2025T14:38:08 - [MESSAGE][INFO] - Scrolling to object 'Object Repository/ANEF_Eloignement_V_Nawres/Page_Formulaire_Creation_Dossier/Formulaire_Creation_Dossier_Input/btn_Confirmer_Attribuer_Numero_Etranger'

14-02-2025T14:38:08 - [MESSAGE][PASSED] - Scroll to object 'Object Repository/ANEF_Eloignement_V_Nawres/Page_Formulaire_Creation_Dossier/Formulaire_Creation_Dossier_Input/btn_Confirmer_Attribuer_Numero_Etranger' successfully

14-02-2025T14:38:08 - [TEST_STEP][PASSED] - click(findTestObject("Object Repository/ANEF_Eloignement_V_Nawres/Page_Formulaire_Creation_Dossier/Formulaire_Creation_Dossier_Input/btn_Confirmer_Attribuer_Numero_Etranger"), STOP_ON_FAILURE): Object: 'Object Repository/ANEF_Eloignement_V_Nawres/Page_Formulaire_Creation_Dossier/Formulaire_Creation_Dossier_Input/btn_Confirmer_Attribuer_Numero_Etranger' is clicked on

14-02-2025T14:38:08 - [MESSAGE][INFO] - Finding Test Object 'Object Repository/ANEF_Eloignement_V_Nawres/Page_Formulaire_Creation_Dossier/Formulaire_Creation_Dossier_Input/btn_Confirmer_Attribuer_Numero_Etranger'

14-02-2025T14:38:08 - [MESSAGE][INFO] - Checking timeout

14-02-2025T14:38:08 - [MESSAGE][INFO] - Finding web element with id: 'Object Repository/ANEF_Eloignement_V_Nawres/Page_Formulaire_Creation_Dossier/Formulaire_Creation_Dossier_Input/btn_Confirmer_Attribuer_Numero_Etranger' located by 'By.xpath:  //button[contains(text(),'Confirmer et attribuer un numÃ©ro Ã©tranger')]' in '20' second(s)

14-02-2025T14:38:08 - [MESSAGE][INFO] - Found 1 web elements with id: 'Object Repository/ANEF_Eloignement_V_Nawres/Page_Formulaire_Creation_Dossier/Formulaire_Creation_Dossier_Input/btn_Confirmer_Attribuer_Numero_Etranger' located by 'By.xpath:  //button[contains(text(),'Confirmer et attribuer un numÃ©ro Ã©tranger')]' in '20' second(s)

14-02-2025T14:38:08 - [MESSAGE][INFO] - Checking object

14-02-2025T14:38:08 - [MESSAGE][INFO] - Checking timeout

14-02-2025T14:38:08 - [MESSAGE][INFO] - Finding web element from Test Object's properties

14-02-2025T14:38:08 - [MESSAGE][INFO] - Checking timeout

14-02-2025T14:38:08 - [MESSAGE][INFO] - Finding web element with id: 'Object Repository/ANEF_Eloignement_V_Nawres/Page_Formulaire_Creation_Dossier/Formulaire_Creation_Dossier_Input/btn_Confirmer_Attribuer_Numero_Etranger' located by 'By.xpath:  //button[contains(text(),'Confirmer et attribuer un numÃ©ro Ã©tranger')]' in '100' second(s)

14-02-2025T14:38:08 - [MESSAGE][INFO] - Found 1 web elements with id: 'Object Repository/ANEF_Eloignement_V_Nawres/Page_Formulaire_Creation_Dossier/Formulaire_Creation_Dossier_Input/btn_Confirmer_Attribuer_Numero_Etranger' located by 'By.xpath:  //button[contains(text(),'Confirmer et attribuer un numÃ©ro Ã©tranger')]' in '100' second(s)

14-02-2025T14:38:08 - [MESSAGE][INFO] - Clicking on object: 'Object Repository/ANEF_Eloignement_V_Nawres/Page_Formulaire_Creation_Dossier/Formulaire_Creation_Dossier_Input/btn_Confirmer_Attribuer_Numero_Etranger'

14-02-2025T14:38:09 - [MESSAGE][PASSED] - Object: 'Object Repository/ANEF_Eloignement_V_Nawres/Page_Formulaire_Creation_Dossier/Formulaire_Creation_Dossier_Input/btn_Confirmer_Attribuer_Numero_Etranger' is clicked on

14-02-2025T14:38:09 - [TEST_STEP][PASSED] - NumeroEtrangerGenere = getText(findTestObject("Object Repository/ANEF_Eloignement_V_Nawres/Page_Formulaire_Creation_Dossier/Formulaire_Creation_Dossier_Input/p_Numero_Etranger_Genere")): Text of object 'Object Repository/ANEF_Eloignement_V_Nawres/Page_Formulaire_Creation_Dossier/Formulaire_Creation_Dossier_Input/p_Numero_Etranger_Genere' is: '-'

14-02-2025T14:38:09 - [MESSAGE][INFO] - Finding Test Object 'Object Repository/ANEF_Eloignement_V_Nawres/Page_Formulaire_Creation_Dossier/Formulaire_Creation_Dossier_Input/p_Numero_Etranger_Genere'

14-02-2025T14:38:09 - [MESSAGE][INFO] - Checking object

14-02-2025T14:38:09 - [MESSAGE][INFO] - Finding web element from Test Object's properties

14-02-2025T14:38:09 - [MESSAGE][INFO] - Checking timeout

14-02-2025T14:38:09 - [MESSAGE][INFO] - Finding web element with id: 'Object Repository/ANEF_Eloignement_V_Nawres/Page_Formulaire_Creation_Dossier/Formulaire_Creation_Dossier_Input/p_Numero_Etranger_Genere' located by 'By.xpath: /html/body/app-root/app-layout-borderless//div/app-prise-mesure/div/app-dsfr-onglet-tab//div/app-fiche-etranger//div/section[2]/div/div/div[1]/p[text()]' in '100' second(s)

14-02-2025T14:38:09 - [MESSAGE][INFO] - Found 1 web elements with id: 'Object Repository/ANEF_Eloignement_V_Nawres/Page_Formulaire_Creation_Dossier/Formulaire_Creation_Dossier_Input/p_Numero_Etranger_Genere' located by 'By.xpath: /html/body/app-root/app-layout-borderless//div/app-prise-mesure/div/app-dsfr-onglet-tab//div/app-fiche-etranger//div/section[2]/div/div/div[1]/p[text()]' in '100' second(s)

14-02-2025T14:38:09 - [MESSAGE][INFO] - Getting text of object 'Object Repository/ANEF_Eloignement_V_Nawres/Page_Formulaire_Creation_Dossier/Formulaire_Creation_Dossier_Input/p_Numero_Etranger_Genere'

14-02-2025T14:38:09 - [MESSAGE][PASSED] - Text of object 'Object Repository/ANEF_Eloignement_V_Nawres/Page_Formulaire_Creation_Dossier/Formulaire_Creation_Dossier_Input/p_Numero_Etranger_Genere' is: '-'

14-02-2025T14:38:09 - [TEST_STEP][PASSED] - NumeroEtranger = NumeroEtrangerGenere: null

14-02-2025T14:38:09 - [TEST_STEP][PASSED] - println(NumeroEtrangerGenere): null

14-02-2025T14:38:09 - [TEST_STEP][PASSED] - println(NumeroEtranger): null

14-02-2025T14:38:09 - [MESSAGE][PASSED] - Call Test Case 'Test Cases/Test Reutilisable/Main/ANEF_Eloignement_V_Nawres/ANEF_Formulaire_Creation_Dossier' successfully

14-02-2025T14:38:09 - [TEST_STEP][PASSED] - println(NumeroEtranger): null

14-02-2025T14:38:09 - [TEST_STEP][PASSED] - callTestCase(findTestCase("Test Cases/Test Reutilisable/Main/ANEF_Eloignement_V_Nawres/ANEF_Prendre_Mesure"), ["Mesure":Mesure, "FondementLegal":FondementLegal, "NatureDeLacteExpulsion":NatureDeLacteExpulsion, "NatureDeLacteExpulsion":NatureDeLacteExpulsion, ... ], STOP_ON_FAILURE): Call Test Case 'Test Cases/Test Reutilisable/Main/ANEF_Eloignement_V_Nawres/ANEF_Prendre_Mesure' successfully

14-02-2025T14:38:09 - [MESSAGE][INFO] - Checking called Test Case

14-02-2025T14:38:09 - [MESSAGE][INFO] - Starting to call Test Case 'Test Cases/Test Reutilisable/Main/ANEF_Eloignement_V_Nawres/ANEF_Prendre_Mesure'

14-02-2025T14:38:09 - [TEST_CASE][PASSED] - Test Cases/Test Reutilisable/Main/ANEF_Eloignement_V_Nawres/ANEF_Prendre_Mesure: Test Cases/Test Reutilisable/Main/ANEF_Eloignement_V_Nawres/ANEF_Prendre_Mesure

14-02-2025T14:38:09 - [TEST_STEP][PASSED] - click(findTestObject("Object Repository/ANEF_Eloignement_V_Nawres/Page_Prendre_Mesure/btn_Prendre_Mesure"), STOP_ON_FAILURE): Object: 'Object Repository/ANEF_Eloignement_V_Nawres/Page_Prendre_Mesure/btn_Prendre_Mesure' is clicked on

14-02-2025T14:38:09 - [MESSAGE][INFO] - Finding Test Object 'Object Repository/ANEF_Eloignement_V_Nawres/Page_Prendre_Mesure/btn_Prendre_Mesure'

14-02-2025T14:38:09 - [MESSAGE][INFO] - Checking timeout

14-02-2025T14:38:09 - [MESSAGE][INFO] - Finding web element with id: 'Object Repository/ANEF_Eloignement_V_Nawres/Page_Prendre_Mesure/btn_Prendre_Mesure' located by 'By.xpath: //button[@title="Prendre une Mesure"]' in '20' second(s)

14-02-2025T14:38:09 - [MESSAGE][INFO] - Found 1 web elements with id: 'Object Repository/ANEF_Eloignement_V_Nawres/Page_Prendre_Mesure/btn_Prendre_Mesure' located by 'By.xpath: //button[@title="Prendre une Mesure"]' in '20' second(s)

14-02-2025T14:38:09 - [MESSAGE][INFO] - Checking object

14-02-2025T14:38:09 - [MESSAGE][INFO] - Checking timeout

14-02-2025T14:38:09 - [MESSAGE][INFO] - Finding web element from Test Object's properties

14-02-2025T14:38:09 - [MESSAGE][INFO] - Checking timeout

14-02-2025T14:38:09 - [MESSAGE][INFO] - Finding web element with id: 'Object Repository/ANEF_Eloignement_V_Nawres/Page_Prendre_Mesure/btn_Prendre_Mesure' located by 'By.xpath: //button[@title="Prendre une Mesure"]' in '100' second(s)

14-02-2025T14:38:09 - [MESSAGE][INFO] - Found 1 web elements with id: 'Object Repository/ANEF_Eloignement_V_Nawres/Page_Prendre_Mesure/btn_Prendre_Mesure' located by 'By.xpath: //button[@title="Prendre une Mesure"]' in '100' second(s)

14-02-2025T14:38:09 - [MESSAGE][INFO] - Clicking on object: 'Object Repository/ANEF_Eloignement_V_Nawres/Page_Prendre_Mesure/btn_Prendre_Mesure'

14-02-2025T14:38:11 - [MESSAGE][PASSED] - Object: 'Object Repository/ANEF_Eloignement_V_Nawres/Page_Prendre_Mesure/btn_Prendre_Mesure' is clicked on

14-02-2025T14:38:11 - [TEST_STEP][PASSED] - delay(5): Delayed 5 second(s)

14-02-2025T14:38:11 - [MESSAGE][INFO] - Delaying browser in 5 second(s)

14-02-2025T14:38:16 - [MESSAGE][PASSED] - Delayed 5 second(s)

14-02-2025T14:38:16 - [TEST_STEP][PASSED] - switch (Mesure): null

14-02-2025T14:38:16 - [TEST_STEP][PASSED] - case "TransfertDublin":: Object 'Object Repository/ANEF_Eloignement_V_Nawres/Page_Prendre_Mesure/btn_Supprimer_Fiche_Mesure' is present

14-02-2025T14:38:16 - [TEST_STEP][PASSED] - selectOptionByLabel(findTestObject("Object Repository/ANEF_Eloignement_V_Nawres/Page_Prendre_Mesure/select_Type_Mesure"), "Transfert Dublin", false, STOP_ON_FAILURE): All options with label 'Transfert Dublin' are selected in object 'Object Repository/ANEF_Eloignement_V_Nawres/Page_Prendre_Mesure/select_Type_Mesure' 

14-02-2025T14:38:16 - [MESSAGE][INFO] - Finding Test Object 'Object Repository/ANEF_Eloignement_V_Nawres/Page_Prendre_Mesure/select_Type_Mesure'

14-02-2025T14:38:16 - [MESSAGE][INFO] - Checking timeout

14-02-2025T14:38:16 - [MESSAGE][INFO] - Finding web element with id: 'Object Repository/ANEF_Eloignement_V_Nawres/Page_Prendre_Mesure/select_Type_Mesure' located by 'By.xpath: //select[@id="typeMesure"]' in '20' second(s)

14-02-2025T14:38:16 - [MESSAGE][INFO] - Found 1 web elements with id: 'Object Repository/ANEF_Eloignement_V_Nawres/Page_Prendre_Mesure/select_Type_Mesure' located by 'By.xpath: //select[@id="typeMesure"]' in '20' second(s)

14-02-2025T14:38:16 - [MESSAGE][INFO] - Checking object

14-02-2025T14:38:16 - [MESSAGE][INFO] - Checking label parameter

14-02-2025T14:38:16 - [MESSAGE][INFO] - Finding web element from Test Object's properties

14-02-2025T14:38:16 - [MESSAGE][INFO] - Checking timeout

14-02-2025T14:38:16 - [MESSAGE][INFO] - Finding web element with id: 'Object Repository/ANEF_Eloignement_V_Nawres/Page_Prendre_Mesure/select_Type_Mesure' located by 'By.xpath: //select[@id="typeMesure"]' in '100' second(s)

14-02-2025T14:38:16 - [MESSAGE][INFO] - Found 1 web elements with id: 'Object Repository/ANEF_Eloignement_V_Nawres/Page_Prendre_Mesure/select_Type_Mesure' located by 'By.xpath: //select[@id="typeMesure"]' in '100' second(s)

14-02-2025T14:38:16 - [MESSAGE][INFO] - Selecting options on object 'Object Repository/ANEF_Eloignement_V_Nawres/Page_Prendre_Mesure/select_Type_Mesure' with label 'Transfert Dublin' 

14-02-2025T14:38:17 - [MESSAGE][PASSED] - All options with label 'Transfert Dublin' are selected in object 'Object Repository/ANEF_Eloignement_V_Nawres/Page_Prendre_Mesure/select_Type_Mesure' 

14-02-2025T14:38:17 - [TEST_STEP][PASSED] - click(findTestObject("Object Repository/ANEF_Eloignement_V_Nawres/Page_Prendre_Mesure/btn_Confirmer_Mesure"), STOP_ON_FAILURE): Object: 'Object Repository/ANEF_Eloignement_V_Nawres/Page_Prendre_Mesure/btn_Confirmer_Mesure' is clicked on

14-02-2025T14:38:17 - [MESSAGE][INFO] - Finding Test Object 'Object Repository/ANEF_Eloignement_V_Nawres/Page_Prendre_Mesure/btn_Confirmer_Mesure'

14-02-2025T14:38:17 - [MESSAGE][INFO] - Checking timeout

14-02-2025T14:38:17 - [MESSAGE][INFO] - Finding web element with id: 'Object Repository/ANEF_Eloignement_V_Nawres/Page_Prendre_Mesure/btn_Confirmer_Mesure' located by 'By.xpath: //button[@id="btn-confirme-decision"]' in '20' second(s)

14-02-2025T14:38:17 - [MESSAGE][INFO] - Found 1 web elements with id: 'Object Repository/ANEF_Eloignement_V_Nawres/Page_Prendre_Mesure/btn_Confirmer_Mesure' located by 'By.xpath: //button[@id="btn-confirme-decision"]' in '20' second(s)

14-02-2025T14:38:17 - [MESSAGE][INFO] - Checking object

14-02-2025T14:38:17 - [MESSAGE][INFO] - Checking timeout

14-02-2025T14:38:17 - [MESSAGE][INFO] - Finding web element from Test Object's properties

14-02-2025T14:38:17 - [MESSAGE][INFO] - Checking timeout

14-02-2025T14:38:17 - [MESSAGE][INFO] - Finding web element with id: 'Object Repository/ANEF_Eloignement_V_Nawres/Page_Prendre_Mesure/btn_Confirmer_Mesure' located by 'By.xpath: //button[@id="btn-confirme-decision"]' in '100' second(s)

14-02-2025T14:38:17 - [MESSAGE][INFO] - Found 1 web elements with id: 'Object Repository/ANEF_Eloignement_V_Nawres/Page_Prendre_Mesure/btn_Confirmer_Mesure' located by 'By.xpath: //button[@id="btn-confirme-decision"]' in '100' second(s)

14-02-2025T14:38:17 - [MESSAGE][INFO] - Clicking on object: 'Object Repository/ANEF_Eloignement_V_Nawres/Page_Prendre_Mesure/btn_Confirmer_Mesure'

14-02-2025T14:38:18 - [MESSAGE][PASSED] - Object: 'Object Repository/ANEF_Eloignement_V_Nawres/Page_Prendre_Mesure/btn_Confirmer_Mesure' is clicked on

14-02-2025T14:38:18 - [TEST_STEP][PASSED] - verifyElementPresent(findTestObject("Object Repository/ANEF_Eloignement_V_Nawres/Page_Prendre_Mesure/btn_Supprimer_Fiche_Mesure"), 2, STOP_ON_FAILURE): Object 'Object Repository/ANEF_Eloignement_V_Nawres/Page_Prendre_Mesure/btn_Supprimer_Fiche_Mesure' is present

14-02-2025T14:38:18 - [MESSAGE][INFO] - Finding Test Object 'Object Repository/ANEF_Eloignement_V_Nawres/Page_Prendre_Mesure/btn_Supprimer_Fiche_Mesure'

14-02-2025T14:38:18 - [MESSAGE][INFO] - Checking object

14-02-2025T14:38:18 - [MESSAGE][INFO] - Finding web element from Test Object's properties

14-02-2025T14:38:18 - [MESSAGE][INFO] - Checking timeout

14-02-2025T14:38:18 - [MESSAGE][INFO] - Finding web element with id: 'Object Repository/ANEF_Eloignement_V_Nawres/Page_Prendre_Mesure/btn_Supprimer_Fiche_Mesure' located by 'By.xpath: //button[@title="Supprimer une Mesure"]' in '2' second(s)

14-02-2025T14:38:19 - [MESSAGE][INFO] - Found 1 web elements with id: 'Object Repository/ANEF_Eloignement_V_Nawres/Page_Prendre_Mesure/btn_Supprimer_Fiche_Mesure' located by 'By.xpath: //button[@title="Supprimer une Mesure"]' in '2' second(s)

14-02-2025T14:38:19 - [MESSAGE][PASSED] - Object 'Object Repository/ANEF_Eloignement_V_Nawres/Page_Prendre_Mesure/btn_Supprimer_Fiche_Mesure' is present

14-02-2025T14:38:19 - [TEST_STEP][PASSED] - Default: null

14-02-2025T14:38:19 - [TEST_STEP][PASSED] - break: null

14-02-2025T14:38:19 - [TEST_STEP][PASSED] - callTestCase(findTestCase("Test Cases/Test Reutilisable/Main/ANEF_Eloignement_V_Nawres/ANEF_Prendre_Mesure_Formulaire"), ["Mesure":Mesure, "FondementLegal":FondementLegal, "NatureDeLacteExpulsion":NatureDeLacteExpulsion, "UrgenceAbsolueExpulsion":UrgenceAbsolueExpulsion, ... ], STOP_ON_FAILURE): Call Test Case 'Test Cases/Test Reutilisable/Main/ANEF_Eloignement_V_Nawres/ANEF_Prendre_Mesure_Formulaire' successfully

14-02-2025T14:38:19 - [MESSAGE][INFO] - Checking called Test Case

14-02-2025T14:38:19 - [MESSAGE][INFO] - Starting to call Test Case 'Test Cases/Test Reutilisable/Main/ANEF_Eloignement_V_Nawres/ANEF_Prendre_Mesure_Formulaire'

14-02-2025T14:38:19 - [TEST_CASE][PASSED] - Test Cases/Test Reutilisable/Main/ANEF_Eloignement_V_Nawres/ANEF_Prendre_Mesure_Formulaire: Test Cases/Test Reutilisable/Main/ANEF_Eloignement_V_Nawres/ANEF_Prendre_Mesure_Formulaire

14-02-2025T14:38:19 - [TEST_STEP][PASSED] - calendar = Calendar.getInstance(): null

14-02-2025T14:38:19 - [TEST_STEP][PASSED] - currentDate = calendar.getTime(): null

14-02-2025T14:38:19 - [TEST_STEP][PASSED] - sdf = new java.text.SimpleDateFormat(dd/MM/yyyy): null

14-02-2025T14:38:19 - [TEST_STEP][PASSED] - formattedDate = sdf.format(currentDate): null

14-02-2025T14:38:19 - [TEST_STEP][PASSED] - DateActuelle = formattedDate.toString(): null

14-02-2025T14:38:19 - [TEST_STEP][PASSED] - println(DateActuelle): null

14-02-2025T14:38:19 - [TEST_STEP][PASSED] - if (Mesure != "ITF"): null

14-02-2025T14:38:19 - [TEST_STEP][PASSED] - selectOptionByLabel(findTestObject("Object Repository/ANEF_Eloignement_V_Nawres/Page_Prendre_Mesure_Formulaire/select_Fondement_Legal"), FondementLegal, false, STOP_ON_FAILURE): All options with label 'L. 572-1' are selected in object 'Object Repository/ANEF_Eloignement_V_Nawres/Page_Prendre_Mesure_Formulaire/select_Fondement_Legal' 

14-02-2025T14:38:19 - [MESSAGE][INFO] - Finding Test Object 'Object Repository/ANEF_Eloignement_V_Nawres/Page_Prendre_Mesure_Formulaire/select_Fondement_Legal'

14-02-2025T14:38:19 - [MESSAGE][INFO] - Checking timeout

14-02-2025T14:38:19 - [MESSAGE][INFO] - Finding web element with id: 'Object Repository/ANEF_Eloignement_V_Nawres/Page_Prendre_Mesure_Formulaire/select_Fondement_Legal' located by 'By.xpath: //select[@id="fondement_legal"]' in '20' second(s)

14-02-2025T14:38:19 - [MESSAGE][INFO] - Found 1 web elements with id: 'Object Repository/ANEF_Eloignement_V_Nawres/Page_Prendre_Mesure_Formulaire/select_Fondement_Legal' located by 'By.xpath: //select[@id="fondement_legal"]' in '20' second(s)

14-02-2025T14:38:19 - [MESSAGE][INFO] - Checking object

14-02-2025T14:38:19 - [MESSAGE][INFO] - Checking label parameter

14-02-2025T14:38:19 - [MESSAGE][INFO] - Finding web element from Test Object's properties

14-02-2025T14:38:19 - [MESSAGE][INFO] - Checking timeout

14-02-2025T14:38:19 - [MESSAGE][INFO] - Finding web element with id: 'Object Repository/ANEF_Eloignement_V_Nawres/Page_Prendre_Mesure_Formulaire/select_Fondement_Legal' located by 'By.xpath: //select[@id="fondement_legal"]' in '100' second(s)

14-02-2025T14:38:19 - [MESSAGE][INFO] - Found 1 web elements with id: 'Object Repository/ANEF_Eloignement_V_Nawres/Page_Prendre_Mesure_Formulaire/select_Fondement_Legal' located by 'By.xpath: //select[@id="fondement_legal"]' in '100' second(s)

14-02-2025T14:38:19 - [MESSAGE][INFO] - Selecting options on object 'Object Repository/ANEF_Eloignement_V_Nawres/Page_Prendre_Mesure_Formulaire/select_Fondement_Legal' with label 'L. 572-1' 

14-02-2025T14:38:19 - [MESSAGE][PASSED] - All options with label 'L. 572-1' are selected in object 'Object Repository/ANEF_Eloignement_V_Nawres/Page_Prendre_Mesure_Formulaire/select_Fondement_Legal' 

14-02-2025T14:38:19 - [TEST_STEP][PASSED] - if (Mesure == "Expulsion"): null

14-02-2025T14:38:19 - [TEST_STEP][PASSED] - NumberUsagerRandom = tools.MyStringTools.getRandomNumber(10, 99): tools.MyStringTools.getRandomNumber is PASSED

14-02-2025T14:38:19 - [MESSAGE][PASSED] - tools.MyStringTools.getRandomNumber is PASSED

14-02-2025T14:38:19 - [TEST_STEP][PASSED] - println(NumberUsagerRandom): null

14-02-2025T14:38:19 - [TEST_STEP][PASSED] - RandomNumber = NumberUsagerRandom.toString(): null

14-02-2025T14:38:19 - [TEST_STEP][PASSED] - if (Mesure == "OQTF"): null

14-02-2025T14:38:19 - [TEST_STEP][PASSED] - if (Mesure == "RemiseSchengen"): null

14-02-2025T14:38:19 - [TEST_STEP][PASSED] - RandomNumber = tools.MyStringTools.getRandomNumber(1, 30): tools.MyStringTools.getRandomNumber is PASSED

14-02-2025T14:38:19 - [MESSAGE][PASSED] - tools.MyStringTools.getRandomNumber is PASSED

14-02-2025T14:38:19 - [TEST_STEP][PASSED] - println(RandomNumber): null

14-02-2025T14:38:19 - [TEST_STEP][PASSED] - RandomNumberSelect = RandomNumber.toString(): null

14-02-2025T14:38:19 - [TEST_STEP][PASSED] - if (Mesure == "TransfertDublin"): Object: 'Object Repository/ANEF_Eloignement_V_Nawres/Page_Prendre_Mesure_Formulaire/btn_Enregistrer' is clicked on

14-02-2025T14:38:19 - [TEST_STEP][PASSED] - setText(findTestObject("Object Repository/ANEF_Eloignement_V_Nawres/Page_Prendre_Mesure_Formulaire/input_Date_Transmission_Requete"), DateActuelle, STOP_ON_FAILURE): Text '14/02/2025' is set on object 'Object Repository/ANEF_Eloignement_V_Nawres/Page_Prendre_Mesure_Formulaire/input_Date_Transmission_Requete'

14-02-2025T14:38:19 - [MESSAGE][INFO] - Finding Test Object 'Object Repository/ANEF_Eloignement_V_Nawres/Page_Prendre_Mesure_Formulaire/input_Date_Transmission_Requete'

14-02-2025T14:38:19 - [MESSAGE][INFO] - Checking timeout

14-02-2025T14:38:19 - [MESSAGE][INFO] - Finding web element with id: 'Object Repository/ANEF_Eloignement_V_Nawres/Page_Prendre_Mesure_Formulaire/input_Date_Transmission_Requete' located by 'By.xpath: //input[@id="date_transmission_requete"]' in '20' second(s)

14-02-2025T14:38:19 - [MESSAGE][INFO] - Found 1 web elements with id: 'Object Repository/ANEF_Eloignement_V_Nawres/Page_Prendre_Mesure_Formulaire/input_Date_Transmission_Requete' located by 'By.xpath: //input[@id="date_transmission_requete"]' in '20' second(s)

14-02-2025T14:38:19 - [MESSAGE][INFO] - Checking object

14-02-2025T14:38:19 - [MESSAGE][INFO] - Checking text

14-02-2025T14:38:19 - [MESSAGE][INFO] - Finding web element from Test Object's properties

14-02-2025T14:38:19 - [MESSAGE][INFO] - Checking timeout

14-02-2025T14:38:19 - [MESSAGE][INFO] - Finding web element with id: 'Object Repository/ANEF_Eloignement_V_Nawres/Page_Prendre_Mesure_Formulaire/input_Date_Transmission_Requete' located by 'By.xpath: //input[@id="date_transmission_requete"]' in '100' second(s)

14-02-2025T14:38:19 - [MESSAGE][INFO] - Found 1 web elements with id: 'Object Repository/ANEF_Eloignement_V_Nawres/Page_Prendre_Mesure_Formulaire/input_Date_Transmission_Requete' located by 'By.xpath: //input[@id="date_transmission_requete"]' in '100' second(s)

14-02-2025T14:38:19 - [MESSAGE][INFO] - Clearing text of object 'Object Repository/ANEF_Eloignement_V_Nawres/Page_Prendre_Mesure_Formulaire/input_Date_Transmission_Requete'

14-02-2025T14:38:20 - [MESSAGE][INFO] - Finding web element from Test Object's properties

14-02-2025T14:38:20 - [MESSAGE][INFO] - Checking timeout

14-02-2025T14:38:20 - [MESSAGE][INFO] - Finding web element with id: 'Object Repository/ANEF_Eloignement_V_Nawres/Page_Prendre_Mesure_Formulaire/input_Date_Transmission_Requete' located by 'By.xpath: //input[@id="date_transmission_requete"]' in '100' second(s)

14-02-2025T14:38:20 - [MESSAGE][INFO] - Found 1 web elements with id: 'Object Repository/ANEF_Eloignement_V_Nawres/Page_Prendre_Mesure_Formulaire/input_Date_Transmission_Requete' located by 'By.xpath: //input[@id="date_transmission_requete"]' in '100' second(s)

14-02-2025T14:38:20 - [MESSAGE][INFO] - Setting text of object 'Object Repository/ANEF_Eloignement_V_Nawres/Page_Prendre_Mesure_Formulaire/input_Date_Transmission_Requete' to value '14/02/2025'

14-02-2025T14:38:21 - [MESSAGE][PASSED] - Text '14/02/2025' is set on object 'Object Repository/ANEF_Eloignement_V_Nawres/Page_Prendre_Mesure_Formulaire/input_Date_Transmission_Requete'

14-02-2025T14:38:21 - [TEST_STEP][PASSED] - selectOptionByIndex(findTestObject("Object Repository/ANEF_Eloignement_V_Nawres/Page_Prendre_Mesure_Formulaire/select_Etat_Requis"), RandomNumberSelect, STOP_ON_FAILURE): All options with index in [5] are selected on object 'Object Repository/ANEF_Eloignement_V_Nawres/Page_Prendre_Mesure_Formulaire/select_Etat_Requis'

14-02-2025T14:38:21 - [MESSAGE][INFO] - Finding Test Object 'Object Repository/ANEF_Eloignement_V_Nawres/Page_Prendre_Mesure_Formulaire/select_Etat_Requis'

14-02-2025T14:38:21 - [MESSAGE][INFO] - Checking timeout

14-02-2025T14:38:21 - [MESSAGE][INFO] - Finding web element with id: 'Object Repository/ANEF_Eloignement_V_Nawres/Page_Prendre_Mesure_Formulaire/select_Etat_Requis' located by 'By.xpath: //select[@name="pays"]' in '20' second(s)

14-02-2025T14:38:22 - [MESSAGE][INFO] - Found 1 web elements with id: 'Object Repository/ANEF_Eloignement_V_Nawres/Page_Prendre_Mesure_Formulaire/select_Etat_Requis' located by 'By.xpath: //select[@name="pays"]' in '20' second(s)

14-02-2025T14:38:22 - [MESSAGE][INFO] - Checking object

14-02-2025T14:38:22 - [MESSAGE][INFO] - Checking index range

14-02-2025T14:38:22 - [MESSAGE][INFO] - Converting range parameter '5' to index array

14-02-2025T14:38:22 - [MESSAGE][INFO] - Range parameter '5' is converted to index array [5]

14-02-2025T14:38:22 - [MESSAGE][INFO] - Finding web element from Test Object's properties

14-02-2025T14:38:22 - [MESSAGE][INFO] - Checking timeout

14-02-2025T14:38:22 - [MESSAGE][INFO] - Finding web element with id: 'Object Repository/ANEF_Eloignement_V_Nawres/Page_Prendre_Mesure_Formulaire/select_Etat_Requis' located by 'By.xpath: //select[@name="pays"]' in '100' second(s)

14-02-2025T14:38:22 - [MESSAGE][INFO] - Found 1 web elements with id: 'Object Repository/ANEF_Eloignement_V_Nawres/Page_Prendre_Mesure_Formulaire/select_Etat_Requis' located by 'By.xpath: //select[@name="pays"]' in '100' second(s)

14-02-2025T14:38:22 - [MESSAGE][INFO] - Checking index parameters

14-02-2025T14:38:22 - [MESSAGE][INFO] - Selecting options on object 'Object Repository/ANEF_Eloignement_V_Nawres/Page_Prendre_Mesure_Formulaire/select_Etat_Requis' with index in [5]

14-02-2025T14:38:23 - [MESSAGE][INFO] - Option with index 5 is selected

14-02-2025T14:38:23 - [MESSAGE][PASSED] - All options with index in [5] are selected on object 'Object Repository/ANEF_Eloignement_V_Nawres/Page_Prendre_Mesure_Formulaire/select_Etat_Requis'

14-02-2025T14:38:23 - [TEST_STEP][PASSED] - setText(findTestObject("Object Repository/ANEF_Eloignement_V_Nawres/Page_Prendre_Mesure_Formulaire/input_Date_Reponse_Etat_Requis"), DateActuelle, STOP_ON_FAILURE): Text '14/02/2025' is set on object 'Object Repository/ANEF_Eloignement_V_Nawres/Page_Prendre_Mesure_Formulaire/input_Date_Reponse_Etat_Requis'

14-02-2025T14:38:23 - [MESSAGE][INFO] - Finding Test Object 'Object Repository/ANEF_Eloignement_V_Nawres/Page_Prendre_Mesure_Formulaire/input_Date_Reponse_Etat_Requis'

14-02-2025T14:38:23 - [MESSAGE][INFO] - Checking timeout

14-02-2025T14:38:23 - [MESSAGE][INFO] - Finding web element with id: 'Object Repository/ANEF_Eloignement_V_Nawres/Page_Prendre_Mesure_Formulaire/input_Date_Reponse_Etat_Requis' located by 'By.xpath: //input[@id="date_reponse"]' in '20' second(s)

14-02-2025T14:38:23 - [MESSAGE][INFO] - Found 1 web elements with id: 'Object Repository/ANEF_Eloignement_V_Nawres/Page_Prendre_Mesure_Formulaire/input_Date_Reponse_Etat_Requis' located by 'By.xpath: //input[@id="date_reponse"]' in '20' second(s)

14-02-2025T14:38:23 - [MESSAGE][INFO] - Checking object

14-02-2025T14:38:23 - [MESSAGE][INFO] - Checking text

14-02-2025T14:38:23 - [MESSAGE][INFO] - Finding web element from Test Object's properties

14-02-2025T14:38:23 - [MESSAGE][INFO] - Checking timeout

14-02-2025T14:38:23 - [MESSAGE][INFO] - Finding web element with id: 'Object Repository/ANEF_Eloignement_V_Nawres/Page_Prendre_Mesure_Formulaire/input_Date_Reponse_Etat_Requis' located by 'By.xpath: //input[@id="date_reponse"]' in '100' second(s)

14-02-2025T14:38:23 - [MESSAGE][INFO] - Found 1 web elements with id: 'Object Repository/ANEF_Eloignement_V_Nawres/Page_Prendre_Mesure_Formulaire/input_Date_Reponse_Etat_Requis' located by 'By.xpath: //input[@id="date_reponse"]' in '100' second(s)

14-02-2025T14:38:23 - [MESSAGE][INFO] - Clearing text of object 'Object Repository/ANEF_Eloignement_V_Nawres/Page_Prendre_Mesure_Formulaire/input_Date_Reponse_Etat_Requis'

14-02-2025T14:38:24 - [MESSAGE][INFO] - Finding web element from Test Object's properties

14-02-2025T14:38:24 - [MESSAGE][INFO] - Checking timeout

14-02-2025T14:38:24 - [MESSAGE][INFO] - Finding web element with id: 'Object Repository/ANEF_Eloignement_V_Nawres/Page_Prendre_Mesure_Formulaire/input_Date_Reponse_Etat_Requis' located by 'By.xpath: //input[@id="date_reponse"]' in '100' second(s)

14-02-2025T14:38:24 - [MESSAGE][INFO] - Found 1 web elements with id: 'Object Repository/ANEF_Eloignement_V_Nawres/Page_Prendre_Mesure_Formulaire/input_Date_Reponse_Etat_Requis' located by 'By.xpath: //input[@id="date_reponse"]' in '100' second(s)

14-02-2025T14:38:24 - [MESSAGE][INFO] - Setting text of object 'Object Repository/ANEF_Eloignement_V_Nawres/Page_Prendre_Mesure_Formulaire/input_Date_Reponse_Etat_Requis' to value '14/02/2025'

14-02-2025T14:38:25 - [MESSAGE][PASSED] - Text '14/02/2025' is set on object 'Object Repository/ANEF_Eloignement_V_Nawres/Page_Prendre_Mesure_Formulaire/input_Date_Reponse_Etat_Requis'

14-02-2025T14:38:25 - [TEST_STEP][PASSED] - selectOptionByLabel(findTestObject("Object Repository/ANEF_Eloignement_V_Nawres/Page_Prendre_Mesure_Formulaire/select_Decision_Etat_Requis"), DecisionEtatTransfertDublin, false, STOP_ON_FAILURE): All options with label 'Refus' are selected in object 'Object Repository/ANEF_Eloignement_V_Nawres/Page_Prendre_Mesure_Formulaire/select_Decision_Etat_Requis' 

14-02-2025T14:38:25 - [MESSAGE][INFO] - Finding Test Object 'Object Repository/ANEF_Eloignement_V_Nawres/Page_Prendre_Mesure_Formulaire/select_Decision_Etat_Requis'

14-02-2025T14:38:25 - [MESSAGE][INFO] - Checking timeout

14-02-2025T14:38:25 - [MESSAGE][INFO] - Finding web element with id: 'Object Repository/ANEF_Eloignement_V_Nawres/Page_Prendre_Mesure_Formulaire/select_Decision_Etat_Requis' located by 'By.xpath: //select[@name="decision"]' in '20' second(s)

14-02-2025T14:38:25 - [MESSAGE][INFO] - Found 1 web elements with id: 'Object Repository/ANEF_Eloignement_V_Nawres/Page_Prendre_Mesure_Formulaire/select_Decision_Etat_Requis' located by 'By.xpath: //select[@name="decision"]' in '20' second(s)

14-02-2025T14:38:25 - [MESSAGE][INFO] - Checking object

14-02-2025T14:38:25 - [MESSAGE][INFO] - Checking label parameter

14-02-2025T14:38:25 - [MESSAGE][INFO] - Finding web element from Test Object's properties

14-02-2025T14:38:25 - [MESSAGE][INFO] - Checking timeout

14-02-2025T14:38:25 - [MESSAGE][INFO] - Finding web element with id: 'Object Repository/ANEF_Eloignement_V_Nawres/Page_Prendre_Mesure_Formulaire/select_Decision_Etat_Requis' located by 'By.xpath: //select[@name="decision"]' in '100' second(s)

14-02-2025T14:38:25 - [MESSAGE][INFO] - Found 1 web elements with id: 'Object Repository/ANEF_Eloignement_V_Nawres/Page_Prendre_Mesure_Formulaire/select_Decision_Etat_Requis' located by 'By.xpath: //select[@name="decision"]' in '100' second(s)

14-02-2025T14:38:25 - [MESSAGE][INFO] - Selecting options on object 'Object Repository/ANEF_Eloignement_V_Nawres/Page_Prendre_Mesure_Formulaire/select_Decision_Etat_Requis' with label 'Refus' 

14-02-2025T14:38:26 - [MESSAGE][PASSED] - All options with label 'Refus' are selected in object 'Object Repository/ANEF_Eloignement_V_Nawres/Page_Prendre_Mesure_Formulaire/select_Decision_Etat_Requis' 

14-02-2025T14:38:26 - [TEST_STEP][PASSED] - setText(findTestObject("Object Repository/ANEF_Eloignement_V_Nawres/Page_Prendre_Mesure_Formulaire/input_Date_Fin_Validite"), DateActuelle, STOP_ON_FAILURE): Text '14/02/2025' is set on object 'Object Repository/ANEF_Eloignement_V_Nawres/Page_Prendre_Mesure_Formulaire/input_Date_Fin_Validite'

14-02-2025T14:38:26 - [MESSAGE][INFO] - Finding Test Object 'Object Repository/ANEF_Eloignement_V_Nawres/Page_Prendre_Mesure_Formulaire/input_Date_Fin_Validite'

14-02-2025T14:38:26 - [MESSAGE][INFO] - Checking timeout

14-02-2025T14:38:26 - [MESSAGE][INFO] - Finding web element with id: 'Object Repository/ANEF_Eloignement_V_Nawres/Page_Prendre_Mesure_Formulaire/input_Date_Fin_Validite' located by 'By.xpath: //input[@id="date_fin_validite"]' in '20' second(s)

14-02-2025T14:38:26 - [MESSAGE][INFO] - Found 1 web elements with id: 'Object Repository/ANEF_Eloignement_V_Nawres/Page_Prendre_Mesure_Formulaire/input_Date_Fin_Validite' located by 'By.xpath: //input[@id="date_fin_validite"]' in '20' second(s)

14-02-2025T14:38:26 - [MESSAGE][INFO] - Checking object

14-02-2025T14:38:26 - [MESSAGE][INFO] - Checking text

14-02-2025T14:38:26 - [MESSAGE][INFO] - Finding web element from Test Object's properties

14-02-2025T14:38:26 - [MESSAGE][INFO] - Checking timeout

14-02-2025T14:38:26 - [MESSAGE][INFO] - Finding web element with id: 'Object Repository/ANEF_Eloignement_V_Nawres/Page_Prendre_Mesure_Formulaire/input_Date_Fin_Validite' located by 'By.xpath: //input[@id="date_fin_validite"]' in '100' second(s)

14-02-2025T14:38:26 - [MESSAGE][INFO] - Found 1 web elements with id: 'Object Repository/ANEF_Eloignement_V_Nawres/Page_Prendre_Mesure_Formulaire/input_Date_Fin_Validite' located by 'By.xpath: //input[@id="date_fin_validite"]' in '100' second(s)

14-02-2025T14:38:26 - [MESSAGE][INFO] - Clearing text of object 'Object Repository/ANEF_Eloignement_V_Nawres/Page_Prendre_Mesure_Formulaire/input_Date_Fin_Validite'

14-02-2025T14:38:27 - [MESSAGE][INFO] - Finding web element from Test Object's properties

14-02-2025T14:38:27 - [MESSAGE][INFO] - Checking timeout

14-02-2025T14:38:27 - [MESSAGE][INFO] - Finding web element with id: 'Object Repository/ANEF_Eloignement_V_Nawres/Page_Prendre_Mesure_Formulaire/input_Date_Fin_Validite' located by 'By.xpath: //input[@id="date_fin_validite"]' in '100' second(s)

14-02-2025T14:38:27 - [MESSAGE][INFO] - Found 1 web elements with id: 'Object Repository/ANEF_Eloignement_V_Nawres/Page_Prendre_Mesure_Formulaire/input_Date_Fin_Validite' located by 'By.xpath: //input[@id="date_fin_validite"]' in '100' second(s)

14-02-2025T14:38:27 - [MESSAGE][INFO] - Setting text of object 'Object Repository/ANEF_Eloignement_V_Nawres/Page_Prendre_Mesure_Formulaire/input_Date_Fin_Validite' to value '14/02/2025'

14-02-2025T14:38:28 - [MESSAGE][PASSED] - Text '14/02/2025' is set on object 'Object Repository/ANEF_Eloignement_V_Nawres/Page_Prendre_Mesure_Formulaire/input_Date_Fin_Validite'

14-02-2025T14:38:28 - [TEST_STEP][PASSED] - setText(findTestObject("Object Repository/ANEF_Eloignement_V_Nawres/Page_Prendre_Mesure_Formulaire/input_Date_Demande_Reexamen"), DateActuelle, STOP_ON_FAILURE): Text '14/02/2025' is set on object 'Object Repository/ANEF_Eloignement_V_Nawres/Page_Prendre_Mesure_Formulaire/input_Date_Demande_Reexamen'

14-02-2025T14:38:28 - [MESSAGE][INFO] - Finding Test Object 'Object Repository/ANEF_Eloignement_V_Nawres/Page_Prendre_Mesure_Formulaire/input_Date_Demande_Reexamen'

14-02-2025T14:38:28 - [MESSAGE][INFO] - Checking timeout

14-02-2025T14:38:28 - [MESSAGE][INFO] - Finding web element with id: 'Object Repository/ANEF_Eloignement_V_Nawres/Page_Prendre_Mesure_Formulaire/input_Date_Demande_Reexamen' located by 'By.xpath: //input[@id="date_demande_reexamen"]' in '20' second(s)

14-02-2025T14:38:28 - [MESSAGE][INFO] - Found 1 web elements with id: 'Object Repository/ANEF_Eloignement_V_Nawres/Page_Prendre_Mesure_Formulaire/input_Date_Demande_Reexamen' located by 'By.xpath: //input[@id="date_demande_reexamen"]' in '20' second(s)

14-02-2025T14:38:28 - [MESSAGE][INFO] - Checking object

14-02-2025T14:38:28 - [MESSAGE][INFO] - Checking text

14-02-2025T14:38:28 - [MESSAGE][INFO] - Finding web element from Test Object's properties

14-02-2025T14:38:28 - [MESSAGE][INFO] - Checking timeout

14-02-2025T14:38:28 - [MESSAGE][INFO] - Finding web element with id: 'Object Repository/ANEF_Eloignement_V_Nawres/Page_Prendre_Mesure_Formulaire/input_Date_Demande_Reexamen' located by 'By.xpath: //input[@id="date_demande_reexamen"]' in '100' second(s)

14-02-2025T14:38:29 - [MESSAGE][INFO] - Found 1 web elements with id: 'Object Repository/ANEF_Eloignement_V_Nawres/Page_Prendre_Mesure_Formulaire/input_Date_Demande_Reexamen' located by 'By.xpath: //input[@id="date_demande_reexamen"]' in '100' second(s)

14-02-2025T14:38:29 - [MESSAGE][INFO] - Clearing text of object 'Object Repository/ANEF_Eloignement_V_Nawres/Page_Prendre_Mesure_Formulaire/input_Date_Demande_Reexamen'

14-02-2025T14:38:30 - [MESSAGE][INFO] - Finding web element from Test Object's properties

14-02-2025T14:38:30 - [MESSAGE][INFO] - Checking timeout

14-02-2025T14:38:30 - [MESSAGE][INFO] - Finding web element with id: 'Object Repository/ANEF_Eloignement_V_Nawres/Page_Prendre_Mesure_Formulaire/input_Date_Demande_Reexamen' located by 'By.xpath: //input[@id="date_demande_reexamen"]' in '100' second(s)

14-02-2025T14:38:30 - [MESSAGE][INFO] - Found 1 web elements with id: 'Object Repository/ANEF_Eloignement_V_Nawres/Page_Prendre_Mesure_Formulaire/input_Date_Demande_Reexamen' located by 'By.xpath: //input[@id="date_demande_reexamen"]' in '100' second(s)

14-02-2025T14:38:30 - [MESSAGE][INFO] - Setting text of object 'Object Repository/ANEF_Eloignement_V_Nawres/Page_Prendre_Mesure_Formulaire/input_Date_Demande_Reexamen' to value '14/02/2025'

14-02-2025T14:38:31 - [MESSAGE][PASSED] - Text '14/02/2025' is set on object 'Object Repository/ANEF_Eloignement_V_Nawres/Page_Prendre_Mesure_Formulaire/input_Date_Demande_Reexamen'

14-02-2025T14:38:31 - [TEST_STEP][PASSED] - setText(findTestObject("Object Repository/ANEF_Eloignement_V_Nawres/Page_Prendre_Mesure_Formulaire/input_Date_Decision_Transfert"), DateActuelle, STOP_ON_FAILURE): Text '14/02/2025' is set on object 'Object Repository/ANEF_Eloignement_V_Nawres/Page_Prendre_Mesure_Formulaire/input_Date_Decision_Transfert'

14-02-2025T14:38:31 - [MESSAGE][INFO] - Finding Test Object 'Object Repository/ANEF_Eloignement_V_Nawres/Page_Prendre_Mesure_Formulaire/input_Date_Decision_Transfert'

14-02-2025T14:38:31 - [MESSAGE][INFO] - Checking timeout

14-02-2025T14:38:31 - [MESSAGE][INFO] - Finding web element with id: 'Object Repository/ANEF_Eloignement_V_Nawres/Page_Prendre_Mesure_Formulaire/input_Date_Decision_Transfert' located by 'By.xpath: //input[@id="date_decision_transfert"]' in '20' second(s)

14-02-2025T14:38:31 - [MESSAGE][INFO] - Found 1 web elements with id: 'Object Repository/ANEF_Eloignement_V_Nawres/Page_Prendre_Mesure_Formulaire/input_Date_Decision_Transfert' located by 'By.xpath: //input[@id="date_decision_transfert"]' in '20' second(s)

14-02-2025T14:38:31 - [MESSAGE][INFO] - Checking object

14-02-2025T14:38:31 - [MESSAGE][INFO] - Checking text

14-02-2025T14:38:31 - [MESSAGE][INFO] - Finding web element from Test Object's properties

14-02-2025T14:38:31 - [MESSAGE][INFO] - Checking timeout

14-02-2025T14:38:31 - [MESSAGE][INFO] - Finding web element with id: 'Object Repository/ANEF_Eloignement_V_Nawres/Page_Prendre_Mesure_Formulaire/input_Date_Decision_Transfert' located by 'By.xpath: //input[@id="date_decision_transfert"]' in '100' second(s)

14-02-2025T14:38:31 - [MESSAGE][INFO] - Found 1 web elements with id: 'Object Repository/ANEF_Eloignement_V_Nawres/Page_Prendre_Mesure_Formulaire/input_Date_Decision_Transfert' located by 'By.xpath: //input[@id="date_decision_transfert"]' in '100' second(s)

14-02-2025T14:38:31 - [MESSAGE][INFO] - Clearing text of object 'Object Repository/ANEF_Eloignement_V_Nawres/Page_Prendre_Mesure_Formulaire/input_Date_Decision_Transfert'

14-02-2025T14:38:32 - [MESSAGE][INFO] - Finding web element from Test Object's properties

14-02-2025T14:38:32 - [MESSAGE][INFO] - Checking timeout

14-02-2025T14:38:32 - [MESSAGE][INFO] - Finding web element with id: 'Object Repository/ANEF_Eloignement_V_Nawres/Page_Prendre_Mesure_Formulaire/input_Date_Decision_Transfert' located by 'By.xpath: //input[@id="date_decision_transfert"]' in '100' second(s)

14-02-2025T14:38:32 - [MESSAGE][INFO] - Found 1 web elements with id: 'Object Repository/ANEF_Eloignement_V_Nawres/Page_Prendre_Mesure_Formulaire/input_Date_Decision_Transfert' located by 'By.xpath: //input[@id="date_decision_transfert"]' in '100' second(s)

14-02-2025T14:38:32 - [MESSAGE][INFO] - Setting text of object 'Object Repository/ANEF_Eloignement_V_Nawres/Page_Prendre_Mesure_Formulaire/input_Date_Decision_Transfert' to value '14/02/2025'

14-02-2025T14:38:33 - [MESSAGE][PASSED] - Text '14/02/2025' is set on object 'Object Repository/ANEF_Eloignement_V_Nawres/Page_Prendre_Mesure_Formulaire/input_Date_Decision_Transfert'

14-02-2025T14:38:33 - [TEST_STEP][PASSED] - selectOptionByIndex(findTestObject("Object Repository/ANEF_Eloignement_V_Nawres/Page_Prendre_Mesure_Formulaire/select_Etat_Transfert"), RandomNumberSelect, STOP_ON_FAILURE): All options with index in [5] are selected on object 'Object Repository/ANEF_Eloignement_V_Nawres/Page_Prendre_Mesure_Formulaire/select_Etat_Transfert'

14-02-2025T14:38:33 - [MESSAGE][INFO] - Finding Test Object 'Object Repository/ANEF_Eloignement_V_Nawres/Page_Prendre_Mesure_Formulaire/select_Etat_Transfert'

14-02-2025T14:38:33 - [MESSAGE][INFO] - Checking timeout

14-02-2025T14:38:33 - [MESSAGE][INFO] - Finding web element with id: 'Object Repository/ANEF_Eloignement_V_Nawres/Page_Prendre_Mesure_Formulaire/select_Etat_Transfert' located by 'By.xpath: //select[@id="etat_transfert"]' in '20' second(s)

14-02-2025T14:38:33 - [MESSAGE][INFO] - Found 1 web elements with id: 'Object Repository/ANEF_Eloignement_V_Nawres/Page_Prendre_Mesure_Formulaire/select_Etat_Transfert' located by 'By.xpath: //select[@id="etat_transfert"]' in '20' second(s)

14-02-2025T14:38:33 - [MESSAGE][INFO] - Checking object

14-02-2025T14:38:33 - [MESSAGE][INFO] - Checking index range

14-02-2025T14:38:33 - [MESSAGE][INFO] - Converting range parameter '5' to index array

14-02-2025T14:38:33 - [MESSAGE][INFO] - Range parameter '5' is converted to index array [5]

14-02-2025T14:38:33 - [MESSAGE][INFO] - Finding web element from Test Object's properties

14-02-2025T14:38:33 - [MESSAGE][INFO] - Checking timeout

14-02-2025T14:38:33 - [MESSAGE][INFO] - Finding web element with id: 'Object Repository/ANEF_Eloignement_V_Nawres/Page_Prendre_Mesure_Formulaire/select_Etat_Transfert' located by 'By.xpath: //select[@id="etat_transfert"]' in '100' second(s)

14-02-2025T14:38:33 - [MESSAGE][INFO] - Found 1 web elements with id: 'Object Repository/ANEF_Eloignement_V_Nawres/Page_Prendre_Mesure_Formulaire/select_Etat_Transfert' located by 'By.xpath: //select[@id="etat_transfert"]' in '100' second(s)

14-02-2025T14:38:33 - [MESSAGE][INFO] - Checking index parameters

14-02-2025T14:38:33 - [MESSAGE][INFO] - Selecting options on object 'Object Repository/ANEF_Eloignement_V_Nawres/Page_Prendre_Mesure_Formulaire/select_Etat_Transfert' with index in [5]

14-02-2025T14:38:34 - [MESSAGE][INFO] - Option with index 5 is selected

14-02-2025T14:38:34 - [MESSAGE][PASSED] - All options with index in [5] are selected on object 'Object Repository/ANEF_Eloignement_V_Nawres/Page_Prendre_Mesure_Formulaire/select_Etat_Transfert'

14-02-2025T14:38:34 - [TEST_STEP][PASSED] - "Ajouter un Etat Requis si  DecisionEtatTransfertDublin = 'Refus' ": null

14-02-2025T14:38:34 - [TEST_STEP][PASSED] - if (DecisionEtatTransfertDublin == "Refus"): Object: 'Object Repository/ANEF_Eloignement_V_Nawres/Page_Prendre_Mesure_Formulaire/btn_Enregistrer' is clicked on

14-02-2025T14:38:34 - [TEST_STEP][PASSED] - click(findTestObject("Object Repository/ANEF_Eloignement_V_Nawres/Page_Prendre_Mesure_Formulaire/btn_Ajouter_Etat_Requis"), STOP_ON_FAILURE): Object: 'Object Repository/ANEF_Eloignement_V_Nawres/Page_Prendre_Mesure_Formulaire/btn_Ajouter_Etat_Requis' is clicked on

14-02-2025T14:38:34 - [MESSAGE][INFO] - Finding Test Object 'Object Repository/ANEF_Eloignement_V_Nawres/Page_Prendre_Mesure_Formulaire/btn_Ajouter_Etat_Requis'

14-02-2025T14:38:34 - [MESSAGE][INFO] - Checking timeout

14-02-2025T14:38:34 - [MESSAGE][INFO] - Finding web element with id: 'Object Repository/ANEF_Eloignement_V_Nawres/Page_Prendre_Mesure_Formulaire/btn_Ajouter_Etat_Requis' located by 'By.xpath: //button[@id="btn-ajouter-etat-requis-transfert-dublin"]' in '20' second(s)

14-02-2025T14:38:34 - [MESSAGE][INFO] - Found 1 web elements with id: 'Object Repository/ANEF_Eloignement_V_Nawres/Page_Prendre_Mesure_Formulaire/btn_Ajouter_Etat_Requis' located by 'By.xpath: //button[@id="btn-ajouter-etat-requis-transfert-dublin"]' in '20' second(s)

14-02-2025T14:38:34 - [MESSAGE][INFO] - Checking object

14-02-2025T14:38:34 - [MESSAGE][INFO] - Checking timeout

14-02-2025T14:38:34 - [MESSAGE][INFO] - Finding web element from Test Object's properties

14-02-2025T14:38:34 - [MESSAGE][INFO] - Checking timeout

14-02-2025T14:38:34 - [MESSAGE][INFO] - Finding web element with id: 'Object Repository/ANEF_Eloignement_V_Nawres/Page_Prendre_Mesure_Formulaire/btn_Ajouter_Etat_Requis' located by 'By.xpath: //button[@id="btn-ajouter-etat-requis-transfert-dublin"]' in '100' second(s)

14-02-2025T14:38:34 - [MESSAGE][INFO] - Found 1 web elements with id: 'Object Repository/ANEF_Eloignement_V_Nawres/Page_Prendre_Mesure_Formulaire/btn_Ajouter_Etat_Requis' located by 'By.xpath: //button[@id="btn-ajouter-etat-requis-transfert-dublin"]' in '100' second(s)

14-02-2025T14:38:34 - [MESSAGE][INFO] - Clicking on object: 'Object Repository/ANEF_Eloignement_V_Nawres/Page_Prendre_Mesure_Formulaire/btn_Ajouter_Etat_Requis'

14-02-2025T14:38:35 - [MESSAGE][PASSED] - Object: 'Object Repository/ANEF_Eloignement_V_Nawres/Page_Prendre_Mesure_Formulaire/btn_Ajouter_Etat_Requis' is clicked on

14-02-2025T14:38:35 - [TEST_STEP][PASSED] - setText(findTestObject("Object Repository/ANEF_Eloignement_V_Nawres/Page_Prendre_Mesure_Formulaire/input_Date_Transmission_Requete_N_2"), DateActuelle, STOP_ON_FAILURE): Text '14/02/2025' is set on object 'Object Repository/ANEF_Eloignement_V_Nawres/Page_Prendre_Mesure_Formulaire/input_Date_Transmission_Requete_N_2'

14-02-2025T14:38:35 - [MESSAGE][INFO] - Finding Test Object 'Object Repository/ANEF_Eloignement_V_Nawres/Page_Prendre_Mesure_Formulaire/input_Date_Transmission_Requete_N_2'

14-02-2025T14:38:35 - [MESSAGE][INFO] - Checking timeout

14-02-2025T14:38:35 - [MESSAGE][INFO] - Finding web element with id: 'Object Repository/ANEF_Eloignement_V_Nawres/Page_Prendre_Mesure_Formulaire/input_Date_Transmission_Requete_N_2' located by 'By.xpath: (//input[@id="date_transmission_requete"])[2]' in '20' second(s)

14-02-2025T14:38:35 - [MESSAGE][INFO] - Found 1 web elements with id: 'Object Repository/ANEF_Eloignement_V_Nawres/Page_Prendre_Mesure_Formulaire/input_Date_Transmission_Requete_N_2' located by 'By.xpath: (//input[@id="date_transmission_requete"])[2]' in '20' second(s)

14-02-2025T14:38:36 - [MESSAGE][INFO] - Checking object

14-02-2025T14:38:36 - [MESSAGE][INFO] - Checking text

14-02-2025T14:38:36 - [MESSAGE][INFO] - Finding web element from Test Object's properties

14-02-2025T14:38:36 - [MESSAGE][INFO] - Checking timeout

14-02-2025T14:38:36 - [MESSAGE][INFO] - Finding web element with id: 'Object Repository/ANEF_Eloignement_V_Nawres/Page_Prendre_Mesure_Formulaire/input_Date_Transmission_Requete_N_2' located by 'By.xpath: (//input[@id="date_transmission_requete"])[2]' in '100' second(s)

14-02-2025T14:38:36 - [MESSAGE][INFO] - Found 1 web elements with id: 'Object Repository/ANEF_Eloignement_V_Nawres/Page_Prendre_Mesure_Formulaire/input_Date_Transmission_Requete_N_2' located by 'By.xpath: (//input[@id="date_transmission_requete"])[2]' in '100' second(s)

14-02-2025T14:38:36 - [MESSAGE][INFO] - Clearing text of object 'Object Repository/ANEF_Eloignement_V_Nawres/Page_Prendre_Mesure_Formulaire/input_Date_Transmission_Requete_N_2'

14-02-2025T14:38:37 - [MESSAGE][INFO] - Finding web element from Test Object's properties

14-02-2025T14:38:37 - [MESSAGE][INFO] - Checking timeout

14-02-2025T14:38:37 - [MESSAGE][INFO] - Finding web element with id: 'Object Repository/ANEF_Eloignement_V_Nawres/Page_Prendre_Mesure_Formulaire/input_Date_Transmission_Requete_N_2' located by 'By.xpath: (//input[@id="date_transmission_requete"])[2]' in '100' second(s)

14-02-2025T14:38:37 - [MESSAGE][INFO] - Found 1 web elements with id: 'Object Repository/ANEF_Eloignement_V_Nawres/Page_Prendre_Mesure_Formulaire/input_Date_Transmission_Requete_N_2' located by 'By.xpath: (//input[@id="date_transmission_requete"])[2]' in '100' second(s)

14-02-2025T14:38:37 - [MESSAGE][INFO] - Setting text of object 'Object Repository/ANEF_Eloignement_V_Nawres/Page_Prendre_Mesure_Formulaire/input_Date_Transmission_Requete_N_2' to value '14/02/2025'

14-02-2025T14:38:38 - [MESSAGE][PASSED] - Text '14/02/2025' is set on object 'Object Repository/ANEF_Eloignement_V_Nawres/Page_Prendre_Mesure_Formulaire/input_Date_Transmission_Requete_N_2'

14-02-2025T14:38:38 - [TEST_STEP][PASSED] - selectOptionByIndex(findTestObject("Object Repository/ANEF_Eloignement_V_Nawres/Page_Prendre_Mesure_Formulaire/select_Etat_Requis_N_2"), RandomNumberSelect, STOP_ON_FAILURE): All options with index in [5] are selected on object 'Object Repository/ANEF_Eloignement_V_Nawres/Page_Prendre_Mesure_Formulaire/select_Etat_Requis_N_2'

14-02-2025T14:38:38 - [MESSAGE][INFO] - Finding Test Object 'Object Repository/ANEF_Eloignement_V_Nawres/Page_Prendre_Mesure_Formulaire/select_Etat_Requis_N_2'

14-02-2025T14:38:38 - [MESSAGE][INFO] - Checking timeout

14-02-2025T14:38:38 - [MESSAGE][INFO] - Finding web element with id: 'Object Repository/ANEF_Eloignement_V_Nawres/Page_Prendre_Mesure_Formulaire/select_Etat_Requis_N_2' located by 'By.xpath: (//select[@name="pays"])[2]' in '20' second(s)

14-02-2025T14:38:38 - [MESSAGE][INFO] - Found 1 web elements with id: 'Object Repository/ANEF_Eloignement_V_Nawres/Page_Prendre_Mesure_Formulaire/select_Etat_Requis_N_2' located by 'By.xpath: (//select[@name="pays"])[2]' in '20' second(s)

14-02-2025T14:38:38 - [MESSAGE][INFO] - Checking object

14-02-2025T14:38:38 - [MESSAGE][INFO] - Checking index range

14-02-2025T14:38:38 - [MESSAGE][INFO] - Converting range parameter '5' to index array

14-02-2025T14:38:38 - [MESSAGE][INFO] - Range parameter '5' is converted to index array [5]

14-02-2025T14:38:38 - [MESSAGE][INFO] - Finding web element from Test Object's properties

14-02-2025T14:38:38 - [MESSAGE][INFO] - Checking timeout

14-02-2025T14:38:38 - [MESSAGE][INFO] - Finding web element with id: 'Object Repository/ANEF_Eloignement_V_Nawres/Page_Prendre_Mesure_Formulaire/select_Etat_Requis_N_2' located by 'By.xpath: (//select[@name="pays"])[2]' in '100' second(s)

14-02-2025T14:38:38 - [MESSAGE][INFO] - Found 1 web elements with id: 'Object Repository/ANEF_Eloignement_V_Nawres/Page_Prendre_Mesure_Formulaire/select_Etat_Requis_N_2' located by 'By.xpath: (//select[@name="pays"])[2]' in '100' second(s)

14-02-2025T14:38:38 - [MESSAGE][INFO] - Checking index parameters

14-02-2025T14:38:38 - [MESSAGE][INFO] - Selecting options on object 'Object Repository/ANEF_Eloignement_V_Nawres/Page_Prendre_Mesure_Formulaire/select_Etat_Requis_N_2' with index in [5]

14-02-2025T14:38:39 - [MESSAGE][INFO] - Option with index 5 is selected

14-02-2025T14:38:39 - [MESSAGE][PASSED] - All options with index in [5] are selected on object 'Object Repository/ANEF_Eloignement_V_Nawres/Page_Prendre_Mesure_Formulaire/select_Etat_Requis_N_2'

14-02-2025T14:38:39 - [TEST_STEP][PASSED] - setText(findTestObject("Object Repository/ANEF_Eloignement_V_Nawres/Page_Prendre_Mesure_Formulaire/input_Date_Reponse_Etat_Requis_N_2"), DateActuelle, STOP_ON_FAILURE): Text '14/02/2025' is set on object 'Object Repository/ANEF_Eloignement_V_Nawres/Page_Prendre_Mesure_Formulaire/input_Date_Reponse_Etat_Requis_N_2'

14-02-2025T14:38:39 - [MESSAGE][INFO] - Finding Test Object 'Object Repository/ANEF_Eloignement_V_Nawres/Page_Prendre_Mesure_Formulaire/input_Date_Reponse_Etat_Requis_N_2'

14-02-2025T14:38:39 - [MESSAGE][INFO] - Checking timeout

14-02-2025T14:38:39 - [MESSAGE][INFO] - Finding web element with id: 'Object Repository/ANEF_Eloignement_V_Nawres/Page_Prendre_Mesure_Formulaire/input_Date_Reponse_Etat_Requis_N_2' located by 'By.xpath: (//input[@id="date_reponse"])[2]' in '20' second(s)

14-02-2025T14:38:39 - [MESSAGE][INFO] - Found 1 web elements with id: 'Object Repository/ANEF_Eloignement_V_Nawres/Page_Prendre_Mesure_Formulaire/input_Date_Reponse_Etat_Requis_N_2' located by 'By.xpath: (//input[@id="date_reponse"])[2]' in '20' second(s)

14-02-2025T14:38:39 - [MESSAGE][INFO] - Checking object

14-02-2025T14:38:39 - [MESSAGE][INFO] - Checking text

14-02-2025T14:38:39 - [MESSAGE][INFO] - Finding web element from Test Object's properties

14-02-2025T14:38:39 - [MESSAGE][INFO] - Checking timeout

14-02-2025T14:38:39 - [MESSAGE][INFO] - Finding web element with id: 'Object Repository/ANEF_Eloignement_V_Nawres/Page_Prendre_Mesure_Formulaire/input_Date_Reponse_Etat_Requis_N_2' located by 'By.xpath: (//input[@id="date_reponse"])[2]' in '100' second(s)

14-02-2025T14:38:39 - [MESSAGE][INFO] - Found 1 web elements with id: 'Object Repository/ANEF_Eloignement_V_Nawres/Page_Prendre_Mesure_Formulaire/input_Date_Reponse_Etat_Requis_N_2' located by 'By.xpath: (//input[@id="date_reponse"])[2]' in '100' second(s)

14-02-2025T14:38:39 - [MESSAGE][INFO] - Clearing text of object 'Object Repository/ANEF_Eloignement_V_Nawres/Page_Prendre_Mesure_Formulaire/input_Date_Reponse_Etat_Requis_N_2'

14-02-2025T14:38:40 - [MESSAGE][INFO] - Finding web element from Test Object's properties

14-02-2025T14:38:40 - [MESSAGE][INFO] - Checking timeout

14-02-2025T14:38:40 - [MESSAGE][INFO] - Finding web element with id: 'Object Repository/ANEF_Eloignement_V_Nawres/Page_Prendre_Mesure_Formulaire/input_Date_Reponse_Etat_Requis_N_2' located by 'By.xpath: (//input[@id="date_reponse"])[2]' in '100' second(s)

14-02-2025T14:38:40 - [MESSAGE][INFO] - Found 1 web elements with id: 'Object Repository/ANEF_Eloignement_V_Nawres/Page_Prendre_Mesure_Formulaire/input_Date_Reponse_Etat_Requis_N_2' located by 'By.xpath: (//input[@id="date_reponse"])[2]' in '100' second(s)

14-02-2025T14:38:40 - [MESSAGE][INFO] - Setting text of object 'Object Repository/ANEF_Eloignement_V_Nawres/Page_Prendre_Mesure_Formulaire/input_Date_Reponse_Etat_Requis_N_2' to value '14/02/2025'

14-02-2025T14:38:41 - [MESSAGE][PASSED] - Text '14/02/2025' is set on object 'Object Repository/ANEF_Eloignement_V_Nawres/Page_Prendre_Mesure_Formulaire/input_Date_Reponse_Etat_Requis_N_2'

14-02-2025T14:38:41 - [TEST_STEP][PASSED] - selectOptionByLabel(findTestObject("Object Repository/ANEF_Eloignement_V_Nawres/Page_Prendre_Mesure_Formulaire/select_Decision_Etat_Requis_N_2"), "Accord", false, STOP_ON_FAILURE): All options with label 'Accord' are selected in object 'Object Repository/ANEF_Eloignement_V_Nawres/Page_Prendre_Mesure_Formulaire/select_Decision_Etat_Requis_N_2' 

14-02-2025T14:38:41 - [MESSAGE][INFO] - Finding Test Object 'Object Repository/ANEF_Eloignement_V_Nawres/Page_Prendre_Mesure_Formulaire/select_Decision_Etat_Requis_N_2'

14-02-2025T14:38:41 - [MESSAGE][INFO] - Checking timeout

14-02-2025T14:38:41 - [MESSAGE][INFO] - Finding web element with id: 'Object Repository/ANEF_Eloignement_V_Nawres/Page_Prendre_Mesure_Formulaire/select_Decision_Etat_Requis_N_2' located by 'By.xpath: (//select[@name="decision"])[2]' in '20' second(s)

14-02-2025T14:38:41 - [MESSAGE][INFO] - Found 1 web elements with id: 'Object Repository/ANEF_Eloignement_V_Nawres/Page_Prendre_Mesure_Formulaire/select_Decision_Etat_Requis_N_2' located by 'By.xpath: (//select[@name="decision"])[2]' in '20' second(s)

14-02-2025T14:38:41 - [MESSAGE][INFO] - Checking object

14-02-2025T14:38:41 - [MESSAGE][INFO] - Checking label parameter

14-02-2025T14:38:41 - [MESSAGE][INFO] - Finding web element from Test Object's properties

14-02-2025T14:38:41 - [MESSAGE][INFO] - Checking timeout

14-02-2025T14:38:41 - [MESSAGE][INFO] - Finding web element with id: 'Object Repository/ANEF_Eloignement_V_Nawres/Page_Prendre_Mesure_Formulaire/select_Decision_Etat_Requis_N_2' located by 'By.xpath: (//select[@name="decision"])[2]' in '100' second(s)

14-02-2025T14:38:41 - [MESSAGE][INFO] - Found 1 web elements with id: 'Object Repository/ANEF_Eloignement_V_Nawres/Page_Prendre_Mesure_Formulaire/select_Decision_Etat_Requis_N_2' located by 'By.xpath: (//select[@name="decision"])[2]' in '100' second(s)

14-02-2025T14:38:41 - [MESSAGE][INFO] - Selecting options on object 'Object Repository/ANEF_Eloignement_V_Nawres/Page_Prendre_Mesure_Formulaire/select_Decision_Etat_Requis_N_2' with label 'Accord' 

14-02-2025T14:38:42 - [MESSAGE][PASSED] - All options with label 'Accord' are selected in object 'Object Repository/ANEF_Eloignement_V_Nawres/Page_Prendre_Mesure_Formulaire/select_Decision_Etat_Requis_N_2' 

14-02-2025T14:38:42 - [TEST_STEP][PASSED] - setText(findTestObject("Object Repository/ANEF_Eloignement_V_Nawres/Page_Prendre_Mesure_Formulaire/input_Date_Demande_Reexamen_N_2"), DateActuelle, STOP_ON_FAILURE): Text '14/02/2025' is set on object 'Object Repository/ANEF_Eloignement_V_Nawres/Page_Prendre_Mesure_Formulaire/input_Date_Demande_Reexamen_N_2'

14-02-2025T14:38:42 - [MESSAGE][INFO] - Finding Test Object 'Object Repository/ANEF_Eloignement_V_Nawres/Page_Prendre_Mesure_Formulaire/input_Date_Demande_Reexamen_N_2'

14-02-2025T14:38:42 - [MESSAGE][INFO] - Checking timeout

14-02-2025T14:38:42 - [MESSAGE][INFO] - Finding web element with id: 'Object Repository/ANEF_Eloignement_V_Nawres/Page_Prendre_Mesure_Formulaire/input_Date_Demande_Reexamen_N_2' located by 'By.xpath: (//input[@id="date_demande_reexamen"])[2]' in '20' second(s)

14-02-2025T14:38:42 - [MESSAGE][INFO] - Found 1 web elements with id: 'Object Repository/ANEF_Eloignement_V_Nawres/Page_Prendre_Mesure_Formulaire/input_Date_Demande_Reexamen_N_2' located by 'By.xpath: (//input[@id="date_demande_reexamen"])[2]' in '20' second(s)

14-02-2025T14:38:42 - [MESSAGE][INFO] - Checking object

14-02-2025T14:38:42 - [MESSAGE][INFO] - Checking text

14-02-2025T14:38:42 - [MESSAGE][INFO] - Finding web element from Test Object's properties

14-02-2025T14:38:42 - [MESSAGE][INFO] - Checking timeout

14-02-2025T14:38:42 - [MESSAGE][INFO] - Finding web element with id: 'Object Repository/ANEF_Eloignement_V_Nawres/Page_Prendre_Mesure_Formulaire/input_Date_Demande_Reexamen_N_2' located by 'By.xpath: (//input[@id="date_demande_reexamen"])[2]' in '100' second(s)

14-02-2025T14:38:42 - [MESSAGE][INFO] - Found 1 web elements with id: 'Object Repository/ANEF_Eloignement_V_Nawres/Page_Prendre_Mesure_Formulaire/input_Date_Demande_Reexamen_N_2' located by 'By.xpath: (//input[@id="date_demande_reexamen"])[2]' in '100' second(s)

14-02-2025T14:38:42 - [MESSAGE][INFO] - Clearing text of object 'Object Repository/ANEF_Eloignement_V_Nawres/Page_Prendre_Mesure_Formulaire/input_Date_Demande_Reexamen_N_2'

14-02-2025T14:38:44 - [MESSAGE][INFO] - Finding web element from Test Object's properties

14-02-2025T14:38:44 - [MESSAGE][INFO] - Checking timeout

14-02-2025T14:38:44 - [MESSAGE][INFO] - Finding web element with id: 'Object Repository/ANEF_Eloignement_V_Nawres/Page_Prendre_Mesure_Formulaire/input_Date_Demande_Reexamen_N_2' located by 'By.xpath: (//input[@id="date_demande_reexamen"])[2]' in '100' second(s)

14-02-2025T14:38:44 - [MESSAGE][INFO] - Found 1 web elements with id: 'Object Repository/ANEF_Eloignement_V_Nawres/Page_Prendre_Mesure_Formulaire/input_Date_Demande_Reexamen_N_2' located by 'By.xpath: (//input[@id="date_demande_reexamen"])[2]' in '100' second(s)

14-02-2025T14:38:44 - [MESSAGE][INFO] - Setting text of object 'Object Repository/ANEF_Eloignement_V_Nawres/Page_Prendre_Mesure_Formulaire/input_Date_Demande_Reexamen_N_2' to value '14/02/2025'

14-02-2025T14:38:45 - [MESSAGE][PASSED] - Text '14/02/2025' is set on object 'Object Repository/ANEF_Eloignement_V_Nawres/Page_Prendre_Mesure_Formulaire/input_Date_Demande_Reexamen_N_2'

14-02-2025T14:38:45 - [TEST_STEP][PASSED] - setText(findTestObject("Object Repository/ANEF_Eloignement_V_Nawres/Page_Prendre_Mesure_Formulaire/input_Date_Fin_Validite_N_2"), DateActuelle, STOP_ON_FAILURE): Text '14/02/2025' is set on object 'Object Repository/ANEF_Eloignement_V_Nawres/Page_Prendre_Mesure_Formulaire/input_Date_Fin_Validite_N_2'

14-02-2025T14:38:45 - [MESSAGE][INFO] - Finding Test Object 'Object Repository/ANEF_Eloignement_V_Nawres/Page_Prendre_Mesure_Formulaire/input_Date_Fin_Validite_N_2'

14-02-2025T14:38:45 - [MESSAGE][INFO] - Checking timeout

14-02-2025T14:38:45 - [MESSAGE][INFO] - Finding web element with id: 'Object Repository/ANEF_Eloignement_V_Nawres/Page_Prendre_Mesure_Formulaire/input_Date_Fin_Validite_N_2' located by 'By.xpath: (//input[@id="date_fin_validite"])[2]' in '20' second(s)

14-02-2025T14:38:45 - [MESSAGE][INFO] - Found 1 web elements with id: 'Object Repository/ANEF_Eloignement_V_Nawres/Page_Prendre_Mesure_Formulaire/input_Date_Fin_Validite_N_2' located by 'By.xpath: (//input[@id="date_fin_validite"])[2]' in '20' second(s)

14-02-2025T14:38:45 - [MESSAGE][INFO] - Checking object

14-02-2025T14:38:45 - [MESSAGE][INFO] - Checking text

14-02-2025T14:38:45 - [MESSAGE][INFO] - Finding web element from Test Object's properties

14-02-2025T14:38:45 - [MESSAGE][INFO] - Checking timeout

14-02-2025T14:38:45 - [MESSAGE][INFO] - Finding web element with id: 'Object Repository/ANEF_Eloignement_V_Nawres/Page_Prendre_Mesure_Formulaire/input_Date_Fin_Validite_N_2' located by 'By.xpath: (//input[@id="date_fin_validite"])[2]' in '100' second(s)

14-02-2025T14:38:45 - [MESSAGE][INFO] - Found 1 web elements with id: 'Object Repository/ANEF_Eloignement_V_Nawres/Page_Prendre_Mesure_Formulaire/input_Date_Fin_Validite_N_2' located by 'By.xpath: (//input[@id="date_fin_validite"])[2]' in '100' second(s)

14-02-2025T14:38:45 - [MESSAGE][INFO] - Clearing text of object 'Object Repository/ANEF_Eloignement_V_Nawres/Page_Prendre_Mesure_Formulaire/input_Date_Fin_Validite_N_2'

14-02-2025T14:38:46 - [MESSAGE][INFO] - Finding web element from Test Object's properties

14-02-2025T14:38:46 - [MESSAGE][INFO] - Checking timeout

14-02-2025T14:38:46 - [MESSAGE][INFO] - Finding web element with id: 'Object Repository/ANEF_Eloignement_V_Nawres/Page_Prendre_Mesure_Formulaire/input_Date_Fin_Validite_N_2' located by 'By.xpath: (//input[@id="date_fin_validite"])[2]' in '100' second(s)

14-02-2025T14:38:46 - [MESSAGE][INFO] - Found 1 web elements with id: 'Object Repository/ANEF_Eloignement_V_Nawres/Page_Prendre_Mesure_Formulaire/input_Date_Fin_Validite_N_2' located by 'By.xpath: (//input[@id="date_fin_validite"])[2]' in '100' second(s)

14-02-2025T14:38:46 - [MESSAGE][INFO] - Setting text of object 'Object Repository/ANEF_Eloignement_V_Nawres/Page_Prendre_Mesure_Formulaire/input_Date_Fin_Validite_N_2' to value '14/02/2025'

14-02-2025T14:38:47 - [MESSAGE][PASSED] - Text '14/02/2025' is set on object 'Object Repository/ANEF_Eloignement_V_Nawres/Page_Prendre_Mesure_Formulaire/input_Date_Fin_Validite_N_2'

14-02-2025T14:38:47 - [TEST_STEP][PASSED] - setText(findTestObject("Object Repository/ANEF_Eloignement_V_Nawres/Page_Prendre_Mesure_Formulaire/input_Date_Decision_Transfert_N_2"), DateActuelle, STOP_ON_FAILURE): Text '14/02/2025' is set on object 'Object Repository/ANEF_Eloignement_V_Nawres/Page_Prendre_Mesure_Formulaire/input_Date_Decision_Transfert_N_2'

14-02-2025T14:38:47 - [MESSAGE][INFO] - Finding Test Object 'Object Repository/ANEF_Eloignement_V_Nawres/Page_Prendre_Mesure_Formulaire/input_Date_Decision_Transfert_N_2'

14-02-2025T14:38:47 - [MESSAGE][INFO] - Checking timeout

14-02-2025T14:38:47 - [MESSAGE][INFO] - Finding web element with id: 'Object Repository/ANEF_Eloignement_V_Nawres/Page_Prendre_Mesure_Formulaire/input_Date_Decision_Transfert_N_2' located by 'By.xpath: (//input[@id="date_decision_transfert"])[2]' in '20' second(s)

14-02-2025T14:38:47 - [MESSAGE][INFO] - Found 1 web elements with id: 'Object Repository/ANEF_Eloignement_V_Nawres/Page_Prendre_Mesure_Formulaire/input_Date_Decision_Transfert_N_2' located by 'By.xpath: (//input[@id="date_decision_transfert"])[2]' in '20' second(s)

14-02-2025T14:38:47 - [MESSAGE][INFO] - Checking object

14-02-2025T14:38:47 - [MESSAGE][INFO] - Checking text

14-02-2025T14:38:47 - [MESSAGE][INFO] - Finding web element from Test Object's properties

14-02-2025T14:38:47 - [MESSAGE][INFO] - Checking timeout

14-02-2025T14:38:47 - [MESSAGE][INFO] - Finding web element with id: 'Object Repository/ANEF_Eloignement_V_Nawres/Page_Prendre_Mesure_Formulaire/input_Date_Decision_Transfert_N_2' located by 'By.xpath: (//input[@id="date_decision_transfert"])[2]' in '100' second(s)

14-02-2025T14:38:47 - [MESSAGE][INFO] - Found 1 web elements with id: 'Object Repository/ANEF_Eloignement_V_Nawres/Page_Prendre_Mesure_Formulaire/input_Date_Decision_Transfert_N_2' located by 'By.xpath: (//input[@id="date_decision_transfert"])[2]' in '100' second(s)

14-02-2025T14:38:47 - [MESSAGE][INFO] - Clearing text of object 'Object Repository/ANEF_Eloignement_V_Nawres/Page_Prendre_Mesure_Formulaire/input_Date_Decision_Transfert_N_2'

14-02-2025T14:38:48 - [MESSAGE][INFO] - Finding web element from Test Object's properties

14-02-2025T14:38:48 - [MESSAGE][INFO] - Checking timeout

14-02-2025T14:38:48 - [MESSAGE][INFO] - Finding web element with id: 'Object Repository/ANEF_Eloignement_V_Nawres/Page_Prendre_Mesure_Formulaire/input_Date_Decision_Transfert_N_2' located by 'By.xpath: (//input[@id="date_decision_transfert"])[2]' in '100' second(s)

14-02-2025T14:38:48 - [MESSAGE][INFO] - Found 1 web elements with id: 'Object Repository/ANEF_Eloignement_V_Nawres/Page_Prendre_Mesure_Formulaire/input_Date_Decision_Transfert_N_2' located by 'By.xpath: (//input[@id="date_decision_transfert"])[2]' in '100' second(s)

14-02-2025T14:38:48 - [MESSAGE][INFO] - Setting text of object 'Object Repository/ANEF_Eloignement_V_Nawres/Page_Prendre_Mesure_Formulaire/input_Date_Decision_Transfert_N_2' to value '14/02/2025'

14-02-2025T14:38:49 - [MESSAGE][PASSED] - Text '14/02/2025' is set on object 'Object Repository/ANEF_Eloignement_V_Nawres/Page_Prendre_Mesure_Formulaire/input_Date_Decision_Transfert_N_2'

14-02-2025T14:38:49 - [TEST_STEP][PASSED] - click(findTestObject("Object Repository/ANEF_Eloignement_V_Nawres/Page_Prendre_Mesure_Formulaire/btn_Enregistrer"), STOP_ON_FAILURE): Object: 'Object Repository/ANEF_Eloignement_V_Nawres/Page_Prendre_Mesure_Formulaire/btn_Enregistrer' is clicked on

14-02-2025T14:38:49 - [MESSAGE][INFO] - Finding Test Object 'Object Repository/ANEF_Eloignement_V_Nawres/Page_Prendre_Mesure_Formulaire/btn_Enregistrer'

14-02-2025T14:38:49 - [MESSAGE][INFO] - Checking timeout

14-02-2025T14:38:49 - [MESSAGE][INFO] - Finding web element with id: 'Object Repository/ANEF_Eloignement_V_Nawres/Page_Prendre_Mesure_Formulaire/btn_Enregistrer' located by 'By.xpath: //button[contains(text(),"Enregistrer")]' in '20' second(s)

14-02-2025T14:38:49 - [MESSAGE][INFO] - Found 1 web elements with id: 'Object Repository/ANEF_Eloignement_V_Nawres/Page_Prendre_Mesure_Formulaire/btn_Enregistrer' located by 'By.xpath: //button[contains(text(),"Enregistrer")]' in '20' second(s)

14-02-2025T14:38:49 - [MESSAGE][INFO] - Checking object

14-02-2025T14:38:49 - [MESSAGE][INFO] - Checking timeout

14-02-2025T14:38:49 - [MESSAGE][INFO] - Finding web element from Test Object's properties

14-02-2025T14:38:49 - [MESSAGE][INFO] - Checking timeout

14-02-2025T14:38:49 - [MESSAGE][INFO] - Finding web element with id: 'Object Repository/ANEF_Eloignement_V_Nawres/Page_Prendre_Mesure_Formulaire/btn_Enregistrer' located by 'By.xpath: //button[contains(text(),"Enregistrer")]' in '100' second(s)

14-02-2025T14:38:49 - [MESSAGE][INFO] - Found 1 web elements with id: 'Object Repository/ANEF_Eloignement_V_Nawres/Page_Prendre_Mesure_Formulaire/btn_Enregistrer' located by 'By.xpath: //button[contains(text(),"Enregistrer")]' in '100' second(s)

14-02-2025T14:38:49 - [MESSAGE][INFO] - Clicking on object: 'Object Repository/ANEF_Eloignement_V_Nawres/Page_Prendre_Mesure_Formulaire/btn_Enregistrer'

14-02-2025T14:38:50 - [MESSAGE][PASSED] - Object: 'Object Repository/ANEF_Eloignement_V_Nawres/Page_Prendre_Mesure_Formulaire/btn_Enregistrer' is clicked on

14-02-2025T14:38:50 - [TEST_STEP][PASSED] - if (Mesure == "ExecutionFicheSIS"): null

14-02-2025T14:38:50 - [TEST_STEP][PASSED] - if (Mesure == "IAT"): null

14-02-2025T14:38:50 - [TEST_STEP][PASSED] - if (Mesure == "ITF"): null

14-02-2025T14:38:51 - [TEST_STEP][PASSED] - click(findTestObject("Object Repository/ANEF_Eloignement_V_Nawres/Page_Prendre_Mesure_Formulaire/btn_Enregistrer"), STOP_ON_FAILURE): Object: 'Object Repository/ANEF_Eloignement_V_Nawres/Page_Prendre_Mesure_Formulaire/btn_Enregistrer' is clicked on

14-02-2025T14:38:51 - [MESSAGE][INFO] - Finding Test Object 'Object Repository/ANEF_Eloignement_V_Nawres/Page_Prendre_Mesure_Formulaire/btn_Enregistrer'

14-02-2025T14:38:51 - [MESSAGE][INFO] - Checking timeout

14-02-2025T14:38:51 - [MESSAGE][INFO] - Finding web element with id: 'Object Repository/ANEF_Eloignement_V_Nawres/Page_Prendre_Mesure_Formulaire/btn_Enregistrer' located by 'By.xpath: //button[contains(text(),"Enregistrer")]' in '20' second(s)

14-02-2025T14:38:51 - [MESSAGE][INFO] - Found 1 web elements with id: 'Object Repository/ANEF_Eloignement_V_Nawres/Page_Prendre_Mesure_Formulaire/btn_Enregistrer' located by 'By.xpath: //button[contains(text(),"Enregistrer")]' in '20' second(s)

14-02-2025T14:38:51 - [MESSAGE][INFO] - Checking object

14-02-2025T14:38:51 - [MESSAGE][INFO] - Checking timeout

14-02-2025T14:38:51 - [MESSAGE][INFO] - Finding web element from Test Object's properties

14-02-2025T14:38:51 - [MESSAGE][INFO] - Checking timeout

14-02-2025T14:38:51 - [MESSAGE][INFO] - Finding web element with id: 'Object Repository/ANEF_Eloignement_V_Nawres/Page_Prendre_Mesure_Formulaire/btn_Enregistrer' located by 'By.xpath: //button[contains(text(),"Enregistrer")]' in '100' second(s)

14-02-2025T14:38:51 - [MESSAGE][INFO] - Found 1 web elements with id: 'Object Repository/ANEF_Eloignement_V_Nawres/Page_Prendre_Mesure_Formulaire/btn_Enregistrer' located by 'By.xpath: //button[contains(text(),"Enregistrer")]' in '100' second(s)

14-02-2025T14:38:51 - [MESSAGE][INFO] - Clicking on object: 'Object Repository/ANEF_Eloignement_V_Nawres/Page_Prendre_Mesure_Formulaire/btn_Enregistrer'

14-02-2025T14:38:52 - [MESSAGE][PASSED] - Object: 'Object Repository/ANEF_Eloignement_V_Nawres/Page_Prendre_Mesure_Formulaire/btn_Enregistrer' is clicked on

14-02-2025T14:38:52 - [MESSAGE][PASSED] - Call Test Case 'Test Cases/Test Reutilisable/Main/ANEF_Eloignement_V_Nawres/ANEF_Prendre_Mesure_Formulaire' successfully

14-02-2025T14:38:52 - [MESSAGE][PASSED] - Call Test Case 'Test Cases/Test Reutilisable/Main/ANEF_Eloignement_V_Nawres/ANEF_Prendre_Mesure' successfully

14-02-2025T14:38:52 - [TEST_STEP][PASSED] - callTestCase(findTestCase("Test Cases/Test Reutilisable/Main/ANEF_Eloignement_V_Nawres/ANEF_Ajouter_Decision"), ["ModeNotification":ModeNotification], STOP_ON_FAILURE): Call Test Case 'Test Cases/Test Reutilisable/Main/ANEF_Eloignement_V_Nawres/ANEF_Ajouter_Decision' successfully

14-02-2025T14:38:52 - [MESSAGE][INFO] - Checking called Test Case

14-02-2025T14:38:52 - [MESSAGE][INFO] - Starting to call Test Case 'Test Cases/Test Reutilisable/Main/ANEF_Eloignement_V_Nawres/ANEF_Ajouter_Decision'

14-02-2025T14:38:52 - [TEST_CASE][PASSED] - Test Cases/Test Reutilisable/Main/ANEF_Eloignement_V_Nawres/ANEF_Ajouter_Decision: Test Cases/Test Reutilisable/Main/ANEF_Eloignement_V_Nawres/ANEF_Ajouter_Decision

14-02-2025T14:38:52 - [TEST_STEP][PASSED] - calendar = Calendar.getInstance(): null

14-02-2025T14:38:52 - [TEST_STEP][PASSED] - currentDate = calendar.getTime(): null

14-02-2025T14:38:52 - [TEST_STEP][PASSED] - sdf = new java.text.SimpleDateFormat(dd/MM/yyyy): null

14-02-2025T14:38:52 - [TEST_STEP][PASSED] - formattedDate = sdf.format(currentDate): null

14-02-2025T14:38:52 - [TEST_STEP][PASSED] - DateActuelle = formattedDate.toString(): null

14-02-2025T14:38:52 - [TEST_STEP][PASSED] - println(DateActuelle): null

14-02-2025T14:38:52 - [TEST_STEP][PASSED] - waitForElementClickable(findTestObject("Object Repository/ANEF_Eloignement_V_Nawres/Page_Ajouter_Decision/btn_Ajouter_Decision"), 20, STOP_ON_FAILURE): Object 'Object Repository/ANEF_Eloignement_V_Nawres/Page_Ajouter_Decision/btn_Ajouter_Decision' is clickable

14-02-2025T14:38:52 - [MESSAGE][INFO] - Finding Test Object 'Object Repository/ANEF_Eloignement_V_Nawres/Page_Ajouter_Decision/btn_Ajouter_Decision'

14-02-2025T14:38:52 - [MESSAGE][INFO] - Checking object

14-02-2025T14:38:52 - [MESSAGE][INFO] - Checking timeout

14-02-2025T14:38:52 - [MESSAGE][INFO] - Finding web element from Test Object's properties

14-02-2025T14:38:52 - [MESSAGE][INFO] - Checking timeout

14-02-2025T14:38:52 - [MESSAGE][INFO] - Finding web element with id: 'Object Repository/ANEF_Eloignement_V_Nawres/Page_Ajouter_Decision/btn_Ajouter_Decision' located by 'By.xpath: //button[contains(text(),"Ajouter une dÃ©cision")]' in '20' second(s)

14-02-2025T14:38:52 - [MESSAGE][INFO] - Found 1 web elements with id: 'Object Repository/ANEF_Eloignement_V_Nawres/Page_Ajouter_Decision/btn_Ajouter_Decision' located by 'By.xpath: //button[contains(text(),"Ajouter une dÃ©cision")]' in '20' second(s)

14-02-2025T14:38:52 - [MESSAGE][PASSED] - Object 'Object Repository/ANEF_Eloignement_V_Nawres/Page_Ajouter_Decision/btn_Ajouter_Decision' is clickable

14-02-2025T14:38:52 - [TEST_STEP][PASSED] - click(findTestObject("Object Repository/ANEF_Eloignement_V_Nawres/Page_Ajouter_Decision/btn_Ajouter_Decision"), STOP_ON_FAILURE): Object: 'Object Repository/ANEF_Eloignement_V_Nawres/Page_Ajouter_Decision/btn_Ajouter_Decision' is clicked on

14-02-2025T14:38:52 - [MESSAGE][INFO] - Finding Test Object 'Object Repository/ANEF_Eloignement_V_Nawres/Page_Ajouter_Decision/btn_Ajouter_Decision'

14-02-2025T14:38:52 - [MESSAGE][INFO] - Checking timeout

14-02-2025T14:38:52 - [MESSAGE][INFO] - Finding web element with id: 'Object Repository/ANEF_Eloignement_V_Nawres/Page_Ajouter_Decision/btn_Ajouter_Decision' located by 'By.xpath: //button[contains(text(),"Ajouter une dÃ©cision")]' in '20' second(s)

14-02-2025T14:38:52 - [MESSAGE][INFO] - Found 1 web elements with id: 'Object Repository/ANEF_Eloignement_V_Nawres/Page_Ajouter_Decision/btn_Ajouter_Decision' located by 'By.xpath: //button[contains(text(),"Ajouter une dÃ©cision")]' in '20' second(s)

14-02-2025T14:38:52 - [MESSAGE][INFO] - Checking object

14-02-2025T14:38:52 - [MESSAGE][INFO] - Checking timeout

14-02-2025T14:38:52 - [MESSAGE][INFO] - Finding web element from Test Object's properties

14-02-2025T14:38:52 - [MESSAGE][INFO] - Checking timeout

14-02-2025T14:38:52 - [MESSAGE][INFO] - Finding web element with id: 'Object Repository/ANEF_Eloignement_V_Nawres/Page_Ajouter_Decision/btn_Ajouter_Decision' located by 'By.xpath: //button[contains(text(),"Ajouter une dÃ©cision")]' in '100' second(s)

14-02-2025T14:38:52 - [MESSAGE][INFO] - Found 1 web elements with id: 'Object Repository/ANEF_Eloignement_V_Nawres/Page_Ajouter_Decision/btn_Ajouter_Decision' located by 'By.xpath: //button[contains(text(),"Ajouter une dÃ©cision")]' in '100' second(s)

14-02-2025T14:38:52 - [MESSAGE][INFO] - Clicking on object: 'Object Repository/ANEF_Eloignement_V_Nawres/Page_Ajouter_Decision/btn_Ajouter_Decision'

14-02-2025T14:38:53 - [MESSAGE][PASSED] - Object: 'Object Repository/ANEF_Eloignement_V_Nawres/Page_Ajouter_Decision/btn_Ajouter_Decision' is clicked on

14-02-2025T14:38:53 - [TEST_STEP][PASSED] - scrollToElement(findTestObject("Object Repository/ANEF_Eloignement_V_Nawres/Page_Ajouter_Decision/btn_Confirmer_Ajout_Decision"), 5, STOP_ON_FAILURE): Scroll to object 'Object Repository/ANEF_Eloignement_V_Nawres/Page_Ajouter_Decision/btn_Confirmer_Ajout_Decision' successfully

14-02-2025T14:38:53 - [MESSAGE][INFO] - Finding Test Object 'Object Repository/ANEF_Eloignement_V_Nawres/Page_Ajouter_Decision/btn_Confirmer_Ajout_Decision'

14-02-2025T14:38:53 - [MESSAGE][INFO] - Checking object

14-02-2025T14:38:53 - [MESSAGE][INFO] - Checking timeout

14-02-2025T14:38:53 - [MESSAGE][INFO] - Finding web element from Test Object's properties

14-02-2025T14:38:53 - [MESSAGE][INFO] - Checking timeout

14-02-2025T14:38:53 - [MESSAGE][INFO] - Finding web element with id: 'Object Repository/ANEF_Eloignement_V_Nawres/Page_Ajouter_Decision/btn_Confirmer_Ajout_Decision' located by 'By.xpath: //button[contains(text()," Confirmer l'ajout")]' in '100' second(s)

14-02-2025T14:38:53 - [MESSAGE][INFO] - Found 1 web elements with id: 'Object Repository/ANEF_Eloignement_V_Nawres/Page_Ajouter_Decision/btn_Confirmer_Ajout_Decision' located by 'By.xpath: //button[contains(text()," Confirmer l'ajout")]' in '100' second(s)

14-02-2025T14:38:53 - [MESSAGE][INFO] - Scrolling to object 'Object Repository/ANEF_Eloignement_V_Nawres/Page_Ajouter_Decision/btn_Confirmer_Ajout_Decision'

14-02-2025T14:38:53 - [MESSAGE][PASSED] - Scroll to object 'Object Repository/ANEF_Eloignement_V_Nawres/Page_Ajouter_Decision/btn_Confirmer_Ajout_Decision' successfully

14-02-2025T14:38:53 - [TEST_STEP][PASSED] - click(findTestObject("Object Repository/ANEF_Eloignement_V_Nawres/Page_Ajouter_Decision/btn_Confirmer_Ajout_Decision"), STOP_ON_FAILURE): Object: 'Object Repository/ANEF_Eloignement_V_Nawres/Page_Ajouter_Decision/btn_Confirmer_Ajout_Decision' is clicked on

14-02-2025T14:38:53 - [MESSAGE][INFO] - Finding Test Object 'Object Repository/ANEF_Eloignement_V_Nawres/Page_Ajouter_Decision/btn_Confirmer_Ajout_Decision'

14-02-2025T14:38:53 - [MESSAGE][INFO] - Checking timeout

14-02-2025T14:38:53 - [MESSAGE][INFO] - Finding web element with id: 'Object Repository/ANEF_Eloignement_V_Nawres/Page_Ajouter_Decision/btn_Confirmer_Ajout_Decision' located by 'By.xpath: //button[contains(text()," Confirmer l'ajout")]' in '20' second(s)

14-02-2025T14:38:53 - [MESSAGE][INFO] - Found 1 web elements with id: 'Object Repository/ANEF_Eloignement_V_Nawres/Page_Ajouter_Decision/btn_Confirmer_Ajout_Decision' located by 'By.xpath: //button[contains(text()," Confirmer l'ajout")]' in '20' second(s)

14-02-2025T14:38:53 - [MESSAGE][INFO] - Checking object

14-02-2025T14:38:53 - [MESSAGE][INFO] - Checking timeout

14-02-2025T14:38:53 - [MESSAGE][INFO] - Finding web element from Test Object's properties

14-02-2025T14:38:53 - [MESSAGE][INFO] - Checking timeout

14-02-2025T14:38:53 - [MESSAGE][INFO] - Finding web element with id: 'Object Repository/ANEF_Eloignement_V_Nawres/Page_Ajouter_Decision/btn_Confirmer_Ajout_Decision' located by 'By.xpath: //button[contains(text()," Confirmer l'ajout")]' in '100' second(s)

14-02-2025T14:38:53 - [MESSAGE][INFO] - Found 1 web elements with id: 'Object Repository/ANEF_Eloignement_V_Nawres/Page_Ajouter_Decision/btn_Confirmer_Ajout_Decision' located by 'By.xpath: //button[contains(text()," Confirmer l'ajout")]' in '100' second(s)

14-02-2025T14:38:53 - [MESSAGE][INFO] - Clicking on object: 'Object Repository/ANEF_Eloignement_V_Nawres/Page_Ajouter_Decision/btn_Confirmer_Ajout_Decision'

14-02-2025T14:38:54 - [MESSAGE][PASSED] - Object: 'Object Repository/ANEF_Eloignement_V_Nawres/Page_Ajouter_Decision/btn_Confirmer_Ajout_Decision' is clicked on

14-02-2025T14:38:54 - [TEST_STEP][PASSED] - waitForElementClickable(findTestObject("Object Repository/ANEF_Eloignement_V_Nawres/Page_Ajouter_Decision/btn_Confirmer_Notification"), 20, STOP_ON_FAILURE): Object 'Object Repository/ANEF_Eloignement_V_Nawres/Page_Ajouter_Decision/btn_Confirmer_Notification' is clickable

14-02-2025T14:38:54 - [MESSAGE][INFO] - Finding Test Object 'Object Repository/ANEF_Eloignement_V_Nawres/Page_Ajouter_Decision/btn_Confirmer_Notification'

14-02-2025T14:38:54 - [MESSAGE][INFO] - Checking object

14-02-2025T14:38:54 - [MESSAGE][INFO] - Checking timeout

14-02-2025T14:38:54 - [MESSAGE][INFO] - Finding web element from Test Object's properties

14-02-2025T14:38:54 - [MESSAGE][INFO] - Checking timeout

14-02-2025T14:38:54 - [MESSAGE][INFO] - Finding web element with id: 'Object Repository/ANEF_Eloignement_V_Nawres/Page_Ajouter_Decision/btn_Confirmer_Notification' located by 'By.xpath: //button[contains(text(),"Confirmer la notification")]' in '20' second(s)

14-02-2025T14:38:54 - [MESSAGE][INFO] - Found 1 web elements with id: 'Object Repository/ANEF_Eloignement_V_Nawres/Page_Ajouter_Decision/btn_Confirmer_Notification' located by 'By.xpath: //button[contains(text(),"Confirmer la notification")]' in '20' second(s)

14-02-2025T14:38:55 - [MESSAGE][PASSED] - Object 'Object Repository/ANEF_Eloignement_V_Nawres/Page_Ajouter_Decision/btn_Confirmer_Notification' is clickable

14-02-2025T14:38:55 - [TEST_STEP][PASSED] - click(findTestObject("Object Repository/ANEF_Eloignement_V_Nawres/Page_Ajouter_Decision/btn_Confirmer_Notification"), STOP_ON_FAILURE): Object: 'Object Repository/ANEF_Eloignement_V_Nawres/Page_Ajouter_Decision/btn_Confirmer_Notification' is clicked on

14-02-2025T14:38:55 - [MESSAGE][INFO] - Finding Test Object 'Object Repository/ANEF_Eloignement_V_Nawres/Page_Ajouter_Decision/btn_Confirmer_Notification'

14-02-2025T14:38:55 - [MESSAGE][INFO] - Checking timeout

14-02-2025T14:38:55 - [MESSAGE][INFO] - Finding web element with id: 'Object Repository/ANEF_Eloignement_V_Nawres/Page_Ajouter_Decision/btn_Confirmer_Notification' located by 'By.xpath: //button[contains(text(),"Confirmer la notification")]' in '20' second(s)

14-02-2025T14:38:55 - [MESSAGE][INFO] - Found 1 web elements with id: 'Object Repository/ANEF_Eloignement_V_Nawres/Page_Ajouter_Decision/btn_Confirmer_Notification' located by 'By.xpath: //button[contains(text(),"Confirmer la notification")]' in '20' second(s)

14-02-2025T14:38:55 - [MESSAGE][INFO] - Checking object

14-02-2025T14:38:55 - [MESSAGE][INFO] - Checking timeout

14-02-2025T14:38:55 - [MESSAGE][INFO] - Finding web element from Test Object's properties

14-02-2025T14:38:55 - [MESSAGE][INFO] - Checking timeout

14-02-2025T14:38:55 - [MESSAGE][INFO] - Finding web element with id: 'Object Repository/ANEF_Eloignement_V_Nawres/Page_Ajouter_Decision/btn_Confirmer_Notification' located by 'By.xpath: //button[contains(text(),"Confirmer la notification")]' in '100' second(s)

14-02-2025T14:38:56 - [MESSAGE][INFO] - Found 1 web elements with id: 'Object Repository/ANEF_Eloignement_V_Nawres/Page_Ajouter_Decision/btn_Confirmer_Notification' located by 'By.xpath: //button[contains(text(),"Confirmer la notification")]' in '100' second(s)

14-02-2025T14:38:56 - [MESSAGE][INFO] - Clicking on object: 'Object Repository/ANEF_Eloignement_V_Nawres/Page_Ajouter_Decision/btn_Confirmer_Notification'

14-02-2025T14:38:57 - [MESSAGE][PASSED] - Object: 'Object Repository/ANEF_Eloignement_V_Nawres/Page_Ajouter_Decision/btn_Confirmer_Notification' is clicked on

14-02-2025T14:38:57 - [TEST_STEP][PASSED] - selectOptionByLabel(findTestObject("Object Repository/ANEF_Eloignement_V_Nawres/Page_Ajouter_Decision/select_Mode_Notification"), ModeNotification, false, STOP_ON_FAILURE): All options with label 'Voie administrative' are selected in object 'Object Repository/ANEF_Eloignement_V_Nawres/Page_Ajouter_Decision/select_Mode_Notification' 

14-02-2025T14:38:57 - [MESSAGE][INFO] - Finding Test Object 'Object Repository/ANEF_Eloignement_V_Nawres/Page_Ajouter_Decision/select_Mode_Notification'

14-02-2025T14:38:57 - [MESSAGE][INFO] - Checking timeout

14-02-2025T14:38:57 - [MESSAGE][INFO] - Finding web element with id: 'Object Repository/ANEF_Eloignement_V_Nawres/Page_Ajouter_Decision/select_Mode_Notification' located by 'By.xpath: //app-notification-modal//form//app-dsfr-select/div/select[@id="mode_notification"]' in '20' second(s)

14-02-2025T14:38:57 - [MESSAGE][INFO] - Found 1 web elements with id: 'Object Repository/ANEF_Eloignement_V_Nawres/Page_Ajouter_Decision/select_Mode_Notification' located by 'By.xpath: //app-notification-modal//form//app-dsfr-select/div/select[@id="mode_notification"]' in '20' second(s)

14-02-2025T14:38:57 - [MESSAGE][INFO] - Checking object

14-02-2025T14:38:57 - [MESSAGE][INFO] - Checking label parameter

14-02-2025T14:38:57 - [MESSAGE][INFO] - Finding web element from Test Object's properties

14-02-2025T14:38:57 - [MESSAGE][INFO] - Checking timeout

14-02-2025T14:38:57 - [MESSAGE][INFO] - Finding web element with id: 'Object Repository/ANEF_Eloignement_V_Nawres/Page_Ajouter_Decision/select_Mode_Notification' located by 'By.xpath: //app-notification-modal//form//app-dsfr-select/div/select[@id="mode_notification"]' in '100' second(s)

14-02-2025T14:38:57 - [MESSAGE][INFO] - Found 1 web elements with id: 'Object Repository/ANEF_Eloignement_V_Nawres/Page_Ajouter_Decision/select_Mode_Notification' located by 'By.xpath: //app-notification-modal//form//app-dsfr-select/div/select[@id="mode_notification"]' in '100' second(s)

14-02-2025T14:38:57 - [MESSAGE][INFO] - Selecting options on object 'Object Repository/ANEF_Eloignement_V_Nawres/Page_Ajouter_Decision/select_Mode_Notification' with label 'Voie administrative' 

14-02-2025T14:38:58 - [MESSAGE][PASSED] - All options with label 'Voie administrative' are selected in object 'Object Repository/ANEF_Eloignement_V_Nawres/Page_Ajouter_Decision/select_Mode_Notification' 

14-02-2025T14:38:58 - [TEST_STEP][PASSED] - setText(findTestObject("Object Repository/ANEF_Eloignement_V_Nawres/Page_Ajouter_Decision/input_Date_Notification"), DateActuelle, STOP_ON_FAILURE): Text '14/02/2025' is set on object 'Object Repository/ANEF_Eloignement_V_Nawres/Page_Ajouter_Decision/input_Date_Notification'

14-02-2025T14:38:58 - [MESSAGE][INFO] - Finding Test Object 'Object Repository/ANEF_Eloignement_V_Nawres/Page_Ajouter_Decision/input_Date_Notification'

14-02-2025T14:38:58 - [MESSAGE][INFO] - Checking timeout

14-02-2025T14:38:58 - [MESSAGE][INFO] - Finding web element with id: 'Object Repository/ANEF_Eloignement_V_Nawres/Page_Ajouter_Decision/input_Date_Notification' located by 'By.xpath: //app-notification-modal//form//app-dsfr-input/div/input[@name="date_notification"]' in '20' second(s)

14-02-2025T14:38:58 - [MESSAGE][INFO] - Found 1 web elements with id: 'Object Repository/ANEF_Eloignement_V_Nawres/Page_Ajouter_Decision/input_Date_Notification' located by 'By.xpath: //app-notification-modal//form//app-dsfr-input/div/input[@name="date_notification"]' in '20' second(s)

14-02-2025T14:38:58 - [MESSAGE][INFO] - Checking object

14-02-2025T14:38:58 - [MESSAGE][INFO] - Checking text

14-02-2025T14:38:58 - [MESSAGE][INFO] - Finding web element from Test Object's properties

14-02-2025T14:38:58 - [MESSAGE][INFO] - Checking timeout

14-02-2025T14:38:58 - [MESSAGE][INFO] - Finding web element with id: 'Object Repository/ANEF_Eloignement_V_Nawres/Page_Ajouter_Decision/input_Date_Notification' located by 'By.xpath: //app-notification-modal//form//app-dsfr-input/div/input[@name="date_notification"]' in '100' second(s)

14-02-2025T14:38:58 - [MESSAGE][INFO] - Found 1 web elements with id: 'Object Repository/ANEF_Eloignement_V_Nawres/Page_Ajouter_Decision/input_Date_Notification' located by 'By.xpath: //app-notification-modal//form//app-dsfr-input/div/input[@name="date_notification"]' in '100' second(s)

14-02-2025T14:38:58 - [MESSAGE][INFO] - Clearing text of object 'Object Repository/ANEF_Eloignement_V_Nawres/Page_Ajouter_Decision/input_Date_Notification'

14-02-2025T14:38:59 - [MESSAGE][INFO] - Finding web element from Test Object's properties

14-02-2025T14:38:59 - [MESSAGE][INFO] - Checking timeout

14-02-2025T14:38:59 - [MESSAGE][INFO] - Finding web element with id: 'Object Repository/ANEF_Eloignement_V_Nawres/Page_Ajouter_Decision/input_Date_Notification' located by 'By.xpath: //app-notification-modal//form//app-dsfr-input/div/input[@name="date_notification"]' in '100' second(s)

14-02-2025T14:38:59 - [MESSAGE][INFO] - Found 1 web elements with id: 'Object Repository/ANEF_Eloignement_V_Nawres/Page_Ajouter_Decision/input_Date_Notification' located by 'By.xpath: //app-notification-modal//form//app-dsfr-input/div/input[@name="date_notification"]' in '100' second(s)

14-02-2025T14:38:59 - [MESSAGE][INFO] - Setting text of object 'Object Repository/ANEF_Eloignement_V_Nawres/Page_Ajouter_Decision/input_Date_Notification' to value '14/02/2025'

14-02-2025T14:39:00 - [MESSAGE][PASSED] - Text '14/02/2025' is set on object 'Object Repository/ANEF_Eloignement_V_Nawres/Page_Ajouter_Decision/input_Date_Notification'

14-02-2025T14:39:00 - [TEST_STEP][PASSED] - if (ModeNotification == "Voie administrative"): Text '14:30' is set on object 'Object Repository/ANEF_Eloignement_V_Nawres/Page_Ajouter_Decision/input_Heure_Notification'

14-02-2025T14:39:00 - [TEST_STEP][PASSED] - setText(findTestObject("Object Repository/ANEF_Eloignement_V_Nawres/Page_Ajouter_Decision/input_Heure_Notification"), "14:30", STOP_ON_FAILURE): Text '14:30' is set on object 'Object Repository/ANEF_Eloignement_V_Nawres/Page_Ajouter_Decision/input_Heure_Notification'

14-02-2025T14:39:00 - [MESSAGE][INFO] - Finding Test Object 'Object Repository/ANEF_Eloignement_V_Nawres/Page_Ajouter_Decision/input_Heure_Notification'

14-02-2025T14:39:00 - [MESSAGE][INFO] - Checking timeout

14-02-2025T14:39:00 - [MESSAGE][INFO] - Finding web element with id: 'Object Repository/ANEF_Eloignement_V_Nawres/Page_Ajouter_Decision/input_Heure_Notification' located by 'By.xpath: //app-notification-modal//form//app-dsfr-input/div/input[@id="heure_notification"]' in '20' second(s)

14-02-2025T14:39:00 - [MESSAGE][INFO] - Found 1 web elements with id: 'Object Repository/ANEF_Eloignement_V_Nawres/Page_Ajouter_Decision/input_Heure_Notification' located by 'By.xpath: //app-notification-modal//form//app-dsfr-input/div/input[@id="heure_notification"]' in '20' second(s)

14-02-2025T14:39:00 - [MESSAGE][INFO] - Checking object

14-02-2025T14:39:00 - [MESSAGE][INFO] - Checking text

14-02-2025T14:39:00 - [MESSAGE][INFO] - Finding web element from Test Object's properties

14-02-2025T14:39:00 - [MESSAGE][INFO] - Checking timeout

14-02-2025T14:39:00 - [MESSAGE][INFO] - Finding web element with id: 'Object Repository/ANEF_Eloignement_V_Nawres/Page_Ajouter_Decision/input_Heure_Notification' located by 'By.xpath: //app-notification-modal//form//app-dsfr-input/div/input[@id="heure_notification"]' in '100' second(s)

14-02-2025T14:39:00 - [MESSAGE][INFO] - Found 1 web elements with id: 'Object Repository/ANEF_Eloignement_V_Nawres/Page_Ajouter_Decision/input_Heure_Notification' located by 'By.xpath: //app-notification-modal//form//app-dsfr-input/div/input[@id="heure_notification"]' in '100' second(s)

14-02-2025T14:39:00 - [MESSAGE][INFO] - Clearing text of object 'Object Repository/ANEF_Eloignement_V_Nawres/Page_Ajouter_Decision/input_Heure_Notification'

14-02-2025T14:39:01 - [MESSAGE][INFO] - Finding web element from Test Object's properties

14-02-2025T14:39:01 - [MESSAGE][INFO] - Checking timeout

14-02-2025T14:39:01 - [MESSAGE][INFO] - Finding web element with id: 'Object Repository/ANEF_Eloignement_V_Nawres/Page_Ajouter_Decision/input_Heure_Notification' located by 'By.xpath: //app-notification-modal//form//app-dsfr-input/div/input[@id="heure_notification"]' in '100' second(s)

14-02-2025T14:39:01 - [MESSAGE][INFO] - Found 1 web elements with id: 'Object Repository/ANEF_Eloignement_V_Nawres/Page_Ajouter_Decision/input_Heure_Notification' located by 'By.xpath: //app-notification-modal//form//app-dsfr-input/div/input[@id="heure_notification"]' in '100' second(s)

14-02-2025T14:39:01 - [MESSAGE][INFO] - Setting text of object 'Object Repository/ANEF_Eloignement_V_Nawres/Page_Ajouter_Decision/input_Heure_Notification' to value '14:30'

14-02-2025T14:39:02 - [MESSAGE][PASSED] - Text '14:30' is set on object 'Object Repository/ANEF_Eloignement_V_Nawres/Page_Ajouter_Decision/input_Heure_Notification'

14-02-2025T14:39:02 - [TEST_STEP][PASSED] - uploadFile(findTestObject("Object Repository/ANEF_Eloignement_V_Nawres/Page_Ajouter_Decision/input_Ajouter_Fichier_Notification"), getProjectDir() + "/Data Files/Fichier_Test.pdf"): File 'C:/Users/nbenjemi/Katalon Studio/ANEF-ELOIGNEMENT-20250121/ANEF-ELOIGNEMENT-20250121/Data Files/Fichier_Test.pdf' sent to object: 'Object Repository/ANEF_Eloignement_V_Nawres/Page_Ajouter_Decision/input_Ajouter_Fichier_Notification'

14-02-2025T14:39:02 - [MESSAGE][INFO] - Finding Test Object 'Object Repository/ANEF_Eloignement_V_Nawres/Page_Ajouter_Decision/input_Ajouter_Fichier_Notification'

14-02-2025T14:39:03 - [MESSAGE][INFO] - Checking object

14-02-2025T14:39:03 - [MESSAGE][INFO] - Uploading file 'C:/Users/nbenjemi/Katalon Studio/ANEF-ELOIGNEMENT-20250121/ANEF-ELOIGNEMENT-20250121/Data Files/Fichier_Test.pdf' to object: 'Object Repository/ANEF_Eloignement_V_Nawres/Page_Ajouter_Decision/input_Ajouter_Fichier_Notification'

14-02-2025T14:39:03 - [MESSAGE][INFO] - Finding web element from Test Object's properties

14-02-2025T14:39:03 - [MESSAGE][INFO] - Checking timeout

14-02-2025T14:39:03 - [MESSAGE][INFO] - Finding web element with id: 'Object Repository/ANEF_Eloignement_V_Nawres/Page_Ajouter_Decision/input_Ajouter_Fichier_Notification' located by 'By.xpath: //app-notification-modal//form//app-dsfr-piece-jointe//input' in '100' second(s)

14-02-2025T14:39:03 - [MESSAGE][INFO] - Found 1 web elements with id: 'Object Repository/ANEF_Eloignement_V_Nawres/Page_Ajouter_Decision/input_Ajouter_Fichier_Notification' located by 'By.xpath: //app-notification-modal//form//app-dsfr-piece-jointe//input' in '100' second(s)

14-02-2025T14:39:04 - [MESSAGE][PASSED] - File 'C:/Users/nbenjemi/Katalon Studio/ANEF-ELOIGNEMENT-20250121/ANEF-ELOIGNEMENT-20250121/Data Files/Fichier_Test.pdf' sent to object: 'Object Repository/ANEF_Eloignement_V_Nawres/Page_Ajouter_Decision/input_Ajouter_Fichier_Notification'

14-02-2025T14:39:04 - [TEST_STEP][PASSED] - scrollToElement(findTestObject("Object Repository/ANEF_Eloignement_V_Nawres/Page_Ajouter_Decision/btn_Confirmer_Ajout_Notification"), 5, STOP_ON_FAILURE): Scroll to object 'Object Repository/ANEF_Eloignement_V_Nawres/Page_Ajouter_Decision/btn_Confirmer_Ajout_Notification' successfully

14-02-2025T14:39:04 - [MESSAGE][INFO] - Finding Test Object 'Object Repository/ANEF_Eloignement_V_Nawres/Page_Ajouter_Decision/btn_Confirmer_Ajout_Notification'

14-02-2025T14:39:04 - [MESSAGE][INFO] - Checking object

14-02-2025T14:39:04 - [MESSAGE][INFO] - Checking timeout

14-02-2025T14:39:04 - [MESSAGE][INFO] - Finding web element from Test Object's properties

14-02-2025T14:39:04 - [MESSAGE][INFO] - Checking timeout

14-02-2025T14:39:04 - [MESSAGE][INFO] - Finding web element with id: 'Object Repository/ANEF_Eloignement_V_Nawres/Page_Ajouter_Decision/btn_Confirmer_Ajout_Notification' located by 'By.xpath: //app-notification-modal//button[contains(text(),"Confirmer l'ajout")]' in '100' second(s)

14-02-2025T14:39:04 - [MESSAGE][INFO] - Found 1 web elements with id: 'Object Repository/ANEF_Eloignement_V_Nawres/Page_Ajouter_Decision/btn_Confirmer_Ajout_Notification' located by 'By.xpath: //app-notification-modal//button[contains(text(),"Confirmer l'ajout")]' in '100' second(s)

14-02-2025T14:39:04 - [MESSAGE][INFO] - Scrolling to object 'Object Repository/ANEF_Eloignement_V_Nawres/Page_Ajouter_Decision/btn_Confirmer_Ajout_Notification'

14-02-2025T14:39:04 - [MESSAGE][PASSED] - Scroll to object 'Object Repository/ANEF_Eloignement_V_Nawres/Page_Ajouter_Decision/btn_Confirmer_Ajout_Notification' successfully

14-02-2025T14:39:04 - [TEST_STEP][PASSED] - click(findTestObject("Object Repository/ANEF_Eloignement_V_Nawres/Page_Ajouter_Decision/btn_Confirmer_Ajout_Notification"), STOP_ON_FAILURE): Object: 'Object Repository/ANEF_Eloignement_V_Nawres/Page_Ajouter_Decision/btn_Confirmer_Ajout_Notification' is clicked on

14-02-2025T14:39:04 - [MESSAGE][INFO] - Finding Test Object 'Object Repository/ANEF_Eloignement_V_Nawres/Page_Ajouter_Decision/btn_Confirmer_Ajout_Notification'

14-02-2025T14:39:04 - [MESSAGE][INFO] - Checking timeout

14-02-2025T14:39:04 - [MESSAGE][INFO] - Finding web element with id: 'Object Repository/ANEF_Eloignement_V_Nawres/Page_Ajouter_Decision/btn_Confirmer_Ajout_Notification' located by 'By.xpath: //app-notification-modal//button[contains(text(),"Confirmer l'ajout")]' in '20' second(s)

14-02-2025T14:39:04 - [MESSAGE][INFO] - Found 1 web elements with id: 'Object Repository/ANEF_Eloignement_V_Nawres/Page_Ajouter_Decision/btn_Confirmer_Ajout_Notification' located by 'By.xpath: //app-notification-modal//button[contains(text(),"Confirmer l'ajout")]' in '20' second(s)

14-02-2025T14:39:04 - [MESSAGE][INFO] - Checking object

14-02-2025T14:39:04 - [MESSAGE][INFO] - Checking timeout

14-02-2025T14:39:04 - [MESSAGE][INFO] - Finding web element from Test Object's properties

14-02-2025T14:39:04 - [MESSAGE][INFO] - Checking timeout

14-02-2025T14:39:04 - [MESSAGE][INFO] - Finding web element with id: 'Object Repository/ANEF_Eloignement_V_Nawres/Page_Ajouter_Decision/btn_Confirmer_Ajout_Notification' located by 'By.xpath: //app-notification-modal//button[contains(text(),"Confirmer l'ajout")]' in '100' second(s)

14-02-2025T14:39:04 - [MESSAGE][INFO] - Found 1 web elements with id: 'Object Repository/ANEF_Eloignement_V_Nawres/Page_Ajouter_Decision/btn_Confirmer_Ajout_Notification' located by 'By.xpath: //app-notification-modal//button[contains(text(),"Confirmer l'ajout")]' in '100' second(s)

14-02-2025T14:39:04 - [MESSAGE][INFO] - Clicking on object: 'Object Repository/ANEF_Eloignement_V_Nawres/Page_Ajouter_Decision/btn_Confirmer_Ajout_Notification'

14-02-2025T14:39:05 - [MESSAGE][PASSED] - Object: 'Object Repository/ANEF_Eloignement_V_Nawres/Page_Ajouter_Decision/btn_Confirmer_Ajout_Notification' is clicked on

14-02-2025T14:39:05 - [TEST_STEP][PASSED] - waitForElementClickable(findTestObject("Object Repository/ANEF_Eloignement_V_Nawres/Page_Ajouter_Decision/btn_Enregistrer"), 7, STOP_ON_FAILURE): Object 'Object Repository/ANEF_Eloignement_V_Nawres/Page_Ajouter_Decision/btn_Enregistrer' is clickable

14-02-2025T14:39:05 - [MESSAGE][INFO] - Finding Test Object 'Object Repository/ANEF_Eloignement_V_Nawres/Page_Ajouter_Decision/btn_Enregistrer'

14-02-2025T14:39:05 - [MESSAGE][INFO] - Checking object

14-02-2025T14:39:05 - [MESSAGE][INFO] - Checking timeout

14-02-2025T14:39:05 - [MESSAGE][INFO] - Finding web element from Test Object's properties

14-02-2025T14:39:05 - [MESSAGE][INFO] - Checking timeout

14-02-2025T14:39:05 - [MESSAGE][INFO] - Finding web element with id: 'Object Repository/ANEF_Eloignement_V_Nawres/Page_Ajouter_Decision/btn_Enregistrer' located by 'By.xpath: //button[contains(text(),"Enregistrer")]' in '7' second(s)

14-02-2025T14:39:05 - [MESSAGE][INFO] - Found 1 web elements with id: 'Object Repository/ANEF_Eloignement_V_Nawres/Page_Ajouter_Decision/btn_Enregistrer' located by 'By.xpath: //button[contains(text(),"Enregistrer")]' in '7' second(s)

14-02-2025T14:39:05 - [MESSAGE][PASSED] - Object 'Object Repository/ANEF_Eloignement_V_Nawres/Page_Ajouter_Decision/btn_Enregistrer' is clickable

14-02-2025T14:39:05 - [MESSAGE][PASSED] - Call Test Case 'Test Cases/Test Reutilisable/Main/ANEF_Eloignement_V_Nawres/ANEF_Ajouter_Decision' successfully

14-02-2025T14:39:07 - [TEST_STEP][PASSED] - Video: Video recording for test case 'Test Cases/Cas D Utilisations/ANEF_Eloignement_V_Nawres/TC_ANEF_Eloignement' .

14-02-2025T14:39:07 - [MESSAGE][INFO] - Video recording for test case 'Test Cases/Cas D Utilisations/ANEF_Eloignement_V_Nawres/TC_ANEF_Eloignement' .]]></system-out>
         <system-err><![CDATA[]]></system-err>
      </testcase>
      <testcase name="Test Cases/Cas D Utilisations/ANEF_Eloignement_V_Nawres/TC_ANEF_Eloignement" time="70.846" classname="Test Cases/Cas D Utilisations/ANEF_Eloignement_V_Nawres/TC_ANEF_Eloignement" status="PASSED">
         <system-out><![CDATA[14-02-2025T14:39:07 - [TEST_CASE][PASSED] - Test Cases/Cas D Utilisations/ANEF_Eloignement_V_Nawres/TC_ANEF_Eloignement: Test Cases/Cas D Utilisations/ANEF_Eloignement_V_Nawres/TC_ANEF_Eloignement

14-02-2025T14:39:07 - [TEST_STEP][PASSED] - callTestCase(findTestCase("Test Cases/Test Reutilisable/Main/ANEF_Eloignement_V_Nawres/ANEF_Lancer_URL_ANEF"), ["Profiles":Profiles, "EnvExec":EnvExec], STOP_ON_FAILURE): Call Test Case 'Test Cases/Test Reutilisable/Main/ANEF_Eloignement_V_Nawres/ANEF_Lancer_URL_ANEF' successfully

14-02-2025T14:39:07 - [MESSAGE][INFO] - Checking called Test Case

14-02-2025T14:39:07 - [MESSAGE][INFO] - Starting to call Test Case 'Test Cases/Test Reutilisable/Main/ANEF_Eloignement_V_Nawres/ANEF_Lancer_URL_ANEF'

14-02-2025T14:39:07 - [TEST_CASE][PASSED] - Test Cases/Test Reutilisable/Main/ANEF_Eloignement_V_Nawres/ANEF_Lancer_URL_ANEF: Test Cases/Test Reutilisable/Main/ANEF_Eloignement_V_Nawres/ANEF_Lancer_URL_ANEF

14-02-2025T14:39:07 - [TEST_STEP][PASSED] - "Call Highlight.on() automatically": null

14-02-2025T14:39:07 - [TEST_STEP][PASSED] - projDir = getProjectDir(): null

14-02-2025T14:39:07 - [TEST_STEP][PASSED] - RunBrowserConfiguration = getExecutionProperties(): null

14-02-2025T14:39:07 - [TEST_STEP][PASSED] - DriverName = get("WebUI").get("browserType"): null

14-02-2025T14:39:07 - [TEST_STEP][PASSED] - println("DriverName :" + DriverName): null

14-02-2025T14:39:07 - [TEST_STEP][PASSED] - println("Driverpath :" + RunBrowserConfiguration.get("drivers")): null

14-02-2025T14:39:07 - [TEST_STEP][PASSED] - if (Profiles == "Usager"): null

14-02-2025T14:39:07 - [TEST_STEP][PASSED] - if (Profiles == "Agent"): Current window maximized

14-02-2025T14:39:07 - [TEST_STEP][PASSED] - if (EnvExec == "URLPortailAgentQualif"): null

14-02-2025T14:39:07 - [TEST_STEP][PASSED] - if (EnvExec == "URLPortailAgentPreProd"): Browser is opened with url: 'https://preprod.siaef.dgef.interieur.gouv.fr/sejour/#/accueil'

14-02-2025T14:39:07 - [TEST_STEP][PASSED] - openBrowser(URLPortailAgentPreProd): Browser is opened with url: 'https://preprod.siaef.dgef.interieur.gouv.fr/sejour/#/accueil'

14-02-2025T14:39:07 - [MESSAGE][INFO] - Opening browser

14-02-2025T14:39:07 - [MESSAGE][WARNING] - A browser is already opened. Closing browser and opening a new one

14-02-2025T14:39:08 - [MESSAGE][INFO] - Starting 'Chrome' driver

14-02-2025T14:39:08 - [MESSAGE][INFO] - User set preference: ['args', '[--incognito, --disable-search-engine-choice-screen, --enable-automation, --disable-save-password-bubble, --start-maximized, --remote-allow-origins=*]']

14-02-2025T14:39:08 - [MESSAGE][INFO] - User set preference: ['prefs', '{download.default_directory=${GlobalVariable.downloadPath}, download_dir=${GlobalVariable.downloadPath}, download.prompt_for_download=false}']

14-02-2025T14:39:08 - [MESSAGE][INFO] - User set preference: ['loggingPrefs', '{browser=ALL}']

14-02-2025T14:39:08 - [MESSAGE][INFO] - Action delay is set to 1â€¯000 milliseconds

14-02-2025T14:39:10 - [MESSAGE][INFO] - Navigating browser to: 'https://preprod.siaef.dgef.interieur.gouv.fr/sejour/#/accueil'

14-02-2025T14:39:12 - [MESSAGE][PASSED] - Browser is opened with url: 'https://preprod.siaef.dgef.interieur.gouv.fr/sejour/#/accueil'

14-02-2025T14:39:12 - [TEST_STEP][PASSED] - maximizeWindow(): Current window maximized

14-02-2025T14:39:12 - [MESSAGE][INFO] - Maximizing current window

14-02-2025T14:39:12 - [MESSAGE][PASSED] - Current window maximized

14-02-2025T14:39:12 - [MESSAGE][PASSED] - Call Test Case 'Test Cases/Test Reutilisable/Main/ANEF_Eloignement_V_Nawres/ANEF_Lancer_URL_ANEF' successfully

14-02-2025T14:39:12 - [TEST_STEP][PASSED] - callTestCase(findTestCase("Test Cases/Test Reutilisable/Main/ANEF_Eloignement_V_Nawres/ANEF_Identification"), ["Profiles":Profiles, "IdentifiantAgent":IdentifiantAgent, "PwAgent":PwAgent, "EnvExec":EnvExec], STOP_ON_FAILURE): Call Test Case 'Test Cases/Test Reutilisable/Main/ANEF_Eloignement_V_Nawres/ANEF_Identification' successfully

14-02-2025T14:39:12 - [MESSAGE][INFO] - Checking called Test Case

14-02-2025T14:39:12 - [MESSAGE][INFO] - Starting to call Test Case 'Test Cases/Test Reutilisable/Main/ANEF_Eloignement_V_Nawres/ANEF_Identification'

14-02-2025T14:39:12 - [TEST_CASE][PASSED] - Test Cases/Test Reutilisable/Main/ANEF_Eloignement_V_Nawres/ANEF_Identification: Test Cases/Test Reutilisable/Main/ANEF_Eloignement_V_Nawres/ANEF_Identification

14-02-2025T14:39:12 - [TEST_STEP][PASSED] - com.kazurayam.ksbackyard.HighlightElement.pandemic(): com.kazurayam.ksbackyard.HighlightElement.pandemic is PASSED

14-02-2025T14:39:12 - [MESSAGE][PASSED] - com.kazurayam.ksbackyard.HighlightElement.pandemic is PASSED

14-02-2025T14:39:12 - [TEST_STEP][PASSED] - if (Profiles == "Usager"): null

14-02-2025T14:39:12 - [TEST_STEP][PASSED] - if (Profiles == "Agent"): Object: 'Object Repository/ANEF_Eloignement_V_Nawres/Page_ANEF_Connexion/btn_Valider_Conx_Agent' is clicked on

14-02-2025T14:39:12 - [TEST_STEP][PASSED] - if (EnvExec == "URLPortailAgentQualif"): null

14-02-2025T14:39:12 - [TEST_STEP][PASSED] - if (EnvExec == "URLPortailAgentPreProd"): Text 'Natali123456!' is set on object 'Object Repository/ANEF_Eloignement_V_Nawres/Page_ANEF_Connexion/Input_PasswordAgent'

14-02-2025T14:39:12 - [TEST_STEP][PASSED] - setText(findTestObject("Object Repository/ANEF_Eloignement_V_Nawres/Page_ANEF_Connexion/Input_UserNameAgent"), IdentifiantAgent): Text 'test.gpe+970@outlook.fr' is set on object 'Object Repository/ANEF_Eloignement_V_Nawres/Page_ANEF_Connexion/Input_UserNameAgent'

14-02-2025T14:39:12 - [MESSAGE][INFO] - Finding Test Object 'Object Repository/ANEF_Eloignement_V_Nawres/Page_ANEF_Connexion/Input_UserNameAgent'

14-02-2025T14:39:12 - [MESSAGE][INFO] - Checking timeout

14-02-2025T14:39:12 - [MESSAGE][INFO] - Finding web element with id: 'Object Repository/ANEF_Eloignement_V_Nawres/Page_ANEF_Connexion/Input_UserNameAgent' located by 'By.xpath: //*[@aria-labelledby="username-label"]|//*[@id="login"]' in '20' second(s)

14-02-2025T14:39:12 - [MESSAGE][INFO] - Found 1 web elements with id: 'Object Repository/ANEF_Eloignement_V_Nawres/Page_ANEF_Connexion/Input_UserNameAgent' located by 'By.xpath: //*[@aria-labelledby="username-label"]|//*[@id="login"]' in '20' second(s)

14-02-2025T14:39:12 - [MESSAGE][INFO] - Checking object

14-02-2025T14:39:12 - [MESSAGE][INFO] - Checking text

14-02-2025T14:39:12 - [MESSAGE][INFO] - Finding web element from Test Object's properties

14-02-2025T14:39:12 - [MESSAGE][INFO] - Checking timeout

14-02-2025T14:39:12 - [MESSAGE][INFO] - Finding web element with id: 'Object Repository/ANEF_Eloignement_V_Nawres/Page_ANEF_Connexion/Input_UserNameAgent' located by 'By.xpath: //*[@aria-labelledby="username-label"]|//*[@id="login"]' in '100' second(s)

14-02-2025T14:39:12 - [MESSAGE][INFO] - Found 1 web elements with id: 'Object Repository/ANEF_Eloignement_V_Nawres/Page_ANEF_Connexion/Input_UserNameAgent' located by 'By.xpath: //*[@aria-labelledby="username-label"]|//*[@id="login"]' in '100' second(s)

14-02-2025T14:39:12 - [MESSAGE][INFO] - Clearing text of object 'Object Repository/ANEF_Eloignement_V_Nawres/Page_ANEF_Connexion/Input_UserNameAgent'

14-02-2025T14:39:13 - [MESSAGE][INFO] - Finding web element from Test Object's properties

14-02-2025T14:39:13 - [MESSAGE][INFO] - Checking timeout

14-02-2025T14:39:13 - [MESSAGE][INFO] - Finding web element with id: 'Object Repository/ANEF_Eloignement_V_Nawres/Page_ANEF_Connexion/Input_UserNameAgent' located by 'By.xpath: //*[@aria-labelledby="username-label"]|//*[@id="login"]' in '100' second(s)

14-02-2025T14:39:13 - [MESSAGE][INFO] - Found 1 web elements with id: 'Object Repository/ANEF_Eloignement_V_Nawres/Page_ANEF_Connexion/Input_UserNameAgent' located by 'By.xpath: //*[@aria-labelledby="username-label"]|//*[@id="login"]' in '100' second(s)

14-02-2025T14:39:13 - [MESSAGE][INFO] - Setting text of object 'Object Repository/ANEF_Eloignement_V_Nawres/Page_ANEF_Connexion/Input_UserNameAgent' to value 'test.gpe+970@outlook.fr'

14-02-2025T14:39:14 - [MESSAGE][PASSED] - Text 'test.gpe+970@outlook.fr' is set on object 'Object Repository/ANEF_Eloignement_V_Nawres/Page_ANEF_Connexion/Input_UserNameAgent'

14-02-2025T14:39:14 - [TEST_STEP][PASSED] - setText(findTestObject("Object Repository/ANEF_Eloignement_V_Nawres/Page_ANEF_Connexion/Input_PasswordAgent"), PwAgent): Text 'Natali123456!' is set on object 'Object Repository/ANEF_Eloignement_V_Nawres/Page_ANEF_Connexion/Input_PasswordAgent'

14-02-2025T14:39:14 - [MESSAGE][INFO] - Finding Test Object 'Object Repository/ANEF_Eloignement_V_Nawres/Page_ANEF_Connexion/Input_PasswordAgent'

14-02-2025T14:39:14 - [MESSAGE][INFO] - Checking timeout

14-02-2025T14:39:14 - [MESSAGE][INFO] - Finding web element with id: 'Object Repository/ANEF_Eloignement_V_Nawres/Page_ANEF_Connexion/Input_PasswordAgent' located by 'By.xpath: //*[@aria-labelledby="password-label"]|//*[@id="password"]' in '20' second(s)

14-02-2025T14:39:14 - [MESSAGE][INFO] - Found 1 web elements with id: 'Object Repository/ANEF_Eloignement_V_Nawres/Page_ANEF_Connexion/Input_PasswordAgent' located by 'By.xpath: //*[@aria-labelledby="password-label"]|//*[@id="password"]' in '20' second(s)

14-02-2025T14:39:14 - [MESSAGE][INFO] - Checking object

14-02-2025T14:39:14 - [MESSAGE][INFO] - Checking text

14-02-2025T14:39:14 - [MESSAGE][INFO] - Finding web element from Test Object's properties

14-02-2025T14:39:14 - [MESSAGE][INFO] - Checking timeout

14-02-2025T14:39:14 - [MESSAGE][INFO] - Finding web element with id: 'Object Repository/ANEF_Eloignement_V_Nawres/Page_ANEF_Connexion/Input_PasswordAgent' located by 'By.xpath: //*[@aria-labelledby="password-label"]|//*[@id="password"]' in '100' second(s)

14-02-2025T14:39:14 - [MESSAGE][INFO] - Found 1 web elements with id: 'Object Repository/ANEF_Eloignement_V_Nawres/Page_ANEF_Connexion/Input_PasswordAgent' located by 'By.xpath: //*[@aria-labelledby="password-label"]|//*[@id="password"]' in '100' second(s)

14-02-2025T14:39:14 - [MESSAGE][INFO] - Clearing text of object 'Object Repository/ANEF_Eloignement_V_Nawres/Page_ANEF_Connexion/Input_PasswordAgent'

14-02-2025T14:39:15 - [MESSAGE][INFO] - Finding web element from Test Object's properties

14-02-2025T14:39:15 - [MESSAGE][INFO] - Checking timeout

14-02-2025T14:39:15 - [MESSAGE][INFO] - Finding web element with id: 'Object Repository/ANEF_Eloignement_V_Nawres/Page_ANEF_Connexion/Input_PasswordAgent' located by 'By.xpath: //*[@aria-labelledby="password-label"]|//*[@id="password"]' in '100' second(s)

14-02-2025T14:39:15 - [MESSAGE][INFO] - Found 1 web elements with id: 'Object Repository/ANEF_Eloignement_V_Nawres/Page_ANEF_Connexion/Input_PasswordAgent' located by 'By.xpath: //*[@aria-labelledby="password-label"]|//*[@id="password"]' in '100' second(s)

14-02-2025T14:39:15 - [MESSAGE][INFO] - Setting text of object 'Object Repository/ANEF_Eloignement_V_Nawres/Page_ANEF_Connexion/Input_PasswordAgent' to value 'Natali123456!'

14-02-2025T14:39:17 - [MESSAGE][PASSED] - Text 'Natali123456!' is set on object 'Object Repository/ANEF_Eloignement_V_Nawres/Page_ANEF_Connexion/Input_PasswordAgent'

14-02-2025T14:39:17 - [TEST_STEP][PASSED] - click(findTestObject("Object Repository/ANEF_Eloignement_V_Nawres/Page_ANEF_Connexion/btn_Valider_Conx_Agent")): Object: 'Object Repository/ANEF_Eloignement_V_Nawres/Page_ANEF_Connexion/btn_Valider_Conx_Agent' is clicked on

14-02-2025T14:39:17 - [MESSAGE][INFO] - Finding Test Object 'Object Repository/ANEF_Eloignement_V_Nawres/Page_ANEF_Connexion/btn_Valider_Conx_Agent'

14-02-2025T14:39:17 - [MESSAGE][INFO] - Checking timeout

14-02-2025T14:39:17 - [MESSAGE][INFO] - Finding web element with id: 'Object Repository/ANEF_Eloignement_V_Nawres/Page_ANEF_Connexion/btn_Valider_Conx_Agent' located by 'By.xpath: //*[@label="Valider"]|//*[@id="btn-login"]' in '20' second(s)

14-02-2025T14:39:17 - [MESSAGE][INFO] - Found 1 web elements with id: 'Object Repository/ANEF_Eloignement_V_Nawres/Page_ANEF_Connexion/btn_Valider_Conx_Agent' located by 'By.xpath: //*[@label="Valider"]|//*[@id="btn-login"]' in '20' second(s)

14-02-2025T14:39:17 - [MESSAGE][INFO] - Checking object

14-02-2025T14:39:17 - [MESSAGE][INFO] - Checking timeout

14-02-2025T14:39:17 - [MESSAGE][INFO] - Finding web element from Test Object's properties

14-02-2025T14:39:17 - [MESSAGE][INFO] - Checking timeout

14-02-2025T14:39:17 - [MESSAGE][INFO] - Finding web element with id: 'Object Repository/ANEF_Eloignement_V_Nawres/Page_ANEF_Connexion/btn_Valider_Conx_Agent' located by 'By.xpath: //*[@label="Valider"]|//*[@id="btn-login"]' in '100' second(s)

14-02-2025T14:39:17 - [MESSAGE][INFO] - Found 1 web elements with id: 'Object Repository/ANEF_Eloignement_V_Nawres/Page_ANEF_Connexion/btn_Valider_Conx_Agent' located by 'By.xpath: //*[@label="Valider"]|//*[@id="btn-login"]' in '100' second(s)

14-02-2025T14:39:17 - [MESSAGE][INFO] - Clicking on object: 'Object Repository/ANEF_Eloignement_V_Nawres/Page_ANEF_Connexion/btn_Valider_Conx_Agent'

14-02-2025T14:39:18 - [MESSAGE][PASSED] - Object: 'Object Repository/ANEF_Eloignement_V_Nawres/Page_ANEF_Connexion/btn_Valider_Conx_Agent' is clicked on

14-02-2025T14:39:18 - [TEST_STEP][PASSED] - delay(5): Delayed 5 second(s)

14-02-2025T14:39:18 - [MESSAGE][INFO] - Delaying browser in 5 second(s)

14-02-2025T14:39:23 - [MESSAGE][PASSED] - Delayed 5 second(s)

14-02-2025T14:39:23 - [TEST_STEP][PASSED] - verifyElementPresent(findTestObject("Object Repository/ANEF_Eloignement_V_Nawres/Page_Accueil_Principale/btn_ANEF_Eloignement"), 1, STOP_ON_FAILURE): Object 'Object Repository/ANEF_Eloignement_V_Nawres/Page_Accueil_Principale/btn_ANEF_Eloignement' is present

14-02-2025T14:39:23 - [MESSAGE][INFO] - Finding Test Object 'Object Repository/ANEF_Eloignement_V_Nawres/Page_Accueil_Principale/btn_ANEF_Eloignement'

14-02-2025T14:39:23 - [MESSAGE][INFO] - Checking object

14-02-2025T14:39:23 - [MESSAGE][INFO] - Finding web element from Test Object's properties

14-02-2025T14:39:23 - [MESSAGE][INFO] - Checking timeout

14-02-2025T14:39:23 - [MESSAGE][INFO] - Finding web element with id: 'Object Repository/ANEF_Eloignement_V_Nawres/Page_Accueil_Principale/btn_ANEF_Eloignement' located by 'By.xpath: //span[contains(text()," ANEF Ã©loignement ")]' in '1' second(s)

14-02-2025T14:39:23 - [MESSAGE][INFO] - Found 1 web elements with id: 'Object Repository/ANEF_Eloignement_V_Nawres/Page_Accueil_Principale/btn_ANEF_Eloignement' located by 'By.xpath: //span[contains(text()," ANEF Ã©loignement ")]' in '1' second(s)

14-02-2025T14:39:23 - [MESSAGE][PASSED] - Object 'Object Repository/ANEF_Eloignement_V_Nawres/Page_Accueil_Principale/btn_ANEF_Eloignement' is present

14-02-2025T14:39:23 - [MESSAGE][PASSED] - Call Test Case 'Test Cases/Test Reutilisable/Main/ANEF_Eloignement_V_Nawres/ANEF_Identification' successfully

14-02-2025T14:39:23 - [TEST_STEP][PASSED] - callTestCase(findTestCase("Test Cases/Test Reutilisable/Main/ANEF_Eloignement_V_Nawres/ANEF_Creation_ou_Recherche_Dossier"), ["CreationOuRecherche":CreationOuRecherche, "NumeroEtranger":NumeroEtranger], STOP_ON_FAILURE): Call Test Case 'Test Cases/Test Reutilisable/Main/ANEF_Eloignement_V_Nawres/ANEF_Creation_ou_Recherche_Dossier' successfully

14-02-2025T14:39:23 - [MESSAGE][INFO] - Checking called Test Case

14-02-2025T14:39:23 - [MESSAGE][INFO] - Starting to call Test Case 'Test Cases/Test Reutilisable/Main/ANEF_Eloignement_V_Nawres/ANEF_Creation_ou_Recherche_Dossier'

14-02-2025T14:39:23 - [TEST_CASE][PASSED] - Test Cases/Test Reutilisable/Main/ANEF_Eloignement_V_Nawres/ANEF_Creation_ou_Recherche_Dossier: Test Cases/Test Reutilisable/Main/ANEF_Eloignement_V_Nawres/ANEF_Creation_ou_Recherche_Dossier

14-02-2025T14:39:23 - [TEST_STEP][PASSED] - click(findTestObject("Object Repository/ANEF_Eloignement_V_Nawres/Page_Accueil_Principale/btn_ANEF_Eloignement")): Object: 'Object Repository/ANEF_Eloignement_V_Nawres/Page_Accueil_Principale/btn_ANEF_Eloignement' is clicked on

14-02-2025T14:39:23 - [MESSAGE][INFO] - Finding Test Object 'Object Repository/ANEF_Eloignement_V_Nawres/Page_Accueil_Principale/btn_ANEF_Eloignement'

14-02-2025T14:39:23 - [MESSAGE][INFO] - Checking timeout

14-02-2025T14:39:23 - [MESSAGE][INFO] - Finding web element with id: 'Object Repository/ANEF_Eloignement_V_Nawres/Page_Accueil_Principale/btn_ANEF_Eloignement' located by 'By.xpath: //span[contains(text()," ANEF Ã©loignement ")]' in '20' second(s)

14-02-2025T14:39:23 - [MESSAGE][INFO] - Found 1 web elements with id: 'Object Repository/ANEF_Eloignement_V_Nawres/Page_Accueil_Principale/btn_ANEF_Eloignement' located by 'By.xpath: //span[contains(text()," ANEF Ã©loignement ")]' in '20' second(s)

14-02-2025T14:39:23 - [MESSAGE][INFO] - Checking object

14-02-2025T14:39:23 - [MESSAGE][INFO] - Checking timeout

14-02-2025T14:39:23 - [MESSAGE][INFO] - Finding web element from Test Object's properties

14-02-2025T14:39:23 - [MESSAGE][INFO] - Checking timeout

14-02-2025T14:39:23 - [MESSAGE][INFO] - Finding web element with id: 'Object Repository/ANEF_Eloignement_V_Nawres/Page_Accueil_Principale/btn_ANEF_Eloignement' located by 'By.xpath: //span[contains(text()," ANEF Ã©loignement ")]' in '100' second(s)

14-02-2025T14:39:23 - [MESSAGE][INFO] - Found 1 web elements with id: 'Object Repository/ANEF_Eloignement_V_Nawres/Page_Accueil_Principale/btn_ANEF_Eloignement' located by 'By.xpath: //span[contains(text()," ANEF Ã©loignement ")]' in '100' second(s)

14-02-2025T14:39:23 - [MESSAGE][INFO] - Clicking on object: 'Object Repository/ANEF_Eloignement_V_Nawres/Page_Accueil_Principale/btn_ANEF_Eloignement'

14-02-2025T14:39:26 - [MESSAGE][PASSED] - Object: 'Object Repository/ANEF_Eloignement_V_Nawres/Page_Accueil_Principale/btn_ANEF_Eloignement' is clicked on

14-02-2025T14:39:26 - [TEST_STEP][PASSED] - verifyElementPresent(findTestObject("Object Repository/ANEF_Eloignement_V_Nawres/Page_Creation_ou_Recherche_Dossier/btn_Rechercher_Dossier"), 1, STOP_ON_FAILURE): Object 'Object Repository/ANEF_Eloignement_V_Nawres/Page_Creation_ou_Recherche_Dossier/btn_Rechercher_Dossier' is present

14-02-2025T14:39:26 - [MESSAGE][INFO] - Finding Test Object 'Object Repository/ANEF_Eloignement_V_Nawres/Page_Creation_ou_Recherche_Dossier/btn_Rechercher_Dossier'

14-02-2025T14:39:26 - [MESSAGE][INFO] - Checking object

14-02-2025T14:39:26 - [MESSAGE][INFO] - Finding web element from Test Object's properties

14-02-2025T14:39:26 - [MESSAGE][INFO] - Checking timeout

14-02-2025T14:39:26 - [MESSAGE][INFO] - Finding web element with id: 'Object Repository/ANEF_Eloignement_V_Nawres/Page_Creation_ou_Recherche_Dossier/btn_Rechercher_Dossier' located by 'By.xpath: //button[@title="Rechercher un dossier"]' in '1' second(s)

14-02-2025T14:39:26 - [MESSAGE][INFO] - Found 1 web elements with id: 'Object Repository/ANEF_Eloignement_V_Nawres/Page_Creation_ou_Recherche_Dossier/btn_Rechercher_Dossier' located by 'By.xpath: //button[@title="Rechercher un dossier"]' in '1' second(s)

14-02-2025T14:39:26 - [MESSAGE][PASSED] - Object 'Object Repository/ANEF_Eloignement_V_Nawres/Page_Creation_ou_Recherche_Dossier/btn_Rechercher_Dossier' is present

14-02-2025T14:39:26 - [TEST_STEP][PASSED] - delay(5): Delayed 5 second(s)

14-02-2025T14:39:26 - [MESSAGE][INFO] - Delaying browser in 5 second(s)

14-02-2025T14:39:31 - [MESSAGE][PASSED] - Delayed 5 second(s)

14-02-2025T14:39:31 - [TEST_STEP][PASSED] - click(findTestObject("Object Repository/ANEF_Eloignement_V_Nawres/Page_Creation_ou_Recherche_Dossier/btn_Rechercher_Dossier")): Object: 'Object Repository/ANEF_Eloignement_V_Nawres/Page_Creation_ou_Recherche_Dossier/btn_Rechercher_Dossier' is clicked on

14-02-2025T14:39:31 - [MESSAGE][INFO] - Finding Test Object 'Object Repository/ANEF_Eloignement_V_Nawres/Page_Creation_ou_Recherche_Dossier/btn_Rechercher_Dossier'

14-02-2025T14:39:31 - [MESSAGE][INFO] - Checking timeout

14-02-2025T14:39:31 - [MESSAGE][INFO] - Finding web element with id: 'Object Repository/ANEF_Eloignement_V_Nawres/Page_Creation_ou_Recherche_Dossier/btn_Rechercher_Dossier' located by 'By.xpath: //button[@title="Rechercher un dossier"]' in '20' second(s)

14-02-2025T14:39:31 - [MESSAGE][INFO] - Found 1 web elements with id: 'Object Repository/ANEF_Eloignement_V_Nawres/Page_Creation_ou_Recherche_Dossier/btn_Rechercher_Dossier' located by 'By.xpath: //button[@title="Rechercher un dossier"]' in '20' second(s)

14-02-2025T14:39:31 - [MESSAGE][INFO] - Checking object

14-02-2025T14:39:31 - [MESSAGE][INFO] - Checking timeout

14-02-2025T14:39:31 - [MESSAGE][INFO] - Finding web element from Test Object's properties

14-02-2025T14:39:31 - [MESSAGE][INFO] - Checking timeout

14-02-2025T14:39:31 - [MESSAGE][INFO] - Finding web element with id: 'Object Repository/ANEF_Eloignement_V_Nawres/Page_Creation_ou_Recherche_Dossier/btn_Rechercher_Dossier' located by 'By.xpath: //button[@title="Rechercher un dossier"]' in '100' second(s)

14-02-2025T14:39:31 - [MESSAGE][INFO] - Found 1 web elements with id: 'Object Repository/ANEF_Eloignement_V_Nawres/Page_Creation_ou_Recherche_Dossier/btn_Rechercher_Dossier' located by 'By.xpath: //button[@title="Rechercher un dossier"]' in '100' second(s)

14-02-2025T14:39:31 - [MESSAGE][INFO] - Clicking on object: 'Object Repository/ANEF_Eloignement_V_Nawres/Page_Creation_ou_Recherche_Dossier/btn_Rechercher_Dossier'

14-02-2025T14:39:33 - [MESSAGE][PASSED] - Object: 'Object Repository/ANEF_Eloignement_V_Nawres/Page_Creation_ou_Recherche_Dossier/btn_Rechercher_Dossier' is clicked on

14-02-2025T14:39:33 - [TEST_STEP][PASSED] - if (CreationOuRecherche == "Creation"): null

14-02-2025T14:39:33 - [TEST_STEP][PASSED] - if (CreationOuRecherche == "Recherche"): Object: 'Object Repository/ANEF_Eloignement_V_Nawres/Page_Creation_ou_Recherche_Dossier/btn_Choisir_Dossier_Etranger' is clicked on

14-02-2025T14:39:33 - [TEST_STEP][PASSED] - setText(findTestObject("Object Repository/ANEF_Eloignement_V_Nawres/Page_Creation_ou_Recherche_Dossier/Input_Numero_etranger"), NumeroEtranger, STOP_ON_FAILURE): Text '7503181980' is set on object 'Object Repository/ANEF_Eloignement_V_Nawres/Page_Creation_ou_Recherche_Dossier/Input_Numero_etranger'

14-02-2025T14:39:33 - [MESSAGE][INFO] - Finding Test Object 'Object Repository/ANEF_Eloignement_V_Nawres/Page_Creation_ou_Recherche_Dossier/Input_Numero_etranger'

14-02-2025T14:39:33 - [MESSAGE][INFO] - Checking timeout

14-02-2025T14:39:33 - [MESSAGE][INFO] - Finding web element with id: 'Object Repository/ANEF_Eloignement_V_Nawres/Page_Creation_ou_Recherche_Dossier/Input_Numero_etranger' located by 'By.xpath: //app-identite-declaree-search-box//div/app-dsfr-input/div/input[@id="identifiant_agdref"]|//app-search-box//div/app-dsfr-input/div/input[@id="identifiant_agdref"]' in '20' second(s)

14-02-2025T14:39:33 - [MESSAGE][INFO] - Found 1 web elements with id: 'Object Repository/ANEF_Eloignement_V_Nawres/Page_Creation_ou_Recherche_Dossier/Input_Numero_etranger' located by 'By.xpath: //app-identite-declaree-search-box//div/app-dsfr-input/div/input[@id="identifiant_agdref"]|//app-search-box//div/app-dsfr-input/div/input[@id="identifiant_agdref"]' in '20' second(s)

14-02-2025T14:39:33 - [MESSAGE][INFO] - Checking object

14-02-2025T14:39:33 - [MESSAGE][INFO] - Checking text

14-02-2025T14:39:33 - [MESSAGE][INFO] - Finding web element from Test Object's properties

14-02-2025T14:39:33 - [MESSAGE][INFO] - Checking timeout

14-02-2025T14:39:33 - [MESSAGE][INFO] - Finding web element with id: 'Object Repository/ANEF_Eloignement_V_Nawres/Page_Creation_ou_Recherche_Dossier/Input_Numero_etranger' located by 'By.xpath: //app-identite-declaree-search-box//div/app-dsfr-input/div/input[@id="identifiant_agdref"]|//app-search-box//div/app-dsfr-input/div/input[@id="identifiant_agdref"]' in '100' second(s)

14-02-2025T14:39:33 - [MESSAGE][INFO] - Found 1 web elements with id: 'Object Repository/ANEF_Eloignement_V_Nawres/Page_Creation_ou_Recherche_Dossier/Input_Numero_etranger' located by 'By.xpath: //app-identite-declaree-search-box//div/app-dsfr-input/div/input[@id="identifiant_agdref"]|//app-search-box//div/app-dsfr-input/div/input[@id="identifiant_agdref"]' in '100' second(s)

14-02-2025T14:39:33 - [MESSAGE][INFO] - Clearing text of object 'Object Repository/ANEF_Eloignement_V_Nawres/Page_Creation_ou_Recherche_Dossier/Input_Numero_etranger'

14-02-2025T14:39:34 - [MESSAGE][INFO] - Finding web element from Test Object's properties

14-02-2025T14:39:34 - [MESSAGE][INFO] - Checking timeout

14-02-2025T14:39:34 - [MESSAGE][INFO] - Finding web element with id: 'Object Repository/ANEF_Eloignement_V_Nawres/Page_Creation_ou_Recherche_Dossier/Input_Numero_etranger' located by 'By.xpath: //app-identite-declaree-search-box//div/app-dsfr-input/div/input[@id="identifiant_agdref"]|//app-search-box//div/app-dsfr-input/div/input[@id="identifiant_agdref"]' in '100' second(s)

14-02-2025T14:39:34 - [MESSAGE][INFO] - Found 1 web elements with id: 'Object Repository/ANEF_Eloignement_V_Nawres/Page_Creation_ou_Recherche_Dossier/Input_Numero_etranger' located by 'By.xpath: //app-identite-declaree-search-box//div/app-dsfr-input/div/input[@id="identifiant_agdref"]|//app-search-box//div/app-dsfr-input/div/input[@id="identifiant_agdref"]' in '100' second(s)

14-02-2025T14:39:34 - [MESSAGE][INFO] - Setting text of object 'Object Repository/ANEF_Eloignement_V_Nawres/Page_Creation_ou_Recherche_Dossier/Input_Numero_etranger' to value '7503181980'

14-02-2025T14:39:35 - [MESSAGE][PASSED] - Text '7503181980' is set on object 'Object Repository/ANEF_Eloignement_V_Nawres/Page_Creation_ou_Recherche_Dossier/Input_Numero_etranger'

14-02-2025T14:39:35 - [TEST_STEP][PASSED] - click(findTestObject("Object Repository/ANEF_Eloignement_V_Nawres/Page_Creation_ou_Recherche_Dossier/Input_Numero_etranger"), STOP_ON_FAILURE): Object: 'Object Repository/ANEF_Eloignement_V_Nawres/Page_Creation_ou_Recherche_Dossier/Input_Numero_etranger' is clicked on

14-02-2025T14:39:35 - [MESSAGE][INFO] - Finding Test Object 'Object Repository/ANEF_Eloignement_V_Nawres/Page_Creation_ou_Recherche_Dossier/Input_Numero_etranger'

14-02-2025T14:39:35 - [MESSAGE][INFO] - Checking timeout

14-02-2025T14:39:35 - [MESSAGE][INFO] - Finding web element with id: 'Object Repository/ANEF_Eloignement_V_Nawres/Page_Creation_ou_Recherche_Dossier/Input_Numero_etranger' located by 'By.xpath: //app-identite-declaree-search-box//div/app-dsfr-input/div/input[@id="identifiant_agdref"]|//app-search-box//div/app-dsfr-input/div/input[@id="identifiant_agdref"]' in '20' second(s)

14-02-2025T14:39:35 - [MESSAGE][INFO] - Found 1 web elements with id: 'Object Repository/ANEF_Eloignement_V_Nawres/Page_Creation_ou_Recherche_Dossier/Input_Numero_etranger' located by 'By.xpath: //app-identite-declaree-search-box//div/app-dsfr-input/div/input[@id="identifiant_agdref"]|//app-search-box//div/app-dsfr-input/div/input[@id="identifiant_agdref"]' in '20' second(s)

14-02-2025T14:39:35 - [MESSAGE][INFO] - Checking object

14-02-2025T14:39:35 - [MESSAGE][INFO] - Checking timeout

14-02-2025T14:39:35 - [MESSAGE][INFO] - Finding web element from Test Object's properties

14-02-2025T14:39:35 - [MESSAGE][INFO] - Checking timeout

14-02-2025T14:39:35 - [MESSAGE][INFO] - Finding web element with id: 'Object Repository/ANEF_Eloignement_V_Nawres/Page_Creation_ou_Recherche_Dossier/Input_Numero_etranger' located by 'By.xpath: //app-identite-declaree-search-box//div/app-dsfr-input/div/input[@id="identifiant_agdref"]|//app-search-box//div/app-dsfr-input/div/input[@id="identifiant_agdref"]' in '100' second(s)

14-02-2025T14:39:35 - [MESSAGE][INFO] - Found 1 web elements with id: 'Object Repository/ANEF_Eloignement_V_Nawres/Page_Creation_ou_Recherche_Dossier/Input_Numero_etranger' located by 'By.xpath: //app-identite-declaree-search-box//div/app-dsfr-input/div/input[@id="identifiant_agdref"]|//app-search-box//div/app-dsfr-input/div/input[@id="identifiant_agdref"]' in '100' second(s)

14-02-2025T14:39:35 - [MESSAGE][INFO] - Clicking on object: 'Object Repository/ANEF_Eloignement_V_Nawres/Page_Creation_ou_Recherche_Dossier/Input_Numero_etranger'

14-02-2025T14:39:36 - [MESSAGE][PASSED] - Object: 'Object Repository/ANEF_Eloignement_V_Nawres/Page_Creation_ou_Recherche_Dossier/Input_Numero_etranger' is clicked on

14-02-2025T14:39:36 - [TEST_STEP][PASSED] - scrollToElement(findTestObject("Object Repository/ANEF_Eloignement_V_Nawres/Page_Creation_ou_Recherche_Dossier/btn_Lancer_La_Recherche"), 5, STOP_ON_FAILURE): Scroll to object 'Object Repository/ANEF_Eloignement_V_Nawres/Page_Creation_ou_Recherche_Dossier/btn_Lancer_La_Recherche' successfully

14-02-2025T14:39:36 - [MESSAGE][INFO] - Finding Test Object 'Object Repository/ANEF_Eloignement_V_Nawres/Page_Creation_ou_Recherche_Dossier/btn_Lancer_La_Recherche'

14-02-2025T14:39:36 - [MESSAGE][INFO] - Checking object

14-02-2025T14:39:36 - [MESSAGE][INFO] - Checking timeout

14-02-2025T14:39:36 - [MESSAGE][INFO] - Finding web element from Test Object's properties

14-02-2025T14:39:36 - [MESSAGE][INFO] - Checking timeout

14-02-2025T14:39:36 - [MESSAGE][INFO] - Finding web element with id: 'Object Repository/ANEF_Eloignement_V_Nawres/Page_Creation_ou_Recherche_Dossier/btn_Lancer_La_Recherche' located by 'By.xpath: //button[contains(text(),"Lancer la recherche ")]' in '100' second(s)

14-02-2025T14:39:36 - [MESSAGE][INFO] - Found 1 web elements with id: 'Object Repository/ANEF_Eloignement_V_Nawres/Page_Creation_ou_Recherche_Dossier/btn_Lancer_La_Recherche' located by 'By.xpath: //button[contains(text(),"Lancer la recherche ")]' in '100' second(s)

14-02-2025T14:39:36 - [MESSAGE][INFO] - Scrolling to object 'Object Repository/ANEF_Eloignement_V_Nawres/Page_Creation_ou_Recherche_Dossier/btn_Lancer_La_Recherche'

14-02-2025T14:39:36 - [MESSAGE][PASSED] - Scroll to object 'Object Repository/ANEF_Eloignement_V_Nawres/Page_Creation_ou_Recherche_Dossier/btn_Lancer_La_Recherche' successfully

14-02-2025T14:39:36 - [TEST_STEP][PASSED] - click(findTestObject("Object Repository/ANEF_Eloignement_V_Nawres/Page_Creation_ou_Recherche_Dossier/btn_Lancer_La_Recherche"), STOP_ON_FAILURE): Object: 'Object Repository/ANEF_Eloignement_V_Nawres/Page_Creation_ou_Recherche_Dossier/btn_Lancer_La_Recherche' is clicked on

14-02-2025T14:39:36 - [MESSAGE][INFO] - Finding Test Object 'Object Repository/ANEF_Eloignement_V_Nawres/Page_Creation_ou_Recherche_Dossier/btn_Lancer_La_Recherche'

14-02-2025T14:39:36 - [MESSAGE][INFO] - Checking timeout

14-02-2025T14:39:36 - [MESSAGE][INFO] - Finding web element with id: 'Object Repository/ANEF_Eloignement_V_Nawres/Page_Creation_ou_Recherche_Dossier/btn_Lancer_La_Recherche' located by 'By.xpath: //button[contains(text(),"Lancer la recherche ")]' in '20' second(s)

14-02-2025T14:39:36 - [MESSAGE][INFO] - Found 1 web elements with id: 'Object Repository/ANEF_Eloignement_V_Nawres/Page_Creation_ou_Recherche_Dossier/btn_Lancer_La_Recherche' located by 'By.xpath: //button[contains(text(),"Lancer la recherche ")]' in '20' second(s)

14-02-2025T14:39:36 - [MESSAGE][INFO] - Checking object

14-02-2025T14:39:36 - [MESSAGE][INFO] - Checking timeout

14-02-2025T14:39:36 - [MESSAGE][INFO] - Finding web element from Test Object's properties

14-02-2025T14:39:36 - [MESSAGE][INFO] - Checking timeout

14-02-2025T14:39:36 - [MESSAGE][INFO] - Finding web element with id: 'Object Repository/ANEF_Eloignement_V_Nawres/Page_Creation_ou_Recherche_Dossier/btn_Lancer_La_Recherche' located by 'By.xpath: //button[contains(text(),"Lancer la recherche ")]' in '100' second(s)

14-02-2025T14:39:36 - [MESSAGE][INFO] - Found 1 web elements with id: 'Object Repository/ANEF_Eloignement_V_Nawres/Page_Creation_ou_Recherche_Dossier/btn_Lancer_La_Recherche' located by 'By.xpath: //button[contains(text(),"Lancer la recherche ")]' in '100' second(s)

14-02-2025T14:39:36 - [MESSAGE][INFO] - Clicking on object: 'Object Repository/ANEF_Eloignement_V_Nawres/Page_Creation_ou_Recherche_Dossier/btn_Lancer_La_Recherche'

14-02-2025T14:39:37 - [MESSAGE][PASSED] - Object: 'Object Repository/ANEF_Eloignement_V_Nawres/Page_Creation_ou_Recherche_Dossier/btn_Lancer_La_Recherche' is clicked on

14-02-2025T14:39:37 - [TEST_STEP][PASSED] - delay(5): Delayed 5 second(s)

14-02-2025T14:39:37 - [MESSAGE][INFO] - Delaying browser in 5 second(s)

14-02-2025T14:39:42 - [MESSAGE][PASSED] - Delayed 5 second(s)

14-02-2025T14:39:42 - [TEST_STEP][PASSED] - scrollToElement(findTestObject("Object Repository/ANEF_Eloignement_V_Nawres/Page_Creation_ou_Recherche_Dossier/btn_Radio_Selectionner_Dossier"), 5, STOP_ON_FAILURE): Scroll to object 'Object Repository/ANEF_Eloignement_V_Nawres/Page_Creation_ou_Recherche_Dossier/btn_Radio_Selectionner_Dossier' successfully

14-02-2025T14:39:42 - [MESSAGE][INFO] - Finding Test Object 'Object Repository/ANEF_Eloignement_V_Nawres/Page_Creation_ou_Recherche_Dossier/btn_Radio_Selectionner_Dossier'

14-02-2025T14:39:42 - [MESSAGE][INFO] - Checking object

14-02-2025T14:39:42 - [MESSAGE][INFO] - Checking timeout

14-02-2025T14:39:42 - [MESSAGE][INFO] - Finding web element from Test Object's properties

14-02-2025T14:39:42 - [MESSAGE][INFO] - Checking timeout

14-02-2025T14:39:42 - [MESSAGE][INFO] - Finding web element with id: 'Object Repository/ANEF_Eloignement_V_Nawres/Page_Creation_ou_Recherche_Dossier/btn_Radio_Selectionner_Dossier' located by 'By.xpath: //app-search-etranger/app-search-result-etranger//table/tbody/tr//label' in '100' second(s)

14-02-2025T14:39:42 - [MESSAGE][INFO] - Found 1 web elements with id: 'Object Repository/ANEF_Eloignement_V_Nawres/Page_Creation_ou_Recherche_Dossier/btn_Radio_Selectionner_Dossier' located by 'By.xpath: //app-search-etranger/app-search-result-etranger//table/tbody/tr//label' in '100' second(s)

14-02-2025T14:39:42 - [MESSAGE][INFO] - Scrolling to object 'Object Repository/ANEF_Eloignement_V_Nawres/Page_Creation_ou_Recherche_Dossier/btn_Radio_Selectionner_Dossier'

14-02-2025T14:39:42 - [MESSAGE][PASSED] - Scroll to object 'Object Repository/ANEF_Eloignement_V_Nawres/Page_Creation_ou_Recherche_Dossier/btn_Radio_Selectionner_Dossier' successfully

14-02-2025T14:39:42 - [TEST_STEP][PASSED] - click(findTestObject("Object Repository/ANEF_Eloignement_V_Nawres/Page_Creation_ou_Recherche_Dossier/btn_Radio_Selectionner_Dossier"), STOP_ON_FAILURE): Object: 'Object Repository/ANEF_Eloignement_V_Nawres/Page_Creation_ou_Recherche_Dossier/btn_Radio_Selectionner_Dossier' is clicked on

14-02-2025T14:39:42 - [MESSAGE][INFO] - Finding Test Object 'Object Repository/ANEF_Eloignement_V_Nawres/Page_Creation_ou_Recherche_Dossier/btn_Radio_Selectionner_Dossier'

14-02-2025T14:39:42 - [MESSAGE][INFO] - Checking timeout

14-02-2025T14:39:42 - [MESSAGE][INFO] - Finding web element with id: 'Object Repository/ANEF_Eloignement_V_Nawres/Page_Creation_ou_Recherche_Dossier/btn_Radio_Selectionner_Dossier' located by 'By.xpath: //app-search-etranger/app-search-result-etranger//table/tbody/tr//label' in '20' second(s)

14-02-2025T14:39:42 - [MESSAGE][INFO] - Found 1 web elements with id: 'Object Repository/ANEF_Eloignement_V_Nawres/Page_Creation_ou_Recherche_Dossier/btn_Radio_Selectionner_Dossier' located by 'By.xpath: //app-search-etranger/app-search-result-etranger//table/tbody/tr//label' in '20' second(s)

14-02-2025T14:39:42 - [MESSAGE][INFO] - Checking object

14-02-2025T14:39:42 - [MESSAGE][INFO] - Checking timeout

14-02-2025T14:39:42 - [MESSAGE][INFO] - Finding web element from Test Object's properties

14-02-2025T14:39:42 - [MESSAGE][INFO] - Checking timeout

14-02-2025T14:39:42 - [MESSAGE][INFO] - Finding web element with id: 'Object Repository/ANEF_Eloignement_V_Nawres/Page_Creation_ou_Recherche_Dossier/btn_Radio_Selectionner_Dossier' located by 'By.xpath: //app-search-etranger/app-search-result-etranger//table/tbody/tr//label' in '100' second(s)

14-02-2025T14:39:43 - [MESSAGE][INFO] - Found 1 web elements with id: 'Object Repository/ANEF_Eloignement_V_Nawres/Page_Creation_ou_Recherche_Dossier/btn_Radio_Selectionner_Dossier' located by 'By.xpath: //app-search-etranger/app-search-result-etranger//table/tbody/tr//label' in '100' second(s)

14-02-2025T14:39:43 - [MESSAGE][INFO] - Clicking on object: 'Object Repository/ANEF_Eloignement_V_Nawres/Page_Creation_ou_Recherche_Dossier/btn_Radio_Selectionner_Dossier'

14-02-2025T14:39:44 - [MESSAGE][PASSED] - Object: 'Object Repository/ANEF_Eloignement_V_Nawres/Page_Creation_ou_Recherche_Dossier/btn_Radio_Selectionner_Dossier' is clicked on

14-02-2025T14:39:44 - [TEST_STEP][PASSED] - click(findTestObject("Object Repository/ANEF_Eloignement_V_Nawres/Page_Creation_ou_Recherche_Dossier/btn_Choisir_Dossier_Etranger"), STOP_ON_FAILURE): Object: 'Object Repository/ANEF_Eloignement_V_Nawres/Page_Creation_ou_Recherche_Dossier/btn_Choisir_Dossier_Etranger' is clicked on

14-02-2025T14:39:44 - [MESSAGE][INFO] - Finding Test Object 'Object Repository/ANEF_Eloignement_V_Nawres/Page_Creation_ou_Recherche_Dossier/btn_Choisir_Dossier_Etranger'

14-02-2025T14:39:44 - [MESSAGE][INFO] - Checking timeout

14-02-2025T14:39:44 - [MESSAGE][INFO] - Finding web element with id: 'Object Repository/ANEF_Eloignement_V_Nawres/Page_Creation_ou_Recherche_Dossier/btn_Choisir_Dossier_Etranger' located by 'By.xpath: //button[contains(text(),"Choisir un dossier Ã©tranger")]' in '20' second(s)

14-02-2025T14:39:44 - [MESSAGE][INFO] - Found 1 web elements with id: 'Object Repository/ANEF_Eloignement_V_Nawres/Page_Creation_ou_Recherche_Dossier/btn_Choisir_Dossier_Etranger' located by 'By.xpath: //button[contains(text(),"Choisir un dossier Ã©tranger")]' in '20' second(s)

14-02-2025T14:39:44 - [MESSAGE][INFO] - Checking object

14-02-2025T14:39:44 - [MESSAGE][INFO] - Checking timeout

14-02-2025T14:39:44 - [MESSAGE][INFO] - Finding web element from Test Object's properties

14-02-2025T14:39:44 - [MESSAGE][INFO] - Checking timeout

14-02-2025T14:39:44 - [MESSAGE][INFO] - Finding web element with id: 'Object Repository/ANEF_Eloignement_V_Nawres/Page_Creation_ou_Recherche_Dossier/btn_Choisir_Dossier_Etranger' located by 'By.xpath: //button[contains(text(),"Choisir un dossier Ã©tranger")]' in '100' second(s)

14-02-2025T14:39:44 - [MESSAGE][INFO] - Found 1 web elements with id: 'Object Repository/ANEF_Eloignement_V_Nawres/Page_Creation_ou_Recherche_Dossier/btn_Choisir_Dossier_Etranger' located by 'By.xpath: //button[contains(text(),"Choisir un dossier Ã©tranger")]' in '100' second(s)

14-02-2025T14:39:44 - [MESSAGE][INFO] - Clicking on object: 'Object Repository/ANEF_Eloignement_V_Nawres/Page_Creation_ou_Recherche_Dossier/btn_Choisir_Dossier_Etranger'

14-02-2025T14:39:45 - [MESSAGE][PASSED] - Object: 'Object Repository/ANEF_Eloignement_V_Nawres/Page_Creation_ou_Recherche_Dossier/btn_Choisir_Dossier_Etranger' is clicked on

14-02-2025T14:39:45 - [MESSAGE][PASSED] - Call Test Case 'Test Cases/Test Reutilisable/Main/ANEF_Eloignement_V_Nawres/ANEF_Creation_ou_Recherche_Dossier' successfully

14-02-2025T14:39:45 - [TEST_STEP][PASSED] - if (CreationOuRecherche == "Creation"): null

14-02-2025T14:39:45 - [TEST_STEP][PASSED] - println(NumeroEtranger): null

14-02-2025T14:39:45 - [TEST_STEP][PASSED] - callTestCase(findTestCase("Test Cases/Test Reutilisable/Main/ANEF_Eloignement_V_Nawres/ANEF_Prendre_Mesure"), ["Mesure":Mesure, "FondementLegal":FondementLegal, "NatureDeLacteExpulsion":NatureDeLacteExpulsion, "NatureDeLacteExpulsion":NatureDeLacteExpulsion, ... ], STOP_ON_FAILURE): Call Test Case 'Test Cases/Test Reutilisable/Main/ANEF_Eloignement_V_Nawres/ANEF_Prendre_Mesure' successfully

14-02-2025T14:39:45 - [MESSAGE][INFO] - Checking called Test Case

14-02-2025T14:39:45 - [MESSAGE][INFO] - Starting to call Test Case 'Test Cases/Test Reutilisable/Main/ANEF_Eloignement_V_Nawres/ANEF_Prendre_Mesure'

14-02-2025T14:39:45 - [TEST_CASE][PASSED] - Test Cases/Test Reutilisable/Main/ANEF_Eloignement_V_Nawres/ANEF_Prendre_Mesure: Test Cases/Test Reutilisable/Main/ANEF_Eloignement_V_Nawres/ANEF_Prendre_Mesure

14-02-2025T14:39:45 - [TEST_STEP][PASSED] - click(findTestObject("Object Repository/ANEF_Eloignement_V_Nawres/Page_Prendre_Mesure/btn_Prendre_Mesure"), STOP_ON_FAILURE): Object: 'Object Repository/ANEF_Eloignement_V_Nawres/Page_Prendre_Mesure/btn_Prendre_Mesure' is clicked on

14-02-2025T14:39:45 - [MESSAGE][INFO] - Finding Test Object 'Object Repository/ANEF_Eloignement_V_Nawres/Page_Prendre_Mesure/btn_Prendre_Mesure'

14-02-2025T14:39:45 - [MESSAGE][INFO] - Checking timeout

14-02-2025T14:39:45 - [MESSAGE][INFO] - Finding web element with id: 'Object Repository/ANEF_Eloignement_V_Nawres/Page_Prendre_Mesure/btn_Prendre_Mesure' located by 'By.xpath: //button[@title="Prendre une Mesure"]' in '20' second(s)

14-02-2025T14:39:45 - [MESSAGE][INFO] - Found 1 web elements with id: 'Object Repository/ANEF_Eloignement_V_Nawres/Page_Prendre_Mesure/btn_Prendre_Mesure' located by 'By.xpath: //button[@title="Prendre une Mesure"]' in '20' second(s)

14-02-2025T14:39:45 - [MESSAGE][INFO] - Checking object

14-02-2025T14:39:45 - [MESSAGE][INFO] - Checking timeout

14-02-2025T14:39:45 - [MESSAGE][INFO] - Finding web element from Test Object's properties

14-02-2025T14:39:45 - [MESSAGE][INFO] - Checking timeout

14-02-2025T14:39:45 - [MESSAGE][INFO] - Finding web element with id: 'Object Repository/ANEF_Eloignement_V_Nawres/Page_Prendre_Mesure/btn_Prendre_Mesure' located by 'By.xpath: //button[@title="Prendre une Mesure"]' in '100' second(s)

14-02-2025T14:39:45 - [MESSAGE][INFO] - Found 1 web elements with id: 'Object Repository/ANEF_Eloignement_V_Nawres/Page_Prendre_Mesure/btn_Prendre_Mesure' located by 'By.xpath: //button[@title="Prendre une Mesure"]' in '100' second(s)

14-02-2025T14:39:45 - [MESSAGE][INFO] - Clicking on object: 'Object Repository/ANEF_Eloignement_V_Nawres/Page_Prendre_Mesure/btn_Prendre_Mesure'

14-02-2025T14:39:47 - [MESSAGE][PASSED] - Object: 'Object Repository/ANEF_Eloignement_V_Nawres/Page_Prendre_Mesure/btn_Prendre_Mesure' is clicked on

14-02-2025T14:39:47 - [TEST_STEP][PASSED] - delay(5): Delayed 5 second(s)

14-02-2025T14:39:47 - [MESSAGE][INFO] - Delaying browser in 5 second(s)

14-02-2025T14:39:52 - [MESSAGE][PASSED] - Delayed 5 second(s)

14-02-2025T14:39:52 - [TEST_STEP][PASSED] - switch (Mesure): null

14-02-2025T14:39:52 - [TEST_STEP][PASSED] - case "ExecutionFicheSIS":: null

14-02-2025T14:39:52 - [TEST_STEP][PASSED] - selectOptionByLabel(findTestObject("Object Repository/ANEF_Eloignement_V_Nawres/Page_Prendre_Mesure/select_Type_Mesure"), "ExÃ©cution fiche SIS L.615-1", false, STOP_ON_FAILURE): All options with label 'ExÃ©cution fiche SIS L.615-1' are selected in object 'Object Repository/ANEF_Eloignement_V_Nawres/Page_Prendre_Mesure/select_Type_Mesure' 

14-02-2025T14:39:52 - [MESSAGE][INFO] - Finding Test Object 'Object Repository/ANEF_Eloignement_V_Nawres/Page_Prendre_Mesure/select_Type_Mesure'

14-02-2025T14:39:52 - [MESSAGE][INFO] - Checking timeout

14-02-2025T14:39:52 - [MESSAGE][INFO] - Finding web element with id: 'Object Repository/ANEF_Eloignement_V_Nawres/Page_Prendre_Mesure/select_Type_Mesure' located by 'By.xpath: //select[@id="typeMesure"]' in '20' second(s)

14-02-2025T14:39:52 - [MESSAGE][INFO] - Found 1 web elements with id: 'Object Repository/ANEF_Eloignement_V_Nawres/Page_Prendre_Mesure/select_Type_Mesure' located by 'By.xpath: //select[@id="typeMesure"]' in '20' second(s)

14-02-2025T14:39:52 - [MESSAGE][INFO] - Checking object

14-02-2025T14:39:52 - [MESSAGE][INFO] - Checking label parameter

14-02-2025T14:39:52 - [MESSAGE][INFO] - Finding web element from Test Object's properties

14-02-2025T14:39:52 - [MESSAGE][INFO] - Checking timeout

14-02-2025T14:39:52 - [MESSAGE][INFO] - Finding web element with id: 'Object Repository/ANEF_Eloignement_V_Nawres/Page_Prendre_Mesure/select_Type_Mesure' located by 'By.xpath: //select[@id="typeMesure"]' in '100' second(s)

14-02-2025T14:39:52 - [MESSAGE][INFO] - Found 1 web elements with id: 'Object Repository/ANEF_Eloignement_V_Nawres/Page_Prendre_Mesure/select_Type_Mesure' located by 'By.xpath: //select[@id="typeMesure"]' in '100' second(s)

14-02-2025T14:39:52 - [MESSAGE][INFO] - Selecting options on object 'Object Repository/ANEF_Eloignement_V_Nawres/Page_Prendre_Mesure/select_Type_Mesure' with label 'ExÃ©cution fiche SIS L.615-1' 

14-02-2025T14:39:53 - [MESSAGE][PASSED] - All options with label 'ExÃ©cution fiche SIS L.615-1' are selected in object 'Object Repository/ANEF_Eloignement_V_Nawres/Page_Prendre_Mesure/select_Type_Mesure' 

14-02-2025T14:39:53 - [TEST_STEP][PASSED] - click(findTestObject("Object Repository/ANEF_Eloignement_V_Nawres/Page_Prendre_Mesure/btn_Confirmer_Mesure"), STOP_ON_FAILURE): Object: 'Object Repository/ANEF_Eloignement_V_Nawres/Page_Prendre_Mesure/btn_Confirmer_Mesure' is clicked on

14-02-2025T14:39:53 - [MESSAGE][INFO] - Finding Test Object 'Object Repository/ANEF_Eloignement_V_Nawres/Page_Prendre_Mesure/btn_Confirmer_Mesure'

14-02-2025T14:39:53 - [MESSAGE][INFO] - Checking timeout

14-02-2025T14:39:53 - [MESSAGE][INFO] - Finding web element with id: 'Object Repository/ANEF_Eloignement_V_Nawres/Page_Prendre_Mesure/btn_Confirmer_Mesure' located by 'By.xpath: //button[@id="btn-confirme-decision"]' in '20' second(s)

14-02-2025T14:39:53 - [MESSAGE][INFO] - Found 1 web elements with id: 'Object Repository/ANEF_Eloignement_V_Nawres/Page_Prendre_Mesure/btn_Confirmer_Mesure' located by 'By.xpath: //button[@id="btn-confirme-decision"]' in '20' second(s)

14-02-2025T14:39:53 - [MESSAGE][INFO] - Checking object

14-02-2025T14:39:53 - [MESSAGE][INFO] - Checking timeout

14-02-2025T14:39:53 - [MESSAGE][INFO] - Finding web element from Test Object's properties

14-02-2025T14:39:53 - [MESSAGE][INFO] - Checking timeout

14-02-2025T14:39:53 - [MESSAGE][INFO] - Finding web element with id: 'Object Repository/ANEF_Eloignement_V_Nawres/Page_Prendre_Mesure/btn_Confirmer_Mesure' located by 'By.xpath: //button[@id="btn-confirme-decision"]' in '100' second(s)

14-02-2025T14:39:53 - [MESSAGE][INFO] - Found 1 web elements with id: 'Object Repository/ANEF_Eloignement_V_Nawres/Page_Prendre_Mesure/btn_Confirmer_Mesure' located by 'By.xpath: //button[@id="btn-confirme-decision"]' in '100' second(s)

14-02-2025T14:39:53 - [MESSAGE][INFO] - Clicking on object: 'Object Repository/ANEF_Eloignement_V_Nawres/Page_Prendre_Mesure/btn_Confirmer_Mesure'

14-02-2025T14:39:54 - [MESSAGE][PASSED] - Object: 'Object Repository/ANEF_Eloignement_V_Nawres/Page_Prendre_Mesure/btn_Confirmer_Mesure' is clicked on

14-02-2025T14:39:55 - [TEST_STEP][PASSED] - verifyElementPresent(findTestObject("Object Repository/ANEF_Eloignement_V_Nawres/Page_Prendre_Mesure/btn_Supprimer_Fiche_Mesure"), 2, STOP_ON_FAILURE): Object 'Object Repository/ANEF_Eloignement_V_Nawres/Page_Prendre_Mesure/btn_Supprimer_Fiche_Mesure' is present

14-02-2025T14:39:55 - [MESSAGE][INFO] - Finding Test Object 'Object Repository/ANEF_Eloignement_V_Nawres/Page_Prendre_Mesure/btn_Supprimer_Fiche_Mesure'

14-02-2025T14:39:55 - [MESSAGE][INFO] - Checking object

14-02-2025T14:39:55 - [MESSAGE][INFO] - Finding web element from Test Object's properties

14-02-2025T14:39:55 - [MESSAGE][INFO] - Checking timeout

14-02-2025T14:39:55 - [MESSAGE][INFO] - Finding web element with id: 'Object Repository/ANEF_Eloignement_V_Nawres/Page_Prendre_Mesure/btn_Supprimer_Fiche_Mesure' located by 'By.xpath: //button[@title="Supprimer une Mesure"]' in '2' second(s)

14-02-2025T14:39:55 - [MESSAGE][INFO] - Found 1 web elements with id: 'Object Repository/ANEF_Eloignement_V_Nawres/Page_Prendre_Mesure/btn_Supprimer_Fiche_Mesure' located by 'By.xpath: //button[@title="Supprimer une Mesure"]' in '2' second(s)

14-02-2025T14:39:55 - [MESSAGE][PASSED] - Object 'Object Repository/ANEF_Eloignement_V_Nawres/Page_Prendre_Mesure/btn_Supprimer_Fiche_Mesure' is present

14-02-2025T14:39:55 - [TEST_STEP][PASSED] - break: null

14-02-2025T14:39:55 - [TEST_STEP][PASSED] - callTestCase(findTestCase("Test Cases/Test Reutilisable/Main/ANEF_Eloignement_V_Nawres/ANEF_Prendre_Mesure_Formulaire"), ["Mesure":Mesure, "FondementLegal":FondementLegal, "NatureDeLacteExpulsion":NatureDeLacteExpulsion, "UrgenceAbsolueExpulsion":UrgenceAbsolueExpulsion, ... ], STOP_ON_FAILURE): Call Test Case 'Test Cases/Test Reutilisable/Main/ANEF_Eloignement_V_Nawres/ANEF_Prendre_Mesure_Formulaire' successfully

14-02-2025T14:39:55 - [MESSAGE][INFO] - Checking called Test Case

14-02-2025T14:39:55 - [MESSAGE][INFO] - Starting to call Test Case 'Test Cases/Test Reutilisable/Main/ANEF_Eloignement_V_Nawres/ANEF_Prendre_Mesure_Formulaire'

14-02-2025T14:39:55 - [TEST_CASE][PASSED] - Test Cases/Test Reutilisable/Main/ANEF_Eloignement_V_Nawres/ANEF_Prendre_Mesure_Formulaire: Test Cases/Test Reutilisable/Main/ANEF_Eloignement_V_Nawres/ANEF_Prendre_Mesure_Formulaire

14-02-2025T14:39:55 - [TEST_STEP][PASSED] - calendar = Calendar.getInstance(): null

14-02-2025T14:39:55 - [TEST_STEP][PASSED] - currentDate = calendar.getTime(): null

14-02-2025T14:39:55 - [TEST_STEP][PASSED] - sdf = new java.text.SimpleDateFormat(dd/MM/yyyy): null

14-02-2025T14:39:55 - [TEST_STEP][PASSED] - formattedDate = sdf.format(currentDate): null

14-02-2025T14:39:55 - [TEST_STEP][PASSED] - DateActuelle = formattedDate.toString(): null

14-02-2025T14:39:55 - [TEST_STEP][PASSED] - println(DateActuelle): null

14-02-2025T14:39:55 - [TEST_STEP][PASSED] - if (Mesure != "ITF"): null

14-02-2025T14:39:55 - [TEST_STEP][PASSED] - selectOptionByLabel(findTestObject("Object Repository/ANEF_Eloignement_V_Nawres/Page_Prendre_Mesure_Formulaire/select_Fondement_Legal"), FondementLegal, false, STOP_ON_FAILURE): All options with label 'L.615-1 1Â°' are selected in object 'Object Repository/ANEF_Eloignement_V_Nawres/Page_Prendre_Mesure_Formulaire/select_Fondement_Legal' 

14-02-2025T14:39:55 - [MESSAGE][INFO] - Finding Test Object 'Object Repository/ANEF_Eloignement_V_Nawres/Page_Prendre_Mesure_Formulaire/select_Fondement_Legal'

14-02-2025T14:39:55 - [MESSAGE][INFO] - Checking timeout

14-02-2025T14:39:55 - [MESSAGE][INFO] - Finding web element with id: 'Object Repository/ANEF_Eloignement_V_Nawres/Page_Prendre_Mesure_Formulaire/select_Fondement_Legal' located by 'By.xpath: //select[@id="fondement_legal"]' in '20' second(s)

14-02-2025T14:39:55 - [MESSAGE][INFO] - Found 1 web elements with id: 'Object Repository/ANEF_Eloignement_V_Nawres/Page_Prendre_Mesure_Formulaire/select_Fondement_Legal' located by 'By.xpath: //select[@id="fondement_legal"]' in '20' second(s)

14-02-2025T14:39:55 - [MESSAGE][INFO] - Checking object

14-02-2025T14:39:55 - [MESSAGE][INFO] - Checking label parameter

14-02-2025T14:39:55 - [MESSAGE][INFO] - Finding web element from Test Object's properties

14-02-2025T14:39:55 - [MESSAGE][INFO] - Checking timeout

14-02-2025T14:39:55 - [MESSAGE][INFO] - Finding web element with id: 'Object Repository/ANEF_Eloignement_V_Nawres/Page_Prendre_Mesure_Formulaire/select_Fondement_Legal' located by 'By.xpath: //select[@id="fondement_legal"]' in '100' second(s)

14-02-2025T14:39:55 - [MESSAGE][INFO] - Found 1 web elements with id: 'Object Repository/ANEF_Eloignement_V_Nawres/Page_Prendre_Mesure_Formulaire/select_Fondement_Legal' located by 'By.xpath: //select[@id="fondement_legal"]' in '100' second(s)

14-02-2025T14:39:55 - [MESSAGE][INFO] - Selecting options on object 'Object Repository/ANEF_Eloignement_V_Nawres/Page_Prendre_Mesure_Formulaire/select_Fondement_Legal' with label 'L.615-1 1Â°' 

14-02-2025T14:39:57 - [MESSAGE][PASSED] - All options with label 'L.615-1 1Â°' are selected in object 'Object Repository/ANEF_Eloignement_V_Nawres/Page_Prendre_Mesure_Formulaire/select_Fondement_Legal' 

14-02-2025T14:39:57 - [TEST_STEP][PASSED] - if (Mesure == "Expulsion"): null

14-02-2025T14:39:57 - [TEST_STEP][PASSED] - NumberUsagerRandom = tools.MyStringTools.getRandomNumber(10, 99): tools.MyStringTools.getRandomNumber is PASSED

14-02-2025T14:39:57 - [MESSAGE][PASSED] - tools.MyStringTools.getRandomNumber is PASSED

14-02-2025T14:39:57 - [TEST_STEP][PASSED] - println(NumberUsagerRandom): null

14-02-2025T14:39:57 - [TEST_STEP][PASSED] - RandomNumber = NumberUsagerRandom.toString(): null

14-02-2025T14:39:57 - [TEST_STEP][PASSED] - if (Mesure == "OQTF"): null

14-02-2025T14:39:57 - [TEST_STEP][PASSED] - if (Mesure == "RemiseSchengen"): null

14-02-2025T14:39:57 - [TEST_STEP][PASSED] - RandomNumber = tools.MyStringTools.getRandomNumber(1, 30): tools.MyStringTools.getRandomNumber is PASSED

14-02-2025T14:39:57 - [MESSAGE][PASSED] - tools.MyStringTools.getRandomNumber is PASSED

14-02-2025T14:39:57 - [TEST_STEP][PASSED] - println(RandomNumber): null

14-02-2025T14:39:57 - [TEST_STEP][PASSED] - RandomNumberSelect = RandomNumber.toString(): null

14-02-2025T14:39:57 - [TEST_STEP][PASSED] - if (Mesure == "TransfertDublin"): null

14-02-2025T14:39:57 - [TEST_STEP][PASSED] - if (Mesure == "ExecutionFicheSIS"): Object: 'Object Repository/ANEF_Eloignement_V_Nawres/Page_Prendre_Mesure_Formulaire/btn_Enregistrer' is clicked on

14-02-2025T14:39:57 - [TEST_STEP][PASSED] - click(findTestObject("Object Repository/ANEF_Eloignement_V_Nawres/Page_Prendre_Mesure_Formulaire/btn_Ajouter_Document"), STOP_ON_FAILURE): Object: 'Object Repository/ANEF_Eloignement_V_Nawres/Page_Prendre_Mesure_Formulaire/btn_Ajouter_Document' is clicked on

14-02-2025T14:39:57 - [MESSAGE][INFO] - Finding Test Object 'Object Repository/ANEF_Eloignement_V_Nawres/Page_Prendre_Mesure_Formulaire/btn_Ajouter_Document'

14-02-2025T14:39:57 - [MESSAGE][INFO] - Checking timeout

14-02-2025T14:39:57 - [MESSAGE][INFO] - Finding web element with id: 'Object Repository/ANEF_Eloignement_V_Nawres/Page_Prendre_Mesure_Formulaire/btn_Ajouter_Document' located by 'By.xpath: //section/div/form//app-dsfr-piece-jointe/button' in '20' second(s)

14-02-2025T14:39:57 - [MESSAGE][INFO] - Found 1 web elements with id: 'Object Repository/ANEF_Eloignement_V_Nawres/Page_Prendre_Mesure_Formulaire/btn_Ajouter_Document' located by 'By.xpath: //section/div/form//app-dsfr-piece-jointe/button' in '20' second(s)

14-02-2025T14:39:57 - [MESSAGE][INFO] - Checking object

14-02-2025T14:39:57 - [MESSAGE][INFO] - Checking timeout

14-02-2025T14:39:57 - [MESSAGE][INFO] - Finding web element from Test Object's properties

14-02-2025T14:39:57 - [MESSAGE][INFO] - Checking timeout

14-02-2025T14:39:57 - [MESSAGE][INFO] - Finding web element with id: 'Object Repository/ANEF_Eloignement_V_Nawres/Page_Prendre_Mesure_Formulaire/btn_Ajouter_Document' located by 'By.xpath: //section/div/form//app-dsfr-piece-jointe/button' in '100' second(s)

14-02-2025T14:39:57 - [MESSAGE][INFO] - Found 1 web elements with id: 'Object Repository/ANEF_Eloignement_V_Nawres/Page_Prendre_Mesure_Formulaire/btn_Ajouter_Document' located by 'By.xpath: //section/div/form//app-dsfr-piece-jointe/button' in '100' second(s)

14-02-2025T14:39:57 - [MESSAGE][INFO] - Clicking on object: 'Object Repository/ANEF_Eloignement_V_Nawres/Page_Prendre_Mesure_Formulaire/btn_Ajouter_Document'

14-02-2025T14:39:58 - [MESSAGE][PASSED] - Object: 'Object Repository/ANEF_Eloignement_V_Nawres/Page_Prendre_Mesure_Formulaire/btn_Ajouter_Document' is clicked on

14-02-2025T14:39:58 - [TEST_STEP][PASSED] - selectOptionByIndex(findTestObject("Object Repository/ANEF_Eloignement_V_Nawres/Page_Prendre_Mesure_Formulaire/select_Type_Document"), "1", STOP_ON_FAILURE): All options with index in [1] are selected on object 'Object Repository/ANEF_Eloignement_V_Nawres/Page_Prendre_Mesure_Formulaire/select_Type_Document'

14-02-2025T14:39:58 - [MESSAGE][INFO] - Finding Test Object 'Object Repository/ANEF_Eloignement_V_Nawres/Page_Prendre_Mesure_Formulaire/select_Type_Document'

14-02-2025T14:39:58 - [MESSAGE][INFO] - Checking timeout

14-02-2025T14:39:58 - [MESSAGE][INFO] - Finding web element with id: 'Object Repository/ANEF_Eloignement_V_Nawres/Page_Prendre_Mesure_Formulaire/select_Type_Document' located by 'By.xpath: //select[@name="type"]' in '20' second(s)

14-02-2025T14:39:58 - [MESSAGE][INFO] - Found 1 web elements with id: 'Object Repository/ANEF_Eloignement_V_Nawres/Page_Prendre_Mesure_Formulaire/select_Type_Document' located by 'By.xpath: //select[@name="type"]' in '20' second(s)

14-02-2025T14:39:58 - [MESSAGE][INFO] - Checking object

14-02-2025T14:39:58 - [MESSAGE][INFO] - Checking index range

14-02-2025T14:39:58 - [MESSAGE][INFO] - Converting range parameter '1' to index array

14-02-2025T14:39:58 - [MESSAGE][INFO] - Range parameter '1' is converted to index array [1]

14-02-2025T14:39:58 - [MESSAGE][INFO] - Finding web element from Test Object's properties

14-02-2025T14:39:58 - [MESSAGE][INFO] - Checking timeout

14-02-2025T14:39:58 - [MESSAGE][INFO] - Finding web element with id: 'Object Repository/ANEF_Eloignement_V_Nawres/Page_Prendre_Mesure_Formulaire/select_Type_Document' located by 'By.xpath: //select[@name="type"]' in '100' second(s)

14-02-2025T14:39:58 - [MESSAGE][INFO] - Found 1 web elements with id: 'Object Repository/ANEF_Eloignement_V_Nawres/Page_Prendre_Mesure_Formulaire/select_Type_Document' located by 'By.xpath: //select[@name="type"]' in '100' second(s)

14-02-2025T14:39:58 - [MESSAGE][INFO] - Checking index parameters

14-02-2025T14:39:58 - [MESSAGE][INFO] - Selecting options on object 'Object Repository/ANEF_Eloignement_V_Nawres/Page_Prendre_Mesure_Formulaire/select_Type_Document' with index in [1]

14-02-2025T14:39:59 - [MESSAGE][INFO] - Option with index 1 is selected

14-02-2025T14:39:59 - [MESSAGE][PASSED] - All options with index in [1] are selected on object 'Object Repository/ANEF_Eloignement_V_Nawres/Page_Prendre_Mesure_Formulaire/select_Type_Document'

14-02-2025T14:39:59 - [TEST_STEP][PASSED] - filePath = getProjectDir() + "/Data Files/Fichier_Test.pdf": null

14-02-2025T14:39:59 - [TEST_STEP][PASSED] - println(filePath): null

14-02-2025T14:39:59 - [TEST_STEP][PASSED] - uploadFile(findTestObject("Object Repository/ANEF_Eloignement_V_Nawres/Page_Prendre_Mesure_Formulaire/input_Fichier_Fiche_Schengen"), filePath): File 'C:/Users/nbenjemi/Katalon Studio/ANEF-ELOIGNEMENT-20250121/ANEF-ELOIGNEMENT-20250121/Data Files/Fichier_Test.pdf' sent to object: 'Object Repository/ANEF_Eloignement_V_Nawres/Page_Prendre_Mesure_Formulaire/input_Fichier_Fiche_Schengen'

14-02-2025T14:39:59 - [MESSAGE][INFO] - Finding Test Object 'Object Repository/ANEF_Eloignement_V_Nawres/Page_Prendre_Mesure_Formulaire/input_Fichier_Fiche_Schengen'

14-02-2025T14:39:59 - [MESSAGE][INFO] - Checking object

14-02-2025T14:39:59 - [MESSAGE][INFO] - Uploading file 'C:/Users/nbenjemi/Katalon Studio/ANEF-ELOIGNEMENT-20250121/ANEF-ELOIGNEMENT-20250121/Data Files/Fichier_Test.pdf' to object: 'Object Repository/ANEF_Eloignement_V_Nawres/Page_Prendre_Mesure_Formulaire/input_Fichier_Fiche_Schengen'

14-02-2025T14:39:59 - [MESSAGE][INFO] - Finding web element from Test Object's properties

14-02-2025T14:39:59 - [MESSAGE][INFO] - Checking timeout

14-02-2025T14:39:59 - [MESSAGE][INFO] - Finding web element with id: 'Object Repository/ANEF_Eloignement_V_Nawres/Page_Prendre_Mesure_Formulaire/input_Fichier_Fiche_Schengen' located by 'By.xpath: //section/div/form//app-dsfr-piece-jointe//input' in '100' second(s)

14-02-2025T14:39:59 - [MESSAGE][INFO] - Found 1 web elements with id: 'Object Repository/ANEF_Eloignement_V_Nawres/Page_Prendre_Mesure_Formulaire/input_Fichier_Fiche_Schengen' located by 'By.xpath: //section/div/form//app-dsfr-piece-jointe//input' in '100' second(s)

14-02-2025T14:40:00 - [MESSAGE][PASSED] - File 'C:/Users/nbenjemi/Katalon Studio/ANEF-ELOIGNEMENT-20250121/ANEF-ELOIGNEMENT-20250121/Data Files/Fichier_Test.pdf' sent to object: 'Object Repository/ANEF_Eloignement_V_Nawres/Page_Prendre_Mesure_Formulaire/input_Fichier_Fiche_Schengen'

14-02-2025T14:40:00 - [TEST_STEP][PASSED] - click(findTestObject("Object Repository/ANEF_Eloignement_V_Nawres/Page_Prendre_Mesure_Formulaire/btn_Enregistrer"), STOP_ON_FAILURE): Object: 'Object Repository/ANEF_Eloignement_V_Nawres/Page_Prendre_Mesure_Formulaire/btn_Enregistrer' is clicked on

14-02-2025T14:40:00 - [MESSAGE][INFO] - Finding Test Object 'Object Repository/ANEF_Eloignement_V_Nawres/Page_Prendre_Mesure_Formulaire/btn_Enregistrer'

14-02-2025T14:40:00 - [MESSAGE][INFO] - Checking timeout

14-02-2025T14:40:00 - [MESSAGE][INFO] - Finding web element with id: 'Object Repository/ANEF_Eloignement_V_Nawres/Page_Prendre_Mesure_Formulaire/btn_Enregistrer' located by 'By.xpath: //button[contains(text(),"Enregistrer")]' in '20' second(s)

14-02-2025T14:40:00 - [MESSAGE][INFO] - Found 1 web elements with id: 'Object Repository/ANEF_Eloignement_V_Nawres/Page_Prendre_Mesure_Formulaire/btn_Enregistrer' located by 'By.xpath: //button[contains(text(),"Enregistrer")]' in '20' second(s)

14-02-2025T14:40:00 - [MESSAGE][INFO] - Checking object

14-02-2025T14:40:00 - [MESSAGE][INFO] - Checking timeout

14-02-2025T14:40:00 - [MESSAGE][INFO] - Finding web element from Test Object's properties

14-02-2025T14:40:00 - [MESSAGE][INFO] - Checking timeout

14-02-2025T14:40:00 - [MESSAGE][INFO] - Finding web element with id: 'Object Repository/ANEF_Eloignement_V_Nawres/Page_Prendre_Mesure_Formulaire/btn_Enregistrer' located by 'By.xpath: //button[contains(text(),"Enregistrer")]' in '100' second(s)

14-02-2025T14:40:00 - [MESSAGE][INFO] - Found 1 web elements with id: 'Object Repository/ANEF_Eloignement_V_Nawres/Page_Prendre_Mesure_Formulaire/btn_Enregistrer' located by 'By.xpath: //button[contains(text(),"Enregistrer")]' in '100' second(s)

14-02-2025T14:40:00 - [MESSAGE][INFO] - Clicking on object: 'Object Repository/ANEF_Eloignement_V_Nawres/Page_Prendre_Mesure_Formulaire/btn_Enregistrer'

14-02-2025T14:40:01 - [MESSAGE][PASSED] - Object: 'Object Repository/ANEF_Eloignement_V_Nawres/Page_Prendre_Mesure_Formulaire/btn_Enregistrer' is clicked on

14-02-2025T14:40:01 - [TEST_STEP][PASSED] - if (Mesure == "IAT"): null

14-02-2025T14:40:01 - [TEST_STEP][PASSED] - if (Mesure == "ITF"): null

14-02-2025T14:40:01 - [TEST_STEP][PASSED] - click(findTestObject("Object Repository/ANEF_Eloignement_V_Nawres/Page_Prendre_Mesure_Formulaire/btn_Enregistrer"), STOP_ON_FAILURE): Object: 'Object Repository/ANEF_Eloignement_V_Nawres/Page_Prendre_Mesure_Formulaire/btn_Enregistrer' is clicked on

14-02-2025T14:40:01 - [MESSAGE][INFO] - Finding Test Object 'Object Repository/ANEF_Eloignement_V_Nawres/Page_Prendre_Mesure_Formulaire/btn_Enregistrer'

14-02-2025T14:40:01 - [MESSAGE][INFO] - Checking timeout

14-02-2025T14:40:01 - [MESSAGE][INFO] - Finding web element with id: 'Object Repository/ANEF_Eloignement_V_Nawres/Page_Prendre_Mesure_Formulaire/btn_Enregistrer' located by 'By.xpath: //button[contains(text(),"Enregistrer")]' in '20' second(s)

14-02-2025T14:40:01 - [MESSAGE][INFO] - Found 1 web elements with id: 'Object Repository/ANEF_Eloignement_V_Nawres/Page_Prendre_Mesure_Formulaire/btn_Enregistrer' located by 'By.xpath: //button[contains(text(),"Enregistrer")]' in '20' second(s)

14-02-2025T14:40:01 - [MESSAGE][INFO] - Checking object

14-02-2025T14:40:01 - [MESSAGE][INFO] - Checking timeout

14-02-2025T14:40:01 - [MESSAGE][INFO] - Finding web element from Test Object's properties

14-02-2025T14:40:01 - [MESSAGE][INFO] - Checking timeout

14-02-2025T14:40:01 - [MESSAGE][INFO] - Finding web element with id: 'Object Repository/ANEF_Eloignement_V_Nawres/Page_Prendre_Mesure_Formulaire/btn_Enregistrer' located by 'By.xpath: //button[contains(text(),"Enregistrer")]' in '100' second(s)

14-02-2025T14:40:01 - [MESSAGE][INFO] - Found 1 web elements with id: 'Object Repository/ANEF_Eloignement_V_Nawres/Page_Prendre_Mesure_Formulaire/btn_Enregistrer' located by 'By.xpath: //button[contains(text(),"Enregistrer")]' in '100' second(s)

14-02-2025T14:40:01 - [MESSAGE][INFO] - Clicking on object: 'Object Repository/ANEF_Eloignement_V_Nawres/Page_Prendre_Mesure_Formulaire/btn_Enregistrer'

14-02-2025T14:40:02 - [MESSAGE][PASSED] - Object: 'Object Repository/ANEF_Eloignement_V_Nawres/Page_Prendre_Mesure_Formulaire/btn_Enregistrer' is clicked on

14-02-2025T14:40:02 - [MESSAGE][PASSED] - Call Test Case 'Test Cases/Test Reutilisable/Main/ANEF_Eloignement_V_Nawres/ANEF_Prendre_Mesure_Formulaire' successfully

14-02-2025T14:40:02 - [MESSAGE][PASSED] - Call Test Case 'Test Cases/Test Reutilisable/Main/ANEF_Eloignement_V_Nawres/ANEF_Prendre_Mesure' successfully

14-02-2025T14:40:02 - [TEST_STEP][PASSED] - callTestCase(findTestCase("Test Cases/Test Reutilisable/Main/ANEF_Eloignement_V_Nawres/ANEF_Ajouter_Decision"), ["ModeNotification":ModeNotification], STOP_ON_FAILURE): Call Test Case 'Test Cases/Test Reutilisable/Main/ANEF_Eloignement_V_Nawres/ANEF_Ajouter_Decision' successfully

14-02-2025T14:40:02 - [MESSAGE][INFO] - Checking called Test Case

14-02-2025T14:40:02 - [MESSAGE][INFO] - Starting to call Test Case 'Test Cases/Test Reutilisable/Main/ANEF_Eloignement_V_Nawres/ANEF_Ajouter_Decision'

14-02-2025T14:40:03 - [TEST_CASE][PASSED] - Test Cases/Test Reutilisable/Main/ANEF_Eloignement_V_Nawres/ANEF_Ajouter_Decision: Test Cases/Test Reutilisable/Main/ANEF_Eloignement_V_Nawres/ANEF_Ajouter_Decision

14-02-2025T14:40:03 - [TEST_STEP][PASSED] - calendar = Calendar.getInstance(): null

14-02-2025T14:40:03 - [TEST_STEP][PASSED] - currentDate = calendar.getTime(): null

14-02-2025T14:40:03 - [TEST_STEP][PASSED] - sdf = new java.text.SimpleDateFormat(dd/MM/yyyy): null

14-02-2025T14:40:03 - [TEST_STEP][PASSED] - formattedDate = sdf.format(currentDate): null

14-02-2025T14:40:03 - [TEST_STEP][PASSED] - DateActuelle = formattedDate.toString(): null

14-02-2025T14:40:03 - [TEST_STEP][PASSED] - println(DateActuelle): null

14-02-2025T14:40:03 - [TEST_STEP][PASSED] - waitForElementClickable(findTestObject("Object Repository/ANEF_Eloignement_V_Nawres/Page_Ajouter_Decision/btn_Ajouter_Decision"), 20, STOP_ON_FAILURE): Object 'Object Repository/ANEF_Eloignement_V_Nawres/Page_Ajouter_Decision/btn_Ajouter_Decision' is clickable

14-02-2025T14:40:03 - [MESSAGE][INFO] - Finding Test Object 'Object Repository/ANEF_Eloignement_V_Nawres/Page_Ajouter_Decision/btn_Ajouter_Decision'

14-02-2025T14:40:03 - [MESSAGE][INFO] - Checking object

14-02-2025T14:40:03 - [MESSAGE][INFO] - Checking timeout

14-02-2025T14:40:03 - [MESSAGE][INFO] - Finding web element from Test Object's properties

14-02-2025T14:40:03 - [MESSAGE][INFO] - Checking timeout

14-02-2025T14:40:03 - [MESSAGE][INFO] - Finding web element with id: 'Object Repository/ANEF_Eloignement_V_Nawres/Page_Ajouter_Decision/btn_Ajouter_Decision' located by 'By.xpath: //button[contains(text(),"Ajouter une dÃ©cision")]' in '20' second(s)

14-02-2025T14:40:03 - [MESSAGE][INFO] - Found 1 web elements with id: 'Object Repository/ANEF_Eloignement_V_Nawres/Page_Ajouter_Decision/btn_Ajouter_Decision' located by 'By.xpath: //button[contains(text(),"Ajouter une dÃ©cision")]' in '20' second(s)

14-02-2025T14:40:03 - [MESSAGE][PASSED] - Object 'Object Repository/ANEF_Eloignement_V_Nawres/Page_Ajouter_Decision/btn_Ajouter_Decision' is clickable

14-02-2025T14:40:03 - [TEST_STEP][PASSED] - click(findTestObject("Object Repository/ANEF_Eloignement_V_Nawres/Page_Ajouter_Decision/btn_Ajouter_Decision"), STOP_ON_FAILURE): Object: 'Object Repository/ANEF_Eloignement_V_Nawres/Page_Ajouter_Decision/btn_Ajouter_Decision' is clicked on

14-02-2025T14:40:03 - [MESSAGE][INFO] - Finding Test Object 'Object Repository/ANEF_Eloignement_V_Nawres/Page_Ajouter_Decision/btn_Ajouter_Decision'

14-02-2025T14:40:03 - [MESSAGE][INFO] - Checking timeout

14-02-2025T14:40:03 - [MESSAGE][INFO] - Finding web element with id: 'Object Repository/ANEF_Eloignement_V_Nawres/Page_Ajouter_Decision/btn_Ajouter_Decision' located by 'By.xpath: //button[contains(text(),"Ajouter une dÃ©cision")]' in '20' second(s)

14-02-2025T14:40:03 - [MESSAGE][INFO] - Found 1 web elements with id: 'Object Repository/ANEF_Eloignement_V_Nawres/Page_Ajouter_Decision/btn_Ajouter_Decision' located by 'By.xpath: //button[contains(text(),"Ajouter une dÃ©cision")]' in '20' second(s)

14-02-2025T14:40:03 - [MESSAGE][INFO] - Checking object

14-02-2025T14:40:03 - [MESSAGE][INFO] - Checking timeout

14-02-2025T14:40:03 - [MESSAGE][INFO] - Finding web element from Test Object's properties

14-02-2025T14:40:03 - [MESSAGE][INFO] - Checking timeout

14-02-2025T14:40:03 - [MESSAGE][INFO] - Finding web element with id: 'Object Repository/ANEF_Eloignement_V_Nawres/Page_Ajouter_Decision/btn_Ajouter_Decision' located by 'By.xpath: //button[contains(text(),"Ajouter une dÃ©cision")]' in '100' second(s)

14-02-2025T14:40:03 - [MESSAGE][INFO] - Found 1 web elements with id: 'Object Repository/ANEF_Eloignement_V_Nawres/Page_Ajouter_Decision/btn_Ajouter_Decision' located by 'By.xpath: //button[contains(text(),"Ajouter une dÃ©cision")]' in '100' second(s)

14-02-2025T14:40:03 - [MESSAGE][INFO] - Clicking on object: 'Object Repository/ANEF_Eloignement_V_Nawres/Page_Ajouter_Decision/btn_Ajouter_Decision'

14-02-2025T14:40:04 - [MESSAGE][PASSED] - Object: 'Object Repository/ANEF_Eloignement_V_Nawres/Page_Ajouter_Decision/btn_Ajouter_Decision' is clicked on

14-02-2025T14:40:04 - [TEST_STEP][PASSED] - scrollToElement(findTestObject("Object Repository/ANEF_Eloignement_V_Nawres/Page_Ajouter_Decision/btn_Confirmer_Ajout_Decision"), 5, STOP_ON_FAILURE): Scroll to object 'Object Repository/ANEF_Eloignement_V_Nawres/Page_Ajouter_Decision/btn_Confirmer_Ajout_Decision' successfully

14-02-2025T14:40:04 - [MESSAGE][INFO] - Finding Test Object 'Object Repository/ANEF_Eloignement_V_Nawres/Page_Ajouter_Decision/btn_Confirmer_Ajout_Decision'

14-02-2025T14:40:04 - [MESSAGE][INFO] - Checking object

14-02-2025T14:40:04 - [MESSAGE][INFO] - Checking timeout

14-02-2025T14:40:04 - [MESSAGE][INFO] - Finding web element from Test Object's properties

14-02-2025T14:40:04 - [MESSAGE][INFO] - Checking timeout

14-02-2025T14:40:04 - [MESSAGE][INFO] - Finding web element with id: 'Object Repository/ANEF_Eloignement_V_Nawres/Page_Ajouter_Decision/btn_Confirmer_Ajout_Decision' located by 'By.xpath: //button[contains(text()," Confirmer l'ajout")]' in '100' second(s)

14-02-2025T14:40:04 - [MESSAGE][INFO] - Found 1 web elements with id: 'Object Repository/ANEF_Eloignement_V_Nawres/Page_Ajouter_Decision/btn_Confirmer_Ajout_Decision' located by 'By.xpath: //button[contains(text()," Confirmer l'ajout")]' in '100' second(s)

14-02-2025T14:40:04 - [MESSAGE][INFO] - Scrolling to object 'Object Repository/ANEF_Eloignement_V_Nawres/Page_Ajouter_Decision/btn_Confirmer_Ajout_Decision'

14-02-2025T14:40:04 - [MESSAGE][PASSED] - Scroll to object 'Object Repository/ANEF_Eloignement_V_Nawres/Page_Ajouter_Decision/btn_Confirmer_Ajout_Decision' successfully

14-02-2025T14:40:04 - [TEST_STEP][PASSED] - click(findTestObject("Object Repository/ANEF_Eloignement_V_Nawres/Page_Ajouter_Decision/btn_Confirmer_Ajout_Decision"), STOP_ON_FAILURE): Object: 'Object Repository/ANEF_Eloignement_V_Nawres/Page_Ajouter_Decision/btn_Confirmer_Ajout_Decision' is clicked on

14-02-2025T14:40:04 - [MESSAGE][INFO] - Finding Test Object 'Object Repository/ANEF_Eloignement_V_Nawres/Page_Ajouter_Decision/btn_Confirmer_Ajout_Decision'

14-02-2025T14:40:04 - [MESSAGE][INFO] - Checking timeout

14-02-2025T14:40:04 - [MESSAGE][INFO] - Finding web element with id: 'Object Repository/ANEF_Eloignement_V_Nawres/Page_Ajouter_Decision/btn_Confirmer_Ajout_Decision' located by 'By.xpath: //button[contains(text()," Confirmer l'ajout")]' in '20' second(s)

14-02-2025T14:40:04 - [MESSAGE][INFO] - Found 1 web elements with id: 'Object Repository/ANEF_Eloignement_V_Nawres/Page_Ajouter_Decision/btn_Confirmer_Ajout_Decision' located by 'By.xpath: //button[contains(text()," Confirmer l'ajout")]' in '20' second(s)

14-02-2025T14:40:04 - [MESSAGE][INFO] - Checking object

14-02-2025T14:40:04 - [MESSAGE][INFO] - Checking timeout

14-02-2025T14:40:04 - [MESSAGE][INFO] - Finding web element from Test Object's properties

14-02-2025T14:40:04 - [MESSAGE][INFO] - Checking timeout

14-02-2025T14:40:04 - [MESSAGE][INFO] - Finding web element with id: 'Object Repository/ANEF_Eloignement_V_Nawres/Page_Ajouter_Decision/btn_Confirmer_Ajout_Decision' located by 'By.xpath: //button[contains(text()," Confirmer l'ajout")]' in '100' second(s)

14-02-2025T14:40:04 - [MESSAGE][INFO] - Found 1 web elements with id: 'Object Repository/ANEF_Eloignement_V_Nawres/Page_Ajouter_Decision/btn_Confirmer_Ajout_Decision' located by 'By.xpath: //button[contains(text()," Confirmer l'ajout")]' in '100' second(s)

14-02-2025T14:40:04 - [MESSAGE][INFO] - Clicking on object: 'Object Repository/ANEF_Eloignement_V_Nawres/Page_Ajouter_Decision/btn_Confirmer_Ajout_Decision'

14-02-2025T14:40:05 - [MESSAGE][PASSED] - Object: 'Object Repository/ANEF_Eloignement_V_Nawres/Page_Ajouter_Decision/btn_Confirmer_Ajout_Decision' is clicked on

14-02-2025T14:40:05 - [TEST_STEP][PASSED] - waitForElementClickable(findTestObject("Object Repository/ANEF_Eloignement_V_Nawres/Page_Ajouter_Decision/btn_Confirmer_Notification"), 20, STOP_ON_FAILURE): Object 'Object Repository/ANEF_Eloignement_V_Nawres/Page_Ajouter_Decision/btn_Confirmer_Notification' is clickable

14-02-2025T14:40:05 - [MESSAGE][INFO] - Finding Test Object 'Object Repository/ANEF_Eloignement_V_Nawres/Page_Ajouter_Decision/btn_Confirmer_Notification'

14-02-2025T14:40:05 - [MESSAGE][INFO] - Checking object

14-02-2025T14:40:05 - [MESSAGE][INFO] - Checking timeout

14-02-2025T14:40:05 - [MESSAGE][INFO] - Finding web element from Test Object's properties

14-02-2025T14:40:05 - [MESSAGE][INFO] - Checking timeout

14-02-2025T14:40:05 - [MESSAGE][INFO] - Finding web element with id: 'Object Repository/ANEF_Eloignement_V_Nawres/Page_Ajouter_Decision/btn_Confirmer_Notification' located by 'By.xpath: //button[contains(text(),"Confirmer la notification")]' in '20' second(s)

14-02-2025T14:40:05 - [MESSAGE][INFO] - Found 1 web elements with id: 'Object Repository/ANEF_Eloignement_V_Nawres/Page_Ajouter_Decision/btn_Confirmer_Notification' located by 'By.xpath: //button[contains(text(),"Confirmer la notification")]' in '20' second(s)

14-02-2025T14:40:06 - [MESSAGE][PASSED] - Object 'Object Repository/ANEF_Eloignement_V_Nawres/Page_Ajouter_Decision/btn_Confirmer_Notification' is clickable

14-02-2025T14:40:06 - [TEST_STEP][PASSED] - click(findTestObject("Object Repository/ANEF_Eloignement_V_Nawres/Page_Ajouter_Decision/btn_Confirmer_Notification"), STOP_ON_FAILURE): Object: 'Object Repository/ANEF_Eloignement_V_Nawres/Page_Ajouter_Decision/btn_Confirmer_Notification' is clicked on

14-02-2025T14:40:06 - [MESSAGE][INFO] - Finding Test Object 'Object Repository/ANEF_Eloignement_V_Nawres/Page_Ajouter_Decision/btn_Confirmer_Notification'

14-02-2025T14:40:06 - [MESSAGE][INFO] - Checking timeout

14-02-2025T14:40:06 - [MESSAGE][INFO] - Finding web element with id: 'Object Repository/ANEF_Eloignement_V_Nawres/Page_Ajouter_Decision/btn_Confirmer_Notification' located by 'By.xpath: //button[contains(text(),"Confirmer la notification")]' in '20' second(s)

14-02-2025T14:40:06 - [MESSAGE][INFO] - Found 1 web elements with id: 'Object Repository/ANEF_Eloignement_V_Nawres/Page_Ajouter_Decision/btn_Confirmer_Notification' located by 'By.xpath: //button[contains(text(),"Confirmer la notification")]' in '20' second(s)

14-02-2025T14:40:06 - [MESSAGE][INFO] - Checking object

14-02-2025T14:40:06 - [MESSAGE][INFO] - Checking timeout

14-02-2025T14:40:06 - [MESSAGE][INFO] - Finding web element from Test Object's properties

14-02-2025T14:40:06 - [MESSAGE][INFO] - Checking timeout

14-02-2025T14:40:06 - [MESSAGE][INFO] - Finding web element with id: 'Object Repository/ANEF_Eloignement_V_Nawres/Page_Ajouter_Decision/btn_Confirmer_Notification' located by 'By.xpath: //button[contains(text(),"Confirmer la notification")]' in '100' second(s)

14-02-2025T14:40:06 - [MESSAGE][INFO] - Found 1 web elements with id: 'Object Repository/ANEF_Eloignement_V_Nawres/Page_Ajouter_Decision/btn_Confirmer_Notification' located by 'By.xpath: //button[contains(text(),"Confirmer la notification")]' in '100' second(s)

14-02-2025T14:40:06 - [MESSAGE][INFO] - Clicking on object: 'Object Repository/ANEF_Eloignement_V_Nawres/Page_Ajouter_Decision/btn_Confirmer_Notification'

14-02-2025T14:40:08 - [MESSAGE][PASSED] - Object: 'Object Repository/ANEF_Eloignement_V_Nawres/Page_Ajouter_Decision/btn_Confirmer_Notification' is clicked on

14-02-2025T14:40:08 - [TEST_STEP][PASSED] - selectOptionByLabel(findTestObject("Object Repository/ANEF_Eloignement_V_Nawres/Page_Ajouter_Decision/select_Mode_Notification"), ModeNotification, false, STOP_ON_FAILURE): All options with label 'Voie administrative' are selected in object 'Object Repository/ANEF_Eloignement_V_Nawres/Page_Ajouter_Decision/select_Mode_Notification' 

14-02-2025T14:40:08 - [MESSAGE][INFO] - Finding Test Object 'Object Repository/ANEF_Eloignement_V_Nawres/Page_Ajouter_Decision/select_Mode_Notification'

14-02-2025T14:40:08 - [MESSAGE][INFO] - Checking timeout

14-02-2025T14:40:08 - [MESSAGE][INFO] - Finding web element with id: 'Object Repository/ANEF_Eloignement_V_Nawres/Page_Ajouter_Decision/select_Mode_Notification' located by 'By.xpath: //app-notification-modal//form//app-dsfr-select/div/select[@id="mode_notification"]' in '20' second(s)

14-02-2025T14:40:08 - [MESSAGE][INFO] - Found 1 web elements with id: 'Object Repository/ANEF_Eloignement_V_Nawres/Page_Ajouter_Decision/select_Mode_Notification' located by 'By.xpath: //app-notification-modal//form//app-dsfr-select/div/select[@id="mode_notification"]' in '20' second(s)

14-02-2025T14:40:08 - [MESSAGE][INFO] - Checking object

14-02-2025T14:40:08 - [MESSAGE][INFO] - Checking label parameter

14-02-2025T14:40:08 - [MESSAGE][INFO] - Finding web element from Test Object's properties

14-02-2025T14:40:08 - [MESSAGE][INFO] - Checking timeout

14-02-2025T14:40:08 - [MESSAGE][INFO] - Finding web element with id: 'Object Repository/ANEF_Eloignement_V_Nawres/Page_Ajouter_Decision/select_Mode_Notification' located by 'By.xpath: //app-notification-modal//form//app-dsfr-select/div/select[@id="mode_notification"]' in '100' second(s)

14-02-2025T14:40:08 - [MESSAGE][INFO] - Found 1 web elements with id: 'Object Repository/ANEF_Eloignement_V_Nawres/Page_Ajouter_Decision/select_Mode_Notification' located by 'By.xpath: //app-notification-modal//form//app-dsfr-select/div/select[@id="mode_notification"]' in '100' second(s)

14-02-2025T14:40:08 - [MESSAGE][INFO] - Selecting options on object 'Object Repository/ANEF_Eloignement_V_Nawres/Page_Ajouter_Decision/select_Mode_Notification' with label 'Voie administrative' 

14-02-2025T14:40:09 - [MESSAGE][PASSED] - All options with label 'Voie administrative' are selected in object 'Object Repository/ANEF_Eloignement_V_Nawres/Page_Ajouter_Decision/select_Mode_Notification' 

14-02-2025T14:40:09 - [TEST_STEP][PASSED] - setText(findTestObject("Object Repository/ANEF_Eloignement_V_Nawres/Page_Ajouter_Decision/input_Date_Notification"), DateActuelle, STOP_ON_FAILURE): Text '14/02/2025' is set on object 'Object Repository/ANEF_Eloignement_V_Nawres/Page_Ajouter_Decision/input_Date_Notification'

14-02-2025T14:40:09 - [MESSAGE][INFO] - Finding Test Object 'Object Repository/ANEF_Eloignement_V_Nawres/Page_Ajouter_Decision/input_Date_Notification'

14-02-2025T14:40:09 - [MESSAGE][INFO] - Checking timeout

14-02-2025T14:40:09 - [MESSAGE][INFO] - Finding web element with id: 'Object Repository/ANEF_Eloignement_V_Nawres/Page_Ajouter_Decision/input_Date_Notification' located by 'By.xpath: //app-notification-modal//form//app-dsfr-input/div/input[@name="date_notification"]' in '20' second(s)

14-02-2025T14:40:09 - [MESSAGE][INFO] - Found 1 web elements with id: 'Object Repository/ANEF_Eloignement_V_Nawres/Page_Ajouter_Decision/input_Date_Notification' located by 'By.xpath: //app-notification-modal//form//app-dsfr-input/div/input[@name="date_notification"]' in '20' second(s)

14-02-2025T14:40:09 - [MESSAGE][INFO] - Checking object

14-02-2025T14:40:09 - [MESSAGE][INFO] - Checking text

14-02-2025T14:40:09 - [MESSAGE][INFO] - Finding web element from Test Object's properties

14-02-2025T14:40:09 - [MESSAGE][INFO] - Checking timeout

14-02-2025T14:40:09 - [MESSAGE][INFO] - Finding web element with id: 'Object Repository/ANEF_Eloignement_V_Nawres/Page_Ajouter_Decision/input_Date_Notification' located by 'By.xpath: //app-notification-modal//form//app-dsfr-input/div/input[@name="date_notification"]' in '100' second(s)

14-02-2025T14:40:09 - [MESSAGE][INFO] - Found 1 web elements with id: 'Object Repository/ANEF_Eloignement_V_Nawres/Page_Ajouter_Decision/input_Date_Notification' located by 'By.xpath: //app-notification-modal//form//app-dsfr-input/div/input[@name="date_notification"]' in '100' second(s)

14-02-2025T14:40:09 - [MESSAGE][INFO] - Clearing text of object 'Object Repository/ANEF_Eloignement_V_Nawres/Page_Ajouter_Decision/input_Date_Notification'

14-02-2025T14:40:10 - [MESSAGE][INFO] - Finding web element from Test Object's properties

14-02-2025T14:40:10 - [MESSAGE][INFO] - Checking timeout

14-02-2025T14:40:10 - [MESSAGE][INFO] - Finding web element with id: 'Object Repository/ANEF_Eloignement_V_Nawres/Page_Ajouter_Decision/input_Date_Notification' located by 'By.xpath: //app-notification-modal//form//app-dsfr-input/div/input[@name="date_notification"]' in '100' second(s)

14-02-2025T14:40:10 - [MESSAGE][INFO] - Found 1 web elements with id: 'Object Repository/ANEF_Eloignement_V_Nawres/Page_Ajouter_Decision/input_Date_Notification' located by 'By.xpath: //app-notification-modal//form//app-dsfr-input/div/input[@name="date_notification"]' in '100' second(s)

14-02-2025T14:40:10 - [MESSAGE][INFO] - Setting text of object 'Object Repository/ANEF_Eloignement_V_Nawres/Page_Ajouter_Decision/input_Date_Notification' to value '14/02/2025'

14-02-2025T14:40:11 - [MESSAGE][PASSED] - Text '14/02/2025' is set on object 'Object Repository/ANEF_Eloignement_V_Nawres/Page_Ajouter_Decision/input_Date_Notification'

14-02-2025T14:40:11 - [TEST_STEP][PASSED] - if (ModeNotification == "Voie administrative"): Text '14:30' is set on object 'Object Repository/ANEF_Eloignement_V_Nawres/Page_Ajouter_Decision/input_Heure_Notification'

14-02-2025T14:40:11 - [TEST_STEP][PASSED] - setText(findTestObject("Object Repository/ANEF_Eloignement_V_Nawres/Page_Ajouter_Decision/input_Heure_Notification"), "14:30", STOP_ON_FAILURE): Text '14:30' is set on object 'Object Repository/ANEF_Eloignement_V_Nawres/Page_Ajouter_Decision/input_Heure_Notification'

14-02-2025T14:40:11 - [MESSAGE][INFO] - Finding Test Object 'Object Repository/ANEF_Eloignement_V_Nawres/Page_Ajouter_Decision/input_Heure_Notification'

14-02-2025T14:40:11 - [MESSAGE][INFO] - Checking timeout

14-02-2025T14:40:11 - [MESSAGE][INFO] - Finding web element with id: 'Object Repository/ANEF_Eloignement_V_Nawres/Page_Ajouter_Decision/input_Heure_Notification' located by 'By.xpath: //app-notification-modal//form//app-dsfr-input/div/input[@id="heure_notification"]' in '20' second(s)

14-02-2025T14:40:11 - [MESSAGE][INFO] - Found 1 web elements with id: 'Object Repository/ANEF_Eloignement_V_Nawres/Page_Ajouter_Decision/input_Heure_Notification' located by 'By.xpath: //app-notification-modal//form//app-dsfr-input/div/input[@id="heure_notification"]' in '20' second(s)

14-02-2025T14:40:11 - [MESSAGE][INFO] - Checking object

14-02-2025T14:40:11 - [MESSAGE][INFO] - Checking text

14-02-2025T14:40:11 - [MESSAGE][INFO] - Finding web element from Test Object's properties

14-02-2025T14:40:11 - [MESSAGE][INFO] - Checking timeout

14-02-2025T14:40:11 - [MESSAGE][INFO] - Finding web element with id: 'Object Repository/ANEF_Eloignement_V_Nawres/Page_Ajouter_Decision/input_Heure_Notification' located by 'By.xpath: //app-notification-modal//form//app-dsfr-input/div/input[@id="heure_notification"]' in '100' second(s)

14-02-2025T14:40:11 - [MESSAGE][INFO] - Found 1 web elements with id: 'Object Repository/ANEF_Eloignement_V_Nawres/Page_Ajouter_Decision/input_Heure_Notification' located by 'By.xpath: //app-notification-modal//form//app-dsfr-input/div/input[@id="heure_notification"]' in '100' second(s)

14-02-2025T14:40:11 - [MESSAGE][INFO] - Clearing text of object 'Object Repository/ANEF_Eloignement_V_Nawres/Page_Ajouter_Decision/input_Heure_Notification'

14-02-2025T14:40:12 - [MESSAGE][INFO] - Finding web element from Test Object's properties

14-02-2025T14:40:12 - [MESSAGE][INFO] - Checking timeout

14-02-2025T14:40:12 - [MESSAGE][INFO] - Finding web element with id: 'Object Repository/ANEF_Eloignement_V_Nawres/Page_Ajouter_Decision/input_Heure_Notification' located by 'By.xpath: //app-notification-modal//form//app-dsfr-input/div/input[@id="heure_notification"]' in '100' second(s)

14-02-2025T14:40:12 - [MESSAGE][INFO] - Found 1 web elements with id: 'Object Repository/ANEF_Eloignement_V_Nawres/Page_Ajouter_Decision/input_Heure_Notification' located by 'By.xpath: //app-notification-modal//form//app-dsfr-input/div/input[@id="heure_notification"]' in '100' second(s)

14-02-2025T14:40:12 - [MESSAGE][INFO] - Setting text of object 'Object Repository/ANEF_Eloignement_V_Nawres/Page_Ajouter_Decision/input_Heure_Notification' to value '14:30'

14-02-2025T14:40:13 - [MESSAGE][PASSED] - Text '14:30' is set on object 'Object Repository/ANEF_Eloignement_V_Nawres/Page_Ajouter_Decision/input_Heure_Notification'

14-02-2025T14:40:13 - [TEST_STEP][PASSED] - uploadFile(findTestObject("Object Repository/ANEF_Eloignement_V_Nawres/Page_Ajouter_Decision/input_Ajouter_Fichier_Notification"), getProjectDir() + "/Data Files/Fichier_Test.pdf"): File 'C:/Users/nbenjemi/Katalon Studio/ANEF-ELOIGNEMENT-20250121/ANEF-ELOIGNEMENT-20250121/Data Files/Fichier_Test.pdf' sent to object: 'Object Repository/ANEF_Eloignement_V_Nawres/Page_Ajouter_Decision/input_Ajouter_Fichier_Notification'

14-02-2025T14:40:13 - [MESSAGE][INFO] - Finding Test Object 'Object Repository/ANEF_Eloignement_V_Nawres/Page_Ajouter_Decision/input_Ajouter_Fichier_Notification'

14-02-2025T14:40:13 - [MESSAGE][INFO] - Checking object

14-02-2025T14:40:13 - [MESSAGE][INFO] - Uploading file 'C:/Users/nbenjemi/Katalon Studio/ANEF-ELOIGNEMENT-20250121/ANEF-ELOIGNEMENT-20250121/Data Files/Fichier_Test.pdf' to object: 'Object Repository/ANEF_Eloignement_V_Nawres/Page_Ajouter_Decision/input_Ajouter_Fichier_Notification'

14-02-2025T14:40:13 - [MESSAGE][INFO] - Finding web element from Test Object's properties

14-02-2025T14:40:13 - [MESSAGE][INFO] - Checking timeout

14-02-2025T14:40:13 - [MESSAGE][INFO] - Finding web element with id: 'Object Repository/ANEF_Eloignement_V_Nawres/Page_Ajouter_Decision/input_Ajouter_Fichier_Notification' located by 'By.xpath: //app-notification-modal//form//app-dsfr-piece-jointe//input' in '100' second(s)

14-02-2025T14:40:13 - [MESSAGE][INFO] - Found 1 web elements with id: 'Object Repository/ANEF_Eloignement_V_Nawres/Page_Ajouter_Decision/input_Ajouter_Fichier_Notification' located by 'By.xpath: //app-notification-modal//form//app-dsfr-piece-jointe//input' in '100' second(s)

14-02-2025T14:40:14 - [MESSAGE][PASSED] - File 'C:/Users/nbenjemi/Katalon Studio/ANEF-ELOIGNEMENT-20250121/ANEF-ELOIGNEMENT-20250121/Data Files/Fichier_Test.pdf' sent to object: 'Object Repository/ANEF_Eloignement_V_Nawres/Page_Ajouter_Decision/input_Ajouter_Fichier_Notification'

14-02-2025T14:40:15 - [TEST_STEP][PASSED] - scrollToElement(findTestObject("Object Repository/ANEF_Eloignement_V_Nawres/Page_Ajouter_Decision/btn_Confirmer_Ajout_Notification"), 5, STOP_ON_FAILURE): Scroll to object 'Object Repository/ANEF_Eloignement_V_Nawres/Page_Ajouter_Decision/btn_Confirmer_Ajout_Notification' successfully

14-02-2025T14:40:15 - [MESSAGE][INFO] - Finding Test Object 'Object Repository/ANEF_Eloignement_V_Nawres/Page_Ajouter_Decision/btn_Confirmer_Ajout_Notification'

14-02-2025T14:40:15 - [MESSAGE][INFO] - Checking object

14-02-2025T14:40:15 - [MESSAGE][INFO] - Checking timeout

14-02-2025T14:40:15 - [MESSAGE][INFO] - Finding web element from Test Object's properties

14-02-2025T14:40:15 - [MESSAGE][INFO] - Checking timeout

14-02-2025T14:40:15 - [MESSAGE][INFO] - Finding web element with id: 'Object Repository/ANEF_Eloignement_V_Nawres/Page_Ajouter_Decision/btn_Confirmer_Ajout_Notification' located by 'By.xpath: //app-notification-modal//button[contains(text(),"Confirmer l'ajout")]' in '100' second(s)

14-02-2025T14:40:15 - [MESSAGE][INFO] - Found 1 web elements with id: 'Object Repository/ANEF_Eloignement_V_Nawres/Page_Ajouter_Decision/btn_Confirmer_Ajout_Notification' located by 'By.xpath: //app-notification-modal//button[contains(text(),"Confirmer l'ajout")]' in '100' second(s)

14-02-2025T14:40:15 - [MESSAGE][INFO] - Scrolling to object 'Object Repository/ANEF_Eloignement_V_Nawres/Page_Ajouter_Decision/btn_Confirmer_Ajout_Notification'

14-02-2025T14:40:15 - [MESSAGE][PASSED] - Scroll to object 'Object Repository/ANEF_Eloignement_V_Nawres/Page_Ajouter_Decision/btn_Confirmer_Ajout_Notification' successfully

14-02-2025T14:40:15 - [TEST_STEP][PASSED] - click(findTestObject("Object Repository/ANEF_Eloignement_V_Nawres/Page_Ajouter_Decision/btn_Confirmer_Ajout_Notification"), STOP_ON_FAILURE): Object: 'Object Repository/ANEF_Eloignement_V_Nawres/Page_Ajouter_Decision/btn_Confirmer_Ajout_Notification' is clicked on

14-02-2025T14:40:15 - [MESSAGE][INFO] - Finding Test Object 'Object Repository/ANEF_Eloignement_V_Nawres/Page_Ajouter_Decision/btn_Confirmer_Ajout_Notification'

14-02-2025T14:40:15 - [MESSAGE][INFO] - Checking timeout

14-02-2025T14:40:15 - [MESSAGE][INFO] - Finding web element with id: 'Object Repository/ANEF_Eloignement_V_Nawres/Page_Ajouter_Decision/btn_Confirmer_Ajout_Notification' located by 'By.xpath: //app-notification-modal//button[contains(text(),"Confirmer l'ajout")]' in '20' second(s)

14-02-2025T14:40:15 - [MESSAGE][INFO] - Found 1 web elements with id: 'Object Repository/ANEF_Eloignement_V_Nawres/Page_Ajouter_Decision/btn_Confirmer_Ajout_Notification' located by 'By.xpath: //app-notification-modal//button[contains(text(),"Confirmer l'ajout")]' in '20' second(s)

14-02-2025T14:40:15 - [MESSAGE][INFO] - Checking object

14-02-2025T14:40:15 - [MESSAGE][INFO] - Checking timeout

14-02-2025T14:40:15 - [MESSAGE][INFO] - Finding web element from Test Object's properties

14-02-2025T14:40:15 - [MESSAGE][INFO] - Checking timeout

14-02-2025T14:40:15 - [MESSAGE][INFO] - Finding web element with id: 'Object Repository/ANEF_Eloignement_V_Nawres/Page_Ajouter_Decision/btn_Confirmer_Ajout_Notification' located by 'By.xpath: //app-notification-modal//button[contains(text(),"Confirmer l'ajout")]' in '100' second(s)

14-02-2025T14:40:15 - [MESSAGE][INFO] - Found 1 web elements with id: 'Object Repository/ANEF_Eloignement_V_Nawres/Page_Ajouter_Decision/btn_Confirmer_Ajout_Notification' located by 'By.xpath: //app-notification-modal//button[contains(text(),"Confirmer l'ajout")]' in '100' second(s)

14-02-2025T14:40:15 - [MESSAGE][INFO] - Clicking on object: 'Object Repository/ANEF_Eloignement_V_Nawres/Page_Ajouter_Decision/btn_Confirmer_Ajout_Notification'

14-02-2025T14:40:16 - [MESSAGE][PASSED] - Object: 'Object Repository/ANEF_Eloignement_V_Nawres/Page_Ajouter_Decision/btn_Confirmer_Ajout_Notification' is clicked on

14-02-2025T14:40:16 - [TEST_STEP][PASSED] - waitForElementClickable(findTestObject("Object Repository/ANEF_Eloignement_V_Nawres/Page_Ajouter_Decision/btn_Enregistrer"), 7, STOP_ON_FAILURE): Object 'Object Repository/ANEF_Eloignement_V_Nawres/Page_Ajouter_Decision/btn_Enregistrer' is clickable

14-02-2025T14:40:16 - [MESSAGE][INFO] - Finding Test Object 'Object Repository/ANEF_Eloignement_V_Nawres/Page_Ajouter_Decision/btn_Enregistrer'

14-02-2025T14:40:16 - [MESSAGE][INFO] - Checking object

14-02-2025T14:40:16 - [MESSAGE][INFO] - Checking timeout

14-02-2025T14:40:16 - [MESSAGE][INFO] - Finding web element from Test Object's properties

14-02-2025T14:40:16 - [MESSAGE][INFO] - Checking timeout

14-02-2025T14:40:16 - [MESSAGE][INFO] - Finding web element with id: 'Object Repository/ANEF_Eloignement_V_Nawres/Page_Ajouter_Decision/btn_Enregistrer' located by 'By.xpath: //button[contains(text(),"Enregistrer")]' in '7' second(s)

14-02-2025T14:40:16 - [MESSAGE][INFO] - Found 1 web elements with id: 'Object Repository/ANEF_Eloignement_V_Nawres/Page_Ajouter_Decision/btn_Enregistrer' located by 'By.xpath: //button[contains(text(),"Enregistrer")]' in '7' second(s)

14-02-2025T14:40:16 - [MESSAGE][PASSED] - Object 'Object Repository/ANEF_Eloignement_V_Nawres/Page_Ajouter_Decision/btn_Enregistrer' is clickable

14-02-2025T14:40:16 - [MESSAGE][PASSED] - Call Test Case 'Test Cases/Test Reutilisable/Main/ANEF_Eloignement_V_Nawres/ANEF_Ajouter_Decision' successfully

14-02-2025T14:40:18 - [TEST_STEP][PASSED] - Video: Video recording for test case 'Test Cases/Cas D Utilisations/ANEF_Eloignement_V_Nawres/TC_ANEF_Eloignement' .

14-02-2025T14:40:18 - [MESSAGE][INFO] - Video recording for test case 'Test Cases/Cas D Utilisations/ANEF_Eloignement_V_Nawres/TC_ANEF_Eloignement' .]]></system-out>
         <system-err><![CDATA[]]></system-err>
      </testcase>
      <testcase name="Test Cases/Cas D Utilisations/ANEF_Eloignement_V_Nawres/TC_ANEF_Eloignement" time="114.854" classname="Test Cases/Cas D Utilisations/ANEF_Eloignement_V_Nawres/TC_ANEF_Eloignement" status="PASSED">
         <system-out><![CDATA[14-02-2025T14:40:18 - [TEST_CASE][PASSED] - Test Cases/Cas D Utilisations/ANEF_Eloignement_V_Nawres/TC_ANEF_Eloignement: Test Cases/Cas D Utilisations/ANEF_Eloignement_V_Nawres/TC_ANEF_Eloignement

14-02-2025T14:40:18 - [TEST_STEP][PASSED] - callTestCase(findTestCase("Test Cases/Test Reutilisable/Main/ANEF_Eloignement_V_Nawres/ANEF_Lancer_URL_ANEF"), ["Profiles":Profiles, "EnvExec":EnvExec], STOP_ON_FAILURE): Call Test Case 'Test Cases/Test Reutilisable/Main/ANEF_Eloignement_V_Nawres/ANEF_Lancer_URL_ANEF' successfully

14-02-2025T14:40:18 - [MESSAGE][INFO] - Checking called Test Case

14-02-2025T14:40:18 - [MESSAGE][INFO] - Starting to call Test Case 'Test Cases/Test Reutilisable/Main/ANEF_Eloignement_V_Nawres/ANEF_Lancer_URL_ANEF'

14-02-2025T14:40:18 - [TEST_CASE][PASSED] - Test Cases/Test Reutilisable/Main/ANEF_Eloignement_V_Nawres/ANEF_Lancer_URL_ANEF: Test Cases/Test Reutilisable/Main/ANEF_Eloignement_V_Nawres/ANEF_Lancer_URL_ANEF

14-02-2025T14:40:18 - [TEST_STEP][PASSED] - "Call Highlight.on() automatically": null

14-02-2025T14:40:18 - [TEST_STEP][PASSED] - projDir = getProjectDir(): null

14-02-2025T14:40:18 - [TEST_STEP][PASSED] - RunBrowserConfiguration = getExecutionProperties(): null

14-02-2025T14:40:18 - [TEST_STEP][PASSED] - DriverName = get("WebUI").get("browserType"): null

14-02-2025T14:40:18 - [TEST_STEP][PASSED] - println("DriverName :" + DriverName): null

14-02-2025T14:40:18 - [TEST_STEP][PASSED] - println("Driverpath :" + RunBrowserConfiguration.get("drivers")): null

14-02-2025T14:40:18 - [TEST_STEP][PASSED] - if (Profiles == "Usager"): null

14-02-2025T14:40:18 - [TEST_STEP][PASSED] - if (Profiles == "Agent"): Current window maximized

14-02-2025T14:40:18 - [TEST_STEP][PASSED] - if (EnvExec == "URLPortailAgentQualif"): Browser is opened with url: 'https://qualification.siaef.dgef.interieur.gouv.fr/sejour/#/accueil'

14-02-2025T14:40:18 - [TEST_STEP][PASSED] - openBrowser(URLPortailAgentQualif): Browser is opened with url: 'https://qualification.siaef.dgef.interieur.gouv.fr/sejour/#/accueil'

14-02-2025T14:40:18 - [MESSAGE][INFO] - Opening browser

14-02-2025T14:40:18 - [MESSAGE][WARNING] - A browser is already opened. Closing browser and opening a new one

14-02-2025T14:40:19 - [MESSAGE][INFO] - Starting 'Chrome' driver

14-02-2025T14:40:19 - [MESSAGE][INFO] - User set preference: ['args', '[--incognito, --disable-search-engine-choice-screen, --enable-automation, --disable-save-password-bubble, --start-maximized, --remote-allow-origins=*]']

14-02-2025T14:40:19 - [MESSAGE][INFO] - User set preference: ['prefs', '{download.default_directory=${GlobalVariable.downloadPath}, download_dir=${GlobalVariable.downloadPath}, download.prompt_for_download=false}']

14-02-2025T14:40:19 - [MESSAGE][INFO] - User set preference: ['loggingPrefs', '{browser=ALL}']

14-02-2025T14:40:19 - [MESSAGE][INFO] - Action delay is set to 1â€¯000 milliseconds

14-02-2025T14:40:20 - [MESSAGE][INFO] - Navigating browser to: 'https://qualification.siaef.dgef.interieur.gouv.fr/sejour/#/accueil'

14-02-2025T14:40:22 - [MESSAGE][PASSED] - Browser is opened with url: 'https://qualification.siaef.dgef.interieur.gouv.fr/sejour/#/accueil'

14-02-2025T14:40:22 - [TEST_STEP][PASSED] - if (EnvExec == "URLPortailAgentPreProd"): null

14-02-2025T14:40:22 - [TEST_STEP][PASSED] - maximizeWindow(): Current window maximized

14-02-2025T14:40:22 - [MESSAGE][INFO] - Maximizing current window

14-02-2025T14:40:22 - [MESSAGE][PASSED] - Current window maximized

14-02-2025T14:40:22 - [MESSAGE][PASSED] - Call Test Case 'Test Cases/Test Reutilisable/Main/ANEF_Eloignement_V_Nawres/ANEF_Lancer_URL_ANEF' successfully

14-02-2025T14:40:22 - [TEST_STEP][PASSED] - callTestCase(findTestCase("Test Cases/Test Reutilisable/Main/ANEF_Eloignement_V_Nawres/ANEF_Identification"), ["Profiles":Profiles, "IdentifiantAgent":IdentifiantAgent, "PwAgent":PwAgent, "EnvExec":EnvExec], STOP_ON_FAILURE): Call Test Case 'Test Cases/Test Reutilisable/Main/ANEF_Eloignement_V_Nawres/ANEF_Identification' successfully

14-02-2025T14:40:22 - [MESSAGE][INFO] - Checking called Test Case

14-02-2025T14:40:22 - [MESSAGE][INFO] - Starting to call Test Case 'Test Cases/Test Reutilisable/Main/ANEF_Eloignement_V_Nawres/ANEF_Identification'

14-02-2025T14:40:22 - [TEST_CASE][PASSED] - Test Cases/Test Reutilisable/Main/ANEF_Eloignement_V_Nawres/ANEF_Identification: Test Cases/Test Reutilisable/Main/ANEF_Eloignement_V_Nawres/ANEF_Identification

14-02-2025T14:40:22 - [TEST_STEP][PASSED] - com.kazurayam.ksbackyard.HighlightElement.pandemic(): com.kazurayam.ksbackyard.HighlightElement.pandemic is PASSED

14-02-2025T14:40:22 - [MESSAGE][PASSED] - com.kazurayam.ksbackyard.HighlightElement.pandemic is PASSED

14-02-2025T14:40:23 - [TEST_STEP][PASSED] - if (Profiles == "Usager"): null

14-02-2025T14:40:23 - [TEST_STEP][PASSED] - if (Profiles == "Agent"): Object: 'Object Repository/ANEF_Eloignement_V_Nawres/Page_ANEF_Connexion/btn_Valider_Conx_Agent' is clicked on

14-02-2025T14:40:23 - [TEST_STEP][PASSED] - if (EnvExec == "URLPortailAgentQualif"): Text 'Natali12345!' is set on object 'Object Repository/ANEF_Eloignement_V_Nawres/Page_ANEF_Connexion/Input_PasswordAgent'

14-02-2025T14:40:23 - [TEST_STEP][PASSED] - setText(findTestObject("Object Repository/ANEF_Eloignement_V_Nawres/Page_ANEF_Connexion/Input_UserNameAgent"), IdentifiantAgent): Text 'test.gpe+32@outlook.fr' is set on object 'Object Repository/ANEF_Eloignement_V_Nawres/Page_ANEF_Connexion/Input_UserNameAgent'

14-02-2025T14:40:23 - [MESSAGE][INFO] - Finding Test Object 'Object Repository/ANEF_Eloignement_V_Nawres/Page_ANEF_Connexion/Input_UserNameAgent'

14-02-2025T14:40:23 - [MESSAGE][INFO] - Checking timeout

14-02-2025T14:40:23 - [MESSAGE][INFO] - Finding web element with id: 'Object Repository/ANEF_Eloignement_V_Nawres/Page_ANEF_Connexion/Input_UserNameAgent' located by 'By.xpath: //*[@aria-labelledby="username-label"]|//*[@id="login"]' in '20' second(s)

14-02-2025T14:40:23 - [MESSAGE][INFO] - Found 1 web elements with id: 'Object Repository/ANEF_Eloignement_V_Nawres/Page_ANEF_Connexion/Input_UserNameAgent' located by 'By.xpath: //*[@aria-labelledby="username-label"]|//*[@id="login"]' in '20' second(s)

14-02-2025T14:40:23 - [MESSAGE][INFO] - Checking object

14-02-2025T14:40:23 - [MESSAGE][INFO] - Checking text

14-02-2025T14:40:23 - [MESSAGE][INFO] - Finding web element from Test Object's properties

14-02-2025T14:40:23 - [MESSAGE][INFO] - Checking timeout

14-02-2025T14:40:23 - [MESSAGE][INFO] - Finding web element with id: 'Object Repository/ANEF_Eloignement_V_Nawres/Page_ANEF_Connexion/Input_UserNameAgent' located by 'By.xpath: //*[@aria-labelledby="username-label"]|//*[@id="login"]' in '100' second(s)

14-02-2025T14:40:23 - [MESSAGE][INFO] - Found 1 web elements with id: 'Object Repository/ANEF_Eloignement_V_Nawres/Page_ANEF_Connexion/Input_UserNameAgent' located by 'By.xpath: //*[@aria-labelledby="username-label"]|//*[@id="login"]' in '100' second(s)

14-02-2025T14:40:23 - [MESSAGE][INFO] - Clearing text of object 'Object Repository/ANEF_Eloignement_V_Nawres/Page_ANEF_Connexion/Input_UserNameAgent'

14-02-2025T14:40:24 - [MESSAGE][INFO] - Finding web element from Test Object's properties

14-02-2025T14:40:24 - [MESSAGE][INFO] - Checking timeout

14-02-2025T14:40:24 - [MESSAGE][INFO] - Finding web element with id: 'Object Repository/ANEF_Eloignement_V_Nawres/Page_ANEF_Connexion/Input_UserNameAgent' located by 'By.xpath: //*[@aria-labelledby="username-label"]|//*[@id="login"]' in '100' second(s)

14-02-2025T14:40:24 - [MESSAGE][INFO] - Found 1 web elements with id: 'Object Repository/ANEF_Eloignement_V_Nawres/Page_ANEF_Connexion/Input_UserNameAgent' located by 'By.xpath: //*[@aria-labelledby="username-label"]|//*[@id="login"]' in '100' second(s)

14-02-2025T14:40:24 - [MESSAGE][INFO] - Setting text of object 'Object Repository/ANEF_Eloignement_V_Nawres/Page_ANEF_Connexion/Input_UserNameAgent' to value 'test.gpe+32@outlook.fr'

14-02-2025T14:40:25 - [MESSAGE][PASSED] - Text 'test.gpe+32@outlook.fr' is set on object 'Object Repository/ANEF_Eloignement_V_Nawres/Page_ANEF_Connexion/Input_UserNameAgent'

14-02-2025T14:40:25 - [TEST_STEP][PASSED] - setText(findTestObject("Object Repository/ANEF_Eloignement_V_Nawres/Page_ANEF_Connexion/Input_PasswordAgent"), PwAgent): Text 'Natali12345!' is set on object 'Object Repository/ANEF_Eloignement_V_Nawres/Page_ANEF_Connexion/Input_PasswordAgent'

14-02-2025T14:40:25 - [MESSAGE][INFO] - Finding Test Object 'Object Repository/ANEF_Eloignement_V_Nawres/Page_ANEF_Connexion/Input_PasswordAgent'

14-02-2025T14:40:25 - [MESSAGE][INFO] - Checking timeout

14-02-2025T14:40:25 - [MESSAGE][INFO] - Finding web element with id: 'Object Repository/ANEF_Eloignement_V_Nawres/Page_ANEF_Connexion/Input_PasswordAgent' located by 'By.xpath: //*[@aria-labelledby="password-label"]|//*[@id="password"]' in '20' second(s)

14-02-2025T14:40:25 - [MESSAGE][INFO] - Found 1 web elements with id: 'Object Repository/ANEF_Eloignement_V_Nawres/Page_ANEF_Connexion/Input_PasswordAgent' located by 'By.xpath: //*[@aria-labelledby="password-label"]|//*[@id="password"]' in '20' second(s)

14-02-2025T14:40:25 - [MESSAGE][INFO] - Checking object

14-02-2025T14:40:25 - [MESSAGE][INFO] - Checking text

14-02-2025T14:40:25 - [MESSAGE][INFO] - Finding web element from Test Object's properties

14-02-2025T14:40:25 - [MESSAGE][INFO] - Checking timeout

14-02-2025T14:40:25 - [MESSAGE][INFO] - Finding web element with id: 'Object Repository/ANEF_Eloignement_V_Nawres/Page_ANEF_Connexion/Input_PasswordAgent' located by 'By.xpath: //*[@aria-labelledby="password-label"]|//*[@id="password"]' in '100' second(s)

14-02-2025T14:40:25 - [MESSAGE][INFO] - Found 1 web elements with id: 'Object Repository/ANEF_Eloignement_V_Nawres/Page_ANEF_Connexion/Input_PasswordAgent' located by 'By.xpath: //*[@aria-labelledby="password-label"]|//*[@id="password"]' in '100' second(s)

14-02-2025T14:40:25 - [MESSAGE][INFO] - Clearing text of object 'Object Repository/ANEF_Eloignement_V_Nawres/Page_ANEF_Connexion/Input_PasswordAgent'

14-02-2025T14:40:26 - [MESSAGE][INFO] - Finding web element from Test Object's properties

14-02-2025T14:40:26 - [MESSAGE][INFO] - Checking timeout

14-02-2025T14:40:26 - [MESSAGE][INFO] - Finding web element with id: 'Object Repository/ANEF_Eloignement_V_Nawres/Page_ANEF_Connexion/Input_PasswordAgent' located by 'By.xpath: //*[@aria-labelledby="password-label"]|//*[@id="password"]' in '100' second(s)

14-02-2025T14:40:26 - [MESSAGE][INFO] - Found 1 web elements with id: 'Object Repository/ANEF_Eloignement_V_Nawres/Page_ANEF_Connexion/Input_PasswordAgent' located by 'By.xpath: //*[@aria-labelledby="password-label"]|//*[@id="password"]' in '100' second(s)

14-02-2025T14:40:26 - [MESSAGE][INFO] - Setting text of object 'Object Repository/ANEF_Eloignement_V_Nawres/Page_ANEF_Connexion/Input_PasswordAgent' to value 'Natali12345!'

14-02-2025T14:40:27 - [MESSAGE][PASSED] - Text 'Natali12345!' is set on object 'Object Repository/ANEF_Eloignement_V_Nawres/Page_ANEF_Connexion/Input_PasswordAgent'

14-02-2025T14:40:27 - [TEST_STEP][PASSED] - if (EnvExec == "URLPortailAgentPreProd"): null

14-02-2025T14:40:27 - [TEST_STEP][PASSED] - click(findTestObject("Object Repository/ANEF_Eloignement_V_Nawres/Page_ANEF_Connexion/btn_Valider_Conx_Agent")): Object: 'Object Repository/ANEF_Eloignement_V_Nawres/Page_ANEF_Connexion/btn_Valider_Conx_Agent' is clicked on

14-02-2025T14:40:27 - [MESSAGE][INFO] - Finding Test Object 'Object Repository/ANEF_Eloignement_V_Nawres/Page_ANEF_Connexion/btn_Valider_Conx_Agent'

14-02-2025T14:40:27 - [MESSAGE][INFO] - Checking timeout

14-02-2025T14:40:27 - [MESSAGE][INFO] - Finding web element with id: 'Object Repository/ANEF_Eloignement_V_Nawres/Page_ANEF_Connexion/btn_Valider_Conx_Agent' located by 'By.xpath: //*[@label="Valider"]|//*[@id="btn-login"]' in '20' second(s)

14-02-2025T14:40:27 - [MESSAGE][INFO] - Found 1 web elements with id: 'Object Repository/ANEF_Eloignement_V_Nawres/Page_ANEF_Connexion/btn_Valider_Conx_Agent' located by 'By.xpath: //*[@label="Valider"]|//*[@id="btn-login"]' in '20' second(s)

14-02-2025T14:40:27 - [MESSAGE][INFO] - Checking object

14-02-2025T14:40:27 - [MESSAGE][INFO] - Checking timeout

14-02-2025T14:40:27 - [MESSAGE][INFO] - Finding web element from Test Object's properties

14-02-2025T14:40:27 - [MESSAGE][INFO] - Checking timeout

14-02-2025T14:40:27 - [MESSAGE][INFO] - Finding web element with id: 'Object Repository/ANEF_Eloignement_V_Nawres/Page_ANEF_Connexion/btn_Valider_Conx_Agent' located by 'By.xpath: //*[@label="Valider"]|//*[@id="btn-login"]' in '100' second(s)

14-02-2025T14:40:27 - [MESSAGE][INFO] - Found 1 web elements with id: 'Object Repository/ANEF_Eloignement_V_Nawres/Page_ANEF_Connexion/btn_Valider_Conx_Agent' located by 'By.xpath: //*[@label="Valider"]|//*[@id="btn-login"]' in '100' second(s)

14-02-2025T14:40:27 - [MESSAGE][INFO] - Clicking on object: 'Object Repository/ANEF_Eloignement_V_Nawres/Page_ANEF_Connexion/btn_Valider_Conx_Agent'

14-02-2025T14:40:28 - [MESSAGE][PASSED] - Object: 'Object Repository/ANEF_Eloignement_V_Nawres/Page_ANEF_Connexion/btn_Valider_Conx_Agent' is clicked on

14-02-2025T14:40:28 - [TEST_STEP][PASSED] - delay(5): Delayed 5 second(s)

14-02-2025T14:40:28 - [MESSAGE][INFO] - Delaying browser in 5 second(s)

14-02-2025T14:40:33 - [MESSAGE][PASSED] - Delayed 5 second(s)

14-02-2025T14:40:33 - [TEST_STEP][PASSED] - verifyElementPresent(findTestObject("Object Repository/ANEF_Eloignement_V_Nawres/Page_Accueil_Principale/btn_ANEF_Eloignement"), 1, STOP_ON_FAILURE): Object 'Object Repository/ANEF_Eloignement_V_Nawres/Page_Accueil_Principale/btn_ANEF_Eloignement' is present

14-02-2025T14:40:33 - [MESSAGE][INFO] - Finding Test Object 'Object Repository/ANEF_Eloignement_V_Nawres/Page_Accueil_Principale/btn_ANEF_Eloignement'

14-02-2025T14:40:33 - [MESSAGE][INFO] - Checking object

14-02-2025T14:40:33 - [MESSAGE][INFO] - Finding web element from Test Object's properties

14-02-2025T14:40:33 - [MESSAGE][INFO] - Checking timeout

14-02-2025T14:40:33 - [MESSAGE][INFO] - Finding web element with id: 'Object Repository/ANEF_Eloignement_V_Nawres/Page_Accueil_Principale/btn_ANEF_Eloignement' located by 'By.xpath: //span[contains(text()," ANEF Ã©loignement ")]' in '1' second(s)

14-02-2025T14:40:33 - [MESSAGE][INFO] - Found 1 web elements with id: 'Object Repository/ANEF_Eloignement_V_Nawres/Page_Accueil_Principale/btn_ANEF_Eloignement' located by 'By.xpath: //span[contains(text()," ANEF Ã©loignement ")]' in '1' second(s)

14-02-2025T14:40:33 - [MESSAGE][PASSED] - Object 'Object Repository/ANEF_Eloignement_V_Nawres/Page_Accueil_Principale/btn_ANEF_Eloignement' is present

14-02-2025T14:40:33 - [MESSAGE][PASSED] - Call Test Case 'Test Cases/Test Reutilisable/Main/ANEF_Eloignement_V_Nawres/ANEF_Identification' successfully

14-02-2025T14:40:33 - [TEST_STEP][PASSED] - callTestCase(findTestCase("Test Cases/Test Reutilisable/Main/ANEF_Eloignement_V_Nawres/ANEF_Creation_ou_Recherche_Dossier"), ["CreationOuRecherche":CreationOuRecherche, "NumeroEtranger":NumeroEtranger], STOP_ON_FAILURE): Call Test Case 'Test Cases/Test Reutilisable/Main/ANEF_Eloignement_V_Nawres/ANEF_Creation_ou_Recherche_Dossier' successfully

14-02-2025T14:40:33 - [MESSAGE][INFO] - Checking called Test Case

14-02-2025T14:40:33 - [MESSAGE][INFO] - Starting to call Test Case 'Test Cases/Test Reutilisable/Main/ANEF_Eloignement_V_Nawres/ANEF_Creation_ou_Recherche_Dossier'

14-02-2025T14:40:34 - [TEST_CASE][PASSED] - Test Cases/Test Reutilisable/Main/ANEF_Eloignement_V_Nawres/ANEF_Creation_ou_Recherche_Dossier: Test Cases/Test Reutilisable/Main/ANEF_Eloignement_V_Nawres/ANEF_Creation_ou_Recherche_Dossier

14-02-2025T14:40:34 - [TEST_STEP][PASSED] - click(findTestObject("Object Repository/ANEF_Eloignement_V_Nawres/Page_Accueil_Principale/btn_ANEF_Eloignement")): Object: 'Object Repository/ANEF_Eloignement_V_Nawres/Page_Accueil_Principale/btn_ANEF_Eloignement' is clicked on

14-02-2025T14:40:34 - [MESSAGE][INFO] - Finding Test Object 'Object Repository/ANEF_Eloignement_V_Nawres/Page_Accueil_Principale/btn_ANEF_Eloignement'

14-02-2025T14:40:34 - [MESSAGE][INFO] - Checking timeout

14-02-2025T14:40:34 - [MESSAGE][INFO] - Finding web element with id: 'Object Repository/ANEF_Eloignement_V_Nawres/Page_Accueil_Principale/btn_ANEF_Eloignement' located by 'By.xpath: //span[contains(text()," ANEF Ã©loignement ")]' in '20' second(s)

14-02-2025T14:40:34 - [MESSAGE][INFO] - Found 1 web elements with id: 'Object Repository/ANEF_Eloignement_V_Nawres/Page_Accueil_Principale/btn_ANEF_Eloignement' located by 'By.xpath: //span[contains(text()," ANEF Ã©loignement ")]' in '20' second(s)

14-02-2025T14:40:34 - [MESSAGE][INFO] - Checking object

14-02-2025T14:40:34 - [MESSAGE][INFO] - Checking timeout

14-02-2025T14:40:34 - [MESSAGE][INFO] - Finding web element from Test Object's properties

14-02-2025T14:40:34 - [MESSAGE][INFO] - Checking timeout

14-02-2025T14:40:34 - [MESSAGE][INFO] - Finding web element with id: 'Object Repository/ANEF_Eloignement_V_Nawres/Page_Accueil_Principale/btn_ANEF_Eloignement' located by 'By.xpath: //span[contains(text()," ANEF Ã©loignement ")]' in '100' second(s)

14-02-2025T14:40:34 - [MESSAGE][INFO] - Found 1 web elements with id: 'Object Repository/ANEF_Eloignement_V_Nawres/Page_Accueil_Principale/btn_ANEF_Eloignement' located by 'By.xpath: //span[contains(text()," ANEF Ã©loignement ")]' in '100' second(s)

14-02-2025T14:40:34 - [MESSAGE][INFO] - Clicking on object: 'Object Repository/ANEF_Eloignement_V_Nawres/Page_Accueil_Principale/btn_ANEF_Eloignement'

14-02-2025T14:40:36 - [MESSAGE][PASSED] - Object: 'Object Repository/ANEF_Eloignement_V_Nawres/Page_Accueil_Principale/btn_ANEF_Eloignement' is clicked on

14-02-2025T14:40:36 - [TEST_STEP][PASSED] - verifyElementPresent(findTestObject("Object Repository/ANEF_Eloignement_V_Nawres/Page_Creation_ou_Recherche_Dossier/btn_Rechercher_Dossier"), 1, STOP_ON_FAILURE): Object 'Object Repository/ANEF_Eloignement_V_Nawres/Page_Creation_ou_Recherche_Dossier/btn_Rechercher_Dossier' is present

14-02-2025T14:40:36 - [MESSAGE][INFO] - Finding Test Object 'Object Repository/ANEF_Eloignement_V_Nawres/Page_Creation_ou_Recherche_Dossier/btn_Rechercher_Dossier'

14-02-2025T14:40:36 - [MESSAGE][INFO] - Checking object

14-02-2025T14:40:36 - [MESSAGE][INFO] - Finding web element from Test Object's properties

14-02-2025T14:40:36 - [MESSAGE][INFO] - Checking timeout

14-02-2025T14:40:36 - [MESSAGE][INFO] - Finding web element with id: 'Object Repository/ANEF_Eloignement_V_Nawres/Page_Creation_ou_Recherche_Dossier/btn_Rechercher_Dossier' located by 'By.xpath: //button[@title="Rechercher un dossier"]' in '1' second(s)

14-02-2025T14:40:36 - [MESSAGE][INFO] - Found 1 web elements with id: 'Object Repository/ANEF_Eloignement_V_Nawres/Page_Creation_ou_Recherche_Dossier/btn_Rechercher_Dossier' located by 'By.xpath: //button[@title="Rechercher un dossier"]' in '1' second(s)

14-02-2025T14:40:36 - [MESSAGE][PASSED] - Object 'Object Repository/ANEF_Eloignement_V_Nawres/Page_Creation_ou_Recherche_Dossier/btn_Rechercher_Dossier' is present

14-02-2025T14:40:36 - [TEST_STEP][PASSED] - delay(5): Delayed 5 second(s)

14-02-2025T14:40:36 - [MESSAGE][INFO] - Delaying browser in 5 second(s)

14-02-2025T14:40:41 - [MESSAGE][PASSED] - Delayed 5 second(s)

14-02-2025T14:40:41 - [TEST_STEP][PASSED] - click(findTestObject("Object Repository/ANEF_Eloignement_V_Nawres/Page_Creation_ou_Recherche_Dossier/btn_Rechercher_Dossier")): Object: 'Object Repository/ANEF_Eloignement_V_Nawres/Page_Creation_ou_Recherche_Dossier/btn_Rechercher_Dossier' is clicked on

14-02-2025T14:40:41 - [MESSAGE][INFO] - Finding Test Object 'Object Repository/ANEF_Eloignement_V_Nawres/Page_Creation_ou_Recherche_Dossier/btn_Rechercher_Dossier'

14-02-2025T14:40:41 - [MESSAGE][INFO] - Checking timeout

14-02-2025T14:40:41 - [MESSAGE][INFO] - Finding web element with id: 'Object Repository/ANEF_Eloignement_V_Nawres/Page_Creation_ou_Recherche_Dossier/btn_Rechercher_Dossier' located by 'By.xpath: //button[@title="Rechercher un dossier"]' in '20' second(s)

14-02-2025T14:40:41 - [MESSAGE][INFO] - Found 1 web elements with id: 'Object Repository/ANEF_Eloignement_V_Nawres/Page_Creation_ou_Recherche_Dossier/btn_Rechercher_Dossier' located by 'By.xpath: //button[@title="Rechercher un dossier"]' in '20' second(s)

14-02-2025T14:40:41 - [MESSAGE][INFO] - Checking object

14-02-2025T14:40:41 - [MESSAGE][INFO] - Checking timeout

14-02-2025T14:40:41 - [MESSAGE][INFO] - Finding web element from Test Object's properties

14-02-2025T14:40:41 - [MESSAGE][INFO] - Checking timeout

14-02-2025T14:40:41 - [MESSAGE][INFO] - Finding web element with id: 'Object Repository/ANEF_Eloignement_V_Nawres/Page_Creation_ou_Recherche_Dossier/btn_Rechercher_Dossier' located by 'By.xpath: //button[@title="Rechercher un dossier"]' in '100' second(s)

14-02-2025T14:40:41 - [MESSAGE][INFO] - Found 1 web elements with id: 'Object Repository/ANEF_Eloignement_V_Nawres/Page_Creation_ou_Recherche_Dossier/btn_Rechercher_Dossier' located by 'By.xpath: //button[@title="Rechercher un dossier"]' in '100' second(s)

14-02-2025T14:40:41 - [MESSAGE][INFO] - Clicking on object: 'Object Repository/ANEF_Eloignement_V_Nawres/Page_Creation_ou_Recherche_Dossier/btn_Rechercher_Dossier'

14-02-2025T14:40:42 - [MESSAGE][PASSED] - Object: 'Object Repository/ANEF_Eloignement_V_Nawres/Page_Creation_ou_Recherche_Dossier/btn_Rechercher_Dossier' is clicked on

14-02-2025T14:40:42 - [TEST_STEP][PASSED] - if (CreationOuRecherche == "Creation"): Delayed 10 second(s)

14-02-2025T14:40:42 - [TEST_STEP][PASSED] - NumberUsagerRandom = tools.MyStringTools.getRandomNumber(100000000, 9999999999): tools.MyStringTools.getRandomNumber is PASSED

14-02-2025T14:40:42 - [MESSAGE][PASSED] - tools.MyStringTools.getRandomNumber is PASSED

14-02-2025T14:40:42 - [TEST_STEP][PASSED] - println(NumberUsagerRandom): null

14-02-2025T14:40:42 - [TEST_STEP][PASSED] - NumberUsager = NumberUsagerRandom.toString(): null

14-02-2025T14:40:42 - [TEST_STEP][PASSED] - setText(findTestObject("Object Repository/ANEF_Eloignement_V_Nawres/Page_Creation_ou_Recherche_Dossier/Input_Numero_etranger"), NumberUsager, STOP_ON_FAILURE): Text '6914549090' is set on object 'Object Repository/ANEF_Eloignement_V_Nawres/Page_Creation_ou_Recherche_Dossier/Input_Numero_etranger'

14-02-2025T14:40:42 - [MESSAGE][INFO] - Finding Test Object 'Object Repository/ANEF_Eloignement_V_Nawres/Page_Creation_ou_Recherche_Dossier/Input_Numero_etranger'

14-02-2025T14:40:42 - [MESSAGE][INFO] - Checking timeout

14-02-2025T14:40:42 - [MESSAGE][INFO] - Finding web element with id: 'Object Repository/ANEF_Eloignement_V_Nawres/Page_Creation_ou_Recherche_Dossier/Input_Numero_etranger' located by 'By.xpath: //app-identite-declaree-search-box//div/app-dsfr-input/div/input[@id="identifiant_agdref"]|//app-search-box//div/app-dsfr-input/div/input[@id="identifiant_agdref"]' in '20' second(s)

14-02-2025T14:40:42 - [MESSAGE][INFO] - Found 1 web elements with id: 'Object Repository/ANEF_Eloignement_V_Nawres/Page_Creation_ou_Recherche_Dossier/Input_Numero_etranger' located by 'By.xpath: //app-identite-declaree-search-box//div/app-dsfr-input/div/input[@id="identifiant_agdref"]|//app-search-box//div/app-dsfr-input/div/input[@id="identifiant_agdref"]' in '20' second(s)

14-02-2025T14:40:42 - [MESSAGE][INFO] - Checking object

14-02-2025T14:40:42 - [MESSAGE][INFO] - Checking text

14-02-2025T14:40:42 - [MESSAGE][INFO] - Finding web element from Test Object's properties

14-02-2025T14:40:42 - [MESSAGE][INFO] - Checking timeout

14-02-2025T14:40:42 - [MESSAGE][INFO] - Finding web element with id: 'Object Repository/ANEF_Eloignement_V_Nawres/Page_Creation_ou_Recherche_Dossier/Input_Numero_etranger' located by 'By.xpath: //app-identite-declaree-search-box//div/app-dsfr-input/div/input[@id="identifiant_agdref"]|//app-search-box//div/app-dsfr-input/div/input[@id="identifiant_agdref"]' in '100' second(s)

14-02-2025T14:40:42 - [MESSAGE][INFO] - Found 1 web elements with id: 'Object Repository/ANEF_Eloignement_V_Nawres/Page_Creation_ou_Recherche_Dossier/Input_Numero_etranger' located by 'By.xpath: //app-identite-declaree-search-box//div/app-dsfr-input/div/input[@id="identifiant_agdref"]|//app-search-box//div/app-dsfr-input/div/input[@id="identifiant_agdref"]' in '100' second(s)

14-02-2025T14:40:42 - [MESSAGE][INFO] - Clearing text of object 'Object Repository/ANEF_Eloignement_V_Nawres/Page_Creation_ou_Recherche_Dossier/Input_Numero_etranger'

14-02-2025T14:40:44 - [MESSAGE][INFO] - Finding web element from Test Object's properties

14-02-2025T14:40:44 - [MESSAGE][INFO] - Checking timeout

14-02-2025T14:40:44 - [MESSAGE][INFO] - Finding web element with id: 'Object Repository/ANEF_Eloignement_V_Nawres/Page_Creation_ou_Recherche_Dossier/Input_Numero_etranger' located by 'By.xpath: //app-identite-declaree-search-box//div/app-dsfr-input/div/input[@id="identifiant_agdref"]|//app-search-box//div/app-dsfr-input/div/input[@id="identifiant_agdref"]' in '100' second(s)

14-02-2025T14:40:44 - [MESSAGE][INFO] - Found 1 web elements with id: 'Object Repository/ANEF_Eloignement_V_Nawres/Page_Creation_ou_Recherche_Dossier/Input_Numero_etranger' located by 'By.xpath: //app-identite-declaree-search-box//div/app-dsfr-input/div/input[@id="identifiant_agdref"]|//app-search-box//div/app-dsfr-input/div/input[@id="identifiant_agdref"]' in '100' second(s)

14-02-2025T14:40:44 - [MESSAGE][INFO] - Setting text of object 'Object Repository/ANEF_Eloignement_V_Nawres/Page_Creation_ou_Recherche_Dossier/Input_Numero_etranger' to value '6914549090'

14-02-2025T14:40:45 - [MESSAGE][PASSED] - Text '6914549090' is set on object 'Object Repository/ANEF_Eloignement_V_Nawres/Page_Creation_ou_Recherche_Dossier/Input_Numero_etranger'

14-02-2025T14:40:45 - [TEST_STEP][PASSED] - click(findTestObject("Object Repository/ANEF_Eloignement_V_Nawres/Page_Creation_ou_Recherche_Dossier/Input_Numero_etranger"), STOP_ON_FAILURE): Object: 'Object Repository/ANEF_Eloignement_V_Nawres/Page_Creation_ou_Recherche_Dossier/Input_Numero_etranger' is clicked on

14-02-2025T14:40:45 - [MESSAGE][INFO] - Finding Test Object 'Object Repository/ANEF_Eloignement_V_Nawres/Page_Creation_ou_Recherche_Dossier/Input_Numero_etranger'

14-02-2025T14:40:45 - [MESSAGE][INFO] - Checking timeout

14-02-2025T14:40:45 - [MESSAGE][INFO] - Finding web element with id: 'Object Repository/ANEF_Eloignement_V_Nawres/Page_Creation_ou_Recherche_Dossier/Input_Numero_etranger' located by 'By.xpath: //app-identite-declaree-search-box//div/app-dsfr-input/div/input[@id="identifiant_agdref"]|//app-search-box//div/app-dsfr-input/div/input[@id="identifiant_agdref"]' in '20' second(s)

14-02-2025T14:40:45 - [MESSAGE][INFO] - Found 1 web elements with id: 'Object Repository/ANEF_Eloignement_V_Nawres/Page_Creation_ou_Recherche_Dossier/Input_Numero_etranger' located by 'By.xpath: //app-identite-declaree-search-box//div/app-dsfr-input/div/input[@id="identifiant_agdref"]|//app-search-box//div/app-dsfr-input/div/input[@id="identifiant_agdref"]' in '20' second(s)

14-02-2025T14:40:45 - [MESSAGE][INFO] - Checking object

14-02-2025T14:40:45 - [MESSAGE][INFO] - Checking timeout

14-02-2025T14:40:45 - [MESSAGE][INFO] - Finding web element from Test Object's properties

14-02-2025T14:40:45 - [MESSAGE][INFO] - Checking timeout

14-02-2025T14:40:45 - [MESSAGE][INFO] - Finding web element with id: 'Object Repository/ANEF_Eloignement_V_Nawres/Page_Creation_ou_Recherche_Dossier/Input_Numero_etranger' located by 'By.xpath: //app-identite-declaree-search-box//div/app-dsfr-input/div/input[@id="identifiant_agdref"]|//app-search-box//div/app-dsfr-input/div/input[@id="identifiant_agdref"]' in '100' second(s)

14-02-2025T14:40:45 - [MESSAGE][INFO] - Found 1 web elements with id: 'Object Repository/ANEF_Eloignement_V_Nawres/Page_Creation_ou_Recherche_Dossier/Input_Numero_etranger' located by 'By.xpath: //app-identite-declaree-search-box//div/app-dsfr-input/div/input[@id="identifiant_agdref"]|//app-search-box//div/app-dsfr-input/div/input[@id="identifiant_agdref"]' in '100' second(s)

14-02-2025T14:40:45 - [MESSAGE][INFO] - Clicking on object: 'Object Repository/ANEF_Eloignement_V_Nawres/Page_Creation_ou_Recherche_Dossier/Input_Numero_etranger'

14-02-2025T14:40:46 - [MESSAGE][PASSED] - Object: 'Object Repository/ANEF_Eloignement_V_Nawres/Page_Creation_ou_Recherche_Dossier/Input_Numero_etranger' is clicked on

14-02-2025T14:40:46 - [TEST_STEP][PASSED] - scrollToElement(findTestObject("Object Repository/ANEF_Eloignement_V_Nawres/Page_Creation_ou_Recherche_Dossier/btn_Lancer_La_Recherche"), 5, STOP_ON_FAILURE): Scroll to object 'Object Repository/ANEF_Eloignement_V_Nawres/Page_Creation_ou_Recherche_Dossier/btn_Lancer_La_Recherche' successfully

14-02-2025T14:40:46 - [MESSAGE][INFO] - Finding Test Object 'Object Repository/ANEF_Eloignement_V_Nawres/Page_Creation_ou_Recherche_Dossier/btn_Lancer_La_Recherche'

14-02-2025T14:40:46 - [MESSAGE][INFO] - Checking object

14-02-2025T14:40:46 - [MESSAGE][INFO] - Checking timeout

14-02-2025T14:40:46 - [MESSAGE][INFO] - Finding web element from Test Object's properties

14-02-2025T14:40:46 - [MESSAGE][INFO] - Checking timeout

14-02-2025T14:40:46 - [MESSAGE][INFO] - Finding web element with id: 'Object Repository/ANEF_Eloignement_V_Nawres/Page_Creation_ou_Recherche_Dossier/btn_Lancer_La_Recherche' located by 'By.xpath: //button[contains(text(),"Lancer la recherche ")]' in '100' second(s)

14-02-2025T14:40:46 - [MESSAGE][INFO] - Found 1 web elements with id: 'Object Repository/ANEF_Eloignement_V_Nawres/Page_Creation_ou_Recherche_Dossier/btn_Lancer_La_Recherche' located by 'By.xpath: //button[contains(text(),"Lancer la recherche ")]' in '100' second(s)

14-02-2025T14:40:46 - [MESSAGE][INFO] - Scrolling to object 'Object Repository/ANEF_Eloignement_V_Nawres/Page_Creation_ou_Recherche_Dossier/btn_Lancer_La_Recherche'

14-02-2025T14:40:46 - [MESSAGE][PASSED] - Scroll to object 'Object Repository/ANEF_Eloignement_V_Nawres/Page_Creation_ou_Recherche_Dossier/btn_Lancer_La_Recherche' successfully

14-02-2025T14:40:46 - [TEST_STEP][PASSED] - click(findTestObject("Object Repository/ANEF_Eloignement_V_Nawres/Page_Creation_ou_Recherche_Dossier/btn_Lancer_La_Recherche"), STOP_ON_FAILURE): Object: 'Object Repository/ANEF_Eloignement_V_Nawres/Page_Creation_ou_Recherche_Dossier/btn_Lancer_La_Recherche' is clicked on

14-02-2025T14:40:46 - [MESSAGE][INFO] - Finding Test Object 'Object Repository/ANEF_Eloignement_V_Nawres/Page_Creation_ou_Recherche_Dossier/btn_Lancer_La_Recherche'

14-02-2025T14:40:46 - [MESSAGE][INFO] - Checking timeout

14-02-2025T14:40:46 - [MESSAGE][INFO] - Finding web element with id: 'Object Repository/ANEF_Eloignement_V_Nawres/Page_Creation_ou_Recherche_Dossier/btn_Lancer_La_Recherche' located by 'By.xpath: //button[contains(text(),"Lancer la recherche ")]' in '20' second(s)

14-02-2025T14:40:46 - [MESSAGE][INFO] - Found 1 web elements with id: 'Object Repository/ANEF_Eloignement_V_Nawres/Page_Creation_ou_Recherche_Dossier/btn_Lancer_La_Recherche' located by 'By.xpath: //button[contains(text(),"Lancer la recherche ")]' in '20' second(s)

14-02-2025T14:40:46 - [MESSAGE][INFO] - Checking object

14-02-2025T14:40:46 - [MESSAGE][INFO] - Checking timeout

14-02-2025T14:40:46 - [MESSAGE][INFO] - Finding web element from Test Object's properties

14-02-2025T14:40:46 - [MESSAGE][INFO] - Checking timeout

14-02-2025T14:40:46 - [MESSAGE][INFO] - Finding web element with id: 'Object Repository/ANEF_Eloignement_V_Nawres/Page_Creation_ou_Recherche_Dossier/btn_Lancer_La_Recherche' located by 'By.xpath: //button[contains(text(),"Lancer la recherche ")]' in '100' second(s)

14-02-2025T14:40:46 - [MESSAGE][INFO] - Found 1 web elements with id: 'Object Repository/ANEF_Eloignement_V_Nawres/Page_Creation_ou_Recherche_Dossier/btn_Lancer_La_Recherche' located by 'By.xpath: //button[contains(text(),"Lancer la recherche ")]' in '100' second(s)

14-02-2025T14:40:46 - [MESSAGE][INFO] - Clicking on object: 'Object Repository/ANEF_Eloignement_V_Nawres/Page_Creation_ou_Recherche_Dossier/btn_Lancer_La_Recherche'

14-02-2025T14:40:47 - [MESSAGE][PASSED] - Object: 'Object Repository/ANEF_Eloignement_V_Nawres/Page_Creation_ou_Recherche_Dossier/btn_Lancer_La_Recherche' is clicked on

14-02-2025T14:40:47 - [TEST_STEP][PASSED] - delay(10): Delayed 10 second(s)

14-02-2025T14:40:47 - [MESSAGE][INFO] - Delaying browser in 10 second(s)

14-02-2025T14:40:57 - [MESSAGE][PASSED] - Delayed 10 second(s)

14-02-2025T14:40:57 - [TEST_STEP][PASSED] - scrollToElement(findTestObject("Object Repository/ANEF_Eloignement_V_Nawres/Page_Creation_ou_Recherche_Dossier/btn_Aucune_Correspondance"), 5, STOP_ON_FAILURE): Scroll to object 'Object Repository/ANEF_Eloignement_V_Nawres/Page_Creation_ou_Recherche_Dossier/btn_Aucune_Correspondance' successfully

14-02-2025T14:40:57 - [MESSAGE][INFO] - Finding Test Object 'Object Repository/ANEF_Eloignement_V_Nawres/Page_Creation_ou_Recherche_Dossier/btn_Aucune_Correspondance'

14-02-2025T14:40:57 - [MESSAGE][INFO] - Checking object

14-02-2025T14:40:57 - [MESSAGE][INFO] - Checking timeout

14-02-2025T14:40:57 - [MESSAGE][INFO] - Finding web element from Test Object's properties

14-02-2025T14:40:57 - [MESSAGE][INFO] - Checking timeout

14-02-2025T14:40:57 - [MESSAGE][INFO] - Finding web element with id: 'Object Repository/ANEF_Eloignement_V_Nawres/Page_Creation_ou_Recherche_Dossier/btn_Aucune_Correspondance' located by 'By.xpath: //button[contains(text()," Aucune correspondance")]' in '100' second(s)

14-02-2025T14:40:57 - [MESSAGE][INFO] - Found 1 web elements with id: 'Object Repository/ANEF_Eloignement_V_Nawres/Page_Creation_ou_Recherche_Dossier/btn_Aucune_Correspondance' located by 'By.xpath: //button[contains(text()," Aucune correspondance")]' in '100' second(s)

14-02-2025T14:40:57 - [MESSAGE][INFO] - Scrolling to object 'Object Repository/ANEF_Eloignement_V_Nawres/Page_Creation_ou_Recherche_Dossier/btn_Aucune_Correspondance'

14-02-2025T14:40:57 - [MESSAGE][PASSED] - Scroll to object 'Object Repository/ANEF_Eloignement_V_Nawres/Page_Creation_ou_Recherche_Dossier/btn_Aucune_Correspondance' successfully

14-02-2025T14:40:57 - [TEST_STEP][PASSED] - click(findTestObject("Object Repository/ANEF_Eloignement_V_Nawres/Page_Creation_ou_Recherche_Dossier/btn_Aucune_Correspondance"), STOP_ON_FAILURE): Object: 'Object Repository/ANEF_Eloignement_V_Nawres/Page_Creation_ou_Recherche_Dossier/btn_Aucune_Correspondance' is clicked on

14-02-2025T14:40:57 - [MESSAGE][INFO] - Finding Test Object 'Object Repository/ANEF_Eloignement_V_Nawres/Page_Creation_ou_Recherche_Dossier/btn_Aucune_Correspondance'

14-02-2025T14:40:57 - [MESSAGE][INFO] - Checking timeout

14-02-2025T14:40:57 - [MESSAGE][INFO] - Finding web element with id: 'Object Repository/ANEF_Eloignement_V_Nawres/Page_Creation_ou_Recherche_Dossier/btn_Aucune_Correspondance' located by 'By.xpath: //button[contains(text()," Aucune correspondance")]' in '20' second(s)

14-02-2025T14:40:57 - [MESSAGE][INFO] - Found 1 web elements with id: 'Object Repository/ANEF_Eloignement_V_Nawres/Page_Creation_ou_Recherche_Dossier/btn_Aucune_Correspondance' located by 'By.xpath: //button[contains(text()," Aucune correspondance")]' in '20' second(s)

14-02-2025T14:40:57 - [MESSAGE][INFO] - Checking object

14-02-2025T14:40:57 - [MESSAGE][INFO] - Checking timeout

14-02-2025T14:40:57 - [MESSAGE][INFO] - Finding web element from Test Object's properties

14-02-2025T14:40:57 - [MESSAGE][INFO] - Checking timeout

14-02-2025T14:40:57 - [MESSAGE][INFO] - Finding web element with id: 'Object Repository/ANEF_Eloignement_V_Nawres/Page_Creation_ou_Recherche_Dossier/btn_Aucune_Correspondance' located by 'By.xpath: //button[contains(text()," Aucune correspondance")]' in '100' second(s)

14-02-2025T14:40:57 - [MESSAGE][INFO] - Found 1 web elements with id: 'Object Repository/ANEF_Eloignement_V_Nawres/Page_Creation_ou_Recherche_Dossier/btn_Aucune_Correspondance' located by 'By.xpath: //button[contains(text()," Aucune correspondance")]' in '100' second(s)

14-02-2025T14:40:57 - [MESSAGE][INFO] - Clicking on object: 'Object Repository/ANEF_Eloignement_V_Nawres/Page_Creation_ou_Recherche_Dossier/btn_Aucune_Correspondance'

14-02-2025T14:40:58 - [MESSAGE][PASSED] - Object: 'Object Repository/ANEF_Eloignement_V_Nawres/Page_Creation_ou_Recherche_Dossier/btn_Aucune_Correspondance' is clicked on

14-02-2025T14:40:58 - [TEST_STEP][PASSED] - click(findTestObject("Object Repository/ANEF_Eloignement_V_Nawres/Page_Creation_ou_Recherche_Dossier/btn_Creer_Un_Dossier_Etranger"), STOP_ON_FAILURE): Object: 'Object Repository/ANEF_Eloignement_V_Nawres/Page_Creation_ou_Recherche_Dossier/btn_Creer_Un_Dossier_Etranger' is clicked on

14-02-2025T14:40:58 - [MESSAGE][INFO] - Finding Test Object 'Object Repository/ANEF_Eloignement_V_Nawres/Page_Creation_ou_Recherche_Dossier/btn_Creer_Un_Dossier_Etranger'

14-02-2025T14:40:58 - [MESSAGE][INFO] - Checking timeout

14-02-2025T14:40:58 - [MESSAGE][INFO] - Finding web element with id: 'Object Repository/ANEF_Eloignement_V_Nawres/Page_Creation_ou_Recherche_Dossier/btn_Creer_Un_Dossier_Etranger' located by 'By.xpath: //button[contains(text()," CrÃ©er un dossier Ã©tranger ")]' in '20' second(s)

14-02-2025T14:40:58 - [MESSAGE][INFO] - Found 1 web elements with id: 'Object Repository/ANEF_Eloignement_V_Nawres/Page_Creation_ou_Recherche_Dossier/btn_Creer_Un_Dossier_Etranger' located by 'By.xpath: //button[contains(text()," CrÃ©er un dossier Ã©tranger ")]' in '20' second(s)

14-02-2025T14:40:58 - [MESSAGE][INFO] - Checking object

14-02-2025T14:40:58 - [MESSAGE][INFO] - Checking timeout

14-02-2025T14:40:58 - [MESSAGE][INFO] - Finding web element from Test Object's properties

14-02-2025T14:40:58 - [MESSAGE][INFO] - Checking timeout

14-02-2025T14:40:58 - [MESSAGE][INFO] - Finding web element with id: 'Object Repository/ANEF_Eloignement_V_Nawres/Page_Creation_ou_Recherche_Dossier/btn_Creer_Un_Dossier_Etranger' located by 'By.xpath: //button[contains(text()," CrÃ©er un dossier Ã©tranger ")]' in '100' second(s)

14-02-2025T14:40:58 - [MESSAGE][INFO] - Found 1 web elements with id: 'Object Repository/ANEF_Eloignement_V_Nawres/Page_Creation_ou_Recherche_Dossier/btn_Creer_Un_Dossier_Etranger' located by 'By.xpath: //button[contains(text()," CrÃ©er un dossier Ã©tranger ")]' in '100' second(s)

14-02-2025T14:40:58 - [MESSAGE][INFO] - Clicking on object: 'Object Repository/ANEF_Eloignement_V_Nawres/Page_Creation_ou_Recherche_Dossier/btn_Creer_Un_Dossier_Etranger'

14-02-2025T14:41:00 - [MESSAGE][PASSED] - Object: 'Object Repository/ANEF_Eloignement_V_Nawres/Page_Creation_ou_Recherche_Dossier/btn_Creer_Un_Dossier_Etranger' is clicked on

14-02-2025T14:41:00 - [TEST_STEP][PASSED] - delay(10): Delayed 10 second(s)

14-02-2025T14:41:00 - [MESSAGE][INFO] - Delaying browser in 10 second(s)

14-02-2025T14:41:10 - [MESSAGE][PASSED] - Delayed 10 second(s)

14-02-2025T14:41:10 - [TEST_STEP][PASSED] - if (CreationOuRecherche == "Recherche"): null

14-02-2025T14:41:10 - [MESSAGE][PASSED] - Call Test Case 'Test Cases/Test Reutilisable/Main/ANEF_Eloignement_V_Nawres/ANEF_Creation_ou_Recherche_Dossier' successfully

14-02-2025T14:41:10 - [TEST_STEP][PASSED] - if (CreationOuRecherche == "Creation"): Call Test Case 'Test Cases/Test Reutilisable/Main/ANEF_Eloignement_V_Nawres/ANEF_Formulaire_Creation_Dossier' successfully

14-02-2025T14:41:10 - [TEST_STEP][PASSED] - callTestCase(findTestCase("Test Cases/Test Reutilisable/Main/ANEF_Eloignement_V_Nawres/ANEF_Formulaire_Creation_Dossier"), ["CreationOuRecherche":CreationOuRecherche, "Sexe":Sexe, "AnneeNaissance":AnneeNaissance, "Nationnalite":Nationnalite, "OrigineDossier":OrigineDossier, ... ], STOP_ON_FAILURE): Call Test Case 'Test Cases/Test Reutilisable/Main/ANEF_Eloignement_V_Nawres/ANEF_Formulaire_Creation_Dossier' successfully

14-02-2025T14:41:10 - [MESSAGE][INFO] - Checking called Test Case

14-02-2025T14:41:10 - [MESSAGE][INFO] - Starting to call Test Case 'Test Cases/Test Reutilisable/Main/ANEF_Eloignement_V_Nawres/ANEF_Formulaire_Creation_Dossier'

14-02-2025T14:41:10 - [TEST_CASE][PASSED] - Test Cases/Test Reutilisable/Main/ANEF_Eloignement_V_Nawres/ANEF_Formulaire_Creation_Dossier: Test Cases/Test Reutilisable/Main/ANEF_Eloignement_V_Nawres/ANEF_Formulaire_Creation_Dossier

14-02-2025T14:41:10 - [TEST_STEP][PASSED] - "Onglet 'Dossier etranger'": null

14-02-2025T14:41:10 - [TEST_STEP][PASSED] - verifyElementPresent(findTestObject("Object Repository/ANEF_Eloignement_V_Nawres/Page_Formulaire_Creation_Dossier/Onglet_Dossier_Etranger"), 1, STOP_ON_FAILURE): Object 'Object Repository/ANEF_Eloignement_V_Nawres/Page_Formulaire_Creation_Dossier/Onglet_Dossier_Etranger' is present

14-02-2025T14:41:10 - [MESSAGE][INFO] - Finding Test Object 'Object Repository/ANEF_Eloignement_V_Nawres/Page_Formulaire_Creation_Dossier/Onglet_Dossier_Etranger'

14-02-2025T14:41:10 - [MESSAGE][INFO] - Checking object

14-02-2025T14:41:10 - [MESSAGE][INFO] - Finding web element from Test Object's properties

14-02-2025T14:41:10 - [MESSAGE][INFO] - Checking timeout

14-02-2025T14:41:10 - [MESSAGE][INFO] - Finding web element with id: 'Object Repository/ANEF_Eloignement_V_Nawres/Page_Formulaire_Creation_Dossier/Onglet_Dossier_Etranger' located by 'By.xpath: /html/body/app-root/app-layout-borderless/div[3]/app-prise-mesure/div/app-dsfr-onglet-tab/div/ul/li[1]/button' in '1' second(s)

14-02-2025T14:41:10 - [MESSAGE][INFO] - Found 1 web elements with id: 'Object Repository/ANEF_Eloignement_V_Nawres/Page_Formulaire_Creation_Dossier/Onglet_Dossier_Etranger' located by 'By.xpath: /html/body/app-root/app-layout-borderless/div[3]/app-prise-mesure/div/app-dsfr-onglet-tab/div/ul/li[1]/button' in '1' second(s)

14-02-2025T14:41:10 - [MESSAGE][PASSED] - Object 'Object Repository/ANEF_Eloignement_V_Nawres/Page_Formulaire_Creation_Dossier/Onglet_Dossier_Etranger' is present

14-02-2025T14:41:10 - [TEST_STEP][PASSED] - verifyElementPresent(findTestObject("Object Repository/ANEF_Eloignement_V_Nawres/Page_Formulaire_Creation_Dossier/Formulaire_Creation_Dossier_Accordeon/lbl_Numero_Etranger"), 1, STOP_ON_FAILURE): Object 'Object Repository/ANEF_Eloignement_V_Nawres/Page_Formulaire_Creation_Dossier/Formulaire_Creation_Dossier_Accordeon/lbl_Numero_Etranger' is present

14-02-2025T14:41:10 - [MESSAGE][INFO] - Finding Test Object 'Object Repository/ANEF_Eloignement_V_Nawres/Page_Formulaire_Creation_Dossier/Formulaire_Creation_Dossier_Accordeon/lbl_Numero_Etranger'

14-02-2025T14:41:10 - [MESSAGE][INFO] - Checking object

14-02-2025T14:41:10 - [MESSAGE][INFO] - Finding web element from Test Object's properties

14-02-2025T14:41:10 - [MESSAGE][INFO] - Checking timeout

14-02-2025T14:41:10 - [MESSAGE][INFO] - Finding web element with id: 'Object Repository/ANEF_Eloignement_V_Nawres/Page_Formulaire_Creation_Dossier/Formulaire_Creation_Dossier_Accordeon/lbl_Numero_Etranger' located by 'By.xpath: /html/body/app-root/app-layout-borderless/div[3]/app-prise-mesure/div/app-dsfr-onglet-tab/div/div[1]/app-fiche-etranger/div/div[2]/section[1]/div/div/div[1]/label' in '1' second(s)

14-02-2025T14:41:10 - [MESSAGE][INFO] - Found 1 web elements with id: 'Object Repository/ANEF_Eloignement_V_Nawres/Page_Formulaire_Creation_Dossier/Formulaire_Creation_Dossier_Accordeon/lbl_Numero_Etranger' located by 'By.xpath: /html/body/app-root/app-layout-borderless/div[3]/app-prise-mesure/div/app-dsfr-onglet-tab/div/div[1]/app-fiche-etranger/div/div[2]/section[1]/div/div/div[1]/label' in '1' second(s)

14-02-2025T14:41:10 - [MESSAGE][PASSED] - Object 'Object Repository/ANEF_Eloignement_V_Nawres/Page_Formulaire_Creation_Dossier/Formulaire_Creation_Dossier_Accordeon/lbl_Numero_Etranger' is present

14-02-2025T14:41:10 - [TEST_STEP][PASSED] - verifyElementPresent(findTestObject("Object Repository/ANEF_Eloignement_V_Nawres/Page_Formulaire_Creation_Dossier/Formulaire_Creation_Dossier_Accordeon/lbl_Prefecture_Gestionnaire"), 1, STOP_ON_FAILURE): Object 'Object Repository/ANEF_Eloignement_V_Nawres/Page_Formulaire_Creation_Dossier/Formulaire_Creation_Dossier_Accordeon/lbl_Prefecture_Gestionnaire' is present

14-02-2025T14:41:10 - [MESSAGE][INFO] - Finding Test Object 'Object Repository/ANEF_Eloignement_V_Nawres/Page_Formulaire_Creation_Dossier/Formulaire_Creation_Dossier_Accordeon/lbl_Prefecture_Gestionnaire'

14-02-2025T14:41:10 - [MESSAGE][INFO] - Checking object

14-02-2025T14:41:10 - [MESSAGE][INFO] - Finding web element from Test Object's properties

14-02-2025T14:41:10 - [MESSAGE][INFO] - Checking timeout

14-02-2025T14:41:10 - [MESSAGE][INFO] - Finding web element with id: 'Object Repository/ANEF_Eloignement_V_Nawres/Page_Formulaire_Creation_Dossier/Formulaire_Creation_Dossier_Accordeon/lbl_Prefecture_Gestionnaire' located by 'By.xpath: /html/body/app-root/app-layout-borderless/div[3]/app-prise-mesure/div/app-dsfr-onglet-tab/div/div[1]/app-fiche-etranger/div/div[2]/section[1]/div/div/div[2]/label' in '1' second(s)

14-02-2025T14:41:10 - [MESSAGE][INFO] - Found 1 web elements with id: 'Object Repository/ANEF_Eloignement_V_Nawres/Page_Formulaire_Creation_Dossier/Formulaire_Creation_Dossier_Accordeon/lbl_Prefecture_Gestionnaire' located by 'By.xpath: /html/body/app-root/app-layout-borderless/div[3]/app-prise-mesure/div/app-dsfr-onglet-tab/div/div[1]/app-fiche-etranger/div/div[2]/section[1]/div/div/div[2]/label' in '1' second(s)

14-02-2025T14:41:10 - [MESSAGE][PASSED] - Object 'Object Repository/ANEF_Eloignement_V_Nawres/Page_Formulaire_Creation_Dossier/Formulaire_Creation_Dossier_Accordeon/lbl_Prefecture_Gestionnaire' is present

14-02-2025T14:41:10 - [TEST_STEP][PASSED] - verifyElementPresent(findTestObject("Object Repository/ANEF_Eloignement_V_Nawres/Page_Formulaire_Creation_Dossier/Formulaire_Creation_Dossier_Accordeon/lbl_Derniere_Modification"), 1, STOP_ON_FAILURE): Object 'Object Repository/ANEF_Eloignement_V_Nawres/Page_Formulaire_Creation_Dossier/Formulaire_Creation_Dossier_Accordeon/lbl_Derniere_Modification' is present

14-02-2025T14:41:10 - [MESSAGE][INFO] - Finding Test Object 'Object Repository/ANEF_Eloignement_V_Nawres/Page_Formulaire_Creation_Dossier/Formulaire_Creation_Dossier_Accordeon/lbl_Derniere_Modification'

14-02-2025T14:41:10 - [MESSAGE][INFO] - Checking object

14-02-2025T14:41:10 - [MESSAGE][INFO] - Finding web element from Test Object's properties

14-02-2025T14:41:10 - [MESSAGE][INFO] - Checking timeout

14-02-2025T14:41:10 - [MESSAGE][INFO] - Finding web element with id: 'Object Repository/ANEF_Eloignement_V_Nawres/Page_Formulaire_Creation_Dossier/Formulaire_Creation_Dossier_Accordeon/lbl_Derniere_Modification' located by 'By.xpath: /html/body/app-root/app-layout-borderless/div[3]/app-prise-mesure/div/app-dsfr-onglet-tab/div/div[1]/app-fiche-etranger/div/div[2]/section[1]/div/div/div[3]/label' in '1' second(s)

14-02-2025T14:41:10 - [MESSAGE][INFO] - Found 1 web elements with id: 'Object Repository/ANEF_Eloignement_V_Nawres/Page_Formulaire_Creation_Dossier/Formulaire_Creation_Dossier_Accordeon/lbl_Derniere_Modification' located by 'By.xpath: /html/body/app-root/app-layout-borderless/div[3]/app-prise-mesure/div/app-dsfr-onglet-tab/div/div[1]/app-fiche-etranger/div/div[2]/section[1]/div/div/div[3]/label' in '1' second(s)

14-02-2025T14:41:10 - [MESSAGE][PASSED] - Object 'Object Repository/ANEF_Eloignement_V_Nawres/Page_Formulaire_Creation_Dossier/Formulaire_Creation_Dossier_Accordeon/lbl_Derniere_Modification' is present

14-02-2025T14:41:10 - [TEST_STEP][PASSED] - verifyElementPresent(findTestObject("Object Repository/ANEF_Eloignement_V_Nawres/Page_Formulaire_Creation_Dossier/Formulaire_Creation_Dossier_Accordeon/Acc_ Reference_Du_Dossier"), 1, STOP_ON_FAILURE): Object 'Object Repository/ANEF_Eloignement_V_Nawres/Page_Formulaire_Creation_Dossier/Formulaire_Creation_Dossier_Accordeon/Acc_ Reference_Du_Dossier' is present

14-02-2025T14:41:10 - [MESSAGE][INFO] - Finding Test Object 'Object Repository/ANEF_Eloignement_V_Nawres/Page_Formulaire_Creation_Dossier/Formulaire_Creation_Dossier_Accordeon/Acc_ Reference_Du_Dossier'

14-02-2025T14:41:10 - [MESSAGE][INFO] - Checking object

14-02-2025T14:41:10 - [MESSAGE][INFO] - Finding web element from Test Object's properties

14-02-2025T14:41:10 - [MESSAGE][INFO] - Checking timeout

14-02-2025T14:41:10 - [MESSAGE][INFO] - Finding web element with id: 'Object Repository/ANEF_Eloignement_V_Nawres/Page_Formulaire_Creation_Dossier/Formulaire_Creation_Dossier_Accordeon/Acc_ Reference_Du_Dossier' located by 'By.xpath: /html/body/app-root/app-layout-borderless/div[3]/app-prise-mesure/div/app-dsfr-onglet-tab/div/div[1]/app-fiche-etranger/div/div[2]/section[2]/div[1]/app-accordeon-reference-dossier/section/h3/button' in '1' second(s)

14-02-2025T14:41:10 - [MESSAGE][INFO] - Found 1 web elements with id: 'Object Repository/ANEF_Eloignement_V_Nawres/Page_Formulaire_Creation_Dossier/Formulaire_Creation_Dossier_Accordeon/Acc_ Reference_Du_Dossier' located by 'By.xpath: /html/body/app-root/app-layout-borderless/div[3]/app-prise-mesure/div/app-dsfr-onglet-tab/div/div[1]/app-fiche-etranger/div/div[2]/section[2]/div[1]/app-accordeon-reference-dossier/section/h3/button' in '1' second(s)

14-02-2025T14:41:10 - [MESSAGE][PASSED] - Object 'Object Repository/ANEF_Eloignement_V_Nawres/Page_Formulaire_Creation_Dossier/Formulaire_Creation_Dossier_Accordeon/Acc_ Reference_Du_Dossier' is present

14-02-2025T14:41:10 - [TEST_STEP][PASSED] - verifyElementPresent(findTestObject("Object Repository/ANEF_Eloignement_V_Nawres/Page_Formulaire_Creation_Dossier/Formulaire_Creation_Dossier_Menu/Menu_Reference_Du_Dossier"), 1, STOP_ON_FAILURE): Object 'Object Repository/ANEF_Eloignement_V_Nawres/Page_Formulaire_Creation_Dossier/Formulaire_Creation_Dossier_Menu/Menu_Reference_Du_Dossier' is present

14-02-2025T14:41:10 - [MESSAGE][INFO] - Finding Test Object 'Object Repository/ANEF_Eloignement_V_Nawres/Page_Formulaire_Creation_Dossier/Formulaire_Creation_Dossier_Menu/Menu_Reference_Du_Dossier'

14-02-2025T14:41:10 - [MESSAGE][INFO] - Checking object

14-02-2025T14:41:10 - [MESSAGE][INFO] - Finding web element from Test Object's properties

14-02-2025T14:41:10 - [MESSAGE][INFO] - Checking timeout

14-02-2025T14:41:10 - [MESSAGE][INFO] - Finding web element with id: 'Object Repository/ANEF_Eloignement_V_Nawres/Page_Formulaire_Creation_Dossier/Formulaire_Creation_Dossier_Menu/Menu_Reference_Du_Dossier' located by 'By.xpath: /html/body/app-root/app-layout-borderless/div[3]/app-prise-mesure/div/app-dsfr-onglet-tab/div/div[1]/app-fiche-etranger/div/div[1]/app-dsfr-sidemenu/nav/div/div/ul[1]/li/a' in '1' second(s)

14-02-2025T14:41:10 - [MESSAGE][INFO] - Found 1 web elements with id: 'Object Repository/ANEF_Eloignement_V_Nawres/Page_Formulaire_Creation_Dossier/Formulaire_Creation_Dossier_Menu/Menu_Reference_Du_Dossier' located by 'By.xpath: /html/body/app-root/app-layout-borderless/div[3]/app-prise-mesure/div/app-dsfr-onglet-tab/div/div[1]/app-fiche-etranger/div/div[1]/app-dsfr-sidemenu/nav/div/div/ul[1]/li/a' in '1' second(s)

14-02-2025T14:41:10 - [MESSAGE][PASSED] - Object 'Object Repository/ANEF_Eloignement_V_Nawres/Page_Formulaire_Creation_Dossier/Formulaire_Creation_Dossier_Menu/Menu_Reference_Du_Dossier' is present

14-02-2025T14:41:10 - [TEST_STEP][PASSED] - verifyElementPresent(findTestObject("Object Repository/ANEF_Eloignement_V_Nawres/Page_Formulaire_Creation_Dossier/Formulaire_Creation_Dossier_Input/input_Numero_De_Dossier_FPR"), 1, STOP_ON_FAILURE): Object 'Object Repository/ANEF_Eloignement_V_Nawres/Page_Formulaire_Creation_Dossier/Formulaire_Creation_Dossier_Input/input_Numero_De_Dossier_FPR' is present

14-02-2025T14:41:10 - [MESSAGE][INFO] - Finding Test Object 'Object Repository/ANEF_Eloignement_V_Nawres/Page_Formulaire_Creation_Dossier/Formulaire_Creation_Dossier_Input/input_Numero_De_Dossier_FPR'

14-02-2025T14:41:10 - [MESSAGE][INFO] - Checking object

14-02-2025T14:41:10 - [MESSAGE][INFO] - Finding web element from Test Object's properties

14-02-2025T14:41:10 - [MESSAGE][INFO] - Checking timeout

14-02-2025T14:41:10 - [MESSAGE][INFO] - Finding web element with id: 'Object Repository/ANEF_Eloignement_V_Nawres/Page_Formulaire_Creation_Dossier/Formulaire_Creation_Dossier_Input/input_Numero_De_Dossier_FPR' located by 'By.xpath: /html/body/app-root/app-layout-borderless/div[3]/app-prise-mesure/div/app-dsfr-onglet-tab/div/div[1]/app-fiche-etranger/div/div[2]/section[2]/div[1]/app-accordeon-reference-dossier/section/div/form/div/div/div/div[2]/app-dsfr-input/div/input' in '1' second(s)

14-02-2025T14:41:10 - [MESSAGE][INFO] - Found 1 web elements with id: 'Object Repository/ANEF_Eloignement_V_Nawres/Page_Formulaire_Creation_Dossier/Formulaire_Creation_Dossier_Input/input_Numero_De_Dossier_FPR' located by 'By.xpath: /html/body/app-root/app-layout-borderless/div[3]/app-prise-mesure/div/app-dsfr-onglet-tab/div/div[1]/app-fiche-etranger/div/div[2]/section[2]/div[1]/app-accordeon-reference-dossier/section/div/form/div/div/div/div[2]/app-dsfr-input/div/input' in '1' second(s)

14-02-2025T14:41:10 - [MESSAGE][PASSED] - Object 'Object Repository/ANEF_Eloignement_V_Nawres/Page_Formulaire_Creation_Dossier/Formulaire_Creation_Dossier_Input/input_Numero_De_Dossier_FPR' is present

14-02-2025T14:41:10 - [TEST_STEP][PASSED] - verifyElementPresent(findTestObject("Object Repository/ANEF_Eloignement_V_Nawres/Page_Formulaire_Creation_Dossier/Formulaire_Creation_Dossier_Input/input_Numero_Dossier_Interne"), 1, STOP_ON_FAILURE): Object 'Object Repository/ANEF_Eloignement_V_Nawres/Page_Formulaire_Creation_Dossier/Formulaire_Creation_Dossier_Input/input_Numero_Dossier_Interne' is present

14-02-2025T14:41:10 - [MESSAGE][INFO] - Finding Test Object 'Object Repository/ANEF_Eloignement_V_Nawres/Page_Formulaire_Creation_Dossier/Formulaire_Creation_Dossier_Input/input_Numero_Dossier_Interne'

14-02-2025T14:41:10 - [MESSAGE][INFO] - Checking object

14-02-2025T14:41:10 - [MESSAGE][INFO] - Finding web element from Test Object's properties

14-02-2025T14:41:10 - [MESSAGE][INFO] - Checking timeout

14-02-2025T14:41:10 - [MESSAGE][INFO] - Finding web element with id: 'Object Repository/ANEF_Eloignement_V_Nawres/Page_Formulaire_Creation_Dossier/Formulaire_Creation_Dossier_Input/input_Numero_Dossier_Interne' located by 'By.xpath: //*[@id="numero_dossier_interne"]' in '1' second(s)

14-02-2025T14:41:10 - [MESSAGE][INFO] - Found 1 web elements with id: 'Object Repository/ANEF_Eloignement_V_Nawres/Page_Formulaire_Creation_Dossier/Formulaire_Creation_Dossier_Input/input_Numero_Dossier_Interne' located by 'By.xpath: //*[@id="numero_dossier_interne"]' in '1' second(s)

14-02-2025T14:41:10 - [MESSAGE][PASSED] - Object 'Object Repository/ANEF_Eloignement_V_Nawres/Page_Formulaire_Creation_Dossier/Formulaire_Creation_Dossier_Input/input_Numero_Dossier_Interne' is present

14-02-2025T14:41:10 - [TEST_STEP][PASSED] - verifyElementPresent(findTestObject("Object Repository/ANEF_Eloignement_V_Nawres/Page_Formulaire_Creation_Dossier/Formulaire_Creation_Dossier_Accordeon/Acc_Etat_Civil"), 1, STOP_ON_FAILURE): Object 'Object Repository/ANEF_Eloignement_V_Nawres/Page_Formulaire_Creation_Dossier/Formulaire_Creation_Dossier_Accordeon/Acc_Etat_Civil' is present

14-02-2025T14:41:10 - [MESSAGE][INFO] - Finding Test Object 'Object Repository/ANEF_Eloignement_V_Nawres/Page_Formulaire_Creation_Dossier/Formulaire_Creation_Dossier_Accordeon/Acc_Etat_Civil'

14-02-2025T14:41:10 - [MESSAGE][INFO] - Checking object

14-02-2025T14:41:10 - [MESSAGE][INFO] - Finding web element from Test Object's properties

14-02-2025T14:41:10 - [MESSAGE][INFO] - Checking timeout

14-02-2025T14:41:10 - [MESSAGE][INFO] - Finding web element with id: 'Object Repository/ANEF_Eloignement_V_Nawres/Page_Formulaire_Creation_Dossier/Formulaire_Creation_Dossier_Accordeon/Acc_Etat_Civil' located by 'By.xpath: //*[@id="accordeon-fiche-etat-civil"]/section/h3/button[contains(text(),"Ã‰tat civil")]' in '1' second(s)

14-02-2025T14:41:10 - [MESSAGE][INFO] - Found 1 web elements with id: 'Object Repository/ANEF_Eloignement_V_Nawres/Page_Formulaire_Creation_Dossier/Formulaire_Creation_Dossier_Accordeon/Acc_Etat_Civil' located by 'By.xpath: //*[@id="accordeon-fiche-etat-civil"]/section/h3/button[contains(text(),"Ã‰tat civil")]' in '1' second(s)

14-02-2025T14:41:10 - [MESSAGE][PASSED] - Object 'Object Repository/ANEF_Eloignement_V_Nawres/Page_Formulaire_Creation_Dossier/Formulaire_Creation_Dossier_Accordeon/Acc_Etat_Civil' is present

14-02-2025T14:41:10 - [TEST_STEP][PASSED] - verifyElementPresent(findTestObject("Object Repository/ANEF_Eloignement_V_Nawres/Page_Formulaire_Creation_Dossier/Formulaire_Creation_Dossier_Menu/Menu_Fiche_Etat_Civil"), 1, STOP_ON_FAILURE): Object 'Object Repository/ANEF_Eloignement_V_Nawres/Page_Formulaire_Creation_Dossier/Formulaire_Creation_Dossier_Menu/Menu_Fiche_Etat_Civil' is present

14-02-2025T14:41:10 - [MESSAGE][INFO] - Finding Test Object 'Object Repository/ANEF_Eloignement_V_Nawres/Page_Formulaire_Creation_Dossier/Formulaire_Creation_Dossier_Menu/Menu_Fiche_Etat_Civil'

14-02-2025T14:41:10 - [MESSAGE][INFO] - Checking object

14-02-2025T14:41:10 - [MESSAGE][INFO] - Finding web element from Test Object's properties

14-02-2025T14:41:10 - [MESSAGE][INFO] - Checking timeout

14-02-2025T14:41:10 - [MESSAGE][INFO] - Finding web element with id: 'Object Repository/ANEF_Eloignement_V_Nawres/Page_Formulaire_Creation_Dossier/Formulaire_Creation_Dossier_Menu/Menu_Fiche_Etat_Civil' located by 'By.xpath: /html/body/app-root/app-layout-borderless/div[3]/app-prise-mesure/div/app-dsfr-onglet-tab/div/div[1]/app-fiche-etranger/div/div[1]/app-dsfr-sidemenu/nav/div/div/ul[2]/li/a' in '1' second(s)

14-02-2025T14:41:10 - [MESSAGE][INFO] - Found 1 web elements with id: 'Object Repository/ANEF_Eloignement_V_Nawres/Page_Formulaire_Creation_Dossier/Formulaire_Creation_Dossier_Menu/Menu_Fiche_Etat_Civil' located by 'By.xpath: /html/body/app-root/app-layout-borderless/div[3]/app-prise-mesure/div/app-dsfr-onglet-tab/div/div[1]/app-fiche-etranger/div/div[1]/app-dsfr-sidemenu/nav/div/div/ul[2]/li/a' in '1' second(s)

14-02-2025T14:41:10 - [MESSAGE][PASSED] - Object 'Object Repository/ANEF_Eloignement_V_Nawres/Page_Formulaire_Creation_Dossier/Formulaire_Creation_Dossier_Menu/Menu_Fiche_Etat_Civil' is present

14-02-2025T14:41:10 - [TEST_STEP][PASSED] - verifyElementPresent(findTestObject("Object Repository/ANEF_Eloignement_V_Nawres/Page_Formulaire_Creation_Dossier/Formulaire_Creation_Dossier_Menu/Menu_Biometrie"), 1, STOP_ON_FAILURE): Object 'Object Repository/ANEF_Eloignement_V_Nawres/Page_Formulaire_Creation_Dossier/Formulaire_Creation_Dossier_Menu/Menu_Biometrie' is present

14-02-2025T14:41:10 - [MESSAGE][INFO] - Finding Test Object 'Object Repository/ANEF_Eloignement_V_Nawres/Page_Formulaire_Creation_Dossier/Formulaire_Creation_Dossier_Menu/Menu_Biometrie'

14-02-2025T14:41:10 - [MESSAGE][INFO] - Checking object

14-02-2025T14:41:10 - [MESSAGE][INFO] - Finding web element from Test Object's properties

14-02-2025T14:41:10 - [MESSAGE][INFO] - Checking timeout

14-02-2025T14:41:10 - [MESSAGE][INFO] - Finding web element with id: 'Object Repository/ANEF_Eloignement_V_Nawres/Page_Formulaire_Creation_Dossier/Formulaire_Creation_Dossier_Menu/Menu_Biometrie' located by 'By.xpath: /html/body/app-root/app-layout-borderless/div[3]/app-prise-mesure/div/app-dsfr-onglet-tab/div/div[1]/app-fiche-etranger/div/div[1]/app-dsfr-sidemenu/nav/div/div/ul[3]/li' in '1' second(s)

14-02-2025T14:41:10 - [MESSAGE][INFO] - Found 1 web elements with id: 'Object Repository/ANEF_Eloignement_V_Nawres/Page_Formulaire_Creation_Dossier/Formulaire_Creation_Dossier_Menu/Menu_Biometrie' located by 'By.xpath: /html/body/app-root/app-layout-borderless/div[3]/app-prise-mesure/div/app-dsfr-onglet-tab/div/div[1]/app-fiche-etranger/div/div[1]/app-dsfr-sidemenu/nav/div/div/ul[3]/li' in '1' second(s)

14-02-2025T14:41:10 - [MESSAGE][PASSED] - Object 'Object Repository/ANEF_Eloignement_V_Nawres/Page_Formulaire_Creation_Dossier/Formulaire_Creation_Dossier_Menu/Menu_Biometrie' is present

14-02-2025T14:41:10 - [TEST_STEP][PASSED] - verifyElementPresent(findTestObject("Object Repository/ANEF_Eloignement_V_Nawres/Page_Formulaire_Creation_Dossier/Formulaire_Creation_Dossier_Accordeon/Acc_ Conditions_D_Entree_En_France"), 1, STOP_ON_FAILURE): Object 'Object Repository/ANEF_Eloignement_V_Nawres/Page_Formulaire_Creation_Dossier/Formulaire_Creation_Dossier_Accordeon/Acc_ Conditions_D_Entree_En_France' is present

14-02-2025T14:41:10 - [MESSAGE][INFO] - Finding Test Object 'Object Repository/ANEF_Eloignement_V_Nawres/Page_Formulaire_Creation_Dossier/Formulaire_Creation_Dossier_Accordeon/Acc_ Conditions_D_Entree_En_France'

14-02-2025T14:41:10 - [MESSAGE][INFO] - Checking object

14-02-2025T14:41:10 - [MESSAGE][INFO] - Finding web element from Test Object's properties

14-02-2025T14:41:10 - [MESSAGE][INFO] - Checking timeout

14-02-2025T14:41:10 - [MESSAGE][INFO] - Finding web element with id: 'Object Repository/ANEF_Eloignement_V_Nawres/Page_Formulaire_Creation_Dossier/Formulaire_Creation_Dossier_Accordeon/Acc_ Conditions_D_Entree_En_France' located by 'By.xpath: //*[@id="accordeon-condition-entree-france"]/section/h3/button' in '1' second(s)

14-02-2025T14:41:10 - [MESSAGE][INFO] - Found 1 web elements with id: 'Object Repository/ANEF_Eloignement_V_Nawres/Page_Formulaire_Creation_Dossier/Formulaire_Creation_Dossier_Accordeon/Acc_ Conditions_D_Entree_En_France' located by 'By.xpath: //*[@id="accordeon-condition-entree-france"]/section/h3/button' in '1' second(s)

14-02-2025T14:41:10 - [MESSAGE][PASSED] - Object 'Object Repository/ANEF_Eloignement_V_Nawres/Page_Formulaire_Creation_Dossier/Formulaire_Creation_Dossier_Accordeon/Acc_ Conditions_D_Entree_En_France' is present

14-02-2025T14:41:10 - [TEST_STEP][PASSED] - verifyElementPresent(findTestObject("Object Repository/ANEF_Eloignement_V_Nawres/Page_Formulaire_Creation_Dossier/Formulaire_Creation_Dossier_Accordeon/Acc_ Conditions_D_Entree_En_France"), 1, STOP_ON_FAILURE): Object 'Object Repository/ANEF_Eloignement_V_Nawres/Page_Formulaire_Creation_Dossier/Formulaire_Creation_Dossier_Accordeon/Acc_ Conditions_D_Entree_En_France' is present

14-02-2025T14:41:10 - [MESSAGE][INFO] - Finding Test Object 'Object Repository/ANEF_Eloignement_V_Nawres/Page_Formulaire_Creation_Dossier/Formulaire_Creation_Dossier_Accordeon/Acc_ Conditions_D_Entree_En_France'

14-02-2025T14:41:10 - [MESSAGE][INFO] - Checking object

14-02-2025T14:41:10 - [MESSAGE][INFO] - Finding web element from Test Object's properties

14-02-2025T14:41:10 - [MESSAGE][INFO] - Checking timeout

14-02-2025T14:41:10 - [MESSAGE][INFO] - Finding web element with id: 'Object Repository/ANEF_Eloignement_V_Nawres/Page_Formulaire_Creation_Dossier/Formulaire_Creation_Dossier_Accordeon/Acc_ Conditions_D_Entree_En_France' located by 'By.xpath: //*[@id="accordeon-condition-entree-france"]/section/h3/button' in '1' second(s)

14-02-2025T14:41:10 - [MESSAGE][INFO] - Found 1 web elements with id: 'Object Repository/ANEF_Eloignement_V_Nawres/Page_Formulaire_Creation_Dossier/Formulaire_Creation_Dossier_Accordeon/Acc_ Conditions_D_Entree_En_France' located by 'By.xpath: //*[@id="accordeon-condition-entree-france"]/section/h3/button' in '1' second(s)

14-02-2025T14:41:10 - [MESSAGE][PASSED] - Object 'Object Repository/ANEF_Eloignement_V_Nawres/Page_Formulaire_Creation_Dossier/Formulaire_Creation_Dossier_Accordeon/Acc_ Conditions_D_Entree_En_France' is present

14-02-2025T14:41:10 - [TEST_STEP][PASSED] - verifyElementPresent(findTestObject("Object Repository/ANEF_Eloignement_V_Nawres/Page_Formulaire_Creation_Dossier/Formulaire_Creation_Dossier_Menu/Menu_Antecedents_Administratifs"), 1, STOP_ON_FAILURE): Object 'Object Repository/ANEF_Eloignement_V_Nawres/Page_Formulaire_Creation_Dossier/Formulaire_Creation_Dossier_Menu/Menu_Antecedents_Administratifs' is present

14-02-2025T14:41:10 - [MESSAGE][INFO] - Finding Test Object 'Object Repository/ANEF_Eloignement_V_Nawres/Page_Formulaire_Creation_Dossier/Formulaire_Creation_Dossier_Menu/Menu_Antecedents_Administratifs'

14-02-2025T14:41:10 - [MESSAGE][INFO] - Checking object

14-02-2025T14:41:10 - [MESSAGE][INFO] - Finding web element from Test Object's properties

14-02-2025T14:41:10 - [MESSAGE][INFO] - Checking timeout

14-02-2025T14:41:10 - [MESSAGE][INFO] - Finding web element with id: 'Object Repository/ANEF_Eloignement_V_Nawres/Page_Formulaire_Creation_Dossier/Formulaire_Creation_Dossier_Menu/Menu_Antecedents_Administratifs' located by 'By.xpath: /html/body/app-root/app-layout-borderless/div[3]/app-prise-mesure/div/app-dsfr-onglet-tab/div/div[1]/app-fiche-etranger/div/div[1]/app-dsfr-sidemenu/nav/div/div/ul[6]/li/a' in '1' second(s)

14-02-2025T14:41:10 - [MESSAGE][INFO] - Found 1 web elements with id: 'Object Repository/ANEF_Eloignement_V_Nawres/Page_Formulaire_Creation_Dossier/Formulaire_Creation_Dossier_Menu/Menu_Antecedents_Administratifs' located by 'By.xpath: /html/body/app-root/app-layout-borderless/div[3]/app-prise-mesure/div/app-dsfr-onglet-tab/div/div[1]/app-fiche-etranger/div/div[1]/app-dsfr-sidemenu/nav/div/div/ul[6]/li/a' in '1' second(s)

14-02-2025T14:41:10 - [MESSAGE][PASSED] - Object 'Object Repository/ANEF_Eloignement_V_Nawres/Page_Formulaire_Creation_Dossier/Formulaire_Creation_Dossier_Menu/Menu_Antecedents_Administratifs' is present

14-02-2025T14:41:10 - [TEST_STEP][PASSED] - verifyElementPresent(findTestObject("Object Repository/ANEF_Eloignement_V_Nawres/Page_Formulaire_Creation_Dossier/Formulaire_Creation_Dossier_Accordeon/Acc_Documents_De_Voyage"), 1, STOP_ON_FAILURE): Object 'Object Repository/ANEF_Eloignement_V_Nawres/Page_Formulaire_Creation_Dossier/Formulaire_Creation_Dossier_Accordeon/Acc_Documents_De_Voyage' is present

14-02-2025T14:41:10 - [MESSAGE][INFO] - Finding Test Object 'Object Repository/ANEF_Eloignement_V_Nawres/Page_Formulaire_Creation_Dossier/Formulaire_Creation_Dossier_Accordeon/Acc_Documents_De_Voyage'

14-02-2025T14:41:10 - [MESSAGE][INFO] - Checking object

14-02-2025T14:41:10 - [MESSAGE][INFO] - Finding web element from Test Object's properties

14-02-2025T14:41:10 - [MESSAGE][INFO] - Checking timeout

14-02-2025T14:41:10 - [MESSAGE][INFO] - Finding web element with id: 'Object Repository/ANEF_Eloignement_V_Nawres/Page_Formulaire_Creation_Dossier/Formulaire_Creation_Dossier_Accordeon/Acc_Documents_De_Voyage' located by 'By.xpath: //*[@id="documents_de_voyage"]/app-accordeon-documents-de-voyage/section/h3/button|//*[@id="accordeon-documents-de-voyage"]/section/h3/button' in '1' second(s)

14-02-2025T14:41:10 - [MESSAGE][INFO] - Found 1 web elements with id: 'Object Repository/ANEF_Eloignement_V_Nawres/Page_Formulaire_Creation_Dossier/Formulaire_Creation_Dossier_Accordeon/Acc_Documents_De_Voyage' located by 'By.xpath: //*[@id="documents_de_voyage"]/app-accordeon-documents-de-voyage/section/h3/button|//*[@id="accordeon-documents-de-voyage"]/section/h3/button' in '1' second(s)

14-02-2025T14:41:10 - [MESSAGE][PASSED] - Object 'Object Repository/ANEF_Eloignement_V_Nawres/Page_Formulaire_Creation_Dossier/Formulaire_Creation_Dossier_Accordeon/Acc_Documents_De_Voyage' is present

14-02-2025T14:41:10 - [TEST_STEP][PASSED] - verifyElementPresent(findTestObject("Object Repository/ANEF_Eloignement_V_Nawres/Page_Formulaire_Creation_Dossier/Formulaire_Creation_Dossier_Menu/Menu_Documents_De_Voyage"), 1, STOP_ON_FAILURE): Object 'Object Repository/ANEF_Eloignement_V_Nawres/Page_Formulaire_Creation_Dossier/Formulaire_Creation_Dossier_Menu/Menu_Documents_De_Voyage' is present

14-02-2025T14:41:10 - [MESSAGE][INFO] - Finding Test Object 'Object Repository/ANEF_Eloignement_V_Nawres/Page_Formulaire_Creation_Dossier/Formulaire_Creation_Dossier_Menu/Menu_Documents_De_Voyage'

14-02-2025T14:41:10 - [MESSAGE][INFO] - Checking object

14-02-2025T14:41:10 - [MESSAGE][INFO] - Finding web element from Test Object's properties

14-02-2025T14:41:10 - [MESSAGE][INFO] - Checking timeout

14-02-2025T14:41:10 - [MESSAGE][INFO] - Finding web element with id: 'Object Repository/ANEF_Eloignement_V_Nawres/Page_Formulaire_Creation_Dossier/Formulaire_Creation_Dossier_Menu/Menu_Documents_De_Voyage' located by 'By.xpath: /html/body/app-root/app-layout-borderless/div[3]/app-prise-mesure/div/app-dsfr-onglet-tab/div/div[1]/app-fiche-etranger/div/div[1]/app-dsfr-sidemenu/nav/div/div/ul[7]/li/a' in '1' second(s)

14-02-2025T14:41:10 - [MESSAGE][INFO] - Found 1 web elements with id: 'Object Repository/ANEF_Eloignement_V_Nawres/Page_Formulaire_Creation_Dossier/Formulaire_Creation_Dossier_Menu/Menu_Documents_De_Voyage' located by 'By.xpath: /html/body/app-root/app-layout-borderless/div[3]/app-prise-mesure/div/app-dsfr-onglet-tab/div/div[1]/app-fiche-etranger/div/div[1]/app-dsfr-sidemenu/nav/div/div/ul[7]/li/a' in '1' second(s)

14-02-2025T14:41:10 - [MESSAGE][PASSED] - Object 'Object Repository/ANEF_Eloignement_V_Nawres/Page_Formulaire_Creation_Dossier/Formulaire_Creation_Dossier_Menu/Menu_Documents_De_Voyage' is present

14-02-2025T14:41:10 - [TEST_STEP][PASSED] - verifyElementPresent(findTestObject("Object Repository/ANEF_Eloignement_V_Nawres/Page_Formulaire_Creation_Dossier/Formulaire_Creation_Dossier_Accordeon/Acc_ Sortant_D_Etablissement_Penitentiaire"), 1, STOP_ON_FAILURE): Object 'Object Repository/ANEF_Eloignement_V_Nawres/Page_Formulaire_Creation_Dossier/Formulaire_Creation_Dossier_Accordeon/Acc_ Sortant_D_Etablissement_Penitentiaire' is present

14-02-2025T14:41:10 - [MESSAGE][INFO] - Finding Test Object 'Object Repository/ANEF_Eloignement_V_Nawres/Page_Formulaire_Creation_Dossier/Formulaire_Creation_Dossier_Accordeon/Acc_ Sortant_D_Etablissement_Penitentiaire'

14-02-2025T14:41:10 - [MESSAGE][INFO] - Checking object

14-02-2025T14:41:10 - [MESSAGE][INFO] - Finding web element from Test Object's properties

14-02-2025T14:41:10 - [MESSAGE][INFO] - Checking timeout

14-02-2025T14:41:10 - [MESSAGE][INFO] - Finding web element with id: 'Object Repository/ANEF_Eloignement_V_Nawres/Page_Formulaire_Creation_Dossier/Formulaire_Creation_Dossier_Accordeon/Acc_ Sortant_D_Etablissement_Penitentiaire' located by 'By.xpath: //*[@id="sortant_etablissement_penitentiaire"]/app-accordeaon-sortant-etablissement-penitentiaire/section/h3/button|//*[@id="sortant_etablissement_penitentiaire"]/app-accordeaon-sortant-etablissement-penitentiaire/section/h3/button' in '1' second(s)

14-02-2025T14:41:10 - [MESSAGE][INFO] - Found 1 web elements with id: 'Object Repository/ANEF_Eloignement_V_Nawres/Page_Formulaire_Creation_Dossier/Formulaire_Creation_Dossier_Accordeon/Acc_ Sortant_D_Etablissement_Penitentiaire' located by 'By.xpath: //*[@id="sortant_etablissement_penitentiaire"]/app-accordeaon-sortant-etablissement-penitentiaire/section/h3/button|//*[@id="sortant_etablissement_penitentiaire"]/app-accordeaon-sortant-etablissement-penitentiaire/section/h3/button' in '1' second(s)

14-02-2025T14:41:10 - [MESSAGE][PASSED] - Object 'Object Repository/ANEF_Eloignement_V_Nawres/Page_Formulaire_Creation_Dossier/Formulaire_Creation_Dossier_Accordeon/Acc_ Sortant_D_Etablissement_Penitentiaire' is present

14-02-2025T14:41:10 - [TEST_STEP][PASSED] - verifyElementPresent(findTestObject("Object Repository/ANEF_Eloignement_V_Nawres/Page_Formulaire_Creation_Dossier/Formulaire_Creation_Dossier_Menu/Menu_Sortant_D_Etablissement_Penitentiaire"), 1, STOP_ON_FAILURE): Object 'Object Repository/ANEF_Eloignement_V_Nawres/Page_Formulaire_Creation_Dossier/Formulaire_Creation_Dossier_Menu/Menu_Sortant_D_Etablissement_Penitentiaire' is present

14-02-2025T14:41:10 - [MESSAGE][INFO] - Finding Test Object 'Object Repository/ANEF_Eloignement_V_Nawres/Page_Formulaire_Creation_Dossier/Formulaire_Creation_Dossier_Menu/Menu_Sortant_D_Etablissement_Penitentiaire'

14-02-2025T14:41:10 - [MESSAGE][INFO] - Checking object

14-02-2025T14:41:10 - [MESSAGE][INFO] - Finding web element from Test Object's properties

14-02-2025T14:41:10 - [MESSAGE][INFO] - Checking timeout

14-02-2025T14:41:10 - [MESSAGE][INFO] - Finding web element with id: 'Object Repository/ANEF_Eloignement_V_Nawres/Page_Formulaire_Creation_Dossier/Formulaire_Creation_Dossier_Menu/Menu_Sortant_D_Etablissement_Penitentiaire' located by 'By.xpath: /html/body/app-root/app-layout-borderless/div[3]/app-prise-mesure/div/app-dsfr-onglet-tab/div/div[1]/app-fiche-etranger/div/div[1]/app-dsfr-sidemenu/nav/div/div/ul[9]/li/a' in '1' second(s)

14-02-2025T14:41:10 - [MESSAGE][INFO] - Found 1 web elements with id: 'Object Repository/ANEF_Eloignement_V_Nawres/Page_Formulaire_Creation_Dossier/Formulaire_Creation_Dossier_Menu/Menu_Sortant_D_Etablissement_Penitentiaire' located by 'By.xpath: /html/body/app-root/app-layout-borderless/div[3]/app-prise-mesure/div/app-dsfr-onglet-tab/div/div[1]/app-fiche-etranger/div/div[1]/app-dsfr-sidemenu/nav/div/div/ul[9]/li/a' in '1' second(s)

14-02-2025T14:41:10 - [MESSAGE][PASSED] - Object 'Object Repository/ANEF_Eloignement_V_Nawres/Page_Formulaire_Creation_Dossier/Formulaire_Creation_Dossier_Menu/Menu_Sortant_D_Etablissement_Penitentiaire' is present

14-02-2025T14:41:10 - [TEST_STEP][PASSED] - verifyElementPresent(findTestObject("Object Repository/ANEF_Eloignement_V_Nawres/Page_Formulaire_Creation_Dossier/Formulaire_Creation_Dossier_Menu/Menu_Consultations_Securitaires"), 1, STOP_ON_FAILURE): Object 'Object Repository/ANEF_Eloignement_V_Nawres/Page_Formulaire_Creation_Dossier/Formulaire_Creation_Dossier_Menu/Menu_Consultations_Securitaires' is present

14-02-2025T14:41:10 - [MESSAGE][INFO] - Finding Test Object 'Object Repository/ANEF_Eloignement_V_Nawres/Page_Formulaire_Creation_Dossier/Formulaire_Creation_Dossier_Menu/Menu_Consultations_Securitaires'

14-02-2025T14:41:10 - [MESSAGE][INFO] - Checking object

14-02-2025T14:41:10 - [MESSAGE][INFO] - Finding web element from Test Object's properties

14-02-2025T14:41:10 - [MESSAGE][INFO] - Checking timeout

14-02-2025T14:41:10 - [MESSAGE][INFO] - Finding web element with id: 'Object Repository/ANEF_Eloignement_V_Nawres/Page_Formulaire_Creation_Dossier/Formulaire_Creation_Dossier_Menu/Menu_Consultations_Securitaires' located by 'By.xpath: /html/body/app-root/app-layout-borderless/div[3]/app-prise-mesure/div/app-dsfr-onglet-tab/div/div[1]/app-fiche-etranger/div/div[1]/app-dsfr-sidemenu/nav/div/div/ul[10]/li/a' in '1' second(s)

14-02-2025T14:41:10 - [MESSAGE][INFO] - Found 1 web elements with id: 'Object Repository/ANEF_Eloignement_V_Nawres/Page_Formulaire_Creation_Dossier/Formulaire_Creation_Dossier_Menu/Menu_Consultations_Securitaires' located by 'By.xpath: /html/body/app-root/app-layout-borderless/div[3]/app-prise-mesure/div/app-dsfr-onglet-tab/div/div[1]/app-fiche-etranger/div/div[1]/app-dsfr-sidemenu/nav/div/div/ul[10]/li/a' in '1' second(s)

14-02-2025T14:41:10 - [MESSAGE][PASSED] - Object 'Object Repository/ANEF_Eloignement_V_Nawres/Page_Formulaire_Creation_Dossier/Formulaire_Creation_Dossier_Menu/Menu_Consultations_Securitaires' is present

14-02-2025T14:41:10 - [TEST_STEP][PASSED] - "Remplir les champs obligatoire du formulaire": null

14-02-2025T14:41:10 - [TEST_STEP][PASSED] - RandomNom = tools.MyStringTools.genererChaineAleatoire(5): tools.MyStringTools.genererChaineAleatoire is PASSED

14-02-2025T14:41:10 - [MESSAGE][PASSED] - tools.MyStringTools.genererChaineAleatoire is PASSED

14-02-2025T14:41:10 - [TEST_STEP][PASSED] - println(RandomNom): null

14-02-2025T14:41:10 - [TEST_STEP][PASSED] - setText(findTestObject("Object Repository/ANEF_Eloignement_V_Nawres/Page_Formulaire_Creation_Dossier/Formulaire_Creation_Dossier_Input/input_Nom"), RandomNom, STOP_ON_FAILURE): Text 'WjVbX' is set on object 'Object Repository/ANEF_Eloignement_V_Nawres/Page_Formulaire_Creation_Dossier/Formulaire_Creation_Dossier_Input/input_Nom'

14-02-2025T14:41:10 - [MESSAGE][INFO] - Finding Test Object 'Object Repository/ANEF_Eloignement_V_Nawres/Page_Formulaire_Creation_Dossier/Formulaire_Creation_Dossier_Input/input_Nom'

14-02-2025T14:41:10 - [MESSAGE][INFO] - Checking timeout

14-02-2025T14:41:10 - [MESSAGE][INFO] - Finding web element with id: 'Object Repository/ANEF_Eloignement_V_Nawres/Page_Formulaire_Creation_Dossier/Formulaire_Creation_Dossier_Input/input_Nom' located by 'By.xpath: //input[@id="nom"]' in '20' second(s)

14-02-2025T14:41:10 - [MESSAGE][INFO] - Found 1 web elements with id: 'Object Repository/ANEF_Eloignement_V_Nawres/Page_Formulaire_Creation_Dossier/Formulaire_Creation_Dossier_Input/input_Nom' located by 'By.xpath: //input[@id="nom"]' in '20' second(s)

14-02-2025T14:41:10 - [MESSAGE][INFO] - Checking object

14-02-2025T14:41:10 - [MESSAGE][INFO] - Checking text

14-02-2025T14:41:10 - [MESSAGE][INFO] - Finding web element from Test Object's properties

14-02-2025T14:41:10 - [MESSAGE][INFO] - Checking timeout

14-02-2025T14:41:10 - [MESSAGE][INFO] - Finding web element with id: 'Object Repository/ANEF_Eloignement_V_Nawres/Page_Formulaire_Creation_Dossier/Formulaire_Creation_Dossier_Input/input_Nom' located by 'By.xpath: //input[@id="nom"]' in '100' second(s)

14-02-2025T14:41:10 - [MESSAGE][INFO] - Found 1 web elements with id: 'Object Repository/ANEF_Eloignement_V_Nawres/Page_Formulaire_Creation_Dossier/Formulaire_Creation_Dossier_Input/input_Nom' located by 'By.xpath: //input[@id="nom"]' in '100' second(s)

14-02-2025T14:41:10 - [MESSAGE][INFO] - Clearing text of object 'Object Repository/ANEF_Eloignement_V_Nawres/Page_Formulaire_Creation_Dossier/Formulaire_Creation_Dossier_Input/input_Nom'

14-02-2025T14:41:11 - [MESSAGE][INFO] - Finding web element from Test Object's properties

14-02-2025T14:41:11 - [MESSAGE][INFO] - Checking timeout

14-02-2025T14:41:11 - [MESSAGE][INFO] - Finding web element with id: 'Object Repository/ANEF_Eloignement_V_Nawres/Page_Formulaire_Creation_Dossier/Formulaire_Creation_Dossier_Input/input_Nom' located by 'By.xpath: //input[@id="nom"]' in '100' second(s)

14-02-2025T14:41:12 - [MESSAGE][INFO] - Found 1 web elements with id: 'Object Repository/ANEF_Eloignement_V_Nawres/Page_Formulaire_Creation_Dossier/Formulaire_Creation_Dossier_Input/input_Nom' located by 'By.xpath: //input[@id="nom"]' in '100' second(s)

14-02-2025T14:41:12 - [MESSAGE][INFO] - Setting text of object 'Object Repository/ANEF_Eloignement_V_Nawres/Page_Formulaire_Creation_Dossier/Formulaire_Creation_Dossier_Input/input_Nom' to value 'WjVbX'

14-02-2025T14:41:13 - [MESSAGE][PASSED] - Text 'WjVbX' is set on object 'Object Repository/ANEF_Eloignement_V_Nawres/Page_Formulaire_Creation_Dossier/Formulaire_Creation_Dossier_Input/input_Nom'

14-02-2025T14:41:13 - [TEST_STEP][PASSED] - if (Sexe == "Femme"): Object: 'Object Repository/ANEF_Eloignement_V_Nawres/Page_Formulaire_Creation_Dossier/Formulaire_Creation_Dossier_Input/btn_radio_Sexe_F' is clicked on

14-02-2025T14:41:13 - [TEST_STEP][PASSED] - click(findTestObject("Object Repository/ANEF_Eloignement_V_Nawres/Page_Formulaire_Creation_Dossier/Formulaire_Creation_Dossier_Input/btn_radio_Sexe_F"), STOP_ON_FAILURE): Object: 'Object Repository/ANEF_Eloignement_V_Nawres/Page_Formulaire_Creation_Dossier/Formulaire_Creation_Dossier_Input/btn_radio_Sexe_F' is clicked on

14-02-2025T14:41:13 - [MESSAGE][INFO] - Finding Test Object 'Object Repository/ANEF_Eloignement_V_Nawres/Page_Formulaire_Creation_Dossier/Formulaire_Creation_Dossier_Input/btn_radio_Sexe_F'

14-02-2025T14:41:13 - [MESSAGE][INFO] - Checking timeout

14-02-2025T14:41:13 - [MESSAGE][INFO] - Finding web element with id: 'Object Repository/ANEF_Eloignement_V_Nawres/Page_Formulaire_Creation_Dossier/Formulaire_Creation_Dossier_Input/btn_radio_Sexe_F' located by 'By.xpath: //label[contains(text()," FÃ©minin")]' in '20' second(s)

14-02-2025T14:41:13 - [MESSAGE][INFO] - Found 1 web elements with id: 'Object Repository/ANEF_Eloignement_V_Nawres/Page_Formulaire_Creation_Dossier/Formulaire_Creation_Dossier_Input/btn_radio_Sexe_F' located by 'By.xpath: //label[contains(text()," FÃ©minin")]' in '20' second(s)

14-02-2025T14:41:13 - [MESSAGE][INFO] - Checking object

14-02-2025T14:41:13 - [MESSAGE][INFO] - Checking timeout

14-02-2025T14:41:13 - [MESSAGE][INFO] - Finding web element from Test Object's properties

14-02-2025T14:41:13 - [MESSAGE][INFO] - Checking timeout

14-02-2025T14:41:13 - [MESSAGE][INFO] - Finding web element with id: 'Object Repository/ANEF_Eloignement_V_Nawres/Page_Formulaire_Creation_Dossier/Formulaire_Creation_Dossier_Input/btn_radio_Sexe_F' located by 'By.xpath: //label[contains(text()," FÃ©minin")]' in '100' second(s)

14-02-2025T14:41:13 - [MESSAGE][INFO] - Found 1 web elements with id: 'Object Repository/ANEF_Eloignement_V_Nawres/Page_Formulaire_Creation_Dossier/Formulaire_Creation_Dossier_Input/btn_radio_Sexe_F' located by 'By.xpath: //label[contains(text()," FÃ©minin")]' in '100' second(s)

14-02-2025T14:41:13 - [MESSAGE][INFO] - Clicking on object: 'Object Repository/ANEF_Eloignement_V_Nawres/Page_Formulaire_Creation_Dossier/Formulaire_Creation_Dossier_Input/btn_radio_Sexe_F'

14-02-2025T14:41:14 - [MESSAGE][PASSED] - Object: 'Object Repository/ANEF_Eloignement_V_Nawres/Page_Formulaire_Creation_Dossier/Formulaire_Creation_Dossier_Input/btn_radio_Sexe_F' is clicked on

14-02-2025T14:41:14 - [TEST_STEP][PASSED] - if (Sexe == "Homme"): null

14-02-2025T14:41:14 - [TEST_STEP][PASSED] - click(findTestObject("Object Repository/ANEF_Eloignement_V_Nawres/Page_Formulaire_Creation_Dossier/Formulaire_Creation_Dossier_Input/btn_Radio_Date_Naissance_Approximative"), STOP_ON_FAILURE): Object: 'Object Repository/ANEF_Eloignement_V_Nawres/Page_Formulaire_Creation_Dossier/Formulaire_Creation_Dossier_Input/btn_Radio_Date_Naissance_Approximative' is clicked on

14-02-2025T14:41:14 - [MESSAGE][INFO] - Finding Test Object 'Object Repository/ANEF_Eloignement_V_Nawres/Page_Formulaire_Creation_Dossier/Formulaire_Creation_Dossier_Input/btn_Radio_Date_Naissance_Approximative'

14-02-2025T14:41:14 - [MESSAGE][INFO] - Checking timeout

14-02-2025T14:41:14 - [MESSAGE][INFO] - Finding web element with id: 'Object Repository/ANEF_Eloignement_V_Nawres/Page_Formulaire_Creation_Dossier/Formulaire_Creation_Dossier_Input/btn_Radio_Date_Naissance_Approximative' located by 'By.xpath: //label[contains(text(),' Approximative ')]' in '20' second(s)

14-02-2025T14:41:14 - [MESSAGE][INFO] - Found 1 web elements with id: 'Object Repository/ANEF_Eloignement_V_Nawres/Page_Formulaire_Creation_Dossier/Formulaire_Creation_Dossier_Input/btn_Radio_Date_Naissance_Approximative' located by 'By.xpath: //label[contains(text(),' Approximative ')]' in '20' second(s)

14-02-2025T14:41:14 - [MESSAGE][INFO] - Checking object

14-02-2025T14:41:14 - [MESSAGE][INFO] - Checking timeout

14-02-2025T14:41:14 - [MESSAGE][INFO] - Finding web element from Test Object's properties

14-02-2025T14:41:14 - [MESSAGE][INFO] - Checking timeout

14-02-2025T14:41:14 - [MESSAGE][INFO] - Finding web element with id: 'Object Repository/ANEF_Eloignement_V_Nawres/Page_Formulaire_Creation_Dossier/Formulaire_Creation_Dossier_Input/btn_Radio_Date_Naissance_Approximative' located by 'By.xpath: //label[contains(text(),' Approximative ')]' in '100' second(s)

14-02-2025T14:41:14 - [MESSAGE][INFO] - Found 1 web elements with id: 'Object Repository/ANEF_Eloignement_V_Nawres/Page_Formulaire_Creation_Dossier/Formulaire_Creation_Dossier_Input/btn_Radio_Date_Naissance_Approximative' located by 'By.xpath: //label[contains(text(),' Approximative ')]' in '100' second(s)

14-02-2025T14:41:14 - [MESSAGE][INFO] - Clicking on object: 'Object Repository/ANEF_Eloignement_V_Nawres/Page_Formulaire_Creation_Dossier/Formulaire_Creation_Dossier_Input/btn_Radio_Date_Naissance_Approximative'

14-02-2025T14:41:15 - [MESSAGE][PASSED] - Object: 'Object Repository/ANEF_Eloignement_V_Nawres/Page_Formulaire_Creation_Dossier/Formulaire_Creation_Dossier_Input/btn_Radio_Date_Naissance_Approximative' is clicked on

14-02-2025T14:41:15 - [TEST_STEP][PASSED] - setText(findTestObject("Object Repository/ANEF_Eloignement_V_Nawres/Page_Formulaire_Creation_Dossier/Formulaire_Creation_Dossier_Input/input_Date_De_Naissance_Annee"), AnneeNaissance, STOP_ON_FAILURE): Text '1994' is set on object 'Object Repository/ANEF_Eloignement_V_Nawres/Page_Formulaire_Creation_Dossier/Formulaire_Creation_Dossier_Input/input_Date_De_Naissance_Annee'

14-02-2025T14:41:15 - [MESSAGE][INFO] - Finding Test Object 'Object Repository/ANEF_Eloignement_V_Nawres/Page_Formulaire_Creation_Dossier/Formulaire_Creation_Dossier_Input/input_Date_De_Naissance_Annee'

14-02-2025T14:41:15 - [MESSAGE][INFO] - Checking timeout

14-02-2025T14:41:15 - [MESSAGE][INFO] - Finding web element with id: 'Object Repository/ANEF_Eloignement_V_Nawres/Page_Formulaire_Creation_Dossier/Formulaire_Creation_Dossier_Input/input_Date_De_Naissance_Annee' located by 'By.xpath: //input[@id="annee"]' in '20' second(s)

14-02-2025T14:41:15 - [MESSAGE][INFO] - Found 1 web elements with id: 'Object Repository/ANEF_Eloignement_V_Nawres/Page_Formulaire_Creation_Dossier/Formulaire_Creation_Dossier_Input/input_Date_De_Naissance_Annee' located by 'By.xpath: //input[@id="annee"]' in '20' second(s)

14-02-2025T14:41:15 - [MESSAGE][INFO] - Checking object

14-02-2025T14:41:15 - [MESSAGE][INFO] - Checking text

14-02-2025T14:41:15 - [MESSAGE][INFO] - Finding web element from Test Object's properties

14-02-2025T14:41:15 - [MESSAGE][INFO] - Checking timeout

14-02-2025T14:41:15 - [MESSAGE][INFO] - Finding web element with id: 'Object Repository/ANEF_Eloignement_V_Nawres/Page_Formulaire_Creation_Dossier/Formulaire_Creation_Dossier_Input/input_Date_De_Naissance_Annee' located by 'By.xpath: //input[@id="annee"]' in '100' second(s)

14-02-2025T14:41:15 - [MESSAGE][INFO] - Found 1 web elements with id: 'Object Repository/ANEF_Eloignement_V_Nawres/Page_Formulaire_Creation_Dossier/Formulaire_Creation_Dossier_Input/input_Date_De_Naissance_Annee' located by 'By.xpath: //input[@id="annee"]' in '100' second(s)

14-02-2025T14:41:15 - [MESSAGE][INFO] - Clearing text of object 'Object Repository/ANEF_Eloignement_V_Nawres/Page_Formulaire_Creation_Dossier/Formulaire_Creation_Dossier_Input/input_Date_De_Naissance_Annee'

14-02-2025T14:41:16 - [MESSAGE][INFO] - Finding web element from Test Object's properties

14-02-2025T14:41:16 - [MESSAGE][INFO] - Checking timeout

14-02-2025T14:41:16 - [MESSAGE][INFO] - Finding web element with id: 'Object Repository/ANEF_Eloignement_V_Nawres/Page_Formulaire_Creation_Dossier/Formulaire_Creation_Dossier_Input/input_Date_De_Naissance_Annee' located by 'By.xpath: //input[@id="annee"]' in '100' second(s)

14-02-2025T14:41:16 - [MESSAGE][INFO] - Found 1 web elements with id: 'Object Repository/ANEF_Eloignement_V_Nawres/Page_Formulaire_Creation_Dossier/Formulaire_Creation_Dossier_Input/input_Date_De_Naissance_Annee' located by 'By.xpath: //input[@id="annee"]' in '100' second(s)

14-02-2025T14:41:16 - [MESSAGE][INFO] - Setting text of object 'Object Repository/ANEF_Eloignement_V_Nawres/Page_Formulaire_Creation_Dossier/Formulaire_Creation_Dossier_Input/input_Date_De_Naissance_Annee' to value '1994'

14-02-2025T14:41:17 - [MESSAGE][PASSED] - Text '1994' is set on object 'Object Repository/ANEF_Eloignement_V_Nawres/Page_Formulaire_Creation_Dossier/Formulaire_Creation_Dossier_Input/input_Date_De_Naissance_Annee'

14-02-2025T14:41:17 - [TEST_STEP][PASSED] - if (Nationnalite == "RPT"): All options with label 'ALGERIE' are selected in object 'Object Repository/ANEF_Eloignement_V_Nawres/Page_Formulaire_Creation_Dossier/Formulaire_Creation_Dossier_Input/select_Pays_De_Naissance' 

14-02-2025T14:41:17 - [TEST_STEP][PASSED] - selectOptionByLabel(findTestObject("Object Repository/ANEF_Eloignement_V_Nawres/Page_Formulaire_Creation_Dossier/Formulaire_Creation_Dossier_Input/select_Pays_De_Naissance"), "ALGERIE", false, STOP_ON_FAILURE): All options with label 'ALGERIE' are selected in object 'Object Repository/ANEF_Eloignement_V_Nawres/Page_Formulaire_Creation_Dossier/Formulaire_Creation_Dossier_Input/select_Pays_De_Naissance' 

14-02-2025T14:41:17 - [MESSAGE][INFO] - Finding Test Object 'Object Repository/ANEF_Eloignement_V_Nawres/Page_Formulaire_Creation_Dossier/Formulaire_Creation_Dossier_Input/select_Pays_De_Naissance'

14-02-2025T14:41:17 - [MESSAGE][INFO] - Checking timeout

14-02-2025T14:41:17 - [MESSAGE][INFO] - Finding web element with id: 'Object Repository/ANEF_Eloignement_V_Nawres/Page_Formulaire_Creation_Dossier/Formulaire_Creation_Dossier_Input/select_Pays_De_Naissance' located by 'By.xpath: //select[@id="pays_naissance"]' in '20' second(s)

14-02-2025T14:41:17 - [MESSAGE][INFO] - Found 1 web elements with id: 'Object Repository/ANEF_Eloignement_V_Nawres/Page_Formulaire_Creation_Dossier/Formulaire_Creation_Dossier_Input/select_Pays_De_Naissance' located by 'By.xpath: //select[@id="pays_naissance"]' in '20' second(s)

14-02-2025T14:41:17 - [MESSAGE][INFO] - Checking object

14-02-2025T14:41:17 - [MESSAGE][INFO] - Checking label parameter

14-02-2025T14:41:17 - [MESSAGE][INFO] - Finding web element from Test Object's properties

14-02-2025T14:41:17 - [MESSAGE][INFO] - Checking timeout

14-02-2025T14:41:17 - [MESSAGE][INFO] - Finding web element with id: 'Object Repository/ANEF_Eloignement_V_Nawres/Page_Formulaire_Creation_Dossier/Formulaire_Creation_Dossier_Input/select_Pays_De_Naissance' located by 'By.xpath: //select[@id="pays_naissance"]' in '100' second(s)

14-02-2025T14:41:18 - [MESSAGE][INFO] - Found 1 web elements with id: 'Object Repository/ANEF_Eloignement_V_Nawres/Page_Formulaire_Creation_Dossier/Formulaire_Creation_Dossier_Input/select_Pays_De_Naissance' located by 'By.xpath: //select[@id="pays_naissance"]' in '100' second(s)

14-02-2025T14:41:18 - [MESSAGE][INFO] - Selecting options on object 'Object Repository/ANEF_Eloignement_V_Nawres/Page_Formulaire_Creation_Dossier/Formulaire_Creation_Dossier_Input/select_Pays_De_Naissance' with label 'ALGERIE' 

14-02-2025T14:41:19 - [MESSAGE][PASSED] - All options with label 'ALGERIE' are selected in object 'Object Repository/ANEF_Eloignement_V_Nawres/Page_Formulaire_Creation_Dossier/Formulaire_Creation_Dossier_Input/select_Pays_De_Naissance' 

14-02-2025T14:41:19 - [TEST_STEP][PASSED] - if (Nationnalite == "RUE"): null

14-02-2025T14:41:19 - [TEST_STEP][PASSED] - if (Nationnalite == "RPT"): All options with label 'algÃ©rienne' are selected in object 'Object Repository/ANEF_Eloignement_V_Nawres/Page_Formulaire_Creation_Dossier/Formulaire_Creation_Dossier_Input/select_Nationnalite' 

14-02-2025T14:41:19 - [TEST_STEP][PASSED] - selectOptionByLabel(findTestObject("Object Repository/ANEF_Eloignement_V_Nawres/Page_Formulaire_Creation_Dossier/Formulaire_Creation_Dossier_Input/select_Nationnalite"), "algÃ©rienne", false, STOP_ON_FAILURE): All options with label 'algÃ©rienne' are selected in object 'Object Repository/ANEF_Eloignement_V_Nawres/Page_Formulaire_Creation_Dossier/Formulaire_Creation_Dossier_Input/select_Nationnalite' 

14-02-2025T14:41:19 - [MESSAGE][INFO] - Finding Test Object 'Object Repository/ANEF_Eloignement_V_Nawres/Page_Formulaire_Creation_Dossier/Formulaire_Creation_Dossier_Input/select_Nationnalite'

14-02-2025T14:41:19 - [MESSAGE][INFO] - Checking timeout

14-02-2025T14:41:19 - [MESSAGE][INFO] - Finding web element with id: 'Object Repository/ANEF_Eloignement_V_Nawres/Page_Formulaire_Creation_Dossier/Formulaire_Creation_Dossier_Input/select_Nationnalite' located by 'By.xpath: //select[@id="nationalite"]' in '20' second(s)

14-02-2025T14:41:19 - [MESSAGE][INFO] - Found 1 web elements with id: 'Object Repository/ANEF_Eloignement_V_Nawres/Page_Formulaire_Creation_Dossier/Formulaire_Creation_Dossier_Input/select_Nationnalite' located by 'By.xpath: //select[@id="nationalite"]' in '20' second(s)

14-02-2025T14:41:19 - [MESSAGE][INFO] - Checking object

14-02-2025T14:41:19 - [MESSAGE][INFO] - Checking label parameter

14-02-2025T14:41:19 - [MESSAGE][INFO] - Finding web element from Test Object's properties

14-02-2025T14:41:19 - [MESSAGE][INFO] - Checking timeout

14-02-2025T14:41:19 - [MESSAGE][INFO] - Finding web element with id: 'Object Repository/ANEF_Eloignement_V_Nawres/Page_Formulaire_Creation_Dossier/Formulaire_Creation_Dossier_Input/select_Nationnalite' located by 'By.xpath: //select[@id="nationalite"]' in '100' second(s)

14-02-2025T14:41:19 - [MESSAGE][INFO] - Found 1 web elements with id: 'Object Repository/ANEF_Eloignement_V_Nawres/Page_Formulaire_Creation_Dossier/Formulaire_Creation_Dossier_Input/select_Nationnalite' located by 'By.xpath: //select[@id="nationalite"]' in '100' second(s)

14-02-2025T14:41:19 - [MESSAGE][INFO] - Selecting options on object 'Object Repository/ANEF_Eloignement_V_Nawres/Page_Formulaire_Creation_Dossier/Formulaire_Creation_Dossier_Input/select_Nationnalite' with label 'algÃ©rienne' 

14-02-2025T14:41:20 - [MESSAGE][PASSED] - All options with label 'algÃ©rienne' are selected in object 'Object Repository/ANEF_Eloignement_V_Nawres/Page_Formulaire_Creation_Dossier/Formulaire_Creation_Dossier_Input/select_Nationnalite' 

14-02-2025T14:41:20 - [TEST_STEP][PASSED] - if (Nationnalite == "RUE"): null

14-02-2025T14:41:20 - [TEST_STEP][PASSED] - if (Nationnalite == "RPT"): Text 'Wahran' is set on object 'Object Repository/ANEF_Eloignement_V_Nawres/Page_Formulaire_Creation_Dossier/Formulaire_Creation_Dossier_Input/input_Lieu_De_Naissance'

14-02-2025T14:41:20 - [TEST_STEP][PASSED] - setText(findTestObject("Object Repository/ANEF_Eloignement_V_Nawres/Page_Formulaire_Creation_Dossier/Formulaire_Creation_Dossier_Input/input_Lieu_De_Naissance"), "Wahran", STOP_ON_FAILURE): Text 'Wahran' is set on object 'Object Repository/ANEF_Eloignement_V_Nawres/Page_Formulaire_Creation_Dossier/Formulaire_Creation_Dossier_Input/input_Lieu_De_Naissance'

14-02-2025T14:41:20 - [MESSAGE][INFO] - Finding Test Object 'Object Repository/ANEF_Eloignement_V_Nawres/Page_Formulaire_Creation_Dossier/Formulaire_Creation_Dossier_Input/input_Lieu_De_Naissance'

14-02-2025T14:41:20 - [MESSAGE][INFO] - Checking timeout

14-02-2025T14:41:20 - [MESSAGE][INFO] - Finding web element with id: 'Object Repository/ANEF_Eloignement_V_Nawres/Page_Formulaire_Creation_Dossier/Formulaire_Creation_Dossier_Input/input_Lieu_De_Naissance' located by 'By.xpath: //input[@id="ville_naissance"]' in '20' second(s)

14-02-2025T14:41:20 - [MESSAGE][INFO] - Found 1 web elements with id: 'Object Repository/ANEF_Eloignement_V_Nawres/Page_Formulaire_Creation_Dossier/Formulaire_Creation_Dossier_Input/input_Lieu_De_Naissance' located by 'By.xpath: //input[@id="ville_naissance"]' in '20' second(s)

14-02-2025T14:41:20 - [MESSAGE][INFO] - Checking object

14-02-2025T14:41:20 - [MESSAGE][INFO] - Checking text

14-02-2025T14:41:20 - [MESSAGE][INFO] - Finding web element from Test Object's properties

14-02-2025T14:41:20 - [MESSAGE][INFO] - Checking timeout

14-02-2025T14:41:20 - [MESSAGE][INFO] - Finding web element with id: 'Object Repository/ANEF_Eloignement_V_Nawres/Page_Formulaire_Creation_Dossier/Formulaire_Creation_Dossier_Input/input_Lieu_De_Naissance' located by 'By.xpath: //input[@id="ville_naissance"]' in '100' second(s)

14-02-2025T14:41:20 - [MESSAGE][INFO] - Found 1 web elements with id: 'Object Repository/ANEF_Eloignement_V_Nawres/Page_Formulaire_Creation_Dossier/Formulaire_Creation_Dossier_Input/input_Lieu_De_Naissance' located by 'By.xpath: //input[@id="ville_naissance"]' in '100' second(s)

14-02-2025T14:41:20 - [MESSAGE][INFO] - Clearing text of object 'Object Repository/ANEF_Eloignement_V_Nawres/Page_Formulaire_Creation_Dossier/Formulaire_Creation_Dossier_Input/input_Lieu_De_Naissance'

14-02-2025T14:41:21 - [MESSAGE][INFO] - Finding web element from Test Object's properties

14-02-2025T14:41:21 - [MESSAGE][INFO] - Checking timeout

14-02-2025T14:41:21 - [MESSAGE][INFO] - Finding web element with id: 'Object Repository/ANEF_Eloignement_V_Nawres/Page_Formulaire_Creation_Dossier/Formulaire_Creation_Dossier_Input/input_Lieu_De_Naissance' located by 'By.xpath: //input[@id="ville_naissance"]' in '100' second(s)

14-02-2025T14:41:21 - [MESSAGE][INFO] - Found 1 web elements with id: 'Object Repository/ANEF_Eloignement_V_Nawres/Page_Formulaire_Creation_Dossier/Formulaire_Creation_Dossier_Input/input_Lieu_De_Naissance' located by 'By.xpath: //input[@id="ville_naissance"]' in '100' second(s)

14-02-2025T14:41:21 - [MESSAGE][INFO] - Setting text of object 'Object Repository/ANEF_Eloignement_V_Nawres/Page_Formulaire_Creation_Dossier/Formulaire_Creation_Dossier_Input/input_Lieu_De_Naissance' to value 'Wahran'

14-02-2025T14:41:22 - [MESSAGE][PASSED] - Text 'Wahran' is set on object 'Object Repository/ANEF_Eloignement_V_Nawres/Page_Formulaire_Creation_Dossier/Formulaire_Creation_Dossier_Input/input_Lieu_De_Naissance'

14-02-2025T14:41:22 - [TEST_STEP][PASSED] - if (Nationnalite == "RUE"): null

14-02-2025T14:41:22 - [TEST_STEP][PASSED] - selectOptionByLabel(findTestObject("Object Repository/ANEF_Eloignement_V_Nawres/Page_Formulaire_Creation_Dossier/Formulaire_Creation_Dossier_Input/select_Situation_Familiale"), "CÃ©libataire", false, STOP_ON_FAILURE): All options with label 'CÃ©libataire' are selected in object 'Object Repository/ANEF_Eloignement_V_Nawres/Page_Formulaire_Creation_Dossier/Formulaire_Creation_Dossier_Input/select_Situation_Familiale' 

14-02-2025T14:41:22 - [MESSAGE][INFO] - Finding Test Object 'Object Repository/ANEF_Eloignement_V_Nawres/Page_Formulaire_Creation_Dossier/Formulaire_Creation_Dossier_Input/select_Situation_Familiale'

14-02-2025T14:41:22 - [MESSAGE][INFO] - Checking timeout

14-02-2025T14:41:22 - [MESSAGE][INFO] - Finding web element with id: 'Object Repository/ANEF_Eloignement_V_Nawres/Page_Formulaire_Creation_Dossier/Formulaire_Creation_Dossier_Input/select_Situation_Familiale' located by 'By.xpath: //select[@id="situation_familiale"]' in '20' second(s)

14-02-2025T14:41:22 - [MESSAGE][INFO] - Found 1 web elements with id: 'Object Repository/ANEF_Eloignement_V_Nawres/Page_Formulaire_Creation_Dossier/Formulaire_Creation_Dossier_Input/select_Situation_Familiale' located by 'By.xpath: //select[@id="situation_familiale"]' in '20' second(s)

14-02-2025T14:41:22 - [MESSAGE][INFO] - Checking object

14-02-2025T14:41:22 - [MESSAGE][INFO] - Checking label parameter

14-02-2025T14:41:22 - [MESSAGE][INFO] - Finding web element from Test Object's properties

14-02-2025T14:41:22 - [MESSAGE][INFO] - Checking timeout

14-02-2025T14:41:22 - [MESSAGE][INFO] - Finding web element with id: 'Object Repository/ANEF_Eloignement_V_Nawres/Page_Formulaire_Creation_Dossier/Formulaire_Creation_Dossier_Input/select_Situation_Familiale' located by 'By.xpath: //select[@id="situation_familiale"]' in '100' second(s)

14-02-2025T14:41:22 - [MESSAGE][INFO] - Found 1 web elements with id: 'Object Repository/ANEF_Eloignement_V_Nawres/Page_Formulaire_Creation_Dossier/Formulaire_Creation_Dossier_Input/select_Situation_Familiale' located by 'By.xpath: //select[@id="situation_familiale"]' in '100' second(s)

14-02-2025T14:41:22 - [MESSAGE][INFO] - Selecting options on object 'Object Repository/ANEF_Eloignement_V_Nawres/Page_Formulaire_Creation_Dossier/Formulaire_Creation_Dossier_Input/select_Situation_Familiale' with label 'CÃ©libataire' 

14-02-2025T14:41:23 - [MESSAGE][PASSED] - All options with label 'CÃ©libataire' are selected in object 'Object Repository/ANEF_Eloignement_V_Nawres/Page_Formulaire_Creation_Dossier/Formulaire_Creation_Dossier_Input/select_Situation_Familiale' 

14-02-2025T14:41:23 - [TEST_STEP][PASSED] - setText(findTestObject("Object Repository/ANEF_Eloignement_V_Nawres/Page_Formulaire_Creation_Dossier/Formulaire_Creation_Dossier_Input/input_Date_Entree_En_France"), "22/03/2020"): Text '22/03/2020' is set on object 'Object Repository/ANEF_Eloignement_V_Nawres/Page_Formulaire_Creation_Dossier/Formulaire_Creation_Dossier_Input/input_Date_Entree_En_France'

14-02-2025T14:41:23 - [MESSAGE][INFO] - Finding Test Object 'Object Repository/ANEF_Eloignement_V_Nawres/Page_Formulaire_Creation_Dossier/Formulaire_Creation_Dossier_Input/input_Date_Entree_En_France'

14-02-2025T14:41:23 - [MESSAGE][INFO] - Checking timeout

14-02-2025T14:41:23 - [MESSAGE][INFO] - Finding web element with id: 'Object Repository/ANEF_Eloignement_V_Nawres/Page_Formulaire_Creation_Dossier/Formulaire_Creation_Dossier_Input/input_Date_Entree_En_France' located by 'By.xpath: //input[@id="date_entree_en_france"]' in '20' second(s)

14-02-2025T14:41:23 - [MESSAGE][INFO] - Found 1 web elements with id: 'Object Repository/ANEF_Eloignement_V_Nawres/Page_Formulaire_Creation_Dossier/Formulaire_Creation_Dossier_Input/input_Date_Entree_En_France' located by 'By.xpath: //input[@id="date_entree_en_france"]' in '20' second(s)

14-02-2025T14:41:23 - [MESSAGE][INFO] - Checking object

14-02-2025T14:41:23 - [MESSAGE][INFO] - Checking text

14-02-2025T14:41:23 - [MESSAGE][INFO] - Finding web element from Test Object's properties

14-02-2025T14:41:23 - [MESSAGE][INFO] - Checking timeout

14-02-2025T14:41:23 - [MESSAGE][INFO] - Finding web element with id: 'Object Repository/ANEF_Eloignement_V_Nawres/Page_Formulaire_Creation_Dossier/Formulaire_Creation_Dossier_Input/input_Date_Entree_En_France' located by 'By.xpath: //input[@id="date_entree_en_france"]' in '100' second(s)

14-02-2025T14:41:23 - [MESSAGE][INFO] - Found 1 web elements with id: 'Object Repository/ANEF_Eloignement_V_Nawres/Page_Formulaire_Creation_Dossier/Formulaire_Creation_Dossier_Input/input_Date_Entree_En_France' located by 'By.xpath: //input[@id="date_entree_en_france"]' in '100' second(s)

14-02-2025T14:41:23 - [MESSAGE][INFO] - Clearing text of object 'Object Repository/ANEF_Eloignement_V_Nawres/Page_Formulaire_Creation_Dossier/Formulaire_Creation_Dossier_Input/input_Date_Entree_En_France'

14-02-2025T14:41:24 - [MESSAGE][INFO] - Finding web element from Test Object's properties

14-02-2025T14:41:24 - [MESSAGE][INFO] - Checking timeout

14-02-2025T14:41:24 - [MESSAGE][INFO] - Finding web element with id: 'Object Repository/ANEF_Eloignement_V_Nawres/Page_Formulaire_Creation_Dossier/Formulaire_Creation_Dossier_Input/input_Date_Entree_En_France' located by 'By.xpath: //input[@id="date_entree_en_france"]' in '100' second(s)

14-02-2025T14:41:24 - [MESSAGE][INFO] - Found 1 web elements with id: 'Object Repository/ANEF_Eloignement_V_Nawres/Page_Formulaire_Creation_Dossier/Formulaire_Creation_Dossier_Input/input_Date_Entree_En_France' located by 'By.xpath: //input[@id="date_entree_en_france"]' in '100' second(s)

14-02-2025T14:41:24 - [MESSAGE][INFO] - Setting text of object 'Object Repository/ANEF_Eloignement_V_Nawres/Page_Formulaire_Creation_Dossier/Formulaire_Creation_Dossier_Input/input_Date_Entree_En_France' to value '22/03/2020'

14-02-2025T14:41:26 - [MESSAGE][PASSED] - Text '22/03/2020' is set on object 'Object Repository/ANEF_Eloignement_V_Nawres/Page_Formulaire_Creation_Dossier/Formulaire_Creation_Dossier_Input/input_Date_Entree_En_France'

14-02-2025T14:41:26 - [TEST_STEP][PASSED] - selectOptionByLabel(findTestObject("Object Repository/ANEF_Eloignement_V_Nawres/Page_Formulaire_Creation_Dossier/Formulaire_Creation_Dossier_Input/select_Condition_Entree_En_France"), "IrrÃ©guliÃ¨re", false, STOP_ON_FAILURE): All options with label 'IrrÃ©guliÃ¨re' are selected in object 'Object Repository/ANEF_Eloignement_V_Nawres/Page_Formulaire_Creation_Dossier/Formulaire_Creation_Dossier_Input/select_Condition_Entree_En_France' 

14-02-2025T14:41:26 - [MESSAGE][INFO] - Finding Test Object 'Object Repository/ANEF_Eloignement_V_Nawres/Page_Formulaire_Creation_Dossier/Formulaire_Creation_Dossier_Input/select_Condition_Entree_En_France'

14-02-2025T14:41:26 - [MESSAGE][INFO] - Checking timeout

14-02-2025T14:41:26 - [MESSAGE][INFO] - Finding web element with id: 'Object Repository/ANEF_Eloignement_V_Nawres/Page_Formulaire_Creation_Dossier/Formulaire_Creation_Dossier_Input/select_Condition_Entree_En_France' located by 'By.xpath: //select[@id="condition_entree_france"]' in '20' second(s)

14-02-2025T14:41:26 - [MESSAGE][INFO] - Found 1 web elements with id: 'Object Repository/ANEF_Eloignement_V_Nawres/Page_Formulaire_Creation_Dossier/Formulaire_Creation_Dossier_Input/select_Condition_Entree_En_France' located by 'By.xpath: //select[@id="condition_entree_france"]' in '20' second(s)

14-02-2025T14:41:26 - [MESSAGE][INFO] - Checking object

14-02-2025T14:41:26 - [MESSAGE][INFO] - Checking label parameter

14-02-2025T14:41:26 - [MESSAGE][INFO] - Finding web element from Test Object's properties

14-02-2025T14:41:26 - [MESSAGE][INFO] - Checking timeout

14-02-2025T14:41:26 - [MESSAGE][INFO] - Finding web element with id: 'Object Repository/ANEF_Eloignement_V_Nawres/Page_Formulaire_Creation_Dossier/Formulaire_Creation_Dossier_Input/select_Condition_Entree_En_France' located by 'By.xpath: //select[@id="condition_entree_france"]' in '100' second(s)

14-02-2025T14:41:26 - [MESSAGE][INFO] - Found 1 web elements with id: 'Object Repository/ANEF_Eloignement_V_Nawres/Page_Formulaire_Creation_Dossier/Formulaire_Creation_Dossier_Input/select_Condition_Entree_En_France' located by 'By.xpath: //select[@id="condition_entree_france"]' in '100' second(s)

14-02-2025T14:41:26 - [MESSAGE][INFO] - Selecting options on object 'Object Repository/ANEF_Eloignement_V_Nawres/Page_Formulaire_Creation_Dossier/Formulaire_Creation_Dossier_Input/select_Condition_Entree_En_France' with label 'IrrÃ©guliÃ¨re' 

14-02-2025T14:41:27 - [MESSAGE][PASSED] - All options with label 'IrrÃ©guliÃ¨re' are selected in object 'Object Repository/ANEF_Eloignement_V_Nawres/Page_Formulaire_Creation_Dossier/Formulaire_Creation_Dossier_Input/select_Condition_Entree_En_France' 

14-02-2025T14:41:27 - [TEST_STEP][PASSED] - if (ControleChampsCreation == "true"): null

14-02-2025T14:41:27 - [TEST_STEP][PASSED] - click(findTestObject("Object Repository/ANEF_Eloignement_V_Nawres/Page_Formulaire_Creation_Dossier/Formulaire_Creation_Dossier_Input/btn_Enregistrer"), STOP_ON_FAILURE): Object: 'Object Repository/ANEF_Eloignement_V_Nawres/Page_Formulaire_Creation_Dossier/Formulaire_Creation_Dossier_Input/btn_Enregistrer' is clicked on

14-02-2025T14:41:27 - [MESSAGE][INFO] - Finding Test Object 'Object Repository/ANEF_Eloignement_V_Nawres/Page_Formulaire_Creation_Dossier/Formulaire_Creation_Dossier_Input/btn_Enregistrer'

14-02-2025T14:41:27 - [MESSAGE][INFO] - Checking timeout

14-02-2025T14:41:27 - [MESSAGE][INFO] - Finding web element with id: 'Object Repository/ANEF_Eloignement_V_Nawres/Page_Formulaire_Creation_Dossier/Formulaire_Creation_Dossier_Input/btn_Enregistrer' located by 'By.xpath: /html/body/app-root/app-layout-borderless/div[3]/app-prise-mesure/app-nav-prise-mesure//div/button[@title="Enregistrer"]' in '20' second(s)

14-02-2025T14:41:27 - [MESSAGE][INFO] - Found 1 web elements with id: 'Object Repository/ANEF_Eloignement_V_Nawres/Page_Formulaire_Creation_Dossier/Formulaire_Creation_Dossier_Input/btn_Enregistrer' located by 'By.xpath: /html/body/app-root/app-layout-borderless/div[3]/app-prise-mesure/app-nav-prise-mesure//div/button[@title="Enregistrer"]' in '20' second(s)

14-02-2025T14:41:27 - [MESSAGE][INFO] - Checking object

14-02-2025T14:41:27 - [MESSAGE][INFO] - Checking timeout

14-02-2025T14:41:27 - [MESSAGE][INFO] - Finding web element from Test Object's properties

14-02-2025T14:41:27 - [MESSAGE][INFO] - Checking timeout

14-02-2025T14:41:27 - [MESSAGE][INFO] - Finding web element with id: 'Object Repository/ANEF_Eloignement_V_Nawres/Page_Formulaire_Creation_Dossier/Formulaire_Creation_Dossier_Input/btn_Enregistrer' located by 'By.xpath: /html/body/app-root/app-layout-borderless/div[3]/app-prise-mesure/app-nav-prise-mesure//div/button[@title="Enregistrer"]' in '100' second(s)

14-02-2025T14:41:27 - [MESSAGE][INFO] - Found 1 web elements with id: 'Object Repository/ANEF_Eloignement_V_Nawres/Page_Formulaire_Creation_Dossier/Formulaire_Creation_Dossier_Input/btn_Enregistrer' located by 'By.xpath: /html/body/app-root/app-layout-borderless/div[3]/app-prise-mesure/app-nav-prise-mesure//div/button[@title="Enregistrer"]' in '100' second(s)

14-02-2025T14:41:27 - [MESSAGE][INFO] - Clicking on object: 'Object Repository/ANEF_Eloignement_V_Nawres/Page_Formulaire_Creation_Dossier/Formulaire_Creation_Dossier_Input/btn_Enregistrer'

14-02-2025T14:41:28 - [MESSAGE][PASSED] - Object: 'Object Repository/ANEF_Eloignement_V_Nawres/Page_Formulaire_Creation_Dossier/Formulaire_Creation_Dossier_Input/btn_Enregistrer' is clicked on

14-02-2025T14:41:28 - [TEST_STEP][PASSED] - verifyElementPresent(findTestObject("Object Repository/ANEF_Eloignement_V_Nawres/Page_Formulaire_Creation_Dossier/Formulaire_Creation_Dossier_Input/btn_Valider_Attribuer_Numero_Etranger"), 4, STOP_ON_FAILURE): Object 'Object Repository/ANEF_Eloignement_V_Nawres/Page_Formulaire_Creation_Dossier/Formulaire_Creation_Dossier_Input/btn_Valider_Attribuer_Numero_Etranger' is present

14-02-2025T14:41:28 - [MESSAGE][INFO] - Finding Test Object 'Object Repository/ANEF_Eloignement_V_Nawres/Page_Formulaire_Creation_Dossier/Formulaire_Creation_Dossier_Input/btn_Valider_Attribuer_Numero_Etranger'

14-02-2025T14:41:28 - [MESSAGE][INFO] - Checking object

14-02-2025T14:41:28 - [MESSAGE][INFO] - Finding web element from Test Object's properties

14-02-2025T14:41:28 - [MESSAGE][INFO] - Checking timeout

14-02-2025T14:41:28 - [MESSAGE][INFO] - Finding web element with id: 'Object Repository/ANEF_Eloignement_V_Nawres/Page_Formulaire_Creation_Dossier/Formulaire_Creation_Dossier_Input/btn_Valider_Attribuer_Numero_Etranger' located by 'By.xpath: //button[@title="Valider et attribuer un numÃ©ro Ã©tranger"]' in '4' second(s)

14-02-2025T14:41:28 - [MESSAGE][INFO] - Found 1 web elements with id: 'Object Repository/ANEF_Eloignement_V_Nawres/Page_Formulaire_Creation_Dossier/Formulaire_Creation_Dossier_Input/btn_Valider_Attribuer_Numero_Etranger' located by 'By.xpath: //button[@title="Valider et attribuer un numÃ©ro Ã©tranger"]' in '4' second(s)

14-02-2025T14:41:28 - [MESSAGE][PASSED] - Object 'Object Repository/ANEF_Eloignement_V_Nawres/Page_Formulaire_Creation_Dossier/Formulaire_Creation_Dossier_Input/btn_Valider_Attribuer_Numero_Etranger' is present

14-02-2025T14:41:28 - [TEST_STEP][PASSED] - click(findTestObject("Object Repository/ANEF_Eloignement_V_Nawres/Page_Formulaire_Creation_Dossier/Formulaire_Creation_Dossier_Input/btn_Valider_Attribuer_Numero_Etranger"), STOP_ON_FAILURE): Object: 'Object Repository/ANEF_Eloignement_V_Nawres/Page_Formulaire_Creation_Dossier/Formulaire_Creation_Dossier_Input/btn_Valider_Attribuer_Numero_Etranger' is clicked on

14-02-2025T14:41:28 - [MESSAGE][INFO] - Finding Test Object 'Object Repository/ANEF_Eloignement_V_Nawres/Page_Formulaire_Creation_Dossier/Formulaire_Creation_Dossier_Input/btn_Valider_Attribuer_Numero_Etranger'

14-02-2025T14:41:28 - [MESSAGE][INFO] - Checking timeout

14-02-2025T14:41:28 - [MESSAGE][INFO] - Finding web element with id: 'Object Repository/ANEF_Eloignement_V_Nawres/Page_Formulaire_Creation_Dossier/Formulaire_Creation_Dossier_Input/btn_Valider_Attribuer_Numero_Etranger' located by 'By.xpath: //button[@title="Valider et attribuer un numÃ©ro Ã©tranger"]' in '20' second(s)

14-02-2025T14:41:28 - [MESSAGE][INFO] - Found 1 web elements with id: 'Object Repository/ANEF_Eloignement_V_Nawres/Page_Formulaire_Creation_Dossier/Formulaire_Creation_Dossier_Input/btn_Valider_Attribuer_Numero_Etranger' located by 'By.xpath: //button[@title="Valider et attribuer un numÃ©ro Ã©tranger"]' in '20' second(s)

14-02-2025T14:41:28 - [MESSAGE][INFO] - Checking object

14-02-2025T14:41:28 - [MESSAGE][INFO] - Checking timeout

14-02-2025T14:41:28 - [MESSAGE][INFO] - Finding web element from Test Object's properties

14-02-2025T14:41:28 - [MESSAGE][INFO] - Checking timeout

14-02-2025T14:41:28 - [MESSAGE][INFO] - Finding web element with id: 'Object Repository/ANEF_Eloignement_V_Nawres/Page_Formulaire_Creation_Dossier/Formulaire_Creation_Dossier_Input/btn_Valider_Attribuer_Numero_Etranger' located by 'By.xpath: //button[@title="Valider et attribuer un numÃ©ro Ã©tranger"]' in '100' second(s)

14-02-2025T14:41:28 - [MESSAGE][INFO] - Found 1 web elements with id: 'Object Repository/ANEF_Eloignement_V_Nawres/Page_Formulaire_Creation_Dossier/Formulaire_Creation_Dossier_Input/btn_Valider_Attribuer_Numero_Etranger' located by 'By.xpath: //button[@title="Valider et attribuer un numÃ©ro Ã©tranger"]' in '100' second(s)

14-02-2025T14:41:28 - [MESSAGE][INFO] - Clicking on object: 'Object Repository/ANEF_Eloignement_V_Nawres/Page_Formulaire_Creation_Dossier/Formulaire_Creation_Dossier_Input/btn_Valider_Attribuer_Numero_Etranger'

14-02-2025T14:41:29 - [MESSAGE][PASSED] - Object: 'Object Repository/ANEF_Eloignement_V_Nawres/Page_Formulaire_Creation_Dossier/Formulaire_Creation_Dossier_Input/btn_Valider_Attribuer_Numero_Etranger' is clicked on

14-02-2025T14:41:29 - [TEST_STEP][PASSED] - switch (OrigineDossier): null

14-02-2025T14:41:29 - [TEST_STEP][PASSED] - case "Interpellation":: null

14-02-2025T14:41:29 - [TEST_STEP][PASSED] - selectOptionByLabel(findTestObject("Object Repository/ANEF_Eloignement_V_Nawres/Page_Formulaire_Creation_Dossier/Formulaire_Creation_Dossier_Input/select_Origine_Dossier"), "Interpellation", false, STOP_ON_FAILURE): All options with label 'Interpellation' are selected in object 'Object Repository/ANEF_Eloignement_V_Nawres/Page_Formulaire_Creation_Dossier/Formulaire_Creation_Dossier_Input/select_Origine_Dossier' 

14-02-2025T14:41:29 - [MESSAGE][INFO] - Finding Test Object 'Object Repository/ANEF_Eloignement_V_Nawres/Page_Formulaire_Creation_Dossier/Formulaire_Creation_Dossier_Input/select_Origine_Dossier'

14-02-2025T14:41:29 - [MESSAGE][INFO] - Checking timeout

14-02-2025T14:41:29 - [MESSAGE][INFO] - Finding web element with id: 'Object Repository/ANEF_Eloignement_V_Nawres/Page_Formulaire_Creation_Dossier/Formulaire_Creation_Dossier_Input/select_Origine_Dossier' located by 'By.xpath: //select[@id="code_flux"]' in '20' second(s)

14-02-2025T14:41:29 - [MESSAGE][INFO] - Found 1 web elements with id: 'Object Repository/ANEF_Eloignement_V_Nawres/Page_Formulaire_Creation_Dossier/Formulaire_Creation_Dossier_Input/select_Origine_Dossier' located by 'By.xpath: //select[@id="code_flux"]' in '20' second(s)

14-02-2025T14:41:29 - [MESSAGE][INFO] - Checking object

14-02-2025T14:41:29 - [MESSAGE][INFO] - Checking label parameter

14-02-2025T14:41:29 - [MESSAGE][INFO] - Finding web element from Test Object's properties

14-02-2025T14:41:29 - [MESSAGE][INFO] - Checking timeout

14-02-2025T14:41:29 - [MESSAGE][INFO] - Finding web element with id: 'Object Repository/ANEF_Eloignement_V_Nawres/Page_Formulaire_Creation_Dossier/Formulaire_Creation_Dossier_Input/select_Origine_Dossier' located by 'By.xpath: //select[@id="code_flux"]' in '100' second(s)

14-02-2025T14:41:29 - [MESSAGE][INFO] - Found 1 web elements with id: 'Object Repository/ANEF_Eloignement_V_Nawres/Page_Formulaire_Creation_Dossier/Formulaire_Creation_Dossier_Input/select_Origine_Dossier' located by 'By.xpath: //select[@id="code_flux"]' in '100' second(s)

14-02-2025T14:41:29 - [MESSAGE][INFO] - Selecting options on object 'Object Repository/ANEF_Eloignement_V_Nawres/Page_Formulaire_Creation_Dossier/Formulaire_Creation_Dossier_Input/select_Origine_Dossier' with label 'Interpellation' 

14-02-2025T14:41:30 - [MESSAGE][PASSED] - All options with label 'Interpellation' are selected in object 'Object Repository/ANEF_Eloignement_V_Nawres/Page_Formulaire_Creation_Dossier/Formulaire_Creation_Dossier_Input/select_Origine_Dossier' 

14-02-2025T14:41:30 - [TEST_STEP][PASSED] - break: null

14-02-2025T14:41:30 - [TEST_STEP][PASSED] - scrollToElement(findTestObject("Object Repository/ANEF_Eloignement_V_Nawres/Page_Formulaire_Creation_Dossier/Formulaire_Creation_Dossier_Input/btn_Confirmer_Attribuer_Numero_Etranger"), 5): Scroll to object 'Object Repository/ANEF_Eloignement_V_Nawres/Page_Formulaire_Creation_Dossier/Formulaire_Creation_Dossier_Input/btn_Confirmer_Attribuer_Numero_Etranger' successfully

14-02-2025T14:41:30 - [MESSAGE][INFO] - Finding Test Object 'Object Repository/ANEF_Eloignement_V_Nawres/Page_Formulaire_Creation_Dossier/Formulaire_Creation_Dossier_Input/btn_Confirmer_Attribuer_Numero_Etranger'

14-02-2025T14:41:30 - [MESSAGE][INFO] - Checking object

14-02-2025T14:41:30 - [MESSAGE][INFO] - Checking timeout

14-02-2025T14:41:30 - [MESSAGE][INFO] - Finding web element from Test Object's properties

14-02-2025T14:41:30 - [MESSAGE][INFO] - Checking timeout

14-02-2025T14:41:30 - [MESSAGE][INFO] - Finding web element with id: 'Object Repository/ANEF_Eloignement_V_Nawres/Page_Formulaire_Creation_Dossier/Formulaire_Creation_Dossier_Input/btn_Confirmer_Attribuer_Numero_Etranger' located by 'By.xpath:  //button[contains(text(),'Confirmer et attribuer un numÃ©ro Ã©tranger')]' in '100' second(s)

14-02-2025T14:41:30 - [MESSAGE][INFO] - Found 1 web elements with id: 'Object Repository/ANEF_Eloignement_V_Nawres/Page_Formulaire_Creation_Dossier/Formulaire_Creation_Dossier_Input/btn_Confirmer_Attribuer_Numero_Etranger' located by 'By.xpath:  //button[contains(text(),'Confirmer et attribuer un numÃ©ro Ã©tranger')]' in '100' second(s)

14-02-2025T14:41:30 - [MESSAGE][INFO] - Scrolling to object 'Object Repository/ANEF_Eloignement_V_Nawres/Page_Formulaire_Creation_Dossier/Formulaire_Creation_Dossier_Input/btn_Confirmer_Attribuer_Numero_Etranger'

14-02-2025T14:41:30 - [MESSAGE][PASSED] - Scroll to object 'Object Repository/ANEF_Eloignement_V_Nawres/Page_Formulaire_Creation_Dossier/Formulaire_Creation_Dossier_Input/btn_Confirmer_Attribuer_Numero_Etranger' successfully

14-02-2025T14:41:30 - [TEST_STEP][PASSED] - click(findTestObject("Object Repository/ANEF_Eloignement_V_Nawres/Page_Formulaire_Creation_Dossier/Formulaire_Creation_Dossier_Input/btn_Confirmer_Attribuer_Numero_Etranger"), STOP_ON_FAILURE): Object: 'Object Repository/ANEF_Eloignement_V_Nawres/Page_Formulaire_Creation_Dossier/Formulaire_Creation_Dossier_Input/btn_Confirmer_Attribuer_Numero_Etranger' is clicked on

14-02-2025T14:41:30 - [MESSAGE][INFO] - Finding Test Object 'Object Repository/ANEF_Eloignement_V_Nawres/Page_Formulaire_Creation_Dossier/Formulaire_Creation_Dossier_Input/btn_Confirmer_Attribuer_Numero_Etranger'

14-02-2025T14:41:30 - [MESSAGE][INFO] - Checking timeout

14-02-2025T14:41:30 - [MESSAGE][INFO] - Finding web element with id: 'Object Repository/ANEF_Eloignement_V_Nawres/Page_Formulaire_Creation_Dossier/Formulaire_Creation_Dossier_Input/btn_Confirmer_Attribuer_Numero_Etranger' located by 'By.xpath:  //button[contains(text(),'Confirmer et attribuer un numÃ©ro Ã©tranger')]' in '20' second(s)

14-02-2025T14:41:30 - [MESSAGE][INFO] - Found 1 web elements with id: 'Object Repository/ANEF_Eloignement_V_Nawres/Page_Formulaire_Creation_Dossier/Formulaire_Creation_Dossier_Input/btn_Confirmer_Attribuer_Numero_Etranger' located by 'By.xpath:  //button[contains(text(),'Confirmer et attribuer un numÃ©ro Ã©tranger')]' in '20' second(s)

14-02-2025T14:41:30 - [MESSAGE][INFO] - Checking object

14-02-2025T14:41:30 - [MESSAGE][INFO] - Checking timeout

14-02-2025T14:41:30 - [MESSAGE][INFO] - Finding web element from Test Object's properties

14-02-2025T14:41:30 - [MESSAGE][INFO] - Checking timeout

14-02-2025T14:41:30 - [MESSAGE][INFO] - Finding web element with id: 'Object Repository/ANEF_Eloignement_V_Nawres/Page_Formulaire_Creation_Dossier/Formulaire_Creation_Dossier_Input/btn_Confirmer_Attribuer_Numero_Etranger' located by 'By.xpath:  //button[contains(text(),'Confirmer et attribuer un numÃ©ro Ã©tranger')]' in '100' second(s)

14-02-2025T14:41:30 - [MESSAGE][INFO] - Found 1 web elements with id: 'Object Repository/ANEF_Eloignement_V_Nawres/Page_Formulaire_Creation_Dossier/Formulaire_Creation_Dossier_Input/btn_Confirmer_Attribuer_Numero_Etranger' located by 'By.xpath:  //button[contains(text(),'Confirmer et attribuer un numÃ©ro Ã©tranger')]' in '100' second(s)

14-02-2025T14:41:30 - [MESSAGE][INFO] - Clicking on object: 'Object Repository/ANEF_Eloignement_V_Nawres/Page_Formulaire_Creation_Dossier/Formulaire_Creation_Dossier_Input/btn_Confirmer_Attribuer_Numero_Etranger'

14-02-2025T14:41:31 - [MESSAGE][PASSED] - Object: 'Object Repository/ANEF_Eloignement_V_Nawres/Page_Formulaire_Creation_Dossier/Formulaire_Creation_Dossier_Input/btn_Confirmer_Attribuer_Numero_Etranger' is clicked on

14-02-2025T14:41:31 - [TEST_STEP][PASSED] - NumeroEtrangerGenere = getText(findTestObject("Object Repository/ANEF_Eloignement_V_Nawres/Page_Formulaire_Creation_Dossier/Formulaire_Creation_Dossier_Input/p_Numero_Etranger_Genere")): Text of object 'Object Repository/ANEF_Eloignement_V_Nawres/Page_Formulaire_Creation_Dossier/Formulaire_Creation_Dossier_Input/p_Numero_Etranger_Genere' is: '-'

14-02-2025T14:41:31 - [MESSAGE][INFO] - Finding Test Object 'Object Repository/ANEF_Eloignement_V_Nawres/Page_Formulaire_Creation_Dossier/Formulaire_Creation_Dossier_Input/p_Numero_Etranger_Genere'

14-02-2025T14:41:31 - [MESSAGE][INFO] - Checking object

14-02-2025T14:41:31 - [MESSAGE][INFO] - Finding web element from Test Object's properties

14-02-2025T14:41:31 - [MESSAGE][INFO] - Checking timeout

14-02-2025T14:41:31 - [MESSAGE][INFO] - Finding web element with id: 'Object Repository/ANEF_Eloignement_V_Nawres/Page_Formulaire_Creation_Dossier/Formulaire_Creation_Dossier_Input/p_Numero_Etranger_Genere' located by 'By.xpath: /html/body/app-root/app-layout-borderless//div/app-prise-mesure/div/app-dsfr-onglet-tab//div/app-fiche-etranger//div/section[2]/div/div/div[1]/p[text()]' in '100' second(s)

14-02-2025T14:41:31 - [MESSAGE][INFO] - Found 1 web elements with id: 'Object Repository/ANEF_Eloignement_V_Nawres/Page_Formulaire_Creation_Dossier/Formulaire_Creation_Dossier_Input/p_Numero_Etranger_Genere' located by 'By.xpath: /html/body/app-root/app-layout-borderless//div/app-prise-mesure/div/app-dsfr-onglet-tab//div/app-fiche-etranger//div/section[2]/div/div/div[1]/p[text()]' in '100' second(s)

14-02-2025T14:41:31 - [MESSAGE][INFO] - Getting text of object 'Object Repository/ANEF_Eloignement_V_Nawres/Page_Formulaire_Creation_Dossier/Formulaire_Creation_Dossier_Input/p_Numero_Etranger_Genere'

14-02-2025T14:41:31 - [MESSAGE][PASSED] - Text of object 'Object Repository/ANEF_Eloignement_V_Nawres/Page_Formulaire_Creation_Dossier/Formulaire_Creation_Dossier_Input/p_Numero_Etranger_Genere' is: '-'

14-02-2025T14:41:31 - [TEST_STEP][PASSED] - NumeroEtranger = NumeroEtrangerGenere: null

14-02-2025T14:41:31 - [TEST_STEP][PASSED] - println(NumeroEtrangerGenere): null

14-02-2025T14:41:31 - [TEST_STEP][PASSED] - println(NumeroEtranger): null

14-02-2025T14:41:31 - [MESSAGE][PASSED] - Call Test Case 'Test Cases/Test Reutilisable/Main/ANEF_Eloignement_V_Nawres/ANEF_Formulaire_Creation_Dossier' successfully

14-02-2025T14:41:31 - [TEST_STEP][PASSED] - println(NumeroEtranger): null

14-02-2025T14:41:31 - [TEST_STEP][PASSED] - callTestCase(findTestCase("Test Cases/Test Reutilisable/Main/ANEF_Eloignement_V_Nawres/ANEF_Prendre_Mesure"), ["Mesure":Mesure, "FondementLegal":FondementLegal, "NatureDeLacteExpulsion":NatureDeLacteExpulsion, "NatureDeLacteExpulsion":NatureDeLacteExpulsion, ... ], STOP_ON_FAILURE): Call Test Case 'Test Cases/Test Reutilisable/Main/ANEF_Eloignement_V_Nawres/ANEF_Prendre_Mesure' successfully

14-02-2025T14:41:31 - [MESSAGE][INFO] - Checking called Test Case

14-02-2025T14:41:31 - [MESSAGE][INFO] - Starting to call Test Case 'Test Cases/Test Reutilisable/Main/ANEF_Eloignement_V_Nawres/ANEF_Prendre_Mesure'

14-02-2025T14:41:31 - [TEST_CASE][PASSED] - Test Cases/Test Reutilisable/Main/ANEF_Eloignement_V_Nawres/ANEF_Prendre_Mesure: Test Cases/Test Reutilisable/Main/ANEF_Eloignement_V_Nawres/ANEF_Prendre_Mesure

14-02-2025T14:41:31 - [TEST_STEP][PASSED] - click(findTestObject("Object Repository/ANEF_Eloignement_V_Nawres/Page_Prendre_Mesure/btn_Prendre_Mesure"), STOP_ON_FAILURE): Object: 'Object Repository/ANEF_Eloignement_V_Nawres/Page_Prendre_Mesure/btn_Prendre_Mesure' is clicked on

14-02-2025T14:41:31 - [MESSAGE][INFO] - Finding Test Object 'Object Repository/ANEF_Eloignement_V_Nawres/Page_Prendre_Mesure/btn_Prendre_Mesure'

14-02-2025T14:41:31 - [MESSAGE][INFO] - Checking timeout

14-02-2025T14:41:31 - [MESSAGE][INFO] - Finding web element with id: 'Object Repository/ANEF_Eloignement_V_Nawres/Page_Prendre_Mesure/btn_Prendre_Mesure' located by 'By.xpath: //button[@title="Prendre une Mesure"]' in '20' second(s)

14-02-2025T14:41:31 - [MESSAGE][INFO] - Found 1 web elements with id: 'Object Repository/ANEF_Eloignement_V_Nawres/Page_Prendre_Mesure/btn_Prendre_Mesure' located by 'By.xpath: //button[@title="Prendre une Mesure"]' in '20' second(s)

14-02-2025T14:41:31 - [MESSAGE][INFO] - Checking object

14-02-2025T14:41:31 - [MESSAGE][INFO] - Checking timeout

14-02-2025T14:41:31 - [MESSAGE][INFO] - Finding web element from Test Object's properties

14-02-2025T14:41:31 - [MESSAGE][INFO] - Checking timeout

14-02-2025T14:41:31 - [MESSAGE][INFO] - Finding web element with id: 'Object Repository/ANEF_Eloignement_V_Nawres/Page_Prendre_Mesure/btn_Prendre_Mesure' located by 'By.xpath: //button[@title="Prendre une Mesure"]' in '100' second(s)

14-02-2025T14:41:31 - [MESSAGE][INFO] - Found 1 web elements with id: 'Object Repository/ANEF_Eloignement_V_Nawres/Page_Prendre_Mesure/btn_Prendre_Mesure' located by 'By.xpath: //button[@title="Prendre une Mesure"]' in '100' second(s)

14-02-2025T14:41:31 - [MESSAGE][INFO] - Clicking on object: 'Object Repository/ANEF_Eloignement_V_Nawres/Page_Prendre_Mesure/btn_Prendre_Mesure'

14-02-2025T14:41:32 - [MESSAGE][PASSED] - Object: 'Object Repository/ANEF_Eloignement_V_Nawres/Page_Prendre_Mesure/btn_Prendre_Mesure' is clicked on

14-02-2025T14:41:32 - [TEST_STEP][PASSED] - delay(5): Delayed 5 second(s)

14-02-2025T14:41:32 - [MESSAGE][INFO] - Delaying browser in 5 second(s)

14-02-2025T14:41:37 - [MESSAGE][PASSED] - Delayed 5 second(s)

14-02-2025T14:41:37 - [TEST_STEP][PASSED] - switch (Mesure): null

14-02-2025T14:41:37 - [TEST_STEP][PASSED] - case "IAT":: null

14-02-2025T14:41:37 - [TEST_STEP][PASSED] - selectOptionByLabel(findTestObject("Object Repository/ANEF_Eloignement_V_Nawres/Page_Prendre_Mesure/select_Type_Mesure"), "IAT", false, STOP_ON_FAILURE): All options with label 'IAT' are selected in object 'Object Repository/ANEF_Eloignement_V_Nawres/Page_Prendre_Mesure/select_Type_Mesure' 

14-02-2025T14:41:37 - [MESSAGE][INFO] - Finding Test Object 'Object Repository/ANEF_Eloignement_V_Nawres/Page_Prendre_Mesure/select_Type_Mesure'

14-02-2025T14:41:37 - [MESSAGE][INFO] - Checking timeout

14-02-2025T14:41:37 - [MESSAGE][INFO] - Finding web element with id: 'Object Repository/ANEF_Eloignement_V_Nawres/Page_Prendre_Mesure/select_Type_Mesure' located by 'By.xpath: //select[@id="typeMesure"]' in '20' second(s)

14-02-2025T14:41:37 - [MESSAGE][INFO] - Found 1 web elements with id: 'Object Repository/ANEF_Eloignement_V_Nawres/Page_Prendre_Mesure/select_Type_Mesure' located by 'By.xpath: //select[@id="typeMesure"]' in '20' second(s)

14-02-2025T14:41:37 - [MESSAGE][INFO] - Checking object

14-02-2025T14:41:37 - [MESSAGE][INFO] - Checking label parameter

14-02-2025T14:41:37 - [MESSAGE][INFO] - Finding web element from Test Object's properties

14-02-2025T14:41:37 - [MESSAGE][INFO] - Checking timeout

14-02-2025T14:41:37 - [MESSAGE][INFO] - Finding web element with id: 'Object Repository/ANEF_Eloignement_V_Nawres/Page_Prendre_Mesure/select_Type_Mesure' located by 'By.xpath: //select[@id="typeMesure"]' in '100' second(s)

14-02-2025T14:41:37 - [MESSAGE][INFO] - Found 1 web elements with id: 'Object Repository/ANEF_Eloignement_V_Nawres/Page_Prendre_Mesure/select_Type_Mesure' located by 'By.xpath: //select[@id="typeMesure"]' in '100' second(s)

14-02-2025T14:41:37 - [MESSAGE][INFO] - Selecting options on object 'Object Repository/ANEF_Eloignement_V_Nawres/Page_Prendre_Mesure/select_Type_Mesure' with label 'IAT' 

14-02-2025T14:41:38 - [MESSAGE][PASSED] - All options with label 'IAT' are selected in object 'Object Repository/ANEF_Eloignement_V_Nawres/Page_Prendre_Mesure/select_Type_Mesure' 

14-02-2025T14:41:38 - [TEST_STEP][PASSED] - click(findTestObject("Object Repository/ANEF_Eloignement_V_Nawres/Page_Prendre_Mesure/btn_Confirmer_Mesure"), STOP_ON_FAILURE): Object: 'Object Repository/ANEF_Eloignement_V_Nawres/Page_Prendre_Mesure/btn_Confirmer_Mesure' is clicked on

14-02-2025T14:41:38 - [MESSAGE][INFO] - Finding Test Object 'Object Repository/ANEF_Eloignement_V_Nawres/Page_Prendre_Mesure/btn_Confirmer_Mesure'

14-02-2025T14:41:38 - [MESSAGE][INFO] - Checking timeout

14-02-2025T14:41:38 - [MESSAGE][INFO] - Finding web element with id: 'Object Repository/ANEF_Eloignement_V_Nawres/Page_Prendre_Mesure/btn_Confirmer_Mesure' located by 'By.xpath: //button[@id="btn-confirme-decision"]' in '20' second(s)

14-02-2025T14:41:38 - [MESSAGE][INFO] - Found 1 web elements with id: 'Object Repository/ANEF_Eloignement_V_Nawres/Page_Prendre_Mesure/btn_Confirmer_Mesure' located by 'By.xpath: //button[@id="btn-confirme-decision"]' in '20' second(s)

14-02-2025T14:41:38 - [MESSAGE][INFO] - Checking object

14-02-2025T14:41:38 - [MESSAGE][INFO] - Checking timeout

14-02-2025T14:41:38 - [MESSAGE][INFO] - Finding web element from Test Object's properties

14-02-2025T14:41:38 - [MESSAGE][INFO] - Checking timeout

14-02-2025T14:41:38 - [MESSAGE][INFO] - Finding web element with id: 'Object Repository/ANEF_Eloignement_V_Nawres/Page_Prendre_Mesure/btn_Confirmer_Mesure' located by 'By.xpath: //button[@id="btn-confirme-decision"]' in '100' second(s)

14-02-2025T14:41:38 - [MESSAGE][INFO] - Found 1 web elements with id: 'Object Repository/ANEF_Eloignement_V_Nawres/Page_Prendre_Mesure/btn_Confirmer_Mesure' located by 'By.xpath: //button[@id="btn-confirme-decision"]' in '100' second(s)

14-02-2025T14:41:38 - [MESSAGE][INFO] - Clicking on object: 'Object Repository/ANEF_Eloignement_V_Nawres/Page_Prendre_Mesure/btn_Confirmer_Mesure'

14-02-2025T14:41:40 - [MESSAGE][PASSED] - Object: 'Object Repository/ANEF_Eloignement_V_Nawres/Page_Prendre_Mesure/btn_Confirmer_Mesure' is clicked on

14-02-2025T14:41:40 - [TEST_STEP][PASSED] - verifyElementPresent(findTestObject("Object Repository/ANEF_Eloignement_V_Nawres/Page_Prendre_Mesure/btn_Supprimer_Fiche_Mesure"), 2, STOP_ON_FAILURE): Object 'Object Repository/ANEF_Eloignement_V_Nawres/Page_Prendre_Mesure/btn_Supprimer_Fiche_Mesure' is present

14-02-2025T14:41:40 - [MESSAGE][INFO] - Finding Test Object 'Object Repository/ANEF_Eloignement_V_Nawres/Page_Prendre_Mesure/btn_Supprimer_Fiche_Mesure'

14-02-2025T14:41:40 - [MESSAGE][INFO] - Checking object

14-02-2025T14:41:40 - [MESSAGE][INFO] - Finding web element from Test Object's properties

14-02-2025T14:41:40 - [MESSAGE][INFO] - Checking timeout

14-02-2025T14:41:40 - [MESSAGE][INFO] - Finding web element with id: 'Object Repository/ANEF_Eloignement_V_Nawres/Page_Prendre_Mesure/btn_Supprimer_Fiche_Mesure' located by 'By.xpath: //button[@title="Supprimer une Mesure"]' in '2' second(s)

14-02-2025T14:41:41 - [MESSAGE][INFO] - Found 1 web elements with id: 'Object Repository/ANEF_Eloignement_V_Nawres/Page_Prendre_Mesure/btn_Supprimer_Fiche_Mesure' located by 'By.xpath: //button[@title="Supprimer une Mesure"]' in '2' second(s)

14-02-2025T14:41:41 - [MESSAGE][PASSED] - Object 'Object Repository/ANEF_Eloignement_V_Nawres/Page_Prendre_Mesure/btn_Supprimer_Fiche_Mesure' is present

14-02-2025T14:41:41 - [TEST_STEP][PASSED] - break: null

14-02-2025T14:41:41 - [TEST_STEP][PASSED] - callTestCase(findTestCase("Test Cases/Test Reutilisable/Main/ANEF_Eloignement_V_Nawres/ANEF_Prendre_Mesure_Formulaire"), ["Mesure":Mesure, "FondementLegal":FondementLegal, "NatureDeLacteExpulsion":NatureDeLacteExpulsion, "UrgenceAbsolueExpulsion":UrgenceAbsolueExpulsion, ... ], STOP_ON_FAILURE): Call Test Case 'Test Cases/Test Reutilisable/Main/ANEF_Eloignement_V_Nawres/ANEF_Prendre_Mesure_Formulaire' successfully

14-02-2025T14:41:41 - [MESSAGE][INFO] - Checking called Test Case

14-02-2025T14:41:41 - [MESSAGE][INFO] - Starting to call Test Case 'Test Cases/Test Reutilisable/Main/ANEF_Eloignement_V_Nawres/ANEF_Prendre_Mesure_Formulaire'

14-02-2025T14:41:41 - [TEST_CASE][PASSED] - Test Cases/Test Reutilisable/Main/ANEF_Eloignement_V_Nawres/ANEF_Prendre_Mesure_Formulaire: Test Cases/Test Reutilisable/Main/ANEF_Eloignement_V_Nawres/ANEF_Prendre_Mesure_Formulaire

14-02-2025T14:41:41 - [TEST_STEP][PASSED] - calendar = Calendar.getInstance(): null

14-02-2025T14:41:41 - [TEST_STEP][PASSED] - currentDate = calendar.getTime(): null

14-02-2025T14:41:41 - [TEST_STEP][PASSED] - sdf = new java.text.SimpleDateFormat(dd/MM/yyyy): null

14-02-2025T14:41:41 - [TEST_STEP][PASSED] - formattedDate = sdf.format(currentDate): null

14-02-2025T14:41:41 - [TEST_STEP][PASSED] - DateActuelle = formattedDate.toString(): null

14-02-2025T14:41:41 - [TEST_STEP][PASSED] - println(DateActuelle): null

14-02-2025T14:41:41 - [TEST_STEP][PASSED] - if (Mesure != "ITF"): Object: 'Object Repository/ANEF_Eloignement_V_Nawres/Page_Prendre_Mesure_Formulaire/btn_Confirmer_Enregistrement_Mesure' is clicked on

14-02-2025T14:41:41 - [TEST_STEP][PASSED] - selectOptionByLabel(findTestObject("Object Repository/ANEF_Eloignement_V_Nawres/Page_Prendre_Mesure_Formulaire/select_Fondement_Legal"), FondementLegal, false, STOP_ON_FAILURE): All options with label 'L.321-1' are selected in object 'Object Repository/ANEF_Eloignement_V_Nawres/Page_Prendre_Mesure_Formulaire/select_Fondement_Legal' 

14-02-2025T14:41:41 - [MESSAGE][INFO] - Finding Test Object 'Object Repository/ANEF_Eloignement_V_Nawres/Page_Prendre_Mesure_Formulaire/select_Fondement_Legal'

14-02-2025T14:41:41 - [MESSAGE][INFO] - Checking timeout

14-02-2025T14:41:41 - [MESSAGE][INFO] - Finding web element with id: 'Object Repository/ANEF_Eloignement_V_Nawres/Page_Prendre_Mesure_Formulaire/select_Fondement_Legal' located by 'By.xpath: //select[@id="fondement_legal"]' in '20' second(s)

14-02-2025T14:41:41 - [MESSAGE][INFO] - Found 1 web elements with id: 'Object Repository/ANEF_Eloignement_V_Nawres/Page_Prendre_Mesure_Formulaire/select_Fondement_Legal' located by 'By.xpath: //select[@id="fondement_legal"]' in '20' second(s)

14-02-2025T14:41:41 - [MESSAGE][INFO] - Checking object

14-02-2025T14:41:41 - [MESSAGE][INFO] - Checking label parameter

14-02-2025T14:41:41 - [MESSAGE][INFO] - Finding web element from Test Object's properties

14-02-2025T14:41:41 - [MESSAGE][INFO] - Checking timeout

14-02-2025T14:41:41 - [MESSAGE][INFO] - Finding web element with id: 'Object Repository/ANEF_Eloignement_V_Nawres/Page_Prendre_Mesure_Formulaire/select_Fondement_Legal' located by 'By.xpath: //select[@id="fondement_legal"]' in '100' second(s)

14-02-2025T14:41:41 - [MESSAGE][INFO] - Found 1 web elements with id: 'Object Repository/ANEF_Eloignement_V_Nawres/Page_Prendre_Mesure_Formulaire/select_Fondement_Legal' located by 'By.xpath: //select[@id="fondement_legal"]' in '100' second(s)

14-02-2025T14:41:41 - [MESSAGE][INFO] - Selecting options on object 'Object Repository/ANEF_Eloignement_V_Nawres/Page_Prendre_Mesure_Formulaire/select_Fondement_Legal' with label 'L.321-1' 

14-02-2025T14:41:41 - [MESSAGE][PASSED] - All options with label 'L.321-1' are selected in object 'Object Repository/ANEF_Eloignement_V_Nawres/Page_Prendre_Mesure_Formulaire/select_Fondement_Legal' 

14-02-2025T14:41:41 - [TEST_STEP][PASSED] - if (Mesure == "Expulsion"): null

14-02-2025T14:41:41 - [TEST_STEP][PASSED] - NumberUsagerRandom = tools.MyStringTools.getRandomNumber(10, 99): tools.MyStringTools.getRandomNumber is PASSED

14-02-2025T14:41:41 - [MESSAGE][PASSED] - tools.MyStringTools.getRandomNumber is PASSED

14-02-2025T14:41:41 - [TEST_STEP][PASSED] - println(NumberUsagerRandom): null

14-02-2025T14:41:41 - [TEST_STEP][PASSED] - RandomNumber = NumberUsagerRandom.toString(): null

14-02-2025T14:41:41 - [TEST_STEP][PASSED] - if (Mesure == "OQTF"): null

14-02-2025T14:41:41 - [TEST_STEP][PASSED] - if (Mesure == "RemiseSchengen"): null

14-02-2025T14:41:41 - [TEST_STEP][PASSED] - RandomNumber = tools.MyStringTools.getRandomNumber(1, 30): tools.MyStringTools.getRandomNumber is PASSED

14-02-2025T14:41:41 - [MESSAGE][PASSED] - tools.MyStringTools.getRandomNumber is PASSED

14-02-2025T14:41:41 - [TEST_STEP][PASSED] - println(RandomNumber): null

14-02-2025T14:41:41 - [TEST_STEP][PASSED] - RandomNumberSelect = RandomNumber.toString(): null

14-02-2025T14:41:41 - [TEST_STEP][PASSED] - if (Mesure == "TransfertDublin"): null

14-02-2025T14:41:41 - [TEST_STEP][PASSED] - if (Mesure == "ExecutionFicheSIS"): null

14-02-2025T14:41:41 - [TEST_STEP][PASSED] - if (Mesure == "IAT"): Object: 'Object Repository/ANEF_Eloignement_V_Nawres/Page_Prendre_Mesure_Formulaire/btn_Confirmer_Enregistrement_Mesure' is clicked on

14-02-2025T14:41:41 - [TEST_STEP][PASSED] - click(findTestObject("Object Repository/ANEF_Eloignement_V_Nawres/Page_Prendre_Mesure_Formulaire/btn_Duree_IAT_Indeterminee"), STOP_ON_FAILURE): Object: 'Object Repository/ANEF_Eloignement_V_Nawres/Page_Prendre_Mesure_Formulaire/btn_Duree_IAT_Indeterminee' is clicked on

14-02-2025T14:41:41 - [MESSAGE][INFO] - Finding Test Object 'Object Repository/ANEF_Eloignement_V_Nawres/Page_Prendre_Mesure_Formulaire/btn_Duree_IAT_Indeterminee'

14-02-2025T14:41:41 - [MESSAGE][INFO] - Checking timeout

14-02-2025T14:41:41 - [MESSAGE][INFO] - Finding web element with id: 'Object Repository/ANEF_Eloignement_V_Nawres/Page_Prendre_Mesure_Formulaire/btn_Duree_IAT_Indeterminee' located by 'By.xpath: //*[@id="checkboxes"]//div/label[contains(text(),"DurÃ©e indÃ©terminÃ©e")]' in '20' second(s)

14-02-2025T14:41:41 - [MESSAGE][INFO] - Found 1 web elements with id: 'Object Repository/ANEF_Eloignement_V_Nawres/Page_Prendre_Mesure_Formulaire/btn_Duree_IAT_Indeterminee' located by 'By.xpath: //*[@id="checkboxes"]//div/label[contains(text(),"DurÃ©e indÃ©terminÃ©e")]' in '20' second(s)

14-02-2025T14:41:41 - [MESSAGE][INFO] - Checking object

14-02-2025T14:41:41 - [MESSAGE][INFO] - Checking timeout

14-02-2025T14:41:41 - [MESSAGE][INFO] - Finding web element from Test Object's properties

14-02-2025T14:41:41 - [MESSAGE][INFO] - Checking timeout

14-02-2025T14:41:41 - [MESSAGE][INFO] - Finding web element with id: 'Object Repository/ANEF_Eloignement_V_Nawres/Page_Prendre_Mesure_Formulaire/btn_Duree_IAT_Indeterminee' located by 'By.xpath: //*[@id="checkboxes"]//div/label[contains(text(),"DurÃ©e indÃ©terminÃ©e")]' in '100' second(s)

14-02-2025T14:41:41 - [MESSAGE][INFO] - Found 1 web elements with id: 'Object Repository/ANEF_Eloignement_V_Nawres/Page_Prendre_Mesure_Formulaire/btn_Duree_IAT_Indeterminee' located by 'By.xpath: //*[@id="checkboxes"]//div/label[contains(text(),"DurÃ©e indÃ©terminÃ©e")]' in '100' second(s)

14-02-2025T14:41:41 - [MESSAGE][INFO] - Clicking on object: 'Object Repository/ANEF_Eloignement_V_Nawres/Page_Prendre_Mesure_Formulaire/btn_Duree_IAT_Indeterminee'

14-02-2025T14:41:42 - [MESSAGE][PASSED] - Object: 'Object Repository/ANEF_Eloignement_V_Nawres/Page_Prendre_Mesure_Formulaire/btn_Duree_IAT_Indeterminee' is clicked on

14-02-2025T14:41:42 - [TEST_STEP][PASSED] - click(findTestObject("Object Repository/ANEF_Eloignement_V_Nawres/Page_Prendre_Mesure_Formulaire/btn_Ajouter_Document"), STOP_ON_FAILURE): Object: 'Object Repository/ANEF_Eloignement_V_Nawres/Page_Prendre_Mesure_Formulaire/btn_Ajouter_Document' is clicked on

14-02-2025T14:41:42 - [MESSAGE][INFO] - Finding Test Object 'Object Repository/ANEF_Eloignement_V_Nawres/Page_Prendre_Mesure_Formulaire/btn_Ajouter_Document'

14-02-2025T14:41:42 - [MESSAGE][INFO] - Checking timeout

14-02-2025T14:41:42 - [MESSAGE][INFO] - Finding web element with id: 'Object Repository/ANEF_Eloignement_V_Nawres/Page_Prendre_Mesure_Formulaire/btn_Ajouter_Document' located by 'By.xpath: //section/div/form//app-dsfr-piece-jointe/button' in '20' second(s)

14-02-2025T14:41:42 - [MESSAGE][INFO] - Found 1 web elements with id: 'Object Repository/ANEF_Eloignement_V_Nawres/Page_Prendre_Mesure_Formulaire/btn_Ajouter_Document' located by 'By.xpath: //section/div/form//app-dsfr-piece-jointe/button' in '20' second(s)

14-02-2025T14:41:42 - [MESSAGE][INFO] - Checking object

14-02-2025T14:41:42 - [MESSAGE][INFO] - Checking timeout

14-02-2025T14:41:42 - [MESSAGE][INFO] - Finding web element from Test Object's properties

14-02-2025T14:41:42 - [MESSAGE][INFO] - Checking timeout

14-02-2025T14:41:42 - [MESSAGE][INFO] - Finding web element with id: 'Object Repository/ANEF_Eloignement_V_Nawres/Page_Prendre_Mesure_Formulaire/btn_Ajouter_Document' located by 'By.xpath: //section/div/form//app-dsfr-piece-jointe/button' in '100' second(s)

14-02-2025T14:41:42 - [MESSAGE][INFO] - Found 1 web elements with id: 'Object Repository/ANEF_Eloignement_V_Nawres/Page_Prendre_Mesure_Formulaire/btn_Ajouter_Document' located by 'By.xpath: //section/div/form//app-dsfr-piece-jointe/button' in '100' second(s)

14-02-2025T14:41:42 - [MESSAGE][INFO] - Clicking on object: 'Object Repository/ANEF_Eloignement_V_Nawres/Page_Prendre_Mesure_Formulaire/btn_Ajouter_Document'

14-02-2025T14:41:43 - [MESSAGE][PASSED] - Object: 'Object Repository/ANEF_Eloignement_V_Nawres/Page_Prendre_Mesure_Formulaire/btn_Ajouter_Document' is clicked on

14-02-2025T14:41:43 - [TEST_STEP][PASSED] - selectOptionByIndex(findTestObject("Object Repository/ANEF_Eloignement_V_Nawres/Page_Prendre_Mesure_Formulaire/select_Type_Document"), "1", STOP_ON_FAILURE): All options with index in [1] are selected on object 'Object Repository/ANEF_Eloignement_V_Nawres/Page_Prendre_Mesure_Formulaire/select_Type_Document'

14-02-2025T14:41:43 - [MESSAGE][INFO] - Finding Test Object 'Object Repository/ANEF_Eloignement_V_Nawres/Page_Prendre_Mesure_Formulaire/select_Type_Document'

14-02-2025T14:41:43 - [MESSAGE][INFO] - Checking timeout

14-02-2025T14:41:43 - [MESSAGE][INFO] - Finding web element with id: 'Object Repository/ANEF_Eloignement_V_Nawres/Page_Prendre_Mesure_Formulaire/select_Type_Document' located by 'By.xpath: //select[@name="type"]' in '20' second(s)

14-02-2025T14:41:43 - [MESSAGE][INFO] - Found 1 web elements with id: 'Object Repository/ANEF_Eloignement_V_Nawres/Page_Prendre_Mesure_Formulaire/select_Type_Document' located by 'By.xpath: //select[@name="type"]' in '20' second(s)

14-02-2025T14:41:43 - [MESSAGE][INFO] - Checking object

14-02-2025T14:41:43 - [MESSAGE][INFO] - Checking index range

14-02-2025T14:41:43 - [MESSAGE][INFO] - Converting range parameter '1' to index array

14-02-2025T14:41:43 - [MESSAGE][INFO] - Range parameter '1' is converted to index array [1]

14-02-2025T14:41:43 - [MESSAGE][INFO] - Finding web element from Test Object's properties

14-02-2025T14:41:43 - [MESSAGE][INFO] - Checking timeout

14-02-2025T14:41:43 - [MESSAGE][INFO] - Finding web element with id: 'Object Repository/ANEF_Eloignement_V_Nawres/Page_Prendre_Mesure_Formulaire/select_Type_Document' located by 'By.xpath: //select[@name="type"]' in '100' second(s)

14-02-2025T14:41:43 - [MESSAGE][INFO] - Found 1 web elements with id: 'Object Repository/ANEF_Eloignement_V_Nawres/Page_Prendre_Mesure_Formulaire/select_Type_Document' located by 'By.xpath: //select[@name="type"]' in '100' second(s)

14-02-2025T14:41:44 - [MESSAGE][INFO] - Checking index parameters

14-02-2025T14:41:44 - [MESSAGE][INFO] - Selecting options on object 'Object Repository/ANEF_Eloignement_V_Nawres/Page_Prendre_Mesure_Formulaire/select_Type_Document' with index in [1]

14-02-2025T14:41:45 - [MESSAGE][INFO] - Option with index 1 is selected

14-02-2025T14:41:45 - [MESSAGE][PASSED] - All options with index in [1] are selected on object 'Object Repository/ANEF_Eloignement_V_Nawres/Page_Prendre_Mesure_Formulaire/select_Type_Document'

14-02-2025T14:41:45 - [TEST_STEP][PASSED] - uploadFile(findTestObject("Object Repository/ANEF_Eloignement_V_Nawres/Page_Prendre_Mesure_Formulaire/input_Fichier_Fiche_Schengen"), getProjectDir() + "/Data Files/Fichier_Test.pdf"): File 'C:/Users/nbenjemi/Katalon Studio/ANEF-ELOIGNEMENT-20250121/ANEF-ELOIGNEMENT-20250121/Data Files/Fichier_Test.pdf' sent to object: 'Object Repository/ANEF_Eloignement_V_Nawres/Page_Prendre_Mesure_Formulaire/input_Fichier_Fiche_Schengen'

14-02-2025T14:41:45 - [MESSAGE][INFO] - Finding Test Object 'Object Repository/ANEF_Eloignement_V_Nawres/Page_Prendre_Mesure_Formulaire/input_Fichier_Fiche_Schengen'

14-02-2025T14:41:45 - [MESSAGE][INFO] - Checking object

14-02-2025T14:41:45 - [MESSAGE][INFO] - Uploading file 'C:/Users/nbenjemi/Katalon Studio/ANEF-ELOIGNEMENT-20250121/ANEF-ELOIGNEMENT-20250121/Data Files/Fichier_Test.pdf' to object: 'Object Repository/ANEF_Eloignement_V_Nawres/Page_Prendre_Mesure_Formulaire/input_Fichier_Fiche_Schengen'

14-02-2025T14:41:45 - [MESSAGE][INFO] - Finding web element from Test Object's properties

14-02-2025T14:41:45 - [MESSAGE][INFO] - Checking timeout

14-02-2025T14:41:45 - [MESSAGE][INFO] - Finding web element with id: 'Object Repository/ANEF_Eloignement_V_Nawres/Page_Prendre_Mesure_Formulaire/input_Fichier_Fiche_Schengen' located by 'By.xpath: //section/div/form//app-dsfr-piece-jointe//input' in '100' second(s)

14-02-2025T14:41:45 - [MESSAGE][INFO] - Found 1 web elements with id: 'Object Repository/ANEF_Eloignement_V_Nawres/Page_Prendre_Mesure_Formulaire/input_Fichier_Fiche_Schengen' located by 'By.xpath: //section/div/form//app-dsfr-piece-jointe//input' in '100' second(s)

14-02-2025T14:41:46 - [MESSAGE][PASSED] - File 'C:/Users/nbenjemi/Katalon Studio/ANEF-ELOIGNEMENT-20250121/ANEF-ELOIGNEMENT-20250121/Data Files/Fichier_Test.pdf' sent to object: 'Object Repository/ANEF_Eloignement_V_Nawres/Page_Prendre_Mesure_Formulaire/input_Fichier_Fiche_Schengen'

14-02-2025T14:41:46 - [TEST_STEP][PASSED] - setText(findTestObject("Object Repository/ANEF_Eloignement_V_Nawres/Page_Prendre_Mesure_Formulaire/input_Date_Decision_IAT"), DateActuelle, STOP_ON_FAILURE): Text '14/02/2025' is set on object 'Object Repository/ANEF_Eloignement_V_Nawres/Page_Prendre_Mesure_Formulaire/input_Date_Decision_IAT'

14-02-2025T14:41:46 - [MESSAGE][INFO] - Finding Test Object 'Object Repository/ANEF_Eloignement_V_Nawres/Page_Prendre_Mesure_Formulaire/input_Date_Decision_IAT'

14-02-2025T14:41:46 - [MESSAGE][INFO] - Checking timeout

14-02-2025T14:41:46 - [MESSAGE][INFO] - Finding web element with id: 'Object Repository/ANEF_Eloignement_V_Nawres/Page_Prendre_Mesure_Formulaire/input_Date_Decision_IAT' located by 'By.xpath: //input[@id="date_decision"]' in '20' second(s)

14-02-2025T14:41:46 - [MESSAGE][INFO] - Found 1 web elements with id: 'Object Repository/ANEF_Eloignement_V_Nawres/Page_Prendre_Mesure_Formulaire/input_Date_Decision_IAT' located by 'By.xpath: //input[@id="date_decision"]' in '20' second(s)

14-02-2025T14:41:46 - [MESSAGE][INFO] - Checking object

14-02-2025T14:41:46 - [MESSAGE][INFO] - Checking text

14-02-2025T14:41:46 - [MESSAGE][INFO] - Finding web element from Test Object's properties

14-02-2025T14:41:46 - [MESSAGE][INFO] - Checking timeout

14-02-2025T14:41:46 - [MESSAGE][INFO] - Finding web element with id: 'Object Repository/ANEF_Eloignement_V_Nawres/Page_Prendre_Mesure_Formulaire/input_Date_Decision_IAT' located by 'By.xpath: //input[@id="date_decision"]' in '100' second(s)

14-02-2025T14:41:46 - [MESSAGE][INFO] - Found 1 web elements with id: 'Object Repository/ANEF_Eloignement_V_Nawres/Page_Prendre_Mesure_Formulaire/input_Date_Decision_IAT' located by 'By.xpath: //input[@id="date_decision"]' in '100' second(s)

14-02-2025T14:41:46 - [MESSAGE][INFO] - Clearing text of object 'Object Repository/ANEF_Eloignement_V_Nawres/Page_Prendre_Mesure_Formulaire/input_Date_Decision_IAT'

14-02-2025T14:41:47 - [MESSAGE][INFO] - Finding web element from Test Object's properties

14-02-2025T14:41:47 - [MESSAGE][INFO] - Checking timeout

14-02-2025T14:41:47 - [MESSAGE][INFO] - Finding web element with id: 'Object Repository/ANEF_Eloignement_V_Nawres/Page_Prendre_Mesure_Formulaire/input_Date_Decision_IAT' located by 'By.xpath: //input[@id="date_decision"]' in '100' second(s)

14-02-2025T14:41:47 - [MESSAGE][INFO] - Found 1 web elements with id: 'Object Repository/ANEF_Eloignement_V_Nawres/Page_Prendre_Mesure_Formulaire/input_Date_Decision_IAT' located by 'By.xpath: //input[@id="date_decision"]' in '100' second(s)

14-02-2025T14:41:47 - [MESSAGE][INFO] - Setting text of object 'Object Repository/ANEF_Eloignement_V_Nawres/Page_Prendre_Mesure_Formulaire/input_Date_Decision_IAT' to value '14/02/2025'

14-02-2025T14:41:48 - [MESSAGE][PASSED] - Text '14/02/2025' is set on object 'Object Repository/ANEF_Eloignement_V_Nawres/Page_Prendre_Mesure_Formulaire/input_Date_Decision_IAT'

14-02-2025T14:41:48 - [TEST_STEP][PASSED] - selectOptionByLabel(findTestObject("Object Repository/ANEF_Eloignement_V_Nawres/Page_Prendre_Mesure_Formulaire/select_Mode_Notification"), ModeNotification, false, STOP_ON_FAILURE): All options with label 'Voie administrative' are selected in object 'Object Repository/ANEF_Eloignement_V_Nawres/Page_Prendre_Mesure_Formulaire/select_Mode_Notification' 

14-02-2025T14:41:48 - [MESSAGE][INFO] - Finding Test Object 'Object Repository/ANEF_Eloignement_V_Nawres/Page_Prendre_Mesure_Formulaire/select_Mode_Notification'

14-02-2025T14:41:48 - [MESSAGE][INFO] - Checking timeout

14-02-2025T14:41:48 - [MESSAGE][INFO] - Finding web element with id: 'Object Repository/ANEF_Eloignement_V_Nawres/Page_Prendre_Mesure_Formulaire/select_Mode_Notification' located by 'By.xpath: //select[@id="mode_notification"]' in '20' second(s)

14-02-2025T14:41:48 - [MESSAGE][INFO] - Found 1 web elements with id: 'Object Repository/ANEF_Eloignement_V_Nawres/Page_Prendre_Mesure_Formulaire/select_Mode_Notification' located by 'By.xpath: //select[@id="mode_notification"]' in '20' second(s)

14-02-2025T14:41:48 - [MESSAGE][INFO] - Checking object

14-02-2025T14:41:48 - [MESSAGE][INFO] - Checking label parameter

14-02-2025T14:41:48 - [MESSAGE][INFO] - Finding web element from Test Object's properties

14-02-2025T14:41:48 - [MESSAGE][INFO] - Checking timeout

14-02-2025T14:41:48 - [MESSAGE][INFO] - Finding web element with id: 'Object Repository/ANEF_Eloignement_V_Nawres/Page_Prendre_Mesure_Formulaire/select_Mode_Notification' located by 'By.xpath: //select[@id="mode_notification"]' in '100' second(s)

14-02-2025T14:41:48 - [MESSAGE][INFO] - Found 1 web elements with id: 'Object Repository/ANEF_Eloignement_V_Nawres/Page_Prendre_Mesure_Formulaire/select_Mode_Notification' located by 'By.xpath: //select[@id="mode_notification"]' in '100' second(s)

14-02-2025T14:41:48 - [MESSAGE][INFO] - Selecting options on object 'Object Repository/ANEF_Eloignement_V_Nawres/Page_Prendre_Mesure_Formulaire/select_Mode_Notification' with label 'Voie administrative' 

14-02-2025T14:41:49 - [MESSAGE][PASSED] - All options with label 'Voie administrative' are selected in object 'Object Repository/ANEF_Eloignement_V_Nawres/Page_Prendre_Mesure_Formulaire/select_Mode_Notification' 

14-02-2025T14:41:49 - [TEST_STEP][PASSED] - setText(findTestObject("Object Repository/ANEF_Eloignement_V_Nawres/Page_Prendre_Mesure_Formulaire/input_Date_Notification_IAT"), DateActuelle, STOP_ON_FAILURE): Text '14/02/2025' is set on object 'Object Repository/ANEF_Eloignement_V_Nawres/Page_Prendre_Mesure_Formulaire/input_Date_Notification_IAT'

14-02-2025T14:41:49 - [MESSAGE][INFO] - Finding Test Object 'Object Repository/ANEF_Eloignement_V_Nawres/Page_Prendre_Mesure_Formulaire/input_Date_Notification_IAT'

14-02-2025T14:41:49 - [MESSAGE][INFO] - Checking timeout

14-02-2025T14:41:49 - [MESSAGE][INFO] - Finding web element with id: 'Object Repository/ANEF_Eloignement_V_Nawres/Page_Prendre_Mesure_Formulaire/input_Date_Notification_IAT' located by 'By.xpath: //input[@name="date_notification"]' in '20' second(s)

14-02-2025T14:41:49 - [MESSAGE][INFO] - Found 1 web elements with id: 'Object Repository/ANEF_Eloignement_V_Nawres/Page_Prendre_Mesure_Formulaire/input_Date_Notification_IAT' located by 'By.xpath: //input[@name="date_notification"]' in '20' second(s)

14-02-2025T14:41:49 - [MESSAGE][INFO] - Checking object

14-02-2025T14:41:49 - [MESSAGE][INFO] - Checking text

14-02-2025T14:41:49 - [MESSAGE][INFO] - Finding web element from Test Object's properties

14-02-2025T14:41:49 - [MESSAGE][INFO] - Checking timeout

14-02-2025T14:41:49 - [MESSAGE][INFO] - Finding web element with id: 'Object Repository/ANEF_Eloignement_V_Nawres/Page_Prendre_Mesure_Formulaire/input_Date_Notification_IAT' located by 'By.xpath: //input[@name="date_notification"]' in '100' second(s)

14-02-2025T14:41:49 - [MESSAGE][INFO] - Found 1 web elements with id: 'Object Repository/ANEF_Eloignement_V_Nawres/Page_Prendre_Mesure_Formulaire/input_Date_Notification_IAT' located by 'By.xpath: //input[@name="date_notification"]' in '100' second(s)

14-02-2025T14:41:49 - [MESSAGE][INFO] - Clearing text of object 'Object Repository/ANEF_Eloignement_V_Nawres/Page_Prendre_Mesure_Formulaire/input_Date_Notification_IAT'

14-02-2025T14:41:50 - [MESSAGE][INFO] - Finding web element from Test Object's properties

14-02-2025T14:41:50 - [MESSAGE][INFO] - Checking timeout

14-02-2025T14:41:50 - [MESSAGE][INFO] - Finding web element with id: 'Object Repository/ANEF_Eloignement_V_Nawres/Page_Prendre_Mesure_Formulaire/input_Date_Notification_IAT' located by 'By.xpath: //input[@name="date_notification"]' in '100' second(s)

14-02-2025T14:41:50 - [MESSAGE][INFO] - Found 1 web elements with id: 'Object Repository/ANEF_Eloignement_V_Nawres/Page_Prendre_Mesure_Formulaire/input_Date_Notification_IAT' located by 'By.xpath: //input[@name="date_notification"]' in '100' second(s)

14-02-2025T14:41:50 - [MESSAGE][INFO] - Setting text of object 'Object Repository/ANEF_Eloignement_V_Nawres/Page_Prendre_Mesure_Formulaire/input_Date_Notification_IAT' to value '14/02/2025'

14-02-2025T14:41:52 - [MESSAGE][PASSED] - Text '14/02/2025' is set on object 'Object Repository/ANEF_Eloignement_V_Nawres/Page_Prendre_Mesure_Formulaire/input_Date_Notification_IAT'

14-02-2025T14:41:52 - [TEST_STEP][PASSED] - if (ModeNotification == "Voie administrative"): Text '13:30' is set on object 'Object Repository/ANEF_Eloignement_V_Nawres/Page_Prendre_Mesure_Formulaire/input_Heure_Notification_IAT'

14-02-2025T14:41:52 - [TEST_STEP][PASSED] - setText(findTestObject("Object Repository/ANEF_Eloignement_V_Nawres/Page_Prendre_Mesure_Formulaire/input_Heure_Notification_IAT"), "13:30", STOP_ON_FAILURE): Text '13:30' is set on object 'Object Repository/ANEF_Eloignement_V_Nawres/Page_Prendre_Mesure_Formulaire/input_Heure_Notification_IAT'

14-02-2025T14:41:52 - [MESSAGE][INFO] - Finding Test Object 'Object Repository/ANEF_Eloignement_V_Nawres/Page_Prendre_Mesure_Formulaire/input_Heure_Notification_IAT'

14-02-2025T14:41:52 - [MESSAGE][INFO] - Checking timeout

14-02-2025T14:41:52 - [MESSAGE][INFO] - Finding web element with id: 'Object Repository/ANEF_Eloignement_V_Nawres/Page_Prendre_Mesure_Formulaire/input_Heure_Notification_IAT' located by 'By.xpath: //input[@id="heure_notification"]' in '20' second(s)

14-02-2025T14:41:52 - [MESSAGE][INFO] - Found 1 web elements with id: 'Object Repository/ANEF_Eloignement_V_Nawres/Page_Prendre_Mesure_Formulaire/input_Heure_Notification_IAT' located by 'By.xpath: //input[@id="heure_notification"]' in '20' second(s)

14-02-2025T14:41:52 - [MESSAGE][INFO] - Checking object

14-02-2025T14:41:52 - [MESSAGE][INFO] - Checking text

14-02-2025T14:41:52 - [MESSAGE][INFO] - Finding web element from Test Object's properties

14-02-2025T14:41:52 - [MESSAGE][INFO] - Checking timeout

14-02-2025T14:41:52 - [MESSAGE][INFO] - Finding web element with id: 'Object Repository/ANEF_Eloignement_V_Nawres/Page_Prendre_Mesure_Formulaire/input_Heure_Notification_IAT' located by 'By.xpath: //input[@id="heure_notification"]' in '100' second(s)

14-02-2025T14:41:52 - [MESSAGE][INFO] - Found 1 web elements with id: 'Object Repository/ANEF_Eloignement_V_Nawres/Page_Prendre_Mesure_Formulaire/input_Heure_Notification_IAT' located by 'By.xpath: //input[@id="heure_notification"]' in '100' second(s)

14-02-2025T14:41:52 - [MESSAGE][INFO] - Clearing text of object 'Object Repository/ANEF_Eloignement_V_Nawres/Page_Prendre_Mesure_Formulaire/input_Heure_Notification_IAT'

14-02-2025T14:41:53 - [MESSAGE][INFO] - Finding web element from Test Object's properties

14-02-2025T14:41:53 - [MESSAGE][INFO] - Checking timeout

14-02-2025T14:41:53 - [MESSAGE][INFO] - Finding web element with id: 'Object Repository/ANEF_Eloignement_V_Nawres/Page_Prendre_Mesure_Formulaire/input_Heure_Notification_IAT' located by 'By.xpath: //input[@id="heure_notification"]' in '100' second(s)

14-02-2025T14:41:53 - [MESSAGE][INFO] - Found 1 web elements with id: 'Object Repository/ANEF_Eloignement_V_Nawres/Page_Prendre_Mesure_Formulaire/input_Heure_Notification_IAT' located by 'By.xpath: //input[@id="heure_notification"]' in '100' second(s)

14-02-2025T14:41:53 - [MESSAGE][INFO] - Setting text of object 'Object Repository/ANEF_Eloignement_V_Nawres/Page_Prendre_Mesure_Formulaire/input_Heure_Notification_IAT' to value '13:30'

14-02-2025T14:41:54 - [MESSAGE][PASSED] - Text '13:30' is set on object 'Object Repository/ANEF_Eloignement_V_Nawres/Page_Prendre_Mesure_Formulaire/input_Heure_Notification_IAT'

14-02-2025T14:41:54 - [TEST_STEP][PASSED] - click(findTestObject("Object Repository/ANEF_Eloignement_V_Nawres/Page_Prendre_Mesure_Formulaire/btn_Valider_Enregistrement_IAT"), STOP_ON_FAILURE): Object: 'Object Repository/ANEF_Eloignement_V_Nawres/Page_Prendre_Mesure_Formulaire/btn_Valider_Enregistrement_IAT' is clicked on

14-02-2025T14:41:54 - [MESSAGE][INFO] - Finding Test Object 'Object Repository/ANEF_Eloignement_V_Nawres/Page_Prendre_Mesure_Formulaire/btn_Valider_Enregistrement_IAT'

14-02-2025T14:41:54 - [MESSAGE][INFO] - Checking timeout

14-02-2025T14:41:54 - [MESSAGE][INFO] - Finding web element with id: 'Object Repository/ANEF_Eloignement_V_Nawres/Page_Prendre_Mesure_Formulaire/btn_Valider_Enregistrement_IAT' located by 'By.xpath: //button[@id="saveButtonIAT"]' in '20' second(s)

14-02-2025T14:41:54 - [MESSAGE][INFO] - Found 1 web elements with id: 'Object Repository/ANEF_Eloignement_V_Nawres/Page_Prendre_Mesure_Formulaire/btn_Valider_Enregistrement_IAT' located by 'By.xpath: //button[@id="saveButtonIAT"]' in '20' second(s)

14-02-2025T14:41:54 - [MESSAGE][INFO] - Checking object

14-02-2025T14:41:54 - [MESSAGE][INFO] - Checking timeout

14-02-2025T14:41:54 - [MESSAGE][INFO] - Finding web element from Test Object's properties

14-02-2025T14:41:54 - [MESSAGE][INFO] - Checking timeout

14-02-2025T14:41:54 - [MESSAGE][INFO] - Finding web element with id: 'Object Repository/ANEF_Eloignement_V_Nawres/Page_Prendre_Mesure_Formulaire/btn_Valider_Enregistrement_IAT' located by 'By.xpath: //button[@id="saveButtonIAT"]' in '100' second(s)

14-02-2025T14:41:54 - [MESSAGE][INFO] - Found 1 web elements with id: 'Object Repository/ANEF_Eloignement_V_Nawres/Page_Prendre_Mesure_Formulaire/btn_Valider_Enregistrement_IAT' located by 'By.xpath: //button[@id="saveButtonIAT"]' in '100' second(s)

14-02-2025T14:41:54 - [MESSAGE][INFO] - Clicking on object: 'Object Repository/ANEF_Eloignement_V_Nawres/Page_Prendre_Mesure_Formulaire/btn_Valider_Enregistrement_IAT'

14-02-2025T14:41:55 - [MESSAGE][PASSED] - Object: 'Object Repository/ANEF_Eloignement_V_Nawres/Page_Prendre_Mesure_Formulaire/btn_Valider_Enregistrement_IAT' is clicked on

14-02-2025T14:41:55 - [TEST_STEP][PASSED] - scrollToElement(findTestObject("Object Repository/ANEF_Eloignement_V_Nawres/Page_Prendre_Mesure_Formulaire/btn_Confirmer_Enregistrement_Mesure"), 50, STOP_ON_FAILURE): Scroll to object 'Object Repository/ANEF_Eloignement_V_Nawres/Page_Prendre_Mesure_Formulaire/btn_Confirmer_Enregistrement_Mesure' successfully

14-02-2025T14:41:55 - [MESSAGE][INFO] - Finding Test Object 'Object Repository/ANEF_Eloignement_V_Nawres/Page_Prendre_Mesure_Formulaire/btn_Confirmer_Enregistrement_Mesure'

14-02-2025T14:41:55 - [MESSAGE][INFO] - Checking object

14-02-2025T14:41:55 - [MESSAGE][INFO] - Checking timeout

14-02-2025T14:41:55 - [MESSAGE][INFO] - Finding web element from Test Object's properties

14-02-2025T14:41:55 - [MESSAGE][INFO] - Checking timeout

14-02-2025T14:41:55 - [MESSAGE][INFO] - Finding web element with id: 'Object Repository/ANEF_Eloignement_V_Nawres/Page_Prendre_Mesure_Formulaire/btn_Confirmer_Enregistrement_Mesure' located by 'By.xpath: //button[contains(text(),"Confirmer lâ€™enregistrement de la mesure")]' in '100' second(s)

14-02-2025T14:41:55 - [MESSAGE][INFO] - Found 1 web elements with id: 'Object Repository/ANEF_Eloignement_V_Nawres/Page_Prendre_Mesure_Formulaire/btn_Confirmer_Enregistrement_Mesure' located by 'By.xpath: //button[contains(text(),"Confirmer lâ€™enregistrement de la mesure")]' in '100' second(s)

14-02-2025T14:41:55 - [MESSAGE][INFO] - Scrolling to object 'Object Repository/ANEF_Eloignement_V_Nawres/Page_Prendre_Mesure_Formulaire/btn_Confirmer_Enregistrement_Mesure'

14-02-2025T14:41:55 - [MESSAGE][PASSED] - Scroll to object 'Object Repository/ANEF_Eloignement_V_Nawres/Page_Prendre_Mesure_Formulaire/btn_Confirmer_Enregistrement_Mesure' successfully

14-02-2025T14:41:55 - [TEST_STEP][PASSED] - click(findTestObject("Object Repository/ANEF_Eloignement_V_Nawres/Page_Prendre_Mesure_Formulaire/btn_Confirmer_Enregistrement_Mesure"), STOP_ON_FAILURE): Object: 'Object Repository/ANEF_Eloignement_V_Nawres/Page_Prendre_Mesure_Formulaire/btn_Confirmer_Enregistrement_Mesure' is clicked on

14-02-2025T14:41:55 - [MESSAGE][INFO] - Finding Test Object 'Object Repository/ANEF_Eloignement_V_Nawres/Page_Prendre_Mesure_Formulaire/btn_Confirmer_Enregistrement_Mesure'

14-02-2025T14:41:55 - [MESSAGE][INFO] - Checking timeout

14-02-2025T14:41:55 - [MESSAGE][INFO] - Finding web element with id: 'Object Repository/ANEF_Eloignement_V_Nawres/Page_Prendre_Mesure_Formulaire/btn_Confirmer_Enregistrement_Mesure' located by 'By.xpath: //button[contains(text(),"Confirmer lâ€™enregistrement de la mesure")]' in '20' second(s)

14-02-2025T14:41:55 - [MESSAGE][INFO] - Found 1 web elements with id: 'Object Repository/ANEF_Eloignement_V_Nawres/Page_Prendre_Mesure_Formulaire/btn_Confirmer_Enregistrement_Mesure' located by 'By.xpath: //button[contains(text(),"Confirmer lâ€™enregistrement de la mesure")]' in '20' second(s)

14-02-2025T14:41:55 - [MESSAGE][INFO] - Checking object

14-02-2025T14:41:55 - [MESSAGE][INFO] - Checking timeout

14-02-2025T14:41:55 - [MESSAGE][INFO] - Finding web element from Test Object's properties

14-02-2025T14:41:55 - [MESSAGE][INFO] - Checking timeout

14-02-2025T14:41:55 - [MESSAGE][INFO] - Finding web element with id: 'Object Repository/ANEF_Eloignement_V_Nawres/Page_Prendre_Mesure_Formulaire/btn_Confirmer_Enregistrement_Mesure' located by 'By.xpath: //button[contains(text(),"Confirmer lâ€™enregistrement de la mesure")]' in '100' second(s)

14-02-2025T14:41:55 - [MESSAGE][INFO] - Found 1 web elements with id: 'Object Repository/ANEF_Eloignement_V_Nawres/Page_Prendre_Mesure_Formulaire/btn_Confirmer_Enregistrement_Mesure' located by 'By.xpath: //button[contains(text(),"Confirmer lâ€™enregistrement de la mesure")]' in '100' second(s)

14-02-2025T14:41:55 - [MESSAGE][INFO] - Clicking on object: 'Object Repository/ANEF_Eloignement_V_Nawres/Page_Prendre_Mesure_Formulaire/btn_Confirmer_Enregistrement_Mesure'

14-02-2025T14:41:56 - [MESSAGE][PASSED] - Object: 'Object Repository/ANEF_Eloignement_V_Nawres/Page_Prendre_Mesure_Formulaire/btn_Confirmer_Enregistrement_Mesure' is clicked on

14-02-2025T14:41:56 - [TEST_STEP][PASSED] - if (Mesure == "ITF"): null

14-02-2025T14:41:56 - [TEST_STEP][PASSED] - click(findTestObject("Object Repository/ANEF_Eloignement_V_Nawres/Page_Prendre_Mesure_Formulaire/btn_Enregistrer"), STOP_ON_FAILURE): Object: 'Object Repository/ANEF_Eloignement_V_Nawres/Page_Prendre_Mesure_Formulaire/btn_Enregistrer' is clicked on

14-02-2025T14:41:56 - [MESSAGE][INFO] - Finding Test Object 'Object Repository/ANEF_Eloignement_V_Nawres/Page_Prendre_Mesure_Formulaire/btn_Enregistrer'

14-02-2025T14:41:56 - [MESSAGE][INFO] - Checking timeout

14-02-2025T14:41:56 - [MESSAGE][INFO] - Finding web element with id: 'Object Repository/ANEF_Eloignement_V_Nawres/Page_Prendre_Mesure_Formulaire/btn_Enregistrer' located by 'By.xpath: //button[contains(text(),"Enregistrer")]' in '20' second(s)

14-02-2025T14:41:56 - [MESSAGE][INFO] - Found 1 web elements with id: 'Object Repository/ANEF_Eloignement_V_Nawres/Page_Prendre_Mesure_Formulaire/btn_Enregistrer' located by 'By.xpath: //button[contains(text(),"Enregistrer")]' in '20' second(s)

14-02-2025T14:41:56 - [MESSAGE][INFO] - Checking object

14-02-2025T14:41:56 - [MESSAGE][INFO] - Checking timeout

14-02-2025T14:41:56 - [MESSAGE][INFO] - Finding web element from Test Object's properties

14-02-2025T14:41:56 - [MESSAGE][INFO] - Checking timeout

14-02-2025T14:41:56 - [MESSAGE][INFO] - Finding web element with id: 'Object Repository/ANEF_Eloignement_V_Nawres/Page_Prendre_Mesure_Formulaire/btn_Enregistrer' located by 'By.xpath: //button[contains(text(),"Enregistrer")]' in '100' second(s)

14-02-2025T14:41:56 - [MESSAGE][INFO] - Found 1 web elements with id: 'Object Repository/ANEF_Eloignement_V_Nawres/Page_Prendre_Mesure_Formulaire/btn_Enregistrer' located by 'By.xpath: //button[contains(text(),"Enregistrer")]' in '100' second(s)

14-02-2025T14:41:56 - [MESSAGE][INFO] - Clicking on object: 'Object Repository/ANEF_Eloignement_V_Nawres/Page_Prendre_Mesure_Formulaire/btn_Enregistrer'

14-02-2025T14:41:57 - [MESSAGE][PASSED] - Object: 'Object Repository/ANEF_Eloignement_V_Nawres/Page_Prendre_Mesure_Formulaire/btn_Enregistrer' is clicked on

14-02-2025T14:41:57 - [MESSAGE][PASSED] - Call Test Case 'Test Cases/Test Reutilisable/Main/ANEF_Eloignement_V_Nawres/ANEF_Prendre_Mesure_Formulaire' successfully

14-02-2025T14:41:57 - [MESSAGE][PASSED] - Call Test Case 'Test Cases/Test Reutilisable/Main/ANEF_Eloignement_V_Nawres/ANEF_Prendre_Mesure' successfully

14-02-2025T14:41:57 - [TEST_STEP][PASSED] - callTestCase(findTestCase("Test Cases/Test Reutilisable/Main/ANEF_Eloignement_V_Nawres/ANEF_Ajouter_Decision"), ["ModeNotification":ModeNotification], STOP_ON_FAILURE): Call Test Case 'Test Cases/Test Reutilisable/Main/ANEF_Eloignement_V_Nawres/ANEF_Ajouter_Decision' successfully

14-02-2025T14:41:57 - [MESSAGE][INFO] - Checking called Test Case

14-02-2025T14:41:57 - [MESSAGE][INFO] - Starting to call Test Case 'Test Cases/Test Reutilisable/Main/ANEF_Eloignement_V_Nawres/ANEF_Ajouter_Decision'

14-02-2025T14:41:58 - [TEST_CASE][PASSED] - Test Cases/Test Reutilisable/Main/ANEF_Eloignement_V_Nawres/ANEF_Ajouter_Decision: Test Cases/Test Reutilisable/Main/ANEF_Eloignement_V_Nawres/ANEF_Ajouter_Decision

14-02-2025T14:41:58 - [TEST_STEP][PASSED] - calendar = Calendar.getInstance(): null

14-02-2025T14:41:58 - [TEST_STEP][PASSED] - currentDate = calendar.getTime(): null

14-02-2025T14:41:58 - [TEST_STEP][PASSED] - sdf = new java.text.SimpleDateFormat(dd/MM/yyyy): null

14-02-2025T14:41:58 - [TEST_STEP][PASSED] - formattedDate = sdf.format(currentDate): null

14-02-2025T14:41:58 - [TEST_STEP][PASSED] - DateActuelle = formattedDate.toString(): null

14-02-2025T14:41:58 - [TEST_STEP][PASSED] - println(DateActuelle): null

14-02-2025T14:41:58 - [TEST_STEP][PASSED] - waitForElementClickable(findTestObject("Object Repository/ANEF_Eloignement_V_Nawres/Page_Ajouter_Decision/btn_Ajouter_Decision"), 20, STOP_ON_FAILURE): Object 'Object Repository/ANEF_Eloignement_V_Nawres/Page_Ajouter_Decision/btn_Ajouter_Decision' is clickable

14-02-2025T14:41:58 - [MESSAGE][INFO] - Finding Test Object 'Object Repository/ANEF_Eloignement_V_Nawres/Page_Ajouter_Decision/btn_Ajouter_Decision'

14-02-2025T14:41:58 - [MESSAGE][INFO] - Checking object

14-02-2025T14:41:58 - [MESSAGE][INFO] - Checking timeout

14-02-2025T14:41:58 - [MESSAGE][INFO] - Finding web element from Test Object's properties

14-02-2025T14:41:58 - [MESSAGE][INFO] - Checking timeout

14-02-2025T14:41:58 - [MESSAGE][INFO] - Finding web element with id: 'Object Repository/ANEF_Eloignement_V_Nawres/Page_Ajouter_Decision/btn_Ajouter_Decision' located by 'By.xpath: //button[contains(text(),"Ajouter une dÃ©cision")]' in '20' second(s)

14-02-2025T14:41:58 - [MESSAGE][INFO] - Found 1 web elements with id: 'Object Repository/ANEF_Eloignement_V_Nawres/Page_Ajouter_Decision/btn_Ajouter_Decision' located by 'By.xpath: //button[contains(text(),"Ajouter une dÃ©cision")]' in '20' second(s)

14-02-2025T14:41:58 - [MESSAGE][PASSED] - Object 'Object Repository/ANEF_Eloignement_V_Nawres/Page_Ajouter_Decision/btn_Ajouter_Decision' is clickable

14-02-2025T14:41:58 - [TEST_STEP][PASSED] - click(findTestObject("Object Repository/ANEF_Eloignement_V_Nawres/Page_Ajouter_Decision/btn_Ajouter_Decision"), STOP_ON_FAILURE): Object: 'Object Repository/ANEF_Eloignement_V_Nawres/Page_Ajouter_Decision/btn_Ajouter_Decision' is clicked on

14-02-2025T14:41:58 - [MESSAGE][INFO] - Finding Test Object 'Object Repository/ANEF_Eloignement_V_Nawres/Page_Ajouter_Decision/btn_Ajouter_Decision'

14-02-2025T14:41:58 - [MESSAGE][INFO] - Checking timeout

14-02-2025T14:41:58 - [MESSAGE][INFO] - Finding web element with id: 'Object Repository/ANEF_Eloignement_V_Nawres/Page_Ajouter_Decision/btn_Ajouter_Decision' located by 'By.xpath: //button[contains(text(),"Ajouter une dÃ©cision")]' in '20' second(s)

14-02-2025T14:41:58 - [MESSAGE][INFO] - Found 1 web elements with id: 'Object Repository/ANEF_Eloignement_V_Nawres/Page_Ajouter_Decision/btn_Ajouter_Decision' located by 'By.xpath: //button[contains(text(),"Ajouter une dÃ©cision")]' in '20' second(s)

14-02-2025T14:41:58 - [MESSAGE][INFO] - Checking object

14-02-2025T14:41:58 - [MESSAGE][INFO] - Checking timeout

14-02-2025T14:41:58 - [MESSAGE][INFO] - Finding web element from Test Object's properties

14-02-2025T14:41:58 - [MESSAGE][INFO] - Checking timeout

14-02-2025T14:41:58 - [MESSAGE][INFO] - Finding web element with id: 'Object Repository/ANEF_Eloignement_V_Nawres/Page_Ajouter_Decision/btn_Ajouter_Decision' located by 'By.xpath: //button[contains(text(),"Ajouter une dÃ©cision")]' in '100' second(s)

14-02-2025T14:41:58 - [MESSAGE][INFO] - Found 1 web elements with id: 'Object Repository/ANEF_Eloignement_V_Nawres/Page_Ajouter_Decision/btn_Ajouter_Decision' located by 'By.xpath: //button[contains(text(),"Ajouter une dÃ©cision")]' in '100' second(s)

14-02-2025T14:41:58 - [MESSAGE][INFO] - Clicking on object: 'Object Repository/ANEF_Eloignement_V_Nawres/Page_Ajouter_Decision/btn_Ajouter_Decision'

14-02-2025T14:41:59 - [MESSAGE][PASSED] - Object: 'Object Repository/ANEF_Eloignement_V_Nawres/Page_Ajouter_Decision/btn_Ajouter_Decision' is clicked on

14-02-2025T14:41:59 - [TEST_STEP][PASSED] - scrollToElement(findTestObject("Object Repository/ANEF_Eloignement_V_Nawres/Page_Ajouter_Decision/btn_Confirmer_Ajout_Decision"), 5, STOP_ON_FAILURE): Scroll to object 'Object Repository/ANEF_Eloignement_V_Nawres/Page_Ajouter_Decision/btn_Confirmer_Ajout_Decision' successfully

14-02-2025T14:41:59 - [MESSAGE][INFO] - Finding Test Object 'Object Repository/ANEF_Eloignement_V_Nawres/Page_Ajouter_Decision/btn_Confirmer_Ajout_Decision'

14-02-2025T14:41:59 - [MESSAGE][INFO] - Checking object

14-02-2025T14:41:59 - [MESSAGE][INFO] - Checking timeout

14-02-2025T14:41:59 - [MESSAGE][INFO] - Finding web element from Test Object's properties

14-02-2025T14:41:59 - [MESSAGE][INFO] - Checking timeout

14-02-2025T14:41:59 - [MESSAGE][INFO] - Finding web element with id: 'Object Repository/ANEF_Eloignement_V_Nawres/Page_Ajouter_Decision/btn_Confirmer_Ajout_Decision' located by 'By.xpath: //button[contains(text()," Confirmer l'ajout")]' in '100' second(s)

14-02-2025T14:41:59 - [MESSAGE][INFO] - Found 1 web elements with id: 'Object Repository/ANEF_Eloignement_V_Nawres/Page_Ajouter_Decision/btn_Confirmer_Ajout_Decision' located by 'By.xpath: //button[contains(text()," Confirmer l'ajout")]' in '100' second(s)

14-02-2025T14:41:59 - [MESSAGE][INFO] - Scrolling to object 'Object Repository/ANEF_Eloignement_V_Nawres/Page_Ajouter_Decision/btn_Confirmer_Ajout_Decision'

14-02-2025T14:41:59 - [MESSAGE][PASSED] - Scroll to object 'Object Repository/ANEF_Eloignement_V_Nawres/Page_Ajouter_Decision/btn_Confirmer_Ajout_Decision' successfully

14-02-2025T14:41:59 - [TEST_STEP][PASSED] - click(findTestObject("Object Repository/ANEF_Eloignement_V_Nawres/Page_Ajouter_Decision/btn_Confirmer_Ajout_Decision"), STOP_ON_FAILURE): Object: 'Object Repository/ANEF_Eloignement_V_Nawres/Page_Ajouter_Decision/btn_Confirmer_Ajout_Decision' is clicked on

14-02-2025T14:41:59 - [MESSAGE][INFO] - Finding Test Object 'Object Repository/ANEF_Eloignement_V_Nawres/Page_Ajouter_Decision/btn_Confirmer_Ajout_Decision'

14-02-2025T14:41:59 - [MESSAGE][INFO] - Checking timeout

14-02-2025T14:41:59 - [MESSAGE][INFO] - Finding web element with id: 'Object Repository/ANEF_Eloignement_V_Nawres/Page_Ajouter_Decision/btn_Confirmer_Ajout_Decision' located by 'By.xpath: //button[contains(text()," Confirmer l'ajout")]' in '20' second(s)

14-02-2025T14:41:59 - [MESSAGE][INFO] - Found 1 web elements with id: 'Object Repository/ANEF_Eloignement_V_Nawres/Page_Ajouter_Decision/btn_Confirmer_Ajout_Decision' located by 'By.xpath: //button[contains(text()," Confirmer l'ajout")]' in '20' second(s)

14-02-2025T14:41:59 - [MESSAGE][INFO] - Checking object

14-02-2025T14:41:59 - [MESSAGE][INFO] - Checking timeout

14-02-2025T14:41:59 - [MESSAGE][INFO] - Finding web element from Test Object's properties

14-02-2025T14:41:59 - [MESSAGE][INFO] - Checking timeout

14-02-2025T14:41:59 - [MESSAGE][INFO] - Finding web element with id: 'Object Repository/ANEF_Eloignement_V_Nawres/Page_Ajouter_Decision/btn_Confirmer_Ajout_Decision' located by 'By.xpath: //button[contains(text()," Confirmer l'ajout")]' in '100' second(s)

14-02-2025T14:41:59 - [MESSAGE][INFO] - Found 1 web elements with id: 'Object Repository/ANEF_Eloignement_V_Nawres/Page_Ajouter_Decision/btn_Confirmer_Ajout_Decision' located by 'By.xpath: //button[contains(text()," Confirmer l'ajout")]' in '100' second(s)

14-02-2025T14:41:59 - [MESSAGE][INFO] - Clicking on object: 'Object Repository/ANEF_Eloignement_V_Nawres/Page_Ajouter_Decision/btn_Confirmer_Ajout_Decision'

14-02-2025T14:42:00 - [MESSAGE][PASSED] - Object: 'Object Repository/ANEF_Eloignement_V_Nawres/Page_Ajouter_Decision/btn_Confirmer_Ajout_Decision' is clicked on

14-02-2025T14:42:00 - [TEST_STEP][PASSED] - waitForElementClickable(findTestObject("Object Repository/ANEF_Eloignement_V_Nawres/Page_Ajouter_Decision/btn_Confirmer_Notification"), 20, STOP_ON_FAILURE): Object 'Object Repository/ANEF_Eloignement_V_Nawres/Page_Ajouter_Decision/btn_Confirmer_Notification' is clickable

14-02-2025T14:42:00 - [MESSAGE][INFO] - Finding Test Object 'Object Repository/ANEF_Eloignement_V_Nawres/Page_Ajouter_Decision/btn_Confirmer_Notification'

14-02-2025T14:42:00 - [MESSAGE][INFO] - Checking object

14-02-2025T14:42:00 - [MESSAGE][INFO] - Checking timeout

14-02-2025T14:42:00 - [MESSAGE][INFO] - Finding web element from Test Object's properties

14-02-2025T14:42:00 - [MESSAGE][INFO] - Checking timeout

14-02-2025T14:42:00 - [MESSAGE][INFO] - Finding web element with id: 'Object Repository/ANEF_Eloignement_V_Nawres/Page_Ajouter_Decision/btn_Confirmer_Notification' located by 'By.xpath: //button[contains(text(),"Confirmer la notification")]' in '20' second(s)

14-02-2025T14:42:00 - [MESSAGE][INFO] - Found 1 web elements with id: 'Object Repository/ANEF_Eloignement_V_Nawres/Page_Ajouter_Decision/btn_Confirmer_Notification' located by 'By.xpath: //button[contains(text(),"Confirmer la notification")]' in '20' second(s)

14-02-2025T14:42:01 - [MESSAGE][PASSED] - Object 'Object Repository/ANEF_Eloignement_V_Nawres/Page_Ajouter_Decision/btn_Confirmer_Notification' is clickable

14-02-2025T14:42:01 - [TEST_STEP][PASSED] - click(findTestObject("Object Repository/ANEF_Eloignement_V_Nawres/Page_Ajouter_Decision/btn_Confirmer_Notification"), STOP_ON_FAILURE): Object: 'Object Repository/ANEF_Eloignement_V_Nawres/Page_Ajouter_Decision/btn_Confirmer_Notification' is clicked on

14-02-2025T14:42:01 - [MESSAGE][INFO] - Finding Test Object 'Object Repository/ANEF_Eloignement_V_Nawres/Page_Ajouter_Decision/btn_Confirmer_Notification'

14-02-2025T14:42:01 - [MESSAGE][INFO] - Checking timeout

14-02-2025T14:42:01 - [MESSAGE][INFO] - Finding web element with id: 'Object Repository/ANEF_Eloignement_V_Nawres/Page_Ajouter_Decision/btn_Confirmer_Notification' located by 'By.xpath: //button[contains(text(),"Confirmer la notification")]' in '20' second(s)

14-02-2025T14:42:01 - [MESSAGE][INFO] - Found 1 web elements with id: 'Object Repository/ANEF_Eloignement_V_Nawres/Page_Ajouter_Decision/btn_Confirmer_Notification' located by 'By.xpath: //button[contains(text(),"Confirmer la notification")]' in '20' second(s)

14-02-2025T14:42:01 - [MESSAGE][INFO] - Checking object

14-02-2025T14:42:01 - [MESSAGE][INFO] - Checking timeout

14-02-2025T14:42:01 - [MESSAGE][INFO] - Finding web element from Test Object's properties

14-02-2025T14:42:01 - [MESSAGE][INFO] - Checking timeout

14-02-2025T14:42:01 - [MESSAGE][INFO] - Finding web element with id: 'Object Repository/ANEF_Eloignement_V_Nawres/Page_Ajouter_Decision/btn_Confirmer_Notification' located by 'By.xpath: //button[contains(text(),"Confirmer la notification")]' in '100' second(s)

14-02-2025T14:42:01 - [MESSAGE][INFO] - Found 1 web elements with id: 'Object Repository/ANEF_Eloignement_V_Nawres/Page_Ajouter_Decision/btn_Confirmer_Notification' located by 'By.xpath: //button[contains(text(),"Confirmer la notification")]' in '100' second(s)

14-02-2025T14:42:01 - [MESSAGE][INFO] - Clicking on object: 'Object Repository/ANEF_Eloignement_V_Nawres/Page_Ajouter_Decision/btn_Confirmer_Notification'

14-02-2025T14:42:02 - [MESSAGE][PASSED] - Object: 'Object Repository/ANEF_Eloignement_V_Nawres/Page_Ajouter_Decision/btn_Confirmer_Notification' is clicked on

14-02-2025T14:42:02 - [TEST_STEP][PASSED] - selectOptionByLabel(findTestObject("Object Repository/ANEF_Eloignement_V_Nawres/Page_Ajouter_Decision/select_Mode_Notification"), ModeNotification, false, STOP_ON_FAILURE): All options with label 'Voie administrative' are selected in object 'Object Repository/ANEF_Eloignement_V_Nawres/Page_Ajouter_Decision/select_Mode_Notification' 

14-02-2025T14:42:02 - [MESSAGE][INFO] - Finding Test Object 'Object Repository/ANEF_Eloignement_V_Nawres/Page_Ajouter_Decision/select_Mode_Notification'

14-02-2025T14:42:02 - [MESSAGE][INFO] - Checking timeout

14-02-2025T14:42:02 - [MESSAGE][INFO] - Finding web element with id: 'Object Repository/ANEF_Eloignement_V_Nawres/Page_Ajouter_Decision/select_Mode_Notification' located by 'By.xpath: //app-notification-modal//form//app-dsfr-select/div/select[@id="mode_notification"]' in '20' second(s)

14-02-2025T14:42:02 - [MESSAGE][INFO] - Found 1 web elements with id: 'Object Repository/ANEF_Eloignement_V_Nawres/Page_Ajouter_Decision/select_Mode_Notification' located by 'By.xpath: //app-notification-modal//form//app-dsfr-select/div/select[@id="mode_notification"]' in '20' second(s)

14-02-2025T14:42:03 - [MESSAGE][INFO] - Checking object

14-02-2025T14:42:03 - [MESSAGE][INFO] - Checking label parameter

14-02-2025T14:42:03 - [MESSAGE][INFO] - Finding web element from Test Object's properties

14-02-2025T14:42:03 - [MESSAGE][INFO] - Checking timeout

14-02-2025T14:42:03 - [MESSAGE][INFO] - Finding web element with id: 'Object Repository/ANEF_Eloignement_V_Nawres/Page_Ajouter_Decision/select_Mode_Notification' located by 'By.xpath: //app-notification-modal//form//app-dsfr-select/div/select[@id="mode_notification"]' in '100' second(s)

14-02-2025T14:42:03 - [MESSAGE][INFO] - Found 1 web elements with id: 'Object Repository/ANEF_Eloignement_V_Nawres/Page_Ajouter_Decision/select_Mode_Notification' located by 'By.xpath: //app-notification-modal//form//app-dsfr-select/div/select[@id="mode_notification"]' in '100' second(s)

14-02-2025T14:42:03 - [MESSAGE][INFO] - Selecting options on object 'Object Repository/ANEF_Eloignement_V_Nawres/Page_Ajouter_Decision/select_Mode_Notification' with label 'Voie administrative' 

14-02-2025T14:42:04 - [MESSAGE][PASSED] - All options with label 'Voie administrative' are selected in object 'Object Repository/ANEF_Eloignement_V_Nawres/Page_Ajouter_Decision/select_Mode_Notification' 

14-02-2025T14:42:04 - [TEST_STEP][PASSED] - setText(findTestObject("Object Repository/ANEF_Eloignement_V_Nawres/Page_Ajouter_Decision/input_Date_Notification"), DateActuelle, STOP_ON_FAILURE): Text '14/02/2025' is set on object 'Object Repository/ANEF_Eloignement_V_Nawres/Page_Ajouter_Decision/input_Date_Notification'

14-02-2025T14:42:04 - [MESSAGE][INFO] - Finding Test Object 'Object Repository/ANEF_Eloignement_V_Nawres/Page_Ajouter_Decision/input_Date_Notification'

14-02-2025T14:42:04 - [MESSAGE][INFO] - Checking timeout

14-02-2025T14:42:04 - [MESSAGE][INFO] - Finding web element with id: 'Object Repository/ANEF_Eloignement_V_Nawres/Page_Ajouter_Decision/input_Date_Notification' located by 'By.xpath: //app-notification-modal//form//app-dsfr-input/div/input[@name="date_notification"]' in '20' second(s)

14-02-2025T14:42:04 - [MESSAGE][INFO] - Found 1 web elements with id: 'Object Repository/ANEF_Eloignement_V_Nawres/Page_Ajouter_Decision/input_Date_Notification' located by 'By.xpath: //app-notification-modal//form//app-dsfr-input/div/input[@name="date_notification"]' in '20' second(s)

14-02-2025T14:42:04 - [MESSAGE][INFO] - Checking object

14-02-2025T14:42:04 - [MESSAGE][INFO] - Checking text

14-02-2025T14:42:04 - [MESSAGE][INFO] - Finding web element from Test Object's properties

14-02-2025T14:42:04 - [MESSAGE][INFO] - Checking timeout

14-02-2025T14:42:04 - [MESSAGE][INFO] - Finding web element with id: 'Object Repository/ANEF_Eloignement_V_Nawres/Page_Ajouter_Decision/input_Date_Notification' located by 'By.xpath: //app-notification-modal//form//app-dsfr-input/div/input[@name="date_notification"]' in '100' second(s)

14-02-2025T14:42:04 - [MESSAGE][INFO] - Found 1 web elements with id: 'Object Repository/ANEF_Eloignement_V_Nawres/Page_Ajouter_Decision/input_Date_Notification' located by 'By.xpath: //app-notification-modal//form//app-dsfr-input/div/input[@name="date_notification"]' in '100' second(s)

14-02-2025T14:42:04 - [MESSAGE][INFO] - Clearing text of object 'Object Repository/ANEF_Eloignement_V_Nawres/Page_Ajouter_Decision/input_Date_Notification'

14-02-2025T14:42:05 - [MESSAGE][INFO] - Finding web element from Test Object's properties

14-02-2025T14:42:05 - [MESSAGE][INFO] - Checking timeout

14-02-2025T14:42:05 - [MESSAGE][INFO] - Finding web element with id: 'Object Repository/ANEF_Eloignement_V_Nawres/Page_Ajouter_Decision/input_Date_Notification' located by 'By.xpath: //app-notification-modal//form//app-dsfr-input/div/input[@name="date_notification"]' in '100' second(s)

14-02-2025T14:42:05 - [MESSAGE][INFO] - Found 1 web elements with id: 'Object Repository/ANEF_Eloignement_V_Nawres/Page_Ajouter_Decision/input_Date_Notification' located by 'By.xpath: //app-notification-modal//form//app-dsfr-input/div/input[@name="date_notification"]' in '100' second(s)

14-02-2025T14:42:05 - [MESSAGE][INFO] - Setting text of object 'Object Repository/ANEF_Eloignement_V_Nawres/Page_Ajouter_Decision/input_Date_Notification' to value '14/02/2025'

14-02-2025T14:42:06 - [MESSAGE][PASSED] - Text '14/02/2025' is set on object 'Object Repository/ANEF_Eloignement_V_Nawres/Page_Ajouter_Decision/input_Date_Notification'

14-02-2025T14:42:06 - [TEST_STEP][PASSED] - if (ModeNotification == "Voie administrative"): Text '14:30' is set on object 'Object Repository/ANEF_Eloignement_V_Nawres/Page_Ajouter_Decision/input_Heure_Notification'

14-02-2025T14:42:06 - [TEST_STEP][PASSED] - setText(findTestObject("Object Repository/ANEF_Eloignement_V_Nawres/Page_Ajouter_Decision/input_Heure_Notification"), "14:30", STOP_ON_FAILURE): Text '14:30' is set on object 'Object Repository/ANEF_Eloignement_V_Nawres/Page_Ajouter_Decision/input_Heure_Notification'

14-02-2025T14:42:06 - [MESSAGE][INFO] - Finding Test Object 'Object Repository/ANEF_Eloignement_V_Nawres/Page_Ajouter_Decision/input_Heure_Notification'

14-02-2025T14:42:06 - [MESSAGE][INFO] - Checking timeout

14-02-2025T14:42:06 - [MESSAGE][INFO] - Finding web element with id: 'Object Repository/ANEF_Eloignement_V_Nawres/Page_Ajouter_Decision/input_Heure_Notification' located by 'By.xpath: //app-notification-modal//form//app-dsfr-input/div/input[@id="heure_notification"]' in '20' second(s)

14-02-2025T14:42:06 - [MESSAGE][INFO] - Found 1 web elements with id: 'Object Repository/ANEF_Eloignement_V_Nawres/Page_Ajouter_Decision/input_Heure_Notification' located by 'By.xpath: //app-notification-modal//form//app-dsfr-input/div/input[@id="heure_notification"]' in '20' second(s)

14-02-2025T14:42:06 - [MESSAGE][INFO] - Checking object

14-02-2025T14:42:06 - [MESSAGE][INFO] - Checking text

14-02-2025T14:42:06 - [MESSAGE][INFO] - Finding web element from Test Object's properties

14-02-2025T14:42:06 - [MESSAGE][INFO] - Checking timeout

14-02-2025T14:42:06 - [MESSAGE][INFO] - Finding web element with id: 'Object Repository/ANEF_Eloignement_V_Nawres/Page_Ajouter_Decision/input_Heure_Notification' located by 'By.xpath: //app-notification-modal//form//app-dsfr-input/div/input[@id="heure_notification"]' in '100' second(s)

14-02-2025T14:42:06 - [MESSAGE][INFO] - Found 1 web elements with id: 'Object Repository/ANEF_Eloignement_V_Nawres/Page_Ajouter_Decision/input_Heure_Notification' located by 'By.xpath: //app-notification-modal//form//app-dsfr-input/div/input[@id="heure_notification"]' in '100' second(s)

14-02-2025T14:42:06 - [MESSAGE][INFO] - Clearing text of object 'Object Repository/ANEF_Eloignement_V_Nawres/Page_Ajouter_Decision/input_Heure_Notification'

14-02-2025T14:42:07 - [MESSAGE][INFO] - Finding web element from Test Object's properties

14-02-2025T14:42:07 - [MESSAGE][INFO] - Checking timeout

14-02-2025T14:42:07 - [MESSAGE][INFO] - Finding web element with id: 'Object Repository/ANEF_Eloignement_V_Nawres/Page_Ajouter_Decision/input_Heure_Notification' located by 'By.xpath: //app-notification-modal//form//app-dsfr-input/div/input[@id="heure_notification"]' in '100' second(s)

14-02-2025T14:42:07 - [MESSAGE][INFO] - Found 1 web elements with id: 'Object Repository/ANEF_Eloignement_V_Nawres/Page_Ajouter_Decision/input_Heure_Notification' located by 'By.xpath: //app-notification-modal//form//app-dsfr-input/div/input[@id="heure_notification"]' in '100' second(s)

14-02-2025T14:42:07 - [MESSAGE][INFO] - Setting text of object 'Object Repository/ANEF_Eloignement_V_Nawres/Page_Ajouter_Decision/input_Heure_Notification' to value '14:30'

14-02-2025T14:42:08 - [MESSAGE][PASSED] - Text '14:30' is set on object 'Object Repository/ANEF_Eloignement_V_Nawres/Page_Ajouter_Decision/input_Heure_Notification'

14-02-2025T14:42:08 - [TEST_STEP][PASSED] - uploadFile(findTestObject("Object Repository/ANEF_Eloignement_V_Nawres/Page_Ajouter_Decision/input_Ajouter_Fichier_Notification"), getProjectDir() + "/Data Files/Fichier_Test.pdf"): File 'C:/Users/nbenjemi/Katalon Studio/ANEF-ELOIGNEMENT-20250121/ANEF-ELOIGNEMENT-20250121/Data Files/Fichier_Test.pdf' sent to object: 'Object Repository/ANEF_Eloignement_V_Nawres/Page_Ajouter_Decision/input_Ajouter_Fichier_Notification'

14-02-2025T14:42:08 - [MESSAGE][INFO] - Finding Test Object 'Object Repository/ANEF_Eloignement_V_Nawres/Page_Ajouter_Decision/input_Ajouter_Fichier_Notification'

14-02-2025T14:42:08 - [MESSAGE][INFO] - Checking object

14-02-2025T14:42:08 - [MESSAGE][INFO] - Uploading file 'C:/Users/nbenjemi/Katalon Studio/ANEF-ELOIGNEMENT-20250121/ANEF-ELOIGNEMENT-20250121/Data Files/Fichier_Test.pdf' to object: 'Object Repository/ANEF_Eloignement_V_Nawres/Page_Ajouter_Decision/input_Ajouter_Fichier_Notification'

14-02-2025T14:42:08 - [MESSAGE][INFO] - Finding web element from Test Object's properties

14-02-2025T14:42:08 - [MESSAGE][INFO] - Checking timeout

14-02-2025T14:42:08 - [MESSAGE][INFO] - Finding web element with id: 'Object Repository/ANEF_Eloignement_V_Nawres/Page_Ajouter_Decision/input_Ajouter_Fichier_Notification' located by 'By.xpath: //app-notification-modal//form//app-dsfr-piece-jointe//input' in '100' second(s)

14-02-2025T14:42:08 - [MESSAGE][INFO] - Found 1 web elements with id: 'Object Repository/ANEF_Eloignement_V_Nawres/Page_Ajouter_Decision/input_Ajouter_Fichier_Notification' located by 'By.xpath: //app-notification-modal//form//app-dsfr-piece-jointe//input' in '100' second(s)

14-02-2025T14:42:09 - [MESSAGE][PASSED] - File 'C:/Users/nbenjemi/Katalon Studio/ANEF-ELOIGNEMENT-20250121/ANEF-ELOIGNEMENT-20250121/Data Files/Fichier_Test.pdf' sent to object: 'Object Repository/ANEF_Eloignement_V_Nawres/Page_Ajouter_Decision/input_Ajouter_Fichier_Notification'

14-02-2025T14:42:09 - [TEST_STEP][PASSED] - scrollToElement(findTestObject("Object Repository/ANEF_Eloignement_V_Nawres/Page_Ajouter_Decision/btn_Confirmer_Ajout_Notification"), 5, STOP_ON_FAILURE): Scroll to object 'Object Repository/ANEF_Eloignement_V_Nawres/Page_Ajouter_Decision/btn_Confirmer_Ajout_Notification' successfully

14-02-2025T14:42:09 - [MESSAGE][INFO] - Finding Test Object 'Object Repository/ANEF_Eloignement_V_Nawres/Page_Ajouter_Decision/btn_Confirmer_Ajout_Notification'

14-02-2025T14:42:09 - [MESSAGE][INFO] - Checking object

14-02-2025T14:42:09 - [MESSAGE][INFO] - Checking timeout

14-02-2025T14:42:09 - [MESSAGE][INFO] - Finding web element from Test Object's properties

14-02-2025T14:42:09 - [MESSAGE][INFO] - Checking timeout

14-02-2025T14:42:09 - [MESSAGE][INFO] - Finding web element with id: 'Object Repository/ANEF_Eloignement_V_Nawres/Page_Ajouter_Decision/btn_Confirmer_Ajout_Notification' located by 'By.xpath: //app-notification-modal//button[contains(text(),"Confirmer l'ajout")]' in '100' second(s)

14-02-2025T14:42:09 - [MESSAGE][INFO] - Found 1 web elements with id: 'Object Repository/ANEF_Eloignement_V_Nawres/Page_Ajouter_Decision/btn_Confirmer_Ajout_Notification' located by 'By.xpath: //app-notification-modal//button[contains(text(),"Confirmer l'ajout")]' in '100' second(s)

14-02-2025T14:42:09 - [MESSAGE][INFO] - Scrolling to object 'Object Repository/ANEF_Eloignement_V_Nawres/Page_Ajouter_Decision/btn_Confirmer_Ajout_Notification'

14-02-2025T14:42:09 - [MESSAGE][PASSED] - Scroll to object 'Object Repository/ANEF_Eloignement_V_Nawres/Page_Ajouter_Decision/btn_Confirmer_Ajout_Notification' successfully

14-02-2025T14:42:09 - [TEST_STEP][PASSED] - click(findTestObject("Object Repository/ANEF_Eloignement_V_Nawres/Page_Ajouter_Decision/btn_Confirmer_Ajout_Notification"), STOP_ON_FAILURE): Object: 'Object Repository/ANEF_Eloignement_V_Nawres/Page_Ajouter_Decision/btn_Confirmer_Ajout_Notification' is clicked on

14-02-2025T14:42:09 - [MESSAGE][INFO] - Finding Test Object 'Object Repository/ANEF_Eloignement_V_Nawres/Page_Ajouter_Decision/btn_Confirmer_Ajout_Notification'

14-02-2025T14:42:09 - [MESSAGE][INFO] - Checking timeout

14-02-2025T14:42:09 - [MESSAGE][INFO] - Finding web element with id: 'Object Repository/ANEF_Eloignement_V_Nawres/Page_Ajouter_Decision/btn_Confirmer_Ajout_Notification' located by 'By.xpath: //app-notification-modal//button[contains(text(),"Confirmer l'ajout")]' in '20' second(s)

14-02-2025T14:42:09 - [MESSAGE][INFO] - Found 1 web elements with id: 'Object Repository/ANEF_Eloignement_V_Nawres/Page_Ajouter_Decision/btn_Confirmer_Ajout_Notification' located by 'By.xpath: //app-notification-modal//button[contains(text(),"Confirmer l'ajout")]' in '20' second(s)

14-02-2025T14:42:09 - [MESSAGE][INFO] - Checking object

14-02-2025T14:42:09 - [MESSAGE][INFO] - Checking timeout

14-02-2025T14:42:09 - [MESSAGE][INFO] - Finding web element from Test Object's properties

14-02-2025T14:42:09 - [MESSAGE][INFO] - Checking timeout

14-02-2025T14:42:09 - [MESSAGE][INFO] - Finding web element with id: 'Object Repository/ANEF_Eloignement_V_Nawres/Page_Ajouter_Decision/btn_Confirmer_Ajout_Notification' located by 'By.xpath: //app-notification-modal//button[contains(text(),"Confirmer l'ajout")]' in '100' second(s)

14-02-2025T14:42:09 - [MESSAGE][INFO] - Found 1 web elements with id: 'Object Repository/ANEF_Eloignement_V_Nawres/Page_Ajouter_Decision/btn_Confirmer_Ajout_Notification' located by 'By.xpath: //app-notification-modal//button[contains(text(),"Confirmer l'ajout")]' in '100' second(s)

14-02-2025T14:42:09 - [MESSAGE][INFO] - Clicking on object: 'Object Repository/ANEF_Eloignement_V_Nawres/Page_Ajouter_Decision/btn_Confirmer_Ajout_Notification'

14-02-2025T14:42:11 - [MESSAGE][PASSED] - Object: 'Object Repository/ANEF_Eloignement_V_Nawres/Page_Ajouter_Decision/btn_Confirmer_Ajout_Notification' is clicked on

14-02-2025T14:42:11 - [TEST_STEP][PASSED] - waitForElementClickable(findTestObject("Object Repository/ANEF_Eloignement_V_Nawres/Page_Ajouter_Decision/btn_Enregistrer"), 7, STOP_ON_FAILURE): Object 'Object Repository/ANEF_Eloignement_V_Nawres/Page_Ajouter_Decision/btn_Enregistrer' is clickable

14-02-2025T14:42:11 - [MESSAGE][INFO] - Finding Test Object 'Object Repository/ANEF_Eloignement_V_Nawres/Page_Ajouter_Decision/btn_Enregistrer'

14-02-2025T14:42:11 - [MESSAGE][INFO] - Checking object

14-02-2025T14:42:11 - [MESSAGE][INFO] - Checking timeout

14-02-2025T14:42:11 - [MESSAGE][INFO] - Finding web element from Test Object's properties

14-02-2025T14:42:11 - [MESSAGE][INFO] - Checking timeout

14-02-2025T14:42:11 - [MESSAGE][INFO] - Finding web element with id: 'Object Repository/ANEF_Eloignement_V_Nawres/Page_Ajouter_Decision/btn_Enregistrer' located by 'By.xpath: //button[contains(text(),"Enregistrer")]' in '7' second(s)

14-02-2025T14:42:11 - [MESSAGE][INFO] - Found 1 web elements with id: 'Object Repository/ANEF_Eloignement_V_Nawres/Page_Ajouter_Decision/btn_Enregistrer' located by 'By.xpath: //button[contains(text(),"Enregistrer")]' in '7' second(s)

14-02-2025T14:42:11 - [MESSAGE][PASSED] - Object 'Object Repository/ANEF_Eloignement_V_Nawres/Page_Ajouter_Decision/btn_Enregistrer' is clickable

14-02-2025T14:42:11 - [MESSAGE][PASSED] - Call Test Case 'Test Cases/Test Reutilisable/Main/ANEF_Eloignement_V_Nawres/ANEF_Ajouter_Decision' successfully

14-02-2025T14:42:13 - [TEST_STEP][PASSED] - Video: Video recording for test case 'Test Cases/Cas D Utilisations/ANEF_Eloignement_V_Nawres/TC_ANEF_Eloignement' .

14-02-2025T14:42:13 - [MESSAGE][INFO] - Video recording for test case 'Test Cases/Cas D Utilisations/ANEF_Eloignement_V_Nawres/TC_ANEF_Eloignement' .]]></system-out>
         <system-err><![CDATA[]]></system-err>
      </testcase>
      <testcase name="Test Cases/Cas D Utilisations/ANEF_Eloignement_V_Nawres/TC_ANEF_Eloignement" time="110.407" classname="Test Cases/Cas D Utilisations/ANEF_Eloignement_V_Nawres/TC_ANEF_Eloignement" status="PASSED">
         <system-out><![CDATA[14-02-2025T14:42:13 - [TEST_CASE][PASSED] - Test Cases/Cas D Utilisations/ANEF_Eloignement_V_Nawres/TC_ANEF_Eloignement: Test Cases/Cas D Utilisations/ANEF_Eloignement_V_Nawres/TC_ANEF_Eloignement

14-02-2025T14:42:13 - [TEST_STEP][PASSED] - callTestCase(findTestCase("Test Cases/Test Reutilisable/Main/ANEF_Eloignement_V_Nawres/ANEF_Lancer_URL_ANEF"), ["Profiles":Profiles, "EnvExec":EnvExec], STOP_ON_FAILURE): Call Test Case 'Test Cases/Test Reutilisable/Main/ANEF_Eloignement_V_Nawres/ANEF_Lancer_URL_ANEF' successfully

14-02-2025T14:42:13 - [MESSAGE][INFO] - Checking called Test Case

14-02-2025T14:42:13 - [MESSAGE][INFO] - Starting to call Test Case 'Test Cases/Test Reutilisable/Main/ANEF_Eloignement_V_Nawres/ANEF_Lancer_URL_ANEF'

14-02-2025T14:42:13 - [TEST_CASE][PASSED] - Test Cases/Test Reutilisable/Main/ANEF_Eloignement_V_Nawres/ANEF_Lancer_URL_ANEF: Test Cases/Test Reutilisable/Main/ANEF_Eloignement_V_Nawres/ANEF_Lancer_URL_ANEF

14-02-2025T14:42:13 - [TEST_STEP][PASSED] - "Call Highlight.on() automatically": null

14-02-2025T14:42:13 - [TEST_STEP][PASSED] - projDir = getProjectDir(): null

14-02-2025T14:42:13 - [TEST_STEP][PASSED] - RunBrowserConfiguration = getExecutionProperties(): null

14-02-2025T14:42:13 - [TEST_STEP][PASSED] - DriverName = get("WebUI").get("browserType"): null

14-02-2025T14:42:13 - [TEST_STEP][PASSED] - println("DriverName :" + DriverName): null

14-02-2025T14:42:13 - [TEST_STEP][PASSED] - println("Driverpath :" + RunBrowserConfiguration.get("drivers")): null

14-02-2025T14:42:13 - [TEST_STEP][PASSED] - if (Profiles == "Usager"): null

14-02-2025T14:42:13 - [TEST_STEP][PASSED] - if (Profiles == "Agent"): Current window maximized

14-02-2025T14:42:13 - [TEST_STEP][PASSED] - if (EnvExec == "URLPortailAgentQualif"): Browser is opened with url: 'https://qualification.siaef.dgef.interieur.gouv.fr/sejour/#/accueil'

14-02-2025T14:42:13 - [TEST_STEP][PASSED] - openBrowser(URLPortailAgentQualif): Browser is opened with url: 'https://qualification.siaef.dgef.interieur.gouv.fr/sejour/#/accueil'

14-02-2025T14:42:13 - [MESSAGE][INFO] - Opening browser

14-02-2025T14:42:13 - [MESSAGE][WARNING] - A browser is already opened. Closing browser and opening a new one

14-02-2025T14:42:14 - [MESSAGE][INFO] - Starting 'Chrome' driver

14-02-2025T14:42:14 - [MESSAGE][INFO] - User set preference: ['args', '[--incognito, --disable-search-engine-choice-screen, --enable-automation, --disable-save-password-bubble, --start-maximized, --remote-allow-origins=*]']

14-02-2025T14:42:14 - [MESSAGE][INFO] - User set preference: ['prefs', '{download.default_directory=${GlobalVariable.downloadPath}, download_dir=${GlobalVariable.downloadPath}, download.prompt_for_download=false}']

14-02-2025T14:42:14 - [MESSAGE][INFO] - User set preference: ['loggingPrefs', '{browser=ALL}']

14-02-2025T14:42:14 - [MESSAGE][INFO] - Action delay is set to 1â€¯000 milliseconds

14-02-2025T14:42:15 - [MESSAGE][INFO] - Navigating browser to: 'https://qualification.siaef.dgef.interieur.gouv.fr/sejour/#/accueil'

14-02-2025T14:42:17 - [MESSAGE][PASSED] - Browser is opened with url: 'https://qualification.siaef.dgef.interieur.gouv.fr/sejour/#/accueil'

14-02-2025T14:42:17 - [TEST_STEP][PASSED] - if (EnvExec == "URLPortailAgentPreProd"): null

14-02-2025T14:42:17 - [TEST_STEP][PASSED] - maximizeWindow(): Current window maximized

14-02-2025T14:42:17 - [MESSAGE][INFO] - Maximizing current window

14-02-2025T14:42:17 - [MESSAGE][PASSED] - Current window maximized

14-02-2025T14:42:17 - [MESSAGE][PASSED] - Call Test Case 'Test Cases/Test Reutilisable/Main/ANEF_Eloignement_V_Nawres/ANEF_Lancer_URL_ANEF' successfully

14-02-2025T14:42:17 - [TEST_STEP][PASSED] - callTestCase(findTestCase("Test Cases/Test Reutilisable/Main/ANEF_Eloignement_V_Nawres/ANEF_Identification"), ["Profiles":Profiles, "IdentifiantAgent":IdentifiantAgent, "PwAgent":PwAgent, "EnvExec":EnvExec], STOP_ON_FAILURE): Call Test Case 'Test Cases/Test Reutilisable/Main/ANEF_Eloignement_V_Nawres/ANEF_Identification' successfully

14-02-2025T14:42:17 - [MESSAGE][INFO] - Checking called Test Case

14-02-2025T14:42:17 - [MESSAGE][INFO] - Starting to call Test Case 'Test Cases/Test Reutilisable/Main/ANEF_Eloignement_V_Nawres/ANEF_Identification'

14-02-2025T14:42:17 - [TEST_CASE][PASSED] - Test Cases/Test Reutilisable/Main/ANEF_Eloignement_V_Nawres/ANEF_Identification: Test Cases/Test Reutilisable/Main/ANEF_Eloignement_V_Nawres/ANEF_Identification

14-02-2025T14:42:17 - [TEST_STEP][PASSED] - com.kazurayam.ksbackyard.HighlightElement.pandemic(): com.kazurayam.ksbackyard.HighlightElement.pandemic is PASSED

14-02-2025T14:42:17 - [MESSAGE][PASSED] - com.kazurayam.ksbackyard.HighlightElement.pandemic is PASSED

14-02-2025T14:42:17 - [TEST_STEP][PASSED] - if (Profiles == "Usager"): null

14-02-2025T14:42:17 - [TEST_STEP][PASSED] - if (Profiles == "Agent"): Object: 'Object Repository/ANEF_Eloignement_V_Nawres/Page_ANEF_Connexion/btn_Valider_Conx_Agent' is clicked on

14-02-2025T14:42:17 - [TEST_STEP][PASSED] - if (EnvExec == "URLPortailAgentQualif"): Text 'Natali12345!' is set on object 'Object Repository/ANEF_Eloignement_V_Nawres/Page_ANEF_Connexion/Input_PasswordAgent'

14-02-2025T14:42:17 - [TEST_STEP][PASSED] - setText(findTestObject("Object Repository/ANEF_Eloignement_V_Nawres/Page_ANEF_Connexion/Input_UserNameAgent"), IdentifiantAgent): Text 'test.gpe+32@outlook.fr' is set on object 'Object Repository/ANEF_Eloignement_V_Nawres/Page_ANEF_Connexion/Input_UserNameAgent'

14-02-2025T14:42:17 - [MESSAGE][INFO] - Finding Test Object 'Object Repository/ANEF_Eloignement_V_Nawres/Page_ANEF_Connexion/Input_UserNameAgent'

14-02-2025T14:42:17 - [MESSAGE][INFO] - Checking timeout

14-02-2025T14:42:17 - [MESSAGE][INFO] - Finding web element with id: 'Object Repository/ANEF_Eloignement_V_Nawres/Page_ANEF_Connexion/Input_UserNameAgent' located by 'By.xpath: //*[@aria-labelledby="username-label"]|//*[@id="login"]' in '20' second(s)

14-02-2025T14:42:17 - [MESSAGE][INFO] - Found 1 web elements with id: 'Object Repository/ANEF_Eloignement_V_Nawres/Page_ANEF_Connexion/Input_UserNameAgent' located by 'By.xpath: //*[@aria-labelledby="username-label"]|//*[@id="login"]' in '20' second(s)

14-02-2025T14:42:17 - [MESSAGE][INFO] - Checking object

14-02-2025T14:42:17 - [MESSAGE][INFO] - Checking text

14-02-2025T14:42:17 - [MESSAGE][INFO] - Finding web element from Test Object's properties

14-02-2025T14:42:17 - [MESSAGE][INFO] - Checking timeout

14-02-2025T14:42:17 - [MESSAGE][INFO] - Finding web element with id: 'Object Repository/ANEF_Eloignement_V_Nawres/Page_ANEF_Connexion/Input_UserNameAgent' located by 'By.xpath: //*[@aria-labelledby="username-label"]|//*[@id="login"]' in '100' second(s)

14-02-2025T14:42:18 - [MESSAGE][INFO] - Found 1 web elements with id: 'Object Repository/ANEF_Eloignement_V_Nawres/Page_ANEF_Connexion/Input_UserNameAgent' located by 'By.xpath: //*[@aria-labelledby="username-label"]|//*[@id="login"]' in '100' second(s)

14-02-2025T14:42:18 - [MESSAGE][INFO] - Clearing text of object 'Object Repository/ANEF_Eloignement_V_Nawres/Page_ANEF_Connexion/Input_UserNameAgent'

14-02-2025T14:42:19 - [MESSAGE][INFO] - Finding web element from Test Object's properties

14-02-2025T14:42:19 - [MESSAGE][INFO] - Checking timeout

14-02-2025T14:42:19 - [MESSAGE][INFO] - Finding web element with id: 'Object Repository/ANEF_Eloignement_V_Nawres/Page_ANEF_Connexion/Input_UserNameAgent' located by 'By.xpath: //*[@aria-labelledby="username-label"]|//*[@id="login"]' in '100' second(s)

14-02-2025T14:42:19 - [MESSAGE][INFO] - Found 1 web elements with id: 'Object Repository/ANEF_Eloignement_V_Nawres/Page_ANEF_Connexion/Input_UserNameAgent' located by 'By.xpath: //*[@aria-labelledby="username-label"]|//*[@id="login"]' in '100' second(s)

14-02-2025T14:42:19 - [MESSAGE][INFO] - Setting text of object 'Object Repository/ANEF_Eloignement_V_Nawres/Page_ANEF_Connexion/Input_UserNameAgent' to value 'test.gpe+32@outlook.fr'

14-02-2025T14:42:20 - [MESSAGE][PASSED] - Text 'test.gpe+32@outlook.fr' is set on object 'Object Repository/ANEF_Eloignement_V_Nawres/Page_ANEF_Connexion/Input_UserNameAgent'

14-02-2025T14:42:20 - [TEST_STEP][PASSED] - setText(findTestObject("Object Repository/ANEF_Eloignement_V_Nawres/Page_ANEF_Connexion/Input_PasswordAgent"), PwAgent): Text 'Natali12345!' is set on object 'Object Repository/ANEF_Eloignement_V_Nawres/Page_ANEF_Connexion/Input_PasswordAgent'

14-02-2025T14:42:20 - [MESSAGE][INFO] - Finding Test Object 'Object Repository/ANEF_Eloignement_V_Nawres/Page_ANEF_Connexion/Input_PasswordAgent'

14-02-2025T14:42:20 - [MESSAGE][INFO] - Checking timeout

14-02-2025T14:42:20 - [MESSAGE][INFO] - Finding web element with id: 'Object Repository/ANEF_Eloignement_V_Nawres/Page_ANEF_Connexion/Input_PasswordAgent' located by 'By.xpath: //*[@aria-labelledby="password-label"]|//*[@id="password"]' in '20' second(s)

14-02-2025T14:42:20 - [MESSAGE][INFO] - Found 1 web elements with id: 'Object Repository/ANEF_Eloignement_V_Nawres/Page_ANEF_Connexion/Input_PasswordAgent' located by 'By.xpath: //*[@aria-labelledby="password-label"]|//*[@id="password"]' in '20' second(s)

14-02-2025T14:42:20 - [MESSAGE][INFO] - Checking object

14-02-2025T14:42:20 - [MESSAGE][INFO] - Checking text

14-02-2025T14:42:20 - [MESSAGE][INFO] - Finding web element from Test Object's properties

14-02-2025T14:42:20 - [MESSAGE][INFO] - Checking timeout

14-02-2025T14:42:20 - [MESSAGE][INFO] - Finding web element with id: 'Object Repository/ANEF_Eloignement_V_Nawres/Page_ANEF_Connexion/Input_PasswordAgent' located by 'By.xpath: //*[@aria-labelledby="password-label"]|//*[@id="password"]' in '100' second(s)

14-02-2025T14:42:20 - [MESSAGE][INFO] - Found 1 web elements with id: 'Object Repository/ANEF_Eloignement_V_Nawres/Page_ANEF_Connexion/Input_PasswordAgent' located by 'By.xpath: //*[@aria-labelledby="password-label"]|//*[@id="password"]' in '100' second(s)

14-02-2025T14:42:20 - [MESSAGE][INFO] - Clearing text of object 'Object Repository/ANEF_Eloignement_V_Nawres/Page_ANEF_Connexion/Input_PasswordAgent'

14-02-2025T14:42:21 - [MESSAGE][INFO] - Finding web element from Test Object's properties

14-02-2025T14:42:21 - [MESSAGE][INFO] - Checking timeout

14-02-2025T14:42:21 - [MESSAGE][INFO] - Finding web element with id: 'Object Repository/ANEF_Eloignement_V_Nawres/Page_ANEF_Connexion/Input_PasswordAgent' located by 'By.xpath: //*[@aria-labelledby="password-label"]|//*[@id="password"]' in '100' second(s)

14-02-2025T14:42:21 - [MESSAGE][INFO] - Found 1 web elements with id: 'Object Repository/ANEF_Eloignement_V_Nawres/Page_ANEF_Connexion/Input_PasswordAgent' located by 'By.xpath: //*[@aria-labelledby="password-label"]|//*[@id="password"]' in '100' second(s)

14-02-2025T14:42:21 - [MESSAGE][INFO] - Setting text of object 'Object Repository/ANEF_Eloignement_V_Nawres/Page_ANEF_Connexion/Input_PasswordAgent' to value 'Natali12345!'

14-02-2025T14:42:22 - [MESSAGE][PASSED] - Text 'Natali12345!' is set on object 'Object Repository/ANEF_Eloignement_V_Nawres/Page_ANEF_Connexion/Input_PasswordAgent'

14-02-2025T14:42:22 - [TEST_STEP][PASSED] - if (EnvExec == "URLPortailAgentPreProd"): null

14-02-2025T14:42:22 - [TEST_STEP][PASSED] - click(findTestObject("Object Repository/ANEF_Eloignement_V_Nawres/Page_ANEF_Connexion/btn_Valider_Conx_Agent")): Object: 'Object Repository/ANEF_Eloignement_V_Nawres/Page_ANEF_Connexion/btn_Valider_Conx_Agent' is clicked on

14-02-2025T14:42:22 - [MESSAGE][INFO] - Finding Test Object 'Object Repository/ANEF_Eloignement_V_Nawres/Page_ANEF_Connexion/btn_Valider_Conx_Agent'

14-02-2025T14:42:22 - [MESSAGE][INFO] - Checking timeout

14-02-2025T14:42:22 - [MESSAGE][INFO] - Finding web element with id: 'Object Repository/ANEF_Eloignement_V_Nawres/Page_ANEF_Connexion/btn_Valider_Conx_Agent' located by 'By.xpath: //*[@label="Valider"]|//*[@id="btn-login"]' in '20' second(s)

14-02-2025T14:42:22 - [MESSAGE][INFO] - Found 1 web elements with id: 'Object Repository/ANEF_Eloignement_V_Nawres/Page_ANEF_Connexion/btn_Valider_Conx_Agent' located by 'By.xpath: //*[@label="Valider"]|//*[@id="btn-login"]' in '20' second(s)

14-02-2025T14:42:22 - [MESSAGE][INFO] - Checking object

14-02-2025T14:42:22 - [MESSAGE][INFO] - Checking timeout

14-02-2025T14:42:22 - [MESSAGE][INFO] - Finding web element from Test Object's properties

14-02-2025T14:42:22 - [MESSAGE][INFO] - Checking timeout

14-02-2025T14:42:22 - [MESSAGE][INFO] - Finding web element with id: 'Object Repository/ANEF_Eloignement_V_Nawres/Page_ANEF_Connexion/btn_Valider_Conx_Agent' located by 'By.xpath: //*[@label="Valider"]|//*[@id="btn-login"]' in '100' second(s)

14-02-2025T14:42:22 - [MESSAGE][INFO] - Found 1 web elements with id: 'Object Repository/ANEF_Eloignement_V_Nawres/Page_ANEF_Connexion/btn_Valider_Conx_Agent' located by 'By.xpath: //*[@label="Valider"]|//*[@id="btn-login"]' in '100' second(s)

14-02-2025T14:42:22 - [MESSAGE][INFO] - Clicking on object: 'Object Repository/ANEF_Eloignement_V_Nawres/Page_ANEF_Connexion/btn_Valider_Conx_Agent'

14-02-2025T14:42:23 - [MESSAGE][PASSED] - Object: 'Object Repository/ANEF_Eloignement_V_Nawres/Page_ANEF_Connexion/btn_Valider_Conx_Agent' is clicked on

14-02-2025T14:42:23 - [TEST_STEP][PASSED] - delay(5): Delayed 5 second(s)

14-02-2025T14:42:23 - [MESSAGE][INFO] - Delaying browser in 5 second(s)

14-02-2025T14:42:28 - [MESSAGE][PASSED] - Delayed 5 second(s)

14-02-2025T14:42:28 - [TEST_STEP][PASSED] - verifyElementPresent(findTestObject("Object Repository/ANEF_Eloignement_V_Nawres/Page_Accueil_Principale/btn_ANEF_Eloignement"), 1, STOP_ON_FAILURE): Object 'Object Repository/ANEF_Eloignement_V_Nawres/Page_Accueil_Principale/btn_ANEF_Eloignement' is present

14-02-2025T14:42:28 - [MESSAGE][INFO] - Finding Test Object 'Object Repository/ANEF_Eloignement_V_Nawres/Page_Accueil_Principale/btn_ANEF_Eloignement'

14-02-2025T14:42:28 - [MESSAGE][INFO] - Checking object

14-02-2025T14:42:28 - [MESSAGE][INFO] - Finding web element from Test Object's properties

14-02-2025T14:42:28 - [MESSAGE][INFO] - Checking timeout

14-02-2025T14:42:28 - [MESSAGE][INFO] - Finding web element with id: 'Object Repository/ANEF_Eloignement_V_Nawres/Page_Accueil_Principale/btn_ANEF_Eloignement' located by 'By.xpath: //span[contains(text()," ANEF Ã©loignement ")]' in '1' second(s)

14-02-2025T14:42:28 - [MESSAGE][INFO] - Found 1 web elements with id: 'Object Repository/ANEF_Eloignement_V_Nawres/Page_Accueil_Principale/btn_ANEF_Eloignement' located by 'By.xpath: //span[contains(text()," ANEF Ã©loignement ")]' in '1' second(s)

14-02-2025T14:42:28 - [MESSAGE][PASSED] - Object 'Object Repository/ANEF_Eloignement_V_Nawres/Page_Accueil_Principale/btn_ANEF_Eloignement' is present

14-02-2025T14:42:28 - [MESSAGE][PASSED] - Call Test Case 'Test Cases/Test Reutilisable/Main/ANEF_Eloignement_V_Nawres/ANEF_Identification' successfully

14-02-2025T14:42:28 - [TEST_STEP][PASSED] - callTestCase(findTestCase("Test Cases/Test Reutilisable/Main/ANEF_Eloignement_V_Nawres/ANEF_Creation_ou_Recherche_Dossier"), ["CreationOuRecherche":CreationOuRecherche, "NumeroEtranger":NumeroEtranger], STOP_ON_FAILURE): Call Test Case 'Test Cases/Test Reutilisable/Main/ANEF_Eloignement_V_Nawres/ANEF_Creation_ou_Recherche_Dossier' successfully

14-02-2025T14:42:28 - [MESSAGE][INFO] - Checking called Test Case

14-02-2025T14:42:28 - [MESSAGE][INFO] - Starting to call Test Case 'Test Cases/Test Reutilisable/Main/ANEF_Eloignement_V_Nawres/ANEF_Creation_ou_Recherche_Dossier'

14-02-2025T14:42:28 - [TEST_CASE][PASSED] - Test Cases/Test Reutilisable/Main/ANEF_Eloignement_V_Nawres/ANEF_Creation_ou_Recherche_Dossier: Test Cases/Test Reutilisable/Main/ANEF_Eloignement_V_Nawres/ANEF_Creation_ou_Recherche_Dossier

14-02-2025T14:42:28 - [TEST_STEP][PASSED] - click(findTestObject("Object Repository/ANEF_Eloignement_V_Nawres/Page_Accueil_Principale/btn_ANEF_Eloignement")): Object: 'Object Repository/ANEF_Eloignement_V_Nawres/Page_Accueil_Principale/btn_ANEF_Eloignement' is clicked on

14-02-2025T14:42:28 - [MESSAGE][INFO] - Finding Test Object 'Object Repository/ANEF_Eloignement_V_Nawres/Page_Accueil_Principale/btn_ANEF_Eloignement'

14-02-2025T14:42:28 - [MESSAGE][INFO] - Checking timeout

14-02-2025T14:42:28 - [MESSAGE][INFO] - Finding web element with id: 'Object Repository/ANEF_Eloignement_V_Nawres/Page_Accueil_Principale/btn_ANEF_Eloignement' located by 'By.xpath: //span[contains(text()," ANEF Ã©loignement ")]' in '20' second(s)

14-02-2025T14:42:28 - [MESSAGE][INFO] - Found 1 web elements with id: 'Object Repository/ANEF_Eloignement_V_Nawres/Page_Accueil_Principale/btn_ANEF_Eloignement' located by 'By.xpath: //span[contains(text()," ANEF Ã©loignement ")]' in '20' second(s)

14-02-2025T14:42:28 - [MESSAGE][INFO] - Checking object

14-02-2025T14:42:28 - [MESSAGE][INFO] - Checking timeout

14-02-2025T14:42:28 - [MESSAGE][INFO] - Finding web element from Test Object's properties

14-02-2025T14:42:28 - [MESSAGE][INFO] - Checking timeout

14-02-2025T14:42:28 - [MESSAGE][INFO] - Finding web element with id: 'Object Repository/ANEF_Eloignement_V_Nawres/Page_Accueil_Principale/btn_ANEF_Eloignement' located by 'By.xpath: //span[contains(text()," ANEF Ã©loignement ")]' in '100' second(s)

14-02-2025T14:42:28 - [MESSAGE][INFO] - Found 1 web elements with id: 'Object Repository/ANEF_Eloignement_V_Nawres/Page_Accueil_Principale/btn_ANEF_Eloignement' located by 'By.xpath: //span[contains(text()," ANEF Ã©loignement ")]' in '100' second(s)

14-02-2025T14:42:28 - [MESSAGE][INFO] - Clicking on object: 'Object Repository/ANEF_Eloignement_V_Nawres/Page_Accueil_Principale/btn_ANEF_Eloignement'

14-02-2025T14:42:31 - [MESSAGE][PASSED] - Object: 'Object Repository/ANEF_Eloignement_V_Nawres/Page_Accueil_Principale/btn_ANEF_Eloignement' is clicked on

14-02-2025T14:42:31 - [TEST_STEP][PASSED] - verifyElementPresent(findTestObject("Object Repository/ANEF_Eloignement_V_Nawres/Page_Creation_ou_Recherche_Dossier/btn_Rechercher_Dossier"), 1, STOP_ON_FAILURE): Object 'Object Repository/ANEF_Eloignement_V_Nawres/Page_Creation_ou_Recherche_Dossier/btn_Rechercher_Dossier' is present

14-02-2025T14:42:31 - [MESSAGE][INFO] - Finding Test Object 'Object Repository/ANEF_Eloignement_V_Nawres/Page_Creation_ou_Recherche_Dossier/btn_Rechercher_Dossier'

14-02-2025T14:42:31 - [MESSAGE][INFO] - Checking object

14-02-2025T14:42:31 - [MESSAGE][INFO] - Finding web element from Test Object's properties

14-02-2025T14:42:31 - [MESSAGE][INFO] - Checking timeout

14-02-2025T14:42:31 - [MESSAGE][INFO] - Finding web element with id: 'Object Repository/ANEF_Eloignement_V_Nawres/Page_Creation_ou_Recherche_Dossier/btn_Rechercher_Dossier' located by 'By.xpath: //button[@title="Rechercher un dossier"]' in '1' second(s)

14-02-2025T14:42:31 - [MESSAGE][INFO] - Found 1 web elements with id: 'Object Repository/ANEF_Eloignement_V_Nawres/Page_Creation_ou_Recherche_Dossier/btn_Rechercher_Dossier' located by 'By.xpath: //button[@title="Rechercher un dossier"]' in '1' second(s)

14-02-2025T14:42:31 - [MESSAGE][PASSED] - Object 'Object Repository/ANEF_Eloignement_V_Nawres/Page_Creation_ou_Recherche_Dossier/btn_Rechercher_Dossier' is present

14-02-2025T14:42:31 - [TEST_STEP][PASSED] - delay(5): Delayed 5 second(s)

14-02-2025T14:42:31 - [MESSAGE][INFO] - Delaying browser in 5 second(s)

14-02-2025T14:42:36 - [MESSAGE][PASSED] - Delayed 5 second(s)

14-02-2025T14:42:36 - [TEST_STEP][PASSED] - click(findTestObject("Object Repository/ANEF_Eloignement_V_Nawres/Page_Creation_ou_Recherche_Dossier/btn_Rechercher_Dossier")): Object: 'Object Repository/ANEF_Eloignement_V_Nawres/Page_Creation_ou_Recherche_Dossier/btn_Rechercher_Dossier' is clicked on

14-02-2025T14:42:36 - [MESSAGE][INFO] - Finding Test Object 'Object Repository/ANEF_Eloignement_V_Nawres/Page_Creation_ou_Recherche_Dossier/btn_Rechercher_Dossier'

14-02-2025T14:42:36 - [MESSAGE][INFO] - Checking timeout

14-02-2025T14:42:36 - [MESSAGE][INFO] - Finding web element with id: 'Object Repository/ANEF_Eloignement_V_Nawres/Page_Creation_ou_Recherche_Dossier/btn_Rechercher_Dossier' located by 'By.xpath: //button[@title="Rechercher un dossier"]' in '20' second(s)

14-02-2025T14:42:36 - [MESSAGE][INFO] - Found 1 web elements with id: 'Object Repository/ANEF_Eloignement_V_Nawres/Page_Creation_ou_Recherche_Dossier/btn_Rechercher_Dossier' located by 'By.xpath: //button[@title="Rechercher un dossier"]' in '20' second(s)

14-02-2025T14:42:36 - [MESSAGE][INFO] - Checking object

14-02-2025T14:42:36 - [MESSAGE][INFO] - Checking timeout

14-02-2025T14:42:36 - [MESSAGE][INFO] - Finding web element from Test Object's properties

14-02-2025T14:42:36 - [MESSAGE][INFO] - Checking timeout

14-02-2025T14:42:36 - [MESSAGE][INFO] - Finding web element with id: 'Object Repository/ANEF_Eloignement_V_Nawres/Page_Creation_ou_Recherche_Dossier/btn_Rechercher_Dossier' located by 'By.xpath: //button[@title="Rechercher un dossier"]' in '100' second(s)

14-02-2025T14:42:36 - [MESSAGE][INFO] - Found 1 web elements with id: 'Object Repository/ANEF_Eloignement_V_Nawres/Page_Creation_ou_Recherche_Dossier/btn_Rechercher_Dossier' located by 'By.xpath: //button[@title="Rechercher un dossier"]' in '100' second(s)

14-02-2025T14:42:36 - [MESSAGE][INFO] - Clicking on object: 'Object Repository/ANEF_Eloignement_V_Nawres/Page_Creation_ou_Recherche_Dossier/btn_Rechercher_Dossier'

14-02-2025T14:42:37 - [MESSAGE][PASSED] - Object: 'Object Repository/ANEF_Eloignement_V_Nawres/Page_Creation_ou_Recherche_Dossier/btn_Rechercher_Dossier' is clicked on

14-02-2025T14:42:37 - [TEST_STEP][PASSED] - if (CreationOuRecherche == "Creation"): Delayed 10 second(s)

14-02-2025T14:42:37 - [TEST_STEP][PASSED] - NumberUsagerRandom = tools.MyStringTools.getRandomNumber(100000000, 9999999999): tools.MyStringTools.getRandomNumber is PASSED

14-02-2025T14:42:37 - [MESSAGE][PASSED] - tools.MyStringTools.getRandomNumber is PASSED

14-02-2025T14:42:37 - [TEST_STEP][PASSED] - println(NumberUsagerRandom): null

14-02-2025T14:42:37 - [TEST_STEP][PASSED] - NumberUsager = NumberUsagerRandom.toString(): null

14-02-2025T14:42:37 - [TEST_STEP][PASSED] - setText(findTestObject("Object Repository/ANEF_Eloignement_V_Nawres/Page_Creation_ou_Recherche_Dossier/Input_Numero_etranger"), NumberUsager, STOP_ON_FAILURE): Text '8789332397' is set on object 'Object Repository/ANEF_Eloignement_V_Nawres/Page_Creation_ou_Recherche_Dossier/Input_Numero_etranger'

14-02-2025T14:42:37 - [MESSAGE][INFO] - Finding Test Object 'Object Repository/ANEF_Eloignement_V_Nawres/Page_Creation_ou_Recherche_Dossier/Input_Numero_etranger'

14-02-2025T14:42:37 - [MESSAGE][INFO] - Checking timeout

14-02-2025T14:42:37 - [MESSAGE][INFO] - Finding web element with id: 'Object Repository/ANEF_Eloignement_V_Nawres/Page_Creation_ou_Recherche_Dossier/Input_Numero_etranger' located by 'By.xpath: //app-identite-declaree-search-box//div/app-dsfr-input/div/input[@id="identifiant_agdref"]|//app-search-box//div/app-dsfr-input/div/input[@id="identifiant_agdref"]' in '20' second(s)

14-02-2025T14:42:37 - [MESSAGE][INFO] - Found 1 web elements with id: 'Object Repository/ANEF_Eloignement_V_Nawres/Page_Creation_ou_Recherche_Dossier/Input_Numero_etranger' located by 'By.xpath: //app-identite-declaree-search-box//div/app-dsfr-input/div/input[@id="identifiant_agdref"]|//app-search-box//div/app-dsfr-input/div/input[@id="identifiant_agdref"]' in '20' second(s)

14-02-2025T14:42:37 - [MESSAGE][INFO] - Checking object

14-02-2025T14:42:37 - [MESSAGE][INFO] - Checking text

14-02-2025T14:42:37 - [MESSAGE][INFO] - Finding web element from Test Object's properties

14-02-2025T14:42:37 - [MESSAGE][INFO] - Checking timeout

14-02-2025T14:42:37 - [MESSAGE][INFO] - Finding web element with id: 'Object Repository/ANEF_Eloignement_V_Nawres/Page_Creation_ou_Recherche_Dossier/Input_Numero_etranger' located by 'By.xpath: //app-identite-declaree-search-box//div/app-dsfr-input/div/input[@id="identifiant_agdref"]|//app-search-box//div/app-dsfr-input/div/input[@id="identifiant_agdref"]' in '100' second(s)

14-02-2025T14:42:37 - [MESSAGE][INFO] - Found 1 web elements with id: 'Object Repository/ANEF_Eloignement_V_Nawres/Page_Creation_ou_Recherche_Dossier/Input_Numero_etranger' located by 'By.xpath: //app-identite-declaree-search-box//div/app-dsfr-input/div/input[@id="identifiant_agdref"]|//app-search-box//div/app-dsfr-input/div/input[@id="identifiant_agdref"]' in '100' second(s)

14-02-2025T14:42:37 - [MESSAGE][INFO] - Clearing text of object 'Object Repository/ANEF_Eloignement_V_Nawres/Page_Creation_ou_Recherche_Dossier/Input_Numero_etranger'

14-02-2025T14:42:38 - [MESSAGE][INFO] - Finding web element from Test Object's properties

14-02-2025T14:42:38 - [MESSAGE][INFO] - Checking timeout

14-02-2025T14:42:38 - [MESSAGE][INFO] - Finding web element with id: 'Object Repository/ANEF_Eloignement_V_Nawres/Page_Creation_ou_Recherche_Dossier/Input_Numero_etranger' located by 'By.xpath: //app-identite-declaree-search-box//div/app-dsfr-input/div/input[@id="identifiant_agdref"]|//app-search-box//div/app-dsfr-input/div/input[@id="identifiant_agdref"]' in '100' second(s)

14-02-2025T14:42:38 - [MESSAGE][INFO] - Found 1 web elements with id: 'Object Repository/ANEF_Eloignement_V_Nawres/Page_Creation_ou_Recherche_Dossier/Input_Numero_etranger' located by 'By.xpath: //app-identite-declaree-search-box//div/app-dsfr-input/div/input[@id="identifiant_agdref"]|//app-search-box//div/app-dsfr-input/div/input[@id="identifiant_agdref"]' in '100' second(s)

14-02-2025T14:42:38 - [MESSAGE][INFO] - Setting text of object 'Object Repository/ANEF_Eloignement_V_Nawres/Page_Creation_ou_Recherche_Dossier/Input_Numero_etranger' to value '8789332397'

14-02-2025T14:42:40 - [MESSAGE][PASSED] - Text '8789332397' is set on object 'Object Repository/ANEF_Eloignement_V_Nawres/Page_Creation_ou_Recherche_Dossier/Input_Numero_etranger'

14-02-2025T14:42:40 - [TEST_STEP][PASSED] - click(findTestObject("Object Repository/ANEF_Eloignement_V_Nawres/Page_Creation_ou_Recherche_Dossier/Input_Numero_etranger"), STOP_ON_FAILURE): Object: 'Object Repository/ANEF_Eloignement_V_Nawres/Page_Creation_ou_Recherche_Dossier/Input_Numero_etranger' is clicked on

14-02-2025T14:42:40 - [MESSAGE][INFO] - Finding Test Object 'Object Repository/ANEF_Eloignement_V_Nawres/Page_Creation_ou_Recherche_Dossier/Input_Numero_etranger'

14-02-2025T14:42:40 - [MESSAGE][INFO] - Checking timeout

14-02-2025T14:42:40 - [MESSAGE][INFO] - Finding web element with id: 'Object Repository/ANEF_Eloignement_V_Nawres/Page_Creation_ou_Recherche_Dossier/Input_Numero_etranger' located by 'By.xpath: //app-identite-declaree-search-box//div/app-dsfr-input/div/input[@id="identifiant_agdref"]|//app-search-box//div/app-dsfr-input/div/input[@id="identifiant_agdref"]' in '20' second(s)

14-02-2025T14:42:40 - [MESSAGE][INFO] - Found 1 web elements with id: 'Object Repository/ANEF_Eloignement_V_Nawres/Page_Creation_ou_Recherche_Dossier/Input_Numero_etranger' located by 'By.xpath: //app-identite-declaree-search-box//div/app-dsfr-input/div/input[@id="identifiant_agdref"]|//app-search-box//div/app-dsfr-input/div/input[@id="identifiant_agdref"]' in '20' second(s)

14-02-2025T14:42:40 - [MESSAGE][INFO] - Checking object

14-02-2025T14:42:40 - [MESSAGE][INFO] - Checking timeout

14-02-2025T14:42:40 - [MESSAGE][INFO] - Finding web element from Test Object's properties

14-02-2025T14:42:40 - [MESSAGE][INFO] - Checking timeout

14-02-2025T14:42:40 - [MESSAGE][INFO] - Finding web element with id: 'Object Repository/ANEF_Eloignement_V_Nawres/Page_Creation_ou_Recherche_Dossier/Input_Numero_etranger' located by 'By.xpath: //app-identite-declaree-search-box//div/app-dsfr-input/div/input[@id="identifiant_agdref"]|//app-search-box//div/app-dsfr-input/div/input[@id="identifiant_agdref"]' in '100' second(s)

14-02-2025T14:42:40 - [MESSAGE][INFO] - Found 1 web elements with id: 'Object Repository/ANEF_Eloignement_V_Nawres/Page_Creation_ou_Recherche_Dossier/Input_Numero_etranger' located by 'By.xpath: //app-identite-declaree-search-box//div/app-dsfr-input/div/input[@id="identifiant_agdref"]|//app-search-box//div/app-dsfr-input/div/input[@id="identifiant_agdref"]' in '100' second(s)

14-02-2025T14:42:40 - [MESSAGE][INFO] - Clicking on object: 'Object Repository/ANEF_Eloignement_V_Nawres/Page_Creation_ou_Recherche_Dossier/Input_Numero_etranger'

14-02-2025T14:42:41 - [MESSAGE][PASSED] - Object: 'Object Repository/ANEF_Eloignement_V_Nawres/Page_Creation_ou_Recherche_Dossier/Input_Numero_etranger' is clicked on

14-02-2025T14:42:41 - [TEST_STEP][PASSED] - scrollToElement(findTestObject("Object Repository/ANEF_Eloignement_V_Nawres/Page_Creation_ou_Recherche_Dossier/btn_Lancer_La_Recherche"), 5, STOP_ON_FAILURE): Scroll to object 'Object Repository/ANEF_Eloignement_V_Nawres/Page_Creation_ou_Recherche_Dossier/btn_Lancer_La_Recherche' successfully

14-02-2025T14:42:41 - [MESSAGE][INFO] - Finding Test Object 'Object Repository/ANEF_Eloignement_V_Nawres/Page_Creation_ou_Recherche_Dossier/btn_Lancer_La_Recherche'

14-02-2025T14:42:41 - [MESSAGE][INFO] - Checking object

14-02-2025T14:42:41 - [MESSAGE][INFO] - Checking timeout

14-02-2025T14:42:41 - [MESSAGE][INFO] - Finding web element from Test Object's properties

14-02-2025T14:42:41 - [MESSAGE][INFO] - Checking timeout

14-02-2025T14:42:41 - [MESSAGE][INFO] - Finding web element with id: 'Object Repository/ANEF_Eloignement_V_Nawres/Page_Creation_ou_Recherche_Dossier/btn_Lancer_La_Recherche' located by 'By.xpath: //button[contains(text(),"Lancer la recherche ")]' in '100' second(s)

14-02-2025T14:42:41 - [MESSAGE][INFO] - Found 1 web elements with id: 'Object Repository/ANEF_Eloignement_V_Nawres/Page_Creation_ou_Recherche_Dossier/btn_Lancer_La_Recherche' located by 'By.xpath: //button[contains(text(),"Lancer la recherche ")]' in '100' second(s)

14-02-2025T14:42:41 - [MESSAGE][INFO] - Scrolling to object 'Object Repository/ANEF_Eloignement_V_Nawres/Page_Creation_ou_Recherche_Dossier/btn_Lancer_La_Recherche'

14-02-2025T14:42:41 - [MESSAGE][PASSED] - Scroll to object 'Object Repository/ANEF_Eloignement_V_Nawres/Page_Creation_ou_Recherche_Dossier/btn_Lancer_La_Recherche' successfully

14-02-2025T14:42:41 - [TEST_STEP][PASSED] - click(findTestObject("Object Repository/ANEF_Eloignement_V_Nawres/Page_Creation_ou_Recherche_Dossier/btn_Lancer_La_Recherche"), STOP_ON_FAILURE): Object: 'Object Repository/ANEF_Eloignement_V_Nawres/Page_Creation_ou_Recherche_Dossier/btn_Lancer_La_Recherche' is clicked on

14-02-2025T14:42:41 - [MESSAGE][INFO] - Finding Test Object 'Object Repository/ANEF_Eloignement_V_Nawres/Page_Creation_ou_Recherche_Dossier/btn_Lancer_La_Recherche'

14-02-2025T14:42:41 - [MESSAGE][INFO] - Checking timeout

14-02-2025T14:42:41 - [MESSAGE][INFO] - Finding web element with id: 'Object Repository/ANEF_Eloignement_V_Nawres/Page_Creation_ou_Recherche_Dossier/btn_Lancer_La_Recherche' located by 'By.xpath: //button[contains(text(),"Lancer la recherche ")]' in '20' second(s)

14-02-2025T14:42:41 - [MESSAGE][INFO] - Found 1 web elements with id: 'Object Repository/ANEF_Eloignement_V_Nawres/Page_Creation_ou_Recherche_Dossier/btn_Lancer_La_Recherche' located by 'By.xpath: //button[contains(text(),"Lancer la recherche ")]' in '20' second(s)

14-02-2025T14:42:41 - [MESSAGE][INFO] - Checking object

14-02-2025T14:42:41 - [MESSAGE][INFO] - Checking timeout

14-02-2025T14:42:41 - [MESSAGE][INFO] - Finding web element from Test Object's properties

14-02-2025T14:42:41 - [MESSAGE][INFO] - Checking timeout

14-02-2025T14:42:41 - [MESSAGE][INFO] - Finding web element with id: 'Object Repository/ANEF_Eloignement_V_Nawres/Page_Creation_ou_Recherche_Dossier/btn_Lancer_La_Recherche' located by 'By.xpath: //button[contains(text(),"Lancer la recherche ")]' in '100' second(s)

14-02-2025T14:42:41 - [MESSAGE][INFO] - Found 1 web elements with id: 'Object Repository/ANEF_Eloignement_V_Nawres/Page_Creation_ou_Recherche_Dossier/btn_Lancer_La_Recherche' located by 'By.xpath: //button[contains(text(),"Lancer la recherche ")]' in '100' second(s)

14-02-2025T14:42:41 - [MESSAGE][INFO] - Clicking on object: 'Object Repository/ANEF_Eloignement_V_Nawres/Page_Creation_ou_Recherche_Dossier/btn_Lancer_La_Recherche'

14-02-2025T14:42:42 - [MESSAGE][PASSED] - Object: 'Object Repository/ANEF_Eloignement_V_Nawres/Page_Creation_ou_Recherche_Dossier/btn_Lancer_La_Recherche' is clicked on

14-02-2025T14:42:42 - [TEST_STEP][PASSED] - delay(10): Delayed 10 second(s)

14-02-2025T14:42:42 - [MESSAGE][INFO] - Delaying browser in 10 second(s)

14-02-2025T14:42:52 - [MESSAGE][PASSED] - Delayed 10 second(s)

14-02-2025T14:42:52 - [TEST_STEP][PASSED] - scrollToElement(findTestObject("Object Repository/ANEF_Eloignement_V_Nawres/Page_Creation_ou_Recherche_Dossier/btn_Aucune_Correspondance"), 5, STOP_ON_FAILURE): Scroll to object 'Object Repository/ANEF_Eloignement_V_Nawres/Page_Creation_ou_Recherche_Dossier/btn_Aucune_Correspondance' successfully

14-02-2025T14:42:52 - [MESSAGE][INFO] - Finding Test Object 'Object Repository/ANEF_Eloignement_V_Nawres/Page_Creation_ou_Recherche_Dossier/btn_Aucune_Correspondance'

14-02-2025T14:42:52 - [MESSAGE][INFO] - Checking object

14-02-2025T14:42:52 - [MESSAGE][INFO] - Checking timeout

14-02-2025T14:42:52 - [MESSAGE][INFO] - Finding web element from Test Object's properties

14-02-2025T14:42:52 - [MESSAGE][INFO] - Checking timeout

14-02-2025T14:42:52 - [MESSAGE][INFO] - Finding web element with id: 'Object Repository/ANEF_Eloignement_V_Nawres/Page_Creation_ou_Recherche_Dossier/btn_Aucune_Correspondance' located by 'By.xpath: //button[contains(text()," Aucune correspondance")]' in '100' second(s)

14-02-2025T14:42:52 - [MESSAGE][INFO] - Found 1 web elements with id: 'Object Repository/ANEF_Eloignement_V_Nawres/Page_Creation_ou_Recherche_Dossier/btn_Aucune_Correspondance' located by 'By.xpath: //button[contains(text()," Aucune correspondance")]' in '100' second(s)

14-02-2025T14:42:52 - [MESSAGE][INFO] - Scrolling to object 'Object Repository/ANEF_Eloignement_V_Nawres/Page_Creation_ou_Recherche_Dossier/btn_Aucune_Correspondance'

14-02-2025T14:42:52 - [MESSAGE][PASSED] - Scroll to object 'Object Repository/ANEF_Eloignement_V_Nawres/Page_Creation_ou_Recherche_Dossier/btn_Aucune_Correspondance' successfully

14-02-2025T14:42:52 - [TEST_STEP][PASSED] - click(findTestObject("Object Repository/ANEF_Eloignement_V_Nawres/Page_Creation_ou_Recherche_Dossier/btn_Aucune_Correspondance"), STOP_ON_FAILURE): Object: 'Object Repository/ANEF_Eloignement_V_Nawres/Page_Creation_ou_Recherche_Dossier/btn_Aucune_Correspondance' is clicked on

14-02-2025T14:42:52 - [MESSAGE][INFO] - Finding Test Object 'Object Repository/ANEF_Eloignement_V_Nawres/Page_Creation_ou_Recherche_Dossier/btn_Aucune_Correspondance'

14-02-2025T14:42:52 - [MESSAGE][INFO] - Checking timeout

14-02-2025T14:42:52 - [MESSAGE][INFO] - Finding web element with id: 'Object Repository/ANEF_Eloignement_V_Nawres/Page_Creation_ou_Recherche_Dossier/btn_Aucune_Correspondance' located by 'By.xpath: //button[contains(text()," Aucune correspondance")]' in '20' second(s)

14-02-2025T14:42:52 - [MESSAGE][INFO] - Found 1 web elements with id: 'Object Repository/ANEF_Eloignement_V_Nawres/Page_Creation_ou_Recherche_Dossier/btn_Aucune_Correspondance' located by 'By.xpath: //button[contains(text()," Aucune correspondance")]' in '20' second(s)

14-02-2025T14:42:52 - [MESSAGE][INFO] - Checking object

14-02-2025T14:42:52 - [MESSAGE][INFO] - Checking timeout

14-02-2025T14:42:52 - [MESSAGE][INFO] - Finding web element from Test Object's properties

14-02-2025T14:42:52 - [MESSAGE][INFO] - Checking timeout

14-02-2025T14:42:52 - [MESSAGE][INFO] - Finding web element with id: 'Object Repository/ANEF_Eloignement_V_Nawres/Page_Creation_ou_Recherche_Dossier/btn_Aucune_Correspondance' located by 'By.xpath: //button[contains(text()," Aucune correspondance")]' in '100' second(s)

14-02-2025T14:42:52 - [MESSAGE][INFO] - Found 1 web elements with id: 'Object Repository/ANEF_Eloignement_V_Nawres/Page_Creation_ou_Recherche_Dossier/btn_Aucune_Correspondance' located by 'By.xpath: //button[contains(text()," Aucune correspondance")]' in '100' second(s)

14-02-2025T14:42:52 - [MESSAGE][INFO] - Clicking on object: 'Object Repository/ANEF_Eloignement_V_Nawres/Page_Creation_ou_Recherche_Dossier/btn_Aucune_Correspondance'

14-02-2025T14:42:53 - [MESSAGE][PASSED] - Object: 'Object Repository/ANEF_Eloignement_V_Nawres/Page_Creation_ou_Recherche_Dossier/btn_Aucune_Correspondance' is clicked on

14-02-2025T14:42:53 - [TEST_STEP][PASSED] - click(findTestObject("Object Repository/ANEF_Eloignement_V_Nawres/Page_Creation_ou_Recherche_Dossier/btn_Creer_Un_Dossier_Etranger"), STOP_ON_FAILURE): Object: 'Object Repository/ANEF_Eloignement_V_Nawres/Page_Creation_ou_Recherche_Dossier/btn_Creer_Un_Dossier_Etranger' is clicked on

14-02-2025T14:42:53 - [MESSAGE][INFO] - Finding Test Object 'Object Repository/ANEF_Eloignement_V_Nawres/Page_Creation_ou_Recherche_Dossier/btn_Creer_Un_Dossier_Etranger'

14-02-2025T14:42:53 - [MESSAGE][INFO] - Checking timeout

14-02-2025T14:42:53 - [MESSAGE][INFO] - Finding web element with id: 'Object Repository/ANEF_Eloignement_V_Nawres/Page_Creation_ou_Recherche_Dossier/btn_Creer_Un_Dossier_Etranger' located by 'By.xpath: //button[contains(text()," CrÃ©er un dossier Ã©tranger ")]' in '20' second(s)

14-02-2025T14:42:53 - [MESSAGE][INFO] - Found 1 web elements with id: 'Object Repository/ANEF_Eloignement_V_Nawres/Page_Creation_ou_Recherche_Dossier/btn_Creer_Un_Dossier_Etranger' located by 'By.xpath: //button[contains(text()," CrÃ©er un dossier Ã©tranger ")]' in '20' second(s)

14-02-2025T14:42:53 - [MESSAGE][INFO] - Checking object

14-02-2025T14:42:53 - [MESSAGE][INFO] - Checking timeout

14-02-2025T14:42:53 - [MESSAGE][INFO] - Finding web element from Test Object's properties

14-02-2025T14:42:53 - [MESSAGE][INFO] - Checking timeout

14-02-2025T14:42:53 - [MESSAGE][INFO] - Finding web element with id: 'Object Repository/ANEF_Eloignement_V_Nawres/Page_Creation_ou_Recherche_Dossier/btn_Creer_Un_Dossier_Etranger' located by 'By.xpath: //button[contains(text()," CrÃ©er un dossier Ã©tranger ")]' in '100' second(s)

14-02-2025T14:42:53 - [MESSAGE][INFO] - Found 1 web elements with id: 'Object Repository/ANEF_Eloignement_V_Nawres/Page_Creation_ou_Recherche_Dossier/btn_Creer_Un_Dossier_Etranger' located by 'By.xpath: //button[contains(text()," CrÃ©er un dossier Ã©tranger ")]' in '100' second(s)

14-02-2025T14:42:53 - [MESSAGE][INFO] - Clicking on object: 'Object Repository/ANEF_Eloignement_V_Nawres/Page_Creation_ou_Recherche_Dossier/btn_Creer_Un_Dossier_Etranger'

14-02-2025T14:42:55 - [MESSAGE][PASSED] - Object: 'Object Repository/ANEF_Eloignement_V_Nawres/Page_Creation_ou_Recherche_Dossier/btn_Creer_Un_Dossier_Etranger' is clicked on

14-02-2025T14:42:55 - [TEST_STEP][PASSED] - delay(10): Delayed 10 second(s)

14-02-2025T14:42:55 - [MESSAGE][INFO] - Delaying browser in 10 second(s)

14-02-2025T14:43:05 - [MESSAGE][PASSED] - Delayed 10 second(s)

14-02-2025T14:43:05 - [TEST_STEP][PASSED] - if (CreationOuRecherche == "Recherche"): null

14-02-2025T14:43:05 - [MESSAGE][PASSED] - Call Test Case 'Test Cases/Test Reutilisable/Main/ANEF_Eloignement_V_Nawres/ANEF_Creation_ou_Recherche_Dossier' successfully

14-02-2025T14:43:05 - [TEST_STEP][PASSED] - if (CreationOuRecherche == "Creation"): Call Test Case 'Test Cases/Test Reutilisable/Main/ANEF_Eloignement_V_Nawres/ANEF_Formulaire_Creation_Dossier' successfully

14-02-2025T14:43:05 - [TEST_STEP][PASSED] - callTestCase(findTestCase("Test Cases/Test Reutilisable/Main/ANEF_Eloignement_V_Nawres/ANEF_Formulaire_Creation_Dossier"), ["CreationOuRecherche":CreationOuRecherche, "Sexe":Sexe, "AnneeNaissance":AnneeNaissance, "Nationnalite":Nationnalite, "OrigineDossier":OrigineDossier, ... ], STOP_ON_FAILURE): Call Test Case 'Test Cases/Test Reutilisable/Main/ANEF_Eloignement_V_Nawres/ANEF_Formulaire_Creation_Dossier' successfully

14-02-2025T14:43:05 - [MESSAGE][INFO] - Checking called Test Case

14-02-2025T14:43:05 - [MESSAGE][INFO] - Starting to call Test Case 'Test Cases/Test Reutilisable/Main/ANEF_Eloignement_V_Nawres/ANEF_Formulaire_Creation_Dossier'

14-02-2025T14:43:05 - [TEST_CASE][PASSED] - Test Cases/Test Reutilisable/Main/ANEF_Eloignement_V_Nawres/ANEF_Formulaire_Creation_Dossier: Test Cases/Test Reutilisable/Main/ANEF_Eloignement_V_Nawres/ANEF_Formulaire_Creation_Dossier

14-02-2025T14:43:05 - [TEST_STEP][PASSED] - "Onglet 'Dossier etranger'": null

14-02-2025T14:43:05 - [TEST_STEP][PASSED] - verifyElementPresent(findTestObject("Object Repository/ANEF_Eloignement_V_Nawres/Page_Formulaire_Creation_Dossier/Onglet_Dossier_Etranger"), 1, STOP_ON_FAILURE): Object 'Object Repository/ANEF_Eloignement_V_Nawres/Page_Formulaire_Creation_Dossier/Onglet_Dossier_Etranger' is present

14-02-2025T14:43:05 - [MESSAGE][INFO] - Finding Test Object 'Object Repository/ANEF_Eloignement_V_Nawres/Page_Formulaire_Creation_Dossier/Onglet_Dossier_Etranger'

14-02-2025T14:43:05 - [MESSAGE][INFO] - Checking object

14-02-2025T14:43:05 - [MESSAGE][INFO] - Finding web element from Test Object's properties

14-02-2025T14:43:05 - [MESSAGE][INFO] - Checking timeout

14-02-2025T14:43:05 - [MESSAGE][INFO] - Finding web element with id: 'Object Repository/ANEF_Eloignement_V_Nawres/Page_Formulaire_Creation_Dossier/Onglet_Dossier_Etranger' located by 'By.xpath: /html/body/app-root/app-layout-borderless/div[3]/app-prise-mesure/div/app-dsfr-onglet-tab/div/ul/li[1]/button' in '1' second(s)

14-02-2025T14:43:05 - [MESSAGE][INFO] - Found 1 web elements with id: 'Object Repository/ANEF_Eloignement_V_Nawres/Page_Formulaire_Creation_Dossier/Onglet_Dossier_Etranger' located by 'By.xpath: /html/body/app-root/app-layout-borderless/div[3]/app-prise-mesure/div/app-dsfr-onglet-tab/div/ul/li[1]/button' in '1' second(s)

14-02-2025T14:43:05 - [MESSAGE][PASSED] - Object 'Object Repository/ANEF_Eloignement_V_Nawres/Page_Formulaire_Creation_Dossier/Onglet_Dossier_Etranger' is present

14-02-2025T14:43:05 - [TEST_STEP][PASSED] - verifyElementPresent(findTestObject("Object Repository/ANEF_Eloignement_V_Nawres/Page_Formulaire_Creation_Dossier/Formulaire_Creation_Dossier_Accordeon/lbl_Numero_Etranger"), 1, STOP_ON_FAILURE): Object 'Object Repository/ANEF_Eloignement_V_Nawres/Page_Formulaire_Creation_Dossier/Formulaire_Creation_Dossier_Accordeon/lbl_Numero_Etranger' is present

14-02-2025T14:43:05 - [MESSAGE][INFO] - Finding Test Object 'Object Repository/ANEF_Eloignement_V_Nawres/Page_Formulaire_Creation_Dossier/Formulaire_Creation_Dossier_Accordeon/lbl_Numero_Etranger'

14-02-2025T14:43:05 - [MESSAGE][INFO] - Checking object

14-02-2025T14:43:05 - [MESSAGE][INFO] - Finding web element from Test Object's properties

14-02-2025T14:43:05 - [MESSAGE][INFO] - Checking timeout

14-02-2025T14:43:05 - [MESSAGE][INFO] - Finding web element with id: 'Object Repository/ANEF_Eloignement_V_Nawres/Page_Formulaire_Creation_Dossier/Formulaire_Creation_Dossier_Accordeon/lbl_Numero_Etranger' located by 'By.xpath: /html/body/app-root/app-layout-borderless/div[3]/app-prise-mesure/div/app-dsfr-onglet-tab/div/div[1]/app-fiche-etranger/div/div[2]/section[1]/div/div/div[1]/label' in '1' second(s)

14-02-2025T14:43:05 - [MESSAGE][INFO] - Found 1 web elements with id: 'Object Repository/ANEF_Eloignement_V_Nawres/Page_Formulaire_Creation_Dossier/Formulaire_Creation_Dossier_Accordeon/lbl_Numero_Etranger' located by 'By.xpath: /html/body/app-root/app-layout-borderless/div[3]/app-prise-mesure/div/app-dsfr-onglet-tab/div/div[1]/app-fiche-etranger/div/div[2]/section[1]/div/div/div[1]/label' in '1' second(s)

14-02-2025T14:43:05 - [MESSAGE][PASSED] - Object 'Object Repository/ANEF_Eloignement_V_Nawres/Page_Formulaire_Creation_Dossier/Formulaire_Creation_Dossier_Accordeon/lbl_Numero_Etranger' is present

14-02-2025T14:43:05 - [TEST_STEP][PASSED] - verifyElementPresent(findTestObject("Object Repository/ANEF_Eloignement_V_Nawres/Page_Formulaire_Creation_Dossier/Formulaire_Creation_Dossier_Accordeon/lbl_Prefecture_Gestionnaire"), 1, STOP_ON_FAILURE): Object 'Object Repository/ANEF_Eloignement_V_Nawres/Page_Formulaire_Creation_Dossier/Formulaire_Creation_Dossier_Accordeon/lbl_Prefecture_Gestionnaire' is present

14-02-2025T14:43:05 - [MESSAGE][INFO] - Finding Test Object 'Object Repository/ANEF_Eloignement_V_Nawres/Page_Formulaire_Creation_Dossier/Formulaire_Creation_Dossier_Accordeon/lbl_Prefecture_Gestionnaire'

14-02-2025T14:43:05 - [MESSAGE][INFO] - Checking object

14-02-2025T14:43:05 - [MESSAGE][INFO] - Finding web element from Test Object's properties

14-02-2025T14:43:05 - [MESSAGE][INFO] - Checking timeout

14-02-2025T14:43:05 - [MESSAGE][INFO] - Finding web element with id: 'Object Repository/ANEF_Eloignement_V_Nawres/Page_Formulaire_Creation_Dossier/Formulaire_Creation_Dossier_Accordeon/lbl_Prefecture_Gestionnaire' located by 'By.xpath: /html/body/app-root/app-layout-borderless/div[3]/app-prise-mesure/div/app-dsfr-onglet-tab/div/div[1]/app-fiche-etranger/div/div[2]/section[1]/div/div/div[2]/label' in '1' second(s)

14-02-2025T14:43:05 - [MESSAGE][INFO] - Found 1 web elements with id: 'Object Repository/ANEF_Eloignement_V_Nawres/Page_Formulaire_Creation_Dossier/Formulaire_Creation_Dossier_Accordeon/lbl_Prefecture_Gestionnaire' located by 'By.xpath: /html/body/app-root/app-layout-borderless/div[3]/app-prise-mesure/div/app-dsfr-onglet-tab/div/div[1]/app-fiche-etranger/div/div[2]/section[1]/div/div/div[2]/label' in '1' second(s)

14-02-2025T14:43:05 - [MESSAGE][PASSED] - Object 'Object Repository/ANEF_Eloignement_V_Nawres/Page_Formulaire_Creation_Dossier/Formulaire_Creation_Dossier_Accordeon/lbl_Prefecture_Gestionnaire' is present

14-02-2025T14:43:05 - [TEST_STEP][PASSED] - verifyElementPresent(findTestObject("Object Repository/ANEF_Eloignement_V_Nawres/Page_Formulaire_Creation_Dossier/Formulaire_Creation_Dossier_Accordeon/lbl_Derniere_Modification"), 1, STOP_ON_FAILURE): Object 'Object Repository/ANEF_Eloignement_V_Nawres/Page_Formulaire_Creation_Dossier/Formulaire_Creation_Dossier_Accordeon/lbl_Derniere_Modification' is present

14-02-2025T14:43:05 - [MESSAGE][INFO] - Finding Test Object 'Object Repository/ANEF_Eloignement_V_Nawres/Page_Formulaire_Creation_Dossier/Formulaire_Creation_Dossier_Accordeon/lbl_Derniere_Modification'

14-02-2025T14:43:05 - [MESSAGE][INFO] - Checking object

14-02-2025T14:43:05 - [MESSAGE][INFO] - Finding web element from Test Object's properties

14-02-2025T14:43:05 - [MESSAGE][INFO] - Checking timeout

14-02-2025T14:43:05 - [MESSAGE][INFO] - Finding web element with id: 'Object Repository/ANEF_Eloignement_V_Nawres/Page_Formulaire_Creation_Dossier/Formulaire_Creation_Dossier_Accordeon/lbl_Derniere_Modification' located by 'By.xpath: /html/body/app-root/app-layout-borderless/div[3]/app-prise-mesure/div/app-dsfr-onglet-tab/div/div[1]/app-fiche-etranger/div/div[2]/section[1]/div/div/div[3]/label' in '1' second(s)

14-02-2025T14:43:05 - [MESSAGE][INFO] - Found 1 web elements with id: 'Object Repository/ANEF_Eloignement_V_Nawres/Page_Formulaire_Creation_Dossier/Formulaire_Creation_Dossier_Accordeon/lbl_Derniere_Modification' located by 'By.xpath: /html/body/app-root/app-layout-borderless/div[3]/app-prise-mesure/div/app-dsfr-onglet-tab/div/div[1]/app-fiche-etranger/div/div[2]/section[1]/div/div/div[3]/label' in '1' second(s)

14-02-2025T14:43:05 - [MESSAGE][PASSED] - Object 'Object Repository/ANEF_Eloignement_V_Nawres/Page_Formulaire_Creation_Dossier/Formulaire_Creation_Dossier_Accordeon/lbl_Derniere_Modification' is present

14-02-2025T14:43:05 - [TEST_STEP][PASSED] - verifyElementPresent(findTestObject("Object Repository/ANEF_Eloignement_V_Nawres/Page_Formulaire_Creation_Dossier/Formulaire_Creation_Dossier_Accordeon/Acc_ Reference_Du_Dossier"), 1, STOP_ON_FAILURE): Object 'Object Repository/ANEF_Eloignement_V_Nawres/Page_Formulaire_Creation_Dossier/Formulaire_Creation_Dossier_Accordeon/Acc_ Reference_Du_Dossier' is present

14-02-2025T14:43:05 - [MESSAGE][INFO] - Finding Test Object 'Object Repository/ANEF_Eloignement_V_Nawres/Page_Formulaire_Creation_Dossier/Formulaire_Creation_Dossier_Accordeon/Acc_ Reference_Du_Dossier'

14-02-2025T14:43:05 - [MESSAGE][INFO] - Checking object

14-02-2025T14:43:05 - [MESSAGE][INFO] - Finding web element from Test Object's properties

14-02-2025T14:43:05 - [MESSAGE][INFO] - Checking timeout

14-02-2025T14:43:05 - [MESSAGE][INFO] - Finding web element with id: 'Object Repository/ANEF_Eloignement_V_Nawres/Page_Formulaire_Creation_Dossier/Formulaire_Creation_Dossier_Accordeon/Acc_ Reference_Du_Dossier' located by 'By.xpath: /html/body/app-root/app-layout-borderless/div[3]/app-prise-mesure/div/app-dsfr-onglet-tab/div/div[1]/app-fiche-etranger/div/div[2]/section[2]/div[1]/app-accordeon-reference-dossier/section/h3/button' in '1' second(s)

14-02-2025T14:43:05 - [MESSAGE][INFO] - Found 1 web elements with id: 'Object Repository/ANEF_Eloignement_V_Nawres/Page_Formulaire_Creation_Dossier/Formulaire_Creation_Dossier_Accordeon/Acc_ Reference_Du_Dossier' located by 'By.xpath: /html/body/app-root/app-layout-borderless/div[3]/app-prise-mesure/div/app-dsfr-onglet-tab/div/div[1]/app-fiche-etranger/div/div[2]/section[2]/div[1]/app-accordeon-reference-dossier/section/h3/button' in '1' second(s)

14-02-2025T14:43:05 - [MESSAGE][PASSED] - Object 'Object Repository/ANEF_Eloignement_V_Nawres/Page_Formulaire_Creation_Dossier/Formulaire_Creation_Dossier_Accordeon/Acc_ Reference_Du_Dossier' is present

14-02-2025T14:43:05 - [TEST_STEP][PASSED] - verifyElementPresent(findTestObject("Object Repository/ANEF_Eloignement_V_Nawres/Page_Formulaire_Creation_Dossier/Formulaire_Creation_Dossier_Menu/Menu_Reference_Du_Dossier"), 1, STOP_ON_FAILURE): Object 'Object Repository/ANEF_Eloignement_V_Nawres/Page_Formulaire_Creation_Dossier/Formulaire_Creation_Dossier_Menu/Menu_Reference_Du_Dossier' is present

14-02-2025T14:43:05 - [MESSAGE][INFO] - Finding Test Object 'Object Repository/ANEF_Eloignement_V_Nawres/Page_Formulaire_Creation_Dossier/Formulaire_Creation_Dossier_Menu/Menu_Reference_Du_Dossier'

14-02-2025T14:43:05 - [MESSAGE][INFO] - Checking object

14-02-2025T14:43:05 - [MESSAGE][INFO] - Finding web element from Test Object's properties

14-02-2025T14:43:05 - [MESSAGE][INFO] - Checking timeout

14-02-2025T14:43:05 - [MESSAGE][INFO] - Finding web element with id: 'Object Repository/ANEF_Eloignement_V_Nawres/Page_Formulaire_Creation_Dossier/Formulaire_Creation_Dossier_Menu/Menu_Reference_Du_Dossier' located by 'By.xpath: /html/body/app-root/app-layout-borderless/div[3]/app-prise-mesure/div/app-dsfr-onglet-tab/div/div[1]/app-fiche-etranger/div/div[1]/app-dsfr-sidemenu/nav/div/div/ul[1]/li/a' in '1' second(s)

14-02-2025T14:43:05 - [MESSAGE][INFO] - Found 1 web elements with id: 'Object Repository/ANEF_Eloignement_V_Nawres/Page_Formulaire_Creation_Dossier/Formulaire_Creation_Dossier_Menu/Menu_Reference_Du_Dossier' located by 'By.xpath: /html/body/app-root/app-layout-borderless/div[3]/app-prise-mesure/div/app-dsfr-onglet-tab/div/div[1]/app-fiche-etranger/div/div[1]/app-dsfr-sidemenu/nav/div/div/ul[1]/li/a' in '1' second(s)

14-02-2025T14:43:05 - [MESSAGE][PASSED] - Object 'Object Repository/ANEF_Eloignement_V_Nawres/Page_Formulaire_Creation_Dossier/Formulaire_Creation_Dossier_Menu/Menu_Reference_Du_Dossier' is present

14-02-2025T14:43:05 - [TEST_STEP][PASSED] - verifyElementPresent(findTestObject("Object Repository/ANEF_Eloignement_V_Nawres/Page_Formulaire_Creation_Dossier/Formulaire_Creation_Dossier_Input/input_Numero_De_Dossier_FPR"), 1, STOP_ON_FAILURE): Object 'Object Repository/ANEF_Eloignement_V_Nawres/Page_Formulaire_Creation_Dossier/Formulaire_Creation_Dossier_Input/input_Numero_De_Dossier_FPR' is present

14-02-2025T14:43:05 - [MESSAGE][INFO] - Finding Test Object 'Object Repository/ANEF_Eloignement_V_Nawres/Page_Formulaire_Creation_Dossier/Formulaire_Creation_Dossier_Input/input_Numero_De_Dossier_FPR'

14-02-2025T14:43:05 - [MESSAGE][INFO] - Checking object

14-02-2025T14:43:05 - [MESSAGE][INFO] - Finding web element from Test Object's properties

14-02-2025T14:43:05 - [MESSAGE][INFO] - Checking timeout

14-02-2025T14:43:05 - [MESSAGE][INFO] - Finding web element with id: 'Object Repository/ANEF_Eloignement_V_Nawres/Page_Formulaire_Creation_Dossier/Formulaire_Creation_Dossier_Input/input_Numero_De_Dossier_FPR' located by 'By.xpath: /html/body/app-root/app-layout-borderless/div[3]/app-prise-mesure/div/app-dsfr-onglet-tab/div/div[1]/app-fiche-etranger/div/div[2]/section[2]/div[1]/app-accordeon-reference-dossier/section/div/form/div/div/div/div[2]/app-dsfr-input/div/input' in '1' second(s)

14-02-2025T14:43:05 - [MESSAGE][INFO] - Found 1 web elements with id: 'Object Repository/ANEF_Eloignement_V_Nawres/Page_Formulaire_Creation_Dossier/Formulaire_Creation_Dossier_Input/input_Numero_De_Dossier_FPR' located by 'By.xpath: /html/body/app-root/app-layout-borderless/div[3]/app-prise-mesure/div/app-dsfr-onglet-tab/div/div[1]/app-fiche-etranger/div/div[2]/section[2]/div[1]/app-accordeon-reference-dossier/section/div/form/div/div/div/div[2]/app-dsfr-input/div/input' in '1' second(s)

14-02-2025T14:43:05 - [MESSAGE][PASSED] - Object 'Object Repository/ANEF_Eloignement_V_Nawres/Page_Formulaire_Creation_Dossier/Formulaire_Creation_Dossier_Input/input_Numero_De_Dossier_FPR' is present

14-02-2025T14:43:05 - [TEST_STEP][PASSED] - verifyElementPresent(findTestObject("Object Repository/ANEF_Eloignement_V_Nawres/Page_Formulaire_Creation_Dossier/Formulaire_Creation_Dossier_Input/input_Numero_Dossier_Interne"), 1, STOP_ON_FAILURE): Object 'Object Repository/ANEF_Eloignement_V_Nawres/Page_Formulaire_Creation_Dossier/Formulaire_Creation_Dossier_Input/input_Numero_Dossier_Interne' is present

14-02-2025T14:43:05 - [MESSAGE][INFO] - Finding Test Object 'Object Repository/ANEF_Eloignement_V_Nawres/Page_Formulaire_Creation_Dossier/Formulaire_Creation_Dossier_Input/input_Numero_Dossier_Interne'

14-02-2025T14:43:05 - [MESSAGE][INFO] - Checking object

14-02-2025T14:43:05 - [MESSAGE][INFO] - Finding web element from Test Object's properties

14-02-2025T14:43:05 - [MESSAGE][INFO] - Checking timeout

14-02-2025T14:43:05 - [MESSAGE][INFO] - Finding web element with id: 'Object Repository/ANEF_Eloignement_V_Nawres/Page_Formulaire_Creation_Dossier/Formulaire_Creation_Dossier_Input/input_Numero_Dossier_Interne' located by 'By.xpath: //*[@id="numero_dossier_interne"]' in '1' second(s)

14-02-2025T14:43:05 - [MESSAGE][INFO] - Found 1 web elements with id: 'Object Repository/ANEF_Eloignement_V_Nawres/Page_Formulaire_Creation_Dossier/Formulaire_Creation_Dossier_Input/input_Numero_Dossier_Interne' located by 'By.xpath: //*[@id="numero_dossier_interne"]' in '1' second(s)

14-02-2025T14:43:05 - [MESSAGE][PASSED] - Object 'Object Repository/ANEF_Eloignement_V_Nawres/Page_Formulaire_Creation_Dossier/Formulaire_Creation_Dossier_Input/input_Numero_Dossier_Interne' is present

14-02-2025T14:43:05 - [TEST_STEP][PASSED] - verifyElementPresent(findTestObject("Object Repository/ANEF_Eloignement_V_Nawres/Page_Formulaire_Creation_Dossier/Formulaire_Creation_Dossier_Accordeon/Acc_Etat_Civil"), 1, STOP_ON_FAILURE): Object 'Object Repository/ANEF_Eloignement_V_Nawres/Page_Formulaire_Creation_Dossier/Formulaire_Creation_Dossier_Accordeon/Acc_Etat_Civil' is present

14-02-2025T14:43:05 - [MESSAGE][INFO] - Finding Test Object 'Object Repository/ANEF_Eloignement_V_Nawres/Page_Formulaire_Creation_Dossier/Formulaire_Creation_Dossier_Accordeon/Acc_Etat_Civil'

14-02-2025T14:43:05 - [MESSAGE][INFO] - Checking object

14-02-2025T14:43:05 - [MESSAGE][INFO] - Finding web element from Test Object's properties

14-02-2025T14:43:05 - [MESSAGE][INFO] - Checking timeout

14-02-2025T14:43:05 - [MESSAGE][INFO] - Finding web element with id: 'Object Repository/ANEF_Eloignement_V_Nawres/Page_Formulaire_Creation_Dossier/Formulaire_Creation_Dossier_Accordeon/Acc_Etat_Civil' located by 'By.xpath: //*[@id="accordeon-fiche-etat-civil"]/section/h3/button[contains(text(),"Ã‰tat civil")]' in '1' second(s)

14-02-2025T14:43:05 - [MESSAGE][INFO] - Found 1 web elements with id: 'Object Repository/ANEF_Eloignement_V_Nawres/Page_Formulaire_Creation_Dossier/Formulaire_Creation_Dossier_Accordeon/Acc_Etat_Civil' located by 'By.xpath: //*[@id="accordeon-fiche-etat-civil"]/section/h3/button[contains(text(),"Ã‰tat civil")]' in '1' second(s)

14-02-2025T14:43:05 - [MESSAGE][PASSED] - Object 'Object Repository/ANEF_Eloignement_V_Nawres/Page_Formulaire_Creation_Dossier/Formulaire_Creation_Dossier_Accordeon/Acc_Etat_Civil' is present

14-02-2025T14:43:05 - [TEST_STEP][PASSED] - verifyElementPresent(findTestObject("Object Repository/ANEF_Eloignement_V_Nawres/Page_Formulaire_Creation_Dossier/Formulaire_Creation_Dossier_Menu/Menu_Fiche_Etat_Civil"), 1, STOP_ON_FAILURE): Object 'Object Repository/ANEF_Eloignement_V_Nawres/Page_Formulaire_Creation_Dossier/Formulaire_Creation_Dossier_Menu/Menu_Fiche_Etat_Civil' is present

14-02-2025T14:43:05 - [MESSAGE][INFO] - Finding Test Object 'Object Repository/ANEF_Eloignement_V_Nawres/Page_Formulaire_Creation_Dossier/Formulaire_Creation_Dossier_Menu/Menu_Fiche_Etat_Civil'

14-02-2025T14:43:05 - [MESSAGE][INFO] - Checking object

14-02-2025T14:43:05 - [MESSAGE][INFO] - Finding web element from Test Object's properties

14-02-2025T14:43:05 - [MESSAGE][INFO] - Checking timeout

14-02-2025T14:43:05 - [MESSAGE][INFO] - Finding web element with id: 'Object Repository/ANEF_Eloignement_V_Nawres/Page_Formulaire_Creation_Dossier/Formulaire_Creation_Dossier_Menu/Menu_Fiche_Etat_Civil' located by 'By.xpath: /html/body/app-root/app-layout-borderless/div[3]/app-prise-mesure/div/app-dsfr-onglet-tab/div/div[1]/app-fiche-etranger/div/div[1]/app-dsfr-sidemenu/nav/div/div/ul[2]/li/a' in '1' second(s)

14-02-2025T14:43:05 - [MESSAGE][INFO] - Found 1 web elements with id: 'Object Repository/ANEF_Eloignement_V_Nawres/Page_Formulaire_Creation_Dossier/Formulaire_Creation_Dossier_Menu/Menu_Fiche_Etat_Civil' located by 'By.xpath: /html/body/app-root/app-layout-borderless/div[3]/app-prise-mesure/div/app-dsfr-onglet-tab/div/div[1]/app-fiche-etranger/div/div[1]/app-dsfr-sidemenu/nav/div/div/ul[2]/li/a' in '1' second(s)

14-02-2025T14:43:05 - [MESSAGE][PASSED] - Object 'Object Repository/ANEF_Eloignement_V_Nawres/Page_Formulaire_Creation_Dossier/Formulaire_Creation_Dossier_Menu/Menu_Fiche_Etat_Civil' is present

14-02-2025T14:43:05 - [TEST_STEP][PASSED] - verifyElementPresent(findTestObject("Object Repository/ANEF_Eloignement_V_Nawres/Page_Formulaire_Creation_Dossier/Formulaire_Creation_Dossier_Menu/Menu_Biometrie"), 1, STOP_ON_FAILURE): Object 'Object Repository/ANEF_Eloignement_V_Nawres/Page_Formulaire_Creation_Dossier/Formulaire_Creation_Dossier_Menu/Menu_Biometrie' is present

14-02-2025T14:43:05 - [MESSAGE][INFO] - Finding Test Object 'Object Repository/ANEF_Eloignement_V_Nawres/Page_Formulaire_Creation_Dossier/Formulaire_Creation_Dossier_Menu/Menu_Biometrie'

14-02-2025T14:43:05 - [MESSAGE][INFO] - Checking object

14-02-2025T14:43:05 - [MESSAGE][INFO] - Finding web element from Test Object's properties

14-02-2025T14:43:05 - [MESSAGE][INFO] - Checking timeout

14-02-2025T14:43:05 - [MESSAGE][INFO] - Finding web element with id: 'Object Repository/ANEF_Eloignement_V_Nawres/Page_Formulaire_Creation_Dossier/Formulaire_Creation_Dossier_Menu/Menu_Biometrie' located by 'By.xpath: /html/body/app-root/app-layout-borderless/div[3]/app-prise-mesure/div/app-dsfr-onglet-tab/div/div[1]/app-fiche-etranger/div/div[1]/app-dsfr-sidemenu/nav/div/div/ul[3]/li' in '1' second(s)

14-02-2025T14:43:05 - [MESSAGE][INFO] - Found 1 web elements with id: 'Object Repository/ANEF_Eloignement_V_Nawres/Page_Formulaire_Creation_Dossier/Formulaire_Creation_Dossier_Menu/Menu_Biometrie' located by 'By.xpath: /html/body/app-root/app-layout-borderless/div[3]/app-prise-mesure/div/app-dsfr-onglet-tab/div/div[1]/app-fiche-etranger/div/div[1]/app-dsfr-sidemenu/nav/div/div/ul[3]/li' in '1' second(s)

14-02-2025T14:43:05 - [MESSAGE][PASSED] - Object 'Object Repository/ANEF_Eloignement_V_Nawres/Page_Formulaire_Creation_Dossier/Formulaire_Creation_Dossier_Menu/Menu_Biometrie' is present

14-02-2025T14:43:05 - [TEST_STEP][PASSED] - verifyElementPresent(findTestObject("Object Repository/ANEF_Eloignement_V_Nawres/Page_Formulaire_Creation_Dossier/Formulaire_Creation_Dossier_Accordeon/Acc_ Conditions_D_Entree_En_France"), 1, STOP_ON_FAILURE): Object 'Object Repository/ANEF_Eloignement_V_Nawres/Page_Formulaire_Creation_Dossier/Formulaire_Creation_Dossier_Accordeon/Acc_ Conditions_D_Entree_En_France' is present

14-02-2025T14:43:05 - [MESSAGE][INFO] - Finding Test Object 'Object Repository/ANEF_Eloignement_V_Nawres/Page_Formulaire_Creation_Dossier/Formulaire_Creation_Dossier_Accordeon/Acc_ Conditions_D_Entree_En_France'

14-02-2025T14:43:05 - [MESSAGE][INFO] - Checking object

14-02-2025T14:43:05 - [MESSAGE][INFO] - Finding web element from Test Object's properties

14-02-2025T14:43:05 - [MESSAGE][INFO] - Checking timeout

14-02-2025T14:43:05 - [MESSAGE][INFO] - Finding web element with id: 'Object Repository/ANEF_Eloignement_V_Nawres/Page_Formulaire_Creation_Dossier/Formulaire_Creation_Dossier_Accordeon/Acc_ Conditions_D_Entree_En_France' located by 'By.xpath: //*[@id="accordeon-condition-entree-france"]/section/h3/button' in '1' second(s)

14-02-2025T14:43:05 - [MESSAGE][INFO] - Found 1 web elements with id: 'Object Repository/ANEF_Eloignement_V_Nawres/Page_Formulaire_Creation_Dossier/Formulaire_Creation_Dossier_Accordeon/Acc_ Conditions_D_Entree_En_France' located by 'By.xpath: //*[@id="accordeon-condition-entree-france"]/section/h3/button' in '1' second(s)

14-02-2025T14:43:05 - [MESSAGE][PASSED] - Object 'Object Repository/ANEF_Eloignement_V_Nawres/Page_Formulaire_Creation_Dossier/Formulaire_Creation_Dossier_Accordeon/Acc_ Conditions_D_Entree_En_France' is present

14-02-2025T14:43:05 - [TEST_STEP][PASSED] - verifyElementPresent(findTestObject("Object Repository/ANEF_Eloignement_V_Nawres/Page_Formulaire_Creation_Dossier/Formulaire_Creation_Dossier_Accordeon/Acc_ Conditions_D_Entree_En_France"), 1, STOP_ON_FAILURE): Object 'Object Repository/ANEF_Eloignement_V_Nawres/Page_Formulaire_Creation_Dossier/Formulaire_Creation_Dossier_Accordeon/Acc_ Conditions_D_Entree_En_France' is present

14-02-2025T14:43:05 - [MESSAGE][INFO] - Finding Test Object 'Object Repository/ANEF_Eloignement_V_Nawres/Page_Formulaire_Creation_Dossier/Formulaire_Creation_Dossier_Accordeon/Acc_ Conditions_D_Entree_En_France'

14-02-2025T14:43:05 - [MESSAGE][INFO] - Checking object

14-02-2025T14:43:05 - [MESSAGE][INFO] - Finding web element from Test Object's properties

14-02-2025T14:43:05 - [MESSAGE][INFO] - Checking timeout

14-02-2025T14:43:05 - [MESSAGE][INFO] - Finding web element with id: 'Object Repository/ANEF_Eloignement_V_Nawres/Page_Formulaire_Creation_Dossier/Formulaire_Creation_Dossier_Accordeon/Acc_ Conditions_D_Entree_En_France' located by 'By.xpath: //*[@id="accordeon-condition-entree-france"]/section/h3/button' in '1' second(s)

14-02-2025T14:43:05 - [MESSAGE][INFO] - Found 1 web elements with id: 'Object Repository/ANEF_Eloignement_V_Nawres/Page_Formulaire_Creation_Dossier/Formulaire_Creation_Dossier_Accordeon/Acc_ Conditions_D_Entree_En_France' located by 'By.xpath: //*[@id="accordeon-condition-entree-france"]/section/h3/button' in '1' second(s)

14-02-2025T14:43:05 - [MESSAGE][PASSED] - Object 'Object Repository/ANEF_Eloignement_V_Nawres/Page_Formulaire_Creation_Dossier/Formulaire_Creation_Dossier_Accordeon/Acc_ Conditions_D_Entree_En_France' is present

14-02-2025T14:43:05 - [TEST_STEP][PASSED] - verifyElementPresent(findTestObject("Object Repository/ANEF_Eloignement_V_Nawres/Page_Formulaire_Creation_Dossier/Formulaire_Creation_Dossier_Menu/Menu_Antecedents_Administratifs"), 1, STOP_ON_FAILURE): Object 'Object Repository/ANEF_Eloignement_V_Nawres/Page_Formulaire_Creation_Dossier/Formulaire_Creation_Dossier_Menu/Menu_Antecedents_Administratifs' is present

14-02-2025T14:43:05 - [MESSAGE][INFO] - Finding Test Object 'Object Repository/ANEF_Eloignement_V_Nawres/Page_Formulaire_Creation_Dossier/Formulaire_Creation_Dossier_Menu/Menu_Antecedents_Administratifs'

14-02-2025T14:43:05 - [MESSAGE][INFO] - Checking object

14-02-2025T14:43:05 - [MESSAGE][INFO] - Finding web element from Test Object's properties

14-02-2025T14:43:05 - [MESSAGE][INFO] - Checking timeout

14-02-2025T14:43:05 - [MESSAGE][INFO] - Finding web element with id: 'Object Repository/ANEF_Eloignement_V_Nawres/Page_Formulaire_Creation_Dossier/Formulaire_Creation_Dossier_Menu/Menu_Antecedents_Administratifs' located by 'By.xpath: /html/body/app-root/app-layout-borderless/div[3]/app-prise-mesure/div/app-dsfr-onglet-tab/div/div[1]/app-fiche-etranger/div/div[1]/app-dsfr-sidemenu/nav/div/div/ul[6]/li/a' in '1' second(s)

14-02-2025T14:43:05 - [MESSAGE][INFO] - Found 1 web elements with id: 'Object Repository/ANEF_Eloignement_V_Nawres/Page_Formulaire_Creation_Dossier/Formulaire_Creation_Dossier_Menu/Menu_Antecedents_Administratifs' located by 'By.xpath: /html/body/app-root/app-layout-borderless/div[3]/app-prise-mesure/div/app-dsfr-onglet-tab/div/div[1]/app-fiche-etranger/div/div[1]/app-dsfr-sidemenu/nav/div/div/ul[6]/li/a' in '1' second(s)

14-02-2025T14:43:05 - [MESSAGE][PASSED] - Object 'Object Repository/ANEF_Eloignement_V_Nawres/Page_Formulaire_Creation_Dossier/Formulaire_Creation_Dossier_Menu/Menu_Antecedents_Administratifs' is present

14-02-2025T14:43:05 - [TEST_STEP][PASSED] - verifyElementPresent(findTestObject("Object Repository/ANEF_Eloignement_V_Nawres/Page_Formulaire_Creation_Dossier/Formulaire_Creation_Dossier_Accordeon/Acc_Documents_De_Voyage"), 1, STOP_ON_FAILURE): Object 'Object Repository/ANEF_Eloignement_V_Nawres/Page_Formulaire_Creation_Dossier/Formulaire_Creation_Dossier_Accordeon/Acc_Documents_De_Voyage' is present

14-02-2025T14:43:05 - [MESSAGE][INFO] - Finding Test Object 'Object Repository/ANEF_Eloignement_V_Nawres/Page_Formulaire_Creation_Dossier/Formulaire_Creation_Dossier_Accordeon/Acc_Documents_De_Voyage'

14-02-2025T14:43:05 - [MESSAGE][INFO] - Checking object

14-02-2025T14:43:05 - [MESSAGE][INFO] - Finding web element from Test Object's properties

14-02-2025T14:43:05 - [MESSAGE][INFO] - Checking timeout

14-02-2025T14:43:05 - [MESSAGE][INFO] - Finding web element with id: 'Object Repository/ANEF_Eloignement_V_Nawres/Page_Formulaire_Creation_Dossier/Formulaire_Creation_Dossier_Accordeon/Acc_Documents_De_Voyage' located by 'By.xpath: //*[@id="documents_de_voyage"]/app-accordeon-documents-de-voyage/section/h3/button|//*[@id="accordeon-documents-de-voyage"]/section/h3/button' in '1' second(s)

14-02-2025T14:43:05 - [MESSAGE][INFO] - Found 1 web elements with id: 'Object Repository/ANEF_Eloignement_V_Nawres/Page_Formulaire_Creation_Dossier/Formulaire_Creation_Dossier_Accordeon/Acc_Documents_De_Voyage' located by 'By.xpath: //*[@id="documents_de_voyage"]/app-accordeon-documents-de-voyage/section/h3/button|//*[@id="accordeon-documents-de-voyage"]/section/h3/button' in '1' second(s)

14-02-2025T14:43:05 - [MESSAGE][PASSED] - Object 'Object Repository/ANEF_Eloignement_V_Nawres/Page_Formulaire_Creation_Dossier/Formulaire_Creation_Dossier_Accordeon/Acc_Documents_De_Voyage' is present

14-02-2025T14:43:05 - [TEST_STEP][PASSED] - verifyElementPresent(findTestObject("Object Repository/ANEF_Eloignement_V_Nawres/Page_Formulaire_Creation_Dossier/Formulaire_Creation_Dossier_Menu/Menu_Documents_De_Voyage"), 1, STOP_ON_FAILURE): Object 'Object Repository/ANEF_Eloignement_V_Nawres/Page_Formulaire_Creation_Dossier/Formulaire_Creation_Dossier_Menu/Menu_Documents_De_Voyage' is present

14-02-2025T14:43:05 - [MESSAGE][INFO] - Finding Test Object 'Object Repository/ANEF_Eloignement_V_Nawres/Page_Formulaire_Creation_Dossier/Formulaire_Creation_Dossier_Menu/Menu_Documents_De_Voyage'

14-02-2025T14:43:05 - [MESSAGE][INFO] - Checking object

14-02-2025T14:43:05 - [MESSAGE][INFO] - Finding web element from Test Object's properties

14-02-2025T14:43:05 - [MESSAGE][INFO] - Checking timeout

14-02-2025T14:43:05 - [MESSAGE][INFO] - Finding web element with id: 'Object Repository/ANEF_Eloignement_V_Nawres/Page_Formulaire_Creation_Dossier/Formulaire_Creation_Dossier_Menu/Menu_Documents_De_Voyage' located by 'By.xpath: /html/body/app-root/app-layout-borderless/div[3]/app-prise-mesure/div/app-dsfr-onglet-tab/div/div[1]/app-fiche-etranger/div/div[1]/app-dsfr-sidemenu/nav/div/div/ul[7]/li/a' in '1' second(s)

14-02-2025T14:43:05 - [MESSAGE][INFO] - Found 1 web elements with id: 'Object Repository/ANEF_Eloignement_V_Nawres/Page_Formulaire_Creation_Dossier/Formulaire_Creation_Dossier_Menu/Menu_Documents_De_Voyage' located by 'By.xpath: /html/body/app-root/app-layout-borderless/div[3]/app-prise-mesure/div/app-dsfr-onglet-tab/div/div[1]/app-fiche-etranger/div/div[1]/app-dsfr-sidemenu/nav/div/div/ul[7]/li/a' in '1' second(s)

14-02-2025T14:43:05 - [MESSAGE][PASSED] - Object 'Object Repository/ANEF_Eloignement_V_Nawres/Page_Formulaire_Creation_Dossier/Formulaire_Creation_Dossier_Menu/Menu_Documents_De_Voyage' is present

14-02-2025T14:43:05 - [TEST_STEP][PASSED] - verifyElementPresent(findTestObject("Object Repository/ANEF_Eloignement_V_Nawres/Page_Formulaire_Creation_Dossier/Formulaire_Creation_Dossier_Accordeon/Acc_ Sortant_D_Etablissement_Penitentiaire"), 1, STOP_ON_FAILURE): Object 'Object Repository/ANEF_Eloignement_V_Nawres/Page_Formulaire_Creation_Dossier/Formulaire_Creation_Dossier_Accordeon/Acc_ Sortant_D_Etablissement_Penitentiaire' is present

14-02-2025T14:43:05 - [MESSAGE][INFO] - Finding Test Object 'Object Repository/ANEF_Eloignement_V_Nawres/Page_Formulaire_Creation_Dossier/Formulaire_Creation_Dossier_Accordeon/Acc_ Sortant_D_Etablissement_Penitentiaire'

14-02-2025T14:43:05 - [MESSAGE][INFO] - Checking object

14-02-2025T14:43:05 - [MESSAGE][INFO] - Finding web element from Test Object's properties

14-02-2025T14:43:05 - [MESSAGE][INFO] - Checking timeout

14-02-2025T14:43:05 - [MESSAGE][INFO] - Finding web element with id: 'Object Repository/ANEF_Eloignement_V_Nawres/Page_Formulaire_Creation_Dossier/Formulaire_Creation_Dossier_Accordeon/Acc_ Sortant_D_Etablissement_Penitentiaire' located by 'By.xpath: //*[@id="sortant_etablissement_penitentiaire"]/app-accordeaon-sortant-etablissement-penitentiaire/section/h3/button|//*[@id="sortant_etablissement_penitentiaire"]/app-accordeaon-sortant-etablissement-penitentiaire/section/h3/button' in '1' second(s)

14-02-2025T14:43:05 - [MESSAGE][INFO] - Found 1 web elements with id: 'Object Repository/ANEF_Eloignement_V_Nawres/Page_Formulaire_Creation_Dossier/Formulaire_Creation_Dossier_Accordeon/Acc_ Sortant_D_Etablissement_Penitentiaire' located by 'By.xpath: //*[@id="sortant_etablissement_penitentiaire"]/app-accordeaon-sortant-etablissement-penitentiaire/section/h3/button|//*[@id="sortant_etablissement_penitentiaire"]/app-accordeaon-sortant-etablissement-penitentiaire/section/h3/button' in '1' second(s)

14-02-2025T14:43:05 - [MESSAGE][PASSED] - Object 'Object Repository/ANEF_Eloignement_V_Nawres/Page_Formulaire_Creation_Dossier/Formulaire_Creation_Dossier_Accordeon/Acc_ Sortant_D_Etablissement_Penitentiaire' is present

14-02-2025T14:43:05 - [TEST_STEP][PASSED] - verifyElementPresent(findTestObject("Object Repository/ANEF_Eloignement_V_Nawres/Page_Formulaire_Creation_Dossier/Formulaire_Creation_Dossier_Menu/Menu_Sortant_D_Etablissement_Penitentiaire"), 1, STOP_ON_FAILURE): Object 'Object Repository/ANEF_Eloignement_V_Nawres/Page_Formulaire_Creation_Dossier/Formulaire_Creation_Dossier_Menu/Menu_Sortant_D_Etablissement_Penitentiaire' is present

14-02-2025T14:43:05 - [MESSAGE][INFO] - Finding Test Object 'Object Repository/ANEF_Eloignement_V_Nawres/Page_Formulaire_Creation_Dossier/Formulaire_Creation_Dossier_Menu/Menu_Sortant_D_Etablissement_Penitentiaire'

14-02-2025T14:43:05 - [MESSAGE][INFO] - Checking object

14-02-2025T14:43:05 - [MESSAGE][INFO] - Finding web element from Test Object's properties

14-02-2025T14:43:05 - [MESSAGE][INFO] - Checking timeout

14-02-2025T14:43:05 - [MESSAGE][INFO] - Finding web element with id: 'Object Repository/ANEF_Eloignement_V_Nawres/Page_Formulaire_Creation_Dossier/Formulaire_Creation_Dossier_Menu/Menu_Sortant_D_Etablissement_Penitentiaire' located by 'By.xpath: /html/body/app-root/app-layout-borderless/div[3]/app-prise-mesure/div/app-dsfr-onglet-tab/div/div[1]/app-fiche-etranger/div/div[1]/app-dsfr-sidemenu/nav/div/div/ul[9]/li/a' in '1' second(s)

14-02-2025T14:43:05 - [MESSAGE][INFO] - Found 1 web elements with id: 'Object Repository/ANEF_Eloignement_V_Nawres/Page_Formulaire_Creation_Dossier/Formulaire_Creation_Dossier_Menu/Menu_Sortant_D_Etablissement_Penitentiaire' located by 'By.xpath: /html/body/app-root/app-layout-borderless/div[3]/app-prise-mesure/div/app-dsfr-onglet-tab/div/div[1]/app-fiche-etranger/div/div[1]/app-dsfr-sidemenu/nav/div/div/ul[9]/li/a' in '1' second(s)

14-02-2025T14:43:05 - [MESSAGE][PASSED] - Object 'Object Repository/ANEF_Eloignement_V_Nawres/Page_Formulaire_Creation_Dossier/Formulaire_Creation_Dossier_Menu/Menu_Sortant_D_Etablissement_Penitentiaire' is present

14-02-2025T14:43:05 - [TEST_STEP][PASSED] - verifyElementPresent(findTestObject("Object Repository/ANEF_Eloignement_V_Nawres/Page_Formulaire_Creation_Dossier/Formulaire_Creation_Dossier_Menu/Menu_Consultations_Securitaires"), 1, STOP_ON_FAILURE): Object 'Object Repository/ANEF_Eloignement_V_Nawres/Page_Formulaire_Creation_Dossier/Formulaire_Creation_Dossier_Menu/Menu_Consultations_Securitaires' is present

14-02-2025T14:43:05 - [MESSAGE][INFO] - Finding Test Object 'Object Repository/ANEF_Eloignement_V_Nawres/Page_Formulaire_Creation_Dossier/Formulaire_Creation_Dossier_Menu/Menu_Consultations_Securitaires'

14-02-2025T14:43:05 - [MESSAGE][INFO] - Checking object

14-02-2025T14:43:05 - [MESSAGE][INFO] - Finding web element from Test Object's properties

14-02-2025T14:43:05 - [MESSAGE][INFO] - Checking timeout

14-02-2025T14:43:05 - [MESSAGE][INFO] - Finding web element with id: 'Object Repository/ANEF_Eloignement_V_Nawres/Page_Formulaire_Creation_Dossier/Formulaire_Creation_Dossier_Menu/Menu_Consultations_Securitaires' located by 'By.xpath: /html/body/app-root/app-layout-borderless/div[3]/app-prise-mesure/div/app-dsfr-onglet-tab/div/div[1]/app-fiche-etranger/div/div[1]/app-dsfr-sidemenu/nav/div/div/ul[10]/li/a' in '1' second(s)

14-02-2025T14:43:05 - [MESSAGE][INFO] - Found 1 web elements with id: 'Object Repository/ANEF_Eloignement_V_Nawres/Page_Formulaire_Creation_Dossier/Formulaire_Creation_Dossier_Menu/Menu_Consultations_Securitaires' located by 'By.xpath: /html/body/app-root/app-layout-borderless/div[3]/app-prise-mesure/div/app-dsfr-onglet-tab/div/div[1]/app-fiche-etranger/div/div[1]/app-dsfr-sidemenu/nav/div/div/ul[10]/li/a' in '1' second(s)

14-02-2025T14:43:05 - [MESSAGE][PASSED] - Object 'Object Repository/ANEF_Eloignement_V_Nawres/Page_Formulaire_Creation_Dossier/Formulaire_Creation_Dossier_Menu/Menu_Consultations_Securitaires' is present

14-02-2025T14:43:05 - [TEST_STEP][PASSED] - "Remplir les champs obligatoire du formulaire": null

14-02-2025T14:43:05 - [TEST_STEP][PASSED] - RandomNom = tools.MyStringTools.genererChaineAleatoire(5): tools.MyStringTools.genererChaineAleatoire is PASSED

14-02-2025T14:43:05 - [MESSAGE][PASSED] - tools.MyStringTools.genererChaineAleatoire is PASSED

14-02-2025T14:43:05 - [TEST_STEP][PASSED] - println(RandomNom): null

14-02-2025T14:43:05 - [TEST_STEP][PASSED] - setText(findTestObject("Object Repository/ANEF_Eloignement_V_Nawres/Page_Formulaire_Creation_Dossier/Formulaire_Creation_Dossier_Input/input_Nom"), RandomNom, STOP_ON_FAILURE): Text 'YjLGT' is set on object 'Object Repository/ANEF_Eloignement_V_Nawres/Page_Formulaire_Creation_Dossier/Formulaire_Creation_Dossier_Input/input_Nom'

14-02-2025T14:43:05 - [MESSAGE][INFO] - Finding Test Object 'Object Repository/ANEF_Eloignement_V_Nawres/Page_Formulaire_Creation_Dossier/Formulaire_Creation_Dossier_Input/input_Nom'

14-02-2025T14:43:05 - [MESSAGE][INFO] - Checking timeout

14-02-2025T14:43:05 - [MESSAGE][INFO] - Finding web element with id: 'Object Repository/ANEF_Eloignement_V_Nawres/Page_Formulaire_Creation_Dossier/Formulaire_Creation_Dossier_Input/input_Nom' located by 'By.xpath: //input[@id="nom"]' in '20' second(s)

14-02-2025T14:43:05 - [MESSAGE][INFO] - Found 1 web elements with id: 'Object Repository/ANEF_Eloignement_V_Nawres/Page_Formulaire_Creation_Dossier/Formulaire_Creation_Dossier_Input/input_Nom' located by 'By.xpath: //input[@id="nom"]' in '20' second(s)

14-02-2025T14:43:05 - [MESSAGE][INFO] - Checking object

14-02-2025T14:43:05 - [MESSAGE][INFO] - Checking text

14-02-2025T14:43:05 - [MESSAGE][INFO] - Finding web element from Test Object's properties

14-02-2025T14:43:05 - [MESSAGE][INFO] - Checking timeout

14-02-2025T14:43:05 - [MESSAGE][INFO] - Finding web element with id: 'Object Repository/ANEF_Eloignement_V_Nawres/Page_Formulaire_Creation_Dossier/Formulaire_Creation_Dossier_Input/input_Nom' located by 'By.xpath: //input[@id="nom"]' in '100' second(s)

14-02-2025T14:43:05 - [MESSAGE][INFO] - Found 1 web elements with id: 'Object Repository/ANEF_Eloignement_V_Nawres/Page_Formulaire_Creation_Dossier/Formulaire_Creation_Dossier_Input/input_Nom' located by 'By.xpath: //input[@id="nom"]' in '100' second(s)

14-02-2025T14:43:05 - [MESSAGE][INFO] - Clearing text of object 'Object Repository/ANEF_Eloignement_V_Nawres/Page_Formulaire_Creation_Dossier/Formulaire_Creation_Dossier_Input/input_Nom'

14-02-2025T14:43:06 - [MESSAGE][INFO] - Finding web element from Test Object's properties

14-02-2025T14:43:06 - [MESSAGE][INFO] - Checking timeout

14-02-2025T14:43:06 - [MESSAGE][INFO] - Finding web element with id: 'Object Repository/ANEF_Eloignement_V_Nawres/Page_Formulaire_Creation_Dossier/Formulaire_Creation_Dossier_Input/input_Nom' located by 'By.xpath: //input[@id="nom"]' in '100' second(s)

14-02-2025T14:43:06 - [MESSAGE][INFO] - Found 1 web elements with id: 'Object Repository/ANEF_Eloignement_V_Nawres/Page_Formulaire_Creation_Dossier/Formulaire_Creation_Dossier_Input/input_Nom' located by 'By.xpath: //input[@id="nom"]' in '100' second(s)

14-02-2025T14:43:06 - [MESSAGE][INFO] - Setting text of object 'Object Repository/ANEF_Eloignement_V_Nawres/Page_Formulaire_Creation_Dossier/Formulaire_Creation_Dossier_Input/input_Nom' to value 'YjLGT'

14-02-2025T14:43:08 - [MESSAGE][PASSED] - Text 'YjLGT' is set on object 'Object Repository/ANEF_Eloignement_V_Nawres/Page_Formulaire_Creation_Dossier/Formulaire_Creation_Dossier_Input/input_Nom'

14-02-2025T14:43:08 - [TEST_STEP][PASSED] - if (Sexe == "Femme"): Object: 'Object Repository/ANEF_Eloignement_V_Nawres/Page_Formulaire_Creation_Dossier/Formulaire_Creation_Dossier_Input/btn_radio_Sexe_F' is clicked on

14-02-2025T14:43:08 - [TEST_STEP][PASSED] - click(findTestObject("Object Repository/ANEF_Eloignement_V_Nawres/Page_Formulaire_Creation_Dossier/Formulaire_Creation_Dossier_Input/btn_radio_Sexe_F"), STOP_ON_FAILURE): Object: 'Object Repository/ANEF_Eloignement_V_Nawres/Page_Formulaire_Creation_Dossier/Formulaire_Creation_Dossier_Input/btn_radio_Sexe_F' is clicked on

14-02-2025T14:43:08 - [MESSAGE][INFO] - Finding Test Object 'Object Repository/ANEF_Eloignement_V_Nawres/Page_Formulaire_Creation_Dossier/Formulaire_Creation_Dossier_Input/btn_radio_Sexe_F'

14-02-2025T14:43:08 - [MESSAGE][INFO] - Checking timeout

14-02-2025T14:43:08 - [MESSAGE][INFO] - Finding web element with id: 'Object Repository/ANEF_Eloignement_V_Nawres/Page_Formulaire_Creation_Dossier/Formulaire_Creation_Dossier_Input/btn_radio_Sexe_F' located by 'By.xpath: //label[contains(text()," FÃ©minin")]' in '20' second(s)

14-02-2025T14:43:08 - [MESSAGE][INFO] - Found 1 web elements with id: 'Object Repository/ANEF_Eloignement_V_Nawres/Page_Formulaire_Creation_Dossier/Formulaire_Creation_Dossier_Input/btn_radio_Sexe_F' located by 'By.xpath: //label[contains(text()," FÃ©minin")]' in '20' second(s)

14-02-2025T14:43:08 - [MESSAGE][INFO] - Checking object

14-02-2025T14:43:08 - [MESSAGE][INFO] - Checking timeout

14-02-2025T14:43:08 - [MESSAGE][INFO] - Finding web element from Test Object's properties

14-02-2025T14:43:08 - [MESSAGE][INFO] - Checking timeout

14-02-2025T14:43:08 - [MESSAGE][INFO] - Finding web element with id: 'Object Repository/ANEF_Eloignement_V_Nawres/Page_Formulaire_Creation_Dossier/Formulaire_Creation_Dossier_Input/btn_radio_Sexe_F' located by 'By.xpath: //label[contains(text()," FÃ©minin")]' in '100' second(s)

14-02-2025T14:43:08 - [MESSAGE][INFO] - Found 1 web elements with id: 'Object Repository/ANEF_Eloignement_V_Nawres/Page_Formulaire_Creation_Dossier/Formulaire_Creation_Dossier_Input/btn_radio_Sexe_F' located by 'By.xpath: //label[contains(text()," FÃ©minin")]' in '100' second(s)

14-02-2025T14:43:08 - [MESSAGE][INFO] - Clicking on object: 'Object Repository/ANEF_Eloignement_V_Nawres/Page_Formulaire_Creation_Dossier/Formulaire_Creation_Dossier_Input/btn_radio_Sexe_F'

14-02-2025T14:43:09 - [MESSAGE][PASSED] - Object: 'Object Repository/ANEF_Eloignement_V_Nawres/Page_Formulaire_Creation_Dossier/Formulaire_Creation_Dossier_Input/btn_radio_Sexe_F' is clicked on

14-02-2025T14:43:09 - [TEST_STEP][PASSED] - if (Sexe == "Homme"): null

14-02-2025T14:43:09 - [TEST_STEP][PASSED] - click(findTestObject("Object Repository/ANEF_Eloignement_V_Nawres/Page_Formulaire_Creation_Dossier/Formulaire_Creation_Dossier_Input/btn_Radio_Date_Naissance_Approximative"), STOP_ON_FAILURE): Object: 'Object Repository/ANEF_Eloignement_V_Nawres/Page_Formulaire_Creation_Dossier/Formulaire_Creation_Dossier_Input/btn_Radio_Date_Naissance_Approximative' is clicked on

14-02-2025T14:43:09 - [MESSAGE][INFO] - Finding Test Object 'Object Repository/ANEF_Eloignement_V_Nawres/Page_Formulaire_Creation_Dossier/Formulaire_Creation_Dossier_Input/btn_Radio_Date_Naissance_Approximative'

14-02-2025T14:43:09 - [MESSAGE][INFO] - Checking timeout

14-02-2025T14:43:09 - [MESSAGE][INFO] - Finding web element with id: 'Object Repository/ANEF_Eloignement_V_Nawres/Page_Formulaire_Creation_Dossier/Formulaire_Creation_Dossier_Input/btn_Radio_Date_Naissance_Approximative' located by 'By.xpath: //label[contains(text(),' Approximative ')]' in '20' second(s)

14-02-2025T14:43:09 - [MESSAGE][INFO] - Found 1 web elements with id: 'Object Repository/ANEF_Eloignement_V_Nawres/Page_Formulaire_Creation_Dossier/Formulaire_Creation_Dossier_Input/btn_Radio_Date_Naissance_Approximative' located by 'By.xpath: //label[contains(text(),' Approximative ')]' in '20' second(s)

14-02-2025T14:43:09 - [MESSAGE][INFO] - Checking object

14-02-2025T14:43:09 - [MESSAGE][INFO] - Checking timeout

14-02-2025T14:43:09 - [MESSAGE][INFO] - Finding web element from Test Object's properties

14-02-2025T14:43:09 - [MESSAGE][INFO] - Checking timeout

14-02-2025T14:43:09 - [MESSAGE][INFO] - Finding web element with id: 'Object Repository/ANEF_Eloignement_V_Nawres/Page_Formulaire_Creation_Dossier/Formulaire_Creation_Dossier_Input/btn_Radio_Date_Naissance_Approximative' located by 'By.xpath: //label[contains(text(),' Approximative ')]' in '100' second(s)

14-02-2025T14:43:09 - [MESSAGE][INFO] - Found 1 web elements with id: 'Object Repository/ANEF_Eloignement_V_Nawres/Page_Formulaire_Creation_Dossier/Formulaire_Creation_Dossier_Input/btn_Radio_Date_Naissance_Approximative' located by 'By.xpath: //label[contains(text(),' Approximative ')]' in '100' second(s)

14-02-2025T14:43:09 - [MESSAGE][INFO] - Clicking on object: 'Object Repository/ANEF_Eloignement_V_Nawres/Page_Formulaire_Creation_Dossier/Formulaire_Creation_Dossier_Input/btn_Radio_Date_Naissance_Approximative'

14-02-2025T14:43:10 - [MESSAGE][PASSED] - Object: 'Object Repository/ANEF_Eloignement_V_Nawres/Page_Formulaire_Creation_Dossier/Formulaire_Creation_Dossier_Input/btn_Radio_Date_Naissance_Approximative' is clicked on

14-02-2025T14:43:10 - [TEST_STEP][PASSED] - setText(findTestObject("Object Repository/ANEF_Eloignement_V_Nawres/Page_Formulaire_Creation_Dossier/Formulaire_Creation_Dossier_Input/input_Date_De_Naissance_Annee"), AnneeNaissance, STOP_ON_FAILURE): Text '1994' is set on object 'Object Repository/ANEF_Eloignement_V_Nawres/Page_Formulaire_Creation_Dossier/Formulaire_Creation_Dossier_Input/input_Date_De_Naissance_Annee'

14-02-2025T14:43:10 - [MESSAGE][INFO] - Finding Test Object 'Object Repository/ANEF_Eloignement_V_Nawres/Page_Formulaire_Creation_Dossier/Formulaire_Creation_Dossier_Input/input_Date_De_Naissance_Annee'

14-02-2025T14:43:10 - [MESSAGE][INFO] - Checking timeout

14-02-2025T14:43:10 - [MESSAGE][INFO] - Finding web element with id: 'Object Repository/ANEF_Eloignement_V_Nawres/Page_Formulaire_Creation_Dossier/Formulaire_Creation_Dossier_Input/input_Date_De_Naissance_Annee' located by 'By.xpath: //input[@id="annee"]' in '20' second(s)

14-02-2025T14:43:10 - [MESSAGE][INFO] - Found 1 web elements with id: 'Object Repository/ANEF_Eloignement_V_Nawres/Page_Formulaire_Creation_Dossier/Formulaire_Creation_Dossier_Input/input_Date_De_Naissance_Annee' located by 'By.xpath: //input[@id="annee"]' in '20' second(s)

14-02-2025T14:43:10 - [MESSAGE][INFO] - Checking object

14-02-2025T14:43:10 - [MESSAGE][INFO] - Checking text

14-02-2025T14:43:10 - [MESSAGE][INFO] - Finding web element from Test Object's properties

14-02-2025T14:43:10 - [MESSAGE][INFO] - Checking timeout

14-02-2025T14:43:10 - [MESSAGE][INFO] - Finding web element with id: 'Object Repository/ANEF_Eloignement_V_Nawres/Page_Formulaire_Creation_Dossier/Formulaire_Creation_Dossier_Input/input_Date_De_Naissance_Annee' located by 'By.xpath: //input[@id="annee"]' in '100' second(s)

14-02-2025T14:43:10 - [MESSAGE][INFO] - Found 1 web elements with id: 'Object Repository/ANEF_Eloignement_V_Nawres/Page_Formulaire_Creation_Dossier/Formulaire_Creation_Dossier_Input/input_Date_De_Naissance_Annee' located by 'By.xpath: //input[@id="annee"]' in '100' second(s)

14-02-2025T14:43:10 - [MESSAGE][INFO] - Clearing text of object 'Object Repository/ANEF_Eloignement_V_Nawres/Page_Formulaire_Creation_Dossier/Formulaire_Creation_Dossier_Input/input_Date_De_Naissance_Annee'

14-02-2025T14:43:11 - [MESSAGE][INFO] - Finding web element from Test Object's properties

14-02-2025T14:43:11 - [MESSAGE][INFO] - Checking timeout

14-02-2025T14:43:11 - [MESSAGE][INFO] - Finding web element with id: 'Object Repository/ANEF_Eloignement_V_Nawres/Page_Formulaire_Creation_Dossier/Formulaire_Creation_Dossier_Input/input_Date_De_Naissance_Annee' located by 'By.xpath: //input[@id="annee"]' in '100' second(s)

14-02-2025T14:43:11 - [MESSAGE][INFO] - Found 1 web elements with id: 'Object Repository/ANEF_Eloignement_V_Nawres/Page_Formulaire_Creation_Dossier/Formulaire_Creation_Dossier_Input/input_Date_De_Naissance_Annee' located by 'By.xpath: //input[@id="annee"]' in '100' second(s)

14-02-2025T14:43:11 - [MESSAGE][INFO] - Setting text of object 'Object Repository/ANEF_Eloignement_V_Nawres/Page_Formulaire_Creation_Dossier/Formulaire_Creation_Dossier_Input/input_Date_De_Naissance_Annee' to value '1994'

14-02-2025T14:43:12 - [MESSAGE][PASSED] - Text '1994' is set on object 'Object Repository/ANEF_Eloignement_V_Nawres/Page_Formulaire_Creation_Dossier/Formulaire_Creation_Dossier_Input/input_Date_De_Naissance_Annee'

14-02-2025T14:43:12 - [TEST_STEP][PASSED] - if (Nationnalite == "RPT"): All options with label 'ALGERIE' are selected in object 'Object Repository/ANEF_Eloignement_V_Nawres/Page_Formulaire_Creation_Dossier/Formulaire_Creation_Dossier_Input/select_Pays_De_Naissance' 

14-02-2025T14:43:12 - [TEST_STEP][PASSED] - selectOptionByLabel(findTestObject("Object Repository/ANEF_Eloignement_V_Nawres/Page_Formulaire_Creation_Dossier/Formulaire_Creation_Dossier_Input/select_Pays_De_Naissance"), "ALGERIE", false, STOP_ON_FAILURE): All options with label 'ALGERIE' are selected in object 'Object Repository/ANEF_Eloignement_V_Nawres/Page_Formulaire_Creation_Dossier/Formulaire_Creation_Dossier_Input/select_Pays_De_Naissance' 

14-02-2025T14:43:12 - [MESSAGE][INFO] - Finding Test Object 'Object Repository/ANEF_Eloignement_V_Nawres/Page_Formulaire_Creation_Dossier/Formulaire_Creation_Dossier_Input/select_Pays_De_Naissance'

14-02-2025T14:43:12 - [MESSAGE][INFO] - Checking timeout

14-02-2025T14:43:12 - [MESSAGE][INFO] - Finding web element with id: 'Object Repository/ANEF_Eloignement_V_Nawres/Page_Formulaire_Creation_Dossier/Formulaire_Creation_Dossier_Input/select_Pays_De_Naissance' located by 'By.xpath: //select[@id="pays_naissance"]' in '20' second(s)

14-02-2025T14:43:12 - [MESSAGE][INFO] - Found 1 web elements with id: 'Object Repository/ANEF_Eloignement_V_Nawres/Page_Formulaire_Creation_Dossier/Formulaire_Creation_Dossier_Input/select_Pays_De_Naissance' located by 'By.xpath: //select[@id="pays_naissance"]' in '20' second(s)

14-02-2025T14:43:12 - [MESSAGE][INFO] - Checking object

14-02-2025T14:43:12 - [MESSAGE][INFO] - Checking label parameter

14-02-2025T14:43:12 - [MESSAGE][INFO] - Finding web element from Test Object's properties

14-02-2025T14:43:12 - [MESSAGE][INFO] - Checking timeout

14-02-2025T14:43:12 - [MESSAGE][INFO] - Finding web element with id: 'Object Repository/ANEF_Eloignement_V_Nawres/Page_Formulaire_Creation_Dossier/Formulaire_Creation_Dossier_Input/select_Pays_De_Naissance' located by 'By.xpath: //select[@id="pays_naissance"]' in '100' second(s)

14-02-2025T14:43:12 - [MESSAGE][INFO] - Found 1 web elements with id: 'Object Repository/ANEF_Eloignement_V_Nawres/Page_Formulaire_Creation_Dossier/Formulaire_Creation_Dossier_Input/select_Pays_De_Naissance' located by 'By.xpath: //select[@id="pays_naissance"]' in '100' second(s)

14-02-2025T14:43:12 - [MESSAGE][INFO] - Selecting options on object 'Object Repository/ANEF_Eloignement_V_Nawres/Page_Formulaire_Creation_Dossier/Formulaire_Creation_Dossier_Input/select_Pays_De_Naissance' with label 'ALGERIE' 

14-02-2025T14:43:13 - [MESSAGE][PASSED] - All options with label 'ALGERIE' are selected in object 'Object Repository/ANEF_Eloignement_V_Nawres/Page_Formulaire_Creation_Dossier/Formulaire_Creation_Dossier_Input/select_Pays_De_Naissance' 

14-02-2025T14:43:13 - [TEST_STEP][PASSED] - if (Nationnalite == "RUE"): null

14-02-2025T14:43:13 - [TEST_STEP][PASSED] - if (Nationnalite == "RPT"): All options with label 'algÃ©rienne' are selected in object 'Object Repository/ANEF_Eloignement_V_Nawres/Page_Formulaire_Creation_Dossier/Formulaire_Creation_Dossier_Input/select_Nationnalite' 

14-02-2025T14:43:13 - [TEST_STEP][PASSED] - selectOptionByLabel(findTestObject("Object Repository/ANEF_Eloignement_V_Nawres/Page_Formulaire_Creation_Dossier/Formulaire_Creation_Dossier_Input/select_Nationnalite"), "algÃ©rienne", false, STOP_ON_FAILURE): All options with label 'algÃ©rienne' are selected in object 'Object Repository/ANEF_Eloignement_V_Nawres/Page_Formulaire_Creation_Dossier/Formulaire_Creation_Dossier_Input/select_Nationnalite' 

14-02-2025T14:43:13 - [MESSAGE][INFO] - Finding Test Object 'Object Repository/ANEF_Eloignement_V_Nawres/Page_Formulaire_Creation_Dossier/Formulaire_Creation_Dossier_Input/select_Nationnalite'

14-02-2025T14:43:13 - [MESSAGE][INFO] - Checking timeout

14-02-2025T14:43:13 - [MESSAGE][INFO] - Finding web element with id: 'Object Repository/ANEF_Eloignement_V_Nawres/Page_Formulaire_Creation_Dossier/Formulaire_Creation_Dossier_Input/select_Nationnalite' located by 'By.xpath: //select[@id="nationalite"]' in '20' second(s)

14-02-2025T14:43:14 - [MESSAGE][INFO] - Found 1 web elements with id: 'Object Repository/ANEF_Eloignement_V_Nawres/Page_Formulaire_Creation_Dossier/Formulaire_Creation_Dossier_Input/select_Nationnalite' located by 'By.xpath: //select[@id="nationalite"]' in '20' second(s)

14-02-2025T14:43:14 - [MESSAGE][INFO] - Checking object

14-02-2025T14:43:14 - [MESSAGE][INFO] - Checking label parameter

14-02-2025T14:43:14 - [MESSAGE][INFO] - Finding web element from Test Object's properties

14-02-2025T14:43:14 - [MESSAGE][INFO] - Checking timeout

14-02-2025T14:43:14 - [MESSAGE][INFO] - Finding web element with id: 'Object Repository/ANEF_Eloignement_V_Nawres/Page_Formulaire_Creation_Dossier/Formulaire_Creation_Dossier_Input/select_Nationnalite' located by 'By.xpath: //select[@id="nationalite"]' in '100' second(s)

14-02-2025T14:43:14 - [MESSAGE][INFO] - Found 1 web elements with id: 'Object Repository/ANEF_Eloignement_V_Nawres/Page_Formulaire_Creation_Dossier/Formulaire_Creation_Dossier_Input/select_Nationnalite' located by 'By.xpath: //select[@id="nationalite"]' in '100' second(s)

14-02-2025T14:43:14 - [MESSAGE][INFO] - Selecting options on object 'Object Repository/ANEF_Eloignement_V_Nawres/Page_Formulaire_Creation_Dossier/Formulaire_Creation_Dossier_Input/select_Nationnalite' with label 'algÃ©rienne' 

14-02-2025T14:43:15 - [MESSAGE][PASSED] - All options with label 'algÃ©rienne' are selected in object 'Object Repository/ANEF_Eloignement_V_Nawres/Page_Formulaire_Creation_Dossier/Formulaire_Creation_Dossier_Input/select_Nationnalite' 

14-02-2025T14:43:15 - [TEST_STEP][PASSED] - if (Nationnalite == "RUE"): null

14-02-2025T14:43:15 - [TEST_STEP][PASSED] - if (Nationnalite == "RPT"): Text 'Wahran' is set on object 'Object Repository/ANEF_Eloignement_V_Nawres/Page_Formulaire_Creation_Dossier/Formulaire_Creation_Dossier_Input/input_Lieu_De_Naissance'

14-02-2025T14:43:15 - [TEST_STEP][PASSED] - setText(findTestObject("Object Repository/ANEF_Eloignement_V_Nawres/Page_Formulaire_Creation_Dossier/Formulaire_Creation_Dossier_Input/input_Lieu_De_Naissance"), "Wahran", STOP_ON_FAILURE): Text 'Wahran' is set on object 'Object Repository/ANEF_Eloignement_V_Nawres/Page_Formulaire_Creation_Dossier/Formulaire_Creation_Dossier_Input/input_Lieu_De_Naissance'

14-02-2025T14:43:15 - [MESSAGE][INFO] - Finding Test Object 'Object Repository/ANEF_Eloignement_V_Nawres/Page_Formulaire_Creation_Dossier/Formulaire_Creation_Dossier_Input/input_Lieu_De_Naissance'

14-02-2025T14:43:15 - [MESSAGE][INFO] - Checking timeout

14-02-2025T14:43:15 - [MESSAGE][INFO] - Finding web element with id: 'Object Repository/ANEF_Eloignement_V_Nawres/Page_Formulaire_Creation_Dossier/Formulaire_Creation_Dossier_Input/input_Lieu_De_Naissance' located by 'By.xpath: //input[@id="ville_naissance"]' in '20' second(s)

14-02-2025T14:43:15 - [MESSAGE][INFO] - Found 1 web elements with id: 'Object Repository/ANEF_Eloignement_V_Nawres/Page_Formulaire_Creation_Dossier/Formulaire_Creation_Dossier_Input/input_Lieu_De_Naissance' located by 'By.xpath: //input[@id="ville_naissance"]' in '20' second(s)

14-02-2025T14:43:15 - [MESSAGE][INFO] - Checking object

14-02-2025T14:43:15 - [MESSAGE][INFO] - Checking text

14-02-2025T14:43:15 - [MESSAGE][INFO] - Finding web element from Test Object's properties

14-02-2025T14:43:15 - [MESSAGE][INFO] - Checking timeout

14-02-2025T14:43:15 - [MESSAGE][INFO] - Finding web element with id: 'Object Repository/ANEF_Eloignement_V_Nawres/Page_Formulaire_Creation_Dossier/Formulaire_Creation_Dossier_Input/input_Lieu_De_Naissance' located by 'By.xpath: //input[@id="ville_naissance"]' in '100' second(s)

14-02-2025T14:43:15 - [MESSAGE][INFO] - Found 1 web elements with id: 'Object Repository/ANEF_Eloignement_V_Nawres/Page_Formulaire_Creation_Dossier/Formulaire_Creation_Dossier_Input/input_Lieu_De_Naissance' located by 'By.xpath: //input[@id="ville_naissance"]' in '100' second(s)

14-02-2025T14:43:15 - [MESSAGE][INFO] - Clearing text of object 'Object Repository/ANEF_Eloignement_V_Nawres/Page_Formulaire_Creation_Dossier/Formulaire_Creation_Dossier_Input/input_Lieu_De_Naissance'

14-02-2025T14:43:16 - [MESSAGE][INFO] - Finding web element from Test Object's properties

14-02-2025T14:43:16 - [MESSAGE][INFO] - Checking timeout

14-02-2025T14:43:16 - [MESSAGE][INFO] - Finding web element with id: 'Object Repository/ANEF_Eloignement_V_Nawres/Page_Formulaire_Creation_Dossier/Formulaire_Creation_Dossier_Input/input_Lieu_De_Naissance' located by 'By.xpath: //input[@id="ville_naissance"]' in '100' second(s)

14-02-2025T14:43:16 - [MESSAGE][INFO] - Found 1 web elements with id: 'Object Repository/ANEF_Eloignement_V_Nawres/Page_Formulaire_Creation_Dossier/Formulaire_Creation_Dossier_Input/input_Lieu_De_Naissance' located by 'By.xpath: //input[@id="ville_naissance"]' in '100' second(s)

14-02-2025T14:43:16 - [MESSAGE][INFO] - Setting text of object 'Object Repository/ANEF_Eloignement_V_Nawres/Page_Formulaire_Creation_Dossier/Formulaire_Creation_Dossier_Input/input_Lieu_De_Naissance' to value 'Wahran'

14-02-2025T14:43:17 - [MESSAGE][PASSED] - Text 'Wahran' is set on object 'Object Repository/ANEF_Eloignement_V_Nawres/Page_Formulaire_Creation_Dossier/Formulaire_Creation_Dossier_Input/input_Lieu_De_Naissance'

14-02-2025T14:43:17 - [TEST_STEP][PASSED] - if (Nationnalite == "RUE"): null

14-02-2025T14:43:17 - [TEST_STEP][PASSED] - selectOptionByLabel(findTestObject("Object Repository/ANEF_Eloignement_V_Nawres/Page_Formulaire_Creation_Dossier/Formulaire_Creation_Dossier_Input/select_Situation_Familiale"), "CÃ©libataire", false, STOP_ON_FAILURE): All options with label 'CÃ©libataire' are selected in object 'Object Repository/ANEF_Eloignement_V_Nawres/Page_Formulaire_Creation_Dossier/Formulaire_Creation_Dossier_Input/select_Situation_Familiale' 

14-02-2025T14:43:17 - [MESSAGE][INFO] - Finding Test Object 'Object Repository/ANEF_Eloignement_V_Nawres/Page_Formulaire_Creation_Dossier/Formulaire_Creation_Dossier_Input/select_Situation_Familiale'

14-02-2025T14:43:17 - [MESSAGE][INFO] - Checking timeout

14-02-2025T14:43:17 - [MESSAGE][INFO] - Finding web element with id: 'Object Repository/ANEF_Eloignement_V_Nawres/Page_Formulaire_Creation_Dossier/Formulaire_Creation_Dossier_Input/select_Situation_Familiale' located by 'By.xpath: //select[@id="situation_familiale"]' in '20' second(s)

14-02-2025T14:43:17 - [MESSAGE][INFO] - Found 1 web elements with id: 'Object Repository/ANEF_Eloignement_V_Nawres/Page_Formulaire_Creation_Dossier/Formulaire_Creation_Dossier_Input/select_Situation_Familiale' located by 'By.xpath: //select[@id="situation_familiale"]' in '20' second(s)

14-02-2025T14:43:17 - [MESSAGE][INFO] - Checking object

14-02-2025T14:43:17 - [MESSAGE][INFO] - Checking label parameter

14-02-2025T14:43:17 - [MESSAGE][INFO] - Finding web element from Test Object's properties

14-02-2025T14:43:17 - [MESSAGE][INFO] - Checking timeout

14-02-2025T14:43:17 - [MESSAGE][INFO] - Finding web element with id: 'Object Repository/ANEF_Eloignement_V_Nawres/Page_Formulaire_Creation_Dossier/Formulaire_Creation_Dossier_Input/select_Situation_Familiale' located by 'By.xpath: //select[@id="situation_familiale"]' in '100' second(s)

14-02-2025T14:43:17 - [MESSAGE][INFO] - Found 1 web elements with id: 'Object Repository/ANEF_Eloignement_V_Nawres/Page_Formulaire_Creation_Dossier/Formulaire_Creation_Dossier_Input/select_Situation_Familiale' located by 'By.xpath: //select[@id="situation_familiale"]' in '100' second(s)

14-02-2025T14:43:17 - [MESSAGE][INFO] - Selecting options on object 'Object Repository/ANEF_Eloignement_V_Nawres/Page_Formulaire_Creation_Dossier/Formulaire_Creation_Dossier_Input/select_Situation_Familiale' with label 'CÃ©libataire' 

14-02-2025T14:43:18 - [MESSAGE][PASSED] - All options with label 'CÃ©libataire' are selected in object 'Object Repository/ANEF_Eloignement_V_Nawres/Page_Formulaire_Creation_Dossier/Formulaire_Creation_Dossier_Input/select_Situation_Familiale' 

14-02-2025T14:43:18 - [TEST_STEP][PASSED] - setText(findTestObject("Object Repository/ANEF_Eloignement_V_Nawres/Page_Formulaire_Creation_Dossier/Formulaire_Creation_Dossier_Input/input_Date_Entree_En_France"), "22/03/2020"): Text '22/03/2020' is set on object 'Object Repository/ANEF_Eloignement_V_Nawres/Page_Formulaire_Creation_Dossier/Formulaire_Creation_Dossier_Input/input_Date_Entree_En_France'

14-02-2025T14:43:18 - [MESSAGE][INFO] - Finding Test Object 'Object Repository/ANEF_Eloignement_V_Nawres/Page_Formulaire_Creation_Dossier/Formulaire_Creation_Dossier_Input/input_Date_Entree_En_France'

14-02-2025T14:43:18 - [MESSAGE][INFO] - Checking timeout

14-02-2025T14:43:18 - [MESSAGE][INFO] - Finding web element with id: 'Object Repository/ANEF_Eloignement_V_Nawres/Page_Formulaire_Creation_Dossier/Formulaire_Creation_Dossier_Input/input_Date_Entree_En_France' located by 'By.xpath: //input[@id="date_entree_en_france"]' in '20' second(s)

14-02-2025T14:43:18 - [MESSAGE][INFO] - Found 1 web elements with id: 'Object Repository/ANEF_Eloignement_V_Nawres/Page_Formulaire_Creation_Dossier/Formulaire_Creation_Dossier_Input/input_Date_Entree_En_France' located by 'By.xpath: //input[@id="date_entree_en_france"]' in '20' second(s)

14-02-2025T14:43:18 - [MESSAGE][INFO] - Checking object

14-02-2025T14:43:18 - [MESSAGE][INFO] - Checking text

14-02-2025T14:43:18 - [MESSAGE][INFO] - Finding web element from Test Object's properties

14-02-2025T14:43:18 - [MESSAGE][INFO] - Checking timeout

14-02-2025T14:43:18 - [MESSAGE][INFO] - Finding web element with id: 'Object Repository/ANEF_Eloignement_V_Nawres/Page_Formulaire_Creation_Dossier/Formulaire_Creation_Dossier_Input/input_Date_Entree_En_France' located by 'By.xpath: //input[@id="date_entree_en_france"]' in '100' second(s)

14-02-2025T14:43:18 - [MESSAGE][INFO] - Found 1 web elements with id: 'Object Repository/ANEF_Eloignement_V_Nawres/Page_Formulaire_Creation_Dossier/Formulaire_Creation_Dossier_Input/input_Date_Entree_En_France' located by 'By.xpath: //input[@id="date_entree_en_france"]' in '100' second(s)

14-02-2025T14:43:18 - [MESSAGE][INFO] - Clearing text of object 'Object Repository/ANEF_Eloignement_V_Nawres/Page_Formulaire_Creation_Dossier/Formulaire_Creation_Dossier_Input/input_Date_Entree_En_France'

14-02-2025T14:43:19 - [MESSAGE][INFO] - Finding web element from Test Object's properties

14-02-2025T14:43:19 - [MESSAGE][INFO] - Checking timeout

14-02-2025T14:43:19 - [MESSAGE][INFO] - Finding web element with id: 'Object Repository/ANEF_Eloignement_V_Nawres/Page_Formulaire_Creation_Dossier/Formulaire_Creation_Dossier_Input/input_Date_Entree_En_France' located by 'By.xpath: //input[@id="date_entree_en_france"]' in '100' second(s)

14-02-2025T14:43:19 - [MESSAGE][INFO] - Found 1 web elements with id: 'Object Repository/ANEF_Eloignement_V_Nawres/Page_Formulaire_Creation_Dossier/Formulaire_Creation_Dossier_Input/input_Date_Entree_En_France' located by 'By.xpath: //input[@id="date_entree_en_france"]' in '100' second(s)

14-02-2025T14:43:19 - [MESSAGE][INFO] - Setting text of object 'Object Repository/ANEF_Eloignement_V_Nawres/Page_Formulaire_Creation_Dossier/Formulaire_Creation_Dossier_Input/input_Date_Entree_En_France' to value '22/03/2020'

14-02-2025T14:43:20 - [MESSAGE][PASSED] - Text '22/03/2020' is set on object 'Object Repository/ANEF_Eloignement_V_Nawres/Page_Formulaire_Creation_Dossier/Formulaire_Creation_Dossier_Input/input_Date_Entree_En_France'

14-02-2025T14:43:20 - [TEST_STEP][PASSED] - selectOptionByLabel(findTestObject("Object Repository/ANEF_Eloignement_V_Nawres/Page_Formulaire_Creation_Dossier/Formulaire_Creation_Dossier_Input/select_Condition_Entree_En_France"), "IrrÃ©guliÃ¨re", false, STOP_ON_FAILURE): All options with label 'IrrÃ©guliÃ¨re' are selected in object 'Object Repository/ANEF_Eloignement_V_Nawres/Page_Formulaire_Creation_Dossier/Formulaire_Creation_Dossier_Input/select_Condition_Entree_En_France' 

14-02-2025T14:43:20 - [MESSAGE][INFO] - Finding Test Object 'Object Repository/ANEF_Eloignement_V_Nawres/Page_Formulaire_Creation_Dossier/Formulaire_Creation_Dossier_Input/select_Condition_Entree_En_France'

14-02-2025T14:43:20 - [MESSAGE][INFO] - Checking timeout

14-02-2025T14:43:20 - [MESSAGE][INFO] - Finding web element with id: 'Object Repository/ANEF_Eloignement_V_Nawres/Page_Formulaire_Creation_Dossier/Formulaire_Creation_Dossier_Input/select_Condition_Entree_En_France' located by 'By.xpath: //select[@id="condition_entree_france"]' in '20' second(s)

14-02-2025T14:43:20 - [MESSAGE][INFO] - Found 1 web elements with id: 'Object Repository/ANEF_Eloignement_V_Nawres/Page_Formulaire_Creation_Dossier/Formulaire_Creation_Dossier_Input/select_Condition_Entree_En_France' located by 'By.xpath: //select[@id="condition_entree_france"]' in '20' second(s)

14-02-2025T14:43:20 - [MESSAGE][INFO] - Checking object

14-02-2025T14:43:20 - [MESSAGE][INFO] - Checking label parameter

14-02-2025T14:43:20 - [MESSAGE][INFO] - Finding web element from Test Object's properties

14-02-2025T14:43:20 - [MESSAGE][INFO] - Checking timeout

14-02-2025T14:43:20 - [MESSAGE][INFO] - Finding web element with id: 'Object Repository/ANEF_Eloignement_V_Nawres/Page_Formulaire_Creation_Dossier/Formulaire_Creation_Dossier_Input/select_Condition_Entree_En_France' located by 'By.xpath: //select[@id="condition_entree_france"]' in '100' second(s)

14-02-2025T14:43:20 - [MESSAGE][INFO] - Found 1 web elements with id: 'Object Repository/ANEF_Eloignement_V_Nawres/Page_Formulaire_Creation_Dossier/Formulaire_Creation_Dossier_Input/select_Condition_Entree_En_France' located by 'By.xpath: //select[@id="condition_entree_france"]' in '100' second(s)

14-02-2025T14:43:20 - [MESSAGE][INFO] - Selecting options on object 'Object Repository/ANEF_Eloignement_V_Nawres/Page_Formulaire_Creation_Dossier/Formulaire_Creation_Dossier_Input/select_Condition_Entree_En_France' with label 'IrrÃ©guliÃ¨re' 

14-02-2025T14:43:22 - [MESSAGE][PASSED] - All options with label 'IrrÃ©guliÃ¨re' are selected in object 'Object Repository/ANEF_Eloignement_V_Nawres/Page_Formulaire_Creation_Dossier/Formulaire_Creation_Dossier_Input/select_Condition_Entree_En_France' 

14-02-2025T14:43:22 - [TEST_STEP][PASSED] - if (ControleChampsCreation == "true"): null

14-02-2025T14:43:22 - [TEST_STEP][PASSED] - click(findTestObject("Object Repository/ANEF_Eloignement_V_Nawres/Page_Formulaire_Creation_Dossier/Formulaire_Creation_Dossier_Input/btn_Enregistrer"), STOP_ON_FAILURE): Object: 'Object Repository/ANEF_Eloignement_V_Nawres/Page_Formulaire_Creation_Dossier/Formulaire_Creation_Dossier_Input/btn_Enregistrer' is clicked on

14-02-2025T14:43:22 - [MESSAGE][INFO] - Finding Test Object 'Object Repository/ANEF_Eloignement_V_Nawres/Page_Formulaire_Creation_Dossier/Formulaire_Creation_Dossier_Input/btn_Enregistrer'

14-02-2025T14:43:22 - [MESSAGE][INFO] - Checking timeout

14-02-2025T14:43:22 - [MESSAGE][INFO] - Finding web element with id: 'Object Repository/ANEF_Eloignement_V_Nawres/Page_Formulaire_Creation_Dossier/Formulaire_Creation_Dossier_Input/btn_Enregistrer' located by 'By.xpath: /html/body/app-root/app-layout-borderless/div[3]/app-prise-mesure/app-nav-prise-mesure//div/button[@title="Enregistrer"]' in '20' second(s)

14-02-2025T14:43:22 - [MESSAGE][INFO] - Found 1 web elements with id: 'Object Repository/ANEF_Eloignement_V_Nawres/Page_Formulaire_Creation_Dossier/Formulaire_Creation_Dossier_Input/btn_Enregistrer' located by 'By.xpath: /html/body/app-root/app-layout-borderless/div[3]/app-prise-mesure/app-nav-prise-mesure//div/button[@title="Enregistrer"]' in '20' second(s)

14-02-2025T14:43:22 - [MESSAGE][INFO] - Checking object

14-02-2025T14:43:22 - [MESSAGE][INFO] - Checking timeout

14-02-2025T14:43:22 - [MESSAGE][INFO] - Finding web element from Test Object's properties

14-02-2025T14:43:22 - [MESSAGE][INFO] - Checking timeout

14-02-2025T14:43:22 - [MESSAGE][INFO] - Finding web element with id: 'Object Repository/ANEF_Eloignement_V_Nawres/Page_Formulaire_Creation_Dossier/Formulaire_Creation_Dossier_Input/btn_Enregistrer' located by 'By.xpath: /html/body/app-root/app-layout-borderless/div[3]/app-prise-mesure/app-nav-prise-mesure//div/button[@title="Enregistrer"]' in '100' second(s)

14-02-2025T14:43:22 - [MESSAGE][INFO] - Found 1 web elements with id: 'Object Repository/ANEF_Eloignement_V_Nawres/Page_Formulaire_Creation_Dossier/Formulaire_Creation_Dossier_Input/btn_Enregistrer' located by 'By.xpath: /html/body/app-root/app-layout-borderless/div[3]/app-prise-mesure/app-nav-prise-mesure//div/button[@title="Enregistrer"]' in '100' second(s)

14-02-2025T14:43:22 - [MESSAGE][INFO] - Clicking on object: 'Object Repository/ANEF_Eloignement_V_Nawres/Page_Formulaire_Creation_Dossier/Formulaire_Creation_Dossier_Input/btn_Enregistrer'

14-02-2025T14:43:23 - [MESSAGE][PASSED] - Object: 'Object Repository/ANEF_Eloignement_V_Nawres/Page_Formulaire_Creation_Dossier/Formulaire_Creation_Dossier_Input/btn_Enregistrer' is clicked on

14-02-2025T14:43:23 - [TEST_STEP][PASSED] - verifyElementPresent(findTestObject("Object Repository/ANEF_Eloignement_V_Nawres/Page_Formulaire_Creation_Dossier/Formulaire_Creation_Dossier_Input/btn_Valider_Attribuer_Numero_Etranger"), 4, STOP_ON_FAILURE): Object 'Object Repository/ANEF_Eloignement_V_Nawres/Page_Formulaire_Creation_Dossier/Formulaire_Creation_Dossier_Input/btn_Valider_Attribuer_Numero_Etranger' is present

14-02-2025T14:43:23 - [MESSAGE][INFO] - Finding Test Object 'Object Repository/ANEF_Eloignement_V_Nawres/Page_Formulaire_Creation_Dossier/Formulaire_Creation_Dossier_Input/btn_Valider_Attribuer_Numero_Etranger'

14-02-2025T14:43:23 - [MESSAGE][INFO] - Checking object

14-02-2025T14:43:23 - [MESSAGE][INFO] - Finding web element from Test Object's properties

14-02-2025T14:43:23 - [MESSAGE][INFO] - Checking timeout

14-02-2025T14:43:23 - [MESSAGE][INFO] - Finding web element with id: 'Object Repository/ANEF_Eloignement_V_Nawres/Page_Formulaire_Creation_Dossier/Formulaire_Creation_Dossier_Input/btn_Valider_Attribuer_Numero_Etranger' located by 'By.xpath: //button[@title="Valider et attribuer un numÃ©ro Ã©tranger"]' in '4' second(s)

14-02-2025T14:43:23 - [MESSAGE][INFO] - Found 1 web elements with id: 'Object Repository/ANEF_Eloignement_V_Nawres/Page_Formulaire_Creation_Dossier/Formulaire_Creation_Dossier_Input/btn_Valider_Attribuer_Numero_Etranger' located by 'By.xpath: //button[@title="Valider et attribuer un numÃ©ro Ã©tranger"]' in '4' second(s)

14-02-2025T14:43:23 - [MESSAGE][PASSED] - Object 'Object Repository/ANEF_Eloignement_V_Nawres/Page_Formulaire_Creation_Dossier/Formulaire_Creation_Dossier_Input/btn_Valider_Attribuer_Numero_Etranger' is present

14-02-2025T14:43:23 - [TEST_STEP][PASSED] - click(findTestObject("Object Repository/ANEF_Eloignement_V_Nawres/Page_Formulaire_Creation_Dossier/Formulaire_Creation_Dossier_Input/btn_Valider_Attribuer_Numero_Etranger"), STOP_ON_FAILURE): Object: 'Object Repository/ANEF_Eloignement_V_Nawres/Page_Formulaire_Creation_Dossier/Formulaire_Creation_Dossier_Input/btn_Valider_Attribuer_Numero_Etranger' is clicked on

14-02-2025T14:43:23 - [MESSAGE][INFO] - Finding Test Object 'Object Repository/ANEF_Eloignement_V_Nawres/Page_Formulaire_Creation_Dossier/Formulaire_Creation_Dossier_Input/btn_Valider_Attribuer_Numero_Etranger'

14-02-2025T14:43:23 - [MESSAGE][INFO] - Checking timeout

14-02-2025T14:43:23 - [MESSAGE][INFO] - Finding web element with id: 'Object Repository/ANEF_Eloignement_V_Nawres/Page_Formulaire_Creation_Dossier/Formulaire_Creation_Dossier_Input/btn_Valider_Attribuer_Numero_Etranger' located by 'By.xpath: //button[@title="Valider et attribuer un numÃ©ro Ã©tranger"]' in '20' second(s)

14-02-2025T14:43:23 - [MESSAGE][INFO] - Found 1 web elements with id: 'Object Repository/ANEF_Eloignement_V_Nawres/Page_Formulaire_Creation_Dossier/Formulaire_Creation_Dossier_Input/btn_Valider_Attribuer_Numero_Etranger' located by 'By.xpath: //button[@title="Valider et attribuer un numÃ©ro Ã©tranger"]' in '20' second(s)

14-02-2025T14:43:23 - [MESSAGE][INFO] - Checking object

14-02-2025T14:43:23 - [MESSAGE][INFO] - Checking timeout

14-02-2025T14:43:23 - [MESSAGE][INFO] - Finding web element from Test Object's properties

14-02-2025T14:43:23 - [MESSAGE][INFO] - Checking timeout

14-02-2025T14:43:23 - [MESSAGE][INFO] - Finding web element with id: 'Object Repository/ANEF_Eloignement_V_Nawres/Page_Formulaire_Creation_Dossier/Formulaire_Creation_Dossier_Input/btn_Valider_Attribuer_Numero_Etranger' located by 'By.xpath: //button[@title="Valider et attribuer un numÃ©ro Ã©tranger"]' in '100' second(s)

14-02-2025T14:43:23 - [MESSAGE][INFO] - Found 1 web elements with id: 'Object Repository/ANEF_Eloignement_V_Nawres/Page_Formulaire_Creation_Dossier/Formulaire_Creation_Dossier_Input/btn_Valider_Attribuer_Numero_Etranger' located by 'By.xpath: //button[@title="Valider et attribuer un numÃ©ro Ã©tranger"]' in '100' second(s)

14-02-2025T14:43:23 - [MESSAGE][INFO] - Clicking on object: 'Object Repository/ANEF_Eloignement_V_Nawres/Page_Formulaire_Creation_Dossier/Formulaire_Creation_Dossier_Input/btn_Valider_Attribuer_Numero_Etranger'

14-02-2025T14:43:24 - [MESSAGE][PASSED] - Object: 'Object Repository/ANEF_Eloignement_V_Nawres/Page_Formulaire_Creation_Dossier/Formulaire_Creation_Dossier_Input/btn_Valider_Attribuer_Numero_Etranger' is clicked on

14-02-2025T14:43:24 - [TEST_STEP][PASSED] - switch (OrigineDossier): null

14-02-2025T14:43:24 - [TEST_STEP][PASSED] - case "Interpellation":: null

14-02-2025T14:43:24 - [TEST_STEP][PASSED] - selectOptionByLabel(findTestObject("Object Repository/ANEF_Eloignement_V_Nawres/Page_Formulaire_Creation_Dossier/Formulaire_Creation_Dossier_Input/select_Origine_Dossier"), "Interpellation", false, STOP_ON_FAILURE): All options with label 'Interpellation' are selected in object 'Object Repository/ANEF_Eloignement_V_Nawres/Page_Formulaire_Creation_Dossier/Formulaire_Creation_Dossier_Input/select_Origine_Dossier' 

14-02-2025T14:43:24 - [MESSAGE][INFO] - Finding Test Object 'Object Repository/ANEF_Eloignement_V_Nawres/Page_Formulaire_Creation_Dossier/Formulaire_Creation_Dossier_Input/select_Origine_Dossier'

14-02-2025T14:43:24 - [MESSAGE][INFO] - Checking timeout

14-02-2025T14:43:24 - [MESSAGE][INFO] - Finding web element with id: 'Object Repository/ANEF_Eloignement_V_Nawres/Page_Formulaire_Creation_Dossier/Formulaire_Creation_Dossier_Input/select_Origine_Dossier' located by 'By.xpath: //select[@id="code_flux"]' in '20' second(s)

14-02-2025T14:43:24 - [MESSAGE][INFO] - Found 1 web elements with id: 'Object Repository/ANEF_Eloignement_V_Nawres/Page_Formulaire_Creation_Dossier/Formulaire_Creation_Dossier_Input/select_Origine_Dossier' located by 'By.xpath: //select[@id="code_flux"]' in '20' second(s)

14-02-2025T14:43:24 - [MESSAGE][INFO] - Checking object

14-02-2025T14:43:24 - [MESSAGE][INFO] - Checking label parameter

14-02-2025T14:43:24 - [MESSAGE][INFO] - Finding web element from Test Object's properties

14-02-2025T14:43:24 - [MESSAGE][INFO] - Checking timeout

14-02-2025T14:43:24 - [MESSAGE][INFO] - Finding web element with id: 'Object Repository/ANEF_Eloignement_V_Nawres/Page_Formulaire_Creation_Dossier/Formulaire_Creation_Dossier_Input/select_Origine_Dossier' located by 'By.xpath: //select[@id="code_flux"]' in '100' second(s)

14-02-2025T14:43:24 - [MESSAGE][INFO] - Found 1 web elements with id: 'Object Repository/ANEF_Eloignement_V_Nawres/Page_Formulaire_Creation_Dossier/Formulaire_Creation_Dossier_Input/select_Origine_Dossier' located by 'By.xpath: //select[@id="code_flux"]' in '100' second(s)

14-02-2025T14:43:24 - [MESSAGE][INFO] - Selecting options on object 'Object Repository/ANEF_Eloignement_V_Nawres/Page_Formulaire_Creation_Dossier/Formulaire_Creation_Dossier_Input/select_Origine_Dossier' with label 'Interpellation' 

14-02-2025T14:43:24 - [MESSAGE][PASSED] - All options with label 'Interpellation' are selected in object 'Object Repository/ANEF_Eloignement_V_Nawres/Page_Formulaire_Creation_Dossier/Formulaire_Creation_Dossier_Input/select_Origine_Dossier' 

14-02-2025T14:43:24 - [TEST_STEP][PASSED] - break: null

14-02-2025T14:43:24 - [TEST_STEP][PASSED] - scrollToElement(findTestObject("Object Repository/ANEF_Eloignement_V_Nawres/Page_Formulaire_Creation_Dossier/Formulaire_Creation_Dossier_Input/btn_Confirmer_Attribuer_Numero_Etranger"), 5): Scroll to object 'Object Repository/ANEF_Eloignement_V_Nawres/Page_Formulaire_Creation_Dossier/Formulaire_Creation_Dossier_Input/btn_Confirmer_Attribuer_Numero_Etranger' successfully

14-02-2025T14:43:24 - [MESSAGE][INFO] - Finding Test Object 'Object Repository/ANEF_Eloignement_V_Nawres/Page_Formulaire_Creation_Dossier/Formulaire_Creation_Dossier_Input/btn_Confirmer_Attribuer_Numero_Etranger'

14-02-2025T14:43:24 - [MESSAGE][INFO] - Checking object

14-02-2025T14:43:24 - [MESSAGE][INFO] - Checking timeout

14-02-2025T14:43:24 - [MESSAGE][INFO] - Finding web element from Test Object's properties

14-02-2025T14:43:24 - [MESSAGE][INFO] - Checking timeout

14-02-2025T14:43:24 - [MESSAGE][INFO] - Finding web element with id: 'Object Repository/ANEF_Eloignement_V_Nawres/Page_Formulaire_Creation_Dossier/Formulaire_Creation_Dossier_Input/btn_Confirmer_Attribuer_Numero_Etranger' located by 'By.xpath:  //button[contains(text(),'Confirmer et attribuer un numÃ©ro Ã©tranger')]' in '100' second(s)

14-02-2025T14:43:24 - [MESSAGE][INFO] - Found 1 web elements with id: 'Object Repository/ANEF_Eloignement_V_Nawres/Page_Formulaire_Creation_Dossier/Formulaire_Creation_Dossier_Input/btn_Confirmer_Attribuer_Numero_Etranger' located by 'By.xpath:  //button[contains(text(),'Confirmer et attribuer un numÃ©ro Ã©tranger')]' in '100' second(s)

14-02-2025T14:43:24 - [MESSAGE][INFO] - Scrolling to object 'Object Repository/ANEF_Eloignement_V_Nawres/Page_Formulaire_Creation_Dossier/Formulaire_Creation_Dossier_Input/btn_Confirmer_Attribuer_Numero_Etranger'

14-02-2025T14:43:24 - [MESSAGE][PASSED] - Scroll to object 'Object Repository/ANEF_Eloignement_V_Nawres/Page_Formulaire_Creation_Dossier/Formulaire_Creation_Dossier_Input/btn_Confirmer_Attribuer_Numero_Etranger' successfully

14-02-2025T14:43:24 - [TEST_STEP][PASSED] - click(findTestObject("Object Repository/ANEF_Eloignement_V_Nawres/Page_Formulaire_Creation_Dossier/Formulaire_Creation_Dossier_Input/btn_Confirmer_Attribuer_Numero_Etranger"), STOP_ON_FAILURE): Object: 'Object Repository/ANEF_Eloignement_V_Nawres/Page_Formulaire_Creation_Dossier/Formulaire_Creation_Dossier_Input/btn_Confirmer_Attribuer_Numero_Etranger' is clicked on

14-02-2025T14:43:24 - [MESSAGE][INFO] - Finding Test Object 'Object Repository/ANEF_Eloignement_V_Nawres/Page_Formulaire_Creation_Dossier/Formulaire_Creation_Dossier_Input/btn_Confirmer_Attribuer_Numero_Etranger'

14-02-2025T14:43:25 - [MESSAGE][INFO] - Checking timeout

14-02-2025T14:43:25 - [MESSAGE][INFO] - Finding web element with id: 'Object Repository/ANEF_Eloignement_V_Nawres/Page_Formulaire_Creation_Dossier/Formulaire_Creation_Dossier_Input/btn_Confirmer_Attribuer_Numero_Etranger' located by 'By.xpath:  //button[contains(text(),'Confirmer et attribuer un numÃ©ro Ã©tranger')]' in '20' second(s)

14-02-2025T14:43:25 - [MESSAGE][INFO] - Found 1 web elements with id: 'Object Repository/ANEF_Eloignement_V_Nawres/Page_Formulaire_Creation_Dossier/Formulaire_Creation_Dossier_Input/btn_Confirmer_Attribuer_Numero_Etranger' located by 'By.xpath:  //button[contains(text(),'Confirmer et attribuer un numÃ©ro Ã©tranger')]' in '20' second(s)

14-02-2025T14:43:25 - [MESSAGE][INFO] - Checking object

14-02-2025T14:43:25 - [MESSAGE][INFO] - Checking timeout

14-02-2025T14:43:25 - [MESSAGE][INFO] - Finding web element from Test Object's properties

14-02-2025T14:43:25 - [MESSAGE][INFO] - Checking timeout

14-02-2025T14:43:25 - [MESSAGE][INFO] - Finding web element with id: 'Object Repository/ANEF_Eloignement_V_Nawres/Page_Formulaire_Creation_Dossier/Formulaire_Creation_Dossier_Input/btn_Confirmer_Attribuer_Numero_Etranger' located by 'By.xpath:  //button[contains(text(),'Confirmer et attribuer un numÃ©ro Ã©tranger')]' in '100' second(s)

14-02-2025T14:43:25 - [MESSAGE][INFO] - Found 1 web elements with id: 'Object Repository/ANEF_Eloignement_V_Nawres/Page_Formulaire_Creation_Dossier/Formulaire_Creation_Dossier_Input/btn_Confirmer_Attribuer_Numero_Etranger' located by 'By.xpath:  //button[contains(text(),'Confirmer et attribuer un numÃ©ro Ã©tranger')]' in '100' second(s)

14-02-2025T14:43:25 - [MESSAGE][INFO] - Clicking on object: 'Object Repository/ANEF_Eloignement_V_Nawres/Page_Formulaire_Creation_Dossier/Formulaire_Creation_Dossier_Input/btn_Confirmer_Attribuer_Numero_Etranger'

14-02-2025T14:43:26 - [MESSAGE][PASSED] - Object: 'Object Repository/ANEF_Eloignement_V_Nawres/Page_Formulaire_Creation_Dossier/Formulaire_Creation_Dossier_Input/btn_Confirmer_Attribuer_Numero_Etranger' is clicked on

14-02-2025T14:43:26 - [TEST_STEP][PASSED] - NumeroEtrangerGenere = getText(findTestObject("Object Repository/ANEF_Eloignement_V_Nawres/Page_Formulaire_Creation_Dossier/Formulaire_Creation_Dossier_Input/p_Numero_Etranger_Genere")): Text of object 'Object Repository/ANEF_Eloignement_V_Nawres/Page_Formulaire_Creation_Dossier/Formulaire_Creation_Dossier_Input/p_Numero_Etranger_Genere' is: '-'

14-02-2025T14:43:26 - [MESSAGE][INFO] - Finding Test Object 'Object Repository/ANEF_Eloignement_V_Nawres/Page_Formulaire_Creation_Dossier/Formulaire_Creation_Dossier_Input/p_Numero_Etranger_Genere'

14-02-2025T14:43:26 - [MESSAGE][INFO] - Checking object

14-02-2025T14:43:26 - [MESSAGE][INFO] - Finding web element from Test Object's properties

14-02-2025T14:43:26 - [MESSAGE][INFO] - Checking timeout

14-02-2025T14:43:26 - [MESSAGE][INFO] - Finding web element with id: 'Object Repository/ANEF_Eloignement_V_Nawres/Page_Formulaire_Creation_Dossier/Formulaire_Creation_Dossier_Input/p_Numero_Etranger_Genere' located by 'By.xpath: /html/body/app-root/app-layout-borderless//div/app-prise-mesure/div/app-dsfr-onglet-tab//div/app-fiche-etranger//div/section[2]/div/div/div[1]/p[text()]' in '100' second(s)

14-02-2025T14:43:26 - [MESSAGE][INFO] - Found 1 web elements with id: 'Object Repository/ANEF_Eloignement_V_Nawres/Page_Formulaire_Creation_Dossier/Formulaire_Creation_Dossier_Input/p_Numero_Etranger_Genere' located by 'By.xpath: /html/body/app-root/app-layout-borderless//div/app-prise-mesure/div/app-dsfr-onglet-tab//div/app-fiche-etranger//div/section[2]/div/div/div[1]/p[text()]' in '100' second(s)

14-02-2025T14:43:26 - [MESSAGE][INFO] - Getting text of object 'Object Repository/ANEF_Eloignement_V_Nawres/Page_Formulaire_Creation_Dossier/Formulaire_Creation_Dossier_Input/p_Numero_Etranger_Genere'

14-02-2025T14:43:26 - [MESSAGE][PASSED] - Text of object 'Object Repository/ANEF_Eloignement_V_Nawres/Page_Formulaire_Creation_Dossier/Formulaire_Creation_Dossier_Input/p_Numero_Etranger_Genere' is: '-'

14-02-2025T14:43:26 - [TEST_STEP][PASSED] - NumeroEtranger = NumeroEtrangerGenere: null

14-02-2025T14:43:26 - [TEST_STEP][PASSED] - println(NumeroEtrangerGenere): null

14-02-2025T14:43:26 - [TEST_STEP][PASSED] - println(NumeroEtranger): null

14-02-2025T14:43:26 - [MESSAGE][PASSED] - Call Test Case 'Test Cases/Test Reutilisable/Main/ANEF_Eloignement_V_Nawres/ANEF_Formulaire_Creation_Dossier' successfully

14-02-2025T14:43:26 - [TEST_STEP][PASSED] - println(NumeroEtranger): null

14-02-2025T14:43:26 - [TEST_STEP][PASSED] - callTestCase(findTestCase("Test Cases/Test Reutilisable/Main/ANEF_Eloignement_V_Nawres/ANEF_Prendre_Mesure"), ["Mesure":Mesure, "FondementLegal":FondementLegal, "NatureDeLacteExpulsion":NatureDeLacteExpulsion, "NatureDeLacteExpulsion":NatureDeLacteExpulsion, ... ], STOP_ON_FAILURE): Call Test Case 'Test Cases/Test Reutilisable/Main/ANEF_Eloignement_V_Nawres/ANEF_Prendre_Mesure' successfully

14-02-2025T14:43:26 - [MESSAGE][INFO] - Checking called Test Case

14-02-2025T14:43:26 - [MESSAGE][INFO] - Starting to call Test Case 'Test Cases/Test Reutilisable/Main/ANEF_Eloignement_V_Nawres/ANEF_Prendre_Mesure'

14-02-2025T14:43:26 - [TEST_CASE][PASSED] - Test Cases/Test Reutilisable/Main/ANEF_Eloignement_V_Nawres/ANEF_Prendre_Mesure: Test Cases/Test Reutilisable/Main/ANEF_Eloignement_V_Nawres/ANEF_Prendre_Mesure

14-02-2025T14:43:26 - [TEST_STEP][PASSED] - click(findTestObject("Object Repository/ANEF_Eloignement_V_Nawres/Page_Prendre_Mesure/btn_Prendre_Mesure"), STOP_ON_FAILURE): Object: 'Object Repository/ANEF_Eloignement_V_Nawres/Page_Prendre_Mesure/btn_Prendre_Mesure' is clicked on

14-02-2025T14:43:26 - [MESSAGE][INFO] - Finding Test Object 'Object Repository/ANEF_Eloignement_V_Nawres/Page_Prendre_Mesure/btn_Prendre_Mesure'

14-02-2025T14:43:26 - [MESSAGE][INFO] - Checking timeout

14-02-2025T14:43:26 - [MESSAGE][INFO] - Finding web element with id: 'Object Repository/ANEF_Eloignement_V_Nawres/Page_Prendre_Mesure/btn_Prendre_Mesure' located by 'By.xpath: //button[@title="Prendre une Mesure"]' in '20' second(s)

14-02-2025T14:43:26 - [MESSAGE][INFO] - Found 1 web elements with id: 'Object Repository/ANEF_Eloignement_V_Nawres/Page_Prendre_Mesure/btn_Prendre_Mesure' located by 'By.xpath: //button[@title="Prendre une Mesure"]' in '20' second(s)

14-02-2025T14:43:26 - [MESSAGE][INFO] - Checking object

14-02-2025T14:43:26 - [MESSAGE][INFO] - Checking timeout

14-02-2025T14:43:26 - [MESSAGE][INFO] - Finding web element from Test Object's properties

14-02-2025T14:43:26 - [MESSAGE][INFO] - Checking timeout

14-02-2025T14:43:26 - [MESSAGE][INFO] - Finding web element with id: 'Object Repository/ANEF_Eloignement_V_Nawres/Page_Prendre_Mesure/btn_Prendre_Mesure' located by 'By.xpath: //button[@title="Prendre une Mesure"]' in '100' second(s)

14-02-2025T14:43:26 - [MESSAGE][INFO] - Found 1 web elements with id: 'Object Repository/ANEF_Eloignement_V_Nawres/Page_Prendre_Mesure/btn_Prendre_Mesure' located by 'By.xpath: //button[@title="Prendre une Mesure"]' in '100' second(s)

14-02-2025T14:43:26 - [MESSAGE][INFO] - Clicking on object: 'Object Repository/ANEF_Eloignement_V_Nawres/Page_Prendre_Mesure/btn_Prendre_Mesure'

14-02-2025T14:43:27 - [MESSAGE][PASSED] - Object: 'Object Repository/ANEF_Eloignement_V_Nawres/Page_Prendre_Mesure/btn_Prendre_Mesure' is clicked on

14-02-2025T14:43:27 - [TEST_STEP][PASSED] - delay(5): Delayed 5 second(s)

14-02-2025T14:43:27 - [MESSAGE][INFO] - Delaying browser in 5 second(s)

14-02-2025T14:43:32 - [MESSAGE][PASSED] - Delayed 5 second(s)

14-02-2025T14:43:32 - [TEST_STEP][PASSED] - switch (Mesure): null

14-02-2025T14:43:32 - [TEST_STEP][PASSED] - case "IAT":: null

14-02-2025T14:43:32 - [TEST_STEP][PASSED] - selectOptionByLabel(findTestObject("Object Repository/ANEF_Eloignement_V_Nawres/Page_Prendre_Mesure/select_Type_Mesure"), "IAT", false, STOP_ON_FAILURE): All options with label 'IAT' are selected in object 'Object Repository/ANEF_Eloignement_V_Nawres/Page_Prendre_Mesure/select_Type_Mesure' 

14-02-2025T14:43:32 - [MESSAGE][INFO] - Finding Test Object 'Object Repository/ANEF_Eloignement_V_Nawres/Page_Prendre_Mesure/select_Type_Mesure'

14-02-2025T14:43:32 - [MESSAGE][INFO] - Checking timeout

14-02-2025T14:43:32 - [MESSAGE][INFO] - Finding web element with id: 'Object Repository/ANEF_Eloignement_V_Nawres/Page_Prendre_Mesure/select_Type_Mesure' located by 'By.xpath: //select[@id="typeMesure"]' in '20' second(s)

14-02-2025T14:43:32 - [MESSAGE][INFO] - Found 1 web elements with id: 'Object Repository/ANEF_Eloignement_V_Nawres/Page_Prendre_Mesure/select_Type_Mesure' located by 'By.xpath: //select[@id="typeMesure"]' in '20' second(s)

14-02-2025T14:43:32 - [MESSAGE][INFO] - Checking object

14-02-2025T14:43:32 - [MESSAGE][INFO] - Checking label parameter

14-02-2025T14:43:32 - [MESSAGE][INFO] - Finding web element from Test Object's properties

14-02-2025T14:43:32 - [MESSAGE][INFO] - Checking timeout

14-02-2025T14:43:32 - [MESSAGE][INFO] - Finding web element with id: 'Object Repository/ANEF_Eloignement_V_Nawres/Page_Prendre_Mesure/select_Type_Mesure' located by 'By.xpath: //select[@id="typeMesure"]' in '100' second(s)

14-02-2025T14:43:32 - [MESSAGE][INFO] - Found 1 web elements with id: 'Object Repository/ANEF_Eloignement_V_Nawres/Page_Prendre_Mesure/select_Type_Mesure' located by 'By.xpath: //select[@id="typeMesure"]' in '100' second(s)

14-02-2025T14:43:32 - [MESSAGE][INFO] - Selecting options on object 'Object Repository/ANEF_Eloignement_V_Nawres/Page_Prendre_Mesure/select_Type_Mesure' with label 'IAT' 

14-02-2025T14:43:33 - [MESSAGE][PASSED] - All options with label 'IAT' are selected in object 'Object Repository/ANEF_Eloignement_V_Nawres/Page_Prendre_Mesure/select_Type_Mesure' 

14-02-2025T14:43:33 - [TEST_STEP][PASSED] - click(findTestObject("Object Repository/ANEF_Eloignement_V_Nawres/Page_Prendre_Mesure/btn_Confirmer_Mesure"), STOP_ON_FAILURE): Object: 'Object Repository/ANEF_Eloignement_V_Nawres/Page_Prendre_Mesure/btn_Confirmer_Mesure' is clicked on

14-02-2025T14:43:33 - [MESSAGE][INFO] - Finding Test Object 'Object Repository/ANEF_Eloignement_V_Nawres/Page_Prendre_Mesure/btn_Confirmer_Mesure'

14-02-2025T14:43:33 - [MESSAGE][INFO] - Checking timeout

14-02-2025T14:43:33 - [MESSAGE][INFO] - Finding web element with id: 'Object Repository/ANEF_Eloignement_V_Nawres/Page_Prendre_Mesure/btn_Confirmer_Mesure' located by 'By.xpath: //button[@id="btn-confirme-decision"]' in '20' second(s)

14-02-2025T14:43:33 - [MESSAGE][INFO] - Found 1 web elements with id: 'Object Repository/ANEF_Eloignement_V_Nawres/Page_Prendre_Mesure/btn_Confirmer_Mesure' located by 'By.xpath: //button[@id="btn-confirme-decision"]' in '20' second(s)

14-02-2025T14:43:33 - [MESSAGE][INFO] - Checking object

14-02-2025T14:43:33 - [MESSAGE][INFO] - Checking timeout

14-02-2025T14:43:33 - [MESSAGE][INFO] - Finding web element from Test Object's properties

14-02-2025T14:43:33 - [MESSAGE][INFO] - Checking timeout

14-02-2025T14:43:33 - [MESSAGE][INFO] - Finding web element with id: 'Object Repository/ANEF_Eloignement_V_Nawres/Page_Prendre_Mesure/btn_Confirmer_Mesure' located by 'By.xpath: //button[@id="btn-confirme-decision"]' in '100' second(s)

14-02-2025T14:43:33 - [MESSAGE][INFO] - Found 1 web elements with id: 'Object Repository/ANEF_Eloignement_V_Nawres/Page_Prendre_Mesure/btn_Confirmer_Mesure' located by 'By.xpath: //button[@id="btn-confirme-decision"]' in '100' second(s)

14-02-2025T14:43:33 - [MESSAGE][INFO] - Clicking on object: 'Object Repository/ANEF_Eloignement_V_Nawres/Page_Prendre_Mesure/btn_Confirmer_Mesure'

14-02-2025T14:43:35 - [MESSAGE][PASSED] - Object: 'Object Repository/ANEF_Eloignement_V_Nawres/Page_Prendre_Mesure/btn_Confirmer_Mesure' is clicked on

14-02-2025T14:43:35 - [TEST_STEP][PASSED] - verifyElementPresent(findTestObject("Object Repository/ANEF_Eloignement_V_Nawres/Page_Prendre_Mesure/btn_Supprimer_Fiche_Mesure"), 2, STOP_ON_FAILURE): Object 'Object Repository/ANEF_Eloignement_V_Nawres/Page_Prendre_Mesure/btn_Supprimer_Fiche_Mesure' is present

14-02-2025T14:43:35 - [MESSAGE][INFO] - Finding Test Object 'Object Repository/ANEF_Eloignement_V_Nawres/Page_Prendre_Mesure/btn_Supprimer_Fiche_Mesure'

14-02-2025T14:43:35 - [MESSAGE][INFO] - Checking object

14-02-2025T14:43:35 - [MESSAGE][INFO] - Finding web element from Test Object's properties

14-02-2025T14:43:35 - [MESSAGE][INFO] - Checking timeout

14-02-2025T14:43:35 - [MESSAGE][INFO] - Finding web element with id: 'Object Repository/ANEF_Eloignement_V_Nawres/Page_Prendre_Mesure/btn_Supprimer_Fiche_Mesure' located by 'By.xpath: //button[@title="Supprimer une Mesure"]' in '2' second(s)

14-02-2025T14:43:36 - [MESSAGE][INFO] - Found 1 web elements with id: 'Object Repository/ANEF_Eloignement_V_Nawres/Page_Prendre_Mesure/btn_Supprimer_Fiche_Mesure' located by 'By.xpath: //button[@title="Supprimer une Mesure"]' in '2' second(s)

14-02-2025T14:43:36 - [MESSAGE][PASSED] - Object 'Object Repository/ANEF_Eloignement_V_Nawres/Page_Prendre_Mesure/btn_Supprimer_Fiche_Mesure' is present

14-02-2025T14:43:36 - [TEST_STEP][PASSED] - break: null

14-02-2025T14:43:36 - [TEST_STEP][PASSED] - callTestCase(findTestCase("Test Cases/Test Reutilisable/Main/ANEF_Eloignement_V_Nawres/ANEF_Prendre_Mesure_Formulaire"), ["Mesure":Mesure, "FondementLegal":FondementLegal, "NatureDeLacteExpulsion":NatureDeLacteExpulsion, "UrgenceAbsolueExpulsion":UrgenceAbsolueExpulsion, ... ], STOP_ON_FAILURE): Call Test Case 'Test Cases/Test Reutilisable/Main/ANEF_Eloignement_V_Nawres/ANEF_Prendre_Mesure_Formulaire' successfully

14-02-2025T14:43:36 - [MESSAGE][INFO] - Checking called Test Case

14-02-2025T14:43:36 - [MESSAGE][INFO] - Starting to call Test Case 'Test Cases/Test Reutilisable/Main/ANEF_Eloignement_V_Nawres/ANEF_Prendre_Mesure_Formulaire'

14-02-2025T14:43:36 - [TEST_CASE][PASSED] - Test Cases/Test Reutilisable/Main/ANEF_Eloignement_V_Nawres/ANEF_Prendre_Mesure_Formulaire: Test Cases/Test Reutilisable/Main/ANEF_Eloignement_V_Nawres/ANEF_Prendre_Mesure_Formulaire

14-02-2025T14:43:36 - [TEST_STEP][PASSED] - calendar = Calendar.getInstance(): null

14-02-2025T14:43:36 - [TEST_STEP][PASSED] - currentDate = calendar.getTime(): null

14-02-2025T14:43:36 - [TEST_STEP][PASSED] - sdf = new java.text.SimpleDateFormat(dd/MM/yyyy): null

14-02-2025T14:43:36 - [TEST_STEP][PASSED] - formattedDate = sdf.format(currentDate): null

14-02-2025T14:43:36 - [TEST_STEP][PASSED] - DateActuelle = formattedDate.toString(): null

14-02-2025T14:43:36 - [TEST_STEP][PASSED] - println(DateActuelle): null

14-02-2025T14:43:36 - [TEST_STEP][PASSED] - if (Mesure != "ITF"): Object: 'Object Repository/ANEF_Eloignement_V_Nawres/Page_Prendre_Mesure_Formulaire/btn_Confirmer_Enregistrement_Mesure' is clicked on

14-02-2025T14:43:36 - [TEST_STEP][PASSED] - selectOptionByLabel(findTestObject("Object Repository/ANEF_Eloignement_V_Nawres/Page_Prendre_Mesure_Formulaire/select_Fondement_Legal"), FondementLegal, false, STOP_ON_FAILURE): All options with label 'L.321-1' are selected in object 'Object Repository/ANEF_Eloignement_V_Nawres/Page_Prendre_Mesure_Formulaire/select_Fondement_Legal' 

14-02-2025T14:43:36 - [MESSAGE][INFO] - Finding Test Object 'Object Repository/ANEF_Eloignement_V_Nawres/Page_Prendre_Mesure_Formulaire/select_Fondement_Legal'

14-02-2025T14:43:36 - [MESSAGE][INFO] - Checking timeout

14-02-2025T14:43:36 - [MESSAGE][INFO] - Finding web element with id: 'Object Repository/ANEF_Eloignement_V_Nawres/Page_Prendre_Mesure_Formulaire/select_Fondement_Legal' located by 'By.xpath: //select[@id="fondement_legal"]' in '20' second(s)

14-02-2025T14:43:36 - [MESSAGE][INFO] - Found 1 web elements with id: 'Object Repository/ANEF_Eloignement_V_Nawres/Page_Prendre_Mesure_Formulaire/select_Fondement_Legal' located by 'By.xpath: //select[@id="fondement_legal"]' in '20' second(s)

14-02-2025T14:43:36 - [MESSAGE][INFO] - Checking object

14-02-2025T14:43:36 - [MESSAGE][INFO] - Checking label parameter

14-02-2025T14:43:36 - [MESSAGE][INFO] - Finding web element from Test Object's properties

14-02-2025T14:43:36 - [MESSAGE][INFO] - Checking timeout

14-02-2025T14:43:36 - [MESSAGE][INFO] - Finding web element with id: 'Object Repository/ANEF_Eloignement_V_Nawres/Page_Prendre_Mesure_Formulaire/select_Fondement_Legal' located by 'By.xpath: //select[@id="fondement_legal"]' in '100' second(s)

14-02-2025T14:43:36 - [MESSAGE][INFO] - Found 1 web elements with id: 'Object Repository/ANEF_Eloignement_V_Nawres/Page_Prendre_Mesure_Formulaire/select_Fondement_Legal' located by 'By.xpath: //select[@id="fondement_legal"]' in '100' second(s)

14-02-2025T14:43:36 - [MESSAGE][INFO] - Selecting options on object 'Object Repository/ANEF_Eloignement_V_Nawres/Page_Prendre_Mesure_Formulaire/select_Fondement_Legal' with label 'L.321-1' 

14-02-2025T14:43:36 - [MESSAGE][PASSED] - All options with label 'L.321-1' are selected in object 'Object Repository/ANEF_Eloignement_V_Nawres/Page_Prendre_Mesure_Formulaire/select_Fondement_Legal' 

14-02-2025T14:43:36 - [TEST_STEP][PASSED] - if (Mesure == "Expulsion"): null

14-02-2025T14:43:36 - [TEST_STEP][PASSED] - NumberUsagerRandom = tools.MyStringTools.getRandomNumber(10, 99): tools.MyStringTools.getRandomNumber is PASSED

14-02-2025T14:43:36 - [MESSAGE][PASSED] - tools.MyStringTools.getRandomNumber is PASSED

14-02-2025T14:43:36 - [TEST_STEP][PASSED] - println(NumberUsagerRandom): null

14-02-2025T14:43:36 - [TEST_STEP][PASSED] - RandomNumber = NumberUsagerRandom.toString(): null

14-02-2025T14:43:36 - [TEST_STEP][PASSED] - if (Mesure == "OQTF"): null

14-02-2025T14:43:36 - [TEST_STEP][PASSED] - if (Mesure == "RemiseSchengen"): null

14-02-2025T14:43:36 - [TEST_STEP][PASSED] - RandomNumber = tools.MyStringTools.getRandomNumber(1, 30): tools.MyStringTools.getRandomNumber is PASSED

14-02-2025T14:43:36 - [MESSAGE][PASSED] - tools.MyStringTools.getRandomNumber is PASSED

14-02-2025T14:43:36 - [TEST_STEP][PASSED] - println(RandomNumber): null

14-02-2025T14:43:36 - [TEST_STEP][PASSED] - RandomNumberSelect = RandomNumber.toString(): null

14-02-2025T14:43:36 - [TEST_STEP][PASSED] - if (Mesure == "TransfertDublin"): null

14-02-2025T14:43:36 - [TEST_STEP][PASSED] - if (Mesure == "ExecutionFicheSIS"): null

14-02-2025T14:43:36 - [TEST_STEP][PASSED] - if (Mesure == "IAT"): Object: 'Object Repository/ANEF_Eloignement_V_Nawres/Page_Prendre_Mesure_Formulaire/btn_Confirmer_Enregistrement_Mesure' is clicked on

14-02-2025T14:43:36 - [TEST_STEP][PASSED] - click(findTestObject("Object Repository/ANEF_Eloignement_V_Nawres/Page_Prendre_Mesure_Formulaire/btn_Duree_IAT_Indeterminee"), STOP_ON_FAILURE): Object: 'Object Repository/ANEF_Eloignement_V_Nawres/Page_Prendre_Mesure_Formulaire/btn_Duree_IAT_Indeterminee' is clicked on

14-02-2025T14:43:36 - [MESSAGE][INFO] - Finding Test Object 'Object Repository/ANEF_Eloignement_V_Nawres/Page_Prendre_Mesure_Formulaire/btn_Duree_IAT_Indeterminee'

14-02-2025T14:43:36 - [MESSAGE][INFO] - Checking timeout

14-02-2025T14:43:36 - [MESSAGE][INFO] - Finding web element with id: 'Object Repository/ANEF_Eloignement_V_Nawres/Page_Prendre_Mesure_Formulaire/btn_Duree_IAT_Indeterminee' located by 'By.xpath: //*[@id="checkboxes"]//div/label[contains(text(),"DurÃ©e indÃ©terminÃ©e")]' in '20' second(s)

14-02-2025T14:43:36 - [MESSAGE][INFO] - Found 1 web elements with id: 'Object Repository/ANEF_Eloignement_V_Nawres/Page_Prendre_Mesure_Formulaire/btn_Duree_IAT_Indeterminee' located by 'By.xpath: //*[@id="checkboxes"]//div/label[contains(text(),"DurÃ©e indÃ©terminÃ©e")]' in '20' second(s)

14-02-2025T14:43:36 - [MESSAGE][INFO] - Checking object

14-02-2025T14:43:36 - [MESSAGE][INFO] - Checking timeout

14-02-2025T14:43:36 - [MESSAGE][INFO] - Finding web element from Test Object's properties

14-02-2025T14:43:36 - [MESSAGE][INFO] - Checking timeout

14-02-2025T14:43:36 - [MESSAGE][INFO] - Finding web element with id: 'Object Repository/ANEF_Eloignement_V_Nawres/Page_Prendre_Mesure_Formulaire/btn_Duree_IAT_Indeterminee' located by 'By.xpath: //*[@id="checkboxes"]//div/label[contains(text(),"DurÃ©e indÃ©terminÃ©e")]' in '100' second(s)

14-02-2025T14:43:36 - [MESSAGE][INFO] - Found 1 web elements with id: 'Object Repository/ANEF_Eloignement_V_Nawres/Page_Prendre_Mesure_Formulaire/btn_Duree_IAT_Indeterminee' located by 'By.xpath: //*[@id="checkboxes"]//div/label[contains(text(),"DurÃ©e indÃ©terminÃ©e")]' in '100' second(s)

14-02-2025T14:43:36 - [MESSAGE][INFO] - Clicking on object: 'Object Repository/ANEF_Eloignement_V_Nawres/Page_Prendre_Mesure_Formulaire/btn_Duree_IAT_Indeterminee'

14-02-2025T14:43:37 - [MESSAGE][PASSED] - Object: 'Object Repository/ANEF_Eloignement_V_Nawres/Page_Prendre_Mesure_Formulaire/btn_Duree_IAT_Indeterminee' is clicked on

14-02-2025T14:43:37 - [TEST_STEP][PASSED] - click(findTestObject("Object Repository/ANEF_Eloignement_V_Nawres/Page_Prendre_Mesure_Formulaire/btn_Ajouter_Document"), STOP_ON_FAILURE): Object: 'Object Repository/ANEF_Eloignement_V_Nawres/Page_Prendre_Mesure_Formulaire/btn_Ajouter_Document' is clicked on

14-02-2025T14:43:37 - [MESSAGE][INFO] - Finding Test Object 'Object Repository/ANEF_Eloignement_V_Nawres/Page_Prendre_Mesure_Formulaire/btn_Ajouter_Document'

14-02-2025T14:43:37 - [MESSAGE][INFO] - Checking timeout

14-02-2025T14:43:37 - [MESSAGE][INFO] - Finding web element with id: 'Object Repository/ANEF_Eloignement_V_Nawres/Page_Prendre_Mesure_Formulaire/btn_Ajouter_Document' located by 'By.xpath: //section/div/form//app-dsfr-piece-jointe/button' in '20' second(s)

14-02-2025T14:43:37 - [MESSAGE][INFO] - Found 1 web elements with id: 'Object Repository/ANEF_Eloignement_V_Nawres/Page_Prendre_Mesure_Formulaire/btn_Ajouter_Document' located by 'By.xpath: //section/div/form//app-dsfr-piece-jointe/button' in '20' second(s)

14-02-2025T14:43:37 - [MESSAGE][INFO] - Checking object

14-02-2025T14:43:37 - [MESSAGE][INFO] - Checking timeout

14-02-2025T14:43:37 - [MESSAGE][INFO] - Finding web element from Test Object's properties

14-02-2025T14:43:37 - [MESSAGE][INFO] - Checking timeout

14-02-2025T14:43:37 - [MESSAGE][INFO] - Finding web element with id: 'Object Repository/ANEF_Eloignement_V_Nawres/Page_Prendre_Mesure_Formulaire/btn_Ajouter_Document' located by 'By.xpath: //section/div/form//app-dsfr-piece-jointe/button' in '100' second(s)

14-02-2025T14:43:37 - [MESSAGE][INFO] - Found 1 web elements with id: 'Object Repository/ANEF_Eloignement_V_Nawres/Page_Prendre_Mesure_Formulaire/btn_Ajouter_Document' located by 'By.xpath: //section/div/form//app-dsfr-piece-jointe/button' in '100' second(s)

14-02-2025T14:43:37 - [MESSAGE][INFO] - Clicking on object: 'Object Repository/ANEF_Eloignement_V_Nawres/Page_Prendre_Mesure_Formulaire/btn_Ajouter_Document'

14-02-2025T14:43:38 - [MESSAGE][PASSED] - Object: 'Object Repository/ANEF_Eloignement_V_Nawres/Page_Prendre_Mesure_Formulaire/btn_Ajouter_Document' is clicked on

14-02-2025T14:43:38 - [TEST_STEP][PASSED] - selectOptionByIndex(findTestObject("Object Repository/ANEF_Eloignement_V_Nawres/Page_Prendre_Mesure_Formulaire/select_Type_Document"), "1", STOP_ON_FAILURE): All options with index in [1] are selected on object 'Object Repository/ANEF_Eloignement_V_Nawres/Page_Prendre_Mesure_Formulaire/select_Type_Document'

14-02-2025T14:43:38 - [MESSAGE][INFO] - Finding Test Object 'Object Repository/ANEF_Eloignement_V_Nawres/Page_Prendre_Mesure_Formulaire/select_Type_Document'

14-02-2025T14:43:38 - [MESSAGE][INFO] - Checking timeout

14-02-2025T14:43:38 - [MESSAGE][INFO] - Finding web element with id: 'Object Repository/ANEF_Eloignement_V_Nawres/Page_Prendre_Mesure_Formulaire/select_Type_Document' located by 'By.xpath: //select[@name="type"]' in '20' second(s)

14-02-2025T14:43:38 - [MESSAGE][INFO] - Found 1 web elements with id: 'Object Repository/ANEF_Eloignement_V_Nawres/Page_Prendre_Mesure_Formulaire/select_Type_Document' located by 'By.xpath: //select[@name="type"]' in '20' second(s)

14-02-2025T14:43:38 - [MESSAGE][INFO] - Checking object

14-02-2025T14:43:38 - [MESSAGE][INFO] - Checking index range

14-02-2025T14:43:38 - [MESSAGE][INFO] - Converting range parameter '1' to index array

14-02-2025T14:43:38 - [MESSAGE][INFO] - Range parameter '1' is converted to index array [1]

14-02-2025T14:43:38 - [MESSAGE][INFO] - Finding web element from Test Object's properties

14-02-2025T14:43:38 - [MESSAGE][INFO] - Checking timeout

14-02-2025T14:43:38 - [MESSAGE][INFO] - Finding web element with id: 'Object Repository/ANEF_Eloignement_V_Nawres/Page_Prendre_Mesure_Formulaire/select_Type_Document' located by 'By.xpath: //select[@name="type"]' in '100' second(s)

14-02-2025T14:43:39 - [MESSAGE][INFO] - Found 1 web elements with id: 'Object Repository/ANEF_Eloignement_V_Nawres/Page_Prendre_Mesure_Formulaire/select_Type_Document' located by 'By.xpath: //select[@name="type"]' in '100' second(s)

14-02-2025T14:43:39 - [MESSAGE][INFO] - Checking index parameters

14-02-2025T14:43:39 - [MESSAGE][INFO] - Selecting options on object 'Object Repository/ANEF_Eloignement_V_Nawres/Page_Prendre_Mesure_Formulaire/select_Type_Document' with index in [1]

14-02-2025T14:43:40 - [MESSAGE][INFO] - Option with index 1 is selected

14-02-2025T14:43:40 - [MESSAGE][PASSED] - All options with index in [1] are selected on object 'Object Repository/ANEF_Eloignement_V_Nawres/Page_Prendre_Mesure_Formulaire/select_Type_Document'

14-02-2025T14:43:40 - [TEST_STEP][PASSED] - uploadFile(findTestObject("Object Repository/ANEF_Eloignement_V_Nawres/Page_Prendre_Mesure_Formulaire/input_Fichier_Fiche_Schengen"), getProjectDir() + "/Data Files/Fichier_Test.pdf"): File 'C:/Users/nbenjemi/Katalon Studio/ANEF-ELOIGNEMENT-20250121/ANEF-ELOIGNEMENT-20250121/Data Files/Fichier_Test.pdf' sent to object: 'Object Repository/ANEF_Eloignement_V_Nawres/Page_Prendre_Mesure_Formulaire/input_Fichier_Fiche_Schengen'

14-02-2025T14:43:40 - [MESSAGE][INFO] - Finding Test Object 'Object Repository/ANEF_Eloignement_V_Nawres/Page_Prendre_Mesure_Formulaire/input_Fichier_Fiche_Schengen'

14-02-2025T14:43:40 - [MESSAGE][INFO] - Checking object

14-02-2025T14:43:40 - [MESSAGE][INFO] - Uploading file 'C:/Users/nbenjemi/Katalon Studio/ANEF-ELOIGNEMENT-20250121/ANEF-ELOIGNEMENT-20250121/Data Files/Fichier_Test.pdf' to object: 'Object Repository/ANEF_Eloignement_V_Nawres/Page_Prendre_Mesure_Formulaire/input_Fichier_Fiche_Schengen'

14-02-2025T14:43:40 - [MESSAGE][INFO] - Finding web element from Test Object's properties

14-02-2025T14:43:40 - [MESSAGE][INFO] - Checking timeout

14-02-2025T14:43:40 - [MESSAGE][INFO] - Finding web element with id: 'Object Repository/ANEF_Eloignement_V_Nawres/Page_Prendre_Mesure_Formulaire/input_Fichier_Fiche_Schengen' located by 'By.xpath: //section/div/form//app-dsfr-piece-jointe//input' in '100' second(s)

14-02-2025T14:43:40 - [MESSAGE][INFO] - Found 1 web elements with id: 'Object Repository/ANEF_Eloignement_V_Nawres/Page_Prendre_Mesure_Formulaire/input_Fichier_Fiche_Schengen' located by 'By.xpath: //section/div/form//app-dsfr-piece-jointe//input' in '100' second(s)

14-02-2025T14:43:41 - [MESSAGE][PASSED] - File 'C:/Users/nbenjemi/Katalon Studio/ANEF-ELOIGNEMENT-20250121/ANEF-ELOIGNEMENT-20250121/Data Files/Fichier_Test.pdf' sent to object: 'Object Repository/ANEF_Eloignement_V_Nawres/Page_Prendre_Mesure_Formulaire/input_Fichier_Fiche_Schengen'

14-02-2025T14:43:41 - [TEST_STEP][PASSED] - setText(findTestObject("Object Repository/ANEF_Eloignement_V_Nawres/Page_Prendre_Mesure_Formulaire/input_Date_Decision_IAT"), DateActuelle, STOP_ON_FAILURE): Text '14/02/2025' is set on object 'Object Repository/ANEF_Eloignement_V_Nawres/Page_Prendre_Mesure_Formulaire/input_Date_Decision_IAT'

14-02-2025T14:43:41 - [MESSAGE][INFO] - Finding Test Object 'Object Repository/ANEF_Eloignement_V_Nawres/Page_Prendre_Mesure_Formulaire/input_Date_Decision_IAT'

14-02-2025T14:43:41 - [MESSAGE][INFO] - Checking timeout

14-02-2025T14:43:41 - [MESSAGE][INFO] - Finding web element with id: 'Object Repository/ANEF_Eloignement_V_Nawres/Page_Prendre_Mesure_Formulaire/input_Date_Decision_IAT' located by 'By.xpath: //input[@id="date_decision"]' in '20' second(s)

14-02-2025T14:43:41 - [MESSAGE][INFO] - Found 1 web elements with id: 'Object Repository/ANEF_Eloignement_V_Nawres/Page_Prendre_Mesure_Formulaire/input_Date_Decision_IAT' located by 'By.xpath: //input[@id="date_decision"]' in '20' second(s)

14-02-2025T14:43:41 - [MESSAGE][INFO] - Checking object

14-02-2025T14:43:41 - [MESSAGE][INFO] - Checking text

14-02-2025T14:43:41 - [MESSAGE][INFO] - Finding web element from Test Object's properties

14-02-2025T14:43:41 - [MESSAGE][INFO] - Checking timeout

14-02-2025T14:43:41 - [MESSAGE][INFO] - Finding web element with id: 'Object Repository/ANEF_Eloignement_V_Nawres/Page_Prendre_Mesure_Formulaire/input_Date_Decision_IAT' located by 'By.xpath: //input[@id="date_decision"]' in '100' second(s)

14-02-2025T14:43:41 - [MESSAGE][INFO] - Found 1 web elements with id: 'Object Repository/ANEF_Eloignement_V_Nawres/Page_Prendre_Mesure_Formulaire/input_Date_Decision_IAT' located by 'By.xpath: //input[@id="date_decision"]' in '100' second(s)

14-02-2025T14:43:41 - [MESSAGE][INFO] - Clearing text of object 'Object Repository/ANEF_Eloignement_V_Nawres/Page_Prendre_Mesure_Formulaire/input_Date_Decision_IAT'

14-02-2025T14:43:42 - [MESSAGE][INFO] - Finding web element from Test Object's properties

14-02-2025T14:43:42 - [MESSAGE][INFO] - Checking timeout

14-02-2025T14:43:42 - [MESSAGE][INFO] - Finding web element with id: 'Object Repository/ANEF_Eloignement_V_Nawres/Page_Prendre_Mesure_Formulaire/input_Date_Decision_IAT' located by 'By.xpath: //input[@id="date_decision"]' in '100' second(s)

14-02-2025T14:43:42 - [MESSAGE][INFO] - Found 1 web elements with id: 'Object Repository/ANEF_Eloignement_V_Nawres/Page_Prendre_Mesure_Formulaire/input_Date_Decision_IAT' located by 'By.xpath: //input[@id="date_decision"]' in '100' second(s)

14-02-2025T14:43:42 - [MESSAGE][INFO] - Setting text of object 'Object Repository/ANEF_Eloignement_V_Nawres/Page_Prendre_Mesure_Formulaire/input_Date_Decision_IAT' to value '14/02/2025'

14-02-2025T14:43:43 - [MESSAGE][PASSED] - Text '14/02/2025' is set on object 'Object Repository/ANEF_Eloignement_V_Nawres/Page_Prendre_Mesure_Formulaire/input_Date_Decision_IAT'

14-02-2025T14:43:43 - [TEST_STEP][PASSED] - selectOptionByLabel(findTestObject("Object Repository/ANEF_Eloignement_V_Nawres/Page_Prendre_Mesure_Formulaire/select_Mode_Notification"), ModeNotification, false, STOP_ON_FAILURE): All options with label 'Voie postale' are selected in object 'Object Repository/ANEF_Eloignement_V_Nawres/Page_Prendre_Mesure_Formulaire/select_Mode_Notification' 

14-02-2025T14:43:43 - [MESSAGE][INFO] - Finding Test Object 'Object Repository/ANEF_Eloignement_V_Nawres/Page_Prendre_Mesure_Formulaire/select_Mode_Notification'

14-02-2025T14:43:43 - [MESSAGE][INFO] - Checking timeout

14-02-2025T14:43:43 - [MESSAGE][INFO] - Finding web element with id: 'Object Repository/ANEF_Eloignement_V_Nawres/Page_Prendre_Mesure_Formulaire/select_Mode_Notification' located by 'By.xpath: //select[@id="mode_notification"]' in '20' second(s)

14-02-2025T14:43:43 - [MESSAGE][INFO] - Found 1 web elements with id: 'Object Repository/ANEF_Eloignement_V_Nawres/Page_Prendre_Mesure_Formulaire/select_Mode_Notification' located by 'By.xpath: //select[@id="mode_notification"]' in '20' second(s)

14-02-2025T14:43:43 - [MESSAGE][INFO] - Checking object

14-02-2025T14:43:43 - [MESSAGE][INFO] - Checking label parameter

14-02-2025T14:43:43 - [MESSAGE][INFO] - Finding web element from Test Object's properties

14-02-2025T14:43:43 - [MESSAGE][INFO] - Checking timeout

14-02-2025T14:43:43 - [MESSAGE][INFO] - Finding web element with id: 'Object Repository/ANEF_Eloignement_V_Nawres/Page_Prendre_Mesure_Formulaire/select_Mode_Notification' located by 'By.xpath: //select[@id="mode_notification"]' in '100' second(s)

14-02-2025T14:43:43 - [MESSAGE][INFO] - Found 1 web elements with id: 'Object Repository/ANEF_Eloignement_V_Nawres/Page_Prendre_Mesure_Formulaire/select_Mode_Notification' located by 'By.xpath: //select[@id="mode_notification"]' in '100' second(s)

14-02-2025T14:43:43 - [MESSAGE][INFO] - Selecting options on object 'Object Repository/ANEF_Eloignement_V_Nawres/Page_Prendre_Mesure_Formulaire/select_Mode_Notification' with label 'Voie postale' 

14-02-2025T14:43:44 - [MESSAGE][PASSED] - All options with label 'Voie postale' are selected in object 'Object Repository/ANEF_Eloignement_V_Nawres/Page_Prendre_Mesure_Formulaire/select_Mode_Notification' 

14-02-2025T14:43:44 - [TEST_STEP][PASSED] - setText(findTestObject("Object Repository/ANEF_Eloignement_V_Nawres/Page_Prendre_Mesure_Formulaire/input_Date_Notification_IAT"), DateActuelle, STOP_ON_FAILURE): Text '14/02/2025' is set on object 'Object Repository/ANEF_Eloignement_V_Nawres/Page_Prendre_Mesure_Formulaire/input_Date_Notification_IAT'

14-02-2025T14:43:44 - [MESSAGE][INFO] - Finding Test Object 'Object Repository/ANEF_Eloignement_V_Nawres/Page_Prendre_Mesure_Formulaire/input_Date_Notification_IAT'

14-02-2025T14:43:44 - [MESSAGE][INFO] - Checking timeout

14-02-2025T14:43:44 - [MESSAGE][INFO] - Finding web element with id: 'Object Repository/ANEF_Eloignement_V_Nawres/Page_Prendre_Mesure_Formulaire/input_Date_Notification_IAT' located by 'By.xpath: //input[@name="date_notification"]' in '20' second(s)

14-02-2025T14:43:44 - [MESSAGE][INFO] - Found 1 web elements with id: 'Object Repository/ANEF_Eloignement_V_Nawres/Page_Prendre_Mesure_Formulaire/input_Date_Notification_IAT' located by 'By.xpath: //input[@name="date_notification"]' in '20' second(s)

14-02-2025T14:43:44 - [MESSAGE][INFO] - Checking object

14-02-2025T14:43:44 - [MESSAGE][INFO] - Checking text

14-02-2025T14:43:44 - [MESSAGE][INFO] - Finding web element from Test Object's properties

14-02-2025T14:43:44 - [MESSAGE][INFO] - Checking timeout

14-02-2025T14:43:44 - [MESSAGE][INFO] - Finding web element with id: 'Object Repository/ANEF_Eloignement_V_Nawres/Page_Prendre_Mesure_Formulaire/input_Date_Notification_IAT' located by 'By.xpath: //input[@name="date_notification"]' in '100' second(s)

14-02-2025T14:43:44 - [MESSAGE][INFO] - Found 1 web elements with id: 'Object Repository/ANEF_Eloignement_V_Nawres/Page_Prendre_Mesure_Formulaire/input_Date_Notification_IAT' located by 'By.xpath: //input[@name="date_notification"]' in '100' second(s)

14-02-2025T14:43:44 - [MESSAGE][INFO] - Clearing text of object 'Object Repository/ANEF_Eloignement_V_Nawres/Page_Prendre_Mesure_Formulaire/input_Date_Notification_IAT'

14-02-2025T14:43:45 - [MESSAGE][INFO] - Finding web element from Test Object's properties

14-02-2025T14:43:45 - [MESSAGE][INFO] - Checking timeout

14-02-2025T14:43:45 - [MESSAGE][INFO] - Finding web element with id: 'Object Repository/ANEF_Eloignement_V_Nawres/Page_Prendre_Mesure_Formulaire/input_Date_Notification_IAT' located by 'By.xpath: //input[@name="date_notification"]' in '100' second(s)

14-02-2025T14:43:45 - [MESSAGE][INFO] - Found 1 web elements with id: 'Object Repository/ANEF_Eloignement_V_Nawres/Page_Prendre_Mesure_Formulaire/input_Date_Notification_IAT' located by 'By.xpath: //input[@name="date_notification"]' in '100' second(s)

14-02-2025T14:43:45 - [MESSAGE][INFO] - Setting text of object 'Object Repository/ANEF_Eloignement_V_Nawres/Page_Prendre_Mesure_Formulaire/input_Date_Notification_IAT' to value '14/02/2025'

14-02-2025T14:43:46 - [MESSAGE][PASSED] - Text '14/02/2025' is set on object 'Object Repository/ANEF_Eloignement_V_Nawres/Page_Prendre_Mesure_Formulaire/input_Date_Notification_IAT'

14-02-2025T14:43:46 - [TEST_STEP][PASSED] - if (ModeNotification == "Voie administrative"): null

14-02-2025T14:43:46 - [TEST_STEP][PASSED] - click(findTestObject("Object Repository/ANEF_Eloignement_V_Nawres/Page_Prendre_Mesure_Formulaire/btn_Valider_Enregistrement_IAT"), STOP_ON_FAILURE): Object: 'Object Repository/ANEF_Eloignement_V_Nawres/Page_Prendre_Mesure_Formulaire/btn_Valider_Enregistrement_IAT' is clicked on

14-02-2025T14:43:46 - [MESSAGE][INFO] - Finding Test Object 'Object Repository/ANEF_Eloignement_V_Nawres/Page_Prendre_Mesure_Formulaire/btn_Valider_Enregistrement_IAT'

14-02-2025T14:43:46 - [MESSAGE][INFO] - Checking timeout

14-02-2025T14:43:46 - [MESSAGE][INFO] - Finding web element with id: 'Object Repository/ANEF_Eloignement_V_Nawres/Page_Prendre_Mesure_Formulaire/btn_Valider_Enregistrement_IAT' located by 'By.xpath: //button[@id="saveButtonIAT"]' in '20' second(s)

14-02-2025T14:43:46 - [MESSAGE][INFO] - Found 1 web elements with id: 'Object Repository/ANEF_Eloignement_V_Nawres/Page_Prendre_Mesure_Formulaire/btn_Valider_Enregistrement_IAT' located by 'By.xpath: //button[@id="saveButtonIAT"]' in '20' second(s)

14-02-2025T14:43:46 - [MESSAGE][INFO] - Checking object

14-02-2025T14:43:46 - [MESSAGE][INFO] - Checking timeout

14-02-2025T14:43:46 - [MESSAGE][INFO] - Finding web element from Test Object's properties

14-02-2025T14:43:46 - [MESSAGE][INFO] - Checking timeout

14-02-2025T14:43:46 - [MESSAGE][INFO] - Finding web element with id: 'Object Repository/ANEF_Eloignement_V_Nawres/Page_Prendre_Mesure_Formulaire/btn_Valider_Enregistrement_IAT' located by 'By.xpath: //button[@id="saveButtonIAT"]' in '100' second(s)

14-02-2025T14:43:46 - [MESSAGE][INFO] - Found 1 web elements with id: 'Object Repository/ANEF_Eloignement_V_Nawres/Page_Prendre_Mesure_Formulaire/btn_Valider_Enregistrement_IAT' located by 'By.xpath: //button[@id="saveButtonIAT"]' in '100' second(s)

14-02-2025T14:43:46 - [MESSAGE][INFO] - Clicking on object: 'Object Repository/ANEF_Eloignement_V_Nawres/Page_Prendre_Mesure_Formulaire/btn_Valider_Enregistrement_IAT'

14-02-2025T14:43:48 - [MESSAGE][PASSED] - Object: 'Object Repository/ANEF_Eloignement_V_Nawres/Page_Prendre_Mesure_Formulaire/btn_Valider_Enregistrement_IAT' is clicked on

14-02-2025T14:43:48 - [TEST_STEP][PASSED] - scrollToElement(findTestObject("Object Repository/ANEF_Eloignement_V_Nawres/Page_Prendre_Mesure_Formulaire/btn_Confirmer_Enregistrement_Mesure"), 50, STOP_ON_FAILURE): Scroll to object 'Object Repository/ANEF_Eloignement_V_Nawres/Page_Prendre_Mesure_Formulaire/btn_Confirmer_Enregistrement_Mesure' successfully

14-02-2025T14:43:48 - [MESSAGE][INFO] - Finding Test Object 'Object Repository/ANEF_Eloignement_V_Nawres/Page_Prendre_Mesure_Formulaire/btn_Confirmer_Enregistrement_Mesure'

14-02-2025T14:43:48 - [MESSAGE][INFO] - Checking object

14-02-2025T14:43:48 - [MESSAGE][INFO] - Checking timeout

14-02-2025T14:43:48 - [MESSAGE][INFO] - Finding web element from Test Object's properties

14-02-2025T14:43:48 - [MESSAGE][INFO] - Checking timeout

14-02-2025T14:43:48 - [MESSAGE][INFO] - Finding web element with id: 'Object Repository/ANEF_Eloignement_V_Nawres/Page_Prendre_Mesure_Formulaire/btn_Confirmer_Enregistrement_Mesure' located by 'By.xpath: //button[contains(text(),"Confirmer lâ€™enregistrement de la mesure")]' in '100' second(s)

14-02-2025T14:43:48 - [MESSAGE][INFO] - Found 1 web elements with id: 'Object Repository/ANEF_Eloignement_V_Nawres/Page_Prendre_Mesure_Formulaire/btn_Confirmer_Enregistrement_Mesure' located by 'By.xpath: //button[contains(text(),"Confirmer lâ€™enregistrement de la mesure")]' in '100' second(s)

14-02-2025T14:43:48 - [MESSAGE][INFO] - Scrolling to object 'Object Repository/ANEF_Eloignement_V_Nawres/Page_Prendre_Mesure_Formulaire/btn_Confirmer_Enregistrement_Mesure'

14-02-2025T14:43:48 - [MESSAGE][PASSED] - Scroll to object 'Object Repository/ANEF_Eloignement_V_Nawres/Page_Prendre_Mesure_Formulaire/btn_Confirmer_Enregistrement_Mesure' successfully

14-02-2025T14:43:48 - [TEST_STEP][PASSED] - click(findTestObject("Object Repository/ANEF_Eloignement_V_Nawres/Page_Prendre_Mesure_Formulaire/btn_Confirmer_Enregistrement_Mesure"), STOP_ON_FAILURE): Object: 'Object Repository/ANEF_Eloignement_V_Nawres/Page_Prendre_Mesure_Formulaire/btn_Confirmer_Enregistrement_Mesure' is clicked on

14-02-2025T14:43:48 - [MESSAGE][INFO] - Finding Test Object 'Object Repository/ANEF_Eloignement_V_Nawres/Page_Prendre_Mesure_Formulaire/btn_Confirmer_Enregistrement_Mesure'

14-02-2025T14:43:48 - [MESSAGE][INFO] - Checking timeout

14-02-2025T14:43:48 - [MESSAGE][INFO] - Finding web element with id: 'Object Repository/ANEF_Eloignement_V_Nawres/Page_Prendre_Mesure_Formulaire/btn_Confirmer_Enregistrement_Mesure' located by 'By.xpath: //button[contains(text(),"Confirmer lâ€™enregistrement de la mesure")]' in '20' second(s)

14-02-2025T14:43:48 - [MESSAGE][INFO] - Found 1 web elements with id: 'Object Repository/ANEF_Eloignement_V_Nawres/Page_Prendre_Mesure_Formulaire/btn_Confirmer_Enregistrement_Mesure' located by 'By.xpath: //button[contains(text(),"Confirmer lâ€™enregistrement de la mesure")]' in '20' second(s)

14-02-2025T14:43:48 - [MESSAGE][INFO] - Checking object

14-02-2025T14:43:48 - [MESSAGE][INFO] - Checking timeout

14-02-2025T14:43:48 - [MESSAGE][INFO] - Finding web element from Test Object's properties

14-02-2025T14:43:48 - [MESSAGE][INFO] - Checking timeout

14-02-2025T14:43:48 - [MESSAGE][INFO] - Finding web element with id: 'Object Repository/ANEF_Eloignement_V_Nawres/Page_Prendre_Mesure_Formulaire/btn_Confirmer_Enregistrement_Mesure' located by 'By.xpath: //button[contains(text(),"Confirmer lâ€™enregistrement de la mesure")]' in '100' second(s)

14-02-2025T14:43:48 - [MESSAGE][INFO] - Found 1 web elements with id: 'Object Repository/ANEF_Eloignement_V_Nawres/Page_Prendre_Mesure_Formulaire/btn_Confirmer_Enregistrement_Mesure' located by 'By.xpath: //button[contains(text(),"Confirmer lâ€™enregistrement de la mesure")]' in '100' second(s)

14-02-2025T14:43:48 - [MESSAGE][INFO] - Clicking on object: 'Object Repository/ANEF_Eloignement_V_Nawres/Page_Prendre_Mesure_Formulaire/btn_Confirmer_Enregistrement_Mesure'

14-02-2025T14:43:49 - [MESSAGE][PASSED] - Object: 'Object Repository/ANEF_Eloignement_V_Nawres/Page_Prendre_Mesure_Formulaire/btn_Confirmer_Enregistrement_Mesure' is clicked on

14-02-2025T14:43:49 - [TEST_STEP][PASSED] - if (Mesure == "ITF"): null

14-02-2025T14:43:49 - [TEST_STEP][PASSED] - click(findTestObject("Object Repository/ANEF_Eloignement_V_Nawres/Page_Prendre_Mesure_Formulaire/btn_Enregistrer"), STOP_ON_FAILURE): Object: 'Object Repository/ANEF_Eloignement_V_Nawres/Page_Prendre_Mesure_Formulaire/btn_Enregistrer' is clicked on

14-02-2025T14:43:49 - [MESSAGE][INFO] - Finding Test Object 'Object Repository/ANEF_Eloignement_V_Nawres/Page_Prendre_Mesure_Formulaire/btn_Enregistrer'

14-02-2025T14:43:49 - [MESSAGE][INFO] - Checking timeout

14-02-2025T14:43:49 - [MESSAGE][INFO] - Finding web element with id: 'Object Repository/ANEF_Eloignement_V_Nawres/Page_Prendre_Mesure_Formulaire/btn_Enregistrer' located by 'By.xpath: //button[contains(text(),"Enregistrer")]' in '20' second(s)

14-02-2025T14:43:49 - [MESSAGE][INFO] - Found 1 web elements with id: 'Object Repository/ANEF_Eloignement_V_Nawres/Page_Prendre_Mesure_Formulaire/btn_Enregistrer' located by 'By.xpath: //button[contains(text(),"Enregistrer")]' in '20' second(s)

14-02-2025T14:43:49 - [MESSAGE][INFO] - Checking object

14-02-2025T14:43:49 - [MESSAGE][INFO] - Checking timeout

14-02-2025T14:43:49 - [MESSAGE][INFO] - Finding web element from Test Object's properties

14-02-2025T14:43:49 - [MESSAGE][INFO] - Checking timeout

14-02-2025T14:43:49 - [MESSAGE][INFO] - Finding web element with id: 'Object Repository/ANEF_Eloignement_V_Nawres/Page_Prendre_Mesure_Formulaire/btn_Enregistrer' located by 'By.xpath: //button[contains(text(),"Enregistrer")]' in '100' second(s)

14-02-2025T14:43:49 - [MESSAGE][INFO] - Found 1 web elements with id: 'Object Repository/ANEF_Eloignement_V_Nawres/Page_Prendre_Mesure_Formulaire/btn_Enregistrer' located by 'By.xpath: //button[contains(text(),"Enregistrer")]' in '100' second(s)

14-02-2025T14:43:49 - [MESSAGE][INFO] - Clicking on object: 'Object Repository/ANEF_Eloignement_V_Nawres/Page_Prendre_Mesure_Formulaire/btn_Enregistrer'

14-02-2025T14:43:50 - [MESSAGE][PASSED] - Object: 'Object Repository/ANEF_Eloignement_V_Nawres/Page_Prendre_Mesure_Formulaire/btn_Enregistrer' is clicked on

14-02-2025T14:43:50 - [MESSAGE][PASSED] - Call Test Case 'Test Cases/Test Reutilisable/Main/ANEF_Eloignement_V_Nawres/ANEF_Prendre_Mesure_Formulaire' successfully

14-02-2025T14:43:50 - [MESSAGE][PASSED] - Call Test Case 'Test Cases/Test Reutilisable/Main/ANEF_Eloignement_V_Nawres/ANEF_Prendre_Mesure' successfully

14-02-2025T14:43:50 - [TEST_STEP][PASSED] - callTestCase(findTestCase("Test Cases/Test Reutilisable/Main/ANEF_Eloignement_V_Nawres/ANEF_Ajouter_Decision"), ["ModeNotification":ModeNotification], STOP_ON_FAILURE): Call Test Case 'Test Cases/Test Reutilisable/Main/ANEF_Eloignement_V_Nawres/ANEF_Ajouter_Decision' successfully

14-02-2025T14:43:50 - [MESSAGE][INFO] - Checking called Test Case

14-02-2025T14:43:50 - [MESSAGE][INFO] - Starting to call Test Case 'Test Cases/Test Reutilisable/Main/ANEF_Eloignement_V_Nawres/ANEF_Ajouter_Decision'

14-02-2025T14:43:50 - [TEST_CASE][PASSED] - Test Cases/Test Reutilisable/Main/ANEF_Eloignement_V_Nawres/ANEF_Ajouter_Decision: Test Cases/Test Reutilisable/Main/ANEF_Eloignement_V_Nawres/ANEF_Ajouter_Decision

14-02-2025T14:43:50 - [TEST_STEP][PASSED] - calendar = Calendar.getInstance(): null

14-02-2025T14:43:50 - [TEST_STEP][PASSED] - currentDate = calendar.getTime(): null

14-02-2025T14:43:50 - [TEST_STEP][PASSED] - sdf = new java.text.SimpleDateFormat(dd/MM/yyyy): null

14-02-2025T14:43:50 - [TEST_STEP][PASSED] - formattedDate = sdf.format(currentDate): null

14-02-2025T14:43:50 - [TEST_STEP][PASSED] - DateActuelle = formattedDate.toString(): null

14-02-2025T14:43:50 - [TEST_STEP][PASSED] - println(DateActuelle): null

14-02-2025T14:43:50 - [TEST_STEP][PASSED] - waitForElementClickable(findTestObject("Object Repository/ANEF_Eloignement_V_Nawres/Page_Ajouter_Decision/btn_Ajouter_Decision"), 20, STOP_ON_FAILURE): Object 'Object Repository/ANEF_Eloignement_V_Nawres/Page_Ajouter_Decision/btn_Ajouter_Decision' is clickable

14-02-2025T14:43:50 - [MESSAGE][INFO] - Finding Test Object 'Object Repository/ANEF_Eloignement_V_Nawres/Page_Ajouter_Decision/btn_Ajouter_Decision'

14-02-2025T14:43:50 - [MESSAGE][INFO] - Checking object

14-02-2025T14:43:50 - [MESSAGE][INFO] - Checking timeout

14-02-2025T14:43:50 - [MESSAGE][INFO] - Finding web element from Test Object's properties

14-02-2025T14:43:50 - [MESSAGE][INFO] - Checking timeout

14-02-2025T14:43:50 - [MESSAGE][INFO] - Finding web element with id: 'Object Repository/ANEF_Eloignement_V_Nawres/Page_Ajouter_Decision/btn_Ajouter_Decision' located by 'By.xpath: //button[contains(text(),"Ajouter une dÃ©cision")]' in '20' second(s)

14-02-2025T14:43:50 - [MESSAGE][INFO] - Found 1 web elements with id: 'Object Repository/ANEF_Eloignement_V_Nawres/Page_Ajouter_Decision/btn_Ajouter_Decision' located by 'By.xpath: //button[contains(text(),"Ajouter une dÃ©cision")]' in '20' second(s)

14-02-2025T14:43:50 - [MESSAGE][PASSED] - Object 'Object Repository/ANEF_Eloignement_V_Nawres/Page_Ajouter_Decision/btn_Ajouter_Decision' is clickable

14-02-2025T14:43:50 - [TEST_STEP][PASSED] - click(findTestObject("Object Repository/ANEF_Eloignement_V_Nawres/Page_Ajouter_Decision/btn_Ajouter_Decision"), STOP_ON_FAILURE): Object: 'Object Repository/ANEF_Eloignement_V_Nawres/Page_Ajouter_Decision/btn_Ajouter_Decision' is clicked on

14-02-2025T14:43:50 - [MESSAGE][INFO] - Finding Test Object 'Object Repository/ANEF_Eloignement_V_Nawres/Page_Ajouter_Decision/btn_Ajouter_Decision'

14-02-2025T14:43:50 - [MESSAGE][INFO] - Checking timeout

14-02-2025T14:43:50 - [MESSAGE][INFO] - Finding web element with id: 'Object Repository/ANEF_Eloignement_V_Nawres/Page_Ajouter_Decision/btn_Ajouter_Decision' located by 'By.xpath: //button[contains(text(),"Ajouter une dÃ©cision")]' in '20' second(s)

14-02-2025T14:43:50 - [MESSAGE][INFO] - Found 1 web elements with id: 'Object Repository/ANEF_Eloignement_V_Nawres/Page_Ajouter_Decision/btn_Ajouter_Decision' located by 'By.xpath: //button[contains(text(),"Ajouter une dÃ©cision")]' in '20' second(s)

14-02-2025T14:43:50 - [MESSAGE][INFO] - Checking object

14-02-2025T14:43:50 - [MESSAGE][INFO] - Checking timeout

14-02-2025T14:43:50 - [MESSAGE][INFO] - Finding web element from Test Object's properties

14-02-2025T14:43:50 - [MESSAGE][INFO] - Checking timeout

14-02-2025T14:43:50 - [MESSAGE][INFO] - Finding web element with id: 'Object Repository/ANEF_Eloignement_V_Nawres/Page_Ajouter_Decision/btn_Ajouter_Decision' located by 'By.xpath: //button[contains(text(),"Ajouter une dÃ©cision")]' in '100' second(s)

14-02-2025T14:43:50 - [MESSAGE][INFO] - Found 1 web elements with id: 'Object Repository/ANEF_Eloignement_V_Nawres/Page_Ajouter_Decision/btn_Ajouter_Decision' located by 'By.xpath: //button[contains(text(),"Ajouter une dÃ©cision")]' in '100' second(s)

14-02-2025T14:43:50 - [MESSAGE][INFO] - Clicking on object: 'Object Repository/ANEF_Eloignement_V_Nawres/Page_Ajouter_Decision/btn_Ajouter_Decision'

14-02-2025T14:43:52 - [MESSAGE][PASSED] - Object: 'Object Repository/ANEF_Eloignement_V_Nawres/Page_Ajouter_Decision/btn_Ajouter_Decision' is clicked on

14-02-2025T14:43:52 - [TEST_STEP][PASSED] - scrollToElement(findTestObject("Object Repository/ANEF_Eloignement_V_Nawres/Page_Ajouter_Decision/btn_Confirmer_Ajout_Decision"), 5, STOP_ON_FAILURE): Scroll to object 'Object Repository/ANEF_Eloignement_V_Nawres/Page_Ajouter_Decision/btn_Confirmer_Ajout_Decision' successfully

14-02-2025T14:43:52 - [MESSAGE][INFO] - Finding Test Object 'Object Repository/ANEF_Eloignement_V_Nawres/Page_Ajouter_Decision/btn_Confirmer_Ajout_Decision'

14-02-2025T14:43:52 - [MESSAGE][INFO] - Checking object

14-02-2025T14:43:52 - [MESSAGE][INFO] - Checking timeout

14-02-2025T14:43:52 - [MESSAGE][INFO] - Finding web element from Test Object's properties

14-02-2025T14:43:52 - [MESSAGE][INFO] - Checking timeout

14-02-2025T14:43:52 - [MESSAGE][INFO] - Finding web element with id: 'Object Repository/ANEF_Eloignement_V_Nawres/Page_Ajouter_Decision/btn_Confirmer_Ajout_Decision' located by 'By.xpath: //button[contains(text()," Confirmer l'ajout")]' in '100' second(s)

14-02-2025T14:43:52 - [MESSAGE][INFO] - Found 1 web elements with id: 'Object Repository/ANEF_Eloignement_V_Nawres/Page_Ajouter_Decision/btn_Confirmer_Ajout_Decision' located by 'By.xpath: //button[contains(text()," Confirmer l'ajout")]' in '100' second(s)

14-02-2025T14:43:52 - [MESSAGE][INFO] - Scrolling to object 'Object Repository/ANEF_Eloignement_V_Nawres/Page_Ajouter_Decision/btn_Confirmer_Ajout_Decision'

14-02-2025T14:43:52 - [MESSAGE][PASSED] - Scroll to object 'Object Repository/ANEF_Eloignement_V_Nawres/Page_Ajouter_Decision/btn_Confirmer_Ajout_Decision' successfully

14-02-2025T14:43:52 - [TEST_STEP][PASSED] - click(findTestObject("Object Repository/ANEF_Eloignement_V_Nawres/Page_Ajouter_Decision/btn_Confirmer_Ajout_Decision"), STOP_ON_FAILURE): Object: 'Object Repository/ANEF_Eloignement_V_Nawres/Page_Ajouter_Decision/btn_Confirmer_Ajout_Decision' is clicked on

14-02-2025T14:43:52 - [MESSAGE][INFO] - Finding Test Object 'Object Repository/ANEF_Eloignement_V_Nawres/Page_Ajouter_Decision/btn_Confirmer_Ajout_Decision'

14-02-2025T14:43:52 - [MESSAGE][INFO] - Checking timeout

14-02-2025T14:43:52 - [MESSAGE][INFO] - Finding web element with id: 'Object Repository/ANEF_Eloignement_V_Nawres/Page_Ajouter_Decision/btn_Confirmer_Ajout_Decision' located by 'By.xpath: //button[contains(text()," Confirmer l'ajout")]' in '20' second(s)

14-02-2025T14:43:52 - [MESSAGE][INFO] - Found 1 web elements with id: 'Object Repository/ANEF_Eloignement_V_Nawres/Page_Ajouter_Decision/btn_Confirmer_Ajout_Decision' located by 'By.xpath: //button[contains(text()," Confirmer l'ajout")]' in '20' second(s)

14-02-2025T14:43:52 - [MESSAGE][INFO] - Checking object

14-02-2025T14:43:52 - [MESSAGE][INFO] - Checking timeout

14-02-2025T14:43:52 - [MESSAGE][INFO] - Finding web element from Test Object's properties

14-02-2025T14:43:52 - [MESSAGE][INFO] - Checking timeout

14-02-2025T14:43:52 - [MESSAGE][INFO] - Finding web element with id: 'Object Repository/ANEF_Eloignement_V_Nawres/Page_Ajouter_Decision/btn_Confirmer_Ajout_Decision' located by 'By.xpath: //button[contains(text()," Confirmer l'ajout")]' in '100' second(s)

14-02-2025T14:43:52 - [MESSAGE][INFO] - Found 1 web elements with id: 'Object Repository/ANEF_Eloignement_V_Nawres/Page_Ajouter_Decision/btn_Confirmer_Ajout_Decision' located by 'By.xpath: //button[contains(text()," Confirmer l'ajout")]' in '100' second(s)

14-02-2025T14:43:52 - [MESSAGE][INFO] - Clicking on object: 'Object Repository/ANEF_Eloignement_V_Nawres/Page_Ajouter_Decision/btn_Confirmer_Ajout_Decision'

14-02-2025T14:43:53 - [MESSAGE][PASSED] - Object: 'Object Repository/ANEF_Eloignement_V_Nawres/Page_Ajouter_Decision/btn_Confirmer_Ajout_Decision' is clicked on

14-02-2025T14:43:53 - [TEST_STEP][PASSED] - waitForElementClickable(findTestObject("Object Repository/ANEF_Eloignement_V_Nawres/Page_Ajouter_Decision/btn_Confirmer_Notification"), 20, STOP_ON_FAILURE): Object 'Object Repository/ANEF_Eloignement_V_Nawres/Page_Ajouter_Decision/btn_Confirmer_Notification' is clickable

14-02-2025T14:43:53 - [MESSAGE][INFO] - Finding Test Object 'Object Repository/ANEF_Eloignement_V_Nawres/Page_Ajouter_Decision/btn_Confirmer_Notification'

14-02-2025T14:43:53 - [MESSAGE][INFO] - Checking object

14-02-2025T14:43:53 - [MESSAGE][INFO] - Checking timeout

14-02-2025T14:43:53 - [MESSAGE][INFO] - Finding web element from Test Object's properties

14-02-2025T14:43:53 - [MESSAGE][INFO] - Checking timeout

14-02-2025T14:43:53 - [MESSAGE][INFO] - Finding web element with id: 'Object Repository/ANEF_Eloignement_V_Nawres/Page_Ajouter_Decision/btn_Confirmer_Notification' located by 'By.xpath: //button[contains(text(),"Confirmer la notification")]' in '20' second(s)

14-02-2025T14:43:53 - [MESSAGE][INFO] - Found 1 web elements with id: 'Object Repository/ANEF_Eloignement_V_Nawres/Page_Ajouter_Decision/btn_Confirmer_Notification' located by 'By.xpath: //button[contains(text(),"Confirmer la notification")]' in '20' second(s)

14-02-2025T14:43:54 - [MESSAGE][PASSED] - Object 'Object Repository/ANEF_Eloignement_V_Nawres/Page_Ajouter_Decision/btn_Confirmer_Notification' is clickable

14-02-2025T14:43:54 - [TEST_STEP][PASSED] - click(findTestObject("Object Repository/ANEF_Eloignement_V_Nawres/Page_Ajouter_Decision/btn_Confirmer_Notification"), STOP_ON_FAILURE): Object: 'Object Repository/ANEF_Eloignement_V_Nawres/Page_Ajouter_Decision/btn_Confirmer_Notification' is clicked on

14-02-2025T14:43:54 - [MESSAGE][INFO] - Finding Test Object 'Object Repository/ANEF_Eloignement_V_Nawres/Page_Ajouter_Decision/btn_Confirmer_Notification'

14-02-2025T14:43:54 - [MESSAGE][INFO] - Checking timeout

14-02-2025T14:43:54 - [MESSAGE][INFO] - Finding web element with id: 'Object Repository/ANEF_Eloignement_V_Nawres/Page_Ajouter_Decision/btn_Confirmer_Notification' located by 'By.xpath: //button[contains(text(),"Confirmer la notification")]' in '20' second(s)

14-02-2025T14:43:54 - [MESSAGE][INFO] - Found 1 web elements with id: 'Object Repository/ANEF_Eloignement_V_Nawres/Page_Ajouter_Decision/btn_Confirmer_Notification' located by 'By.xpath: //button[contains(text(),"Confirmer la notification")]' in '20' second(s)

14-02-2025T14:43:54 - [MESSAGE][INFO] - Checking object

14-02-2025T14:43:54 - [MESSAGE][INFO] - Checking timeout

14-02-2025T14:43:54 - [MESSAGE][INFO] - Finding web element from Test Object's properties

14-02-2025T14:43:54 - [MESSAGE][INFO] - Checking timeout

14-02-2025T14:43:54 - [MESSAGE][INFO] - Finding web element with id: 'Object Repository/ANEF_Eloignement_V_Nawres/Page_Ajouter_Decision/btn_Confirmer_Notification' located by 'By.xpath: //button[contains(text(),"Confirmer la notification")]' in '100' second(s)

14-02-2025T14:43:54 - [MESSAGE][INFO] - Found 1 web elements with id: 'Object Repository/ANEF_Eloignement_V_Nawres/Page_Ajouter_Decision/btn_Confirmer_Notification' located by 'By.xpath: //button[contains(text(),"Confirmer la notification")]' in '100' second(s)

14-02-2025T14:43:54 - [MESSAGE][INFO] - Clicking on object: 'Object Repository/ANEF_Eloignement_V_Nawres/Page_Ajouter_Decision/btn_Confirmer_Notification'

14-02-2025T14:43:55 - [MESSAGE][PASSED] - Object: 'Object Repository/ANEF_Eloignement_V_Nawres/Page_Ajouter_Decision/btn_Confirmer_Notification' is clicked on

14-02-2025T14:43:55 - [TEST_STEP][PASSED] - selectOptionByLabel(findTestObject("Object Repository/ANEF_Eloignement_V_Nawres/Page_Ajouter_Decision/select_Mode_Notification"), ModeNotification, false, STOP_ON_FAILURE): All options with label 'Voie postale' are selected in object 'Object Repository/ANEF_Eloignement_V_Nawres/Page_Ajouter_Decision/select_Mode_Notification' 

14-02-2025T14:43:55 - [MESSAGE][INFO] - Finding Test Object 'Object Repository/ANEF_Eloignement_V_Nawres/Page_Ajouter_Decision/select_Mode_Notification'

14-02-2025T14:43:55 - [MESSAGE][INFO] - Checking timeout

14-02-2025T14:43:55 - [MESSAGE][INFO] - Finding web element with id: 'Object Repository/ANEF_Eloignement_V_Nawres/Page_Ajouter_Decision/select_Mode_Notification' located by 'By.xpath: //app-notification-modal//form//app-dsfr-select/div/select[@id="mode_notification"]' in '20' second(s)

14-02-2025T14:43:55 - [MESSAGE][INFO] - Found 1 web elements with id: 'Object Repository/ANEF_Eloignement_V_Nawres/Page_Ajouter_Decision/select_Mode_Notification' located by 'By.xpath: //app-notification-modal//form//app-dsfr-select/div/select[@id="mode_notification"]' in '20' second(s)

14-02-2025T14:43:55 - [MESSAGE][INFO] - Checking object

14-02-2025T14:43:55 - [MESSAGE][INFO] - Checking label parameter

14-02-2025T14:43:55 - [MESSAGE][INFO] - Finding web element from Test Object's properties

14-02-2025T14:43:55 - [MESSAGE][INFO] - Checking timeout

14-02-2025T14:43:55 - [MESSAGE][INFO] - Finding web element with id: 'Object Repository/ANEF_Eloignement_V_Nawres/Page_Ajouter_Decision/select_Mode_Notification' located by 'By.xpath: //app-notification-modal//form//app-dsfr-select/div/select[@id="mode_notification"]' in '100' second(s)

14-02-2025T14:43:55 - [MESSAGE][INFO] - Found 1 web elements with id: 'Object Repository/ANEF_Eloignement_V_Nawres/Page_Ajouter_Decision/select_Mode_Notification' located by 'By.xpath: //app-notification-modal//form//app-dsfr-select/div/select[@id="mode_notification"]' in '100' second(s)

14-02-2025T14:43:55 - [MESSAGE][INFO] - Selecting options on object 'Object Repository/ANEF_Eloignement_V_Nawres/Page_Ajouter_Decision/select_Mode_Notification' with label 'Voie postale' 

14-02-2025T14:43:56 - [MESSAGE][PASSED] - All options with label 'Voie postale' are selected in object 'Object Repository/ANEF_Eloignement_V_Nawres/Page_Ajouter_Decision/select_Mode_Notification' 

14-02-2025T14:43:56 - [TEST_STEP][PASSED] - setText(findTestObject("Object Repository/ANEF_Eloignement_V_Nawres/Page_Ajouter_Decision/input_Date_Notification"), DateActuelle, STOP_ON_FAILURE): Text '14/02/2025' is set on object 'Object Repository/ANEF_Eloignement_V_Nawres/Page_Ajouter_Decision/input_Date_Notification'

14-02-2025T14:43:56 - [MESSAGE][INFO] - Finding Test Object 'Object Repository/ANEF_Eloignement_V_Nawres/Page_Ajouter_Decision/input_Date_Notification'

14-02-2025T14:43:56 - [MESSAGE][INFO] - Checking timeout

14-02-2025T14:43:56 - [MESSAGE][INFO] - Finding web element with id: 'Object Repository/ANEF_Eloignement_V_Nawres/Page_Ajouter_Decision/input_Date_Notification' located by 'By.xpath: //app-notification-modal//form//app-dsfr-input/div/input[@name="date_notification"]' in '20' second(s)

14-02-2025T14:43:56 - [MESSAGE][INFO] - Found 1 web elements with id: 'Object Repository/ANEF_Eloignement_V_Nawres/Page_Ajouter_Decision/input_Date_Notification' located by 'By.xpath: //app-notification-modal//form//app-dsfr-input/div/input[@name="date_notification"]' in '20' second(s)

14-02-2025T14:43:56 - [MESSAGE][INFO] - Checking object

14-02-2025T14:43:56 - [MESSAGE][INFO] - Checking text

14-02-2025T14:43:56 - [MESSAGE][INFO] - Finding web element from Test Object's properties

14-02-2025T14:43:56 - [MESSAGE][INFO] - Checking timeout

14-02-2025T14:43:56 - [MESSAGE][INFO] - Finding web element with id: 'Object Repository/ANEF_Eloignement_V_Nawres/Page_Ajouter_Decision/input_Date_Notification' located by 'By.xpath: //app-notification-modal//form//app-dsfr-input/div/input[@name="date_notification"]' in '100' second(s)

14-02-2025T14:43:56 - [MESSAGE][INFO] - Found 1 web elements with id: 'Object Repository/ANEF_Eloignement_V_Nawres/Page_Ajouter_Decision/input_Date_Notification' located by 'By.xpath: //app-notification-modal//form//app-dsfr-input/div/input[@name="date_notification"]' in '100' second(s)

14-02-2025T14:43:56 - [MESSAGE][INFO] - Clearing text of object 'Object Repository/ANEF_Eloignement_V_Nawres/Page_Ajouter_Decision/input_Date_Notification'

14-02-2025T14:43:58 - [MESSAGE][INFO] - Finding web element from Test Object's properties

14-02-2025T14:43:58 - [MESSAGE][INFO] - Checking timeout

14-02-2025T14:43:58 - [MESSAGE][INFO] - Finding web element with id: 'Object Repository/ANEF_Eloignement_V_Nawres/Page_Ajouter_Decision/input_Date_Notification' located by 'By.xpath: //app-notification-modal//form//app-dsfr-input/div/input[@name="date_notification"]' in '100' second(s)

14-02-2025T14:43:58 - [MESSAGE][INFO] - Found 1 web elements with id: 'Object Repository/ANEF_Eloignement_V_Nawres/Page_Ajouter_Decision/input_Date_Notification' located by 'By.xpath: //app-notification-modal//form//app-dsfr-input/div/input[@name="date_notification"]' in '100' second(s)

14-02-2025T14:43:58 - [MESSAGE][INFO] - Setting text of object 'Object Repository/ANEF_Eloignement_V_Nawres/Page_Ajouter_Decision/input_Date_Notification' to value '14/02/2025'

14-02-2025T14:43:59 - [MESSAGE][PASSED] - Text '14/02/2025' is set on object 'Object Repository/ANEF_Eloignement_V_Nawres/Page_Ajouter_Decision/input_Date_Notification'

14-02-2025T14:43:59 - [TEST_STEP][PASSED] - if (ModeNotification == "Voie administrative"): null

14-02-2025T14:43:59 - [TEST_STEP][PASSED] - uploadFile(findTestObject("Object Repository/ANEF_Eloignement_V_Nawres/Page_Ajouter_Decision/input_Ajouter_Fichier_Notification"), getProjectDir() + "/Data Files/Fichier_Test.pdf"): File 'C:/Users/nbenjemi/Katalon Studio/ANEF-ELOIGNEMENT-20250121/ANEF-ELOIGNEMENT-20250121/Data Files/Fichier_Test.pdf' sent to object: 'Object Repository/ANEF_Eloignement_V_Nawres/Page_Ajouter_Decision/input_Ajouter_Fichier_Notification'

14-02-2025T14:43:59 - [MESSAGE][INFO] - Finding Test Object 'Object Repository/ANEF_Eloignement_V_Nawres/Page_Ajouter_Decision/input_Ajouter_Fichier_Notification'

14-02-2025T14:43:59 - [MESSAGE][INFO] - Checking object

14-02-2025T14:43:59 - [MESSAGE][INFO] - Uploading file 'C:/Users/nbenjemi/Katalon Studio/ANEF-ELOIGNEMENT-20250121/ANEF-ELOIGNEMENT-20250121/Data Files/Fichier_Test.pdf' to object: 'Object Repository/ANEF_Eloignement_V_Nawres/Page_Ajouter_Decision/input_Ajouter_Fichier_Notification'

14-02-2025T14:43:59 - [MESSAGE][INFO] - Finding web element from Test Object's properties

14-02-2025T14:43:59 - [MESSAGE][INFO] - Checking timeout

14-02-2025T14:43:59 - [MESSAGE][INFO] - Finding web element with id: 'Object Repository/ANEF_Eloignement_V_Nawres/Page_Ajouter_Decision/input_Ajouter_Fichier_Notification' located by 'By.xpath: //app-notification-modal//form//app-dsfr-piece-jointe//input' in '100' second(s)

14-02-2025T14:43:59 - [MESSAGE][INFO] - Found 1 web elements with id: 'Object Repository/ANEF_Eloignement_V_Nawres/Page_Ajouter_Decision/input_Ajouter_Fichier_Notification' located by 'By.xpath: //app-notification-modal//form//app-dsfr-piece-jointe//input' in '100' second(s)

14-02-2025T14:44:00 - [MESSAGE][PASSED] - File 'C:/Users/nbenjemi/Katalon Studio/ANEF-ELOIGNEMENT-20250121/ANEF-ELOIGNEMENT-20250121/Data Files/Fichier_Test.pdf' sent to object: 'Object Repository/ANEF_Eloignement_V_Nawres/Page_Ajouter_Decision/input_Ajouter_Fichier_Notification'

14-02-2025T14:44:00 - [TEST_STEP][PASSED] - scrollToElement(findTestObject("Object Repository/ANEF_Eloignement_V_Nawres/Page_Ajouter_Decision/btn_Confirmer_Ajout_Notification"), 5, STOP_ON_FAILURE): Scroll to object 'Object Repository/ANEF_Eloignement_V_Nawres/Page_Ajouter_Decision/btn_Confirmer_Ajout_Notification' successfully

14-02-2025T14:44:00 - [MESSAGE][INFO] - Finding Test Object 'Object Repository/ANEF_Eloignement_V_Nawres/Page_Ajouter_Decision/btn_Confirmer_Ajout_Notification'

14-02-2025T14:44:00 - [MESSAGE][INFO] - Checking object

14-02-2025T14:44:00 - [MESSAGE][INFO] - Checking timeout

14-02-2025T14:44:00 - [MESSAGE][INFO] - Finding web element from Test Object's properties

14-02-2025T14:44:00 - [MESSAGE][INFO] - Checking timeout

14-02-2025T14:44:00 - [MESSAGE][INFO] - Finding web element with id: 'Object Repository/ANEF_Eloignement_V_Nawres/Page_Ajouter_Decision/btn_Confirmer_Ajout_Notification' located by 'By.xpath: //app-notification-modal//button[contains(text(),"Confirmer l'ajout")]' in '100' second(s)

14-02-2025T14:44:00 - [MESSAGE][INFO] - Found 1 web elements with id: 'Object Repository/ANEF_Eloignement_V_Nawres/Page_Ajouter_Decision/btn_Confirmer_Ajout_Notification' located by 'By.xpath: //app-notification-modal//button[contains(text(),"Confirmer l'ajout")]' in '100' second(s)

14-02-2025T14:44:00 - [MESSAGE][INFO] - Scrolling to object 'Object Repository/ANEF_Eloignement_V_Nawres/Page_Ajouter_Decision/btn_Confirmer_Ajout_Notification'

14-02-2025T14:44:00 - [MESSAGE][PASSED] - Scroll to object 'Object Repository/ANEF_Eloignement_V_Nawres/Page_Ajouter_Decision/btn_Confirmer_Ajout_Notification' successfully

14-02-2025T14:44:00 - [TEST_STEP][PASSED] - click(findTestObject("Object Repository/ANEF_Eloignement_V_Nawres/Page_Ajouter_Decision/btn_Confirmer_Ajout_Notification"), STOP_ON_FAILURE): Object: 'Object Repository/ANEF_Eloignement_V_Nawres/Page_Ajouter_Decision/btn_Confirmer_Ajout_Notification' is clicked on

14-02-2025T14:44:00 - [MESSAGE][INFO] - Finding Test Object 'Object Repository/ANEF_Eloignement_V_Nawres/Page_Ajouter_Decision/btn_Confirmer_Ajout_Notification'

14-02-2025T14:44:00 - [MESSAGE][INFO] - Checking timeout

14-02-2025T14:44:00 - [MESSAGE][INFO] - Finding web element with id: 'Object Repository/ANEF_Eloignement_V_Nawres/Page_Ajouter_Decision/btn_Confirmer_Ajout_Notification' located by 'By.xpath: //app-notification-modal//button[contains(text(),"Confirmer l'ajout")]' in '20' second(s)

14-02-2025T14:44:00 - [MESSAGE][INFO] - Found 1 web elements with id: 'Object Repository/ANEF_Eloignement_V_Nawres/Page_Ajouter_Decision/btn_Confirmer_Ajout_Notification' located by 'By.xpath: //app-notification-modal//button[contains(text(),"Confirmer l'ajout")]' in '20' second(s)

14-02-2025T14:44:00 - [MESSAGE][INFO] - Checking object

14-02-2025T14:44:00 - [MESSAGE][INFO] - Checking timeout

14-02-2025T14:44:00 - [MESSAGE][INFO] - Finding web element from Test Object's properties

14-02-2025T14:44:00 - [MESSAGE][INFO] - Checking timeout

14-02-2025T14:44:00 - [MESSAGE][INFO] - Finding web element with id: 'Object Repository/ANEF_Eloignement_V_Nawres/Page_Ajouter_Decision/btn_Confirmer_Ajout_Notification' located by 'By.xpath: //app-notification-modal//button[contains(text(),"Confirmer l'ajout")]' in '100' second(s)

14-02-2025T14:44:00 - [MESSAGE][INFO] - Found 1 web elements with id: 'Object Repository/ANEF_Eloignement_V_Nawres/Page_Ajouter_Decision/btn_Confirmer_Ajout_Notification' located by 'By.xpath: //app-notification-modal//button[contains(text(),"Confirmer l'ajout")]' in '100' second(s)

14-02-2025T14:44:00 - [MESSAGE][INFO] - Clicking on object: 'Object Repository/ANEF_Eloignement_V_Nawres/Page_Ajouter_Decision/btn_Confirmer_Ajout_Notification'

14-02-2025T14:44:01 - [MESSAGE][PASSED] - Object: 'Object Repository/ANEF_Eloignement_V_Nawres/Page_Ajouter_Decision/btn_Confirmer_Ajout_Notification' is clicked on

14-02-2025T14:44:01 - [TEST_STEP][PASSED] - waitForElementClickable(findTestObject("Object Repository/ANEF_Eloignement_V_Nawres/Page_Ajouter_Decision/btn_Enregistrer"), 7, STOP_ON_FAILURE): Object 'Object Repository/ANEF_Eloignement_V_Nawres/Page_Ajouter_Decision/btn_Enregistrer' is clickable

14-02-2025T14:44:01 - [MESSAGE][INFO] - Finding Test Object 'Object Repository/ANEF_Eloignement_V_Nawres/Page_Ajouter_Decision/btn_Enregistrer'

14-02-2025T14:44:01 - [MESSAGE][INFO] - Checking object

14-02-2025T14:44:01 - [MESSAGE][INFO] - Checking timeout

14-02-2025T14:44:01 - [MESSAGE][INFO] - Finding web element from Test Object's properties

14-02-2025T14:44:01 - [MESSAGE][INFO] - Checking timeout

14-02-2025T14:44:01 - [MESSAGE][INFO] - Finding web element with id: 'Object Repository/ANEF_Eloignement_V_Nawres/Page_Ajouter_Decision/btn_Enregistrer' located by 'By.xpath: //button[contains(text(),"Enregistrer")]' in '7' second(s)

14-02-2025T14:44:01 - [MESSAGE][INFO] - Found 1 web elements with id: 'Object Repository/ANEF_Eloignement_V_Nawres/Page_Ajouter_Decision/btn_Enregistrer' located by 'By.xpath: //button[contains(text(),"Enregistrer")]' in '7' second(s)

14-02-2025T14:44:01 - [MESSAGE][PASSED] - Object 'Object Repository/ANEF_Eloignement_V_Nawres/Page_Ajouter_Decision/btn_Enregistrer' is clickable

14-02-2025T14:44:01 - [MESSAGE][PASSED] - Call Test Case 'Test Cases/Test Reutilisable/Main/ANEF_Eloignement_V_Nawres/ANEF_Ajouter_Decision' successfully

14-02-2025T14:44:03 - [TEST_STEP][PASSED] - Video: Video recording for test case 'Test Cases/Cas D Utilisations/ANEF_Eloignement_V_Nawres/TC_ANEF_Eloignement' .

14-02-2025T14:44:03 - [MESSAGE][INFO] - Video recording for test case 'Test Cases/Cas D Utilisations/ANEF_Eloignement_V_Nawres/TC_ANEF_Eloignement' .]]></system-out>
         <system-err><![CDATA[]]></system-err>
      </testcase>
      <testcase name="Test Cases/Cas D Utilisations/ANEF_Eloignement_V_Nawres/TC_ANEF_Eloignement" time="82.366" classname="Test Cases/Cas D Utilisations/ANEF_Eloignement_V_Nawres/TC_ANEF_Eloignement" status="PASSED">
         <system-out><![CDATA[14-02-2025T14:44:03 - [TEST_CASE][PASSED] - Test Cases/Cas D Utilisations/ANEF_Eloignement_V_Nawres/TC_ANEF_Eloignement: Test Cases/Cas D Utilisations/ANEF_Eloignement_V_Nawres/TC_ANEF_Eloignement

14-02-2025T14:44:03 - [TEST_STEP][PASSED] - callTestCase(findTestCase("Test Cases/Test Reutilisable/Main/ANEF_Eloignement_V_Nawres/ANEF_Lancer_URL_ANEF"), ["Profiles":Profiles, "EnvExec":EnvExec], STOP_ON_FAILURE): Call Test Case 'Test Cases/Test Reutilisable/Main/ANEF_Eloignement_V_Nawres/ANEF_Lancer_URL_ANEF' successfully

14-02-2025T14:44:03 - [MESSAGE][INFO] - Checking called Test Case

14-02-2025T14:44:03 - [MESSAGE][INFO] - Starting to call Test Case 'Test Cases/Test Reutilisable/Main/ANEF_Eloignement_V_Nawres/ANEF_Lancer_URL_ANEF'

14-02-2025T14:44:04 - [TEST_CASE][PASSED] - Test Cases/Test Reutilisable/Main/ANEF_Eloignement_V_Nawres/ANEF_Lancer_URL_ANEF: Test Cases/Test Reutilisable/Main/ANEF_Eloignement_V_Nawres/ANEF_Lancer_URL_ANEF

14-02-2025T14:44:04 - [TEST_STEP][PASSED] - "Call Highlight.on() automatically": null

14-02-2025T14:44:04 - [TEST_STEP][PASSED] - projDir = getProjectDir(): null

14-02-2025T14:44:04 - [TEST_STEP][PASSED] - RunBrowserConfiguration = getExecutionProperties(): null

14-02-2025T14:44:04 - [TEST_STEP][PASSED] - DriverName = get("WebUI").get("browserType"): null

14-02-2025T14:44:04 - [TEST_STEP][PASSED] - println("DriverName :" + DriverName): null

14-02-2025T14:44:04 - [TEST_STEP][PASSED] - println("Driverpath :" + RunBrowserConfiguration.get("drivers")): null

14-02-2025T14:44:04 - [TEST_STEP][PASSED] - if (Profiles == "Usager"): null

14-02-2025T14:44:04 - [TEST_STEP][PASSED] - if (Profiles == "Agent"): Current window maximized

14-02-2025T14:44:04 - [TEST_STEP][PASSED] - if (EnvExec == "URLPortailAgentQualif"): null

14-02-2025T14:44:04 - [TEST_STEP][PASSED] - if (EnvExec == "URLPortailAgentPreProd"): Browser is opened with url: 'https://preprod.siaef.dgef.interieur.gouv.fr/sejour/#/accueil'

14-02-2025T14:44:04 - [TEST_STEP][PASSED] - openBrowser(URLPortailAgentPreProd): Browser is opened with url: 'https://preprod.siaef.dgef.interieur.gouv.fr/sejour/#/accueil'

14-02-2025T14:44:04 - [MESSAGE][INFO] - Opening browser

14-02-2025T14:44:04 - [MESSAGE][WARNING] - A browser is already opened. Closing browser and opening a new one

14-02-2025T14:44:04 - [MESSAGE][INFO] - Starting 'Chrome' driver

14-02-2025T14:44:04 - [MESSAGE][INFO] - User set preference: ['args', '[--incognito, --disable-search-engine-choice-screen, --enable-automation, --disable-save-password-bubble, --start-maximized, --remote-allow-origins=*]']

14-02-2025T14:44:04 - [MESSAGE][INFO] - User set preference: ['prefs', '{download.default_directory=${GlobalVariable.downloadPath}, download_dir=${GlobalVariable.downloadPath}, download.prompt_for_download=false}']

14-02-2025T14:44:04 - [MESSAGE][INFO] - User set preference: ['loggingPrefs', '{browser=ALL}']

14-02-2025T14:44:04 - [MESSAGE][INFO] - Action delay is set to 1â€¯000 milliseconds

14-02-2025T14:44:06 - [MESSAGE][INFO] - Navigating browser to: 'https://preprod.siaef.dgef.interieur.gouv.fr/sejour/#/accueil'

14-02-2025T14:44:08 - [MESSAGE][PASSED] - Browser is opened with url: 'https://preprod.siaef.dgef.interieur.gouv.fr/sejour/#/accueil'

14-02-2025T14:44:08 - [TEST_STEP][PASSED] - maximizeWindow(): Current window maximized

14-02-2025T14:44:08 - [MESSAGE][INFO] - Maximizing current window

14-02-2025T14:44:08 - [MESSAGE][PASSED] - Current window maximized

14-02-2025T14:44:08 - [MESSAGE][PASSED] - Call Test Case 'Test Cases/Test Reutilisable/Main/ANEF_Eloignement_V_Nawres/ANEF_Lancer_URL_ANEF' successfully

14-02-2025T14:44:08 - [TEST_STEP][PASSED] - callTestCase(findTestCase("Test Cases/Test Reutilisable/Main/ANEF_Eloignement_V_Nawres/ANEF_Identification"), ["Profiles":Profiles, "IdentifiantAgent":IdentifiantAgent, "PwAgent":PwAgent, "EnvExec":EnvExec], STOP_ON_FAILURE): Call Test Case 'Test Cases/Test Reutilisable/Main/ANEF_Eloignement_V_Nawres/ANEF_Identification' successfully

14-02-2025T14:44:08 - [MESSAGE][INFO] - Checking called Test Case

14-02-2025T14:44:08 - [MESSAGE][INFO] - Starting to call Test Case 'Test Cases/Test Reutilisable/Main/ANEF_Eloignement_V_Nawres/ANEF_Identification'

14-02-2025T14:44:08 - [TEST_CASE][PASSED] - Test Cases/Test Reutilisable/Main/ANEF_Eloignement_V_Nawres/ANEF_Identification: Test Cases/Test Reutilisable/Main/ANEF_Eloignement_V_Nawres/ANEF_Identification

14-02-2025T14:44:09 - [TEST_STEP][PASSED] - com.kazurayam.ksbackyard.HighlightElement.pandemic(): com.kazurayam.ksbackyard.HighlightElement.pandemic is PASSED

14-02-2025T14:44:09 - [MESSAGE][PASSED] - com.kazurayam.ksbackyard.HighlightElement.pandemic is PASSED

14-02-2025T14:44:09 - [TEST_STEP][PASSED] - if (Profiles == "Usager"): null

14-02-2025T14:44:09 - [TEST_STEP][PASSED] - if (Profiles == "Agent"): Object: 'Object Repository/ANEF_Eloignement_V_Nawres/Page_ANEF_Connexion/btn_Valider_Conx_Agent' is clicked on

14-02-2025T14:44:09 - [TEST_STEP][PASSED] - if (EnvExec == "URLPortailAgentQualif"): null

14-02-2025T14:44:09 - [TEST_STEP][PASSED] - if (EnvExec == "URLPortailAgentPreProd"): Text 'Natali123456!' is set on object 'Object Repository/ANEF_Eloignement_V_Nawres/Page_ANEF_Connexion/Input_PasswordAgent'

14-02-2025T14:44:09 - [TEST_STEP][PASSED] - setText(findTestObject("Object Repository/ANEF_Eloignement_V_Nawres/Page_ANEF_Connexion/Input_UserNameAgent"), IdentifiantAgent): Text 'test.gpe+970@outlook.fr' is set on object 'Object Repository/ANEF_Eloignement_V_Nawres/Page_ANEF_Connexion/Input_UserNameAgent'

14-02-2025T14:44:09 - [MESSAGE][INFO] - Finding Test Object 'Object Repository/ANEF_Eloignement_V_Nawres/Page_ANEF_Connexion/Input_UserNameAgent'

14-02-2025T14:44:09 - [MESSAGE][INFO] - Checking timeout

14-02-2025T14:44:09 - [MESSAGE][INFO] - Finding web element with id: 'Object Repository/ANEF_Eloignement_V_Nawres/Page_ANEF_Connexion/Input_UserNameAgent' located by 'By.xpath: //*[@aria-labelledby="username-label"]|//*[@id="login"]' in '20' second(s)

14-02-2025T14:44:09 - [MESSAGE][INFO] - Found 1 web elements with id: 'Object Repository/ANEF_Eloignement_V_Nawres/Page_ANEF_Connexion/Input_UserNameAgent' located by 'By.xpath: //*[@aria-labelledby="username-label"]|//*[@id="login"]' in '20' second(s)

14-02-2025T14:44:09 - [MESSAGE][INFO] - Checking object

14-02-2025T14:44:09 - [MESSAGE][INFO] - Checking text

14-02-2025T14:44:09 - [MESSAGE][INFO] - Finding web element from Test Object's properties

14-02-2025T14:44:09 - [MESSAGE][INFO] - Checking timeout

14-02-2025T14:44:09 - [MESSAGE][INFO] - Finding web element with id: 'Object Repository/ANEF_Eloignement_V_Nawres/Page_ANEF_Connexion/Input_UserNameAgent' located by 'By.xpath: //*[@aria-labelledby="username-label"]|//*[@id="login"]' in '100' second(s)

14-02-2025T14:44:09 - [MESSAGE][INFO] - Found 1 web elements with id: 'Object Repository/ANEF_Eloignement_V_Nawres/Page_ANEF_Connexion/Input_UserNameAgent' located by 'By.xpath: //*[@aria-labelledby="username-label"]|//*[@id="login"]' in '100' second(s)

14-02-2025T14:44:09 - [MESSAGE][INFO] - Clearing text of object 'Object Repository/ANEF_Eloignement_V_Nawres/Page_ANEF_Connexion/Input_UserNameAgent'

14-02-2025T14:44:10 - [MESSAGE][INFO] - Finding web element from Test Object's properties

14-02-2025T14:44:10 - [MESSAGE][INFO] - Checking timeout

14-02-2025T14:44:10 - [MESSAGE][INFO] - Finding web element with id: 'Object Repository/ANEF_Eloignement_V_Nawres/Page_ANEF_Connexion/Input_UserNameAgent' located by 'By.xpath: //*[@aria-labelledby="username-label"]|//*[@id="login"]' in '100' second(s)

14-02-2025T14:44:10 - [MESSAGE][INFO] - Found 1 web elements with id: 'Object Repository/ANEF_Eloignement_V_Nawres/Page_ANEF_Connexion/Input_UserNameAgent' located by 'By.xpath: //*[@aria-labelledby="username-label"]|//*[@id="login"]' in '100' second(s)

14-02-2025T14:44:10 - [MESSAGE][INFO] - Setting text of object 'Object Repository/ANEF_Eloignement_V_Nawres/Page_ANEF_Connexion/Input_UserNameAgent' to value 'test.gpe+970@outlook.fr'

14-02-2025T14:44:11 - [MESSAGE][PASSED] - Text 'test.gpe+970@outlook.fr' is set on object 'Object Repository/ANEF_Eloignement_V_Nawres/Page_ANEF_Connexion/Input_UserNameAgent'

14-02-2025T14:44:11 - [TEST_STEP][PASSED] - setText(findTestObject("Object Repository/ANEF_Eloignement_V_Nawres/Page_ANEF_Connexion/Input_PasswordAgent"), PwAgent): Text 'Natali123456!' is set on object 'Object Repository/ANEF_Eloignement_V_Nawres/Page_ANEF_Connexion/Input_PasswordAgent'

14-02-2025T14:44:11 - [MESSAGE][INFO] - Finding Test Object 'Object Repository/ANEF_Eloignement_V_Nawres/Page_ANEF_Connexion/Input_PasswordAgent'

14-02-2025T14:44:11 - [MESSAGE][INFO] - Checking timeout

14-02-2025T14:44:11 - [MESSAGE][INFO] - Finding web element with id: 'Object Repository/ANEF_Eloignement_V_Nawres/Page_ANEF_Connexion/Input_PasswordAgent' located by 'By.xpath: //*[@aria-labelledby="password-label"]|//*[@id="password"]' in '20' second(s)

14-02-2025T14:44:11 - [MESSAGE][INFO] - Found 1 web elements with id: 'Object Repository/ANEF_Eloignement_V_Nawres/Page_ANEF_Connexion/Input_PasswordAgent' located by 'By.xpath: //*[@aria-labelledby="password-label"]|//*[@id="password"]' in '20' second(s)

14-02-2025T14:44:11 - [MESSAGE][INFO] - Checking object

14-02-2025T14:44:11 - [MESSAGE][INFO] - Checking text

14-02-2025T14:44:11 - [MESSAGE][INFO] - Finding web element from Test Object's properties

14-02-2025T14:44:11 - [MESSAGE][INFO] - Checking timeout

14-02-2025T14:44:11 - [MESSAGE][INFO] - Finding web element with id: 'Object Repository/ANEF_Eloignement_V_Nawres/Page_ANEF_Connexion/Input_PasswordAgent' located by 'By.xpath: //*[@aria-labelledby="password-label"]|//*[@id="password"]' in '100' second(s)

14-02-2025T14:44:11 - [MESSAGE][INFO] - Found 1 web elements with id: 'Object Repository/ANEF_Eloignement_V_Nawres/Page_ANEF_Connexion/Input_PasswordAgent' located by 'By.xpath: //*[@aria-labelledby="password-label"]|//*[@id="password"]' in '100' second(s)

14-02-2025T14:44:11 - [MESSAGE][INFO] - Clearing text of object 'Object Repository/ANEF_Eloignement_V_Nawres/Page_ANEF_Connexion/Input_PasswordAgent'

14-02-2025T14:44:12 - [MESSAGE][INFO] - Finding web element from Test Object's properties

14-02-2025T14:44:12 - [MESSAGE][INFO] - Checking timeout

14-02-2025T14:44:12 - [MESSAGE][INFO] - Finding web element with id: 'Object Repository/ANEF_Eloignement_V_Nawres/Page_ANEF_Connexion/Input_PasswordAgent' located by 'By.xpath: //*[@aria-labelledby="password-label"]|//*[@id="password"]' in '100' second(s)

14-02-2025T14:44:12 - [MESSAGE][INFO] - Found 1 web elements with id: 'Object Repository/ANEF_Eloignement_V_Nawres/Page_ANEF_Connexion/Input_PasswordAgent' located by 'By.xpath: //*[@aria-labelledby="password-label"]|//*[@id="password"]' in '100' second(s)

14-02-2025T14:44:12 - [MESSAGE][INFO] - Setting text of object 'Object Repository/ANEF_Eloignement_V_Nawres/Page_ANEF_Connexion/Input_PasswordAgent' to value 'Natali123456!'

14-02-2025T14:44:13 - [MESSAGE][PASSED] - Text 'Natali123456!' is set on object 'Object Repository/ANEF_Eloignement_V_Nawres/Page_ANEF_Connexion/Input_PasswordAgent'

14-02-2025T14:44:13 - [TEST_STEP][PASSED] - click(findTestObject("Object Repository/ANEF_Eloignement_V_Nawres/Page_ANEF_Connexion/btn_Valider_Conx_Agent")): Object: 'Object Repository/ANEF_Eloignement_V_Nawres/Page_ANEF_Connexion/btn_Valider_Conx_Agent' is clicked on

14-02-2025T14:44:13 - [MESSAGE][INFO] - Finding Test Object 'Object Repository/ANEF_Eloignement_V_Nawres/Page_ANEF_Connexion/btn_Valider_Conx_Agent'

14-02-2025T14:44:13 - [MESSAGE][INFO] - Checking timeout

14-02-2025T14:44:13 - [MESSAGE][INFO] - Finding web element with id: 'Object Repository/ANEF_Eloignement_V_Nawres/Page_ANEF_Connexion/btn_Valider_Conx_Agent' located by 'By.xpath: //*[@label="Valider"]|//*[@id="btn-login"]' in '20' second(s)

14-02-2025T14:44:13 - [MESSAGE][INFO] - Found 1 web elements with id: 'Object Repository/ANEF_Eloignement_V_Nawres/Page_ANEF_Connexion/btn_Valider_Conx_Agent' located by 'By.xpath: //*[@label="Valider"]|//*[@id="btn-login"]' in '20' second(s)

14-02-2025T14:44:13 - [MESSAGE][INFO] - Checking object

14-02-2025T14:44:13 - [MESSAGE][INFO] - Checking timeout

14-02-2025T14:44:13 - [MESSAGE][INFO] - Finding web element from Test Object's properties

14-02-2025T14:44:13 - [MESSAGE][INFO] - Checking timeout

14-02-2025T14:44:13 - [MESSAGE][INFO] - Finding web element with id: 'Object Repository/ANEF_Eloignement_V_Nawres/Page_ANEF_Connexion/btn_Valider_Conx_Agent' located by 'By.xpath: //*[@label="Valider"]|//*[@id="btn-login"]' in '100' second(s)

14-02-2025T14:44:13 - [MESSAGE][INFO] - Found 1 web elements with id: 'Object Repository/ANEF_Eloignement_V_Nawres/Page_ANEF_Connexion/btn_Valider_Conx_Agent' located by 'By.xpath: //*[@label="Valider"]|//*[@id="btn-login"]' in '100' second(s)

14-02-2025T14:44:13 - [MESSAGE][INFO] - Clicking on object: 'Object Repository/ANEF_Eloignement_V_Nawres/Page_ANEF_Connexion/btn_Valider_Conx_Agent'

14-02-2025T14:44:14 - [MESSAGE][PASSED] - Object: 'Object Repository/ANEF_Eloignement_V_Nawres/Page_ANEF_Connexion/btn_Valider_Conx_Agent' is clicked on

14-02-2025T14:44:14 - [TEST_STEP][PASSED] - delay(5): Delayed 5 second(s)

14-02-2025T14:44:14 - [MESSAGE][INFO] - Delaying browser in 5 second(s)

14-02-2025T14:44:19 - [MESSAGE][PASSED] - Delayed 5 second(s)

14-02-2025T14:44:19 - [TEST_STEP][PASSED] - verifyElementPresent(findTestObject("Object Repository/ANEF_Eloignement_V_Nawres/Page_Accueil_Principale/btn_ANEF_Eloignement"), 1, STOP_ON_FAILURE): Object 'Object Repository/ANEF_Eloignement_V_Nawres/Page_Accueil_Principale/btn_ANEF_Eloignement' is present

14-02-2025T14:44:19 - [MESSAGE][INFO] - Finding Test Object 'Object Repository/ANEF_Eloignement_V_Nawres/Page_Accueil_Principale/btn_ANEF_Eloignement'

14-02-2025T14:44:19 - [MESSAGE][INFO] - Checking object

14-02-2025T14:44:19 - [MESSAGE][INFO] - Finding web element from Test Object's properties

14-02-2025T14:44:19 - [MESSAGE][INFO] - Checking timeout

14-02-2025T14:44:19 - [MESSAGE][INFO] - Finding web element with id: 'Object Repository/ANEF_Eloignement_V_Nawres/Page_Accueil_Principale/btn_ANEF_Eloignement' located by 'By.xpath: //span[contains(text()," ANEF Ã©loignement ")]' in '1' second(s)

14-02-2025T14:44:19 - [MESSAGE][INFO] - Found 1 web elements with id: 'Object Repository/ANEF_Eloignement_V_Nawres/Page_Accueil_Principale/btn_ANEF_Eloignement' located by 'By.xpath: //span[contains(text()," ANEF Ã©loignement ")]' in '1' second(s)

14-02-2025T14:44:19 - [MESSAGE][PASSED] - Object 'Object Repository/ANEF_Eloignement_V_Nawres/Page_Accueil_Principale/btn_ANEF_Eloignement' is present

14-02-2025T14:44:19 - [MESSAGE][PASSED] - Call Test Case 'Test Cases/Test Reutilisable/Main/ANEF_Eloignement_V_Nawres/ANEF_Identification' successfully

14-02-2025T14:44:19 - [TEST_STEP][PASSED] - callTestCase(findTestCase("Test Cases/Test Reutilisable/Main/ANEF_Eloignement_V_Nawres/ANEF_Creation_ou_Recherche_Dossier"), ["CreationOuRecherche":CreationOuRecherche, "NumeroEtranger":NumeroEtranger], STOP_ON_FAILURE): Call Test Case 'Test Cases/Test Reutilisable/Main/ANEF_Eloignement_V_Nawres/ANEF_Creation_ou_Recherche_Dossier' successfully

14-02-2025T14:44:19 - [MESSAGE][INFO] - Checking called Test Case

14-02-2025T14:44:19 - [MESSAGE][INFO] - Starting to call Test Case 'Test Cases/Test Reutilisable/Main/ANEF_Eloignement_V_Nawres/ANEF_Creation_ou_Recherche_Dossier'

14-02-2025T14:44:20 - [TEST_CASE][PASSED] - Test Cases/Test Reutilisable/Main/ANEF_Eloignement_V_Nawres/ANEF_Creation_ou_Recherche_Dossier: Test Cases/Test Reutilisable/Main/ANEF_Eloignement_V_Nawres/ANEF_Creation_ou_Recherche_Dossier

14-02-2025T14:44:20 - [TEST_STEP][PASSED] - click(findTestObject("Object Repository/ANEF_Eloignement_V_Nawres/Page_Accueil_Principale/btn_ANEF_Eloignement")): Object: 'Object Repository/ANEF_Eloignement_V_Nawres/Page_Accueil_Principale/btn_ANEF_Eloignement' is clicked on

14-02-2025T14:44:20 - [MESSAGE][INFO] - Finding Test Object 'Object Repository/ANEF_Eloignement_V_Nawres/Page_Accueil_Principale/btn_ANEF_Eloignement'

14-02-2025T14:44:20 - [MESSAGE][INFO] - Checking timeout

14-02-2025T14:44:20 - [MESSAGE][INFO] - Finding web element with id: 'Object Repository/ANEF_Eloignement_V_Nawres/Page_Accueil_Principale/btn_ANEF_Eloignement' located by 'By.xpath: //span[contains(text()," ANEF Ã©loignement ")]' in '20' second(s)

14-02-2025T14:44:20 - [MESSAGE][INFO] - Found 1 web elements with id: 'Object Repository/ANEF_Eloignement_V_Nawres/Page_Accueil_Principale/btn_ANEF_Eloignement' located by 'By.xpath: //span[contains(text()," ANEF Ã©loignement ")]' in '20' second(s)

14-02-2025T14:44:20 - [MESSAGE][INFO] - Checking object

14-02-2025T14:44:20 - [MESSAGE][INFO] - Checking timeout

14-02-2025T14:44:20 - [MESSAGE][INFO] - Finding web element from Test Object's properties

14-02-2025T14:44:20 - [MESSAGE][INFO] - Checking timeout

14-02-2025T14:44:20 - [MESSAGE][INFO] - Finding web element with id: 'Object Repository/ANEF_Eloignement_V_Nawres/Page_Accueil_Principale/btn_ANEF_Eloignement' located by 'By.xpath: //span[contains(text()," ANEF Ã©loignement ")]' in '100' second(s)

14-02-2025T14:44:20 - [MESSAGE][INFO] - Found 1 web elements with id: 'Object Repository/ANEF_Eloignement_V_Nawres/Page_Accueil_Principale/btn_ANEF_Eloignement' located by 'By.xpath: //span[contains(text()," ANEF Ã©loignement ")]' in '100' second(s)

14-02-2025T14:44:20 - [MESSAGE][INFO] - Clicking on object: 'Object Repository/ANEF_Eloignement_V_Nawres/Page_Accueil_Principale/btn_ANEF_Eloignement'

14-02-2025T14:44:22 - [MESSAGE][PASSED] - Object: 'Object Repository/ANEF_Eloignement_V_Nawres/Page_Accueil_Principale/btn_ANEF_Eloignement' is clicked on

14-02-2025T14:44:22 - [TEST_STEP][PASSED] - verifyElementPresent(findTestObject("Object Repository/ANEF_Eloignement_V_Nawres/Page_Creation_ou_Recherche_Dossier/btn_Rechercher_Dossier"), 1, STOP_ON_FAILURE): Object 'Object Repository/ANEF_Eloignement_V_Nawres/Page_Creation_ou_Recherche_Dossier/btn_Rechercher_Dossier' is present

14-02-2025T14:44:22 - [MESSAGE][INFO] - Finding Test Object 'Object Repository/ANEF_Eloignement_V_Nawres/Page_Creation_ou_Recherche_Dossier/btn_Rechercher_Dossier'

14-02-2025T14:44:22 - [MESSAGE][INFO] - Checking object

14-02-2025T14:44:22 - [MESSAGE][INFO] - Finding web element from Test Object's properties

14-02-2025T14:44:22 - [MESSAGE][INFO] - Checking timeout

14-02-2025T14:44:22 - [MESSAGE][INFO] - Finding web element with id: 'Object Repository/ANEF_Eloignement_V_Nawres/Page_Creation_ou_Recherche_Dossier/btn_Rechercher_Dossier' located by 'By.xpath: //button[@title="Rechercher un dossier"]' in '1' second(s)

14-02-2025T14:44:22 - [MESSAGE][INFO] - Found 1 web elements with id: 'Object Repository/ANEF_Eloignement_V_Nawres/Page_Creation_ou_Recherche_Dossier/btn_Rechercher_Dossier' located by 'By.xpath: //button[@title="Rechercher un dossier"]' in '1' second(s)

14-02-2025T14:44:22 - [MESSAGE][PASSED] - Object 'Object Repository/ANEF_Eloignement_V_Nawres/Page_Creation_ou_Recherche_Dossier/btn_Rechercher_Dossier' is present

14-02-2025T14:44:22 - [TEST_STEP][PASSED] - delay(5): Delayed 5 second(s)

14-02-2025T14:44:22 - [MESSAGE][INFO] - Delaying browser in 5 second(s)

14-02-2025T14:44:27 - [MESSAGE][PASSED] - Delayed 5 second(s)

14-02-2025T14:44:27 - [TEST_STEP][PASSED] - click(findTestObject("Object Repository/ANEF_Eloignement_V_Nawres/Page_Creation_ou_Recherche_Dossier/btn_Rechercher_Dossier")): Object: 'Object Repository/ANEF_Eloignement_V_Nawres/Page_Creation_ou_Recherche_Dossier/btn_Rechercher_Dossier' is clicked on

14-02-2025T14:44:27 - [MESSAGE][INFO] - Finding Test Object 'Object Repository/ANEF_Eloignement_V_Nawres/Page_Creation_ou_Recherche_Dossier/btn_Rechercher_Dossier'

14-02-2025T14:44:27 - [MESSAGE][INFO] - Checking timeout

14-02-2025T14:44:27 - [MESSAGE][INFO] - Finding web element with id: 'Object Repository/ANEF_Eloignement_V_Nawres/Page_Creation_ou_Recherche_Dossier/btn_Rechercher_Dossier' located by 'By.xpath: //button[@title="Rechercher un dossier"]' in '20' second(s)

14-02-2025T14:44:27 - [MESSAGE][INFO] - Found 1 web elements with id: 'Object Repository/ANEF_Eloignement_V_Nawres/Page_Creation_ou_Recherche_Dossier/btn_Rechercher_Dossier' located by 'By.xpath: //button[@title="Rechercher un dossier"]' in '20' second(s)

14-02-2025T14:44:27 - [MESSAGE][INFO] - Checking object

14-02-2025T14:44:27 - [MESSAGE][INFO] - Checking timeout

14-02-2025T14:44:27 - [MESSAGE][INFO] - Finding web element from Test Object's properties

14-02-2025T14:44:27 - [MESSAGE][INFO] - Checking timeout

14-02-2025T14:44:27 - [MESSAGE][INFO] - Finding web element with id: 'Object Repository/ANEF_Eloignement_V_Nawres/Page_Creation_ou_Recherche_Dossier/btn_Rechercher_Dossier' located by 'By.xpath: //button[@title="Rechercher un dossier"]' in '100' second(s)

14-02-2025T14:44:27 - [MESSAGE][INFO] - Found 1 web elements with id: 'Object Repository/ANEF_Eloignement_V_Nawres/Page_Creation_ou_Recherche_Dossier/btn_Rechercher_Dossier' located by 'By.xpath: //button[@title="Rechercher un dossier"]' in '100' second(s)

14-02-2025T14:44:27 - [MESSAGE][INFO] - Clicking on object: 'Object Repository/ANEF_Eloignement_V_Nawres/Page_Creation_ou_Recherche_Dossier/btn_Rechercher_Dossier'

14-02-2025T14:44:29 - [MESSAGE][PASSED] - Object: 'Object Repository/ANEF_Eloignement_V_Nawres/Page_Creation_ou_Recherche_Dossier/btn_Rechercher_Dossier' is clicked on

14-02-2025T14:44:29 - [TEST_STEP][PASSED] - if (CreationOuRecherche == "Creation"): null

14-02-2025T14:44:29 - [TEST_STEP][PASSED] - if (CreationOuRecherche == "Recherche"): Object: 'Object Repository/ANEF_Eloignement_V_Nawres/Page_Creation_ou_Recherche_Dossier/btn_Choisir_Dossier_Etranger' is clicked on

14-02-2025T14:44:29 - [TEST_STEP][PASSED] - setText(findTestObject("Object Repository/ANEF_Eloignement_V_Nawres/Page_Creation_ou_Recherche_Dossier/Input_Numero_etranger"), NumeroEtranger, STOP_ON_FAILURE): Text '7503181980' is set on object 'Object Repository/ANEF_Eloignement_V_Nawres/Page_Creation_ou_Recherche_Dossier/Input_Numero_etranger'

14-02-2025T14:44:29 - [MESSAGE][INFO] - Finding Test Object 'Object Repository/ANEF_Eloignement_V_Nawres/Page_Creation_ou_Recherche_Dossier/Input_Numero_etranger'

14-02-2025T14:44:29 - [MESSAGE][INFO] - Checking timeout

14-02-2025T14:44:29 - [MESSAGE][INFO] - Finding web element with id: 'Object Repository/ANEF_Eloignement_V_Nawres/Page_Creation_ou_Recherche_Dossier/Input_Numero_etranger' located by 'By.xpath: //app-identite-declaree-search-box//div/app-dsfr-input/div/input[@id="identifiant_agdref"]|//app-search-box//div/app-dsfr-input/div/input[@id="identifiant_agdref"]' in '20' second(s)

14-02-2025T14:44:29 - [MESSAGE][INFO] - Found 1 web elements with id: 'Object Repository/ANEF_Eloignement_V_Nawres/Page_Creation_ou_Recherche_Dossier/Input_Numero_etranger' located by 'By.xpath: //app-identite-declaree-search-box//div/app-dsfr-input/div/input[@id="identifiant_agdref"]|//app-search-box//div/app-dsfr-input/div/input[@id="identifiant_agdref"]' in '20' second(s)

14-02-2025T14:44:29 - [MESSAGE][INFO] - Checking object

14-02-2025T14:44:29 - [MESSAGE][INFO] - Checking text

14-02-2025T14:44:29 - [MESSAGE][INFO] - Finding web element from Test Object's properties

14-02-2025T14:44:29 - [MESSAGE][INFO] - Checking timeout

14-02-2025T14:44:29 - [MESSAGE][INFO] - Finding web element with id: 'Object Repository/ANEF_Eloignement_V_Nawres/Page_Creation_ou_Recherche_Dossier/Input_Numero_etranger' located by 'By.xpath: //app-identite-declaree-search-box//div/app-dsfr-input/div/input[@id="identifiant_agdref"]|//app-search-box//div/app-dsfr-input/div/input[@id="identifiant_agdref"]' in '100' second(s)

14-02-2025T14:44:29 - [MESSAGE][INFO] - Found 1 web elements with id: 'Object Repository/ANEF_Eloignement_V_Nawres/Page_Creation_ou_Recherche_Dossier/Input_Numero_etranger' located by 'By.xpath: //app-identite-declaree-search-box//div/app-dsfr-input/div/input[@id="identifiant_agdref"]|//app-search-box//div/app-dsfr-input/div/input[@id="identifiant_agdref"]' in '100' second(s)

14-02-2025T14:44:29 - [MESSAGE][INFO] - Clearing text of object 'Object Repository/ANEF_Eloignement_V_Nawres/Page_Creation_ou_Recherche_Dossier/Input_Numero_etranger'

14-02-2025T14:44:30 - [MESSAGE][INFO] - Finding web element from Test Object's properties

14-02-2025T14:44:30 - [MESSAGE][INFO] - Checking timeout

14-02-2025T14:44:30 - [MESSAGE][INFO] - Finding web element with id: 'Object Repository/ANEF_Eloignement_V_Nawres/Page_Creation_ou_Recherche_Dossier/Input_Numero_etranger' located by 'By.xpath: //app-identite-declaree-search-box//div/app-dsfr-input/div/input[@id="identifiant_agdref"]|//app-search-box//div/app-dsfr-input/div/input[@id="identifiant_agdref"]' in '100' second(s)

14-02-2025T14:44:30 - [MESSAGE][INFO] - Found 1 web elements with id: 'Object Repository/ANEF_Eloignement_V_Nawres/Page_Creation_ou_Recherche_Dossier/Input_Numero_etranger' located by 'By.xpath: //app-identite-declaree-search-box//div/app-dsfr-input/div/input[@id="identifiant_agdref"]|//app-search-box//div/app-dsfr-input/div/input[@id="identifiant_agdref"]' in '100' second(s)

14-02-2025T14:44:30 - [MESSAGE][INFO] - Setting text of object 'Object Repository/ANEF_Eloignement_V_Nawres/Page_Creation_ou_Recherche_Dossier/Input_Numero_etranger' to value '7503181980'

14-02-2025T14:44:31 - [MESSAGE][PASSED] - Text '7503181980' is set on object 'Object Repository/ANEF_Eloignement_V_Nawres/Page_Creation_ou_Recherche_Dossier/Input_Numero_etranger'

14-02-2025T14:44:31 - [TEST_STEP][PASSED] - click(findTestObject("Object Repository/ANEF_Eloignement_V_Nawres/Page_Creation_ou_Recherche_Dossier/Input_Numero_etranger"), STOP_ON_FAILURE): Object: 'Object Repository/ANEF_Eloignement_V_Nawres/Page_Creation_ou_Recherche_Dossier/Input_Numero_etranger' is clicked on

14-02-2025T14:44:31 - [MESSAGE][INFO] - Finding Test Object 'Object Repository/ANEF_Eloignement_V_Nawres/Page_Creation_ou_Recherche_Dossier/Input_Numero_etranger'

14-02-2025T14:44:31 - [MESSAGE][INFO] - Checking timeout

14-02-2025T14:44:31 - [MESSAGE][INFO] - Finding web element with id: 'Object Repository/ANEF_Eloignement_V_Nawres/Page_Creation_ou_Recherche_Dossier/Input_Numero_etranger' located by 'By.xpath: //app-identite-declaree-search-box//div/app-dsfr-input/div/input[@id="identifiant_agdref"]|//app-search-box//div/app-dsfr-input/div/input[@id="identifiant_agdref"]' in '20' second(s)

14-02-2025T14:44:31 - [MESSAGE][INFO] - Found 1 web elements with id: 'Object Repository/ANEF_Eloignement_V_Nawres/Page_Creation_ou_Recherche_Dossier/Input_Numero_etranger' located by 'By.xpath: //app-identite-declaree-search-box//div/app-dsfr-input/div/input[@id="identifiant_agdref"]|//app-search-box//div/app-dsfr-input/div/input[@id="identifiant_agdref"]' in '20' second(s)

14-02-2025T14:44:31 - [MESSAGE][INFO] - Checking object

14-02-2025T14:44:31 - [MESSAGE][INFO] - Checking timeout

14-02-2025T14:44:31 - [MESSAGE][INFO] - Finding web element from Test Object's properties

14-02-2025T14:44:31 - [MESSAGE][INFO] - Checking timeout

14-02-2025T14:44:31 - [MESSAGE][INFO] - Finding web element with id: 'Object Repository/ANEF_Eloignement_V_Nawres/Page_Creation_ou_Recherche_Dossier/Input_Numero_etranger' located by 'By.xpath: //app-identite-declaree-search-box//div/app-dsfr-input/div/input[@id="identifiant_agdref"]|//app-search-box//div/app-dsfr-input/div/input[@id="identifiant_agdref"]' in '100' second(s)

14-02-2025T14:44:31 - [MESSAGE][INFO] - Found 1 web elements with id: 'Object Repository/ANEF_Eloignement_V_Nawres/Page_Creation_ou_Recherche_Dossier/Input_Numero_etranger' located by 'By.xpath: //app-identite-declaree-search-box//div/app-dsfr-input/div/input[@id="identifiant_agdref"]|//app-search-box//div/app-dsfr-input/div/input[@id="identifiant_agdref"]' in '100' second(s)

14-02-2025T14:44:31 - [MESSAGE][INFO] - Clicking on object: 'Object Repository/ANEF_Eloignement_V_Nawres/Page_Creation_ou_Recherche_Dossier/Input_Numero_etranger'

14-02-2025T14:44:32 - [MESSAGE][PASSED] - Object: 'Object Repository/ANEF_Eloignement_V_Nawres/Page_Creation_ou_Recherche_Dossier/Input_Numero_etranger' is clicked on

14-02-2025T14:44:32 - [TEST_STEP][PASSED] - scrollToElement(findTestObject("Object Repository/ANEF_Eloignement_V_Nawres/Page_Creation_ou_Recherche_Dossier/btn_Lancer_La_Recherche"), 5, STOP_ON_FAILURE): Scroll to object 'Object Repository/ANEF_Eloignement_V_Nawres/Page_Creation_ou_Recherche_Dossier/btn_Lancer_La_Recherche' successfully

14-02-2025T14:44:32 - [MESSAGE][INFO] - Finding Test Object 'Object Repository/ANEF_Eloignement_V_Nawres/Page_Creation_ou_Recherche_Dossier/btn_Lancer_La_Recherche'

14-02-2025T14:44:32 - [MESSAGE][INFO] - Checking object

14-02-2025T14:44:32 - [MESSAGE][INFO] - Checking timeout

14-02-2025T14:44:32 - [MESSAGE][INFO] - Finding web element from Test Object's properties

14-02-2025T14:44:32 - [MESSAGE][INFO] - Checking timeout

14-02-2025T14:44:32 - [MESSAGE][INFO] - Finding web element with id: 'Object Repository/ANEF_Eloignement_V_Nawres/Page_Creation_ou_Recherche_Dossier/btn_Lancer_La_Recherche' located by 'By.xpath: //button[contains(text(),"Lancer la recherche ")]' in '100' second(s)

14-02-2025T14:44:32 - [MESSAGE][INFO] - Found 1 web elements with id: 'Object Repository/ANEF_Eloignement_V_Nawres/Page_Creation_ou_Recherche_Dossier/btn_Lancer_La_Recherche' located by 'By.xpath: //button[contains(text(),"Lancer la recherche ")]' in '100' second(s)

14-02-2025T14:44:32 - [MESSAGE][INFO] - Scrolling to object 'Object Repository/ANEF_Eloignement_V_Nawres/Page_Creation_ou_Recherche_Dossier/btn_Lancer_La_Recherche'

14-02-2025T14:44:32 - [MESSAGE][PASSED] - Scroll to object 'Object Repository/ANEF_Eloignement_V_Nawres/Page_Creation_ou_Recherche_Dossier/btn_Lancer_La_Recherche' successfully

14-02-2025T14:44:32 - [TEST_STEP][PASSED] - click(findTestObject("Object Repository/ANEF_Eloignement_V_Nawres/Page_Creation_ou_Recherche_Dossier/btn_Lancer_La_Recherche"), STOP_ON_FAILURE): Object: 'Object Repository/ANEF_Eloignement_V_Nawres/Page_Creation_ou_Recherche_Dossier/btn_Lancer_La_Recherche' is clicked on

14-02-2025T14:44:32 - [MESSAGE][INFO] - Finding Test Object 'Object Repository/ANEF_Eloignement_V_Nawres/Page_Creation_ou_Recherche_Dossier/btn_Lancer_La_Recherche'

14-02-2025T14:44:32 - [MESSAGE][INFO] - Checking timeout

14-02-2025T14:44:32 - [MESSAGE][INFO] - Finding web element with id: 'Object Repository/ANEF_Eloignement_V_Nawres/Page_Creation_ou_Recherche_Dossier/btn_Lancer_La_Recherche' located by 'By.xpath: //button[contains(text(),"Lancer la recherche ")]' in '20' second(s)

14-02-2025T14:44:32 - [MESSAGE][INFO] - Found 1 web elements with id: 'Object Repository/ANEF_Eloignement_V_Nawres/Page_Creation_ou_Recherche_Dossier/btn_Lancer_La_Recherche' located by 'By.xpath: //button[contains(text(),"Lancer la recherche ")]' in '20' second(s)

14-02-2025T14:44:32 - [MESSAGE][INFO] - Checking object

14-02-2025T14:44:32 - [MESSAGE][INFO] - Checking timeout

14-02-2025T14:44:32 - [MESSAGE][INFO] - Finding web element from Test Object's properties

14-02-2025T14:44:32 - [MESSAGE][INFO] - Checking timeout

14-02-2025T14:44:32 - [MESSAGE][INFO] - Finding web element with id: 'Object Repository/ANEF_Eloignement_V_Nawres/Page_Creation_ou_Recherche_Dossier/btn_Lancer_La_Recherche' located by 'By.xpath: //button[contains(text(),"Lancer la recherche ")]' in '100' second(s)

14-02-2025T14:44:32 - [MESSAGE][INFO] - Found 1 web elements with id: 'Object Repository/ANEF_Eloignement_V_Nawres/Page_Creation_ou_Recherche_Dossier/btn_Lancer_La_Recherche' located by 'By.xpath: //button[contains(text(),"Lancer la recherche ")]' in '100' second(s)

14-02-2025T14:44:32 - [MESSAGE][INFO] - Clicking on object: 'Object Repository/ANEF_Eloignement_V_Nawres/Page_Creation_ou_Recherche_Dossier/btn_Lancer_La_Recherche'

14-02-2025T14:44:33 - [MESSAGE][PASSED] - Object: 'Object Repository/ANEF_Eloignement_V_Nawres/Page_Creation_ou_Recherche_Dossier/btn_Lancer_La_Recherche' is clicked on

14-02-2025T14:44:33 - [TEST_STEP][PASSED] - delay(5): Delayed 5 second(s)

14-02-2025T14:44:33 - [MESSAGE][INFO] - Delaying browser in 5 second(s)

14-02-2025T14:44:38 - [MESSAGE][PASSED] - Delayed 5 second(s)

14-02-2025T14:44:38 - [TEST_STEP][PASSED] - scrollToElement(findTestObject("Object Repository/ANEF_Eloignement_V_Nawres/Page_Creation_ou_Recherche_Dossier/btn_Radio_Selectionner_Dossier"), 5, STOP_ON_FAILURE): Scroll to object 'Object Repository/ANEF_Eloignement_V_Nawres/Page_Creation_ou_Recherche_Dossier/btn_Radio_Selectionner_Dossier' successfully

14-02-2025T14:44:38 - [MESSAGE][INFO] - Finding Test Object 'Object Repository/ANEF_Eloignement_V_Nawres/Page_Creation_ou_Recherche_Dossier/btn_Radio_Selectionner_Dossier'

14-02-2025T14:44:38 - [MESSAGE][INFO] - Checking object

14-02-2025T14:44:38 - [MESSAGE][INFO] - Checking timeout

14-02-2025T14:44:38 - [MESSAGE][INFO] - Finding web element from Test Object's properties

14-02-2025T14:44:38 - [MESSAGE][INFO] - Checking timeout

14-02-2025T14:44:38 - [MESSAGE][INFO] - Finding web element with id: 'Object Repository/ANEF_Eloignement_V_Nawres/Page_Creation_ou_Recherche_Dossier/btn_Radio_Selectionner_Dossier' located by 'By.xpath: //app-search-etranger/app-search-result-etranger//table/tbody/tr//label' in '100' second(s)

14-02-2025T14:44:38 - [MESSAGE][INFO] - Found 1 web elements with id: 'Object Repository/ANEF_Eloignement_V_Nawres/Page_Creation_ou_Recherche_Dossier/btn_Radio_Selectionner_Dossier' located by 'By.xpath: //app-search-etranger/app-search-result-etranger//table/tbody/tr//label' in '100' second(s)

14-02-2025T14:44:38 - [MESSAGE][INFO] - Scrolling to object 'Object Repository/ANEF_Eloignement_V_Nawres/Page_Creation_ou_Recherche_Dossier/btn_Radio_Selectionner_Dossier'

14-02-2025T14:44:38 - [MESSAGE][PASSED] - Scroll to object 'Object Repository/ANEF_Eloignement_V_Nawres/Page_Creation_ou_Recherche_Dossier/btn_Radio_Selectionner_Dossier' successfully

14-02-2025T14:44:38 - [TEST_STEP][PASSED] - click(findTestObject("Object Repository/ANEF_Eloignement_V_Nawres/Page_Creation_ou_Recherche_Dossier/btn_Radio_Selectionner_Dossier"), STOP_ON_FAILURE): Object: 'Object Repository/ANEF_Eloignement_V_Nawres/Page_Creation_ou_Recherche_Dossier/btn_Radio_Selectionner_Dossier' is clicked on

14-02-2025T14:44:38 - [MESSAGE][INFO] - Finding Test Object 'Object Repository/ANEF_Eloignement_V_Nawres/Page_Creation_ou_Recherche_Dossier/btn_Radio_Selectionner_Dossier'

14-02-2025T14:44:38 - [MESSAGE][INFO] - Checking timeout

14-02-2025T14:44:38 - [MESSAGE][INFO] - Finding web element with id: 'Object Repository/ANEF_Eloignement_V_Nawres/Page_Creation_ou_Recherche_Dossier/btn_Radio_Selectionner_Dossier' located by 'By.xpath: //app-search-etranger/app-search-result-etranger//table/tbody/tr//label' in '20' second(s)

14-02-2025T14:44:38 - [MESSAGE][INFO] - Found 1 web elements with id: 'Object Repository/ANEF_Eloignement_V_Nawres/Page_Creation_ou_Recherche_Dossier/btn_Radio_Selectionner_Dossier' located by 'By.xpath: //app-search-etranger/app-search-result-etranger//table/tbody/tr//label' in '20' second(s)

14-02-2025T14:44:38 - [MESSAGE][INFO] - Checking object

14-02-2025T14:44:38 - [MESSAGE][INFO] - Checking timeout

14-02-2025T14:44:38 - [MESSAGE][INFO] - Finding web element from Test Object's properties

14-02-2025T14:44:38 - [MESSAGE][INFO] - Checking timeout

14-02-2025T14:44:38 - [MESSAGE][INFO] - Finding web element with id: 'Object Repository/ANEF_Eloignement_V_Nawres/Page_Creation_ou_Recherche_Dossier/btn_Radio_Selectionner_Dossier' located by 'By.xpath: //app-search-etranger/app-search-result-etranger//table/tbody/tr//label' in '100' second(s)

14-02-2025T14:44:38 - [MESSAGE][INFO] - Found 1 web elements with id: 'Object Repository/ANEF_Eloignement_V_Nawres/Page_Creation_ou_Recherche_Dossier/btn_Radio_Selectionner_Dossier' located by 'By.xpath: //app-search-etranger/app-search-result-etranger//table/tbody/tr//label' in '100' second(s)

14-02-2025T14:44:38 - [MESSAGE][INFO] - Clicking on object: 'Object Repository/ANEF_Eloignement_V_Nawres/Page_Creation_ou_Recherche_Dossier/btn_Radio_Selectionner_Dossier'

14-02-2025T14:44:40 - [MESSAGE][PASSED] - Object: 'Object Repository/ANEF_Eloignement_V_Nawres/Page_Creation_ou_Recherche_Dossier/btn_Radio_Selectionner_Dossier' is clicked on

14-02-2025T14:44:40 - [TEST_STEP][PASSED] - click(findTestObject("Object Repository/ANEF_Eloignement_V_Nawres/Page_Creation_ou_Recherche_Dossier/btn_Choisir_Dossier_Etranger"), STOP_ON_FAILURE): Object: 'Object Repository/ANEF_Eloignement_V_Nawres/Page_Creation_ou_Recherche_Dossier/btn_Choisir_Dossier_Etranger' is clicked on

14-02-2025T14:44:40 - [MESSAGE][INFO] - Finding Test Object 'Object Repository/ANEF_Eloignement_V_Nawres/Page_Creation_ou_Recherche_Dossier/btn_Choisir_Dossier_Etranger'

14-02-2025T14:44:40 - [MESSAGE][INFO] - Checking timeout

14-02-2025T14:44:40 - [MESSAGE][INFO] - Finding web element with id: 'Object Repository/ANEF_Eloignement_V_Nawres/Page_Creation_ou_Recherche_Dossier/btn_Choisir_Dossier_Etranger' located by 'By.xpath: //button[contains(text(),"Choisir un dossier Ã©tranger")]' in '20' second(s)

14-02-2025T14:44:40 - [MESSAGE][INFO] - Found 1 web elements with id: 'Object Repository/ANEF_Eloignement_V_Nawres/Page_Creation_ou_Recherche_Dossier/btn_Choisir_Dossier_Etranger' located by 'By.xpath: //button[contains(text(),"Choisir un dossier Ã©tranger")]' in '20' second(s)

14-02-2025T14:44:40 - [MESSAGE][INFO] - Checking object

14-02-2025T14:44:40 - [MESSAGE][INFO] - Checking timeout

14-02-2025T14:44:40 - [MESSAGE][INFO] - Finding web element from Test Object's properties

14-02-2025T14:44:40 - [MESSAGE][INFO] - Checking timeout

14-02-2025T14:44:40 - [MESSAGE][INFO] - Finding web element with id: 'Object Repository/ANEF_Eloignement_V_Nawres/Page_Creation_ou_Recherche_Dossier/btn_Choisir_Dossier_Etranger' located by 'By.xpath: //button[contains(text(),"Choisir un dossier Ã©tranger")]' in '100' second(s)

14-02-2025T14:44:40 - [MESSAGE][INFO] - Found 1 web elements with id: 'Object Repository/ANEF_Eloignement_V_Nawres/Page_Creation_ou_Recherche_Dossier/btn_Choisir_Dossier_Etranger' located by 'By.xpath: //button[contains(text(),"Choisir un dossier Ã©tranger")]' in '100' second(s)

14-02-2025T14:44:40 - [MESSAGE][INFO] - Clicking on object: 'Object Repository/ANEF_Eloignement_V_Nawres/Page_Creation_ou_Recherche_Dossier/btn_Choisir_Dossier_Etranger'

14-02-2025T14:44:41 - [MESSAGE][PASSED] - Object: 'Object Repository/ANEF_Eloignement_V_Nawres/Page_Creation_ou_Recherche_Dossier/btn_Choisir_Dossier_Etranger' is clicked on

14-02-2025T14:44:41 - [MESSAGE][PASSED] - Call Test Case 'Test Cases/Test Reutilisable/Main/ANEF_Eloignement_V_Nawres/ANEF_Creation_ou_Recherche_Dossier' successfully

14-02-2025T14:44:41 - [TEST_STEP][PASSED] - if (CreationOuRecherche == "Creation"): null

14-02-2025T14:44:41 - [TEST_STEP][PASSED] - println(NumeroEtranger): null

14-02-2025T14:44:41 - [TEST_STEP][PASSED] - callTestCase(findTestCase("Test Cases/Test Reutilisable/Main/ANEF_Eloignement_V_Nawres/ANEF_Prendre_Mesure"), ["Mesure":Mesure, "FondementLegal":FondementLegal, "NatureDeLacteExpulsion":NatureDeLacteExpulsion, "NatureDeLacteExpulsion":NatureDeLacteExpulsion, ... ], STOP_ON_FAILURE): Call Test Case 'Test Cases/Test Reutilisable/Main/ANEF_Eloignement_V_Nawres/ANEF_Prendre_Mesure' successfully

14-02-2025T14:44:41 - [MESSAGE][INFO] - Checking called Test Case

14-02-2025T14:44:41 - [MESSAGE][INFO] - Starting to call Test Case 'Test Cases/Test Reutilisable/Main/ANEF_Eloignement_V_Nawres/ANEF_Prendre_Mesure'

14-02-2025T14:44:41 - [TEST_CASE][PASSED] - Test Cases/Test Reutilisable/Main/ANEF_Eloignement_V_Nawres/ANEF_Prendre_Mesure: Test Cases/Test Reutilisable/Main/ANEF_Eloignement_V_Nawres/ANEF_Prendre_Mesure

14-02-2025T14:44:41 - [TEST_STEP][PASSED] - click(findTestObject("Object Repository/ANEF_Eloignement_V_Nawres/Page_Prendre_Mesure/btn_Prendre_Mesure"), STOP_ON_FAILURE): Object: 'Object Repository/ANEF_Eloignement_V_Nawres/Page_Prendre_Mesure/btn_Prendre_Mesure' is clicked on

14-02-2025T14:44:41 - [MESSAGE][INFO] - Finding Test Object 'Object Repository/ANEF_Eloignement_V_Nawres/Page_Prendre_Mesure/btn_Prendre_Mesure'

14-02-2025T14:44:41 - [MESSAGE][INFO] - Checking timeout

14-02-2025T14:44:41 - [MESSAGE][INFO] - Finding web element with id: 'Object Repository/ANEF_Eloignement_V_Nawres/Page_Prendre_Mesure/btn_Prendre_Mesure' located by 'By.xpath: //button[@title="Prendre une Mesure"]' in '20' second(s)

14-02-2025T14:44:41 - [MESSAGE][INFO] - Found 1 web elements with id: 'Object Repository/ANEF_Eloignement_V_Nawres/Page_Prendre_Mesure/btn_Prendre_Mesure' located by 'By.xpath: //button[@title="Prendre une Mesure"]' in '20' second(s)

14-02-2025T14:44:41 - [MESSAGE][INFO] - Checking object

14-02-2025T14:44:41 - [MESSAGE][INFO] - Checking timeout

14-02-2025T14:44:41 - [MESSAGE][INFO] - Finding web element from Test Object's properties

14-02-2025T14:44:41 - [MESSAGE][INFO] - Checking timeout

14-02-2025T14:44:41 - [MESSAGE][INFO] - Finding web element with id: 'Object Repository/ANEF_Eloignement_V_Nawres/Page_Prendre_Mesure/btn_Prendre_Mesure' located by 'By.xpath: //button[@title="Prendre une Mesure"]' in '100' second(s)

14-02-2025T14:44:41 - [MESSAGE][INFO] - Found 1 web elements with id: 'Object Repository/ANEF_Eloignement_V_Nawres/Page_Prendre_Mesure/btn_Prendre_Mesure' located by 'By.xpath: //button[@title="Prendre une Mesure"]' in '100' second(s)

14-02-2025T14:44:41 - [MESSAGE][INFO] - Clicking on object: 'Object Repository/ANEF_Eloignement_V_Nawres/Page_Prendre_Mesure/btn_Prendre_Mesure'

14-02-2025T14:44:43 - [MESSAGE][PASSED] - Object: 'Object Repository/ANEF_Eloignement_V_Nawres/Page_Prendre_Mesure/btn_Prendre_Mesure' is clicked on

14-02-2025T14:44:43 - [TEST_STEP][PASSED] - delay(5): Delayed 5 second(s)

14-02-2025T14:44:43 - [MESSAGE][INFO] - Delaying browser in 5 second(s)

14-02-2025T14:44:48 - [MESSAGE][PASSED] - Delayed 5 second(s)

14-02-2025T14:44:48 - [TEST_STEP][PASSED] - switch (Mesure): null

14-02-2025T14:44:48 - [TEST_STEP][PASSED] - case "ITF":: null

14-02-2025T14:44:48 - [TEST_STEP][PASSED] - selectOptionByLabel(findTestObject("Object Repository/ANEF_Eloignement_V_Nawres/Page_Prendre_Mesure/select_Type_Mesure"), "ITF", false, STOP_ON_FAILURE): All options with label 'ITF' are selected in object 'Object Repository/ANEF_Eloignement_V_Nawres/Page_Prendre_Mesure/select_Type_Mesure' 

14-02-2025T14:44:48 - [MESSAGE][INFO] - Finding Test Object 'Object Repository/ANEF_Eloignement_V_Nawres/Page_Prendre_Mesure/select_Type_Mesure'

14-02-2025T14:44:48 - [MESSAGE][INFO] - Checking timeout

14-02-2025T14:44:48 - [MESSAGE][INFO] - Finding web element with id: 'Object Repository/ANEF_Eloignement_V_Nawres/Page_Prendre_Mesure/select_Type_Mesure' located by 'By.xpath: //select[@id="typeMesure"]' in '20' second(s)

14-02-2025T14:44:48 - [MESSAGE][INFO] - Found 1 web elements with id: 'Object Repository/ANEF_Eloignement_V_Nawres/Page_Prendre_Mesure/select_Type_Mesure' located by 'By.xpath: //select[@id="typeMesure"]' in '20' second(s)

14-02-2025T14:44:48 - [MESSAGE][INFO] - Checking object

14-02-2025T14:44:48 - [MESSAGE][INFO] - Checking label parameter

14-02-2025T14:44:48 - [MESSAGE][INFO] - Finding web element from Test Object's properties

14-02-2025T14:44:48 - [MESSAGE][INFO] - Checking timeout

14-02-2025T14:44:48 - [MESSAGE][INFO] - Finding web element with id: 'Object Repository/ANEF_Eloignement_V_Nawres/Page_Prendre_Mesure/select_Type_Mesure' located by 'By.xpath: //select[@id="typeMesure"]' in '100' second(s)

14-02-2025T14:44:48 - [MESSAGE][INFO] - Found 1 web elements with id: 'Object Repository/ANEF_Eloignement_V_Nawres/Page_Prendre_Mesure/select_Type_Mesure' located by 'By.xpath: //select[@id="typeMesure"]' in '100' second(s)

14-02-2025T14:44:48 - [MESSAGE][INFO] - Selecting options on object 'Object Repository/ANEF_Eloignement_V_Nawres/Page_Prendre_Mesure/select_Type_Mesure' with label 'ITF' 

14-02-2025T14:44:49 - [MESSAGE][PASSED] - All options with label 'ITF' are selected in object 'Object Repository/ANEF_Eloignement_V_Nawres/Page_Prendre_Mesure/select_Type_Mesure' 

14-02-2025T14:44:49 - [TEST_STEP][PASSED] - click(findTestObject("Object Repository/ANEF_Eloignement_V_Nawres/Page_Prendre_Mesure/btn_Confirmer_Mesure"), STOP_ON_FAILURE): Object: 'Object Repository/ANEF_Eloignement_V_Nawres/Page_Prendre_Mesure/btn_Confirmer_Mesure' is clicked on

14-02-2025T14:44:49 - [MESSAGE][INFO] - Finding Test Object 'Object Repository/ANEF_Eloignement_V_Nawres/Page_Prendre_Mesure/btn_Confirmer_Mesure'

14-02-2025T14:44:49 - [MESSAGE][INFO] - Checking timeout

14-02-2025T14:44:49 - [MESSAGE][INFO] - Finding web element with id: 'Object Repository/ANEF_Eloignement_V_Nawres/Page_Prendre_Mesure/btn_Confirmer_Mesure' located by 'By.xpath: //button[@id="btn-confirme-decision"]' in '20' second(s)

14-02-2025T14:44:49 - [MESSAGE][INFO] - Found 1 web elements with id: 'Object Repository/ANEF_Eloignement_V_Nawres/Page_Prendre_Mesure/btn_Confirmer_Mesure' located by 'By.xpath: //button[@id="btn-confirme-decision"]' in '20' second(s)

14-02-2025T14:44:49 - [MESSAGE][INFO] - Checking object

14-02-2025T14:44:49 - [MESSAGE][INFO] - Checking timeout

14-02-2025T14:44:49 - [MESSAGE][INFO] - Finding web element from Test Object's properties

14-02-2025T14:44:49 - [MESSAGE][INFO] - Checking timeout

14-02-2025T14:44:49 - [MESSAGE][INFO] - Finding web element with id: 'Object Repository/ANEF_Eloignement_V_Nawres/Page_Prendre_Mesure/btn_Confirmer_Mesure' located by 'By.xpath: //button[@id="btn-confirme-decision"]' in '100' second(s)

14-02-2025T14:44:49 - [MESSAGE][INFO] - Found 1 web elements with id: 'Object Repository/ANEF_Eloignement_V_Nawres/Page_Prendre_Mesure/btn_Confirmer_Mesure' located by 'By.xpath: //button[@id="btn-confirme-decision"]' in '100' second(s)

14-02-2025T14:44:49 - [MESSAGE][INFO] - Clicking on object: 'Object Repository/ANEF_Eloignement_V_Nawres/Page_Prendre_Mesure/btn_Confirmer_Mesure'

14-02-2025T14:44:50 - [MESSAGE][PASSED] - Object: 'Object Repository/ANEF_Eloignement_V_Nawres/Page_Prendre_Mesure/btn_Confirmer_Mesure' is clicked on

14-02-2025T14:44:50 - [TEST_STEP][PASSED] - verifyElementPresent(findTestObject("Object Repository/ANEF_Eloignement_V_Nawres/Page_Prendre_Mesure/btn_Supprimer_Fiche_Mesure"), 2, STOP_ON_FAILURE): Object 'Object Repository/ANEF_Eloignement_V_Nawres/Page_Prendre_Mesure/btn_Supprimer_Fiche_Mesure' is present

14-02-2025T14:44:50 - [MESSAGE][INFO] - Finding Test Object 'Object Repository/ANEF_Eloignement_V_Nawres/Page_Prendre_Mesure/btn_Supprimer_Fiche_Mesure'

14-02-2025T14:44:50 - [MESSAGE][INFO] - Checking object

14-02-2025T14:44:50 - [MESSAGE][INFO] - Finding web element from Test Object's properties

14-02-2025T14:44:50 - [MESSAGE][INFO] - Checking timeout

14-02-2025T14:44:50 - [MESSAGE][INFO] - Finding web element with id: 'Object Repository/ANEF_Eloignement_V_Nawres/Page_Prendre_Mesure/btn_Supprimer_Fiche_Mesure' located by 'By.xpath: //button[@title="Supprimer une Mesure"]' in '2' second(s)

14-02-2025T14:44:51 - [MESSAGE][INFO] - Found 1 web elements with id: 'Object Repository/ANEF_Eloignement_V_Nawres/Page_Prendre_Mesure/btn_Supprimer_Fiche_Mesure' located by 'By.xpath: //button[@title="Supprimer une Mesure"]' in '2' second(s)

14-02-2025T14:44:51 - [MESSAGE][PASSED] - Object 'Object Repository/ANEF_Eloignement_V_Nawres/Page_Prendre_Mesure/btn_Supprimer_Fiche_Mesure' is present

14-02-2025T14:44:51 - [TEST_STEP][PASSED] - break: null

14-02-2025T14:44:51 - [TEST_STEP][PASSED] - callTestCase(findTestCase("Test Cases/Test Reutilisable/Main/ANEF_Eloignement_V_Nawres/ANEF_Prendre_Mesure_Formulaire"), ["Mesure":Mesure, "FondementLegal":FondementLegal, "NatureDeLacteExpulsion":NatureDeLacteExpulsion, "UrgenceAbsolueExpulsion":UrgenceAbsolueExpulsion, ... ], STOP_ON_FAILURE): Call Test Case 'Test Cases/Test Reutilisable/Main/ANEF_Eloignement_V_Nawres/ANEF_Prendre_Mesure_Formulaire' successfully

14-02-2025T14:44:51 - [MESSAGE][INFO] - Checking called Test Case

14-02-2025T14:44:51 - [MESSAGE][INFO] - Starting to call Test Case 'Test Cases/Test Reutilisable/Main/ANEF_Eloignement_V_Nawres/ANEF_Prendre_Mesure_Formulaire'

14-02-2025T14:44:51 - [TEST_CASE][PASSED] - Test Cases/Test Reutilisable/Main/ANEF_Eloignement_V_Nawres/ANEF_Prendre_Mesure_Formulaire: Test Cases/Test Reutilisable/Main/ANEF_Eloignement_V_Nawres/ANEF_Prendre_Mesure_Formulaire

14-02-2025T14:44:51 - [TEST_STEP][PASSED] - calendar = Calendar.getInstance(): null

14-02-2025T14:44:51 - [TEST_STEP][PASSED] - currentDate = calendar.getTime(): null

14-02-2025T14:44:51 - [TEST_STEP][PASSED] - sdf = new java.text.SimpleDateFormat(dd/MM/yyyy): null

14-02-2025T14:44:51 - [TEST_STEP][PASSED] - formattedDate = sdf.format(currentDate): null

14-02-2025T14:44:51 - [TEST_STEP][PASSED] - DateActuelle = formattedDate.toString(): null

14-02-2025T14:44:51 - [TEST_STEP][PASSED] - println(DateActuelle): null

14-02-2025T14:44:51 - [TEST_STEP][PASSED] - if (Mesure != "ITF"): null

14-02-2025T14:44:51 - [TEST_STEP][PASSED] - if (Mesure == "ITF"): Object: 'Object Repository/ANEF_Eloignement_V_Nawres/Page_Prendre_Mesure_Formulaire/btn_Confirmer_Enregistrement_Mesure' is clicked on

14-02-2025T14:44:51 - [TEST_STEP][PASSED] - if (NaturePeineITF == "Complementaire"): null

14-02-2025T14:44:51 - [TEST_STEP][PASSED] - click(findTestObject("Object Repository/ANEF_Eloignement_V_Nawres/Page_Prendre_Mesure_Formulaire/btn_Nature_Peine_Complementaire"), STOP_ON_FAILURE): Object: 'Object Repository/ANEF_Eloignement_V_Nawres/Page_Prendre_Mesure_Formulaire/btn_Nature_Peine_Complementaire' is clicked on

14-02-2025T14:44:51 - [MESSAGE][INFO] - Finding Test Object 'Object Repository/ANEF_Eloignement_V_Nawres/Page_Prendre_Mesure_Formulaire/btn_Nature_Peine_Complementaire'

14-02-2025T14:44:51 - [MESSAGE][INFO] - Checking timeout

14-02-2025T14:44:51 - [MESSAGE][INFO] - Finding web element with id: 'Object Repository/ANEF_Eloignement_V_Nawres/Page_Prendre_Mesure_Formulaire/btn_Nature_Peine_Complementaire' located by 'By.xpath: //label[contains(text(),"titre complÃ©mentaire")]' in '20' second(s)

14-02-2025T14:44:51 - [MESSAGE][INFO] - Found 1 web elements with id: 'Object Repository/ANEF_Eloignement_V_Nawres/Page_Prendre_Mesure_Formulaire/btn_Nature_Peine_Complementaire' located by 'By.xpath: //label[contains(text(),"titre complÃ©mentaire")]' in '20' second(s)

14-02-2025T14:44:51 - [MESSAGE][INFO] - Checking object

14-02-2025T14:44:51 - [MESSAGE][INFO] - Checking timeout

14-02-2025T14:44:51 - [MESSAGE][INFO] - Finding web element from Test Object's properties

14-02-2025T14:44:51 - [MESSAGE][INFO] - Checking timeout

14-02-2025T14:44:51 - [MESSAGE][INFO] - Finding web element with id: 'Object Repository/ANEF_Eloignement_V_Nawres/Page_Prendre_Mesure_Formulaire/btn_Nature_Peine_Complementaire' located by 'By.xpath: //label[contains(text(),"titre complÃ©mentaire")]' in '100' second(s)

14-02-2025T14:44:51 - [MESSAGE][INFO] - Found 1 web elements with id: 'Object Repository/ANEF_Eloignement_V_Nawres/Page_Prendre_Mesure_Formulaire/btn_Nature_Peine_Complementaire' located by 'By.xpath: //label[contains(text(),"titre complÃ©mentaire")]' in '100' second(s)

14-02-2025T14:44:51 - [MESSAGE][INFO] - Clicking on object: 'Object Repository/ANEF_Eloignement_V_Nawres/Page_Prendre_Mesure_Formulaire/btn_Nature_Peine_Complementaire'

14-02-2025T14:44:52 - [MESSAGE][PASSED] - Object: 'Object Repository/ANEF_Eloignement_V_Nawres/Page_Prendre_Mesure_Formulaire/btn_Nature_Peine_Complementaire' is clicked on

14-02-2025T14:44:52 - [TEST_STEP][PASSED] - if (TypeEmprisonnement == "Ferme"): Object: 'Object Repository/ANEF_Eloignement_V_Nawres/Page_Prendre_Mesure_Formulaire/btn_Type_Emprisonnement_Ferme' is clicked on

14-02-2025T14:44:52 - [TEST_STEP][PASSED] - click(findTestObject("Object Repository/ANEF_Eloignement_V_Nawres/Page_Prendre_Mesure_Formulaire/btn_Type_Emprisonnement_Ferme"), STOP_ON_FAILURE): Object: 'Object Repository/ANEF_Eloignement_V_Nawres/Page_Prendre_Mesure_Formulaire/btn_Type_Emprisonnement_Ferme' is clicked on

14-02-2025T14:44:52 - [MESSAGE][INFO] - Finding Test Object 'Object Repository/ANEF_Eloignement_V_Nawres/Page_Prendre_Mesure_Formulaire/btn_Type_Emprisonnement_Ferme'

14-02-2025T14:44:52 - [MESSAGE][INFO] - Checking timeout

14-02-2025T14:44:52 - [MESSAGE][INFO] - Finding web element with id: 'Object Repository/ANEF_Eloignement_V_Nawres/Page_Prendre_Mesure_Formulaire/btn_Type_Emprisonnement_Ferme' located by 'By.xpath: //label[contains(text()," Ferme")]' in '20' second(s)

14-02-2025T14:44:52 - [MESSAGE][INFO] - Found 1 web elements with id: 'Object Repository/ANEF_Eloignement_V_Nawres/Page_Prendre_Mesure_Formulaire/btn_Type_Emprisonnement_Ferme' located by 'By.xpath: //label[contains(text()," Ferme")]' in '20' second(s)

14-02-2025T14:44:52 - [MESSAGE][INFO] - Checking object

14-02-2025T14:44:52 - [MESSAGE][INFO] - Checking timeout

14-02-2025T14:44:52 - [MESSAGE][INFO] - Finding web element from Test Object's properties

14-02-2025T14:44:52 - [MESSAGE][INFO] - Checking timeout

14-02-2025T14:44:52 - [MESSAGE][INFO] - Finding web element with id: 'Object Repository/ANEF_Eloignement_V_Nawres/Page_Prendre_Mesure_Formulaire/btn_Type_Emprisonnement_Ferme' located by 'By.xpath: //label[contains(text()," Ferme")]' in '100' second(s)

14-02-2025T14:44:52 - [MESSAGE][INFO] - Found 1 web elements with id: 'Object Repository/ANEF_Eloignement_V_Nawres/Page_Prendre_Mesure_Formulaire/btn_Type_Emprisonnement_Ferme' located by 'By.xpath: //label[contains(text()," Ferme")]' in '100' second(s)

14-02-2025T14:44:52 - [MESSAGE][INFO] - Clicking on object: 'Object Repository/ANEF_Eloignement_V_Nawres/Page_Prendre_Mesure_Formulaire/btn_Type_Emprisonnement_Ferme'

14-02-2025T14:44:54 - [MESSAGE][PASSED] - Object: 'Object Repository/ANEF_Eloignement_V_Nawres/Page_Prendre_Mesure_Formulaire/btn_Type_Emprisonnement_Ferme' is clicked on

14-02-2025T14:44:54 - [TEST_STEP][PASSED] - if (TypeEmprisonnement == "Sursis"): null

14-02-2025T14:44:54 - [TEST_STEP][PASSED] - if (NaturePeineITF == "Principale"): null

14-02-2025T14:44:54 - [TEST_STEP][PASSED] - if (DureeITF == "Temporaire"): Text '7' is set on object 'Object Repository/ANEF_Eloignement_V_Nawres/Page_Prendre_Mesure_Formulaire/input_Duree_ITF__Temporaire_Annee'

14-02-2025T14:44:54 - [TEST_STEP][PASSED] - click(findTestObject("Object Repository/ANEF_Eloignement_V_Nawres/Page_Prendre_Mesure_Formulaire/btn_Duree_ITF_Temporaire"), STOP_ON_FAILURE): Object: 'Object Repository/ANEF_Eloignement_V_Nawres/Page_Prendre_Mesure_Formulaire/btn_Duree_ITF_Temporaire' is clicked on

14-02-2025T14:44:54 - [MESSAGE][INFO] - Finding Test Object 'Object Repository/ANEF_Eloignement_V_Nawres/Page_Prendre_Mesure_Formulaire/btn_Duree_ITF_Temporaire'

14-02-2025T14:44:54 - [MESSAGE][INFO] - Checking timeout

14-02-2025T14:44:54 - [MESSAGE][INFO] - Finding web element with id: 'Object Repository/ANEF_Eloignement_V_Nawres/Page_Prendre_Mesure_Formulaire/btn_Duree_ITF_Temporaire' located by 'By.xpath: //label[contains(text(),"Temporaire")]' in '20' second(s)

14-02-2025T14:44:54 - [MESSAGE][INFO] - Found 1 web elements with id: 'Object Repository/ANEF_Eloignement_V_Nawres/Page_Prendre_Mesure_Formulaire/btn_Duree_ITF_Temporaire' located by 'By.xpath: //label[contains(text(),"Temporaire")]' in '20' second(s)

14-02-2025T14:44:54 - [MESSAGE][INFO] - Checking object

14-02-2025T14:44:54 - [MESSAGE][INFO] - Checking timeout

14-02-2025T14:44:54 - [MESSAGE][INFO] - Finding web element from Test Object's properties

14-02-2025T14:44:54 - [MESSAGE][INFO] - Checking timeout

14-02-2025T14:44:54 - [MESSAGE][INFO] - Finding web element with id: 'Object Repository/ANEF_Eloignement_V_Nawres/Page_Prendre_Mesure_Formulaire/btn_Duree_ITF_Temporaire' located by 'By.xpath: //label[contains(text(),"Temporaire")]' in '100' second(s)

14-02-2025T14:44:54 - [MESSAGE][INFO] - Found 1 web elements with id: 'Object Repository/ANEF_Eloignement_V_Nawres/Page_Prendre_Mesure_Formulaire/btn_Duree_ITF_Temporaire' located by 'By.xpath: //label[contains(text(),"Temporaire")]' in '100' second(s)

14-02-2025T14:44:54 - [MESSAGE][INFO] - Clicking on object: 'Object Repository/ANEF_Eloignement_V_Nawres/Page_Prendre_Mesure_Formulaire/btn_Duree_ITF_Temporaire'

14-02-2025T14:44:55 - [MESSAGE][PASSED] - Object: 'Object Repository/ANEF_Eloignement_V_Nawres/Page_Prendre_Mesure_Formulaire/btn_Duree_ITF_Temporaire' is clicked on

14-02-2025T14:44:55 - [TEST_STEP][PASSED] - waitForElementPresent(findTestObject("Object Repository/ANEF_Eloignement_V_Nawres/Page_Prendre_Mesure_Formulaire/input_Duree_ITF__Temporaire_Mois"), 40): Object 'Object Repository/ANEF_Eloignement_V_Nawres/Page_Prendre_Mesure_Formulaire/input_Duree_ITF__Temporaire_Mois' is present

14-02-2025T14:44:55 - [MESSAGE][INFO] - Finding Test Object 'Object Repository/ANEF_Eloignement_V_Nawres/Page_Prendre_Mesure_Formulaire/input_Duree_ITF__Temporaire_Mois'

14-02-2025T14:44:55 - [MESSAGE][INFO] - Checking object

14-02-2025T14:44:55 - [MESSAGE][INFO] - Finding web element from Test Object's properties

14-02-2025T14:44:55 - [MESSAGE][INFO] - Checking timeout

14-02-2025T14:44:55 - [MESSAGE][INFO] - Finding web element with id: 'Object Repository/ANEF_Eloignement_V_Nawres/Page_Prendre_Mesure_Formulaire/input_Duree_ITF__Temporaire_Mois' located by 'By.xpath: //input[@id="nbr_mois"]' in '40' second(s)

14-02-2025T14:44:55 - [MESSAGE][INFO] - Found 1 web elements with id: 'Object Repository/ANEF_Eloignement_V_Nawres/Page_Prendre_Mesure_Formulaire/input_Duree_ITF__Temporaire_Mois' located by 'By.xpath: //input[@id="nbr_mois"]' in '40' second(s)

14-02-2025T14:44:55 - [MESSAGE][PASSED] - Object 'Object Repository/ANEF_Eloignement_V_Nawres/Page_Prendre_Mesure_Formulaire/input_Duree_ITF__Temporaire_Mois' is present

14-02-2025T14:44:55 - [TEST_STEP][PASSED] - setText(findTestObject("Object Repository/ANEF_Eloignement_V_Nawres/Page_Prendre_Mesure_Formulaire/input_Duree_ITF__Temporaire_Mois"), "14", STOP_ON_FAILURE): Text '14' is set on object 'Object Repository/ANEF_Eloignement_V_Nawres/Page_Prendre_Mesure_Formulaire/input_Duree_ITF__Temporaire_Mois'

14-02-2025T14:44:55 - [MESSAGE][INFO] - Finding Test Object 'Object Repository/ANEF_Eloignement_V_Nawres/Page_Prendre_Mesure_Formulaire/input_Duree_ITF__Temporaire_Mois'

14-02-2025T14:44:55 - [MESSAGE][INFO] - Checking timeout

14-02-2025T14:44:55 - [MESSAGE][INFO] - Finding web element with id: 'Object Repository/ANEF_Eloignement_V_Nawres/Page_Prendre_Mesure_Formulaire/input_Duree_ITF__Temporaire_Mois' located by 'By.xpath: //input[@id="nbr_mois"]' in '20' second(s)

14-02-2025T14:44:55 - [MESSAGE][INFO] - Found 1 web elements with id: 'Object Repository/ANEF_Eloignement_V_Nawres/Page_Prendre_Mesure_Formulaire/input_Duree_ITF__Temporaire_Mois' located by 'By.xpath: //input[@id="nbr_mois"]' in '20' second(s)

14-02-2025T14:44:55 - [MESSAGE][INFO] - Checking object

14-02-2025T14:44:55 - [MESSAGE][INFO] - Checking text

14-02-2025T14:44:55 - [MESSAGE][INFO] - Finding web element from Test Object's properties

14-02-2025T14:44:55 - [MESSAGE][INFO] - Checking timeout

14-02-2025T14:44:55 - [MESSAGE][INFO] - Finding web element with id: 'Object Repository/ANEF_Eloignement_V_Nawres/Page_Prendre_Mesure_Formulaire/input_Duree_ITF__Temporaire_Mois' located by 'By.xpath: //input[@id="nbr_mois"]' in '100' second(s)

14-02-2025T14:44:55 - [MESSAGE][INFO] - Found 1 web elements with id: 'Object Repository/ANEF_Eloignement_V_Nawres/Page_Prendre_Mesure_Formulaire/input_Duree_ITF__Temporaire_Mois' located by 'By.xpath: //input[@id="nbr_mois"]' in '100' second(s)

14-02-2025T14:44:55 - [MESSAGE][INFO] - Clearing text of object 'Object Repository/ANEF_Eloignement_V_Nawres/Page_Prendre_Mesure_Formulaire/input_Duree_ITF__Temporaire_Mois'

14-02-2025T14:44:56 - [MESSAGE][INFO] - Finding web element from Test Object's properties

14-02-2025T14:44:56 - [MESSAGE][INFO] - Checking timeout

14-02-2025T14:44:56 - [MESSAGE][INFO] - Finding web element with id: 'Object Repository/ANEF_Eloignement_V_Nawres/Page_Prendre_Mesure_Formulaire/input_Duree_ITF__Temporaire_Mois' located by 'By.xpath: //input[@id="nbr_mois"]' in '100' second(s)

14-02-2025T14:44:56 - [MESSAGE][INFO] - Found 1 web elements with id: 'Object Repository/ANEF_Eloignement_V_Nawres/Page_Prendre_Mesure_Formulaire/input_Duree_ITF__Temporaire_Mois' located by 'By.xpath: //input[@id="nbr_mois"]' in '100' second(s)

14-02-2025T14:44:56 - [MESSAGE][INFO] - Setting text of object 'Object Repository/ANEF_Eloignement_V_Nawres/Page_Prendre_Mesure_Formulaire/input_Duree_ITF__Temporaire_Mois' to value '14'

14-02-2025T14:44:57 - [MESSAGE][PASSED] - Text '14' is set on object 'Object Repository/ANEF_Eloignement_V_Nawres/Page_Prendre_Mesure_Formulaire/input_Duree_ITF__Temporaire_Mois'

14-02-2025T14:44:57 - [TEST_STEP][PASSED] - verifyElementText(findTestObject("Object Repository/ANEF_Eloignement_V_Nawres/Page_Prendre_Mesure_Formulaire/p_Message_Erreur_Duree_ITF_Mois"), "Le Mois est invalide", STOP_ON_FAILURE): Actual text and expected text of test object 'Object Repository/ANEF_Eloignement_V_Nawres/Page_Prendre_Mesure_Formulaire/p_Message_Erreur_Duree_ITF_Mois' are matched.

14-02-2025T14:44:57 - [MESSAGE][INFO] - Finding Test Object 'Object Repository/ANEF_Eloignement_V_Nawres/Page_Prendre_Mesure_Formulaire/p_Message_Erreur_Duree_ITF_Mois'

14-02-2025T14:44:57 - [MESSAGE][INFO] - Checking object

14-02-2025T14:44:57 - [MESSAGE][INFO] - Finding web element from Test Object's properties

14-02-2025T14:44:57 - [MESSAGE][INFO] - Checking timeout

14-02-2025T14:44:57 - [MESSAGE][INFO] - Finding web element with id: 'Object Repository/ANEF_Eloignement_V_Nawres/Page_Prendre_Mesure_Formulaire/p_Message_Erreur_Duree_ITF_Mois' located by 'By.xpath: //app-accordeon-mesure-judiciaire/section/div/form/div/div[1]/div/fieldset/div[1]/p' in '100' second(s)

14-02-2025T14:44:57 - [MESSAGE][INFO] - Found 1 web elements with id: 'Object Repository/ANEF_Eloignement_V_Nawres/Page_Prendre_Mesure_Formulaire/p_Message_Erreur_Duree_ITF_Mois' located by 'By.xpath: //app-accordeon-mesure-judiciaire/section/div/form/div/div[1]/div/fieldset/div[1]/p' in '100' second(s)

14-02-2025T14:44:57 - [MESSAGE][PASSED] - Actual text and expected text of test object 'Object Repository/ANEF_Eloignement_V_Nawres/Page_Prendre_Mesure_Formulaire/p_Message_Erreur_Duree_ITF_Mois' are matched.

14-02-2025T14:44:57 - [TEST_STEP][PASSED] - setText(findTestObject("Object Repository/ANEF_Eloignement_V_Nawres/Page_Prendre_Mesure_Formulaire/input_Duree_ITF__Temporaire_Mois"), "10", STOP_ON_FAILURE): Text '10' is set on object 'Object Repository/ANEF_Eloignement_V_Nawres/Page_Prendre_Mesure_Formulaire/input_Duree_ITF__Temporaire_Mois'

14-02-2025T14:44:57 - [MESSAGE][INFO] - Finding Test Object 'Object Repository/ANEF_Eloignement_V_Nawres/Page_Prendre_Mesure_Formulaire/input_Duree_ITF__Temporaire_Mois'

14-02-2025T14:44:57 - [MESSAGE][INFO] - Checking timeout

14-02-2025T14:44:57 - [MESSAGE][INFO] - Finding web element with id: 'Object Repository/ANEF_Eloignement_V_Nawres/Page_Prendre_Mesure_Formulaire/input_Duree_ITF__Temporaire_Mois' located by 'By.xpath: //input[@id="nbr_mois"]' in '20' second(s)

14-02-2025T14:44:57 - [MESSAGE][INFO] - Found 1 web elements with id: 'Object Repository/ANEF_Eloignement_V_Nawres/Page_Prendre_Mesure_Formulaire/input_Duree_ITF__Temporaire_Mois' located by 'By.xpath: //input[@id="nbr_mois"]' in '20' second(s)

14-02-2025T14:44:57 - [MESSAGE][INFO] - Checking object

14-02-2025T14:44:57 - [MESSAGE][INFO] - Checking text

14-02-2025T14:44:57 - [MESSAGE][INFO] - Finding web element from Test Object's properties

14-02-2025T14:44:57 - [MESSAGE][INFO] - Checking timeout

14-02-2025T14:44:57 - [MESSAGE][INFO] - Finding web element with id: 'Object Repository/ANEF_Eloignement_V_Nawres/Page_Prendre_Mesure_Formulaire/input_Duree_ITF__Temporaire_Mois' located by 'By.xpath: //input[@id="nbr_mois"]' in '100' second(s)

14-02-2025T14:44:57 - [MESSAGE][INFO] - Found 1 web elements with id: 'Object Repository/ANEF_Eloignement_V_Nawres/Page_Prendre_Mesure_Formulaire/input_Duree_ITF__Temporaire_Mois' located by 'By.xpath: //input[@id="nbr_mois"]' in '100' second(s)

14-02-2025T14:44:57 - [MESSAGE][INFO] - Clearing text of object 'Object Repository/ANEF_Eloignement_V_Nawres/Page_Prendre_Mesure_Formulaire/input_Duree_ITF__Temporaire_Mois'

14-02-2025T14:44:58 - [MESSAGE][INFO] - Finding web element from Test Object's properties

14-02-2025T14:44:58 - [MESSAGE][INFO] - Checking timeout

14-02-2025T14:44:58 - [MESSAGE][INFO] - Finding web element with id: 'Object Repository/ANEF_Eloignement_V_Nawres/Page_Prendre_Mesure_Formulaire/input_Duree_ITF__Temporaire_Mois' located by 'By.xpath: //input[@id="nbr_mois"]' in '100' second(s)

14-02-2025T14:44:58 - [MESSAGE][INFO] - Found 1 web elements with id: 'Object Repository/ANEF_Eloignement_V_Nawres/Page_Prendre_Mesure_Formulaire/input_Duree_ITF__Temporaire_Mois' located by 'By.xpath: //input[@id="nbr_mois"]' in '100' second(s)

14-02-2025T14:44:58 - [MESSAGE][INFO] - Setting text of object 'Object Repository/ANEF_Eloignement_V_Nawres/Page_Prendre_Mesure_Formulaire/input_Duree_ITF__Temporaire_Mois' to value '10'

14-02-2025T14:44:59 - [MESSAGE][PASSED] - Text '10' is set on object 'Object Repository/ANEF_Eloignement_V_Nawres/Page_Prendre_Mesure_Formulaire/input_Duree_ITF__Temporaire_Mois'

14-02-2025T14:44:59 - [TEST_STEP][PASSED] - setText(findTestObject("Object Repository/ANEF_Eloignement_V_Nawres/Page_Prendre_Mesure_Formulaire/input_Duree_ITF__Temporaire_Annee"), "13", STOP_ON_FAILURE): Text '13' is set on object 'Object Repository/ANEF_Eloignement_V_Nawres/Page_Prendre_Mesure_Formulaire/input_Duree_ITF__Temporaire_Annee'

14-02-2025T14:44:59 - [MESSAGE][INFO] - Finding Test Object 'Object Repository/ANEF_Eloignement_V_Nawres/Page_Prendre_Mesure_Formulaire/input_Duree_ITF__Temporaire_Annee'

14-02-2025T14:44:59 - [MESSAGE][INFO] - Checking timeout

14-02-2025T14:44:59 - [MESSAGE][INFO] - Finding web element with id: 'Object Repository/ANEF_Eloignement_V_Nawres/Page_Prendre_Mesure_Formulaire/input_Duree_ITF__Temporaire_Annee' located by 'By.xpath: //input[@id="nbr_ans"]' in '20' second(s)

14-02-2025T14:44:59 - [MESSAGE][INFO] - Found 1 web elements with id: 'Object Repository/ANEF_Eloignement_V_Nawres/Page_Prendre_Mesure_Formulaire/input_Duree_ITF__Temporaire_Annee' located by 'By.xpath: //input[@id="nbr_ans"]' in '20' second(s)

14-02-2025T14:44:59 - [MESSAGE][INFO] - Checking object

14-02-2025T14:44:59 - [MESSAGE][INFO] - Checking text

14-02-2025T14:44:59 - [MESSAGE][INFO] - Finding web element from Test Object's properties

14-02-2025T14:44:59 - [MESSAGE][INFO] - Checking timeout

14-02-2025T14:44:59 - [MESSAGE][INFO] - Finding web element with id: 'Object Repository/ANEF_Eloignement_V_Nawres/Page_Prendre_Mesure_Formulaire/input_Duree_ITF__Temporaire_Annee' located by 'By.xpath: //input[@id="nbr_ans"]' in '100' second(s)

14-02-2025T14:45:00 - [MESSAGE][INFO] - Found 1 web elements with id: 'Object Repository/ANEF_Eloignement_V_Nawres/Page_Prendre_Mesure_Formulaire/input_Duree_ITF__Temporaire_Annee' located by 'By.xpath: //input[@id="nbr_ans"]' in '100' second(s)

14-02-2025T14:45:00 - [MESSAGE][INFO] - Clearing text of object 'Object Repository/ANEF_Eloignement_V_Nawres/Page_Prendre_Mesure_Formulaire/input_Duree_ITF__Temporaire_Annee'

14-02-2025T14:45:01 - [MESSAGE][INFO] - Finding web element from Test Object's properties

14-02-2025T14:45:01 - [MESSAGE][INFO] - Checking timeout

14-02-2025T14:45:01 - [MESSAGE][INFO] - Finding web element with id: 'Object Repository/ANEF_Eloignement_V_Nawres/Page_Prendre_Mesure_Formulaire/input_Duree_ITF__Temporaire_Annee' located by 'By.xpath: //input[@id="nbr_ans"]' in '100' second(s)

14-02-2025T14:45:01 - [MESSAGE][INFO] - Found 1 web elements with id: 'Object Repository/ANEF_Eloignement_V_Nawres/Page_Prendre_Mesure_Formulaire/input_Duree_ITF__Temporaire_Annee' located by 'By.xpath: //input[@id="nbr_ans"]' in '100' second(s)

14-02-2025T14:45:01 - [MESSAGE][INFO] - Setting text of object 'Object Repository/ANEF_Eloignement_V_Nawres/Page_Prendre_Mesure_Formulaire/input_Duree_ITF__Temporaire_Annee' to value '13'

14-02-2025T14:45:02 - [MESSAGE][PASSED] - Text '13' is set on object 'Object Repository/ANEF_Eloignement_V_Nawres/Page_Prendre_Mesure_Formulaire/input_Duree_ITF__Temporaire_Annee'

14-02-2025T14:45:02 - [TEST_STEP][PASSED] - verifyElementText(findTestObject("Object Repository/ANEF_Eloignement_V_Nawres/Page_Prendre_Mesure_Formulaire/p_Message_Erreur_Duree_ITF_Annee"), "La durÃ©e ne peut excÃ©der 10 ans", STOP_ON_FAILURE): Actual text and expected text of test object 'Object Repository/ANEF_Eloignement_V_Nawres/Page_Prendre_Mesure_Formulaire/p_Message_Erreur_Duree_ITF_Annee' are matched.

14-02-2025T14:45:02 - [MESSAGE][INFO] - Finding Test Object 'Object Repository/ANEF_Eloignement_V_Nawres/Page_Prendre_Mesure_Formulaire/p_Message_Erreur_Duree_ITF_Annee'

14-02-2025T14:45:02 - [MESSAGE][INFO] - Checking object

14-02-2025T14:45:02 - [MESSAGE][INFO] - Finding web element from Test Object's properties

14-02-2025T14:45:02 - [MESSAGE][INFO] - Checking timeout

14-02-2025T14:45:02 - [MESSAGE][INFO] - Finding web element with id: 'Object Repository/ANEF_Eloignement_V_Nawres/Page_Prendre_Mesure_Formulaire/p_Message_Erreur_Duree_ITF_Annee' located by 'By.xpath: //app-accordeon-mesure-judiciaire/section/div/form/div/div[1]/div/p' in '100' second(s)

14-02-2025T14:45:02 - [MESSAGE][INFO] - Found 1 web elements with id: 'Object Repository/ANEF_Eloignement_V_Nawres/Page_Prendre_Mesure_Formulaire/p_Message_Erreur_Duree_ITF_Annee' located by 'By.xpath: //app-accordeon-mesure-judiciaire/section/div/form/div/div[1]/div/p' in '100' second(s)

14-02-2025T14:45:02 - [MESSAGE][PASSED] - Actual text and expected text of test object 'Object Repository/ANEF_Eloignement_V_Nawres/Page_Prendre_Mesure_Formulaire/p_Message_Erreur_Duree_ITF_Annee' are matched.

14-02-2025T14:45:02 - [TEST_STEP][PASSED] - setText(findTestObject("Object Repository/ANEF_Eloignement_V_Nawres/Page_Prendre_Mesure_Formulaire/input_Duree_ITF__Temporaire_Annee"), "7", STOP_ON_FAILURE): Text '7' is set on object 'Object Repository/ANEF_Eloignement_V_Nawres/Page_Prendre_Mesure_Formulaire/input_Duree_ITF__Temporaire_Annee'

14-02-2025T14:45:02 - [MESSAGE][INFO] - Finding Test Object 'Object Repository/ANEF_Eloignement_V_Nawres/Page_Prendre_Mesure_Formulaire/input_Duree_ITF__Temporaire_Annee'

14-02-2025T14:45:02 - [MESSAGE][INFO] - Checking timeout

14-02-2025T14:45:02 - [MESSAGE][INFO] - Finding web element with id: 'Object Repository/ANEF_Eloignement_V_Nawres/Page_Prendre_Mesure_Formulaire/input_Duree_ITF__Temporaire_Annee' located by 'By.xpath: //input[@id="nbr_ans"]' in '20' second(s)

14-02-2025T14:45:02 - [MESSAGE][INFO] - Found 1 web elements with id: 'Object Repository/ANEF_Eloignement_V_Nawres/Page_Prendre_Mesure_Formulaire/input_Duree_ITF__Temporaire_Annee' located by 'By.xpath: //input[@id="nbr_ans"]' in '20' second(s)

14-02-2025T14:45:02 - [MESSAGE][INFO] - Checking object

14-02-2025T14:45:02 - [MESSAGE][INFO] - Checking text

14-02-2025T14:45:02 - [MESSAGE][INFO] - Finding web element from Test Object's properties

14-02-2025T14:45:02 - [MESSAGE][INFO] - Checking timeout

14-02-2025T14:45:02 - [MESSAGE][INFO] - Finding web element with id: 'Object Repository/ANEF_Eloignement_V_Nawres/Page_Prendre_Mesure_Formulaire/input_Duree_ITF__Temporaire_Annee' located by 'By.xpath: //input[@id="nbr_ans"]' in '100' second(s)

14-02-2025T14:45:02 - [MESSAGE][INFO] - Found 1 web elements with id: 'Object Repository/ANEF_Eloignement_V_Nawres/Page_Prendre_Mesure_Formulaire/input_Duree_ITF__Temporaire_Annee' located by 'By.xpath: //input[@id="nbr_ans"]' in '100' second(s)

14-02-2025T14:45:02 - [MESSAGE][INFO] - Clearing text of object 'Object Repository/ANEF_Eloignement_V_Nawres/Page_Prendre_Mesure_Formulaire/input_Duree_ITF__Temporaire_Annee'

14-02-2025T14:45:03 - [MESSAGE][INFO] - Finding web element from Test Object's properties

14-02-2025T14:45:03 - [MESSAGE][INFO] - Checking timeout

14-02-2025T14:45:03 - [MESSAGE][INFO] - Finding web element with id: 'Object Repository/ANEF_Eloignement_V_Nawres/Page_Prendre_Mesure_Formulaire/input_Duree_ITF__Temporaire_Annee' located by 'By.xpath: //input[@id="nbr_ans"]' in '100' second(s)

14-02-2025T14:45:03 - [MESSAGE][INFO] - Found 1 web elements with id: 'Object Repository/ANEF_Eloignement_V_Nawres/Page_Prendre_Mesure_Formulaire/input_Duree_ITF__Temporaire_Annee' located by 'By.xpath: //input[@id="nbr_ans"]' in '100' second(s)

14-02-2025T14:45:03 - [MESSAGE][INFO] - Setting text of object 'Object Repository/ANEF_Eloignement_V_Nawres/Page_Prendre_Mesure_Formulaire/input_Duree_ITF__Temporaire_Annee' to value '7'

14-02-2025T14:45:04 - [MESSAGE][PASSED] - Text '7' is set on object 'Object Repository/ANEF_Eloignement_V_Nawres/Page_Prendre_Mesure_Formulaire/input_Duree_ITF__Temporaire_Annee'

14-02-2025T14:45:04 - [TEST_STEP][PASSED] - if (DureeITF == "Definitive"): null

14-02-2025T14:45:04 - [TEST_STEP][PASSED] - setText(findTestObject("Object Repository/ANEF_Eloignement_V_Nawres/Page_Prendre_Mesure_Formulaire/input_Date_Executoire_ITF"), DateActuelle, STOP_ON_FAILURE): Text '14/02/2025' is set on object 'Object Repository/ANEF_Eloignement_V_Nawres/Page_Prendre_Mesure_Formulaire/input_Date_Executoire_ITF'

14-02-2025T14:45:04 - [MESSAGE][INFO] - Finding Test Object 'Object Repository/ANEF_Eloignement_V_Nawres/Page_Prendre_Mesure_Formulaire/input_Date_Executoire_ITF'

14-02-2025T14:45:04 - [MESSAGE][INFO] - Checking timeout

14-02-2025T14:45:04 - [MESSAGE][INFO] - Finding web element with id: 'Object Repository/ANEF_Eloignement_V_Nawres/Page_Prendre_Mesure_Formulaire/input_Date_Executoire_ITF' located by 'By.xpath: //input[@id="date_executoire_itf"]' in '20' second(s)

14-02-2025T14:45:04 - [MESSAGE][INFO] - Found 1 web elements with id: 'Object Repository/ANEF_Eloignement_V_Nawres/Page_Prendre_Mesure_Formulaire/input_Date_Executoire_ITF' located by 'By.xpath: //input[@id="date_executoire_itf"]' in '20' second(s)

14-02-2025T14:45:04 - [MESSAGE][INFO] - Checking object

14-02-2025T14:45:04 - [MESSAGE][INFO] - Checking text

14-02-2025T14:45:04 - [MESSAGE][INFO] - Finding web element from Test Object's properties

14-02-2025T14:45:04 - [MESSAGE][INFO] - Checking timeout

14-02-2025T14:45:04 - [MESSAGE][INFO] - Finding web element with id: 'Object Repository/ANEF_Eloignement_V_Nawres/Page_Prendre_Mesure_Formulaire/input_Date_Executoire_ITF' located by 'By.xpath: //input[@id="date_executoire_itf"]' in '100' second(s)

14-02-2025T14:45:04 - [MESSAGE][INFO] - Found 1 web elements with id: 'Object Repository/ANEF_Eloignement_V_Nawres/Page_Prendre_Mesure_Formulaire/input_Date_Executoire_ITF' located by 'By.xpath: //input[@id="date_executoire_itf"]' in '100' second(s)

14-02-2025T14:45:04 - [MESSAGE][INFO] - Clearing text of object 'Object Repository/ANEF_Eloignement_V_Nawres/Page_Prendre_Mesure_Formulaire/input_Date_Executoire_ITF'

14-02-2025T14:45:05 - [MESSAGE][INFO] - Finding web element from Test Object's properties

14-02-2025T14:45:05 - [MESSAGE][INFO] - Checking timeout

14-02-2025T14:45:05 - [MESSAGE][INFO] - Finding web element with id: 'Object Repository/ANEF_Eloignement_V_Nawres/Page_Prendre_Mesure_Formulaire/input_Date_Executoire_ITF' located by 'By.xpath: //input[@id="date_executoire_itf"]' in '100' second(s)

14-02-2025T14:45:05 - [MESSAGE][INFO] - Found 1 web elements with id: 'Object Repository/ANEF_Eloignement_V_Nawres/Page_Prendre_Mesure_Formulaire/input_Date_Executoire_ITF' located by 'By.xpath: //input[@id="date_executoire_itf"]' in '100' second(s)

14-02-2025T14:45:05 - [MESSAGE][INFO] - Setting text of object 'Object Repository/ANEF_Eloignement_V_Nawres/Page_Prendre_Mesure_Formulaire/input_Date_Executoire_ITF' to value '14/02/2025'

14-02-2025T14:45:06 - [MESSAGE][PASSED] - Text '14/02/2025' is set on object 'Object Repository/ANEF_Eloignement_V_Nawres/Page_Prendre_Mesure_Formulaire/input_Date_Executoire_ITF'

14-02-2025T14:45:06 - [TEST_STEP][PASSED] - setText(findTestObject("Object Repository/ANEF_Eloignement_V_Nawres/Page_Prendre_Mesure_Formulaire/input_Date_Jugement_ITF"), DateActuelle, STOP_ON_FAILURE): Text '14/02/2025' is set on object 'Object Repository/ANEF_Eloignement_V_Nawres/Page_Prendre_Mesure_Formulaire/input_Date_Jugement_ITF'

14-02-2025T14:45:06 - [MESSAGE][INFO] - Finding Test Object 'Object Repository/ANEF_Eloignement_V_Nawres/Page_Prendre_Mesure_Formulaire/input_Date_Jugement_ITF'

14-02-2025T14:45:06 - [MESSAGE][INFO] - Checking timeout

14-02-2025T14:45:06 - [MESSAGE][INFO] - Finding web element with id: 'Object Repository/ANEF_Eloignement_V_Nawres/Page_Prendre_Mesure_Formulaire/input_Date_Jugement_ITF' located by 'By.xpath: //input[@id="date_jugement_itf"]' in '20' second(s)

14-02-2025T14:45:06 - [MESSAGE][INFO] - Found 1 web elements with id: 'Object Repository/ANEF_Eloignement_V_Nawres/Page_Prendre_Mesure_Formulaire/input_Date_Jugement_ITF' located by 'By.xpath: //input[@id="date_jugement_itf"]' in '20' second(s)

14-02-2025T14:45:06 - [MESSAGE][INFO] - Checking object

14-02-2025T14:45:06 - [MESSAGE][INFO] - Checking text

14-02-2025T14:45:06 - [MESSAGE][INFO] - Finding web element from Test Object's properties

14-02-2025T14:45:06 - [MESSAGE][INFO] - Checking timeout

14-02-2025T14:45:06 - [MESSAGE][INFO] - Finding web element with id: 'Object Repository/ANEF_Eloignement_V_Nawres/Page_Prendre_Mesure_Formulaire/input_Date_Jugement_ITF' located by 'By.xpath: //input[@id="date_jugement_itf"]' in '100' second(s)

14-02-2025T14:45:06 - [MESSAGE][INFO] - Found 1 web elements with id: 'Object Repository/ANEF_Eloignement_V_Nawres/Page_Prendre_Mesure_Formulaire/input_Date_Jugement_ITF' located by 'By.xpath: //input[@id="date_jugement_itf"]' in '100' second(s)

14-02-2025T14:45:06 - [MESSAGE][INFO] - Clearing text of object 'Object Repository/ANEF_Eloignement_V_Nawres/Page_Prendre_Mesure_Formulaire/input_Date_Jugement_ITF'

14-02-2025T14:45:07 - [MESSAGE][INFO] - Finding web element from Test Object's properties

14-02-2025T14:45:07 - [MESSAGE][INFO] - Checking timeout

14-02-2025T14:45:07 - [MESSAGE][INFO] - Finding web element with id: 'Object Repository/ANEF_Eloignement_V_Nawres/Page_Prendre_Mesure_Formulaire/input_Date_Jugement_ITF' located by 'By.xpath: //input[@id="date_jugement_itf"]' in '100' second(s)

14-02-2025T14:45:07 - [MESSAGE][INFO] - Found 1 web elements with id: 'Object Repository/ANEF_Eloignement_V_Nawres/Page_Prendre_Mesure_Formulaire/input_Date_Jugement_ITF' located by 'By.xpath: //input[@id="date_jugement_itf"]' in '100' second(s)

14-02-2025T14:45:07 - [MESSAGE][INFO] - Setting text of object 'Object Repository/ANEF_Eloignement_V_Nawres/Page_Prendre_Mesure_Formulaire/input_Date_Jugement_ITF' to value '14/02/2025'

14-02-2025T14:45:08 - [MESSAGE][PASSED] - Text '14/02/2025' is set on object 'Object Repository/ANEF_Eloignement_V_Nawres/Page_Prendre_Mesure_Formulaire/input_Date_Jugement_ITF'

14-02-2025T14:45:08 - [TEST_STEP][PASSED] - click(findTestObject("Object Repository/ANEF_Eloignement_V_Nawres/Page_Prendre_Mesure_Formulaire/btn_Valider_Enregistrement_ITF"), STOP_ON_FAILURE): Object: 'Object Repository/ANEF_Eloignement_V_Nawres/Page_Prendre_Mesure_Formulaire/btn_Valider_Enregistrement_ITF' is clicked on

14-02-2025T14:45:08 - [MESSAGE][INFO] - Finding Test Object 'Object Repository/ANEF_Eloignement_V_Nawres/Page_Prendre_Mesure_Formulaire/btn_Valider_Enregistrement_ITF'

14-02-2025T14:45:08 - [MESSAGE][INFO] - Checking timeout

14-02-2025T14:45:08 - [MESSAGE][INFO] - Finding web element with id: 'Object Repository/ANEF_Eloignement_V_Nawres/Page_Prendre_Mesure_Formulaire/btn_Valider_Enregistrement_ITF' located by 'By.xpath: //button[@id="saveButtonITF"]' in '20' second(s)

14-02-2025T14:45:08 - [MESSAGE][INFO] - Found 1 web elements with id: 'Object Repository/ANEF_Eloignement_V_Nawres/Page_Prendre_Mesure_Formulaire/btn_Valider_Enregistrement_ITF' located by 'By.xpath: //button[@id="saveButtonITF"]' in '20' second(s)

14-02-2025T14:45:09 - [MESSAGE][INFO] - Checking object

14-02-2025T14:45:09 - [MESSAGE][INFO] - Checking timeout

14-02-2025T14:45:09 - [MESSAGE][INFO] - Finding web element from Test Object's properties

14-02-2025T14:45:09 - [MESSAGE][INFO] - Checking timeout

14-02-2025T14:45:09 - [MESSAGE][INFO] - Finding web element with id: 'Object Repository/ANEF_Eloignement_V_Nawres/Page_Prendre_Mesure_Formulaire/btn_Valider_Enregistrement_ITF' located by 'By.xpath: //button[@id="saveButtonITF"]' in '100' second(s)

14-02-2025T14:45:09 - [MESSAGE][INFO] - Found 1 web elements with id: 'Object Repository/ANEF_Eloignement_V_Nawres/Page_Prendre_Mesure_Formulaire/btn_Valider_Enregistrement_ITF' located by 'By.xpath: //button[@id="saveButtonITF"]' in '100' second(s)

14-02-2025T14:45:09 - [MESSAGE][INFO] - Clicking on object: 'Object Repository/ANEF_Eloignement_V_Nawres/Page_Prendre_Mesure_Formulaire/btn_Valider_Enregistrement_ITF'

14-02-2025T14:45:10 - [MESSAGE][PASSED] - Object: 'Object Repository/ANEF_Eloignement_V_Nawres/Page_Prendre_Mesure_Formulaire/btn_Valider_Enregistrement_ITF' is clicked on

14-02-2025T14:45:10 - [TEST_STEP][PASSED] - click(findTestObject("Object Repository/ANEF_Eloignement_V_Nawres/Page_Prendre_Mesure_Formulaire/btn_Confirmer_Enregistrement_Mesure"), STOP_ON_FAILURE): Object: 'Object Repository/ANEF_Eloignement_V_Nawres/Page_Prendre_Mesure_Formulaire/btn_Confirmer_Enregistrement_Mesure' is clicked on

14-02-2025T14:45:10 - [MESSAGE][INFO] - Finding Test Object 'Object Repository/ANEF_Eloignement_V_Nawres/Page_Prendre_Mesure_Formulaire/btn_Confirmer_Enregistrement_Mesure'

14-02-2025T14:45:10 - [MESSAGE][INFO] - Checking timeout

14-02-2025T14:45:10 - [MESSAGE][INFO] - Finding web element with id: 'Object Repository/ANEF_Eloignement_V_Nawres/Page_Prendre_Mesure_Formulaire/btn_Confirmer_Enregistrement_Mesure' located by 'By.xpath: //button[contains(text(),"Confirmer lâ€™enregistrement de la mesure")]' in '20' second(s)

14-02-2025T14:45:10 - [MESSAGE][INFO] - Found 1 web elements with id: 'Object Repository/ANEF_Eloignement_V_Nawres/Page_Prendre_Mesure_Formulaire/btn_Confirmer_Enregistrement_Mesure' located by 'By.xpath: //button[contains(text(),"Confirmer lâ€™enregistrement de la mesure")]' in '20' second(s)

14-02-2025T14:45:10 - [MESSAGE][INFO] - Checking object

14-02-2025T14:45:10 - [MESSAGE][INFO] - Checking timeout

14-02-2025T14:45:10 - [MESSAGE][INFO] - Finding web element from Test Object's properties

14-02-2025T14:45:10 - [MESSAGE][INFO] - Checking timeout

14-02-2025T14:45:10 - [MESSAGE][INFO] - Finding web element with id: 'Object Repository/ANEF_Eloignement_V_Nawres/Page_Prendre_Mesure_Formulaire/btn_Confirmer_Enregistrement_Mesure' located by 'By.xpath: //button[contains(text(),"Confirmer lâ€™enregistrement de la mesure")]' in '100' second(s)

14-02-2025T14:45:10 - [MESSAGE][INFO] - Found 1 web elements with id: 'Object Repository/ANEF_Eloignement_V_Nawres/Page_Prendre_Mesure_Formulaire/btn_Confirmer_Enregistrement_Mesure' located by 'By.xpath: //button[contains(text(),"Confirmer lâ€™enregistrement de la mesure")]' in '100' second(s)

14-02-2025T14:45:10 - [MESSAGE][INFO] - Clicking on object: 'Object Repository/ANEF_Eloignement_V_Nawres/Page_Prendre_Mesure_Formulaire/btn_Confirmer_Enregistrement_Mesure'

14-02-2025T14:45:11 - [MESSAGE][PASSED] - Object: 'Object Repository/ANEF_Eloignement_V_Nawres/Page_Prendre_Mesure_Formulaire/btn_Confirmer_Enregistrement_Mesure' is clicked on

14-02-2025T14:45:11 - [TEST_STEP][PASSED] - click(findTestObject("Object Repository/ANEF_Eloignement_V_Nawres/Page_Prendre_Mesure_Formulaire/btn_Enregistrer"), STOP_ON_FAILURE): Object: 'Object Repository/ANEF_Eloignement_V_Nawres/Page_Prendre_Mesure_Formulaire/btn_Enregistrer' is clicked on

14-02-2025T14:45:11 - [MESSAGE][INFO] - Finding Test Object 'Object Repository/ANEF_Eloignement_V_Nawres/Page_Prendre_Mesure_Formulaire/btn_Enregistrer'

14-02-2025T14:45:11 - [MESSAGE][INFO] - Checking timeout

14-02-2025T14:45:11 - [MESSAGE][INFO] - Finding web element with id: 'Object Repository/ANEF_Eloignement_V_Nawres/Page_Prendre_Mesure_Formulaire/btn_Enregistrer' located by 'By.xpath: //button[contains(text(),"Enregistrer")]' in '20' second(s)

14-02-2025T14:45:11 - [MESSAGE][INFO] - Found 1 web elements with id: 'Object Repository/ANEF_Eloignement_V_Nawres/Page_Prendre_Mesure_Formulaire/btn_Enregistrer' located by 'By.xpath: //button[contains(text(),"Enregistrer")]' in '20' second(s)

14-02-2025T14:45:11 - [MESSAGE][INFO] - Checking object

14-02-2025T14:45:11 - [MESSAGE][INFO] - Checking timeout

14-02-2025T14:45:11 - [MESSAGE][INFO] - Finding web element from Test Object's properties

14-02-2025T14:45:11 - [MESSAGE][INFO] - Checking timeout

14-02-2025T14:45:11 - [MESSAGE][INFO] - Finding web element with id: 'Object Repository/ANEF_Eloignement_V_Nawres/Page_Prendre_Mesure_Formulaire/btn_Enregistrer' located by 'By.xpath: //button[contains(text(),"Enregistrer")]' in '100' second(s)

14-02-2025T14:45:11 - [MESSAGE][INFO] - Found 1 web elements with id: 'Object Repository/ANEF_Eloignement_V_Nawres/Page_Prendre_Mesure_Formulaire/btn_Enregistrer' located by 'By.xpath: //button[contains(text(),"Enregistrer")]' in '100' second(s)

14-02-2025T14:45:11 - [MESSAGE][INFO] - Clicking on object: 'Object Repository/ANEF_Eloignement_V_Nawres/Page_Prendre_Mesure_Formulaire/btn_Enregistrer'

14-02-2025T14:45:12 - [MESSAGE][PASSED] - Object: 'Object Repository/ANEF_Eloignement_V_Nawres/Page_Prendre_Mesure_Formulaire/btn_Enregistrer' is clicked on

14-02-2025T14:45:12 - [MESSAGE][PASSED] - Call Test Case 'Test Cases/Test Reutilisable/Main/ANEF_Eloignement_V_Nawres/ANEF_Prendre_Mesure_Formulaire' successfully

14-02-2025T14:45:12 - [MESSAGE][PASSED] - Call Test Case 'Test Cases/Test Reutilisable/Main/ANEF_Eloignement_V_Nawres/ANEF_Prendre_Mesure' successfully

14-02-2025T14:45:12 - [TEST_STEP][PASSED] - callTestCase(findTestCase("Test Cases/Test Reutilisable/Main/ANEF_Eloignement_V_Nawres/ANEF_Ajouter_Decision"), ["ModeNotification":ModeNotification], STOP_ON_FAILURE): Call Test Case 'Test Cases/Test Reutilisable/Main/ANEF_Eloignement_V_Nawres/ANEF_Ajouter_Decision' successfully

14-02-2025T14:45:12 - [MESSAGE][INFO] - Checking called Test Case

14-02-2025T14:45:12 - [MESSAGE][INFO] - Starting to call Test Case 'Test Cases/Test Reutilisable/Main/ANEF_Eloignement_V_Nawres/ANEF_Ajouter_Decision'

14-02-2025T14:45:12 - [TEST_CASE][PASSED] - Test Cases/Test Reutilisable/Main/ANEF_Eloignement_V_Nawres/ANEF_Ajouter_Decision: Test Cases/Test Reutilisable/Main/ANEF_Eloignement_V_Nawres/ANEF_Ajouter_Decision

14-02-2025T14:45:12 - [TEST_STEP][PASSED] - calendar = Calendar.getInstance(): null

14-02-2025T14:45:12 - [TEST_STEP][PASSED] - currentDate = calendar.getTime(): null

14-02-2025T14:45:12 - [TEST_STEP][PASSED] - sdf = new java.text.SimpleDateFormat(dd/MM/yyyy): null

14-02-2025T14:45:13 - [TEST_STEP][PASSED] - formattedDate = sdf.format(currentDate): null

14-02-2025T14:45:13 - [TEST_STEP][PASSED] - DateActuelle = formattedDate.toString(): null

14-02-2025T14:45:13 - [TEST_STEP][PASSED] - println(DateActuelle): null

14-02-2025T14:45:13 - [TEST_STEP][PASSED] - waitForElementClickable(findTestObject("Object Repository/ANEF_Eloignement_V_Nawres/Page_Ajouter_Decision/btn_Ajouter_Decision"), 20, STOP_ON_FAILURE): Object 'Object Repository/ANEF_Eloignement_V_Nawres/Page_Ajouter_Decision/btn_Ajouter_Decision' is clickable

14-02-2025T14:45:13 - [MESSAGE][INFO] - Finding Test Object 'Object Repository/ANEF_Eloignement_V_Nawres/Page_Ajouter_Decision/btn_Ajouter_Decision'

14-02-2025T14:45:13 - [MESSAGE][INFO] - Checking object

14-02-2025T14:45:13 - [MESSAGE][INFO] - Checking timeout

14-02-2025T14:45:13 - [MESSAGE][INFO] - Finding web element from Test Object's properties

14-02-2025T14:45:13 - [MESSAGE][INFO] - Checking timeout

14-02-2025T14:45:13 - [MESSAGE][INFO] - Finding web element with id: 'Object Repository/ANEF_Eloignement_V_Nawres/Page_Ajouter_Decision/btn_Ajouter_Decision' located by 'By.xpath: //button[contains(text(),"Ajouter une dÃ©cision")]' in '20' second(s)

14-02-2025T14:45:13 - [MESSAGE][INFO] - Found 1 web elements with id: 'Object Repository/ANEF_Eloignement_V_Nawres/Page_Ajouter_Decision/btn_Ajouter_Decision' located by 'By.xpath: //button[contains(text(),"Ajouter une dÃ©cision")]' in '20' second(s)

14-02-2025T14:45:13 - [MESSAGE][PASSED] - Object 'Object Repository/ANEF_Eloignement_V_Nawres/Page_Ajouter_Decision/btn_Ajouter_Decision' is clickable

14-02-2025T14:45:13 - [TEST_STEP][PASSED] - click(findTestObject("Object Repository/ANEF_Eloignement_V_Nawres/Page_Ajouter_Decision/btn_Ajouter_Decision"), STOP_ON_FAILURE): Object: 'Object Repository/ANEF_Eloignement_V_Nawres/Page_Ajouter_Decision/btn_Ajouter_Decision' is clicked on

14-02-2025T14:45:13 - [MESSAGE][INFO] - Finding Test Object 'Object Repository/ANEF_Eloignement_V_Nawres/Page_Ajouter_Decision/btn_Ajouter_Decision'

14-02-2025T14:45:13 - [MESSAGE][INFO] - Checking timeout

14-02-2025T14:45:13 - [MESSAGE][INFO] - Finding web element with id: 'Object Repository/ANEF_Eloignement_V_Nawres/Page_Ajouter_Decision/btn_Ajouter_Decision' located by 'By.xpath: //button[contains(text(),"Ajouter une dÃ©cision")]' in '20' second(s)

14-02-2025T14:45:13 - [MESSAGE][INFO] - Found 1 web elements with id: 'Object Repository/ANEF_Eloignement_V_Nawres/Page_Ajouter_Decision/btn_Ajouter_Decision' located by 'By.xpath: //button[contains(text(),"Ajouter une dÃ©cision")]' in '20' second(s)

14-02-2025T14:45:13 - [MESSAGE][INFO] - Checking object

14-02-2025T14:45:13 - [MESSAGE][INFO] - Checking timeout

14-02-2025T14:45:13 - [MESSAGE][INFO] - Finding web element from Test Object's properties

14-02-2025T14:45:13 - [MESSAGE][INFO] - Checking timeout

14-02-2025T14:45:13 - [MESSAGE][INFO] - Finding web element with id: 'Object Repository/ANEF_Eloignement_V_Nawres/Page_Ajouter_Decision/btn_Ajouter_Decision' located by 'By.xpath: //button[contains(text(),"Ajouter une dÃ©cision")]' in '100' second(s)

14-02-2025T14:45:13 - [MESSAGE][INFO] - Found 1 web elements with id: 'Object Repository/ANEF_Eloignement_V_Nawres/Page_Ajouter_Decision/btn_Ajouter_Decision' located by 'By.xpath: //button[contains(text(),"Ajouter une dÃ©cision")]' in '100' second(s)

14-02-2025T14:45:13 - [MESSAGE][INFO] - Clicking on object: 'Object Repository/ANEF_Eloignement_V_Nawres/Page_Ajouter_Decision/btn_Ajouter_Decision'

14-02-2025T14:45:14 - [MESSAGE][PASSED] - Object: 'Object Repository/ANEF_Eloignement_V_Nawres/Page_Ajouter_Decision/btn_Ajouter_Decision' is clicked on

14-02-2025T14:45:14 - [TEST_STEP][PASSED] - scrollToElement(findTestObject("Object Repository/ANEF_Eloignement_V_Nawres/Page_Ajouter_Decision/btn_Confirmer_Ajout_Decision"), 5, STOP_ON_FAILURE): Scroll to object 'Object Repository/ANEF_Eloignement_V_Nawres/Page_Ajouter_Decision/btn_Confirmer_Ajout_Decision' successfully

14-02-2025T14:45:14 - [MESSAGE][INFO] - Finding Test Object 'Object Repository/ANEF_Eloignement_V_Nawres/Page_Ajouter_Decision/btn_Confirmer_Ajout_Decision'

14-02-2025T14:45:14 - [MESSAGE][INFO] - Checking object

14-02-2025T14:45:14 - [MESSAGE][INFO] - Checking timeout

14-02-2025T14:45:14 - [MESSAGE][INFO] - Finding web element from Test Object's properties

14-02-2025T14:45:14 - [MESSAGE][INFO] - Checking timeout

14-02-2025T14:45:14 - [MESSAGE][INFO] - Finding web element with id: 'Object Repository/ANEF_Eloignement_V_Nawres/Page_Ajouter_Decision/btn_Confirmer_Ajout_Decision' located by 'By.xpath: //button[contains(text()," Confirmer l'ajout")]' in '100' second(s)

14-02-2025T14:45:14 - [MESSAGE][INFO] - Found 1 web elements with id: 'Object Repository/ANEF_Eloignement_V_Nawres/Page_Ajouter_Decision/btn_Confirmer_Ajout_Decision' located by 'By.xpath: //button[contains(text()," Confirmer l'ajout")]' in '100' second(s)

14-02-2025T14:45:14 - [MESSAGE][INFO] - Scrolling to object 'Object Repository/ANEF_Eloignement_V_Nawres/Page_Ajouter_Decision/btn_Confirmer_Ajout_Decision'

14-02-2025T14:45:14 - [MESSAGE][PASSED] - Scroll to object 'Object Repository/ANEF_Eloignement_V_Nawres/Page_Ajouter_Decision/btn_Confirmer_Ajout_Decision' successfully

14-02-2025T14:45:14 - [TEST_STEP][PASSED] - click(findTestObject("Object Repository/ANEF_Eloignement_V_Nawres/Page_Ajouter_Decision/btn_Confirmer_Ajout_Decision"), STOP_ON_FAILURE): Object: 'Object Repository/ANEF_Eloignement_V_Nawres/Page_Ajouter_Decision/btn_Confirmer_Ajout_Decision' is clicked on

14-02-2025T14:45:14 - [MESSAGE][INFO] - Finding Test Object 'Object Repository/ANEF_Eloignement_V_Nawres/Page_Ajouter_Decision/btn_Confirmer_Ajout_Decision'

14-02-2025T14:45:14 - [MESSAGE][INFO] - Checking timeout

14-02-2025T14:45:14 - [MESSAGE][INFO] - Finding web element with id: 'Object Repository/ANEF_Eloignement_V_Nawres/Page_Ajouter_Decision/btn_Confirmer_Ajout_Decision' located by 'By.xpath: //button[contains(text()," Confirmer l'ajout")]' in '20' second(s)

14-02-2025T14:45:14 - [MESSAGE][INFO] - Found 1 web elements with id: 'Object Repository/ANEF_Eloignement_V_Nawres/Page_Ajouter_Decision/btn_Confirmer_Ajout_Decision' located by 'By.xpath: //button[contains(text()," Confirmer l'ajout")]' in '20' second(s)

14-02-2025T14:45:14 - [MESSAGE][INFO] - Checking object

14-02-2025T14:45:14 - [MESSAGE][INFO] - Checking timeout

14-02-2025T14:45:14 - [MESSAGE][INFO] - Finding web element from Test Object's properties

14-02-2025T14:45:14 - [MESSAGE][INFO] - Checking timeout

14-02-2025T14:45:14 - [MESSAGE][INFO] - Finding web element with id: 'Object Repository/ANEF_Eloignement_V_Nawres/Page_Ajouter_Decision/btn_Confirmer_Ajout_Decision' located by 'By.xpath: //button[contains(text()," Confirmer l'ajout")]' in '100' second(s)

14-02-2025T14:45:14 - [MESSAGE][INFO] - Found 1 web elements with id: 'Object Repository/ANEF_Eloignement_V_Nawres/Page_Ajouter_Decision/btn_Confirmer_Ajout_Decision' located by 'By.xpath: //button[contains(text()," Confirmer l'ajout")]' in '100' second(s)

14-02-2025T14:45:14 - [MESSAGE][INFO] - Clicking on object: 'Object Repository/ANEF_Eloignement_V_Nawres/Page_Ajouter_Decision/btn_Confirmer_Ajout_Decision'

14-02-2025T14:45:15 - [MESSAGE][PASSED] - Object: 'Object Repository/ANEF_Eloignement_V_Nawres/Page_Ajouter_Decision/btn_Confirmer_Ajout_Decision' is clicked on

14-02-2025T14:45:15 - [TEST_STEP][PASSED] - waitForElementClickable(findTestObject("Object Repository/ANEF_Eloignement_V_Nawres/Page_Ajouter_Decision/btn_Confirmer_Notification"), 20, STOP_ON_FAILURE): Object 'Object Repository/ANEF_Eloignement_V_Nawres/Page_Ajouter_Decision/btn_Confirmer_Notification' is clickable

14-02-2025T14:45:15 - [MESSAGE][INFO] - Finding Test Object 'Object Repository/ANEF_Eloignement_V_Nawres/Page_Ajouter_Decision/btn_Confirmer_Notification'

14-02-2025T14:45:15 - [MESSAGE][INFO] - Checking object

14-02-2025T14:45:15 - [MESSAGE][INFO] - Checking timeout

14-02-2025T14:45:15 - [MESSAGE][INFO] - Finding web element from Test Object's properties

14-02-2025T14:45:15 - [MESSAGE][INFO] - Checking timeout

14-02-2025T14:45:15 - [MESSAGE][INFO] - Finding web element with id: 'Object Repository/ANEF_Eloignement_V_Nawres/Page_Ajouter_Decision/btn_Confirmer_Notification' located by 'By.xpath: //button[contains(text(),"Confirmer la notification")]' in '20' second(s)

14-02-2025T14:45:15 - [MESSAGE][INFO] - Found 1 web elements with id: 'Object Repository/ANEF_Eloignement_V_Nawres/Page_Ajouter_Decision/btn_Confirmer_Notification' located by 'By.xpath: //button[contains(text(),"Confirmer la notification")]' in '20' second(s)

14-02-2025T14:45:17 - [MESSAGE][PASSED] - Object 'Object Repository/ANEF_Eloignement_V_Nawres/Page_Ajouter_Decision/btn_Confirmer_Notification' is clickable

14-02-2025T14:45:17 - [TEST_STEP][PASSED] - click(findTestObject("Object Repository/ANEF_Eloignement_V_Nawres/Page_Ajouter_Decision/btn_Confirmer_Notification"), STOP_ON_FAILURE): Object: 'Object Repository/ANEF_Eloignement_V_Nawres/Page_Ajouter_Decision/btn_Confirmer_Notification' is clicked on

14-02-2025T14:45:17 - [MESSAGE][INFO] - Finding Test Object 'Object Repository/ANEF_Eloignement_V_Nawres/Page_Ajouter_Decision/btn_Confirmer_Notification'

14-02-2025T14:45:17 - [MESSAGE][INFO] - Checking timeout

14-02-2025T14:45:17 - [MESSAGE][INFO] - Finding web element with id: 'Object Repository/ANEF_Eloignement_V_Nawres/Page_Ajouter_Decision/btn_Confirmer_Notification' located by 'By.xpath: //button[contains(text(),"Confirmer la notification")]' in '20' second(s)

14-02-2025T14:45:17 - [MESSAGE][INFO] - Found 1 web elements with id: 'Object Repository/ANEF_Eloignement_V_Nawres/Page_Ajouter_Decision/btn_Confirmer_Notification' located by 'By.xpath: //button[contains(text(),"Confirmer la notification")]' in '20' second(s)

14-02-2025T14:45:17 - [MESSAGE][INFO] - Checking object

14-02-2025T14:45:17 - [MESSAGE][INFO] - Checking timeout

14-02-2025T14:45:17 - [MESSAGE][INFO] - Finding web element from Test Object's properties

14-02-2025T14:45:17 - [MESSAGE][INFO] - Checking timeout

14-02-2025T14:45:17 - [MESSAGE][INFO] - Finding web element with id: 'Object Repository/ANEF_Eloignement_V_Nawres/Page_Ajouter_Decision/btn_Confirmer_Notification' located by 'By.xpath: //button[contains(text(),"Confirmer la notification")]' in '100' second(s)

14-02-2025T14:45:17 - [MESSAGE][INFO] - Found 1 web elements with id: 'Object Repository/ANEF_Eloignement_V_Nawres/Page_Ajouter_Decision/btn_Confirmer_Notification' located by 'By.xpath: //button[contains(text(),"Confirmer la notification")]' in '100' second(s)

14-02-2025T14:45:17 - [MESSAGE][INFO] - Clicking on object: 'Object Repository/ANEF_Eloignement_V_Nawres/Page_Ajouter_Decision/btn_Confirmer_Notification'

14-02-2025T14:45:18 - [MESSAGE][PASSED] - Object: 'Object Repository/ANEF_Eloignement_V_Nawres/Page_Ajouter_Decision/btn_Confirmer_Notification' is clicked on

14-02-2025T14:45:18 - [TEST_STEP][PASSED] - selectOptionByLabel(findTestObject("Object Repository/ANEF_Eloignement_V_Nawres/Page_Ajouter_Decision/select_Mode_Notification"), ModeNotification, false, STOP_ON_FAILURE): All options with label 'Voie postale' are selected in object 'Object Repository/ANEF_Eloignement_V_Nawres/Page_Ajouter_Decision/select_Mode_Notification' 

14-02-2025T14:45:18 - [MESSAGE][INFO] - Finding Test Object 'Object Repository/ANEF_Eloignement_V_Nawres/Page_Ajouter_Decision/select_Mode_Notification'

14-02-2025T14:45:18 - [MESSAGE][INFO] - Checking timeout

14-02-2025T14:45:18 - [MESSAGE][INFO] - Finding web element with id: 'Object Repository/ANEF_Eloignement_V_Nawres/Page_Ajouter_Decision/select_Mode_Notification' located by 'By.xpath: //app-notification-modal//form//app-dsfr-select/div/select[@id="mode_notification"]' in '20' second(s)

14-02-2025T14:45:18 - [MESSAGE][INFO] - Found 1 web elements with id: 'Object Repository/ANEF_Eloignement_V_Nawres/Page_Ajouter_Decision/select_Mode_Notification' located by 'By.xpath: //app-notification-modal//form//app-dsfr-select/div/select[@id="mode_notification"]' in '20' second(s)

14-02-2025T14:45:18 - [MESSAGE][INFO] - Checking object

14-02-2025T14:45:18 - [MESSAGE][INFO] - Checking label parameter

14-02-2025T14:45:18 - [MESSAGE][INFO] - Finding web element from Test Object's properties

14-02-2025T14:45:18 - [MESSAGE][INFO] - Checking timeout

14-02-2025T14:45:18 - [MESSAGE][INFO] - Finding web element with id: 'Object Repository/ANEF_Eloignement_V_Nawres/Page_Ajouter_Decision/select_Mode_Notification' located by 'By.xpath: //app-notification-modal//form//app-dsfr-select/div/select[@id="mode_notification"]' in '100' second(s)

14-02-2025T14:45:18 - [MESSAGE][INFO] - Found 1 web elements with id: 'Object Repository/ANEF_Eloignement_V_Nawres/Page_Ajouter_Decision/select_Mode_Notification' located by 'By.xpath: //app-notification-modal//form//app-dsfr-select/div/select[@id="mode_notification"]' in '100' second(s)

14-02-2025T14:45:18 - [MESSAGE][INFO] - Selecting options on object 'Object Repository/ANEF_Eloignement_V_Nawres/Page_Ajouter_Decision/select_Mode_Notification' with label 'Voie postale' 

14-02-2025T14:45:19 - [MESSAGE][PASSED] - All options with label 'Voie postale' are selected in object 'Object Repository/ANEF_Eloignement_V_Nawres/Page_Ajouter_Decision/select_Mode_Notification' 

14-02-2025T14:45:19 - [TEST_STEP][PASSED] - setText(findTestObject("Object Repository/ANEF_Eloignement_V_Nawres/Page_Ajouter_Decision/input_Date_Notification"), DateActuelle, STOP_ON_FAILURE): Text '14/02/2025' is set on object 'Object Repository/ANEF_Eloignement_V_Nawres/Page_Ajouter_Decision/input_Date_Notification'

14-02-2025T14:45:19 - [MESSAGE][INFO] - Finding Test Object 'Object Repository/ANEF_Eloignement_V_Nawres/Page_Ajouter_Decision/input_Date_Notification'

14-02-2025T14:45:19 - [MESSAGE][INFO] - Checking timeout

14-02-2025T14:45:19 - [MESSAGE][INFO] - Finding web element with id: 'Object Repository/ANEF_Eloignement_V_Nawres/Page_Ajouter_Decision/input_Date_Notification' located by 'By.xpath: //app-notification-modal//form//app-dsfr-input/div/input[@name="date_notification"]' in '20' second(s)

14-02-2025T14:45:19 - [MESSAGE][INFO] - Found 1 web elements with id: 'Object Repository/ANEF_Eloignement_V_Nawres/Page_Ajouter_Decision/input_Date_Notification' located by 'By.xpath: //app-notification-modal//form//app-dsfr-input/div/input[@name="date_notification"]' in '20' second(s)

14-02-2025T14:45:19 - [MESSAGE][INFO] - Checking object

14-02-2025T14:45:19 - [MESSAGE][INFO] - Checking text

14-02-2025T14:45:19 - [MESSAGE][INFO] - Finding web element from Test Object's properties

14-02-2025T14:45:19 - [MESSAGE][INFO] - Checking timeout

14-02-2025T14:45:19 - [MESSAGE][INFO] - Finding web element with id: 'Object Repository/ANEF_Eloignement_V_Nawres/Page_Ajouter_Decision/input_Date_Notification' located by 'By.xpath: //app-notification-modal//form//app-dsfr-input/div/input[@name="date_notification"]' in '100' second(s)

14-02-2025T14:45:19 - [MESSAGE][INFO] - Found 1 web elements with id: 'Object Repository/ANEF_Eloignement_V_Nawres/Page_Ajouter_Decision/input_Date_Notification' located by 'By.xpath: //app-notification-modal//form//app-dsfr-input/div/input[@name="date_notification"]' in '100' second(s)

14-02-2025T14:45:19 - [MESSAGE][INFO] - Clearing text of object 'Object Repository/ANEF_Eloignement_V_Nawres/Page_Ajouter_Decision/input_Date_Notification'

14-02-2025T14:45:20 - [MESSAGE][INFO] - Finding web element from Test Object's properties

14-02-2025T14:45:20 - [MESSAGE][INFO] - Checking timeout

14-02-2025T14:45:20 - [MESSAGE][INFO] - Finding web element with id: 'Object Repository/ANEF_Eloignement_V_Nawres/Page_Ajouter_Decision/input_Date_Notification' located by 'By.xpath: //app-notification-modal//form//app-dsfr-input/div/input[@name="date_notification"]' in '100' second(s)

14-02-2025T14:45:20 - [MESSAGE][INFO] - Found 1 web elements with id: 'Object Repository/ANEF_Eloignement_V_Nawres/Page_Ajouter_Decision/input_Date_Notification' located by 'By.xpath: //app-notification-modal//form//app-dsfr-input/div/input[@name="date_notification"]' in '100' second(s)

14-02-2025T14:45:20 - [MESSAGE][INFO] - Setting text of object 'Object Repository/ANEF_Eloignement_V_Nawres/Page_Ajouter_Decision/input_Date_Notification' to value '14/02/2025'

14-02-2025T14:45:21 - [MESSAGE][PASSED] - Text '14/02/2025' is set on object 'Object Repository/ANEF_Eloignement_V_Nawres/Page_Ajouter_Decision/input_Date_Notification'

14-02-2025T14:45:21 - [TEST_STEP][PASSED] - if (ModeNotification == "Voie administrative"): null

14-02-2025T14:45:21 - [TEST_STEP][PASSED] - uploadFile(findTestObject("Object Repository/ANEF_Eloignement_V_Nawres/Page_Ajouter_Decision/input_Ajouter_Fichier_Notification"), getProjectDir() + "/Data Files/Fichier_Test.pdf"): File 'C:/Users/nbenjemi/Katalon Studio/ANEF-ELOIGNEMENT-20250121/ANEF-ELOIGNEMENT-20250121/Data Files/Fichier_Test.pdf' sent to object: 'Object Repository/ANEF_Eloignement_V_Nawres/Page_Ajouter_Decision/input_Ajouter_Fichier_Notification'

14-02-2025T14:45:21 - [MESSAGE][INFO] - Finding Test Object 'Object Repository/ANEF_Eloignement_V_Nawres/Page_Ajouter_Decision/input_Ajouter_Fichier_Notification'

14-02-2025T14:45:21 - [MESSAGE][INFO] - Checking object

14-02-2025T14:45:21 - [MESSAGE][INFO] - Uploading file 'C:/Users/nbenjemi/Katalon Studio/ANEF-ELOIGNEMENT-20250121/ANEF-ELOIGNEMENT-20250121/Data Files/Fichier_Test.pdf' to object: 'Object Repository/ANEF_Eloignement_V_Nawres/Page_Ajouter_Decision/input_Ajouter_Fichier_Notification'

14-02-2025T14:45:21 - [MESSAGE][INFO] - Finding web element from Test Object's properties

14-02-2025T14:45:21 - [MESSAGE][INFO] - Checking timeout

14-02-2025T14:45:21 - [MESSAGE][INFO] - Finding web element with id: 'Object Repository/ANEF_Eloignement_V_Nawres/Page_Ajouter_Decision/input_Ajouter_Fichier_Notification' located by 'By.xpath: //app-notification-modal//form//app-dsfr-piece-jointe//input' in '100' second(s)

14-02-2025T14:45:21 - [MESSAGE][INFO] - Found 1 web elements with id: 'Object Repository/ANEF_Eloignement_V_Nawres/Page_Ajouter_Decision/input_Ajouter_Fichier_Notification' located by 'By.xpath: //app-notification-modal//form//app-dsfr-piece-jointe//input' in '100' second(s)

14-02-2025T14:45:22 - [MESSAGE][PASSED] - File 'C:/Users/nbenjemi/Katalon Studio/ANEF-ELOIGNEMENT-20250121/ANEF-ELOIGNEMENT-20250121/Data Files/Fichier_Test.pdf' sent to object: 'Object Repository/ANEF_Eloignement_V_Nawres/Page_Ajouter_Decision/input_Ajouter_Fichier_Notification'

14-02-2025T14:45:22 - [TEST_STEP][PASSED] - scrollToElement(findTestObject("Object Repository/ANEF_Eloignement_V_Nawres/Page_Ajouter_Decision/btn_Confirmer_Ajout_Notification"), 5, STOP_ON_FAILURE): Scroll to object 'Object Repository/ANEF_Eloignement_V_Nawres/Page_Ajouter_Decision/btn_Confirmer_Ajout_Notification' successfully

14-02-2025T14:45:22 - [MESSAGE][INFO] - Finding Test Object 'Object Repository/ANEF_Eloignement_V_Nawres/Page_Ajouter_Decision/btn_Confirmer_Ajout_Notification'

14-02-2025T14:45:22 - [MESSAGE][INFO] - Checking object

14-02-2025T14:45:22 - [MESSAGE][INFO] - Checking timeout

14-02-2025T14:45:22 - [MESSAGE][INFO] - Finding web element from Test Object's properties

14-02-2025T14:45:22 - [MESSAGE][INFO] - Checking timeout

14-02-2025T14:45:22 - [MESSAGE][INFO] - Finding web element with id: 'Object Repository/ANEF_Eloignement_V_Nawres/Page_Ajouter_Decision/btn_Confirmer_Ajout_Notification' located by 'By.xpath: //app-notification-modal//button[contains(text(),"Confirmer l'ajout")]' in '100' second(s)

14-02-2025T14:45:22 - [MESSAGE][INFO] - Found 1 web elements with id: 'Object Repository/ANEF_Eloignement_V_Nawres/Page_Ajouter_Decision/btn_Confirmer_Ajout_Notification' located by 'By.xpath: //app-notification-modal//button[contains(text(),"Confirmer l'ajout")]' in '100' second(s)

14-02-2025T14:45:22 - [MESSAGE][INFO] - Scrolling to object 'Object Repository/ANEF_Eloignement_V_Nawres/Page_Ajouter_Decision/btn_Confirmer_Ajout_Notification'

14-02-2025T14:45:22 - [MESSAGE][PASSED] - Scroll to object 'Object Repository/ANEF_Eloignement_V_Nawres/Page_Ajouter_Decision/btn_Confirmer_Ajout_Notification' successfully

14-02-2025T14:45:22 - [TEST_STEP][PASSED] - click(findTestObject("Object Repository/ANEF_Eloignement_V_Nawres/Page_Ajouter_Decision/btn_Confirmer_Ajout_Notification"), STOP_ON_FAILURE): Object: 'Object Repository/ANEF_Eloignement_V_Nawres/Page_Ajouter_Decision/btn_Confirmer_Ajout_Notification' is clicked on

14-02-2025T14:45:22 - [MESSAGE][INFO] - Finding Test Object 'Object Repository/ANEF_Eloignement_V_Nawres/Page_Ajouter_Decision/btn_Confirmer_Ajout_Notification'

14-02-2025T14:45:22 - [MESSAGE][INFO] - Checking timeout

14-02-2025T14:45:22 - [MESSAGE][INFO] - Finding web element with id: 'Object Repository/ANEF_Eloignement_V_Nawres/Page_Ajouter_Decision/btn_Confirmer_Ajout_Notification' located by 'By.xpath: //app-notification-modal//button[contains(text(),"Confirmer l'ajout")]' in '20' second(s)

14-02-2025T14:45:22 - [MESSAGE][INFO] - Found 1 web elements with id: 'Object Repository/ANEF_Eloignement_V_Nawres/Page_Ajouter_Decision/btn_Confirmer_Ajout_Notification' located by 'By.xpath: //app-notification-modal//button[contains(text(),"Confirmer l'ajout")]' in '20' second(s)

14-02-2025T14:45:22 - [MESSAGE][INFO] - Checking object

14-02-2025T14:45:22 - [MESSAGE][INFO] - Checking timeout

14-02-2025T14:45:22 - [MESSAGE][INFO] - Finding web element from Test Object's properties

14-02-2025T14:45:22 - [MESSAGE][INFO] - Checking timeout

14-02-2025T14:45:22 - [MESSAGE][INFO] - Finding web element with id: 'Object Repository/ANEF_Eloignement_V_Nawres/Page_Ajouter_Decision/btn_Confirmer_Ajout_Notification' located by 'By.xpath: //app-notification-modal//button[contains(text(),"Confirmer l'ajout")]' in '100' second(s)

14-02-2025T14:45:22 - [MESSAGE][INFO] - Found 1 web elements with id: 'Object Repository/ANEF_Eloignement_V_Nawres/Page_Ajouter_Decision/btn_Confirmer_Ajout_Notification' located by 'By.xpath: //app-notification-modal//button[contains(text(),"Confirmer l'ajout")]' in '100' second(s)

14-02-2025T14:45:22 - [MESSAGE][INFO] - Clicking on object: 'Object Repository/ANEF_Eloignement_V_Nawres/Page_Ajouter_Decision/btn_Confirmer_Ajout_Notification'

14-02-2025T14:45:24 - [MESSAGE][PASSED] - Object: 'Object Repository/ANEF_Eloignement_V_Nawres/Page_Ajouter_Decision/btn_Confirmer_Ajout_Notification' is clicked on

14-02-2025T14:45:24 - [TEST_STEP][PASSED] - waitForElementClickable(findTestObject("Object Repository/ANEF_Eloignement_V_Nawres/Page_Ajouter_Decision/btn_Enregistrer"), 7, STOP_ON_FAILURE): Object 'Object Repository/ANEF_Eloignement_V_Nawres/Page_Ajouter_Decision/btn_Enregistrer' is clickable

14-02-2025T14:45:24 - [MESSAGE][INFO] - Finding Test Object 'Object Repository/ANEF_Eloignement_V_Nawres/Page_Ajouter_Decision/btn_Enregistrer'

14-02-2025T14:45:24 - [MESSAGE][INFO] - Checking object

14-02-2025T14:45:24 - [MESSAGE][INFO] - Checking timeout

14-02-2025T14:45:24 - [MESSAGE][INFO] - Finding web element from Test Object's properties

14-02-2025T14:45:24 - [MESSAGE][INFO] - Checking timeout

14-02-2025T14:45:24 - [MESSAGE][INFO] - Finding web element with id: 'Object Repository/ANEF_Eloignement_V_Nawres/Page_Ajouter_Decision/btn_Enregistrer' located by 'By.xpath: //button[contains(text(),"Enregistrer")]' in '7' second(s)

14-02-2025T14:45:24 - [MESSAGE][INFO] - Found 1 web elements with id: 'Object Repository/ANEF_Eloignement_V_Nawres/Page_Ajouter_Decision/btn_Enregistrer' located by 'By.xpath: //button[contains(text(),"Enregistrer")]' in '7' second(s)

14-02-2025T14:45:24 - [MESSAGE][PASSED] - Object 'Object Repository/ANEF_Eloignement_V_Nawres/Page_Ajouter_Decision/btn_Enregistrer' is clickable

14-02-2025T14:45:24 - [MESSAGE][PASSED] - Call Test Case 'Test Cases/Test Reutilisable/Main/ANEF_Eloignement_V_Nawres/ANEF_Ajouter_Decision' successfully

14-02-2025T14:45:26 - [TEST_STEP][PASSED] - Video: Video recording for test case 'Test Cases/Cas D Utilisations/ANEF_Eloignement_V_Nawres/TC_ANEF_Eloignement' .

14-02-2025T14:45:26 - [MESSAGE][INFO] - Video recording for test case 'Test Cases/Cas D Utilisations/ANEF_Eloignement_V_Nawres/TC_ANEF_Eloignement' .]]></system-out>
         <system-err><![CDATA[]]></system-err>
      </testcase>
      <testcase name="Test Cases/Cas D Utilisations/ANEF_Eloignement_V_Nawres/TC_ANEF_Eloignement" time="73.517" classname="Test Cases/Cas D Utilisations/ANEF_Eloignement_V_Nawres/TC_ANEF_Eloignement" status="PASSED">
         <system-out><![CDATA[14-02-2025T14:45:26 - [TEST_CASE][PASSED] - Test Cases/Cas D Utilisations/ANEF_Eloignement_V_Nawres/TC_ANEF_Eloignement: Test Cases/Cas D Utilisations/ANEF_Eloignement_V_Nawres/TC_ANEF_Eloignement

14-02-2025T14:45:26 - [TEST_STEP][PASSED] - callTestCase(findTestCase("Test Cases/Test Reutilisable/Main/ANEF_Eloignement_V_Nawres/ANEF_Lancer_URL_ANEF"), ["Profiles":Profiles, "EnvExec":EnvExec], STOP_ON_FAILURE): Call Test Case 'Test Cases/Test Reutilisable/Main/ANEF_Eloignement_V_Nawres/ANEF_Lancer_URL_ANEF' successfully

14-02-2025T14:45:26 - [MESSAGE][INFO] - Checking called Test Case

14-02-2025T14:45:26 - [MESSAGE][INFO] - Starting to call Test Case 'Test Cases/Test Reutilisable/Main/ANEF_Eloignement_V_Nawres/ANEF_Lancer_URL_ANEF'

14-02-2025T14:45:26 - [TEST_CASE][PASSED] - Test Cases/Test Reutilisable/Main/ANEF_Eloignement_V_Nawres/ANEF_Lancer_URL_ANEF: Test Cases/Test Reutilisable/Main/ANEF_Eloignement_V_Nawres/ANEF_Lancer_URL_ANEF

14-02-2025T14:45:26 - [TEST_STEP][PASSED] - "Call Highlight.on() automatically": null

14-02-2025T14:45:26 - [TEST_STEP][PASSED] - projDir = getProjectDir(): null

14-02-2025T14:45:26 - [TEST_STEP][PASSED] - RunBrowserConfiguration = getExecutionProperties(): null

14-02-2025T14:45:26 - [TEST_STEP][PASSED] - DriverName = get("WebUI").get("browserType"): null

14-02-2025T14:45:26 - [TEST_STEP][PASSED] - println("DriverName :" + DriverName): null

14-02-2025T14:45:26 - [TEST_STEP][PASSED] - println("Driverpath :" + RunBrowserConfiguration.get("drivers")): null

14-02-2025T14:45:26 - [TEST_STEP][PASSED] - if (Profiles == "Usager"): null

14-02-2025T14:45:26 - [TEST_STEP][PASSED] - if (Profiles == "Agent"): Current window maximized

14-02-2025T14:45:26 - [TEST_STEP][PASSED] - if (EnvExec == "URLPortailAgentQualif"): null

14-02-2025T14:45:26 - [TEST_STEP][PASSED] - if (EnvExec == "URLPortailAgentPreProd"): Browser is opened with url: 'https://preprod.siaef.dgef.interieur.gouv.fr/sejour/#/accueil'

14-02-2025T14:45:26 - [TEST_STEP][PASSED] - openBrowser(URLPortailAgentPreProd): Browser is opened with url: 'https://preprod.siaef.dgef.interieur.gouv.fr/sejour/#/accueil'

14-02-2025T14:45:26 - [MESSAGE][INFO] - Opening browser

14-02-2025T14:45:26 - [MESSAGE][WARNING] - A browser is already opened. Closing browser and opening a new one

14-02-2025T14:45:27 - [MESSAGE][INFO] - Starting 'Chrome' driver

14-02-2025T14:45:27 - [MESSAGE][INFO] - User set preference: ['args', '[--incognito, --disable-search-engine-choice-screen, --enable-automation, --disable-save-password-bubble, --start-maximized, --remote-allow-origins=*]']

14-02-2025T14:45:27 - [MESSAGE][INFO] - User set preference: ['prefs', '{download.default_directory=${GlobalVariable.downloadPath}, download_dir=${GlobalVariable.downloadPath}, download.prompt_for_download=false}']

14-02-2025T14:45:27 - [MESSAGE][INFO] - User set preference: ['loggingPrefs', '{browser=ALL}']

14-02-2025T14:45:27 - [MESSAGE][INFO] - Action delay is set to 1â€¯000 milliseconds

14-02-2025T14:45:29 - [MESSAGE][INFO] - Navigating browser to: 'https://preprod.siaef.dgef.interieur.gouv.fr/sejour/#/accueil'

14-02-2025T14:45:31 - [MESSAGE][PASSED] - Browser is opened with url: 'https://preprod.siaef.dgef.interieur.gouv.fr/sejour/#/accueil'

14-02-2025T14:45:31 - [TEST_STEP][PASSED] - maximizeWindow(): Current window maximized

14-02-2025T14:45:31 - [MESSAGE][INFO] - Maximizing current window

14-02-2025T14:45:31 - [MESSAGE][PASSED] - Current window maximized

14-02-2025T14:45:31 - [MESSAGE][PASSED] - Call Test Case 'Test Cases/Test Reutilisable/Main/ANEF_Eloignement_V_Nawres/ANEF_Lancer_URL_ANEF' successfully

14-02-2025T14:45:31 - [TEST_STEP][PASSED] - callTestCase(findTestCase("Test Cases/Test Reutilisable/Main/ANEF_Eloignement_V_Nawres/ANEF_Identification"), ["Profiles":Profiles, "IdentifiantAgent":IdentifiantAgent, "PwAgent":PwAgent, "EnvExec":EnvExec], STOP_ON_FAILURE): Call Test Case 'Test Cases/Test Reutilisable/Main/ANEF_Eloignement_V_Nawres/ANEF_Identification' successfully

14-02-2025T14:45:31 - [MESSAGE][INFO] - Checking called Test Case

14-02-2025T14:45:31 - [MESSAGE][INFO] - Starting to call Test Case 'Test Cases/Test Reutilisable/Main/ANEF_Eloignement_V_Nawres/ANEF_Identification'

14-02-2025T14:45:31 - [TEST_CASE][PASSED] - Test Cases/Test Reutilisable/Main/ANEF_Eloignement_V_Nawres/ANEF_Identification: Test Cases/Test Reutilisable/Main/ANEF_Eloignement_V_Nawres/ANEF_Identification

14-02-2025T14:45:31 - [TEST_STEP][PASSED] - com.kazurayam.ksbackyard.HighlightElement.pandemic(): com.kazurayam.ksbackyard.HighlightElement.pandemic is PASSED

14-02-2025T14:45:31 - [MESSAGE][PASSED] - com.kazurayam.ksbackyard.HighlightElement.pandemic is PASSED

14-02-2025T14:45:31 - [TEST_STEP][PASSED] - if (Profiles == "Usager"): null

14-02-2025T14:45:31 - [TEST_STEP][PASSED] - if (Profiles == "Agent"): Object: 'Object Repository/ANEF_Eloignement_V_Nawres/Page_ANEF_Connexion/btn_Valider_Conx_Agent' is clicked on

14-02-2025T14:45:31 - [TEST_STEP][PASSED] - if (EnvExec == "URLPortailAgentQualif"): null

14-02-2025T14:45:31 - [TEST_STEP][PASSED] - if (EnvExec == "URLPortailAgentPreProd"): Text 'Natali123456!' is set on object 'Object Repository/ANEF_Eloignement_V_Nawres/Page_ANEF_Connexion/Input_PasswordAgent'

14-02-2025T14:45:31 - [TEST_STEP][PASSED] - setText(findTestObject("Object Repository/ANEF_Eloignement_V_Nawres/Page_ANEF_Connexion/Input_UserNameAgent"), IdentifiantAgent): Text 'test.gpe+970@outlook.fr' is set on object 'Object Repository/ANEF_Eloignement_V_Nawres/Page_ANEF_Connexion/Input_UserNameAgent'

14-02-2025T14:45:31 - [MESSAGE][INFO] - Finding Test Object 'Object Repository/ANEF_Eloignement_V_Nawres/Page_ANEF_Connexion/Input_UserNameAgent'

14-02-2025T14:45:31 - [MESSAGE][INFO] - Checking timeout

14-02-2025T14:45:31 - [MESSAGE][INFO] - Finding web element with id: 'Object Repository/ANEF_Eloignement_V_Nawres/Page_ANEF_Connexion/Input_UserNameAgent' located by 'By.xpath: //*[@aria-labelledby="username-label"]|//*[@id="login"]' in '20' second(s)

14-02-2025T14:45:31 - [MESSAGE][INFO] - Found 1 web elements with id: 'Object Repository/ANEF_Eloignement_V_Nawres/Page_ANEF_Connexion/Input_UserNameAgent' located by 'By.xpath: //*[@aria-labelledby="username-label"]|//*[@id="login"]' in '20' second(s)

14-02-2025T14:45:31 - [MESSAGE][INFO] - Checking object

14-02-2025T14:45:31 - [MESSAGE][INFO] - Checking text

14-02-2025T14:45:31 - [MESSAGE][INFO] - Finding web element from Test Object's properties

14-02-2025T14:45:31 - [MESSAGE][INFO] - Checking timeout

14-02-2025T14:45:31 - [MESSAGE][INFO] - Finding web element with id: 'Object Repository/ANEF_Eloignement_V_Nawres/Page_ANEF_Connexion/Input_UserNameAgent' located by 'By.xpath: //*[@aria-labelledby="username-label"]|//*[@id="login"]' in '100' second(s)

14-02-2025T14:45:31 - [MESSAGE][INFO] - Found 1 web elements with id: 'Object Repository/ANEF_Eloignement_V_Nawres/Page_ANEF_Connexion/Input_UserNameAgent' located by 'By.xpath: //*[@aria-labelledby="username-label"]|//*[@id="login"]' in '100' second(s)

14-02-2025T14:45:31 - [MESSAGE][INFO] - Clearing text of object 'Object Repository/ANEF_Eloignement_V_Nawres/Page_ANEF_Connexion/Input_UserNameAgent'

14-02-2025T14:45:32 - [MESSAGE][INFO] - Finding web element from Test Object's properties

14-02-2025T14:45:32 - [MESSAGE][INFO] - Checking timeout

14-02-2025T14:45:32 - [MESSAGE][INFO] - Finding web element with id: 'Object Repository/ANEF_Eloignement_V_Nawres/Page_ANEF_Connexion/Input_UserNameAgent' located by 'By.xpath: //*[@aria-labelledby="username-label"]|//*[@id="login"]' in '100' second(s)

14-02-2025T14:45:32 - [MESSAGE][INFO] - Found 1 web elements with id: 'Object Repository/ANEF_Eloignement_V_Nawres/Page_ANEF_Connexion/Input_UserNameAgent' located by 'By.xpath: //*[@aria-labelledby="username-label"]|//*[@id="login"]' in '100' second(s)

14-02-2025T14:45:32 - [MESSAGE][INFO] - Setting text of object 'Object Repository/ANEF_Eloignement_V_Nawres/Page_ANEF_Connexion/Input_UserNameAgent' to value 'test.gpe+970@outlook.fr'

14-02-2025T14:45:33 - [MESSAGE][PASSED] - Text 'test.gpe+970@outlook.fr' is set on object 'Object Repository/ANEF_Eloignement_V_Nawres/Page_ANEF_Connexion/Input_UserNameAgent'

14-02-2025T14:45:33 - [TEST_STEP][PASSED] - setText(findTestObject("Object Repository/ANEF_Eloignement_V_Nawres/Page_ANEF_Connexion/Input_PasswordAgent"), PwAgent): Text 'Natali123456!' is set on object 'Object Repository/ANEF_Eloignement_V_Nawres/Page_ANEF_Connexion/Input_PasswordAgent'

14-02-2025T14:45:33 - [MESSAGE][INFO] - Finding Test Object 'Object Repository/ANEF_Eloignement_V_Nawres/Page_ANEF_Connexion/Input_PasswordAgent'

14-02-2025T14:45:33 - [MESSAGE][INFO] - Checking timeout

14-02-2025T14:45:33 - [MESSAGE][INFO] - Finding web element with id: 'Object Repository/ANEF_Eloignement_V_Nawres/Page_ANEF_Connexion/Input_PasswordAgent' located by 'By.xpath: //*[@aria-labelledby="password-label"]|//*[@id="password"]' in '20' second(s)

14-02-2025T14:45:33 - [MESSAGE][INFO] - Found 1 web elements with id: 'Object Repository/ANEF_Eloignement_V_Nawres/Page_ANEF_Connexion/Input_PasswordAgent' located by 'By.xpath: //*[@aria-labelledby="password-label"]|//*[@id="password"]' in '20' second(s)

14-02-2025T14:45:33 - [MESSAGE][INFO] - Checking object

14-02-2025T14:45:33 - [MESSAGE][INFO] - Checking text

14-02-2025T14:45:33 - [MESSAGE][INFO] - Finding web element from Test Object's properties

14-02-2025T14:45:33 - [MESSAGE][INFO] - Checking timeout

14-02-2025T14:45:33 - [MESSAGE][INFO] - Finding web element with id: 'Object Repository/ANEF_Eloignement_V_Nawres/Page_ANEF_Connexion/Input_PasswordAgent' located by 'By.xpath: //*[@aria-labelledby="password-label"]|//*[@id="password"]' in '100' second(s)

14-02-2025T14:45:33 - [MESSAGE][INFO] - Found 1 web elements with id: 'Object Repository/ANEF_Eloignement_V_Nawres/Page_ANEF_Connexion/Input_PasswordAgent' located by 'By.xpath: //*[@aria-labelledby="password-label"]|//*[@id="password"]' in '100' second(s)

14-02-2025T14:45:33 - [MESSAGE][INFO] - Clearing text of object 'Object Repository/ANEF_Eloignement_V_Nawres/Page_ANEF_Connexion/Input_PasswordAgent'

14-02-2025T14:45:34 - [MESSAGE][INFO] - Finding web element from Test Object's properties

14-02-2025T14:45:34 - [MESSAGE][INFO] - Checking timeout

14-02-2025T14:45:34 - [MESSAGE][INFO] - Finding web element with id: 'Object Repository/ANEF_Eloignement_V_Nawres/Page_ANEF_Connexion/Input_PasswordAgent' located by 'By.xpath: //*[@aria-labelledby="password-label"]|//*[@id="password"]' in '100' second(s)

14-02-2025T14:45:34 - [MESSAGE][INFO] - Found 1 web elements with id: 'Object Repository/ANEF_Eloignement_V_Nawres/Page_ANEF_Connexion/Input_PasswordAgent' located by 'By.xpath: //*[@aria-labelledby="password-label"]|//*[@id="password"]' in '100' second(s)

14-02-2025T14:45:34 - [MESSAGE][INFO] - Setting text of object 'Object Repository/ANEF_Eloignement_V_Nawres/Page_ANEF_Connexion/Input_PasswordAgent' to value 'Natali123456!'

14-02-2025T14:45:36 - [MESSAGE][PASSED] - Text 'Natali123456!' is set on object 'Object Repository/ANEF_Eloignement_V_Nawres/Page_ANEF_Connexion/Input_PasswordAgent'

14-02-2025T14:45:36 - [TEST_STEP][PASSED] - click(findTestObject("Object Repository/ANEF_Eloignement_V_Nawres/Page_ANEF_Connexion/btn_Valider_Conx_Agent")): Object: 'Object Repository/ANEF_Eloignement_V_Nawres/Page_ANEF_Connexion/btn_Valider_Conx_Agent' is clicked on

14-02-2025T14:45:36 - [MESSAGE][INFO] - Finding Test Object 'Object Repository/ANEF_Eloignement_V_Nawres/Page_ANEF_Connexion/btn_Valider_Conx_Agent'

14-02-2025T14:45:36 - [MESSAGE][INFO] - Checking timeout

14-02-2025T14:45:36 - [MESSAGE][INFO] - Finding web element with id: 'Object Repository/ANEF_Eloignement_V_Nawres/Page_ANEF_Connexion/btn_Valider_Conx_Agent' located by 'By.xpath: //*[@label="Valider"]|//*[@id="btn-login"]' in '20' second(s)

14-02-2025T14:45:36 - [MESSAGE][INFO] - Found 1 web elements with id: 'Object Repository/ANEF_Eloignement_V_Nawres/Page_ANEF_Connexion/btn_Valider_Conx_Agent' located by 'By.xpath: //*[@label="Valider"]|//*[@id="btn-login"]' in '20' second(s)

14-02-2025T14:45:36 - [MESSAGE][INFO] - Checking object

14-02-2025T14:45:36 - [MESSAGE][INFO] - Checking timeout

14-02-2025T14:45:36 - [MESSAGE][INFO] - Finding web element from Test Object's properties

14-02-2025T14:45:36 - [MESSAGE][INFO] - Checking timeout

14-02-2025T14:45:36 - [MESSAGE][INFO] - Finding web element with id: 'Object Repository/ANEF_Eloignement_V_Nawres/Page_ANEF_Connexion/btn_Valider_Conx_Agent' located by 'By.xpath: //*[@label="Valider"]|//*[@id="btn-login"]' in '100' second(s)

14-02-2025T14:45:36 - [MESSAGE][INFO] - Found 1 web elements with id: 'Object Repository/ANEF_Eloignement_V_Nawres/Page_ANEF_Connexion/btn_Valider_Conx_Agent' located by 'By.xpath: //*[@label="Valider"]|//*[@id="btn-login"]' in '100' second(s)

14-02-2025T14:45:36 - [MESSAGE][INFO] - Clicking on object: 'Object Repository/ANEF_Eloignement_V_Nawres/Page_ANEF_Connexion/btn_Valider_Conx_Agent'

14-02-2025T14:45:37 - [MESSAGE][PASSED] - Object: 'Object Repository/ANEF_Eloignement_V_Nawres/Page_ANEF_Connexion/btn_Valider_Conx_Agent' is clicked on

14-02-2025T14:45:37 - [TEST_STEP][PASSED] - delay(5): Delayed 5 second(s)

14-02-2025T14:45:37 - [MESSAGE][INFO] - Delaying browser in 5 second(s)

14-02-2025T14:45:42 - [MESSAGE][PASSED] - Delayed 5 second(s)

14-02-2025T14:45:42 - [TEST_STEP][PASSED] - verifyElementPresent(findTestObject("Object Repository/ANEF_Eloignement_V_Nawres/Page_Accueil_Principale/btn_ANEF_Eloignement"), 1, STOP_ON_FAILURE): Object 'Object Repository/ANEF_Eloignement_V_Nawres/Page_Accueil_Principale/btn_ANEF_Eloignement' is present

14-02-2025T14:45:42 - [MESSAGE][INFO] - Finding Test Object 'Object Repository/ANEF_Eloignement_V_Nawres/Page_Accueil_Principale/btn_ANEF_Eloignement'

14-02-2025T14:45:42 - [MESSAGE][INFO] - Checking object

14-02-2025T14:45:42 - [MESSAGE][INFO] - Finding web element from Test Object's properties

14-02-2025T14:45:42 - [MESSAGE][INFO] - Checking timeout

14-02-2025T14:45:42 - [MESSAGE][INFO] - Finding web element with id: 'Object Repository/ANEF_Eloignement_V_Nawres/Page_Accueil_Principale/btn_ANEF_Eloignement' located by 'By.xpath: //span[contains(text()," ANEF Ã©loignement ")]' in '1' second(s)

14-02-2025T14:45:42 - [MESSAGE][INFO] - Found 1 web elements with id: 'Object Repository/ANEF_Eloignement_V_Nawres/Page_Accueil_Principale/btn_ANEF_Eloignement' located by 'By.xpath: //span[contains(text()," ANEF Ã©loignement ")]' in '1' second(s)

14-02-2025T14:45:42 - [MESSAGE][PASSED] - Object 'Object Repository/ANEF_Eloignement_V_Nawres/Page_Accueil_Principale/btn_ANEF_Eloignement' is present

14-02-2025T14:45:42 - [MESSAGE][PASSED] - Call Test Case 'Test Cases/Test Reutilisable/Main/ANEF_Eloignement_V_Nawres/ANEF_Identification' successfully

14-02-2025T14:45:42 - [TEST_STEP][PASSED] - callTestCase(findTestCase("Test Cases/Test Reutilisable/Main/ANEF_Eloignement_V_Nawres/ANEF_Creation_ou_Recherche_Dossier"), ["CreationOuRecherche":CreationOuRecherche, "NumeroEtranger":NumeroEtranger], STOP_ON_FAILURE): Call Test Case 'Test Cases/Test Reutilisable/Main/ANEF_Eloignement_V_Nawres/ANEF_Creation_ou_Recherche_Dossier' successfully

14-02-2025T14:45:42 - [MESSAGE][INFO] - Checking called Test Case

14-02-2025T14:45:42 - [MESSAGE][INFO] - Starting to call Test Case 'Test Cases/Test Reutilisable/Main/ANEF_Eloignement_V_Nawres/ANEF_Creation_ou_Recherche_Dossier'

14-02-2025T14:45:42 - [TEST_CASE][PASSED] - Test Cases/Test Reutilisable/Main/ANEF_Eloignement_V_Nawres/ANEF_Creation_ou_Recherche_Dossier: Test Cases/Test Reutilisable/Main/ANEF_Eloignement_V_Nawres/ANEF_Creation_ou_Recherche_Dossier

14-02-2025T14:45:42 - [TEST_STEP][PASSED] - click(findTestObject("Object Repository/ANEF_Eloignement_V_Nawres/Page_Accueil_Principale/btn_ANEF_Eloignement")): Object: 'Object Repository/ANEF_Eloignement_V_Nawres/Page_Accueil_Principale/btn_ANEF_Eloignement' is clicked on

14-02-2025T14:45:42 - [MESSAGE][INFO] - Finding Test Object 'Object Repository/ANEF_Eloignement_V_Nawres/Page_Accueil_Principale/btn_ANEF_Eloignement'

14-02-2025T14:45:42 - [MESSAGE][INFO] - Checking timeout

14-02-2025T14:45:42 - [MESSAGE][INFO] - Finding web element with id: 'Object Repository/ANEF_Eloignement_V_Nawres/Page_Accueil_Principale/btn_ANEF_Eloignement' located by 'By.xpath: //span[contains(text()," ANEF Ã©loignement ")]' in '20' second(s)

14-02-2025T14:45:42 - [MESSAGE][INFO] - Found 1 web elements with id: 'Object Repository/ANEF_Eloignement_V_Nawres/Page_Accueil_Principale/btn_ANEF_Eloignement' located by 'By.xpath: //span[contains(text()," ANEF Ã©loignement ")]' in '20' second(s)

14-02-2025T14:45:42 - [MESSAGE][INFO] - Checking object

14-02-2025T14:45:42 - [MESSAGE][INFO] - Checking timeout

14-02-2025T14:45:42 - [MESSAGE][INFO] - Finding web element from Test Object's properties

14-02-2025T14:45:42 - [MESSAGE][INFO] - Checking timeout

14-02-2025T14:45:42 - [MESSAGE][INFO] - Finding web element with id: 'Object Repository/ANEF_Eloignement_V_Nawres/Page_Accueil_Principale/btn_ANEF_Eloignement' located by 'By.xpath: //span[contains(text()," ANEF Ã©loignement ")]' in '100' second(s)

14-02-2025T14:45:42 - [MESSAGE][INFO] - Found 1 web elements with id: 'Object Repository/ANEF_Eloignement_V_Nawres/Page_Accueil_Principale/btn_ANEF_Eloignement' located by 'By.xpath: //span[contains(text()," ANEF Ã©loignement ")]' in '100' second(s)

14-02-2025T14:45:42 - [MESSAGE][INFO] - Clicking on object: 'Object Repository/ANEF_Eloignement_V_Nawres/Page_Accueil_Principale/btn_ANEF_Eloignement'

14-02-2025T14:45:45 - [MESSAGE][PASSED] - Object: 'Object Repository/ANEF_Eloignement_V_Nawres/Page_Accueil_Principale/btn_ANEF_Eloignement' is clicked on

14-02-2025T14:45:45 - [TEST_STEP][PASSED] - verifyElementPresent(findTestObject("Object Repository/ANEF_Eloignement_V_Nawres/Page_Creation_ou_Recherche_Dossier/btn_Rechercher_Dossier"), 1, STOP_ON_FAILURE): Object 'Object Repository/ANEF_Eloignement_V_Nawres/Page_Creation_ou_Recherche_Dossier/btn_Rechercher_Dossier' is present

14-02-2025T14:45:45 - [MESSAGE][INFO] - Finding Test Object 'Object Repository/ANEF_Eloignement_V_Nawres/Page_Creation_ou_Recherche_Dossier/btn_Rechercher_Dossier'

14-02-2025T14:45:45 - [MESSAGE][INFO] - Checking object

14-02-2025T14:45:45 - [MESSAGE][INFO] - Finding web element from Test Object's properties

14-02-2025T14:45:45 - [MESSAGE][INFO] - Checking timeout

14-02-2025T14:45:45 - [MESSAGE][INFO] - Finding web element with id: 'Object Repository/ANEF_Eloignement_V_Nawres/Page_Creation_ou_Recherche_Dossier/btn_Rechercher_Dossier' located by 'By.xpath: //button[@title="Rechercher un dossier"]' in '1' second(s)

14-02-2025T14:45:45 - [MESSAGE][INFO] - Found 1 web elements with id: 'Object Repository/ANEF_Eloignement_V_Nawres/Page_Creation_ou_Recherche_Dossier/btn_Rechercher_Dossier' located by 'By.xpath: //button[@title="Rechercher un dossier"]' in '1' second(s)

14-02-2025T14:45:45 - [MESSAGE][PASSED] - Object 'Object Repository/ANEF_Eloignement_V_Nawres/Page_Creation_ou_Recherche_Dossier/btn_Rechercher_Dossier' is present

14-02-2025T14:45:45 - [TEST_STEP][PASSED] - delay(5): Delayed 5 second(s)

14-02-2025T14:45:45 - [MESSAGE][INFO] - Delaying browser in 5 second(s)

14-02-2025T14:45:50 - [MESSAGE][PASSED] - Delayed 5 second(s)

14-02-2025T14:45:50 - [TEST_STEP][PASSED] - click(findTestObject("Object Repository/ANEF_Eloignement_V_Nawres/Page_Creation_ou_Recherche_Dossier/btn_Rechercher_Dossier")): Object: 'Object Repository/ANEF_Eloignement_V_Nawres/Page_Creation_ou_Recherche_Dossier/btn_Rechercher_Dossier' is clicked on

14-02-2025T14:45:50 - [MESSAGE][INFO] - Finding Test Object 'Object Repository/ANEF_Eloignement_V_Nawres/Page_Creation_ou_Recherche_Dossier/btn_Rechercher_Dossier'

14-02-2025T14:45:50 - [MESSAGE][INFO] - Checking timeout

14-02-2025T14:45:50 - [MESSAGE][INFO] - Finding web element with id: 'Object Repository/ANEF_Eloignement_V_Nawres/Page_Creation_ou_Recherche_Dossier/btn_Rechercher_Dossier' located by 'By.xpath: //button[@title="Rechercher un dossier"]' in '20' second(s)

14-02-2025T14:45:50 - [MESSAGE][INFO] - Found 1 web elements with id: 'Object Repository/ANEF_Eloignement_V_Nawres/Page_Creation_ou_Recherche_Dossier/btn_Rechercher_Dossier' located by 'By.xpath: //button[@title="Rechercher un dossier"]' in '20' second(s)

14-02-2025T14:45:50 - [MESSAGE][INFO] - Checking object

14-02-2025T14:45:50 - [MESSAGE][INFO] - Checking timeout

14-02-2025T14:45:50 - [MESSAGE][INFO] - Finding web element from Test Object's properties

14-02-2025T14:45:50 - [MESSAGE][INFO] - Checking timeout

14-02-2025T14:45:50 - [MESSAGE][INFO] - Finding web element with id: 'Object Repository/ANEF_Eloignement_V_Nawres/Page_Creation_ou_Recherche_Dossier/btn_Rechercher_Dossier' located by 'By.xpath: //button[@title="Rechercher un dossier"]' in '100' second(s)

14-02-2025T14:45:50 - [MESSAGE][INFO] - Found 1 web elements with id: 'Object Repository/ANEF_Eloignement_V_Nawres/Page_Creation_ou_Recherche_Dossier/btn_Rechercher_Dossier' located by 'By.xpath: //button[@title="Rechercher un dossier"]' in '100' second(s)

14-02-2025T14:45:50 - [MESSAGE][INFO] - Clicking on object: 'Object Repository/ANEF_Eloignement_V_Nawres/Page_Creation_ou_Recherche_Dossier/btn_Rechercher_Dossier'

14-02-2025T14:45:52 - [MESSAGE][PASSED] - Object: 'Object Repository/ANEF_Eloignement_V_Nawres/Page_Creation_ou_Recherche_Dossier/btn_Rechercher_Dossier' is clicked on

14-02-2025T14:45:52 - [TEST_STEP][PASSED] - if (CreationOuRecherche == "Creation"): null

14-02-2025T14:45:52 - [TEST_STEP][PASSED] - if (CreationOuRecherche == "Recherche"): Object: 'Object Repository/ANEF_Eloignement_V_Nawres/Page_Creation_ou_Recherche_Dossier/btn_Choisir_Dossier_Etranger' is clicked on

14-02-2025T14:45:52 - [TEST_STEP][PASSED] - setText(findTestObject("Object Repository/ANEF_Eloignement_V_Nawres/Page_Creation_ou_Recherche_Dossier/Input_Numero_etranger"), NumeroEtranger, STOP_ON_FAILURE): Text '7503181980' is set on object 'Object Repository/ANEF_Eloignement_V_Nawres/Page_Creation_ou_Recherche_Dossier/Input_Numero_etranger'

14-02-2025T14:45:52 - [MESSAGE][INFO] - Finding Test Object 'Object Repository/ANEF_Eloignement_V_Nawres/Page_Creation_ou_Recherche_Dossier/Input_Numero_etranger'

14-02-2025T14:45:52 - [MESSAGE][INFO] - Checking timeout

14-02-2025T14:45:52 - [MESSAGE][INFO] - Finding web element with id: 'Object Repository/ANEF_Eloignement_V_Nawres/Page_Creation_ou_Recherche_Dossier/Input_Numero_etranger' located by 'By.xpath: //app-identite-declaree-search-box//div/app-dsfr-input/div/input[@id="identifiant_agdref"]|//app-search-box//div/app-dsfr-input/div/input[@id="identifiant_agdref"]' in '20' second(s)

14-02-2025T14:45:52 - [MESSAGE][INFO] - Found 1 web elements with id: 'Object Repository/ANEF_Eloignement_V_Nawres/Page_Creation_ou_Recherche_Dossier/Input_Numero_etranger' located by 'By.xpath: //app-identite-declaree-search-box//div/app-dsfr-input/div/input[@id="identifiant_agdref"]|//app-search-box//div/app-dsfr-input/div/input[@id="identifiant_agdref"]' in '20' second(s)

14-02-2025T14:45:52 - [MESSAGE][INFO] - Checking object

14-02-2025T14:45:52 - [MESSAGE][INFO] - Checking text

14-02-2025T14:45:52 - [MESSAGE][INFO] - Finding web element from Test Object's properties

14-02-2025T14:45:52 - [MESSAGE][INFO] - Checking timeout

14-02-2025T14:45:52 - [MESSAGE][INFO] - Finding web element with id: 'Object Repository/ANEF_Eloignement_V_Nawres/Page_Creation_ou_Recherche_Dossier/Input_Numero_etranger' located by 'By.xpath: //app-identite-declaree-search-box//div/app-dsfr-input/div/input[@id="identifiant_agdref"]|//app-search-box//div/app-dsfr-input/div/input[@id="identifiant_agdref"]' in '100' second(s)

14-02-2025T14:45:52 - [MESSAGE][INFO] - Found 1 web elements with id: 'Object Repository/ANEF_Eloignement_V_Nawres/Page_Creation_ou_Recherche_Dossier/Input_Numero_etranger' located by 'By.xpath: //app-identite-declaree-search-box//div/app-dsfr-input/div/input[@id="identifiant_agdref"]|//app-search-box//div/app-dsfr-input/div/input[@id="identifiant_agdref"]' in '100' second(s)

14-02-2025T14:45:52 - [MESSAGE][INFO] - Clearing text of object 'Object Repository/ANEF_Eloignement_V_Nawres/Page_Creation_ou_Recherche_Dossier/Input_Numero_etranger'

14-02-2025T14:45:53 - [MESSAGE][INFO] - Finding web element from Test Object's properties

14-02-2025T14:45:53 - [MESSAGE][INFO] - Checking timeout

14-02-2025T14:45:53 - [MESSAGE][INFO] - Finding web element with id: 'Object Repository/ANEF_Eloignement_V_Nawres/Page_Creation_ou_Recherche_Dossier/Input_Numero_etranger' located by 'By.xpath: //app-identite-declaree-search-box//div/app-dsfr-input/div/input[@id="identifiant_agdref"]|//app-search-box//div/app-dsfr-input/div/input[@id="identifiant_agdref"]' in '100' second(s)

14-02-2025T14:45:53 - [MESSAGE][INFO] - Found 1 web elements with id: 'Object Repository/ANEF_Eloignement_V_Nawres/Page_Creation_ou_Recherche_Dossier/Input_Numero_etranger' located by 'By.xpath: //app-identite-declaree-search-box//div/app-dsfr-input/div/input[@id="identifiant_agdref"]|//app-search-box//div/app-dsfr-input/div/input[@id="identifiant_agdref"]' in '100' second(s)

14-02-2025T14:45:53 - [MESSAGE][INFO] - Setting text of object 'Object Repository/ANEF_Eloignement_V_Nawres/Page_Creation_ou_Recherche_Dossier/Input_Numero_etranger' to value '7503181980'

14-02-2025T14:45:54 - [MESSAGE][PASSED] - Text '7503181980' is set on object 'Object Repository/ANEF_Eloignement_V_Nawres/Page_Creation_ou_Recherche_Dossier/Input_Numero_etranger'

14-02-2025T14:45:54 - [TEST_STEP][PASSED] - click(findTestObject("Object Repository/ANEF_Eloignement_V_Nawres/Page_Creation_ou_Recherche_Dossier/Input_Numero_etranger"), STOP_ON_FAILURE): Object: 'Object Repository/ANEF_Eloignement_V_Nawres/Page_Creation_ou_Recherche_Dossier/Input_Numero_etranger' is clicked on

14-02-2025T14:45:54 - [MESSAGE][INFO] - Finding Test Object 'Object Repository/ANEF_Eloignement_V_Nawres/Page_Creation_ou_Recherche_Dossier/Input_Numero_etranger'

14-02-2025T14:45:54 - [MESSAGE][INFO] - Checking timeout

14-02-2025T14:45:54 - [MESSAGE][INFO] - Finding web element with id: 'Object Repository/ANEF_Eloignement_V_Nawres/Page_Creation_ou_Recherche_Dossier/Input_Numero_etranger' located by 'By.xpath: //app-identite-declaree-search-box//div/app-dsfr-input/div/input[@id="identifiant_agdref"]|//app-search-box//div/app-dsfr-input/div/input[@id="identifiant_agdref"]' in '20' second(s)

14-02-2025T14:45:54 - [MESSAGE][INFO] - Found 1 web elements with id: 'Object Repository/ANEF_Eloignement_V_Nawres/Page_Creation_ou_Recherche_Dossier/Input_Numero_etranger' located by 'By.xpath: //app-identite-declaree-search-box//div/app-dsfr-input/div/input[@id="identifiant_agdref"]|//app-search-box//div/app-dsfr-input/div/input[@id="identifiant_agdref"]' in '20' second(s)

14-02-2025T14:45:54 - [MESSAGE][INFO] - Checking object

14-02-2025T14:45:54 - [MESSAGE][INFO] - Checking timeout

14-02-2025T14:45:54 - [MESSAGE][INFO] - Finding web element from Test Object's properties

14-02-2025T14:45:54 - [MESSAGE][INFO] - Checking timeout

14-02-2025T14:45:54 - [MESSAGE][INFO] - Finding web element with id: 'Object Repository/ANEF_Eloignement_V_Nawres/Page_Creation_ou_Recherche_Dossier/Input_Numero_etranger' located by 'By.xpath: //app-identite-declaree-search-box//div/app-dsfr-input/div/input[@id="identifiant_agdref"]|//app-search-box//div/app-dsfr-input/div/input[@id="identifiant_agdref"]' in '100' second(s)

14-02-2025T14:45:54 - [MESSAGE][INFO] - Found 1 web elements with id: 'Object Repository/ANEF_Eloignement_V_Nawres/Page_Creation_ou_Recherche_Dossier/Input_Numero_etranger' located by 'By.xpath: //app-identite-declaree-search-box//div/app-dsfr-input/div/input[@id="identifiant_agdref"]|//app-search-box//div/app-dsfr-input/div/input[@id="identifiant_agdref"]' in '100' second(s)

14-02-2025T14:45:54 - [MESSAGE][INFO] - Clicking on object: 'Object Repository/ANEF_Eloignement_V_Nawres/Page_Creation_ou_Recherche_Dossier/Input_Numero_etranger'

14-02-2025T14:45:55 - [MESSAGE][PASSED] - Object: 'Object Repository/ANEF_Eloignement_V_Nawres/Page_Creation_ou_Recherche_Dossier/Input_Numero_etranger' is clicked on

14-02-2025T14:45:55 - [TEST_STEP][PASSED] - scrollToElement(findTestObject("Object Repository/ANEF_Eloignement_V_Nawres/Page_Creation_ou_Recherche_Dossier/btn_Lancer_La_Recherche"), 5, STOP_ON_FAILURE): Scroll to object 'Object Repository/ANEF_Eloignement_V_Nawres/Page_Creation_ou_Recherche_Dossier/btn_Lancer_La_Recherche' successfully

14-02-2025T14:45:55 - [MESSAGE][INFO] - Finding Test Object 'Object Repository/ANEF_Eloignement_V_Nawres/Page_Creation_ou_Recherche_Dossier/btn_Lancer_La_Recherche'

14-02-2025T14:45:55 - [MESSAGE][INFO] - Checking object

14-02-2025T14:45:55 - [MESSAGE][INFO] - Checking timeout

14-02-2025T14:45:55 - [MESSAGE][INFO] - Finding web element from Test Object's properties

14-02-2025T14:45:55 - [MESSAGE][INFO] - Checking timeout

14-02-2025T14:45:55 - [MESSAGE][INFO] - Finding web element with id: 'Object Repository/ANEF_Eloignement_V_Nawres/Page_Creation_ou_Recherche_Dossier/btn_Lancer_La_Recherche' located by 'By.xpath: //button[contains(text(),"Lancer la recherche ")]' in '100' second(s)

14-02-2025T14:45:55 - [MESSAGE][INFO] - Found 1 web elements with id: 'Object Repository/ANEF_Eloignement_V_Nawres/Page_Creation_ou_Recherche_Dossier/btn_Lancer_La_Recherche' located by 'By.xpath: //button[contains(text(),"Lancer la recherche ")]' in '100' second(s)

14-02-2025T14:45:55 - [MESSAGE][INFO] - Scrolling to object 'Object Repository/ANEF_Eloignement_V_Nawres/Page_Creation_ou_Recherche_Dossier/btn_Lancer_La_Recherche'

14-02-2025T14:45:55 - [MESSAGE][PASSED] - Scroll to object 'Object Repository/ANEF_Eloignement_V_Nawres/Page_Creation_ou_Recherche_Dossier/btn_Lancer_La_Recherche' successfully

14-02-2025T14:45:55 - [TEST_STEP][PASSED] - click(findTestObject("Object Repository/ANEF_Eloignement_V_Nawres/Page_Creation_ou_Recherche_Dossier/btn_Lancer_La_Recherche"), STOP_ON_FAILURE): Object: 'Object Repository/ANEF_Eloignement_V_Nawres/Page_Creation_ou_Recherche_Dossier/btn_Lancer_La_Recherche' is clicked on

14-02-2025T14:45:55 - [MESSAGE][INFO] - Finding Test Object 'Object Repository/ANEF_Eloignement_V_Nawres/Page_Creation_ou_Recherche_Dossier/btn_Lancer_La_Recherche'

14-02-2025T14:45:55 - [MESSAGE][INFO] - Checking timeout

14-02-2025T14:45:55 - [MESSAGE][INFO] - Finding web element with id: 'Object Repository/ANEF_Eloignement_V_Nawres/Page_Creation_ou_Recherche_Dossier/btn_Lancer_La_Recherche' located by 'By.xpath: //button[contains(text(),"Lancer la recherche ")]' in '20' second(s)

14-02-2025T14:45:55 - [MESSAGE][INFO] - Found 1 web elements with id: 'Object Repository/ANEF_Eloignement_V_Nawres/Page_Creation_ou_Recherche_Dossier/btn_Lancer_La_Recherche' located by 'By.xpath: //button[contains(text(),"Lancer la recherche ")]' in '20' second(s)

14-02-2025T14:45:55 - [MESSAGE][INFO] - Checking object

14-02-2025T14:45:55 - [MESSAGE][INFO] - Checking timeout

14-02-2025T14:45:55 - [MESSAGE][INFO] - Finding web element from Test Object's properties

14-02-2025T14:45:55 - [MESSAGE][INFO] - Checking timeout

14-02-2025T14:45:55 - [MESSAGE][INFO] - Finding web element with id: 'Object Repository/ANEF_Eloignement_V_Nawres/Page_Creation_ou_Recherche_Dossier/btn_Lancer_La_Recherche' located by 'By.xpath: //button[contains(text(),"Lancer la recherche ")]' in '100' second(s)

14-02-2025T14:45:55 - [MESSAGE][INFO] - Found 1 web elements with id: 'Object Repository/ANEF_Eloignement_V_Nawres/Page_Creation_ou_Recherche_Dossier/btn_Lancer_La_Recherche' located by 'By.xpath: //button[contains(text(),"Lancer la recherche ")]' in '100' second(s)

14-02-2025T14:45:55 - [MESSAGE][INFO] - Clicking on object: 'Object Repository/ANEF_Eloignement_V_Nawres/Page_Creation_ou_Recherche_Dossier/btn_Lancer_La_Recherche'

14-02-2025T14:45:56 - [MESSAGE][PASSED] - Object: 'Object Repository/ANEF_Eloignement_V_Nawres/Page_Creation_ou_Recherche_Dossier/btn_Lancer_La_Recherche' is clicked on

14-02-2025T14:45:56 - [TEST_STEP][PASSED] - delay(5): Delayed 5 second(s)

14-02-2025T14:45:56 - [MESSAGE][INFO] - Delaying browser in 5 second(s)

14-02-2025T14:46:01 - [MESSAGE][PASSED] - Delayed 5 second(s)

14-02-2025T14:46:01 - [TEST_STEP][PASSED] - scrollToElement(findTestObject("Object Repository/ANEF_Eloignement_V_Nawres/Page_Creation_ou_Recherche_Dossier/btn_Radio_Selectionner_Dossier"), 5, STOP_ON_FAILURE): Scroll to object 'Object Repository/ANEF_Eloignement_V_Nawres/Page_Creation_ou_Recherche_Dossier/btn_Radio_Selectionner_Dossier' successfully

14-02-2025T14:46:01 - [MESSAGE][INFO] - Finding Test Object 'Object Repository/ANEF_Eloignement_V_Nawres/Page_Creation_ou_Recherche_Dossier/btn_Radio_Selectionner_Dossier'

14-02-2025T14:46:01 - [MESSAGE][INFO] - Checking object

14-02-2025T14:46:01 - [MESSAGE][INFO] - Checking timeout

14-02-2025T14:46:01 - [MESSAGE][INFO] - Finding web element from Test Object's properties

14-02-2025T14:46:01 - [MESSAGE][INFO] - Checking timeout

14-02-2025T14:46:01 - [MESSAGE][INFO] - Finding web element with id: 'Object Repository/ANEF_Eloignement_V_Nawres/Page_Creation_ou_Recherche_Dossier/btn_Radio_Selectionner_Dossier' located by 'By.xpath: //app-search-etranger/app-search-result-etranger//table/tbody/tr//label' in '100' second(s)

14-02-2025T14:46:01 - [MESSAGE][INFO] - Found 1 web elements with id: 'Object Repository/ANEF_Eloignement_V_Nawres/Page_Creation_ou_Recherche_Dossier/btn_Radio_Selectionner_Dossier' located by 'By.xpath: //app-search-etranger/app-search-result-etranger//table/tbody/tr//label' in '100' second(s)

14-02-2025T14:46:01 - [MESSAGE][INFO] - Scrolling to object 'Object Repository/ANEF_Eloignement_V_Nawres/Page_Creation_ou_Recherche_Dossier/btn_Radio_Selectionner_Dossier'

14-02-2025T14:46:01 - [MESSAGE][PASSED] - Scroll to object 'Object Repository/ANEF_Eloignement_V_Nawres/Page_Creation_ou_Recherche_Dossier/btn_Radio_Selectionner_Dossier' successfully

14-02-2025T14:46:01 - [TEST_STEP][PASSED] - click(findTestObject("Object Repository/ANEF_Eloignement_V_Nawres/Page_Creation_ou_Recherche_Dossier/btn_Radio_Selectionner_Dossier"), STOP_ON_FAILURE): Object: 'Object Repository/ANEF_Eloignement_V_Nawres/Page_Creation_ou_Recherche_Dossier/btn_Radio_Selectionner_Dossier' is clicked on

14-02-2025T14:46:01 - [MESSAGE][INFO] - Finding Test Object 'Object Repository/ANEF_Eloignement_V_Nawres/Page_Creation_ou_Recherche_Dossier/btn_Radio_Selectionner_Dossier'

14-02-2025T14:46:01 - [MESSAGE][INFO] - Checking timeout

14-02-2025T14:46:01 - [MESSAGE][INFO] - Finding web element with id: 'Object Repository/ANEF_Eloignement_V_Nawres/Page_Creation_ou_Recherche_Dossier/btn_Radio_Selectionner_Dossier' located by 'By.xpath: //app-search-etranger/app-search-result-etranger//table/tbody/tr//label' in '20' second(s)

14-02-2025T14:46:01 - [MESSAGE][INFO] - Found 1 web elements with id: 'Object Repository/ANEF_Eloignement_V_Nawres/Page_Creation_ou_Recherche_Dossier/btn_Radio_Selectionner_Dossier' located by 'By.xpath: //app-search-etranger/app-search-result-etranger//table/tbody/tr//label' in '20' second(s)

14-02-2025T14:46:01 - [MESSAGE][INFO] - Checking object

14-02-2025T14:46:01 - [MESSAGE][INFO] - Checking timeout

14-02-2025T14:46:01 - [MESSAGE][INFO] - Finding web element from Test Object's properties

14-02-2025T14:46:01 - [MESSAGE][INFO] - Checking timeout

14-02-2025T14:46:01 - [MESSAGE][INFO] - Finding web element with id: 'Object Repository/ANEF_Eloignement_V_Nawres/Page_Creation_ou_Recherche_Dossier/btn_Radio_Selectionner_Dossier' located by 'By.xpath: //app-search-etranger/app-search-result-etranger//table/tbody/tr//label' in '100' second(s)

14-02-2025T14:46:02 - [MESSAGE][INFO] - Found 1 web elements with id: 'Object Repository/ANEF_Eloignement_V_Nawres/Page_Creation_ou_Recherche_Dossier/btn_Radio_Selectionner_Dossier' located by 'By.xpath: //app-search-etranger/app-search-result-etranger//table/tbody/tr//label' in '100' second(s)

14-02-2025T14:46:02 - [MESSAGE][INFO] - Clicking on object: 'Object Repository/ANEF_Eloignement_V_Nawres/Page_Creation_ou_Recherche_Dossier/btn_Radio_Selectionner_Dossier'

14-02-2025T14:46:03 - [MESSAGE][PASSED] - Object: 'Object Repository/ANEF_Eloignement_V_Nawres/Page_Creation_ou_Recherche_Dossier/btn_Radio_Selectionner_Dossier' is clicked on

14-02-2025T14:46:03 - [TEST_STEP][PASSED] - click(findTestObject("Object Repository/ANEF_Eloignement_V_Nawres/Page_Creation_ou_Recherche_Dossier/btn_Choisir_Dossier_Etranger"), STOP_ON_FAILURE): Object: 'Object Repository/ANEF_Eloignement_V_Nawres/Page_Creation_ou_Recherche_Dossier/btn_Choisir_Dossier_Etranger' is clicked on

14-02-2025T14:46:03 - [MESSAGE][INFO] - Finding Test Object 'Object Repository/ANEF_Eloignement_V_Nawres/Page_Creation_ou_Recherche_Dossier/btn_Choisir_Dossier_Etranger'

14-02-2025T14:46:03 - [MESSAGE][INFO] - Checking timeout

14-02-2025T14:46:03 - [MESSAGE][INFO] - Finding web element with id: 'Object Repository/ANEF_Eloignement_V_Nawres/Page_Creation_ou_Recherche_Dossier/btn_Choisir_Dossier_Etranger' located by 'By.xpath: //button[contains(text(),"Choisir un dossier Ã©tranger")]' in '20' second(s)

14-02-2025T14:46:03 - [MESSAGE][INFO] - Found 1 web elements with id: 'Object Repository/ANEF_Eloignement_V_Nawres/Page_Creation_ou_Recherche_Dossier/btn_Choisir_Dossier_Etranger' located by 'By.xpath: //button[contains(text(),"Choisir un dossier Ã©tranger")]' in '20' second(s)

14-02-2025T14:46:03 - [MESSAGE][INFO] - Checking object

14-02-2025T14:46:03 - [MESSAGE][INFO] - Checking timeout

14-02-2025T14:46:03 - [MESSAGE][INFO] - Finding web element from Test Object's properties

14-02-2025T14:46:03 - [MESSAGE][INFO] - Checking timeout

14-02-2025T14:46:03 - [MESSAGE][INFO] - Finding web element with id: 'Object Repository/ANEF_Eloignement_V_Nawres/Page_Creation_ou_Recherche_Dossier/btn_Choisir_Dossier_Etranger' located by 'By.xpath: //button[contains(text(),"Choisir un dossier Ã©tranger")]' in '100' second(s)

14-02-2025T14:46:03 - [MESSAGE][INFO] - Found 1 web elements with id: 'Object Repository/ANEF_Eloignement_V_Nawres/Page_Creation_ou_Recherche_Dossier/btn_Choisir_Dossier_Etranger' located by 'By.xpath: //button[contains(text(),"Choisir un dossier Ã©tranger")]' in '100' second(s)

14-02-2025T14:46:03 - [MESSAGE][INFO] - Clicking on object: 'Object Repository/ANEF_Eloignement_V_Nawres/Page_Creation_ou_Recherche_Dossier/btn_Choisir_Dossier_Etranger'

14-02-2025T14:46:04 - [MESSAGE][PASSED] - Object: 'Object Repository/ANEF_Eloignement_V_Nawres/Page_Creation_ou_Recherche_Dossier/btn_Choisir_Dossier_Etranger' is clicked on

14-02-2025T14:46:04 - [MESSAGE][PASSED] - Call Test Case 'Test Cases/Test Reutilisable/Main/ANEF_Eloignement_V_Nawres/ANEF_Creation_ou_Recherche_Dossier' successfully

14-02-2025T14:46:04 - [TEST_STEP][PASSED] - if (CreationOuRecherche == "Creation"): null

14-02-2025T14:46:04 - [TEST_STEP][PASSED] - println(NumeroEtranger): null

14-02-2025T14:46:04 - [TEST_STEP][PASSED] - callTestCase(findTestCase("Test Cases/Test Reutilisable/Main/ANEF_Eloignement_V_Nawres/ANEF_Prendre_Mesure"), ["Mesure":Mesure, "FondementLegal":FondementLegal, "NatureDeLacteExpulsion":NatureDeLacteExpulsion, "NatureDeLacteExpulsion":NatureDeLacteExpulsion, ... ], STOP_ON_FAILURE): Call Test Case 'Test Cases/Test Reutilisable/Main/ANEF_Eloignement_V_Nawres/ANEF_Prendre_Mesure' successfully

14-02-2025T14:46:04 - [MESSAGE][INFO] - Checking called Test Case

14-02-2025T14:46:04 - [MESSAGE][INFO] - Starting to call Test Case 'Test Cases/Test Reutilisable/Main/ANEF_Eloignement_V_Nawres/ANEF_Prendre_Mesure'

14-02-2025T14:46:04 - [TEST_CASE][PASSED] - Test Cases/Test Reutilisable/Main/ANEF_Eloignement_V_Nawres/ANEF_Prendre_Mesure: Test Cases/Test Reutilisable/Main/ANEF_Eloignement_V_Nawres/ANEF_Prendre_Mesure

14-02-2025T14:46:04 - [TEST_STEP][PASSED] - click(findTestObject("Object Repository/ANEF_Eloignement_V_Nawres/Page_Prendre_Mesure/btn_Prendre_Mesure"), STOP_ON_FAILURE): Object: 'Object Repository/ANEF_Eloignement_V_Nawres/Page_Prendre_Mesure/btn_Prendre_Mesure' is clicked on

14-02-2025T14:46:04 - [MESSAGE][INFO] - Finding Test Object 'Object Repository/ANEF_Eloignement_V_Nawres/Page_Prendre_Mesure/btn_Prendre_Mesure'

14-02-2025T14:46:04 - [MESSAGE][INFO] - Checking timeout

14-02-2025T14:46:04 - [MESSAGE][INFO] - Finding web element with id: 'Object Repository/ANEF_Eloignement_V_Nawres/Page_Prendre_Mesure/btn_Prendre_Mesure' located by 'By.xpath: //button[@title="Prendre une Mesure"]' in '20' second(s)

14-02-2025T14:46:05 - [MESSAGE][INFO] - Found 1 web elements with id: 'Object Repository/ANEF_Eloignement_V_Nawres/Page_Prendre_Mesure/btn_Prendre_Mesure' located by 'By.xpath: //button[@title="Prendre une Mesure"]' in '20' second(s)

14-02-2025T14:46:05 - [MESSAGE][INFO] - Checking object

14-02-2025T14:46:05 - [MESSAGE][INFO] - Checking timeout

14-02-2025T14:46:05 - [MESSAGE][INFO] - Finding web element from Test Object's properties

14-02-2025T14:46:05 - [MESSAGE][INFO] - Checking timeout

14-02-2025T14:46:05 - [MESSAGE][INFO] - Finding web element with id: 'Object Repository/ANEF_Eloignement_V_Nawres/Page_Prendre_Mesure/btn_Prendre_Mesure' located by 'By.xpath: //button[@title="Prendre une Mesure"]' in '100' second(s)

14-02-2025T14:46:05 - [MESSAGE][INFO] - Found 1 web elements with id: 'Object Repository/ANEF_Eloignement_V_Nawres/Page_Prendre_Mesure/btn_Prendre_Mesure' located by 'By.xpath: //button[@title="Prendre une Mesure"]' in '100' second(s)

14-02-2025T14:46:05 - [MESSAGE][INFO] - Clicking on object: 'Object Repository/ANEF_Eloignement_V_Nawres/Page_Prendre_Mesure/btn_Prendre_Mesure'

14-02-2025T14:46:06 - [MESSAGE][PASSED] - Object: 'Object Repository/ANEF_Eloignement_V_Nawres/Page_Prendre_Mesure/btn_Prendre_Mesure' is clicked on

14-02-2025T14:46:06 - [TEST_STEP][PASSED] - delay(5): Delayed 5 second(s)

14-02-2025T14:46:06 - [MESSAGE][INFO] - Delaying browser in 5 second(s)

14-02-2025T14:46:11 - [MESSAGE][PASSED] - Delayed 5 second(s)

14-02-2025T14:46:11 - [TEST_STEP][PASSED] - switch (Mesure): null

14-02-2025T14:46:11 - [TEST_STEP][PASSED] - case "ITF":: null

14-02-2025T14:46:11 - [TEST_STEP][PASSED] - selectOptionByLabel(findTestObject("Object Repository/ANEF_Eloignement_V_Nawres/Page_Prendre_Mesure/select_Type_Mesure"), "ITF", false, STOP_ON_FAILURE): All options with label 'ITF' are selected in object 'Object Repository/ANEF_Eloignement_V_Nawres/Page_Prendre_Mesure/select_Type_Mesure' 

14-02-2025T14:46:11 - [MESSAGE][INFO] - Finding Test Object 'Object Repository/ANEF_Eloignement_V_Nawres/Page_Prendre_Mesure/select_Type_Mesure'

14-02-2025T14:46:11 - [MESSAGE][INFO] - Checking timeout

14-02-2025T14:46:11 - [MESSAGE][INFO] - Finding web element with id: 'Object Repository/ANEF_Eloignement_V_Nawres/Page_Prendre_Mesure/select_Type_Mesure' located by 'By.xpath: //select[@id="typeMesure"]' in '20' second(s)

14-02-2025T14:46:11 - [MESSAGE][INFO] - Found 1 web elements with id: 'Object Repository/ANEF_Eloignement_V_Nawres/Page_Prendre_Mesure/select_Type_Mesure' located by 'By.xpath: //select[@id="typeMesure"]' in '20' second(s)

14-02-2025T14:46:11 - [MESSAGE][INFO] - Checking object

14-02-2025T14:46:11 - [MESSAGE][INFO] - Checking label parameter

14-02-2025T14:46:11 - [MESSAGE][INFO] - Finding web element from Test Object's properties

14-02-2025T14:46:11 - [MESSAGE][INFO] - Checking timeout

14-02-2025T14:46:11 - [MESSAGE][INFO] - Finding web element with id: 'Object Repository/ANEF_Eloignement_V_Nawres/Page_Prendre_Mesure/select_Type_Mesure' located by 'By.xpath: //select[@id="typeMesure"]' in '100' second(s)

14-02-2025T14:46:11 - [MESSAGE][INFO] - Found 1 web elements with id: 'Object Repository/ANEF_Eloignement_V_Nawres/Page_Prendre_Mesure/select_Type_Mesure' located by 'By.xpath: //select[@id="typeMesure"]' in '100' second(s)

14-02-2025T14:46:11 - [MESSAGE][INFO] - Selecting options on object 'Object Repository/ANEF_Eloignement_V_Nawres/Page_Prendre_Mesure/select_Type_Mesure' with label 'ITF' 

14-02-2025T14:46:12 - [MESSAGE][PASSED] - All options with label 'ITF' are selected in object 'Object Repository/ANEF_Eloignement_V_Nawres/Page_Prendre_Mesure/select_Type_Mesure' 

14-02-2025T14:46:12 - [TEST_STEP][PASSED] - click(findTestObject("Object Repository/ANEF_Eloignement_V_Nawres/Page_Prendre_Mesure/btn_Confirmer_Mesure"), STOP_ON_FAILURE): Object: 'Object Repository/ANEF_Eloignement_V_Nawres/Page_Prendre_Mesure/btn_Confirmer_Mesure' is clicked on

14-02-2025T14:46:12 - [MESSAGE][INFO] - Finding Test Object 'Object Repository/ANEF_Eloignement_V_Nawres/Page_Prendre_Mesure/btn_Confirmer_Mesure'

14-02-2025T14:46:12 - [MESSAGE][INFO] - Checking timeout

14-02-2025T14:46:12 - [MESSAGE][INFO] - Finding web element with id: 'Object Repository/ANEF_Eloignement_V_Nawres/Page_Prendre_Mesure/btn_Confirmer_Mesure' located by 'By.xpath: //button[@id="btn-confirme-decision"]' in '20' second(s)

14-02-2025T14:46:12 - [MESSAGE][INFO] - Found 1 web elements with id: 'Object Repository/ANEF_Eloignement_V_Nawres/Page_Prendre_Mesure/btn_Confirmer_Mesure' located by 'By.xpath: //button[@id="btn-confirme-decision"]' in '20' second(s)

14-02-2025T14:46:12 - [MESSAGE][INFO] - Checking object

14-02-2025T14:46:12 - [MESSAGE][INFO] - Checking timeout

14-02-2025T14:46:12 - [MESSAGE][INFO] - Finding web element from Test Object's properties

14-02-2025T14:46:12 - [MESSAGE][INFO] - Checking timeout

14-02-2025T14:46:12 - [MESSAGE][INFO] - Finding web element with id: 'Object Repository/ANEF_Eloignement_V_Nawres/Page_Prendre_Mesure/btn_Confirmer_Mesure' located by 'By.xpath: //button[@id="btn-confirme-decision"]' in '100' second(s)

14-02-2025T14:46:12 - [MESSAGE][INFO] - Found 1 web elements with id: 'Object Repository/ANEF_Eloignement_V_Nawres/Page_Prendre_Mesure/btn_Confirmer_Mesure' located by 'By.xpath: //button[@id="btn-confirme-decision"]' in '100' second(s)

14-02-2025T14:46:12 - [MESSAGE][INFO] - Clicking on object: 'Object Repository/ANEF_Eloignement_V_Nawres/Page_Prendre_Mesure/btn_Confirmer_Mesure'

14-02-2025T14:46:13 - [MESSAGE][PASSED] - Object: 'Object Repository/ANEF_Eloignement_V_Nawres/Page_Prendre_Mesure/btn_Confirmer_Mesure' is clicked on

14-02-2025T14:46:13 - [TEST_STEP][PASSED] - verifyElementPresent(findTestObject("Object Repository/ANEF_Eloignement_V_Nawres/Page_Prendre_Mesure/btn_Supprimer_Fiche_Mesure"), 2, STOP_ON_FAILURE): Object 'Object Repository/ANEF_Eloignement_V_Nawres/Page_Prendre_Mesure/btn_Supprimer_Fiche_Mesure' is present

14-02-2025T14:46:13 - [MESSAGE][INFO] - Finding Test Object 'Object Repository/ANEF_Eloignement_V_Nawres/Page_Prendre_Mesure/btn_Supprimer_Fiche_Mesure'

14-02-2025T14:46:13 - [MESSAGE][INFO] - Checking object

14-02-2025T14:46:13 - [MESSAGE][INFO] - Finding web element from Test Object's properties

14-02-2025T14:46:13 - [MESSAGE][INFO] - Checking timeout

14-02-2025T14:46:13 - [MESSAGE][INFO] - Finding web element with id: 'Object Repository/ANEF_Eloignement_V_Nawres/Page_Prendre_Mesure/btn_Supprimer_Fiche_Mesure' located by 'By.xpath: //button[@title="Supprimer une Mesure"]' in '2' second(s)

14-02-2025T14:46:14 - [MESSAGE][INFO] - Found 1 web elements with id: 'Object Repository/ANEF_Eloignement_V_Nawres/Page_Prendre_Mesure/btn_Supprimer_Fiche_Mesure' located by 'By.xpath: //button[@title="Supprimer une Mesure"]' in '2' second(s)

14-02-2025T14:46:14 - [MESSAGE][PASSED] - Object 'Object Repository/ANEF_Eloignement_V_Nawres/Page_Prendre_Mesure/btn_Supprimer_Fiche_Mesure' is present

14-02-2025T14:46:14 - [TEST_STEP][PASSED] - break: null

14-02-2025T14:46:14 - [TEST_STEP][PASSED] - callTestCase(findTestCase("Test Cases/Test Reutilisable/Main/ANEF_Eloignement_V_Nawres/ANEF_Prendre_Mesure_Formulaire"), ["Mesure":Mesure, "FondementLegal":FondementLegal, "NatureDeLacteExpulsion":NatureDeLacteExpulsion, "UrgenceAbsolueExpulsion":UrgenceAbsolueExpulsion, ... ], STOP_ON_FAILURE): Call Test Case 'Test Cases/Test Reutilisable/Main/ANEF_Eloignement_V_Nawres/ANEF_Prendre_Mesure_Formulaire' successfully

14-02-2025T14:46:14 - [MESSAGE][INFO] - Checking called Test Case

14-02-2025T14:46:14 - [MESSAGE][INFO] - Starting to call Test Case 'Test Cases/Test Reutilisable/Main/ANEF_Eloignement_V_Nawres/ANEF_Prendre_Mesure_Formulaire'

14-02-2025T14:46:14 - [TEST_CASE][PASSED] - Test Cases/Test Reutilisable/Main/ANEF_Eloignement_V_Nawres/ANEF_Prendre_Mesure_Formulaire: Test Cases/Test Reutilisable/Main/ANEF_Eloignement_V_Nawres/ANEF_Prendre_Mesure_Formulaire

14-02-2025T14:46:14 - [TEST_STEP][PASSED] - calendar = Calendar.getInstance(): null

14-02-2025T14:46:14 - [TEST_STEP][PASSED] - currentDate = calendar.getTime(): null

14-02-2025T14:46:14 - [TEST_STEP][PASSED] - sdf = new java.text.SimpleDateFormat(dd/MM/yyyy): null

14-02-2025T14:46:14 - [TEST_STEP][PASSED] - formattedDate = sdf.format(currentDate): null

14-02-2025T14:46:14 - [TEST_STEP][PASSED] - DateActuelle = formattedDate.toString(): null

14-02-2025T14:46:14 - [TEST_STEP][PASSED] - println(DateActuelle): null

14-02-2025T14:46:14 - [TEST_STEP][PASSED] - if (Mesure != "ITF"): null

14-02-2025T14:46:14 - [TEST_STEP][PASSED] - if (Mesure == "ITF"): Object: 'Object Repository/ANEF_Eloignement_V_Nawres/Page_Prendre_Mesure_Formulaire/btn_Confirmer_Enregistrement_Mesure' is clicked on

14-02-2025T14:46:14 - [TEST_STEP][PASSED] - if (NaturePeineITF == "Complementaire"): Object: 'Object Repository/ANEF_Eloignement_V_Nawres/Page_Prendre_Mesure_Formulaire/btn_Type_Emprisonnement_Sursis' is clicked on

14-02-2025T14:46:14 - [TEST_STEP][PASSED] - click(findTestObject("Object Repository/ANEF_Eloignement_V_Nawres/Page_Prendre_Mesure_Formulaire/btn_Nature_Peine_Complementaire"), STOP_ON_FAILURE): Object: 'Object Repository/ANEF_Eloignement_V_Nawres/Page_Prendre_Mesure_Formulaire/btn_Nature_Peine_Complementaire' is clicked on

14-02-2025T14:46:14 - [MESSAGE][INFO] - Finding Test Object 'Object Repository/ANEF_Eloignement_V_Nawres/Page_Prendre_Mesure_Formulaire/btn_Nature_Peine_Complementaire'

14-02-2025T14:46:14 - [MESSAGE][INFO] - Checking timeout

14-02-2025T14:46:14 - [MESSAGE][INFO] - Finding web element with id: 'Object Repository/ANEF_Eloignement_V_Nawres/Page_Prendre_Mesure_Formulaire/btn_Nature_Peine_Complementaire' located by 'By.xpath: //label[contains(text(),"titre complÃ©mentaire")]' in '20' second(s)

14-02-2025T14:46:14 - [MESSAGE][INFO] - Found 1 web elements with id: 'Object Repository/ANEF_Eloignement_V_Nawres/Page_Prendre_Mesure_Formulaire/btn_Nature_Peine_Complementaire' located by 'By.xpath: //label[contains(text(),"titre complÃ©mentaire")]' in '20' second(s)

14-02-2025T14:46:14 - [MESSAGE][INFO] - Checking object

14-02-2025T14:46:14 - [MESSAGE][INFO] - Checking timeout

14-02-2025T14:46:14 - [MESSAGE][INFO] - Finding web element from Test Object's properties

14-02-2025T14:46:14 - [MESSAGE][INFO] - Checking timeout

14-02-2025T14:46:14 - [MESSAGE][INFO] - Finding web element with id: 'Object Repository/ANEF_Eloignement_V_Nawres/Page_Prendre_Mesure_Formulaire/btn_Nature_Peine_Complementaire' located by 'By.xpath: //label[contains(text(),"titre complÃ©mentaire")]' in '100' second(s)

14-02-2025T14:46:14 - [MESSAGE][INFO] - Found 1 web elements with id: 'Object Repository/ANEF_Eloignement_V_Nawres/Page_Prendre_Mesure_Formulaire/btn_Nature_Peine_Complementaire' located by 'By.xpath: //label[contains(text(),"titre complÃ©mentaire")]' in '100' second(s)

14-02-2025T14:46:14 - [MESSAGE][INFO] - Clicking on object: 'Object Repository/ANEF_Eloignement_V_Nawres/Page_Prendre_Mesure_Formulaire/btn_Nature_Peine_Complementaire'

14-02-2025T14:46:15 - [MESSAGE][PASSED] - Object: 'Object Repository/ANEF_Eloignement_V_Nawres/Page_Prendre_Mesure_Formulaire/btn_Nature_Peine_Complementaire' is clicked on

14-02-2025T14:46:15 - [TEST_STEP][PASSED] - if (TypeEmprisonnement == "Ferme"): null

14-02-2025T14:46:15 - [TEST_STEP][PASSED] - if (TypeEmprisonnement == "Sursis"): Object: 'Object Repository/ANEF_Eloignement_V_Nawres/Page_Prendre_Mesure_Formulaire/btn_Type_Emprisonnement_Sursis' is clicked on

14-02-2025T14:46:15 - [TEST_STEP][PASSED] - click(findTestObject("Object Repository/ANEF_Eloignement_V_Nawres/Page_Prendre_Mesure_Formulaire/btn_Type_Emprisonnement_Sursis"), STOP_ON_FAILURE): Object: 'Object Repository/ANEF_Eloignement_V_Nawres/Page_Prendre_Mesure_Formulaire/btn_Type_Emprisonnement_Sursis' is clicked on

14-02-2025T14:46:15 - [MESSAGE][INFO] - Finding Test Object 'Object Repository/ANEF_Eloignement_V_Nawres/Page_Prendre_Mesure_Formulaire/btn_Type_Emprisonnement_Sursis'

14-02-2025T14:46:15 - [MESSAGE][INFO] - Checking timeout

14-02-2025T14:46:15 - [MESSAGE][INFO] - Finding web element with id: 'Object Repository/ANEF_Eloignement_V_Nawres/Page_Prendre_Mesure_Formulaire/btn_Type_Emprisonnement_Sursis' located by 'By.xpath: //label[contains(text(),"sursis")]' in '20' second(s)

14-02-2025T14:46:15 - [MESSAGE][INFO] - Found 1 web elements with id: 'Object Repository/ANEF_Eloignement_V_Nawres/Page_Prendre_Mesure_Formulaire/btn_Type_Emprisonnement_Sursis' located by 'By.xpath: //label[contains(text(),"sursis")]' in '20' second(s)

14-02-2025T14:46:15 - [MESSAGE][INFO] - Checking object

14-02-2025T14:46:15 - [MESSAGE][INFO] - Checking timeout

14-02-2025T14:46:15 - [MESSAGE][INFO] - Finding web element from Test Object's properties

14-02-2025T14:46:15 - [MESSAGE][INFO] - Checking timeout

14-02-2025T14:46:15 - [MESSAGE][INFO] - Finding web element with id: 'Object Repository/ANEF_Eloignement_V_Nawres/Page_Prendre_Mesure_Formulaire/btn_Type_Emprisonnement_Sursis' located by 'By.xpath: //label[contains(text(),"sursis")]' in '100' second(s)

14-02-2025T14:46:16 - [MESSAGE][INFO] - Found 1 web elements with id: 'Object Repository/ANEF_Eloignement_V_Nawres/Page_Prendre_Mesure_Formulaire/btn_Type_Emprisonnement_Sursis' located by 'By.xpath: //label[contains(text(),"sursis")]' in '100' second(s)

14-02-2025T14:46:16 - [MESSAGE][INFO] - Clicking on object: 'Object Repository/ANEF_Eloignement_V_Nawres/Page_Prendre_Mesure_Formulaire/btn_Type_Emprisonnement_Sursis'

14-02-2025T14:46:17 - [MESSAGE][PASSED] - Object: 'Object Repository/ANEF_Eloignement_V_Nawres/Page_Prendre_Mesure_Formulaire/btn_Type_Emprisonnement_Sursis' is clicked on

14-02-2025T14:46:17 - [TEST_STEP][PASSED] - if (NaturePeineITF == "Principale"): null

14-02-2025T14:46:17 - [TEST_STEP][PASSED] - if (DureeITF == "Temporaire"): null

14-02-2025T14:46:17 - [TEST_STEP][PASSED] - if (DureeITF == "Definitive"): Object: 'Object Repository/ANEF_Eloignement_V_Nawres/Page_Prendre_Mesure_Formulaire/btn_Duree_ITF_Definitive' is clicked on

14-02-2025T14:46:17 - [TEST_STEP][PASSED] - click(findTestObject("Object Repository/ANEF_Eloignement_V_Nawres/Page_Prendre_Mesure_Formulaire/btn_Duree_ITF_Definitive"), STOP_ON_FAILURE): Object: 'Object Repository/ANEF_Eloignement_V_Nawres/Page_Prendre_Mesure_Formulaire/btn_Duree_ITF_Definitive' is clicked on

14-02-2025T14:46:17 - [MESSAGE][INFO] - Finding Test Object 'Object Repository/ANEF_Eloignement_V_Nawres/Page_Prendre_Mesure_Formulaire/btn_Duree_ITF_Definitive'

14-02-2025T14:46:17 - [MESSAGE][INFO] - Checking timeout

14-02-2025T14:46:17 - [MESSAGE][INFO] - Finding web element with id: 'Object Repository/ANEF_Eloignement_V_Nawres/Page_Prendre_Mesure_Formulaire/btn_Duree_ITF_Definitive' located by 'By.xpath: //label[contains(text(),"DÃ©finitive")]' in '20' second(s)

14-02-2025T14:46:17 - [MESSAGE][INFO] - Found 1 web elements with id: 'Object Repository/ANEF_Eloignement_V_Nawres/Page_Prendre_Mesure_Formulaire/btn_Duree_ITF_Definitive' located by 'By.xpath: //label[contains(text(),"DÃ©finitive")]' in '20' second(s)

14-02-2025T14:46:17 - [MESSAGE][INFO] - Checking object

14-02-2025T14:46:17 - [MESSAGE][INFO] - Checking timeout

14-02-2025T14:46:17 - [MESSAGE][INFO] - Finding web element from Test Object's properties

14-02-2025T14:46:17 - [MESSAGE][INFO] - Checking timeout

14-02-2025T14:46:17 - [MESSAGE][INFO] - Finding web element with id: 'Object Repository/ANEF_Eloignement_V_Nawres/Page_Prendre_Mesure_Formulaire/btn_Duree_ITF_Definitive' located by 'By.xpath: //label[contains(text(),"DÃ©finitive")]' in '100' second(s)

14-02-2025T14:46:17 - [MESSAGE][INFO] - Found 1 web elements with id: 'Object Repository/ANEF_Eloignement_V_Nawres/Page_Prendre_Mesure_Formulaire/btn_Duree_ITF_Definitive' located by 'By.xpath: //label[contains(text(),"DÃ©finitive")]' in '100' second(s)

14-02-2025T14:46:17 - [MESSAGE][INFO] - Clicking on object: 'Object Repository/ANEF_Eloignement_V_Nawres/Page_Prendre_Mesure_Formulaire/btn_Duree_ITF_Definitive'

14-02-2025T14:46:18 - [MESSAGE][PASSED] - Object: 'Object Repository/ANEF_Eloignement_V_Nawres/Page_Prendre_Mesure_Formulaire/btn_Duree_ITF_Definitive' is clicked on

14-02-2025T14:46:18 - [TEST_STEP][PASSED] - setText(findTestObject("Object Repository/ANEF_Eloignement_V_Nawres/Page_Prendre_Mesure_Formulaire/input_Date_Executoire_ITF"), DateActuelle, STOP_ON_FAILURE): Text '14/02/2025' is set on object 'Object Repository/ANEF_Eloignement_V_Nawres/Page_Prendre_Mesure_Formulaire/input_Date_Executoire_ITF'

14-02-2025T14:46:18 - [MESSAGE][INFO] - Finding Test Object 'Object Repository/ANEF_Eloignement_V_Nawres/Page_Prendre_Mesure_Formulaire/input_Date_Executoire_ITF'

14-02-2025T14:46:18 - [MESSAGE][INFO] - Checking timeout

14-02-2025T14:46:18 - [MESSAGE][INFO] - Finding web element with id: 'Object Repository/ANEF_Eloignement_V_Nawres/Page_Prendre_Mesure_Formulaire/input_Date_Executoire_ITF' located by 'By.xpath: //input[@id="date_executoire_itf"]' in '20' second(s)

14-02-2025T14:46:18 - [MESSAGE][INFO] - Found 1 web elements with id: 'Object Repository/ANEF_Eloignement_V_Nawres/Page_Prendre_Mesure_Formulaire/input_Date_Executoire_ITF' located by 'By.xpath: //input[@id="date_executoire_itf"]' in '20' second(s)

14-02-2025T14:46:18 - [MESSAGE][INFO] - Checking object

14-02-2025T14:46:18 - [MESSAGE][INFO] - Checking text

14-02-2025T14:46:18 - [MESSAGE][INFO] - Finding web element from Test Object's properties

14-02-2025T14:46:18 - [MESSAGE][INFO] - Checking timeout

14-02-2025T14:46:18 - [MESSAGE][INFO] - Finding web element with id: 'Object Repository/ANEF_Eloignement_V_Nawres/Page_Prendre_Mesure_Formulaire/input_Date_Executoire_ITF' located by 'By.xpath: //input[@id="date_executoire_itf"]' in '100' second(s)

14-02-2025T14:46:18 - [MESSAGE][INFO] - Found 1 web elements with id: 'Object Repository/ANEF_Eloignement_V_Nawres/Page_Prendre_Mesure_Formulaire/input_Date_Executoire_ITF' located by 'By.xpath: //input[@id="date_executoire_itf"]' in '100' second(s)

14-02-2025T14:46:18 - [MESSAGE][INFO] - Clearing text of object 'Object Repository/ANEF_Eloignement_V_Nawres/Page_Prendre_Mesure_Formulaire/input_Date_Executoire_ITF'

14-02-2025T14:46:19 - [MESSAGE][INFO] - Finding web element from Test Object's properties

14-02-2025T14:46:19 - [MESSAGE][INFO] - Checking timeout

14-02-2025T14:46:19 - [MESSAGE][INFO] - Finding web element with id: 'Object Repository/ANEF_Eloignement_V_Nawres/Page_Prendre_Mesure_Formulaire/input_Date_Executoire_ITF' located by 'By.xpath: //input[@id="date_executoire_itf"]' in '100' second(s)

14-02-2025T14:46:19 - [MESSAGE][INFO] - Found 1 web elements with id: 'Object Repository/ANEF_Eloignement_V_Nawres/Page_Prendre_Mesure_Formulaire/input_Date_Executoire_ITF' located by 'By.xpath: //input[@id="date_executoire_itf"]' in '100' second(s)

14-02-2025T14:46:19 - [MESSAGE][INFO] - Setting text of object 'Object Repository/ANEF_Eloignement_V_Nawres/Page_Prendre_Mesure_Formulaire/input_Date_Executoire_ITF' to value '14/02/2025'

14-02-2025T14:46:20 - [MESSAGE][PASSED] - Text '14/02/2025' is set on object 'Object Repository/ANEF_Eloignement_V_Nawres/Page_Prendre_Mesure_Formulaire/input_Date_Executoire_ITF'

14-02-2025T14:46:20 - [TEST_STEP][PASSED] - setText(findTestObject("Object Repository/ANEF_Eloignement_V_Nawres/Page_Prendre_Mesure_Formulaire/input_Date_Jugement_ITF"), DateActuelle, STOP_ON_FAILURE): Text '14/02/2025' is set on object 'Object Repository/ANEF_Eloignement_V_Nawres/Page_Prendre_Mesure_Formulaire/input_Date_Jugement_ITF'

14-02-2025T14:46:20 - [MESSAGE][INFO] - Finding Test Object 'Object Repository/ANEF_Eloignement_V_Nawres/Page_Prendre_Mesure_Formulaire/input_Date_Jugement_ITF'

14-02-2025T14:46:20 - [MESSAGE][INFO] - Checking timeout

14-02-2025T14:46:20 - [MESSAGE][INFO] - Finding web element with id: 'Object Repository/ANEF_Eloignement_V_Nawres/Page_Prendre_Mesure_Formulaire/input_Date_Jugement_ITF' located by 'By.xpath: //input[@id="date_jugement_itf"]' in '20' second(s)

14-02-2025T14:46:20 - [MESSAGE][INFO] - Found 1 web elements with id: 'Object Repository/ANEF_Eloignement_V_Nawres/Page_Prendre_Mesure_Formulaire/input_Date_Jugement_ITF' located by 'By.xpath: //input[@id="date_jugement_itf"]' in '20' second(s)

14-02-2025T14:46:20 - [MESSAGE][INFO] - Checking object

14-02-2025T14:46:20 - [MESSAGE][INFO] - Checking text

14-02-2025T14:46:20 - [MESSAGE][INFO] - Finding web element from Test Object's properties

14-02-2025T14:46:20 - [MESSAGE][INFO] - Checking timeout

14-02-2025T14:46:20 - [MESSAGE][INFO] - Finding web element with id: 'Object Repository/ANEF_Eloignement_V_Nawres/Page_Prendre_Mesure_Formulaire/input_Date_Jugement_ITF' located by 'By.xpath: //input[@id="date_jugement_itf"]' in '100' second(s)

14-02-2025T14:46:20 - [MESSAGE][INFO] - Found 1 web elements with id: 'Object Repository/ANEF_Eloignement_V_Nawres/Page_Prendre_Mesure_Formulaire/input_Date_Jugement_ITF' located by 'By.xpath: //input[@id="date_jugement_itf"]' in '100' second(s)

14-02-2025T14:46:20 - [MESSAGE][INFO] - Clearing text of object 'Object Repository/ANEF_Eloignement_V_Nawres/Page_Prendre_Mesure_Formulaire/input_Date_Jugement_ITF'

14-02-2025T14:46:21 - [MESSAGE][INFO] - Finding web element from Test Object's properties

14-02-2025T14:46:21 - [MESSAGE][INFO] - Checking timeout

14-02-2025T14:46:21 - [MESSAGE][INFO] - Finding web element with id: 'Object Repository/ANEF_Eloignement_V_Nawres/Page_Prendre_Mesure_Formulaire/input_Date_Jugement_ITF' located by 'By.xpath: //input[@id="date_jugement_itf"]' in '100' second(s)

14-02-2025T14:46:21 - [MESSAGE][INFO] - Found 1 web elements with id: 'Object Repository/ANEF_Eloignement_V_Nawres/Page_Prendre_Mesure_Formulaire/input_Date_Jugement_ITF' located by 'By.xpath: //input[@id="date_jugement_itf"]' in '100' second(s)

14-02-2025T14:46:21 - [MESSAGE][INFO] - Setting text of object 'Object Repository/ANEF_Eloignement_V_Nawres/Page_Prendre_Mesure_Formulaire/input_Date_Jugement_ITF' to value '14/02/2025'

14-02-2025T14:46:23 - [MESSAGE][PASSED] - Text '14/02/2025' is set on object 'Object Repository/ANEF_Eloignement_V_Nawres/Page_Prendre_Mesure_Formulaire/input_Date_Jugement_ITF'

14-02-2025T14:46:23 - [TEST_STEP][PASSED] - click(findTestObject("Object Repository/ANEF_Eloignement_V_Nawres/Page_Prendre_Mesure_Formulaire/btn_Valider_Enregistrement_ITF"), STOP_ON_FAILURE): Object: 'Object Repository/ANEF_Eloignement_V_Nawres/Page_Prendre_Mesure_Formulaire/btn_Valider_Enregistrement_ITF' is clicked on

14-02-2025T14:46:23 - [MESSAGE][INFO] - Finding Test Object 'Object Repository/ANEF_Eloignement_V_Nawres/Page_Prendre_Mesure_Formulaire/btn_Valider_Enregistrement_ITF'

14-02-2025T14:46:23 - [MESSAGE][INFO] - Checking timeout

14-02-2025T14:46:23 - [MESSAGE][INFO] - Finding web element with id: 'Object Repository/ANEF_Eloignement_V_Nawres/Page_Prendre_Mesure_Formulaire/btn_Valider_Enregistrement_ITF' located by 'By.xpath: //button[@id="saveButtonITF"]' in '20' second(s)

14-02-2025T14:46:23 - [MESSAGE][INFO] - Found 1 web elements with id: 'Object Repository/ANEF_Eloignement_V_Nawres/Page_Prendre_Mesure_Formulaire/btn_Valider_Enregistrement_ITF' located by 'By.xpath: //button[@id="saveButtonITF"]' in '20' second(s)

14-02-2025T14:46:23 - [MESSAGE][INFO] - Checking object

14-02-2025T14:46:23 - [MESSAGE][INFO] - Checking timeout

14-02-2025T14:46:23 - [MESSAGE][INFO] - Finding web element from Test Object's properties

14-02-2025T14:46:23 - [MESSAGE][INFO] - Checking timeout

14-02-2025T14:46:23 - [MESSAGE][INFO] - Finding web element with id: 'Object Repository/ANEF_Eloignement_V_Nawres/Page_Prendre_Mesure_Formulaire/btn_Valider_Enregistrement_ITF' located by 'By.xpath: //button[@id="saveButtonITF"]' in '100' second(s)

14-02-2025T14:46:23 - [MESSAGE][INFO] - Found 1 web elements with id: 'Object Repository/ANEF_Eloignement_V_Nawres/Page_Prendre_Mesure_Formulaire/btn_Valider_Enregistrement_ITF' located by 'By.xpath: //button[@id="saveButtonITF"]' in '100' second(s)

14-02-2025T14:46:23 - [MESSAGE][INFO] - Clicking on object: 'Object Repository/ANEF_Eloignement_V_Nawres/Page_Prendre_Mesure_Formulaire/btn_Valider_Enregistrement_ITF'

14-02-2025T14:46:24 - [MESSAGE][PASSED] - Object: 'Object Repository/ANEF_Eloignement_V_Nawres/Page_Prendre_Mesure_Formulaire/btn_Valider_Enregistrement_ITF' is clicked on

14-02-2025T14:46:24 - [TEST_STEP][PASSED] - click(findTestObject("Object Repository/ANEF_Eloignement_V_Nawres/Page_Prendre_Mesure_Formulaire/btn_Confirmer_Enregistrement_Mesure"), STOP_ON_FAILURE): Object: 'Object Repository/ANEF_Eloignement_V_Nawres/Page_Prendre_Mesure_Formulaire/btn_Confirmer_Enregistrement_Mesure' is clicked on

14-02-2025T14:46:24 - [MESSAGE][INFO] - Finding Test Object 'Object Repository/ANEF_Eloignement_V_Nawres/Page_Prendre_Mesure_Formulaire/btn_Confirmer_Enregistrement_Mesure'

14-02-2025T14:46:24 - [MESSAGE][INFO] - Checking timeout

14-02-2025T14:46:24 - [MESSAGE][INFO] - Finding web element with id: 'Object Repository/ANEF_Eloignement_V_Nawres/Page_Prendre_Mesure_Formulaire/btn_Confirmer_Enregistrement_Mesure' located by 'By.xpath: //button[contains(text(),"Confirmer lâ€™enregistrement de la mesure")]' in '20' second(s)

14-02-2025T14:46:24 - [MESSAGE][INFO] - Found 1 web elements with id: 'Object Repository/ANEF_Eloignement_V_Nawres/Page_Prendre_Mesure_Formulaire/btn_Confirmer_Enregistrement_Mesure' located by 'By.xpath: //button[contains(text(),"Confirmer lâ€™enregistrement de la mesure")]' in '20' second(s)

14-02-2025T14:46:24 - [MESSAGE][INFO] - Checking object

14-02-2025T14:46:24 - [MESSAGE][INFO] - Checking timeout

14-02-2025T14:46:24 - [MESSAGE][INFO] - Finding web element from Test Object's properties

14-02-2025T14:46:24 - [MESSAGE][INFO] - Checking timeout

14-02-2025T14:46:24 - [MESSAGE][INFO] - Finding web element with id: 'Object Repository/ANEF_Eloignement_V_Nawres/Page_Prendre_Mesure_Formulaire/btn_Confirmer_Enregistrement_Mesure' located by 'By.xpath: //button[contains(text(),"Confirmer lâ€™enregistrement de la mesure")]' in '100' second(s)

14-02-2025T14:46:24 - [MESSAGE][INFO] - Found 1 web elements with id: 'Object Repository/ANEF_Eloignement_V_Nawres/Page_Prendre_Mesure_Formulaire/btn_Confirmer_Enregistrement_Mesure' located by 'By.xpath: //button[contains(text(),"Confirmer lâ€™enregistrement de la mesure")]' in '100' second(s)

14-02-2025T14:46:24 - [MESSAGE][INFO] - Clicking on object: 'Object Repository/ANEF_Eloignement_V_Nawres/Page_Prendre_Mesure_Formulaire/btn_Confirmer_Enregistrement_Mesure'

14-02-2025T14:46:25 - [MESSAGE][PASSED] - Object: 'Object Repository/ANEF_Eloignement_V_Nawres/Page_Prendre_Mesure_Formulaire/btn_Confirmer_Enregistrement_Mesure' is clicked on

14-02-2025T14:46:25 - [TEST_STEP][PASSED] - click(findTestObject("Object Repository/ANEF_Eloignement_V_Nawres/Page_Prendre_Mesure_Formulaire/btn_Enregistrer"), STOP_ON_FAILURE): Object: 'Object Repository/ANEF_Eloignement_V_Nawres/Page_Prendre_Mesure_Formulaire/btn_Enregistrer' is clicked on

14-02-2025T14:46:25 - [MESSAGE][INFO] - Finding Test Object 'Object Repository/ANEF_Eloignement_V_Nawres/Page_Prendre_Mesure_Formulaire/btn_Enregistrer'

14-02-2025T14:46:25 - [MESSAGE][INFO] - Checking timeout

14-02-2025T14:46:25 - [MESSAGE][INFO] - Finding web element with id: 'Object Repository/ANEF_Eloignement_V_Nawres/Page_Prendre_Mesure_Formulaire/btn_Enregistrer' located by 'By.xpath: //button[contains(text(),"Enregistrer")]' in '20' second(s)

14-02-2025T14:46:25 - [MESSAGE][INFO] - Found 1 web elements with id: 'Object Repository/ANEF_Eloignement_V_Nawres/Page_Prendre_Mesure_Formulaire/btn_Enregistrer' located by 'By.xpath: //button[contains(text(),"Enregistrer")]' in '20' second(s)

14-02-2025T14:46:25 - [MESSAGE][INFO] - Checking object

14-02-2025T14:46:25 - [MESSAGE][INFO] - Checking timeout

14-02-2025T14:46:25 - [MESSAGE][INFO] - Finding web element from Test Object's properties

14-02-2025T14:46:25 - [MESSAGE][INFO] - Checking timeout

14-02-2025T14:46:25 - [MESSAGE][INFO] - Finding web element with id: 'Object Repository/ANEF_Eloignement_V_Nawres/Page_Prendre_Mesure_Formulaire/btn_Enregistrer' located by 'By.xpath: //button[contains(text(),"Enregistrer")]' in '100' second(s)

14-02-2025T14:46:25 - [MESSAGE][INFO] - Found 1 web elements with id: 'Object Repository/ANEF_Eloignement_V_Nawres/Page_Prendre_Mesure_Formulaire/btn_Enregistrer' located by 'By.xpath: //button[contains(text(),"Enregistrer")]' in '100' second(s)

14-02-2025T14:46:25 - [MESSAGE][INFO] - Clicking on object: 'Object Repository/ANEF_Eloignement_V_Nawres/Page_Prendre_Mesure_Formulaire/btn_Enregistrer'

14-02-2025T14:46:26 - [MESSAGE][PASSED] - Object: 'Object Repository/ANEF_Eloignement_V_Nawres/Page_Prendre_Mesure_Formulaire/btn_Enregistrer' is clicked on

14-02-2025T14:46:26 - [MESSAGE][PASSED] - Call Test Case 'Test Cases/Test Reutilisable/Main/ANEF_Eloignement_V_Nawres/ANEF_Prendre_Mesure_Formulaire' successfully

14-02-2025T14:46:26 - [MESSAGE][PASSED] - Call Test Case 'Test Cases/Test Reutilisable/Main/ANEF_Eloignement_V_Nawres/ANEF_Prendre_Mesure' successfully

14-02-2025T14:46:26 - [TEST_STEP][PASSED] - callTestCase(findTestCase("Test Cases/Test Reutilisable/Main/ANEF_Eloignement_V_Nawres/ANEF_Ajouter_Decision"), ["ModeNotification":ModeNotification], STOP_ON_FAILURE): Call Test Case 'Test Cases/Test Reutilisable/Main/ANEF_Eloignement_V_Nawres/ANEF_Ajouter_Decision' successfully

14-02-2025T14:46:26 - [MESSAGE][INFO] - Checking called Test Case

14-02-2025T14:46:26 - [MESSAGE][INFO] - Starting to call Test Case 'Test Cases/Test Reutilisable/Main/ANEF_Eloignement_V_Nawres/ANEF_Ajouter_Decision'

14-02-2025T14:46:26 - [TEST_CASE][PASSED] - Test Cases/Test Reutilisable/Main/ANEF_Eloignement_V_Nawres/ANEF_Ajouter_Decision: Test Cases/Test Reutilisable/Main/ANEF_Eloignement_V_Nawres/ANEF_Ajouter_Decision

14-02-2025T14:46:26 - [TEST_STEP][PASSED] - calendar = Calendar.getInstance(): null

14-02-2025T14:46:26 - [TEST_STEP][PASSED] - currentDate = calendar.getTime(): null

14-02-2025T14:46:26 - [TEST_STEP][PASSED] - sdf = new java.text.SimpleDateFormat(dd/MM/yyyy): null

14-02-2025T14:46:26 - [TEST_STEP][PASSED] - formattedDate = sdf.format(currentDate): null

14-02-2025T14:46:26 - [TEST_STEP][PASSED] - DateActuelle = formattedDate.toString(): null

14-02-2025T14:46:26 - [TEST_STEP][PASSED] - println(DateActuelle): null

14-02-2025T14:46:26 - [TEST_STEP][PASSED] - waitForElementClickable(findTestObject("Object Repository/ANEF_Eloignement_V_Nawres/Page_Ajouter_Decision/btn_Ajouter_Decision"), 20, STOP_ON_FAILURE): Object 'Object Repository/ANEF_Eloignement_V_Nawres/Page_Ajouter_Decision/btn_Ajouter_Decision' is clickable

14-02-2025T14:46:26 - [MESSAGE][INFO] - Finding Test Object 'Object Repository/ANEF_Eloignement_V_Nawres/Page_Ajouter_Decision/btn_Ajouter_Decision'

14-02-2025T14:46:26 - [MESSAGE][INFO] - Checking object

14-02-2025T14:46:26 - [MESSAGE][INFO] - Checking timeout

14-02-2025T14:46:26 - [MESSAGE][INFO] - Finding web element from Test Object's properties

14-02-2025T14:46:26 - [MESSAGE][INFO] - Checking timeout

14-02-2025T14:46:26 - [MESSAGE][INFO] - Finding web element with id: 'Object Repository/ANEF_Eloignement_V_Nawres/Page_Ajouter_Decision/btn_Ajouter_Decision' located by 'By.xpath: //button[contains(text(),"Ajouter une dÃ©cision")]' in '20' second(s)

14-02-2025T14:46:26 - [MESSAGE][INFO] - Found 1 web elements with id: 'Object Repository/ANEF_Eloignement_V_Nawres/Page_Ajouter_Decision/btn_Ajouter_Decision' located by 'By.xpath: //button[contains(text(),"Ajouter une dÃ©cision")]' in '20' second(s)

14-02-2025T14:46:26 - [MESSAGE][PASSED] - Object 'Object Repository/ANEF_Eloignement_V_Nawres/Page_Ajouter_Decision/btn_Ajouter_Decision' is clickable

14-02-2025T14:46:26 - [TEST_STEP][PASSED] - click(findTestObject("Object Repository/ANEF_Eloignement_V_Nawres/Page_Ajouter_Decision/btn_Ajouter_Decision"), STOP_ON_FAILURE): Object: 'Object Repository/ANEF_Eloignement_V_Nawres/Page_Ajouter_Decision/btn_Ajouter_Decision' is clicked on

14-02-2025T14:46:26 - [MESSAGE][INFO] - Finding Test Object 'Object Repository/ANEF_Eloignement_V_Nawres/Page_Ajouter_Decision/btn_Ajouter_Decision'

14-02-2025T14:46:26 - [MESSAGE][INFO] - Checking timeout

14-02-2025T14:46:26 - [MESSAGE][INFO] - Finding web element with id: 'Object Repository/ANEF_Eloignement_V_Nawres/Page_Ajouter_Decision/btn_Ajouter_Decision' located by 'By.xpath: //button[contains(text(),"Ajouter une dÃ©cision")]' in '20' second(s)

14-02-2025T14:46:26 - [MESSAGE][INFO] - Found 1 web elements with id: 'Object Repository/ANEF_Eloignement_V_Nawres/Page_Ajouter_Decision/btn_Ajouter_Decision' located by 'By.xpath: //button[contains(text(),"Ajouter une dÃ©cision")]' in '20' second(s)

14-02-2025T14:46:26 - [MESSAGE][INFO] - Checking object

14-02-2025T14:46:26 - [MESSAGE][INFO] - Checking timeout

14-02-2025T14:46:26 - [MESSAGE][INFO] - Finding web element from Test Object's properties

14-02-2025T14:46:26 - [MESSAGE][INFO] - Checking timeout

14-02-2025T14:46:26 - [MESSAGE][INFO] - Finding web element with id: 'Object Repository/ANEF_Eloignement_V_Nawres/Page_Ajouter_Decision/btn_Ajouter_Decision' located by 'By.xpath: //button[contains(text(),"Ajouter une dÃ©cision")]' in '100' second(s)

14-02-2025T14:46:26 - [MESSAGE][INFO] - Found 1 web elements with id: 'Object Repository/ANEF_Eloignement_V_Nawres/Page_Ajouter_Decision/btn_Ajouter_Decision' located by 'By.xpath: //button[contains(text(),"Ajouter une dÃ©cision")]' in '100' second(s)

14-02-2025T14:46:26 - [MESSAGE][INFO] - Clicking on object: 'Object Repository/ANEF_Eloignement_V_Nawres/Page_Ajouter_Decision/btn_Ajouter_Decision'

14-02-2025T14:46:28 - [MESSAGE][PASSED] - Object: 'Object Repository/ANEF_Eloignement_V_Nawres/Page_Ajouter_Decision/btn_Ajouter_Decision' is clicked on

14-02-2025T14:46:28 - [TEST_STEP][PASSED] - scrollToElement(findTestObject("Object Repository/ANEF_Eloignement_V_Nawres/Page_Ajouter_Decision/btn_Confirmer_Ajout_Decision"), 5, STOP_ON_FAILURE): Scroll to object 'Object Repository/ANEF_Eloignement_V_Nawres/Page_Ajouter_Decision/btn_Confirmer_Ajout_Decision' successfully

14-02-2025T14:46:28 - [MESSAGE][INFO] - Finding Test Object 'Object Repository/ANEF_Eloignement_V_Nawres/Page_Ajouter_Decision/btn_Confirmer_Ajout_Decision'

14-02-2025T14:46:28 - [MESSAGE][INFO] - Checking object

14-02-2025T14:46:28 - [MESSAGE][INFO] - Checking timeout

14-02-2025T14:46:28 - [MESSAGE][INFO] - Finding web element from Test Object's properties

14-02-2025T14:46:28 - [MESSAGE][INFO] - Checking timeout

14-02-2025T14:46:28 - [MESSAGE][INFO] - Finding web element with id: 'Object Repository/ANEF_Eloignement_V_Nawres/Page_Ajouter_Decision/btn_Confirmer_Ajout_Decision' located by 'By.xpath: //button[contains(text()," Confirmer l'ajout")]' in '100' second(s)

14-02-2025T14:46:28 - [MESSAGE][INFO] - Found 1 web elements with id: 'Object Repository/ANEF_Eloignement_V_Nawres/Page_Ajouter_Decision/btn_Confirmer_Ajout_Decision' located by 'By.xpath: //button[contains(text()," Confirmer l'ajout")]' in '100' second(s)

14-02-2025T14:46:28 - [MESSAGE][INFO] - Scrolling to object 'Object Repository/ANEF_Eloignement_V_Nawres/Page_Ajouter_Decision/btn_Confirmer_Ajout_Decision'

14-02-2025T14:46:28 - [MESSAGE][PASSED] - Scroll to object 'Object Repository/ANEF_Eloignement_V_Nawres/Page_Ajouter_Decision/btn_Confirmer_Ajout_Decision' successfully

14-02-2025T14:46:28 - [TEST_STEP][PASSED] - click(findTestObject("Object Repository/ANEF_Eloignement_V_Nawres/Page_Ajouter_Decision/btn_Confirmer_Ajout_Decision"), STOP_ON_FAILURE): Object: 'Object Repository/ANEF_Eloignement_V_Nawres/Page_Ajouter_Decision/btn_Confirmer_Ajout_Decision' is clicked on

14-02-2025T14:46:28 - [MESSAGE][INFO] - Finding Test Object 'Object Repository/ANEF_Eloignement_V_Nawres/Page_Ajouter_Decision/btn_Confirmer_Ajout_Decision'

14-02-2025T14:46:28 - [MESSAGE][INFO] - Checking timeout

14-02-2025T14:46:28 - [MESSAGE][INFO] - Finding web element with id: 'Object Repository/ANEF_Eloignement_V_Nawres/Page_Ajouter_Decision/btn_Confirmer_Ajout_Decision' located by 'By.xpath: //button[contains(text()," Confirmer l'ajout")]' in '20' second(s)

14-02-2025T14:46:28 - [MESSAGE][INFO] - Found 1 web elements with id: 'Object Repository/ANEF_Eloignement_V_Nawres/Page_Ajouter_Decision/btn_Confirmer_Ajout_Decision' located by 'By.xpath: //button[contains(text()," Confirmer l'ajout")]' in '20' second(s)

14-02-2025T14:46:28 - [MESSAGE][INFO] - Checking object

14-02-2025T14:46:28 - [MESSAGE][INFO] - Checking timeout

14-02-2025T14:46:28 - [MESSAGE][INFO] - Finding web element from Test Object's properties

14-02-2025T14:46:28 - [MESSAGE][INFO] - Checking timeout

14-02-2025T14:46:28 - [MESSAGE][INFO] - Finding web element with id: 'Object Repository/ANEF_Eloignement_V_Nawres/Page_Ajouter_Decision/btn_Confirmer_Ajout_Decision' located by 'By.xpath: //button[contains(text()," Confirmer l'ajout")]' in '100' second(s)

14-02-2025T14:46:28 - [MESSAGE][INFO] - Found 1 web elements with id: 'Object Repository/ANEF_Eloignement_V_Nawres/Page_Ajouter_Decision/btn_Confirmer_Ajout_Decision' located by 'By.xpath: //button[contains(text()," Confirmer l'ajout")]' in '100' second(s)

14-02-2025T14:46:28 - [MESSAGE][INFO] - Clicking on object: 'Object Repository/ANEF_Eloignement_V_Nawres/Page_Ajouter_Decision/btn_Confirmer_Ajout_Decision'

14-02-2025T14:46:29 - [MESSAGE][PASSED] - Object: 'Object Repository/ANEF_Eloignement_V_Nawres/Page_Ajouter_Decision/btn_Confirmer_Ajout_Decision' is clicked on

14-02-2025T14:46:29 - [TEST_STEP][PASSED] - waitForElementClickable(findTestObject("Object Repository/ANEF_Eloignement_V_Nawres/Page_Ajouter_Decision/btn_Confirmer_Notification"), 20, STOP_ON_FAILURE): Object 'Object Repository/ANEF_Eloignement_V_Nawres/Page_Ajouter_Decision/btn_Confirmer_Notification' is clickable

14-02-2025T14:46:29 - [MESSAGE][INFO] - Finding Test Object 'Object Repository/ANEF_Eloignement_V_Nawres/Page_Ajouter_Decision/btn_Confirmer_Notification'

14-02-2025T14:46:29 - [MESSAGE][INFO] - Checking object

14-02-2025T14:46:29 - [MESSAGE][INFO] - Checking timeout

14-02-2025T14:46:29 - [MESSAGE][INFO] - Finding web element from Test Object's properties

14-02-2025T14:46:29 - [MESSAGE][INFO] - Checking timeout

14-02-2025T14:46:29 - [MESSAGE][INFO] - Finding web element with id: 'Object Repository/ANEF_Eloignement_V_Nawres/Page_Ajouter_Decision/btn_Confirmer_Notification' located by 'By.xpath: //button[contains(text(),"Confirmer la notification")]' in '20' second(s)

14-02-2025T14:46:29 - [MESSAGE][INFO] - Found 1 web elements with id: 'Object Repository/ANEF_Eloignement_V_Nawres/Page_Ajouter_Decision/btn_Confirmer_Notification' located by 'By.xpath: //button[contains(text(),"Confirmer la notification")]' in '20' second(s)

14-02-2025T14:46:30 - [MESSAGE][PASSED] - Object 'Object Repository/ANEF_Eloignement_V_Nawres/Page_Ajouter_Decision/btn_Confirmer_Notification' is clickable

14-02-2025T14:46:30 - [TEST_STEP][PASSED] - click(findTestObject("Object Repository/ANEF_Eloignement_V_Nawres/Page_Ajouter_Decision/btn_Confirmer_Notification"), STOP_ON_FAILURE): Object: 'Object Repository/ANEF_Eloignement_V_Nawres/Page_Ajouter_Decision/btn_Confirmer_Notification' is clicked on

14-02-2025T14:46:30 - [MESSAGE][INFO] - Finding Test Object 'Object Repository/ANEF_Eloignement_V_Nawres/Page_Ajouter_Decision/btn_Confirmer_Notification'

14-02-2025T14:46:30 - [MESSAGE][INFO] - Checking timeout

14-02-2025T14:46:30 - [MESSAGE][INFO] - Finding web element with id: 'Object Repository/ANEF_Eloignement_V_Nawres/Page_Ajouter_Decision/btn_Confirmer_Notification' located by 'By.xpath: //button[contains(text(),"Confirmer la notification")]' in '20' second(s)

14-02-2025T14:46:30 - [MESSAGE][INFO] - Found 1 web elements with id: 'Object Repository/ANEF_Eloignement_V_Nawres/Page_Ajouter_Decision/btn_Confirmer_Notification' located by 'By.xpath: //button[contains(text(),"Confirmer la notification")]' in '20' second(s)

14-02-2025T14:46:30 - [MESSAGE][INFO] - Checking object

14-02-2025T14:46:30 - [MESSAGE][INFO] - Checking timeout

14-02-2025T14:46:30 - [MESSAGE][INFO] - Finding web element from Test Object's properties

14-02-2025T14:46:30 - [MESSAGE][INFO] - Checking timeout

14-02-2025T14:46:30 - [MESSAGE][INFO] - Finding web element with id: 'Object Repository/ANEF_Eloignement_V_Nawres/Page_Ajouter_Decision/btn_Confirmer_Notification' located by 'By.xpath: //button[contains(text(),"Confirmer la notification")]' in '100' second(s)

14-02-2025T14:46:30 - [MESSAGE][INFO] - Found 1 web elements with id: 'Object Repository/ANEF_Eloignement_V_Nawres/Page_Ajouter_Decision/btn_Confirmer_Notification' located by 'By.xpath: //button[contains(text(),"Confirmer la notification")]' in '100' second(s)

14-02-2025T14:46:30 - [MESSAGE][INFO] - Clicking on object: 'Object Repository/ANEF_Eloignement_V_Nawres/Page_Ajouter_Decision/btn_Confirmer_Notification'

14-02-2025T14:46:31 - [MESSAGE][PASSED] - Object: 'Object Repository/ANEF_Eloignement_V_Nawres/Page_Ajouter_Decision/btn_Confirmer_Notification' is clicked on

14-02-2025T14:46:31 - [TEST_STEP][PASSED] - selectOptionByLabel(findTestObject("Object Repository/ANEF_Eloignement_V_Nawres/Page_Ajouter_Decision/select_Mode_Notification"), ModeNotification, false, STOP_ON_FAILURE): All options with label 'Voie postale' are selected in object 'Object Repository/ANEF_Eloignement_V_Nawres/Page_Ajouter_Decision/select_Mode_Notification' 

14-02-2025T14:46:31 - [MESSAGE][INFO] - Finding Test Object 'Object Repository/ANEF_Eloignement_V_Nawres/Page_Ajouter_Decision/select_Mode_Notification'

14-02-2025T14:46:31 - [MESSAGE][INFO] - Checking timeout

14-02-2025T14:46:31 - [MESSAGE][INFO] - Finding web element with id: 'Object Repository/ANEF_Eloignement_V_Nawres/Page_Ajouter_Decision/select_Mode_Notification' located by 'By.xpath: //app-notification-modal//form//app-dsfr-select/div/select[@id="mode_notification"]' in '20' second(s)

14-02-2025T14:46:31 - [MESSAGE][INFO] - Found 1 web elements with id: 'Object Repository/ANEF_Eloignement_V_Nawres/Page_Ajouter_Decision/select_Mode_Notification' located by 'By.xpath: //app-notification-modal//form//app-dsfr-select/div/select[@id="mode_notification"]' in '20' second(s)

14-02-2025T14:46:31 - [MESSAGE][INFO] - Checking object

14-02-2025T14:46:31 - [MESSAGE][INFO] - Checking label parameter

14-02-2025T14:46:31 - [MESSAGE][INFO] - Finding web element from Test Object's properties

14-02-2025T14:46:31 - [MESSAGE][INFO] - Checking timeout

14-02-2025T14:46:31 - [MESSAGE][INFO] - Finding web element with id: 'Object Repository/ANEF_Eloignement_V_Nawres/Page_Ajouter_Decision/select_Mode_Notification' located by 'By.xpath: //app-notification-modal//form//app-dsfr-select/div/select[@id="mode_notification"]' in '100' second(s)

14-02-2025T14:46:31 - [MESSAGE][INFO] - Found 1 web elements with id: 'Object Repository/ANEF_Eloignement_V_Nawres/Page_Ajouter_Decision/select_Mode_Notification' located by 'By.xpath: //app-notification-modal//form//app-dsfr-select/div/select[@id="mode_notification"]' in '100' second(s)

14-02-2025T14:46:31 - [MESSAGE][INFO] - Selecting options on object 'Object Repository/ANEF_Eloignement_V_Nawres/Page_Ajouter_Decision/select_Mode_Notification' with label 'Voie postale' 

14-02-2025T14:46:32 - [MESSAGE][PASSED] - All options with label 'Voie postale' are selected in object 'Object Repository/ANEF_Eloignement_V_Nawres/Page_Ajouter_Decision/select_Mode_Notification' 

14-02-2025T14:46:32 - [TEST_STEP][PASSED] - setText(findTestObject("Object Repository/ANEF_Eloignement_V_Nawres/Page_Ajouter_Decision/input_Date_Notification"), DateActuelle, STOP_ON_FAILURE): Text '14/02/2025' is set on object 'Object Repository/ANEF_Eloignement_V_Nawres/Page_Ajouter_Decision/input_Date_Notification'

14-02-2025T14:46:32 - [MESSAGE][INFO] - Finding Test Object 'Object Repository/ANEF_Eloignement_V_Nawres/Page_Ajouter_Decision/input_Date_Notification'

14-02-2025T14:46:32 - [MESSAGE][INFO] - Checking timeout

14-02-2025T14:46:32 - [MESSAGE][INFO] - Finding web element with id: 'Object Repository/ANEF_Eloignement_V_Nawres/Page_Ajouter_Decision/input_Date_Notification' located by 'By.xpath: //app-notification-modal//form//app-dsfr-input/div/input[@name="date_notification"]' in '20' second(s)

14-02-2025T14:46:33 - [MESSAGE][INFO] - Found 1 web elements with id: 'Object Repository/ANEF_Eloignement_V_Nawres/Page_Ajouter_Decision/input_Date_Notification' located by 'By.xpath: //app-notification-modal//form//app-dsfr-input/div/input[@name="date_notification"]' in '20' second(s)

14-02-2025T14:46:33 - [MESSAGE][INFO] - Checking object

14-02-2025T14:46:33 - [MESSAGE][INFO] - Checking text

14-02-2025T14:46:33 - [MESSAGE][INFO] - Finding web element from Test Object's properties

14-02-2025T14:46:33 - [MESSAGE][INFO] - Checking timeout

14-02-2025T14:46:33 - [MESSAGE][INFO] - Finding web element with id: 'Object Repository/ANEF_Eloignement_V_Nawres/Page_Ajouter_Decision/input_Date_Notification' located by 'By.xpath: //app-notification-modal//form//app-dsfr-input/div/input[@name="date_notification"]' in '100' second(s)

14-02-2025T14:46:33 - [MESSAGE][INFO] - Found 1 web elements with id: 'Object Repository/ANEF_Eloignement_V_Nawres/Page_Ajouter_Decision/input_Date_Notification' located by 'By.xpath: //app-notification-modal//form//app-dsfr-input/div/input[@name="date_notification"]' in '100' second(s)

14-02-2025T14:46:33 - [MESSAGE][INFO] - Clearing text of object 'Object Repository/ANEF_Eloignement_V_Nawres/Page_Ajouter_Decision/input_Date_Notification'

14-02-2025T14:46:34 - [MESSAGE][INFO] - Finding web element from Test Object's properties

14-02-2025T14:46:34 - [MESSAGE][INFO] - Checking timeout

14-02-2025T14:46:34 - [MESSAGE][INFO] - Finding web element with id: 'Object Repository/ANEF_Eloignement_V_Nawres/Page_Ajouter_Decision/input_Date_Notification' located by 'By.xpath: //app-notification-modal//form//app-dsfr-input/div/input[@name="date_notification"]' in '100' second(s)

14-02-2025T14:46:34 - [MESSAGE][INFO] - Found 1 web elements with id: 'Object Repository/ANEF_Eloignement_V_Nawres/Page_Ajouter_Decision/input_Date_Notification' located by 'By.xpath: //app-notification-modal//form//app-dsfr-input/div/input[@name="date_notification"]' in '100' second(s)

14-02-2025T14:46:34 - [MESSAGE][INFO] - Setting text of object 'Object Repository/ANEF_Eloignement_V_Nawres/Page_Ajouter_Decision/input_Date_Notification' to value '14/02/2025'

14-02-2025T14:46:35 - [MESSAGE][PASSED] - Text '14/02/2025' is set on object 'Object Repository/ANEF_Eloignement_V_Nawres/Page_Ajouter_Decision/input_Date_Notification'

14-02-2025T14:46:35 - [TEST_STEP][PASSED] - if (ModeNotification == "Voie administrative"): null

14-02-2025T14:46:35 - [TEST_STEP][PASSED] - uploadFile(findTestObject("Object Repository/ANEF_Eloignement_V_Nawres/Page_Ajouter_Decision/input_Ajouter_Fichier_Notification"), getProjectDir() + "/Data Files/Fichier_Test.pdf"): File 'C:/Users/nbenjemi/Katalon Studio/ANEF-ELOIGNEMENT-20250121/ANEF-ELOIGNEMENT-20250121/Data Files/Fichier_Test.pdf' sent to object: 'Object Repository/ANEF_Eloignement_V_Nawres/Page_Ajouter_Decision/input_Ajouter_Fichier_Notification'

14-02-2025T14:46:35 - [MESSAGE][INFO] - Finding Test Object 'Object Repository/ANEF_Eloignement_V_Nawres/Page_Ajouter_Decision/input_Ajouter_Fichier_Notification'

14-02-2025T14:46:35 - [MESSAGE][INFO] - Checking object

14-02-2025T14:46:35 - [MESSAGE][INFO] - Uploading file 'C:/Users/nbenjemi/Katalon Studio/ANEF-ELOIGNEMENT-20250121/ANEF-ELOIGNEMENT-20250121/Data Files/Fichier_Test.pdf' to object: 'Object Repository/ANEF_Eloignement_V_Nawres/Page_Ajouter_Decision/input_Ajouter_Fichier_Notification'

14-02-2025T14:46:35 - [MESSAGE][INFO] - Finding web element from Test Object's properties

14-02-2025T14:46:35 - [MESSAGE][INFO] - Checking timeout

14-02-2025T14:46:35 - [MESSAGE][INFO] - Finding web element with id: 'Object Repository/ANEF_Eloignement_V_Nawres/Page_Ajouter_Decision/input_Ajouter_Fichier_Notification' located by 'By.xpath: //app-notification-modal//form//app-dsfr-piece-jointe//input' in '100' second(s)

14-02-2025T14:46:35 - [MESSAGE][INFO] - Found 1 web elements with id: 'Object Repository/ANEF_Eloignement_V_Nawres/Page_Ajouter_Decision/input_Ajouter_Fichier_Notification' located by 'By.xpath: //app-notification-modal//form//app-dsfr-piece-jointe//input' in '100' second(s)

14-02-2025T14:46:36 - [MESSAGE][PASSED] - File 'C:/Users/nbenjemi/Katalon Studio/ANEF-ELOIGNEMENT-20250121/ANEF-ELOIGNEMENT-20250121/Data Files/Fichier_Test.pdf' sent to object: 'Object Repository/ANEF_Eloignement_V_Nawres/Page_Ajouter_Decision/input_Ajouter_Fichier_Notification'

14-02-2025T14:46:36 - [TEST_STEP][PASSED] - scrollToElement(findTestObject("Object Repository/ANEF_Eloignement_V_Nawres/Page_Ajouter_Decision/btn_Confirmer_Ajout_Notification"), 5, STOP_ON_FAILURE): Scroll to object 'Object Repository/ANEF_Eloignement_V_Nawres/Page_Ajouter_Decision/btn_Confirmer_Ajout_Notification' successfully

14-02-2025T14:46:36 - [MESSAGE][INFO] - Finding Test Object 'Object Repository/ANEF_Eloignement_V_Nawres/Page_Ajouter_Decision/btn_Confirmer_Ajout_Notification'

14-02-2025T14:46:36 - [MESSAGE][INFO] - Checking object

14-02-2025T14:46:36 - [MESSAGE][INFO] - Checking timeout

14-02-2025T14:46:36 - [MESSAGE][INFO] - Finding web element from Test Object's properties

14-02-2025T14:46:36 - [MESSAGE][INFO] - Checking timeout

14-02-2025T14:46:36 - [MESSAGE][INFO] - Finding web element with id: 'Object Repository/ANEF_Eloignement_V_Nawres/Page_Ajouter_Decision/btn_Confirmer_Ajout_Notification' located by 'By.xpath: //app-notification-modal//button[contains(text(),"Confirmer l'ajout")]' in '100' second(s)

14-02-2025T14:46:36 - [MESSAGE][INFO] - Found 1 web elements with id: 'Object Repository/ANEF_Eloignement_V_Nawres/Page_Ajouter_Decision/btn_Confirmer_Ajout_Notification' located by 'By.xpath: //app-notification-modal//button[contains(text(),"Confirmer l'ajout")]' in '100' second(s)

14-02-2025T14:46:36 - [MESSAGE][INFO] - Scrolling to object 'Object Repository/ANEF_Eloignement_V_Nawres/Page_Ajouter_Decision/btn_Confirmer_Ajout_Notification'

14-02-2025T14:46:36 - [MESSAGE][PASSED] - Scroll to object 'Object Repository/ANEF_Eloignement_V_Nawres/Page_Ajouter_Decision/btn_Confirmer_Ajout_Notification' successfully

14-02-2025T14:46:36 - [TEST_STEP][PASSED] - click(findTestObject("Object Repository/ANEF_Eloignement_V_Nawres/Page_Ajouter_Decision/btn_Confirmer_Ajout_Notification"), STOP_ON_FAILURE): Object: 'Object Repository/ANEF_Eloignement_V_Nawres/Page_Ajouter_Decision/btn_Confirmer_Ajout_Notification' is clicked on

14-02-2025T14:46:36 - [MESSAGE][INFO] - Finding Test Object 'Object Repository/ANEF_Eloignement_V_Nawres/Page_Ajouter_Decision/btn_Confirmer_Ajout_Notification'

14-02-2025T14:46:36 - [MESSAGE][INFO] - Checking timeout

14-02-2025T14:46:36 - [MESSAGE][INFO] - Finding web element with id: 'Object Repository/ANEF_Eloignement_V_Nawres/Page_Ajouter_Decision/btn_Confirmer_Ajout_Notification' located by 'By.xpath: //app-notification-modal//button[contains(text(),"Confirmer l'ajout")]' in '20' second(s)

14-02-2025T14:46:36 - [MESSAGE][INFO] - Found 1 web elements with id: 'Object Repository/ANEF_Eloignement_V_Nawres/Page_Ajouter_Decision/btn_Confirmer_Ajout_Notification' located by 'By.xpath: //app-notification-modal//button[contains(text(),"Confirmer l'ajout")]' in '20' second(s)

14-02-2025T14:46:36 - [MESSAGE][INFO] - Checking object

14-02-2025T14:46:36 - [MESSAGE][INFO] - Checking timeout

14-02-2025T14:46:36 - [MESSAGE][INFO] - Finding web element from Test Object's properties

14-02-2025T14:46:36 - [MESSAGE][INFO] - Checking timeout

14-02-2025T14:46:36 - [MESSAGE][INFO] - Finding web element with id: 'Object Repository/ANEF_Eloignement_V_Nawres/Page_Ajouter_Decision/btn_Confirmer_Ajout_Notification' located by 'By.xpath: //app-notification-modal//button[contains(text(),"Confirmer l'ajout")]' in '100' second(s)

14-02-2025T14:46:36 - [MESSAGE][INFO] - Found 1 web elements with id: 'Object Repository/ANEF_Eloignement_V_Nawres/Page_Ajouter_Decision/btn_Confirmer_Ajout_Notification' located by 'By.xpath: //app-notification-modal//button[contains(text(),"Confirmer l'ajout")]' in '100' second(s)

14-02-2025T14:46:36 - [MESSAGE][INFO] - Clicking on object: 'Object Repository/ANEF_Eloignement_V_Nawres/Page_Ajouter_Decision/btn_Confirmer_Ajout_Notification'

14-02-2025T14:46:37 - [MESSAGE][PASSED] - Object: 'Object Repository/ANEF_Eloignement_V_Nawres/Page_Ajouter_Decision/btn_Confirmer_Ajout_Notification' is clicked on

14-02-2025T14:46:37 - [TEST_STEP][PASSED] - waitForElementClickable(findTestObject("Object Repository/ANEF_Eloignement_V_Nawres/Page_Ajouter_Decision/btn_Enregistrer"), 7, STOP_ON_FAILURE): Object 'Object Repository/ANEF_Eloignement_V_Nawres/Page_Ajouter_Decision/btn_Enregistrer' is clickable

14-02-2025T14:46:37 - [MESSAGE][INFO] - Finding Test Object 'Object Repository/ANEF_Eloignement_V_Nawres/Page_Ajouter_Decision/btn_Enregistrer'

14-02-2025T14:46:37 - [MESSAGE][INFO] - Checking object

14-02-2025T14:46:37 - [MESSAGE][INFO] - Checking timeout

14-02-2025T14:46:37 - [MESSAGE][INFO] - Finding web element from Test Object's properties

14-02-2025T14:46:37 - [MESSAGE][INFO] - Checking timeout

14-02-2025T14:46:37 - [MESSAGE][INFO] - Finding web element with id: 'Object Repository/ANEF_Eloignement_V_Nawres/Page_Ajouter_Decision/btn_Enregistrer' located by 'By.xpath: //button[contains(text(),"Enregistrer")]' in '7' second(s)

14-02-2025T14:46:37 - [MESSAGE][INFO] - Found 1 web elements with id: 'Object Repository/ANEF_Eloignement_V_Nawres/Page_Ajouter_Decision/btn_Enregistrer' located by 'By.xpath: //button[contains(text(),"Enregistrer")]' in '7' second(s)

14-02-2025T14:46:37 - [MESSAGE][PASSED] - Object 'Object Repository/ANEF_Eloignement_V_Nawres/Page_Ajouter_Decision/btn_Enregistrer' is clickable

14-02-2025T14:46:37 - [MESSAGE][PASSED] - Call Test Case 'Test Cases/Test Reutilisable/Main/ANEF_Eloignement_V_Nawres/ANEF_Ajouter_Decision' successfully

14-02-2025T14:46:39 - [TEST_STEP][PASSED] - Video: Video recording for test case 'Test Cases/Cas D Utilisations/ANEF_Eloignement_V_Nawres/TC_ANEF_Eloignement' .

14-02-2025T14:46:39 - [MESSAGE][INFO] - Video recording for test case 'Test Cases/Cas D Utilisations/ANEF_Eloignement_V_Nawres/TC_ANEF_Eloignement' .]]></system-out>
         <system-err><![CDATA[]]></system-err>
      </testcase>
      <testcase name="Test Cases/Cas D Utilisations/ANEF_Eloignement_V_Nawres/TC_ANEF_Eloignement" time="80.641" classname="Test Cases/Cas D Utilisations/ANEF_Eloignement_V_Nawres/TC_ANEF_Eloignement" status="PASSED">
         <system-out><![CDATA[14-02-2025T14:46:39 - [TEST_CASE][PASSED] - Test Cases/Cas D Utilisations/ANEF_Eloignement_V_Nawres/TC_ANEF_Eloignement: Test Cases/Cas D Utilisations/ANEF_Eloignement_V_Nawres/TC_ANEF_Eloignement

14-02-2025T14:46:39 - [TEST_STEP][PASSED] - callTestCase(findTestCase("Test Cases/Test Reutilisable/Main/ANEF_Eloignement_V_Nawres/ANEF_Lancer_URL_ANEF"), ["Profiles":Profiles, "EnvExec":EnvExec], STOP_ON_FAILURE): Call Test Case 'Test Cases/Test Reutilisable/Main/ANEF_Eloignement_V_Nawres/ANEF_Lancer_URL_ANEF' successfully

14-02-2025T14:46:39 - [MESSAGE][INFO] - Checking called Test Case

14-02-2025T14:46:39 - [MESSAGE][INFO] - Starting to call Test Case 'Test Cases/Test Reutilisable/Main/ANEF_Eloignement_V_Nawres/ANEF_Lancer_URL_ANEF'

14-02-2025T14:46:39 - [TEST_CASE][PASSED] - Test Cases/Test Reutilisable/Main/ANEF_Eloignement_V_Nawres/ANEF_Lancer_URL_ANEF: Test Cases/Test Reutilisable/Main/ANEF_Eloignement_V_Nawres/ANEF_Lancer_URL_ANEF

14-02-2025T14:46:39 - [TEST_STEP][PASSED] - "Call Highlight.on() automatically": null

14-02-2025T14:46:40 - [TEST_STEP][PASSED] - projDir = getProjectDir(): null

14-02-2025T14:46:40 - [TEST_STEP][PASSED] - RunBrowserConfiguration = getExecutionProperties(): null

14-02-2025T14:46:40 - [TEST_STEP][PASSED] - DriverName = get("WebUI").get("browserType"): null

14-02-2025T14:46:40 - [TEST_STEP][PASSED] - println("DriverName :" + DriverName): null

14-02-2025T14:46:40 - [TEST_STEP][PASSED] - println("Driverpath :" + RunBrowserConfiguration.get("drivers")): null

14-02-2025T14:46:40 - [TEST_STEP][PASSED] - if (Profiles == "Usager"): null

14-02-2025T14:46:40 - [TEST_STEP][PASSED] - if (Profiles == "Agent"): Current window maximized

14-02-2025T14:46:40 - [TEST_STEP][PASSED] - if (EnvExec == "URLPortailAgentQualif"): null

14-02-2025T14:46:40 - [TEST_STEP][PASSED] - if (EnvExec == "URLPortailAgentPreProd"): Browser is opened with url: 'https://preprod.siaef.dgef.interieur.gouv.fr/sejour/#/accueil'

14-02-2025T14:46:40 - [TEST_STEP][PASSED] - openBrowser(URLPortailAgentPreProd): Browser is opened with url: 'https://preprod.siaef.dgef.interieur.gouv.fr/sejour/#/accueil'

14-02-2025T14:46:40 - [MESSAGE][INFO] - Opening browser

14-02-2025T14:46:40 - [MESSAGE][WARNING] - A browser is already opened. Closing browser and opening a new one

14-02-2025T14:46:40 - [MESSAGE][INFO] - Starting 'Chrome' driver

14-02-2025T14:46:40 - [MESSAGE][INFO] - User set preference: ['args', '[--incognito, --disable-search-engine-choice-screen, --enable-automation, --disable-save-password-bubble, --start-maximized, --remote-allow-origins=*]']

14-02-2025T14:46:40 - [MESSAGE][INFO] - User set preference: ['prefs', '{download.default_directory=${GlobalVariable.downloadPath}, download_dir=${GlobalVariable.downloadPath}, download.prompt_for_download=false}']

14-02-2025T14:46:40 - [MESSAGE][INFO] - User set preference: ['loggingPrefs', '{browser=ALL}']

14-02-2025T14:46:40 - [MESSAGE][INFO] - Action delay is set to 1â€¯000 milliseconds

14-02-2025T14:46:42 - [MESSAGE][INFO] - Navigating browser to: 'https://preprod.siaef.dgef.interieur.gouv.fr/sejour/#/accueil'

14-02-2025T14:46:44 - [MESSAGE][PASSED] - Browser is opened with url: 'https://preprod.siaef.dgef.interieur.gouv.fr/sejour/#/accueil'

14-02-2025T14:46:44 - [TEST_STEP][PASSED] - maximizeWindow(): Current window maximized

14-02-2025T14:46:44 - [MESSAGE][INFO] - Maximizing current window

14-02-2025T14:46:44 - [MESSAGE][PASSED] - Current window maximized

14-02-2025T14:46:44 - [MESSAGE][PASSED] - Call Test Case 'Test Cases/Test Reutilisable/Main/ANEF_Eloignement_V_Nawres/ANEF_Lancer_URL_ANEF' successfully

14-02-2025T14:46:44 - [TEST_STEP][PASSED] - callTestCase(findTestCase("Test Cases/Test Reutilisable/Main/ANEF_Eloignement_V_Nawres/ANEF_Identification"), ["Profiles":Profiles, "IdentifiantAgent":IdentifiantAgent, "PwAgent":PwAgent, "EnvExec":EnvExec], STOP_ON_FAILURE): Call Test Case 'Test Cases/Test Reutilisable/Main/ANEF_Eloignement_V_Nawres/ANEF_Identification' successfully

14-02-2025T14:46:44 - [MESSAGE][INFO] - Checking called Test Case

14-02-2025T14:46:44 - [MESSAGE][INFO] - Starting to call Test Case 'Test Cases/Test Reutilisable/Main/ANEF_Eloignement_V_Nawres/ANEF_Identification'

14-02-2025T14:46:44 - [TEST_CASE][PASSED] - Test Cases/Test Reutilisable/Main/ANEF_Eloignement_V_Nawres/ANEF_Identification: Test Cases/Test Reutilisable/Main/ANEF_Eloignement_V_Nawres/ANEF_Identification

14-02-2025T14:46:44 - [TEST_STEP][PASSED] - com.kazurayam.ksbackyard.HighlightElement.pandemic(): com.kazurayam.ksbackyard.HighlightElement.pandemic is PASSED

14-02-2025T14:46:44 - [MESSAGE][PASSED] - com.kazurayam.ksbackyard.HighlightElement.pandemic is PASSED

14-02-2025T14:46:44 - [TEST_STEP][PASSED] - if (Profiles == "Usager"): null

14-02-2025T14:46:44 - [TEST_STEP][PASSED] - if (Profiles == "Agent"): Object: 'Object Repository/ANEF_Eloignement_V_Nawres/Page_ANEF_Connexion/btn_Valider_Conx_Agent' is clicked on

14-02-2025T14:46:44 - [TEST_STEP][PASSED] - if (EnvExec == "URLPortailAgentQualif"): null

14-02-2025T14:46:44 - [TEST_STEP][PASSED] - if (EnvExec == "URLPortailAgentPreProd"): Text 'Natali123456!' is set on object 'Object Repository/ANEF_Eloignement_V_Nawres/Page_ANEF_Connexion/Input_PasswordAgent'

14-02-2025T14:46:44 - [TEST_STEP][PASSED] - setText(findTestObject("Object Repository/ANEF_Eloignement_V_Nawres/Page_ANEF_Connexion/Input_UserNameAgent"), IdentifiantAgent): Text 'test.gpe+970@outlook.fr' is set on object 'Object Repository/ANEF_Eloignement_V_Nawres/Page_ANEF_Connexion/Input_UserNameAgent'

14-02-2025T14:46:44 - [MESSAGE][INFO] - Finding Test Object 'Object Repository/ANEF_Eloignement_V_Nawres/Page_ANEF_Connexion/Input_UserNameAgent'

14-02-2025T14:46:44 - [MESSAGE][INFO] - Checking timeout

14-02-2025T14:46:44 - [MESSAGE][INFO] - Finding web element with id: 'Object Repository/ANEF_Eloignement_V_Nawres/Page_ANEF_Connexion/Input_UserNameAgent' located by 'By.xpath: //*[@aria-labelledby="username-label"]|//*[@id="login"]' in '20' second(s)

14-02-2025T14:46:44 - [MESSAGE][INFO] - Found 1 web elements with id: 'Object Repository/ANEF_Eloignement_V_Nawres/Page_ANEF_Connexion/Input_UserNameAgent' located by 'By.xpath: //*[@aria-labelledby="username-label"]|//*[@id="login"]' in '20' second(s)

14-02-2025T14:46:44 - [MESSAGE][INFO] - Checking object

14-02-2025T14:46:44 - [MESSAGE][INFO] - Checking text

14-02-2025T14:46:44 - [MESSAGE][INFO] - Finding web element from Test Object's properties

14-02-2025T14:46:44 - [MESSAGE][INFO] - Checking timeout

14-02-2025T14:46:44 - [MESSAGE][INFO] - Finding web element with id: 'Object Repository/ANEF_Eloignement_V_Nawres/Page_ANEF_Connexion/Input_UserNameAgent' located by 'By.xpath: //*[@aria-labelledby="username-label"]|//*[@id="login"]' in '100' second(s)

14-02-2025T14:46:44 - [MESSAGE][INFO] - Found 1 web elements with id: 'Object Repository/ANEF_Eloignement_V_Nawres/Page_ANEF_Connexion/Input_UserNameAgent' located by 'By.xpath: //*[@aria-labelledby="username-label"]|//*[@id="login"]' in '100' second(s)

14-02-2025T14:46:44 - [MESSAGE][INFO] - Clearing text of object 'Object Repository/ANEF_Eloignement_V_Nawres/Page_ANEF_Connexion/Input_UserNameAgent'

14-02-2025T14:46:45 - [MESSAGE][INFO] - Finding web element from Test Object's properties

14-02-2025T14:46:45 - [MESSAGE][INFO] - Checking timeout

14-02-2025T14:46:45 - [MESSAGE][INFO] - Finding web element with id: 'Object Repository/ANEF_Eloignement_V_Nawres/Page_ANEF_Connexion/Input_UserNameAgent' located by 'By.xpath: //*[@aria-labelledby="username-label"]|//*[@id="login"]' in '100' second(s)

14-02-2025T14:46:45 - [MESSAGE][INFO] - Found 1 web elements with id: 'Object Repository/ANEF_Eloignement_V_Nawres/Page_ANEF_Connexion/Input_UserNameAgent' located by 'By.xpath: //*[@aria-labelledby="username-label"]|//*[@id="login"]' in '100' second(s)

14-02-2025T14:46:45 - [MESSAGE][INFO] - Setting text of object 'Object Repository/ANEF_Eloignement_V_Nawres/Page_ANEF_Connexion/Input_UserNameAgent' to value 'test.gpe+970@outlook.fr'

14-02-2025T14:46:46 - [MESSAGE][PASSED] - Text 'test.gpe+970@outlook.fr' is set on object 'Object Repository/ANEF_Eloignement_V_Nawres/Page_ANEF_Connexion/Input_UserNameAgent'

14-02-2025T14:46:46 - [TEST_STEP][PASSED] - setText(findTestObject("Object Repository/ANEF_Eloignement_V_Nawres/Page_ANEF_Connexion/Input_PasswordAgent"), PwAgent): Text 'Natali123456!' is set on object 'Object Repository/ANEF_Eloignement_V_Nawres/Page_ANEF_Connexion/Input_PasswordAgent'

14-02-2025T14:46:46 - [MESSAGE][INFO] - Finding Test Object 'Object Repository/ANEF_Eloignement_V_Nawres/Page_ANEF_Connexion/Input_PasswordAgent'

14-02-2025T14:46:46 - [MESSAGE][INFO] - Checking timeout

14-02-2025T14:46:46 - [MESSAGE][INFO] - Finding web element with id: 'Object Repository/ANEF_Eloignement_V_Nawres/Page_ANEF_Connexion/Input_PasswordAgent' located by 'By.xpath: //*[@aria-labelledby="password-label"]|//*[@id="password"]' in '20' second(s)

14-02-2025T14:46:47 - [MESSAGE][INFO] - Found 1 web elements with id: 'Object Repository/ANEF_Eloignement_V_Nawres/Page_ANEF_Connexion/Input_PasswordAgent' located by 'By.xpath: //*[@aria-labelledby="password-label"]|//*[@id="password"]' in '20' second(s)

14-02-2025T14:46:47 - [MESSAGE][INFO] - Checking object

14-02-2025T14:46:47 - [MESSAGE][INFO] - Checking text

14-02-2025T14:46:47 - [MESSAGE][INFO] - Finding web element from Test Object's properties

14-02-2025T14:46:47 - [MESSAGE][INFO] - Checking timeout

14-02-2025T14:46:47 - [MESSAGE][INFO] - Finding web element with id: 'Object Repository/ANEF_Eloignement_V_Nawres/Page_ANEF_Connexion/Input_PasswordAgent' located by 'By.xpath: //*[@aria-labelledby="password-label"]|//*[@id="password"]' in '100' second(s)

14-02-2025T14:46:47 - [MESSAGE][INFO] - Found 1 web elements with id: 'Object Repository/ANEF_Eloignement_V_Nawres/Page_ANEF_Connexion/Input_PasswordAgent' located by 'By.xpath: //*[@aria-labelledby="password-label"]|//*[@id="password"]' in '100' second(s)

14-02-2025T14:46:47 - [MESSAGE][INFO] - Clearing text of object 'Object Repository/ANEF_Eloignement_V_Nawres/Page_ANEF_Connexion/Input_PasswordAgent'

14-02-2025T14:46:48 - [MESSAGE][INFO] - Finding web element from Test Object's properties

14-02-2025T14:46:48 - [MESSAGE][INFO] - Checking timeout

14-02-2025T14:46:48 - [MESSAGE][INFO] - Finding web element with id: 'Object Repository/ANEF_Eloignement_V_Nawres/Page_ANEF_Connexion/Input_PasswordAgent' located by 'By.xpath: //*[@aria-labelledby="password-label"]|//*[@id="password"]' in '100' second(s)

14-02-2025T14:46:48 - [MESSAGE][INFO] - Found 1 web elements with id: 'Object Repository/ANEF_Eloignement_V_Nawres/Page_ANEF_Connexion/Input_PasswordAgent' located by 'By.xpath: //*[@aria-labelledby="password-label"]|//*[@id="password"]' in '100' second(s)

14-02-2025T14:46:48 - [MESSAGE][INFO] - Setting text of object 'Object Repository/ANEF_Eloignement_V_Nawres/Page_ANEF_Connexion/Input_PasswordAgent' to value 'Natali123456!'

14-02-2025T14:46:49 - [MESSAGE][PASSED] - Text 'Natali123456!' is set on object 'Object Repository/ANEF_Eloignement_V_Nawres/Page_ANEF_Connexion/Input_PasswordAgent'

14-02-2025T14:46:49 - [TEST_STEP][PASSED] - click(findTestObject("Object Repository/ANEF_Eloignement_V_Nawres/Page_ANEF_Connexion/btn_Valider_Conx_Agent")): Object: 'Object Repository/ANEF_Eloignement_V_Nawres/Page_ANEF_Connexion/btn_Valider_Conx_Agent' is clicked on

14-02-2025T14:46:49 - [MESSAGE][INFO] - Finding Test Object 'Object Repository/ANEF_Eloignement_V_Nawres/Page_ANEF_Connexion/btn_Valider_Conx_Agent'

14-02-2025T14:46:49 - [MESSAGE][INFO] - Checking timeout

14-02-2025T14:46:49 - [MESSAGE][INFO] - Finding web element with id: 'Object Repository/ANEF_Eloignement_V_Nawres/Page_ANEF_Connexion/btn_Valider_Conx_Agent' located by 'By.xpath: //*[@label="Valider"]|//*[@id="btn-login"]' in '20' second(s)

14-02-2025T14:46:49 - [MESSAGE][INFO] - Found 1 web elements with id: 'Object Repository/ANEF_Eloignement_V_Nawres/Page_ANEF_Connexion/btn_Valider_Conx_Agent' located by 'By.xpath: //*[@label="Valider"]|//*[@id="btn-login"]' in '20' second(s)

14-02-2025T14:46:49 - [MESSAGE][INFO] - Checking object

14-02-2025T14:46:49 - [MESSAGE][INFO] - Checking timeout

14-02-2025T14:46:49 - [MESSAGE][INFO] - Finding web element from Test Object's properties

14-02-2025T14:46:49 - [MESSAGE][INFO] - Checking timeout

14-02-2025T14:46:49 - [MESSAGE][INFO] - Finding web element with id: 'Object Repository/ANEF_Eloignement_V_Nawres/Page_ANEF_Connexion/btn_Valider_Conx_Agent' located by 'By.xpath: //*[@label="Valider"]|//*[@id="btn-login"]' in '100' second(s)

14-02-2025T14:46:49 - [MESSAGE][INFO] - Found 1 web elements with id: 'Object Repository/ANEF_Eloignement_V_Nawres/Page_ANEF_Connexion/btn_Valider_Conx_Agent' located by 'By.xpath: //*[@label="Valider"]|//*[@id="btn-login"]' in '100' second(s)

14-02-2025T14:46:49 - [MESSAGE][INFO] - Clicking on object: 'Object Repository/ANEF_Eloignement_V_Nawres/Page_ANEF_Connexion/btn_Valider_Conx_Agent'

14-02-2025T14:46:50 - [MESSAGE][PASSED] - Object: 'Object Repository/ANEF_Eloignement_V_Nawres/Page_ANEF_Connexion/btn_Valider_Conx_Agent' is clicked on

14-02-2025T14:46:50 - [TEST_STEP][PASSED] - delay(5): Delayed 5 second(s)

14-02-2025T14:46:50 - [MESSAGE][INFO] - Delaying browser in 5 second(s)

14-02-2025T14:46:55 - [MESSAGE][PASSED] - Delayed 5 second(s)

14-02-2025T14:46:55 - [TEST_STEP][PASSED] - verifyElementPresent(findTestObject("Object Repository/ANEF_Eloignement_V_Nawres/Page_Accueil_Principale/btn_ANEF_Eloignement"), 1, STOP_ON_FAILURE): Object 'Object Repository/ANEF_Eloignement_V_Nawres/Page_Accueil_Principale/btn_ANEF_Eloignement' is present

14-02-2025T14:46:55 - [MESSAGE][INFO] - Finding Test Object 'Object Repository/ANEF_Eloignement_V_Nawres/Page_Accueil_Principale/btn_ANEF_Eloignement'

14-02-2025T14:46:55 - [MESSAGE][INFO] - Checking object

14-02-2025T14:46:55 - [MESSAGE][INFO] - Finding web element from Test Object's properties

14-02-2025T14:46:55 - [MESSAGE][INFO] - Checking timeout

14-02-2025T14:46:55 - [MESSAGE][INFO] - Finding web element with id: 'Object Repository/ANEF_Eloignement_V_Nawres/Page_Accueil_Principale/btn_ANEF_Eloignement' located by 'By.xpath: //span[contains(text()," ANEF Ã©loignement ")]' in '1' second(s)

14-02-2025T14:46:55 - [MESSAGE][INFO] - Found 1 web elements with id: 'Object Repository/ANEF_Eloignement_V_Nawres/Page_Accueil_Principale/btn_ANEF_Eloignement' located by 'By.xpath: //span[contains(text()," ANEF Ã©loignement ")]' in '1' second(s)

14-02-2025T14:46:55 - [MESSAGE][PASSED] - Object 'Object Repository/ANEF_Eloignement_V_Nawres/Page_Accueil_Principale/btn_ANEF_Eloignement' is present

14-02-2025T14:46:55 - [MESSAGE][PASSED] - Call Test Case 'Test Cases/Test Reutilisable/Main/ANEF_Eloignement_V_Nawres/ANEF_Identification' successfully

14-02-2025T14:46:55 - [TEST_STEP][PASSED] - callTestCase(findTestCase("Test Cases/Test Reutilisable/Main/ANEF_Eloignement_V_Nawres/ANEF_Creation_ou_Recherche_Dossier"), ["CreationOuRecherche":CreationOuRecherche, "NumeroEtranger":NumeroEtranger], STOP_ON_FAILURE): Call Test Case 'Test Cases/Test Reutilisable/Main/ANEF_Eloignement_V_Nawres/ANEF_Creation_ou_Recherche_Dossier' successfully

14-02-2025T14:46:55 - [MESSAGE][INFO] - Checking called Test Case

14-02-2025T14:46:55 - [MESSAGE][INFO] - Starting to call Test Case 'Test Cases/Test Reutilisable/Main/ANEF_Eloignement_V_Nawres/ANEF_Creation_ou_Recherche_Dossier'

14-02-2025T14:46:55 - [TEST_CASE][PASSED] - Test Cases/Test Reutilisable/Main/ANEF_Eloignement_V_Nawres/ANEF_Creation_ou_Recherche_Dossier: Test Cases/Test Reutilisable/Main/ANEF_Eloignement_V_Nawres/ANEF_Creation_ou_Recherche_Dossier

14-02-2025T14:46:55 - [TEST_STEP][PASSED] - click(findTestObject("Object Repository/ANEF_Eloignement_V_Nawres/Page_Accueil_Principale/btn_ANEF_Eloignement")): Object: 'Object Repository/ANEF_Eloignement_V_Nawres/Page_Accueil_Principale/btn_ANEF_Eloignement' is clicked on

14-02-2025T14:46:55 - [MESSAGE][INFO] - Finding Test Object 'Object Repository/ANEF_Eloignement_V_Nawres/Page_Accueil_Principale/btn_ANEF_Eloignement'

14-02-2025T14:46:55 - [MESSAGE][INFO] - Checking timeout

14-02-2025T14:46:55 - [MESSAGE][INFO] - Finding web element with id: 'Object Repository/ANEF_Eloignement_V_Nawres/Page_Accueil_Principale/btn_ANEF_Eloignement' located by 'By.xpath: //span[contains(text()," ANEF Ã©loignement ")]' in '20' second(s)

14-02-2025T14:46:55 - [MESSAGE][INFO] - Found 1 web elements with id: 'Object Repository/ANEF_Eloignement_V_Nawres/Page_Accueil_Principale/btn_ANEF_Eloignement' located by 'By.xpath: //span[contains(text()," ANEF Ã©loignement ")]' in '20' second(s)

14-02-2025T14:46:55 - [MESSAGE][INFO] - Checking object

14-02-2025T14:46:55 - [MESSAGE][INFO] - Checking timeout

14-02-2025T14:46:55 - [MESSAGE][INFO] - Finding web element from Test Object's properties

14-02-2025T14:46:55 - [MESSAGE][INFO] - Checking timeout

14-02-2025T14:46:55 - [MESSAGE][INFO] - Finding web element with id: 'Object Repository/ANEF_Eloignement_V_Nawres/Page_Accueil_Principale/btn_ANEF_Eloignement' located by 'By.xpath: //span[contains(text()," ANEF Ã©loignement ")]' in '100' second(s)

14-02-2025T14:46:55 - [MESSAGE][INFO] - Found 1 web elements with id: 'Object Repository/ANEF_Eloignement_V_Nawres/Page_Accueil_Principale/btn_ANEF_Eloignement' located by 'By.xpath: //span[contains(text()," ANEF Ã©loignement ")]' in '100' second(s)

14-02-2025T14:46:55 - [MESSAGE][INFO] - Clicking on object: 'Object Repository/ANEF_Eloignement_V_Nawres/Page_Accueil_Principale/btn_ANEF_Eloignement'

14-02-2025T14:46:58 - [MESSAGE][PASSED] - Object: 'Object Repository/ANEF_Eloignement_V_Nawres/Page_Accueil_Principale/btn_ANEF_Eloignement' is clicked on

14-02-2025T14:46:58 - [TEST_STEP][PASSED] - verifyElementPresent(findTestObject("Object Repository/ANEF_Eloignement_V_Nawres/Page_Creation_ou_Recherche_Dossier/btn_Rechercher_Dossier"), 1, STOP_ON_FAILURE): Object 'Object Repository/ANEF_Eloignement_V_Nawres/Page_Creation_ou_Recherche_Dossier/btn_Rechercher_Dossier' is present

14-02-2025T14:46:58 - [MESSAGE][INFO] - Finding Test Object 'Object Repository/ANEF_Eloignement_V_Nawres/Page_Creation_ou_Recherche_Dossier/btn_Rechercher_Dossier'

14-02-2025T14:46:58 - [MESSAGE][INFO] - Checking object

14-02-2025T14:46:58 - [MESSAGE][INFO] - Finding web element from Test Object's properties

14-02-2025T14:46:58 - [MESSAGE][INFO] - Checking timeout

14-02-2025T14:46:58 - [MESSAGE][INFO] - Finding web element with id: 'Object Repository/ANEF_Eloignement_V_Nawres/Page_Creation_ou_Recherche_Dossier/btn_Rechercher_Dossier' located by 'By.xpath: //button[@title="Rechercher un dossier"]' in '1' second(s)

14-02-2025T14:46:58 - [MESSAGE][INFO] - Found 1 web elements with id: 'Object Repository/ANEF_Eloignement_V_Nawres/Page_Creation_ou_Recherche_Dossier/btn_Rechercher_Dossier' located by 'By.xpath: //button[@title="Rechercher un dossier"]' in '1' second(s)

14-02-2025T14:46:58 - [MESSAGE][PASSED] - Object 'Object Repository/ANEF_Eloignement_V_Nawres/Page_Creation_ou_Recherche_Dossier/btn_Rechercher_Dossier' is present

14-02-2025T14:46:58 - [TEST_STEP][PASSED] - delay(5): Delayed 5 second(s)

14-02-2025T14:46:58 - [MESSAGE][INFO] - Delaying browser in 5 second(s)

14-02-2025T14:47:03 - [MESSAGE][PASSED] - Delayed 5 second(s)

14-02-2025T14:47:03 - [TEST_STEP][PASSED] - click(findTestObject("Object Repository/ANEF_Eloignement_V_Nawres/Page_Creation_ou_Recherche_Dossier/btn_Rechercher_Dossier")): Object: 'Object Repository/ANEF_Eloignement_V_Nawres/Page_Creation_ou_Recherche_Dossier/btn_Rechercher_Dossier' is clicked on

14-02-2025T14:47:03 - [MESSAGE][INFO] - Finding Test Object 'Object Repository/ANEF_Eloignement_V_Nawres/Page_Creation_ou_Recherche_Dossier/btn_Rechercher_Dossier'

14-02-2025T14:47:03 - [MESSAGE][INFO] - Checking timeout

14-02-2025T14:47:03 - [MESSAGE][INFO] - Finding web element with id: 'Object Repository/ANEF_Eloignement_V_Nawres/Page_Creation_ou_Recherche_Dossier/btn_Rechercher_Dossier' located by 'By.xpath: //button[@title="Rechercher un dossier"]' in '20' second(s)

14-02-2025T14:47:03 - [MESSAGE][INFO] - Found 1 web elements with id: 'Object Repository/ANEF_Eloignement_V_Nawres/Page_Creation_ou_Recherche_Dossier/btn_Rechercher_Dossier' located by 'By.xpath: //button[@title="Rechercher un dossier"]' in '20' second(s)

14-02-2025T14:47:03 - [MESSAGE][INFO] - Checking object

14-02-2025T14:47:03 - [MESSAGE][INFO] - Checking timeout

14-02-2025T14:47:03 - [MESSAGE][INFO] - Finding web element from Test Object's properties

14-02-2025T14:47:03 - [MESSAGE][INFO] - Checking timeout

14-02-2025T14:47:03 - [MESSAGE][INFO] - Finding web element with id: 'Object Repository/ANEF_Eloignement_V_Nawres/Page_Creation_ou_Recherche_Dossier/btn_Rechercher_Dossier' located by 'By.xpath: //button[@title="Rechercher un dossier"]' in '100' second(s)

14-02-2025T14:47:03 - [MESSAGE][INFO] - Found 1 web elements with id: 'Object Repository/ANEF_Eloignement_V_Nawres/Page_Creation_ou_Recherche_Dossier/btn_Rechercher_Dossier' located by 'By.xpath: //button[@title="Rechercher un dossier"]' in '100' second(s)

14-02-2025T14:47:03 - [MESSAGE][INFO] - Clicking on object: 'Object Repository/ANEF_Eloignement_V_Nawres/Page_Creation_ou_Recherche_Dossier/btn_Rechercher_Dossier'

14-02-2025T14:47:04 - [MESSAGE][PASSED] - Object: 'Object Repository/ANEF_Eloignement_V_Nawres/Page_Creation_ou_Recherche_Dossier/btn_Rechercher_Dossier' is clicked on

14-02-2025T14:47:04 - [TEST_STEP][PASSED] - if (CreationOuRecherche == "Creation"): null

14-02-2025T14:47:04 - [TEST_STEP][PASSED] - if (CreationOuRecherche == "Recherche"): Object: 'Object Repository/ANEF_Eloignement_V_Nawres/Page_Creation_ou_Recherche_Dossier/btn_Choisir_Dossier_Etranger' is clicked on

14-02-2025T14:47:04 - [TEST_STEP][PASSED] - setText(findTestObject("Object Repository/ANEF_Eloignement_V_Nawres/Page_Creation_ou_Recherche_Dossier/Input_Numero_etranger"), NumeroEtranger, STOP_ON_FAILURE): Text '7503181980' is set on object 'Object Repository/ANEF_Eloignement_V_Nawres/Page_Creation_ou_Recherche_Dossier/Input_Numero_etranger'

14-02-2025T14:47:04 - [MESSAGE][INFO] - Finding Test Object 'Object Repository/ANEF_Eloignement_V_Nawres/Page_Creation_ou_Recherche_Dossier/Input_Numero_etranger'

14-02-2025T14:47:04 - [MESSAGE][INFO] - Checking timeout

14-02-2025T14:47:04 - [MESSAGE][INFO] - Finding web element with id: 'Object Repository/ANEF_Eloignement_V_Nawres/Page_Creation_ou_Recherche_Dossier/Input_Numero_etranger' located by 'By.xpath: //app-identite-declaree-search-box//div/app-dsfr-input/div/input[@id="identifiant_agdref"]|//app-search-box//div/app-dsfr-input/div/input[@id="identifiant_agdref"]' in '20' second(s)

14-02-2025T14:47:04 - [MESSAGE][INFO] - Found 1 web elements with id: 'Object Repository/ANEF_Eloignement_V_Nawres/Page_Creation_ou_Recherche_Dossier/Input_Numero_etranger' located by 'By.xpath: //app-identite-declaree-search-box//div/app-dsfr-input/div/input[@id="identifiant_agdref"]|//app-search-box//div/app-dsfr-input/div/input[@id="identifiant_agdref"]' in '20' second(s)

14-02-2025T14:47:04 - [MESSAGE][INFO] - Checking object

14-02-2025T14:47:04 - [MESSAGE][INFO] - Checking text

14-02-2025T14:47:04 - [MESSAGE][INFO] - Finding web element from Test Object's properties

14-02-2025T14:47:04 - [MESSAGE][INFO] - Checking timeout

14-02-2025T14:47:04 - [MESSAGE][INFO] - Finding web element with id: 'Object Repository/ANEF_Eloignement_V_Nawres/Page_Creation_ou_Recherche_Dossier/Input_Numero_etranger' located by 'By.xpath: //app-identite-declaree-search-box//div/app-dsfr-input/div/input[@id="identifiant_agdref"]|//app-search-box//div/app-dsfr-input/div/input[@id="identifiant_agdref"]' in '100' second(s)

14-02-2025T14:47:04 - [MESSAGE][INFO] - Found 1 web elements with id: 'Object Repository/ANEF_Eloignement_V_Nawres/Page_Creation_ou_Recherche_Dossier/Input_Numero_etranger' located by 'By.xpath: //app-identite-declaree-search-box//div/app-dsfr-input/div/input[@id="identifiant_agdref"]|//app-search-box//div/app-dsfr-input/div/input[@id="identifiant_agdref"]' in '100' second(s)

14-02-2025T14:47:04 - [MESSAGE][INFO] - Clearing text of object 'Object Repository/ANEF_Eloignement_V_Nawres/Page_Creation_ou_Recherche_Dossier/Input_Numero_etranger'

14-02-2025T14:47:05 - [MESSAGE][INFO] - Finding web element from Test Object's properties

14-02-2025T14:47:05 - [MESSAGE][INFO] - Checking timeout

14-02-2025T14:47:05 - [MESSAGE][INFO] - Finding web element with id: 'Object Repository/ANEF_Eloignement_V_Nawres/Page_Creation_ou_Recherche_Dossier/Input_Numero_etranger' located by 'By.xpath: //app-identite-declaree-search-box//div/app-dsfr-input/div/input[@id="identifiant_agdref"]|//app-search-box//div/app-dsfr-input/div/input[@id="identifiant_agdref"]' in '100' second(s)

14-02-2025T14:47:05 - [MESSAGE][INFO] - Found 1 web elements with id: 'Object Repository/ANEF_Eloignement_V_Nawres/Page_Creation_ou_Recherche_Dossier/Input_Numero_etranger' located by 'By.xpath: //app-identite-declaree-search-box//div/app-dsfr-input/div/input[@id="identifiant_agdref"]|//app-search-box//div/app-dsfr-input/div/input[@id="identifiant_agdref"]' in '100' second(s)

14-02-2025T14:47:05 - [MESSAGE][INFO] - Setting text of object 'Object Repository/ANEF_Eloignement_V_Nawres/Page_Creation_ou_Recherche_Dossier/Input_Numero_etranger' to value '7503181980'

14-02-2025T14:47:06 - [MESSAGE][PASSED] - Text '7503181980' is set on object 'Object Repository/ANEF_Eloignement_V_Nawres/Page_Creation_ou_Recherche_Dossier/Input_Numero_etranger'

14-02-2025T14:47:06 - [TEST_STEP][PASSED] - click(findTestObject("Object Repository/ANEF_Eloignement_V_Nawres/Page_Creation_ou_Recherche_Dossier/Input_Numero_etranger"), STOP_ON_FAILURE): Object: 'Object Repository/ANEF_Eloignement_V_Nawres/Page_Creation_ou_Recherche_Dossier/Input_Numero_etranger' is clicked on

14-02-2025T14:47:06 - [MESSAGE][INFO] - Finding Test Object 'Object Repository/ANEF_Eloignement_V_Nawres/Page_Creation_ou_Recherche_Dossier/Input_Numero_etranger'

14-02-2025T14:47:06 - [MESSAGE][INFO] - Checking timeout

14-02-2025T14:47:06 - [MESSAGE][INFO] - Finding web element with id: 'Object Repository/ANEF_Eloignement_V_Nawres/Page_Creation_ou_Recherche_Dossier/Input_Numero_etranger' located by 'By.xpath: //app-identite-declaree-search-box//div/app-dsfr-input/div/input[@id="identifiant_agdref"]|//app-search-box//div/app-dsfr-input/div/input[@id="identifiant_agdref"]' in '20' second(s)

14-02-2025T14:47:07 - [MESSAGE][INFO] - Found 1 web elements with id: 'Object Repository/ANEF_Eloignement_V_Nawres/Page_Creation_ou_Recherche_Dossier/Input_Numero_etranger' located by 'By.xpath: //app-identite-declaree-search-box//div/app-dsfr-input/div/input[@id="identifiant_agdref"]|//app-search-box//div/app-dsfr-input/div/input[@id="identifiant_agdref"]' in '20' second(s)

14-02-2025T14:47:07 - [MESSAGE][INFO] - Checking object

14-02-2025T14:47:07 - [MESSAGE][INFO] - Checking timeout

14-02-2025T14:47:07 - [MESSAGE][INFO] - Finding web element from Test Object's properties

14-02-2025T14:47:07 - [MESSAGE][INFO] - Checking timeout

14-02-2025T14:47:07 - [MESSAGE][INFO] - Finding web element with id: 'Object Repository/ANEF_Eloignement_V_Nawres/Page_Creation_ou_Recherche_Dossier/Input_Numero_etranger' located by 'By.xpath: //app-identite-declaree-search-box//div/app-dsfr-input/div/input[@id="identifiant_agdref"]|//app-search-box//div/app-dsfr-input/div/input[@id="identifiant_agdref"]' in '100' second(s)

14-02-2025T14:47:07 - [MESSAGE][INFO] - Found 1 web elements with id: 'Object Repository/ANEF_Eloignement_V_Nawres/Page_Creation_ou_Recherche_Dossier/Input_Numero_etranger' located by 'By.xpath: //app-identite-declaree-search-box//div/app-dsfr-input/div/input[@id="identifiant_agdref"]|//app-search-box//div/app-dsfr-input/div/input[@id="identifiant_agdref"]' in '100' second(s)

14-02-2025T14:47:07 - [MESSAGE][INFO] - Clicking on object: 'Object Repository/ANEF_Eloignement_V_Nawres/Page_Creation_ou_Recherche_Dossier/Input_Numero_etranger'

14-02-2025T14:47:08 - [MESSAGE][PASSED] - Object: 'Object Repository/ANEF_Eloignement_V_Nawres/Page_Creation_ou_Recherche_Dossier/Input_Numero_etranger' is clicked on

14-02-2025T14:47:08 - [TEST_STEP][PASSED] - scrollToElement(findTestObject("Object Repository/ANEF_Eloignement_V_Nawres/Page_Creation_ou_Recherche_Dossier/btn_Lancer_La_Recherche"), 5, STOP_ON_FAILURE): Scroll to object 'Object Repository/ANEF_Eloignement_V_Nawres/Page_Creation_ou_Recherche_Dossier/btn_Lancer_La_Recherche' successfully

14-02-2025T14:47:08 - [MESSAGE][INFO] - Finding Test Object 'Object Repository/ANEF_Eloignement_V_Nawres/Page_Creation_ou_Recherche_Dossier/btn_Lancer_La_Recherche'

14-02-2025T14:47:08 - [MESSAGE][INFO] - Checking object

14-02-2025T14:47:08 - [MESSAGE][INFO] - Checking timeout

14-02-2025T14:47:08 - [MESSAGE][INFO] - Finding web element from Test Object's properties

14-02-2025T14:47:08 - [MESSAGE][INFO] - Checking timeout

14-02-2025T14:47:08 - [MESSAGE][INFO] - Finding web element with id: 'Object Repository/ANEF_Eloignement_V_Nawres/Page_Creation_ou_Recherche_Dossier/btn_Lancer_La_Recherche' located by 'By.xpath: //button[contains(text(),"Lancer la recherche ")]' in '100' second(s)

14-02-2025T14:47:08 - [MESSAGE][INFO] - Found 1 web elements with id: 'Object Repository/ANEF_Eloignement_V_Nawres/Page_Creation_ou_Recherche_Dossier/btn_Lancer_La_Recherche' located by 'By.xpath: //button[contains(text(),"Lancer la recherche ")]' in '100' second(s)

14-02-2025T14:47:08 - [MESSAGE][INFO] - Scrolling to object 'Object Repository/ANEF_Eloignement_V_Nawres/Page_Creation_ou_Recherche_Dossier/btn_Lancer_La_Recherche'

14-02-2025T14:47:08 - [MESSAGE][PASSED] - Scroll to object 'Object Repository/ANEF_Eloignement_V_Nawres/Page_Creation_ou_Recherche_Dossier/btn_Lancer_La_Recherche' successfully

14-02-2025T14:47:08 - [TEST_STEP][PASSED] - click(findTestObject("Object Repository/ANEF_Eloignement_V_Nawres/Page_Creation_ou_Recherche_Dossier/btn_Lancer_La_Recherche"), STOP_ON_FAILURE): Object: 'Object Repository/ANEF_Eloignement_V_Nawres/Page_Creation_ou_Recherche_Dossier/btn_Lancer_La_Recherche' is clicked on

14-02-2025T14:47:08 - [MESSAGE][INFO] - Finding Test Object 'Object Repository/ANEF_Eloignement_V_Nawres/Page_Creation_ou_Recherche_Dossier/btn_Lancer_La_Recherche'

14-02-2025T14:47:08 - [MESSAGE][INFO] - Checking timeout

14-02-2025T14:47:08 - [MESSAGE][INFO] - Finding web element with id: 'Object Repository/ANEF_Eloignement_V_Nawres/Page_Creation_ou_Recherche_Dossier/btn_Lancer_La_Recherche' located by 'By.xpath: //button[contains(text(),"Lancer la recherche ")]' in '20' second(s)

14-02-2025T14:47:08 - [MESSAGE][INFO] - Found 1 web elements with id: 'Object Repository/ANEF_Eloignement_V_Nawres/Page_Creation_ou_Recherche_Dossier/btn_Lancer_La_Recherche' located by 'By.xpath: //button[contains(text(),"Lancer la recherche ")]' in '20' second(s)

14-02-2025T14:47:08 - [MESSAGE][INFO] - Checking object

14-02-2025T14:47:08 - [MESSAGE][INFO] - Checking timeout

14-02-2025T14:47:08 - [MESSAGE][INFO] - Finding web element from Test Object's properties

14-02-2025T14:47:08 - [MESSAGE][INFO] - Checking timeout

14-02-2025T14:47:08 - [MESSAGE][INFO] - Finding web element with id: 'Object Repository/ANEF_Eloignement_V_Nawres/Page_Creation_ou_Recherche_Dossier/btn_Lancer_La_Recherche' located by 'By.xpath: //button[contains(text(),"Lancer la recherche ")]' in '100' second(s)

14-02-2025T14:47:08 - [MESSAGE][INFO] - Found 1 web elements with id: 'Object Repository/ANEF_Eloignement_V_Nawres/Page_Creation_ou_Recherche_Dossier/btn_Lancer_La_Recherche' located by 'By.xpath: //button[contains(text(),"Lancer la recherche ")]' in '100' second(s)

14-02-2025T14:47:08 - [MESSAGE][INFO] - Clicking on object: 'Object Repository/ANEF_Eloignement_V_Nawres/Page_Creation_ou_Recherche_Dossier/btn_Lancer_La_Recherche'

14-02-2025T14:47:09 - [MESSAGE][PASSED] - Object: 'Object Repository/ANEF_Eloignement_V_Nawres/Page_Creation_ou_Recherche_Dossier/btn_Lancer_La_Recherche' is clicked on

14-02-2025T14:47:09 - [TEST_STEP][PASSED] - delay(5): Delayed 5 second(s)

14-02-2025T14:47:09 - [MESSAGE][INFO] - Delaying browser in 5 second(s)

14-02-2025T14:47:14 - [MESSAGE][PASSED] - Delayed 5 second(s)

14-02-2025T14:47:14 - [TEST_STEP][PASSED] - scrollToElement(findTestObject("Object Repository/ANEF_Eloignement_V_Nawres/Page_Creation_ou_Recherche_Dossier/btn_Radio_Selectionner_Dossier"), 5, STOP_ON_FAILURE): Scroll to object 'Object Repository/ANEF_Eloignement_V_Nawres/Page_Creation_ou_Recherche_Dossier/btn_Radio_Selectionner_Dossier' successfully

14-02-2025T14:47:14 - [MESSAGE][INFO] - Finding Test Object 'Object Repository/ANEF_Eloignement_V_Nawres/Page_Creation_ou_Recherche_Dossier/btn_Radio_Selectionner_Dossier'

14-02-2025T14:47:14 - [MESSAGE][INFO] - Checking object

14-02-2025T14:47:14 - [MESSAGE][INFO] - Checking timeout

14-02-2025T14:47:14 - [MESSAGE][INFO] - Finding web element from Test Object's properties

14-02-2025T14:47:14 - [MESSAGE][INFO] - Checking timeout

14-02-2025T14:47:14 - [MESSAGE][INFO] - Finding web element with id: 'Object Repository/ANEF_Eloignement_V_Nawres/Page_Creation_ou_Recherche_Dossier/btn_Radio_Selectionner_Dossier' located by 'By.xpath: //app-search-etranger/app-search-result-etranger//table/tbody/tr//label' in '100' second(s)

14-02-2025T14:47:14 - [MESSAGE][INFO] - Found 1 web elements with id: 'Object Repository/ANEF_Eloignement_V_Nawres/Page_Creation_ou_Recherche_Dossier/btn_Radio_Selectionner_Dossier' located by 'By.xpath: //app-search-etranger/app-search-result-etranger//table/tbody/tr//label' in '100' second(s)

14-02-2025T14:47:14 - [MESSAGE][INFO] - Scrolling to object 'Object Repository/ANEF_Eloignement_V_Nawres/Page_Creation_ou_Recherche_Dossier/btn_Radio_Selectionner_Dossier'

14-02-2025T14:47:14 - [MESSAGE][PASSED] - Scroll to object 'Object Repository/ANEF_Eloignement_V_Nawres/Page_Creation_ou_Recherche_Dossier/btn_Radio_Selectionner_Dossier' successfully

14-02-2025T14:47:14 - [TEST_STEP][PASSED] - click(findTestObject("Object Repository/ANEF_Eloignement_V_Nawres/Page_Creation_ou_Recherche_Dossier/btn_Radio_Selectionner_Dossier"), STOP_ON_FAILURE): Object: 'Object Repository/ANEF_Eloignement_V_Nawres/Page_Creation_ou_Recherche_Dossier/btn_Radio_Selectionner_Dossier' is clicked on

14-02-2025T14:47:14 - [MESSAGE][INFO] - Finding Test Object 'Object Repository/ANEF_Eloignement_V_Nawres/Page_Creation_ou_Recherche_Dossier/btn_Radio_Selectionner_Dossier'

14-02-2025T14:47:14 - [MESSAGE][INFO] - Checking timeout

14-02-2025T14:47:14 - [MESSAGE][INFO] - Finding web element with id: 'Object Repository/ANEF_Eloignement_V_Nawres/Page_Creation_ou_Recherche_Dossier/btn_Radio_Selectionner_Dossier' located by 'By.xpath: //app-search-etranger/app-search-result-etranger//table/tbody/tr//label' in '20' second(s)

14-02-2025T14:47:14 - [MESSAGE][INFO] - Found 1 web elements with id: 'Object Repository/ANEF_Eloignement_V_Nawres/Page_Creation_ou_Recherche_Dossier/btn_Radio_Selectionner_Dossier' located by 'By.xpath: //app-search-etranger/app-search-result-etranger//table/tbody/tr//label' in '20' second(s)

14-02-2025T14:47:14 - [MESSAGE][INFO] - Checking object

14-02-2025T14:47:14 - [MESSAGE][INFO] - Checking timeout

14-02-2025T14:47:14 - [MESSAGE][INFO] - Finding web element from Test Object's properties

14-02-2025T14:47:14 - [MESSAGE][INFO] - Checking timeout

14-02-2025T14:47:14 - [MESSAGE][INFO] - Finding web element with id: 'Object Repository/ANEF_Eloignement_V_Nawres/Page_Creation_ou_Recherche_Dossier/btn_Radio_Selectionner_Dossier' located by 'By.xpath: //app-search-etranger/app-search-result-etranger//table/tbody/tr//label' in '100' second(s)

14-02-2025T14:47:14 - [MESSAGE][INFO] - Found 1 web elements with id: 'Object Repository/ANEF_Eloignement_V_Nawres/Page_Creation_ou_Recherche_Dossier/btn_Radio_Selectionner_Dossier' located by 'By.xpath: //app-search-etranger/app-search-result-etranger//table/tbody/tr//label' in '100' second(s)

14-02-2025T14:47:14 - [MESSAGE][INFO] - Clicking on object: 'Object Repository/ANEF_Eloignement_V_Nawres/Page_Creation_ou_Recherche_Dossier/btn_Radio_Selectionner_Dossier'

14-02-2025T14:47:15 - [MESSAGE][PASSED] - Object: 'Object Repository/ANEF_Eloignement_V_Nawres/Page_Creation_ou_Recherche_Dossier/btn_Radio_Selectionner_Dossier' is clicked on

14-02-2025T14:47:15 - [TEST_STEP][PASSED] - click(findTestObject("Object Repository/ANEF_Eloignement_V_Nawres/Page_Creation_ou_Recherche_Dossier/btn_Choisir_Dossier_Etranger"), STOP_ON_FAILURE): Object: 'Object Repository/ANEF_Eloignement_V_Nawres/Page_Creation_ou_Recherche_Dossier/btn_Choisir_Dossier_Etranger' is clicked on

14-02-2025T14:47:15 - [MESSAGE][INFO] - Finding Test Object 'Object Repository/ANEF_Eloignement_V_Nawres/Page_Creation_ou_Recherche_Dossier/btn_Choisir_Dossier_Etranger'

14-02-2025T14:47:15 - [MESSAGE][INFO] - Checking timeout

14-02-2025T14:47:15 - [MESSAGE][INFO] - Finding web element with id: 'Object Repository/ANEF_Eloignement_V_Nawres/Page_Creation_ou_Recherche_Dossier/btn_Choisir_Dossier_Etranger' located by 'By.xpath: //button[contains(text(),"Choisir un dossier Ã©tranger")]' in '20' second(s)

14-02-2025T14:47:15 - [MESSAGE][INFO] - Found 1 web elements with id: 'Object Repository/ANEF_Eloignement_V_Nawres/Page_Creation_ou_Recherche_Dossier/btn_Choisir_Dossier_Etranger' located by 'By.xpath: //button[contains(text(),"Choisir un dossier Ã©tranger")]' in '20' second(s)

14-02-2025T14:47:15 - [MESSAGE][INFO] - Checking object

14-02-2025T14:47:15 - [MESSAGE][INFO] - Checking timeout

14-02-2025T14:47:15 - [MESSAGE][INFO] - Finding web element from Test Object's properties

14-02-2025T14:47:15 - [MESSAGE][INFO] - Checking timeout

14-02-2025T14:47:15 - [MESSAGE][INFO] - Finding web element with id: 'Object Repository/ANEF_Eloignement_V_Nawres/Page_Creation_ou_Recherche_Dossier/btn_Choisir_Dossier_Etranger' located by 'By.xpath: //button[contains(text(),"Choisir un dossier Ã©tranger")]' in '100' second(s)

14-02-2025T14:47:15 - [MESSAGE][INFO] - Found 1 web elements with id: 'Object Repository/ANEF_Eloignement_V_Nawres/Page_Creation_ou_Recherche_Dossier/btn_Choisir_Dossier_Etranger' located by 'By.xpath: //button[contains(text(),"Choisir un dossier Ã©tranger")]' in '100' second(s)

14-02-2025T14:47:15 - [MESSAGE][INFO] - Clicking on object: 'Object Repository/ANEF_Eloignement_V_Nawres/Page_Creation_ou_Recherche_Dossier/btn_Choisir_Dossier_Etranger'

14-02-2025T14:47:17 - [MESSAGE][PASSED] - Object: 'Object Repository/ANEF_Eloignement_V_Nawres/Page_Creation_ou_Recherche_Dossier/btn_Choisir_Dossier_Etranger' is clicked on

14-02-2025T14:47:17 - [MESSAGE][PASSED] - Call Test Case 'Test Cases/Test Reutilisable/Main/ANEF_Eloignement_V_Nawres/ANEF_Creation_ou_Recherche_Dossier' successfully

14-02-2025T14:47:17 - [TEST_STEP][PASSED] - if (CreationOuRecherche == "Creation"): null

14-02-2025T14:47:17 - [TEST_STEP][PASSED] - println(NumeroEtranger): null

14-02-2025T14:47:17 - [TEST_STEP][PASSED] - callTestCase(findTestCase("Test Cases/Test Reutilisable/Main/ANEF_Eloignement_V_Nawres/ANEF_Prendre_Mesure"), ["Mesure":Mesure, "FondementLegal":FondementLegal, "NatureDeLacteExpulsion":NatureDeLacteExpulsion, "NatureDeLacteExpulsion":NatureDeLacteExpulsion, ... ], STOP_ON_FAILURE): Call Test Case 'Test Cases/Test Reutilisable/Main/ANEF_Eloignement_V_Nawres/ANEF_Prendre_Mesure' successfully

14-02-2025T14:47:17 - [MESSAGE][INFO] - Checking called Test Case

14-02-2025T14:47:17 - [MESSAGE][INFO] - Starting to call Test Case 'Test Cases/Test Reutilisable/Main/ANEF_Eloignement_V_Nawres/ANEF_Prendre_Mesure'

14-02-2025T14:47:17 - [TEST_CASE][PASSED] - Test Cases/Test Reutilisable/Main/ANEF_Eloignement_V_Nawres/ANEF_Prendre_Mesure: Test Cases/Test Reutilisable/Main/ANEF_Eloignement_V_Nawres/ANEF_Prendre_Mesure

14-02-2025T14:47:17 - [TEST_STEP][PASSED] - click(findTestObject("Object Repository/ANEF_Eloignement_V_Nawres/Page_Prendre_Mesure/btn_Prendre_Mesure"), STOP_ON_FAILURE): Object: 'Object Repository/ANEF_Eloignement_V_Nawres/Page_Prendre_Mesure/btn_Prendre_Mesure' is clicked on

14-02-2025T14:47:17 - [MESSAGE][INFO] - Finding Test Object 'Object Repository/ANEF_Eloignement_V_Nawres/Page_Prendre_Mesure/btn_Prendre_Mesure'

14-02-2025T14:47:17 - [MESSAGE][INFO] - Checking timeout

14-02-2025T14:47:17 - [MESSAGE][INFO] - Finding web element with id: 'Object Repository/ANEF_Eloignement_V_Nawres/Page_Prendre_Mesure/btn_Prendre_Mesure' located by 'By.xpath: //button[@title="Prendre une Mesure"]' in '20' second(s)

14-02-2025T14:47:17 - [MESSAGE][INFO] - Found 1 web elements with id: 'Object Repository/ANEF_Eloignement_V_Nawres/Page_Prendre_Mesure/btn_Prendre_Mesure' located by 'By.xpath: //button[@title="Prendre une Mesure"]' in '20' second(s)

14-02-2025T14:47:17 - [MESSAGE][INFO] - Checking object

14-02-2025T14:47:17 - [MESSAGE][INFO] - Checking timeout

14-02-2025T14:47:17 - [MESSAGE][INFO] - Finding web element from Test Object's properties

14-02-2025T14:47:17 - [MESSAGE][INFO] - Checking timeout

14-02-2025T14:47:17 - [MESSAGE][INFO] - Finding web element with id: 'Object Repository/ANEF_Eloignement_V_Nawres/Page_Prendre_Mesure/btn_Prendre_Mesure' located by 'By.xpath: //button[@title="Prendre une Mesure"]' in '100' second(s)

14-02-2025T14:47:17 - [MESSAGE][INFO] - Found 1 web elements with id: 'Object Repository/ANEF_Eloignement_V_Nawres/Page_Prendre_Mesure/btn_Prendre_Mesure' located by 'By.xpath: //button[@title="Prendre une Mesure"]' in '100' second(s)

14-02-2025T14:47:17 - [MESSAGE][INFO] - Clicking on object: 'Object Repository/ANEF_Eloignement_V_Nawres/Page_Prendre_Mesure/btn_Prendre_Mesure'

14-02-2025T14:47:19 - [MESSAGE][PASSED] - Object: 'Object Repository/ANEF_Eloignement_V_Nawres/Page_Prendre_Mesure/btn_Prendre_Mesure' is clicked on

14-02-2025T14:47:19 - [TEST_STEP][PASSED] - delay(5): Delayed 5 second(s)

14-02-2025T14:47:19 - [MESSAGE][INFO] - Delaying browser in 5 second(s)

14-02-2025T14:47:24 - [MESSAGE][PASSED] - Delayed 5 second(s)

14-02-2025T14:47:24 - [TEST_STEP][PASSED] - switch (Mesure): null

14-02-2025T14:47:24 - [TEST_STEP][PASSED] - case "ITF":: null

14-02-2025T14:47:24 - [TEST_STEP][PASSED] - selectOptionByLabel(findTestObject("Object Repository/ANEF_Eloignement_V_Nawres/Page_Prendre_Mesure/select_Type_Mesure"), "ITF", false, STOP_ON_FAILURE): All options with label 'ITF' are selected in object 'Object Repository/ANEF_Eloignement_V_Nawres/Page_Prendre_Mesure/select_Type_Mesure' 

14-02-2025T14:47:24 - [MESSAGE][INFO] - Finding Test Object 'Object Repository/ANEF_Eloignement_V_Nawres/Page_Prendre_Mesure/select_Type_Mesure'

14-02-2025T14:47:24 - [MESSAGE][INFO] - Checking timeout

14-02-2025T14:47:24 - [MESSAGE][INFO] - Finding web element with id: 'Object Repository/ANEF_Eloignement_V_Nawres/Page_Prendre_Mesure/select_Type_Mesure' located by 'By.xpath: //select[@id="typeMesure"]' in '20' second(s)

14-02-2025T14:47:24 - [MESSAGE][INFO] - Found 1 web elements with id: 'Object Repository/ANEF_Eloignement_V_Nawres/Page_Prendre_Mesure/select_Type_Mesure' located by 'By.xpath: //select[@id="typeMesure"]' in '20' second(s)

14-02-2025T14:47:24 - [MESSAGE][INFO] - Checking object

14-02-2025T14:47:24 - [MESSAGE][INFO] - Checking label parameter

14-02-2025T14:47:24 - [MESSAGE][INFO] - Finding web element from Test Object's properties

14-02-2025T14:47:24 - [MESSAGE][INFO] - Checking timeout

14-02-2025T14:47:24 - [MESSAGE][INFO] - Finding web element with id: 'Object Repository/ANEF_Eloignement_V_Nawres/Page_Prendre_Mesure/select_Type_Mesure' located by 'By.xpath: //select[@id="typeMesure"]' in '100' second(s)

14-02-2025T14:47:24 - [MESSAGE][INFO] - Found 1 web elements with id: 'Object Repository/ANEF_Eloignement_V_Nawres/Page_Prendre_Mesure/select_Type_Mesure' located by 'By.xpath: //select[@id="typeMesure"]' in '100' second(s)

14-02-2025T14:47:24 - [MESSAGE][INFO] - Selecting options on object 'Object Repository/ANEF_Eloignement_V_Nawres/Page_Prendre_Mesure/select_Type_Mesure' with label 'ITF' 

14-02-2025T14:47:25 - [MESSAGE][PASSED] - All options with label 'ITF' are selected in object 'Object Repository/ANEF_Eloignement_V_Nawres/Page_Prendre_Mesure/select_Type_Mesure' 

14-02-2025T14:47:25 - [TEST_STEP][PASSED] - click(findTestObject("Object Repository/ANEF_Eloignement_V_Nawres/Page_Prendre_Mesure/btn_Confirmer_Mesure"), STOP_ON_FAILURE): Object: 'Object Repository/ANEF_Eloignement_V_Nawres/Page_Prendre_Mesure/btn_Confirmer_Mesure' is clicked on

14-02-2025T14:47:25 - [MESSAGE][INFO] - Finding Test Object 'Object Repository/ANEF_Eloignement_V_Nawres/Page_Prendre_Mesure/btn_Confirmer_Mesure'

14-02-2025T14:47:25 - [MESSAGE][INFO] - Checking timeout

14-02-2025T14:47:25 - [MESSAGE][INFO] - Finding web element with id: 'Object Repository/ANEF_Eloignement_V_Nawres/Page_Prendre_Mesure/btn_Confirmer_Mesure' located by 'By.xpath: //button[@id="btn-confirme-decision"]' in '20' second(s)

14-02-2025T14:47:25 - [MESSAGE][INFO] - Found 1 web elements with id: 'Object Repository/ANEF_Eloignement_V_Nawres/Page_Prendre_Mesure/btn_Confirmer_Mesure' located by 'By.xpath: //button[@id="btn-confirme-decision"]' in '20' second(s)

14-02-2025T14:47:25 - [MESSAGE][INFO] - Checking object

14-02-2025T14:47:25 - [MESSAGE][INFO] - Checking timeout

14-02-2025T14:47:25 - [MESSAGE][INFO] - Finding web element from Test Object's properties

14-02-2025T14:47:25 - [MESSAGE][INFO] - Checking timeout

14-02-2025T14:47:25 - [MESSAGE][INFO] - Finding web element with id: 'Object Repository/ANEF_Eloignement_V_Nawres/Page_Prendre_Mesure/btn_Confirmer_Mesure' located by 'By.xpath: //button[@id="btn-confirme-decision"]' in '100' second(s)

14-02-2025T14:47:25 - [MESSAGE][INFO] - Found 1 web elements with id: 'Object Repository/ANEF_Eloignement_V_Nawres/Page_Prendre_Mesure/btn_Confirmer_Mesure' located by 'By.xpath: //button[@id="btn-confirme-decision"]' in '100' second(s)

14-02-2025T14:47:25 - [MESSAGE][INFO] - Clicking on object: 'Object Repository/ANEF_Eloignement_V_Nawres/Page_Prendre_Mesure/btn_Confirmer_Mesure'

14-02-2025T14:47:26 - [MESSAGE][PASSED] - Object: 'Object Repository/ANEF_Eloignement_V_Nawres/Page_Prendre_Mesure/btn_Confirmer_Mesure' is clicked on

14-02-2025T14:47:26 - [TEST_STEP][PASSED] - verifyElementPresent(findTestObject("Object Repository/ANEF_Eloignement_V_Nawres/Page_Prendre_Mesure/btn_Supprimer_Fiche_Mesure"), 2, STOP_ON_FAILURE): Object 'Object Repository/ANEF_Eloignement_V_Nawres/Page_Prendre_Mesure/btn_Supprimer_Fiche_Mesure' is present

14-02-2025T14:47:26 - [MESSAGE][INFO] - Finding Test Object 'Object Repository/ANEF_Eloignement_V_Nawres/Page_Prendre_Mesure/btn_Supprimer_Fiche_Mesure'

14-02-2025T14:47:26 - [MESSAGE][INFO] - Checking object

14-02-2025T14:47:26 - [MESSAGE][INFO] - Finding web element from Test Object's properties

14-02-2025T14:47:26 - [MESSAGE][INFO] - Checking timeout

14-02-2025T14:47:26 - [MESSAGE][INFO] - Finding web element with id: 'Object Repository/ANEF_Eloignement_V_Nawres/Page_Prendre_Mesure/btn_Supprimer_Fiche_Mesure' located by 'By.xpath: //button[@title="Supprimer une Mesure"]' in '2' second(s)

14-02-2025T14:47:27 - [MESSAGE][INFO] - Found 1 web elements with id: 'Object Repository/ANEF_Eloignement_V_Nawres/Page_Prendre_Mesure/btn_Supprimer_Fiche_Mesure' located by 'By.xpath: //button[@title="Supprimer une Mesure"]' in '2' second(s)

14-02-2025T14:47:27 - [MESSAGE][PASSED] - Object 'Object Repository/ANEF_Eloignement_V_Nawres/Page_Prendre_Mesure/btn_Supprimer_Fiche_Mesure' is present

14-02-2025T14:47:27 - [TEST_STEP][PASSED] - break: null

14-02-2025T14:47:27 - [TEST_STEP][PASSED] - callTestCase(findTestCase("Test Cases/Test Reutilisable/Main/ANEF_Eloignement_V_Nawres/ANEF_Prendre_Mesure_Formulaire"), ["Mesure":Mesure, "FondementLegal":FondementLegal, "NatureDeLacteExpulsion":NatureDeLacteExpulsion, "UrgenceAbsolueExpulsion":UrgenceAbsolueExpulsion, ... ], STOP_ON_FAILURE): Call Test Case 'Test Cases/Test Reutilisable/Main/ANEF_Eloignement_V_Nawres/ANEF_Prendre_Mesure_Formulaire' successfully

14-02-2025T14:47:27 - [MESSAGE][INFO] - Checking called Test Case

14-02-2025T14:47:27 - [MESSAGE][INFO] - Starting to call Test Case 'Test Cases/Test Reutilisable/Main/ANEF_Eloignement_V_Nawres/ANEF_Prendre_Mesure_Formulaire'

14-02-2025T14:47:27 - [TEST_CASE][PASSED] - Test Cases/Test Reutilisable/Main/ANEF_Eloignement_V_Nawres/ANEF_Prendre_Mesure_Formulaire: Test Cases/Test Reutilisable/Main/ANEF_Eloignement_V_Nawres/ANEF_Prendre_Mesure_Formulaire

14-02-2025T14:47:27 - [TEST_STEP][PASSED] - calendar = Calendar.getInstance(): null

14-02-2025T14:47:27 - [TEST_STEP][PASSED] - currentDate = calendar.getTime(): null

14-02-2025T14:47:27 - [TEST_STEP][PASSED] - sdf = new java.text.SimpleDateFormat(dd/MM/yyyy): null

14-02-2025T14:47:27 - [TEST_STEP][PASSED] - formattedDate = sdf.format(currentDate): null

14-02-2025T14:47:27 - [TEST_STEP][PASSED] - DateActuelle = formattedDate.toString(): null

14-02-2025T14:47:27 - [TEST_STEP][PASSED] - println(DateActuelle): null

14-02-2025T14:47:27 - [TEST_STEP][PASSED] - if (Mesure != "ITF"): null

14-02-2025T14:47:27 - [TEST_STEP][PASSED] - if (Mesure == "ITF"): Object: 'Object Repository/ANEF_Eloignement_V_Nawres/Page_Prendre_Mesure_Formulaire/btn_Confirmer_Enregistrement_Mesure' is clicked on

14-02-2025T14:47:27 - [TEST_STEP][PASSED] - if (NaturePeineITF == "Complementaire"): null

14-02-2025T14:47:27 - [TEST_STEP][PASSED] - if (NaturePeineITF == "Principale"): Object: 'Object Repository/ANEF_Eloignement_V_Nawres/Page_Prendre_Mesure_Formulaire/btn_Nature_Peine_Principale' is clicked on

14-02-2025T14:47:27 - [TEST_STEP][PASSED] - click(findTestObject("Object Repository/ANEF_Eloignement_V_Nawres/Page_Prendre_Mesure_Formulaire/btn_Nature_Peine_Principale"), STOP_ON_FAILURE): Object: 'Object Repository/ANEF_Eloignement_V_Nawres/Page_Prendre_Mesure_Formulaire/btn_Nature_Peine_Principale' is clicked on

14-02-2025T14:47:27 - [MESSAGE][INFO] - Finding Test Object 'Object Repository/ANEF_Eloignement_V_Nawres/Page_Prendre_Mesure_Formulaire/btn_Nature_Peine_Principale'

14-02-2025T14:47:27 - [MESSAGE][INFO] - Checking timeout

14-02-2025T14:47:27 - [MESSAGE][INFO] - Finding web element with id: 'Object Repository/ANEF_Eloignement_V_Nawres/Page_Prendre_Mesure_Formulaire/btn_Nature_Peine_Principale' located by 'By.xpath: //label[contains(text(),"titre principale")]' in '20' second(s)

14-02-2025T14:47:27 - [MESSAGE][INFO] - Found 1 web elements with id: 'Object Repository/ANEF_Eloignement_V_Nawres/Page_Prendre_Mesure_Formulaire/btn_Nature_Peine_Principale' located by 'By.xpath: //label[contains(text(),"titre principale")]' in '20' second(s)

14-02-2025T14:47:27 - [MESSAGE][INFO] - Checking object

14-02-2025T14:47:27 - [MESSAGE][INFO] - Checking timeout

14-02-2025T14:47:27 - [MESSAGE][INFO] - Finding web element from Test Object's properties

14-02-2025T14:47:27 - [MESSAGE][INFO] - Checking timeout

14-02-2025T14:47:27 - [MESSAGE][INFO] - Finding web element with id: 'Object Repository/ANEF_Eloignement_V_Nawres/Page_Prendre_Mesure_Formulaire/btn_Nature_Peine_Principale' located by 'By.xpath: //label[contains(text(),"titre principale")]' in '100' second(s)

14-02-2025T14:47:27 - [MESSAGE][INFO] - Found 1 web elements with id: 'Object Repository/ANEF_Eloignement_V_Nawres/Page_Prendre_Mesure_Formulaire/btn_Nature_Peine_Principale' located by 'By.xpath: //label[contains(text(),"titre principale")]' in '100' second(s)

14-02-2025T14:47:27 - [MESSAGE][INFO] - Clicking on object: 'Object Repository/ANEF_Eloignement_V_Nawres/Page_Prendre_Mesure_Formulaire/btn_Nature_Peine_Principale'

14-02-2025T14:47:28 - [MESSAGE][PASSED] - Object: 'Object Repository/ANEF_Eloignement_V_Nawres/Page_Prendre_Mesure_Formulaire/btn_Nature_Peine_Principale' is clicked on

14-02-2025T14:47:28 - [TEST_STEP][PASSED] - if (DureeITF == "Temporaire"): Text '7' is set on object 'Object Repository/ANEF_Eloignement_V_Nawres/Page_Prendre_Mesure_Formulaire/input_Duree_ITF__Temporaire_Annee'

14-02-2025T14:47:28 - [TEST_STEP][PASSED] - click(findTestObject("Object Repository/ANEF_Eloignement_V_Nawres/Page_Prendre_Mesure_Formulaire/btn_Duree_ITF_Temporaire"), STOP_ON_FAILURE): Object: 'Object Repository/ANEF_Eloignement_V_Nawres/Page_Prendre_Mesure_Formulaire/btn_Duree_ITF_Temporaire' is clicked on

14-02-2025T14:47:28 - [MESSAGE][INFO] - Finding Test Object 'Object Repository/ANEF_Eloignement_V_Nawres/Page_Prendre_Mesure_Formulaire/btn_Duree_ITF_Temporaire'

14-02-2025T14:47:28 - [MESSAGE][INFO] - Checking timeout

14-02-2025T14:47:28 - [MESSAGE][INFO] - Finding web element with id: 'Object Repository/ANEF_Eloignement_V_Nawres/Page_Prendre_Mesure_Formulaire/btn_Duree_ITF_Temporaire' located by 'By.xpath: //label[contains(text(),"Temporaire")]' in '20' second(s)

14-02-2025T14:47:28 - [MESSAGE][INFO] - Found 1 web elements with id: 'Object Repository/ANEF_Eloignement_V_Nawres/Page_Prendre_Mesure_Formulaire/btn_Duree_ITF_Temporaire' located by 'By.xpath: //label[contains(text(),"Temporaire")]' in '20' second(s)

14-02-2025T14:47:28 - [MESSAGE][INFO] - Checking object

14-02-2025T14:47:28 - [MESSAGE][INFO] - Checking timeout

14-02-2025T14:47:28 - [MESSAGE][INFO] - Finding web element from Test Object's properties

14-02-2025T14:47:28 - [MESSAGE][INFO] - Checking timeout

14-02-2025T14:47:28 - [MESSAGE][INFO] - Finding web element with id: 'Object Repository/ANEF_Eloignement_V_Nawres/Page_Prendre_Mesure_Formulaire/btn_Duree_ITF_Temporaire' located by 'By.xpath: //label[contains(text(),"Temporaire")]' in '100' second(s)

14-02-2025T14:47:28 - [MESSAGE][INFO] - Found 1 web elements with id: 'Object Repository/ANEF_Eloignement_V_Nawres/Page_Prendre_Mesure_Formulaire/btn_Duree_ITF_Temporaire' located by 'By.xpath: //label[contains(text(),"Temporaire")]' in '100' second(s)

14-02-2025T14:47:28 - [MESSAGE][INFO] - Clicking on object: 'Object Repository/ANEF_Eloignement_V_Nawres/Page_Prendre_Mesure_Formulaire/btn_Duree_ITF_Temporaire'

14-02-2025T14:47:29 - [MESSAGE][PASSED] - Object: 'Object Repository/ANEF_Eloignement_V_Nawres/Page_Prendre_Mesure_Formulaire/btn_Duree_ITF_Temporaire' is clicked on

14-02-2025T14:47:29 - [TEST_STEP][PASSED] - waitForElementPresent(findTestObject("Object Repository/ANEF_Eloignement_V_Nawres/Page_Prendre_Mesure_Formulaire/input_Duree_ITF__Temporaire_Mois"), 40): Object 'Object Repository/ANEF_Eloignement_V_Nawres/Page_Prendre_Mesure_Formulaire/input_Duree_ITF__Temporaire_Mois' is present

14-02-2025T14:47:29 - [MESSAGE][INFO] - Finding Test Object 'Object Repository/ANEF_Eloignement_V_Nawres/Page_Prendre_Mesure_Formulaire/input_Duree_ITF__Temporaire_Mois'

14-02-2025T14:47:29 - [MESSAGE][INFO] - Checking object

14-02-2025T14:47:29 - [MESSAGE][INFO] - Finding web element from Test Object's properties

14-02-2025T14:47:29 - [MESSAGE][INFO] - Checking timeout

14-02-2025T14:47:29 - [MESSAGE][INFO] - Finding web element with id: 'Object Repository/ANEF_Eloignement_V_Nawres/Page_Prendre_Mesure_Formulaire/input_Duree_ITF__Temporaire_Mois' located by 'By.xpath: //input[@id="nbr_mois"]' in '40' second(s)

14-02-2025T14:47:29 - [MESSAGE][INFO] - Found 1 web elements with id: 'Object Repository/ANEF_Eloignement_V_Nawres/Page_Prendre_Mesure_Formulaire/input_Duree_ITF__Temporaire_Mois' located by 'By.xpath: //input[@id="nbr_mois"]' in '40' second(s)

14-02-2025T14:47:29 - [MESSAGE][PASSED] - Object 'Object Repository/ANEF_Eloignement_V_Nawres/Page_Prendre_Mesure_Formulaire/input_Duree_ITF__Temporaire_Mois' is present

14-02-2025T14:47:29 - [TEST_STEP][PASSED] - setText(findTestObject("Object Repository/ANEF_Eloignement_V_Nawres/Page_Prendre_Mesure_Formulaire/input_Duree_ITF__Temporaire_Mois"), "14", STOP_ON_FAILURE): Text '14' is set on object 'Object Repository/ANEF_Eloignement_V_Nawres/Page_Prendre_Mesure_Formulaire/input_Duree_ITF__Temporaire_Mois'

14-02-2025T14:47:29 - [MESSAGE][INFO] - Finding Test Object 'Object Repository/ANEF_Eloignement_V_Nawres/Page_Prendre_Mesure_Formulaire/input_Duree_ITF__Temporaire_Mois'

14-02-2025T14:47:29 - [MESSAGE][INFO] - Checking timeout

14-02-2025T14:47:29 - [MESSAGE][INFO] - Finding web element with id: 'Object Repository/ANEF_Eloignement_V_Nawres/Page_Prendre_Mesure_Formulaire/input_Duree_ITF__Temporaire_Mois' located by 'By.xpath: //input[@id="nbr_mois"]' in '20' second(s)

14-02-2025T14:47:30 - [MESSAGE][INFO] - Found 1 web elements with id: 'Object Repository/ANEF_Eloignement_V_Nawres/Page_Prendre_Mesure_Formulaire/input_Duree_ITF__Temporaire_Mois' located by 'By.xpath: //input[@id="nbr_mois"]' in '20' second(s)

14-02-2025T14:47:30 - [MESSAGE][INFO] - Checking object

14-02-2025T14:47:30 - [MESSAGE][INFO] - Checking text

14-02-2025T14:47:30 - [MESSAGE][INFO] - Finding web element from Test Object's properties

14-02-2025T14:47:30 - [MESSAGE][INFO] - Checking timeout

14-02-2025T14:47:30 - [MESSAGE][INFO] - Finding web element with id: 'Object Repository/ANEF_Eloignement_V_Nawres/Page_Prendre_Mesure_Formulaire/input_Duree_ITF__Temporaire_Mois' located by 'By.xpath: //input[@id="nbr_mois"]' in '100' second(s)

14-02-2025T14:47:30 - [MESSAGE][INFO] - Found 1 web elements with id: 'Object Repository/ANEF_Eloignement_V_Nawres/Page_Prendre_Mesure_Formulaire/input_Duree_ITF__Temporaire_Mois' located by 'By.xpath: //input[@id="nbr_mois"]' in '100' second(s)

14-02-2025T14:47:30 - [MESSAGE][INFO] - Clearing text of object 'Object Repository/ANEF_Eloignement_V_Nawres/Page_Prendre_Mesure_Formulaire/input_Duree_ITF__Temporaire_Mois'

14-02-2025T14:47:31 - [MESSAGE][INFO] - Finding web element from Test Object's properties

14-02-2025T14:47:31 - [MESSAGE][INFO] - Checking timeout

14-02-2025T14:47:31 - [MESSAGE][INFO] - Finding web element with id: 'Object Repository/ANEF_Eloignement_V_Nawres/Page_Prendre_Mesure_Formulaire/input_Duree_ITF__Temporaire_Mois' located by 'By.xpath: //input[@id="nbr_mois"]' in '100' second(s)

14-02-2025T14:47:31 - [MESSAGE][INFO] - Found 1 web elements with id: 'Object Repository/ANEF_Eloignement_V_Nawres/Page_Prendre_Mesure_Formulaire/input_Duree_ITF__Temporaire_Mois' located by 'By.xpath: //input[@id="nbr_mois"]' in '100' second(s)

14-02-2025T14:47:31 - [MESSAGE][INFO] - Setting text of object 'Object Repository/ANEF_Eloignement_V_Nawres/Page_Prendre_Mesure_Formulaire/input_Duree_ITF__Temporaire_Mois' to value '14'

14-02-2025T14:47:32 - [MESSAGE][PASSED] - Text '14' is set on object 'Object Repository/ANEF_Eloignement_V_Nawres/Page_Prendre_Mesure_Formulaire/input_Duree_ITF__Temporaire_Mois'

14-02-2025T14:47:32 - [TEST_STEP][PASSED] - verifyElementText(findTestObject("Object Repository/ANEF_Eloignement_V_Nawres/Page_Prendre_Mesure_Formulaire/p_Message_Erreur_Duree_ITF_Mois"), "Le Mois est invalide", STOP_ON_FAILURE): Actual text and expected text of test object 'Object Repository/ANEF_Eloignement_V_Nawres/Page_Prendre_Mesure_Formulaire/p_Message_Erreur_Duree_ITF_Mois' are matched.

14-02-2025T14:47:32 - [MESSAGE][INFO] - Finding Test Object 'Object Repository/ANEF_Eloignement_V_Nawres/Page_Prendre_Mesure_Formulaire/p_Message_Erreur_Duree_ITF_Mois'

14-02-2025T14:47:32 - [MESSAGE][INFO] - Checking object

14-02-2025T14:47:32 - [MESSAGE][INFO] - Finding web element from Test Object's properties

14-02-2025T14:47:32 - [MESSAGE][INFO] - Checking timeout

14-02-2025T14:47:32 - [MESSAGE][INFO] - Finding web element with id: 'Object Repository/ANEF_Eloignement_V_Nawres/Page_Prendre_Mesure_Formulaire/p_Message_Erreur_Duree_ITF_Mois' located by 'By.xpath: //app-accordeon-mesure-judiciaire/section/div/form/div/div[1]/div/fieldset/div[1]/p' in '100' second(s)

14-02-2025T14:47:32 - [MESSAGE][INFO] - Found 1 web elements with id: 'Object Repository/ANEF_Eloignement_V_Nawres/Page_Prendre_Mesure_Formulaire/p_Message_Erreur_Duree_ITF_Mois' located by 'By.xpath: //app-accordeon-mesure-judiciaire/section/div/form/div/div[1]/div/fieldset/div[1]/p' in '100' second(s)

14-02-2025T14:47:32 - [MESSAGE][PASSED] - Actual text and expected text of test object 'Object Repository/ANEF_Eloignement_V_Nawres/Page_Prendre_Mesure_Formulaire/p_Message_Erreur_Duree_ITF_Mois' are matched.

14-02-2025T14:47:32 - [TEST_STEP][PASSED] - setText(findTestObject("Object Repository/ANEF_Eloignement_V_Nawres/Page_Prendre_Mesure_Formulaire/input_Duree_ITF__Temporaire_Mois"), "10", STOP_ON_FAILURE): Text '10' is set on object 'Object Repository/ANEF_Eloignement_V_Nawres/Page_Prendre_Mesure_Formulaire/input_Duree_ITF__Temporaire_Mois'

14-02-2025T14:47:32 - [MESSAGE][INFO] - Finding Test Object 'Object Repository/ANEF_Eloignement_V_Nawres/Page_Prendre_Mesure_Formulaire/input_Duree_ITF__Temporaire_Mois'

14-02-2025T14:47:32 - [MESSAGE][INFO] - Checking timeout

14-02-2025T14:47:32 - [MESSAGE][INFO] - Finding web element with id: 'Object Repository/ANEF_Eloignement_V_Nawres/Page_Prendre_Mesure_Formulaire/input_Duree_ITF__Temporaire_Mois' located by 'By.xpath: //input[@id="nbr_mois"]' in '20' second(s)

14-02-2025T14:47:32 - [MESSAGE][INFO] - Found 1 web elements with id: 'Object Repository/ANEF_Eloignement_V_Nawres/Page_Prendre_Mesure_Formulaire/input_Duree_ITF__Temporaire_Mois' located by 'By.xpath: //input[@id="nbr_mois"]' in '20' second(s)

14-02-2025T14:47:32 - [MESSAGE][INFO] - Checking object

14-02-2025T14:47:32 - [MESSAGE][INFO] - Checking text

14-02-2025T14:47:32 - [MESSAGE][INFO] - Finding web element from Test Object's properties

14-02-2025T14:47:32 - [MESSAGE][INFO] - Checking timeout

14-02-2025T14:47:32 - [MESSAGE][INFO] - Finding web element with id: 'Object Repository/ANEF_Eloignement_V_Nawres/Page_Prendre_Mesure_Formulaire/input_Duree_ITF__Temporaire_Mois' located by 'By.xpath: //input[@id="nbr_mois"]' in '100' second(s)

14-02-2025T14:47:32 - [MESSAGE][INFO] - Found 1 web elements with id: 'Object Repository/ANEF_Eloignement_V_Nawres/Page_Prendre_Mesure_Formulaire/input_Duree_ITF__Temporaire_Mois' located by 'By.xpath: //input[@id="nbr_mois"]' in '100' second(s)

14-02-2025T14:47:32 - [MESSAGE][INFO] - Clearing text of object 'Object Repository/ANEF_Eloignement_V_Nawres/Page_Prendre_Mesure_Formulaire/input_Duree_ITF__Temporaire_Mois'

14-02-2025T14:47:33 - [MESSAGE][INFO] - Finding web element from Test Object's properties

14-02-2025T14:47:33 - [MESSAGE][INFO] - Checking timeout

14-02-2025T14:47:33 - [MESSAGE][INFO] - Finding web element with id: 'Object Repository/ANEF_Eloignement_V_Nawres/Page_Prendre_Mesure_Formulaire/input_Duree_ITF__Temporaire_Mois' located by 'By.xpath: //input[@id="nbr_mois"]' in '100' second(s)

14-02-2025T14:47:33 - [MESSAGE][INFO] - Found 1 web elements with id: 'Object Repository/ANEF_Eloignement_V_Nawres/Page_Prendre_Mesure_Formulaire/input_Duree_ITF__Temporaire_Mois' located by 'By.xpath: //input[@id="nbr_mois"]' in '100' second(s)

14-02-2025T14:47:33 - [MESSAGE][INFO] - Setting text of object 'Object Repository/ANEF_Eloignement_V_Nawres/Page_Prendre_Mesure_Formulaire/input_Duree_ITF__Temporaire_Mois' to value '10'

14-02-2025T14:47:34 - [MESSAGE][PASSED] - Text '10' is set on object 'Object Repository/ANEF_Eloignement_V_Nawres/Page_Prendre_Mesure_Formulaire/input_Duree_ITF__Temporaire_Mois'

14-02-2025T14:47:34 - [TEST_STEP][PASSED] - setText(findTestObject("Object Repository/ANEF_Eloignement_V_Nawres/Page_Prendre_Mesure_Formulaire/input_Duree_ITF__Temporaire_Annee"), "13", STOP_ON_FAILURE): Text '13' is set on object 'Object Repository/ANEF_Eloignement_V_Nawres/Page_Prendre_Mesure_Formulaire/input_Duree_ITF__Temporaire_Annee'

14-02-2025T14:47:34 - [MESSAGE][INFO] - Finding Test Object 'Object Repository/ANEF_Eloignement_V_Nawres/Page_Prendre_Mesure_Formulaire/input_Duree_ITF__Temporaire_Annee'

14-02-2025T14:47:34 - [MESSAGE][INFO] - Checking timeout

14-02-2025T14:47:34 - [MESSAGE][INFO] - Finding web element with id: 'Object Repository/ANEF_Eloignement_V_Nawres/Page_Prendre_Mesure_Formulaire/input_Duree_ITF__Temporaire_Annee' located by 'By.xpath: //input[@id="nbr_ans"]' in '20' second(s)

14-02-2025T14:47:34 - [MESSAGE][INFO] - Found 1 web elements with id: 'Object Repository/ANEF_Eloignement_V_Nawres/Page_Prendre_Mesure_Formulaire/input_Duree_ITF__Temporaire_Annee' located by 'By.xpath: //input[@id="nbr_ans"]' in '20' second(s)

14-02-2025T14:47:34 - [MESSAGE][INFO] - Checking object

14-02-2025T14:47:34 - [MESSAGE][INFO] - Checking text

14-02-2025T14:47:34 - [MESSAGE][INFO] - Finding web element from Test Object's properties

14-02-2025T14:47:34 - [MESSAGE][INFO] - Checking timeout

14-02-2025T14:47:34 - [MESSAGE][INFO] - Finding web element with id: 'Object Repository/ANEF_Eloignement_V_Nawres/Page_Prendre_Mesure_Formulaire/input_Duree_ITF__Temporaire_Annee' located by 'By.xpath: //input[@id="nbr_ans"]' in '100' second(s)

14-02-2025T14:47:34 - [MESSAGE][INFO] - Found 1 web elements with id: 'Object Repository/ANEF_Eloignement_V_Nawres/Page_Prendre_Mesure_Formulaire/input_Duree_ITF__Temporaire_Annee' located by 'By.xpath: //input[@id="nbr_ans"]' in '100' second(s)

14-02-2025T14:47:34 - [MESSAGE][INFO] - Clearing text of object 'Object Repository/ANEF_Eloignement_V_Nawres/Page_Prendre_Mesure_Formulaire/input_Duree_ITF__Temporaire_Annee'

14-02-2025T14:47:35 - [MESSAGE][INFO] - Finding web element from Test Object's properties

14-02-2025T14:47:35 - [MESSAGE][INFO] - Checking timeout

14-02-2025T14:47:35 - [MESSAGE][INFO] - Finding web element with id: 'Object Repository/ANEF_Eloignement_V_Nawres/Page_Prendre_Mesure_Formulaire/input_Duree_ITF__Temporaire_Annee' located by 'By.xpath: //input[@id="nbr_ans"]' in '100' second(s)

14-02-2025T14:47:35 - [MESSAGE][INFO] - Found 1 web elements with id: 'Object Repository/ANEF_Eloignement_V_Nawres/Page_Prendre_Mesure_Formulaire/input_Duree_ITF__Temporaire_Annee' located by 'By.xpath: //input[@id="nbr_ans"]' in '100' second(s)

14-02-2025T14:47:35 - [MESSAGE][INFO] - Setting text of object 'Object Repository/ANEF_Eloignement_V_Nawres/Page_Prendre_Mesure_Formulaire/input_Duree_ITF__Temporaire_Annee' to value '13'

14-02-2025T14:47:36 - [MESSAGE][PASSED] - Text '13' is set on object 'Object Repository/ANEF_Eloignement_V_Nawres/Page_Prendre_Mesure_Formulaire/input_Duree_ITF__Temporaire_Annee'

14-02-2025T14:47:36 - [TEST_STEP][PASSED] - verifyElementText(findTestObject("Object Repository/ANEF_Eloignement_V_Nawres/Page_Prendre_Mesure_Formulaire/p_Message_Erreur_Duree_ITF_Annee"), "La durÃ©e ne peut excÃ©der 10 ans", STOP_ON_FAILURE): Actual text and expected text of test object 'Object Repository/ANEF_Eloignement_V_Nawres/Page_Prendre_Mesure_Formulaire/p_Message_Erreur_Duree_ITF_Annee' are matched.

14-02-2025T14:47:36 - [MESSAGE][INFO] - Finding Test Object 'Object Repository/ANEF_Eloignement_V_Nawres/Page_Prendre_Mesure_Formulaire/p_Message_Erreur_Duree_ITF_Annee'

14-02-2025T14:47:36 - [MESSAGE][INFO] - Checking object

14-02-2025T14:47:36 - [MESSAGE][INFO] - Finding web element from Test Object's properties

14-02-2025T14:47:36 - [MESSAGE][INFO] - Checking timeout

14-02-2025T14:47:36 - [MESSAGE][INFO] - Finding web element with id: 'Object Repository/ANEF_Eloignement_V_Nawres/Page_Prendre_Mesure_Formulaire/p_Message_Erreur_Duree_ITF_Annee' located by 'By.xpath: //app-accordeon-mesure-judiciaire/section/div/form/div/div[1]/div/p' in '100' second(s)

14-02-2025T14:47:36 - [MESSAGE][INFO] - Found 1 web elements with id: 'Object Repository/ANEF_Eloignement_V_Nawres/Page_Prendre_Mesure_Formulaire/p_Message_Erreur_Duree_ITF_Annee' located by 'By.xpath: //app-accordeon-mesure-judiciaire/section/div/form/div/div[1]/div/p' in '100' second(s)

14-02-2025T14:47:36 - [MESSAGE][PASSED] - Actual text and expected text of test object 'Object Repository/ANEF_Eloignement_V_Nawres/Page_Prendre_Mesure_Formulaire/p_Message_Erreur_Duree_ITF_Annee' are matched.

14-02-2025T14:47:36 - [TEST_STEP][PASSED] - setText(findTestObject("Object Repository/ANEF_Eloignement_V_Nawres/Page_Prendre_Mesure_Formulaire/input_Duree_ITF__Temporaire_Annee"), "7", STOP_ON_FAILURE): Text '7' is set on object 'Object Repository/ANEF_Eloignement_V_Nawres/Page_Prendre_Mesure_Formulaire/input_Duree_ITF__Temporaire_Annee'

14-02-2025T14:47:36 - [MESSAGE][INFO] - Finding Test Object 'Object Repository/ANEF_Eloignement_V_Nawres/Page_Prendre_Mesure_Formulaire/input_Duree_ITF__Temporaire_Annee'

14-02-2025T14:47:36 - [MESSAGE][INFO] - Checking timeout

14-02-2025T14:47:36 - [MESSAGE][INFO] - Finding web element with id: 'Object Repository/ANEF_Eloignement_V_Nawres/Page_Prendre_Mesure_Formulaire/input_Duree_ITF__Temporaire_Annee' located by 'By.xpath: //input[@id="nbr_ans"]' in '20' second(s)

14-02-2025T14:47:36 - [MESSAGE][INFO] - Found 1 web elements with id: 'Object Repository/ANEF_Eloignement_V_Nawres/Page_Prendre_Mesure_Formulaire/input_Duree_ITF__Temporaire_Annee' located by 'By.xpath: //input[@id="nbr_ans"]' in '20' second(s)

14-02-2025T14:47:36 - [MESSAGE][INFO] - Checking object

14-02-2025T14:47:36 - [MESSAGE][INFO] - Checking text

14-02-2025T14:47:36 - [MESSAGE][INFO] - Finding web element from Test Object's properties

14-02-2025T14:47:36 - [MESSAGE][INFO] - Checking timeout

14-02-2025T14:47:36 - [MESSAGE][INFO] - Finding web element with id: 'Object Repository/ANEF_Eloignement_V_Nawres/Page_Prendre_Mesure_Formulaire/input_Duree_ITF__Temporaire_Annee' located by 'By.xpath: //input[@id="nbr_ans"]' in '100' second(s)

14-02-2025T14:47:36 - [MESSAGE][INFO] - Found 1 web elements with id: 'Object Repository/ANEF_Eloignement_V_Nawres/Page_Prendre_Mesure_Formulaire/input_Duree_ITF__Temporaire_Annee' located by 'By.xpath: //input[@id="nbr_ans"]' in '100' second(s)

14-02-2025T14:47:36 - [MESSAGE][INFO] - Clearing text of object 'Object Repository/ANEF_Eloignement_V_Nawres/Page_Prendre_Mesure_Formulaire/input_Duree_ITF__Temporaire_Annee'

14-02-2025T14:47:38 - [MESSAGE][INFO] - Finding web element from Test Object's properties

14-02-2025T14:47:38 - [MESSAGE][INFO] - Checking timeout

14-02-2025T14:47:38 - [MESSAGE][INFO] - Finding web element with id: 'Object Repository/ANEF_Eloignement_V_Nawres/Page_Prendre_Mesure_Formulaire/input_Duree_ITF__Temporaire_Annee' located by 'By.xpath: //input[@id="nbr_ans"]' in '100' second(s)

14-02-2025T14:47:38 - [MESSAGE][INFO] - Found 1 web elements with id: 'Object Repository/ANEF_Eloignement_V_Nawres/Page_Prendre_Mesure_Formulaire/input_Duree_ITF__Temporaire_Annee' located by 'By.xpath: //input[@id="nbr_ans"]' in '100' second(s)

14-02-2025T14:47:38 - [MESSAGE][INFO] - Setting text of object 'Object Repository/ANEF_Eloignement_V_Nawres/Page_Prendre_Mesure_Formulaire/input_Duree_ITF__Temporaire_Annee' to value '7'

14-02-2025T14:47:39 - [MESSAGE][PASSED] - Text '7' is set on object 'Object Repository/ANEF_Eloignement_V_Nawres/Page_Prendre_Mesure_Formulaire/input_Duree_ITF__Temporaire_Annee'

14-02-2025T14:47:39 - [TEST_STEP][PASSED] - if (DureeITF == "Definitive"): null

14-02-2025T14:47:39 - [TEST_STEP][PASSED] - setText(findTestObject("Object Repository/ANEF_Eloignement_V_Nawres/Page_Prendre_Mesure_Formulaire/input_Date_Executoire_ITF"), DateActuelle, STOP_ON_FAILURE): Text '14/02/2025' is set on object 'Object Repository/ANEF_Eloignement_V_Nawres/Page_Prendre_Mesure_Formulaire/input_Date_Executoire_ITF'

14-02-2025T14:47:39 - [MESSAGE][INFO] - Finding Test Object 'Object Repository/ANEF_Eloignement_V_Nawres/Page_Prendre_Mesure_Formulaire/input_Date_Executoire_ITF'

14-02-2025T14:47:39 - [MESSAGE][INFO] - Checking timeout

14-02-2025T14:47:39 - [MESSAGE][INFO] - Finding web element with id: 'Object Repository/ANEF_Eloignement_V_Nawres/Page_Prendre_Mesure_Formulaire/input_Date_Executoire_ITF' located by 'By.xpath: //input[@id="date_executoire_itf"]' in '20' second(s)

14-02-2025T14:47:39 - [MESSAGE][INFO] - Found 1 web elements with id: 'Object Repository/ANEF_Eloignement_V_Nawres/Page_Prendre_Mesure_Formulaire/input_Date_Executoire_ITF' located by 'By.xpath: //input[@id="date_executoire_itf"]' in '20' second(s)

14-02-2025T14:47:39 - [MESSAGE][INFO] - Checking object

14-02-2025T14:47:39 - [MESSAGE][INFO] - Checking text

14-02-2025T14:47:39 - [MESSAGE][INFO] - Finding web element from Test Object's properties

14-02-2025T14:47:39 - [MESSAGE][INFO] - Checking timeout

14-02-2025T14:47:39 - [MESSAGE][INFO] - Finding web element with id: 'Object Repository/ANEF_Eloignement_V_Nawres/Page_Prendre_Mesure_Formulaire/input_Date_Executoire_ITF' located by 'By.xpath: //input[@id="date_executoire_itf"]' in '100' second(s)

14-02-2025T14:47:39 - [MESSAGE][INFO] - Found 1 web elements with id: 'Object Repository/ANEF_Eloignement_V_Nawres/Page_Prendre_Mesure_Formulaire/input_Date_Executoire_ITF' located by 'By.xpath: //input[@id="date_executoire_itf"]' in '100' second(s)

14-02-2025T14:47:39 - [MESSAGE][INFO] - Clearing text of object 'Object Repository/ANEF_Eloignement_V_Nawres/Page_Prendre_Mesure_Formulaire/input_Date_Executoire_ITF'

14-02-2025T14:47:40 - [MESSAGE][INFO] - Finding web element from Test Object's properties

14-02-2025T14:47:40 - [MESSAGE][INFO] - Checking timeout

14-02-2025T14:47:40 - [MESSAGE][INFO] - Finding web element with id: 'Object Repository/ANEF_Eloignement_V_Nawres/Page_Prendre_Mesure_Formulaire/input_Date_Executoire_ITF' located by 'By.xpath: //input[@id="date_executoire_itf"]' in '100' second(s)

14-02-2025T14:47:40 - [MESSAGE][INFO] - Found 1 web elements with id: 'Object Repository/ANEF_Eloignement_V_Nawres/Page_Prendre_Mesure_Formulaire/input_Date_Executoire_ITF' located by 'By.xpath: //input[@id="date_executoire_itf"]' in '100' second(s)

14-02-2025T14:47:40 - [MESSAGE][INFO] - Setting text of object 'Object Repository/ANEF_Eloignement_V_Nawres/Page_Prendre_Mesure_Formulaire/input_Date_Executoire_ITF' to value '14/02/2025'

14-02-2025T14:47:41 - [MESSAGE][PASSED] - Text '14/02/2025' is set on object 'Object Repository/ANEF_Eloignement_V_Nawres/Page_Prendre_Mesure_Formulaire/input_Date_Executoire_ITF'

14-02-2025T14:47:41 - [TEST_STEP][PASSED] - setText(findTestObject("Object Repository/ANEF_Eloignement_V_Nawres/Page_Prendre_Mesure_Formulaire/input_Date_Jugement_ITF"), DateActuelle, STOP_ON_FAILURE): Text '14/02/2025' is set on object 'Object Repository/ANEF_Eloignement_V_Nawres/Page_Prendre_Mesure_Formulaire/input_Date_Jugement_ITF'

14-02-2025T14:47:41 - [MESSAGE][INFO] - Finding Test Object 'Object Repository/ANEF_Eloignement_V_Nawres/Page_Prendre_Mesure_Formulaire/input_Date_Jugement_ITF'

14-02-2025T14:47:41 - [MESSAGE][INFO] - Checking timeout

14-02-2025T14:47:41 - [MESSAGE][INFO] - Finding web element with id: 'Object Repository/ANEF_Eloignement_V_Nawres/Page_Prendre_Mesure_Formulaire/input_Date_Jugement_ITF' located by 'By.xpath: //input[@id="date_jugement_itf"]' in '20' second(s)

14-02-2025T14:47:41 - [MESSAGE][INFO] - Found 1 web elements with id: 'Object Repository/ANEF_Eloignement_V_Nawres/Page_Prendre_Mesure_Formulaire/input_Date_Jugement_ITF' located by 'By.xpath: //input[@id="date_jugement_itf"]' in '20' second(s)

14-02-2025T14:47:41 - [MESSAGE][INFO] - Checking object

14-02-2025T14:47:41 - [MESSAGE][INFO] - Checking text

14-02-2025T14:47:41 - [MESSAGE][INFO] - Finding web element from Test Object's properties

14-02-2025T14:47:41 - [MESSAGE][INFO] - Checking timeout

14-02-2025T14:47:41 - [MESSAGE][INFO] - Finding web element with id: 'Object Repository/ANEF_Eloignement_V_Nawres/Page_Prendre_Mesure_Formulaire/input_Date_Jugement_ITF' located by 'By.xpath: //input[@id="date_jugement_itf"]' in '100' second(s)

14-02-2025T14:47:41 - [MESSAGE][INFO] - Found 1 web elements with id: 'Object Repository/ANEF_Eloignement_V_Nawres/Page_Prendre_Mesure_Formulaire/input_Date_Jugement_ITF' located by 'By.xpath: //input[@id="date_jugement_itf"]' in '100' second(s)

14-02-2025T14:47:41 - [MESSAGE][INFO] - Clearing text of object 'Object Repository/ANEF_Eloignement_V_Nawres/Page_Prendre_Mesure_Formulaire/input_Date_Jugement_ITF'

14-02-2025T14:47:42 - [MESSAGE][INFO] - Finding web element from Test Object's properties

14-02-2025T14:47:42 - [MESSAGE][INFO] - Checking timeout

14-02-2025T14:47:42 - [MESSAGE][INFO] - Finding web element with id: 'Object Repository/ANEF_Eloignement_V_Nawres/Page_Prendre_Mesure_Formulaire/input_Date_Jugement_ITF' located by 'By.xpath: //input[@id="date_jugement_itf"]' in '100' second(s)

14-02-2025T14:47:42 - [MESSAGE][INFO] - Found 1 web elements with id: 'Object Repository/ANEF_Eloignement_V_Nawres/Page_Prendre_Mesure_Formulaire/input_Date_Jugement_ITF' located by 'By.xpath: //input[@id="date_jugement_itf"]' in '100' second(s)

14-02-2025T14:47:42 - [MESSAGE][INFO] - Setting text of object 'Object Repository/ANEF_Eloignement_V_Nawres/Page_Prendre_Mesure_Formulaire/input_Date_Jugement_ITF' to value '14/02/2025'

14-02-2025T14:47:43 - [MESSAGE][PASSED] - Text '14/02/2025' is set on object 'Object Repository/ANEF_Eloignement_V_Nawres/Page_Prendre_Mesure_Formulaire/input_Date_Jugement_ITF'

14-02-2025T14:47:43 - [TEST_STEP][PASSED] - click(findTestObject("Object Repository/ANEF_Eloignement_V_Nawres/Page_Prendre_Mesure_Formulaire/btn_Valider_Enregistrement_ITF"), STOP_ON_FAILURE): Object: 'Object Repository/ANEF_Eloignement_V_Nawres/Page_Prendre_Mesure_Formulaire/btn_Valider_Enregistrement_ITF' is clicked on

14-02-2025T14:47:43 - [MESSAGE][INFO] - Finding Test Object 'Object Repository/ANEF_Eloignement_V_Nawres/Page_Prendre_Mesure_Formulaire/btn_Valider_Enregistrement_ITF'

14-02-2025T14:47:43 - [MESSAGE][INFO] - Checking timeout

14-02-2025T14:47:43 - [MESSAGE][INFO] - Finding web element with id: 'Object Repository/ANEF_Eloignement_V_Nawres/Page_Prendre_Mesure_Formulaire/btn_Valider_Enregistrement_ITF' located by 'By.xpath: //button[@id="saveButtonITF"]' in '20' second(s)

14-02-2025T14:47:43 - [MESSAGE][INFO] - Found 1 web elements with id: 'Object Repository/ANEF_Eloignement_V_Nawres/Page_Prendre_Mesure_Formulaire/btn_Valider_Enregistrement_ITF' located by 'By.xpath: //button[@id="saveButtonITF"]' in '20' second(s)

14-02-2025T14:47:43 - [MESSAGE][INFO] - Checking object

14-02-2025T14:47:43 - [MESSAGE][INFO] - Checking timeout

14-02-2025T14:47:43 - [MESSAGE][INFO] - Finding web element from Test Object's properties

14-02-2025T14:47:43 - [MESSAGE][INFO] - Checking timeout

14-02-2025T14:47:43 - [MESSAGE][INFO] - Finding web element with id: 'Object Repository/ANEF_Eloignement_V_Nawres/Page_Prendre_Mesure_Formulaire/btn_Valider_Enregistrement_ITF' located by 'By.xpath: //button[@id="saveButtonITF"]' in '100' second(s)

14-02-2025T14:47:43 - [MESSAGE][INFO] - Found 1 web elements with id: 'Object Repository/ANEF_Eloignement_V_Nawres/Page_Prendre_Mesure_Formulaire/btn_Valider_Enregistrement_ITF' located by 'By.xpath: //button[@id="saveButtonITF"]' in '100' second(s)

14-02-2025T14:47:43 - [MESSAGE][INFO] - Clicking on object: 'Object Repository/ANEF_Eloignement_V_Nawres/Page_Prendre_Mesure_Formulaire/btn_Valider_Enregistrement_ITF'

14-02-2025T14:47:44 - [MESSAGE][PASSED] - Object: 'Object Repository/ANEF_Eloignement_V_Nawres/Page_Prendre_Mesure_Formulaire/btn_Valider_Enregistrement_ITF' is clicked on

14-02-2025T14:47:44 - [TEST_STEP][PASSED] - click(findTestObject("Object Repository/ANEF_Eloignement_V_Nawres/Page_Prendre_Mesure_Formulaire/btn_Confirmer_Enregistrement_Mesure"), STOP_ON_FAILURE): Object: 'Object Repository/ANEF_Eloignement_V_Nawres/Page_Prendre_Mesure_Formulaire/btn_Confirmer_Enregistrement_Mesure' is clicked on

14-02-2025T14:47:44 - [MESSAGE][INFO] - Finding Test Object 'Object Repository/ANEF_Eloignement_V_Nawres/Page_Prendre_Mesure_Formulaire/btn_Confirmer_Enregistrement_Mesure'

14-02-2025T14:47:44 - [MESSAGE][INFO] - Checking timeout

14-02-2025T14:47:44 - [MESSAGE][INFO] - Finding web element with id: 'Object Repository/ANEF_Eloignement_V_Nawres/Page_Prendre_Mesure_Formulaire/btn_Confirmer_Enregistrement_Mesure' located by 'By.xpath: //button[contains(text(),"Confirmer lâ€™enregistrement de la mesure")]' in '20' second(s)

14-02-2025T14:47:44 - [MESSAGE][INFO] - Found 1 web elements with id: 'Object Repository/ANEF_Eloignement_V_Nawres/Page_Prendre_Mesure_Formulaire/btn_Confirmer_Enregistrement_Mesure' located by 'By.xpath: //button[contains(text(),"Confirmer lâ€™enregistrement de la mesure")]' in '20' second(s)

14-02-2025T14:47:44 - [MESSAGE][INFO] - Checking object

14-02-2025T14:47:44 - [MESSAGE][INFO] - Checking timeout

14-02-2025T14:47:44 - [MESSAGE][INFO] - Finding web element from Test Object's properties

14-02-2025T14:47:44 - [MESSAGE][INFO] - Checking timeout

14-02-2025T14:47:44 - [MESSAGE][INFO] - Finding web element with id: 'Object Repository/ANEF_Eloignement_V_Nawres/Page_Prendre_Mesure_Formulaire/btn_Confirmer_Enregistrement_Mesure' located by 'By.xpath: //button[contains(text(),"Confirmer lâ€™enregistrement de la mesure")]' in '100' second(s)

14-02-2025T14:47:44 - [MESSAGE][INFO] - Found 1 web elements with id: 'Object Repository/ANEF_Eloignement_V_Nawres/Page_Prendre_Mesure_Formulaire/btn_Confirmer_Enregistrement_Mesure' located by 'By.xpath: //button[contains(text(),"Confirmer lâ€™enregistrement de la mesure")]' in '100' second(s)

14-02-2025T14:47:44 - [MESSAGE][INFO] - Clicking on object: 'Object Repository/ANEF_Eloignement_V_Nawres/Page_Prendre_Mesure_Formulaire/btn_Confirmer_Enregistrement_Mesure'

14-02-2025T14:47:46 - [MESSAGE][PASSED] - Object: 'Object Repository/ANEF_Eloignement_V_Nawres/Page_Prendre_Mesure_Formulaire/btn_Confirmer_Enregistrement_Mesure' is clicked on

14-02-2025T14:47:46 - [TEST_STEP][PASSED] - click(findTestObject("Object Repository/ANEF_Eloignement_V_Nawres/Page_Prendre_Mesure_Formulaire/btn_Enregistrer"), STOP_ON_FAILURE): Object: 'Object Repository/ANEF_Eloignement_V_Nawres/Page_Prendre_Mesure_Formulaire/btn_Enregistrer' is clicked on

14-02-2025T14:47:46 - [MESSAGE][INFO] - Finding Test Object 'Object Repository/ANEF_Eloignement_V_Nawres/Page_Prendre_Mesure_Formulaire/btn_Enregistrer'

14-02-2025T14:47:46 - [MESSAGE][INFO] - Checking timeout

14-02-2025T14:47:46 - [MESSAGE][INFO] - Finding web element with id: 'Object Repository/ANEF_Eloignement_V_Nawres/Page_Prendre_Mesure_Formulaire/btn_Enregistrer' located by 'By.xpath: //button[contains(text(),"Enregistrer")]' in '20' second(s)

14-02-2025T14:47:46 - [MESSAGE][INFO] - Found 1 web elements with id: 'Object Repository/ANEF_Eloignement_V_Nawres/Page_Prendre_Mesure_Formulaire/btn_Enregistrer' located by 'By.xpath: //button[contains(text(),"Enregistrer")]' in '20' second(s)

14-02-2025T14:47:46 - [MESSAGE][INFO] - Checking object

14-02-2025T14:47:46 - [MESSAGE][INFO] - Checking timeout

14-02-2025T14:47:46 - [MESSAGE][INFO] - Finding web element from Test Object's properties

14-02-2025T14:47:46 - [MESSAGE][INFO] - Checking timeout

14-02-2025T14:47:46 - [MESSAGE][INFO] - Finding web element with id: 'Object Repository/ANEF_Eloignement_V_Nawres/Page_Prendre_Mesure_Formulaire/btn_Enregistrer' located by 'By.xpath: //button[contains(text(),"Enregistrer")]' in '100' second(s)

14-02-2025T14:47:46 - [MESSAGE][INFO] - Found 1 web elements with id: 'Object Repository/ANEF_Eloignement_V_Nawres/Page_Prendre_Mesure_Formulaire/btn_Enregistrer' located by 'By.xpath: //button[contains(text(),"Enregistrer")]' in '100' second(s)

14-02-2025T14:47:46 - [MESSAGE][INFO] - Clicking on object: 'Object Repository/ANEF_Eloignement_V_Nawres/Page_Prendre_Mesure_Formulaire/btn_Enregistrer'

14-02-2025T14:47:47 - [MESSAGE][PASSED] - Object: 'Object Repository/ANEF_Eloignement_V_Nawres/Page_Prendre_Mesure_Formulaire/btn_Enregistrer' is clicked on

14-02-2025T14:47:47 - [MESSAGE][PASSED] - Call Test Case 'Test Cases/Test Reutilisable/Main/ANEF_Eloignement_V_Nawres/ANEF_Prendre_Mesure_Formulaire' successfully

14-02-2025T14:47:47 - [MESSAGE][PASSED] - Call Test Case 'Test Cases/Test Reutilisable/Main/ANEF_Eloignement_V_Nawres/ANEF_Prendre_Mesure' successfully

14-02-2025T14:47:47 - [TEST_STEP][PASSED] - callTestCase(findTestCase("Test Cases/Test Reutilisable/Main/ANEF_Eloignement_V_Nawres/ANEF_Ajouter_Decision"), ["ModeNotification":ModeNotification], STOP_ON_FAILURE): Call Test Case 'Test Cases/Test Reutilisable/Main/ANEF_Eloignement_V_Nawres/ANEF_Ajouter_Decision' successfully

14-02-2025T14:47:47 - [MESSAGE][INFO] - Checking called Test Case

14-02-2025T14:47:47 - [MESSAGE][INFO] - Starting to call Test Case 'Test Cases/Test Reutilisable/Main/ANEF_Eloignement_V_Nawres/ANEF_Ajouter_Decision'

14-02-2025T14:47:47 - [TEST_CASE][PASSED] - Test Cases/Test Reutilisable/Main/ANEF_Eloignement_V_Nawres/ANEF_Ajouter_Decision: Test Cases/Test Reutilisable/Main/ANEF_Eloignement_V_Nawres/ANEF_Ajouter_Decision

14-02-2025T14:47:47 - [TEST_STEP][PASSED] - calendar = Calendar.getInstance(): null

14-02-2025T14:47:47 - [TEST_STEP][PASSED] - currentDate = calendar.getTime(): null

14-02-2025T14:47:47 - [TEST_STEP][PASSED] - sdf = new java.text.SimpleDateFormat(dd/MM/yyyy): null

14-02-2025T14:47:47 - [TEST_STEP][PASSED] - formattedDate = sdf.format(currentDate): null

14-02-2025T14:47:47 - [TEST_STEP][PASSED] - DateActuelle = formattedDate.toString(): null

14-02-2025T14:47:47 - [TEST_STEP][PASSED] - println(DateActuelle): null

14-02-2025T14:47:47 - [TEST_STEP][PASSED] - waitForElementClickable(findTestObject("Object Repository/ANEF_Eloignement_V_Nawres/Page_Ajouter_Decision/btn_Ajouter_Decision"), 20, STOP_ON_FAILURE): Object 'Object Repository/ANEF_Eloignement_V_Nawres/Page_Ajouter_Decision/btn_Ajouter_Decision' is clickable

14-02-2025T14:47:47 - [MESSAGE][INFO] - Finding Test Object 'Object Repository/ANEF_Eloignement_V_Nawres/Page_Ajouter_Decision/btn_Ajouter_Decision'

14-02-2025T14:47:47 - [MESSAGE][INFO] - Checking object

14-02-2025T14:47:47 - [MESSAGE][INFO] - Checking timeout

14-02-2025T14:47:47 - [MESSAGE][INFO] - Finding web element from Test Object's properties

14-02-2025T14:47:47 - [MESSAGE][INFO] - Checking timeout

14-02-2025T14:47:47 - [MESSAGE][INFO] - Finding web element with id: 'Object Repository/ANEF_Eloignement_V_Nawres/Page_Ajouter_Decision/btn_Ajouter_Decision' located by 'By.xpath: //button[contains(text(),"Ajouter une dÃ©cision")]' in '20' second(s)

14-02-2025T14:47:47 - [MESSAGE][INFO] - Found 1 web elements with id: 'Object Repository/ANEF_Eloignement_V_Nawres/Page_Ajouter_Decision/btn_Ajouter_Decision' located by 'By.xpath: //button[contains(text(),"Ajouter une dÃ©cision")]' in '20' second(s)

14-02-2025T14:47:47 - [MESSAGE][PASSED] - Object 'Object Repository/ANEF_Eloignement_V_Nawres/Page_Ajouter_Decision/btn_Ajouter_Decision' is clickable

14-02-2025T14:47:47 - [TEST_STEP][PASSED] - click(findTestObject("Object Repository/ANEF_Eloignement_V_Nawres/Page_Ajouter_Decision/btn_Ajouter_Decision"), STOP_ON_FAILURE): Object: 'Object Repository/ANEF_Eloignement_V_Nawres/Page_Ajouter_Decision/btn_Ajouter_Decision' is clicked on

14-02-2025T14:47:47 - [MESSAGE][INFO] - Finding Test Object 'Object Repository/ANEF_Eloignement_V_Nawres/Page_Ajouter_Decision/btn_Ajouter_Decision'

14-02-2025T14:47:47 - [MESSAGE][INFO] - Checking timeout

14-02-2025T14:47:47 - [MESSAGE][INFO] - Finding web element with id: 'Object Repository/ANEF_Eloignement_V_Nawres/Page_Ajouter_Decision/btn_Ajouter_Decision' located by 'By.xpath: //button[contains(text(),"Ajouter une dÃ©cision")]' in '20' second(s)

14-02-2025T14:47:47 - [MESSAGE][INFO] - Found 1 web elements with id: 'Object Repository/ANEF_Eloignement_V_Nawres/Page_Ajouter_Decision/btn_Ajouter_Decision' located by 'By.xpath: //button[contains(text(),"Ajouter une dÃ©cision")]' in '20' second(s)

14-02-2025T14:47:47 - [MESSAGE][INFO] - Checking object

14-02-2025T14:47:47 - [MESSAGE][INFO] - Checking timeout

14-02-2025T14:47:47 - [MESSAGE][INFO] - Finding web element from Test Object's properties

14-02-2025T14:47:47 - [MESSAGE][INFO] - Checking timeout

14-02-2025T14:47:47 - [MESSAGE][INFO] - Finding web element with id: 'Object Repository/ANEF_Eloignement_V_Nawres/Page_Ajouter_Decision/btn_Ajouter_Decision' located by 'By.xpath: //button[contains(text(),"Ajouter une dÃ©cision")]' in '100' second(s)

14-02-2025T14:47:47 - [MESSAGE][INFO] - Found 1 web elements with id: 'Object Repository/ANEF_Eloignement_V_Nawres/Page_Ajouter_Decision/btn_Ajouter_Decision' located by 'By.xpath: //button[contains(text(),"Ajouter une dÃ©cision")]' in '100' second(s)

14-02-2025T14:47:47 - [MESSAGE][INFO] - Clicking on object: 'Object Repository/ANEF_Eloignement_V_Nawres/Page_Ajouter_Decision/btn_Ajouter_Decision'

14-02-2025T14:47:48 - [MESSAGE][PASSED] - Object: 'Object Repository/ANEF_Eloignement_V_Nawres/Page_Ajouter_Decision/btn_Ajouter_Decision' is clicked on

14-02-2025T14:47:48 - [TEST_STEP][PASSED] - scrollToElement(findTestObject("Object Repository/ANEF_Eloignement_V_Nawres/Page_Ajouter_Decision/btn_Confirmer_Ajout_Decision"), 5, STOP_ON_FAILURE): Scroll to object 'Object Repository/ANEF_Eloignement_V_Nawres/Page_Ajouter_Decision/btn_Confirmer_Ajout_Decision' successfully

14-02-2025T14:47:48 - [MESSAGE][INFO] - Finding Test Object 'Object Repository/ANEF_Eloignement_V_Nawres/Page_Ajouter_Decision/btn_Confirmer_Ajout_Decision'

14-02-2025T14:47:48 - [MESSAGE][INFO] - Checking object

14-02-2025T14:47:48 - [MESSAGE][INFO] - Checking timeout

14-02-2025T14:47:48 - [MESSAGE][INFO] - Finding web element from Test Object's properties

14-02-2025T14:47:48 - [MESSAGE][INFO] - Checking timeout

14-02-2025T14:47:48 - [MESSAGE][INFO] - Finding web element with id: 'Object Repository/ANEF_Eloignement_V_Nawres/Page_Ajouter_Decision/btn_Confirmer_Ajout_Decision' located by 'By.xpath: //button[contains(text()," Confirmer l'ajout")]' in '100' second(s)

14-02-2025T14:47:48 - [MESSAGE][INFO] - Found 1 web elements with id: 'Object Repository/ANEF_Eloignement_V_Nawres/Page_Ajouter_Decision/btn_Confirmer_Ajout_Decision' located by 'By.xpath: //button[contains(text()," Confirmer l'ajout")]' in '100' second(s)

14-02-2025T14:47:48 - [MESSAGE][INFO] - Scrolling to object 'Object Repository/ANEF_Eloignement_V_Nawres/Page_Ajouter_Decision/btn_Confirmer_Ajout_Decision'

14-02-2025T14:47:48 - [MESSAGE][PASSED] - Scroll to object 'Object Repository/ANEF_Eloignement_V_Nawres/Page_Ajouter_Decision/btn_Confirmer_Ajout_Decision' successfully

14-02-2025T14:47:48 - [TEST_STEP][PASSED] - click(findTestObject("Object Repository/ANEF_Eloignement_V_Nawres/Page_Ajouter_Decision/btn_Confirmer_Ajout_Decision"), STOP_ON_FAILURE): Object: 'Object Repository/ANEF_Eloignement_V_Nawres/Page_Ajouter_Decision/btn_Confirmer_Ajout_Decision' is clicked on

14-02-2025T14:47:48 - [MESSAGE][INFO] - Finding Test Object 'Object Repository/ANEF_Eloignement_V_Nawres/Page_Ajouter_Decision/btn_Confirmer_Ajout_Decision'

14-02-2025T14:47:48 - [MESSAGE][INFO] - Checking timeout

14-02-2025T14:47:48 - [MESSAGE][INFO] - Finding web element with id: 'Object Repository/ANEF_Eloignement_V_Nawres/Page_Ajouter_Decision/btn_Confirmer_Ajout_Decision' located by 'By.xpath: //button[contains(text()," Confirmer l'ajout")]' in '20' second(s)

14-02-2025T14:47:48 - [MESSAGE][INFO] - Found 1 web elements with id: 'Object Repository/ANEF_Eloignement_V_Nawres/Page_Ajouter_Decision/btn_Confirmer_Ajout_Decision' located by 'By.xpath: //button[contains(text()," Confirmer l'ajout")]' in '20' second(s)

14-02-2025T14:47:48 - [MESSAGE][INFO] - Checking object

14-02-2025T14:47:48 - [MESSAGE][INFO] - Checking timeout

14-02-2025T14:47:48 - [MESSAGE][INFO] - Finding web element from Test Object's properties

14-02-2025T14:47:48 - [MESSAGE][INFO] - Checking timeout

14-02-2025T14:47:48 - [MESSAGE][INFO] - Finding web element with id: 'Object Repository/ANEF_Eloignement_V_Nawres/Page_Ajouter_Decision/btn_Confirmer_Ajout_Decision' located by 'By.xpath: //button[contains(text()," Confirmer l'ajout")]' in '100' second(s)

14-02-2025T14:47:48 - [MESSAGE][INFO] - Found 1 web elements with id: 'Object Repository/ANEF_Eloignement_V_Nawres/Page_Ajouter_Decision/btn_Confirmer_Ajout_Decision' located by 'By.xpath: //button[contains(text()," Confirmer l'ajout")]' in '100' second(s)

14-02-2025T14:47:48 - [MESSAGE][INFO] - Clicking on object: 'Object Repository/ANEF_Eloignement_V_Nawres/Page_Ajouter_Decision/btn_Confirmer_Ajout_Decision'

14-02-2025T14:47:50 - [MESSAGE][PASSED] - Object: 'Object Repository/ANEF_Eloignement_V_Nawres/Page_Ajouter_Decision/btn_Confirmer_Ajout_Decision' is clicked on

14-02-2025T14:47:50 - [TEST_STEP][PASSED] - waitForElementClickable(findTestObject("Object Repository/ANEF_Eloignement_V_Nawres/Page_Ajouter_Decision/btn_Confirmer_Notification"), 20, STOP_ON_FAILURE): Object 'Object Repository/ANEF_Eloignement_V_Nawres/Page_Ajouter_Decision/btn_Confirmer_Notification' is clickable

14-02-2025T14:47:50 - [MESSAGE][INFO] - Finding Test Object 'Object Repository/ANEF_Eloignement_V_Nawres/Page_Ajouter_Decision/btn_Confirmer_Notification'

14-02-2025T14:47:50 - [MESSAGE][INFO] - Checking object

14-02-2025T14:47:50 - [MESSAGE][INFO] - Checking timeout

14-02-2025T14:47:50 - [MESSAGE][INFO] - Finding web element from Test Object's properties

14-02-2025T14:47:50 - [MESSAGE][INFO] - Checking timeout

14-02-2025T14:47:50 - [MESSAGE][INFO] - Finding web element with id: 'Object Repository/ANEF_Eloignement_V_Nawres/Page_Ajouter_Decision/btn_Confirmer_Notification' located by 'By.xpath: //button[contains(text(),"Confirmer la notification")]' in '20' second(s)

14-02-2025T14:47:50 - [MESSAGE][INFO] - Found 1 web elements with id: 'Object Repository/ANEF_Eloignement_V_Nawres/Page_Ajouter_Decision/btn_Confirmer_Notification' located by 'By.xpath: //button[contains(text(),"Confirmer la notification")]' in '20' second(s)

14-02-2025T14:47:51 - [MESSAGE][PASSED] - Object 'Object Repository/ANEF_Eloignement_V_Nawres/Page_Ajouter_Decision/btn_Confirmer_Notification' is clickable

14-02-2025T14:47:51 - [TEST_STEP][PASSED] - click(findTestObject("Object Repository/ANEF_Eloignement_V_Nawres/Page_Ajouter_Decision/btn_Confirmer_Notification"), STOP_ON_FAILURE): Object: 'Object Repository/ANEF_Eloignement_V_Nawres/Page_Ajouter_Decision/btn_Confirmer_Notification' is clicked on

14-02-2025T14:47:51 - [MESSAGE][INFO] - Finding Test Object 'Object Repository/ANEF_Eloignement_V_Nawres/Page_Ajouter_Decision/btn_Confirmer_Notification'

14-02-2025T14:47:51 - [MESSAGE][INFO] - Checking timeout

14-02-2025T14:47:51 - [MESSAGE][INFO] - Finding web element with id: 'Object Repository/ANEF_Eloignement_V_Nawres/Page_Ajouter_Decision/btn_Confirmer_Notification' located by 'By.xpath: //button[contains(text(),"Confirmer la notification")]' in '20' second(s)

14-02-2025T14:47:51 - [MESSAGE][INFO] - Found 1 web elements with id: 'Object Repository/ANEF_Eloignement_V_Nawres/Page_Ajouter_Decision/btn_Confirmer_Notification' located by 'By.xpath: //button[contains(text(),"Confirmer la notification")]' in '20' second(s)

14-02-2025T14:47:51 - [MESSAGE][INFO] - Checking object

14-02-2025T14:47:51 - [MESSAGE][INFO] - Checking timeout

14-02-2025T14:47:51 - [MESSAGE][INFO] - Finding web element from Test Object's properties

14-02-2025T14:47:51 - [MESSAGE][INFO] - Checking timeout

14-02-2025T14:47:51 - [MESSAGE][INFO] - Finding web element with id: 'Object Repository/ANEF_Eloignement_V_Nawres/Page_Ajouter_Decision/btn_Confirmer_Notification' located by 'By.xpath: //button[contains(text(),"Confirmer la notification")]' in '100' second(s)

14-02-2025T14:47:51 - [MESSAGE][INFO] - Found 1 web elements with id: 'Object Repository/ANEF_Eloignement_V_Nawres/Page_Ajouter_Decision/btn_Confirmer_Notification' located by 'By.xpath: //button[contains(text(),"Confirmer la notification")]' in '100' second(s)

14-02-2025T14:47:51 - [MESSAGE][INFO] - Clicking on object: 'Object Repository/ANEF_Eloignement_V_Nawres/Page_Ajouter_Decision/btn_Confirmer_Notification'

14-02-2025T14:47:52 - [MESSAGE][PASSED] - Object: 'Object Repository/ANEF_Eloignement_V_Nawres/Page_Ajouter_Decision/btn_Confirmer_Notification' is clicked on

14-02-2025T14:47:52 - [TEST_STEP][PASSED] - selectOptionByLabel(findTestObject("Object Repository/ANEF_Eloignement_V_Nawres/Page_Ajouter_Decision/select_Mode_Notification"), ModeNotification, false, STOP_ON_FAILURE): All options with label 'Voie postale' are selected in object 'Object Repository/ANEF_Eloignement_V_Nawres/Page_Ajouter_Decision/select_Mode_Notification' 

14-02-2025T14:47:52 - [MESSAGE][INFO] - Finding Test Object 'Object Repository/ANEF_Eloignement_V_Nawres/Page_Ajouter_Decision/select_Mode_Notification'

14-02-2025T14:47:52 - [MESSAGE][INFO] - Checking timeout

14-02-2025T14:47:52 - [MESSAGE][INFO] - Finding web element with id: 'Object Repository/ANEF_Eloignement_V_Nawres/Page_Ajouter_Decision/select_Mode_Notification' located by 'By.xpath: //app-notification-modal//form//app-dsfr-select/div/select[@id="mode_notification"]' in '20' second(s)

14-02-2025T14:47:52 - [MESSAGE][INFO] - Found 1 web elements with id: 'Object Repository/ANEF_Eloignement_V_Nawres/Page_Ajouter_Decision/select_Mode_Notification' located by 'By.xpath: //app-notification-modal//form//app-dsfr-select/div/select[@id="mode_notification"]' in '20' second(s)

14-02-2025T14:47:52 - [MESSAGE][INFO] - Checking object

14-02-2025T14:47:52 - [MESSAGE][INFO] - Checking label parameter

14-02-2025T14:47:52 - [MESSAGE][INFO] - Finding web element from Test Object's properties

14-02-2025T14:47:52 - [MESSAGE][INFO] - Checking timeout

14-02-2025T14:47:52 - [MESSAGE][INFO] - Finding web element with id: 'Object Repository/ANEF_Eloignement_V_Nawres/Page_Ajouter_Decision/select_Mode_Notification' located by 'By.xpath: //app-notification-modal//form//app-dsfr-select/div/select[@id="mode_notification"]' in '100' second(s)

14-02-2025T14:47:52 - [MESSAGE][INFO] - Found 1 web elements with id: 'Object Repository/ANEF_Eloignement_V_Nawres/Page_Ajouter_Decision/select_Mode_Notification' located by 'By.xpath: //app-notification-modal//form//app-dsfr-select/div/select[@id="mode_notification"]' in '100' second(s)

14-02-2025T14:47:52 - [MESSAGE][INFO] - Selecting options on object 'Object Repository/ANEF_Eloignement_V_Nawres/Page_Ajouter_Decision/select_Mode_Notification' with label 'Voie postale' 

14-02-2025T14:47:53 - [MESSAGE][PASSED] - All options with label 'Voie postale' are selected in object 'Object Repository/ANEF_Eloignement_V_Nawres/Page_Ajouter_Decision/select_Mode_Notification' 

14-02-2025T14:47:53 - [TEST_STEP][PASSED] - setText(findTestObject("Object Repository/ANEF_Eloignement_V_Nawres/Page_Ajouter_Decision/input_Date_Notification"), DateActuelle, STOP_ON_FAILURE): Text '14/02/2025' is set on object 'Object Repository/ANEF_Eloignement_V_Nawres/Page_Ajouter_Decision/input_Date_Notification'

14-02-2025T14:47:53 - [MESSAGE][INFO] - Finding Test Object 'Object Repository/ANEF_Eloignement_V_Nawres/Page_Ajouter_Decision/input_Date_Notification'

14-02-2025T14:47:53 - [MESSAGE][INFO] - Checking timeout

14-02-2025T14:47:53 - [MESSAGE][INFO] - Finding web element with id: 'Object Repository/ANEF_Eloignement_V_Nawres/Page_Ajouter_Decision/input_Date_Notification' located by 'By.xpath: //app-notification-modal//form//app-dsfr-input/div/input[@name="date_notification"]' in '20' second(s)

14-02-2025T14:47:53 - [MESSAGE][INFO] - Found 1 web elements with id: 'Object Repository/ANEF_Eloignement_V_Nawres/Page_Ajouter_Decision/input_Date_Notification' located by 'By.xpath: //app-notification-modal//form//app-dsfr-input/div/input[@name="date_notification"]' in '20' second(s)

14-02-2025T14:47:53 - [MESSAGE][INFO] - Checking object

14-02-2025T14:47:53 - [MESSAGE][INFO] - Checking text

14-02-2025T14:47:53 - [MESSAGE][INFO] - Finding web element from Test Object's properties

14-02-2025T14:47:53 - [MESSAGE][INFO] - Checking timeout

14-02-2025T14:47:53 - [MESSAGE][INFO] - Finding web element with id: 'Object Repository/ANEF_Eloignement_V_Nawres/Page_Ajouter_Decision/input_Date_Notification' located by 'By.xpath: //app-notification-modal//form//app-dsfr-input/div/input[@name="date_notification"]' in '100' second(s)

14-02-2025T14:47:53 - [MESSAGE][INFO] - Found 1 web elements with id: 'Object Repository/ANEF_Eloignement_V_Nawres/Page_Ajouter_Decision/input_Date_Notification' located by 'By.xpath: //app-notification-modal//form//app-dsfr-input/div/input[@name="date_notification"]' in '100' second(s)

14-02-2025T14:47:53 - [MESSAGE][INFO] - Clearing text of object 'Object Repository/ANEF_Eloignement_V_Nawres/Page_Ajouter_Decision/input_Date_Notification'

14-02-2025T14:47:54 - [MESSAGE][INFO] - Finding web element from Test Object's properties

14-02-2025T14:47:54 - [MESSAGE][INFO] - Checking timeout

14-02-2025T14:47:54 - [MESSAGE][INFO] - Finding web element with id: 'Object Repository/ANEF_Eloignement_V_Nawres/Page_Ajouter_Decision/input_Date_Notification' located by 'By.xpath: //app-notification-modal//form//app-dsfr-input/div/input[@name="date_notification"]' in '100' second(s)

14-02-2025T14:47:54 - [MESSAGE][INFO] - Found 1 web elements with id: 'Object Repository/ANEF_Eloignement_V_Nawres/Page_Ajouter_Decision/input_Date_Notification' located by 'By.xpath: //app-notification-modal//form//app-dsfr-input/div/input[@name="date_notification"]' in '100' second(s)

14-02-2025T14:47:54 - [MESSAGE][INFO] - Setting text of object 'Object Repository/ANEF_Eloignement_V_Nawres/Page_Ajouter_Decision/input_Date_Notification' to value '14/02/2025'

14-02-2025T14:47:55 - [MESSAGE][PASSED] - Text '14/02/2025' is set on object 'Object Repository/ANEF_Eloignement_V_Nawres/Page_Ajouter_Decision/input_Date_Notification'

14-02-2025T14:47:55 - [TEST_STEP][PASSED] - if (ModeNotification == "Voie administrative"): null

14-02-2025T14:47:55 - [TEST_STEP][PASSED] - uploadFile(findTestObject("Object Repository/ANEF_Eloignement_V_Nawres/Page_Ajouter_Decision/input_Ajouter_Fichier_Notification"), getProjectDir() + "/Data Files/Fichier_Test.pdf"): File 'C:/Users/nbenjemi/Katalon Studio/ANEF-ELOIGNEMENT-20250121/ANEF-ELOIGNEMENT-20250121/Data Files/Fichier_Test.pdf' sent to object: 'Object Repository/ANEF_Eloignement_V_Nawres/Page_Ajouter_Decision/input_Ajouter_Fichier_Notification'

14-02-2025T14:47:55 - [MESSAGE][INFO] - Finding Test Object 'Object Repository/ANEF_Eloignement_V_Nawres/Page_Ajouter_Decision/input_Ajouter_Fichier_Notification'

14-02-2025T14:47:55 - [MESSAGE][INFO] - Checking object

14-02-2025T14:47:55 - [MESSAGE][INFO] - Uploading file 'C:/Users/nbenjemi/Katalon Studio/ANEF-ELOIGNEMENT-20250121/ANEF-ELOIGNEMENT-20250121/Data Files/Fichier_Test.pdf' to object: 'Object Repository/ANEF_Eloignement_V_Nawres/Page_Ajouter_Decision/input_Ajouter_Fichier_Notification'

14-02-2025T14:47:55 - [MESSAGE][INFO] - Finding web element from Test Object's properties

14-02-2025T14:47:55 - [MESSAGE][INFO] - Checking timeout

14-02-2025T14:47:55 - [MESSAGE][INFO] - Finding web element with id: 'Object Repository/ANEF_Eloignement_V_Nawres/Page_Ajouter_Decision/input_Ajouter_Fichier_Notification' located by 'By.xpath: //app-notification-modal//form//app-dsfr-piece-jointe//input' in '100' second(s)

14-02-2025T14:47:55 - [MESSAGE][INFO] - Found 1 web elements with id: 'Object Repository/ANEF_Eloignement_V_Nawres/Page_Ajouter_Decision/input_Ajouter_Fichier_Notification' located by 'By.xpath: //app-notification-modal//form//app-dsfr-piece-jointe//input' in '100' second(s)

14-02-2025T14:47:56 - [MESSAGE][PASSED] - File 'C:/Users/nbenjemi/Katalon Studio/ANEF-ELOIGNEMENT-20250121/ANEF-ELOIGNEMENT-20250121/Data Files/Fichier_Test.pdf' sent to object: 'Object Repository/ANEF_Eloignement_V_Nawres/Page_Ajouter_Decision/input_Ajouter_Fichier_Notification'

14-02-2025T14:47:56 - [TEST_STEP][PASSED] - scrollToElement(findTestObject("Object Repository/ANEF_Eloignement_V_Nawres/Page_Ajouter_Decision/btn_Confirmer_Ajout_Notification"), 5, STOP_ON_FAILURE): Scroll to object 'Object Repository/ANEF_Eloignement_V_Nawres/Page_Ajouter_Decision/btn_Confirmer_Ajout_Notification' successfully

14-02-2025T14:47:56 - [MESSAGE][INFO] - Finding Test Object 'Object Repository/ANEF_Eloignement_V_Nawres/Page_Ajouter_Decision/btn_Confirmer_Ajout_Notification'

14-02-2025T14:47:56 - [MESSAGE][INFO] - Checking object

14-02-2025T14:47:56 - [MESSAGE][INFO] - Checking timeout

14-02-2025T14:47:56 - [MESSAGE][INFO] - Finding web element from Test Object's properties

14-02-2025T14:47:56 - [MESSAGE][INFO] - Checking timeout

14-02-2025T14:47:56 - [MESSAGE][INFO] - Finding web element with id: 'Object Repository/ANEF_Eloignement_V_Nawres/Page_Ajouter_Decision/btn_Confirmer_Ajout_Notification' located by 'By.xpath: //app-notification-modal//button[contains(text(),"Confirmer l'ajout")]' in '100' second(s)

14-02-2025T14:47:57 - [MESSAGE][INFO] - Found 1 web elements with id: 'Object Repository/ANEF_Eloignement_V_Nawres/Page_Ajouter_Decision/btn_Confirmer_Ajout_Notification' located by 'By.xpath: //app-notification-modal//button[contains(text(),"Confirmer l'ajout")]' in '100' second(s)

14-02-2025T14:47:57 - [MESSAGE][INFO] - Scrolling to object 'Object Repository/ANEF_Eloignement_V_Nawres/Page_Ajouter_Decision/btn_Confirmer_Ajout_Notification'

14-02-2025T14:47:57 - [MESSAGE][PASSED] - Scroll to object 'Object Repository/ANEF_Eloignement_V_Nawres/Page_Ajouter_Decision/btn_Confirmer_Ajout_Notification' successfully

14-02-2025T14:47:57 - [TEST_STEP][PASSED] - click(findTestObject("Object Repository/ANEF_Eloignement_V_Nawres/Page_Ajouter_Decision/btn_Confirmer_Ajout_Notification"), STOP_ON_FAILURE): Object: 'Object Repository/ANEF_Eloignement_V_Nawres/Page_Ajouter_Decision/btn_Confirmer_Ajout_Notification' is clicked on

14-02-2025T14:47:57 - [MESSAGE][INFO] - Finding Test Object 'Object Repository/ANEF_Eloignement_V_Nawres/Page_Ajouter_Decision/btn_Confirmer_Ajout_Notification'

14-02-2025T14:47:57 - [MESSAGE][INFO] - Checking timeout

14-02-2025T14:47:57 - [MESSAGE][INFO] - Finding web element with id: 'Object Repository/ANEF_Eloignement_V_Nawres/Page_Ajouter_Decision/btn_Confirmer_Ajout_Notification' located by 'By.xpath: //app-notification-modal//button[contains(text(),"Confirmer l'ajout")]' in '20' second(s)

14-02-2025T14:47:57 - [MESSAGE][INFO] - Found 1 web elements with id: 'Object Repository/ANEF_Eloignement_V_Nawres/Page_Ajouter_Decision/btn_Confirmer_Ajout_Notification' located by 'By.xpath: //app-notification-modal//button[contains(text(),"Confirmer l'ajout")]' in '20' second(s)

14-02-2025T14:47:57 - [MESSAGE][INFO] - Checking object

14-02-2025T14:47:57 - [MESSAGE][INFO] - Checking timeout

14-02-2025T14:47:57 - [MESSAGE][INFO] - Finding web element from Test Object's properties

14-02-2025T14:47:57 - [MESSAGE][INFO] - Checking timeout

14-02-2025T14:47:57 - [MESSAGE][INFO] - Finding web element with id: 'Object Repository/ANEF_Eloignement_V_Nawres/Page_Ajouter_Decision/btn_Confirmer_Ajout_Notification' located by 'By.xpath: //app-notification-modal//button[contains(text(),"Confirmer l'ajout")]' in '100' second(s)

14-02-2025T14:47:57 - [MESSAGE][INFO] - Found 1 web elements with id: 'Object Repository/ANEF_Eloignement_V_Nawres/Page_Ajouter_Decision/btn_Confirmer_Ajout_Notification' located by 'By.xpath: //app-notification-modal//button[contains(text(),"Confirmer l'ajout")]' in '100' second(s)

14-02-2025T14:47:57 - [MESSAGE][INFO] - Clicking on object: 'Object Repository/ANEF_Eloignement_V_Nawres/Page_Ajouter_Decision/btn_Confirmer_Ajout_Notification'

14-02-2025T14:47:58 - [MESSAGE][PASSED] - Object: 'Object Repository/ANEF_Eloignement_V_Nawres/Page_Ajouter_Decision/btn_Confirmer_Ajout_Notification' is clicked on

14-02-2025T14:47:58 - [TEST_STEP][PASSED] - waitForElementClickable(findTestObject("Object Repository/ANEF_Eloignement_V_Nawres/Page_Ajouter_Decision/btn_Enregistrer"), 7, STOP_ON_FAILURE): Object 'Object Repository/ANEF_Eloignement_V_Nawres/Page_Ajouter_Decision/btn_Enregistrer' is clickable

14-02-2025T14:47:58 - [MESSAGE][INFO] - Finding Test Object 'Object Repository/ANEF_Eloignement_V_Nawres/Page_Ajouter_Decision/btn_Enregistrer'

14-02-2025T14:47:58 - [MESSAGE][INFO] - Checking object

14-02-2025T14:47:58 - [MESSAGE][INFO] - Checking timeout

14-02-2025T14:47:58 - [MESSAGE][INFO] - Finding web element from Test Object's properties

14-02-2025T14:47:58 - [MESSAGE][INFO] - Checking timeout

14-02-2025T14:47:58 - [MESSAGE][INFO] - Finding web element with id: 'Object Repository/ANEF_Eloignement_V_Nawres/Page_Ajouter_Decision/btn_Enregistrer' located by 'By.xpath: //button[contains(text(),"Enregistrer")]' in '7' second(s)

14-02-2025T14:47:58 - [MESSAGE][INFO] - Found 1 web elements with id: 'Object Repository/ANEF_Eloignement_V_Nawres/Page_Ajouter_Decision/btn_Enregistrer' located by 'By.xpath: //button[contains(text(),"Enregistrer")]' in '7' second(s)

14-02-2025T14:47:58 - [MESSAGE][PASSED] - Object 'Object Repository/ANEF_Eloignement_V_Nawres/Page_Ajouter_Decision/btn_Enregistrer' is clickable

14-02-2025T14:47:58 - [MESSAGE][PASSED] - Call Test Case 'Test Cases/Test Reutilisable/Main/ANEF_Eloignement_V_Nawres/ANEF_Ajouter_Decision' successfully

14-02-2025T14:48:00 - [TEST_STEP][PASSED] - Video: Video recording for test case 'Test Cases/Cas D Utilisations/ANEF_Eloignement_V_Nawres/TC_ANEF_Eloignement' .

14-02-2025T14:48:00 - [MESSAGE][INFO] - Video recording for test case 'Test Cases/Cas D Utilisations/ANEF_Eloignement_V_Nawres/TC_ANEF_Eloignement' .]]></system-out>
         <system-err><![CDATA[]]></system-err>
      </testcase>
      <testcase name="Test Cases/Cas D Utilisations/ANEF_Eloignement_V_Nawres/TC_ANEF_Eloignement" time="117.898" classname="Test Cases/Cas D Utilisations/ANEF_Eloignement_V_Nawres/TC_ANEF_Eloignement" status="PASSED">
         <system-out><![CDATA[14-02-2025T14:48:00 - [TEST_CASE][PASSED] - Test Cases/Cas D Utilisations/ANEF_Eloignement_V_Nawres/TC_ANEF_Eloignement: Test Cases/Cas D Utilisations/ANEF_Eloignement_V_Nawres/TC_ANEF_Eloignement

14-02-2025T14:48:00 - [TEST_STEP][PASSED] - callTestCase(findTestCase("Test Cases/Test Reutilisable/Main/ANEF_Eloignement_V_Nawres/ANEF_Lancer_URL_ANEF"), ["Profiles":Profiles, "EnvExec":EnvExec], STOP_ON_FAILURE): Call Test Case 'Test Cases/Test Reutilisable/Main/ANEF_Eloignement_V_Nawres/ANEF_Lancer_URL_ANEF' successfully

14-02-2025T14:48:00 - [MESSAGE][INFO] - Checking called Test Case

14-02-2025T14:48:00 - [MESSAGE][INFO] - Starting to call Test Case 'Test Cases/Test Reutilisable/Main/ANEF_Eloignement_V_Nawres/ANEF_Lancer_URL_ANEF'

14-02-2025T14:48:00 - [TEST_CASE][PASSED] - Test Cases/Test Reutilisable/Main/ANEF_Eloignement_V_Nawres/ANEF_Lancer_URL_ANEF: Test Cases/Test Reutilisable/Main/ANEF_Eloignement_V_Nawres/ANEF_Lancer_URL_ANEF

14-02-2025T14:48:00 - [TEST_STEP][PASSED] - "Call Highlight.on() automatically": null

14-02-2025T14:48:00 - [TEST_STEP][PASSED] - projDir = getProjectDir(): null

14-02-2025T14:48:00 - [TEST_STEP][PASSED] - RunBrowserConfiguration = getExecutionProperties(): null

14-02-2025T14:48:00 - [TEST_STEP][PASSED] - DriverName = get("WebUI").get("browserType"): null

14-02-2025T14:48:00 - [TEST_STEP][PASSED] - println("DriverName :" + DriverName): null

14-02-2025T14:48:00 - [TEST_STEP][PASSED] - println("Driverpath :" + RunBrowserConfiguration.get("drivers")): null

14-02-2025T14:48:00 - [TEST_STEP][PASSED] - if (Profiles == "Usager"): null

14-02-2025T14:48:00 - [TEST_STEP][PASSED] - if (Profiles == "Agent"): Current window maximized

14-02-2025T14:48:00 - [TEST_STEP][PASSED] - if (EnvExec == "URLPortailAgentQualif"): Browser is opened with url: 'https://qualification.siaef.dgef.interieur.gouv.fr/sejour/#/accueil'

14-02-2025T14:48:00 - [TEST_STEP][PASSED] - openBrowser(URLPortailAgentQualif): Browser is opened with url: 'https://qualification.siaef.dgef.interieur.gouv.fr/sejour/#/accueil'

14-02-2025T14:48:00 - [MESSAGE][INFO] - Opening browser

14-02-2025T14:48:00 - [MESSAGE][WARNING] - A browser is already opened. Closing browser and opening a new one

14-02-2025T14:48:01 - [MESSAGE][INFO] - Starting 'Chrome' driver

14-02-2025T14:48:01 - [MESSAGE][INFO] - User set preference: ['args', '[--incognito, --disable-search-engine-choice-screen, --enable-automation, --disable-save-password-bubble, --start-maximized, --remote-allow-origins=*]']

14-02-2025T14:48:01 - [MESSAGE][INFO] - User set preference: ['prefs', '{download.default_directory=${GlobalVariable.downloadPath}, download_dir=${GlobalVariable.downloadPath}, download.prompt_for_download=false}']

14-02-2025T14:48:01 - [MESSAGE][INFO] - User set preference: ['loggingPrefs', '{browser=ALL}']

14-02-2025T14:48:01 - [MESSAGE][INFO] - Action delay is set to 1â€¯000 milliseconds

14-02-2025T14:48:03 - [MESSAGE][INFO] - Navigating browser to: 'https://qualification.siaef.dgef.interieur.gouv.fr/sejour/#/accueil'

14-02-2025T14:48:05 - [MESSAGE][PASSED] - Browser is opened with url: 'https://qualification.siaef.dgef.interieur.gouv.fr/sejour/#/accueil'

14-02-2025T14:48:05 - [TEST_STEP][PASSED] - if (EnvExec == "URLPortailAgentPreProd"): null

14-02-2025T14:48:05 - [TEST_STEP][PASSED] - maximizeWindow(): Current window maximized

14-02-2025T14:48:05 - [MESSAGE][INFO] - Maximizing current window

14-02-2025T14:48:05 - [MESSAGE][PASSED] - Current window maximized

14-02-2025T14:48:05 - [MESSAGE][PASSED] - Call Test Case 'Test Cases/Test Reutilisable/Main/ANEF_Eloignement_V_Nawres/ANEF_Lancer_URL_ANEF' successfully

14-02-2025T14:48:05 - [TEST_STEP][PASSED] - callTestCase(findTestCase("Test Cases/Test Reutilisable/Main/ANEF_Eloignement_V_Nawres/ANEF_Identification"), ["Profiles":Profiles, "IdentifiantAgent":IdentifiantAgent, "PwAgent":PwAgent, "EnvExec":EnvExec], STOP_ON_FAILURE): Call Test Case 'Test Cases/Test Reutilisable/Main/ANEF_Eloignement_V_Nawres/ANEF_Identification' successfully

14-02-2025T14:48:05 - [MESSAGE][INFO] - Checking called Test Case

14-02-2025T14:48:05 - [MESSAGE][INFO] - Starting to call Test Case 'Test Cases/Test Reutilisable/Main/ANEF_Eloignement_V_Nawres/ANEF_Identification'

14-02-2025T14:48:05 - [TEST_CASE][PASSED] - Test Cases/Test Reutilisable/Main/ANEF_Eloignement_V_Nawres/ANEF_Identification: Test Cases/Test Reutilisable/Main/ANEF_Eloignement_V_Nawres/ANEF_Identification

14-02-2025T14:48:05 - [TEST_STEP][PASSED] - com.kazurayam.ksbackyard.HighlightElement.pandemic(): com.kazurayam.ksbackyard.HighlightElement.pandemic is PASSED

14-02-2025T14:48:05 - [MESSAGE][PASSED] - com.kazurayam.ksbackyard.HighlightElement.pandemic is PASSED

14-02-2025T14:48:05 - [TEST_STEP][PASSED] - if (Profiles == "Usager"): null

14-02-2025T14:48:05 - [TEST_STEP][PASSED] - if (Profiles == "Agent"): Object: 'Object Repository/ANEF_Eloignement_V_Nawres/Page_ANEF_Connexion/btn_Valider_Conx_Agent' is clicked on

14-02-2025T14:48:05 - [TEST_STEP][PASSED] - if (EnvExec == "URLPortailAgentQualif"): Text 'Natali12345!' is set on object 'Object Repository/ANEF_Eloignement_V_Nawres/Page_ANEF_Connexion/Input_PasswordAgent'

14-02-2025T14:48:05 - [TEST_STEP][PASSED] - setText(findTestObject("Object Repository/ANEF_Eloignement_V_Nawres/Page_ANEF_Connexion/Input_UserNameAgent"), IdentifiantAgent): Text 'test.gpe+32@outlook.fr' is set on object 'Object Repository/ANEF_Eloignement_V_Nawres/Page_ANEF_Connexion/Input_UserNameAgent'

14-02-2025T14:48:05 - [MESSAGE][INFO] - Finding Test Object 'Object Repository/ANEF_Eloignement_V_Nawres/Page_ANEF_Connexion/Input_UserNameAgent'

14-02-2025T14:48:05 - [MESSAGE][INFO] - Checking timeout

14-02-2025T14:48:05 - [MESSAGE][INFO] - Finding web element with id: 'Object Repository/ANEF_Eloignement_V_Nawres/Page_ANEF_Connexion/Input_UserNameAgent' located by 'By.xpath: //*[@aria-labelledby="username-label"]|//*[@id="login"]' in '20' second(s)

14-02-2025T14:48:05 - [MESSAGE][INFO] - Found 1 web elements with id: 'Object Repository/ANEF_Eloignement_V_Nawres/Page_ANEF_Connexion/Input_UserNameAgent' located by 'By.xpath: //*[@aria-labelledby="username-label"]|//*[@id="login"]' in '20' second(s)

14-02-2025T14:48:05 - [MESSAGE][INFO] - Checking object

14-02-2025T14:48:05 - [MESSAGE][INFO] - Checking text

14-02-2025T14:48:05 - [MESSAGE][INFO] - Finding web element from Test Object's properties

14-02-2025T14:48:05 - [MESSAGE][INFO] - Checking timeout

14-02-2025T14:48:05 - [MESSAGE][INFO] - Finding web element with id: 'Object Repository/ANEF_Eloignement_V_Nawres/Page_ANEF_Connexion/Input_UserNameAgent' located by 'By.xpath: //*[@aria-labelledby="username-label"]|//*[@id="login"]' in '100' second(s)

14-02-2025T14:48:05 - [MESSAGE][INFO] - Found 1 web elements with id: 'Object Repository/ANEF_Eloignement_V_Nawres/Page_ANEF_Connexion/Input_UserNameAgent' located by 'By.xpath: //*[@aria-labelledby="username-label"]|//*[@id="login"]' in '100' second(s)

14-02-2025T14:48:05 - [MESSAGE][INFO] - Clearing text of object 'Object Repository/ANEF_Eloignement_V_Nawres/Page_ANEF_Connexion/Input_UserNameAgent'

14-02-2025T14:48:06 - [MESSAGE][INFO] - Finding web element from Test Object's properties

14-02-2025T14:48:06 - [MESSAGE][INFO] - Checking timeout

14-02-2025T14:48:06 - [MESSAGE][INFO] - Finding web element with id: 'Object Repository/ANEF_Eloignement_V_Nawres/Page_ANEF_Connexion/Input_UserNameAgent' located by 'By.xpath: //*[@aria-labelledby="username-label"]|//*[@id="login"]' in '100' second(s)

14-02-2025T14:48:06 - [MESSAGE][INFO] - Found 1 web elements with id: 'Object Repository/ANEF_Eloignement_V_Nawres/Page_ANEF_Connexion/Input_UserNameAgent' located by 'By.xpath: //*[@aria-labelledby="username-label"]|//*[@id="login"]' in '100' second(s)

14-02-2025T14:48:06 - [MESSAGE][INFO] - Setting text of object 'Object Repository/ANEF_Eloignement_V_Nawres/Page_ANEF_Connexion/Input_UserNameAgent' to value 'test.gpe+32@outlook.fr'

14-02-2025T14:48:07 - [MESSAGE][PASSED] - Text 'test.gpe+32@outlook.fr' is set on object 'Object Repository/ANEF_Eloignement_V_Nawres/Page_ANEF_Connexion/Input_UserNameAgent'

14-02-2025T14:48:07 - [TEST_STEP][PASSED] - setText(findTestObject("Object Repository/ANEF_Eloignement_V_Nawres/Page_ANEF_Connexion/Input_PasswordAgent"), PwAgent): Text 'Natali12345!' is set on object 'Object Repository/ANEF_Eloignement_V_Nawres/Page_ANEF_Connexion/Input_PasswordAgent'

14-02-2025T14:48:07 - [MESSAGE][INFO] - Finding Test Object 'Object Repository/ANEF_Eloignement_V_Nawres/Page_ANEF_Connexion/Input_PasswordAgent'

14-02-2025T14:48:07 - [MESSAGE][INFO] - Checking timeout

14-02-2025T14:48:07 - [MESSAGE][INFO] - Finding web element with id: 'Object Repository/ANEF_Eloignement_V_Nawres/Page_ANEF_Connexion/Input_PasswordAgent' located by 'By.xpath: //*[@aria-labelledby="password-label"]|//*[@id="password"]' in '20' second(s)

14-02-2025T14:48:07 - [MESSAGE][INFO] - Found 1 web elements with id: 'Object Repository/ANEF_Eloignement_V_Nawres/Page_ANEF_Connexion/Input_PasswordAgent' located by 'By.xpath: //*[@aria-labelledby="password-label"]|//*[@id="password"]' in '20' second(s)

14-02-2025T14:48:08 - [MESSAGE][INFO] - Checking object

14-02-2025T14:48:08 - [MESSAGE][INFO] - Checking text

14-02-2025T14:48:08 - [MESSAGE][INFO] - Finding web element from Test Object's properties

14-02-2025T14:48:08 - [MESSAGE][INFO] - Checking timeout

14-02-2025T14:48:08 - [MESSAGE][INFO] - Finding web element with id: 'Object Repository/ANEF_Eloignement_V_Nawres/Page_ANEF_Connexion/Input_PasswordAgent' located by 'By.xpath: //*[@aria-labelledby="password-label"]|//*[@id="password"]' in '100' second(s)

14-02-2025T14:48:08 - [MESSAGE][INFO] - Found 1 web elements with id: 'Object Repository/ANEF_Eloignement_V_Nawres/Page_ANEF_Connexion/Input_PasswordAgent' located by 'By.xpath: //*[@aria-labelledby="password-label"]|//*[@id="password"]' in '100' second(s)

14-02-2025T14:48:08 - [MESSAGE][INFO] - Clearing text of object 'Object Repository/ANEF_Eloignement_V_Nawres/Page_ANEF_Connexion/Input_PasswordAgent'

14-02-2025T14:48:09 - [MESSAGE][INFO] - Finding web element from Test Object's properties

14-02-2025T14:48:09 - [MESSAGE][INFO] - Checking timeout

14-02-2025T14:48:09 - [MESSAGE][INFO] - Finding web element with id: 'Object Repository/ANEF_Eloignement_V_Nawres/Page_ANEF_Connexion/Input_PasswordAgent' located by 'By.xpath: //*[@aria-labelledby="password-label"]|//*[@id="password"]' in '100' second(s)

14-02-2025T14:48:09 - [MESSAGE][INFO] - Found 1 web elements with id: 'Object Repository/ANEF_Eloignement_V_Nawres/Page_ANEF_Connexion/Input_PasswordAgent' located by 'By.xpath: //*[@aria-labelledby="password-label"]|//*[@id="password"]' in '100' second(s)

14-02-2025T14:48:09 - [MESSAGE][INFO] - Setting text of object 'Object Repository/ANEF_Eloignement_V_Nawres/Page_ANEF_Connexion/Input_PasswordAgent' to value 'Natali12345!'

14-02-2025T14:48:10 - [MESSAGE][PASSED] - Text 'Natali12345!' is set on object 'Object Repository/ANEF_Eloignement_V_Nawres/Page_ANEF_Connexion/Input_PasswordAgent'

14-02-2025T14:48:10 - [TEST_STEP][PASSED] - if (EnvExec == "URLPortailAgentPreProd"): null

14-02-2025T14:48:10 - [TEST_STEP][PASSED] - click(findTestObject("Object Repository/ANEF_Eloignement_V_Nawres/Page_ANEF_Connexion/btn_Valider_Conx_Agent")): Object: 'Object Repository/ANEF_Eloignement_V_Nawres/Page_ANEF_Connexion/btn_Valider_Conx_Agent' is clicked on

14-02-2025T14:48:10 - [MESSAGE][INFO] - Finding Test Object 'Object Repository/ANEF_Eloignement_V_Nawres/Page_ANEF_Connexion/btn_Valider_Conx_Agent'

14-02-2025T14:48:10 - [MESSAGE][INFO] - Checking timeout

14-02-2025T14:48:10 - [MESSAGE][INFO] - Finding web element with id: 'Object Repository/ANEF_Eloignement_V_Nawres/Page_ANEF_Connexion/btn_Valider_Conx_Agent' located by 'By.xpath: //*[@label="Valider"]|//*[@id="btn-login"]' in '20' second(s)

14-02-2025T14:48:10 - [MESSAGE][INFO] - Found 1 web elements with id: 'Object Repository/ANEF_Eloignement_V_Nawres/Page_ANEF_Connexion/btn_Valider_Conx_Agent' located by 'By.xpath: //*[@label="Valider"]|//*[@id="btn-login"]' in '20' second(s)

14-02-2025T14:48:10 - [MESSAGE][INFO] - Checking object

14-02-2025T14:48:10 - [MESSAGE][INFO] - Checking timeout

14-02-2025T14:48:10 - [MESSAGE][INFO] - Finding web element from Test Object's properties

14-02-2025T14:48:10 - [MESSAGE][INFO] - Checking timeout

14-02-2025T14:48:10 - [MESSAGE][INFO] - Finding web element with id: 'Object Repository/ANEF_Eloignement_V_Nawres/Page_ANEF_Connexion/btn_Valider_Conx_Agent' located by 'By.xpath: //*[@label="Valider"]|//*[@id="btn-login"]' in '100' second(s)

14-02-2025T14:48:10 - [MESSAGE][INFO] - Found 1 web elements with id: 'Object Repository/ANEF_Eloignement_V_Nawres/Page_ANEF_Connexion/btn_Valider_Conx_Agent' located by 'By.xpath: //*[@label="Valider"]|//*[@id="btn-login"]' in '100' second(s)

14-02-2025T14:48:10 - [MESSAGE][INFO] - Clicking on object: 'Object Repository/ANEF_Eloignement_V_Nawres/Page_ANEF_Connexion/btn_Valider_Conx_Agent'

14-02-2025T14:48:11 - [MESSAGE][PASSED] - Object: 'Object Repository/ANEF_Eloignement_V_Nawres/Page_ANEF_Connexion/btn_Valider_Conx_Agent' is clicked on

14-02-2025T14:48:11 - [TEST_STEP][PASSED] - delay(5): Delayed 5 second(s)

14-02-2025T14:48:11 - [MESSAGE][INFO] - Delaying browser in 5 second(s)

14-02-2025T14:48:16 - [MESSAGE][PASSED] - Delayed 5 second(s)

14-02-2025T14:48:16 - [TEST_STEP][PASSED] - verifyElementPresent(findTestObject("Object Repository/ANEF_Eloignement_V_Nawres/Page_Accueil_Principale/btn_ANEF_Eloignement"), 1, STOP_ON_FAILURE): Object 'Object Repository/ANEF_Eloignement_V_Nawres/Page_Accueil_Principale/btn_ANEF_Eloignement' is present

14-02-2025T14:48:16 - [MESSAGE][INFO] - Finding Test Object 'Object Repository/ANEF_Eloignement_V_Nawres/Page_Accueil_Principale/btn_ANEF_Eloignement'

14-02-2025T14:48:16 - [MESSAGE][INFO] - Checking object

14-02-2025T14:48:16 - [MESSAGE][INFO] - Finding web element from Test Object's properties

14-02-2025T14:48:16 - [MESSAGE][INFO] - Checking timeout

14-02-2025T14:48:16 - [MESSAGE][INFO] - Finding web element with id: 'Object Repository/ANEF_Eloignement_V_Nawres/Page_Accueil_Principale/btn_ANEF_Eloignement' located by 'By.xpath: //span[contains(text()," ANEF Ã©loignement ")]' in '1' second(s)

14-02-2025T14:48:16 - [MESSAGE][INFO] - Found 1 web elements with id: 'Object Repository/ANEF_Eloignement_V_Nawres/Page_Accueil_Principale/btn_ANEF_Eloignement' located by 'By.xpath: //span[contains(text()," ANEF Ã©loignement ")]' in '1' second(s)

14-02-2025T14:48:16 - [MESSAGE][PASSED] - Object 'Object Repository/ANEF_Eloignement_V_Nawres/Page_Accueil_Principale/btn_ANEF_Eloignement' is present

14-02-2025T14:48:16 - [MESSAGE][PASSED] - Call Test Case 'Test Cases/Test Reutilisable/Main/ANEF_Eloignement_V_Nawres/ANEF_Identification' successfully

14-02-2025T14:48:16 - [TEST_STEP][PASSED] - callTestCase(findTestCase("Test Cases/Test Reutilisable/Main/ANEF_Eloignement_V_Nawres/ANEF_Creation_ou_Recherche_Dossier"), ["CreationOuRecherche":CreationOuRecherche, "NumeroEtranger":NumeroEtranger], STOP_ON_FAILURE): Call Test Case 'Test Cases/Test Reutilisable/Main/ANEF_Eloignement_V_Nawres/ANEF_Creation_ou_Recherche_Dossier' successfully

14-02-2025T14:48:16 - [MESSAGE][INFO] - Checking called Test Case

14-02-2025T14:48:16 - [MESSAGE][INFO] - Starting to call Test Case 'Test Cases/Test Reutilisable/Main/ANEF_Eloignement_V_Nawres/ANEF_Creation_ou_Recherche_Dossier'

14-02-2025T14:48:16 - [TEST_CASE][PASSED] - Test Cases/Test Reutilisable/Main/ANEF_Eloignement_V_Nawres/ANEF_Creation_ou_Recherche_Dossier: Test Cases/Test Reutilisable/Main/ANEF_Eloignement_V_Nawres/ANEF_Creation_ou_Recherche_Dossier

14-02-2025T14:48:16 - [TEST_STEP][PASSED] - click(findTestObject("Object Repository/ANEF_Eloignement_V_Nawres/Page_Accueil_Principale/btn_ANEF_Eloignement")): Object: 'Object Repository/ANEF_Eloignement_V_Nawres/Page_Accueil_Principale/btn_ANEF_Eloignement' is clicked on

14-02-2025T14:48:16 - [MESSAGE][INFO] - Finding Test Object 'Object Repository/ANEF_Eloignement_V_Nawres/Page_Accueil_Principale/btn_ANEF_Eloignement'

14-02-2025T14:48:16 - [MESSAGE][INFO] - Checking timeout

14-02-2025T14:48:16 - [MESSAGE][INFO] - Finding web element with id: 'Object Repository/ANEF_Eloignement_V_Nawres/Page_Accueil_Principale/btn_ANEF_Eloignement' located by 'By.xpath: //span[contains(text()," ANEF Ã©loignement ")]' in '20' second(s)

14-02-2025T14:48:16 - [MESSAGE][INFO] - Found 1 web elements with id: 'Object Repository/ANEF_Eloignement_V_Nawres/Page_Accueil_Principale/btn_ANEF_Eloignement' located by 'By.xpath: //span[contains(text()," ANEF Ã©loignement ")]' in '20' second(s)

14-02-2025T14:48:16 - [MESSAGE][INFO] - Checking object

14-02-2025T14:48:16 - [MESSAGE][INFO] - Checking timeout

14-02-2025T14:48:16 - [MESSAGE][INFO] - Finding web element from Test Object's properties

14-02-2025T14:48:16 - [MESSAGE][INFO] - Checking timeout

14-02-2025T14:48:16 - [MESSAGE][INFO] - Finding web element with id: 'Object Repository/ANEF_Eloignement_V_Nawres/Page_Accueil_Principale/btn_ANEF_Eloignement' located by 'By.xpath: //span[contains(text()," ANEF Ã©loignement ")]' in '100' second(s)

14-02-2025T14:48:16 - [MESSAGE][INFO] - Found 1 web elements with id: 'Object Repository/ANEF_Eloignement_V_Nawres/Page_Accueil_Principale/btn_ANEF_Eloignement' located by 'By.xpath: //span[contains(text()," ANEF Ã©loignement ")]' in '100' second(s)

14-02-2025T14:48:16 - [MESSAGE][INFO] - Clicking on object: 'Object Repository/ANEF_Eloignement_V_Nawres/Page_Accueil_Principale/btn_ANEF_Eloignement'

14-02-2025T14:48:19 - [MESSAGE][PASSED] - Object: 'Object Repository/ANEF_Eloignement_V_Nawres/Page_Accueil_Principale/btn_ANEF_Eloignement' is clicked on

14-02-2025T14:48:19 - [TEST_STEP][PASSED] - verifyElementPresent(findTestObject("Object Repository/ANEF_Eloignement_V_Nawres/Page_Creation_ou_Recherche_Dossier/btn_Rechercher_Dossier"), 1, STOP_ON_FAILURE): Object 'Object Repository/ANEF_Eloignement_V_Nawres/Page_Creation_ou_Recherche_Dossier/btn_Rechercher_Dossier' is present

14-02-2025T14:48:19 - [MESSAGE][INFO] - Finding Test Object 'Object Repository/ANEF_Eloignement_V_Nawres/Page_Creation_ou_Recherche_Dossier/btn_Rechercher_Dossier'

14-02-2025T14:48:19 - [MESSAGE][INFO] - Checking object

14-02-2025T14:48:19 - [MESSAGE][INFO] - Finding web element from Test Object's properties

14-02-2025T14:48:19 - [MESSAGE][INFO] - Checking timeout

14-02-2025T14:48:19 - [MESSAGE][INFO] - Finding web element with id: 'Object Repository/ANEF_Eloignement_V_Nawres/Page_Creation_ou_Recherche_Dossier/btn_Rechercher_Dossier' located by 'By.xpath: //button[@title="Rechercher un dossier"]' in '1' second(s)

14-02-2025T14:48:19 - [MESSAGE][INFO] - Found 1 web elements with id: 'Object Repository/ANEF_Eloignement_V_Nawres/Page_Creation_ou_Recherche_Dossier/btn_Rechercher_Dossier' located by 'By.xpath: //button[@title="Rechercher un dossier"]' in '1' second(s)

14-02-2025T14:48:19 - [MESSAGE][PASSED] - Object 'Object Repository/ANEF_Eloignement_V_Nawres/Page_Creation_ou_Recherche_Dossier/btn_Rechercher_Dossier' is present

14-02-2025T14:48:19 - [TEST_STEP][PASSED] - delay(5): Delayed 5 second(s)

14-02-2025T14:48:19 - [MESSAGE][INFO] - Delaying browser in 5 second(s)

14-02-2025T14:48:24 - [MESSAGE][PASSED] - Delayed 5 second(s)

14-02-2025T14:48:24 - [TEST_STEP][PASSED] - click(findTestObject("Object Repository/ANEF_Eloignement_V_Nawres/Page_Creation_ou_Recherche_Dossier/btn_Rechercher_Dossier")): Object: 'Object Repository/ANEF_Eloignement_V_Nawres/Page_Creation_ou_Recherche_Dossier/btn_Rechercher_Dossier' is clicked on

14-02-2025T14:48:24 - [MESSAGE][INFO] - Finding Test Object 'Object Repository/ANEF_Eloignement_V_Nawres/Page_Creation_ou_Recherche_Dossier/btn_Rechercher_Dossier'

14-02-2025T14:48:24 - [MESSAGE][INFO] - Checking timeout

14-02-2025T14:48:24 - [MESSAGE][INFO] - Finding web element with id: 'Object Repository/ANEF_Eloignement_V_Nawres/Page_Creation_ou_Recherche_Dossier/btn_Rechercher_Dossier' located by 'By.xpath: //button[@title="Rechercher un dossier"]' in '20' second(s)

14-02-2025T14:48:24 - [MESSAGE][INFO] - Found 1 web elements with id: 'Object Repository/ANEF_Eloignement_V_Nawres/Page_Creation_ou_Recherche_Dossier/btn_Rechercher_Dossier' located by 'By.xpath: //button[@title="Rechercher un dossier"]' in '20' second(s)

14-02-2025T14:48:24 - [MESSAGE][INFO] - Checking object

14-02-2025T14:48:24 - [MESSAGE][INFO] - Checking timeout

14-02-2025T14:48:24 - [MESSAGE][INFO] - Finding web element from Test Object's properties

14-02-2025T14:48:24 - [MESSAGE][INFO] - Checking timeout

14-02-2025T14:48:24 - [MESSAGE][INFO] - Finding web element with id: 'Object Repository/ANEF_Eloignement_V_Nawres/Page_Creation_ou_Recherche_Dossier/btn_Rechercher_Dossier' located by 'By.xpath: //button[@title="Rechercher un dossier"]' in '100' second(s)

14-02-2025T14:48:24 - [MESSAGE][INFO] - Found 1 web elements with id: 'Object Repository/ANEF_Eloignement_V_Nawres/Page_Creation_ou_Recherche_Dossier/btn_Rechercher_Dossier' located by 'By.xpath: //button[@title="Rechercher un dossier"]' in '100' second(s)

14-02-2025T14:48:24 - [MESSAGE][INFO] - Clicking on object: 'Object Repository/ANEF_Eloignement_V_Nawres/Page_Creation_ou_Recherche_Dossier/btn_Rechercher_Dossier'

14-02-2025T14:48:25 - [MESSAGE][PASSED] - Object: 'Object Repository/ANEF_Eloignement_V_Nawres/Page_Creation_ou_Recherche_Dossier/btn_Rechercher_Dossier' is clicked on

14-02-2025T14:48:25 - [TEST_STEP][PASSED] - if (CreationOuRecherche == "Creation"): Delayed 10 second(s)

14-02-2025T14:48:25 - [TEST_STEP][PASSED] - NumberUsagerRandom = tools.MyStringTools.getRandomNumber(100000000, 9999999999): tools.MyStringTools.getRandomNumber is PASSED

14-02-2025T14:48:25 - [MESSAGE][PASSED] - tools.MyStringTools.getRandomNumber is PASSED

14-02-2025T14:48:25 - [TEST_STEP][PASSED] - println(NumberUsagerRandom): null

14-02-2025T14:48:25 - [TEST_STEP][PASSED] - NumberUsager = NumberUsagerRandom.toString(): null

14-02-2025T14:48:25 - [TEST_STEP][PASSED] - setText(findTestObject("Object Repository/ANEF_Eloignement_V_Nawres/Page_Creation_ou_Recherche_Dossier/Input_Numero_etranger"), NumberUsager, STOP_ON_FAILURE): Text '8548075424' is set on object 'Object Repository/ANEF_Eloignement_V_Nawres/Page_Creation_ou_Recherche_Dossier/Input_Numero_etranger'

14-02-2025T14:48:25 - [MESSAGE][INFO] - Finding Test Object 'Object Repository/ANEF_Eloignement_V_Nawres/Page_Creation_ou_Recherche_Dossier/Input_Numero_etranger'

14-02-2025T14:48:25 - [MESSAGE][INFO] - Checking timeout

14-02-2025T14:48:25 - [MESSAGE][INFO] - Finding web element with id: 'Object Repository/ANEF_Eloignement_V_Nawres/Page_Creation_ou_Recherche_Dossier/Input_Numero_etranger' located by 'By.xpath: //app-identite-declaree-search-box//div/app-dsfr-input/div/input[@id="identifiant_agdref"]|//app-search-box//div/app-dsfr-input/div/input[@id="identifiant_agdref"]' in '20' second(s)

14-02-2025T14:48:25 - [MESSAGE][INFO] - Found 1 web elements with id: 'Object Repository/ANEF_Eloignement_V_Nawres/Page_Creation_ou_Recherche_Dossier/Input_Numero_etranger' located by 'By.xpath: //app-identite-declaree-search-box//div/app-dsfr-input/div/input[@id="identifiant_agdref"]|//app-search-box//div/app-dsfr-input/div/input[@id="identifiant_agdref"]' in '20' second(s)

14-02-2025T14:48:25 - [MESSAGE][INFO] - Checking object

14-02-2025T14:48:25 - [MESSAGE][INFO] - Checking text

14-02-2025T14:48:25 - [MESSAGE][INFO] - Finding web element from Test Object's properties

14-02-2025T14:48:25 - [MESSAGE][INFO] - Checking timeout

14-02-2025T14:48:25 - [MESSAGE][INFO] - Finding web element with id: 'Object Repository/ANEF_Eloignement_V_Nawres/Page_Creation_ou_Recherche_Dossier/Input_Numero_etranger' located by 'By.xpath: //app-identite-declaree-search-box//div/app-dsfr-input/div/input[@id="identifiant_agdref"]|//app-search-box//div/app-dsfr-input/div/input[@id="identifiant_agdref"]' in '100' second(s)

14-02-2025T14:48:25 - [MESSAGE][INFO] - Found 1 web elements with id: 'Object Repository/ANEF_Eloignement_V_Nawres/Page_Creation_ou_Recherche_Dossier/Input_Numero_etranger' located by 'By.xpath: //app-identite-declaree-search-box//div/app-dsfr-input/div/input[@id="identifiant_agdref"]|//app-search-box//div/app-dsfr-input/div/input[@id="identifiant_agdref"]' in '100' second(s)

14-02-2025T14:48:25 - [MESSAGE][INFO] - Clearing text of object 'Object Repository/ANEF_Eloignement_V_Nawres/Page_Creation_ou_Recherche_Dossier/Input_Numero_etranger'

14-02-2025T14:48:26 - [MESSAGE][INFO] - Finding web element from Test Object's properties

14-02-2025T14:48:26 - [MESSAGE][INFO] - Checking timeout

14-02-2025T14:48:26 - [MESSAGE][INFO] - Finding web element with id: 'Object Repository/ANEF_Eloignement_V_Nawres/Page_Creation_ou_Recherche_Dossier/Input_Numero_etranger' located by 'By.xpath: //app-identite-declaree-search-box//div/app-dsfr-input/div/input[@id="identifiant_agdref"]|//app-search-box//div/app-dsfr-input/div/input[@id="identifiant_agdref"]' in '100' second(s)

14-02-2025T14:48:26 - [MESSAGE][INFO] - Found 1 web elements with id: 'Object Repository/ANEF_Eloignement_V_Nawres/Page_Creation_ou_Recherche_Dossier/Input_Numero_etranger' located by 'By.xpath: //app-identite-declaree-search-box//div/app-dsfr-input/div/input[@id="identifiant_agdref"]|//app-search-box//div/app-dsfr-input/div/input[@id="identifiant_agdref"]' in '100' second(s)

14-02-2025T14:48:26 - [MESSAGE][INFO] - Setting text of object 'Object Repository/ANEF_Eloignement_V_Nawres/Page_Creation_ou_Recherche_Dossier/Input_Numero_etranger' to value '8548075424'

14-02-2025T14:48:28 - [MESSAGE][PASSED] - Text '8548075424' is set on object 'Object Repository/ANEF_Eloignement_V_Nawres/Page_Creation_ou_Recherche_Dossier/Input_Numero_etranger'

14-02-2025T14:48:28 - [TEST_STEP][PASSED] - click(findTestObject("Object Repository/ANEF_Eloignement_V_Nawres/Page_Creation_ou_Recherche_Dossier/Input_Numero_etranger"), STOP_ON_FAILURE): Object: 'Object Repository/ANEF_Eloignement_V_Nawres/Page_Creation_ou_Recherche_Dossier/Input_Numero_etranger' is clicked on

14-02-2025T14:48:28 - [MESSAGE][INFO] - Finding Test Object 'Object Repository/ANEF_Eloignement_V_Nawres/Page_Creation_ou_Recherche_Dossier/Input_Numero_etranger'

14-02-2025T14:48:28 - [MESSAGE][INFO] - Checking timeout

14-02-2025T14:48:28 - [MESSAGE][INFO] - Finding web element with id: 'Object Repository/ANEF_Eloignement_V_Nawres/Page_Creation_ou_Recherche_Dossier/Input_Numero_etranger' located by 'By.xpath: //app-identite-declaree-search-box//div/app-dsfr-input/div/input[@id="identifiant_agdref"]|//app-search-box//div/app-dsfr-input/div/input[@id="identifiant_agdref"]' in '20' second(s)

14-02-2025T14:48:28 - [MESSAGE][INFO] - Found 1 web elements with id: 'Object Repository/ANEF_Eloignement_V_Nawres/Page_Creation_ou_Recherche_Dossier/Input_Numero_etranger' located by 'By.xpath: //app-identite-declaree-search-box//div/app-dsfr-input/div/input[@id="identifiant_agdref"]|//app-search-box//div/app-dsfr-input/div/input[@id="identifiant_agdref"]' in '20' second(s)

14-02-2025T14:48:28 - [MESSAGE][INFO] - Checking object

14-02-2025T14:48:28 - [MESSAGE][INFO] - Checking timeout

14-02-2025T14:48:28 - [MESSAGE][INFO] - Finding web element from Test Object's properties

14-02-2025T14:48:28 - [MESSAGE][INFO] - Checking timeout

14-02-2025T14:48:28 - [MESSAGE][INFO] - Finding web element with id: 'Object Repository/ANEF_Eloignement_V_Nawres/Page_Creation_ou_Recherche_Dossier/Input_Numero_etranger' located by 'By.xpath: //app-identite-declaree-search-box//div/app-dsfr-input/div/input[@id="identifiant_agdref"]|//app-search-box//div/app-dsfr-input/div/input[@id="identifiant_agdref"]' in '100' second(s)

14-02-2025T14:48:28 - [MESSAGE][INFO] - Found 1 web elements with id: 'Object Repository/ANEF_Eloignement_V_Nawres/Page_Creation_ou_Recherche_Dossier/Input_Numero_etranger' located by 'By.xpath: //app-identite-declaree-search-box//div/app-dsfr-input/div/input[@id="identifiant_agdref"]|//app-search-box//div/app-dsfr-input/div/input[@id="identifiant_agdref"]' in '100' second(s)

14-02-2025T14:48:28 - [MESSAGE][INFO] - Clicking on object: 'Object Repository/ANEF_Eloignement_V_Nawres/Page_Creation_ou_Recherche_Dossier/Input_Numero_etranger'

14-02-2025T14:48:29 - [MESSAGE][PASSED] - Object: 'Object Repository/ANEF_Eloignement_V_Nawres/Page_Creation_ou_Recherche_Dossier/Input_Numero_etranger' is clicked on

14-02-2025T14:48:29 - [TEST_STEP][PASSED] - scrollToElement(findTestObject("Object Repository/ANEF_Eloignement_V_Nawres/Page_Creation_ou_Recherche_Dossier/btn_Lancer_La_Recherche"), 5, STOP_ON_FAILURE): Scroll to object 'Object Repository/ANEF_Eloignement_V_Nawres/Page_Creation_ou_Recherche_Dossier/btn_Lancer_La_Recherche' successfully

14-02-2025T14:48:29 - [MESSAGE][INFO] - Finding Test Object 'Object Repository/ANEF_Eloignement_V_Nawres/Page_Creation_ou_Recherche_Dossier/btn_Lancer_La_Recherche'

14-02-2025T14:48:29 - [MESSAGE][INFO] - Checking object

14-02-2025T14:48:29 - [MESSAGE][INFO] - Checking timeout

14-02-2025T14:48:29 - [MESSAGE][INFO] - Finding web element from Test Object's properties

14-02-2025T14:48:29 - [MESSAGE][INFO] - Checking timeout

14-02-2025T14:48:29 - [MESSAGE][INFO] - Finding web element with id: 'Object Repository/ANEF_Eloignement_V_Nawres/Page_Creation_ou_Recherche_Dossier/btn_Lancer_La_Recherche' located by 'By.xpath: //button[contains(text(),"Lancer la recherche ")]' in '100' second(s)

14-02-2025T14:48:29 - [MESSAGE][INFO] - Found 1 web elements with id: 'Object Repository/ANEF_Eloignement_V_Nawres/Page_Creation_ou_Recherche_Dossier/btn_Lancer_La_Recherche' located by 'By.xpath: //button[contains(text(),"Lancer la recherche ")]' in '100' second(s)

14-02-2025T14:48:29 - [MESSAGE][INFO] - Scrolling to object 'Object Repository/ANEF_Eloignement_V_Nawres/Page_Creation_ou_Recherche_Dossier/btn_Lancer_La_Recherche'

14-02-2025T14:48:29 - [MESSAGE][PASSED] - Scroll to object 'Object Repository/ANEF_Eloignement_V_Nawres/Page_Creation_ou_Recherche_Dossier/btn_Lancer_La_Recherche' successfully

14-02-2025T14:48:29 - [TEST_STEP][PASSED] - click(findTestObject("Object Repository/ANEF_Eloignement_V_Nawres/Page_Creation_ou_Recherche_Dossier/btn_Lancer_La_Recherche"), STOP_ON_FAILURE): Object: 'Object Repository/ANEF_Eloignement_V_Nawres/Page_Creation_ou_Recherche_Dossier/btn_Lancer_La_Recherche' is clicked on

14-02-2025T14:48:29 - [MESSAGE][INFO] - Finding Test Object 'Object Repository/ANEF_Eloignement_V_Nawres/Page_Creation_ou_Recherche_Dossier/btn_Lancer_La_Recherche'

14-02-2025T14:48:29 - [MESSAGE][INFO] - Checking timeout

14-02-2025T14:48:29 - [MESSAGE][INFO] - Finding web element with id: 'Object Repository/ANEF_Eloignement_V_Nawres/Page_Creation_ou_Recherche_Dossier/btn_Lancer_La_Recherche' located by 'By.xpath: //button[contains(text(),"Lancer la recherche ")]' in '20' second(s)

14-02-2025T14:48:29 - [MESSAGE][INFO] - Found 1 web elements with id: 'Object Repository/ANEF_Eloignement_V_Nawres/Page_Creation_ou_Recherche_Dossier/btn_Lancer_La_Recherche' located by 'By.xpath: //button[contains(text(),"Lancer la recherche ")]' in '20' second(s)

14-02-2025T14:48:29 - [MESSAGE][INFO] - Checking object

14-02-2025T14:48:29 - [MESSAGE][INFO] - Checking timeout

14-02-2025T14:48:29 - [MESSAGE][INFO] - Finding web element from Test Object's properties

14-02-2025T14:48:29 - [MESSAGE][INFO] - Checking timeout

14-02-2025T14:48:29 - [MESSAGE][INFO] - Finding web element with id: 'Object Repository/ANEF_Eloignement_V_Nawres/Page_Creation_ou_Recherche_Dossier/btn_Lancer_La_Recherche' located by 'By.xpath: //button[contains(text(),"Lancer la recherche ")]' in '100' second(s)

14-02-2025T14:48:29 - [MESSAGE][INFO] - Found 1 web elements with id: 'Object Repository/ANEF_Eloignement_V_Nawres/Page_Creation_ou_Recherche_Dossier/btn_Lancer_La_Recherche' located by 'By.xpath: //button[contains(text(),"Lancer la recherche ")]' in '100' second(s)

14-02-2025T14:48:29 - [MESSAGE][INFO] - Clicking on object: 'Object Repository/ANEF_Eloignement_V_Nawres/Page_Creation_ou_Recherche_Dossier/btn_Lancer_La_Recherche'

14-02-2025T14:48:30 - [MESSAGE][PASSED] - Object: 'Object Repository/ANEF_Eloignement_V_Nawres/Page_Creation_ou_Recherche_Dossier/btn_Lancer_La_Recherche' is clicked on

14-02-2025T14:48:30 - [TEST_STEP][PASSED] - delay(10): Delayed 10 second(s)

14-02-2025T14:48:30 - [MESSAGE][INFO] - Delaying browser in 10 second(s)

14-02-2025T14:48:40 - [MESSAGE][PASSED] - Delayed 10 second(s)

14-02-2025T14:48:40 - [TEST_STEP][PASSED] - scrollToElement(findTestObject("Object Repository/ANEF_Eloignement_V_Nawres/Page_Creation_ou_Recherche_Dossier/btn_Aucune_Correspondance"), 5, STOP_ON_FAILURE): Scroll to object 'Object Repository/ANEF_Eloignement_V_Nawres/Page_Creation_ou_Recherche_Dossier/btn_Aucune_Correspondance' successfully

14-02-2025T14:48:40 - [MESSAGE][INFO] - Finding Test Object 'Object Repository/ANEF_Eloignement_V_Nawres/Page_Creation_ou_Recherche_Dossier/btn_Aucune_Correspondance'

14-02-2025T14:48:40 - [MESSAGE][INFO] - Checking object

14-02-2025T14:48:40 - [MESSAGE][INFO] - Checking timeout

14-02-2025T14:48:40 - [MESSAGE][INFO] - Finding web element from Test Object's properties

14-02-2025T14:48:40 - [MESSAGE][INFO] - Checking timeout

14-02-2025T14:48:40 - [MESSAGE][INFO] - Finding web element with id: 'Object Repository/ANEF_Eloignement_V_Nawres/Page_Creation_ou_Recherche_Dossier/btn_Aucune_Correspondance' located by 'By.xpath: //button[contains(text()," Aucune correspondance")]' in '100' second(s)

14-02-2025T14:48:40 - [MESSAGE][INFO] - Found 1 web elements with id: 'Object Repository/ANEF_Eloignement_V_Nawres/Page_Creation_ou_Recherche_Dossier/btn_Aucune_Correspondance' located by 'By.xpath: //button[contains(text()," Aucune correspondance")]' in '100' second(s)

14-02-2025T14:48:40 - [MESSAGE][INFO] - Scrolling to object 'Object Repository/ANEF_Eloignement_V_Nawres/Page_Creation_ou_Recherche_Dossier/btn_Aucune_Correspondance'

14-02-2025T14:48:40 - [MESSAGE][PASSED] - Scroll to object 'Object Repository/ANEF_Eloignement_V_Nawres/Page_Creation_ou_Recherche_Dossier/btn_Aucune_Correspondance' successfully

14-02-2025T14:48:40 - [TEST_STEP][PASSED] - click(findTestObject("Object Repository/ANEF_Eloignement_V_Nawres/Page_Creation_ou_Recherche_Dossier/btn_Aucune_Correspondance"), STOP_ON_FAILURE): Object: 'Object Repository/ANEF_Eloignement_V_Nawres/Page_Creation_ou_Recherche_Dossier/btn_Aucune_Correspondance' is clicked on

14-02-2025T14:48:40 - [MESSAGE][INFO] - Finding Test Object 'Object Repository/ANEF_Eloignement_V_Nawres/Page_Creation_ou_Recherche_Dossier/btn_Aucune_Correspondance'

14-02-2025T14:48:40 - [MESSAGE][INFO] - Checking timeout

14-02-2025T14:48:40 - [MESSAGE][INFO] - Finding web element with id: 'Object Repository/ANEF_Eloignement_V_Nawres/Page_Creation_ou_Recherche_Dossier/btn_Aucune_Correspondance' located by 'By.xpath: //button[contains(text()," Aucune correspondance")]' in '20' second(s)

14-02-2025T14:48:40 - [MESSAGE][INFO] - Found 1 web elements with id: 'Object Repository/ANEF_Eloignement_V_Nawres/Page_Creation_ou_Recherche_Dossier/btn_Aucune_Correspondance' located by 'By.xpath: //button[contains(text()," Aucune correspondance")]' in '20' second(s)

14-02-2025T14:48:40 - [MESSAGE][INFO] - Checking object

14-02-2025T14:48:40 - [MESSAGE][INFO] - Checking timeout

14-02-2025T14:48:40 - [MESSAGE][INFO] - Finding web element from Test Object's properties

14-02-2025T14:48:40 - [MESSAGE][INFO] - Checking timeout

14-02-2025T14:48:40 - [MESSAGE][INFO] - Finding web element with id: 'Object Repository/ANEF_Eloignement_V_Nawres/Page_Creation_ou_Recherche_Dossier/btn_Aucune_Correspondance' located by 'By.xpath: //button[contains(text()," Aucune correspondance")]' in '100' second(s)

14-02-2025T14:48:40 - [MESSAGE][INFO] - Found 1 web elements with id: 'Object Repository/ANEF_Eloignement_V_Nawres/Page_Creation_ou_Recherche_Dossier/btn_Aucune_Correspondance' located by 'By.xpath: //button[contains(text()," Aucune correspondance")]' in '100' second(s)

14-02-2025T14:48:40 - [MESSAGE][INFO] - Clicking on object: 'Object Repository/ANEF_Eloignement_V_Nawres/Page_Creation_ou_Recherche_Dossier/btn_Aucune_Correspondance'

14-02-2025T14:48:41 - [MESSAGE][PASSED] - Object: 'Object Repository/ANEF_Eloignement_V_Nawres/Page_Creation_ou_Recherche_Dossier/btn_Aucune_Correspondance' is clicked on

14-02-2025T14:48:41 - [TEST_STEP][PASSED] - click(findTestObject("Object Repository/ANEF_Eloignement_V_Nawres/Page_Creation_ou_Recherche_Dossier/btn_Creer_Un_Dossier_Etranger"), STOP_ON_FAILURE): Object: 'Object Repository/ANEF_Eloignement_V_Nawres/Page_Creation_ou_Recherche_Dossier/btn_Creer_Un_Dossier_Etranger' is clicked on

14-02-2025T14:48:41 - [MESSAGE][INFO] - Finding Test Object 'Object Repository/ANEF_Eloignement_V_Nawres/Page_Creation_ou_Recherche_Dossier/btn_Creer_Un_Dossier_Etranger'

14-02-2025T14:48:41 - [MESSAGE][INFO] - Checking timeout

14-02-2025T14:48:41 - [MESSAGE][INFO] - Finding web element with id: 'Object Repository/ANEF_Eloignement_V_Nawres/Page_Creation_ou_Recherche_Dossier/btn_Creer_Un_Dossier_Etranger' located by 'By.xpath: //button[contains(text()," CrÃ©er un dossier Ã©tranger ")]' in '20' second(s)

14-02-2025T14:48:41 - [MESSAGE][INFO] - Found 1 web elements with id: 'Object Repository/ANEF_Eloignement_V_Nawres/Page_Creation_ou_Recherche_Dossier/btn_Creer_Un_Dossier_Etranger' located by 'By.xpath: //button[contains(text()," CrÃ©er un dossier Ã©tranger ")]' in '20' second(s)

14-02-2025T14:48:41 - [MESSAGE][INFO] - Checking object

14-02-2025T14:48:41 - [MESSAGE][INFO] - Checking timeout

14-02-2025T14:48:41 - [MESSAGE][INFO] - Finding web element from Test Object's properties

14-02-2025T14:48:41 - [MESSAGE][INFO] - Checking timeout

14-02-2025T14:48:41 - [MESSAGE][INFO] - Finding web element with id: 'Object Repository/ANEF_Eloignement_V_Nawres/Page_Creation_ou_Recherche_Dossier/btn_Creer_Un_Dossier_Etranger' located by 'By.xpath: //button[contains(text()," CrÃ©er un dossier Ã©tranger ")]' in '100' second(s)

14-02-2025T14:48:41 - [MESSAGE][INFO] - Found 1 web elements with id: 'Object Repository/ANEF_Eloignement_V_Nawres/Page_Creation_ou_Recherche_Dossier/btn_Creer_Un_Dossier_Etranger' located by 'By.xpath: //button[contains(text()," CrÃ©er un dossier Ã©tranger ")]' in '100' second(s)

14-02-2025T14:48:41 - [MESSAGE][INFO] - Clicking on object: 'Object Repository/ANEF_Eloignement_V_Nawres/Page_Creation_ou_Recherche_Dossier/btn_Creer_Un_Dossier_Etranger'

14-02-2025T14:48:43 - [MESSAGE][PASSED] - Object: 'Object Repository/ANEF_Eloignement_V_Nawres/Page_Creation_ou_Recherche_Dossier/btn_Creer_Un_Dossier_Etranger' is clicked on

14-02-2025T14:48:43 - [TEST_STEP][PASSED] - delay(10): Delayed 10 second(s)

14-02-2025T14:48:43 - [MESSAGE][INFO] - Delaying browser in 10 second(s)

14-02-2025T14:48:53 - [MESSAGE][PASSED] - Delayed 10 second(s)

14-02-2025T14:48:53 - [TEST_STEP][PASSED] - if (CreationOuRecherche == "Recherche"): null

14-02-2025T14:48:53 - [MESSAGE][PASSED] - Call Test Case 'Test Cases/Test Reutilisable/Main/ANEF_Eloignement_V_Nawres/ANEF_Creation_ou_Recherche_Dossier' successfully

14-02-2025T14:48:53 - [TEST_STEP][PASSED] - if (CreationOuRecherche == "Creation"): Call Test Case 'Test Cases/Test Reutilisable/Main/ANEF_Eloignement_V_Nawres/ANEF_Formulaire_Creation_Dossier' successfully

14-02-2025T14:48:53 - [TEST_STEP][PASSED] - callTestCase(findTestCase("Test Cases/Test Reutilisable/Main/ANEF_Eloignement_V_Nawres/ANEF_Formulaire_Creation_Dossier"), ["CreationOuRecherche":CreationOuRecherche, "Sexe":Sexe, "AnneeNaissance":AnneeNaissance, "Nationnalite":Nationnalite, "OrigineDossier":OrigineDossier, ... ], STOP_ON_FAILURE): Call Test Case 'Test Cases/Test Reutilisable/Main/ANEF_Eloignement_V_Nawres/ANEF_Formulaire_Creation_Dossier' successfully

14-02-2025T14:48:53 - [MESSAGE][INFO] - Checking called Test Case

14-02-2025T14:48:53 - [MESSAGE][INFO] - Starting to call Test Case 'Test Cases/Test Reutilisable/Main/ANEF_Eloignement_V_Nawres/ANEF_Formulaire_Creation_Dossier'

14-02-2025T14:48:53 - [TEST_CASE][PASSED] - Test Cases/Test Reutilisable/Main/ANEF_Eloignement_V_Nawres/ANEF_Formulaire_Creation_Dossier: Test Cases/Test Reutilisable/Main/ANEF_Eloignement_V_Nawres/ANEF_Formulaire_Creation_Dossier

14-02-2025T14:48:53 - [TEST_STEP][PASSED] - "Onglet 'Dossier etranger'": null

14-02-2025T14:48:53 - [TEST_STEP][PASSED] - verifyElementPresent(findTestObject("Object Repository/ANEF_Eloignement_V_Nawres/Page_Formulaire_Creation_Dossier/Onglet_Dossier_Etranger"), 1, STOP_ON_FAILURE): Object 'Object Repository/ANEF_Eloignement_V_Nawres/Page_Formulaire_Creation_Dossier/Onglet_Dossier_Etranger' is present

14-02-2025T14:48:53 - [MESSAGE][INFO] - Finding Test Object 'Object Repository/ANEF_Eloignement_V_Nawres/Page_Formulaire_Creation_Dossier/Onglet_Dossier_Etranger'

14-02-2025T14:48:53 - [MESSAGE][INFO] - Checking object

14-02-2025T14:48:53 - [MESSAGE][INFO] - Finding web element from Test Object's properties

14-02-2025T14:48:53 - [MESSAGE][INFO] - Checking timeout

14-02-2025T14:48:53 - [MESSAGE][INFO] - Finding web element with id: 'Object Repository/ANEF_Eloignement_V_Nawres/Page_Formulaire_Creation_Dossier/Onglet_Dossier_Etranger' located by 'By.xpath: /html/body/app-root/app-layout-borderless/div[3]/app-prise-mesure/div/app-dsfr-onglet-tab/div/ul/li[1]/button' in '1' second(s)

14-02-2025T14:48:53 - [MESSAGE][INFO] - Found 1 web elements with id: 'Object Repository/ANEF_Eloignement_V_Nawres/Page_Formulaire_Creation_Dossier/Onglet_Dossier_Etranger' located by 'By.xpath: /html/body/app-root/app-layout-borderless/div[3]/app-prise-mesure/div/app-dsfr-onglet-tab/div/ul/li[1]/button' in '1' second(s)

14-02-2025T14:48:53 - [MESSAGE][PASSED] - Object 'Object Repository/ANEF_Eloignement_V_Nawres/Page_Formulaire_Creation_Dossier/Onglet_Dossier_Etranger' is present

14-02-2025T14:48:53 - [TEST_STEP][PASSED] - verifyElementPresent(findTestObject("Object Repository/ANEF_Eloignement_V_Nawres/Page_Formulaire_Creation_Dossier/Formulaire_Creation_Dossier_Accordeon/lbl_Numero_Etranger"), 1, STOP_ON_FAILURE): Object 'Object Repository/ANEF_Eloignement_V_Nawres/Page_Formulaire_Creation_Dossier/Formulaire_Creation_Dossier_Accordeon/lbl_Numero_Etranger' is present

14-02-2025T14:48:53 - [MESSAGE][INFO] - Finding Test Object 'Object Repository/ANEF_Eloignement_V_Nawres/Page_Formulaire_Creation_Dossier/Formulaire_Creation_Dossier_Accordeon/lbl_Numero_Etranger'

14-02-2025T14:48:53 - [MESSAGE][INFO] - Checking object

14-02-2025T14:48:53 - [MESSAGE][INFO] - Finding web element from Test Object's properties

14-02-2025T14:48:53 - [MESSAGE][INFO] - Checking timeout

14-02-2025T14:48:53 - [MESSAGE][INFO] - Finding web element with id: 'Object Repository/ANEF_Eloignement_V_Nawres/Page_Formulaire_Creation_Dossier/Formulaire_Creation_Dossier_Accordeon/lbl_Numero_Etranger' located by 'By.xpath: /html/body/app-root/app-layout-borderless/div[3]/app-prise-mesure/div/app-dsfr-onglet-tab/div/div[1]/app-fiche-etranger/div/div[2]/section[1]/div/div/div[1]/label' in '1' second(s)

14-02-2025T14:48:53 - [MESSAGE][INFO] - Found 1 web elements with id: 'Object Repository/ANEF_Eloignement_V_Nawres/Page_Formulaire_Creation_Dossier/Formulaire_Creation_Dossier_Accordeon/lbl_Numero_Etranger' located by 'By.xpath: /html/body/app-root/app-layout-borderless/div[3]/app-prise-mesure/div/app-dsfr-onglet-tab/div/div[1]/app-fiche-etranger/div/div[2]/section[1]/div/div/div[1]/label' in '1' second(s)

14-02-2025T14:48:53 - [MESSAGE][PASSED] - Object 'Object Repository/ANEF_Eloignement_V_Nawres/Page_Formulaire_Creation_Dossier/Formulaire_Creation_Dossier_Accordeon/lbl_Numero_Etranger' is present

14-02-2025T14:48:53 - [TEST_STEP][PASSED] - verifyElementPresent(findTestObject("Object Repository/ANEF_Eloignement_V_Nawres/Page_Formulaire_Creation_Dossier/Formulaire_Creation_Dossier_Accordeon/lbl_Prefecture_Gestionnaire"), 1, STOP_ON_FAILURE): Object 'Object Repository/ANEF_Eloignement_V_Nawres/Page_Formulaire_Creation_Dossier/Formulaire_Creation_Dossier_Accordeon/lbl_Prefecture_Gestionnaire' is present

14-02-2025T14:48:53 - [MESSAGE][INFO] - Finding Test Object 'Object Repository/ANEF_Eloignement_V_Nawres/Page_Formulaire_Creation_Dossier/Formulaire_Creation_Dossier_Accordeon/lbl_Prefecture_Gestionnaire'

14-02-2025T14:48:53 - [MESSAGE][INFO] - Checking object

14-02-2025T14:48:53 - [MESSAGE][INFO] - Finding web element from Test Object's properties

14-02-2025T14:48:53 - [MESSAGE][INFO] - Checking timeout

14-02-2025T14:48:53 - [MESSAGE][INFO] - Finding web element with id: 'Object Repository/ANEF_Eloignement_V_Nawres/Page_Formulaire_Creation_Dossier/Formulaire_Creation_Dossier_Accordeon/lbl_Prefecture_Gestionnaire' located by 'By.xpath: /html/body/app-root/app-layout-borderless/div[3]/app-prise-mesure/div/app-dsfr-onglet-tab/div/div[1]/app-fiche-etranger/div/div[2]/section[1]/div/div/div[2]/label' in '1' second(s)

14-02-2025T14:48:53 - [MESSAGE][INFO] - Found 1 web elements with id: 'Object Repository/ANEF_Eloignement_V_Nawres/Page_Formulaire_Creation_Dossier/Formulaire_Creation_Dossier_Accordeon/lbl_Prefecture_Gestionnaire' located by 'By.xpath: /html/body/app-root/app-layout-borderless/div[3]/app-prise-mesure/div/app-dsfr-onglet-tab/div/div[1]/app-fiche-etranger/div/div[2]/section[1]/div/div/div[2]/label' in '1' second(s)

14-02-2025T14:48:53 - [MESSAGE][PASSED] - Object 'Object Repository/ANEF_Eloignement_V_Nawres/Page_Formulaire_Creation_Dossier/Formulaire_Creation_Dossier_Accordeon/lbl_Prefecture_Gestionnaire' is present

14-02-2025T14:48:53 - [TEST_STEP][PASSED] - verifyElementPresent(findTestObject("Object Repository/ANEF_Eloignement_V_Nawres/Page_Formulaire_Creation_Dossier/Formulaire_Creation_Dossier_Accordeon/lbl_Derniere_Modification"), 1, STOP_ON_FAILURE): Object 'Object Repository/ANEF_Eloignement_V_Nawres/Page_Formulaire_Creation_Dossier/Formulaire_Creation_Dossier_Accordeon/lbl_Derniere_Modification' is present

14-02-2025T14:48:53 - [MESSAGE][INFO] - Finding Test Object 'Object Repository/ANEF_Eloignement_V_Nawres/Page_Formulaire_Creation_Dossier/Formulaire_Creation_Dossier_Accordeon/lbl_Derniere_Modification'

14-02-2025T14:48:53 - [MESSAGE][INFO] - Checking object

14-02-2025T14:48:53 - [MESSAGE][INFO] - Finding web element from Test Object's properties

14-02-2025T14:48:53 - [MESSAGE][INFO] - Checking timeout

14-02-2025T14:48:53 - [MESSAGE][INFO] - Finding web element with id: 'Object Repository/ANEF_Eloignement_V_Nawres/Page_Formulaire_Creation_Dossier/Formulaire_Creation_Dossier_Accordeon/lbl_Derniere_Modification' located by 'By.xpath: /html/body/app-root/app-layout-borderless/div[3]/app-prise-mesure/div/app-dsfr-onglet-tab/div/div[1]/app-fiche-etranger/div/div[2]/section[1]/div/div/div[3]/label' in '1' second(s)

14-02-2025T14:48:53 - [MESSAGE][INFO] - Found 1 web elements with id: 'Object Repository/ANEF_Eloignement_V_Nawres/Page_Formulaire_Creation_Dossier/Formulaire_Creation_Dossier_Accordeon/lbl_Derniere_Modification' located by 'By.xpath: /html/body/app-root/app-layout-borderless/div[3]/app-prise-mesure/div/app-dsfr-onglet-tab/div/div[1]/app-fiche-etranger/div/div[2]/section[1]/div/div/div[3]/label' in '1' second(s)

14-02-2025T14:48:53 - [MESSAGE][PASSED] - Object 'Object Repository/ANEF_Eloignement_V_Nawres/Page_Formulaire_Creation_Dossier/Formulaire_Creation_Dossier_Accordeon/lbl_Derniere_Modification' is present

14-02-2025T14:48:53 - [TEST_STEP][PASSED] - verifyElementPresent(findTestObject("Object Repository/ANEF_Eloignement_V_Nawres/Page_Formulaire_Creation_Dossier/Formulaire_Creation_Dossier_Accordeon/Acc_ Reference_Du_Dossier"), 1, STOP_ON_FAILURE): Object 'Object Repository/ANEF_Eloignement_V_Nawres/Page_Formulaire_Creation_Dossier/Formulaire_Creation_Dossier_Accordeon/Acc_ Reference_Du_Dossier' is present

14-02-2025T14:48:53 - [MESSAGE][INFO] - Finding Test Object 'Object Repository/ANEF_Eloignement_V_Nawres/Page_Formulaire_Creation_Dossier/Formulaire_Creation_Dossier_Accordeon/Acc_ Reference_Du_Dossier'

14-02-2025T14:48:53 - [MESSAGE][INFO] - Checking object

14-02-2025T14:48:53 - [MESSAGE][INFO] - Finding web element from Test Object's properties

14-02-2025T14:48:53 - [MESSAGE][INFO] - Checking timeout

14-02-2025T14:48:53 - [MESSAGE][INFO] - Finding web element with id: 'Object Repository/ANEF_Eloignement_V_Nawres/Page_Formulaire_Creation_Dossier/Formulaire_Creation_Dossier_Accordeon/Acc_ Reference_Du_Dossier' located by 'By.xpath: /html/body/app-root/app-layout-borderless/div[3]/app-prise-mesure/div/app-dsfr-onglet-tab/div/div[1]/app-fiche-etranger/div/div[2]/section[2]/div[1]/app-accordeon-reference-dossier/section/h3/button' in '1' second(s)

14-02-2025T14:48:53 - [MESSAGE][INFO] - Found 1 web elements with id: 'Object Repository/ANEF_Eloignement_V_Nawres/Page_Formulaire_Creation_Dossier/Formulaire_Creation_Dossier_Accordeon/Acc_ Reference_Du_Dossier' located by 'By.xpath: /html/body/app-root/app-layout-borderless/div[3]/app-prise-mesure/div/app-dsfr-onglet-tab/div/div[1]/app-fiche-etranger/div/div[2]/section[2]/div[1]/app-accordeon-reference-dossier/section/h3/button' in '1' second(s)

14-02-2025T14:48:53 - [MESSAGE][PASSED] - Object 'Object Repository/ANEF_Eloignement_V_Nawres/Page_Formulaire_Creation_Dossier/Formulaire_Creation_Dossier_Accordeon/Acc_ Reference_Du_Dossier' is present

14-02-2025T14:48:53 - [TEST_STEP][PASSED] - verifyElementPresent(findTestObject("Object Repository/ANEF_Eloignement_V_Nawres/Page_Formulaire_Creation_Dossier/Formulaire_Creation_Dossier_Menu/Menu_Reference_Du_Dossier"), 1, STOP_ON_FAILURE): Object 'Object Repository/ANEF_Eloignement_V_Nawres/Page_Formulaire_Creation_Dossier/Formulaire_Creation_Dossier_Menu/Menu_Reference_Du_Dossier' is present

14-02-2025T14:48:53 - [MESSAGE][INFO] - Finding Test Object 'Object Repository/ANEF_Eloignement_V_Nawres/Page_Formulaire_Creation_Dossier/Formulaire_Creation_Dossier_Menu/Menu_Reference_Du_Dossier'

14-02-2025T14:48:53 - [MESSAGE][INFO] - Checking object

14-02-2025T14:48:53 - [MESSAGE][INFO] - Finding web element from Test Object's properties

14-02-2025T14:48:53 - [MESSAGE][INFO] - Checking timeout

14-02-2025T14:48:53 - [MESSAGE][INFO] - Finding web element with id: 'Object Repository/ANEF_Eloignement_V_Nawres/Page_Formulaire_Creation_Dossier/Formulaire_Creation_Dossier_Menu/Menu_Reference_Du_Dossier' located by 'By.xpath: /html/body/app-root/app-layout-borderless/div[3]/app-prise-mesure/div/app-dsfr-onglet-tab/div/div[1]/app-fiche-etranger/div/div[1]/app-dsfr-sidemenu/nav/div/div/ul[1]/li/a' in '1' second(s)

14-02-2025T14:48:53 - [MESSAGE][INFO] - Found 1 web elements with id: 'Object Repository/ANEF_Eloignement_V_Nawres/Page_Formulaire_Creation_Dossier/Formulaire_Creation_Dossier_Menu/Menu_Reference_Du_Dossier' located by 'By.xpath: /html/body/app-root/app-layout-borderless/div[3]/app-prise-mesure/div/app-dsfr-onglet-tab/div/div[1]/app-fiche-etranger/div/div[1]/app-dsfr-sidemenu/nav/div/div/ul[1]/li/a' in '1' second(s)

14-02-2025T14:48:53 - [MESSAGE][PASSED] - Object 'Object Repository/ANEF_Eloignement_V_Nawres/Page_Formulaire_Creation_Dossier/Formulaire_Creation_Dossier_Menu/Menu_Reference_Du_Dossier' is present

14-02-2025T14:48:53 - [TEST_STEP][PASSED] - verifyElementPresent(findTestObject("Object Repository/ANEF_Eloignement_V_Nawres/Page_Formulaire_Creation_Dossier/Formulaire_Creation_Dossier_Input/input_Numero_De_Dossier_FPR"), 1, STOP_ON_FAILURE): Object 'Object Repository/ANEF_Eloignement_V_Nawres/Page_Formulaire_Creation_Dossier/Formulaire_Creation_Dossier_Input/input_Numero_De_Dossier_FPR' is present

14-02-2025T14:48:53 - [MESSAGE][INFO] - Finding Test Object 'Object Repository/ANEF_Eloignement_V_Nawres/Page_Formulaire_Creation_Dossier/Formulaire_Creation_Dossier_Input/input_Numero_De_Dossier_FPR'

14-02-2025T14:48:53 - [MESSAGE][INFO] - Checking object

14-02-2025T14:48:53 - [MESSAGE][INFO] - Finding web element from Test Object's properties

14-02-2025T14:48:53 - [MESSAGE][INFO] - Checking timeout

14-02-2025T14:48:53 - [MESSAGE][INFO] - Finding web element with id: 'Object Repository/ANEF_Eloignement_V_Nawres/Page_Formulaire_Creation_Dossier/Formulaire_Creation_Dossier_Input/input_Numero_De_Dossier_FPR' located by 'By.xpath: /html/body/app-root/app-layout-borderless/div[3]/app-prise-mesure/div/app-dsfr-onglet-tab/div/div[1]/app-fiche-etranger/div/div[2]/section[2]/div[1]/app-accordeon-reference-dossier/section/div/form/div/div/div/div[2]/app-dsfr-input/div/input' in '1' second(s)

14-02-2025T14:48:53 - [MESSAGE][INFO] - Found 1 web elements with id: 'Object Repository/ANEF_Eloignement_V_Nawres/Page_Formulaire_Creation_Dossier/Formulaire_Creation_Dossier_Input/input_Numero_De_Dossier_FPR' located by 'By.xpath: /html/body/app-root/app-layout-borderless/div[3]/app-prise-mesure/div/app-dsfr-onglet-tab/div/div[1]/app-fiche-etranger/div/div[2]/section[2]/div[1]/app-accordeon-reference-dossier/section/div/form/div/div/div/div[2]/app-dsfr-input/div/input' in '1' second(s)

14-02-2025T14:48:53 - [MESSAGE][PASSED] - Object 'Object Repository/ANEF_Eloignement_V_Nawres/Page_Formulaire_Creation_Dossier/Formulaire_Creation_Dossier_Input/input_Numero_De_Dossier_FPR' is present

14-02-2025T14:48:53 - [TEST_STEP][PASSED] - verifyElementPresent(findTestObject("Object Repository/ANEF_Eloignement_V_Nawres/Page_Formulaire_Creation_Dossier/Formulaire_Creation_Dossier_Input/input_Numero_Dossier_Interne"), 1, STOP_ON_FAILURE): Object 'Object Repository/ANEF_Eloignement_V_Nawres/Page_Formulaire_Creation_Dossier/Formulaire_Creation_Dossier_Input/input_Numero_Dossier_Interne' is present

14-02-2025T14:48:53 - [MESSAGE][INFO] - Finding Test Object 'Object Repository/ANEF_Eloignement_V_Nawres/Page_Formulaire_Creation_Dossier/Formulaire_Creation_Dossier_Input/input_Numero_Dossier_Interne'

14-02-2025T14:48:53 - [MESSAGE][INFO] - Checking object

14-02-2025T14:48:53 - [MESSAGE][INFO] - Finding web element from Test Object's properties

14-02-2025T14:48:53 - [MESSAGE][INFO] - Checking timeout

14-02-2025T14:48:53 - [MESSAGE][INFO] - Finding web element with id: 'Object Repository/ANEF_Eloignement_V_Nawres/Page_Formulaire_Creation_Dossier/Formulaire_Creation_Dossier_Input/input_Numero_Dossier_Interne' located by 'By.xpath: //*[@id="numero_dossier_interne"]' in '1' second(s)

14-02-2025T14:48:53 - [MESSAGE][INFO] - Found 1 web elements with id: 'Object Repository/ANEF_Eloignement_V_Nawres/Page_Formulaire_Creation_Dossier/Formulaire_Creation_Dossier_Input/input_Numero_Dossier_Interne' located by 'By.xpath: //*[@id="numero_dossier_interne"]' in '1' second(s)

14-02-2025T14:48:53 - [MESSAGE][PASSED] - Object 'Object Repository/ANEF_Eloignement_V_Nawres/Page_Formulaire_Creation_Dossier/Formulaire_Creation_Dossier_Input/input_Numero_Dossier_Interne' is present

14-02-2025T14:48:53 - [TEST_STEP][PASSED] - verifyElementPresent(findTestObject("Object Repository/ANEF_Eloignement_V_Nawres/Page_Formulaire_Creation_Dossier/Formulaire_Creation_Dossier_Accordeon/Acc_Etat_Civil"), 1, STOP_ON_FAILURE): Object 'Object Repository/ANEF_Eloignement_V_Nawres/Page_Formulaire_Creation_Dossier/Formulaire_Creation_Dossier_Accordeon/Acc_Etat_Civil' is present

14-02-2025T14:48:53 - [MESSAGE][INFO] - Finding Test Object 'Object Repository/ANEF_Eloignement_V_Nawres/Page_Formulaire_Creation_Dossier/Formulaire_Creation_Dossier_Accordeon/Acc_Etat_Civil'

14-02-2025T14:48:53 - [MESSAGE][INFO] - Checking object

14-02-2025T14:48:53 - [MESSAGE][INFO] - Finding web element from Test Object's properties

14-02-2025T14:48:53 - [MESSAGE][INFO] - Checking timeout

14-02-2025T14:48:53 - [MESSAGE][INFO] - Finding web element with id: 'Object Repository/ANEF_Eloignement_V_Nawres/Page_Formulaire_Creation_Dossier/Formulaire_Creation_Dossier_Accordeon/Acc_Etat_Civil' located by 'By.xpath: //*[@id="accordeon-fiche-etat-civil"]/section/h3/button[contains(text(),"Ã‰tat civil")]' in '1' second(s)

14-02-2025T14:48:53 - [MESSAGE][INFO] - Found 1 web elements with id: 'Object Repository/ANEF_Eloignement_V_Nawres/Page_Formulaire_Creation_Dossier/Formulaire_Creation_Dossier_Accordeon/Acc_Etat_Civil' located by 'By.xpath: //*[@id="accordeon-fiche-etat-civil"]/section/h3/button[contains(text(),"Ã‰tat civil")]' in '1' second(s)

14-02-2025T14:48:53 - [MESSAGE][PASSED] - Object 'Object Repository/ANEF_Eloignement_V_Nawres/Page_Formulaire_Creation_Dossier/Formulaire_Creation_Dossier_Accordeon/Acc_Etat_Civil' is present

14-02-2025T14:48:53 - [TEST_STEP][PASSED] - verifyElementPresent(findTestObject("Object Repository/ANEF_Eloignement_V_Nawres/Page_Formulaire_Creation_Dossier/Formulaire_Creation_Dossier_Menu/Menu_Fiche_Etat_Civil"), 1, STOP_ON_FAILURE): Object 'Object Repository/ANEF_Eloignement_V_Nawres/Page_Formulaire_Creation_Dossier/Formulaire_Creation_Dossier_Menu/Menu_Fiche_Etat_Civil' is present

14-02-2025T14:48:53 - [MESSAGE][INFO] - Finding Test Object 'Object Repository/ANEF_Eloignement_V_Nawres/Page_Formulaire_Creation_Dossier/Formulaire_Creation_Dossier_Menu/Menu_Fiche_Etat_Civil'

14-02-2025T14:48:53 - [MESSAGE][INFO] - Checking object

14-02-2025T14:48:53 - [MESSAGE][INFO] - Finding web element from Test Object's properties

14-02-2025T14:48:53 - [MESSAGE][INFO] - Checking timeout

14-02-2025T14:48:53 - [MESSAGE][INFO] - Finding web element with id: 'Object Repository/ANEF_Eloignement_V_Nawres/Page_Formulaire_Creation_Dossier/Formulaire_Creation_Dossier_Menu/Menu_Fiche_Etat_Civil' located by 'By.xpath: /html/body/app-root/app-layout-borderless/div[3]/app-prise-mesure/div/app-dsfr-onglet-tab/div/div[1]/app-fiche-etranger/div/div[1]/app-dsfr-sidemenu/nav/div/div/ul[2]/li/a' in '1' second(s)

14-02-2025T14:48:53 - [MESSAGE][INFO] - Found 1 web elements with id: 'Object Repository/ANEF_Eloignement_V_Nawres/Page_Formulaire_Creation_Dossier/Formulaire_Creation_Dossier_Menu/Menu_Fiche_Etat_Civil' located by 'By.xpath: /html/body/app-root/app-layout-borderless/div[3]/app-prise-mesure/div/app-dsfr-onglet-tab/div/div[1]/app-fiche-etranger/div/div[1]/app-dsfr-sidemenu/nav/div/div/ul[2]/li/a' in '1' second(s)

14-02-2025T14:48:53 - [MESSAGE][PASSED] - Object 'Object Repository/ANEF_Eloignement_V_Nawres/Page_Formulaire_Creation_Dossier/Formulaire_Creation_Dossier_Menu/Menu_Fiche_Etat_Civil' is present

14-02-2025T14:48:53 - [TEST_STEP][PASSED] - verifyElementPresent(findTestObject("Object Repository/ANEF_Eloignement_V_Nawres/Page_Formulaire_Creation_Dossier/Formulaire_Creation_Dossier_Menu/Menu_Biometrie"), 1, STOP_ON_FAILURE): Object 'Object Repository/ANEF_Eloignement_V_Nawres/Page_Formulaire_Creation_Dossier/Formulaire_Creation_Dossier_Menu/Menu_Biometrie' is present

14-02-2025T14:48:53 - [MESSAGE][INFO] - Finding Test Object 'Object Repository/ANEF_Eloignement_V_Nawres/Page_Formulaire_Creation_Dossier/Formulaire_Creation_Dossier_Menu/Menu_Biometrie'

14-02-2025T14:48:53 - [MESSAGE][INFO] - Checking object

14-02-2025T14:48:53 - [MESSAGE][INFO] - Finding web element from Test Object's properties

14-02-2025T14:48:53 - [MESSAGE][INFO] - Checking timeout

14-02-2025T14:48:53 - [MESSAGE][INFO] - Finding web element with id: 'Object Repository/ANEF_Eloignement_V_Nawres/Page_Formulaire_Creation_Dossier/Formulaire_Creation_Dossier_Menu/Menu_Biometrie' located by 'By.xpath: /html/body/app-root/app-layout-borderless/div[3]/app-prise-mesure/div/app-dsfr-onglet-tab/div/div[1]/app-fiche-etranger/div/div[1]/app-dsfr-sidemenu/nav/div/div/ul[3]/li' in '1' second(s)

14-02-2025T14:48:53 - [MESSAGE][INFO] - Found 1 web elements with id: 'Object Repository/ANEF_Eloignement_V_Nawres/Page_Formulaire_Creation_Dossier/Formulaire_Creation_Dossier_Menu/Menu_Biometrie' located by 'By.xpath: /html/body/app-root/app-layout-borderless/div[3]/app-prise-mesure/div/app-dsfr-onglet-tab/div/div[1]/app-fiche-etranger/div/div[1]/app-dsfr-sidemenu/nav/div/div/ul[3]/li' in '1' second(s)

14-02-2025T14:48:53 - [MESSAGE][PASSED] - Object 'Object Repository/ANEF_Eloignement_V_Nawres/Page_Formulaire_Creation_Dossier/Formulaire_Creation_Dossier_Menu/Menu_Biometrie' is present

14-02-2025T14:48:53 - [TEST_STEP][PASSED] - verifyElementPresent(findTestObject("Object Repository/ANEF_Eloignement_V_Nawres/Page_Formulaire_Creation_Dossier/Formulaire_Creation_Dossier_Accordeon/Acc_ Conditions_D_Entree_En_France"), 1, STOP_ON_FAILURE): Object 'Object Repository/ANEF_Eloignement_V_Nawres/Page_Formulaire_Creation_Dossier/Formulaire_Creation_Dossier_Accordeon/Acc_ Conditions_D_Entree_En_France' is present

14-02-2025T14:48:53 - [MESSAGE][INFO] - Finding Test Object 'Object Repository/ANEF_Eloignement_V_Nawres/Page_Formulaire_Creation_Dossier/Formulaire_Creation_Dossier_Accordeon/Acc_ Conditions_D_Entree_En_France'

14-02-2025T14:48:53 - [MESSAGE][INFO] - Checking object

14-02-2025T14:48:53 - [MESSAGE][INFO] - Finding web element from Test Object's properties

14-02-2025T14:48:53 - [MESSAGE][INFO] - Checking timeout

14-02-2025T14:48:53 - [MESSAGE][INFO] - Finding web element with id: 'Object Repository/ANEF_Eloignement_V_Nawres/Page_Formulaire_Creation_Dossier/Formulaire_Creation_Dossier_Accordeon/Acc_ Conditions_D_Entree_En_France' located by 'By.xpath: //*[@id="accordeon-condition-entree-france"]/section/h3/button' in '1' second(s)

14-02-2025T14:48:53 - [MESSAGE][INFO] - Found 1 web elements with id: 'Object Repository/ANEF_Eloignement_V_Nawres/Page_Formulaire_Creation_Dossier/Formulaire_Creation_Dossier_Accordeon/Acc_ Conditions_D_Entree_En_France' located by 'By.xpath: //*[@id="accordeon-condition-entree-france"]/section/h3/button' in '1' second(s)

14-02-2025T14:48:53 - [MESSAGE][PASSED] - Object 'Object Repository/ANEF_Eloignement_V_Nawres/Page_Formulaire_Creation_Dossier/Formulaire_Creation_Dossier_Accordeon/Acc_ Conditions_D_Entree_En_France' is present

14-02-2025T14:48:53 - [TEST_STEP][PASSED] - verifyElementPresent(findTestObject("Object Repository/ANEF_Eloignement_V_Nawres/Page_Formulaire_Creation_Dossier/Formulaire_Creation_Dossier_Accordeon/Acc_ Conditions_D_Entree_En_France"), 1, STOP_ON_FAILURE): Object 'Object Repository/ANEF_Eloignement_V_Nawres/Page_Formulaire_Creation_Dossier/Formulaire_Creation_Dossier_Accordeon/Acc_ Conditions_D_Entree_En_France' is present

14-02-2025T14:48:53 - [MESSAGE][INFO] - Finding Test Object 'Object Repository/ANEF_Eloignement_V_Nawres/Page_Formulaire_Creation_Dossier/Formulaire_Creation_Dossier_Accordeon/Acc_ Conditions_D_Entree_En_France'

14-02-2025T14:48:53 - [MESSAGE][INFO] - Checking object

14-02-2025T14:48:53 - [MESSAGE][INFO] - Finding web element from Test Object's properties

14-02-2025T14:48:53 - [MESSAGE][INFO] - Checking timeout

14-02-2025T14:48:53 - [MESSAGE][INFO] - Finding web element with id: 'Object Repository/ANEF_Eloignement_V_Nawres/Page_Formulaire_Creation_Dossier/Formulaire_Creation_Dossier_Accordeon/Acc_ Conditions_D_Entree_En_France' located by 'By.xpath: //*[@id="accordeon-condition-entree-france"]/section/h3/button' in '1' second(s)

14-02-2025T14:48:53 - [MESSAGE][INFO] - Found 1 web elements with id: 'Object Repository/ANEF_Eloignement_V_Nawres/Page_Formulaire_Creation_Dossier/Formulaire_Creation_Dossier_Accordeon/Acc_ Conditions_D_Entree_En_France' located by 'By.xpath: //*[@id="accordeon-condition-entree-france"]/section/h3/button' in '1' second(s)

14-02-2025T14:48:53 - [MESSAGE][PASSED] - Object 'Object Repository/ANEF_Eloignement_V_Nawres/Page_Formulaire_Creation_Dossier/Formulaire_Creation_Dossier_Accordeon/Acc_ Conditions_D_Entree_En_France' is present

14-02-2025T14:48:53 - [TEST_STEP][PASSED] - verifyElementPresent(findTestObject("Object Repository/ANEF_Eloignement_V_Nawres/Page_Formulaire_Creation_Dossier/Formulaire_Creation_Dossier_Menu/Menu_Antecedents_Administratifs"), 1, STOP_ON_FAILURE): Object 'Object Repository/ANEF_Eloignement_V_Nawres/Page_Formulaire_Creation_Dossier/Formulaire_Creation_Dossier_Menu/Menu_Antecedents_Administratifs' is present

14-02-2025T14:48:53 - [MESSAGE][INFO] - Finding Test Object 'Object Repository/ANEF_Eloignement_V_Nawres/Page_Formulaire_Creation_Dossier/Formulaire_Creation_Dossier_Menu/Menu_Antecedents_Administratifs'

14-02-2025T14:48:53 - [MESSAGE][INFO] - Checking object

14-02-2025T14:48:53 - [MESSAGE][INFO] - Finding web element from Test Object's properties

14-02-2025T14:48:53 - [MESSAGE][INFO] - Checking timeout

14-02-2025T14:48:53 - [MESSAGE][INFO] - Finding web element with id: 'Object Repository/ANEF_Eloignement_V_Nawres/Page_Formulaire_Creation_Dossier/Formulaire_Creation_Dossier_Menu/Menu_Antecedents_Administratifs' located by 'By.xpath: /html/body/app-root/app-layout-borderless/div[3]/app-prise-mesure/div/app-dsfr-onglet-tab/div/div[1]/app-fiche-etranger/div/div[1]/app-dsfr-sidemenu/nav/div/div/ul[6]/li/a' in '1' second(s)

14-02-2025T14:48:53 - [MESSAGE][INFO] - Found 1 web elements with id: 'Object Repository/ANEF_Eloignement_V_Nawres/Page_Formulaire_Creation_Dossier/Formulaire_Creation_Dossier_Menu/Menu_Antecedents_Administratifs' located by 'By.xpath: /html/body/app-root/app-layout-borderless/div[3]/app-prise-mesure/div/app-dsfr-onglet-tab/div/div[1]/app-fiche-etranger/div/div[1]/app-dsfr-sidemenu/nav/div/div/ul[6]/li/a' in '1' second(s)

14-02-2025T14:48:53 - [MESSAGE][PASSED] - Object 'Object Repository/ANEF_Eloignement_V_Nawres/Page_Formulaire_Creation_Dossier/Formulaire_Creation_Dossier_Menu/Menu_Antecedents_Administratifs' is present

14-02-2025T14:48:53 - [TEST_STEP][PASSED] - verifyElementPresent(findTestObject("Object Repository/ANEF_Eloignement_V_Nawres/Page_Formulaire_Creation_Dossier/Formulaire_Creation_Dossier_Accordeon/Acc_Documents_De_Voyage"), 1, STOP_ON_FAILURE): Object 'Object Repository/ANEF_Eloignement_V_Nawres/Page_Formulaire_Creation_Dossier/Formulaire_Creation_Dossier_Accordeon/Acc_Documents_De_Voyage' is present

14-02-2025T14:48:53 - [MESSAGE][INFO] - Finding Test Object 'Object Repository/ANEF_Eloignement_V_Nawres/Page_Formulaire_Creation_Dossier/Formulaire_Creation_Dossier_Accordeon/Acc_Documents_De_Voyage'

14-02-2025T14:48:53 - [MESSAGE][INFO] - Checking object

14-02-2025T14:48:53 - [MESSAGE][INFO] - Finding web element from Test Object's properties

14-02-2025T14:48:53 - [MESSAGE][INFO] - Checking timeout

14-02-2025T14:48:53 - [MESSAGE][INFO] - Finding web element with id: 'Object Repository/ANEF_Eloignement_V_Nawres/Page_Formulaire_Creation_Dossier/Formulaire_Creation_Dossier_Accordeon/Acc_Documents_De_Voyage' located by 'By.xpath: //*[@id="documents_de_voyage"]/app-accordeon-documents-de-voyage/section/h3/button|//*[@id="accordeon-documents-de-voyage"]/section/h3/button' in '1' second(s)

14-02-2025T14:48:53 - [MESSAGE][INFO] - Found 1 web elements with id: 'Object Repository/ANEF_Eloignement_V_Nawres/Page_Formulaire_Creation_Dossier/Formulaire_Creation_Dossier_Accordeon/Acc_Documents_De_Voyage' located by 'By.xpath: //*[@id="documents_de_voyage"]/app-accordeon-documents-de-voyage/section/h3/button|//*[@id="accordeon-documents-de-voyage"]/section/h3/button' in '1' second(s)

14-02-2025T14:48:53 - [MESSAGE][PASSED] - Object 'Object Repository/ANEF_Eloignement_V_Nawres/Page_Formulaire_Creation_Dossier/Formulaire_Creation_Dossier_Accordeon/Acc_Documents_De_Voyage' is present

14-02-2025T14:48:53 - [TEST_STEP][PASSED] - verifyElementPresent(findTestObject("Object Repository/ANEF_Eloignement_V_Nawres/Page_Formulaire_Creation_Dossier/Formulaire_Creation_Dossier_Menu/Menu_Documents_De_Voyage"), 1, STOP_ON_FAILURE): Object 'Object Repository/ANEF_Eloignement_V_Nawres/Page_Formulaire_Creation_Dossier/Formulaire_Creation_Dossier_Menu/Menu_Documents_De_Voyage' is present

14-02-2025T14:48:53 - [MESSAGE][INFO] - Finding Test Object 'Object Repository/ANEF_Eloignement_V_Nawres/Page_Formulaire_Creation_Dossier/Formulaire_Creation_Dossier_Menu/Menu_Documents_De_Voyage'

14-02-2025T14:48:53 - [MESSAGE][INFO] - Checking object

14-02-2025T14:48:53 - [MESSAGE][INFO] - Finding web element from Test Object's properties

14-02-2025T14:48:53 - [MESSAGE][INFO] - Checking timeout

14-02-2025T14:48:53 - [MESSAGE][INFO] - Finding web element with id: 'Object Repository/ANEF_Eloignement_V_Nawres/Page_Formulaire_Creation_Dossier/Formulaire_Creation_Dossier_Menu/Menu_Documents_De_Voyage' located by 'By.xpath: /html/body/app-root/app-layout-borderless/div[3]/app-prise-mesure/div/app-dsfr-onglet-tab/div/div[1]/app-fiche-etranger/div/div[1]/app-dsfr-sidemenu/nav/div/div/ul[7]/li/a' in '1' second(s)

14-02-2025T14:48:54 - [MESSAGE][INFO] - Found 1 web elements with id: 'Object Repository/ANEF_Eloignement_V_Nawres/Page_Formulaire_Creation_Dossier/Formulaire_Creation_Dossier_Menu/Menu_Documents_De_Voyage' located by 'By.xpath: /html/body/app-root/app-layout-borderless/div[3]/app-prise-mesure/div/app-dsfr-onglet-tab/div/div[1]/app-fiche-etranger/div/div[1]/app-dsfr-sidemenu/nav/div/div/ul[7]/li/a' in '1' second(s)

14-02-2025T14:48:54 - [MESSAGE][PASSED] - Object 'Object Repository/ANEF_Eloignement_V_Nawres/Page_Formulaire_Creation_Dossier/Formulaire_Creation_Dossier_Menu/Menu_Documents_De_Voyage' is present

14-02-2025T14:48:54 - [TEST_STEP][PASSED] - verifyElementPresent(findTestObject("Object Repository/ANEF_Eloignement_V_Nawres/Page_Formulaire_Creation_Dossier/Formulaire_Creation_Dossier_Accordeon/Acc_ Sortant_D_Etablissement_Penitentiaire"), 1, STOP_ON_FAILURE): Object 'Object Repository/ANEF_Eloignement_V_Nawres/Page_Formulaire_Creation_Dossier/Formulaire_Creation_Dossier_Accordeon/Acc_ Sortant_D_Etablissement_Penitentiaire' is present

14-02-2025T14:48:54 - [MESSAGE][INFO] - Finding Test Object 'Object Repository/ANEF_Eloignement_V_Nawres/Page_Formulaire_Creation_Dossier/Formulaire_Creation_Dossier_Accordeon/Acc_ Sortant_D_Etablissement_Penitentiaire'

14-02-2025T14:48:54 - [MESSAGE][INFO] - Checking object

14-02-2025T14:48:54 - [MESSAGE][INFO] - Finding web element from Test Object's properties

14-02-2025T14:48:54 - [MESSAGE][INFO] - Checking timeout

14-02-2025T14:48:54 - [MESSAGE][INFO] - Finding web element with id: 'Object Repository/ANEF_Eloignement_V_Nawres/Page_Formulaire_Creation_Dossier/Formulaire_Creation_Dossier_Accordeon/Acc_ Sortant_D_Etablissement_Penitentiaire' located by 'By.xpath: //*[@id="sortant_etablissement_penitentiaire"]/app-accordeaon-sortant-etablissement-penitentiaire/section/h3/button|//*[@id="sortant_etablissement_penitentiaire"]/app-accordeaon-sortant-etablissement-penitentiaire/section/h3/button' in '1' second(s)

14-02-2025T14:48:54 - [MESSAGE][INFO] - Found 1 web elements with id: 'Object Repository/ANEF_Eloignement_V_Nawres/Page_Formulaire_Creation_Dossier/Formulaire_Creation_Dossier_Accordeon/Acc_ Sortant_D_Etablissement_Penitentiaire' located by 'By.xpath: //*[@id="sortant_etablissement_penitentiaire"]/app-accordeaon-sortant-etablissement-penitentiaire/section/h3/button|//*[@id="sortant_etablissement_penitentiaire"]/app-accordeaon-sortant-etablissement-penitentiaire/section/h3/button' in '1' second(s)

14-02-2025T14:48:54 - [MESSAGE][PASSED] - Object 'Object Repository/ANEF_Eloignement_V_Nawres/Page_Formulaire_Creation_Dossier/Formulaire_Creation_Dossier_Accordeon/Acc_ Sortant_D_Etablissement_Penitentiaire' is present

14-02-2025T14:48:54 - [TEST_STEP][PASSED] - verifyElementPresent(findTestObject("Object Repository/ANEF_Eloignement_V_Nawres/Page_Formulaire_Creation_Dossier/Formulaire_Creation_Dossier_Menu/Menu_Sortant_D_Etablissement_Penitentiaire"), 1, STOP_ON_FAILURE): Object 'Object Repository/ANEF_Eloignement_V_Nawres/Page_Formulaire_Creation_Dossier/Formulaire_Creation_Dossier_Menu/Menu_Sortant_D_Etablissement_Penitentiaire' is present

14-02-2025T14:48:54 - [MESSAGE][INFO] - Finding Test Object 'Object Repository/ANEF_Eloignement_V_Nawres/Page_Formulaire_Creation_Dossier/Formulaire_Creation_Dossier_Menu/Menu_Sortant_D_Etablissement_Penitentiaire'

14-02-2025T14:48:54 - [MESSAGE][INFO] - Checking object

14-02-2025T14:48:54 - [MESSAGE][INFO] - Finding web element from Test Object's properties

14-02-2025T14:48:54 - [MESSAGE][INFO] - Checking timeout

14-02-2025T14:48:54 - [MESSAGE][INFO] - Finding web element with id: 'Object Repository/ANEF_Eloignement_V_Nawres/Page_Formulaire_Creation_Dossier/Formulaire_Creation_Dossier_Menu/Menu_Sortant_D_Etablissement_Penitentiaire' located by 'By.xpath: /html/body/app-root/app-layout-borderless/div[3]/app-prise-mesure/div/app-dsfr-onglet-tab/div/div[1]/app-fiche-etranger/div/div[1]/app-dsfr-sidemenu/nav/div/div/ul[9]/li/a' in '1' second(s)

14-02-2025T14:48:54 - [MESSAGE][INFO] - Found 1 web elements with id: 'Object Repository/ANEF_Eloignement_V_Nawres/Page_Formulaire_Creation_Dossier/Formulaire_Creation_Dossier_Menu/Menu_Sortant_D_Etablissement_Penitentiaire' located by 'By.xpath: /html/body/app-root/app-layout-borderless/div[3]/app-prise-mesure/div/app-dsfr-onglet-tab/div/div[1]/app-fiche-etranger/div/div[1]/app-dsfr-sidemenu/nav/div/div/ul[9]/li/a' in '1' second(s)

14-02-2025T14:48:54 - [MESSAGE][PASSED] - Object 'Object Repository/ANEF_Eloignement_V_Nawres/Page_Formulaire_Creation_Dossier/Formulaire_Creation_Dossier_Menu/Menu_Sortant_D_Etablissement_Penitentiaire' is present

14-02-2025T14:48:54 - [TEST_STEP][PASSED] - verifyElementPresent(findTestObject("Object Repository/ANEF_Eloignement_V_Nawres/Page_Formulaire_Creation_Dossier/Formulaire_Creation_Dossier_Menu/Menu_Consultations_Securitaires"), 1, STOP_ON_FAILURE): Object 'Object Repository/ANEF_Eloignement_V_Nawres/Page_Formulaire_Creation_Dossier/Formulaire_Creation_Dossier_Menu/Menu_Consultations_Securitaires' is present

14-02-2025T14:48:54 - [MESSAGE][INFO] - Finding Test Object 'Object Repository/ANEF_Eloignement_V_Nawres/Page_Formulaire_Creation_Dossier/Formulaire_Creation_Dossier_Menu/Menu_Consultations_Securitaires'

14-02-2025T14:48:54 - [MESSAGE][INFO] - Checking object

14-02-2025T14:48:54 - [MESSAGE][INFO] - Finding web element from Test Object's properties

14-02-2025T14:48:54 - [MESSAGE][INFO] - Checking timeout

14-02-2025T14:48:54 - [MESSAGE][INFO] - Finding web element with id: 'Object Repository/ANEF_Eloignement_V_Nawres/Page_Formulaire_Creation_Dossier/Formulaire_Creation_Dossier_Menu/Menu_Consultations_Securitaires' located by 'By.xpath: /html/body/app-root/app-layout-borderless/div[3]/app-prise-mesure/div/app-dsfr-onglet-tab/div/div[1]/app-fiche-etranger/div/div[1]/app-dsfr-sidemenu/nav/div/div/ul[10]/li/a' in '1' second(s)

14-02-2025T14:48:54 - [MESSAGE][INFO] - Found 1 web elements with id: 'Object Repository/ANEF_Eloignement_V_Nawres/Page_Formulaire_Creation_Dossier/Formulaire_Creation_Dossier_Menu/Menu_Consultations_Securitaires' located by 'By.xpath: /html/body/app-root/app-layout-borderless/div[3]/app-prise-mesure/div/app-dsfr-onglet-tab/div/div[1]/app-fiche-etranger/div/div[1]/app-dsfr-sidemenu/nav/div/div/ul[10]/li/a' in '1' second(s)

14-02-2025T14:48:54 - [MESSAGE][PASSED] - Object 'Object Repository/ANEF_Eloignement_V_Nawres/Page_Formulaire_Creation_Dossier/Formulaire_Creation_Dossier_Menu/Menu_Consultations_Securitaires' is present

14-02-2025T14:48:54 - [TEST_STEP][PASSED] - "Remplir les champs obligatoire du formulaire": null

14-02-2025T14:48:54 - [TEST_STEP][PASSED] - RandomNom = tools.MyStringTools.genererChaineAleatoire(5): tools.MyStringTools.genererChaineAleatoire is PASSED

14-02-2025T14:48:54 - [MESSAGE][PASSED] - tools.MyStringTools.genererChaineAleatoire is PASSED

14-02-2025T14:48:54 - [TEST_STEP][PASSED] - println(RandomNom): null

14-02-2025T14:48:54 - [TEST_STEP][PASSED] - setText(findTestObject("Object Repository/ANEF_Eloignement_V_Nawres/Page_Formulaire_Creation_Dossier/Formulaire_Creation_Dossier_Input/input_Nom"), RandomNom, STOP_ON_FAILURE): Text 'JsFpd' is set on object 'Object Repository/ANEF_Eloignement_V_Nawres/Page_Formulaire_Creation_Dossier/Formulaire_Creation_Dossier_Input/input_Nom'

14-02-2025T14:48:54 - [MESSAGE][INFO] - Finding Test Object 'Object Repository/ANEF_Eloignement_V_Nawres/Page_Formulaire_Creation_Dossier/Formulaire_Creation_Dossier_Input/input_Nom'

14-02-2025T14:48:54 - [MESSAGE][INFO] - Checking timeout

14-02-2025T14:48:54 - [MESSAGE][INFO] - Finding web element with id: 'Object Repository/ANEF_Eloignement_V_Nawres/Page_Formulaire_Creation_Dossier/Formulaire_Creation_Dossier_Input/input_Nom' located by 'By.xpath: //input[@id="nom"]' in '20' second(s)

14-02-2025T14:48:54 - [MESSAGE][INFO] - Found 1 web elements with id: 'Object Repository/ANEF_Eloignement_V_Nawres/Page_Formulaire_Creation_Dossier/Formulaire_Creation_Dossier_Input/input_Nom' located by 'By.xpath: //input[@id="nom"]' in '20' second(s)

14-02-2025T14:48:54 - [MESSAGE][INFO] - Checking object

14-02-2025T14:48:54 - [MESSAGE][INFO] - Checking text

14-02-2025T14:48:54 - [MESSAGE][INFO] - Finding web element from Test Object's properties

14-02-2025T14:48:54 - [MESSAGE][INFO] - Checking timeout

14-02-2025T14:48:54 - [MESSAGE][INFO] - Finding web element with id: 'Object Repository/ANEF_Eloignement_V_Nawres/Page_Formulaire_Creation_Dossier/Formulaire_Creation_Dossier_Input/input_Nom' located by 'By.xpath: //input[@id="nom"]' in '100' second(s)

14-02-2025T14:48:54 - [MESSAGE][INFO] - Found 1 web elements with id: 'Object Repository/ANEF_Eloignement_V_Nawres/Page_Formulaire_Creation_Dossier/Formulaire_Creation_Dossier_Input/input_Nom' located by 'By.xpath: //input[@id="nom"]' in '100' second(s)

14-02-2025T14:48:54 - [MESSAGE][INFO] - Clearing text of object 'Object Repository/ANEF_Eloignement_V_Nawres/Page_Formulaire_Creation_Dossier/Formulaire_Creation_Dossier_Input/input_Nom'

14-02-2025T14:48:55 - [MESSAGE][INFO] - Finding web element from Test Object's properties

14-02-2025T14:48:55 - [MESSAGE][INFO] - Checking timeout

14-02-2025T14:48:55 - [MESSAGE][INFO] - Finding web element with id: 'Object Repository/ANEF_Eloignement_V_Nawres/Page_Formulaire_Creation_Dossier/Formulaire_Creation_Dossier_Input/input_Nom' located by 'By.xpath: //input[@id="nom"]' in '100' second(s)

14-02-2025T14:48:55 - [MESSAGE][INFO] - Found 1 web elements with id: 'Object Repository/ANEF_Eloignement_V_Nawres/Page_Formulaire_Creation_Dossier/Formulaire_Creation_Dossier_Input/input_Nom' located by 'By.xpath: //input[@id="nom"]' in '100' second(s)

14-02-2025T14:48:55 - [MESSAGE][INFO] - Setting text of object 'Object Repository/ANEF_Eloignement_V_Nawres/Page_Formulaire_Creation_Dossier/Formulaire_Creation_Dossier_Input/input_Nom' to value 'JsFpd'

14-02-2025T14:48:56 - [MESSAGE][PASSED] - Text 'JsFpd' is set on object 'Object Repository/ANEF_Eloignement_V_Nawres/Page_Formulaire_Creation_Dossier/Formulaire_Creation_Dossier_Input/input_Nom'

14-02-2025T14:48:56 - [TEST_STEP][PASSED] - if (Sexe == "Femme"): Object: 'Object Repository/ANEF_Eloignement_V_Nawres/Page_Formulaire_Creation_Dossier/Formulaire_Creation_Dossier_Input/btn_radio_Sexe_F' is clicked on

14-02-2025T14:48:56 - [TEST_STEP][PASSED] - click(findTestObject("Object Repository/ANEF_Eloignement_V_Nawres/Page_Formulaire_Creation_Dossier/Formulaire_Creation_Dossier_Input/btn_radio_Sexe_F"), STOP_ON_FAILURE): Object: 'Object Repository/ANEF_Eloignement_V_Nawres/Page_Formulaire_Creation_Dossier/Formulaire_Creation_Dossier_Input/btn_radio_Sexe_F' is clicked on

14-02-2025T14:48:56 - [MESSAGE][INFO] - Finding Test Object 'Object Repository/ANEF_Eloignement_V_Nawres/Page_Formulaire_Creation_Dossier/Formulaire_Creation_Dossier_Input/btn_radio_Sexe_F'

14-02-2025T14:48:56 - [MESSAGE][INFO] - Checking timeout

14-02-2025T14:48:56 - [MESSAGE][INFO] - Finding web element with id: 'Object Repository/ANEF_Eloignement_V_Nawres/Page_Formulaire_Creation_Dossier/Formulaire_Creation_Dossier_Input/btn_radio_Sexe_F' located by 'By.xpath: //label[contains(text()," FÃ©minin")]' in '20' second(s)

14-02-2025T14:48:56 - [MESSAGE][INFO] - Found 1 web elements with id: 'Object Repository/ANEF_Eloignement_V_Nawres/Page_Formulaire_Creation_Dossier/Formulaire_Creation_Dossier_Input/btn_radio_Sexe_F' located by 'By.xpath: //label[contains(text()," FÃ©minin")]' in '20' second(s)

14-02-2025T14:48:56 - [MESSAGE][INFO] - Checking object

14-02-2025T14:48:56 - [MESSAGE][INFO] - Checking timeout

14-02-2025T14:48:56 - [MESSAGE][INFO] - Finding web element from Test Object's properties

14-02-2025T14:48:56 - [MESSAGE][INFO] - Checking timeout

14-02-2025T14:48:56 - [MESSAGE][INFO] - Finding web element with id: 'Object Repository/ANEF_Eloignement_V_Nawres/Page_Formulaire_Creation_Dossier/Formulaire_Creation_Dossier_Input/btn_radio_Sexe_F' located by 'By.xpath: //label[contains(text()," FÃ©minin")]' in '100' second(s)

14-02-2025T14:48:56 - [MESSAGE][INFO] - Found 1 web elements with id: 'Object Repository/ANEF_Eloignement_V_Nawres/Page_Formulaire_Creation_Dossier/Formulaire_Creation_Dossier_Input/btn_radio_Sexe_F' located by 'By.xpath: //label[contains(text()," FÃ©minin")]' in '100' second(s)

14-02-2025T14:48:56 - [MESSAGE][INFO] - Clicking on object: 'Object Repository/ANEF_Eloignement_V_Nawres/Page_Formulaire_Creation_Dossier/Formulaire_Creation_Dossier_Input/btn_radio_Sexe_F'

14-02-2025T14:48:57 - [MESSAGE][PASSED] - Object: 'Object Repository/ANEF_Eloignement_V_Nawres/Page_Formulaire_Creation_Dossier/Formulaire_Creation_Dossier_Input/btn_radio_Sexe_F' is clicked on

14-02-2025T14:48:57 - [TEST_STEP][PASSED] - if (Sexe == "Homme"): null

14-02-2025T14:48:57 - [TEST_STEP][PASSED] - click(findTestObject("Object Repository/ANEF_Eloignement_V_Nawres/Page_Formulaire_Creation_Dossier/Formulaire_Creation_Dossier_Input/btn_Radio_Date_Naissance_Approximative"), STOP_ON_FAILURE): Object: 'Object Repository/ANEF_Eloignement_V_Nawres/Page_Formulaire_Creation_Dossier/Formulaire_Creation_Dossier_Input/btn_Radio_Date_Naissance_Approximative' is clicked on

14-02-2025T14:48:57 - [MESSAGE][INFO] - Finding Test Object 'Object Repository/ANEF_Eloignement_V_Nawres/Page_Formulaire_Creation_Dossier/Formulaire_Creation_Dossier_Input/btn_Radio_Date_Naissance_Approximative'

14-02-2025T14:48:57 - [MESSAGE][INFO] - Checking timeout

14-02-2025T14:48:57 - [MESSAGE][INFO] - Finding web element with id: 'Object Repository/ANEF_Eloignement_V_Nawres/Page_Formulaire_Creation_Dossier/Formulaire_Creation_Dossier_Input/btn_Radio_Date_Naissance_Approximative' located by 'By.xpath: //label[contains(text(),' Approximative ')]' in '20' second(s)

14-02-2025T14:48:57 - [MESSAGE][INFO] - Found 1 web elements with id: 'Object Repository/ANEF_Eloignement_V_Nawres/Page_Formulaire_Creation_Dossier/Formulaire_Creation_Dossier_Input/btn_Radio_Date_Naissance_Approximative' located by 'By.xpath: //label[contains(text(),' Approximative ')]' in '20' second(s)

14-02-2025T14:48:57 - [MESSAGE][INFO] - Checking object

14-02-2025T14:48:57 - [MESSAGE][INFO] - Checking timeout

14-02-2025T14:48:57 - [MESSAGE][INFO] - Finding web element from Test Object's properties

14-02-2025T14:48:57 - [MESSAGE][INFO] - Checking timeout

14-02-2025T14:48:57 - [MESSAGE][INFO] - Finding web element with id: 'Object Repository/ANEF_Eloignement_V_Nawres/Page_Formulaire_Creation_Dossier/Formulaire_Creation_Dossier_Input/btn_Radio_Date_Naissance_Approximative' located by 'By.xpath: //label[contains(text(),' Approximative ')]' in '100' second(s)

14-02-2025T14:48:57 - [MESSAGE][INFO] - Found 1 web elements with id: 'Object Repository/ANEF_Eloignement_V_Nawres/Page_Formulaire_Creation_Dossier/Formulaire_Creation_Dossier_Input/btn_Radio_Date_Naissance_Approximative' located by 'By.xpath: //label[contains(text(),' Approximative ')]' in '100' second(s)

14-02-2025T14:48:57 - [MESSAGE][INFO] - Clicking on object: 'Object Repository/ANEF_Eloignement_V_Nawres/Page_Formulaire_Creation_Dossier/Formulaire_Creation_Dossier_Input/btn_Radio_Date_Naissance_Approximative'

14-02-2025T14:48:58 - [MESSAGE][PASSED] - Object: 'Object Repository/ANEF_Eloignement_V_Nawres/Page_Formulaire_Creation_Dossier/Formulaire_Creation_Dossier_Input/btn_Radio_Date_Naissance_Approximative' is clicked on

14-02-2025T14:48:58 - [TEST_STEP][PASSED] - setText(findTestObject("Object Repository/ANEF_Eloignement_V_Nawres/Page_Formulaire_Creation_Dossier/Formulaire_Creation_Dossier_Input/input_Date_De_Naissance_Annee"), AnneeNaissance, STOP_ON_FAILURE): Text '1994' is set on object 'Object Repository/ANEF_Eloignement_V_Nawres/Page_Formulaire_Creation_Dossier/Formulaire_Creation_Dossier_Input/input_Date_De_Naissance_Annee'

14-02-2025T14:48:58 - [MESSAGE][INFO] - Finding Test Object 'Object Repository/ANEF_Eloignement_V_Nawres/Page_Formulaire_Creation_Dossier/Formulaire_Creation_Dossier_Input/input_Date_De_Naissance_Annee'

14-02-2025T14:48:58 - [MESSAGE][INFO] - Checking timeout

14-02-2025T14:48:58 - [MESSAGE][INFO] - Finding web element with id: 'Object Repository/ANEF_Eloignement_V_Nawres/Page_Formulaire_Creation_Dossier/Formulaire_Creation_Dossier_Input/input_Date_De_Naissance_Annee' located by 'By.xpath: //input[@id="annee"]' in '20' second(s)

14-02-2025T14:48:58 - [MESSAGE][INFO] - Found 1 web elements with id: 'Object Repository/ANEF_Eloignement_V_Nawres/Page_Formulaire_Creation_Dossier/Formulaire_Creation_Dossier_Input/input_Date_De_Naissance_Annee' located by 'By.xpath: //input[@id="annee"]' in '20' second(s)

14-02-2025T14:48:58 - [MESSAGE][INFO] - Checking object

14-02-2025T14:48:58 - [MESSAGE][INFO] - Checking text

14-02-2025T14:48:58 - [MESSAGE][INFO] - Finding web element from Test Object's properties

14-02-2025T14:48:58 - [MESSAGE][INFO] - Checking timeout

14-02-2025T14:48:58 - [MESSAGE][INFO] - Finding web element with id: 'Object Repository/ANEF_Eloignement_V_Nawres/Page_Formulaire_Creation_Dossier/Formulaire_Creation_Dossier_Input/input_Date_De_Naissance_Annee' located by 'By.xpath: //input[@id="annee"]' in '100' second(s)

14-02-2025T14:48:58 - [MESSAGE][INFO] - Found 1 web elements with id: 'Object Repository/ANEF_Eloignement_V_Nawres/Page_Formulaire_Creation_Dossier/Formulaire_Creation_Dossier_Input/input_Date_De_Naissance_Annee' located by 'By.xpath: //input[@id="annee"]' in '100' second(s)

14-02-2025T14:48:58 - [MESSAGE][INFO] - Clearing text of object 'Object Repository/ANEF_Eloignement_V_Nawres/Page_Formulaire_Creation_Dossier/Formulaire_Creation_Dossier_Input/input_Date_De_Naissance_Annee'

14-02-2025T14:48:59 - [MESSAGE][INFO] - Finding web element from Test Object's properties

14-02-2025T14:48:59 - [MESSAGE][INFO] - Checking timeout

14-02-2025T14:48:59 - [MESSAGE][INFO] - Finding web element with id: 'Object Repository/ANEF_Eloignement_V_Nawres/Page_Formulaire_Creation_Dossier/Formulaire_Creation_Dossier_Input/input_Date_De_Naissance_Annee' located by 'By.xpath: //input[@id="annee"]' in '100' second(s)

14-02-2025T14:48:59 - [MESSAGE][INFO] - Found 1 web elements with id: 'Object Repository/ANEF_Eloignement_V_Nawres/Page_Formulaire_Creation_Dossier/Formulaire_Creation_Dossier_Input/input_Date_De_Naissance_Annee' located by 'By.xpath: //input[@id="annee"]' in '100' second(s)

14-02-2025T14:48:59 - [MESSAGE][INFO] - Setting text of object 'Object Repository/ANEF_Eloignement_V_Nawres/Page_Formulaire_Creation_Dossier/Formulaire_Creation_Dossier_Input/input_Date_De_Naissance_Annee' to value '1994'

14-02-2025T14:49:01 - [MESSAGE][PASSED] - Text '1994' is set on object 'Object Repository/ANEF_Eloignement_V_Nawres/Page_Formulaire_Creation_Dossier/Formulaire_Creation_Dossier_Input/input_Date_De_Naissance_Annee'

14-02-2025T14:49:01 - [TEST_STEP][PASSED] - if (Nationnalite == "RPT"): All options with label 'ALGERIE' are selected in object 'Object Repository/ANEF_Eloignement_V_Nawres/Page_Formulaire_Creation_Dossier/Formulaire_Creation_Dossier_Input/select_Pays_De_Naissance' 

14-02-2025T14:49:01 - [TEST_STEP][PASSED] - selectOptionByLabel(findTestObject("Object Repository/ANEF_Eloignement_V_Nawres/Page_Formulaire_Creation_Dossier/Formulaire_Creation_Dossier_Input/select_Pays_De_Naissance"), "ALGERIE", false, STOP_ON_FAILURE): All options with label 'ALGERIE' are selected in object 'Object Repository/ANEF_Eloignement_V_Nawres/Page_Formulaire_Creation_Dossier/Formulaire_Creation_Dossier_Input/select_Pays_De_Naissance' 

14-02-2025T14:49:01 - [MESSAGE][INFO] - Finding Test Object 'Object Repository/ANEF_Eloignement_V_Nawres/Page_Formulaire_Creation_Dossier/Formulaire_Creation_Dossier_Input/select_Pays_De_Naissance'

14-02-2025T14:49:01 - [MESSAGE][INFO] - Checking timeout

14-02-2025T14:49:01 - [MESSAGE][INFO] - Finding web element with id: 'Object Repository/ANEF_Eloignement_V_Nawres/Page_Formulaire_Creation_Dossier/Formulaire_Creation_Dossier_Input/select_Pays_De_Naissance' located by 'By.xpath: //select[@id="pays_naissance"]' in '20' second(s)

14-02-2025T14:49:01 - [MESSAGE][INFO] - Found 1 web elements with id: 'Object Repository/ANEF_Eloignement_V_Nawres/Page_Formulaire_Creation_Dossier/Formulaire_Creation_Dossier_Input/select_Pays_De_Naissance' located by 'By.xpath: //select[@id="pays_naissance"]' in '20' second(s)

14-02-2025T14:49:01 - [MESSAGE][INFO] - Checking object

14-02-2025T14:49:01 - [MESSAGE][INFO] - Checking label parameter

14-02-2025T14:49:01 - [MESSAGE][INFO] - Finding web element from Test Object's properties

14-02-2025T14:49:01 - [MESSAGE][INFO] - Checking timeout

14-02-2025T14:49:01 - [MESSAGE][INFO] - Finding web element with id: 'Object Repository/ANEF_Eloignement_V_Nawres/Page_Formulaire_Creation_Dossier/Formulaire_Creation_Dossier_Input/select_Pays_De_Naissance' located by 'By.xpath: //select[@id="pays_naissance"]' in '100' second(s)

14-02-2025T14:49:01 - [MESSAGE][INFO] - Found 1 web elements with id: 'Object Repository/ANEF_Eloignement_V_Nawres/Page_Formulaire_Creation_Dossier/Formulaire_Creation_Dossier_Input/select_Pays_De_Naissance' located by 'By.xpath: //select[@id="pays_naissance"]' in '100' second(s)

14-02-2025T14:49:01 - [MESSAGE][INFO] - Selecting options on object 'Object Repository/ANEF_Eloignement_V_Nawres/Page_Formulaire_Creation_Dossier/Formulaire_Creation_Dossier_Input/select_Pays_De_Naissance' with label 'ALGERIE' 

14-02-2025T14:49:02 - [MESSAGE][PASSED] - All options with label 'ALGERIE' are selected in object 'Object Repository/ANEF_Eloignement_V_Nawres/Page_Formulaire_Creation_Dossier/Formulaire_Creation_Dossier_Input/select_Pays_De_Naissance' 

14-02-2025T14:49:02 - [TEST_STEP][PASSED] - if (Nationnalite == "RUE"): null

14-02-2025T14:49:02 - [TEST_STEP][PASSED] - if (Nationnalite == "RPT"): All options with label 'algÃ©rienne' are selected in object 'Object Repository/ANEF_Eloignement_V_Nawres/Page_Formulaire_Creation_Dossier/Formulaire_Creation_Dossier_Input/select_Nationnalite' 

14-02-2025T14:49:02 - [TEST_STEP][PASSED] - selectOptionByLabel(findTestObject("Object Repository/ANEF_Eloignement_V_Nawres/Page_Formulaire_Creation_Dossier/Formulaire_Creation_Dossier_Input/select_Nationnalite"), "algÃ©rienne", false, STOP_ON_FAILURE): All options with label 'algÃ©rienne' are selected in object 'Object Repository/ANEF_Eloignement_V_Nawres/Page_Formulaire_Creation_Dossier/Formulaire_Creation_Dossier_Input/select_Nationnalite' 

14-02-2025T14:49:02 - [MESSAGE][INFO] - Finding Test Object 'Object Repository/ANEF_Eloignement_V_Nawres/Page_Formulaire_Creation_Dossier/Formulaire_Creation_Dossier_Input/select_Nationnalite'

14-02-2025T14:49:02 - [MESSAGE][INFO] - Checking timeout

14-02-2025T14:49:02 - [MESSAGE][INFO] - Finding web element with id: 'Object Repository/ANEF_Eloignement_V_Nawres/Page_Formulaire_Creation_Dossier/Formulaire_Creation_Dossier_Input/select_Nationnalite' located by 'By.xpath: //select[@id="nationalite"]' in '20' second(s)

14-02-2025T14:49:02 - [MESSAGE][INFO] - Found 1 web elements with id: 'Object Repository/ANEF_Eloignement_V_Nawres/Page_Formulaire_Creation_Dossier/Formulaire_Creation_Dossier_Input/select_Nationnalite' located by 'By.xpath: //select[@id="nationalite"]' in '20' second(s)

14-02-2025T14:49:02 - [MESSAGE][INFO] - Checking object

14-02-2025T14:49:02 - [MESSAGE][INFO] - Checking label parameter

14-02-2025T14:49:02 - [MESSAGE][INFO] - Finding web element from Test Object's properties

14-02-2025T14:49:02 - [MESSAGE][INFO] - Checking timeout

14-02-2025T14:49:02 - [MESSAGE][INFO] - Finding web element with id: 'Object Repository/ANEF_Eloignement_V_Nawres/Page_Formulaire_Creation_Dossier/Formulaire_Creation_Dossier_Input/select_Nationnalite' located by 'By.xpath: //select[@id="nationalite"]' in '100' second(s)

14-02-2025T14:49:02 - [MESSAGE][INFO] - Found 1 web elements with id: 'Object Repository/ANEF_Eloignement_V_Nawres/Page_Formulaire_Creation_Dossier/Formulaire_Creation_Dossier_Input/select_Nationnalite' located by 'By.xpath: //select[@id="nationalite"]' in '100' second(s)

14-02-2025T14:49:02 - [MESSAGE][INFO] - Selecting options on object 'Object Repository/ANEF_Eloignement_V_Nawres/Page_Formulaire_Creation_Dossier/Formulaire_Creation_Dossier_Input/select_Nationnalite' with label 'algÃ©rienne' 

14-02-2025T14:49:03 - [MESSAGE][PASSED] - All options with label 'algÃ©rienne' are selected in object 'Object Repository/ANEF_Eloignement_V_Nawres/Page_Formulaire_Creation_Dossier/Formulaire_Creation_Dossier_Input/select_Nationnalite' 

14-02-2025T14:49:03 - [TEST_STEP][PASSED] - if (Nationnalite == "RUE"): null

14-02-2025T14:49:03 - [TEST_STEP][PASSED] - if (Nationnalite == "RPT"): Text 'Wahran' is set on object 'Object Repository/ANEF_Eloignement_V_Nawres/Page_Formulaire_Creation_Dossier/Formulaire_Creation_Dossier_Input/input_Lieu_De_Naissance'

14-02-2025T14:49:03 - [TEST_STEP][PASSED] - setText(findTestObject("Object Repository/ANEF_Eloignement_V_Nawres/Page_Formulaire_Creation_Dossier/Formulaire_Creation_Dossier_Input/input_Lieu_De_Naissance"), "Wahran", STOP_ON_FAILURE): Text 'Wahran' is set on object 'Object Repository/ANEF_Eloignement_V_Nawres/Page_Formulaire_Creation_Dossier/Formulaire_Creation_Dossier_Input/input_Lieu_De_Naissance'

14-02-2025T14:49:03 - [MESSAGE][INFO] - Finding Test Object 'Object Repository/ANEF_Eloignement_V_Nawres/Page_Formulaire_Creation_Dossier/Formulaire_Creation_Dossier_Input/input_Lieu_De_Naissance'

14-02-2025T14:49:03 - [MESSAGE][INFO] - Checking timeout

14-02-2025T14:49:03 - [MESSAGE][INFO] - Finding web element with id: 'Object Repository/ANEF_Eloignement_V_Nawres/Page_Formulaire_Creation_Dossier/Formulaire_Creation_Dossier_Input/input_Lieu_De_Naissance' located by 'By.xpath: //input[@id="ville_naissance"]' in '20' second(s)

14-02-2025T14:49:03 - [MESSAGE][INFO] - Found 1 web elements with id: 'Object Repository/ANEF_Eloignement_V_Nawres/Page_Formulaire_Creation_Dossier/Formulaire_Creation_Dossier_Input/input_Lieu_De_Naissance' located by 'By.xpath: //input[@id="ville_naissance"]' in '20' second(s)

14-02-2025T14:49:03 - [MESSAGE][INFO] - Checking object

14-02-2025T14:49:03 - [MESSAGE][INFO] - Checking text

14-02-2025T14:49:03 - [MESSAGE][INFO] - Finding web element from Test Object's properties

14-02-2025T14:49:03 - [MESSAGE][INFO] - Checking timeout

14-02-2025T14:49:03 - [MESSAGE][INFO] - Finding web element with id: 'Object Repository/ANEF_Eloignement_V_Nawres/Page_Formulaire_Creation_Dossier/Formulaire_Creation_Dossier_Input/input_Lieu_De_Naissance' located by 'By.xpath: //input[@id="ville_naissance"]' in '100' second(s)

14-02-2025T14:49:03 - [MESSAGE][INFO] - Found 1 web elements with id: 'Object Repository/ANEF_Eloignement_V_Nawres/Page_Formulaire_Creation_Dossier/Formulaire_Creation_Dossier_Input/input_Lieu_De_Naissance' located by 'By.xpath: //input[@id="ville_naissance"]' in '100' second(s)

14-02-2025T14:49:03 - [MESSAGE][INFO] - Clearing text of object 'Object Repository/ANEF_Eloignement_V_Nawres/Page_Formulaire_Creation_Dossier/Formulaire_Creation_Dossier_Input/input_Lieu_De_Naissance'

14-02-2025T14:49:04 - [MESSAGE][INFO] - Finding web element from Test Object's properties

14-02-2025T14:49:04 - [MESSAGE][INFO] - Checking timeout

14-02-2025T14:49:04 - [MESSAGE][INFO] - Finding web element with id: 'Object Repository/ANEF_Eloignement_V_Nawres/Page_Formulaire_Creation_Dossier/Formulaire_Creation_Dossier_Input/input_Lieu_De_Naissance' located by 'By.xpath: //input[@id="ville_naissance"]' in '100' second(s)

14-02-2025T14:49:04 - [MESSAGE][INFO] - Found 1 web elements with id: 'Object Repository/ANEF_Eloignement_V_Nawres/Page_Formulaire_Creation_Dossier/Formulaire_Creation_Dossier_Input/input_Lieu_De_Naissance' located by 'By.xpath: //input[@id="ville_naissance"]' in '100' second(s)

14-02-2025T14:49:04 - [MESSAGE][INFO] - Setting text of object 'Object Repository/ANEF_Eloignement_V_Nawres/Page_Formulaire_Creation_Dossier/Formulaire_Creation_Dossier_Input/input_Lieu_De_Naissance' to value 'Wahran'

14-02-2025T14:49:05 - [MESSAGE][PASSED] - Text 'Wahran' is set on object 'Object Repository/ANEF_Eloignement_V_Nawres/Page_Formulaire_Creation_Dossier/Formulaire_Creation_Dossier_Input/input_Lieu_De_Naissance'

14-02-2025T14:49:05 - [TEST_STEP][PASSED] - if (Nationnalite == "RUE"): null

14-02-2025T14:49:05 - [TEST_STEP][PASSED] - selectOptionByLabel(findTestObject("Object Repository/ANEF_Eloignement_V_Nawres/Page_Formulaire_Creation_Dossier/Formulaire_Creation_Dossier_Input/select_Situation_Familiale"), "CÃ©libataire", false, STOP_ON_FAILURE): All options with label 'CÃ©libataire' are selected in object 'Object Repository/ANEF_Eloignement_V_Nawres/Page_Formulaire_Creation_Dossier/Formulaire_Creation_Dossier_Input/select_Situation_Familiale' 

14-02-2025T14:49:05 - [MESSAGE][INFO] - Finding Test Object 'Object Repository/ANEF_Eloignement_V_Nawres/Page_Formulaire_Creation_Dossier/Formulaire_Creation_Dossier_Input/select_Situation_Familiale'

14-02-2025T14:49:05 - [MESSAGE][INFO] - Checking timeout

14-02-2025T14:49:05 - [MESSAGE][INFO] - Finding web element with id: 'Object Repository/ANEF_Eloignement_V_Nawres/Page_Formulaire_Creation_Dossier/Formulaire_Creation_Dossier_Input/select_Situation_Familiale' located by 'By.xpath: //select[@id="situation_familiale"]' in '20' second(s)

14-02-2025T14:49:05 - [MESSAGE][INFO] - Found 1 web elements with id: 'Object Repository/ANEF_Eloignement_V_Nawres/Page_Formulaire_Creation_Dossier/Formulaire_Creation_Dossier_Input/select_Situation_Familiale' located by 'By.xpath: //select[@id="situation_familiale"]' in '20' second(s)

14-02-2025T14:49:05 - [MESSAGE][INFO] - Checking object

14-02-2025T14:49:05 - [MESSAGE][INFO] - Checking label parameter

14-02-2025T14:49:05 - [MESSAGE][INFO] - Finding web element from Test Object's properties

14-02-2025T14:49:05 - [MESSAGE][INFO] - Checking timeout

14-02-2025T14:49:05 - [MESSAGE][INFO] - Finding web element with id: 'Object Repository/ANEF_Eloignement_V_Nawres/Page_Formulaire_Creation_Dossier/Formulaire_Creation_Dossier_Input/select_Situation_Familiale' located by 'By.xpath: //select[@id="situation_familiale"]' in '100' second(s)

14-02-2025T14:49:05 - [MESSAGE][INFO] - Found 1 web elements with id: 'Object Repository/ANEF_Eloignement_V_Nawres/Page_Formulaire_Creation_Dossier/Formulaire_Creation_Dossier_Input/select_Situation_Familiale' located by 'By.xpath: //select[@id="situation_familiale"]' in '100' second(s)

14-02-2025T14:49:05 - [MESSAGE][INFO] - Selecting options on object 'Object Repository/ANEF_Eloignement_V_Nawres/Page_Formulaire_Creation_Dossier/Formulaire_Creation_Dossier_Input/select_Situation_Familiale' with label 'CÃ©libataire' 

14-02-2025T14:49:06 - [MESSAGE][PASSED] - All options with label 'CÃ©libataire' are selected in object 'Object Repository/ANEF_Eloignement_V_Nawres/Page_Formulaire_Creation_Dossier/Formulaire_Creation_Dossier_Input/select_Situation_Familiale' 

14-02-2025T14:49:06 - [TEST_STEP][PASSED] - setText(findTestObject("Object Repository/ANEF_Eloignement_V_Nawres/Page_Formulaire_Creation_Dossier/Formulaire_Creation_Dossier_Input/input_Date_Entree_En_France"), "22/03/2020"): Text '22/03/2020' is set on object 'Object Repository/ANEF_Eloignement_V_Nawres/Page_Formulaire_Creation_Dossier/Formulaire_Creation_Dossier_Input/input_Date_Entree_En_France'

14-02-2025T14:49:06 - [MESSAGE][INFO] - Finding Test Object 'Object Repository/ANEF_Eloignement_V_Nawres/Page_Formulaire_Creation_Dossier/Formulaire_Creation_Dossier_Input/input_Date_Entree_En_France'

14-02-2025T14:49:06 - [MESSAGE][INFO] - Checking timeout

14-02-2025T14:49:06 - [MESSAGE][INFO] - Finding web element with id: 'Object Repository/ANEF_Eloignement_V_Nawres/Page_Formulaire_Creation_Dossier/Formulaire_Creation_Dossier_Input/input_Date_Entree_En_France' located by 'By.xpath: //input[@id="date_entree_en_france"]' in '20' second(s)

14-02-2025T14:49:06 - [MESSAGE][INFO] - Found 1 web elements with id: 'Object Repository/ANEF_Eloignement_V_Nawres/Page_Formulaire_Creation_Dossier/Formulaire_Creation_Dossier_Input/input_Date_Entree_En_France' located by 'By.xpath: //input[@id="date_entree_en_france"]' in '20' second(s)

14-02-2025T14:49:06 - [MESSAGE][INFO] - Checking object

14-02-2025T14:49:06 - [MESSAGE][INFO] - Checking text

14-02-2025T14:49:06 - [MESSAGE][INFO] - Finding web element from Test Object's properties

14-02-2025T14:49:06 - [MESSAGE][INFO] - Checking timeout

14-02-2025T14:49:06 - [MESSAGE][INFO] - Finding web element with id: 'Object Repository/ANEF_Eloignement_V_Nawres/Page_Formulaire_Creation_Dossier/Formulaire_Creation_Dossier_Input/input_Date_Entree_En_France' located by 'By.xpath: //input[@id="date_entree_en_france"]' in '100' second(s)

14-02-2025T14:49:06 - [MESSAGE][INFO] - Found 1 web elements with id: 'Object Repository/ANEF_Eloignement_V_Nawres/Page_Formulaire_Creation_Dossier/Formulaire_Creation_Dossier_Input/input_Date_Entree_En_France' located by 'By.xpath: //input[@id="date_entree_en_france"]' in '100' second(s)

14-02-2025T14:49:06 - [MESSAGE][INFO] - Clearing text of object 'Object Repository/ANEF_Eloignement_V_Nawres/Page_Formulaire_Creation_Dossier/Formulaire_Creation_Dossier_Input/input_Date_Entree_En_France'

14-02-2025T14:49:08 - [MESSAGE][INFO] - Finding web element from Test Object's properties

14-02-2025T14:49:08 - [MESSAGE][INFO] - Checking timeout

14-02-2025T14:49:08 - [MESSAGE][INFO] - Finding web element with id: 'Object Repository/ANEF_Eloignement_V_Nawres/Page_Formulaire_Creation_Dossier/Formulaire_Creation_Dossier_Input/input_Date_Entree_En_France' located by 'By.xpath: //input[@id="date_entree_en_france"]' in '100' second(s)

14-02-2025T14:49:08 - [MESSAGE][INFO] - Found 1 web elements with id: 'Object Repository/ANEF_Eloignement_V_Nawres/Page_Formulaire_Creation_Dossier/Formulaire_Creation_Dossier_Input/input_Date_Entree_En_France' located by 'By.xpath: //input[@id="date_entree_en_france"]' in '100' second(s)

14-02-2025T14:49:08 - [MESSAGE][INFO] - Setting text of object 'Object Repository/ANEF_Eloignement_V_Nawres/Page_Formulaire_Creation_Dossier/Formulaire_Creation_Dossier_Input/input_Date_Entree_En_France' to value '22/03/2020'

14-02-2025T14:49:09 - [MESSAGE][PASSED] - Text '22/03/2020' is set on object 'Object Repository/ANEF_Eloignement_V_Nawres/Page_Formulaire_Creation_Dossier/Formulaire_Creation_Dossier_Input/input_Date_Entree_En_France'

14-02-2025T14:49:09 - [TEST_STEP][PASSED] - selectOptionByLabel(findTestObject("Object Repository/ANEF_Eloignement_V_Nawres/Page_Formulaire_Creation_Dossier/Formulaire_Creation_Dossier_Input/select_Condition_Entree_En_France"), "IrrÃ©guliÃ¨re", false, STOP_ON_FAILURE): All options with label 'IrrÃ©guliÃ¨re' are selected in object 'Object Repository/ANEF_Eloignement_V_Nawres/Page_Formulaire_Creation_Dossier/Formulaire_Creation_Dossier_Input/select_Condition_Entree_En_France' 

14-02-2025T14:49:09 - [MESSAGE][INFO] - Finding Test Object 'Object Repository/ANEF_Eloignement_V_Nawres/Page_Formulaire_Creation_Dossier/Formulaire_Creation_Dossier_Input/select_Condition_Entree_En_France'

14-02-2025T14:49:09 - [MESSAGE][INFO] - Checking timeout

14-02-2025T14:49:09 - [MESSAGE][INFO] - Finding web element with id: 'Object Repository/ANEF_Eloignement_V_Nawres/Page_Formulaire_Creation_Dossier/Formulaire_Creation_Dossier_Input/select_Condition_Entree_En_France' located by 'By.xpath: //select[@id="condition_entree_france"]' in '20' second(s)

14-02-2025T14:49:09 - [MESSAGE][INFO] - Found 1 web elements with id: 'Object Repository/ANEF_Eloignement_V_Nawres/Page_Formulaire_Creation_Dossier/Formulaire_Creation_Dossier_Input/select_Condition_Entree_En_France' located by 'By.xpath: //select[@id="condition_entree_france"]' in '20' second(s)

14-02-2025T14:49:09 - [MESSAGE][INFO] - Checking object

14-02-2025T14:49:09 - [MESSAGE][INFO] - Checking label parameter

14-02-2025T14:49:09 - [MESSAGE][INFO] - Finding web element from Test Object's properties

14-02-2025T14:49:09 - [MESSAGE][INFO] - Checking timeout

14-02-2025T14:49:09 - [MESSAGE][INFO] - Finding web element with id: 'Object Repository/ANEF_Eloignement_V_Nawres/Page_Formulaire_Creation_Dossier/Formulaire_Creation_Dossier_Input/select_Condition_Entree_En_France' located by 'By.xpath: //select[@id="condition_entree_france"]' in '100' second(s)

14-02-2025T14:49:09 - [MESSAGE][INFO] - Found 1 web elements with id: 'Object Repository/ANEF_Eloignement_V_Nawres/Page_Formulaire_Creation_Dossier/Formulaire_Creation_Dossier_Input/select_Condition_Entree_En_France' located by 'By.xpath: //select[@id="condition_entree_france"]' in '100' second(s)

14-02-2025T14:49:09 - [MESSAGE][INFO] - Selecting options on object 'Object Repository/ANEF_Eloignement_V_Nawres/Page_Formulaire_Creation_Dossier/Formulaire_Creation_Dossier_Input/select_Condition_Entree_En_France' with label 'IrrÃ©guliÃ¨re' 

14-02-2025T14:49:10 - [MESSAGE][PASSED] - All options with label 'IrrÃ©guliÃ¨re' are selected in object 'Object Repository/ANEF_Eloignement_V_Nawres/Page_Formulaire_Creation_Dossier/Formulaire_Creation_Dossier_Input/select_Condition_Entree_En_France' 

14-02-2025T14:49:10 - [TEST_STEP][PASSED] - if (ControleChampsCreation == "true"): null

14-02-2025T14:49:10 - [TEST_STEP][PASSED] - click(findTestObject("Object Repository/ANEF_Eloignement_V_Nawres/Page_Formulaire_Creation_Dossier/Formulaire_Creation_Dossier_Input/btn_Enregistrer"), STOP_ON_FAILURE): Object: 'Object Repository/ANEF_Eloignement_V_Nawres/Page_Formulaire_Creation_Dossier/Formulaire_Creation_Dossier_Input/btn_Enregistrer' is clicked on

14-02-2025T14:49:10 - [MESSAGE][INFO] - Finding Test Object 'Object Repository/ANEF_Eloignement_V_Nawres/Page_Formulaire_Creation_Dossier/Formulaire_Creation_Dossier_Input/btn_Enregistrer'

14-02-2025T14:49:10 - [MESSAGE][INFO] - Checking timeout

14-02-2025T14:49:10 - [MESSAGE][INFO] - Finding web element with id: 'Object Repository/ANEF_Eloignement_V_Nawres/Page_Formulaire_Creation_Dossier/Formulaire_Creation_Dossier_Input/btn_Enregistrer' located by 'By.xpath: /html/body/app-root/app-layout-borderless/div[3]/app-prise-mesure/app-nav-prise-mesure//div/button[@title="Enregistrer"]' in '20' second(s)

14-02-2025T14:49:10 - [MESSAGE][INFO] - Found 1 web elements with id: 'Object Repository/ANEF_Eloignement_V_Nawres/Page_Formulaire_Creation_Dossier/Formulaire_Creation_Dossier_Input/btn_Enregistrer' located by 'By.xpath: /html/body/app-root/app-layout-borderless/div[3]/app-prise-mesure/app-nav-prise-mesure//div/button[@title="Enregistrer"]' in '20' second(s)

14-02-2025T14:49:10 - [MESSAGE][INFO] - Checking object

14-02-2025T14:49:10 - [MESSAGE][INFO] - Checking timeout

14-02-2025T14:49:10 - [MESSAGE][INFO] - Finding web element from Test Object's properties

14-02-2025T14:49:10 - [MESSAGE][INFO] - Checking timeout

14-02-2025T14:49:10 - [MESSAGE][INFO] - Finding web element with id: 'Object Repository/ANEF_Eloignement_V_Nawres/Page_Formulaire_Creation_Dossier/Formulaire_Creation_Dossier_Input/btn_Enregistrer' located by 'By.xpath: /html/body/app-root/app-layout-borderless/div[3]/app-prise-mesure/app-nav-prise-mesure//div/button[@title="Enregistrer"]' in '100' second(s)

14-02-2025T14:49:10 - [MESSAGE][INFO] - Found 1 web elements with id: 'Object Repository/ANEF_Eloignement_V_Nawres/Page_Formulaire_Creation_Dossier/Formulaire_Creation_Dossier_Input/btn_Enregistrer' located by 'By.xpath: /html/body/app-root/app-layout-borderless/div[3]/app-prise-mesure/app-nav-prise-mesure//div/button[@title="Enregistrer"]' in '100' second(s)

14-02-2025T14:49:10 - [MESSAGE][INFO] - Clicking on object: 'Object Repository/ANEF_Eloignement_V_Nawres/Page_Formulaire_Creation_Dossier/Formulaire_Creation_Dossier_Input/btn_Enregistrer'

14-02-2025T14:49:11 - [MESSAGE][PASSED] - Object: 'Object Repository/ANEF_Eloignement_V_Nawres/Page_Formulaire_Creation_Dossier/Formulaire_Creation_Dossier_Input/btn_Enregistrer' is clicked on

14-02-2025T14:49:11 - [TEST_STEP][PASSED] - verifyElementPresent(findTestObject("Object Repository/ANEF_Eloignement_V_Nawres/Page_Formulaire_Creation_Dossier/Formulaire_Creation_Dossier_Input/btn_Valider_Attribuer_Numero_Etranger"), 4, STOP_ON_FAILURE): Object 'Object Repository/ANEF_Eloignement_V_Nawres/Page_Formulaire_Creation_Dossier/Formulaire_Creation_Dossier_Input/btn_Valider_Attribuer_Numero_Etranger' is present

14-02-2025T14:49:11 - [MESSAGE][INFO] - Finding Test Object 'Object Repository/ANEF_Eloignement_V_Nawres/Page_Formulaire_Creation_Dossier/Formulaire_Creation_Dossier_Input/btn_Valider_Attribuer_Numero_Etranger'

14-02-2025T14:49:11 - [MESSAGE][INFO] - Checking object

14-02-2025T14:49:11 - [MESSAGE][INFO] - Finding web element from Test Object's properties

14-02-2025T14:49:11 - [MESSAGE][INFO] - Checking timeout

14-02-2025T14:49:11 - [MESSAGE][INFO] - Finding web element with id: 'Object Repository/ANEF_Eloignement_V_Nawres/Page_Formulaire_Creation_Dossier/Formulaire_Creation_Dossier_Input/btn_Valider_Attribuer_Numero_Etranger' located by 'By.xpath: //button[@title="Valider et attribuer un numÃ©ro Ã©tranger"]' in '4' second(s)

14-02-2025T14:49:11 - [MESSAGE][INFO] - Found 1 web elements with id: 'Object Repository/ANEF_Eloignement_V_Nawres/Page_Formulaire_Creation_Dossier/Formulaire_Creation_Dossier_Input/btn_Valider_Attribuer_Numero_Etranger' located by 'By.xpath: //button[@title="Valider et attribuer un numÃ©ro Ã©tranger"]' in '4' second(s)

14-02-2025T14:49:11 - [MESSAGE][PASSED] - Object 'Object Repository/ANEF_Eloignement_V_Nawres/Page_Formulaire_Creation_Dossier/Formulaire_Creation_Dossier_Input/btn_Valider_Attribuer_Numero_Etranger' is present

14-02-2025T14:49:11 - [TEST_STEP][PASSED] - click(findTestObject("Object Repository/ANEF_Eloignement_V_Nawres/Page_Formulaire_Creation_Dossier/Formulaire_Creation_Dossier_Input/btn_Valider_Attribuer_Numero_Etranger"), STOP_ON_FAILURE): Object: 'Object Repository/ANEF_Eloignement_V_Nawres/Page_Formulaire_Creation_Dossier/Formulaire_Creation_Dossier_Input/btn_Valider_Attribuer_Numero_Etranger' is clicked on

14-02-2025T14:49:11 - [MESSAGE][INFO] - Finding Test Object 'Object Repository/ANEF_Eloignement_V_Nawres/Page_Formulaire_Creation_Dossier/Formulaire_Creation_Dossier_Input/btn_Valider_Attribuer_Numero_Etranger'

14-02-2025T14:49:11 - [MESSAGE][INFO] - Checking timeout

14-02-2025T14:49:11 - [MESSAGE][INFO] - Finding web element with id: 'Object Repository/ANEF_Eloignement_V_Nawres/Page_Formulaire_Creation_Dossier/Formulaire_Creation_Dossier_Input/btn_Valider_Attribuer_Numero_Etranger' located by 'By.xpath: //button[@title="Valider et attribuer un numÃ©ro Ã©tranger"]' in '20' second(s)

14-02-2025T14:49:11 - [MESSAGE][INFO] - Found 1 web elements with id: 'Object Repository/ANEF_Eloignement_V_Nawres/Page_Formulaire_Creation_Dossier/Formulaire_Creation_Dossier_Input/btn_Valider_Attribuer_Numero_Etranger' located by 'By.xpath: //button[@title="Valider et attribuer un numÃ©ro Ã©tranger"]' in '20' second(s)

14-02-2025T14:49:11 - [MESSAGE][INFO] - Checking object

14-02-2025T14:49:11 - [MESSAGE][INFO] - Checking timeout

14-02-2025T14:49:11 - [MESSAGE][INFO] - Finding web element from Test Object's properties

14-02-2025T14:49:11 - [MESSAGE][INFO] - Checking timeout

14-02-2025T14:49:11 - [MESSAGE][INFO] - Finding web element with id: 'Object Repository/ANEF_Eloignement_V_Nawres/Page_Formulaire_Creation_Dossier/Formulaire_Creation_Dossier_Input/btn_Valider_Attribuer_Numero_Etranger' located by 'By.xpath: //button[@title="Valider et attribuer un numÃ©ro Ã©tranger"]' in '100' second(s)

14-02-2025T14:49:11 - [MESSAGE][INFO] - Found 1 web elements with id: 'Object Repository/ANEF_Eloignement_V_Nawres/Page_Formulaire_Creation_Dossier/Formulaire_Creation_Dossier_Input/btn_Valider_Attribuer_Numero_Etranger' located by 'By.xpath: //button[@title="Valider et attribuer un numÃ©ro Ã©tranger"]' in '100' second(s)

14-02-2025T14:49:11 - [MESSAGE][INFO] - Clicking on object: 'Object Repository/ANEF_Eloignement_V_Nawres/Page_Formulaire_Creation_Dossier/Formulaire_Creation_Dossier_Input/btn_Valider_Attribuer_Numero_Etranger'

14-02-2025T14:49:13 - [MESSAGE][PASSED] - Object: 'Object Repository/ANEF_Eloignement_V_Nawres/Page_Formulaire_Creation_Dossier/Formulaire_Creation_Dossier_Input/btn_Valider_Attribuer_Numero_Etranger' is clicked on

14-02-2025T14:49:13 - [TEST_STEP][PASSED] - switch (OrigineDossier): null

14-02-2025T14:49:13 - [TEST_STEP][PASSED] - case "Interpellation":: null

14-02-2025T14:49:13 - [TEST_STEP][PASSED] - selectOptionByLabel(findTestObject("Object Repository/ANEF_Eloignement_V_Nawres/Page_Formulaire_Creation_Dossier/Formulaire_Creation_Dossier_Input/select_Origine_Dossier"), "Interpellation", false, STOP_ON_FAILURE): All options with label 'Interpellation' are selected in object 'Object Repository/ANEF_Eloignement_V_Nawres/Page_Formulaire_Creation_Dossier/Formulaire_Creation_Dossier_Input/select_Origine_Dossier' 

14-02-2025T14:49:13 - [MESSAGE][INFO] - Finding Test Object 'Object Repository/ANEF_Eloignement_V_Nawres/Page_Formulaire_Creation_Dossier/Formulaire_Creation_Dossier_Input/select_Origine_Dossier'

14-02-2025T14:49:13 - [MESSAGE][INFO] - Checking timeout

14-02-2025T14:49:13 - [MESSAGE][INFO] - Finding web element with id: 'Object Repository/ANEF_Eloignement_V_Nawres/Page_Formulaire_Creation_Dossier/Formulaire_Creation_Dossier_Input/select_Origine_Dossier' located by 'By.xpath: //select[@id="code_flux"]' in '20' second(s)

14-02-2025T14:49:13 - [MESSAGE][INFO] - Found 1 web elements with id: 'Object Repository/ANEF_Eloignement_V_Nawres/Page_Formulaire_Creation_Dossier/Formulaire_Creation_Dossier_Input/select_Origine_Dossier' located by 'By.xpath: //select[@id="code_flux"]' in '20' second(s)

14-02-2025T14:49:13 - [MESSAGE][INFO] - Checking object

14-02-2025T14:49:13 - [MESSAGE][INFO] - Checking label parameter

14-02-2025T14:49:13 - [MESSAGE][INFO] - Finding web element from Test Object's properties

14-02-2025T14:49:13 - [MESSAGE][INFO] - Checking timeout

14-02-2025T14:49:13 - [MESSAGE][INFO] - Finding web element with id: 'Object Repository/ANEF_Eloignement_V_Nawres/Page_Formulaire_Creation_Dossier/Formulaire_Creation_Dossier_Input/select_Origine_Dossier' located by 'By.xpath: //select[@id="code_flux"]' in '100' second(s)

14-02-2025T14:49:13 - [MESSAGE][INFO] - Found 1 web elements with id: 'Object Repository/ANEF_Eloignement_V_Nawres/Page_Formulaire_Creation_Dossier/Formulaire_Creation_Dossier_Input/select_Origine_Dossier' located by 'By.xpath: //select[@id="code_flux"]' in '100' second(s)

14-02-2025T14:49:13 - [MESSAGE][INFO] - Selecting options on object 'Object Repository/ANEF_Eloignement_V_Nawres/Page_Formulaire_Creation_Dossier/Formulaire_Creation_Dossier_Input/select_Origine_Dossier' with label 'Interpellation' 

14-02-2025T14:49:13 - [MESSAGE][PASSED] - All options with label 'Interpellation' are selected in object 'Object Repository/ANEF_Eloignement_V_Nawres/Page_Formulaire_Creation_Dossier/Formulaire_Creation_Dossier_Input/select_Origine_Dossier' 

14-02-2025T14:49:13 - [TEST_STEP][PASSED] - break: null

14-02-2025T14:49:13 - [TEST_STEP][PASSED] - scrollToElement(findTestObject("Object Repository/ANEF_Eloignement_V_Nawres/Page_Formulaire_Creation_Dossier/Formulaire_Creation_Dossier_Input/btn_Confirmer_Attribuer_Numero_Etranger"), 5): Scroll to object 'Object Repository/ANEF_Eloignement_V_Nawres/Page_Formulaire_Creation_Dossier/Formulaire_Creation_Dossier_Input/btn_Confirmer_Attribuer_Numero_Etranger' successfully

14-02-2025T14:49:13 - [MESSAGE][INFO] - Finding Test Object 'Object Repository/ANEF_Eloignement_V_Nawres/Page_Formulaire_Creation_Dossier/Formulaire_Creation_Dossier_Input/btn_Confirmer_Attribuer_Numero_Etranger'

14-02-2025T14:49:13 - [MESSAGE][INFO] - Checking object

14-02-2025T14:49:13 - [MESSAGE][INFO] - Checking timeout

14-02-2025T14:49:13 - [MESSAGE][INFO] - Finding web element from Test Object's properties

14-02-2025T14:49:13 - [MESSAGE][INFO] - Checking timeout

14-02-2025T14:49:13 - [MESSAGE][INFO] - Finding web element with id: 'Object Repository/ANEF_Eloignement_V_Nawres/Page_Formulaire_Creation_Dossier/Formulaire_Creation_Dossier_Input/btn_Confirmer_Attribuer_Numero_Etranger' located by 'By.xpath:  //button[contains(text(),'Confirmer et attribuer un numÃ©ro Ã©tranger')]' in '100' second(s)

14-02-2025T14:49:13 - [MESSAGE][INFO] - Found 1 web elements with id: 'Object Repository/ANEF_Eloignement_V_Nawres/Page_Formulaire_Creation_Dossier/Formulaire_Creation_Dossier_Input/btn_Confirmer_Attribuer_Numero_Etranger' located by 'By.xpath:  //button[contains(text(),'Confirmer et attribuer un numÃ©ro Ã©tranger')]' in '100' second(s)

14-02-2025T14:49:13 - [MESSAGE][INFO] - Scrolling to object 'Object Repository/ANEF_Eloignement_V_Nawres/Page_Formulaire_Creation_Dossier/Formulaire_Creation_Dossier_Input/btn_Confirmer_Attribuer_Numero_Etranger'

14-02-2025T14:49:13 - [MESSAGE][PASSED] - Scroll to object 'Object Repository/ANEF_Eloignement_V_Nawres/Page_Formulaire_Creation_Dossier/Formulaire_Creation_Dossier_Input/btn_Confirmer_Attribuer_Numero_Etranger' successfully

14-02-2025T14:49:13 - [TEST_STEP][PASSED] - click(findTestObject("Object Repository/ANEF_Eloignement_V_Nawres/Page_Formulaire_Creation_Dossier/Formulaire_Creation_Dossier_Input/btn_Confirmer_Attribuer_Numero_Etranger"), STOP_ON_FAILURE): Object: 'Object Repository/ANEF_Eloignement_V_Nawres/Page_Formulaire_Creation_Dossier/Formulaire_Creation_Dossier_Input/btn_Confirmer_Attribuer_Numero_Etranger' is clicked on

14-02-2025T14:49:13 - [MESSAGE][INFO] - Finding Test Object 'Object Repository/ANEF_Eloignement_V_Nawres/Page_Formulaire_Creation_Dossier/Formulaire_Creation_Dossier_Input/btn_Confirmer_Attribuer_Numero_Etranger'

14-02-2025T14:49:13 - [MESSAGE][INFO] - Checking timeout

14-02-2025T14:49:13 - [MESSAGE][INFO] - Finding web element with id: 'Object Repository/ANEF_Eloignement_V_Nawres/Page_Formulaire_Creation_Dossier/Formulaire_Creation_Dossier_Input/btn_Confirmer_Attribuer_Numero_Etranger' located by 'By.xpath:  //button[contains(text(),'Confirmer et attribuer un numÃ©ro Ã©tranger')]' in '20' second(s)

14-02-2025T14:49:13 - [MESSAGE][INFO] - Found 1 web elements with id: 'Object Repository/ANEF_Eloignement_V_Nawres/Page_Formulaire_Creation_Dossier/Formulaire_Creation_Dossier_Input/btn_Confirmer_Attribuer_Numero_Etranger' located by 'By.xpath:  //button[contains(text(),'Confirmer et attribuer un numÃ©ro Ã©tranger')]' in '20' second(s)

14-02-2025T14:49:13 - [MESSAGE][INFO] - Checking object

14-02-2025T14:49:13 - [MESSAGE][INFO] - Checking timeout

14-02-2025T14:49:13 - [MESSAGE][INFO] - Finding web element from Test Object's properties

14-02-2025T14:49:13 - [MESSAGE][INFO] - Checking timeout

14-02-2025T14:49:13 - [MESSAGE][INFO] - Finding web element with id: 'Object Repository/ANEF_Eloignement_V_Nawres/Page_Formulaire_Creation_Dossier/Formulaire_Creation_Dossier_Input/btn_Confirmer_Attribuer_Numero_Etranger' located by 'By.xpath:  //button[contains(text(),'Confirmer et attribuer un numÃ©ro Ã©tranger')]' in '100' second(s)

14-02-2025T14:49:13 - [MESSAGE][INFO] - Found 1 web elements with id: 'Object Repository/ANEF_Eloignement_V_Nawres/Page_Formulaire_Creation_Dossier/Formulaire_Creation_Dossier_Input/btn_Confirmer_Attribuer_Numero_Etranger' located by 'By.xpath:  //button[contains(text(),'Confirmer et attribuer un numÃ©ro Ã©tranger')]' in '100' second(s)

14-02-2025T14:49:13 - [MESSAGE][INFO] - Clicking on object: 'Object Repository/ANEF_Eloignement_V_Nawres/Page_Formulaire_Creation_Dossier/Formulaire_Creation_Dossier_Input/btn_Confirmer_Attribuer_Numero_Etranger'

14-02-2025T14:49:14 - [MESSAGE][PASSED] - Object: 'Object Repository/ANEF_Eloignement_V_Nawres/Page_Formulaire_Creation_Dossier/Formulaire_Creation_Dossier_Input/btn_Confirmer_Attribuer_Numero_Etranger' is clicked on

14-02-2025T14:49:14 - [TEST_STEP][PASSED] - NumeroEtrangerGenere = getText(findTestObject("Object Repository/ANEF_Eloignement_V_Nawres/Page_Formulaire_Creation_Dossier/Formulaire_Creation_Dossier_Input/p_Numero_Etranger_Genere")): Text of object 'Object Repository/ANEF_Eloignement_V_Nawres/Page_Formulaire_Creation_Dossier/Formulaire_Creation_Dossier_Input/p_Numero_Etranger_Genere' is: '-'

14-02-2025T14:49:14 - [MESSAGE][INFO] - Finding Test Object 'Object Repository/ANEF_Eloignement_V_Nawres/Page_Formulaire_Creation_Dossier/Formulaire_Creation_Dossier_Input/p_Numero_Etranger_Genere'

14-02-2025T14:49:14 - [MESSAGE][INFO] - Checking object

14-02-2025T14:49:14 - [MESSAGE][INFO] - Finding web element from Test Object's properties

14-02-2025T14:49:14 - [MESSAGE][INFO] - Checking timeout

14-02-2025T14:49:14 - [MESSAGE][INFO] - Finding web element with id: 'Object Repository/ANEF_Eloignement_V_Nawres/Page_Formulaire_Creation_Dossier/Formulaire_Creation_Dossier_Input/p_Numero_Etranger_Genere' located by 'By.xpath: /html/body/app-root/app-layout-borderless//div/app-prise-mesure/div/app-dsfr-onglet-tab//div/app-fiche-etranger//div/section[2]/div/div/div[1]/p[text()]' in '100' second(s)

14-02-2025T14:49:14 - [MESSAGE][INFO] - Found 1 web elements with id: 'Object Repository/ANEF_Eloignement_V_Nawres/Page_Formulaire_Creation_Dossier/Formulaire_Creation_Dossier_Input/p_Numero_Etranger_Genere' located by 'By.xpath: /html/body/app-root/app-layout-borderless//div/app-prise-mesure/div/app-dsfr-onglet-tab//div/app-fiche-etranger//div/section[2]/div/div/div[1]/p[text()]' in '100' second(s)

14-02-2025T14:49:14 - [MESSAGE][INFO] - Getting text of object 'Object Repository/ANEF_Eloignement_V_Nawres/Page_Formulaire_Creation_Dossier/Formulaire_Creation_Dossier_Input/p_Numero_Etranger_Genere'

14-02-2025T14:49:14 - [MESSAGE][PASSED] - Text of object 'Object Repository/ANEF_Eloignement_V_Nawres/Page_Formulaire_Creation_Dossier/Formulaire_Creation_Dossier_Input/p_Numero_Etranger_Genere' is: '-'

14-02-2025T14:49:14 - [TEST_STEP][PASSED] - NumeroEtranger = NumeroEtrangerGenere: null

14-02-2025T14:49:14 - [TEST_STEP][PASSED] - println(NumeroEtrangerGenere): null

14-02-2025T14:49:14 - [TEST_STEP][PASSED] - println(NumeroEtranger): null

14-02-2025T14:49:14 - [MESSAGE][PASSED] - Call Test Case 'Test Cases/Test Reutilisable/Main/ANEF_Eloignement_V_Nawres/ANEF_Formulaire_Creation_Dossier' successfully

14-02-2025T14:49:14 - [TEST_STEP][PASSED] - println(NumeroEtranger): null

14-02-2025T14:49:14 - [TEST_STEP][PASSED] - callTestCase(findTestCase("Test Cases/Test Reutilisable/Main/ANEF_Eloignement_V_Nawres/ANEF_Prendre_Mesure"), ["Mesure":Mesure, "FondementLegal":FondementLegal, "NatureDeLacteExpulsion":NatureDeLacteExpulsion, "NatureDeLacteExpulsion":NatureDeLacteExpulsion, ... ], STOP_ON_FAILURE): Call Test Case 'Test Cases/Test Reutilisable/Main/ANEF_Eloignement_V_Nawres/ANEF_Prendre_Mesure' successfully

14-02-2025T14:49:14 - [MESSAGE][INFO] - Checking called Test Case

14-02-2025T14:49:14 - [MESSAGE][INFO] - Starting to call Test Case 'Test Cases/Test Reutilisable/Main/ANEF_Eloignement_V_Nawres/ANEF_Prendre_Mesure'

14-02-2025T14:49:14 - [TEST_CASE][PASSED] - Test Cases/Test Reutilisable/Main/ANEF_Eloignement_V_Nawres/ANEF_Prendre_Mesure: Test Cases/Test Reutilisable/Main/ANEF_Eloignement_V_Nawres/ANEF_Prendre_Mesure

14-02-2025T14:49:14 - [TEST_STEP][PASSED] - click(findTestObject("Object Repository/ANEF_Eloignement_V_Nawres/Page_Prendre_Mesure/btn_Prendre_Mesure"), STOP_ON_FAILURE): Object: 'Object Repository/ANEF_Eloignement_V_Nawres/Page_Prendre_Mesure/btn_Prendre_Mesure' is clicked on

14-02-2025T14:49:14 - [MESSAGE][INFO] - Finding Test Object 'Object Repository/ANEF_Eloignement_V_Nawres/Page_Prendre_Mesure/btn_Prendre_Mesure'

14-02-2025T14:49:14 - [MESSAGE][INFO] - Checking timeout

14-02-2025T14:49:14 - [MESSAGE][INFO] - Finding web element with id: 'Object Repository/ANEF_Eloignement_V_Nawres/Page_Prendre_Mesure/btn_Prendre_Mesure' located by 'By.xpath: //button[@title="Prendre une Mesure"]' in '20' second(s)

14-02-2025T14:49:14 - [MESSAGE][INFO] - Found 1 web elements with id: 'Object Repository/ANEF_Eloignement_V_Nawres/Page_Prendre_Mesure/btn_Prendre_Mesure' located by 'By.xpath: //button[@title="Prendre une Mesure"]' in '20' second(s)

14-02-2025T14:49:14 - [MESSAGE][INFO] - Checking object

14-02-2025T14:49:14 - [MESSAGE][INFO] - Checking timeout

14-02-2025T14:49:14 - [MESSAGE][INFO] - Finding web element from Test Object's properties

14-02-2025T14:49:14 - [MESSAGE][INFO] - Checking timeout

14-02-2025T14:49:14 - [MESSAGE][INFO] - Finding web element with id: 'Object Repository/ANEF_Eloignement_V_Nawres/Page_Prendre_Mesure/btn_Prendre_Mesure' located by 'By.xpath: //button[@title="Prendre une Mesure"]' in '100' second(s)

14-02-2025T14:49:14 - [MESSAGE][INFO] - Found 1 web elements with id: 'Object Repository/ANEF_Eloignement_V_Nawres/Page_Prendre_Mesure/btn_Prendre_Mesure' located by 'By.xpath: //button[@title="Prendre une Mesure"]' in '100' second(s)

14-02-2025T14:49:14 - [MESSAGE][INFO] - Clicking on object: 'Object Repository/ANEF_Eloignement_V_Nawres/Page_Prendre_Mesure/btn_Prendre_Mesure'

14-02-2025T14:49:16 - [MESSAGE][PASSED] - Object: 'Object Repository/ANEF_Eloignement_V_Nawres/Page_Prendre_Mesure/btn_Prendre_Mesure' is clicked on

14-02-2025T14:49:16 - [TEST_STEP][PASSED] - delay(5): Delayed 5 second(s)

14-02-2025T14:49:16 - [MESSAGE][INFO] - Delaying browser in 5 second(s)

14-02-2025T14:49:21 - [MESSAGE][PASSED] - Delayed 5 second(s)

14-02-2025T14:49:21 - [TEST_STEP][PASSED] - switch (Mesure): null

14-02-2025T14:49:21 - [TEST_STEP][PASSED] - case "ITF":: null

14-02-2025T14:49:21 - [TEST_STEP][PASSED] - selectOptionByLabel(findTestObject("Object Repository/ANEF_Eloignement_V_Nawres/Page_Prendre_Mesure/select_Type_Mesure"), "ITF", false, STOP_ON_FAILURE): All options with label 'ITF' are selected in object 'Object Repository/ANEF_Eloignement_V_Nawres/Page_Prendre_Mesure/select_Type_Mesure' 

14-02-2025T14:49:21 - [MESSAGE][INFO] - Finding Test Object 'Object Repository/ANEF_Eloignement_V_Nawres/Page_Prendre_Mesure/select_Type_Mesure'

14-02-2025T14:49:21 - [MESSAGE][INFO] - Checking timeout

14-02-2025T14:49:21 - [MESSAGE][INFO] - Finding web element with id: 'Object Repository/ANEF_Eloignement_V_Nawres/Page_Prendre_Mesure/select_Type_Mesure' located by 'By.xpath: //select[@id="typeMesure"]' in '20' second(s)

14-02-2025T14:49:21 - [MESSAGE][INFO] - Found 1 web elements with id: 'Object Repository/ANEF_Eloignement_V_Nawres/Page_Prendre_Mesure/select_Type_Mesure' located by 'By.xpath: //select[@id="typeMesure"]' in '20' second(s)

14-02-2025T14:49:21 - [MESSAGE][INFO] - Checking object

14-02-2025T14:49:21 - [MESSAGE][INFO] - Checking label parameter

14-02-2025T14:49:21 - [MESSAGE][INFO] - Finding web element from Test Object's properties

14-02-2025T14:49:21 - [MESSAGE][INFO] - Checking timeout

14-02-2025T14:49:21 - [MESSAGE][INFO] - Finding web element with id: 'Object Repository/ANEF_Eloignement_V_Nawres/Page_Prendre_Mesure/select_Type_Mesure' located by 'By.xpath: //select[@id="typeMesure"]' in '100' second(s)

14-02-2025T14:49:21 - [MESSAGE][INFO] - Found 1 web elements with id: 'Object Repository/ANEF_Eloignement_V_Nawres/Page_Prendre_Mesure/select_Type_Mesure' located by 'By.xpath: //select[@id="typeMesure"]' in '100' second(s)

14-02-2025T14:49:21 - [MESSAGE][INFO] - Selecting options on object 'Object Repository/ANEF_Eloignement_V_Nawres/Page_Prendre_Mesure/select_Type_Mesure' with label 'ITF' 

14-02-2025T14:49:22 - [MESSAGE][PASSED] - All options with label 'ITF' are selected in object 'Object Repository/ANEF_Eloignement_V_Nawres/Page_Prendre_Mesure/select_Type_Mesure' 

14-02-2025T14:49:22 - [TEST_STEP][PASSED] - click(findTestObject("Object Repository/ANEF_Eloignement_V_Nawres/Page_Prendre_Mesure/btn_Confirmer_Mesure"), STOP_ON_FAILURE): Object: 'Object Repository/ANEF_Eloignement_V_Nawres/Page_Prendre_Mesure/btn_Confirmer_Mesure' is clicked on

14-02-2025T14:49:22 - [MESSAGE][INFO] - Finding Test Object 'Object Repository/ANEF_Eloignement_V_Nawres/Page_Prendre_Mesure/btn_Confirmer_Mesure'

14-02-2025T14:49:22 - [MESSAGE][INFO] - Checking timeout

14-02-2025T14:49:22 - [MESSAGE][INFO] - Finding web element with id: 'Object Repository/ANEF_Eloignement_V_Nawres/Page_Prendre_Mesure/btn_Confirmer_Mesure' located by 'By.xpath: //button[@id="btn-confirme-decision"]' in '20' second(s)

14-02-2025T14:49:22 - [MESSAGE][INFO] - Found 1 web elements with id: 'Object Repository/ANEF_Eloignement_V_Nawres/Page_Prendre_Mesure/btn_Confirmer_Mesure' located by 'By.xpath: //button[@id="btn-confirme-decision"]' in '20' second(s)

14-02-2025T14:49:22 - [MESSAGE][INFO] - Checking object

14-02-2025T14:49:22 - [MESSAGE][INFO] - Checking timeout

14-02-2025T14:49:22 - [MESSAGE][INFO] - Finding web element from Test Object's properties

14-02-2025T14:49:22 - [MESSAGE][INFO] - Checking timeout

14-02-2025T14:49:22 - [MESSAGE][INFO] - Finding web element with id: 'Object Repository/ANEF_Eloignement_V_Nawres/Page_Prendre_Mesure/btn_Confirmer_Mesure' located by 'By.xpath: //button[@id="btn-confirme-decision"]' in '100' second(s)

14-02-2025T14:49:22 - [MESSAGE][INFO] - Found 1 web elements with id: 'Object Repository/ANEF_Eloignement_V_Nawres/Page_Prendre_Mesure/btn_Confirmer_Mesure' located by 'By.xpath: //button[@id="btn-confirme-decision"]' in '100' second(s)

14-02-2025T14:49:22 - [MESSAGE][INFO] - Clicking on object: 'Object Repository/ANEF_Eloignement_V_Nawres/Page_Prendre_Mesure/btn_Confirmer_Mesure'

14-02-2025T14:49:23 - [MESSAGE][PASSED] - Object: 'Object Repository/ANEF_Eloignement_V_Nawres/Page_Prendre_Mesure/btn_Confirmer_Mesure' is clicked on

14-02-2025T14:49:23 - [TEST_STEP][PASSED] - verifyElementPresent(findTestObject("Object Repository/ANEF_Eloignement_V_Nawres/Page_Prendre_Mesure/btn_Supprimer_Fiche_Mesure"), 2, STOP_ON_FAILURE): Object 'Object Repository/ANEF_Eloignement_V_Nawres/Page_Prendre_Mesure/btn_Supprimer_Fiche_Mesure' is present

14-02-2025T14:49:23 - [MESSAGE][INFO] - Finding Test Object 'Object Repository/ANEF_Eloignement_V_Nawres/Page_Prendre_Mesure/btn_Supprimer_Fiche_Mesure'

14-02-2025T14:49:23 - [MESSAGE][INFO] - Checking object

14-02-2025T14:49:23 - [MESSAGE][INFO] - Finding web element from Test Object's properties

14-02-2025T14:49:23 - [MESSAGE][INFO] - Checking timeout

14-02-2025T14:49:23 - [MESSAGE][INFO] - Finding web element with id: 'Object Repository/ANEF_Eloignement_V_Nawres/Page_Prendre_Mesure/btn_Supprimer_Fiche_Mesure' located by 'By.xpath: //button[@title="Supprimer une Mesure"]' in '2' second(s)

14-02-2025T14:49:24 - [MESSAGE][INFO] - Found 1 web elements with id: 'Object Repository/ANEF_Eloignement_V_Nawres/Page_Prendre_Mesure/btn_Supprimer_Fiche_Mesure' located by 'By.xpath: //button[@title="Supprimer une Mesure"]' in '2' second(s)

14-02-2025T14:49:24 - [MESSAGE][PASSED] - Object 'Object Repository/ANEF_Eloignement_V_Nawres/Page_Prendre_Mesure/btn_Supprimer_Fiche_Mesure' is present

14-02-2025T14:49:24 - [TEST_STEP][PASSED] - break: null

14-02-2025T14:49:24 - [TEST_STEP][PASSED] - callTestCase(findTestCase("Test Cases/Test Reutilisable/Main/ANEF_Eloignement_V_Nawres/ANEF_Prendre_Mesure_Formulaire"), ["Mesure":Mesure, "FondementLegal":FondementLegal, "NatureDeLacteExpulsion":NatureDeLacteExpulsion, "UrgenceAbsolueExpulsion":UrgenceAbsolueExpulsion, ... ], STOP_ON_FAILURE): Call Test Case 'Test Cases/Test Reutilisable/Main/ANEF_Eloignement_V_Nawres/ANEF_Prendre_Mesure_Formulaire' successfully

14-02-2025T14:49:24 - [MESSAGE][INFO] - Checking called Test Case

14-02-2025T14:49:24 - [MESSAGE][INFO] - Starting to call Test Case 'Test Cases/Test Reutilisable/Main/ANEF_Eloignement_V_Nawres/ANEF_Prendre_Mesure_Formulaire'

14-02-2025T14:49:24 - [TEST_CASE][PASSED] - Test Cases/Test Reutilisable/Main/ANEF_Eloignement_V_Nawres/ANEF_Prendre_Mesure_Formulaire: Test Cases/Test Reutilisable/Main/ANEF_Eloignement_V_Nawres/ANEF_Prendre_Mesure_Formulaire

14-02-2025T14:49:24 - [TEST_STEP][PASSED] - calendar = Calendar.getInstance(): null

14-02-2025T14:49:24 - [TEST_STEP][PASSED] - currentDate = calendar.getTime(): null

14-02-2025T14:49:24 - [TEST_STEP][PASSED] - sdf = new java.text.SimpleDateFormat(dd/MM/yyyy): null

14-02-2025T14:49:24 - [TEST_STEP][PASSED] - formattedDate = sdf.format(currentDate): null

14-02-2025T14:49:24 - [TEST_STEP][PASSED] - DateActuelle = formattedDate.toString(): null

14-02-2025T14:49:24 - [TEST_STEP][PASSED] - println(DateActuelle): null

14-02-2025T14:49:24 - [TEST_STEP][PASSED] - if (Mesure != "ITF"): null

14-02-2025T14:49:24 - [TEST_STEP][PASSED] - if (Mesure == "ITF"): Object: 'Object Repository/ANEF_Eloignement_V_Nawres/Page_Prendre_Mesure_Formulaire/btn_Confirmer_Enregistrement_Mesure' is clicked on

14-02-2025T14:49:24 - [TEST_STEP][PASSED] - if (NaturePeineITF == "Complementaire"): null

14-02-2025T14:49:24 - [TEST_STEP][PASSED] - if (NaturePeineITF == "Principale"): Object: 'Object Repository/ANEF_Eloignement_V_Nawres/Page_Prendre_Mesure_Formulaire/btn_Nature_Peine_Principale' is clicked on

14-02-2025T14:49:24 - [TEST_STEP][PASSED] - click(findTestObject("Object Repository/ANEF_Eloignement_V_Nawres/Page_Prendre_Mesure_Formulaire/btn_Nature_Peine_Principale"), STOP_ON_FAILURE): Object: 'Object Repository/ANEF_Eloignement_V_Nawres/Page_Prendre_Mesure_Formulaire/btn_Nature_Peine_Principale' is clicked on

14-02-2025T14:49:24 - [MESSAGE][INFO] - Finding Test Object 'Object Repository/ANEF_Eloignement_V_Nawres/Page_Prendre_Mesure_Formulaire/btn_Nature_Peine_Principale'

14-02-2025T14:49:25 - [MESSAGE][INFO] - Checking timeout

14-02-2025T14:49:25 - [MESSAGE][INFO] - Finding web element with id: 'Object Repository/ANEF_Eloignement_V_Nawres/Page_Prendre_Mesure_Formulaire/btn_Nature_Peine_Principale' located by 'By.xpath: //label[contains(text(),"titre principale")]' in '20' second(s)

14-02-2025T14:49:25 - [MESSAGE][INFO] - Found 1 web elements with id: 'Object Repository/ANEF_Eloignement_V_Nawres/Page_Prendre_Mesure_Formulaire/btn_Nature_Peine_Principale' located by 'By.xpath: //label[contains(text(),"titre principale")]' in '20' second(s)

14-02-2025T14:49:25 - [MESSAGE][INFO] - Checking object

14-02-2025T14:49:25 - [MESSAGE][INFO] - Checking timeout

14-02-2025T14:49:25 - [MESSAGE][INFO] - Finding web element from Test Object's properties

14-02-2025T14:49:25 - [MESSAGE][INFO] - Checking timeout

14-02-2025T14:49:25 - [MESSAGE][INFO] - Finding web element with id: 'Object Repository/ANEF_Eloignement_V_Nawres/Page_Prendre_Mesure_Formulaire/btn_Nature_Peine_Principale' located by 'By.xpath: //label[contains(text(),"titre principale")]' in '100' second(s)

14-02-2025T14:49:25 - [MESSAGE][INFO] - Found 1 web elements with id: 'Object Repository/ANEF_Eloignement_V_Nawres/Page_Prendre_Mesure_Formulaire/btn_Nature_Peine_Principale' located by 'By.xpath: //label[contains(text(),"titre principale")]' in '100' second(s)

14-02-2025T14:49:25 - [MESSAGE][INFO] - Clicking on object: 'Object Repository/ANEF_Eloignement_V_Nawres/Page_Prendre_Mesure_Formulaire/btn_Nature_Peine_Principale'

14-02-2025T14:49:26 - [MESSAGE][PASSED] - Object: 'Object Repository/ANEF_Eloignement_V_Nawres/Page_Prendre_Mesure_Formulaire/btn_Nature_Peine_Principale' is clicked on

14-02-2025T14:49:26 - [TEST_STEP][PASSED] - if (DureeITF == "Temporaire"): Text '7' is set on object 'Object Repository/ANEF_Eloignement_V_Nawres/Page_Prendre_Mesure_Formulaire/input_Duree_ITF__Temporaire_Annee'

14-02-2025T14:49:26 - [TEST_STEP][PASSED] - click(findTestObject("Object Repository/ANEF_Eloignement_V_Nawres/Page_Prendre_Mesure_Formulaire/btn_Duree_ITF_Temporaire"), STOP_ON_FAILURE): Object: 'Object Repository/ANEF_Eloignement_V_Nawres/Page_Prendre_Mesure_Formulaire/btn_Duree_ITF_Temporaire' is clicked on

14-02-2025T14:49:26 - [MESSAGE][INFO] - Finding Test Object 'Object Repository/ANEF_Eloignement_V_Nawres/Page_Prendre_Mesure_Formulaire/btn_Duree_ITF_Temporaire'

14-02-2025T14:49:26 - [MESSAGE][INFO] - Checking timeout

14-02-2025T14:49:26 - [MESSAGE][INFO] - Finding web element with id: 'Object Repository/ANEF_Eloignement_V_Nawres/Page_Prendre_Mesure_Formulaire/btn_Duree_ITF_Temporaire' located by 'By.xpath: //label[contains(text(),"Temporaire")]' in '20' second(s)

14-02-2025T14:49:26 - [MESSAGE][INFO] - Found 1 web elements with id: 'Object Repository/ANEF_Eloignement_V_Nawres/Page_Prendre_Mesure_Formulaire/btn_Duree_ITF_Temporaire' located by 'By.xpath: //label[contains(text(),"Temporaire")]' in '20' second(s)

14-02-2025T14:49:26 - [MESSAGE][INFO] - Checking object

14-02-2025T14:49:26 - [MESSAGE][INFO] - Checking timeout

14-02-2025T14:49:26 - [MESSAGE][INFO] - Finding web element from Test Object's properties

14-02-2025T14:49:26 - [MESSAGE][INFO] - Checking timeout

14-02-2025T14:49:26 - [MESSAGE][INFO] - Finding web element with id: 'Object Repository/ANEF_Eloignement_V_Nawres/Page_Prendre_Mesure_Formulaire/btn_Duree_ITF_Temporaire' located by 'By.xpath: //label[contains(text(),"Temporaire")]' in '100' second(s)

14-02-2025T14:49:26 - [MESSAGE][INFO] - Found 1 web elements with id: 'Object Repository/ANEF_Eloignement_V_Nawres/Page_Prendre_Mesure_Formulaire/btn_Duree_ITF_Temporaire' located by 'By.xpath: //label[contains(text(),"Temporaire")]' in '100' second(s)

14-02-2025T14:49:26 - [MESSAGE][INFO] - Clicking on object: 'Object Repository/ANEF_Eloignement_V_Nawres/Page_Prendre_Mesure_Formulaire/btn_Duree_ITF_Temporaire'

14-02-2025T14:49:27 - [MESSAGE][PASSED] - Object: 'Object Repository/ANEF_Eloignement_V_Nawres/Page_Prendre_Mesure_Formulaire/btn_Duree_ITF_Temporaire' is clicked on

14-02-2025T14:49:27 - [TEST_STEP][PASSED] - waitForElementPresent(findTestObject("Object Repository/ANEF_Eloignement_V_Nawres/Page_Prendre_Mesure_Formulaire/input_Duree_ITF__Temporaire_Mois"), 40): Object 'Object Repository/ANEF_Eloignement_V_Nawres/Page_Prendre_Mesure_Formulaire/input_Duree_ITF__Temporaire_Mois' is present

14-02-2025T14:49:27 - [MESSAGE][INFO] - Finding Test Object 'Object Repository/ANEF_Eloignement_V_Nawres/Page_Prendre_Mesure_Formulaire/input_Duree_ITF__Temporaire_Mois'

14-02-2025T14:49:27 - [MESSAGE][INFO] - Checking object

14-02-2025T14:49:27 - [MESSAGE][INFO] - Finding web element from Test Object's properties

14-02-2025T14:49:27 - [MESSAGE][INFO] - Checking timeout

14-02-2025T14:49:27 - [MESSAGE][INFO] - Finding web element with id: 'Object Repository/ANEF_Eloignement_V_Nawres/Page_Prendre_Mesure_Formulaire/input_Duree_ITF__Temporaire_Mois' located by 'By.xpath: //input[@id="nbr_mois"]' in '40' second(s)

14-02-2025T14:49:27 - [MESSAGE][INFO] - Found 1 web elements with id: 'Object Repository/ANEF_Eloignement_V_Nawres/Page_Prendre_Mesure_Formulaire/input_Duree_ITF__Temporaire_Mois' located by 'By.xpath: //input[@id="nbr_mois"]' in '40' second(s)

14-02-2025T14:49:27 - [MESSAGE][PASSED] - Object 'Object Repository/ANEF_Eloignement_V_Nawres/Page_Prendre_Mesure_Formulaire/input_Duree_ITF__Temporaire_Mois' is present

14-02-2025T14:49:27 - [TEST_STEP][PASSED] - setText(findTestObject("Object Repository/ANEF_Eloignement_V_Nawres/Page_Prendre_Mesure_Formulaire/input_Duree_ITF__Temporaire_Mois"), "14", STOP_ON_FAILURE): Text '14' is set on object 'Object Repository/ANEF_Eloignement_V_Nawres/Page_Prendre_Mesure_Formulaire/input_Duree_ITF__Temporaire_Mois'

14-02-2025T14:49:27 - [MESSAGE][INFO] - Finding Test Object 'Object Repository/ANEF_Eloignement_V_Nawres/Page_Prendre_Mesure_Formulaire/input_Duree_ITF__Temporaire_Mois'

14-02-2025T14:49:27 - [MESSAGE][INFO] - Checking timeout

14-02-2025T14:49:27 - [MESSAGE][INFO] - Finding web element with id: 'Object Repository/ANEF_Eloignement_V_Nawres/Page_Prendre_Mesure_Formulaire/input_Duree_ITF__Temporaire_Mois' located by 'By.xpath: //input[@id="nbr_mois"]' in '20' second(s)

14-02-2025T14:49:27 - [MESSAGE][INFO] - Found 1 web elements with id: 'Object Repository/ANEF_Eloignement_V_Nawres/Page_Prendre_Mesure_Formulaire/input_Duree_ITF__Temporaire_Mois' located by 'By.xpath: //input[@id="nbr_mois"]' in '20' second(s)

14-02-2025T14:49:27 - [MESSAGE][INFO] - Checking object

14-02-2025T14:49:27 - [MESSAGE][INFO] - Checking text

14-02-2025T14:49:27 - [MESSAGE][INFO] - Finding web element from Test Object's properties

14-02-2025T14:49:27 - [MESSAGE][INFO] - Checking timeout

14-02-2025T14:49:27 - [MESSAGE][INFO] - Finding web element with id: 'Object Repository/ANEF_Eloignement_V_Nawres/Page_Prendre_Mesure_Formulaire/input_Duree_ITF__Temporaire_Mois' located by 'By.xpath: //input[@id="nbr_mois"]' in '100' second(s)

14-02-2025T14:49:27 - [MESSAGE][INFO] - Found 1 web elements with id: 'Object Repository/ANEF_Eloignement_V_Nawres/Page_Prendre_Mesure_Formulaire/input_Duree_ITF__Temporaire_Mois' located by 'By.xpath: //input[@id="nbr_mois"]' in '100' second(s)

14-02-2025T14:49:27 - [MESSAGE][INFO] - Clearing text of object 'Object Repository/ANEF_Eloignement_V_Nawres/Page_Prendre_Mesure_Formulaire/input_Duree_ITF__Temporaire_Mois'

14-02-2025T14:49:28 - [MESSAGE][INFO] - Finding web element from Test Object's properties

14-02-2025T14:49:28 - [MESSAGE][INFO] - Checking timeout

14-02-2025T14:49:28 - [MESSAGE][INFO] - Finding web element with id: 'Object Repository/ANEF_Eloignement_V_Nawres/Page_Prendre_Mesure_Formulaire/input_Duree_ITF__Temporaire_Mois' located by 'By.xpath: //input[@id="nbr_mois"]' in '100' second(s)

14-02-2025T14:49:28 - [MESSAGE][INFO] - Found 1 web elements with id: 'Object Repository/ANEF_Eloignement_V_Nawres/Page_Prendre_Mesure_Formulaire/input_Duree_ITF__Temporaire_Mois' located by 'By.xpath: //input[@id="nbr_mois"]' in '100' second(s)

14-02-2025T14:49:28 - [MESSAGE][INFO] - Setting text of object 'Object Repository/ANEF_Eloignement_V_Nawres/Page_Prendre_Mesure_Formulaire/input_Duree_ITF__Temporaire_Mois' to value '14'

14-02-2025T14:49:29 - [MESSAGE][PASSED] - Text '14' is set on object 'Object Repository/ANEF_Eloignement_V_Nawres/Page_Prendre_Mesure_Formulaire/input_Duree_ITF__Temporaire_Mois'

14-02-2025T14:49:29 - [TEST_STEP][PASSED] - verifyElementText(findTestObject("Object Repository/ANEF_Eloignement_V_Nawres/Page_Prendre_Mesure_Formulaire/p_Message_Erreur_Duree_ITF_Mois"), "Le Mois est invalide", STOP_ON_FAILURE): Actual text and expected text of test object 'Object Repository/ANEF_Eloignement_V_Nawres/Page_Prendre_Mesure_Formulaire/p_Message_Erreur_Duree_ITF_Mois' are matched.

14-02-2025T14:49:29 - [MESSAGE][INFO] - Finding Test Object 'Object Repository/ANEF_Eloignement_V_Nawres/Page_Prendre_Mesure_Formulaire/p_Message_Erreur_Duree_ITF_Mois'

14-02-2025T14:49:29 - [MESSAGE][INFO] - Checking object

14-02-2025T14:49:29 - [MESSAGE][INFO] - Finding web element from Test Object's properties

14-02-2025T14:49:29 - [MESSAGE][INFO] - Checking timeout

14-02-2025T14:49:29 - [MESSAGE][INFO] - Finding web element with id: 'Object Repository/ANEF_Eloignement_V_Nawres/Page_Prendre_Mesure_Formulaire/p_Message_Erreur_Duree_ITF_Mois' located by 'By.xpath: //app-accordeon-mesure-judiciaire/section/div/form/div/div[1]/div/fieldset/div[1]/p' in '100' second(s)

14-02-2025T14:49:29 - [MESSAGE][INFO] - Found 1 web elements with id: 'Object Repository/ANEF_Eloignement_V_Nawres/Page_Prendre_Mesure_Formulaire/p_Message_Erreur_Duree_ITF_Mois' located by 'By.xpath: //app-accordeon-mesure-judiciaire/section/div/form/div/div[1]/div/fieldset/div[1]/p' in '100' second(s)

14-02-2025T14:49:29 - [MESSAGE][PASSED] - Actual text and expected text of test object 'Object Repository/ANEF_Eloignement_V_Nawres/Page_Prendre_Mesure_Formulaire/p_Message_Erreur_Duree_ITF_Mois' are matched.

14-02-2025T14:49:29 - [TEST_STEP][PASSED] - setText(findTestObject("Object Repository/ANEF_Eloignement_V_Nawres/Page_Prendre_Mesure_Formulaire/input_Duree_ITF__Temporaire_Mois"), "10", STOP_ON_FAILURE): Text '10' is set on object 'Object Repository/ANEF_Eloignement_V_Nawres/Page_Prendre_Mesure_Formulaire/input_Duree_ITF__Temporaire_Mois'

14-02-2025T14:49:29 - [MESSAGE][INFO] - Finding Test Object 'Object Repository/ANEF_Eloignement_V_Nawres/Page_Prendre_Mesure_Formulaire/input_Duree_ITF__Temporaire_Mois'

14-02-2025T14:49:29 - [MESSAGE][INFO] - Checking timeout

14-02-2025T14:49:29 - [MESSAGE][INFO] - Finding web element with id: 'Object Repository/ANEF_Eloignement_V_Nawres/Page_Prendre_Mesure_Formulaire/input_Duree_ITF__Temporaire_Mois' located by 'By.xpath: //input[@id="nbr_mois"]' in '20' second(s)

14-02-2025T14:49:29 - [MESSAGE][INFO] - Found 1 web elements with id: 'Object Repository/ANEF_Eloignement_V_Nawres/Page_Prendre_Mesure_Formulaire/input_Duree_ITF__Temporaire_Mois' located by 'By.xpath: //input[@id="nbr_mois"]' in '20' second(s)

14-02-2025T14:49:29 - [MESSAGE][INFO] - Checking object

14-02-2025T14:49:29 - [MESSAGE][INFO] - Checking text

14-02-2025T14:49:29 - [MESSAGE][INFO] - Finding web element from Test Object's properties

14-02-2025T14:49:29 - [MESSAGE][INFO] - Checking timeout

14-02-2025T14:49:29 - [MESSAGE][INFO] - Finding web element with id: 'Object Repository/ANEF_Eloignement_V_Nawres/Page_Prendre_Mesure_Formulaire/input_Duree_ITF__Temporaire_Mois' located by 'By.xpath: //input[@id="nbr_mois"]' in '100' second(s)

14-02-2025T14:49:29 - [MESSAGE][INFO] - Found 1 web elements with id: 'Object Repository/ANEF_Eloignement_V_Nawres/Page_Prendre_Mesure_Formulaire/input_Duree_ITF__Temporaire_Mois' located by 'By.xpath: //input[@id="nbr_mois"]' in '100' second(s)

14-02-2025T14:49:29 - [MESSAGE][INFO] - Clearing text of object 'Object Repository/ANEF_Eloignement_V_Nawres/Page_Prendre_Mesure_Formulaire/input_Duree_ITF__Temporaire_Mois'

14-02-2025T14:49:30 - [MESSAGE][INFO] - Finding web element from Test Object's properties

14-02-2025T14:49:30 - [MESSAGE][INFO] - Checking timeout

14-02-2025T14:49:30 - [MESSAGE][INFO] - Finding web element with id: 'Object Repository/ANEF_Eloignement_V_Nawres/Page_Prendre_Mesure_Formulaire/input_Duree_ITF__Temporaire_Mois' located by 'By.xpath: //input[@id="nbr_mois"]' in '100' second(s)

14-02-2025T14:49:30 - [MESSAGE][INFO] - Found 1 web elements with id: 'Object Repository/ANEF_Eloignement_V_Nawres/Page_Prendre_Mesure_Formulaire/input_Duree_ITF__Temporaire_Mois' located by 'By.xpath: //input[@id="nbr_mois"]' in '100' second(s)

14-02-2025T14:49:30 - [MESSAGE][INFO] - Setting text of object 'Object Repository/ANEF_Eloignement_V_Nawres/Page_Prendre_Mesure_Formulaire/input_Duree_ITF__Temporaire_Mois' to value '10'

14-02-2025T14:49:32 - [MESSAGE][PASSED] - Text '10' is set on object 'Object Repository/ANEF_Eloignement_V_Nawres/Page_Prendre_Mesure_Formulaire/input_Duree_ITF__Temporaire_Mois'

14-02-2025T14:49:32 - [TEST_STEP][PASSED] - setText(findTestObject("Object Repository/ANEF_Eloignement_V_Nawres/Page_Prendre_Mesure_Formulaire/input_Duree_ITF__Temporaire_Annee"), "13", STOP_ON_FAILURE): Text '13' is set on object 'Object Repository/ANEF_Eloignement_V_Nawres/Page_Prendre_Mesure_Formulaire/input_Duree_ITF__Temporaire_Annee'

14-02-2025T14:49:32 - [MESSAGE][INFO] - Finding Test Object 'Object Repository/ANEF_Eloignement_V_Nawres/Page_Prendre_Mesure_Formulaire/input_Duree_ITF__Temporaire_Annee'

14-02-2025T14:49:32 - [MESSAGE][INFO] - Checking timeout

14-02-2025T14:49:32 - [MESSAGE][INFO] - Finding web element with id: 'Object Repository/ANEF_Eloignement_V_Nawres/Page_Prendre_Mesure_Formulaire/input_Duree_ITF__Temporaire_Annee' located by 'By.xpath: //input[@id="nbr_ans"]' in '20' second(s)

14-02-2025T14:49:32 - [MESSAGE][INFO] - Found 1 web elements with id: 'Object Repository/ANEF_Eloignement_V_Nawres/Page_Prendre_Mesure_Formulaire/input_Duree_ITF__Temporaire_Annee' located by 'By.xpath: //input[@id="nbr_ans"]' in '20' second(s)

14-02-2025T14:49:32 - [MESSAGE][INFO] - Checking object

14-02-2025T14:49:32 - [MESSAGE][INFO] - Checking text

14-02-2025T14:49:32 - [MESSAGE][INFO] - Finding web element from Test Object's properties

14-02-2025T14:49:32 - [MESSAGE][INFO] - Checking timeout

14-02-2025T14:49:32 - [MESSAGE][INFO] - Finding web element with id: 'Object Repository/ANEF_Eloignement_V_Nawres/Page_Prendre_Mesure_Formulaire/input_Duree_ITF__Temporaire_Annee' located by 'By.xpath: //input[@id="nbr_ans"]' in '100' second(s)

14-02-2025T14:49:32 - [MESSAGE][INFO] - Found 1 web elements with id: 'Object Repository/ANEF_Eloignement_V_Nawres/Page_Prendre_Mesure_Formulaire/input_Duree_ITF__Temporaire_Annee' located by 'By.xpath: //input[@id="nbr_ans"]' in '100' second(s)

14-02-2025T14:49:32 - [MESSAGE][INFO] - Clearing text of object 'Object Repository/ANEF_Eloignement_V_Nawres/Page_Prendre_Mesure_Formulaire/input_Duree_ITF__Temporaire_Annee'

14-02-2025T14:49:33 - [MESSAGE][INFO] - Finding web element from Test Object's properties

14-02-2025T14:49:33 - [MESSAGE][INFO] - Checking timeout

14-02-2025T14:49:33 - [MESSAGE][INFO] - Finding web element with id: 'Object Repository/ANEF_Eloignement_V_Nawres/Page_Prendre_Mesure_Formulaire/input_Duree_ITF__Temporaire_Annee' located by 'By.xpath: //input[@id="nbr_ans"]' in '100' second(s)

14-02-2025T14:49:33 - [MESSAGE][INFO] - Found 1 web elements with id: 'Object Repository/ANEF_Eloignement_V_Nawres/Page_Prendre_Mesure_Formulaire/input_Duree_ITF__Temporaire_Annee' located by 'By.xpath: //input[@id="nbr_ans"]' in '100' second(s)

14-02-2025T14:49:33 - [MESSAGE][INFO] - Setting text of object 'Object Repository/ANEF_Eloignement_V_Nawres/Page_Prendre_Mesure_Formulaire/input_Duree_ITF__Temporaire_Annee' to value '13'

14-02-2025T14:49:34 - [MESSAGE][PASSED] - Text '13' is set on object 'Object Repository/ANEF_Eloignement_V_Nawres/Page_Prendre_Mesure_Formulaire/input_Duree_ITF__Temporaire_Annee'

14-02-2025T14:49:34 - [TEST_STEP][PASSED] - verifyElementText(findTestObject("Object Repository/ANEF_Eloignement_V_Nawres/Page_Prendre_Mesure_Formulaire/p_Message_Erreur_Duree_ITF_Annee"), "La durÃ©e ne peut excÃ©der 10 ans", STOP_ON_FAILURE): Actual text and expected text of test object 'Object Repository/ANEF_Eloignement_V_Nawres/Page_Prendre_Mesure_Formulaire/p_Message_Erreur_Duree_ITF_Annee' are matched.

14-02-2025T14:49:34 - [MESSAGE][INFO] - Finding Test Object 'Object Repository/ANEF_Eloignement_V_Nawres/Page_Prendre_Mesure_Formulaire/p_Message_Erreur_Duree_ITF_Annee'

14-02-2025T14:49:34 - [MESSAGE][INFO] - Checking object

14-02-2025T14:49:34 - [MESSAGE][INFO] - Finding web element from Test Object's properties

14-02-2025T14:49:34 - [MESSAGE][INFO] - Checking timeout

14-02-2025T14:49:34 - [MESSAGE][INFO] - Finding web element with id: 'Object Repository/ANEF_Eloignement_V_Nawres/Page_Prendre_Mesure_Formulaire/p_Message_Erreur_Duree_ITF_Annee' located by 'By.xpath: //app-accordeon-mesure-judiciaire/section/div/form/div/div[1]/div/p' in '100' second(s)

14-02-2025T14:49:34 - [MESSAGE][INFO] - Found 1 web elements with id: 'Object Repository/ANEF_Eloignement_V_Nawres/Page_Prendre_Mesure_Formulaire/p_Message_Erreur_Duree_ITF_Annee' located by 'By.xpath: //app-accordeon-mesure-judiciaire/section/div/form/div/div[1]/div/p' in '100' second(s)

14-02-2025T14:49:34 - [MESSAGE][PASSED] - Actual text and expected text of test object 'Object Repository/ANEF_Eloignement_V_Nawres/Page_Prendre_Mesure_Formulaire/p_Message_Erreur_Duree_ITF_Annee' are matched.

14-02-2025T14:49:34 - [TEST_STEP][PASSED] - setText(findTestObject("Object Repository/ANEF_Eloignement_V_Nawres/Page_Prendre_Mesure_Formulaire/input_Duree_ITF__Temporaire_Annee"), "7", STOP_ON_FAILURE): Text '7' is set on object 'Object Repository/ANEF_Eloignement_V_Nawres/Page_Prendre_Mesure_Formulaire/input_Duree_ITF__Temporaire_Annee'

14-02-2025T14:49:34 - [MESSAGE][INFO] - Finding Test Object 'Object Repository/ANEF_Eloignement_V_Nawres/Page_Prendre_Mesure_Formulaire/input_Duree_ITF__Temporaire_Annee'

14-02-2025T14:49:34 - [MESSAGE][INFO] - Checking timeout

14-02-2025T14:49:34 - [MESSAGE][INFO] - Finding web element with id: 'Object Repository/ANEF_Eloignement_V_Nawres/Page_Prendre_Mesure_Formulaire/input_Duree_ITF__Temporaire_Annee' located by 'By.xpath: //input[@id="nbr_ans"]' in '20' second(s)

14-02-2025T14:49:34 - [MESSAGE][INFO] - Found 1 web elements with id: 'Object Repository/ANEF_Eloignement_V_Nawres/Page_Prendre_Mesure_Formulaire/input_Duree_ITF__Temporaire_Annee' located by 'By.xpath: //input[@id="nbr_ans"]' in '20' second(s)

14-02-2025T14:49:34 - [MESSAGE][INFO] - Checking object

14-02-2025T14:49:34 - [MESSAGE][INFO] - Checking text

14-02-2025T14:49:34 - [MESSAGE][INFO] - Finding web element from Test Object's properties

14-02-2025T14:49:34 - [MESSAGE][INFO] - Checking timeout

14-02-2025T14:49:34 - [MESSAGE][INFO] - Finding web element with id: 'Object Repository/ANEF_Eloignement_V_Nawres/Page_Prendre_Mesure_Formulaire/input_Duree_ITF__Temporaire_Annee' located by 'By.xpath: //input[@id="nbr_ans"]' in '100' second(s)

14-02-2025T14:49:34 - [MESSAGE][INFO] - Found 1 web elements with id: 'Object Repository/ANEF_Eloignement_V_Nawres/Page_Prendre_Mesure_Formulaire/input_Duree_ITF__Temporaire_Annee' located by 'By.xpath: //input[@id="nbr_ans"]' in '100' second(s)

14-02-2025T14:49:34 - [MESSAGE][INFO] - Clearing text of object 'Object Repository/ANEF_Eloignement_V_Nawres/Page_Prendre_Mesure_Formulaire/input_Duree_ITF__Temporaire_Annee'

14-02-2025T14:49:35 - [MESSAGE][INFO] - Finding web element from Test Object's properties

14-02-2025T14:49:35 - [MESSAGE][INFO] - Checking timeout

14-02-2025T14:49:35 - [MESSAGE][INFO] - Finding web element with id: 'Object Repository/ANEF_Eloignement_V_Nawres/Page_Prendre_Mesure_Formulaire/input_Duree_ITF__Temporaire_Annee' located by 'By.xpath: //input[@id="nbr_ans"]' in '100' second(s)

14-02-2025T14:49:35 - [MESSAGE][INFO] - Found 1 web elements with id: 'Object Repository/ANEF_Eloignement_V_Nawres/Page_Prendre_Mesure_Formulaire/input_Duree_ITF__Temporaire_Annee' located by 'By.xpath: //input[@id="nbr_ans"]' in '100' second(s)

14-02-2025T14:49:35 - [MESSAGE][INFO] - Setting text of object 'Object Repository/ANEF_Eloignement_V_Nawres/Page_Prendre_Mesure_Formulaire/input_Duree_ITF__Temporaire_Annee' to value '7'

14-02-2025T14:49:36 - [MESSAGE][PASSED] - Text '7' is set on object 'Object Repository/ANEF_Eloignement_V_Nawres/Page_Prendre_Mesure_Formulaire/input_Duree_ITF__Temporaire_Annee'

14-02-2025T14:49:36 - [TEST_STEP][PASSED] - if (DureeITF == "Definitive"): null

14-02-2025T14:49:36 - [TEST_STEP][PASSED] - setText(findTestObject("Object Repository/ANEF_Eloignement_V_Nawres/Page_Prendre_Mesure_Formulaire/input_Date_Executoire_ITF"), DateActuelle, STOP_ON_FAILURE): Text '14/02/2025' is set on object 'Object Repository/ANEF_Eloignement_V_Nawres/Page_Prendre_Mesure_Formulaire/input_Date_Executoire_ITF'

14-02-2025T14:49:36 - [MESSAGE][INFO] - Finding Test Object 'Object Repository/ANEF_Eloignement_V_Nawres/Page_Prendre_Mesure_Formulaire/input_Date_Executoire_ITF'

14-02-2025T14:49:36 - [MESSAGE][INFO] - Checking timeout

14-02-2025T14:49:36 - [MESSAGE][INFO] - Finding web element with id: 'Object Repository/ANEF_Eloignement_V_Nawres/Page_Prendre_Mesure_Formulaire/input_Date_Executoire_ITF' located by 'By.xpath: //input[@id="date_executoire_itf"]' in '20' second(s)

14-02-2025T14:49:36 - [MESSAGE][INFO] - Found 1 web elements with id: 'Object Repository/ANEF_Eloignement_V_Nawres/Page_Prendre_Mesure_Formulaire/input_Date_Executoire_ITF' located by 'By.xpath: //input[@id="date_executoire_itf"]' in '20' second(s)

14-02-2025T14:49:36 - [MESSAGE][INFO] - Checking object

14-02-2025T14:49:36 - [MESSAGE][INFO] - Checking text

14-02-2025T14:49:36 - [MESSAGE][INFO] - Finding web element from Test Object's properties

14-02-2025T14:49:36 - [MESSAGE][INFO] - Checking timeout

14-02-2025T14:49:36 - [MESSAGE][INFO] - Finding web element with id: 'Object Repository/ANEF_Eloignement_V_Nawres/Page_Prendre_Mesure_Formulaire/input_Date_Executoire_ITF' located by 'By.xpath: //input[@id="date_executoire_itf"]' in '100' second(s)

14-02-2025T14:49:36 - [MESSAGE][INFO] - Found 1 web elements with id: 'Object Repository/ANEF_Eloignement_V_Nawres/Page_Prendre_Mesure_Formulaire/input_Date_Executoire_ITF' located by 'By.xpath: //input[@id="date_executoire_itf"]' in '100' second(s)

14-02-2025T14:49:36 - [MESSAGE][INFO] - Clearing text of object 'Object Repository/ANEF_Eloignement_V_Nawres/Page_Prendre_Mesure_Formulaire/input_Date_Executoire_ITF'

14-02-2025T14:49:37 - [MESSAGE][INFO] - Finding web element from Test Object's properties

14-02-2025T14:49:37 - [MESSAGE][INFO] - Checking timeout

14-02-2025T14:49:37 - [MESSAGE][INFO] - Finding web element with id: 'Object Repository/ANEF_Eloignement_V_Nawres/Page_Prendre_Mesure_Formulaire/input_Date_Executoire_ITF' located by 'By.xpath: //input[@id="date_executoire_itf"]' in '100' second(s)

14-02-2025T14:49:37 - [MESSAGE][INFO] - Found 1 web elements with id: 'Object Repository/ANEF_Eloignement_V_Nawres/Page_Prendre_Mesure_Formulaire/input_Date_Executoire_ITF' located by 'By.xpath: //input[@id="date_executoire_itf"]' in '100' second(s)

14-02-2025T14:49:37 - [MESSAGE][INFO] - Setting text of object 'Object Repository/ANEF_Eloignement_V_Nawres/Page_Prendre_Mesure_Formulaire/input_Date_Executoire_ITF' to value '14/02/2025'

14-02-2025T14:49:38 - [MESSAGE][PASSED] - Text '14/02/2025' is set on object 'Object Repository/ANEF_Eloignement_V_Nawres/Page_Prendre_Mesure_Formulaire/input_Date_Executoire_ITF'

14-02-2025T14:49:38 - [TEST_STEP][PASSED] - setText(findTestObject("Object Repository/ANEF_Eloignement_V_Nawres/Page_Prendre_Mesure_Formulaire/input_Date_Jugement_ITF"), DateActuelle, STOP_ON_FAILURE): Text '14/02/2025' is set on object 'Object Repository/ANEF_Eloignement_V_Nawres/Page_Prendre_Mesure_Formulaire/input_Date_Jugement_ITF'

14-02-2025T14:49:38 - [MESSAGE][INFO] - Finding Test Object 'Object Repository/ANEF_Eloignement_V_Nawres/Page_Prendre_Mesure_Formulaire/input_Date_Jugement_ITF'

14-02-2025T14:49:38 - [MESSAGE][INFO] - Checking timeout

14-02-2025T14:49:38 - [MESSAGE][INFO] - Finding web element with id: 'Object Repository/ANEF_Eloignement_V_Nawres/Page_Prendre_Mesure_Formulaire/input_Date_Jugement_ITF' located by 'By.xpath: //input[@id="date_jugement_itf"]' in '20' second(s)

14-02-2025T14:49:38 - [MESSAGE][INFO] - Found 1 web elements with id: 'Object Repository/ANEF_Eloignement_V_Nawres/Page_Prendre_Mesure_Formulaire/input_Date_Jugement_ITF' located by 'By.xpath: //input[@id="date_jugement_itf"]' in '20' second(s)

14-02-2025T14:49:39 - [MESSAGE][INFO] - Checking object

14-02-2025T14:49:39 - [MESSAGE][INFO] - Checking text

14-02-2025T14:49:39 - [MESSAGE][INFO] - Finding web element from Test Object's properties

14-02-2025T14:49:39 - [MESSAGE][INFO] - Checking timeout

14-02-2025T14:49:39 - [MESSAGE][INFO] - Finding web element with id: 'Object Repository/ANEF_Eloignement_V_Nawres/Page_Prendre_Mesure_Formulaire/input_Date_Jugement_ITF' located by 'By.xpath: //input[@id="date_jugement_itf"]' in '100' second(s)

14-02-2025T14:49:39 - [MESSAGE][INFO] - Found 1 web elements with id: 'Object Repository/ANEF_Eloignement_V_Nawres/Page_Prendre_Mesure_Formulaire/input_Date_Jugement_ITF' located by 'By.xpath: //input[@id="date_jugement_itf"]' in '100' second(s)

14-02-2025T14:49:39 - [MESSAGE][INFO] - Clearing text of object 'Object Repository/ANEF_Eloignement_V_Nawres/Page_Prendre_Mesure_Formulaire/input_Date_Jugement_ITF'

14-02-2025T14:49:40 - [MESSAGE][INFO] - Finding web element from Test Object's properties

14-02-2025T14:49:40 - [MESSAGE][INFO] - Checking timeout

14-02-2025T14:49:40 - [MESSAGE][INFO] - Finding web element with id: 'Object Repository/ANEF_Eloignement_V_Nawres/Page_Prendre_Mesure_Formulaire/input_Date_Jugement_ITF' located by 'By.xpath: //input[@id="date_jugement_itf"]' in '100' second(s)

14-02-2025T14:49:40 - [MESSAGE][INFO] - Found 1 web elements with id: 'Object Repository/ANEF_Eloignement_V_Nawres/Page_Prendre_Mesure_Formulaire/input_Date_Jugement_ITF' located by 'By.xpath: //input[@id="date_jugement_itf"]' in '100' second(s)

14-02-2025T14:49:40 - [MESSAGE][INFO] - Setting text of object 'Object Repository/ANEF_Eloignement_V_Nawres/Page_Prendre_Mesure_Formulaire/input_Date_Jugement_ITF' to value '14/02/2025'

14-02-2025T14:49:41 - [MESSAGE][PASSED] - Text '14/02/2025' is set on object 'Object Repository/ANEF_Eloignement_V_Nawres/Page_Prendre_Mesure_Formulaire/input_Date_Jugement_ITF'

14-02-2025T14:49:41 - [TEST_STEP][PASSED] - click(findTestObject("Object Repository/ANEF_Eloignement_V_Nawres/Page_Prendre_Mesure_Formulaire/btn_Valider_Enregistrement_ITF"), STOP_ON_FAILURE): Object: 'Object Repository/ANEF_Eloignement_V_Nawres/Page_Prendre_Mesure_Formulaire/btn_Valider_Enregistrement_ITF' is clicked on

14-02-2025T14:49:41 - [MESSAGE][INFO] - Finding Test Object 'Object Repository/ANEF_Eloignement_V_Nawres/Page_Prendre_Mesure_Formulaire/btn_Valider_Enregistrement_ITF'

14-02-2025T14:49:41 - [MESSAGE][INFO] - Checking timeout

14-02-2025T14:49:41 - [MESSAGE][INFO] - Finding web element with id: 'Object Repository/ANEF_Eloignement_V_Nawres/Page_Prendre_Mesure_Formulaire/btn_Valider_Enregistrement_ITF' located by 'By.xpath: //button[@id="saveButtonITF"]' in '20' second(s)

14-02-2025T14:49:41 - [MESSAGE][INFO] - Found 1 web elements with id: 'Object Repository/ANEF_Eloignement_V_Nawres/Page_Prendre_Mesure_Formulaire/btn_Valider_Enregistrement_ITF' located by 'By.xpath: //button[@id="saveButtonITF"]' in '20' second(s)

14-02-2025T14:49:41 - [MESSAGE][INFO] - Checking object

14-02-2025T14:49:41 - [MESSAGE][INFO] - Checking timeout

14-02-2025T14:49:41 - [MESSAGE][INFO] - Finding web element from Test Object's properties

14-02-2025T14:49:41 - [MESSAGE][INFO] - Checking timeout

14-02-2025T14:49:41 - [MESSAGE][INFO] - Finding web element with id: 'Object Repository/ANEF_Eloignement_V_Nawres/Page_Prendre_Mesure_Formulaire/btn_Valider_Enregistrement_ITF' located by 'By.xpath: //button[@id="saveButtonITF"]' in '100' second(s)

14-02-2025T14:49:41 - [MESSAGE][INFO] - Found 1 web elements with id: 'Object Repository/ANEF_Eloignement_V_Nawres/Page_Prendre_Mesure_Formulaire/btn_Valider_Enregistrement_ITF' located by 'By.xpath: //button[@id="saveButtonITF"]' in '100' second(s)

14-02-2025T14:49:41 - [MESSAGE][INFO] - Clicking on object: 'Object Repository/ANEF_Eloignement_V_Nawres/Page_Prendre_Mesure_Formulaire/btn_Valider_Enregistrement_ITF'

14-02-2025T14:49:42 - [MESSAGE][PASSED] - Object: 'Object Repository/ANEF_Eloignement_V_Nawres/Page_Prendre_Mesure_Formulaire/btn_Valider_Enregistrement_ITF' is clicked on

14-02-2025T14:49:42 - [TEST_STEP][PASSED] - click(findTestObject("Object Repository/ANEF_Eloignement_V_Nawres/Page_Prendre_Mesure_Formulaire/btn_Confirmer_Enregistrement_Mesure"), STOP_ON_FAILURE): Object: 'Object Repository/ANEF_Eloignement_V_Nawres/Page_Prendre_Mesure_Formulaire/btn_Confirmer_Enregistrement_Mesure' is clicked on

14-02-2025T14:49:42 - [MESSAGE][INFO] - Finding Test Object 'Object Repository/ANEF_Eloignement_V_Nawres/Page_Prendre_Mesure_Formulaire/btn_Confirmer_Enregistrement_Mesure'

14-02-2025T14:49:42 - [MESSAGE][INFO] - Checking timeout

14-02-2025T14:49:42 - [MESSAGE][INFO] - Finding web element with id: 'Object Repository/ANEF_Eloignement_V_Nawres/Page_Prendre_Mesure_Formulaire/btn_Confirmer_Enregistrement_Mesure' located by 'By.xpath: //button[contains(text(),"Confirmer lâ€™enregistrement de la mesure")]' in '20' second(s)

14-02-2025T14:49:42 - [MESSAGE][INFO] - Found 1 web elements with id: 'Object Repository/ANEF_Eloignement_V_Nawres/Page_Prendre_Mesure_Formulaire/btn_Confirmer_Enregistrement_Mesure' located by 'By.xpath: //button[contains(text(),"Confirmer lâ€™enregistrement de la mesure")]' in '20' second(s)

14-02-2025T14:49:42 - [MESSAGE][INFO] - Checking object

14-02-2025T14:49:42 - [MESSAGE][INFO] - Checking timeout

14-02-2025T14:49:42 - [MESSAGE][INFO] - Finding web element from Test Object's properties

14-02-2025T14:49:42 - [MESSAGE][INFO] - Checking timeout

14-02-2025T14:49:42 - [MESSAGE][INFO] - Finding web element with id: 'Object Repository/ANEF_Eloignement_V_Nawres/Page_Prendre_Mesure_Formulaire/btn_Confirmer_Enregistrement_Mesure' located by 'By.xpath: //button[contains(text(),"Confirmer lâ€™enregistrement de la mesure")]' in '100' second(s)

14-02-2025T14:49:42 - [MESSAGE][INFO] - Found 1 web elements with id: 'Object Repository/ANEF_Eloignement_V_Nawres/Page_Prendre_Mesure_Formulaire/btn_Confirmer_Enregistrement_Mesure' located by 'By.xpath: //button[contains(text(),"Confirmer lâ€™enregistrement de la mesure")]' in '100' second(s)

14-02-2025T14:49:42 - [MESSAGE][INFO] - Clicking on object: 'Object Repository/ANEF_Eloignement_V_Nawres/Page_Prendre_Mesure_Formulaire/btn_Confirmer_Enregistrement_Mesure'

14-02-2025T14:49:43 - [MESSAGE][PASSED] - Object: 'Object Repository/ANEF_Eloignement_V_Nawres/Page_Prendre_Mesure_Formulaire/btn_Confirmer_Enregistrement_Mesure' is clicked on

14-02-2025T14:49:43 - [TEST_STEP][PASSED] - click(findTestObject("Object Repository/ANEF_Eloignement_V_Nawres/Page_Prendre_Mesure_Formulaire/btn_Enregistrer"), STOP_ON_FAILURE): Object: 'Object Repository/ANEF_Eloignement_V_Nawres/Page_Prendre_Mesure_Formulaire/btn_Enregistrer' is clicked on

14-02-2025T14:49:43 - [MESSAGE][INFO] - Finding Test Object 'Object Repository/ANEF_Eloignement_V_Nawres/Page_Prendre_Mesure_Formulaire/btn_Enregistrer'

14-02-2025T14:49:43 - [MESSAGE][INFO] - Checking timeout

14-02-2025T14:49:43 - [MESSAGE][INFO] - Finding web element with id: 'Object Repository/ANEF_Eloignement_V_Nawres/Page_Prendre_Mesure_Formulaire/btn_Enregistrer' located by 'By.xpath: //button[contains(text(),"Enregistrer")]' in '20' second(s)

14-02-2025T14:49:43 - [MESSAGE][INFO] - Found 1 web elements with id: 'Object Repository/ANEF_Eloignement_V_Nawres/Page_Prendre_Mesure_Formulaire/btn_Enregistrer' located by 'By.xpath: //button[contains(text(),"Enregistrer")]' in '20' second(s)

14-02-2025T14:49:43 - [MESSAGE][INFO] - Checking object

14-02-2025T14:49:43 - [MESSAGE][INFO] - Checking timeout

14-02-2025T14:49:43 - [MESSAGE][INFO] - Finding web element from Test Object's properties

14-02-2025T14:49:43 - [MESSAGE][INFO] - Checking timeout

14-02-2025T14:49:43 - [MESSAGE][INFO] - Finding web element with id: 'Object Repository/ANEF_Eloignement_V_Nawres/Page_Prendre_Mesure_Formulaire/btn_Enregistrer' located by 'By.xpath: //button[contains(text(),"Enregistrer")]' in '100' second(s)

14-02-2025T14:49:43 - [MESSAGE][INFO] - Found 1 web elements with id: 'Object Repository/ANEF_Eloignement_V_Nawres/Page_Prendre_Mesure_Formulaire/btn_Enregistrer' located by 'By.xpath: //button[contains(text(),"Enregistrer")]' in '100' second(s)

14-02-2025T14:49:43 - [MESSAGE][INFO] - Clicking on object: 'Object Repository/ANEF_Eloignement_V_Nawres/Page_Prendre_Mesure_Formulaire/btn_Enregistrer'

14-02-2025T14:49:44 - [MESSAGE][PASSED] - Object: 'Object Repository/ANEF_Eloignement_V_Nawres/Page_Prendre_Mesure_Formulaire/btn_Enregistrer' is clicked on

14-02-2025T14:49:44 - [MESSAGE][PASSED] - Call Test Case 'Test Cases/Test Reutilisable/Main/ANEF_Eloignement_V_Nawres/ANEF_Prendre_Mesure_Formulaire' successfully

14-02-2025T14:49:44 - [MESSAGE][PASSED] - Call Test Case 'Test Cases/Test Reutilisable/Main/ANEF_Eloignement_V_Nawres/ANEF_Prendre_Mesure' successfully

14-02-2025T14:49:44 - [TEST_STEP][PASSED] - callTestCase(findTestCase("Test Cases/Test Reutilisable/Main/ANEF_Eloignement_V_Nawres/ANEF_Ajouter_Decision"), ["ModeNotification":ModeNotification], STOP_ON_FAILURE): Call Test Case 'Test Cases/Test Reutilisable/Main/ANEF_Eloignement_V_Nawres/ANEF_Ajouter_Decision' successfully

14-02-2025T14:49:44 - [MESSAGE][INFO] - Checking called Test Case

14-02-2025T14:49:44 - [MESSAGE][INFO] - Starting to call Test Case 'Test Cases/Test Reutilisable/Main/ANEF_Eloignement_V_Nawres/ANEF_Ajouter_Decision'

14-02-2025T14:49:44 - [TEST_CASE][PASSED] - Test Cases/Test Reutilisable/Main/ANEF_Eloignement_V_Nawres/ANEF_Ajouter_Decision: Test Cases/Test Reutilisable/Main/ANEF_Eloignement_V_Nawres/ANEF_Ajouter_Decision

14-02-2025T14:49:44 - [TEST_STEP][PASSED] - calendar = Calendar.getInstance(): null

14-02-2025T14:49:44 - [TEST_STEP][PASSED] - currentDate = calendar.getTime(): null

14-02-2025T14:49:44 - [TEST_STEP][PASSED] - sdf = new java.text.SimpleDateFormat(dd/MM/yyyy): null

14-02-2025T14:49:44 - [TEST_STEP][PASSED] - formattedDate = sdf.format(currentDate): null

14-02-2025T14:49:44 - [TEST_STEP][PASSED] - DateActuelle = formattedDate.toString(): null

14-02-2025T14:49:44 - [TEST_STEP][PASSED] - println(DateActuelle): null

14-02-2025T14:49:44 - [TEST_STEP][PASSED] - waitForElementClickable(findTestObject("Object Repository/ANEF_Eloignement_V_Nawres/Page_Ajouter_Decision/btn_Ajouter_Decision"), 20, STOP_ON_FAILURE): Object 'Object Repository/ANEF_Eloignement_V_Nawres/Page_Ajouter_Decision/btn_Ajouter_Decision' is clickable

14-02-2025T14:49:44 - [MESSAGE][INFO] - Finding Test Object 'Object Repository/ANEF_Eloignement_V_Nawres/Page_Ajouter_Decision/btn_Ajouter_Decision'

14-02-2025T14:49:44 - [MESSAGE][INFO] - Checking object

14-02-2025T14:49:44 - [MESSAGE][INFO] - Checking timeout

14-02-2025T14:49:44 - [MESSAGE][INFO] - Finding web element from Test Object's properties

14-02-2025T14:49:44 - [MESSAGE][INFO] - Checking timeout

14-02-2025T14:49:44 - [MESSAGE][INFO] - Finding web element with id: 'Object Repository/ANEF_Eloignement_V_Nawres/Page_Ajouter_Decision/btn_Ajouter_Decision' located by 'By.xpath: //button[contains(text(),"Ajouter une dÃ©cision")]' in '20' second(s)

14-02-2025T14:49:45 - [MESSAGE][INFO] - Found 1 web elements with id: 'Object Repository/ANEF_Eloignement_V_Nawres/Page_Ajouter_Decision/btn_Ajouter_Decision' located by 'By.xpath: //button[contains(text(),"Ajouter une dÃ©cision")]' in '20' second(s)

14-02-2025T14:49:45 - [MESSAGE][PASSED] - Object 'Object Repository/ANEF_Eloignement_V_Nawres/Page_Ajouter_Decision/btn_Ajouter_Decision' is clickable

14-02-2025T14:49:45 - [TEST_STEP][PASSED] - click(findTestObject("Object Repository/ANEF_Eloignement_V_Nawres/Page_Ajouter_Decision/btn_Ajouter_Decision"), STOP_ON_FAILURE): Object: 'Object Repository/ANEF_Eloignement_V_Nawres/Page_Ajouter_Decision/btn_Ajouter_Decision' is clicked on

14-02-2025T14:49:45 - [MESSAGE][INFO] - Finding Test Object 'Object Repository/ANEF_Eloignement_V_Nawres/Page_Ajouter_Decision/btn_Ajouter_Decision'

14-02-2025T14:49:45 - [MESSAGE][INFO] - Checking timeout

14-02-2025T14:49:45 - [MESSAGE][INFO] - Finding web element with id: 'Object Repository/ANEF_Eloignement_V_Nawres/Page_Ajouter_Decision/btn_Ajouter_Decision' located by 'By.xpath: //button[contains(text(),"Ajouter une dÃ©cision")]' in '20' second(s)

14-02-2025T14:49:45 - [MESSAGE][INFO] - Found 1 web elements with id: 'Object Repository/ANEF_Eloignement_V_Nawres/Page_Ajouter_Decision/btn_Ajouter_Decision' located by 'By.xpath: //button[contains(text(),"Ajouter une dÃ©cision")]' in '20' second(s)

14-02-2025T14:49:45 - [MESSAGE][INFO] - Checking object

14-02-2025T14:49:45 - [MESSAGE][INFO] - Checking timeout

14-02-2025T14:49:45 - [MESSAGE][INFO] - Finding web element from Test Object's properties

14-02-2025T14:49:45 - [MESSAGE][INFO] - Checking timeout

14-02-2025T14:49:45 - [MESSAGE][INFO] - Finding web element with id: 'Object Repository/ANEF_Eloignement_V_Nawres/Page_Ajouter_Decision/btn_Ajouter_Decision' located by 'By.xpath: //button[contains(text(),"Ajouter une dÃ©cision")]' in '100' second(s)

14-02-2025T14:49:45 - [MESSAGE][INFO] - Found 1 web elements with id: 'Object Repository/ANEF_Eloignement_V_Nawres/Page_Ajouter_Decision/btn_Ajouter_Decision' located by 'By.xpath: //button[contains(text(),"Ajouter une dÃ©cision")]' in '100' second(s)

14-02-2025T14:49:45 - [MESSAGE][INFO] - Clicking on object: 'Object Repository/ANEF_Eloignement_V_Nawres/Page_Ajouter_Decision/btn_Ajouter_Decision'

14-02-2025T14:49:46 - [MESSAGE][PASSED] - Object: 'Object Repository/ANEF_Eloignement_V_Nawres/Page_Ajouter_Decision/btn_Ajouter_Decision' is clicked on

14-02-2025T14:49:46 - [TEST_STEP][PASSED] - scrollToElement(findTestObject("Object Repository/ANEF_Eloignement_V_Nawres/Page_Ajouter_Decision/btn_Confirmer_Ajout_Decision"), 5, STOP_ON_FAILURE): Scroll to object 'Object Repository/ANEF_Eloignement_V_Nawres/Page_Ajouter_Decision/btn_Confirmer_Ajout_Decision' successfully

14-02-2025T14:49:46 - [MESSAGE][INFO] - Finding Test Object 'Object Repository/ANEF_Eloignement_V_Nawres/Page_Ajouter_Decision/btn_Confirmer_Ajout_Decision'

14-02-2025T14:49:46 - [MESSAGE][INFO] - Checking object

14-02-2025T14:49:46 - [MESSAGE][INFO] - Checking timeout

14-02-2025T14:49:46 - [MESSAGE][INFO] - Finding web element from Test Object's properties

14-02-2025T14:49:46 - [MESSAGE][INFO] - Checking timeout

14-02-2025T14:49:46 - [MESSAGE][INFO] - Finding web element with id: 'Object Repository/ANEF_Eloignement_V_Nawres/Page_Ajouter_Decision/btn_Confirmer_Ajout_Decision' located by 'By.xpath: //button[contains(text()," Confirmer l'ajout")]' in '100' second(s)

14-02-2025T14:49:46 - [MESSAGE][INFO] - Found 1 web elements with id: 'Object Repository/ANEF_Eloignement_V_Nawres/Page_Ajouter_Decision/btn_Confirmer_Ajout_Decision' located by 'By.xpath: //button[contains(text()," Confirmer l'ajout")]' in '100' second(s)

14-02-2025T14:49:46 - [MESSAGE][INFO] - Scrolling to object 'Object Repository/ANEF_Eloignement_V_Nawres/Page_Ajouter_Decision/btn_Confirmer_Ajout_Decision'

14-02-2025T14:49:46 - [MESSAGE][PASSED] - Scroll to object 'Object Repository/ANEF_Eloignement_V_Nawres/Page_Ajouter_Decision/btn_Confirmer_Ajout_Decision' successfully

14-02-2025T14:49:46 - [TEST_STEP][PASSED] - click(findTestObject("Object Repository/ANEF_Eloignement_V_Nawres/Page_Ajouter_Decision/btn_Confirmer_Ajout_Decision"), STOP_ON_FAILURE): Object: 'Object Repository/ANEF_Eloignement_V_Nawres/Page_Ajouter_Decision/btn_Confirmer_Ajout_Decision' is clicked on

14-02-2025T14:49:46 - [MESSAGE][INFO] - Finding Test Object 'Object Repository/ANEF_Eloignement_V_Nawres/Page_Ajouter_Decision/btn_Confirmer_Ajout_Decision'

14-02-2025T14:49:46 - [MESSAGE][INFO] - Checking timeout

14-02-2025T14:49:46 - [MESSAGE][INFO] - Finding web element with id: 'Object Repository/ANEF_Eloignement_V_Nawres/Page_Ajouter_Decision/btn_Confirmer_Ajout_Decision' located by 'By.xpath: //button[contains(text()," Confirmer l'ajout")]' in '20' second(s)

14-02-2025T14:49:46 - [MESSAGE][INFO] - Found 1 web elements with id: 'Object Repository/ANEF_Eloignement_V_Nawres/Page_Ajouter_Decision/btn_Confirmer_Ajout_Decision' located by 'By.xpath: //button[contains(text()," Confirmer l'ajout")]' in '20' second(s)

14-02-2025T14:49:46 - [MESSAGE][INFO] - Checking object

14-02-2025T14:49:46 - [MESSAGE][INFO] - Checking timeout

14-02-2025T14:49:46 - [MESSAGE][INFO] - Finding web element from Test Object's properties

14-02-2025T14:49:46 - [MESSAGE][INFO] - Checking timeout

14-02-2025T14:49:46 - [MESSAGE][INFO] - Finding web element with id: 'Object Repository/ANEF_Eloignement_V_Nawres/Page_Ajouter_Decision/btn_Confirmer_Ajout_Decision' located by 'By.xpath: //button[contains(text()," Confirmer l'ajout")]' in '100' second(s)

14-02-2025T14:49:46 - [MESSAGE][INFO] - Found 1 web elements with id: 'Object Repository/ANEF_Eloignement_V_Nawres/Page_Ajouter_Decision/btn_Confirmer_Ajout_Decision' located by 'By.xpath: //button[contains(text()," Confirmer l'ajout")]' in '100' second(s)

14-02-2025T14:49:46 - [MESSAGE][INFO] - Clicking on object: 'Object Repository/ANEF_Eloignement_V_Nawres/Page_Ajouter_Decision/btn_Confirmer_Ajout_Decision'

14-02-2025T14:49:47 - [MESSAGE][PASSED] - Object: 'Object Repository/ANEF_Eloignement_V_Nawres/Page_Ajouter_Decision/btn_Confirmer_Ajout_Decision' is clicked on

14-02-2025T14:49:47 - [TEST_STEP][PASSED] - waitForElementClickable(findTestObject("Object Repository/ANEF_Eloignement_V_Nawres/Page_Ajouter_Decision/btn_Confirmer_Notification"), 20, STOP_ON_FAILURE): Object 'Object Repository/ANEF_Eloignement_V_Nawres/Page_Ajouter_Decision/btn_Confirmer_Notification' is clickable

14-02-2025T14:49:47 - [MESSAGE][INFO] - Finding Test Object 'Object Repository/ANEF_Eloignement_V_Nawres/Page_Ajouter_Decision/btn_Confirmer_Notification'

14-02-2025T14:49:47 - [MESSAGE][INFO] - Checking object

14-02-2025T14:49:47 - [MESSAGE][INFO] - Checking timeout

14-02-2025T14:49:47 - [MESSAGE][INFO] - Finding web element from Test Object's properties

14-02-2025T14:49:47 - [MESSAGE][INFO] - Checking timeout

14-02-2025T14:49:47 - [MESSAGE][INFO] - Finding web element with id: 'Object Repository/ANEF_Eloignement_V_Nawres/Page_Ajouter_Decision/btn_Confirmer_Notification' located by 'By.xpath: //button[contains(text(),"Confirmer la notification")]' in '20' second(s)

14-02-2025T14:49:47 - [MESSAGE][INFO] - Found 1 web elements with id: 'Object Repository/ANEF_Eloignement_V_Nawres/Page_Ajouter_Decision/btn_Confirmer_Notification' located by 'By.xpath: //button[contains(text(),"Confirmer la notification")]' in '20' second(s)

14-02-2025T14:49:48 - [MESSAGE][PASSED] - Object 'Object Repository/ANEF_Eloignement_V_Nawres/Page_Ajouter_Decision/btn_Confirmer_Notification' is clickable

14-02-2025T14:49:48 - [TEST_STEP][PASSED] - click(findTestObject("Object Repository/ANEF_Eloignement_V_Nawres/Page_Ajouter_Decision/btn_Confirmer_Notification"), STOP_ON_FAILURE): Object: 'Object Repository/ANEF_Eloignement_V_Nawres/Page_Ajouter_Decision/btn_Confirmer_Notification' is clicked on

14-02-2025T14:49:48 - [MESSAGE][INFO] - Finding Test Object 'Object Repository/ANEF_Eloignement_V_Nawres/Page_Ajouter_Decision/btn_Confirmer_Notification'

14-02-2025T14:49:48 - [MESSAGE][INFO] - Checking timeout

14-02-2025T14:49:48 - [MESSAGE][INFO] - Finding web element with id: 'Object Repository/ANEF_Eloignement_V_Nawres/Page_Ajouter_Decision/btn_Confirmer_Notification' located by 'By.xpath: //button[contains(text(),"Confirmer la notification")]' in '20' second(s)

14-02-2025T14:49:48 - [MESSAGE][INFO] - Found 1 web elements with id: 'Object Repository/ANEF_Eloignement_V_Nawres/Page_Ajouter_Decision/btn_Confirmer_Notification' located by 'By.xpath: //button[contains(text(),"Confirmer la notification")]' in '20' second(s)

14-02-2025T14:49:48 - [MESSAGE][INFO] - Checking object

14-02-2025T14:49:48 - [MESSAGE][INFO] - Checking timeout

14-02-2025T14:49:48 - [MESSAGE][INFO] - Finding web element from Test Object's properties

14-02-2025T14:49:48 - [MESSAGE][INFO] - Checking timeout

14-02-2025T14:49:48 - [MESSAGE][INFO] - Finding web element with id: 'Object Repository/ANEF_Eloignement_V_Nawres/Page_Ajouter_Decision/btn_Confirmer_Notification' located by 'By.xpath: //button[contains(text(),"Confirmer la notification")]' in '100' second(s)

14-02-2025T14:49:48 - [MESSAGE][INFO] - Found 1 web elements with id: 'Object Repository/ANEF_Eloignement_V_Nawres/Page_Ajouter_Decision/btn_Confirmer_Notification' located by 'By.xpath: //button[contains(text(),"Confirmer la notification")]' in '100' second(s)

14-02-2025T14:49:48 - [MESSAGE][INFO] - Clicking on object: 'Object Repository/ANEF_Eloignement_V_Nawres/Page_Ajouter_Decision/btn_Confirmer_Notification'

14-02-2025T14:49:49 - [MESSAGE][PASSED] - Object: 'Object Repository/ANEF_Eloignement_V_Nawres/Page_Ajouter_Decision/btn_Confirmer_Notification' is clicked on

14-02-2025T14:49:49 - [TEST_STEP][PASSED] - selectOptionByLabel(findTestObject("Object Repository/ANEF_Eloignement_V_Nawres/Page_Ajouter_Decision/select_Mode_Notification"), ModeNotification, false, STOP_ON_FAILURE): All options with label 'Voie postale' are selected in object 'Object Repository/ANEF_Eloignement_V_Nawres/Page_Ajouter_Decision/select_Mode_Notification' 

14-02-2025T14:49:50 - [MESSAGE][INFO] - Finding Test Object 'Object Repository/ANEF_Eloignement_V_Nawres/Page_Ajouter_Decision/select_Mode_Notification'

14-02-2025T14:49:50 - [MESSAGE][INFO] - Checking timeout

14-02-2025T14:49:50 - [MESSAGE][INFO] - Finding web element with id: 'Object Repository/ANEF_Eloignement_V_Nawres/Page_Ajouter_Decision/select_Mode_Notification' located by 'By.xpath: //app-notification-modal//form//app-dsfr-select/div/select[@id="mode_notification"]' in '20' second(s)

14-02-2025T14:49:50 - [MESSAGE][INFO] - Found 1 web elements with id: 'Object Repository/ANEF_Eloignement_V_Nawres/Page_Ajouter_Decision/select_Mode_Notification' located by 'By.xpath: //app-notification-modal//form//app-dsfr-select/div/select[@id="mode_notification"]' in '20' second(s)

14-02-2025T14:49:50 - [MESSAGE][INFO] - Checking object

14-02-2025T14:49:50 - [MESSAGE][INFO] - Checking label parameter

14-02-2025T14:49:50 - [MESSAGE][INFO] - Finding web element from Test Object's properties

14-02-2025T14:49:50 - [MESSAGE][INFO] - Checking timeout

14-02-2025T14:49:50 - [MESSAGE][INFO] - Finding web element with id: 'Object Repository/ANEF_Eloignement_V_Nawres/Page_Ajouter_Decision/select_Mode_Notification' located by 'By.xpath: //app-notification-modal//form//app-dsfr-select/div/select[@id="mode_notification"]' in '100' second(s)

14-02-2025T14:49:50 - [MESSAGE][INFO] - Found 1 web elements with id: 'Object Repository/ANEF_Eloignement_V_Nawres/Page_Ajouter_Decision/select_Mode_Notification' located by 'By.xpath: //app-notification-modal//form//app-dsfr-select/div/select[@id="mode_notification"]' in '100' second(s)

14-02-2025T14:49:50 - [MESSAGE][INFO] - Selecting options on object 'Object Repository/ANEF_Eloignement_V_Nawres/Page_Ajouter_Decision/select_Mode_Notification' with label 'Voie postale' 

14-02-2025T14:49:51 - [MESSAGE][PASSED] - All options with label 'Voie postale' are selected in object 'Object Repository/ANEF_Eloignement_V_Nawres/Page_Ajouter_Decision/select_Mode_Notification' 

14-02-2025T14:49:51 - [TEST_STEP][PASSED] - setText(findTestObject("Object Repository/ANEF_Eloignement_V_Nawres/Page_Ajouter_Decision/input_Date_Notification"), DateActuelle, STOP_ON_FAILURE): Text '14/02/2025' is set on object 'Object Repository/ANEF_Eloignement_V_Nawres/Page_Ajouter_Decision/input_Date_Notification'

14-02-2025T14:49:51 - [MESSAGE][INFO] - Finding Test Object 'Object Repository/ANEF_Eloignement_V_Nawres/Page_Ajouter_Decision/input_Date_Notification'

14-02-2025T14:49:51 - [MESSAGE][INFO] - Checking timeout

14-02-2025T14:49:51 - [MESSAGE][INFO] - Finding web element with id: 'Object Repository/ANEF_Eloignement_V_Nawres/Page_Ajouter_Decision/input_Date_Notification' located by 'By.xpath: //app-notification-modal//form//app-dsfr-input/div/input[@name="date_notification"]' in '20' second(s)

14-02-2025T14:49:51 - [MESSAGE][INFO] - Found 1 web elements with id: 'Object Repository/ANEF_Eloignement_V_Nawres/Page_Ajouter_Decision/input_Date_Notification' located by 'By.xpath: //app-notification-modal//form//app-dsfr-input/div/input[@name="date_notification"]' in '20' second(s)

14-02-2025T14:49:51 - [MESSAGE][INFO] - Checking object

14-02-2025T14:49:51 - [MESSAGE][INFO] - Checking text

14-02-2025T14:49:51 - [MESSAGE][INFO] - Finding web element from Test Object's properties

14-02-2025T14:49:51 - [MESSAGE][INFO] - Checking timeout

14-02-2025T14:49:51 - [MESSAGE][INFO] - Finding web element with id: 'Object Repository/ANEF_Eloignement_V_Nawres/Page_Ajouter_Decision/input_Date_Notification' located by 'By.xpath: //app-notification-modal//form//app-dsfr-input/div/input[@name="date_notification"]' in '100' second(s)

14-02-2025T14:49:51 - [MESSAGE][INFO] - Found 1 web elements with id: 'Object Repository/ANEF_Eloignement_V_Nawres/Page_Ajouter_Decision/input_Date_Notification' located by 'By.xpath: //app-notification-modal//form//app-dsfr-input/div/input[@name="date_notification"]' in '100' second(s)

14-02-2025T14:49:51 - [MESSAGE][INFO] - Clearing text of object 'Object Repository/ANEF_Eloignement_V_Nawres/Page_Ajouter_Decision/input_Date_Notification'

14-02-2025T14:49:52 - [MESSAGE][INFO] - Finding web element from Test Object's properties

14-02-2025T14:49:52 - [MESSAGE][INFO] - Checking timeout

14-02-2025T14:49:52 - [MESSAGE][INFO] - Finding web element with id: 'Object Repository/ANEF_Eloignement_V_Nawres/Page_Ajouter_Decision/input_Date_Notification' located by 'By.xpath: //app-notification-modal//form//app-dsfr-input/div/input[@name="date_notification"]' in '100' second(s)

14-02-2025T14:49:52 - [MESSAGE][INFO] - Found 1 web elements with id: 'Object Repository/ANEF_Eloignement_V_Nawres/Page_Ajouter_Decision/input_Date_Notification' located by 'By.xpath: //app-notification-modal//form//app-dsfr-input/div/input[@name="date_notification"]' in '100' second(s)

14-02-2025T14:49:52 - [MESSAGE][INFO] - Setting text of object 'Object Repository/ANEF_Eloignement_V_Nawres/Page_Ajouter_Decision/input_Date_Notification' to value '14/02/2025'

14-02-2025T14:49:53 - [MESSAGE][PASSED] - Text '14/02/2025' is set on object 'Object Repository/ANEF_Eloignement_V_Nawres/Page_Ajouter_Decision/input_Date_Notification'

14-02-2025T14:49:53 - [TEST_STEP][PASSED] - if (ModeNotification == "Voie administrative"): null

14-02-2025T14:49:53 - [TEST_STEP][PASSED] - uploadFile(findTestObject("Object Repository/ANEF_Eloignement_V_Nawres/Page_Ajouter_Decision/input_Ajouter_Fichier_Notification"), getProjectDir() + "/Data Files/Fichier_Test.pdf"): File 'C:/Users/nbenjemi/Katalon Studio/ANEF-ELOIGNEMENT-20250121/ANEF-ELOIGNEMENT-20250121/Data Files/Fichier_Test.pdf' sent to object: 'Object Repository/ANEF_Eloignement_V_Nawres/Page_Ajouter_Decision/input_Ajouter_Fichier_Notification'

14-02-2025T14:49:53 - [MESSAGE][INFO] - Finding Test Object 'Object Repository/ANEF_Eloignement_V_Nawres/Page_Ajouter_Decision/input_Ajouter_Fichier_Notification'

14-02-2025T14:49:53 - [MESSAGE][INFO] - Checking object

14-02-2025T14:49:53 - [MESSAGE][INFO] - Uploading file 'C:/Users/nbenjemi/Katalon Studio/ANEF-ELOIGNEMENT-20250121/ANEF-ELOIGNEMENT-20250121/Data Files/Fichier_Test.pdf' to object: 'Object Repository/ANEF_Eloignement_V_Nawres/Page_Ajouter_Decision/input_Ajouter_Fichier_Notification'

14-02-2025T14:49:53 - [MESSAGE][INFO] - Finding web element from Test Object's properties

14-02-2025T14:49:53 - [MESSAGE][INFO] - Checking timeout

14-02-2025T14:49:53 - [MESSAGE][INFO] - Finding web element with id: 'Object Repository/ANEF_Eloignement_V_Nawres/Page_Ajouter_Decision/input_Ajouter_Fichier_Notification' located by 'By.xpath: //app-notification-modal//form//app-dsfr-piece-jointe//input' in '100' second(s)

14-02-2025T14:49:53 - [MESSAGE][INFO] - Found 1 web elements with id: 'Object Repository/ANEF_Eloignement_V_Nawres/Page_Ajouter_Decision/input_Ajouter_Fichier_Notification' located by 'By.xpath: //app-notification-modal//form//app-dsfr-piece-jointe//input' in '100' second(s)

14-02-2025T14:49:54 - [MESSAGE][PASSED] - File 'C:/Users/nbenjemi/Katalon Studio/ANEF-ELOIGNEMENT-20250121/ANEF-ELOIGNEMENT-20250121/Data Files/Fichier_Test.pdf' sent to object: 'Object Repository/ANEF_Eloignement_V_Nawres/Page_Ajouter_Decision/input_Ajouter_Fichier_Notification'

14-02-2025T14:49:54 - [TEST_STEP][PASSED] - scrollToElement(findTestObject("Object Repository/ANEF_Eloignement_V_Nawres/Page_Ajouter_Decision/btn_Confirmer_Ajout_Notification"), 5, STOP_ON_FAILURE): Scroll to object 'Object Repository/ANEF_Eloignement_V_Nawres/Page_Ajouter_Decision/btn_Confirmer_Ajout_Notification' successfully

14-02-2025T14:49:54 - [MESSAGE][INFO] - Finding Test Object 'Object Repository/ANEF_Eloignement_V_Nawres/Page_Ajouter_Decision/btn_Confirmer_Ajout_Notification'

14-02-2025T14:49:54 - [MESSAGE][INFO] - Checking object

14-02-2025T14:49:54 - [MESSAGE][INFO] - Checking timeout

14-02-2025T14:49:54 - [MESSAGE][INFO] - Finding web element from Test Object's properties

14-02-2025T14:49:54 - [MESSAGE][INFO] - Checking timeout

14-02-2025T14:49:54 - [MESSAGE][INFO] - Finding web element with id: 'Object Repository/ANEF_Eloignement_V_Nawres/Page_Ajouter_Decision/btn_Confirmer_Ajout_Notification' located by 'By.xpath: //app-notification-modal//button[contains(text(),"Confirmer l'ajout")]' in '100' second(s)

14-02-2025T14:49:54 - [MESSAGE][INFO] - Found 1 web elements with id: 'Object Repository/ANEF_Eloignement_V_Nawres/Page_Ajouter_Decision/btn_Confirmer_Ajout_Notification' located by 'By.xpath: //app-notification-modal//button[contains(text(),"Confirmer l'ajout")]' in '100' second(s)

14-02-2025T14:49:54 - [MESSAGE][INFO] - Scrolling to object 'Object Repository/ANEF_Eloignement_V_Nawres/Page_Ajouter_Decision/btn_Confirmer_Ajout_Notification'

14-02-2025T14:49:54 - [MESSAGE][PASSED] - Scroll to object 'Object Repository/ANEF_Eloignement_V_Nawres/Page_Ajouter_Decision/btn_Confirmer_Ajout_Notification' successfully

14-02-2025T14:49:54 - [TEST_STEP][PASSED] - click(findTestObject("Object Repository/ANEF_Eloignement_V_Nawres/Page_Ajouter_Decision/btn_Confirmer_Ajout_Notification"), STOP_ON_FAILURE): Object: 'Object Repository/ANEF_Eloignement_V_Nawres/Page_Ajouter_Decision/btn_Confirmer_Ajout_Notification' is clicked on

14-02-2025T14:49:54 - [MESSAGE][INFO] - Finding Test Object 'Object Repository/ANEF_Eloignement_V_Nawres/Page_Ajouter_Decision/btn_Confirmer_Ajout_Notification'

14-02-2025T14:49:54 - [MESSAGE][INFO] - Checking timeout

14-02-2025T14:49:54 - [MESSAGE][INFO] - Finding web element with id: 'Object Repository/ANEF_Eloignement_V_Nawres/Page_Ajouter_Decision/btn_Confirmer_Ajout_Notification' located by 'By.xpath: //app-notification-modal//button[contains(text(),"Confirmer l'ajout")]' in '20' second(s)

14-02-2025T14:49:54 - [MESSAGE][INFO] - Found 1 web elements with id: 'Object Repository/ANEF_Eloignement_V_Nawres/Page_Ajouter_Decision/btn_Confirmer_Ajout_Notification' located by 'By.xpath: //app-notification-modal//button[contains(text(),"Confirmer l'ajout")]' in '20' second(s)

14-02-2025T14:49:54 - [MESSAGE][INFO] - Checking object

14-02-2025T14:49:54 - [MESSAGE][INFO] - Checking timeout

14-02-2025T14:49:54 - [MESSAGE][INFO] - Finding web element from Test Object's properties

14-02-2025T14:49:54 - [MESSAGE][INFO] - Checking timeout

14-02-2025T14:49:54 - [MESSAGE][INFO] - Finding web element with id: 'Object Repository/ANEF_Eloignement_V_Nawres/Page_Ajouter_Decision/btn_Confirmer_Ajout_Notification' located by 'By.xpath: //app-notification-modal//button[contains(text(),"Confirmer l'ajout")]' in '100' second(s)

14-02-2025T14:49:54 - [MESSAGE][INFO] - Found 1 web elements with id: 'Object Repository/ANEF_Eloignement_V_Nawres/Page_Ajouter_Decision/btn_Confirmer_Ajout_Notification' located by 'By.xpath: //app-notification-modal//button[contains(text(),"Confirmer l'ajout")]' in '100' second(s)

14-02-2025T14:49:54 - [MESSAGE][INFO] - Clicking on object: 'Object Repository/ANEF_Eloignement_V_Nawres/Page_Ajouter_Decision/btn_Confirmer_Ajout_Notification'

14-02-2025T14:49:55 - [MESSAGE][PASSED] - Object: 'Object Repository/ANEF_Eloignement_V_Nawres/Page_Ajouter_Decision/btn_Confirmer_Ajout_Notification' is clicked on

14-02-2025T14:49:55 - [TEST_STEP][PASSED] - waitForElementClickable(findTestObject("Object Repository/ANEF_Eloignement_V_Nawres/Page_Ajouter_Decision/btn_Enregistrer"), 7, STOP_ON_FAILURE): Object 'Object Repository/ANEF_Eloignement_V_Nawres/Page_Ajouter_Decision/btn_Enregistrer' is clickable

14-02-2025T14:49:55 - [MESSAGE][INFO] - Finding Test Object 'Object Repository/ANEF_Eloignement_V_Nawres/Page_Ajouter_Decision/btn_Enregistrer'

14-02-2025T14:49:55 - [MESSAGE][INFO] - Checking object

14-02-2025T14:49:55 - [MESSAGE][INFO] - Checking timeout

14-02-2025T14:49:55 - [MESSAGE][INFO] - Finding web element from Test Object's properties

14-02-2025T14:49:55 - [MESSAGE][INFO] - Checking timeout

14-02-2025T14:49:55 - [MESSAGE][INFO] - Finding web element with id: 'Object Repository/ANEF_Eloignement_V_Nawres/Page_Ajouter_Decision/btn_Enregistrer' located by 'By.xpath: //button[contains(text(),"Enregistrer")]' in '7' second(s)

14-02-2025T14:49:55 - [MESSAGE][INFO] - Found 1 web elements with id: 'Object Repository/ANEF_Eloignement_V_Nawres/Page_Ajouter_Decision/btn_Enregistrer' located by 'By.xpath: //button[contains(text(),"Enregistrer")]' in '7' second(s)

14-02-2025T14:49:55 - [MESSAGE][PASSED] - Object 'Object Repository/ANEF_Eloignement_V_Nawres/Page_Ajouter_Decision/btn_Enregistrer' is clickable

14-02-2025T14:49:55 - [MESSAGE][PASSED] - Call Test Case 'Test Cases/Test Reutilisable/Main/ANEF_Eloignement_V_Nawres/ANEF_Ajouter_Decision' successfully

14-02-2025T14:49:58 - [TEST_STEP][PASSED] - Video: Video recording for test case 'Test Cases/Cas D Utilisations/ANEF_Eloignement_V_Nawres/TC_ANEF_Eloignement' .

14-02-2025T14:49:58 - [MESSAGE][INFO] - Video recording for test case 'Test Cases/Cas D Utilisations/ANEF_Eloignement_V_Nawres/TC_ANEF_Eloignement' .]]></system-out>
         <system-err><![CDATA[]]></system-err>
      </testcase>
      <testcase name="Test Cases/Cas D Utilisations/ANEF_Eloignement_V_Nawres/TC_ANEF_Eloignement" time="85.729" classname="Test Cases/Cas D Utilisations/ANEF_Eloignement_V_Nawres/TC_ANEF_Eloignement" status="PASSED">
         <system-out><![CDATA[14-02-2025T14:49:58 - [TEST_CASE][PASSED] - Test Cases/Cas D Utilisations/ANEF_Eloignement_V_Nawres/TC_ANEF_Eloignement: Test Cases/Cas D Utilisations/ANEF_Eloignement_V_Nawres/TC_ANEF_Eloignement

14-02-2025T14:49:58 - [TEST_STEP][PASSED] - callTestCase(findTestCase("Test Cases/Test Reutilisable/Main/ANEF_Eloignement_V_Nawres/ANEF_Lancer_URL_ANEF"), ["Profiles":Profiles, "EnvExec":EnvExec], STOP_ON_FAILURE): Call Test Case 'Test Cases/Test Reutilisable/Main/ANEF_Eloignement_V_Nawres/ANEF_Lancer_URL_ANEF' successfully

14-02-2025T14:49:58 - [MESSAGE][INFO] - Checking called Test Case

14-02-2025T14:49:58 - [MESSAGE][INFO] - Starting to call Test Case 'Test Cases/Test Reutilisable/Main/ANEF_Eloignement_V_Nawres/ANEF_Lancer_URL_ANEF'

14-02-2025T14:49:58 - [TEST_CASE][PASSED] - Test Cases/Test Reutilisable/Main/ANEF_Eloignement_V_Nawres/ANEF_Lancer_URL_ANEF: Test Cases/Test Reutilisable/Main/ANEF_Eloignement_V_Nawres/ANEF_Lancer_URL_ANEF

14-02-2025T14:49:58 - [TEST_STEP][PASSED] - "Call Highlight.on() automatically": null

14-02-2025T14:49:58 - [TEST_STEP][PASSED] - projDir = getProjectDir(): null

14-02-2025T14:49:58 - [TEST_STEP][PASSED] - RunBrowserConfiguration = getExecutionProperties(): null

14-02-2025T14:49:58 - [TEST_STEP][PASSED] - DriverName = get("WebUI").get("browserType"): null

14-02-2025T14:49:58 - [TEST_STEP][PASSED] - println("DriverName :" + DriverName): null

14-02-2025T14:49:58 - [TEST_STEP][PASSED] - println("Driverpath :" + RunBrowserConfiguration.get("drivers")): null

14-02-2025T14:49:58 - [TEST_STEP][PASSED] - if (Profiles == "Usager"): null

14-02-2025T14:49:58 - [TEST_STEP][PASSED] - if (Profiles == "Agent"): Current window maximized

14-02-2025T14:49:58 - [TEST_STEP][PASSED] - if (EnvExec == "URLPortailAgentQualif"): Browser is opened with url: 'https://qualification.siaef.dgef.interieur.gouv.fr/sejour/#/accueil'

14-02-2025T14:49:58 - [TEST_STEP][PASSED] - openBrowser(URLPortailAgentQualif): Browser is opened with url: 'https://qualification.siaef.dgef.interieur.gouv.fr/sejour/#/accueil'

14-02-2025T14:49:58 - [MESSAGE][INFO] - Opening browser

14-02-2025T14:49:58 - [MESSAGE][WARNING] - A browser is already opened. Closing browser and opening a new one

14-02-2025T14:49:59 - [MESSAGE][INFO] - Starting 'Chrome' driver

14-02-2025T14:49:59 - [MESSAGE][INFO] - User set preference: ['args', '[--incognito, --disable-search-engine-choice-screen, --enable-automation, --disable-save-password-bubble, --start-maximized, --remote-allow-origins=*]']

14-02-2025T14:49:59 - [MESSAGE][INFO] - User set preference: ['prefs', '{download.default_directory=${GlobalVariable.downloadPath}, download_dir=${GlobalVariable.downloadPath}, download.prompt_for_download=false}']

14-02-2025T14:49:59 - [MESSAGE][INFO] - User set preference: ['loggingPrefs', '{browser=ALL}']

14-02-2025T14:49:59 - [MESSAGE][INFO] - Action delay is set to 1â€¯000 milliseconds

14-02-2025T14:50:01 - [MESSAGE][INFO] - Navigating browser to: 'https://qualification.siaef.dgef.interieur.gouv.fr/sejour/#/accueil'

14-02-2025T14:50:03 - [MESSAGE][PASSED] - Browser is opened with url: 'https://qualification.siaef.dgef.interieur.gouv.fr/sejour/#/accueil'

14-02-2025T14:50:03 - [TEST_STEP][PASSED] - if (EnvExec == "URLPortailAgentPreProd"): null

14-02-2025T14:50:03 - [TEST_STEP][PASSED] - maximizeWindow(): Current window maximized

14-02-2025T14:50:03 - [MESSAGE][INFO] - Maximizing current window

14-02-2025T14:50:03 - [MESSAGE][PASSED] - Current window maximized

14-02-2025T14:50:03 - [MESSAGE][PASSED] - Call Test Case 'Test Cases/Test Reutilisable/Main/ANEF_Eloignement_V_Nawres/ANEF_Lancer_URL_ANEF' successfully

14-02-2025T14:50:03 - [TEST_STEP][PASSED] - callTestCase(findTestCase("Test Cases/Test Reutilisable/Main/ANEF_Eloignement_V_Nawres/ANEF_Identification"), ["Profiles":Profiles, "IdentifiantAgent":IdentifiantAgent, "PwAgent":PwAgent, "EnvExec":EnvExec], STOP_ON_FAILURE): Call Test Case 'Test Cases/Test Reutilisable/Main/ANEF_Eloignement_V_Nawres/ANEF_Identification' successfully

14-02-2025T14:50:03 - [MESSAGE][INFO] - Checking called Test Case

14-02-2025T14:50:03 - [MESSAGE][INFO] - Starting to call Test Case 'Test Cases/Test Reutilisable/Main/ANEF_Eloignement_V_Nawres/ANEF_Identification'

14-02-2025T14:50:03 - [TEST_CASE][PASSED] - Test Cases/Test Reutilisable/Main/ANEF_Eloignement_V_Nawres/ANEF_Identification: Test Cases/Test Reutilisable/Main/ANEF_Eloignement_V_Nawres/ANEF_Identification

14-02-2025T14:50:04 - [TEST_STEP][PASSED] - com.kazurayam.ksbackyard.HighlightElement.pandemic(): com.kazurayam.ksbackyard.HighlightElement.pandemic is PASSED

14-02-2025T14:50:04 - [MESSAGE][PASSED] - com.kazurayam.ksbackyard.HighlightElement.pandemic is PASSED

14-02-2025T14:50:04 - [TEST_STEP][PASSED] - if (Profiles == "Usager"): null

14-02-2025T14:50:04 - [TEST_STEP][PASSED] - if (Profiles == "Agent"): Object: 'Object Repository/ANEF_Eloignement_V_Nawres/Page_ANEF_Connexion/btn_Valider_Conx_Agent' is clicked on

14-02-2025T14:50:04 - [TEST_STEP][PASSED] - if (EnvExec == "URLPortailAgentQualif"): Text 'Natali12345!' is set on object 'Object Repository/ANEF_Eloignement_V_Nawres/Page_ANEF_Connexion/Input_PasswordAgent'

14-02-2025T14:50:04 - [TEST_STEP][PASSED] - setText(findTestObject("Object Repository/ANEF_Eloignement_V_Nawres/Page_ANEF_Connexion/Input_UserNameAgent"), IdentifiantAgent): Text 'test.gpe+32@outlook.fr' is set on object 'Object Repository/ANEF_Eloignement_V_Nawres/Page_ANEF_Connexion/Input_UserNameAgent'

14-02-2025T14:50:04 - [MESSAGE][INFO] - Finding Test Object 'Object Repository/ANEF_Eloignement_V_Nawres/Page_ANEF_Connexion/Input_UserNameAgent'

14-02-2025T14:50:04 - [MESSAGE][INFO] - Checking timeout

14-02-2025T14:50:04 - [MESSAGE][INFO] - Finding web element with id: 'Object Repository/ANEF_Eloignement_V_Nawres/Page_ANEF_Connexion/Input_UserNameAgent' located by 'By.xpath: //*[@aria-labelledby="username-label"]|//*[@id="login"]' in '20' second(s)

14-02-2025T14:50:04 - [MESSAGE][INFO] - Found 1 web elements with id: 'Object Repository/ANEF_Eloignement_V_Nawres/Page_ANEF_Connexion/Input_UserNameAgent' located by 'By.xpath: //*[@aria-labelledby="username-label"]|//*[@id="login"]' in '20' second(s)

14-02-2025T14:50:04 - [MESSAGE][INFO] - Checking object

14-02-2025T14:50:04 - [MESSAGE][INFO] - Checking text

14-02-2025T14:50:04 - [MESSAGE][INFO] - Finding web element from Test Object's properties

14-02-2025T14:50:04 - [MESSAGE][INFO] - Checking timeout

14-02-2025T14:50:04 - [MESSAGE][INFO] - Finding web element with id: 'Object Repository/ANEF_Eloignement_V_Nawres/Page_ANEF_Connexion/Input_UserNameAgent' located by 'By.xpath: //*[@aria-labelledby="username-label"]|//*[@id="login"]' in '100' second(s)

14-02-2025T14:50:04 - [MESSAGE][INFO] - Found 1 web elements with id: 'Object Repository/ANEF_Eloignement_V_Nawres/Page_ANEF_Connexion/Input_UserNameAgent' located by 'By.xpath: //*[@aria-labelledby="username-label"]|//*[@id="login"]' in '100' second(s)

14-02-2025T14:50:04 - [MESSAGE][INFO] - Clearing text of object 'Object Repository/ANEF_Eloignement_V_Nawres/Page_ANEF_Connexion/Input_UserNameAgent'

14-02-2025T14:50:05 - [MESSAGE][INFO] - Finding web element from Test Object's properties

14-02-2025T14:50:05 - [MESSAGE][INFO] - Checking timeout

14-02-2025T14:50:05 - [MESSAGE][INFO] - Finding web element with id: 'Object Repository/ANEF_Eloignement_V_Nawres/Page_ANEF_Connexion/Input_UserNameAgent' located by 'By.xpath: //*[@aria-labelledby="username-label"]|//*[@id="login"]' in '100' second(s)

14-02-2025T14:50:05 - [MESSAGE][INFO] - Found 1 web elements with id: 'Object Repository/ANEF_Eloignement_V_Nawres/Page_ANEF_Connexion/Input_UserNameAgent' located by 'By.xpath: //*[@aria-labelledby="username-label"]|//*[@id="login"]' in '100' second(s)

14-02-2025T14:50:05 - [MESSAGE][INFO] - Setting text of object 'Object Repository/ANEF_Eloignement_V_Nawres/Page_ANEF_Connexion/Input_UserNameAgent' to value 'test.gpe+32@outlook.fr'

14-02-2025T14:50:06 - [MESSAGE][PASSED] - Text 'test.gpe+32@outlook.fr' is set on object 'Object Repository/ANEF_Eloignement_V_Nawres/Page_ANEF_Connexion/Input_UserNameAgent'

14-02-2025T14:50:06 - [TEST_STEP][PASSED] - setText(findTestObject("Object Repository/ANEF_Eloignement_V_Nawres/Page_ANEF_Connexion/Input_PasswordAgent"), PwAgent): Text 'Natali12345!' is set on object 'Object Repository/ANEF_Eloignement_V_Nawres/Page_ANEF_Connexion/Input_PasswordAgent'

14-02-2025T14:50:06 - [MESSAGE][INFO] - Finding Test Object 'Object Repository/ANEF_Eloignement_V_Nawres/Page_ANEF_Connexion/Input_PasswordAgent'

14-02-2025T14:50:06 - [MESSAGE][INFO] - Checking timeout

14-02-2025T14:50:06 - [MESSAGE][INFO] - Finding web element with id: 'Object Repository/ANEF_Eloignement_V_Nawres/Page_ANEF_Connexion/Input_PasswordAgent' located by 'By.xpath: //*[@aria-labelledby="password-label"]|//*[@id="password"]' in '20' second(s)

14-02-2025T14:50:06 - [MESSAGE][INFO] - Found 1 web elements with id: 'Object Repository/ANEF_Eloignement_V_Nawres/Page_ANEF_Connexion/Input_PasswordAgent' located by 'By.xpath: //*[@aria-labelledby="password-label"]|//*[@id="password"]' in '20' second(s)

14-02-2025T14:50:06 - [MESSAGE][INFO] - Checking object

14-02-2025T14:50:06 - [MESSAGE][INFO] - Checking text

14-02-2025T14:50:06 - [MESSAGE][INFO] - Finding web element from Test Object's properties

14-02-2025T14:50:06 - [MESSAGE][INFO] - Checking timeout

14-02-2025T14:50:06 - [MESSAGE][INFO] - Finding web element with id: 'Object Repository/ANEF_Eloignement_V_Nawres/Page_ANEF_Connexion/Input_PasswordAgent' located by 'By.xpath: //*[@aria-labelledby="password-label"]|//*[@id="password"]' in '100' second(s)

14-02-2025T14:50:06 - [MESSAGE][INFO] - Found 1 web elements with id: 'Object Repository/ANEF_Eloignement_V_Nawres/Page_ANEF_Connexion/Input_PasswordAgent' located by 'By.xpath: //*[@aria-labelledby="password-label"]|//*[@id="password"]' in '100' second(s)

14-02-2025T14:50:06 - [MESSAGE][INFO] - Clearing text of object 'Object Repository/ANEF_Eloignement_V_Nawres/Page_ANEF_Connexion/Input_PasswordAgent'

14-02-2025T14:50:07 - [MESSAGE][INFO] - Finding web element from Test Object's properties

14-02-2025T14:50:07 - [MESSAGE][INFO] - Checking timeout

14-02-2025T14:50:07 - [MESSAGE][INFO] - Finding web element with id: 'Object Repository/ANEF_Eloignement_V_Nawres/Page_ANEF_Connexion/Input_PasswordAgent' located by 'By.xpath: //*[@aria-labelledby="password-label"]|//*[@id="password"]' in '100' second(s)

14-02-2025T14:50:07 - [MESSAGE][INFO] - Found 1 web elements with id: 'Object Repository/ANEF_Eloignement_V_Nawres/Page_ANEF_Connexion/Input_PasswordAgent' located by 'By.xpath: //*[@aria-labelledby="password-label"]|//*[@id="password"]' in '100' second(s)

14-02-2025T14:50:07 - [MESSAGE][INFO] - Setting text of object 'Object Repository/ANEF_Eloignement_V_Nawres/Page_ANEF_Connexion/Input_PasswordAgent' to value 'Natali12345!'

14-02-2025T14:50:08 - [MESSAGE][PASSED] - Text 'Natali12345!' is set on object 'Object Repository/ANEF_Eloignement_V_Nawres/Page_ANEF_Connexion/Input_PasswordAgent'

14-02-2025T14:50:08 - [TEST_STEP][PASSED] - if (EnvExec == "URLPortailAgentPreProd"): null

14-02-2025T14:50:08 - [TEST_STEP][PASSED] - click(findTestObject("Object Repository/ANEF_Eloignement_V_Nawres/Page_ANEF_Connexion/btn_Valider_Conx_Agent")): Object: 'Object Repository/ANEF_Eloignement_V_Nawres/Page_ANEF_Connexion/btn_Valider_Conx_Agent' is clicked on

14-02-2025T14:50:08 - [MESSAGE][INFO] - Finding Test Object 'Object Repository/ANEF_Eloignement_V_Nawres/Page_ANEF_Connexion/btn_Valider_Conx_Agent'

14-02-2025T14:50:08 - [MESSAGE][INFO] - Checking timeout

14-02-2025T14:50:08 - [MESSAGE][INFO] - Finding web element with id: 'Object Repository/ANEF_Eloignement_V_Nawres/Page_ANEF_Connexion/btn_Valider_Conx_Agent' located by 'By.xpath: //*[@label="Valider"]|//*[@id="btn-login"]' in '20' second(s)

14-02-2025T14:50:08 - [MESSAGE][INFO] - Found 1 web elements with id: 'Object Repository/ANEF_Eloignement_V_Nawres/Page_ANEF_Connexion/btn_Valider_Conx_Agent' located by 'By.xpath: //*[@label="Valider"]|//*[@id="btn-login"]' in '20' second(s)

14-02-2025T14:50:08 - [MESSAGE][INFO] - Checking object

14-02-2025T14:50:08 - [MESSAGE][INFO] - Checking timeout

14-02-2025T14:50:08 - [MESSAGE][INFO] - Finding web element from Test Object's properties

14-02-2025T14:50:08 - [MESSAGE][INFO] - Checking timeout

14-02-2025T14:50:08 - [MESSAGE][INFO] - Finding web element with id: 'Object Repository/ANEF_Eloignement_V_Nawres/Page_ANEF_Connexion/btn_Valider_Conx_Agent' located by 'By.xpath: //*[@label="Valider"]|//*[@id="btn-login"]' in '100' second(s)

14-02-2025T14:50:08 - [MESSAGE][INFO] - Found 1 web elements with id: 'Object Repository/ANEF_Eloignement_V_Nawres/Page_ANEF_Connexion/btn_Valider_Conx_Agent' located by 'By.xpath: //*[@label="Valider"]|//*[@id="btn-login"]' in '100' second(s)

14-02-2025T14:50:08 - [MESSAGE][INFO] - Clicking on object: 'Object Repository/ANEF_Eloignement_V_Nawres/Page_ANEF_Connexion/btn_Valider_Conx_Agent'

14-02-2025T14:50:09 - [MESSAGE][PASSED] - Object: 'Object Repository/ANEF_Eloignement_V_Nawres/Page_ANEF_Connexion/btn_Valider_Conx_Agent' is clicked on

14-02-2025T14:50:09 - [TEST_STEP][PASSED] - delay(5): Delayed 5 second(s)

14-02-2025T14:50:09 - [MESSAGE][INFO] - Delaying browser in 5 second(s)

14-02-2025T14:50:14 - [MESSAGE][PASSED] - Delayed 5 second(s)

14-02-2025T14:50:14 - [TEST_STEP][PASSED] - verifyElementPresent(findTestObject("Object Repository/ANEF_Eloignement_V_Nawres/Page_Accueil_Principale/btn_ANEF_Eloignement"), 1, STOP_ON_FAILURE): Object 'Object Repository/ANEF_Eloignement_V_Nawres/Page_Accueil_Principale/btn_ANEF_Eloignement' is present

14-02-2025T14:50:14 - [MESSAGE][INFO] - Finding Test Object 'Object Repository/ANEF_Eloignement_V_Nawres/Page_Accueil_Principale/btn_ANEF_Eloignement'

14-02-2025T14:50:14 - [MESSAGE][INFO] - Checking object

14-02-2025T14:50:14 - [MESSAGE][INFO] - Finding web element from Test Object's properties

14-02-2025T14:50:14 - [MESSAGE][INFO] - Checking timeout

14-02-2025T14:50:14 - [MESSAGE][INFO] - Finding web element with id: 'Object Repository/ANEF_Eloignement_V_Nawres/Page_Accueil_Principale/btn_ANEF_Eloignement' located by 'By.xpath: //span[contains(text()," ANEF Ã©loignement ")]' in '1' second(s)

14-02-2025T14:50:14 - [MESSAGE][INFO] - Found 1 web elements with id: 'Object Repository/ANEF_Eloignement_V_Nawres/Page_Accueil_Principale/btn_ANEF_Eloignement' located by 'By.xpath: //span[contains(text()," ANEF Ã©loignement ")]' in '1' second(s)

14-02-2025T14:50:14 - [MESSAGE][PASSED] - Object 'Object Repository/ANEF_Eloignement_V_Nawres/Page_Accueil_Principale/btn_ANEF_Eloignement' is present

14-02-2025T14:50:14 - [MESSAGE][PASSED] - Call Test Case 'Test Cases/Test Reutilisable/Main/ANEF_Eloignement_V_Nawres/ANEF_Identification' successfully

14-02-2025T14:50:14 - [TEST_STEP][PASSED] - callTestCase(findTestCase("Test Cases/Test Reutilisable/Main/ANEF_Eloignement_V_Nawres/ANEF_Creation_ou_Recherche_Dossier"), ["CreationOuRecherche":CreationOuRecherche, "NumeroEtranger":NumeroEtranger], STOP_ON_FAILURE): Call Test Case 'Test Cases/Test Reutilisable/Main/ANEF_Eloignement_V_Nawres/ANEF_Creation_ou_Recherche_Dossier' successfully

14-02-2025T14:50:14 - [MESSAGE][INFO] - Checking called Test Case

14-02-2025T14:50:14 - [MESSAGE][INFO] - Starting to call Test Case 'Test Cases/Test Reutilisable/Main/ANEF_Eloignement_V_Nawres/ANEF_Creation_ou_Recherche_Dossier'

14-02-2025T14:50:15 - [TEST_CASE][PASSED] - Test Cases/Test Reutilisable/Main/ANEF_Eloignement_V_Nawres/ANEF_Creation_ou_Recherche_Dossier: Test Cases/Test Reutilisable/Main/ANEF_Eloignement_V_Nawres/ANEF_Creation_ou_Recherche_Dossier

14-02-2025T14:50:15 - [TEST_STEP][PASSED] - click(findTestObject("Object Repository/ANEF_Eloignement_V_Nawres/Page_Accueil_Principale/btn_ANEF_Eloignement")): Object: 'Object Repository/ANEF_Eloignement_V_Nawres/Page_Accueil_Principale/btn_ANEF_Eloignement' is clicked on

14-02-2025T14:50:15 - [MESSAGE][INFO] - Finding Test Object 'Object Repository/ANEF_Eloignement_V_Nawres/Page_Accueil_Principale/btn_ANEF_Eloignement'

14-02-2025T14:50:15 - [MESSAGE][INFO] - Checking timeout

14-02-2025T14:50:15 - [MESSAGE][INFO] - Finding web element with id: 'Object Repository/ANEF_Eloignement_V_Nawres/Page_Accueil_Principale/btn_ANEF_Eloignement' located by 'By.xpath: //span[contains(text()," ANEF Ã©loignement ")]' in '20' second(s)

14-02-2025T14:50:15 - [MESSAGE][INFO] - Found 1 web elements with id: 'Object Repository/ANEF_Eloignement_V_Nawres/Page_Accueil_Principale/btn_ANEF_Eloignement' located by 'By.xpath: //span[contains(text()," ANEF Ã©loignement ")]' in '20' second(s)

14-02-2025T14:50:15 - [MESSAGE][INFO] - Checking object

14-02-2025T14:50:15 - [MESSAGE][INFO] - Checking timeout

14-02-2025T14:50:15 - [MESSAGE][INFO] - Finding web element from Test Object's properties

14-02-2025T14:50:15 - [MESSAGE][INFO] - Checking timeout

14-02-2025T14:50:15 - [MESSAGE][INFO] - Finding web element with id: 'Object Repository/ANEF_Eloignement_V_Nawres/Page_Accueil_Principale/btn_ANEF_Eloignement' located by 'By.xpath: //span[contains(text()," ANEF Ã©loignement ")]' in '100' second(s)

14-02-2025T14:50:15 - [MESSAGE][INFO] - Found 1 web elements with id: 'Object Repository/ANEF_Eloignement_V_Nawres/Page_Accueil_Principale/btn_ANEF_Eloignement' located by 'By.xpath: //span[contains(text()," ANEF Ã©loignement ")]' in '100' second(s)

14-02-2025T14:50:15 - [MESSAGE][INFO] - Clicking on object: 'Object Repository/ANEF_Eloignement_V_Nawres/Page_Accueil_Principale/btn_ANEF_Eloignement'

14-02-2025T14:50:17 - [MESSAGE][PASSED] - Object: 'Object Repository/ANEF_Eloignement_V_Nawres/Page_Accueil_Principale/btn_ANEF_Eloignement' is clicked on

14-02-2025T14:50:17 - [TEST_STEP][PASSED] - verifyElementPresent(findTestObject("Object Repository/ANEF_Eloignement_V_Nawres/Page_Creation_ou_Recherche_Dossier/btn_Rechercher_Dossier"), 1, STOP_ON_FAILURE): Object 'Object Repository/ANEF_Eloignement_V_Nawres/Page_Creation_ou_Recherche_Dossier/btn_Rechercher_Dossier' is present

14-02-2025T14:50:17 - [MESSAGE][INFO] - Finding Test Object 'Object Repository/ANEF_Eloignement_V_Nawres/Page_Creation_ou_Recherche_Dossier/btn_Rechercher_Dossier'

14-02-2025T14:50:17 - [MESSAGE][INFO] - Checking object

14-02-2025T14:50:17 - [MESSAGE][INFO] - Finding web element from Test Object's properties

14-02-2025T14:50:17 - [MESSAGE][INFO] - Checking timeout

14-02-2025T14:50:17 - [MESSAGE][INFO] - Finding web element with id: 'Object Repository/ANEF_Eloignement_V_Nawres/Page_Creation_ou_Recherche_Dossier/btn_Rechercher_Dossier' located by 'By.xpath: //button[@title="Rechercher un dossier"]' in '1' second(s)

14-02-2025T14:50:17 - [MESSAGE][INFO] - Found 1 web elements with id: 'Object Repository/ANEF_Eloignement_V_Nawres/Page_Creation_ou_Recherche_Dossier/btn_Rechercher_Dossier' located by 'By.xpath: //button[@title="Rechercher un dossier"]' in '1' second(s)

14-02-2025T14:50:17 - [MESSAGE][PASSED] - Object 'Object Repository/ANEF_Eloignement_V_Nawres/Page_Creation_ou_Recherche_Dossier/btn_Rechercher_Dossier' is present

14-02-2025T14:50:17 - [TEST_STEP][PASSED] - delay(5): Delayed 5 second(s)

14-02-2025T14:50:17 - [MESSAGE][INFO] - Delaying browser in 5 second(s)

14-02-2025T14:50:22 - [MESSAGE][PASSED] - Delayed 5 second(s)

14-02-2025T14:50:22 - [TEST_STEP][PASSED] - click(findTestObject("Object Repository/ANEF_Eloignement_V_Nawres/Page_Creation_ou_Recherche_Dossier/btn_Rechercher_Dossier")): Object: 'Object Repository/ANEF_Eloignement_V_Nawres/Page_Creation_ou_Recherche_Dossier/btn_Rechercher_Dossier' is clicked on

14-02-2025T14:50:22 - [MESSAGE][INFO] - Finding Test Object 'Object Repository/ANEF_Eloignement_V_Nawres/Page_Creation_ou_Recherche_Dossier/btn_Rechercher_Dossier'

14-02-2025T14:50:22 - [MESSAGE][INFO] - Checking timeout

14-02-2025T14:50:22 - [MESSAGE][INFO] - Finding web element with id: 'Object Repository/ANEF_Eloignement_V_Nawres/Page_Creation_ou_Recherche_Dossier/btn_Rechercher_Dossier' located by 'By.xpath: //button[@title="Rechercher un dossier"]' in '20' second(s)

14-02-2025T14:50:22 - [MESSAGE][INFO] - Found 1 web elements with id: 'Object Repository/ANEF_Eloignement_V_Nawres/Page_Creation_ou_Recherche_Dossier/btn_Rechercher_Dossier' located by 'By.xpath: //button[@title="Rechercher un dossier"]' in '20' second(s)

14-02-2025T14:50:22 - [MESSAGE][INFO] - Checking object

14-02-2025T14:50:22 - [MESSAGE][INFO] - Checking timeout

14-02-2025T14:50:22 - [MESSAGE][INFO] - Finding web element from Test Object's properties

14-02-2025T14:50:22 - [MESSAGE][INFO] - Checking timeout

14-02-2025T14:50:22 - [MESSAGE][INFO] - Finding web element with id: 'Object Repository/ANEF_Eloignement_V_Nawres/Page_Creation_ou_Recherche_Dossier/btn_Rechercher_Dossier' located by 'By.xpath: //button[@title="Rechercher un dossier"]' in '100' second(s)

14-02-2025T14:50:22 - [MESSAGE][INFO] - Found 1 web elements with id: 'Object Repository/ANEF_Eloignement_V_Nawres/Page_Creation_ou_Recherche_Dossier/btn_Rechercher_Dossier' located by 'By.xpath: //button[@title="Rechercher un dossier"]' in '100' second(s)

14-02-2025T14:50:22 - [MESSAGE][INFO] - Clicking on object: 'Object Repository/ANEF_Eloignement_V_Nawres/Page_Creation_ou_Recherche_Dossier/btn_Rechercher_Dossier'

14-02-2025T14:50:24 - [MESSAGE][PASSED] - Object: 'Object Repository/ANEF_Eloignement_V_Nawres/Page_Creation_ou_Recherche_Dossier/btn_Rechercher_Dossier' is clicked on

14-02-2025T14:50:24 - [TEST_STEP][PASSED] - if (CreationOuRecherche == "Creation"): null

14-02-2025T14:50:24 - [TEST_STEP][PASSED] - if (CreationOuRecherche == "Recherche"): Object: 'Object Repository/ANEF_Eloignement_V_Nawres/Page_Creation_ou_Recherche_Dossier/btn_Choisir_Dossier_Etranger' is clicked on

14-02-2025T14:50:24 - [TEST_STEP][PASSED] - setText(findTestObject("Object Repository/ANEF_Eloignement_V_Nawres/Page_Creation_ou_Recherche_Dossier/Input_Numero_etranger"), NumeroEtranger, STOP_ON_FAILURE): Text '7703056080' is set on object 'Object Repository/ANEF_Eloignement_V_Nawres/Page_Creation_ou_Recherche_Dossier/Input_Numero_etranger'

14-02-2025T14:50:24 - [MESSAGE][INFO] - Finding Test Object 'Object Repository/ANEF_Eloignement_V_Nawres/Page_Creation_ou_Recherche_Dossier/Input_Numero_etranger'

14-02-2025T14:50:24 - [MESSAGE][INFO] - Checking timeout

14-02-2025T14:50:24 - [MESSAGE][INFO] - Finding web element with id: 'Object Repository/ANEF_Eloignement_V_Nawres/Page_Creation_ou_Recherche_Dossier/Input_Numero_etranger' located by 'By.xpath: //app-identite-declaree-search-box//div/app-dsfr-input/div/input[@id="identifiant_agdref"]|//app-search-box//div/app-dsfr-input/div/input[@id="identifiant_agdref"]' in '20' second(s)

14-02-2025T14:50:24 - [MESSAGE][INFO] - Found 1 web elements with id: 'Object Repository/ANEF_Eloignement_V_Nawres/Page_Creation_ou_Recherche_Dossier/Input_Numero_etranger' located by 'By.xpath: //app-identite-declaree-search-box//div/app-dsfr-input/div/input[@id="identifiant_agdref"]|//app-search-box//div/app-dsfr-input/div/input[@id="identifiant_agdref"]' in '20' second(s)

14-02-2025T14:50:24 - [MESSAGE][INFO] - Checking object

14-02-2025T14:50:24 - [MESSAGE][INFO] - Checking text

14-02-2025T14:50:24 - [MESSAGE][INFO] - Finding web element from Test Object's properties

14-02-2025T14:50:24 - [MESSAGE][INFO] - Checking timeout

14-02-2025T14:50:24 - [MESSAGE][INFO] - Finding web element with id: 'Object Repository/ANEF_Eloignement_V_Nawres/Page_Creation_ou_Recherche_Dossier/Input_Numero_etranger' located by 'By.xpath: //app-identite-declaree-search-box//div/app-dsfr-input/div/input[@id="identifiant_agdref"]|//app-search-box//div/app-dsfr-input/div/input[@id="identifiant_agdref"]' in '100' second(s)

14-02-2025T14:50:24 - [MESSAGE][INFO] - Found 1 web elements with id: 'Object Repository/ANEF_Eloignement_V_Nawres/Page_Creation_ou_Recherche_Dossier/Input_Numero_etranger' located by 'By.xpath: //app-identite-declaree-search-box//div/app-dsfr-input/div/input[@id="identifiant_agdref"]|//app-search-box//div/app-dsfr-input/div/input[@id="identifiant_agdref"]' in '100' second(s)

14-02-2025T14:50:24 - [MESSAGE][INFO] - Clearing text of object 'Object Repository/ANEF_Eloignement_V_Nawres/Page_Creation_ou_Recherche_Dossier/Input_Numero_etranger'

14-02-2025T14:50:25 - [MESSAGE][INFO] - Finding web element from Test Object's properties

14-02-2025T14:50:25 - [MESSAGE][INFO] - Checking timeout

14-02-2025T14:50:25 - [MESSAGE][INFO] - Finding web element with id: 'Object Repository/ANEF_Eloignement_V_Nawres/Page_Creation_ou_Recherche_Dossier/Input_Numero_etranger' located by 'By.xpath: //app-identite-declaree-search-box//div/app-dsfr-input/div/input[@id="identifiant_agdref"]|//app-search-box//div/app-dsfr-input/div/input[@id="identifiant_agdref"]' in '100' second(s)

14-02-2025T14:50:25 - [MESSAGE][INFO] - Found 1 web elements with id: 'Object Repository/ANEF_Eloignement_V_Nawres/Page_Creation_ou_Recherche_Dossier/Input_Numero_etranger' located by 'By.xpath: //app-identite-declaree-search-box//div/app-dsfr-input/div/input[@id="identifiant_agdref"]|//app-search-box//div/app-dsfr-input/div/input[@id="identifiant_agdref"]' in '100' second(s)

14-02-2025T14:50:25 - [MESSAGE][INFO] - Setting text of object 'Object Repository/ANEF_Eloignement_V_Nawres/Page_Creation_ou_Recherche_Dossier/Input_Numero_etranger' to value '7703056080'

14-02-2025T14:50:26 - [MESSAGE][PASSED] - Text '7703056080' is set on object 'Object Repository/ANEF_Eloignement_V_Nawres/Page_Creation_ou_Recherche_Dossier/Input_Numero_etranger'

14-02-2025T14:50:26 - [TEST_STEP][PASSED] - click(findTestObject("Object Repository/ANEF_Eloignement_V_Nawres/Page_Creation_ou_Recherche_Dossier/Input_Numero_etranger"), STOP_ON_FAILURE): Object: 'Object Repository/ANEF_Eloignement_V_Nawres/Page_Creation_ou_Recherche_Dossier/Input_Numero_etranger' is clicked on

14-02-2025T14:50:26 - [MESSAGE][INFO] - Finding Test Object 'Object Repository/ANEF_Eloignement_V_Nawres/Page_Creation_ou_Recherche_Dossier/Input_Numero_etranger'

14-02-2025T14:50:26 - [MESSAGE][INFO] - Checking timeout

14-02-2025T14:50:26 - [MESSAGE][INFO] - Finding web element with id: 'Object Repository/ANEF_Eloignement_V_Nawres/Page_Creation_ou_Recherche_Dossier/Input_Numero_etranger' located by 'By.xpath: //app-identite-declaree-search-box//div/app-dsfr-input/div/input[@id="identifiant_agdref"]|//app-search-box//div/app-dsfr-input/div/input[@id="identifiant_agdref"]' in '20' second(s)

14-02-2025T14:50:26 - [MESSAGE][INFO] - Found 1 web elements with id: 'Object Repository/ANEF_Eloignement_V_Nawres/Page_Creation_ou_Recherche_Dossier/Input_Numero_etranger' located by 'By.xpath: //app-identite-declaree-search-box//div/app-dsfr-input/div/input[@id="identifiant_agdref"]|//app-search-box//div/app-dsfr-input/div/input[@id="identifiant_agdref"]' in '20' second(s)

14-02-2025T14:50:26 - [MESSAGE][INFO] - Checking object

14-02-2025T14:50:26 - [MESSAGE][INFO] - Checking timeout

14-02-2025T14:50:26 - [MESSAGE][INFO] - Finding web element from Test Object's properties

14-02-2025T14:50:26 - [MESSAGE][INFO] - Checking timeout

14-02-2025T14:50:26 - [MESSAGE][INFO] - Finding web element with id: 'Object Repository/ANEF_Eloignement_V_Nawres/Page_Creation_ou_Recherche_Dossier/Input_Numero_etranger' located by 'By.xpath: //app-identite-declaree-search-box//div/app-dsfr-input/div/input[@id="identifiant_agdref"]|//app-search-box//div/app-dsfr-input/div/input[@id="identifiant_agdref"]' in '100' second(s)

14-02-2025T14:50:26 - [MESSAGE][INFO] - Found 1 web elements with id: 'Object Repository/ANEF_Eloignement_V_Nawres/Page_Creation_ou_Recherche_Dossier/Input_Numero_etranger' located by 'By.xpath: //app-identite-declaree-search-box//div/app-dsfr-input/div/input[@id="identifiant_agdref"]|//app-search-box//div/app-dsfr-input/div/input[@id="identifiant_agdref"]' in '100' second(s)

14-02-2025T14:50:26 - [MESSAGE][INFO] - Clicking on object: 'Object Repository/ANEF_Eloignement_V_Nawres/Page_Creation_ou_Recherche_Dossier/Input_Numero_etranger'

14-02-2025T14:50:27 - [MESSAGE][PASSED] - Object: 'Object Repository/ANEF_Eloignement_V_Nawres/Page_Creation_ou_Recherche_Dossier/Input_Numero_etranger' is clicked on

14-02-2025T14:50:27 - [TEST_STEP][PASSED] - scrollToElement(findTestObject("Object Repository/ANEF_Eloignement_V_Nawres/Page_Creation_ou_Recherche_Dossier/btn_Lancer_La_Recherche"), 5, STOP_ON_FAILURE): Scroll to object 'Object Repository/ANEF_Eloignement_V_Nawres/Page_Creation_ou_Recherche_Dossier/btn_Lancer_La_Recherche' successfully

14-02-2025T14:50:27 - [MESSAGE][INFO] - Finding Test Object 'Object Repository/ANEF_Eloignement_V_Nawres/Page_Creation_ou_Recherche_Dossier/btn_Lancer_La_Recherche'

14-02-2025T14:50:27 - [MESSAGE][INFO] - Checking object

14-02-2025T14:50:27 - [MESSAGE][INFO] - Checking timeout

14-02-2025T14:50:27 - [MESSAGE][INFO] - Finding web element from Test Object's properties

14-02-2025T14:50:27 - [MESSAGE][INFO] - Checking timeout

14-02-2025T14:50:27 - [MESSAGE][INFO] - Finding web element with id: 'Object Repository/ANEF_Eloignement_V_Nawres/Page_Creation_ou_Recherche_Dossier/btn_Lancer_La_Recherche' located by 'By.xpath: //button[contains(text(),"Lancer la recherche ")]' in '100' second(s)

14-02-2025T14:50:27 - [MESSAGE][INFO] - Found 1 web elements with id: 'Object Repository/ANEF_Eloignement_V_Nawres/Page_Creation_ou_Recherche_Dossier/btn_Lancer_La_Recherche' located by 'By.xpath: //button[contains(text(),"Lancer la recherche ")]' in '100' second(s)

14-02-2025T14:50:27 - [MESSAGE][INFO] - Scrolling to object 'Object Repository/ANEF_Eloignement_V_Nawres/Page_Creation_ou_Recherche_Dossier/btn_Lancer_La_Recherche'

14-02-2025T14:50:27 - [MESSAGE][PASSED] - Scroll to object 'Object Repository/ANEF_Eloignement_V_Nawres/Page_Creation_ou_Recherche_Dossier/btn_Lancer_La_Recherche' successfully

14-02-2025T14:50:27 - [TEST_STEP][PASSED] - click(findTestObject("Object Repository/ANEF_Eloignement_V_Nawres/Page_Creation_ou_Recherche_Dossier/btn_Lancer_La_Recherche"), STOP_ON_FAILURE): Object: 'Object Repository/ANEF_Eloignement_V_Nawres/Page_Creation_ou_Recherche_Dossier/btn_Lancer_La_Recherche' is clicked on

14-02-2025T14:50:27 - [MESSAGE][INFO] - Finding Test Object 'Object Repository/ANEF_Eloignement_V_Nawres/Page_Creation_ou_Recherche_Dossier/btn_Lancer_La_Recherche'

14-02-2025T14:50:27 - [MESSAGE][INFO] - Checking timeout

14-02-2025T14:50:27 - [MESSAGE][INFO] - Finding web element with id: 'Object Repository/ANEF_Eloignement_V_Nawres/Page_Creation_ou_Recherche_Dossier/btn_Lancer_La_Recherche' located by 'By.xpath: //button[contains(text(),"Lancer la recherche ")]' in '20' second(s)

14-02-2025T14:50:27 - [MESSAGE][INFO] - Found 1 web elements with id: 'Object Repository/ANEF_Eloignement_V_Nawres/Page_Creation_ou_Recherche_Dossier/btn_Lancer_La_Recherche' located by 'By.xpath: //button[contains(text(),"Lancer la recherche ")]' in '20' second(s)

14-02-2025T14:50:27 - [MESSAGE][INFO] - Checking object

14-02-2025T14:50:27 - [MESSAGE][INFO] - Checking timeout

14-02-2025T14:50:27 - [MESSAGE][INFO] - Finding web element from Test Object's properties

14-02-2025T14:50:27 - [MESSAGE][INFO] - Checking timeout

14-02-2025T14:50:27 - [MESSAGE][INFO] - Finding web element with id: 'Object Repository/ANEF_Eloignement_V_Nawres/Page_Creation_ou_Recherche_Dossier/btn_Lancer_La_Recherche' located by 'By.xpath: //button[contains(text(),"Lancer la recherche ")]' in '100' second(s)

14-02-2025T14:50:27 - [MESSAGE][INFO] - Found 1 web elements with id: 'Object Repository/ANEF_Eloignement_V_Nawres/Page_Creation_ou_Recherche_Dossier/btn_Lancer_La_Recherche' located by 'By.xpath: //button[contains(text(),"Lancer la recherche ")]' in '100' second(s)

14-02-2025T14:50:27 - [MESSAGE][INFO] - Clicking on object: 'Object Repository/ANEF_Eloignement_V_Nawres/Page_Creation_ou_Recherche_Dossier/btn_Lancer_La_Recherche'

14-02-2025T14:50:28 - [MESSAGE][PASSED] - Object: 'Object Repository/ANEF_Eloignement_V_Nawres/Page_Creation_ou_Recherche_Dossier/btn_Lancer_La_Recherche' is clicked on

14-02-2025T14:50:28 - [TEST_STEP][PASSED] - delay(5): Delayed 5 second(s)

14-02-2025T14:50:28 - [MESSAGE][INFO] - Delaying browser in 5 second(s)

14-02-2025T14:50:33 - [MESSAGE][PASSED] - Delayed 5 second(s)

14-02-2025T14:50:33 - [TEST_STEP][PASSED] - scrollToElement(findTestObject("Object Repository/ANEF_Eloignement_V_Nawres/Page_Creation_ou_Recherche_Dossier/btn_Radio_Selectionner_Dossier"), 5, STOP_ON_FAILURE): Scroll to object 'Object Repository/ANEF_Eloignement_V_Nawres/Page_Creation_ou_Recherche_Dossier/btn_Radio_Selectionner_Dossier' successfully

14-02-2025T14:50:33 - [MESSAGE][INFO] - Finding Test Object 'Object Repository/ANEF_Eloignement_V_Nawres/Page_Creation_ou_Recherche_Dossier/btn_Radio_Selectionner_Dossier'

14-02-2025T14:50:33 - [MESSAGE][INFO] - Checking object

14-02-2025T14:50:33 - [MESSAGE][INFO] - Checking timeout

14-02-2025T14:50:33 - [MESSAGE][INFO] - Finding web element from Test Object's properties

14-02-2025T14:50:33 - [MESSAGE][INFO] - Checking timeout

14-02-2025T14:50:33 - [MESSAGE][INFO] - Finding web element with id: 'Object Repository/ANEF_Eloignement_V_Nawres/Page_Creation_ou_Recherche_Dossier/btn_Radio_Selectionner_Dossier' located by 'By.xpath: //app-search-etranger/app-search-result-etranger//table/tbody/tr//label' in '100' second(s)

14-02-2025T14:50:33 - [MESSAGE][INFO] - Found 1 web elements with id: 'Object Repository/ANEF_Eloignement_V_Nawres/Page_Creation_ou_Recherche_Dossier/btn_Radio_Selectionner_Dossier' located by 'By.xpath: //app-search-etranger/app-search-result-etranger//table/tbody/tr//label' in '100' second(s)

14-02-2025T14:50:33 - [MESSAGE][INFO] - Scrolling to object 'Object Repository/ANEF_Eloignement_V_Nawres/Page_Creation_ou_Recherche_Dossier/btn_Radio_Selectionner_Dossier'

14-02-2025T14:50:33 - [MESSAGE][PASSED] - Scroll to object 'Object Repository/ANEF_Eloignement_V_Nawres/Page_Creation_ou_Recherche_Dossier/btn_Radio_Selectionner_Dossier' successfully

14-02-2025T14:50:33 - [TEST_STEP][PASSED] - click(findTestObject("Object Repository/ANEF_Eloignement_V_Nawres/Page_Creation_ou_Recherche_Dossier/btn_Radio_Selectionner_Dossier"), STOP_ON_FAILURE): Object: 'Object Repository/ANEF_Eloignement_V_Nawres/Page_Creation_ou_Recherche_Dossier/btn_Radio_Selectionner_Dossier' is clicked on

14-02-2025T14:50:33 - [MESSAGE][INFO] - Finding Test Object 'Object Repository/ANEF_Eloignement_V_Nawres/Page_Creation_ou_Recherche_Dossier/btn_Radio_Selectionner_Dossier'

14-02-2025T14:50:33 - [MESSAGE][INFO] - Checking timeout

14-02-2025T14:50:33 - [MESSAGE][INFO] - Finding web element with id: 'Object Repository/ANEF_Eloignement_V_Nawres/Page_Creation_ou_Recherche_Dossier/btn_Radio_Selectionner_Dossier' located by 'By.xpath: //app-search-etranger/app-search-result-etranger//table/tbody/tr//label' in '20' second(s)

14-02-2025T14:50:34 - [MESSAGE][INFO] - Found 1 web elements with id: 'Object Repository/ANEF_Eloignement_V_Nawres/Page_Creation_ou_Recherche_Dossier/btn_Radio_Selectionner_Dossier' located by 'By.xpath: //app-search-etranger/app-search-result-etranger//table/tbody/tr//label' in '20' second(s)

14-02-2025T14:50:34 - [MESSAGE][INFO] - Checking object

14-02-2025T14:50:34 - [MESSAGE][INFO] - Checking timeout

14-02-2025T14:50:34 - [MESSAGE][INFO] - Finding web element from Test Object's properties

14-02-2025T14:50:34 - [MESSAGE][INFO] - Checking timeout

14-02-2025T14:50:34 - [MESSAGE][INFO] - Finding web element with id: 'Object Repository/ANEF_Eloignement_V_Nawres/Page_Creation_ou_Recherche_Dossier/btn_Radio_Selectionner_Dossier' located by 'By.xpath: //app-search-etranger/app-search-result-etranger//table/tbody/tr//label' in '100' second(s)

14-02-2025T14:50:34 - [MESSAGE][INFO] - Found 1 web elements with id: 'Object Repository/ANEF_Eloignement_V_Nawres/Page_Creation_ou_Recherche_Dossier/btn_Radio_Selectionner_Dossier' located by 'By.xpath: //app-search-etranger/app-search-result-etranger//table/tbody/tr//label' in '100' second(s)

14-02-2025T14:50:34 - [MESSAGE][INFO] - Clicking on object: 'Object Repository/ANEF_Eloignement_V_Nawres/Page_Creation_ou_Recherche_Dossier/btn_Radio_Selectionner_Dossier'

14-02-2025T14:50:35 - [MESSAGE][PASSED] - Object: 'Object Repository/ANEF_Eloignement_V_Nawres/Page_Creation_ou_Recherche_Dossier/btn_Radio_Selectionner_Dossier' is clicked on

14-02-2025T14:50:35 - [TEST_STEP][PASSED] - click(findTestObject("Object Repository/ANEF_Eloignement_V_Nawres/Page_Creation_ou_Recherche_Dossier/btn_Choisir_Dossier_Etranger"), STOP_ON_FAILURE): Object: 'Object Repository/ANEF_Eloignement_V_Nawres/Page_Creation_ou_Recherche_Dossier/btn_Choisir_Dossier_Etranger' is clicked on

14-02-2025T14:50:35 - [MESSAGE][INFO] - Finding Test Object 'Object Repository/ANEF_Eloignement_V_Nawres/Page_Creation_ou_Recherche_Dossier/btn_Choisir_Dossier_Etranger'

14-02-2025T14:50:35 - [MESSAGE][INFO] - Checking timeout

14-02-2025T14:50:35 - [MESSAGE][INFO] - Finding web element with id: 'Object Repository/ANEF_Eloignement_V_Nawres/Page_Creation_ou_Recherche_Dossier/btn_Choisir_Dossier_Etranger' located by 'By.xpath: //button[contains(text(),"Choisir un dossier Ã©tranger")]' in '20' second(s)

14-02-2025T14:50:35 - [MESSAGE][INFO] - Found 1 web elements with id: 'Object Repository/ANEF_Eloignement_V_Nawres/Page_Creation_ou_Recherche_Dossier/btn_Choisir_Dossier_Etranger' located by 'By.xpath: //button[contains(text(),"Choisir un dossier Ã©tranger")]' in '20' second(s)

14-02-2025T14:50:35 - [MESSAGE][INFO] - Checking object

14-02-2025T14:50:35 - [MESSAGE][INFO] - Checking timeout

14-02-2025T14:50:35 - [MESSAGE][INFO] - Finding web element from Test Object's properties

14-02-2025T14:50:35 - [MESSAGE][INFO] - Checking timeout

14-02-2025T14:50:35 - [MESSAGE][INFO] - Finding web element with id: 'Object Repository/ANEF_Eloignement_V_Nawres/Page_Creation_ou_Recherche_Dossier/btn_Choisir_Dossier_Etranger' located by 'By.xpath: //button[contains(text(),"Choisir un dossier Ã©tranger")]' in '100' second(s)

14-02-2025T14:50:35 - [MESSAGE][INFO] - Found 1 web elements with id: 'Object Repository/ANEF_Eloignement_V_Nawres/Page_Creation_ou_Recherche_Dossier/btn_Choisir_Dossier_Etranger' located by 'By.xpath: //button[contains(text(),"Choisir un dossier Ã©tranger")]' in '100' second(s)

14-02-2025T14:50:35 - [MESSAGE][INFO] - Clicking on object: 'Object Repository/ANEF_Eloignement_V_Nawres/Page_Creation_ou_Recherche_Dossier/btn_Choisir_Dossier_Etranger'

14-02-2025T14:50:36 - [MESSAGE][PASSED] - Object: 'Object Repository/ANEF_Eloignement_V_Nawres/Page_Creation_ou_Recherche_Dossier/btn_Choisir_Dossier_Etranger' is clicked on

14-02-2025T14:50:36 - [MESSAGE][PASSED] - Call Test Case 'Test Cases/Test Reutilisable/Main/ANEF_Eloignement_V_Nawres/ANEF_Creation_ou_Recherche_Dossier' successfully

14-02-2025T14:50:36 - [TEST_STEP][PASSED] - if (CreationOuRecherche == "Creation"): null

14-02-2025T14:50:36 - [TEST_STEP][PASSED] - println(NumeroEtranger): null

14-02-2025T14:50:36 - [TEST_STEP][PASSED] - callTestCase(findTestCase("Test Cases/Test Reutilisable/Main/ANEF_Eloignement_V_Nawres/ANEF_Prendre_Mesure"), ["Mesure":Mesure, "FondementLegal":FondementLegal, "NatureDeLacteExpulsion":NatureDeLacteExpulsion, "NatureDeLacteExpulsion":NatureDeLacteExpulsion, ... ], STOP_ON_FAILURE): Call Test Case 'Test Cases/Test Reutilisable/Main/ANEF_Eloignement_V_Nawres/ANEF_Prendre_Mesure' successfully

14-02-2025T14:50:36 - [MESSAGE][INFO] - Checking called Test Case

14-02-2025T14:50:36 - [MESSAGE][INFO] - Starting to call Test Case 'Test Cases/Test Reutilisable/Main/ANEF_Eloignement_V_Nawres/ANEF_Prendre_Mesure'

14-02-2025T14:50:36 - [TEST_CASE][PASSED] - Test Cases/Test Reutilisable/Main/ANEF_Eloignement_V_Nawres/ANEF_Prendre_Mesure: Test Cases/Test Reutilisable/Main/ANEF_Eloignement_V_Nawres/ANEF_Prendre_Mesure

14-02-2025T14:50:36 - [TEST_STEP][PASSED] - click(findTestObject("Object Repository/ANEF_Eloignement_V_Nawres/Page_Prendre_Mesure/btn_Prendre_Mesure"), STOP_ON_FAILURE): Object: 'Object Repository/ANEF_Eloignement_V_Nawres/Page_Prendre_Mesure/btn_Prendre_Mesure' is clicked on

14-02-2025T14:50:36 - [MESSAGE][INFO] - Finding Test Object 'Object Repository/ANEF_Eloignement_V_Nawres/Page_Prendre_Mesure/btn_Prendre_Mesure'

14-02-2025T14:50:36 - [MESSAGE][INFO] - Checking timeout

14-02-2025T14:50:36 - [MESSAGE][INFO] - Finding web element with id: 'Object Repository/ANEF_Eloignement_V_Nawres/Page_Prendre_Mesure/btn_Prendre_Mesure' located by 'By.xpath: //button[@title="Prendre une Mesure"]' in '20' second(s)

14-02-2025T14:50:37 - [MESSAGE][INFO] - Found 1 web elements with id: 'Object Repository/ANEF_Eloignement_V_Nawres/Page_Prendre_Mesure/btn_Prendre_Mesure' located by 'By.xpath: //button[@title="Prendre une Mesure"]' in '20' second(s)

14-02-2025T14:50:37 - [MESSAGE][INFO] - Checking object

14-02-2025T14:50:37 - [MESSAGE][INFO] - Checking timeout

14-02-2025T14:50:37 - [MESSAGE][INFO] - Finding web element from Test Object's properties

14-02-2025T14:50:37 - [MESSAGE][INFO] - Checking timeout

14-02-2025T14:50:37 - [MESSAGE][INFO] - Finding web element with id: 'Object Repository/ANEF_Eloignement_V_Nawres/Page_Prendre_Mesure/btn_Prendre_Mesure' located by 'By.xpath: //button[@title="Prendre une Mesure"]' in '100' second(s)

14-02-2025T14:50:37 - [MESSAGE][INFO] - Found 1 web elements with id: 'Object Repository/ANEF_Eloignement_V_Nawres/Page_Prendre_Mesure/btn_Prendre_Mesure' located by 'By.xpath: //button[@title="Prendre une Mesure"]' in '100' second(s)

14-02-2025T14:50:37 - [MESSAGE][INFO] - Clicking on object: 'Object Repository/ANEF_Eloignement_V_Nawres/Page_Prendre_Mesure/btn_Prendre_Mesure'

14-02-2025T14:50:39 - [MESSAGE][PASSED] - Object: 'Object Repository/ANEF_Eloignement_V_Nawres/Page_Prendre_Mesure/btn_Prendre_Mesure' is clicked on

14-02-2025T14:50:39 - [TEST_STEP][PASSED] - delay(5): Delayed 5 second(s)

14-02-2025T14:50:39 - [MESSAGE][INFO] - Delaying browser in 5 second(s)

14-02-2025T14:50:44 - [MESSAGE][PASSED] - Delayed 5 second(s)

14-02-2025T14:50:44 - [TEST_STEP][PASSED] - switch (Mesure): null

14-02-2025T14:50:44 - [TEST_STEP][PASSED] - case "ITF":: null

14-02-2025T14:50:44 - [TEST_STEP][PASSED] - selectOptionByLabel(findTestObject("Object Repository/ANEF_Eloignement_V_Nawres/Page_Prendre_Mesure/select_Type_Mesure"), "ITF", false, STOP_ON_FAILURE): All options with label 'ITF' are selected in object 'Object Repository/ANEF_Eloignement_V_Nawres/Page_Prendre_Mesure/select_Type_Mesure' 

14-02-2025T14:50:44 - [MESSAGE][INFO] - Finding Test Object 'Object Repository/ANEF_Eloignement_V_Nawres/Page_Prendre_Mesure/select_Type_Mesure'

14-02-2025T14:50:44 - [MESSAGE][INFO] - Checking timeout

14-02-2025T14:50:44 - [MESSAGE][INFO] - Finding web element with id: 'Object Repository/ANEF_Eloignement_V_Nawres/Page_Prendre_Mesure/select_Type_Mesure' located by 'By.xpath: //select[@id="typeMesure"]' in '20' second(s)

14-02-2025T14:50:44 - [MESSAGE][INFO] - Found 1 web elements with id: 'Object Repository/ANEF_Eloignement_V_Nawres/Page_Prendre_Mesure/select_Type_Mesure' located by 'By.xpath: //select[@id="typeMesure"]' in '20' second(s)

14-02-2025T14:50:44 - [MESSAGE][INFO] - Checking object

14-02-2025T14:50:44 - [MESSAGE][INFO] - Checking label parameter

14-02-2025T14:50:44 - [MESSAGE][INFO] - Finding web element from Test Object's properties

14-02-2025T14:50:44 - [MESSAGE][INFO] - Checking timeout

14-02-2025T14:50:44 - [MESSAGE][INFO] - Finding web element with id: 'Object Repository/ANEF_Eloignement_V_Nawres/Page_Prendre_Mesure/select_Type_Mesure' located by 'By.xpath: //select[@id="typeMesure"]' in '100' second(s)

14-02-2025T14:50:44 - [MESSAGE][INFO] - Found 1 web elements with id: 'Object Repository/ANEF_Eloignement_V_Nawres/Page_Prendre_Mesure/select_Type_Mesure' located by 'By.xpath: //select[@id="typeMesure"]' in '100' second(s)

14-02-2025T14:50:44 - [MESSAGE][INFO] - Selecting options on object 'Object Repository/ANEF_Eloignement_V_Nawres/Page_Prendre_Mesure/select_Type_Mesure' with label 'ITF' 

14-02-2025T14:50:45 - [MESSAGE][PASSED] - All options with label 'ITF' are selected in object 'Object Repository/ANEF_Eloignement_V_Nawres/Page_Prendre_Mesure/select_Type_Mesure' 

14-02-2025T14:50:45 - [TEST_STEP][PASSED] - click(findTestObject("Object Repository/ANEF_Eloignement_V_Nawres/Page_Prendre_Mesure/btn_Confirmer_Mesure"), STOP_ON_FAILURE): Object: 'Object Repository/ANEF_Eloignement_V_Nawres/Page_Prendre_Mesure/btn_Confirmer_Mesure' is clicked on

14-02-2025T14:50:45 - [MESSAGE][INFO] - Finding Test Object 'Object Repository/ANEF_Eloignement_V_Nawres/Page_Prendre_Mesure/btn_Confirmer_Mesure'

14-02-2025T14:50:45 - [MESSAGE][INFO] - Checking timeout

14-02-2025T14:50:45 - [MESSAGE][INFO] - Finding web element with id: 'Object Repository/ANEF_Eloignement_V_Nawres/Page_Prendre_Mesure/btn_Confirmer_Mesure' located by 'By.xpath: //button[@id="btn-confirme-decision"]' in '20' second(s)

14-02-2025T14:50:45 - [MESSAGE][INFO] - Found 1 web elements with id: 'Object Repository/ANEF_Eloignement_V_Nawres/Page_Prendre_Mesure/btn_Confirmer_Mesure' located by 'By.xpath: //button[@id="btn-confirme-decision"]' in '20' second(s)

14-02-2025T14:50:45 - [MESSAGE][INFO] - Checking object

14-02-2025T14:50:45 - [MESSAGE][INFO] - Checking timeout

14-02-2025T14:50:45 - [MESSAGE][INFO] - Finding web element from Test Object's properties

14-02-2025T14:50:45 - [MESSAGE][INFO] - Checking timeout

14-02-2025T14:50:45 - [MESSAGE][INFO] - Finding web element with id: 'Object Repository/ANEF_Eloignement_V_Nawres/Page_Prendre_Mesure/btn_Confirmer_Mesure' located by 'By.xpath: //button[@id="btn-confirme-decision"]' in '100' second(s)

14-02-2025T14:50:45 - [MESSAGE][INFO] - Found 1 web elements with id: 'Object Repository/ANEF_Eloignement_V_Nawres/Page_Prendre_Mesure/btn_Confirmer_Mesure' located by 'By.xpath: //button[@id="btn-confirme-decision"]' in '100' second(s)

14-02-2025T14:50:45 - [MESSAGE][INFO] - Clicking on object: 'Object Repository/ANEF_Eloignement_V_Nawres/Page_Prendre_Mesure/btn_Confirmer_Mesure'

14-02-2025T14:50:46 - [MESSAGE][PASSED] - Object: 'Object Repository/ANEF_Eloignement_V_Nawres/Page_Prendre_Mesure/btn_Confirmer_Mesure' is clicked on

14-02-2025T14:50:46 - [TEST_STEP][PASSED] - verifyElementPresent(findTestObject("Object Repository/ANEF_Eloignement_V_Nawres/Page_Prendre_Mesure/btn_Supprimer_Fiche_Mesure"), 2, STOP_ON_FAILURE): Object 'Object Repository/ANEF_Eloignement_V_Nawres/Page_Prendre_Mesure/btn_Supprimer_Fiche_Mesure' is present

14-02-2025T14:50:46 - [MESSAGE][INFO] - Finding Test Object 'Object Repository/ANEF_Eloignement_V_Nawres/Page_Prendre_Mesure/btn_Supprimer_Fiche_Mesure'

14-02-2025T14:50:46 - [MESSAGE][INFO] - Checking object

14-02-2025T14:50:46 - [MESSAGE][INFO] - Finding web element from Test Object's properties

14-02-2025T14:50:46 - [MESSAGE][INFO] - Checking timeout

14-02-2025T14:50:46 - [MESSAGE][INFO] - Finding web element with id: 'Object Repository/ANEF_Eloignement_V_Nawres/Page_Prendre_Mesure/btn_Supprimer_Fiche_Mesure' located by 'By.xpath: //button[@title="Supprimer une Mesure"]' in '2' second(s)

14-02-2025T14:50:48 - [MESSAGE][INFO] - Found 1 web elements with id: 'Object Repository/ANEF_Eloignement_V_Nawres/Page_Prendre_Mesure/btn_Supprimer_Fiche_Mesure' located by 'By.xpath: //button[@title="Supprimer une Mesure"]' in '2' second(s)

14-02-2025T14:50:48 - [MESSAGE][PASSED] - Object 'Object Repository/ANEF_Eloignement_V_Nawres/Page_Prendre_Mesure/btn_Supprimer_Fiche_Mesure' is present

14-02-2025T14:50:48 - [TEST_STEP][PASSED] - break: null

14-02-2025T14:50:48 - [TEST_STEP][PASSED] - callTestCase(findTestCase("Test Cases/Test Reutilisable/Main/ANEF_Eloignement_V_Nawres/ANEF_Prendre_Mesure_Formulaire"), ["Mesure":Mesure, "FondementLegal":FondementLegal, "NatureDeLacteExpulsion":NatureDeLacteExpulsion, "UrgenceAbsolueExpulsion":UrgenceAbsolueExpulsion, ... ], STOP_ON_FAILURE): Call Test Case 'Test Cases/Test Reutilisable/Main/ANEF_Eloignement_V_Nawres/ANEF_Prendre_Mesure_Formulaire' successfully

14-02-2025T14:50:48 - [MESSAGE][INFO] - Checking called Test Case

14-02-2025T14:50:48 - [MESSAGE][INFO] - Starting to call Test Case 'Test Cases/Test Reutilisable/Main/ANEF_Eloignement_V_Nawres/ANEF_Prendre_Mesure_Formulaire'

14-02-2025T14:50:48 - [TEST_CASE][PASSED] - Test Cases/Test Reutilisable/Main/ANEF_Eloignement_V_Nawres/ANEF_Prendre_Mesure_Formulaire: Test Cases/Test Reutilisable/Main/ANEF_Eloignement_V_Nawres/ANEF_Prendre_Mesure_Formulaire

14-02-2025T14:50:48 - [TEST_STEP][PASSED] - calendar = Calendar.getInstance(): null

14-02-2025T14:50:48 - [TEST_STEP][PASSED] - currentDate = calendar.getTime(): null

14-02-2025T14:50:48 - [TEST_STEP][PASSED] - sdf = new java.text.SimpleDateFormat(dd/MM/yyyy): null

14-02-2025T14:50:48 - [TEST_STEP][PASSED] - formattedDate = sdf.format(currentDate): null

14-02-2025T14:50:48 - [TEST_STEP][PASSED] - DateActuelle = formattedDate.toString(): null

14-02-2025T14:50:48 - [TEST_STEP][PASSED] - println(DateActuelle): null

14-02-2025T14:50:48 - [TEST_STEP][PASSED] - if (Mesure != "ITF"): null

14-02-2025T14:50:48 - [TEST_STEP][PASSED] - if (Mesure == "ITF"): Object: 'Object Repository/ANEF_Eloignement_V_Nawres/Page_Prendre_Mesure_Formulaire/btn_Confirmer_Enregistrement_Mesure' is clicked on

14-02-2025T14:50:48 - [TEST_STEP][PASSED] - if (NaturePeineITF == "Complementaire"): null

14-02-2025T14:50:48 - [TEST_STEP][PASSED] - if (NaturePeineITF == "Principale"): Object: 'Object Repository/ANEF_Eloignement_V_Nawres/Page_Prendre_Mesure_Formulaire/btn_Nature_Peine_Principale' is clicked on

14-02-2025T14:50:48 - [TEST_STEP][PASSED] - click(findTestObject("Object Repository/ANEF_Eloignement_V_Nawres/Page_Prendre_Mesure_Formulaire/btn_Nature_Peine_Principale"), STOP_ON_FAILURE): Object: 'Object Repository/ANEF_Eloignement_V_Nawres/Page_Prendre_Mesure_Formulaire/btn_Nature_Peine_Principale' is clicked on

14-02-2025T14:50:48 - [MESSAGE][INFO] - Finding Test Object 'Object Repository/ANEF_Eloignement_V_Nawres/Page_Prendre_Mesure_Formulaire/btn_Nature_Peine_Principale'

14-02-2025T14:50:48 - [MESSAGE][INFO] - Checking timeout

14-02-2025T14:50:48 - [MESSAGE][INFO] - Finding web element with id: 'Object Repository/ANEF_Eloignement_V_Nawres/Page_Prendre_Mesure_Formulaire/btn_Nature_Peine_Principale' located by 'By.xpath: //label[contains(text(),"titre principale")]' in '20' second(s)

14-02-2025T14:50:48 - [MESSAGE][INFO] - Found 1 web elements with id: 'Object Repository/ANEF_Eloignement_V_Nawres/Page_Prendre_Mesure_Formulaire/btn_Nature_Peine_Principale' located by 'By.xpath: //label[contains(text(),"titre principale")]' in '20' second(s)

14-02-2025T14:50:48 - [MESSAGE][INFO] - Checking object

14-02-2025T14:50:48 - [MESSAGE][INFO] - Checking timeout

14-02-2025T14:50:48 - [MESSAGE][INFO] - Finding web element from Test Object's properties

14-02-2025T14:50:48 - [MESSAGE][INFO] - Checking timeout

14-02-2025T14:50:48 - [MESSAGE][INFO] - Finding web element with id: 'Object Repository/ANEF_Eloignement_V_Nawres/Page_Prendre_Mesure_Formulaire/btn_Nature_Peine_Principale' located by 'By.xpath: //label[contains(text(),"titre principale")]' in '100' second(s)

14-02-2025T14:50:48 - [MESSAGE][INFO] - Found 1 web elements with id: 'Object Repository/ANEF_Eloignement_V_Nawres/Page_Prendre_Mesure_Formulaire/btn_Nature_Peine_Principale' located by 'By.xpath: //label[contains(text(),"titre principale")]' in '100' second(s)

14-02-2025T14:50:48 - [MESSAGE][INFO] - Clicking on object: 'Object Repository/ANEF_Eloignement_V_Nawres/Page_Prendre_Mesure_Formulaire/btn_Nature_Peine_Principale'

14-02-2025T14:50:49 - [MESSAGE][PASSED] - Object: 'Object Repository/ANEF_Eloignement_V_Nawres/Page_Prendre_Mesure_Formulaire/btn_Nature_Peine_Principale' is clicked on

14-02-2025T14:50:49 - [TEST_STEP][PASSED] - if (DureeITF == "Temporaire"): Text '7' is set on object 'Object Repository/ANEF_Eloignement_V_Nawres/Page_Prendre_Mesure_Formulaire/input_Duree_ITF__Temporaire_Annee'

14-02-2025T14:50:49 - [TEST_STEP][PASSED] - click(findTestObject("Object Repository/ANEF_Eloignement_V_Nawres/Page_Prendre_Mesure_Formulaire/btn_Duree_ITF_Temporaire"), STOP_ON_FAILURE): Object: 'Object Repository/ANEF_Eloignement_V_Nawres/Page_Prendre_Mesure_Formulaire/btn_Duree_ITF_Temporaire' is clicked on

14-02-2025T14:50:49 - [MESSAGE][INFO] - Finding Test Object 'Object Repository/ANEF_Eloignement_V_Nawres/Page_Prendre_Mesure_Formulaire/btn_Duree_ITF_Temporaire'

14-02-2025T14:50:49 - [MESSAGE][INFO] - Checking timeout

14-02-2025T14:50:49 - [MESSAGE][INFO] - Finding web element with id: 'Object Repository/ANEF_Eloignement_V_Nawres/Page_Prendre_Mesure_Formulaire/btn_Duree_ITF_Temporaire' located by 'By.xpath: //label[contains(text(),"Temporaire")]' in '20' second(s)

14-02-2025T14:50:49 - [MESSAGE][INFO] - Found 1 web elements with id: 'Object Repository/ANEF_Eloignement_V_Nawres/Page_Prendre_Mesure_Formulaire/btn_Duree_ITF_Temporaire' located by 'By.xpath: //label[contains(text(),"Temporaire")]' in '20' second(s)

14-02-2025T14:50:49 - [MESSAGE][INFO] - Checking object

14-02-2025T14:50:49 - [MESSAGE][INFO] - Checking timeout

14-02-2025T14:50:49 - [MESSAGE][INFO] - Finding web element from Test Object's properties

14-02-2025T14:50:49 - [MESSAGE][INFO] - Checking timeout

14-02-2025T14:50:49 - [MESSAGE][INFO] - Finding web element with id: 'Object Repository/ANEF_Eloignement_V_Nawres/Page_Prendre_Mesure_Formulaire/btn_Duree_ITF_Temporaire' located by 'By.xpath: //label[contains(text(),"Temporaire")]' in '100' second(s)

14-02-2025T14:50:49 - [MESSAGE][INFO] - Found 1 web elements with id: 'Object Repository/ANEF_Eloignement_V_Nawres/Page_Prendre_Mesure_Formulaire/btn_Duree_ITF_Temporaire' located by 'By.xpath: //label[contains(text(),"Temporaire")]' in '100' second(s)

14-02-2025T14:50:49 - [MESSAGE][INFO] - Clicking on object: 'Object Repository/ANEF_Eloignement_V_Nawres/Page_Prendre_Mesure_Formulaire/btn_Duree_ITF_Temporaire'

14-02-2025T14:50:50 - [MESSAGE][PASSED] - Object: 'Object Repository/ANEF_Eloignement_V_Nawres/Page_Prendre_Mesure_Formulaire/btn_Duree_ITF_Temporaire' is clicked on

14-02-2025T14:50:50 - [TEST_STEP][PASSED] - waitForElementPresent(findTestObject("Object Repository/ANEF_Eloignement_V_Nawres/Page_Prendre_Mesure_Formulaire/input_Duree_ITF__Temporaire_Mois"), 40): Object 'Object Repository/ANEF_Eloignement_V_Nawres/Page_Prendre_Mesure_Formulaire/input_Duree_ITF__Temporaire_Mois' is present

14-02-2025T14:50:50 - [MESSAGE][INFO] - Finding Test Object 'Object Repository/ANEF_Eloignement_V_Nawres/Page_Prendre_Mesure_Formulaire/input_Duree_ITF__Temporaire_Mois'

14-02-2025T14:50:50 - [MESSAGE][INFO] - Checking object

14-02-2025T14:50:50 - [MESSAGE][INFO] - Finding web element from Test Object's properties

14-02-2025T14:50:50 - [MESSAGE][INFO] - Checking timeout

14-02-2025T14:50:50 - [MESSAGE][INFO] - Finding web element with id: 'Object Repository/ANEF_Eloignement_V_Nawres/Page_Prendre_Mesure_Formulaire/input_Duree_ITF__Temporaire_Mois' located by 'By.xpath: //input[@id="nbr_mois"]' in '40' second(s)

14-02-2025T14:50:50 - [MESSAGE][INFO] - Found 1 web elements with id: 'Object Repository/ANEF_Eloignement_V_Nawres/Page_Prendre_Mesure_Formulaire/input_Duree_ITF__Temporaire_Mois' located by 'By.xpath: //input[@id="nbr_mois"]' in '40' second(s)

14-02-2025T14:50:50 - [MESSAGE][PASSED] - Object 'Object Repository/ANEF_Eloignement_V_Nawres/Page_Prendre_Mesure_Formulaire/input_Duree_ITF__Temporaire_Mois' is present

14-02-2025T14:50:50 - [TEST_STEP][PASSED] - setText(findTestObject("Object Repository/ANEF_Eloignement_V_Nawres/Page_Prendre_Mesure_Formulaire/input_Duree_ITF__Temporaire_Mois"), "14", STOP_ON_FAILURE): Text '14' is set on object 'Object Repository/ANEF_Eloignement_V_Nawres/Page_Prendre_Mesure_Formulaire/input_Duree_ITF__Temporaire_Mois'

14-02-2025T14:50:50 - [MESSAGE][INFO] - Finding Test Object 'Object Repository/ANEF_Eloignement_V_Nawres/Page_Prendre_Mesure_Formulaire/input_Duree_ITF__Temporaire_Mois'

14-02-2025T14:50:50 - [MESSAGE][INFO] - Checking timeout

14-02-2025T14:50:50 - [MESSAGE][INFO] - Finding web element with id: 'Object Repository/ANEF_Eloignement_V_Nawres/Page_Prendre_Mesure_Formulaire/input_Duree_ITF__Temporaire_Mois' located by 'By.xpath: //input[@id="nbr_mois"]' in '20' second(s)

14-02-2025T14:50:51 - [MESSAGE][INFO] - Found 1 web elements with id: 'Object Repository/ANEF_Eloignement_V_Nawres/Page_Prendre_Mesure_Formulaire/input_Duree_ITF__Temporaire_Mois' located by 'By.xpath: //input[@id="nbr_mois"]' in '20' second(s)

14-02-2025T14:50:51 - [MESSAGE][INFO] - Checking object

14-02-2025T14:50:51 - [MESSAGE][INFO] - Checking text

14-02-2025T14:50:51 - [MESSAGE][INFO] - Finding web element from Test Object's properties

14-02-2025T14:50:51 - [MESSAGE][INFO] - Checking timeout

14-02-2025T14:50:51 - [MESSAGE][INFO] - Finding web element with id: 'Object Repository/ANEF_Eloignement_V_Nawres/Page_Prendre_Mesure_Formulaire/input_Duree_ITF__Temporaire_Mois' located by 'By.xpath: //input[@id="nbr_mois"]' in '100' second(s)

14-02-2025T14:50:51 - [MESSAGE][INFO] - Found 1 web elements with id: 'Object Repository/ANEF_Eloignement_V_Nawres/Page_Prendre_Mesure_Formulaire/input_Duree_ITF__Temporaire_Mois' located by 'By.xpath: //input[@id="nbr_mois"]' in '100' second(s)

14-02-2025T14:50:51 - [MESSAGE][INFO] - Clearing text of object 'Object Repository/ANEF_Eloignement_V_Nawres/Page_Prendre_Mesure_Formulaire/input_Duree_ITF__Temporaire_Mois'

14-02-2025T14:50:52 - [MESSAGE][INFO] - Finding web element from Test Object's properties

14-02-2025T14:50:52 - [MESSAGE][INFO] - Checking timeout

14-02-2025T14:50:52 - [MESSAGE][INFO] - Finding web element with id: 'Object Repository/ANEF_Eloignement_V_Nawres/Page_Prendre_Mesure_Formulaire/input_Duree_ITF__Temporaire_Mois' located by 'By.xpath: //input[@id="nbr_mois"]' in '100' second(s)

14-02-2025T14:50:52 - [MESSAGE][INFO] - Found 1 web elements with id: 'Object Repository/ANEF_Eloignement_V_Nawres/Page_Prendre_Mesure_Formulaire/input_Duree_ITF__Temporaire_Mois' located by 'By.xpath: //input[@id="nbr_mois"]' in '100' second(s)

14-02-2025T14:50:52 - [MESSAGE][INFO] - Setting text of object 'Object Repository/ANEF_Eloignement_V_Nawres/Page_Prendre_Mesure_Formulaire/input_Duree_ITF__Temporaire_Mois' to value '14'

14-02-2025T14:50:53 - [MESSAGE][PASSED] - Text '14' is set on object 'Object Repository/ANEF_Eloignement_V_Nawres/Page_Prendre_Mesure_Formulaire/input_Duree_ITF__Temporaire_Mois'

14-02-2025T14:50:53 - [TEST_STEP][PASSED] - verifyElementText(findTestObject("Object Repository/ANEF_Eloignement_V_Nawres/Page_Prendre_Mesure_Formulaire/p_Message_Erreur_Duree_ITF_Mois"), "Le Mois est invalide", STOP_ON_FAILURE): Actual text and expected text of test object 'Object Repository/ANEF_Eloignement_V_Nawres/Page_Prendre_Mesure_Formulaire/p_Message_Erreur_Duree_ITF_Mois' are matched.

14-02-2025T14:50:53 - [MESSAGE][INFO] - Finding Test Object 'Object Repository/ANEF_Eloignement_V_Nawres/Page_Prendre_Mesure_Formulaire/p_Message_Erreur_Duree_ITF_Mois'

14-02-2025T14:50:53 - [MESSAGE][INFO] - Checking object

14-02-2025T14:50:53 - [MESSAGE][INFO] - Finding web element from Test Object's properties

14-02-2025T14:50:53 - [MESSAGE][INFO] - Checking timeout

14-02-2025T14:50:53 - [MESSAGE][INFO] - Finding web element with id: 'Object Repository/ANEF_Eloignement_V_Nawres/Page_Prendre_Mesure_Formulaire/p_Message_Erreur_Duree_ITF_Mois' located by 'By.xpath: //app-accordeon-mesure-judiciaire/section/div/form/div/div[1]/div/fieldset/div[1]/p' in '100' second(s)

14-02-2025T14:50:53 - [MESSAGE][INFO] - Found 1 web elements with id: 'Object Repository/ANEF_Eloignement_V_Nawres/Page_Prendre_Mesure_Formulaire/p_Message_Erreur_Duree_ITF_Mois' located by 'By.xpath: //app-accordeon-mesure-judiciaire/section/div/form/div/div[1]/div/fieldset/div[1]/p' in '100' second(s)

14-02-2025T14:50:53 - [MESSAGE][PASSED] - Actual text and expected text of test object 'Object Repository/ANEF_Eloignement_V_Nawres/Page_Prendre_Mesure_Formulaire/p_Message_Erreur_Duree_ITF_Mois' are matched.

14-02-2025T14:50:53 - [TEST_STEP][PASSED] - setText(findTestObject("Object Repository/ANEF_Eloignement_V_Nawres/Page_Prendre_Mesure_Formulaire/input_Duree_ITF__Temporaire_Mois"), "10", STOP_ON_FAILURE): Text '10' is set on object 'Object Repository/ANEF_Eloignement_V_Nawres/Page_Prendre_Mesure_Formulaire/input_Duree_ITF__Temporaire_Mois'

14-02-2025T14:50:53 - [MESSAGE][INFO] - Finding Test Object 'Object Repository/ANEF_Eloignement_V_Nawres/Page_Prendre_Mesure_Formulaire/input_Duree_ITF__Temporaire_Mois'

14-02-2025T14:50:53 - [MESSAGE][INFO] - Checking timeout

14-02-2025T14:50:53 - [MESSAGE][INFO] - Finding web element with id: 'Object Repository/ANEF_Eloignement_V_Nawres/Page_Prendre_Mesure_Formulaire/input_Duree_ITF__Temporaire_Mois' located by 'By.xpath: //input[@id="nbr_mois"]' in '20' second(s)

14-02-2025T14:50:53 - [MESSAGE][INFO] - Found 1 web elements with id: 'Object Repository/ANEF_Eloignement_V_Nawres/Page_Prendre_Mesure_Formulaire/input_Duree_ITF__Temporaire_Mois' located by 'By.xpath: //input[@id="nbr_mois"]' in '20' second(s)

14-02-2025T14:50:53 - [MESSAGE][INFO] - Checking object

14-02-2025T14:50:53 - [MESSAGE][INFO] - Checking text

14-02-2025T14:50:53 - [MESSAGE][INFO] - Finding web element from Test Object's properties

14-02-2025T14:50:53 - [MESSAGE][INFO] - Checking timeout

14-02-2025T14:50:53 - [MESSAGE][INFO] - Finding web element with id: 'Object Repository/ANEF_Eloignement_V_Nawres/Page_Prendre_Mesure_Formulaire/input_Duree_ITF__Temporaire_Mois' located by 'By.xpath: //input[@id="nbr_mois"]' in '100' second(s)

14-02-2025T14:50:53 - [MESSAGE][INFO] - Found 1 web elements with id: 'Object Repository/ANEF_Eloignement_V_Nawres/Page_Prendre_Mesure_Formulaire/input_Duree_ITF__Temporaire_Mois' located by 'By.xpath: //input[@id="nbr_mois"]' in '100' second(s)

14-02-2025T14:50:53 - [MESSAGE][INFO] - Clearing text of object 'Object Repository/ANEF_Eloignement_V_Nawres/Page_Prendre_Mesure_Formulaire/input_Duree_ITF__Temporaire_Mois'

14-02-2025T14:50:54 - [MESSAGE][INFO] - Finding web element from Test Object's properties

14-02-2025T14:50:54 - [MESSAGE][INFO] - Checking timeout

14-02-2025T14:50:54 - [MESSAGE][INFO] - Finding web element with id: 'Object Repository/ANEF_Eloignement_V_Nawres/Page_Prendre_Mesure_Formulaire/input_Duree_ITF__Temporaire_Mois' located by 'By.xpath: //input[@id="nbr_mois"]' in '100' second(s)

14-02-2025T14:50:54 - [MESSAGE][INFO] - Found 1 web elements with id: 'Object Repository/ANEF_Eloignement_V_Nawres/Page_Prendre_Mesure_Formulaire/input_Duree_ITF__Temporaire_Mois' located by 'By.xpath: //input[@id="nbr_mois"]' in '100' second(s)

14-02-2025T14:50:54 - [MESSAGE][INFO] - Setting text of object 'Object Repository/ANEF_Eloignement_V_Nawres/Page_Prendre_Mesure_Formulaire/input_Duree_ITF__Temporaire_Mois' to value '10'

14-02-2025T14:50:55 - [MESSAGE][PASSED] - Text '10' is set on object 'Object Repository/ANEF_Eloignement_V_Nawres/Page_Prendre_Mesure_Formulaire/input_Duree_ITF__Temporaire_Mois'

14-02-2025T14:50:55 - [TEST_STEP][PASSED] - setText(findTestObject("Object Repository/ANEF_Eloignement_V_Nawres/Page_Prendre_Mesure_Formulaire/input_Duree_ITF__Temporaire_Annee"), "13", STOP_ON_FAILURE): Text '13' is set on object 'Object Repository/ANEF_Eloignement_V_Nawres/Page_Prendre_Mesure_Formulaire/input_Duree_ITF__Temporaire_Annee'

14-02-2025T14:50:55 - [MESSAGE][INFO] - Finding Test Object 'Object Repository/ANEF_Eloignement_V_Nawres/Page_Prendre_Mesure_Formulaire/input_Duree_ITF__Temporaire_Annee'

14-02-2025T14:50:55 - [MESSAGE][INFO] - Checking timeout

14-02-2025T14:50:55 - [MESSAGE][INFO] - Finding web element with id: 'Object Repository/ANEF_Eloignement_V_Nawres/Page_Prendre_Mesure_Formulaire/input_Duree_ITF__Temporaire_Annee' located by 'By.xpath: //input[@id="nbr_ans"]' in '20' second(s)

14-02-2025T14:50:55 - [MESSAGE][INFO] - Found 1 web elements with id: 'Object Repository/ANEF_Eloignement_V_Nawres/Page_Prendre_Mesure_Formulaire/input_Duree_ITF__Temporaire_Annee' located by 'By.xpath: //input[@id="nbr_ans"]' in '20' second(s)

14-02-2025T14:50:55 - [MESSAGE][INFO] - Checking object

14-02-2025T14:50:55 - [MESSAGE][INFO] - Checking text

14-02-2025T14:50:55 - [MESSAGE][INFO] - Finding web element from Test Object's properties

14-02-2025T14:50:55 - [MESSAGE][INFO] - Checking timeout

14-02-2025T14:50:55 - [MESSAGE][INFO] - Finding web element with id: 'Object Repository/ANEF_Eloignement_V_Nawres/Page_Prendre_Mesure_Formulaire/input_Duree_ITF__Temporaire_Annee' located by 'By.xpath: //input[@id="nbr_ans"]' in '100' second(s)

14-02-2025T14:50:55 - [MESSAGE][INFO] - Found 1 web elements with id: 'Object Repository/ANEF_Eloignement_V_Nawres/Page_Prendre_Mesure_Formulaire/input_Duree_ITF__Temporaire_Annee' located by 'By.xpath: //input[@id="nbr_ans"]' in '100' second(s)

14-02-2025T14:50:55 - [MESSAGE][INFO] - Clearing text of object 'Object Repository/ANEF_Eloignement_V_Nawres/Page_Prendre_Mesure_Formulaire/input_Duree_ITF__Temporaire_Annee'

14-02-2025T14:50:56 - [MESSAGE][INFO] - Finding web element from Test Object's properties

14-02-2025T14:50:56 - [MESSAGE][INFO] - Checking timeout

14-02-2025T14:50:56 - [MESSAGE][INFO] - Finding web element with id: 'Object Repository/ANEF_Eloignement_V_Nawres/Page_Prendre_Mesure_Formulaire/input_Duree_ITF__Temporaire_Annee' located by 'By.xpath: //input[@id="nbr_ans"]' in '100' second(s)

14-02-2025T14:50:56 - [MESSAGE][INFO] - Found 1 web elements with id: 'Object Repository/ANEF_Eloignement_V_Nawres/Page_Prendre_Mesure_Formulaire/input_Duree_ITF__Temporaire_Annee' located by 'By.xpath: //input[@id="nbr_ans"]' in '100' second(s)

14-02-2025T14:50:56 - [MESSAGE][INFO] - Setting text of object 'Object Repository/ANEF_Eloignement_V_Nawres/Page_Prendre_Mesure_Formulaire/input_Duree_ITF__Temporaire_Annee' to value '13'

14-02-2025T14:50:57 - [MESSAGE][PASSED] - Text '13' is set on object 'Object Repository/ANEF_Eloignement_V_Nawres/Page_Prendre_Mesure_Formulaire/input_Duree_ITF__Temporaire_Annee'

14-02-2025T14:50:57 - [TEST_STEP][PASSED] - verifyElementText(findTestObject("Object Repository/ANEF_Eloignement_V_Nawres/Page_Prendre_Mesure_Formulaire/p_Message_Erreur_Duree_ITF_Annee"), "La durÃ©e ne peut excÃ©der 10 ans", STOP_ON_FAILURE): Actual text and expected text of test object 'Object Repository/ANEF_Eloignement_V_Nawres/Page_Prendre_Mesure_Formulaire/p_Message_Erreur_Duree_ITF_Annee' are matched.

14-02-2025T14:50:57 - [MESSAGE][INFO] - Finding Test Object 'Object Repository/ANEF_Eloignement_V_Nawres/Page_Prendre_Mesure_Formulaire/p_Message_Erreur_Duree_ITF_Annee'

14-02-2025T14:50:57 - [MESSAGE][INFO] - Checking object

14-02-2025T14:50:57 - [MESSAGE][INFO] - Finding web element from Test Object's properties

14-02-2025T14:50:57 - [MESSAGE][INFO] - Checking timeout

14-02-2025T14:50:57 - [MESSAGE][INFO] - Finding web element with id: 'Object Repository/ANEF_Eloignement_V_Nawres/Page_Prendre_Mesure_Formulaire/p_Message_Erreur_Duree_ITF_Annee' located by 'By.xpath: //app-accordeon-mesure-judiciaire/section/div/form/div/div[1]/div/p' in '100' second(s)

14-02-2025T14:50:57 - [MESSAGE][INFO] - Found 1 web elements with id: 'Object Repository/ANEF_Eloignement_V_Nawres/Page_Prendre_Mesure_Formulaire/p_Message_Erreur_Duree_ITF_Annee' located by 'By.xpath: //app-accordeon-mesure-judiciaire/section/div/form/div/div[1]/div/p' in '100' second(s)

14-02-2025T14:50:57 - [MESSAGE][PASSED] - Actual text and expected text of test object 'Object Repository/ANEF_Eloignement_V_Nawres/Page_Prendre_Mesure_Formulaire/p_Message_Erreur_Duree_ITF_Annee' are matched.

14-02-2025T14:50:57 - [TEST_STEP][PASSED] - setText(findTestObject("Object Repository/ANEF_Eloignement_V_Nawres/Page_Prendre_Mesure_Formulaire/input_Duree_ITF__Temporaire_Annee"), "7", STOP_ON_FAILURE): Text '7' is set on object 'Object Repository/ANEF_Eloignement_V_Nawres/Page_Prendre_Mesure_Formulaire/input_Duree_ITF__Temporaire_Annee'

14-02-2025T14:50:57 - [MESSAGE][INFO] - Finding Test Object 'Object Repository/ANEF_Eloignement_V_Nawres/Page_Prendre_Mesure_Formulaire/input_Duree_ITF__Temporaire_Annee'

14-02-2025T14:50:57 - [MESSAGE][INFO] - Checking timeout

14-02-2025T14:50:57 - [MESSAGE][INFO] - Finding web element with id: 'Object Repository/ANEF_Eloignement_V_Nawres/Page_Prendre_Mesure_Formulaire/input_Duree_ITF__Temporaire_Annee' located by 'By.xpath: //input[@id="nbr_ans"]' in '20' second(s)

14-02-2025T14:50:57 - [MESSAGE][INFO] - Found 1 web elements with id: 'Object Repository/ANEF_Eloignement_V_Nawres/Page_Prendre_Mesure_Formulaire/input_Duree_ITF__Temporaire_Annee' located by 'By.xpath: //input[@id="nbr_ans"]' in '20' second(s)

14-02-2025T14:50:57 - [MESSAGE][INFO] - Checking object

14-02-2025T14:50:57 - [MESSAGE][INFO] - Checking text

14-02-2025T14:50:57 - [MESSAGE][INFO] - Finding web element from Test Object's properties

14-02-2025T14:50:57 - [MESSAGE][INFO] - Checking timeout

14-02-2025T14:50:57 - [MESSAGE][INFO] - Finding web element with id: 'Object Repository/ANEF_Eloignement_V_Nawres/Page_Prendre_Mesure_Formulaire/input_Duree_ITF__Temporaire_Annee' located by 'By.xpath: //input[@id="nbr_ans"]' in '100' second(s)

14-02-2025T14:50:57 - [MESSAGE][INFO] - Found 1 web elements with id: 'Object Repository/ANEF_Eloignement_V_Nawres/Page_Prendre_Mesure_Formulaire/input_Duree_ITF__Temporaire_Annee' located by 'By.xpath: //input[@id="nbr_ans"]' in '100' second(s)

14-02-2025T14:50:57 - [MESSAGE][INFO] - Clearing text of object 'Object Repository/ANEF_Eloignement_V_Nawres/Page_Prendre_Mesure_Formulaire/input_Duree_ITF__Temporaire_Annee'

14-02-2025T14:50:58 - [MESSAGE][INFO] - Finding web element from Test Object's properties

14-02-2025T14:50:58 - [MESSAGE][INFO] - Checking timeout

14-02-2025T14:50:58 - [MESSAGE][INFO] - Finding web element with id: 'Object Repository/ANEF_Eloignement_V_Nawres/Page_Prendre_Mesure_Formulaire/input_Duree_ITF__Temporaire_Annee' located by 'By.xpath: //input[@id="nbr_ans"]' in '100' second(s)

14-02-2025T14:50:58 - [MESSAGE][INFO] - Found 1 web elements with id: 'Object Repository/ANEF_Eloignement_V_Nawres/Page_Prendre_Mesure_Formulaire/input_Duree_ITF__Temporaire_Annee' located by 'By.xpath: //input[@id="nbr_ans"]' in '100' second(s)

14-02-2025T14:50:59 - [MESSAGE][INFO] - Setting text of object 'Object Repository/ANEF_Eloignement_V_Nawres/Page_Prendre_Mesure_Formulaire/input_Duree_ITF__Temporaire_Annee' to value '7'

14-02-2025T14:51:00 - [MESSAGE][PASSED] - Text '7' is set on object 'Object Repository/ANEF_Eloignement_V_Nawres/Page_Prendre_Mesure_Formulaire/input_Duree_ITF__Temporaire_Annee'

14-02-2025T14:51:00 - [TEST_STEP][PASSED] - if (DureeITF == "Definitive"): null

14-02-2025T14:51:00 - [TEST_STEP][PASSED] - setText(findTestObject("Object Repository/ANEF_Eloignement_V_Nawres/Page_Prendre_Mesure_Formulaire/input_Date_Executoire_ITF"), DateActuelle, STOP_ON_FAILURE): Text '14/02/2025' is set on object 'Object Repository/ANEF_Eloignement_V_Nawres/Page_Prendre_Mesure_Formulaire/input_Date_Executoire_ITF'

14-02-2025T14:51:00 - [MESSAGE][INFO] - Finding Test Object 'Object Repository/ANEF_Eloignement_V_Nawres/Page_Prendre_Mesure_Formulaire/input_Date_Executoire_ITF'

14-02-2025T14:51:00 - [MESSAGE][INFO] - Checking timeout

14-02-2025T14:51:00 - [MESSAGE][INFO] - Finding web element with id: 'Object Repository/ANEF_Eloignement_V_Nawres/Page_Prendre_Mesure_Formulaire/input_Date_Executoire_ITF' located by 'By.xpath: //input[@id="date_executoire_itf"]' in '20' second(s)

14-02-2025T14:51:00 - [MESSAGE][INFO] - Found 1 web elements with id: 'Object Repository/ANEF_Eloignement_V_Nawres/Page_Prendre_Mesure_Formulaire/input_Date_Executoire_ITF' located by 'By.xpath: //input[@id="date_executoire_itf"]' in '20' second(s)

14-02-2025T14:51:00 - [MESSAGE][INFO] - Checking object

14-02-2025T14:51:00 - [MESSAGE][INFO] - Checking text

14-02-2025T14:51:00 - [MESSAGE][INFO] - Finding web element from Test Object's properties

14-02-2025T14:51:00 - [MESSAGE][INFO] - Checking timeout

14-02-2025T14:51:00 - [MESSAGE][INFO] - Finding web element with id: 'Object Repository/ANEF_Eloignement_V_Nawres/Page_Prendre_Mesure_Formulaire/input_Date_Executoire_ITF' located by 'By.xpath: //input[@id="date_executoire_itf"]' in '100' second(s)

14-02-2025T14:51:00 - [MESSAGE][INFO] - Found 1 web elements with id: 'Object Repository/ANEF_Eloignement_V_Nawres/Page_Prendre_Mesure_Formulaire/input_Date_Executoire_ITF' located by 'By.xpath: //input[@id="date_executoire_itf"]' in '100' second(s)

14-02-2025T14:51:00 - [MESSAGE][INFO] - Clearing text of object 'Object Repository/ANEF_Eloignement_V_Nawres/Page_Prendre_Mesure_Formulaire/input_Date_Executoire_ITF'

14-02-2025T14:51:01 - [MESSAGE][INFO] - Finding web element from Test Object's properties

14-02-2025T14:51:01 - [MESSAGE][INFO] - Checking timeout

14-02-2025T14:51:01 - [MESSAGE][INFO] - Finding web element with id: 'Object Repository/ANEF_Eloignement_V_Nawres/Page_Prendre_Mesure_Formulaire/input_Date_Executoire_ITF' located by 'By.xpath: //input[@id="date_executoire_itf"]' in '100' second(s)

14-02-2025T14:51:01 - [MESSAGE][INFO] - Found 1 web elements with id: 'Object Repository/ANEF_Eloignement_V_Nawres/Page_Prendre_Mesure_Formulaire/input_Date_Executoire_ITF' located by 'By.xpath: //input[@id="date_executoire_itf"]' in '100' second(s)

14-02-2025T14:51:01 - [MESSAGE][INFO] - Setting text of object 'Object Repository/ANEF_Eloignement_V_Nawres/Page_Prendre_Mesure_Formulaire/input_Date_Executoire_ITF' to value '14/02/2025'

14-02-2025T14:51:02 - [MESSAGE][PASSED] - Text '14/02/2025' is set on object 'Object Repository/ANEF_Eloignement_V_Nawres/Page_Prendre_Mesure_Formulaire/input_Date_Executoire_ITF'

14-02-2025T14:51:02 - [TEST_STEP][PASSED] - setText(findTestObject("Object Repository/ANEF_Eloignement_V_Nawres/Page_Prendre_Mesure_Formulaire/input_Date_Jugement_ITF"), DateActuelle, STOP_ON_FAILURE): Text '14/02/2025' is set on object 'Object Repository/ANEF_Eloignement_V_Nawres/Page_Prendre_Mesure_Formulaire/input_Date_Jugement_ITF'

14-02-2025T14:51:02 - [MESSAGE][INFO] - Finding Test Object 'Object Repository/ANEF_Eloignement_V_Nawres/Page_Prendre_Mesure_Formulaire/input_Date_Jugement_ITF'

14-02-2025T14:51:02 - [MESSAGE][INFO] - Checking timeout

14-02-2025T14:51:02 - [MESSAGE][INFO] - Finding web element with id: 'Object Repository/ANEF_Eloignement_V_Nawres/Page_Prendre_Mesure_Formulaire/input_Date_Jugement_ITF' located by 'By.xpath: //input[@id="date_jugement_itf"]' in '20' second(s)

14-02-2025T14:51:02 - [MESSAGE][INFO] - Found 1 web elements with id: 'Object Repository/ANEF_Eloignement_V_Nawres/Page_Prendre_Mesure_Formulaire/input_Date_Jugement_ITF' located by 'By.xpath: //input[@id="date_jugement_itf"]' in '20' second(s)

14-02-2025T14:51:02 - [MESSAGE][INFO] - Checking object

14-02-2025T14:51:02 - [MESSAGE][INFO] - Checking text

14-02-2025T14:51:02 - [MESSAGE][INFO] - Finding web element from Test Object's properties

14-02-2025T14:51:02 - [MESSAGE][INFO] - Checking timeout

14-02-2025T14:51:02 - [MESSAGE][INFO] - Finding web element with id: 'Object Repository/ANEF_Eloignement_V_Nawres/Page_Prendre_Mesure_Formulaire/input_Date_Jugement_ITF' located by 'By.xpath: //input[@id="date_jugement_itf"]' in '100' second(s)

14-02-2025T14:51:02 - [MESSAGE][INFO] - Found 1 web elements with id: 'Object Repository/ANEF_Eloignement_V_Nawres/Page_Prendre_Mesure_Formulaire/input_Date_Jugement_ITF' located by 'By.xpath: //input[@id="date_jugement_itf"]' in '100' second(s)

14-02-2025T14:51:02 - [MESSAGE][INFO] - Clearing text of object 'Object Repository/ANEF_Eloignement_V_Nawres/Page_Prendre_Mesure_Formulaire/input_Date_Jugement_ITF'

14-02-2025T14:51:03 - [MESSAGE][INFO] - Finding web element from Test Object's properties

14-02-2025T14:51:03 - [MESSAGE][INFO] - Checking timeout

14-02-2025T14:51:03 - [MESSAGE][INFO] - Finding web element with id: 'Object Repository/ANEF_Eloignement_V_Nawres/Page_Prendre_Mesure_Formulaire/input_Date_Jugement_ITF' located by 'By.xpath: //input[@id="date_jugement_itf"]' in '100' second(s)

14-02-2025T14:51:03 - [MESSAGE][INFO] - Found 1 web elements with id: 'Object Repository/ANEF_Eloignement_V_Nawres/Page_Prendre_Mesure_Formulaire/input_Date_Jugement_ITF' located by 'By.xpath: //input[@id="date_jugement_itf"]' in '100' second(s)

14-02-2025T14:51:03 - [MESSAGE][INFO] - Setting text of object 'Object Repository/ANEF_Eloignement_V_Nawres/Page_Prendre_Mesure_Formulaire/input_Date_Jugement_ITF' to value '14/02/2025'

14-02-2025T14:51:04 - [MESSAGE][PASSED] - Text '14/02/2025' is set on object 'Object Repository/ANEF_Eloignement_V_Nawres/Page_Prendre_Mesure_Formulaire/input_Date_Jugement_ITF'

14-02-2025T14:51:04 - [TEST_STEP][PASSED] - click(findTestObject("Object Repository/ANEF_Eloignement_V_Nawres/Page_Prendre_Mesure_Formulaire/btn_Valider_Enregistrement_ITF"), STOP_ON_FAILURE): Object: 'Object Repository/ANEF_Eloignement_V_Nawres/Page_Prendre_Mesure_Formulaire/btn_Valider_Enregistrement_ITF' is clicked on

14-02-2025T14:51:04 - [MESSAGE][INFO] - Finding Test Object 'Object Repository/ANEF_Eloignement_V_Nawres/Page_Prendre_Mesure_Formulaire/btn_Valider_Enregistrement_ITF'

14-02-2025T14:51:04 - [MESSAGE][INFO] - Checking timeout

14-02-2025T14:51:04 - [MESSAGE][INFO] - Finding web element with id: 'Object Repository/ANEF_Eloignement_V_Nawres/Page_Prendre_Mesure_Formulaire/btn_Valider_Enregistrement_ITF' located by 'By.xpath: //button[@id="saveButtonITF"]' in '20' second(s)

14-02-2025T14:51:04 - [MESSAGE][INFO] - Found 1 web elements with id: 'Object Repository/ANEF_Eloignement_V_Nawres/Page_Prendre_Mesure_Formulaire/btn_Valider_Enregistrement_ITF' located by 'By.xpath: //button[@id="saveButtonITF"]' in '20' second(s)

14-02-2025T14:51:04 - [MESSAGE][INFO] - Checking object

14-02-2025T14:51:04 - [MESSAGE][INFO] - Checking timeout

14-02-2025T14:51:04 - [MESSAGE][INFO] - Finding web element from Test Object's properties

14-02-2025T14:51:04 - [MESSAGE][INFO] - Checking timeout

14-02-2025T14:51:04 - [MESSAGE][INFO] - Finding web element with id: 'Object Repository/ANEF_Eloignement_V_Nawres/Page_Prendre_Mesure_Formulaire/btn_Valider_Enregistrement_ITF' located by 'By.xpath: //button[@id="saveButtonITF"]' in '100' second(s)

14-02-2025T14:51:04 - [MESSAGE][INFO] - Found 1 web elements with id: 'Object Repository/ANEF_Eloignement_V_Nawres/Page_Prendre_Mesure_Formulaire/btn_Valider_Enregistrement_ITF' located by 'By.xpath: //button[@id="saveButtonITF"]' in '100' second(s)

14-02-2025T14:51:04 - [MESSAGE][INFO] - Clicking on object: 'Object Repository/ANEF_Eloignement_V_Nawres/Page_Prendre_Mesure_Formulaire/btn_Valider_Enregistrement_ITF'

14-02-2025T14:51:05 - [MESSAGE][PASSED] - Object: 'Object Repository/ANEF_Eloignement_V_Nawres/Page_Prendre_Mesure_Formulaire/btn_Valider_Enregistrement_ITF' is clicked on

14-02-2025T14:51:05 - [TEST_STEP][PASSED] - click(findTestObject("Object Repository/ANEF_Eloignement_V_Nawres/Page_Prendre_Mesure_Formulaire/btn_Confirmer_Enregistrement_Mesure"), STOP_ON_FAILURE): Object: 'Object Repository/ANEF_Eloignement_V_Nawres/Page_Prendre_Mesure_Formulaire/btn_Confirmer_Enregistrement_Mesure' is clicked on

14-02-2025T14:51:05 - [MESSAGE][INFO] - Finding Test Object 'Object Repository/ANEF_Eloignement_V_Nawres/Page_Prendre_Mesure_Formulaire/btn_Confirmer_Enregistrement_Mesure'

14-02-2025T14:51:05 - [MESSAGE][INFO] - Checking timeout

14-02-2025T14:51:05 - [MESSAGE][INFO] - Finding web element with id: 'Object Repository/ANEF_Eloignement_V_Nawres/Page_Prendre_Mesure_Formulaire/btn_Confirmer_Enregistrement_Mesure' located by 'By.xpath: //button[contains(text(),"Confirmer lâ€™enregistrement de la mesure")]' in '20' second(s)

14-02-2025T14:51:05 - [MESSAGE][INFO] - Found 1 web elements with id: 'Object Repository/ANEF_Eloignement_V_Nawres/Page_Prendre_Mesure_Formulaire/btn_Confirmer_Enregistrement_Mesure' located by 'By.xpath: //button[contains(text(),"Confirmer lâ€™enregistrement de la mesure")]' in '20' second(s)

14-02-2025T14:51:05 - [MESSAGE][INFO] - Checking object

14-02-2025T14:51:05 - [MESSAGE][INFO] - Checking timeout

14-02-2025T14:51:05 - [MESSAGE][INFO] - Finding web element from Test Object's properties

14-02-2025T14:51:05 - [MESSAGE][INFO] - Checking timeout

14-02-2025T14:51:05 - [MESSAGE][INFO] - Finding web element with id: 'Object Repository/ANEF_Eloignement_V_Nawres/Page_Prendre_Mesure_Formulaire/btn_Confirmer_Enregistrement_Mesure' located by 'By.xpath: //button[contains(text(),"Confirmer lâ€™enregistrement de la mesure")]' in '100' second(s)

14-02-2025T14:51:05 - [MESSAGE][INFO] - Found 1 web elements with id: 'Object Repository/ANEF_Eloignement_V_Nawres/Page_Prendre_Mesure_Formulaire/btn_Confirmer_Enregistrement_Mesure' located by 'By.xpath: //button[contains(text(),"Confirmer lâ€™enregistrement de la mesure")]' in '100' second(s)

14-02-2025T14:51:05 - [MESSAGE][INFO] - Clicking on object: 'Object Repository/ANEF_Eloignement_V_Nawres/Page_Prendre_Mesure_Formulaire/btn_Confirmer_Enregistrement_Mesure'

14-02-2025T14:51:07 - [MESSAGE][PASSED] - Object: 'Object Repository/ANEF_Eloignement_V_Nawres/Page_Prendre_Mesure_Formulaire/btn_Confirmer_Enregistrement_Mesure' is clicked on

14-02-2025T14:51:07 - [TEST_STEP][PASSED] - click(findTestObject("Object Repository/ANEF_Eloignement_V_Nawres/Page_Prendre_Mesure_Formulaire/btn_Enregistrer"), STOP_ON_FAILURE): Object: 'Object Repository/ANEF_Eloignement_V_Nawres/Page_Prendre_Mesure_Formulaire/btn_Enregistrer' is clicked on

14-02-2025T14:51:07 - [MESSAGE][INFO] - Finding Test Object 'Object Repository/ANEF_Eloignement_V_Nawres/Page_Prendre_Mesure_Formulaire/btn_Enregistrer'

14-02-2025T14:51:07 - [MESSAGE][INFO] - Checking timeout

14-02-2025T14:51:07 - [MESSAGE][INFO] - Finding web element with id: 'Object Repository/ANEF_Eloignement_V_Nawres/Page_Prendre_Mesure_Formulaire/btn_Enregistrer' located by 'By.xpath: //button[contains(text(),"Enregistrer")]' in '20' second(s)

14-02-2025T14:51:07 - [MESSAGE][INFO] - Found 1 web elements with id: 'Object Repository/ANEF_Eloignement_V_Nawres/Page_Prendre_Mesure_Formulaire/btn_Enregistrer' located by 'By.xpath: //button[contains(text(),"Enregistrer")]' in '20' second(s)

14-02-2025T14:51:07 - [MESSAGE][INFO] - Checking object

14-02-2025T14:51:07 - [MESSAGE][INFO] - Checking timeout

14-02-2025T14:51:07 - [MESSAGE][INFO] - Finding web element from Test Object's properties

14-02-2025T14:51:07 - [MESSAGE][INFO] - Checking timeout

14-02-2025T14:51:07 - [MESSAGE][INFO] - Finding web element with id: 'Object Repository/ANEF_Eloignement_V_Nawres/Page_Prendre_Mesure_Formulaire/btn_Enregistrer' located by 'By.xpath: //button[contains(text(),"Enregistrer")]' in '100' second(s)

14-02-2025T14:51:07 - [MESSAGE][INFO] - Found 1 web elements with id: 'Object Repository/ANEF_Eloignement_V_Nawres/Page_Prendre_Mesure_Formulaire/btn_Enregistrer' located by 'By.xpath: //button[contains(text(),"Enregistrer")]' in '100' second(s)

14-02-2025T14:51:07 - [MESSAGE][INFO] - Clicking on object: 'Object Repository/ANEF_Eloignement_V_Nawres/Page_Prendre_Mesure_Formulaire/btn_Enregistrer'

14-02-2025T14:51:08 - [MESSAGE][PASSED] - Object: 'Object Repository/ANEF_Eloignement_V_Nawres/Page_Prendre_Mesure_Formulaire/btn_Enregistrer' is clicked on

14-02-2025T14:51:08 - [MESSAGE][PASSED] - Call Test Case 'Test Cases/Test Reutilisable/Main/ANEF_Eloignement_V_Nawres/ANEF_Prendre_Mesure_Formulaire' successfully

14-02-2025T14:51:08 - [MESSAGE][PASSED] - Call Test Case 'Test Cases/Test Reutilisable/Main/ANEF_Eloignement_V_Nawres/ANEF_Prendre_Mesure' successfully

14-02-2025T14:51:08 - [TEST_STEP][PASSED] - callTestCase(findTestCase("Test Cases/Test Reutilisable/Main/ANEF_Eloignement_V_Nawres/ANEF_Ajouter_Decision"), ["ModeNotification":ModeNotification], STOP_ON_FAILURE): Call Test Case 'Test Cases/Test Reutilisable/Main/ANEF_Eloignement_V_Nawres/ANEF_Ajouter_Decision' successfully

14-02-2025T14:51:08 - [MESSAGE][INFO] - Checking called Test Case

14-02-2025T14:51:08 - [MESSAGE][INFO] - Starting to call Test Case 'Test Cases/Test Reutilisable/Main/ANEF_Eloignement_V_Nawres/ANEF_Ajouter_Decision'

14-02-2025T14:51:08 - [TEST_CASE][PASSED] - Test Cases/Test Reutilisable/Main/ANEF_Eloignement_V_Nawres/ANEF_Ajouter_Decision: Test Cases/Test Reutilisable/Main/ANEF_Eloignement_V_Nawres/ANEF_Ajouter_Decision

14-02-2025T14:51:08 - [TEST_STEP][PASSED] - calendar = Calendar.getInstance(): null

14-02-2025T14:51:08 - [TEST_STEP][PASSED] - currentDate = calendar.getTime(): null

14-02-2025T14:51:08 - [TEST_STEP][PASSED] - sdf = new java.text.SimpleDateFormat(dd/MM/yyyy): null

14-02-2025T14:51:08 - [TEST_STEP][PASSED] - formattedDate = sdf.format(currentDate): null

14-02-2025T14:51:08 - [TEST_STEP][PASSED] - DateActuelle = formattedDate.toString(): null

14-02-2025T14:51:08 - [TEST_STEP][PASSED] - println(DateActuelle): null

14-02-2025T14:51:08 - [TEST_STEP][PASSED] - waitForElementClickable(findTestObject("Object Repository/ANEF_Eloignement_V_Nawres/Page_Ajouter_Decision/btn_Ajouter_Decision"), 20, STOP_ON_FAILURE): Object 'Object Repository/ANEF_Eloignement_V_Nawres/Page_Ajouter_Decision/btn_Ajouter_Decision' is clickable

14-02-2025T14:51:08 - [MESSAGE][INFO] - Finding Test Object 'Object Repository/ANEF_Eloignement_V_Nawres/Page_Ajouter_Decision/btn_Ajouter_Decision'

14-02-2025T14:51:08 - [MESSAGE][INFO] - Checking object

14-02-2025T14:51:08 - [MESSAGE][INFO] - Checking timeout

14-02-2025T14:51:08 - [MESSAGE][INFO] - Finding web element from Test Object's properties

14-02-2025T14:51:08 - [MESSAGE][INFO] - Checking timeout

14-02-2025T14:51:08 - [MESSAGE][INFO] - Finding web element with id: 'Object Repository/ANEF_Eloignement_V_Nawres/Page_Ajouter_Decision/btn_Ajouter_Decision' located by 'By.xpath: //button[contains(text(),"Ajouter une dÃ©cision")]' in '20' second(s)

14-02-2025T14:51:08 - [MESSAGE][INFO] - Found 1 web elements with id: 'Object Repository/ANEF_Eloignement_V_Nawres/Page_Ajouter_Decision/btn_Ajouter_Decision' located by 'By.xpath: //button[contains(text(),"Ajouter une dÃ©cision")]' in '20' second(s)

14-02-2025T14:51:08 - [MESSAGE][PASSED] - Object 'Object Repository/ANEF_Eloignement_V_Nawres/Page_Ajouter_Decision/btn_Ajouter_Decision' is clickable

14-02-2025T14:51:08 - [TEST_STEP][PASSED] - click(findTestObject("Object Repository/ANEF_Eloignement_V_Nawres/Page_Ajouter_Decision/btn_Ajouter_Decision"), STOP_ON_FAILURE): Object: 'Object Repository/ANEF_Eloignement_V_Nawres/Page_Ajouter_Decision/btn_Ajouter_Decision' is clicked on

14-02-2025T14:51:08 - [MESSAGE][INFO] - Finding Test Object 'Object Repository/ANEF_Eloignement_V_Nawres/Page_Ajouter_Decision/btn_Ajouter_Decision'

14-02-2025T14:51:08 - [MESSAGE][INFO] - Checking timeout

14-02-2025T14:51:08 - [MESSAGE][INFO] - Finding web element with id: 'Object Repository/ANEF_Eloignement_V_Nawres/Page_Ajouter_Decision/btn_Ajouter_Decision' located by 'By.xpath: //button[contains(text(),"Ajouter une dÃ©cision")]' in '20' second(s)

14-02-2025T14:51:08 - [MESSAGE][INFO] - Found 1 web elements with id: 'Object Repository/ANEF_Eloignement_V_Nawres/Page_Ajouter_Decision/btn_Ajouter_Decision' located by 'By.xpath: //button[contains(text(),"Ajouter une dÃ©cision")]' in '20' second(s)

14-02-2025T14:51:08 - [MESSAGE][INFO] - Checking object

14-02-2025T14:51:08 - [MESSAGE][INFO] - Checking timeout

14-02-2025T14:51:08 - [MESSAGE][INFO] - Finding web element from Test Object's properties

14-02-2025T14:51:08 - [MESSAGE][INFO] - Checking timeout

14-02-2025T14:51:08 - [MESSAGE][INFO] - Finding web element with id: 'Object Repository/ANEF_Eloignement_V_Nawres/Page_Ajouter_Decision/btn_Ajouter_Decision' located by 'By.xpath: //button[contains(text(),"Ajouter une dÃ©cision")]' in '100' second(s)

14-02-2025T14:51:08 - [MESSAGE][INFO] - Found 1 web elements with id: 'Object Repository/ANEF_Eloignement_V_Nawres/Page_Ajouter_Decision/btn_Ajouter_Decision' located by 'By.xpath: //button[contains(text(),"Ajouter une dÃ©cision")]' in '100' second(s)

14-02-2025T14:51:08 - [MESSAGE][INFO] - Clicking on object: 'Object Repository/ANEF_Eloignement_V_Nawres/Page_Ajouter_Decision/btn_Ajouter_Decision'

14-02-2025T14:51:09 - [MESSAGE][PASSED] - Object: 'Object Repository/ANEF_Eloignement_V_Nawres/Page_Ajouter_Decision/btn_Ajouter_Decision' is clicked on

14-02-2025T14:51:09 - [TEST_STEP][PASSED] - scrollToElement(findTestObject("Object Repository/ANEF_Eloignement_V_Nawres/Page_Ajouter_Decision/btn_Confirmer_Ajout_Decision"), 5, STOP_ON_FAILURE): Scroll to object 'Object Repository/ANEF_Eloignement_V_Nawres/Page_Ajouter_Decision/btn_Confirmer_Ajout_Decision' successfully

14-02-2025T14:51:09 - [MESSAGE][INFO] - Finding Test Object 'Object Repository/ANEF_Eloignement_V_Nawres/Page_Ajouter_Decision/btn_Confirmer_Ajout_Decision'

14-02-2025T14:51:09 - [MESSAGE][INFO] - Checking object

14-02-2025T14:51:09 - [MESSAGE][INFO] - Checking timeout

14-02-2025T14:51:09 - [MESSAGE][INFO] - Finding web element from Test Object's properties

14-02-2025T14:51:09 - [MESSAGE][INFO] - Checking timeout

14-02-2025T14:51:09 - [MESSAGE][INFO] - Finding web element with id: 'Object Repository/ANEF_Eloignement_V_Nawres/Page_Ajouter_Decision/btn_Confirmer_Ajout_Decision' located by 'By.xpath: //button[contains(text()," Confirmer l'ajout")]' in '100' second(s)

14-02-2025T14:51:09 - [MESSAGE][INFO] - Found 1 web elements with id: 'Object Repository/ANEF_Eloignement_V_Nawres/Page_Ajouter_Decision/btn_Confirmer_Ajout_Decision' located by 'By.xpath: //button[contains(text()," Confirmer l'ajout")]' in '100' second(s)

14-02-2025T14:51:09 - [MESSAGE][INFO] - Scrolling to object 'Object Repository/ANEF_Eloignement_V_Nawres/Page_Ajouter_Decision/btn_Confirmer_Ajout_Decision'

14-02-2025T14:51:09 - [MESSAGE][PASSED] - Scroll to object 'Object Repository/ANEF_Eloignement_V_Nawres/Page_Ajouter_Decision/btn_Confirmer_Ajout_Decision' successfully

14-02-2025T14:51:09 - [TEST_STEP][PASSED] - click(findTestObject("Object Repository/ANEF_Eloignement_V_Nawres/Page_Ajouter_Decision/btn_Confirmer_Ajout_Decision"), STOP_ON_FAILURE): Object: 'Object Repository/ANEF_Eloignement_V_Nawres/Page_Ajouter_Decision/btn_Confirmer_Ajout_Decision' is clicked on

14-02-2025T14:51:09 - [MESSAGE][INFO] - Finding Test Object 'Object Repository/ANEF_Eloignement_V_Nawres/Page_Ajouter_Decision/btn_Confirmer_Ajout_Decision'

14-02-2025T14:51:09 - [MESSAGE][INFO] - Checking timeout

14-02-2025T14:51:09 - [MESSAGE][INFO] - Finding web element with id: 'Object Repository/ANEF_Eloignement_V_Nawres/Page_Ajouter_Decision/btn_Confirmer_Ajout_Decision' located by 'By.xpath: //button[contains(text()," Confirmer l'ajout")]' in '20' second(s)

14-02-2025T14:51:09 - [MESSAGE][INFO] - Found 1 web elements with id: 'Object Repository/ANEF_Eloignement_V_Nawres/Page_Ajouter_Decision/btn_Confirmer_Ajout_Decision' located by 'By.xpath: //button[contains(text()," Confirmer l'ajout")]' in '20' second(s)

14-02-2025T14:51:09 - [MESSAGE][INFO] - Checking object

14-02-2025T14:51:09 - [MESSAGE][INFO] - Checking timeout

14-02-2025T14:51:09 - [MESSAGE][INFO] - Finding web element from Test Object's properties

14-02-2025T14:51:09 - [MESSAGE][INFO] - Checking timeout

14-02-2025T14:51:09 - [MESSAGE][INFO] - Finding web element with id: 'Object Repository/ANEF_Eloignement_V_Nawres/Page_Ajouter_Decision/btn_Confirmer_Ajout_Decision' located by 'By.xpath: //button[contains(text()," Confirmer l'ajout")]' in '100' second(s)

14-02-2025T14:51:09 - [MESSAGE][INFO] - Found 1 web elements with id: 'Object Repository/ANEF_Eloignement_V_Nawres/Page_Ajouter_Decision/btn_Confirmer_Ajout_Decision' located by 'By.xpath: //button[contains(text()," Confirmer l'ajout")]' in '100' second(s)

14-02-2025T14:51:09 - [MESSAGE][INFO] - Clicking on object: 'Object Repository/ANEF_Eloignement_V_Nawres/Page_Ajouter_Decision/btn_Confirmer_Ajout_Decision'

14-02-2025T14:51:10 - [MESSAGE][PASSED] - Object: 'Object Repository/ANEF_Eloignement_V_Nawres/Page_Ajouter_Decision/btn_Confirmer_Ajout_Decision' is clicked on

14-02-2025T14:51:10 - [TEST_STEP][PASSED] - waitForElementClickable(findTestObject("Object Repository/ANEF_Eloignement_V_Nawres/Page_Ajouter_Decision/btn_Confirmer_Notification"), 20, STOP_ON_FAILURE): Object 'Object Repository/ANEF_Eloignement_V_Nawres/Page_Ajouter_Decision/btn_Confirmer_Notification' is clickable

14-02-2025T14:51:10 - [MESSAGE][INFO] - Finding Test Object 'Object Repository/ANEF_Eloignement_V_Nawres/Page_Ajouter_Decision/btn_Confirmer_Notification'

14-02-2025T14:51:10 - [MESSAGE][INFO] - Checking object

14-02-2025T14:51:10 - [MESSAGE][INFO] - Checking timeout

14-02-2025T14:51:10 - [MESSAGE][INFO] - Finding web element from Test Object's properties

14-02-2025T14:51:10 - [MESSAGE][INFO] - Checking timeout

14-02-2025T14:51:10 - [MESSAGE][INFO] - Finding web element with id: 'Object Repository/ANEF_Eloignement_V_Nawres/Page_Ajouter_Decision/btn_Confirmer_Notification' located by 'By.xpath: //button[contains(text(),"Confirmer la notification")]' in '20' second(s)

14-02-2025T14:51:10 - [MESSAGE][INFO] - Found 1 web elements with id: 'Object Repository/ANEF_Eloignement_V_Nawres/Page_Ajouter_Decision/btn_Confirmer_Notification' located by 'By.xpath: //button[contains(text(),"Confirmer la notification")]' in '20' second(s)

14-02-2025T14:51:12 - [MESSAGE][PASSED] - Object 'Object Repository/ANEF_Eloignement_V_Nawres/Page_Ajouter_Decision/btn_Confirmer_Notification' is clickable

14-02-2025T14:51:12 - [TEST_STEP][PASSED] - click(findTestObject("Object Repository/ANEF_Eloignement_V_Nawres/Page_Ajouter_Decision/btn_Confirmer_Notification"), STOP_ON_FAILURE): Object: 'Object Repository/ANEF_Eloignement_V_Nawres/Page_Ajouter_Decision/btn_Confirmer_Notification' is clicked on

14-02-2025T14:51:12 - [MESSAGE][INFO] - Finding Test Object 'Object Repository/ANEF_Eloignement_V_Nawres/Page_Ajouter_Decision/btn_Confirmer_Notification'

14-02-2025T14:51:12 - [MESSAGE][INFO] - Checking timeout

14-02-2025T14:51:12 - [MESSAGE][INFO] - Finding web element with id: 'Object Repository/ANEF_Eloignement_V_Nawres/Page_Ajouter_Decision/btn_Confirmer_Notification' located by 'By.xpath: //button[contains(text(),"Confirmer la notification")]' in '20' second(s)

14-02-2025T14:51:12 - [MESSAGE][INFO] - Found 1 web elements with id: 'Object Repository/ANEF_Eloignement_V_Nawres/Page_Ajouter_Decision/btn_Confirmer_Notification' located by 'By.xpath: //button[contains(text(),"Confirmer la notification")]' in '20' second(s)

14-02-2025T14:51:12 - [MESSAGE][INFO] - Checking object

14-02-2025T14:51:12 - [MESSAGE][INFO] - Checking timeout

14-02-2025T14:51:12 - [MESSAGE][INFO] - Finding web element from Test Object's properties

14-02-2025T14:51:12 - [MESSAGE][INFO] - Checking timeout

14-02-2025T14:51:12 - [MESSAGE][INFO] - Finding web element with id: 'Object Repository/ANEF_Eloignement_V_Nawres/Page_Ajouter_Decision/btn_Confirmer_Notification' located by 'By.xpath: //button[contains(text(),"Confirmer la notification")]' in '100' second(s)

14-02-2025T14:51:12 - [MESSAGE][INFO] - Found 1 web elements with id: 'Object Repository/ANEF_Eloignement_V_Nawres/Page_Ajouter_Decision/btn_Confirmer_Notification' located by 'By.xpath: //button[contains(text(),"Confirmer la notification")]' in '100' second(s)

14-02-2025T14:51:12 - [MESSAGE][INFO] - Clicking on object: 'Object Repository/ANEF_Eloignement_V_Nawres/Page_Ajouter_Decision/btn_Confirmer_Notification'

14-02-2025T14:51:13 - [MESSAGE][PASSED] - Object: 'Object Repository/ANEF_Eloignement_V_Nawres/Page_Ajouter_Decision/btn_Confirmer_Notification' is clicked on

14-02-2025T14:51:13 - [TEST_STEP][PASSED] - selectOptionByLabel(findTestObject("Object Repository/ANEF_Eloignement_V_Nawres/Page_Ajouter_Decision/select_Mode_Notification"), ModeNotification, false, STOP_ON_FAILURE): All options with label 'Voie administrative' are selected in object 'Object Repository/ANEF_Eloignement_V_Nawres/Page_Ajouter_Decision/select_Mode_Notification' 

14-02-2025T14:51:13 - [MESSAGE][INFO] - Finding Test Object 'Object Repository/ANEF_Eloignement_V_Nawres/Page_Ajouter_Decision/select_Mode_Notification'

14-02-2025T14:51:13 - [MESSAGE][INFO] - Checking timeout

14-02-2025T14:51:13 - [MESSAGE][INFO] - Finding web element with id: 'Object Repository/ANEF_Eloignement_V_Nawres/Page_Ajouter_Decision/select_Mode_Notification' located by 'By.xpath: //app-notification-modal//form//app-dsfr-select/div/select[@id="mode_notification"]' in '20' second(s)

14-02-2025T14:51:13 - [MESSAGE][INFO] - Found 1 web elements with id: 'Object Repository/ANEF_Eloignement_V_Nawres/Page_Ajouter_Decision/select_Mode_Notification' located by 'By.xpath: //app-notification-modal//form//app-dsfr-select/div/select[@id="mode_notification"]' in '20' second(s)

14-02-2025T14:51:13 - [MESSAGE][INFO] - Checking object

14-02-2025T14:51:13 - [MESSAGE][INFO] - Checking label parameter

14-02-2025T14:51:13 - [MESSAGE][INFO] - Finding web element from Test Object's properties

14-02-2025T14:51:13 - [MESSAGE][INFO] - Checking timeout

14-02-2025T14:51:13 - [MESSAGE][INFO] - Finding web element with id: 'Object Repository/ANEF_Eloignement_V_Nawres/Page_Ajouter_Decision/select_Mode_Notification' located by 'By.xpath: //app-notification-modal//form//app-dsfr-select/div/select[@id="mode_notification"]' in '100' second(s)

14-02-2025T14:51:13 - [MESSAGE][INFO] - Found 1 web elements with id: 'Object Repository/ANEF_Eloignement_V_Nawres/Page_Ajouter_Decision/select_Mode_Notification' located by 'By.xpath: //app-notification-modal//form//app-dsfr-select/div/select[@id="mode_notification"]' in '100' second(s)

14-02-2025T14:51:13 - [MESSAGE][INFO] - Selecting options on object 'Object Repository/ANEF_Eloignement_V_Nawres/Page_Ajouter_Decision/select_Mode_Notification' with label 'Voie administrative' 

14-02-2025T14:51:14 - [MESSAGE][PASSED] - All options with label 'Voie administrative' are selected in object 'Object Repository/ANEF_Eloignement_V_Nawres/Page_Ajouter_Decision/select_Mode_Notification' 

14-02-2025T14:51:14 - [TEST_STEP][PASSED] - setText(findTestObject("Object Repository/ANEF_Eloignement_V_Nawres/Page_Ajouter_Decision/input_Date_Notification"), DateActuelle, STOP_ON_FAILURE): Text '14/02/2025' is set on object 'Object Repository/ANEF_Eloignement_V_Nawres/Page_Ajouter_Decision/input_Date_Notification'

14-02-2025T14:51:14 - [MESSAGE][INFO] - Finding Test Object 'Object Repository/ANEF_Eloignement_V_Nawres/Page_Ajouter_Decision/input_Date_Notification'

14-02-2025T14:51:14 - [MESSAGE][INFO] - Checking timeout

14-02-2025T14:51:14 - [MESSAGE][INFO] - Finding web element with id: 'Object Repository/ANEF_Eloignement_V_Nawres/Page_Ajouter_Decision/input_Date_Notification' located by 'By.xpath: //app-notification-modal//form//app-dsfr-input/div/input[@name="date_notification"]' in '20' second(s)

14-02-2025T14:51:15 - [MESSAGE][INFO] - Found 1 web elements with id: 'Object Repository/ANEF_Eloignement_V_Nawres/Page_Ajouter_Decision/input_Date_Notification' located by 'By.xpath: //app-notification-modal//form//app-dsfr-input/div/input[@name="date_notification"]' in '20' second(s)

14-02-2025T14:51:15 - [MESSAGE][INFO] - Checking object

14-02-2025T14:51:15 - [MESSAGE][INFO] - Checking text

14-02-2025T14:51:15 - [MESSAGE][INFO] - Finding web element from Test Object's properties

14-02-2025T14:51:15 - [MESSAGE][INFO] - Checking timeout

14-02-2025T14:51:15 - [MESSAGE][INFO] - Finding web element with id: 'Object Repository/ANEF_Eloignement_V_Nawres/Page_Ajouter_Decision/input_Date_Notification' located by 'By.xpath: //app-notification-modal//form//app-dsfr-input/div/input[@name="date_notification"]' in '100' second(s)

14-02-2025T14:51:15 - [MESSAGE][INFO] - Found 1 web elements with id: 'Object Repository/ANEF_Eloignement_V_Nawres/Page_Ajouter_Decision/input_Date_Notification' located by 'By.xpath: //app-notification-modal//form//app-dsfr-input/div/input[@name="date_notification"]' in '100' second(s)

14-02-2025T14:51:15 - [MESSAGE][INFO] - Clearing text of object 'Object Repository/ANEF_Eloignement_V_Nawres/Page_Ajouter_Decision/input_Date_Notification'

14-02-2025T14:51:16 - [MESSAGE][INFO] - Finding web element from Test Object's properties

14-02-2025T14:51:16 - [MESSAGE][INFO] - Checking timeout

14-02-2025T14:51:16 - [MESSAGE][INFO] - Finding web element with id: 'Object Repository/ANEF_Eloignement_V_Nawres/Page_Ajouter_Decision/input_Date_Notification' located by 'By.xpath: //app-notification-modal//form//app-dsfr-input/div/input[@name="date_notification"]' in '100' second(s)

14-02-2025T14:51:16 - [MESSAGE][INFO] - Found 1 web elements with id: 'Object Repository/ANEF_Eloignement_V_Nawres/Page_Ajouter_Decision/input_Date_Notification' located by 'By.xpath: //app-notification-modal//form//app-dsfr-input/div/input[@name="date_notification"]' in '100' second(s)

14-02-2025T14:51:16 - [MESSAGE][INFO] - Setting text of object 'Object Repository/ANEF_Eloignement_V_Nawres/Page_Ajouter_Decision/input_Date_Notification' to value '14/02/2025'

14-02-2025T14:51:17 - [MESSAGE][PASSED] - Text '14/02/2025' is set on object 'Object Repository/ANEF_Eloignement_V_Nawres/Page_Ajouter_Decision/input_Date_Notification'

14-02-2025T14:51:17 - [TEST_STEP][PASSED] - if (ModeNotification == "Voie administrative"): Text '14:30' is set on object 'Object Repository/ANEF_Eloignement_V_Nawres/Page_Ajouter_Decision/input_Heure_Notification'

14-02-2025T14:51:17 - [TEST_STEP][PASSED] - setText(findTestObject("Object Repository/ANEF_Eloignement_V_Nawres/Page_Ajouter_Decision/input_Heure_Notification"), "14:30", STOP_ON_FAILURE): Text '14:30' is set on object 'Object Repository/ANEF_Eloignement_V_Nawres/Page_Ajouter_Decision/input_Heure_Notification'

14-02-2025T14:51:17 - [MESSAGE][INFO] - Finding Test Object 'Object Repository/ANEF_Eloignement_V_Nawres/Page_Ajouter_Decision/input_Heure_Notification'

14-02-2025T14:51:17 - [MESSAGE][INFO] - Checking timeout

14-02-2025T14:51:17 - [MESSAGE][INFO] - Finding web element with id: 'Object Repository/ANEF_Eloignement_V_Nawres/Page_Ajouter_Decision/input_Heure_Notification' located by 'By.xpath: //app-notification-modal//form//app-dsfr-input/div/input[@id="heure_notification"]' in '20' second(s)

14-02-2025T14:51:17 - [MESSAGE][INFO] - Found 1 web elements with id: 'Object Repository/ANEF_Eloignement_V_Nawres/Page_Ajouter_Decision/input_Heure_Notification' located by 'By.xpath: //app-notification-modal//form//app-dsfr-input/div/input[@id="heure_notification"]' in '20' second(s)

14-02-2025T14:51:17 - [MESSAGE][INFO] - Checking object

14-02-2025T14:51:17 - [MESSAGE][INFO] - Checking text

14-02-2025T14:51:17 - [MESSAGE][INFO] - Finding web element from Test Object's properties

14-02-2025T14:51:17 - [MESSAGE][INFO] - Checking timeout

14-02-2025T14:51:17 - [MESSAGE][INFO] - Finding web element with id: 'Object Repository/ANEF_Eloignement_V_Nawres/Page_Ajouter_Decision/input_Heure_Notification' located by 'By.xpath: //app-notification-modal//form//app-dsfr-input/div/input[@id="heure_notification"]' in '100' second(s)

14-02-2025T14:51:17 - [MESSAGE][INFO] - Found 1 web elements with id: 'Object Repository/ANEF_Eloignement_V_Nawres/Page_Ajouter_Decision/input_Heure_Notification' located by 'By.xpath: //app-notification-modal//form//app-dsfr-input/div/input[@id="heure_notification"]' in '100' second(s)

14-02-2025T14:51:17 - [MESSAGE][INFO] - Clearing text of object 'Object Repository/ANEF_Eloignement_V_Nawres/Page_Ajouter_Decision/input_Heure_Notification'

14-02-2025T14:51:18 - [MESSAGE][INFO] - Finding web element from Test Object's properties

14-02-2025T14:51:18 - [MESSAGE][INFO] - Checking timeout

14-02-2025T14:51:18 - [MESSAGE][INFO] - Finding web element with id: 'Object Repository/ANEF_Eloignement_V_Nawres/Page_Ajouter_Decision/input_Heure_Notification' located by 'By.xpath: //app-notification-modal//form//app-dsfr-input/div/input[@id="heure_notification"]' in '100' second(s)

14-02-2025T14:51:18 - [MESSAGE][INFO] - Found 1 web elements with id: 'Object Repository/ANEF_Eloignement_V_Nawres/Page_Ajouter_Decision/input_Heure_Notification' located by 'By.xpath: //app-notification-modal//form//app-dsfr-input/div/input[@id="heure_notification"]' in '100' second(s)

14-02-2025T14:51:18 - [MESSAGE][INFO] - Setting text of object 'Object Repository/ANEF_Eloignement_V_Nawres/Page_Ajouter_Decision/input_Heure_Notification' to value '14:30'

14-02-2025T14:51:19 - [MESSAGE][PASSED] - Text '14:30' is set on object 'Object Repository/ANEF_Eloignement_V_Nawres/Page_Ajouter_Decision/input_Heure_Notification'

14-02-2025T14:51:19 - [TEST_STEP][PASSED] - uploadFile(findTestObject("Object Repository/ANEF_Eloignement_V_Nawres/Page_Ajouter_Decision/input_Ajouter_Fichier_Notification"), getProjectDir() + "/Data Files/Fichier_Test.pdf"): File 'C:/Users/nbenjemi/Katalon Studio/ANEF-ELOIGNEMENT-20250121/ANEF-ELOIGNEMENT-20250121/Data Files/Fichier_Test.pdf' sent to object: 'Object Repository/ANEF_Eloignement_V_Nawres/Page_Ajouter_Decision/input_Ajouter_Fichier_Notification'

14-02-2025T14:51:19 - [MESSAGE][INFO] - Finding Test Object 'Object Repository/ANEF_Eloignement_V_Nawres/Page_Ajouter_Decision/input_Ajouter_Fichier_Notification'

14-02-2025T14:51:19 - [MESSAGE][INFO] - Checking object

14-02-2025T14:51:19 - [MESSAGE][INFO] - Uploading file 'C:/Users/nbenjemi/Katalon Studio/ANEF-ELOIGNEMENT-20250121/ANEF-ELOIGNEMENT-20250121/Data Files/Fichier_Test.pdf' to object: 'Object Repository/ANEF_Eloignement_V_Nawres/Page_Ajouter_Decision/input_Ajouter_Fichier_Notification'

14-02-2025T14:51:19 - [MESSAGE][INFO] - Finding web element from Test Object's properties

14-02-2025T14:51:19 - [MESSAGE][INFO] - Checking timeout

14-02-2025T14:51:19 - [MESSAGE][INFO] - Finding web element with id: 'Object Repository/ANEF_Eloignement_V_Nawres/Page_Ajouter_Decision/input_Ajouter_Fichier_Notification' located by 'By.xpath: //app-notification-modal//form//app-dsfr-piece-jointe//input' in '100' second(s)

14-02-2025T14:51:19 - [MESSAGE][INFO] - Found 1 web elements with id: 'Object Repository/ANEF_Eloignement_V_Nawres/Page_Ajouter_Decision/input_Ajouter_Fichier_Notification' located by 'By.xpath: //app-notification-modal//form//app-dsfr-piece-jointe//input' in '100' second(s)

14-02-2025T14:51:20 - [MESSAGE][PASSED] - File 'C:/Users/nbenjemi/Katalon Studio/ANEF-ELOIGNEMENT-20250121/ANEF-ELOIGNEMENT-20250121/Data Files/Fichier_Test.pdf' sent to object: 'Object Repository/ANEF_Eloignement_V_Nawres/Page_Ajouter_Decision/input_Ajouter_Fichier_Notification'

14-02-2025T14:51:20 - [TEST_STEP][PASSED] - scrollToElement(findTestObject("Object Repository/ANEF_Eloignement_V_Nawres/Page_Ajouter_Decision/btn_Confirmer_Ajout_Notification"), 5, STOP_ON_FAILURE): Scroll to object 'Object Repository/ANEF_Eloignement_V_Nawres/Page_Ajouter_Decision/btn_Confirmer_Ajout_Notification' successfully

14-02-2025T14:51:20 - [MESSAGE][INFO] - Finding Test Object 'Object Repository/ANEF_Eloignement_V_Nawres/Page_Ajouter_Decision/btn_Confirmer_Ajout_Notification'

14-02-2025T14:51:20 - [MESSAGE][INFO] - Checking object

14-02-2025T14:51:20 - [MESSAGE][INFO] - Checking timeout

14-02-2025T14:51:20 - [MESSAGE][INFO] - Finding web element from Test Object's properties

14-02-2025T14:51:20 - [MESSAGE][INFO] - Checking timeout

14-02-2025T14:51:20 - [MESSAGE][INFO] - Finding web element with id: 'Object Repository/ANEF_Eloignement_V_Nawres/Page_Ajouter_Decision/btn_Confirmer_Ajout_Notification' located by 'By.xpath: //app-notification-modal//button[contains(text(),"Confirmer l'ajout")]' in '100' second(s)

14-02-2025T14:51:20 - [MESSAGE][INFO] - Found 1 web elements with id: 'Object Repository/ANEF_Eloignement_V_Nawres/Page_Ajouter_Decision/btn_Confirmer_Ajout_Notification' located by 'By.xpath: //app-notification-modal//button[contains(text(),"Confirmer l'ajout")]' in '100' second(s)

14-02-2025T14:51:20 - [MESSAGE][INFO] - Scrolling to object 'Object Repository/ANEF_Eloignement_V_Nawres/Page_Ajouter_Decision/btn_Confirmer_Ajout_Notification'

14-02-2025T14:51:20 - [MESSAGE][PASSED] - Scroll to object 'Object Repository/ANEF_Eloignement_V_Nawres/Page_Ajouter_Decision/btn_Confirmer_Ajout_Notification' successfully

14-02-2025T14:51:20 - [TEST_STEP][PASSED] - click(findTestObject("Object Repository/ANEF_Eloignement_V_Nawres/Page_Ajouter_Decision/btn_Confirmer_Ajout_Notification"), STOP_ON_FAILURE): Object: 'Object Repository/ANEF_Eloignement_V_Nawres/Page_Ajouter_Decision/btn_Confirmer_Ajout_Notification' is clicked on

14-02-2025T14:51:20 - [MESSAGE][INFO] - Finding Test Object 'Object Repository/ANEF_Eloignement_V_Nawres/Page_Ajouter_Decision/btn_Confirmer_Ajout_Notification'

14-02-2025T14:51:20 - [MESSAGE][INFO] - Checking timeout

14-02-2025T14:51:20 - [MESSAGE][INFO] - Finding web element with id: 'Object Repository/ANEF_Eloignement_V_Nawres/Page_Ajouter_Decision/btn_Confirmer_Ajout_Notification' located by 'By.xpath: //app-notification-modal//button[contains(text(),"Confirmer l'ajout")]' in '20' second(s)

14-02-2025T14:51:20 - [MESSAGE][INFO] - Found 1 web elements with id: 'Object Repository/ANEF_Eloignement_V_Nawres/Page_Ajouter_Decision/btn_Confirmer_Ajout_Notification' located by 'By.xpath: //app-notification-modal//button[contains(text(),"Confirmer l'ajout")]' in '20' second(s)

14-02-2025T14:51:20 - [MESSAGE][INFO] - Checking object

14-02-2025T14:51:20 - [MESSAGE][INFO] - Checking timeout

14-02-2025T14:51:20 - [MESSAGE][INFO] - Finding web element from Test Object's properties

14-02-2025T14:51:20 - [MESSAGE][INFO] - Checking timeout

14-02-2025T14:51:20 - [MESSAGE][INFO] - Finding web element with id: 'Object Repository/ANEF_Eloignement_V_Nawres/Page_Ajouter_Decision/btn_Confirmer_Ajout_Notification' located by 'By.xpath: //app-notification-modal//button[contains(text(),"Confirmer l'ajout")]' in '100' second(s)

14-02-2025T14:51:20 - [MESSAGE][INFO] - Found 1 web elements with id: 'Object Repository/ANEF_Eloignement_V_Nawres/Page_Ajouter_Decision/btn_Confirmer_Ajout_Notification' located by 'By.xpath: //app-notification-modal//button[contains(text(),"Confirmer l'ajout")]' in '100' second(s)

14-02-2025T14:51:20 - [MESSAGE][INFO] - Clicking on object: 'Object Repository/ANEF_Eloignement_V_Nawres/Page_Ajouter_Decision/btn_Confirmer_Ajout_Notification'

14-02-2025T14:51:21 - [MESSAGE][PASSED] - Object: 'Object Repository/ANEF_Eloignement_V_Nawres/Page_Ajouter_Decision/btn_Confirmer_Ajout_Notification' is clicked on

14-02-2025T14:51:21 - [TEST_STEP][PASSED] - waitForElementClickable(findTestObject("Object Repository/ANEF_Eloignement_V_Nawres/Page_Ajouter_Decision/btn_Enregistrer"), 7, STOP_ON_FAILURE): Object 'Object Repository/ANEF_Eloignement_V_Nawres/Page_Ajouter_Decision/btn_Enregistrer' is clickable

14-02-2025T14:51:21 - [MESSAGE][INFO] - Finding Test Object 'Object Repository/ANEF_Eloignement_V_Nawres/Page_Ajouter_Decision/btn_Enregistrer'

14-02-2025T14:51:21 - [MESSAGE][INFO] - Checking object

14-02-2025T14:51:21 - [MESSAGE][INFO] - Checking timeout

14-02-2025T14:51:21 - [MESSAGE][INFO] - Finding web element from Test Object's properties

14-02-2025T14:51:21 - [MESSAGE][INFO] - Checking timeout

14-02-2025T14:51:21 - [MESSAGE][INFO] - Finding web element with id: 'Object Repository/ANEF_Eloignement_V_Nawres/Page_Ajouter_Decision/btn_Enregistrer' located by 'By.xpath: //button[contains(text(),"Enregistrer")]' in '7' second(s)

14-02-2025T14:51:21 - [MESSAGE][INFO] - Found 1 web elements with id: 'Object Repository/ANEF_Eloignement_V_Nawres/Page_Ajouter_Decision/btn_Enregistrer' located by 'By.xpath: //button[contains(text(),"Enregistrer")]' in '7' second(s)

14-02-2025T14:51:21 - [MESSAGE][PASSED] - Object 'Object Repository/ANEF_Eloignement_V_Nawres/Page_Ajouter_Decision/btn_Enregistrer' is clickable

14-02-2025T14:51:21 - [MESSAGE][PASSED] - Call Test Case 'Test Cases/Test Reutilisable/Main/ANEF_Eloignement_V_Nawres/ANEF_Ajouter_Decision' successfully

14-02-2025T14:51:24 - [TEST_STEP][PASSED] - Video: Video recording for test case 'Test Cases/Cas D Utilisations/ANEF_Eloignement_V_Nawres/TC_ANEF_Eloignement' .

14-02-2025T14:51:24 - [MESSAGE][INFO] - Video recording for test case 'Test Cases/Cas D Utilisations/ANEF_Eloignement_V_Nawres/TC_ANEF_Eloignement' .]]></system-out>
         <system-err><![CDATA[]]></system-err>
      </testcase>
      <system-out><![CDATA[14-02-2025T14:28:29 - [TEST_SUITE][PASSED] - TS_ANEF_Eloignement: Test Cases/Cas D Utilisations/ANEF_Eloignement_V_Nawres/TC_ANEF_Eloignement]]></system-out>
      <system-err><![CDATA[]]></system-err>
   </testsuite>
</testsuites>
