<?xml version="1.0" encoding="UTF-8"?>
<testsuites name="TS_ANEF_Eloignement_OQTF" time="113.069" tests="1" failures="0" errors="0">
   <testsuite name="TS_ANEF_Eloignement_OQTF" tests="1" failures="0" errors="0" time="113.069" skipped="0" timestamp="12-02-2025T14:02:03" hostname="nbenjemi - LFR-5CG1459ZTG.corp.capgemini.com" id="Test Suites/TS_ANEF_Eloignement_OQTF">
      <properties>
         <property name="deviceName" value=""/>
         <property name="devicePlatform"/>
         <property name="logFolder" value="C:\\Users\\nbenjemi\\Katalon Studio\\ANEF-ELOIGNEMENT-20250121\\ANEF-ELOIGNEMENT-20250121\\Reports\\20250212_140157\\TS_ANEF_Eloignement_OQTF\\20250212_140157"/>
         <property name="logFiles" value="C:\\Users\\nbenjemi\\Katalon Studio\\ANEF-ELOIGNEMENT-20250121\\ANEF-ELOIGNEMENT-20250121\\Reports\\20250212_140157\\TS_ANEF_Eloignement_OQTF\\20250212_140157\\execution0.log"/>
         <property name="attachments" value=""/>
         <property name="hostName" value="nbenjemi - LFR-5CG1459ZTG.corp.capgemini.com"/>
         <property name="os" value="Windows 11 64bit"/>
         <property name="katalonVersion" value="9.6.0.217"/>
         <property name="browser" value="Chrome 133.0.0.0"/>
         <property name="hostAddress" value="192.168.1.197"/>
         <property name="sessionId" value="feab1e820e0b43fdfcfae6d6c0b7e8f6"/>
         <property name="seleniumVersion" value="3.141.59"/>
         <property name="proxyInformation" value="ProxyInformation { proxyOption=NO_PROXY, proxyServerType=HTTP, username=, password=********, proxyServerAddress=, proxyServerPort=0, executionList=&quot;&quot;, isApplyToDesiredCapabilities=true }"/>
         <property name="platform" value="Windows 11"/>
      </properties>
      <testcase name="Test Cases/Cas D Utilisations/A_Version_Nawres/Eloignement_OQTF" time="112.583" classname="Test Cases/Cas D Utilisations/A_Version_Nawres/Eloignement_OQTF" status="PASSED">
         <system-out><![CDATA[12-02-2025T14:02:04 - [TEST_CASE][PASSED] - Test Cases/Cas D Utilisations/A_Version_Nawres/Eloignement_OQTF: Test Cases/Cas D Utilisations/A_Version_Nawres/Eloignement_OQTF

12-02-2025T14:02:05 - [TEST_STEP][PASSED] - callTestCase(findTestCase("Test Cases/Test Reutilisable/Main/AVersion_Nawres/ANEF_Lancer_URL_ANEF"), ["Profiles":Profiles, "EnvExec":EnvExec], STOP_ON_FAILURE): Call Test Case 'Test Cases/Test Reutilisable/Main/AVersion_Nawres/ANEF_Lancer_URL_ANEF' successfully

12-02-2025T14:02:05 - [MESSAGE][INFO] - Checking called Test Case

12-02-2025T14:02:05 - [MESSAGE][INFO] - Starting to call Test Case 'Test Cases/Test Reutilisable/Main/AVersion_Nawres/ANEF_Lancer_URL_ANEF'

12-02-2025T14:02:05 - [TEST_CASE][PASSED] - Test Cases/Test Reutilisable/Main/AVersion_Nawres/ANEF_Lancer_URL_ANEF: Test Cases/Test Reutilisable/Main/AVersion_Nawres/ANEF_Lancer_URL_ANEF

12-02-2025T14:02:06 - [TEST_STEP][PASSED] - "Call Highlight.on() automatically": null

12-02-2025T14:02:06 - [TEST_STEP][PASSED] - projDir = getProjectDir(): null

12-02-2025T14:02:06 - [TEST_STEP][PASSED] - RunBrowserConfiguration = getExecutionProperties(): null

12-02-2025T14:02:06 - [TEST_STEP][PASSED] - DriverName = get("WebUI").get("browserType"): null

12-02-2025T14:02:06 - [TEST_STEP][PASSED] - println("DriverName :" + DriverName): null

12-02-2025T14:02:06 - [TEST_STEP][PASSED] - println("Driverpath :" + RunBrowserConfiguration.get("drivers")): null

12-02-2025T14:02:06 - [TEST_STEP][PASSED] - if (Profiles == "Usager"): null

12-02-2025T14:02:06 - [TEST_STEP][PASSED] - if (Profiles == "Agent"): Current window maximized

12-02-2025T14:02:06 - [TEST_STEP][PASSED] - if (EnvExec == "URLPortailAgentQualif"): null

12-02-2025T14:02:06 - [TEST_STEP][PASSED] - if (EnvExec == "URLPortailAgentPreProd"): Browser is opened with url: 'https://preprod.siaef.dgef.interieur.gouv.fr/sejour/#/accueil'

12-02-2025T14:02:06 - [TEST_STEP][PASSED] - openBrowser(URLPortailAgentPreProd): Browser is opened with url: 'https://preprod.siaef.dgef.interieur.gouv.fr/sejour/#/accueil'

12-02-2025T14:02:07 - [MESSAGE][INFO] - Opening browser

12-02-2025T14:02:07 - [MESSAGE][INFO] - Starting 'Chrome' driver

12-02-2025T14:02:07 - [MESSAGE][INFO] - User set preference: ['args', '[--incognito, --disable-search-engine-choice-screen, --enable-automation, --disable-save-password-bubble, --start-maximized, --remote-allow-origins=*]']

12-02-2025T14:02:07 - [MESSAGE][INFO] - User set preference: ['prefs', '{download.default_directory=${GlobalVariable.downloadPath}, download_dir=${GlobalVariable.downloadPath}, download.prompt_for_download=false}']

12-02-2025T14:02:07 - [MESSAGE][INFO] - User set preference: ['loggingPrefs', '{browser=ALL}']

12-02-2025T14:02:07 - [MESSAGE][INFO] - Action delay is set to 1â€¯000 milliseconds

12-02-2025T14:02:10 - [MESSAGE][INFO] - Navigating browser to: 'https://preprod.siaef.dgef.interieur.gouv.fr/sejour/#/accueil'

12-02-2025T14:02:12 - [MESSAGE][PASSED] - Browser is opened with url: 'https://preprod.siaef.dgef.interieur.gouv.fr/sejour/#/accueil'

12-02-2025T14:02:12 - [TEST_STEP][PASSED] - maximizeWindow(): Current window maximized

12-02-2025T14:02:12 - [MESSAGE][INFO] - Maximizing current window

12-02-2025T14:02:12 - [MESSAGE][PASSED] - Current window maximized

12-02-2025T14:02:12 - [MESSAGE][PASSED] - Call Test Case 'Test Cases/Test Reutilisable/Main/AVersion_Nawres/ANEF_Lancer_URL_ANEF' successfully

12-02-2025T14:02:12 - [TEST_STEP][PASSED] - callTestCase(findTestCase("Test Cases/Test Reutilisable/Main/AVersion_Nawres/ANEF_Identification"), ["Profiles":Profiles, "IdentifiantAgent":IdentifiantAgent, "PwAgent":PwAgent, "EnvExec":EnvExec], STOP_ON_FAILURE): Call Test Case 'Test Cases/Test Reutilisable/Main/AVersion_Nawres/ANEF_Identification' successfully

12-02-2025T14:02:12 - [MESSAGE][INFO] - Checking called Test Case

12-02-2025T14:02:12 - [MESSAGE][INFO] - Starting to call Test Case 'Test Cases/Test Reutilisable/Main/AVersion_Nawres/ANEF_Identification'

12-02-2025T14:02:12 - [TEST_CASE][PASSED] - Test Cases/Test Reutilisable/Main/AVersion_Nawres/ANEF_Identification: Test Cases/Test Reutilisable/Main/AVersion_Nawres/ANEF_Identification

12-02-2025T14:02:13 - [TEST_STEP][PASSED] - com.kazurayam.ksbackyard.HighlightElement.pandemic(): com.kazurayam.ksbackyard.HighlightElement.pandemic is PASSED

12-02-2025T14:02:13 - [MESSAGE][PASSED] - com.kazurayam.ksbackyard.HighlightElement.pandemic is PASSED

12-02-2025T14:02:13 - [TEST_STEP][PASSED] - if (Profiles == "Usager"): null

12-02-2025T14:02:13 - [TEST_STEP][PASSED] - if (Profiles == "Agent"): Object: 'Object Repository/A_Version_Nawres/Page_ANEF_Connexion/btn_Valider_Conx_Agent' is clicked on

12-02-2025T14:02:13 - [TEST_STEP][PASSED] - if (EnvExec == "URLPortailAgentQualif"): null

12-02-2025T14:02:13 - [TEST_STEP][PASSED] - if (EnvExec == "URLPortailAgentPreProd"): Text 'Natali12345!' is set on object 'Object Repository/A_Version_Nawres/Page_ANEF_Connexion/Input_PasswordAgent'

12-02-2025T14:02:13 - [TEST_STEP][PASSED] - setText(findTestObject("Object Repository/A_Version_Nawres/Page_ANEF_Connexion/Input_UserNameAgent"), IdentifiantAgent): Text 'test.gpe+970@outlook.fr' is set on object 'Object Repository/A_Version_Nawres/Page_ANEF_Connexion/Input_UserNameAgent'

12-02-2025T14:02:13 - [MESSAGE][INFO] - Finding Test Object 'Object Repository/A_Version_Nawres/Page_ANEF_Connexion/Input_UserNameAgent'

12-02-2025T14:02:14 - [MESSAGE][INFO] - Checking timeout

12-02-2025T14:02:14 - [MESSAGE][INFO] - Finding web element with id: 'Object Repository/A_Version_Nawres/Page_ANEF_Connexion/Input_UserNameAgent' located by 'By.xpath: //*[@aria-labelledby="username-label"]|//*[@id="login"]' in '20' second(s)

12-02-2025T14:02:14 - [MESSAGE][INFO] - Found 1 web elements with id: 'Object Repository/A_Version_Nawres/Page_ANEF_Connexion/Input_UserNameAgent' located by 'By.xpath: //*[@aria-labelledby="username-label"]|//*[@id="login"]' in '20' second(s)

12-02-2025T14:02:14 - [MESSAGE][INFO] - Checking object

12-02-2025T14:02:14 - [MESSAGE][INFO] - Checking text

12-02-2025T14:02:14 - [MESSAGE][INFO] - Finding web element from Test Object's properties

12-02-2025T14:02:14 - [MESSAGE][INFO] - Checking timeout

12-02-2025T14:02:14 - [MESSAGE][INFO] - Finding web element with id: 'Object Repository/A_Version_Nawres/Page_ANEF_Connexion/Input_UserNameAgent' located by 'By.xpath: //*[@aria-labelledby="username-label"]|//*[@id="login"]' in '2' second(s)

12-02-2025T14:02:14 - [MESSAGE][INFO] - Found 1 web elements with id: 'Object Repository/A_Version_Nawres/Page_ANEF_Connexion/Input_UserNameAgent' located by 'By.xpath: //*[@aria-labelledby="username-label"]|//*[@id="login"]' in '2' second(s)

12-02-2025T14:02:14 - [MESSAGE][INFO] - Clearing text of object 'Object Repository/A_Version_Nawres/Page_ANEF_Connexion/Input_UserNameAgent'

12-02-2025T14:02:15 - [MESSAGE][INFO] - Finding web element from Test Object's properties

12-02-2025T14:02:15 - [MESSAGE][INFO] - Checking timeout

12-02-2025T14:02:15 - [MESSAGE][INFO] - Finding web element with id: 'Object Repository/A_Version_Nawres/Page_ANEF_Connexion/Input_UserNameAgent' located by 'By.xpath: //*[@aria-labelledby="username-label"]|//*[@id="login"]' in '2' second(s)

12-02-2025T14:02:15 - [MESSAGE][INFO] - Found 1 web elements with id: 'Object Repository/A_Version_Nawres/Page_ANEF_Connexion/Input_UserNameAgent' located by 'By.xpath: //*[@aria-labelledby="username-label"]|//*[@id="login"]' in '2' second(s)

12-02-2025T14:02:15 - [MESSAGE][INFO] - Setting text of object 'Object Repository/A_Version_Nawres/Page_ANEF_Connexion/Input_UserNameAgent' to value 'test.gpe+970@outlook.fr'

12-02-2025T14:02:16 - [MESSAGE][PASSED] - Text 'test.gpe+970@outlook.fr' is set on object 'Object Repository/A_Version_Nawres/Page_ANEF_Connexion/Input_UserNameAgent'

12-02-2025T14:02:16 - [TEST_STEP][PASSED] - setText(findTestObject("Object Repository/A_Version_Nawres/Page_ANEF_Connexion/Input_PasswordAgent"), PwAgent): Text 'Natali12345!' is set on object 'Object Repository/A_Version_Nawres/Page_ANEF_Connexion/Input_PasswordAgent'

12-02-2025T14:02:16 - [MESSAGE][INFO] - Finding Test Object 'Object Repository/A_Version_Nawres/Page_ANEF_Connexion/Input_PasswordAgent'

12-02-2025T14:02:16 - [MESSAGE][INFO] - Checking timeout

12-02-2025T14:02:16 - [MESSAGE][INFO] - Finding web element with id: 'Object Repository/A_Version_Nawres/Page_ANEF_Connexion/Input_PasswordAgent' located by 'By.xpath: //*[@aria-labelledby="password-label"]|//*[@id="password"]' in '20' second(s)

12-02-2025T14:02:16 - [MESSAGE][INFO] - Found 1 web elements with id: 'Object Repository/A_Version_Nawres/Page_ANEF_Connexion/Input_PasswordAgent' located by 'By.xpath: //*[@aria-labelledby="password-label"]|//*[@id="password"]' in '20' second(s)

12-02-2025T14:02:16 - [MESSAGE][INFO] - Checking object

12-02-2025T14:02:16 - [MESSAGE][INFO] - Checking text

12-02-2025T14:02:16 - [MESSAGE][INFO] - Finding web element from Test Object's properties

12-02-2025T14:02:16 - [MESSAGE][INFO] - Checking timeout

12-02-2025T14:02:16 - [MESSAGE][INFO] - Finding web element with id: 'Object Repository/A_Version_Nawres/Page_ANEF_Connexion/Input_PasswordAgent' located by 'By.xpath: //*[@aria-labelledby="password-label"]|//*[@id="password"]' in '2' second(s)

12-02-2025T14:02:16 - [MESSAGE][INFO] - Found 1 web elements with id: 'Object Repository/A_Version_Nawres/Page_ANEF_Connexion/Input_PasswordAgent' located by 'By.xpath: //*[@aria-labelledby="password-label"]|//*[@id="password"]' in '2' second(s)

12-02-2025T14:02:16 - [MESSAGE][INFO] - Clearing text of object 'Object Repository/A_Version_Nawres/Page_ANEF_Connexion/Input_PasswordAgent'

12-02-2025T14:02:18 - [MESSAGE][INFO] - Finding web element from Test Object's properties

12-02-2025T14:02:18 - [MESSAGE][INFO] - Checking timeout

12-02-2025T14:02:18 - [MESSAGE][INFO] - Finding web element with id: 'Object Repository/A_Version_Nawres/Page_ANEF_Connexion/Input_PasswordAgent' located by 'By.xpath: //*[@aria-labelledby="password-label"]|//*[@id="password"]' in '2' second(s)

12-02-2025T14:02:18 - [MESSAGE][INFO] - Found 1 web elements with id: 'Object Repository/A_Version_Nawres/Page_ANEF_Connexion/Input_PasswordAgent' located by 'By.xpath: //*[@aria-labelledby="password-label"]|//*[@id="password"]' in '2' second(s)

12-02-2025T14:02:18 - [MESSAGE][INFO] - Setting text of object 'Object Repository/A_Version_Nawres/Page_ANEF_Connexion/Input_PasswordAgent' to value 'Natali12345!'

12-02-2025T14:02:19 - [MESSAGE][PASSED] - Text 'Natali12345!' is set on object 'Object Repository/A_Version_Nawres/Page_ANEF_Connexion/Input_PasswordAgent'

12-02-2025T14:02:19 - [TEST_STEP][PASSED] - click(findTestObject("Object Repository/A_Version_Nawres/Page_ANEF_Connexion/btn_Valider_Conx_Agent")): Object: 'Object Repository/A_Version_Nawres/Page_ANEF_Connexion/btn_Valider_Conx_Agent' is clicked on

12-02-2025T14:02:19 - [MESSAGE][INFO] - Finding Test Object 'Object Repository/A_Version_Nawres/Page_ANEF_Connexion/btn_Valider_Conx_Agent'

12-02-2025T14:02:19 - [MESSAGE][INFO] - Checking timeout

12-02-2025T14:02:19 - [MESSAGE][INFO] - Finding web element with id: 'Object Repository/A_Version_Nawres/Page_ANEF_Connexion/btn_Valider_Conx_Agent' located by 'By.xpath: //*[@label="Valider"]|//*[@id="btn-login"]' in '20' second(s)

12-02-2025T14:02:19 - [MESSAGE][INFO] - Found 1 web elements with id: 'Object Repository/A_Version_Nawres/Page_ANEF_Connexion/btn_Valider_Conx_Agent' located by 'By.xpath: //*[@label="Valider"]|//*[@id="btn-login"]' in '20' second(s)

12-02-2025T14:02:19 - [MESSAGE][INFO] - Checking object

12-02-2025T14:02:19 - [MESSAGE][INFO] - Checking timeout

12-02-2025T14:02:19 - [MESSAGE][INFO] - Finding web element from Test Object's properties

12-02-2025T14:02:19 - [MESSAGE][INFO] - Checking timeout

12-02-2025T14:02:19 - [MESSAGE][INFO] - Finding web element with id: 'Object Repository/A_Version_Nawres/Page_ANEF_Connexion/btn_Valider_Conx_Agent' located by 'By.xpath: //*[@label="Valider"]|//*[@id="btn-login"]' in '2' second(s)

12-02-2025T14:02:19 - [MESSAGE][INFO] - Found 1 web elements with id: 'Object Repository/A_Version_Nawres/Page_ANEF_Connexion/btn_Valider_Conx_Agent' located by 'By.xpath: //*[@label="Valider"]|//*[@id="btn-login"]' in '2' second(s)

12-02-2025T14:02:19 - [MESSAGE][INFO] - Clicking on object: 'Object Repository/A_Version_Nawres/Page_ANEF_Connexion/btn_Valider_Conx_Agent'

12-02-2025T14:02:20 - [MESSAGE][PASSED] - Object: 'Object Repository/A_Version_Nawres/Page_ANEF_Connexion/btn_Valider_Conx_Agent' is clicked on

12-02-2025T14:02:20 - [TEST_STEP][PASSED] - delay(5): Delayed 5 second(s)

12-02-2025T14:02:20 - [MESSAGE][INFO] - Delaying browser in 5 second(s)

12-02-2025T14:02:25 - [MESSAGE][PASSED] - Delayed 5 second(s)

12-02-2025T14:02:25 - [TEST_STEP][PASSED] - verifyElementPresent(findTestObject("Object Repository/A_Version_Nawres/Page_Accueil_Principale/btn_ANEF_Eloignement"), 1, STOP_ON_FAILURE): Object 'Object Repository/A_Version_Nawres/Page_Accueil_Principale/btn_ANEF_Eloignement' is present

12-02-2025T14:02:25 - [MESSAGE][INFO] - Finding Test Object 'Object Repository/A_Version_Nawres/Page_Accueil_Principale/btn_ANEF_Eloignement'

12-02-2025T14:02:25 - [MESSAGE][INFO] - Checking object

12-02-2025T14:02:25 - [MESSAGE][INFO] - Finding web element from Test Object's properties

12-02-2025T14:02:25 - [MESSAGE][INFO] - Checking timeout

12-02-2025T14:02:25 - [MESSAGE][INFO] - Finding web element with id: 'Object Repository/A_Version_Nawres/Page_Accueil_Principale/btn_ANEF_Eloignement' located by 'By.xpath: //span[contains(text()," ANEF Ã©loignement ")]' in '1' second(s)

12-02-2025T14:02:25 - [MESSAGE][INFO] - Found 1 web elements with id: 'Object Repository/A_Version_Nawres/Page_Accueil_Principale/btn_ANEF_Eloignement' located by 'By.xpath: //span[contains(text()," ANEF Ã©loignement ")]' in '1' second(s)

12-02-2025T14:02:25 - [MESSAGE][PASSED] - Object 'Object Repository/A_Version_Nawres/Page_Accueil_Principale/btn_ANEF_Eloignement' is present

12-02-2025T14:02:25 - [MESSAGE][PASSED] - Call Test Case 'Test Cases/Test Reutilisable/Main/AVersion_Nawres/ANEF_Identification' successfully

12-02-2025T14:02:25 - [TEST_STEP][PASSED] - callTestCase(findTestCase("Test Cases/Test Reutilisable/Main/AVersion_Nawres/ANEF_Creation_ou_Recherche_Dossier"), ["CreationOuRecherche":CreationOuRecherche], STOP_ON_FAILURE): Call Test Case 'Test Cases/Test Reutilisable/Main/AVersion_Nawres/ANEF_Creation_ou_Recherche_Dossier' successfully

12-02-2025T14:02:25 - [MESSAGE][INFO] - Checking called Test Case

12-02-2025T14:02:25 - [MESSAGE][INFO] - Starting to call Test Case 'Test Cases/Test Reutilisable/Main/AVersion_Nawres/ANEF_Creation_ou_Recherche_Dossier'

12-02-2025T14:02:25 - [TEST_CASE][PASSED] - Test Cases/Test Reutilisable/Main/AVersion_Nawres/ANEF_Creation_ou_Recherche_Dossier: Test Cases/Test Reutilisable/Main/AVersion_Nawres/ANEF_Creation_ou_Recherche_Dossier

12-02-2025T14:02:26 - [TEST_STEP][PASSED] - click(findTestObject("Object Repository/A_Version_Nawres/Page_Accueil_Principale/btn_ANEF_Eloignement")): Object: 'Object Repository/A_Version_Nawres/Page_Accueil_Principale/btn_ANEF_Eloignement' is clicked on

12-02-2025T14:02:26 - [MESSAGE][INFO] - Finding Test Object 'Object Repository/A_Version_Nawres/Page_Accueil_Principale/btn_ANEF_Eloignement'

12-02-2025T14:02:26 - [MESSAGE][INFO] - Checking timeout

12-02-2025T14:02:26 - [MESSAGE][INFO] - Finding web element with id: 'Object Repository/A_Version_Nawres/Page_Accueil_Principale/btn_ANEF_Eloignement' located by 'By.xpath: //span[contains(text()," ANEF Ã©loignement ")]' in '20' second(s)

12-02-2025T14:02:26 - [MESSAGE][INFO] - Found 1 web elements with id: 'Object Repository/A_Version_Nawres/Page_Accueil_Principale/btn_ANEF_Eloignement' located by 'By.xpath: //span[contains(text()," ANEF Ã©loignement ")]' in '20' second(s)

12-02-2025T14:02:26 - [MESSAGE][INFO] - Checking object

12-02-2025T14:02:26 - [MESSAGE][INFO] - Checking timeout

12-02-2025T14:02:26 - [MESSAGE][INFO] - Finding web element from Test Object's properties

12-02-2025T14:02:26 - [MESSAGE][INFO] - Checking timeout

12-02-2025T14:02:26 - [MESSAGE][INFO] - Finding web element with id: 'Object Repository/A_Version_Nawres/Page_Accueil_Principale/btn_ANEF_Eloignement' located by 'By.xpath: //span[contains(text()," ANEF Ã©loignement ")]' in '2' second(s)

12-02-2025T14:02:26 - [MESSAGE][INFO] - Found 1 web elements with id: 'Object Repository/A_Version_Nawres/Page_Accueil_Principale/btn_ANEF_Eloignement' located by 'By.xpath: //span[contains(text()," ANEF Ã©loignement ")]' in '2' second(s)

12-02-2025T14:02:26 - [MESSAGE][INFO] - Clicking on object: 'Object Repository/A_Version_Nawres/Page_Accueil_Principale/btn_ANEF_Eloignement'

12-02-2025T14:02:29 - [MESSAGE][PASSED] - Object: 'Object Repository/A_Version_Nawres/Page_Accueil_Principale/btn_ANEF_Eloignement' is clicked on

12-02-2025T14:02:29 - [TEST_STEP][PASSED] - verifyElementPresent(findTestObject("Object Repository/A_Version_Nawres/Page_Creation_ou_Recherche_Dossier/btn_Rechercher_Dossier"), 1, STOP_ON_FAILURE): Object 'Object Repository/A_Version_Nawres/Page_Creation_ou_Recherche_Dossier/btn_Rechercher_Dossier' is present

12-02-2025T14:02:29 - [MESSAGE][INFO] - Finding Test Object 'Object Repository/A_Version_Nawres/Page_Creation_ou_Recherche_Dossier/btn_Rechercher_Dossier'

12-02-2025T14:02:29 - [MESSAGE][INFO] - Checking object

12-02-2025T14:02:29 - [MESSAGE][INFO] - Finding web element from Test Object's properties

12-02-2025T14:02:29 - [MESSAGE][INFO] - Checking timeout

12-02-2025T14:02:29 - [MESSAGE][INFO] - Finding web element with id: 'Object Repository/A_Version_Nawres/Page_Creation_ou_Recherche_Dossier/btn_Rechercher_Dossier' located by 'By.xpath: //button[@title="Rechercher un dossier"]' in '1' second(s)

12-02-2025T14:02:29 - [MESSAGE][INFO] - Found 1 web elements with id: 'Object Repository/A_Version_Nawres/Page_Creation_ou_Recherche_Dossier/btn_Rechercher_Dossier' located by 'By.xpath: //button[@title="Rechercher un dossier"]' in '1' second(s)

12-02-2025T14:02:29 - [MESSAGE][PASSED] - Object 'Object Repository/A_Version_Nawres/Page_Creation_ou_Recherche_Dossier/btn_Rechercher_Dossier' is present

12-02-2025T14:02:29 - [TEST_STEP][PASSED] - delay(5): Delayed 5 second(s)

12-02-2025T14:02:29 - [MESSAGE][INFO] - Delaying browser in 5 second(s)

12-02-2025T14:02:34 - [MESSAGE][PASSED] - Delayed 5 second(s)

12-02-2025T14:02:34 - [TEST_STEP][PASSED] - if (CreationOuRecherche == "Creation"): Delayed 10 second(s)

12-02-2025T14:02:34 - [TEST_STEP][PASSED] - click(findTestObject("Object Repository/A_Version_Nawres/Page_Creation_ou_Recherche_Dossier/btn_Rechercher_Dossier")): Object: 'Object Repository/A_Version_Nawres/Page_Creation_ou_Recherche_Dossier/btn_Rechercher_Dossier' is clicked on

12-02-2025T14:02:34 - [MESSAGE][INFO] - Finding Test Object 'Object Repository/A_Version_Nawres/Page_Creation_ou_Recherche_Dossier/btn_Rechercher_Dossier'

12-02-2025T14:02:34 - [MESSAGE][INFO] - Checking timeout

12-02-2025T14:02:34 - [MESSAGE][INFO] - Finding web element with id: 'Object Repository/A_Version_Nawres/Page_Creation_ou_Recherche_Dossier/btn_Rechercher_Dossier' located by 'By.xpath: //button[@title="Rechercher un dossier"]' in '20' second(s)

12-02-2025T14:02:34 - [MESSAGE][INFO] - Found 1 web elements with id: 'Object Repository/A_Version_Nawres/Page_Creation_ou_Recherche_Dossier/btn_Rechercher_Dossier' located by 'By.xpath: //button[@title="Rechercher un dossier"]' in '20' second(s)

12-02-2025T14:02:34 - [MESSAGE][INFO] - Checking object

12-02-2025T14:02:34 - [MESSAGE][INFO] - Checking timeout

12-02-2025T14:02:34 - [MESSAGE][INFO] - Finding web element from Test Object's properties

12-02-2025T14:02:34 - [MESSAGE][INFO] - Checking timeout

12-02-2025T14:02:34 - [MESSAGE][INFO] - Finding web element with id: 'Object Repository/A_Version_Nawres/Page_Creation_ou_Recherche_Dossier/btn_Rechercher_Dossier' located by 'By.xpath: //button[@title="Rechercher un dossier"]' in '2' second(s)

12-02-2025T14:02:34 - [MESSAGE][INFO] - Found 1 web elements with id: 'Object Repository/A_Version_Nawres/Page_Creation_ou_Recherche_Dossier/btn_Rechercher_Dossier' located by 'By.xpath: //button[@title="Rechercher un dossier"]' in '2' second(s)

12-02-2025T14:02:34 - [MESSAGE][INFO] - Clicking on object: 'Object Repository/A_Version_Nawres/Page_Creation_ou_Recherche_Dossier/btn_Rechercher_Dossier'

12-02-2025T14:02:35 - [MESSAGE][PASSED] - Object: 'Object Repository/A_Version_Nawres/Page_Creation_ou_Recherche_Dossier/btn_Rechercher_Dossier' is clicked on

12-02-2025T14:02:35 - [TEST_STEP][PASSED] - NumberUsagerRandom = tools.MyStringTools.getRandomNumber(100000000, 9999999999): tools.MyStringTools.getRandomNumber is PASSED

12-02-2025T14:02:35 - [MESSAGE][PASSED] - tools.MyStringTools.getRandomNumber is PASSED

12-02-2025T14:02:35 - [TEST_STEP][PASSED] - println(NumberUsagerRandom): null

12-02-2025T14:02:35 - [TEST_STEP][PASSED] - NumberUsager = NumberUsagerRandom.toString(): null

12-02-2025T14:02:36 - [TEST_STEP][PASSED] - setText(findTestObject("Object Repository/A_Version_Nawres/Page_Creation_ou_Recherche_Dossier/Input_Numero_etranger"), NumberUsager, STOP_ON_FAILURE): Text '6546921149' is set on object 'Object Repository/A_Version_Nawres/Page_Creation_ou_Recherche_Dossier/Input_Numero_etranger'

12-02-2025T14:02:36 - [MESSAGE][INFO] - Finding Test Object 'Object Repository/A_Version_Nawres/Page_Creation_ou_Recherche_Dossier/Input_Numero_etranger'

12-02-2025T14:02:36 - [MESSAGE][INFO] - Checking timeout

12-02-2025T14:02:36 - [MESSAGE][INFO] - Finding web element with id: 'Object Repository/A_Version_Nawres/Page_Creation_ou_Recherche_Dossier/Input_Numero_etranger' located by 'By.xpath: //app-identite-declaree-search-box//div/app-dsfr-input/div/input[@id="identifiant_agdref"]|//app-search-box//div/app-dsfr-input/div/input[@id="identifiant_agdref"]' in '20' second(s)

12-02-2025T14:02:36 - [MESSAGE][INFO] - Found 1 web elements with id: 'Object Repository/A_Version_Nawres/Page_Creation_ou_Recherche_Dossier/Input_Numero_etranger' located by 'By.xpath: //app-identite-declaree-search-box//div/app-dsfr-input/div/input[@id="identifiant_agdref"]|//app-search-box//div/app-dsfr-input/div/input[@id="identifiant_agdref"]' in '20' second(s)

12-02-2025T14:02:36 - [MESSAGE][INFO] - Checking object

12-02-2025T14:02:36 - [MESSAGE][INFO] - Checking text

12-02-2025T14:02:36 - [MESSAGE][INFO] - Finding web element from Test Object's properties

12-02-2025T14:02:36 - [MESSAGE][INFO] - Checking timeout

12-02-2025T14:02:36 - [MESSAGE][INFO] - Finding web element with id: 'Object Repository/A_Version_Nawres/Page_Creation_ou_Recherche_Dossier/Input_Numero_etranger' located by 'By.xpath: //app-identite-declaree-search-box//div/app-dsfr-input/div/input[@id="identifiant_agdref"]|//app-search-box//div/app-dsfr-input/div/input[@id="identifiant_agdref"]' in '2' second(s)

12-02-2025T14:02:36 - [MESSAGE][INFO] - Found 1 web elements with id: 'Object Repository/A_Version_Nawres/Page_Creation_ou_Recherche_Dossier/Input_Numero_etranger' located by 'By.xpath: //app-identite-declaree-search-box//div/app-dsfr-input/div/input[@id="identifiant_agdref"]|//app-search-box//div/app-dsfr-input/div/input[@id="identifiant_agdref"]' in '2' second(s)

12-02-2025T14:02:36 - [MESSAGE][INFO] - Clearing text of object 'Object Repository/A_Version_Nawres/Page_Creation_ou_Recherche_Dossier/Input_Numero_etranger'

12-02-2025T14:02:37 - [MESSAGE][INFO] - Finding web element from Test Object's properties

12-02-2025T14:02:37 - [MESSAGE][INFO] - Checking timeout

12-02-2025T14:02:37 - [MESSAGE][INFO] - Finding web element with id: 'Object Repository/A_Version_Nawres/Page_Creation_ou_Recherche_Dossier/Input_Numero_etranger' located by 'By.xpath: //app-identite-declaree-search-box//div/app-dsfr-input/div/input[@id="identifiant_agdref"]|//app-search-box//div/app-dsfr-input/div/input[@id="identifiant_agdref"]' in '2' second(s)

12-02-2025T14:02:37 - [MESSAGE][INFO] - Found 1 web elements with id: 'Object Repository/A_Version_Nawres/Page_Creation_ou_Recherche_Dossier/Input_Numero_etranger' located by 'By.xpath: //app-identite-declaree-search-box//div/app-dsfr-input/div/input[@id="identifiant_agdref"]|//app-search-box//div/app-dsfr-input/div/input[@id="identifiant_agdref"]' in '2' second(s)

12-02-2025T14:02:37 - [MESSAGE][INFO] - Setting text of object 'Object Repository/A_Version_Nawres/Page_Creation_ou_Recherche_Dossier/Input_Numero_etranger' to value '6546921149'

12-02-2025T14:02:38 - [MESSAGE][PASSED] - Text '6546921149' is set on object 'Object Repository/A_Version_Nawres/Page_Creation_ou_Recherche_Dossier/Input_Numero_etranger'

12-02-2025T14:02:38 - [TEST_STEP][PASSED] - click(findTestObject("Object Repository/A_Version_Nawres/Page_Creation_ou_Recherche_Dossier/Input_Numero_etranger"), STOP_ON_FAILURE): Object: 'Object Repository/A_Version_Nawres/Page_Creation_ou_Recherche_Dossier/Input_Numero_etranger' is clicked on

12-02-2025T14:02:38 - [MESSAGE][INFO] - Finding Test Object 'Object Repository/A_Version_Nawres/Page_Creation_ou_Recherche_Dossier/Input_Numero_etranger'

12-02-2025T14:02:38 - [MESSAGE][INFO] - Checking timeout

12-02-2025T14:02:38 - [MESSAGE][INFO] - Finding web element with id: 'Object Repository/A_Version_Nawres/Page_Creation_ou_Recherche_Dossier/Input_Numero_etranger' located by 'By.xpath: //app-identite-declaree-search-box//div/app-dsfr-input/div/input[@id="identifiant_agdref"]|//app-search-box//div/app-dsfr-input/div/input[@id="identifiant_agdref"]' in '20' second(s)

12-02-2025T14:02:38 - [MESSAGE][INFO] - Found 1 web elements with id: 'Object Repository/A_Version_Nawres/Page_Creation_ou_Recherche_Dossier/Input_Numero_etranger' located by 'By.xpath: //app-identite-declaree-search-box//div/app-dsfr-input/div/input[@id="identifiant_agdref"]|//app-search-box//div/app-dsfr-input/div/input[@id="identifiant_agdref"]' in '20' second(s)

12-02-2025T14:02:38 - [MESSAGE][INFO] - Checking object

12-02-2025T14:02:38 - [MESSAGE][INFO] - Checking timeout

12-02-2025T14:02:38 - [MESSAGE][INFO] - Finding web element from Test Object's properties

12-02-2025T14:02:38 - [MESSAGE][INFO] - Checking timeout

12-02-2025T14:02:38 - [MESSAGE][INFO] - Finding web element with id: 'Object Repository/A_Version_Nawres/Page_Creation_ou_Recherche_Dossier/Input_Numero_etranger' located by 'By.xpath: //app-identite-declaree-search-box//div/app-dsfr-input/div/input[@id="identifiant_agdref"]|//app-search-box//div/app-dsfr-input/div/input[@id="identifiant_agdref"]' in '2' second(s)

12-02-2025T14:02:38 - [MESSAGE][INFO] - Found 1 web elements with id: 'Object Repository/A_Version_Nawres/Page_Creation_ou_Recherche_Dossier/Input_Numero_etranger' located by 'By.xpath: //app-identite-declaree-search-box//div/app-dsfr-input/div/input[@id="identifiant_agdref"]|//app-search-box//div/app-dsfr-input/div/input[@id="identifiant_agdref"]' in '2' second(s)

12-02-2025T14:02:38 - [MESSAGE][INFO] - Clicking on object: 'Object Repository/A_Version_Nawres/Page_Creation_ou_Recherche_Dossier/Input_Numero_etranger'

12-02-2025T14:02:39 - [MESSAGE][PASSED] - Object: 'Object Repository/A_Version_Nawres/Page_Creation_ou_Recherche_Dossier/Input_Numero_etranger' is clicked on

12-02-2025T14:02:39 - [TEST_STEP][PASSED] - scrollToElement(findTestObject("Object Repository/A_Version_Nawres/Page_Creation_ou_Recherche_Dossier/btn_Lancer_La_Recherche"), 5, STOP_ON_FAILURE): Scroll to object 'Object Repository/A_Version_Nawres/Page_Creation_ou_Recherche_Dossier/btn_Lancer_La_Recherche' successfully

12-02-2025T14:02:39 - [MESSAGE][INFO] - Finding Test Object 'Object Repository/A_Version_Nawres/Page_Creation_ou_Recherche_Dossier/btn_Lancer_La_Recherche'

12-02-2025T14:02:39 - [MESSAGE][INFO] - Checking object

12-02-2025T14:02:39 - [MESSAGE][INFO] - Checking timeout

12-02-2025T14:02:39 - [MESSAGE][INFO] - Finding web element from Test Object's properties

12-02-2025T14:02:39 - [MESSAGE][INFO] - Checking timeout

12-02-2025T14:02:39 - [MESSAGE][INFO] - Finding web element with id: 'Object Repository/A_Version_Nawres/Page_Creation_ou_Recherche_Dossier/btn_Lancer_La_Recherche' located by 'By.xpath: //button[contains(text(),"Lancer la recherche ")]' in '2' second(s)

12-02-2025T14:02:39 - [MESSAGE][INFO] - Found 1 web elements with id: 'Object Repository/A_Version_Nawres/Page_Creation_ou_Recherche_Dossier/btn_Lancer_La_Recherche' located by 'By.xpath: //button[contains(text(),"Lancer la recherche ")]' in '2' second(s)

12-02-2025T14:02:39 - [MESSAGE][INFO] - Scrolling to object 'Object Repository/A_Version_Nawres/Page_Creation_ou_Recherche_Dossier/btn_Lancer_La_Recherche'

12-02-2025T14:02:39 - [MESSAGE][PASSED] - Scroll to object 'Object Repository/A_Version_Nawres/Page_Creation_ou_Recherche_Dossier/btn_Lancer_La_Recherche' successfully

12-02-2025T14:02:39 - [TEST_STEP][PASSED] - click(findTestObject("Object Repository/A_Version_Nawres/Page_Creation_ou_Recherche_Dossier/btn_Lancer_La_Recherche"), STOP_ON_FAILURE): Object: 'Object Repository/A_Version_Nawres/Page_Creation_ou_Recherche_Dossier/btn_Lancer_La_Recherche' is clicked on

12-02-2025T14:02:39 - [MESSAGE][INFO] - Finding Test Object 'Object Repository/A_Version_Nawres/Page_Creation_ou_Recherche_Dossier/btn_Lancer_La_Recherche'

12-02-2025T14:02:39 - [MESSAGE][INFO] - Checking timeout

12-02-2025T14:02:39 - [MESSAGE][INFO] - Finding web element with id: 'Object Repository/A_Version_Nawres/Page_Creation_ou_Recherche_Dossier/btn_Lancer_La_Recherche' located by 'By.xpath: //button[contains(text(),"Lancer la recherche ")]' in '20' second(s)

12-02-2025T14:02:39 - [MESSAGE][INFO] - Found 1 web elements with id: 'Object Repository/A_Version_Nawres/Page_Creation_ou_Recherche_Dossier/btn_Lancer_La_Recherche' located by 'By.xpath: //button[contains(text(),"Lancer la recherche ")]' in '20' second(s)

12-02-2025T14:02:39 - [MESSAGE][INFO] - Checking object

12-02-2025T14:02:39 - [MESSAGE][INFO] - Checking timeout

12-02-2025T14:02:39 - [MESSAGE][INFO] - Finding web element from Test Object's properties

12-02-2025T14:02:39 - [MESSAGE][INFO] - Checking timeout

12-02-2025T14:02:39 - [MESSAGE][INFO] - Finding web element with id: 'Object Repository/A_Version_Nawres/Page_Creation_ou_Recherche_Dossier/btn_Lancer_La_Recherche' located by 'By.xpath: //button[contains(text(),"Lancer la recherche ")]' in '2' second(s)

12-02-2025T14:02:39 - [MESSAGE][INFO] - Found 1 web elements with id: 'Object Repository/A_Version_Nawres/Page_Creation_ou_Recherche_Dossier/btn_Lancer_La_Recherche' located by 'By.xpath: //button[contains(text(),"Lancer la recherche ")]' in '2' second(s)

12-02-2025T14:02:39 - [MESSAGE][INFO] - Clicking on object: 'Object Repository/A_Version_Nawres/Page_Creation_ou_Recherche_Dossier/btn_Lancer_La_Recherche'

12-02-2025T14:02:41 - [MESSAGE][PASSED] - Object: 'Object Repository/A_Version_Nawres/Page_Creation_ou_Recherche_Dossier/btn_Lancer_La_Recherche' is clicked on

12-02-2025T14:02:41 - [TEST_STEP][PASSED] - delay(10): Delayed 10 second(s)

12-02-2025T14:02:41 - [MESSAGE][INFO] - Delaying browser in 10 second(s)

12-02-2025T14:02:51 - [MESSAGE][PASSED] - Delayed 10 second(s)

12-02-2025T14:02:51 - [TEST_STEP][PASSED] - scrollToElement(findTestObject("Object Repository/A_Version_Nawres/Page_Creation_ou_Recherche_Dossier/btn_Aucune_Correspondance"), 5, STOP_ON_FAILURE): Scroll to object 'Object Repository/A_Version_Nawres/Page_Creation_ou_Recherche_Dossier/btn_Aucune_Correspondance' successfully

12-02-2025T14:02:51 - [MESSAGE][INFO] - Finding Test Object 'Object Repository/A_Version_Nawres/Page_Creation_ou_Recherche_Dossier/btn_Aucune_Correspondance'

12-02-2025T14:02:51 - [MESSAGE][INFO] - Checking object

12-02-2025T14:02:51 - [MESSAGE][INFO] - Checking timeout

12-02-2025T14:02:51 - [MESSAGE][INFO] - Finding web element from Test Object's properties

12-02-2025T14:02:51 - [MESSAGE][INFO] - Checking timeout

12-02-2025T14:02:51 - [MESSAGE][INFO] - Finding web element with id: 'Object Repository/A_Version_Nawres/Page_Creation_ou_Recherche_Dossier/btn_Aucune_Correspondance' located by 'By.xpath: //button[contains(text()," Aucune correspondance")]' in '2' second(s)

12-02-2025T14:02:51 - [MESSAGE][INFO] - Found 1 web elements with id: 'Object Repository/A_Version_Nawres/Page_Creation_ou_Recherche_Dossier/btn_Aucune_Correspondance' located by 'By.xpath: //button[contains(text()," Aucune correspondance")]' in '2' second(s)

12-02-2025T14:02:51 - [MESSAGE][INFO] - Scrolling to object 'Object Repository/A_Version_Nawres/Page_Creation_ou_Recherche_Dossier/btn_Aucune_Correspondance'

12-02-2025T14:02:51 - [MESSAGE][PASSED] - Scroll to object 'Object Repository/A_Version_Nawres/Page_Creation_ou_Recherche_Dossier/btn_Aucune_Correspondance' successfully

12-02-2025T14:02:51 - [TEST_STEP][PASSED] - click(findTestObject("Object Repository/A_Version_Nawres/Page_Creation_ou_Recherche_Dossier/btn_Aucune_Correspondance"), STOP_ON_FAILURE): Object: 'Object Repository/A_Version_Nawres/Page_Creation_ou_Recherche_Dossier/btn_Aucune_Correspondance' is clicked on

12-02-2025T14:02:51 - [MESSAGE][INFO] - Finding Test Object 'Object Repository/A_Version_Nawres/Page_Creation_ou_Recherche_Dossier/btn_Aucune_Correspondance'

12-02-2025T14:02:51 - [MESSAGE][INFO] - Checking timeout

12-02-2025T14:02:51 - [MESSAGE][INFO] - Finding web element with id: 'Object Repository/A_Version_Nawres/Page_Creation_ou_Recherche_Dossier/btn_Aucune_Correspondance' located by 'By.xpath: //button[contains(text()," Aucune correspondance")]' in '20' second(s)

12-02-2025T14:02:51 - [MESSAGE][INFO] - Found 1 web elements with id: 'Object Repository/A_Version_Nawres/Page_Creation_ou_Recherche_Dossier/btn_Aucune_Correspondance' located by 'By.xpath: //button[contains(text()," Aucune correspondance")]' in '20' second(s)

12-02-2025T14:02:51 - [MESSAGE][INFO] - Checking object

12-02-2025T14:02:51 - [MESSAGE][INFO] - Checking timeout

12-02-2025T14:02:51 - [MESSAGE][INFO] - Finding web element from Test Object's properties

12-02-2025T14:02:51 - [MESSAGE][INFO] - Checking timeout

12-02-2025T14:02:51 - [MESSAGE][INFO] - Finding web element with id: 'Object Repository/A_Version_Nawres/Page_Creation_ou_Recherche_Dossier/btn_Aucune_Correspondance' located by 'By.xpath: //button[contains(text()," Aucune correspondance")]' in '2' second(s)

12-02-2025T14:02:51 - [MESSAGE][INFO] - Found 1 web elements with id: 'Object Repository/A_Version_Nawres/Page_Creation_ou_Recherche_Dossier/btn_Aucune_Correspondance' located by 'By.xpath: //button[contains(text()," Aucune correspondance")]' in '2' second(s)

12-02-2025T14:02:51 - [MESSAGE][INFO] - Clicking on object: 'Object Repository/A_Version_Nawres/Page_Creation_ou_Recherche_Dossier/btn_Aucune_Correspondance'

12-02-2025T14:02:52 - [MESSAGE][PASSED] - Object: 'Object Repository/A_Version_Nawres/Page_Creation_ou_Recherche_Dossier/btn_Aucune_Correspondance' is clicked on

12-02-2025T14:02:52 - [TEST_STEP][PASSED] - click(findTestObject("Object Repository/A_Version_Nawres/Page_Creation_ou_Recherche_Dossier/btn_Creer_Un_Dossier_Etranger"), STOP_ON_FAILURE): Object: 'Object Repository/A_Version_Nawres/Page_Creation_ou_Recherche_Dossier/btn_Creer_Un_Dossier_Etranger' is clicked on

12-02-2025T14:02:52 - [MESSAGE][INFO] - Finding Test Object 'Object Repository/A_Version_Nawres/Page_Creation_ou_Recherche_Dossier/btn_Creer_Un_Dossier_Etranger'

12-02-2025T14:02:52 - [MESSAGE][INFO] - Checking timeout

12-02-2025T14:02:52 - [MESSAGE][INFO] - Finding web element with id: 'Object Repository/A_Version_Nawres/Page_Creation_ou_Recherche_Dossier/btn_Creer_Un_Dossier_Etranger' located by 'By.xpath: //button[contains(text()," CrÃ©er un dossier Ã©tranger ")]' in '20' second(s)

12-02-2025T14:02:52 - [MESSAGE][INFO] - Found 1 web elements with id: 'Object Repository/A_Version_Nawres/Page_Creation_ou_Recherche_Dossier/btn_Creer_Un_Dossier_Etranger' located by 'By.xpath: //button[contains(text()," CrÃ©er un dossier Ã©tranger ")]' in '20' second(s)

12-02-2025T14:02:52 - [MESSAGE][INFO] - Checking object

12-02-2025T14:02:52 - [MESSAGE][INFO] - Checking timeout

12-02-2025T14:02:52 - [MESSAGE][INFO] - Finding web element from Test Object's properties

12-02-2025T14:02:52 - [MESSAGE][INFO] - Checking timeout

12-02-2025T14:02:52 - [MESSAGE][INFO] - Finding web element with id: 'Object Repository/A_Version_Nawres/Page_Creation_ou_Recherche_Dossier/btn_Creer_Un_Dossier_Etranger' located by 'By.xpath: //button[contains(text()," CrÃ©er un dossier Ã©tranger ")]' in '2' second(s)

12-02-2025T14:02:52 - [MESSAGE][INFO] - Found 1 web elements with id: 'Object Repository/A_Version_Nawres/Page_Creation_ou_Recherche_Dossier/btn_Creer_Un_Dossier_Etranger' located by 'By.xpath: //button[contains(text()," CrÃ©er un dossier Ã©tranger ")]' in '2' second(s)

12-02-2025T14:02:52 - [MESSAGE][INFO] - Clicking on object: 'Object Repository/A_Version_Nawres/Page_Creation_ou_Recherche_Dossier/btn_Creer_Un_Dossier_Etranger'

12-02-2025T14:02:53 - [MESSAGE][PASSED] - Object: 'Object Repository/A_Version_Nawres/Page_Creation_ou_Recherche_Dossier/btn_Creer_Un_Dossier_Etranger' is clicked on

12-02-2025T14:02:53 - [TEST_STEP][PASSED] - delay(10): Delayed 10 second(s)

12-02-2025T14:02:53 - [MESSAGE][INFO] - Delaying browser in 10 second(s)

12-02-2025T14:03:03 - [MESSAGE][PASSED] - Delayed 10 second(s)

12-02-2025T14:03:03 - [MESSAGE][PASSED] - Call Test Case 'Test Cases/Test Reutilisable/Main/AVersion_Nawres/ANEF_Creation_ou_Recherche_Dossier' successfully

12-02-2025T14:03:03 - [TEST_STEP][PASSED] - if (CreationOuRecherche == "Creation"): Call Test Case 'Test Cases/Test Reutilisable/Main/AVersion_Nawres/ANEF_Formulaire_Creation_Dossier' successfully

12-02-2025T14:03:03 - [TEST_STEP][PASSED] - callTestCase(findTestCase("Test Cases/Test Reutilisable/Main/AVersion_Nawres/ANEF_Formulaire_Creation_Dossier"), ["CreationOuRecherche":CreationOuRecherche, "Sexe":Sexe, "AnneeNaissance":AnneeNaissance, "Nationnalite":Nationnalite, "OrigineDossier":OrigineDossier, ... ], STOP_ON_FAILURE): Call Test Case 'Test Cases/Test Reutilisable/Main/AVersion_Nawres/ANEF_Formulaire_Creation_Dossier' successfully

12-02-2025T14:03:03 - [MESSAGE][INFO] - Checking called Test Case

12-02-2025T14:03:03 - [MESSAGE][INFO] - Starting to call Test Case 'Test Cases/Test Reutilisable/Main/AVersion_Nawres/ANEF_Formulaire_Creation_Dossier'

12-02-2025T14:03:04 - [TEST_CASE][PASSED] - Test Cases/Test Reutilisable/Main/AVersion_Nawres/ANEF_Formulaire_Creation_Dossier: Test Cases/Test Reutilisable/Main/AVersion_Nawres/ANEF_Formulaire_Creation_Dossier

12-02-2025T14:03:05 - [TEST_STEP][PASSED] - "Onglet 'Dossier etranger'": null

12-02-2025T14:03:05 - [TEST_STEP][PASSED] - verifyElementPresent(findTestObject("Object Repository/A_Version_Nawres/Page_Formulaire_Creation_Dossier/Onglet_Dossier_Etranger"), 1, STOP_ON_FAILURE): Object 'Object Repository/A_Version_Nawres/Page_Formulaire_Creation_Dossier/Onglet_Dossier_Etranger' is present

12-02-2025T14:03:05 - [MESSAGE][INFO] - Finding Test Object 'Object Repository/A_Version_Nawres/Page_Formulaire_Creation_Dossier/Onglet_Dossier_Etranger'

12-02-2025T14:03:05 - [MESSAGE][INFO] - Checking object

12-02-2025T14:03:05 - [MESSAGE][INFO] - Finding web element from Test Object's properties

12-02-2025T14:03:05 - [MESSAGE][INFO] - Checking timeout

12-02-2025T14:03:05 - [MESSAGE][INFO] - Finding web element with id: 'Object Repository/A_Version_Nawres/Page_Formulaire_Creation_Dossier/Onglet_Dossier_Etranger' located by 'By.xpath: /html/body/app-root/app-layout-borderless/div[3]/app-prise-mesure/div/app-dsfr-onglet-tab/div/ul/li[1]/button' in '1' second(s)

12-02-2025T14:03:05 - [MESSAGE][INFO] - Found 1 web elements with id: 'Object Repository/A_Version_Nawres/Page_Formulaire_Creation_Dossier/Onglet_Dossier_Etranger' located by 'By.xpath: /html/body/app-root/app-layout-borderless/div[3]/app-prise-mesure/div/app-dsfr-onglet-tab/div/ul/li[1]/button' in '1' second(s)

12-02-2025T14:03:05 - [MESSAGE][PASSED] - Object 'Object Repository/A_Version_Nawres/Page_Formulaire_Creation_Dossier/Onglet_Dossier_Etranger' is present

12-02-2025T14:03:05 - [TEST_STEP][PASSED] - verifyElementPresent(findTestObject("Object Repository/A_Version_Nawres/Page_Formulaire_Creation_Dossier/Formulaire_Creation_Dossier_Accordeon/lbl_Numero_Etranger"), 1, STOP_ON_FAILURE): Object 'Object Repository/A_Version_Nawres/Page_Formulaire_Creation_Dossier/Formulaire_Creation_Dossier_Accordeon/lbl_Numero_Etranger' is present

12-02-2025T14:03:05 - [MESSAGE][INFO] - Finding Test Object 'Object Repository/A_Version_Nawres/Page_Formulaire_Creation_Dossier/Formulaire_Creation_Dossier_Accordeon/lbl_Numero_Etranger'

12-02-2025T14:03:05 - [MESSAGE][INFO] - Checking object

12-02-2025T14:03:05 - [MESSAGE][INFO] - Finding web element from Test Object's properties

12-02-2025T14:03:05 - [MESSAGE][INFO] - Checking timeout

12-02-2025T14:03:05 - [MESSAGE][INFO] - Finding web element with id: 'Object Repository/A_Version_Nawres/Page_Formulaire_Creation_Dossier/Formulaire_Creation_Dossier_Accordeon/lbl_Numero_Etranger' located by 'By.xpath: /html/body/app-root/app-layout-borderless/div[3]/app-prise-mesure/div/app-dsfr-onglet-tab/div/div[1]/app-fiche-etranger/div/div[2]/section[1]/div/div/div[1]/label' in '1' second(s)

12-02-2025T14:03:05 - [MESSAGE][INFO] - Found 1 web elements with id: 'Object Repository/A_Version_Nawres/Page_Formulaire_Creation_Dossier/Formulaire_Creation_Dossier_Accordeon/lbl_Numero_Etranger' located by 'By.xpath: /html/body/app-root/app-layout-borderless/div[3]/app-prise-mesure/div/app-dsfr-onglet-tab/div/div[1]/app-fiche-etranger/div/div[2]/section[1]/div/div/div[1]/label' in '1' second(s)

12-02-2025T14:03:05 - [MESSAGE][PASSED] - Object 'Object Repository/A_Version_Nawres/Page_Formulaire_Creation_Dossier/Formulaire_Creation_Dossier_Accordeon/lbl_Numero_Etranger' is present

12-02-2025T14:03:05 - [TEST_STEP][PASSED] - verifyElementPresent(findTestObject("Object Repository/A_Version_Nawres/Page_Formulaire_Creation_Dossier/Formulaire_Creation_Dossier_Accordeon/lbl_Prefecture_Gestionnaire"), 1, STOP_ON_FAILURE): Object 'Object Repository/A_Version_Nawres/Page_Formulaire_Creation_Dossier/Formulaire_Creation_Dossier_Accordeon/lbl_Prefecture_Gestionnaire' is present

12-02-2025T14:03:05 - [MESSAGE][INFO] - Finding Test Object 'Object Repository/A_Version_Nawres/Page_Formulaire_Creation_Dossier/Formulaire_Creation_Dossier_Accordeon/lbl_Prefecture_Gestionnaire'

12-02-2025T14:03:05 - [MESSAGE][INFO] - Checking object

12-02-2025T14:03:05 - [MESSAGE][INFO] - Finding web element from Test Object's properties

12-02-2025T14:03:05 - [MESSAGE][INFO] - Checking timeout

12-02-2025T14:03:05 - [MESSAGE][INFO] - Finding web element with id: 'Object Repository/A_Version_Nawres/Page_Formulaire_Creation_Dossier/Formulaire_Creation_Dossier_Accordeon/lbl_Prefecture_Gestionnaire' located by 'By.xpath: /html/body/app-root/app-layout-borderless/div[3]/app-prise-mesure/div/app-dsfr-onglet-tab/div/div[1]/app-fiche-etranger/div/div[2]/section[1]/div/div/div[2]/label' in '1' second(s)

12-02-2025T14:03:05 - [MESSAGE][INFO] - Found 1 web elements with id: 'Object Repository/A_Version_Nawres/Page_Formulaire_Creation_Dossier/Formulaire_Creation_Dossier_Accordeon/lbl_Prefecture_Gestionnaire' located by 'By.xpath: /html/body/app-root/app-layout-borderless/div[3]/app-prise-mesure/div/app-dsfr-onglet-tab/div/div[1]/app-fiche-etranger/div/div[2]/section[1]/div/div/div[2]/label' in '1' second(s)

12-02-2025T14:03:05 - [MESSAGE][PASSED] - Object 'Object Repository/A_Version_Nawres/Page_Formulaire_Creation_Dossier/Formulaire_Creation_Dossier_Accordeon/lbl_Prefecture_Gestionnaire' is present

12-02-2025T14:03:05 - [TEST_STEP][PASSED] - verifyElementPresent(findTestObject("Object Repository/A_Version_Nawres/Page_Formulaire_Creation_Dossier/Formulaire_Creation_Dossier_Accordeon/lbl_Derniere_Modification"), 1, STOP_ON_FAILURE): Object 'Object Repository/A_Version_Nawres/Page_Formulaire_Creation_Dossier/Formulaire_Creation_Dossier_Accordeon/lbl_Derniere_Modification' is present

12-02-2025T14:03:05 - [MESSAGE][INFO] - Finding Test Object 'Object Repository/A_Version_Nawres/Page_Formulaire_Creation_Dossier/Formulaire_Creation_Dossier_Accordeon/lbl_Derniere_Modification'

12-02-2025T14:03:05 - [MESSAGE][INFO] - Checking object

12-02-2025T14:03:05 - [MESSAGE][INFO] - Finding web element from Test Object's properties

12-02-2025T14:03:05 - [MESSAGE][INFO] - Checking timeout

12-02-2025T14:03:05 - [MESSAGE][INFO] - Finding web element with id: 'Object Repository/A_Version_Nawres/Page_Formulaire_Creation_Dossier/Formulaire_Creation_Dossier_Accordeon/lbl_Derniere_Modification' located by 'By.xpath: /html/body/app-root/app-layout-borderless/div[3]/app-prise-mesure/div/app-dsfr-onglet-tab/div/div[1]/app-fiche-etranger/div/div[2]/section[1]/div/div/div[3]/label' in '1' second(s)

12-02-2025T14:03:05 - [MESSAGE][INFO] - Found 1 web elements with id: 'Object Repository/A_Version_Nawres/Page_Formulaire_Creation_Dossier/Formulaire_Creation_Dossier_Accordeon/lbl_Derniere_Modification' located by 'By.xpath: /html/body/app-root/app-layout-borderless/div[3]/app-prise-mesure/div/app-dsfr-onglet-tab/div/div[1]/app-fiche-etranger/div/div[2]/section[1]/div/div/div[3]/label' in '1' second(s)

12-02-2025T14:03:05 - [MESSAGE][PASSED] - Object 'Object Repository/A_Version_Nawres/Page_Formulaire_Creation_Dossier/Formulaire_Creation_Dossier_Accordeon/lbl_Derniere_Modification' is present

12-02-2025T14:03:05 - [TEST_STEP][PASSED] - verifyElementPresent(findTestObject("Object Repository/A_Version_Nawres/Page_Formulaire_Creation_Dossier/Formulaire_Creation_Dossier_Accordeon/Acc_ Reference_Du_Dossier"), 1, STOP_ON_FAILURE): Object 'Object Repository/A_Version_Nawres/Page_Formulaire_Creation_Dossier/Formulaire_Creation_Dossier_Accordeon/Acc_ Reference_Du_Dossier' is present

12-02-2025T14:03:05 - [MESSAGE][INFO] - Finding Test Object 'Object Repository/A_Version_Nawres/Page_Formulaire_Creation_Dossier/Formulaire_Creation_Dossier_Accordeon/Acc_ Reference_Du_Dossier'

12-02-2025T14:03:05 - [MESSAGE][INFO] - Checking object

12-02-2025T14:03:05 - [MESSAGE][INFO] - Finding web element from Test Object's properties

12-02-2025T14:03:05 - [MESSAGE][INFO] - Checking timeout

12-02-2025T14:03:05 - [MESSAGE][INFO] - Finding web element with id: 'Object Repository/A_Version_Nawres/Page_Formulaire_Creation_Dossier/Formulaire_Creation_Dossier_Accordeon/Acc_ Reference_Du_Dossier' located by 'By.xpath: /html/body/app-root/app-layout-borderless/div[3]/app-prise-mesure/div/app-dsfr-onglet-tab/div/div[1]/app-fiche-etranger/div/div[2]/section[2]/div[1]/app-accordeon-reference-dossier/section/h3/button' in '1' second(s)

12-02-2025T14:03:05 - [MESSAGE][INFO] - Found 1 web elements with id: 'Object Repository/A_Version_Nawres/Page_Formulaire_Creation_Dossier/Formulaire_Creation_Dossier_Accordeon/Acc_ Reference_Du_Dossier' located by 'By.xpath: /html/body/app-root/app-layout-borderless/div[3]/app-prise-mesure/div/app-dsfr-onglet-tab/div/div[1]/app-fiche-etranger/div/div[2]/section[2]/div[1]/app-accordeon-reference-dossier/section/h3/button' in '1' second(s)

12-02-2025T14:03:05 - [MESSAGE][PASSED] - Object 'Object Repository/A_Version_Nawres/Page_Formulaire_Creation_Dossier/Formulaire_Creation_Dossier_Accordeon/Acc_ Reference_Du_Dossier' is present

12-02-2025T14:03:05 - [TEST_STEP][PASSED] - verifyElementPresent(findTestObject("Object Repository/A_Version_Nawres/Page_Formulaire_Creation_Dossier/Formulaire_Creation_Dossier_Menu/Menu_Reference_Du_Dossier"), 1, STOP_ON_FAILURE): Object 'Object Repository/A_Version_Nawres/Page_Formulaire_Creation_Dossier/Formulaire_Creation_Dossier_Menu/Menu_Reference_Du_Dossier' is present

12-02-2025T14:03:05 - [MESSAGE][INFO] - Finding Test Object 'Object Repository/A_Version_Nawres/Page_Formulaire_Creation_Dossier/Formulaire_Creation_Dossier_Menu/Menu_Reference_Du_Dossier'

12-02-2025T14:03:05 - [MESSAGE][INFO] - Checking object

12-02-2025T14:03:05 - [MESSAGE][INFO] - Finding web element from Test Object's properties

12-02-2025T14:03:05 - [MESSAGE][INFO] - Checking timeout

12-02-2025T14:03:05 - [MESSAGE][INFO] - Finding web element with id: 'Object Repository/A_Version_Nawres/Page_Formulaire_Creation_Dossier/Formulaire_Creation_Dossier_Menu/Menu_Reference_Du_Dossier' located by 'By.xpath: /html/body/app-root/app-layout-borderless/div[3]/app-prise-mesure/div/app-dsfr-onglet-tab/div/div[1]/app-fiche-etranger/div/div[1]/app-dsfr-sidemenu/nav/div/div/ul[1]/li/a' in '1' second(s)

12-02-2025T14:03:05 - [MESSAGE][INFO] - Found 1 web elements with id: 'Object Repository/A_Version_Nawres/Page_Formulaire_Creation_Dossier/Formulaire_Creation_Dossier_Menu/Menu_Reference_Du_Dossier' located by 'By.xpath: /html/body/app-root/app-layout-borderless/div[3]/app-prise-mesure/div/app-dsfr-onglet-tab/div/div[1]/app-fiche-etranger/div/div[1]/app-dsfr-sidemenu/nav/div/div/ul[1]/li/a' in '1' second(s)

12-02-2025T14:03:05 - [MESSAGE][PASSED] - Object 'Object Repository/A_Version_Nawres/Page_Formulaire_Creation_Dossier/Formulaire_Creation_Dossier_Menu/Menu_Reference_Du_Dossier' is present

12-02-2025T14:03:05 - [TEST_STEP][PASSED] - verifyElementPresent(findTestObject("Object Repository/A_Version_Nawres/Page_Formulaire_Creation_Dossier/Formulaire_Creation_Dossier_Input/input_Numero_De_Dossier_FPR"), 1, STOP_ON_FAILURE): Object 'Object Repository/A_Version_Nawres/Page_Formulaire_Creation_Dossier/Formulaire_Creation_Dossier_Input/input_Numero_De_Dossier_FPR' is present

12-02-2025T14:03:05 - [MESSAGE][INFO] - Finding Test Object 'Object Repository/A_Version_Nawres/Page_Formulaire_Creation_Dossier/Formulaire_Creation_Dossier_Input/input_Numero_De_Dossier_FPR'

12-02-2025T14:03:05 - [MESSAGE][INFO] - Checking object

12-02-2025T14:03:05 - [MESSAGE][INFO] - Finding web element from Test Object's properties

12-02-2025T14:03:05 - [MESSAGE][INFO] - Checking timeout

12-02-2025T14:03:05 - [MESSAGE][INFO] - Finding web element with id: 'Object Repository/A_Version_Nawres/Page_Formulaire_Creation_Dossier/Formulaire_Creation_Dossier_Input/input_Numero_De_Dossier_FPR' located by 'By.xpath: /html/body/app-root/app-layout-borderless/div[3]/app-prise-mesure/div/app-dsfr-onglet-tab/div/div[1]/app-fiche-etranger/div/div[2]/section[2]/div[1]/app-accordeon-reference-dossier/section/div/form/div/div/div/div[2]/app-dsfr-input/div/input' in '1' second(s)

12-02-2025T14:03:05 - [MESSAGE][INFO] - Found 1 web elements with id: 'Object Repository/A_Version_Nawres/Page_Formulaire_Creation_Dossier/Formulaire_Creation_Dossier_Input/input_Numero_De_Dossier_FPR' located by 'By.xpath: /html/body/app-root/app-layout-borderless/div[3]/app-prise-mesure/div/app-dsfr-onglet-tab/div/div[1]/app-fiche-etranger/div/div[2]/section[2]/div[1]/app-accordeon-reference-dossier/section/div/form/div/div/div/div[2]/app-dsfr-input/div/input' in '1' second(s)

12-02-2025T14:03:05 - [MESSAGE][PASSED] - Object 'Object Repository/A_Version_Nawres/Page_Formulaire_Creation_Dossier/Formulaire_Creation_Dossier_Input/input_Numero_De_Dossier_FPR' is present

12-02-2025T14:03:05 - [TEST_STEP][PASSED] - verifyElementPresent(findTestObject("Object Repository/A_Version_Nawres/Page_Formulaire_Creation_Dossier/Formulaire_Creation_Dossier_Input/input_Numero_Dossier_Interne"), 1, STOP_ON_FAILURE): Object 'Object Repository/A_Version_Nawres/Page_Formulaire_Creation_Dossier/Formulaire_Creation_Dossier_Input/input_Numero_Dossier_Interne' is present

12-02-2025T14:03:05 - [MESSAGE][INFO] - Finding Test Object 'Object Repository/A_Version_Nawres/Page_Formulaire_Creation_Dossier/Formulaire_Creation_Dossier_Input/input_Numero_Dossier_Interne'

12-02-2025T14:03:05 - [MESSAGE][INFO] - Checking object

12-02-2025T14:03:05 - [MESSAGE][INFO] - Finding web element from Test Object's properties

12-02-2025T14:03:05 - [MESSAGE][INFO] - Checking timeout

12-02-2025T14:03:05 - [MESSAGE][INFO] - Finding web element with id: 'Object Repository/A_Version_Nawres/Page_Formulaire_Creation_Dossier/Formulaire_Creation_Dossier_Input/input_Numero_Dossier_Interne' located by 'By.xpath: //*[@id="numero_dossier_interne"]' in '1' second(s)

12-02-2025T14:03:05 - [MESSAGE][INFO] - Found 1 web elements with id: 'Object Repository/A_Version_Nawres/Page_Formulaire_Creation_Dossier/Formulaire_Creation_Dossier_Input/input_Numero_Dossier_Interne' located by 'By.xpath: //*[@id="numero_dossier_interne"]' in '1' second(s)

12-02-2025T14:03:05 - [MESSAGE][PASSED] - Object 'Object Repository/A_Version_Nawres/Page_Formulaire_Creation_Dossier/Formulaire_Creation_Dossier_Input/input_Numero_Dossier_Interne' is present

12-02-2025T14:03:05 - [TEST_STEP][PASSED] - verifyElementPresent(findTestObject("Object Repository/A_Version_Nawres/Page_Formulaire_Creation_Dossier/Formulaire_Creation_Dossier_Accordeon/Acc_Etat_Civil"), 1, STOP_ON_FAILURE): Object 'Object Repository/A_Version_Nawres/Page_Formulaire_Creation_Dossier/Formulaire_Creation_Dossier_Accordeon/Acc_Etat_Civil' is present

12-02-2025T14:03:05 - [MESSAGE][INFO] - Finding Test Object 'Object Repository/A_Version_Nawres/Page_Formulaire_Creation_Dossier/Formulaire_Creation_Dossier_Accordeon/Acc_Etat_Civil'

12-02-2025T14:03:05 - [MESSAGE][INFO] - Checking object

12-02-2025T14:03:05 - [MESSAGE][INFO] - Finding web element from Test Object's properties

12-02-2025T14:03:05 - [MESSAGE][INFO] - Checking timeout

12-02-2025T14:03:05 - [MESSAGE][INFO] - Finding web element with id: 'Object Repository/A_Version_Nawres/Page_Formulaire_Creation_Dossier/Formulaire_Creation_Dossier_Accordeon/Acc_Etat_Civil' located by 'By.xpath: //*[@id="accordeon-fiche-etat-civil"]/section/h3/button[contains(text(),"Ã‰tat civil")]' in '1' second(s)

12-02-2025T14:03:05 - [MESSAGE][INFO] - Found 1 web elements with id: 'Object Repository/A_Version_Nawres/Page_Formulaire_Creation_Dossier/Formulaire_Creation_Dossier_Accordeon/Acc_Etat_Civil' located by 'By.xpath: //*[@id="accordeon-fiche-etat-civil"]/section/h3/button[contains(text(),"Ã‰tat civil")]' in '1' second(s)

12-02-2025T14:03:05 - [MESSAGE][PASSED] - Object 'Object Repository/A_Version_Nawres/Page_Formulaire_Creation_Dossier/Formulaire_Creation_Dossier_Accordeon/Acc_Etat_Civil' is present

12-02-2025T14:03:05 - [TEST_STEP][PASSED] - verifyElementPresent(findTestObject("Object Repository/A_Version_Nawres/Page_Formulaire_Creation_Dossier/Formulaire_Creation_Dossier_Menu/Menu_Fiche_Etat_Civil"), 1, STOP_ON_FAILURE): Object 'Object Repository/A_Version_Nawres/Page_Formulaire_Creation_Dossier/Formulaire_Creation_Dossier_Menu/Menu_Fiche_Etat_Civil' is present

12-02-2025T14:03:05 - [MESSAGE][INFO] - Finding Test Object 'Object Repository/A_Version_Nawres/Page_Formulaire_Creation_Dossier/Formulaire_Creation_Dossier_Menu/Menu_Fiche_Etat_Civil'

12-02-2025T14:03:05 - [MESSAGE][INFO] - Checking object

12-02-2025T14:03:05 - [MESSAGE][INFO] - Finding web element from Test Object's properties

12-02-2025T14:03:05 - [MESSAGE][INFO] - Checking timeout

12-02-2025T14:03:05 - [MESSAGE][INFO] - Finding web element with id: 'Object Repository/A_Version_Nawres/Page_Formulaire_Creation_Dossier/Formulaire_Creation_Dossier_Menu/Menu_Fiche_Etat_Civil' located by 'By.xpath: /html/body/app-root/app-layout-borderless/div[3]/app-prise-mesure/div/app-dsfr-onglet-tab/div/div[1]/app-fiche-etranger/div/div[1]/app-dsfr-sidemenu/nav/div/div/ul[2]/li/a' in '1' second(s)

12-02-2025T14:03:05 - [MESSAGE][INFO] - Found 1 web elements with id: 'Object Repository/A_Version_Nawres/Page_Formulaire_Creation_Dossier/Formulaire_Creation_Dossier_Menu/Menu_Fiche_Etat_Civil' located by 'By.xpath: /html/body/app-root/app-layout-borderless/div[3]/app-prise-mesure/div/app-dsfr-onglet-tab/div/div[1]/app-fiche-etranger/div/div[1]/app-dsfr-sidemenu/nav/div/div/ul[2]/li/a' in '1' second(s)

12-02-2025T14:03:05 - [MESSAGE][PASSED] - Object 'Object Repository/A_Version_Nawres/Page_Formulaire_Creation_Dossier/Formulaire_Creation_Dossier_Menu/Menu_Fiche_Etat_Civil' is present

12-02-2025T14:03:05 - [TEST_STEP][PASSED] - verifyElementPresent(findTestObject("Object Repository/A_Version_Nawres/Page_Formulaire_Creation_Dossier/Formulaire_Creation_Dossier_Menu/Menu_Biometrie"), 1, STOP_ON_FAILURE): Object 'Object Repository/A_Version_Nawres/Page_Formulaire_Creation_Dossier/Formulaire_Creation_Dossier_Menu/Menu_Biometrie' is present

12-02-2025T14:03:05 - [MESSAGE][INFO] - Finding Test Object 'Object Repository/A_Version_Nawres/Page_Formulaire_Creation_Dossier/Formulaire_Creation_Dossier_Menu/Menu_Biometrie'

12-02-2025T14:03:05 - [MESSAGE][INFO] - Checking object

12-02-2025T14:03:05 - [MESSAGE][INFO] - Finding web element from Test Object's properties

12-02-2025T14:03:05 - [MESSAGE][INFO] - Checking timeout

12-02-2025T14:03:05 - [MESSAGE][INFO] - Finding web element with id: 'Object Repository/A_Version_Nawres/Page_Formulaire_Creation_Dossier/Formulaire_Creation_Dossier_Menu/Menu_Biometrie' located by 'By.xpath: /html/body/app-root/app-layout-borderless/div[3]/app-prise-mesure/div/app-dsfr-onglet-tab/div/div[1]/app-fiche-etranger/div/div[1]/app-dsfr-sidemenu/nav/div/div/ul[3]/li' in '1' second(s)

12-02-2025T14:03:05 - [MESSAGE][INFO] - Found 1 web elements with id: 'Object Repository/A_Version_Nawres/Page_Formulaire_Creation_Dossier/Formulaire_Creation_Dossier_Menu/Menu_Biometrie' located by 'By.xpath: /html/body/app-root/app-layout-borderless/div[3]/app-prise-mesure/div/app-dsfr-onglet-tab/div/div[1]/app-fiche-etranger/div/div[1]/app-dsfr-sidemenu/nav/div/div/ul[3]/li' in '1' second(s)

12-02-2025T14:03:05 - [MESSAGE][PASSED] - Object 'Object Repository/A_Version_Nawres/Page_Formulaire_Creation_Dossier/Formulaire_Creation_Dossier_Menu/Menu_Biometrie' is present

12-02-2025T14:03:05 - [TEST_STEP][PASSED] - verifyElementPresent(findTestObject("Object Repository/A_Version_Nawres/Page_Formulaire_Creation_Dossier/Formulaire_Creation_Dossier_Accordeon/Acc_ Conditions_D_Entree_En_France"), 1, STOP_ON_FAILURE): Object 'Object Repository/A_Version_Nawres/Page_Formulaire_Creation_Dossier/Formulaire_Creation_Dossier_Accordeon/Acc_ Conditions_D_Entree_En_France' is present

12-02-2025T14:03:05 - [MESSAGE][INFO] - Finding Test Object 'Object Repository/A_Version_Nawres/Page_Formulaire_Creation_Dossier/Formulaire_Creation_Dossier_Accordeon/Acc_ Conditions_D_Entree_En_France'

12-02-2025T14:03:05 - [MESSAGE][INFO] - Checking object

12-02-2025T14:03:05 - [MESSAGE][INFO] - Finding web element from Test Object's properties

12-02-2025T14:03:05 - [MESSAGE][INFO] - Checking timeout

12-02-2025T14:03:05 - [MESSAGE][INFO] - Finding web element with id: 'Object Repository/A_Version_Nawres/Page_Formulaire_Creation_Dossier/Formulaire_Creation_Dossier_Accordeon/Acc_ Conditions_D_Entree_En_France' located by 'By.xpath: //*[@id="accordeon-condition-entree-france"]/section/h3/button' in '1' second(s)

12-02-2025T14:03:05 - [MESSAGE][INFO] - Found 1 web elements with id: 'Object Repository/A_Version_Nawres/Page_Formulaire_Creation_Dossier/Formulaire_Creation_Dossier_Accordeon/Acc_ Conditions_D_Entree_En_France' located by 'By.xpath: //*[@id="accordeon-condition-entree-france"]/section/h3/button' in '1' second(s)

12-02-2025T14:03:05 - [MESSAGE][PASSED] - Object 'Object Repository/A_Version_Nawres/Page_Formulaire_Creation_Dossier/Formulaire_Creation_Dossier_Accordeon/Acc_ Conditions_D_Entree_En_France' is present

12-02-2025T14:03:05 - [TEST_STEP][PASSED] - verifyElementPresent(findTestObject("Object Repository/A_Version_Nawres/Page_Formulaire_Creation_Dossier/Formulaire_Creation_Dossier_Accordeon/Acc_ Conditions_D_Entree_En_France"), 1, STOP_ON_FAILURE): Object 'Object Repository/A_Version_Nawres/Page_Formulaire_Creation_Dossier/Formulaire_Creation_Dossier_Accordeon/Acc_ Conditions_D_Entree_En_France' is present

12-02-2025T14:03:05 - [MESSAGE][INFO] - Finding Test Object 'Object Repository/A_Version_Nawres/Page_Formulaire_Creation_Dossier/Formulaire_Creation_Dossier_Accordeon/Acc_ Conditions_D_Entree_En_France'

12-02-2025T14:03:05 - [MESSAGE][INFO] - Checking object

12-02-2025T14:03:05 - [MESSAGE][INFO] - Finding web element from Test Object's properties

12-02-2025T14:03:05 - [MESSAGE][INFO] - Checking timeout

12-02-2025T14:03:05 - [MESSAGE][INFO] - Finding web element with id: 'Object Repository/A_Version_Nawres/Page_Formulaire_Creation_Dossier/Formulaire_Creation_Dossier_Accordeon/Acc_ Conditions_D_Entree_En_France' located by 'By.xpath: //*[@id="accordeon-condition-entree-france"]/section/h3/button' in '1' second(s)

12-02-2025T14:03:05 - [MESSAGE][INFO] - Found 1 web elements with id: 'Object Repository/A_Version_Nawres/Page_Formulaire_Creation_Dossier/Formulaire_Creation_Dossier_Accordeon/Acc_ Conditions_D_Entree_En_France' located by 'By.xpath: //*[@id="accordeon-condition-entree-france"]/section/h3/button' in '1' second(s)

12-02-2025T14:03:05 - [MESSAGE][PASSED] - Object 'Object Repository/A_Version_Nawres/Page_Formulaire_Creation_Dossier/Formulaire_Creation_Dossier_Accordeon/Acc_ Conditions_D_Entree_En_France' is present

12-02-2025T14:03:05 - [TEST_STEP][PASSED] - verifyElementPresent(findTestObject("Object Repository/A_Version_Nawres/Page_Formulaire_Creation_Dossier/Formulaire_Creation_Dossier_Menu/Menu_Antecedents_Administratifs"), 1, STOP_ON_FAILURE): Object 'Object Repository/A_Version_Nawres/Page_Formulaire_Creation_Dossier/Formulaire_Creation_Dossier_Menu/Menu_Antecedents_Administratifs' is present

12-02-2025T14:03:05 - [MESSAGE][INFO] - Finding Test Object 'Object Repository/A_Version_Nawres/Page_Formulaire_Creation_Dossier/Formulaire_Creation_Dossier_Menu/Menu_Antecedents_Administratifs'

12-02-2025T14:03:05 - [MESSAGE][INFO] - Checking object

12-02-2025T14:03:05 - [MESSAGE][INFO] - Finding web element from Test Object's properties

12-02-2025T14:03:05 - [MESSAGE][INFO] - Checking timeout

12-02-2025T14:03:05 - [MESSAGE][INFO] - Finding web element with id: 'Object Repository/A_Version_Nawres/Page_Formulaire_Creation_Dossier/Formulaire_Creation_Dossier_Menu/Menu_Antecedents_Administratifs' located by 'By.xpath: /html/body/app-root/app-layout-borderless/div[3]/app-prise-mesure/div/app-dsfr-onglet-tab/div/div[1]/app-fiche-etranger/div/div[1]/app-dsfr-sidemenu/nav/div/div/ul[6]/li/a' in '1' second(s)

12-02-2025T14:03:05 - [MESSAGE][INFO] - Found 1 web elements with id: 'Object Repository/A_Version_Nawres/Page_Formulaire_Creation_Dossier/Formulaire_Creation_Dossier_Menu/Menu_Antecedents_Administratifs' located by 'By.xpath: /html/body/app-root/app-layout-borderless/div[3]/app-prise-mesure/div/app-dsfr-onglet-tab/div/div[1]/app-fiche-etranger/div/div[1]/app-dsfr-sidemenu/nav/div/div/ul[6]/li/a' in '1' second(s)

12-02-2025T14:03:05 - [MESSAGE][PASSED] - Object 'Object Repository/A_Version_Nawres/Page_Formulaire_Creation_Dossier/Formulaire_Creation_Dossier_Menu/Menu_Antecedents_Administratifs' is present

12-02-2025T14:03:05 - [TEST_STEP][PASSED] - verifyElementPresent(findTestObject("Object Repository/A_Version_Nawres/Page_Formulaire_Creation_Dossier/Formulaire_Creation_Dossier_Accordeon/Acc_Documents_De_Voyage"), 1, STOP_ON_FAILURE): Object 'Object Repository/A_Version_Nawres/Page_Formulaire_Creation_Dossier/Formulaire_Creation_Dossier_Accordeon/Acc_Documents_De_Voyage' is present

12-02-2025T14:03:05 - [MESSAGE][INFO] - Finding Test Object 'Object Repository/A_Version_Nawres/Page_Formulaire_Creation_Dossier/Formulaire_Creation_Dossier_Accordeon/Acc_Documents_De_Voyage'

12-02-2025T14:03:05 - [MESSAGE][INFO] - Checking object

12-02-2025T14:03:05 - [MESSAGE][INFO] - Finding web element from Test Object's properties

12-02-2025T14:03:05 - [MESSAGE][INFO] - Checking timeout

12-02-2025T14:03:05 - [MESSAGE][INFO] - Finding web element with id: 'Object Repository/A_Version_Nawres/Page_Formulaire_Creation_Dossier/Formulaire_Creation_Dossier_Accordeon/Acc_Documents_De_Voyage' located by 'By.xpath: //*[@id="documents_de_voyage"]/app-accordeon-documents-de-voyage/section/h3/button|//*[@id="accordeon-documents-de-voyage"]/section/h3/button' in '1' second(s)

12-02-2025T14:03:05 - [MESSAGE][INFO] - Found 1 web elements with id: 'Object Repository/A_Version_Nawres/Page_Formulaire_Creation_Dossier/Formulaire_Creation_Dossier_Accordeon/Acc_Documents_De_Voyage' located by 'By.xpath: //*[@id="documents_de_voyage"]/app-accordeon-documents-de-voyage/section/h3/button|//*[@id="accordeon-documents-de-voyage"]/section/h3/button' in '1' second(s)

12-02-2025T14:03:05 - [MESSAGE][PASSED] - Object 'Object Repository/A_Version_Nawres/Page_Formulaire_Creation_Dossier/Formulaire_Creation_Dossier_Accordeon/Acc_Documents_De_Voyage' is present

12-02-2025T14:03:05 - [TEST_STEP][PASSED] - verifyElementPresent(findTestObject("Object Repository/A_Version_Nawres/Page_Formulaire_Creation_Dossier/Formulaire_Creation_Dossier_Menu/Menu_Documents_De_Voyage"), 1, STOP_ON_FAILURE): Object 'Object Repository/A_Version_Nawres/Page_Formulaire_Creation_Dossier/Formulaire_Creation_Dossier_Menu/Menu_Documents_De_Voyage' is present

12-02-2025T14:03:05 - [MESSAGE][INFO] - Finding Test Object 'Object Repository/A_Version_Nawres/Page_Formulaire_Creation_Dossier/Formulaire_Creation_Dossier_Menu/Menu_Documents_De_Voyage'

12-02-2025T14:03:05 - [MESSAGE][INFO] - Checking object

12-02-2025T14:03:05 - [MESSAGE][INFO] - Finding web element from Test Object's properties

12-02-2025T14:03:05 - [MESSAGE][INFO] - Checking timeout

12-02-2025T14:03:05 - [MESSAGE][INFO] - Finding web element with id: 'Object Repository/A_Version_Nawres/Page_Formulaire_Creation_Dossier/Formulaire_Creation_Dossier_Menu/Menu_Documents_De_Voyage' located by 'By.xpath: /html/body/app-root/app-layout-borderless/div[3]/app-prise-mesure/div/app-dsfr-onglet-tab/div/div[1]/app-fiche-etranger/div/div[1]/app-dsfr-sidemenu/nav/div/div/ul[7]/li/a' in '1' second(s)

12-02-2025T14:03:05 - [MESSAGE][INFO] - Found 1 web elements with id: 'Object Repository/A_Version_Nawres/Page_Formulaire_Creation_Dossier/Formulaire_Creation_Dossier_Menu/Menu_Documents_De_Voyage' located by 'By.xpath: /html/body/app-root/app-layout-borderless/div[3]/app-prise-mesure/div/app-dsfr-onglet-tab/div/div[1]/app-fiche-etranger/div/div[1]/app-dsfr-sidemenu/nav/div/div/ul[7]/li/a' in '1' second(s)

12-02-2025T14:03:05 - [MESSAGE][PASSED] - Object 'Object Repository/A_Version_Nawres/Page_Formulaire_Creation_Dossier/Formulaire_Creation_Dossier_Menu/Menu_Documents_De_Voyage' is present

12-02-2025T14:03:05 - [TEST_STEP][PASSED] - verifyElementPresent(findTestObject("Object Repository/A_Version_Nawres/Page_Formulaire_Creation_Dossier/Formulaire_Creation_Dossier_Accordeon/Acc_ Sortant_D_Etablissement_Penitentiaire"), 1, STOP_ON_FAILURE): Object 'Object Repository/A_Version_Nawres/Page_Formulaire_Creation_Dossier/Formulaire_Creation_Dossier_Accordeon/Acc_ Sortant_D_Etablissement_Penitentiaire' is present

12-02-2025T14:03:05 - [MESSAGE][INFO] - Finding Test Object 'Object Repository/A_Version_Nawres/Page_Formulaire_Creation_Dossier/Formulaire_Creation_Dossier_Accordeon/Acc_ Sortant_D_Etablissement_Penitentiaire'

12-02-2025T14:03:05 - [MESSAGE][INFO] - Checking object

12-02-2025T14:03:05 - [MESSAGE][INFO] - Finding web element from Test Object's properties

12-02-2025T14:03:05 - [MESSAGE][INFO] - Checking timeout

12-02-2025T14:03:05 - [MESSAGE][INFO] - Finding web element with id: 'Object Repository/A_Version_Nawres/Page_Formulaire_Creation_Dossier/Formulaire_Creation_Dossier_Accordeon/Acc_ Sortant_D_Etablissement_Penitentiaire' located by 'By.xpath: //*[@id="sortant_etablissement_penitentiaire"]/app-accordeaon-sortant-etablissement-penitentiaire/section/h3/button|//*[@id="sortant_etablissement_penitentiaire"]/app-accordeaon-sortant-etablissement-penitentiaire/section/h3/button' in '1' second(s)

12-02-2025T14:03:05 - [MESSAGE][INFO] - Found 1 web elements with id: 'Object Repository/A_Version_Nawres/Page_Formulaire_Creation_Dossier/Formulaire_Creation_Dossier_Accordeon/Acc_ Sortant_D_Etablissement_Penitentiaire' located by 'By.xpath: //*[@id="sortant_etablissement_penitentiaire"]/app-accordeaon-sortant-etablissement-penitentiaire/section/h3/button|//*[@id="sortant_etablissement_penitentiaire"]/app-accordeaon-sortant-etablissement-penitentiaire/section/h3/button' in '1' second(s)

12-02-2025T14:03:05 - [MESSAGE][PASSED] - Object 'Object Repository/A_Version_Nawres/Page_Formulaire_Creation_Dossier/Formulaire_Creation_Dossier_Accordeon/Acc_ Sortant_D_Etablissement_Penitentiaire' is present

12-02-2025T14:03:05 - [TEST_STEP][PASSED] - verifyElementPresent(findTestObject("Object Repository/A_Version_Nawres/Page_Formulaire_Creation_Dossier/Formulaire_Creation_Dossier_Menu/Menu_Sortant_D_Etablissement_Penitentiaire"), 1, STOP_ON_FAILURE): Object 'Object Repository/A_Version_Nawres/Page_Formulaire_Creation_Dossier/Formulaire_Creation_Dossier_Menu/Menu_Sortant_D_Etablissement_Penitentiaire' is present

12-02-2025T14:03:05 - [MESSAGE][INFO] - Finding Test Object 'Object Repository/A_Version_Nawres/Page_Formulaire_Creation_Dossier/Formulaire_Creation_Dossier_Menu/Menu_Sortant_D_Etablissement_Penitentiaire'

12-02-2025T14:03:06 - [MESSAGE][INFO] - Checking object

12-02-2025T14:03:06 - [MESSAGE][INFO] - Finding web element from Test Object's properties

12-02-2025T14:03:06 - [MESSAGE][INFO] - Checking timeout

12-02-2025T14:03:06 - [MESSAGE][INFO] - Finding web element with id: 'Object Repository/A_Version_Nawres/Page_Formulaire_Creation_Dossier/Formulaire_Creation_Dossier_Menu/Menu_Sortant_D_Etablissement_Penitentiaire' located by 'By.xpath: /html/body/app-root/app-layout-borderless/div[3]/app-prise-mesure/div/app-dsfr-onglet-tab/div/div[1]/app-fiche-etranger/div/div[1]/app-dsfr-sidemenu/nav/div/div/ul[9]/li/a' in '1' second(s)

12-02-2025T14:03:06 - [MESSAGE][INFO] - Found 1 web elements with id: 'Object Repository/A_Version_Nawres/Page_Formulaire_Creation_Dossier/Formulaire_Creation_Dossier_Menu/Menu_Sortant_D_Etablissement_Penitentiaire' located by 'By.xpath: /html/body/app-root/app-layout-borderless/div[3]/app-prise-mesure/div/app-dsfr-onglet-tab/div/div[1]/app-fiche-etranger/div/div[1]/app-dsfr-sidemenu/nav/div/div/ul[9]/li/a' in '1' second(s)

12-02-2025T14:03:06 - [MESSAGE][PASSED] - Object 'Object Repository/A_Version_Nawres/Page_Formulaire_Creation_Dossier/Formulaire_Creation_Dossier_Menu/Menu_Sortant_D_Etablissement_Penitentiaire' is present

12-02-2025T14:03:06 - [TEST_STEP][PASSED] - verifyElementPresent(findTestObject("Object Repository/A_Version_Nawres/Page_Formulaire_Creation_Dossier/Formulaire_Creation_Dossier_Menu/Menu_Consultations_Securitaires"), 1, STOP_ON_FAILURE): Object 'Object Repository/A_Version_Nawres/Page_Formulaire_Creation_Dossier/Formulaire_Creation_Dossier_Menu/Menu_Consultations_Securitaires' is present

12-02-2025T14:03:06 - [MESSAGE][INFO] - Finding Test Object 'Object Repository/A_Version_Nawres/Page_Formulaire_Creation_Dossier/Formulaire_Creation_Dossier_Menu/Menu_Consultations_Securitaires'

12-02-2025T14:03:06 - [MESSAGE][INFO] - Checking object

12-02-2025T14:03:06 - [MESSAGE][INFO] - Finding web element from Test Object's properties

12-02-2025T14:03:06 - [MESSAGE][INFO] - Checking timeout

12-02-2025T14:03:06 - [MESSAGE][INFO] - Finding web element with id: 'Object Repository/A_Version_Nawres/Page_Formulaire_Creation_Dossier/Formulaire_Creation_Dossier_Menu/Menu_Consultations_Securitaires' located by 'By.xpath: /html/body/app-root/app-layout-borderless/div[3]/app-prise-mesure/div/app-dsfr-onglet-tab/div/div[1]/app-fiche-etranger/div/div[1]/app-dsfr-sidemenu/nav/div/div/ul[10]/li/a' in '1' second(s)

12-02-2025T14:03:06 - [MESSAGE][INFO] - Found 1 web elements with id: 'Object Repository/A_Version_Nawres/Page_Formulaire_Creation_Dossier/Formulaire_Creation_Dossier_Menu/Menu_Consultations_Securitaires' located by 'By.xpath: /html/body/app-root/app-layout-borderless/div[3]/app-prise-mesure/div/app-dsfr-onglet-tab/div/div[1]/app-fiche-etranger/div/div[1]/app-dsfr-sidemenu/nav/div/div/ul[10]/li/a' in '1' second(s)

12-02-2025T14:03:06 - [MESSAGE][PASSED] - Object 'Object Repository/A_Version_Nawres/Page_Formulaire_Creation_Dossier/Formulaire_Creation_Dossier_Menu/Menu_Consultations_Securitaires' is present

12-02-2025T14:03:06 - [TEST_STEP][PASSED] - "Remplir les champs obligatoire du formulaire": null

12-02-2025T14:03:06 - [TEST_STEP][PASSED] - RandomNom = tools.MyStringTools.genererChaineAleatoire(5): tools.MyStringTools.genererChaineAleatoire is PASSED

12-02-2025T14:03:06 - [MESSAGE][PASSED] - tools.MyStringTools.genererChaineAleatoire is PASSED

12-02-2025T14:03:06 - [TEST_STEP][PASSED] - println(RandomNom): null

12-02-2025T14:03:06 - [TEST_STEP][PASSED] - setText(findTestObject("Object Repository/A_Version_Nawres/Page_Formulaire_Creation_Dossier/Formulaire_Creation_Dossier_Input/input_Nom"), RandomNom, STOP_ON_FAILURE): Text 'sDptK' is set on object 'Object Repository/A_Version_Nawres/Page_Formulaire_Creation_Dossier/Formulaire_Creation_Dossier_Input/input_Nom'

12-02-2025T14:03:06 - [MESSAGE][INFO] - Finding Test Object 'Object Repository/A_Version_Nawres/Page_Formulaire_Creation_Dossier/Formulaire_Creation_Dossier_Input/input_Nom'

12-02-2025T14:03:06 - [MESSAGE][INFO] - Checking timeout

12-02-2025T14:03:06 - [MESSAGE][INFO] - Finding web element with id: 'Object Repository/A_Version_Nawres/Page_Formulaire_Creation_Dossier/Formulaire_Creation_Dossier_Input/input_Nom' located by 'By.xpath: //input[@id="nom"]' in '20' second(s)

12-02-2025T14:03:06 - [MESSAGE][INFO] - Found 1 web elements with id: 'Object Repository/A_Version_Nawres/Page_Formulaire_Creation_Dossier/Formulaire_Creation_Dossier_Input/input_Nom' located by 'By.xpath: //input[@id="nom"]' in '20' second(s)

12-02-2025T14:03:06 - [MESSAGE][INFO] - Checking object

12-02-2025T14:03:06 - [MESSAGE][INFO] - Checking text

12-02-2025T14:03:06 - [MESSAGE][INFO] - Finding web element from Test Object's properties

12-02-2025T14:03:06 - [MESSAGE][INFO] - Checking timeout

12-02-2025T14:03:06 - [MESSAGE][INFO] - Finding web element with id: 'Object Repository/A_Version_Nawres/Page_Formulaire_Creation_Dossier/Formulaire_Creation_Dossier_Input/input_Nom' located by 'By.xpath: //input[@id="nom"]' in '2' second(s)

12-02-2025T14:03:06 - [MESSAGE][INFO] - Found 1 web elements with id: 'Object Repository/A_Version_Nawres/Page_Formulaire_Creation_Dossier/Formulaire_Creation_Dossier_Input/input_Nom' located by 'By.xpath: //input[@id="nom"]' in '2' second(s)

12-02-2025T14:03:06 - [MESSAGE][INFO] - Clearing text of object 'Object Repository/A_Version_Nawres/Page_Formulaire_Creation_Dossier/Formulaire_Creation_Dossier_Input/input_Nom'

12-02-2025T14:03:07 - [MESSAGE][INFO] - Finding web element from Test Object's properties

12-02-2025T14:03:07 - [MESSAGE][INFO] - Checking timeout

12-02-2025T14:03:07 - [MESSAGE][INFO] - Finding web element with id: 'Object Repository/A_Version_Nawres/Page_Formulaire_Creation_Dossier/Formulaire_Creation_Dossier_Input/input_Nom' located by 'By.xpath: //input[@id="nom"]' in '2' second(s)

12-02-2025T14:03:07 - [MESSAGE][INFO] - Found 1 web elements with id: 'Object Repository/A_Version_Nawres/Page_Formulaire_Creation_Dossier/Formulaire_Creation_Dossier_Input/input_Nom' located by 'By.xpath: //input[@id="nom"]' in '2' second(s)

12-02-2025T14:03:07 - [MESSAGE][INFO] - Setting text of object 'Object Repository/A_Version_Nawres/Page_Formulaire_Creation_Dossier/Formulaire_Creation_Dossier_Input/input_Nom' to value 'sDptK'

12-02-2025T14:03:08 - [MESSAGE][PASSED] - Text 'sDptK' is set on object 'Object Repository/A_Version_Nawres/Page_Formulaire_Creation_Dossier/Formulaire_Creation_Dossier_Input/input_Nom'

12-02-2025T14:03:08 - [TEST_STEP][PASSED] - if (Sexe == "Femme"): null

12-02-2025T14:03:08 - [TEST_STEP][PASSED] - if (Sexe == "Homme"): Object: 'Object Repository/A_Version_Nawres/Page_Formulaire_Creation_Dossier/Formulaire_Creation_Dossier_Input/btn_radio_Sexe_M' is clicked on

12-02-2025T14:03:08 - [TEST_STEP][PASSED] - click(findTestObject("Object Repository/A_Version_Nawres/Page_Formulaire_Creation_Dossier/Formulaire_Creation_Dossier_Input/btn_radio_Sexe_M"), STOP_ON_FAILURE): Object: 'Object Repository/A_Version_Nawres/Page_Formulaire_Creation_Dossier/Formulaire_Creation_Dossier_Input/btn_radio_Sexe_M' is clicked on

12-02-2025T14:03:08 - [MESSAGE][INFO] - Finding Test Object 'Object Repository/A_Version_Nawres/Page_Formulaire_Creation_Dossier/Formulaire_Creation_Dossier_Input/btn_radio_Sexe_M'

12-02-2025T14:03:08 - [MESSAGE][INFO] - Checking timeout

12-02-2025T14:03:08 - [MESSAGE][INFO] - Finding web element with id: 'Object Repository/A_Version_Nawres/Page_Formulaire_Creation_Dossier/Formulaire_Creation_Dossier_Input/btn_radio_Sexe_M' located by 'By.xpath: //label[contains(text()," Masculin")]' in '20' second(s)

12-02-2025T14:03:08 - [MESSAGE][INFO] - Found 1 web elements with id: 'Object Repository/A_Version_Nawres/Page_Formulaire_Creation_Dossier/Formulaire_Creation_Dossier_Input/btn_radio_Sexe_M' located by 'By.xpath: //label[contains(text()," Masculin")]' in '20' second(s)

12-02-2025T14:03:08 - [MESSAGE][INFO] - Checking object

12-02-2025T14:03:08 - [MESSAGE][INFO] - Checking timeout

12-02-2025T14:03:08 - [MESSAGE][INFO] - Finding web element from Test Object's properties

12-02-2025T14:03:08 - [MESSAGE][INFO] - Checking timeout

12-02-2025T14:03:08 - [MESSAGE][INFO] - Finding web element with id: 'Object Repository/A_Version_Nawres/Page_Formulaire_Creation_Dossier/Formulaire_Creation_Dossier_Input/btn_radio_Sexe_M' located by 'By.xpath: //label[contains(text()," Masculin")]' in '2' second(s)

12-02-2025T14:03:08 - [MESSAGE][INFO] - Found 1 web elements with id: 'Object Repository/A_Version_Nawres/Page_Formulaire_Creation_Dossier/Formulaire_Creation_Dossier_Input/btn_radio_Sexe_M' located by 'By.xpath: //label[contains(text()," Masculin")]' in '2' second(s)

12-02-2025T14:03:08 - [MESSAGE][INFO] - Clicking on object: 'Object Repository/A_Version_Nawres/Page_Formulaire_Creation_Dossier/Formulaire_Creation_Dossier_Input/btn_radio_Sexe_M'

12-02-2025T14:03:09 - [MESSAGE][PASSED] - Object: 'Object Repository/A_Version_Nawres/Page_Formulaire_Creation_Dossier/Formulaire_Creation_Dossier_Input/btn_radio_Sexe_M' is clicked on

12-02-2025T14:03:09 - [TEST_STEP][PASSED] - click(findTestObject("Object Repository/A_Version_Nawres/Page_Formulaire_Creation_Dossier/Formulaire_Creation_Dossier_Input/btn_Radio_Date_Naissance_Approximative"), STOP_ON_FAILURE): Object: 'Object Repository/A_Version_Nawres/Page_Formulaire_Creation_Dossier/Formulaire_Creation_Dossier_Input/btn_Radio_Date_Naissance_Approximative' is clicked on

12-02-2025T14:03:09 - [MESSAGE][INFO] - Finding Test Object 'Object Repository/A_Version_Nawres/Page_Formulaire_Creation_Dossier/Formulaire_Creation_Dossier_Input/btn_Radio_Date_Naissance_Approximative'

12-02-2025T14:03:09 - [MESSAGE][INFO] - Checking timeout

12-02-2025T14:03:09 - [MESSAGE][INFO] - Finding web element with id: 'Object Repository/A_Version_Nawres/Page_Formulaire_Creation_Dossier/Formulaire_Creation_Dossier_Input/btn_Radio_Date_Naissance_Approximative' located by 'By.xpath: //label[contains(text(),' Approximative ')]' in '20' second(s)

12-02-2025T14:03:09 - [MESSAGE][INFO] - Found 1 web elements with id: 'Object Repository/A_Version_Nawres/Page_Formulaire_Creation_Dossier/Formulaire_Creation_Dossier_Input/btn_Radio_Date_Naissance_Approximative' located by 'By.xpath: //label[contains(text(),' Approximative ')]' in '20' second(s)

12-02-2025T14:03:09 - [MESSAGE][INFO] - Checking object

12-02-2025T14:03:09 - [MESSAGE][INFO] - Checking timeout

12-02-2025T14:03:09 - [MESSAGE][INFO] - Finding web element from Test Object's properties

12-02-2025T14:03:09 - [MESSAGE][INFO] - Checking timeout

12-02-2025T14:03:09 - [MESSAGE][INFO] - Finding web element with id: 'Object Repository/A_Version_Nawres/Page_Formulaire_Creation_Dossier/Formulaire_Creation_Dossier_Input/btn_Radio_Date_Naissance_Approximative' located by 'By.xpath: //label[contains(text(),' Approximative ')]' in '2' second(s)

12-02-2025T14:03:09 - [MESSAGE][INFO] - Found 1 web elements with id: 'Object Repository/A_Version_Nawres/Page_Formulaire_Creation_Dossier/Formulaire_Creation_Dossier_Input/btn_Radio_Date_Naissance_Approximative' located by 'By.xpath: //label[contains(text(),' Approximative ')]' in '2' second(s)

12-02-2025T14:03:09 - [MESSAGE][INFO] - Clicking on object: 'Object Repository/A_Version_Nawres/Page_Formulaire_Creation_Dossier/Formulaire_Creation_Dossier_Input/btn_Radio_Date_Naissance_Approximative'

12-02-2025T14:03:11 - [MESSAGE][PASSED] - Object: 'Object Repository/A_Version_Nawres/Page_Formulaire_Creation_Dossier/Formulaire_Creation_Dossier_Input/btn_Radio_Date_Naissance_Approximative' is clicked on

12-02-2025T14:03:11 - [TEST_STEP][PASSED] - setText(findTestObject("Object Repository/A_Version_Nawres/Page_Formulaire_Creation_Dossier/Formulaire_Creation_Dossier_Input/input_Date_De_Naissance_Annee"), AnneeNaissance, STOP_ON_FAILURE): Text '1997' is set on object 'Object Repository/A_Version_Nawres/Page_Formulaire_Creation_Dossier/Formulaire_Creation_Dossier_Input/input_Date_De_Naissance_Annee'

12-02-2025T14:03:11 - [MESSAGE][INFO] - Finding Test Object 'Object Repository/A_Version_Nawres/Page_Formulaire_Creation_Dossier/Formulaire_Creation_Dossier_Input/input_Date_De_Naissance_Annee'

12-02-2025T14:03:11 - [MESSAGE][INFO] - Checking timeout

12-02-2025T14:03:11 - [MESSAGE][INFO] - Finding web element with id: 'Object Repository/A_Version_Nawres/Page_Formulaire_Creation_Dossier/Formulaire_Creation_Dossier_Input/input_Date_De_Naissance_Annee' located by 'By.xpath: //input[@id="annee"]' in '20' second(s)

12-02-2025T14:03:11 - [MESSAGE][INFO] - Found 1 web elements with id: 'Object Repository/A_Version_Nawres/Page_Formulaire_Creation_Dossier/Formulaire_Creation_Dossier_Input/input_Date_De_Naissance_Annee' located by 'By.xpath: //input[@id="annee"]' in '20' second(s)

12-02-2025T14:03:11 - [MESSAGE][INFO] - Checking object

12-02-2025T14:03:11 - [MESSAGE][INFO] - Checking text

12-02-2025T14:03:11 - [MESSAGE][INFO] - Finding web element from Test Object's properties

12-02-2025T14:03:11 - [MESSAGE][INFO] - Checking timeout

12-02-2025T14:03:11 - [MESSAGE][INFO] - Finding web element with id: 'Object Repository/A_Version_Nawres/Page_Formulaire_Creation_Dossier/Formulaire_Creation_Dossier_Input/input_Date_De_Naissance_Annee' located by 'By.xpath: //input[@id="annee"]' in '2' second(s)

12-02-2025T14:03:11 - [MESSAGE][INFO] - Found 1 web elements with id: 'Object Repository/A_Version_Nawres/Page_Formulaire_Creation_Dossier/Formulaire_Creation_Dossier_Input/input_Date_De_Naissance_Annee' located by 'By.xpath: //input[@id="annee"]' in '2' second(s)

12-02-2025T14:03:11 - [MESSAGE][INFO] - Clearing text of object 'Object Repository/A_Version_Nawres/Page_Formulaire_Creation_Dossier/Formulaire_Creation_Dossier_Input/input_Date_De_Naissance_Annee'

12-02-2025T14:03:12 - [MESSAGE][INFO] - Finding web element from Test Object's properties

12-02-2025T14:03:12 - [MESSAGE][INFO] - Checking timeout

12-02-2025T14:03:12 - [MESSAGE][INFO] - Finding web element with id: 'Object Repository/A_Version_Nawres/Page_Formulaire_Creation_Dossier/Formulaire_Creation_Dossier_Input/input_Date_De_Naissance_Annee' located by 'By.xpath: //input[@id="annee"]' in '2' second(s)

12-02-2025T14:03:12 - [MESSAGE][INFO] - Found 1 web elements with id: 'Object Repository/A_Version_Nawres/Page_Formulaire_Creation_Dossier/Formulaire_Creation_Dossier_Input/input_Date_De_Naissance_Annee' located by 'By.xpath: //input[@id="annee"]' in '2' second(s)

12-02-2025T14:03:12 - [MESSAGE][INFO] - Setting text of object 'Object Repository/A_Version_Nawres/Page_Formulaire_Creation_Dossier/Formulaire_Creation_Dossier_Input/input_Date_De_Naissance_Annee' to value '1997'

12-02-2025T14:03:13 - [MESSAGE][PASSED] - Text '1997' is set on object 'Object Repository/A_Version_Nawres/Page_Formulaire_Creation_Dossier/Formulaire_Creation_Dossier_Input/input_Date_De_Naissance_Annee'

12-02-2025T14:03:13 - [TEST_STEP][PASSED] - if (Nationnalite == "RPT"): All options with label 'ALGERIE' are selected in object 'Object Repository/A_Version_Nawres/Page_Formulaire_Creation_Dossier/Formulaire_Creation_Dossier_Input/select_Pays_De_Naissance' 

12-02-2025T14:03:13 - [TEST_STEP][PASSED] - selectOptionByLabel(findTestObject("Object Repository/A_Version_Nawres/Page_Formulaire_Creation_Dossier/Formulaire_Creation_Dossier_Input/select_Pays_De_Naissance"), "ALGERIE", false, STOP_ON_FAILURE): All options with label 'ALGERIE' are selected in object 'Object Repository/A_Version_Nawres/Page_Formulaire_Creation_Dossier/Formulaire_Creation_Dossier_Input/select_Pays_De_Naissance' 

12-02-2025T14:03:13 - [MESSAGE][INFO] - Finding Test Object 'Object Repository/A_Version_Nawres/Page_Formulaire_Creation_Dossier/Formulaire_Creation_Dossier_Input/select_Pays_De_Naissance'

12-02-2025T14:03:13 - [MESSAGE][INFO] - Checking timeout

12-02-2025T14:03:13 - [MESSAGE][INFO] - Finding web element with id: 'Object Repository/A_Version_Nawres/Page_Formulaire_Creation_Dossier/Formulaire_Creation_Dossier_Input/select_Pays_De_Naissance' located by 'By.xpath: //select[@id="pays_naissance"]' in '20' second(s)

12-02-2025T14:03:13 - [MESSAGE][INFO] - Found 1 web elements with id: 'Object Repository/A_Version_Nawres/Page_Formulaire_Creation_Dossier/Formulaire_Creation_Dossier_Input/select_Pays_De_Naissance' located by 'By.xpath: //select[@id="pays_naissance"]' in '20' second(s)

12-02-2025T14:03:13 - [MESSAGE][INFO] - Checking object

12-02-2025T14:03:13 - [MESSAGE][INFO] - Checking label parameter

12-02-2025T14:03:13 - [MESSAGE][INFO] - Finding web element from Test Object's properties

12-02-2025T14:03:13 - [MESSAGE][INFO] - Checking timeout

12-02-2025T14:03:13 - [MESSAGE][INFO] - Finding web element with id: 'Object Repository/A_Version_Nawres/Page_Formulaire_Creation_Dossier/Formulaire_Creation_Dossier_Input/select_Pays_De_Naissance' located by 'By.xpath: //select[@id="pays_naissance"]' in '2' second(s)

12-02-2025T14:03:13 - [MESSAGE][INFO] - Found 1 web elements with id: 'Object Repository/A_Version_Nawres/Page_Formulaire_Creation_Dossier/Formulaire_Creation_Dossier_Input/select_Pays_De_Naissance' located by 'By.xpath: //select[@id="pays_naissance"]' in '2' second(s)

12-02-2025T14:03:13 - [MESSAGE][INFO] - Selecting options on object 'Object Repository/A_Version_Nawres/Page_Formulaire_Creation_Dossier/Formulaire_Creation_Dossier_Input/select_Pays_De_Naissance' with label 'ALGERIE' 

12-02-2025T14:03:14 - [MESSAGE][PASSED] - All options with label 'ALGERIE' are selected in object 'Object Repository/A_Version_Nawres/Page_Formulaire_Creation_Dossier/Formulaire_Creation_Dossier_Input/select_Pays_De_Naissance' 

12-02-2025T14:03:14 - [TEST_STEP][PASSED] - if (Nationnalite == "RUE"): null

12-02-2025T14:03:14 - [TEST_STEP][PASSED] - if (Nationnalite == "RPT"): All options with label 'algÃ©rienne' are selected in object 'Object Repository/A_Version_Nawres/Page_Formulaire_Creation_Dossier/Formulaire_Creation_Dossier_Input/select_Nationnalite' 

12-02-2025T14:03:14 - [TEST_STEP][PASSED] - selectOptionByLabel(findTestObject("Object Repository/A_Version_Nawres/Page_Formulaire_Creation_Dossier/Formulaire_Creation_Dossier_Input/select_Nationnalite"), "algÃ©rienne", false, STOP_ON_FAILURE): All options with label 'algÃ©rienne' are selected in object 'Object Repository/A_Version_Nawres/Page_Formulaire_Creation_Dossier/Formulaire_Creation_Dossier_Input/select_Nationnalite' 

12-02-2025T14:03:14 - [MESSAGE][INFO] - Finding Test Object 'Object Repository/A_Version_Nawres/Page_Formulaire_Creation_Dossier/Formulaire_Creation_Dossier_Input/select_Nationnalite'

12-02-2025T14:03:14 - [MESSAGE][INFO] - Checking timeout

12-02-2025T14:03:14 - [MESSAGE][INFO] - Finding web element with id: 'Object Repository/A_Version_Nawres/Page_Formulaire_Creation_Dossier/Formulaire_Creation_Dossier_Input/select_Nationnalite' located by 'By.xpath: //select[@id="nationalite"]' in '20' second(s)

12-02-2025T14:03:14 - [MESSAGE][INFO] - Found 1 web elements with id: 'Object Repository/A_Version_Nawres/Page_Formulaire_Creation_Dossier/Formulaire_Creation_Dossier_Input/select_Nationnalite' located by 'By.xpath: //select[@id="nationalite"]' in '20' second(s)

12-02-2025T14:03:14 - [MESSAGE][INFO] - Checking object

12-02-2025T14:03:14 - [MESSAGE][INFO] - Checking label parameter

12-02-2025T14:03:14 - [MESSAGE][INFO] - Finding web element from Test Object's properties

12-02-2025T14:03:14 - [MESSAGE][INFO] - Checking timeout

12-02-2025T14:03:14 - [MESSAGE][INFO] - Finding web element with id: 'Object Repository/A_Version_Nawres/Page_Formulaire_Creation_Dossier/Formulaire_Creation_Dossier_Input/select_Nationnalite' located by 'By.xpath: //select[@id="nationalite"]' in '2' second(s)

12-02-2025T14:03:14 - [MESSAGE][INFO] - Found 1 web elements with id: 'Object Repository/A_Version_Nawres/Page_Formulaire_Creation_Dossier/Formulaire_Creation_Dossier_Input/select_Nationnalite' located by 'By.xpath: //select[@id="nationalite"]' in '2' second(s)

12-02-2025T14:03:14 - [MESSAGE][INFO] - Selecting options on object 'Object Repository/A_Version_Nawres/Page_Formulaire_Creation_Dossier/Formulaire_Creation_Dossier_Input/select_Nationnalite' with label 'algÃ©rienne' 

12-02-2025T14:03:15 - [MESSAGE][PASSED] - All options with label 'algÃ©rienne' are selected in object 'Object Repository/A_Version_Nawres/Page_Formulaire_Creation_Dossier/Formulaire_Creation_Dossier_Input/select_Nationnalite' 

12-02-2025T14:03:15 - [TEST_STEP][PASSED] - if (Nationnalite == "RUE"): null

12-02-2025T14:03:15 - [TEST_STEP][PASSED] - if (Nationnalite == "RPT"): Text 'Wahran' is set on object 'Object Repository/A_Version_Nawres/Page_Formulaire_Creation_Dossier/Formulaire_Creation_Dossier_Input/input_Lieu_De_Naissance'

12-02-2025T14:03:15 - [TEST_STEP][PASSED] - setText(findTestObject("Object Repository/A_Version_Nawres/Page_Formulaire_Creation_Dossier/Formulaire_Creation_Dossier_Input/input_Lieu_De_Naissance"), "Wahran", STOP_ON_FAILURE): Text 'Wahran' is set on object 'Object Repository/A_Version_Nawres/Page_Formulaire_Creation_Dossier/Formulaire_Creation_Dossier_Input/input_Lieu_De_Naissance'

12-02-2025T14:03:15 - [MESSAGE][INFO] - Finding Test Object 'Object Repository/A_Version_Nawres/Page_Formulaire_Creation_Dossier/Formulaire_Creation_Dossier_Input/input_Lieu_De_Naissance'

12-02-2025T14:03:15 - [MESSAGE][INFO] - Checking timeout

12-02-2025T14:03:15 - [MESSAGE][INFO] - Finding web element with id: 'Object Repository/A_Version_Nawres/Page_Formulaire_Creation_Dossier/Formulaire_Creation_Dossier_Input/input_Lieu_De_Naissance' located by 'By.xpath: //input[@id="ville_naissance"]' in '20' second(s)

12-02-2025T14:03:15 - [MESSAGE][INFO] - Found 1 web elements with id: 'Object Repository/A_Version_Nawres/Page_Formulaire_Creation_Dossier/Formulaire_Creation_Dossier_Input/input_Lieu_De_Naissance' located by 'By.xpath: //input[@id="ville_naissance"]' in '20' second(s)

12-02-2025T14:03:15 - [MESSAGE][INFO] - Checking object

12-02-2025T14:03:15 - [MESSAGE][INFO] - Checking text

12-02-2025T14:03:15 - [MESSAGE][INFO] - Finding web element from Test Object's properties

12-02-2025T14:03:15 - [MESSAGE][INFO] - Checking timeout

12-02-2025T14:03:15 - [MESSAGE][INFO] - Finding web element with id: 'Object Repository/A_Version_Nawres/Page_Formulaire_Creation_Dossier/Formulaire_Creation_Dossier_Input/input_Lieu_De_Naissance' located by 'By.xpath: //input[@id="ville_naissance"]' in '2' second(s)

12-02-2025T14:03:16 - [MESSAGE][INFO] - Found 1 web elements with id: 'Object Repository/A_Version_Nawres/Page_Formulaire_Creation_Dossier/Formulaire_Creation_Dossier_Input/input_Lieu_De_Naissance' located by 'By.xpath: //input[@id="ville_naissance"]' in '2' second(s)

12-02-2025T14:03:16 - [MESSAGE][INFO] - Clearing text of object 'Object Repository/A_Version_Nawres/Page_Formulaire_Creation_Dossier/Formulaire_Creation_Dossier_Input/input_Lieu_De_Naissance'

12-02-2025T14:03:17 - [MESSAGE][INFO] - Finding web element from Test Object's properties

12-02-2025T14:03:17 - [MESSAGE][INFO] - Checking timeout

12-02-2025T14:03:17 - [MESSAGE][INFO] - Finding web element with id: 'Object Repository/A_Version_Nawres/Page_Formulaire_Creation_Dossier/Formulaire_Creation_Dossier_Input/input_Lieu_De_Naissance' located by 'By.xpath: //input[@id="ville_naissance"]' in '2' second(s)

12-02-2025T14:03:17 - [MESSAGE][INFO] - Found 1 web elements with id: 'Object Repository/A_Version_Nawres/Page_Formulaire_Creation_Dossier/Formulaire_Creation_Dossier_Input/input_Lieu_De_Naissance' located by 'By.xpath: //input[@id="ville_naissance"]' in '2' second(s)

12-02-2025T14:03:17 - [MESSAGE][INFO] - Setting text of object 'Object Repository/A_Version_Nawres/Page_Formulaire_Creation_Dossier/Formulaire_Creation_Dossier_Input/input_Lieu_De_Naissance' to value 'Wahran'

12-02-2025T14:03:18 - [MESSAGE][PASSED] - Text 'Wahran' is set on object 'Object Repository/A_Version_Nawres/Page_Formulaire_Creation_Dossier/Formulaire_Creation_Dossier_Input/input_Lieu_De_Naissance'

12-02-2025T14:03:18 - [TEST_STEP][PASSED] - if (Nationnalite == "RUE"): null

12-02-2025T14:03:18 - [TEST_STEP][PASSED] - selectOptionByLabel(findTestObject("Object Repository/A_Version_Nawres/Page_Formulaire_Creation_Dossier/Formulaire_Creation_Dossier_Input/select_Situation_Familiale"), "CÃ©libataire", false, STOP_ON_FAILURE): All options with label 'CÃ©libataire' are selected in object 'Object Repository/A_Version_Nawres/Page_Formulaire_Creation_Dossier/Formulaire_Creation_Dossier_Input/select_Situation_Familiale' 

12-02-2025T14:03:18 - [MESSAGE][INFO] - Finding Test Object 'Object Repository/A_Version_Nawres/Page_Formulaire_Creation_Dossier/Formulaire_Creation_Dossier_Input/select_Situation_Familiale'

12-02-2025T14:03:18 - [MESSAGE][INFO] - Checking timeout

12-02-2025T14:03:18 - [MESSAGE][INFO] - Finding web element with id: 'Object Repository/A_Version_Nawres/Page_Formulaire_Creation_Dossier/Formulaire_Creation_Dossier_Input/select_Situation_Familiale' located by 'By.xpath: //select[@id="situation_familiale"]' in '20' second(s)

12-02-2025T14:03:18 - [MESSAGE][INFO] - Found 1 web elements with id: 'Object Repository/A_Version_Nawres/Page_Formulaire_Creation_Dossier/Formulaire_Creation_Dossier_Input/select_Situation_Familiale' located by 'By.xpath: //select[@id="situation_familiale"]' in '20' second(s)

12-02-2025T14:03:18 - [MESSAGE][INFO] - Checking object

12-02-2025T14:03:18 - [MESSAGE][INFO] - Checking label parameter

12-02-2025T14:03:18 - [MESSAGE][INFO] - Finding web element from Test Object's properties

12-02-2025T14:03:18 - [MESSAGE][INFO] - Checking timeout

12-02-2025T14:03:18 - [MESSAGE][INFO] - Finding web element with id: 'Object Repository/A_Version_Nawres/Page_Formulaire_Creation_Dossier/Formulaire_Creation_Dossier_Input/select_Situation_Familiale' located by 'By.xpath: //select[@id="situation_familiale"]' in '2' second(s)

12-02-2025T14:03:18 - [MESSAGE][INFO] - Found 1 web elements with id: 'Object Repository/A_Version_Nawres/Page_Formulaire_Creation_Dossier/Formulaire_Creation_Dossier_Input/select_Situation_Familiale' located by 'By.xpath: //select[@id="situation_familiale"]' in '2' second(s)

12-02-2025T14:03:18 - [MESSAGE][INFO] - Selecting options on object 'Object Repository/A_Version_Nawres/Page_Formulaire_Creation_Dossier/Formulaire_Creation_Dossier_Input/select_Situation_Familiale' with label 'CÃ©libataire' 

12-02-2025T14:03:19 - [MESSAGE][PASSED] - All options with label 'CÃ©libataire' are selected in object 'Object Repository/A_Version_Nawres/Page_Formulaire_Creation_Dossier/Formulaire_Creation_Dossier_Input/select_Situation_Familiale' 

12-02-2025T14:03:19 - [TEST_STEP][PASSED] - setText(findTestObject("Object Repository/A_Version_Nawres/Page_Formulaire_Creation_Dossier/Formulaire_Creation_Dossier_Input/input_Date_Entree_En_France"), "22/03/2020"): Text '22/03/2020' is set on object 'Object Repository/A_Version_Nawres/Page_Formulaire_Creation_Dossier/Formulaire_Creation_Dossier_Input/input_Date_Entree_En_France'

12-02-2025T14:03:19 - [MESSAGE][INFO] - Finding Test Object 'Object Repository/A_Version_Nawres/Page_Formulaire_Creation_Dossier/Formulaire_Creation_Dossier_Input/input_Date_Entree_En_France'

12-02-2025T14:03:19 - [MESSAGE][INFO] - Checking timeout

12-02-2025T14:03:19 - [MESSAGE][INFO] - Finding web element with id: 'Object Repository/A_Version_Nawres/Page_Formulaire_Creation_Dossier/Formulaire_Creation_Dossier_Input/input_Date_Entree_En_France' located by 'By.xpath: //input[@id="date_entree_en_france"]' in '20' second(s)

12-02-2025T14:03:19 - [MESSAGE][INFO] - Found 1 web elements with id: 'Object Repository/A_Version_Nawres/Page_Formulaire_Creation_Dossier/Formulaire_Creation_Dossier_Input/input_Date_Entree_En_France' located by 'By.xpath: //input[@id="date_entree_en_france"]' in '20' second(s)

12-02-2025T14:03:19 - [MESSAGE][INFO] - Checking object

12-02-2025T14:03:19 - [MESSAGE][INFO] - Checking text

12-02-2025T14:03:19 - [MESSAGE][INFO] - Finding web element from Test Object's properties

12-02-2025T14:03:19 - [MESSAGE][INFO] - Checking timeout

12-02-2025T14:03:19 - [MESSAGE][INFO] - Finding web element with id: 'Object Repository/A_Version_Nawres/Page_Formulaire_Creation_Dossier/Formulaire_Creation_Dossier_Input/input_Date_Entree_En_France' located by 'By.xpath: //input[@id="date_entree_en_france"]' in '2' second(s)

12-02-2025T14:03:19 - [MESSAGE][INFO] - Found 1 web elements with id: 'Object Repository/A_Version_Nawres/Page_Formulaire_Creation_Dossier/Formulaire_Creation_Dossier_Input/input_Date_Entree_En_France' located by 'By.xpath: //input[@id="date_entree_en_france"]' in '2' second(s)

12-02-2025T14:03:19 - [MESSAGE][INFO] - Clearing text of object 'Object Repository/A_Version_Nawres/Page_Formulaire_Creation_Dossier/Formulaire_Creation_Dossier_Input/input_Date_Entree_En_France'

12-02-2025T14:03:20 - [MESSAGE][INFO] - Finding web element from Test Object's properties

12-02-2025T14:03:20 - [MESSAGE][INFO] - Checking timeout

12-02-2025T14:03:20 - [MESSAGE][INFO] - Finding web element with id: 'Object Repository/A_Version_Nawres/Page_Formulaire_Creation_Dossier/Formulaire_Creation_Dossier_Input/input_Date_Entree_En_France' located by 'By.xpath: //input[@id="date_entree_en_france"]' in '2' second(s)

12-02-2025T14:03:20 - [MESSAGE][INFO] - Found 1 web elements with id: 'Object Repository/A_Version_Nawres/Page_Formulaire_Creation_Dossier/Formulaire_Creation_Dossier_Input/input_Date_Entree_En_France' located by 'By.xpath: //input[@id="date_entree_en_france"]' in '2' second(s)

12-02-2025T14:03:20 - [MESSAGE][INFO] - Setting text of object 'Object Repository/A_Version_Nawres/Page_Formulaire_Creation_Dossier/Formulaire_Creation_Dossier_Input/input_Date_Entree_En_France' to value '22/03/2020'

12-02-2025T14:03:21 - [MESSAGE][PASSED] - Text '22/03/2020' is set on object 'Object Repository/A_Version_Nawres/Page_Formulaire_Creation_Dossier/Formulaire_Creation_Dossier_Input/input_Date_Entree_En_France'

12-02-2025T14:03:21 - [TEST_STEP][PASSED] - selectOptionByLabel(findTestObject("Object Repository/A_Version_Nawres/Page_Formulaire_Creation_Dossier/Formulaire_Creation_Dossier_Input/select_Condition_Entree_En_France"), "IrrÃ©guliÃ¨re", false, STOP_ON_FAILURE): All options with label 'IrrÃ©guliÃ¨re' are selected in object 'Object Repository/A_Version_Nawres/Page_Formulaire_Creation_Dossier/Formulaire_Creation_Dossier_Input/select_Condition_Entree_En_France' 

12-02-2025T14:03:21 - [MESSAGE][INFO] - Finding Test Object 'Object Repository/A_Version_Nawres/Page_Formulaire_Creation_Dossier/Formulaire_Creation_Dossier_Input/select_Condition_Entree_En_France'

12-02-2025T14:03:21 - [MESSAGE][INFO] - Checking timeout

12-02-2025T14:03:21 - [MESSAGE][INFO] - Finding web element with id: 'Object Repository/A_Version_Nawres/Page_Formulaire_Creation_Dossier/Formulaire_Creation_Dossier_Input/select_Condition_Entree_En_France' located by 'By.xpath: //select[@id="condition_entree_france"]' in '20' second(s)

12-02-2025T14:03:21 - [MESSAGE][INFO] - Found 1 web elements with id: 'Object Repository/A_Version_Nawres/Page_Formulaire_Creation_Dossier/Formulaire_Creation_Dossier_Input/select_Condition_Entree_En_France' located by 'By.xpath: //select[@id="condition_entree_france"]' in '20' second(s)

12-02-2025T14:03:21 - [MESSAGE][INFO] - Checking object

12-02-2025T14:03:21 - [MESSAGE][INFO] - Checking label parameter

12-02-2025T14:03:21 - [MESSAGE][INFO] - Finding web element from Test Object's properties

12-02-2025T14:03:21 - [MESSAGE][INFO] - Checking timeout

12-02-2025T14:03:21 - [MESSAGE][INFO] - Finding web element with id: 'Object Repository/A_Version_Nawres/Page_Formulaire_Creation_Dossier/Formulaire_Creation_Dossier_Input/select_Condition_Entree_En_France' located by 'By.xpath: //select[@id="condition_entree_france"]' in '2' second(s)

12-02-2025T14:03:21 - [MESSAGE][INFO] - Found 1 web elements with id: 'Object Repository/A_Version_Nawres/Page_Formulaire_Creation_Dossier/Formulaire_Creation_Dossier_Input/select_Condition_Entree_En_France' located by 'By.xpath: //select[@id="condition_entree_france"]' in '2' second(s)

12-02-2025T14:03:21 - [MESSAGE][INFO] - Selecting options on object 'Object Repository/A_Version_Nawres/Page_Formulaire_Creation_Dossier/Formulaire_Creation_Dossier_Input/select_Condition_Entree_En_France' with label 'IrrÃ©guliÃ¨re' 

12-02-2025T14:03:23 - [MESSAGE][PASSED] - All options with label 'IrrÃ©guliÃ¨re' are selected in object 'Object Repository/A_Version_Nawres/Page_Formulaire_Creation_Dossier/Formulaire_Creation_Dossier_Input/select_Condition_Entree_En_France' 

12-02-2025T14:03:23 - [TEST_STEP][PASSED] - if (ControleChampsCreation == "true"): null

12-02-2025T14:03:23 - [TEST_STEP][PASSED] - click(findTestObject("Object Repository/A_Version_Nawres/Page_Formulaire_Creation_Dossier/Formulaire_Creation_Dossier_Input/btn_Enregistrer"), STOP_ON_FAILURE): Object: 'Object Repository/A_Version_Nawres/Page_Formulaire_Creation_Dossier/Formulaire_Creation_Dossier_Input/btn_Enregistrer' is clicked on

12-02-2025T14:03:23 - [MESSAGE][INFO] - Finding Test Object 'Object Repository/A_Version_Nawres/Page_Formulaire_Creation_Dossier/Formulaire_Creation_Dossier_Input/btn_Enregistrer'

12-02-2025T14:03:23 - [MESSAGE][INFO] - Checking timeout

12-02-2025T14:03:23 - [MESSAGE][INFO] - Finding web element with id: 'Object Repository/A_Version_Nawres/Page_Formulaire_Creation_Dossier/Formulaire_Creation_Dossier_Input/btn_Enregistrer' located by 'By.xpath: /html/body/app-root/app-layout-borderless/div[3]/app-prise-mesure/app-nav-prise-mesure//div/button[@title="Enregistrer"]' in '20' second(s)

12-02-2025T14:03:23 - [MESSAGE][INFO] - Found 1 web elements with id: 'Object Repository/A_Version_Nawres/Page_Formulaire_Creation_Dossier/Formulaire_Creation_Dossier_Input/btn_Enregistrer' located by 'By.xpath: /html/body/app-root/app-layout-borderless/div[3]/app-prise-mesure/app-nav-prise-mesure//div/button[@title="Enregistrer"]' in '20' second(s)

12-02-2025T14:03:23 - [MESSAGE][INFO] - Checking object

12-02-2025T14:03:23 - [MESSAGE][INFO] - Checking timeout

12-02-2025T14:03:23 - [MESSAGE][INFO] - Finding web element from Test Object's properties

12-02-2025T14:03:23 - [MESSAGE][INFO] - Checking timeout

12-02-2025T14:03:23 - [MESSAGE][INFO] - Finding web element with id: 'Object Repository/A_Version_Nawres/Page_Formulaire_Creation_Dossier/Formulaire_Creation_Dossier_Input/btn_Enregistrer' located by 'By.xpath: /html/body/app-root/app-layout-borderless/div[3]/app-prise-mesure/app-nav-prise-mesure//div/button[@title="Enregistrer"]' in '2' second(s)

12-02-2025T14:03:23 - [MESSAGE][INFO] - Found 1 web elements with id: 'Object Repository/A_Version_Nawres/Page_Formulaire_Creation_Dossier/Formulaire_Creation_Dossier_Input/btn_Enregistrer' located by 'By.xpath: /html/body/app-root/app-layout-borderless/div[3]/app-prise-mesure/app-nav-prise-mesure//div/button[@title="Enregistrer"]' in '2' second(s)

12-02-2025T14:03:23 - [MESSAGE][INFO] - Clicking on object: 'Object Repository/A_Version_Nawres/Page_Formulaire_Creation_Dossier/Formulaire_Creation_Dossier_Input/btn_Enregistrer'

12-02-2025T14:03:24 - [MESSAGE][PASSED] - Object: 'Object Repository/A_Version_Nawres/Page_Formulaire_Creation_Dossier/Formulaire_Creation_Dossier_Input/btn_Enregistrer' is clicked on

12-02-2025T14:03:24 - [TEST_STEP][PASSED] - verifyElementPresent(findTestObject("Object Repository/A_Version_Nawres/Page_Formulaire_Creation_Dossier/Formulaire_Creation_Dossier_Input/btn_Valider_Attribuer_Numero_Etranger"), 4, STOP_ON_FAILURE): Object 'Object Repository/A_Version_Nawres/Page_Formulaire_Creation_Dossier/Formulaire_Creation_Dossier_Input/btn_Valider_Attribuer_Numero_Etranger' is present

12-02-2025T14:03:24 - [MESSAGE][INFO] - Finding Test Object 'Object Repository/A_Version_Nawres/Page_Formulaire_Creation_Dossier/Formulaire_Creation_Dossier_Input/btn_Valider_Attribuer_Numero_Etranger'

12-02-2025T14:03:24 - [MESSAGE][INFO] - Checking object

12-02-2025T14:03:24 - [MESSAGE][INFO] - Finding web element from Test Object's properties

12-02-2025T14:03:24 - [MESSAGE][INFO] - Checking timeout

12-02-2025T14:03:24 - [MESSAGE][INFO] - Finding web element with id: 'Object Repository/A_Version_Nawres/Page_Formulaire_Creation_Dossier/Formulaire_Creation_Dossier_Input/btn_Valider_Attribuer_Numero_Etranger' located by 'By.xpath: //button[@title="Valider et attribuer un numÃ©ro Ã©tranger"]' in '4' second(s)

12-02-2025T14:03:24 - [MESSAGE][INFO] - Found 1 web elements with id: 'Object Repository/A_Version_Nawres/Page_Formulaire_Creation_Dossier/Formulaire_Creation_Dossier_Input/btn_Valider_Attribuer_Numero_Etranger' located by 'By.xpath: //button[@title="Valider et attribuer un numÃ©ro Ã©tranger"]' in '4' second(s)

12-02-2025T14:03:24 - [MESSAGE][PASSED] - Object 'Object Repository/A_Version_Nawres/Page_Formulaire_Creation_Dossier/Formulaire_Creation_Dossier_Input/btn_Valider_Attribuer_Numero_Etranger' is present

12-02-2025T14:03:24 - [TEST_STEP][PASSED] - click(findTestObject("Object Repository/A_Version_Nawres/Page_Formulaire_Creation_Dossier/Formulaire_Creation_Dossier_Input/btn_Valider_Attribuer_Numero_Etranger"), STOP_ON_FAILURE): Object: 'Object Repository/A_Version_Nawres/Page_Formulaire_Creation_Dossier/Formulaire_Creation_Dossier_Input/btn_Valider_Attribuer_Numero_Etranger' is clicked on

12-02-2025T14:03:24 - [MESSAGE][INFO] - Finding Test Object 'Object Repository/A_Version_Nawres/Page_Formulaire_Creation_Dossier/Formulaire_Creation_Dossier_Input/btn_Valider_Attribuer_Numero_Etranger'

12-02-2025T14:03:24 - [MESSAGE][INFO] - Checking timeout

12-02-2025T14:03:24 - [MESSAGE][INFO] - Finding web element with id: 'Object Repository/A_Version_Nawres/Page_Formulaire_Creation_Dossier/Formulaire_Creation_Dossier_Input/btn_Valider_Attribuer_Numero_Etranger' located by 'By.xpath: //button[@title="Valider et attribuer un numÃ©ro Ã©tranger"]' in '20' second(s)

12-02-2025T14:03:24 - [MESSAGE][INFO] - Found 1 web elements with id: 'Object Repository/A_Version_Nawres/Page_Formulaire_Creation_Dossier/Formulaire_Creation_Dossier_Input/btn_Valider_Attribuer_Numero_Etranger' located by 'By.xpath: //button[@title="Valider et attribuer un numÃ©ro Ã©tranger"]' in '20' second(s)

12-02-2025T14:03:24 - [MESSAGE][INFO] - Checking object

12-02-2025T14:03:24 - [MESSAGE][INFO] - Checking timeout

12-02-2025T14:03:24 - [MESSAGE][INFO] - Finding web element from Test Object's properties

12-02-2025T14:03:24 - [MESSAGE][INFO] - Checking timeout

12-02-2025T14:03:24 - [MESSAGE][INFO] - Finding web element with id: 'Object Repository/A_Version_Nawres/Page_Formulaire_Creation_Dossier/Formulaire_Creation_Dossier_Input/btn_Valider_Attribuer_Numero_Etranger' located by 'By.xpath: //button[@title="Valider et attribuer un numÃ©ro Ã©tranger"]' in '2' second(s)

12-02-2025T14:03:24 - [MESSAGE][INFO] - Found 1 web elements with id: 'Object Repository/A_Version_Nawres/Page_Formulaire_Creation_Dossier/Formulaire_Creation_Dossier_Input/btn_Valider_Attribuer_Numero_Etranger' located by 'By.xpath: //button[@title="Valider et attribuer un numÃ©ro Ã©tranger"]' in '2' second(s)

12-02-2025T14:03:24 - [MESSAGE][INFO] - Clicking on object: 'Object Repository/A_Version_Nawres/Page_Formulaire_Creation_Dossier/Formulaire_Creation_Dossier_Input/btn_Valider_Attribuer_Numero_Etranger'

12-02-2025T14:03:25 - [MESSAGE][PASSED] - Object: 'Object Repository/A_Version_Nawres/Page_Formulaire_Creation_Dossier/Formulaire_Creation_Dossier_Input/btn_Valider_Attribuer_Numero_Etranger' is clicked on

12-02-2025T14:03:25 - [TEST_STEP][PASSED] - switch (OrigineDossier): null

12-02-2025T14:03:25 - [TEST_STEP][PASSED] - case "Interpellation":: null

12-02-2025T14:03:25 - [TEST_STEP][PASSED] - selectOptionByLabel(findTestObject("Object Repository/A_Version_Nawres/Page_Formulaire_Creation_Dossier/Formulaire_Creation_Dossier_Input/select_Origine_Dossier"), "Interpellation", false, STOP_ON_FAILURE): All options with label 'Interpellation' are selected in object 'Object Repository/A_Version_Nawres/Page_Formulaire_Creation_Dossier/Formulaire_Creation_Dossier_Input/select_Origine_Dossier' 

12-02-2025T14:03:25 - [MESSAGE][INFO] - Finding Test Object 'Object Repository/A_Version_Nawres/Page_Formulaire_Creation_Dossier/Formulaire_Creation_Dossier_Input/select_Origine_Dossier'

12-02-2025T14:03:25 - [MESSAGE][INFO] - Checking timeout

12-02-2025T14:03:25 - [MESSAGE][INFO] - Finding web element with id: 'Object Repository/A_Version_Nawres/Page_Formulaire_Creation_Dossier/Formulaire_Creation_Dossier_Input/select_Origine_Dossier' located by 'By.xpath: //select[@id="code_flux"]' in '20' second(s)

12-02-2025T14:03:25 - [MESSAGE][INFO] - Found 1 web elements with id: 'Object Repository/A_Version_Nawres/Page_Formulaire_Creation_Dossier/Formulaire_Creation_Dossier_Input/select_Origine_Dossier' located by 'By.xpath: //select[@id="code_flux"]' in '20' second(s)

12-02-2025T14:03:25 - [MESSAGE][INFO] - Checking object

12-02-2025T14:03:25 - [MESSAGE][INFO] - Checking label parameter

12-02-2025T14:03:25 - [MESSAGE][INFO] - Finding web element from Test Object's properties

12-02-2025T14:03:25 - [MESSAGE][INFO] - Checking timeout

12-02-2025T14:03:25 - [MESSAGE][INFO] - Finding web element with id: 'Object Repository/A_Version_Nawres/Page_Formulaire_Creation_Dossier/Formulaire_Creation_Dossier_Input/select_Origine_Dossier' located by 'By.xpath: //select[@id="code_flux"]' in '2' second(s)

12-02-2025T14:03:25 - [MESSAGE][INFO] - Found 1 web elements with id: 'Object Repository/A_Version_Nawres/Page_Formulaire_Creation_Dossier/Formulaire_Creation_Dossier_Input/select_Origine_Dossier' located by 'By.xpath: //select[@id="code_flux"]' in '2' second(s)

12-02-2025T14:03:25 - [MESSAGE][INFO] - Selecting options on object 'Object Repository/A_Version_Nawres/Page_Formulaire_Creation_Dossier/Formulaire_Creation_Dossier_Input/select_Origine_Dossier' with label 'Interpellation' 

12-02-2025T14:03:26 - [MESSAGE][PASSED] - All options with label 'Interpellation' are selected in object 'Object Repository/A_Version_Nawres/Page_Formulaire_Creation_Dossier/Formulaire_Creation_Dossier_Input/select_Origine_Dossier' 

12-02-2025T14:03:26 - [TEST_STEP][PASSED] - break: null

12-02-2025T14:03:26 - [TEST_STEP][PASSED] - scrollToElement(findTestObject("Object Repository/A_Version_Nawres/Page_Formulaire_Creation_Dossier/Formulaire_Creation_Dossier_Input/btn_Confirmer_Attribuer_Numero_Etranger"), 5): Scroll to object 'Object Repository/A_Version_Nawres/Page_Formulaire_Creation_Dossier/Formulaire_Creation_Dossier_Input/btn_Confirmer_Attribuer_Numero_Etranger' successfully

12-02-2025T14:03:26 - [MESSAGE][INFO] - Finding Test Object 'Object Repository/A_Version_Nawres/Page_Formulaire_Creation_Dossier/Formulaire_Creation_Dossier_Input/btn_Confirmer_Attribuer_Numero_Etranger'

12-02-2025T14:03:26 - [MESSAGE][INFO] - Checking object

12-02-2025T14:03:26 - [MESSAGE][INFO] - Checking timeout

12-02-2025T14:03:26 - [MESSAGE][INFO] - Finding web element from Test Object's properties

12-02-2025T14:03:26 - [MESSAGE][INFO] - Checking timeout

12-02-2025T14:03:26 - [MESSAGE][INFO] - Finding web element with id: 'Object Repository/A_Version_Nawres/Page_Formulaire_Creation_Dossier/Formulaire_Creation_Dossier_Input/btn_Confirmer_Attribuer_Numero_Etranger' located by 'By.xpath:  //button[contains(text(),'Confirmer et attribuer un numÃ©ro Ã©tranger')]' in '2' second(s)

12-02-2025T14:03:26 - [MESSAGE][INFO] - Found 1 web elements with id: 'Object Repository/A_Version_Nawres/Page_Formulaire_Creation_Dossier/Formulaire_Creation_Dossier_Input/btn_Confirmer_Attribuer_Numero_Etranger' located by 'By.xpath:  //button[contains(text(),'Confirmer et attribuer un numÃ©ro Ã©tranger')]' in '2' second(s)

12-02-2025T14:03:26 - [MESSAGE][INFO] - Scrolling to object 'Object Repository/A_Version_Nawres/Page_Formulaire_Creation_Dossier/Formulaire_Creation_Dossier_Input/btn_Confirmer_Attribuer_Numero_Etranger'

12-02-2025T14:03:26 - [MESSAGE][PASSED] - Scroll to object 'Object Repository/A_Version_Nawres/Page_Formulaire_Creation_Dossier/Formulaire_Creation_Dossier_Input/btn_Confirmer_Attribuer_Numero_Etranger' successfully

12-02-2025T14:03:26 - [TEST_STEP][PASSED] - click(findTestObject("Object Repository/A_Version_Nawres/Page_Formulaire_Creation_Dossier/Formulaire_Creation_Dossier_Input/btn_Confirmer_Attribuer_Numero_Etranger"), STOP_ON_FAILURE): Object: 'Object Repository/A_Version_Nawres/Page_Formulaire_Creation_Dossier/Formulaire_Creation_Dossier_Input/btn_Confirmer_Attribuer_Numero_Etranger' is clicked on

12-02-2025T14:03:26 - [MESSAGE][INFO] - Finding Test Object 'Object Repository/A_Version_Nawres/Page_Formulaire_Creation_Dossier/Formulaire_Creation_Dossier_Input/btn_Confirmer_Attribuer_Numero_Etranger'

12-02-2025T14:03:26 - [MESSAGE][INFO] - Checking timeout

12-02-2025T14:03:26 - [MESSAGE][INFO] - Finding web element with id: 'Object Repository/A_Version_Nawres/Page_Formulaire_Creation_Dossier/Formulaire_Creation_Dossier_Input/btn_Confirmer_Attribuer_Numero_Etranger' located by 'By.xpath:  //button[contains(text(),'Confirmer et attribuer un numÃ©ro Ã©tranger')]' in '20' second(s)

12-02-2025T14:03:26 - [MESSAGE][INFO] - Found 1 web elements with id: 'Object Repository/A_Version_Nawres/Page_Formulaire_Creation_Dossier/Formulaire_Creation_Dossier_Input/btn_Confirmer_Attribuer_Numero_Etranger' located by 'By.xpath:  //button[contains(text(),'Confirmer et attribuer un numÃ©ro Ã©tranger')]' in '20' second(s)

12-02-2025T14:03:26 - [MESSAGE][INFO] - Checking object

12-02-2025T14:03:26 - [MESSAGE][INFO] - Checking timeout

12-02-2025T14:03:26 - [MESSAGE][INFO] - Finding web element from Test Object's properties

12-02-2025T14:03:26 - [MESSAGE][INFO] - Checking timeout

12-02-2025T14:03:26 - [MESSAGE][INFO] - Finding web element with id: 'Object Repository/A_Version_Nawres/Page_Formulaire_Creation_Dossier/Formulaire_Creation_Dossier_Input/btn_Confirmer_Attribuer_Numero_Etranger' located by 'By.xpath:  //button[contains(text(),'Confirmer et attribuer un numÃ©ro Ã©tranger')]' in '2' second(s)

12-02-2025T14:03:26 - [MESSAGE][INFO] - Found 1 web elements with id: 'Object Repository/A_Version_Nawres/Page_Formulaire_Creation_Dossier/Formulaire_Creation_Dossier_Input/btn_Confirmer_Attribuer_Numero_Etranger' located by 'By.xpath:  //button[contains(text(),'Confirmer et attribuer un numÃ©ro Ã©tranger')]' in '2' second(s)

12-02-2025T14:03:26 - [MESSAGE][INFO] - Clicking on object: 'Object Repository/A_Version_Nawres/Page_Formulaire_Creation_Dossier/Formulaire_Creation_Dossier_Input/btn_Confirmer_Attribuer_Numero_Etranger'

12-02-2025T14:03:27 - [MESSAGE][PASSED] - Object: 'Object Repository/A_Version_Nawres/Page_Formulaire_Creation_Dossier/Formulaire_Creation_Dossier_Input/btn_Confirmer_Attribuer_Numero_Etranger' is clicked on

12-02-2025T14:03:27 - [TEST_STEP][PASSED] - NumeroEtrangerGenere = getText(findTestObject("Object Repository/A_Version_Nawres/Page_Formulaire_Creation_Dossier/Formulaire_Creation_Dossier_Input/p_Numero_Etranger_Genere")): Text of object 'Object Repository/A_Version_Nawres/Page_Formulaire_Creation_Dossier/Formulaire_Creation_Dossier_Input/p_Numero_Etranger_Genere' is: '-'

12-02-2025T14:03:27 - [MESSAGE][INFO] - Finding Test Object 'Object Repository/A_Version_Nawres/Page_Formulaire_Creation_Dossier/Formulaire_Creation_Dossier_Input/p_Numero_Etranger_Genere'

12-02-2025T14:03:27 - [MESSAGE][INFO] - Checking object

12-02-2025T14:03:27 - [MESSAGE][INFO] - Finding web element from Test Object's properties

12-02-2025T14:03:27 - [MESSAGE][INFO] - Checking timeout

12-02-2025T14:03:27 - [MESSAGE][INFO] - Finding web element with id: 'Object Repository/A_Version_Nawres/Page_Formulaire_Creation_Dossier/Formulaire_Creation_Dossier_Input/p_Numero_Etranger_Genere' located by 'By.xpath: /html/body/app-root/app-layout-borderless//div/app-prise-mesure/div/app-dsfr-onglet-tab//div/app-fiche-etranger//div/section[2]/div/div/div[1]/p[text()]' in '2' second(s)

12-02-2025T14:03:27 - [MESSAGE][INFO] - Found 1 web elements with id: 'Object Repository/A_Version_Nawres/Page_Formulaire_Creation_Dossier/Formulaire_Creation_Dossier_Input/p_Numero_Etranger_Genere' located by 'By.xpath: /html/body/app-root/app-layout-borderless//div/app-prise-mesure/div/app-dsfr-onglet-tab//div/app-fiche-etranger//div/section[2]/div/div/div[1]/p[text()]' in '2' second(s)

12-02-2025T14:03:27 - [MESSAGE][INFO] - Getting text of object 'Object Repository/A_Version_Nawres/Page_Formulaire_Creation_Dossier/Formulaire_Creation_Dossier_Input/p_Numero_Etranger_Genere'

12-02-2025T14:03:27 - [MESSAGE][PASSED] - Text of object 'Object Repository/A_Version_Nawres/Page_Formulaire_Creation_Dossier/Formulaire_Creation_Dossier_Input/p_Numero_Etranger_Genere' is: '-'

12-02-2025T14:03:27 - [TEST_STEP][PASSED] - NumeroEtranger = NumeroEtrangerGenere: null

12-02-2025T14:03:27 - [TEST_STEP][PASSED] - println(NumeroEtrangerGenere): null

12-02-2025T14:03:27 - [TEST_STEP][PASSED] - println(NumeroEtranger): null

12-02-2025T14:03:27 - [MESSAGE][PASSED] - Call Test Case 'Test Cases/Test Reutilisable/Main/AVersion_Nawres/ANEF_Formulaire_Creation_Dossier' successfully

12-02-2025T14:03:27 - [TEST_STEP][PASSED] - println(NumeroEtranger): null

12-02-2025T14:03:27 - [TEST_STEP][PASSED] - callTestCase(findTestCase("Test Cases/Test Reutilisable/Main/AVersion_Nawres/ANEF_Prendre_Mesure"), ["Mesure":Mesure, "FondementLegal":FondementLegal, "NatureDeLacteExpulsion":NatureDeLacteExpulsion, "NatureDeLacteExpulsion":NatureDeLacteExpulsion, ... ], STOP_ON_FAILURE): Call Test Case 'Test Cases/Test Reutilisable/Main/AVersion_Nawres/ANEF_Prendre_Mesure' successfully

12-02-2025T14:03:27 - [MESSAGE][INFO] - Checking called Test Case

12-02-2025T14:03:27 - [MESSAGE][INFO] - Starting to call Test Case 'Test Cases/Test Reutilisable/Main/AVersion_Nawres/ANEF_Prendre_Mesure'

12-02-2025T14:03:27 - [TEST_CASE][PASSED] - Test Cases/Test Reutilisable/Main/AVersion_Nawres/ANEF_Prendre_Mesure: Test Cases/Test Reutilisable/Main/AVersion_Nawres/ANEF_Prendre_Mesure

12-02-2025T14:03:28 - [TEST_STEP][PASSED] - click(findTestObject("Object Repository/A_Version_Nawres/Page_Prendre_Mesure/btn_Prendre_Mesure"), STOP_ON_FAILURE): Object: 'Object Repository/A_Version_Nawres/Page_Prendre_Mesure/btn_Prendre_Mesure' is clicked on

12-02-2025T14:03:28 - [MESSAGE][INFO] - Finding Test Object 'Object Repository/A_Version_Nawres/Page_Prendre_Mesure/btn_Prendre_Mesure'

12-02-2025T14:03:28 - [MESSAGE][INFO] - Checking timeout

12-02-2025T14:03:28 - [MESSAGE][INFO] - Finding web element with id: 'Object Repository/A_Version_Nawres/Page_Prendre_Mesure/btn_Prendre_Mesure' located by 'By.xpath: //button[@title="Prendre une Mesure"]' in '20' second(s)

12-02-2025T14:03:28 - [MESSAGE][INFO] - Found 1 web elements with id: 'Object Repository/A_Version_Nawres/Page_Prendre_Mesure/btn_Prendre_Mesure' located by 'By.xpath: //button[@title="Prendre une Mesure"]' in '20' second(s)

12-02-2025T14:03:28 - [MESSAGE][INFO] - Checking object

12-02-2025T14:03:28 - [MESSAGE][INFO] - Checking timeout

12-02-2025T14:03:28 - [MESSAGE][INFO] - Finding web element from Test Object's properties

12-02-2025T14:03:28 - [MESSAGE][INFO] - Checking timeout

12-02-2025T14:03:28 - [MESSAGE][INFO] - Finding web element with id: 'Object Repository/A_Version_Nawres/Page_Prendre_Mesure/btn_Prendre_Mesure' located by 'By.xpath: //button[@title="Prendre une Mesure"]' in '2' second(s)

12-02-2025T14:03:28 - [MESSAGE][INFO] - Found 1 web elements with id: 'Object Repository/A_Version_Nawres/Page_Prendre_Mesure/btn_Prendre_Mesure' located by 'By.xpath: //button[@title="Prendre une Mesure"]' in '2' second(s)

12-02-2025T14:03:28 - [MESSAGE][INFO] - Clicking on object: 'Object Repository/A_Version_Nawres/Page_Prendre_Mesure/btn_Prendre_Mesure'

12-02-2025T14:03:30 - [MESSAGE][PASSED] - Object: 'Object Repository/A_Version_Nawres/Page_Prendre_Mesure/btn_Prendre_Mesure' is clicked on

12-02-2025T14:03:30 - [TEST_STEP][PASSED] - switch (Mesure): null

12-02-2025T14:03:30 - [TEST_STEP][PASSED] - case "OQTF":: null

12-02-2025T14:03:30 - [TEST_STEP][PASSED] - selectOptionByLabel(findTestObject("Object Repository/A_Version_Nawres/Page_Prendre_Mesure/select_Type_Mesure"), "OQTF", false, STOP_ON_FAILURE): All options with label 'OQTF' are selected in object 'Object Repository/A_Version_Nawres/Page_Prendre_Mesure/select_Type_Mesure' 

12-02-2025T14:03:30 - [MESSAGE][INFO] - Finding Test Object 'Object Repository/A_Version_Nawres/Page_Prendre_Mesure/select_Type_Mesure'

12-02-2025T14:03:30 - [MESSAGE][INFO] - Checking timeout

12-02-2025T14:03:30 - [MESSAGE][INFO] - Finding web element with id: 'Object Repository/A_Version_Nawres/Page_Prendre_Mesure/select_Type_Mesure' located by 'By.xpath: //select[@id="typeMesure"]' in '20' second(s)

12-02-2025T14:03:30 - [MESSAGE][INFO] - Found 1 web elements with id: 'Object Repository/A_Version_Nawres/Page_Prendre_Mesure/select_Type_Mesure' located by 'By.xpath: //select[@id="typeMesure"]' in '20' second(s)

12-02-2025T14:03:30 - [MESSAGE][INFO] - Checking object

12-02-2025T14:03:30 - [MESSAGE][INFO] - Checking label parameter

12-02-2025T14:03:30 - [MESSAGE][INFO] - Finding web element from Test Object's properties

12-02-2025T14:03:30 - [MESSAGE][INFO] - Checking timeout

12-02-2025T14:03:30 - [MESSAGE][INFO] - Finding web element with id: 'Object Repository/A_Version_Nawres/Page_Prendre_Mesure/select_Type_Mesure' located by 'By.xpath: //select[@id="typeMesure"]' in '2' second(s)

12-02-2025T14:03:30 - [MESSAGE][INFO] - Found 1 web elements with id: 'Object Repository/A_Version_Nawres/Page_Prendre_Mesure/select_Type_Mesure' located by 'By.xpath: //select[@id="typeMesure"]' in '2' second(s)

12-02-2025T14:03:30 - [MESSAGE][INFO] - Selecting options on object 'Object Repository/A_Version_Nawres/Page_Prendre_Mesure/select_Type_Mesure' with label 'OQTF' 

12-02-2025T14:03:31 - [MESSAGE][PASSED] - All options with label 'OQTF' are selected in object 'Object Repository/A_Version_Nawres/Page_Prendre_Mesure/select_Type_Mesure' 

12-02-2025T14:03:31 - [TEST_STEP][PASSED] - click(findTestObject("Object Repository/A_Version_Nawres/Page_Prendre_Mesure/btn_Confirmer_Mesure"), STOP_ON_FAILURE): Object: 'Object Repository/A_Version_Nawres/Page_Prendre_Mesure/btn_Confirmer_Mesure' is clicked on

12-02-2025T14:03:31 - [MESSAGE][INFO] - Finding Test Object 'Object Repository/A_Version_Nawres/Page_Prendre_Mesure/btn_Confirmer_Mesure'

12-02-2025T14:03:31 - [MESSAGE][INFO] - Checking timeout

12-02-2025T14:03:31 - [MESSAGE][INFO] - Finding web element with id: 'Object Repository/A_Version_Nawres/Page_Prendre_Mesure/btn_Confirmer_Mesure' located by 'By.xpath: //button[@id="btn-confirme-decision"]' in '20' second(s)

12-02-2025T14:03:31 - [MESSAGE][INFO] - Found 1 web elements with id: 'Object Repository/A_Version_Nawres/Page_Prendre_Mesure/btn_Confirmer_Mesure' located by 'By.xpath: //button[@id="btn-confirme-decision"]' in '20' second(s)

12-02-2025T14:03:31 - [MESSAGE][INFO] - Checking object

12-02-2025T14:03:31 - [MESSAGE][INFO] - Checking timeout

12-02-2025T14:03:31 - [MESSAGE][INFO] - Finding web element from Test Object's properties

12-02-2025T14:03:31 - [MESSAGE][INFO] - Checking timeout

12-02-2025T14:03:31 - [MESSAGE][INFO] - Finding web element with id: 'Object Repository/A_Version_Nawres/Page_Prendre_Mesure/btn_Confirmer_Mesure' located by 'By.xpath: //button[@id="btn-confirme-decision"]' in '2' second(s)

12-02-2025T14:03:31 - [MESSAGE][INFO] - Found 1 web elements with id: 'Object Repository/A_Version_Nawres/Page_Prendre_Mesure/btn_Confirmer_Mesure' located by 'By.xpath: //button[@id="btn-confirme-decision"]' in '2' second(s)

12-02-2025T14:03:31 - [MESSAGE][INFO] - Clicking on object: 'Object Repository/A_Version_Nawres/Page_Prendre_Mesure/btn_Confirmer_Mesure'

12-02-2025T14:03:32 - [MESSAGE][PASSED] - Object: 'Object Repository/A_Version_Nawres/Page_Prendre_Mesure/btn_Confirmer_Mesure' is clicked on

12-02-2025T14:03:32 - [TEST_STEP][PASSED] - verifyElementPresent(findTestObject("Object Repository/A_Version_Nawres/Page_Prendre_Mesure/btn_Supprimer_Fiche_Mesure"), 2, STOP_ON_FAILURE): Object 'Object Repository/A_Version_Nawres/Page_Prendre_Mesure/btn_Supprimer_Fiche_Mesure' is present

12-02-2025T14:03:32 - [MESSAGE][INFO] - Finding Test Object 'Object Repository/A_Version_Nawres/Page_Prendre_Mesure/btn_Supprimer_Fiche_Mesure'

12-02-2025T14:03:32 - [MESSAGE][INFO] - Checking object

12-02-2025T14:03:32 - [MESSAGE][INFO] - Finding web element from Test Object's properties

12-02-2025T14:03:32 - [MESSAGE][INFO] - Checking timeout

12-02-2025T14:03:32 - [MESSAGE][INFO] - Finding web element with id: 'Object Repository/A_Version_Nawres/Page_Prendre_Mesure/btn_Supprimer_Fiche_Mesure' located by 'By.xpath: //button[@title="Supprimer une Mesure"]' in '2' second(s)

12-02-2025T14:03:33 - [MESSAGE][INFO] - Found 1 web elements with id: 'Object Repository/A_Version_Nawres/Page_Prendre_Mesure/btn_Supprimer_Fiche_Mesure' located by 'By.xpath: //button[@title="Supprimer une Mesure"]' in '2' second(s)

12-02-2025T14:03:33 - [MESSAGE][PASSED] - Object 'Object Repository/A_Version_Nawres/Page_Prendre_Mesure/btn_Supprimer_Fiche_Mesure' is present

12-02-2025T14:03:33 - [TEST_STEP][PASSED] - break: null

12-02-2025T14:03:33 - [TEST_STEP][PASSED] - callTestCase(findTestCase("Test Cases/Test Reutilisable/Main/AVersion_Nawres/ANEF_Prendre_Mesure_Formulaire_1"), ["Mesure":Mesure, "FondementLegal":FondementLegal, "NatureDeLacteExpulsion":NatureDeLacteExpulsion, "UrgenceAbsolueExpulsion":UrgenceAbsolueExpulsion, ... ], STOP_ON_FAILURE): Call Test Case 'Test Cases/Test Reutilisable/Main/AVersion_Nawres/ANEF_Prendre_Mesure_Formulaire_1' successfully

12-02-2025T14:03:33 - [MESSAGE][INFO] - Checking called Test Case

12-02-2025T14:03:33 - [MESSAGE][INFO] - Starting to call Test Case 'Test Cases/Test Reutilisable/Main/AVersion_Nawres/ANEF_Prendre_Mesure_Formulaire_1'

12-02-2025T14:03:33 - [TEST_CASE][PASSED] - Test Cases/Test Reutilisable/Main/AVersion_Nawres/ANEF_Prendre_Mesure_Formulaire_1: Test Cases/Test Reutilisable/Main/AVersion_Nawres/ANEF_Prendre_Mesure_Formulaire_1

12-02-2025T14:03:35 - [TEST_STEP][PASSED] - calendar = Calendar.getInstance(): null

12-02-2025T14:03:35 - [TEST_STEP][PASSED] - currentDate = calendar.getTime(): null

12-02-2025T14:03:35 - [TEST_STEP][PASSED] - sdf = new java.text.SimpleDateFormat(dd/MM/yyyy): null

12-02-2025T14:03:35 - [TEST_STEP][PASSED] - formattedDate = sdf.format(currentDate): null

12-02-2025T14:03:35 - [TEST_STEP][PASSED] - DateActuelle = formattedDate.toString(): null

12-02-2025T14:03:35 - [TEST_STEP][PASSED] - println(DateActuelle): null

12-02-2025T14:03:35 - [TEST_STEP][PASSED] - if (Mesure != "ITF"): null

12-02-2025T14:03:35 - [TEST_STEP][PASSED] - selectOptionByLabel(findTestObject("Object Repository/A_Version_Nawres/Page_Prendre_Mesure_Formulaire_1/select_Fondement_Legal"), FondementLegal, false, STOP_ON_FAILURE): All options with label 'L. 611-1 3Â°' are selected in object 'Object Repository/A_Version_Nawres/Page_Prendre_Mesure_Formulaire_1/select_Fondement_Legal' 

12-02-2025T14:03:35 - [MESSAGE][INFO] - Finding Test Object 'Object Repository/A_Version_Nawres/Page_Prendre_Mesure_Formulaire_1/select_Fondement_Legal'

12-02-2025T14:03:35 - [MESSAGE][INFO] - Checking timeout

12-02-2025T14:03:35 - [MESSAGE][INFO] - Finding web element with id: 'Object Repository/A_Version_Nawres/Page_Prendre_Mesure_Formulaire_1/select_Fondement_Legal' located by 'By.xpath: //select[@id="fondement_legal"]' in '20' second(s)

12-02-2025T14:03:35 - [MESSAGE][INFO] - Found 1 web elements with id: 'Object Repository/A_Version_Nawres/Page_Prendre_Mesure_Formulaire_1/select_Fondement_Legal' located by 'By.xpath: //select[@id="fondement_legal"]' in '20' second(s)

12-02-2025T14:03:35 - [MESSAGE][INFO] - Checking object

12-02-2025T14:03:35 - [MESSAGE][INFO] - Checking label parameter

12-02-2025T14:03:35 - [MESSAGE][INFO] - Finding web element from Test Object's properties

12-02-2025T14:03:35 - [MESSAGE][INFO] - Checking timeout

12-02-2025T14:03:35 - [MESSAGE][INFO] - Finding web element with id: 'Object Repository/A_Version_Nawres/Page_Prendre_Mesure_Formulaire_1/select_Fondement_Legal' located by 'By.xpath: //select[@id="fondement_legal"]' in '2' second(s)

12-02-2025T14:03:35 - [MESSAGE][INFO] - Found 1 web elements with id: 'Object Repository/A_Version_Nawres/Page_Prendre_Mesure_Formulaire_1/select_Fondement_Legal' located by 'By.xpath: //select[@id="fondement_legal"]' in '2' second(s)

12-02-2025T14:03:35 - [MESSAGE][INFO] - Selecting options on object 'Object Repository/A_Version_Nawres/Page_Prendre_Mesure_Formulaire_1/select_Fondement_Legal' with label 'L. 611-1 3Â°' 

12-02-2025T14:03:36 - [MESSAGE][PASSED] - All options with label 'L. 611-1 3Â°' are selected in object 'Object Repository/A_Version_Nawres/Page_Prendre_Mesure_Formulaire_1/select_Fondement_Legal' 

12-02-2025T14:03:36 - [TEST_STEP][PASSED] - if (Mesure == "Expulsion"): null

12-02-2025T14:03:36 - [TEST_STEP][PASSED] - NumberUsagerRandom = tools.MyStringTools.getRandomNumber(10, 99): tools.MyStringTools.getRandomNumber is PASSED

12-02-2025T14:03:36 - [MESSAGE][PASSED] - tools.MyStringTools.getRandomNumber is PASSED

12-02-2025T14:03:36 - [TEST_STEP][PASSED] - println(NumberUsagerRandom): null

12-02-2025T14:03:36 - [TEST_STEP][PASSED] - RandomNumber = NumberUsagerRandom.toString(): null

12-02-2025T14:03:36 - [TEST_STEP][PASSED] - if (Mesure == "OQTF"): null

12-02-2025T14:03:36 - [TEST_STEP][PASSED] - if (RefuserDepartVolontaireOQTF == "false"): Text '55' is set on object 'Object Repository/A_Version_Nawres/Page_Prendre_Mesure_Formulaire_1/input_Duree_IRTF_Mois'

12-02-2025T14:03:36 - [TEST_STEP][PASSED] - setText(findTestObject("Object Repository/A_Version_Nawres/Page_Prendre_Mesure_Formulaire_1/input_Delai_Depart_Jours"), RandomNumber, STOP_ON_FAILURE): Text '55' is set on object 'Object Repository/A_Version_Nawres/Page_Prendre_Mesure_Formulaire_1/input_Delai_Depart_Jours'

12-02-2025T14:03:36 - [MESSAGE][INFO] - Finding Test Object 'Object Repository/A_Version_Nawres/Page_Prendre_Mesure_Formulaire_1/input_Delai_Depart_Jours'

12-02-2025T14:03:36 - [MESSAGE][INFO] - Checking timeout

12-02-2025T14:03:36 - [MESSAGE][INFO] - Finding web element with id: 'Object Repository/A_Version_Nawres/Page_Prendre_Mesure_Formulaire_1/input_Delai_Depart_Jours' located by 'By.xpath: //input[@name="nbr_jours"]' in '20' second(s)

12-02-2025T14:03:36 - [MESSAGE][INFO] - Found 1 web elements with id: 'Object Repository/A_Version_Nawres/Page_Prendre_Mesure_Formulaire_1/input_Delai_Depart_Jours' located by 'By.xpath: //input[@name="nbr_jours"]' in '20' second(s)

12-02-2025T14:03:36 - [MESSAGE][INFO] - Checking object

12-02-2025T14:03:36 - [MESSAGE][INFO] - Checking text

12-02-2025T14:03:36 - [MESSAGE][INFO] - Finding web element from Test Object's properties

12-02-2025T14:03:36 - [MESSAGE][INFO] - Checking timeout

12-02-2025T14:03:36 - [MESSAGE][INFO] - Finding web element with id: 'Object Repository/A_Version_Nawres/Page_Prendre_Mesure_Formulaire_1/input_Delai_Depart_Jours' located by 'By.xpath: //input[@name="nbr_jours"]' in '2' second(s)

12-02-2025T14:03:36 - [MESSAGE][INFO] - Found 1 web elements with id: 'Object Repository/A_Version_Nawres/Page_Prendre_Mesure_Formulaire_1/input_Delai_Depart_Jours' located by 'By.xpath: //input[@name="nbr_jours"]' in '2' second(s)

12-02-2025T14:03:36 - [MESSAGE][INFO] - Clearing text of object 'Object Repository/A_Version_Nawres/Page_Prendre_Mesure_Formulaire_1/input_Delai_Depart_Jours'

12-02-2025T14:03:37 - [MESSAGE][INFO] - Finding web element from Test Object's properties

12-02-2025T14:03:37 - [MESSAGE][INFO] - Checking timeout

12-02-2025T14:03:37 - [MESSAGE][INFO] - Finding web element with id: 'Object Repository/A_Version_Nawres/Page_Prendre_Mesure_Formulaire_1/input_Delai_Depart_Jours' located by 'By.xpath: //input[@name="nbr_jours"]' in '2' second(s)

12-02-2025T14:03:37 - [MESSAGE][INFO] - Found 1 web elements with id: 'Object Repository/A_Version_Nawres/Page_Prendre_Mesure_Formulaire_1/input_Delai_Depart_Jours' located by 'By.xpath: //input[@name="nbr_jours"]' in '2' second(s)

12-02-2025T14:03:38 - [MESSAGE][INFO] - Setting text of object 'Object Repository/A_Version_Nawres/Page_Prendre_Mesure_Formulaire_1/input_Delai_Depart_Jours' to value '55'

12-02-2025T14:03:39 - [MESSAGE][PASSED] - Text '55' is set on object 'Object Repository/A_Version_Nawres/Page_Prendre_Mesure_Formulaire_1/input_Delai_Depart_Jours'

12-02-2025T14:03:39 - [TEST_STEP][PASSED] - verifyElementText(findTestObject("Object Repository/A_Version_Nawres/Page_Prendre_Mesure_Formulaire_1/p_Expiration_Delai"), "-", STOP_ON_FAILURE): Actual text and expected text of test object 'Object Repository/A_Version_Nawres/Page_Prendre_Mesure_Formulaire_1/p_Expiration_Delai' are matched.

12-02-2025T14:03:39 - [MESSAGE][INFO] - Finding Test Object 'Object Repository/A_Version_Nawres/Page_Prendre_Mesure_Formulaire_1/p_Expiration_Delai'

12-02-2025T14:03:39 - [MESSAGE][INFO] - Checking object

12-02-2025T14:03:39 - [MESSAGE][INFO] - Finding web element from Test Object's properties

12-02-2025T14:03:39 - [MESSAGE][INFO] - Checking timeout

12-02-2025T14:03:39 - [MESSAGE][INFO] - Finding web element with id: 'Object Repository/A_Version_Nawres/Page_Prendre_Mesure_Formulaire_1/p_Expiration_Delai' located by 'By.xpath: /html/body/app-root/app-layout-borderless/div[3]/app-mesure-oqtf/div[2]/div[2]/div[2]/div[1]/div/div[1]/div[2]/app-accordeon-delai-depart-volontaire/section/div/form/div[2]/div[2]/p' in '2' second(s)

12-02-2025T14:03:39 - [MESSAGE][INFO] - Found 1 web elements with id: 'Object Repository/A_Version_Nawres/Page_Prendre_Mesure_Formulaire_1/p_Expiration_Delai' located by 'By.xpath: /html/body/app-root/app-layout-borderless/div[3]/app-mesure-oqtf/div[2]/div[2]/div[2]/div[1]/div/div[1]/div[2]/app-accordeon-delai-depart-volontaire/section/div/form/div[2]/div[2]/p' in '2' second(s)

12-02-2025T14:03:39 - [MESSAGE][PASSED] - Actual text and expected text of test object 'Object Repository/A_Version_Nawres/Page_Prendre_Mesure_Formulaire_1/p_Expiration_Delai' are matched.

12-02-2025T14:03:39 - [TEST_STEP][PASSED] - click(findTestObject("Object Repository/A_Version_Nawres/Page_Prendre_Mesure_Formulaire_1/btn_radio_Obligation_fixee_Prefet"), STOP_ON_FAILURE): Object: 'Object Repository/A_Version_Nawres/Page_Prendre_Mesure_Formulaire_1/btn_radio_Obligation_fixee_Prefet' is clicked on

12-02-2025T14:03:39 - [MESSAGE][INFO] - Finding Test Object 'Object Repository/A_Version_Nawres/Page_Prendre_Mesure_Formulaire_1/btn_radio_Obligation_fixee_Prefet'

12-02-2025T14:03:39 - [MESSAGE][INFO] - Checking timeout

12-02-2025T14:03:39 - [MESSAGE][INFO] - Finding web element with id: 'Object Repository/A_Version_Nawres/Page_Prendre_Mesure_Formulaire_1/btn_radio_Obligation_fixee_Prefet' located by 'By.xpath: //*[@id="ACCORDEON_DELAI_DEPART_VOLONTAIRE"]/form//app-dsfr-radio/div/fieldset//label[contains(text(),'Oui')]' in '20' second(s)

12-02-2025T14:03:39 - [MESSAGE][INFO] - Found 1 web elements with id: 'Object Repository/A_Version_Nawres/Page_Prendre_Mesure_Formulaire_1/btn_radio_Obligation_fixee_Prefet' located by 'By.xpath: //*[@id="ACCORDEON_DELAI_DEPART_VOLONTAIRE"]/form//app-dsfr-radio/div/fieldset//label[contains(text(),'Oui')]' in '20' second(s)

12-02-2025T14:03:39 - [MESSAGE][INFO] - Checking object

12-02-2025T14:03:39 - [MESSAGE][INFO] - Checking timeout

12-02-2025T14:03:39 - [MESSAGE][INFO] - Finding web element from Test Object's properties

12-02-2025T14:03:39 - [MESSAGE][INFO] - Checking timeout

12-02-2025T14:03:39 - [MESSAGE][INFO] - Finding web element with id: 'Object Repository/A_Version_Nawres/Page_Prendre_Mesure_Formulaire_1/btn_radio_Obligation_fixee_Prefet' located by 'By.xpath: //*[@id="ACCORDEON_DELAI_DEPART_VOLONTAIRE"]/form//app-dsfr-radio/div/fieldset//label[contains(text(),'Oui')]' in '2' second(s)

12-02-2025T14:03:39 - [MESSAGE][INFO] - Found 1 web elements with id: 'Object Repository/A_Version_Nawres/Page_Prendre_Mesure_Formulaire_1/btn_radio_Obligation_fixee_Prefet' located by 'By.xpath: //*[@id="ACCORDEON_DELAI_DEPART_VOLONTAIRE"]/form//app-dsfr-radio/div/fieldset//label[contains(text(),'Oui')]' in '2' second(s)

12-02-2025T14:03:39 - [MESSAGE][INFO] - Clicking on object: 'Object Repository/A_Version_Nawres/Page_Prendre_Mesure_Formulaire_1/btn_radio_Obligation_fixee_Prefet'

12-02-2025T14:03:40 - [MESSAGE][PASSED] - Object: 'Object Repository/A_Version_Nawres/Page_Prendre_Mesure_Formulaire_1/btn_radio_Obligation_fixee_Prefet' is clicked on

12-02-2025T14:03:40 - [TEST_STEP][PASSED] - filePath = getProjectDir() + "/Data Files/Fichier_Test.pdf": null

12-02-2025T14:03:40 - [TEST_STEP][PASSED] - println(filePath): null

12-02-2025T14:03:40 - [TEST_STEP][PASSED] - uploadFile(findTestObject("Object Repository/A_Version_Nawres/Page_Prendre_Mesure_Formulaire_1/input_Fichier_DDV"), filePath): File 'C:/Users/nbenjemi/Katalon Studio/ANEF-ELOIGNEMENT-20250121/ANEF-ELOIGNEMENT-20250121/Data Files/Fichier_Test.pdf' sent to object: 'Object Repository/A_Version_Nawres/Page_Prendre_Mesure_Formulaire_1/input_Fichier_DDV'

12-02-2025T14:03:40 - [MESSAGE][INFO] - Finding Test Object 'Object Repository/A_Version_Nawres/Page_Prendre_Mesure_Formulaire_1/input_Fichier_DDV'

12-02-2025T14:03:40 - [MESSAGE][INFO] - Checking object

12-02-2025T14:03:40 - [MESSAGE][INFO] - Uploading file 'C:/Users/nbenjemi/Katalon Studio/ANEF-ELOIGNEMENT-20250121/ANEF-ELOIGNEMENT-20250121/Data Files/Fichier_Test.pdf' to object: 'Object Repository/A_Version_Nawres/Page_Prendre_Mesure_Formulaire_1/input_Fichier_DDV'

12-02-2025T14:03:40 - [MESSAGE][INFO] - Finding web element from Test Object's properties

12-02-2025T14:03:40 - [MESSAGE][INFO] - Checking timeout

12-02-2025T14:03:40 - [MESSAGE][INFO] - Finding web element with id: 'Object Repository/A_Version_Nawres/Page_Prendre_Mesure_Formulaire_1/input_Fichier_DDV' located by 'By.xpath: /html/body/app-root/app-layout-borderless/div[3]/app-mesure-oqtf/div[2]/div[2]/div[2]/div[1]/div/div[1]/div[2]/app-accordeon-delai-depart-volontaire/section/div/form/div[3]/app-dsfr-piece-jointe/div/div[2]/input' in '2' second(s)

12-02-2025T14:03:40 - [MESSAGE][INFO] - Found 1 web elements with id: 'Object Repository/A_Version_Nawres/Page_Prendre_Mesure_Formulaire_1/input_Fichier_DDV' located by 'By.xpath: /html/body/app-root/app-layout-borderless/div[3]/app-mesure-oqtf/div[2]/div[2]/div[2]/div[1]/div/div[1]/div[2]/app-accordeon-delai-depart-volontaire/section/div/form/div[3]/app-dsfr-piece-jointe/div/div[2]/input' in '2' second(s)

12-02-2025T14:03:41 - [MESSAGE][PASSED] - File 'C:/Users/nbenjemi/Katalon Studio/ANEF-ELOIGNEMENT-20250121/ANEF-ELOIGNEMENT-20250121/Data Files/Fichier_Test.pdf' sent to object: 'Object Repository/A_Version_Nawres/Page_Prendre_Mesure_Formulaire_1/input_Fichier_DDV'

12-02-2025T14:03:41 - [TEST_STEP][PASSED] - click(findTestObject("Object Repository/A_Version_Nawres/Page_Prendre_Mesure_Formulaire_1/btn_Enregistrer"), STOP_ON_FAILURE): Object: 'Object Repository/A_Version_Nawres/Page_Prendre_Mesure_Formulaire_1/btn_Enregistrer' is clicked on

12-02-2025T14:03:41 - [MESSAGE][INFO] - Finding Test Object 'Object Repository/A_Version_Nawres/Page_Prendre_Mesure_Formulaire_1/btn_Enregistrer'

12-02-2025T14:03:41 - [MESSAGE][INFO] - Checking timeout

12-02-2025T14:03:41 - [MESSAGE][INFO] - Finding web element with id: 'Object Repository/A_Version_Nawres/Page_Prendre_Mesure_Formulaire_1/btn_Enregistrer' located by 'By.xpath: //button[contains(text(),"Enregistrer")]' in '20' second(s)

12-02-2025T14:03:41 - [MESSAGE][INFO] - Found 1 web elements with id: 'Object Repository/A_Version_Nawres/Page_Prendre_Mesure_Formulaire_1/btn_Enregistrer' located by 'By.xpath: //button[contains(text(),"Enregistrer")]' in '20' second(s)

12-02-2025T14:03:41 - [MESSAGE][INFO] - Checking object

12-02-2025T14:03:41 - [MESSAGE][INFO] - Checking timeout

12-02-2025T14:03:41 - [MESSAGE][INFO] - Finding web element from Test Object's properties

12-02-2025T14:03:41 - [MESSAGE][INFO] - Checking timeout

12-02-2025T14:03:41 - [MESSAGE][INFO] - Finding web element with id: 'Object Repository/A_Version_Nawres/Page_Prendre_Mesure_Formulaire_1/btn_Enregistrer' located by 'By.xpath: //button[contains(text(),"Enregistrer")]' in '2' second(s)

12-02-2025T14:03:41 - [MESSAGE][INFO] - Found 1 web elements with id: 'Object Repository/A_Version_Nawres/Page_Prendre_Mesure_Formulaire_1/btn_Enregistrer' located by 'By.xpath: //button[contains(text(),"Enregistrer")]' in '2' second(s)

12-02-2025T14:03:41 - [MESSAGE][INFO] - Clicking on object: 'Object Repository/A_Version_Nawres/Page_Prendre_Mesure_Formulaire_1/btn_Enregistrer'

12-02-2025T14:03:42 - [MESSAGE][PASSED] - Object: 'Object Repository/A_Version_Nawres/Page_Prendre_Mesure_Formulaire_1/btn_Enregistrer' is clicked on

12-02-2025T14:03:42 - [TEST_STEP][PASSED] - delay(5): Delayed 5 second(s)

12-02-2025T14:03:42 - [MESSAGE][INFO] - Delaying browser in 5 second(s)

12-02-2025T14:03:47 - [MESSAGE][PASSED] - Delayed 5 second(s)

12-02-2025T14:03:47 - [TEST_STEP][PASSED] - selectOptionByLabel(findTestObject("Object Repository/A_Version_Nawres/Page_Prendre_Mesure_Formulaire_1/select_Fondement_Legal_IRTF"), FondementLegalIRTF, false, STOP_ON_FAILURE): All options with label 'L. 612-7' are selected in object 'Object Repository/A_Version_Nawres/Page_Prendre_Mesure_Formulaire_1/select_Fondement_Legal_IRTF' 

12-02-2025T14:03:47 - [MESSAGE][INFO] - Finding Test Object 'Object Repository/A_Version_Nawres/Page_Prendre_Mesure_Formulaire_1/select_Fondement_Legal_IRTF'

12-02-2025T14:03:47 - [MESSAGE][INFO] - Checking timeout

12-02-2025T14:03:47 - [MESSAGE][INFO] - Finding web element with id: 'Object Repository/A_Version_Nawres/Page_Prendre_Mesure_Formulaire_1/select_Fondement_Legal_IRTF' located by 'By.xpath: //app-accordeon-ictf-irtf/section/div/form//app-dsfr-select-arr/div/select[@name="fondement_legal"]' in '20' second(s)

12-02-2025T14:03:47 - [MESSAGE][INFO] - Found 1 web elements with id: 'Object Repository/A_Version_Nawres/Page_Prendre_Mesure_Formulaire_1/select_Fondement_Legal_IRTF' located by 'By.xpath: //app-accordeon-ictf-irtf/section/div/form//app-dsfr-select-arr/div/select[@name="fondement_legal"]' in '20' second(s)

12-02-2025T14:03:47 - [MESSAGE][INFO] - Checking object

12-02-2025T14:03:47 - [MESSAGE][INFO] - Checking label parameter

12-02-2025T14:03:47 - [MESSAGE][INFO] - Finding web element from Test Object's properties

12-02-2025T14:03:47 - [MESSAGE][INFO] - Checking timeout

12-02-2025T14:03:47 - [MESSAGE][INFO] - Finding web element with id: 'Object Repository/A_Version_Nawres/Page_Prendre_Mesure_Formulaire_1/select_Fondement_Legal_IRTF' located by 'By.xpath: //app-accordeon-ictf-irtf/section/div/form//app-dsfr-select-arr/div/select[@name="fondement_legal"]' in '2' second(s)

12-02-2025T14:03:47 - [MESSAGE][INFO] - Found 1 web elements with id: 'Object Repository/A_Version_Nawres/Page_Prendre_Mesure_Formulaire_1/select_Fondement_Legal_IRTF' located by 'By.xpath: //app-accordeon-ictf-irtf/section/div/form//app-dsfr-select-arr/div/select[@name="fondement_legal"]' in '2' second(s)

12-02-2025T14:03:47 - [MESSAGE][INFO] - Selecting options on object 'Object Repository/A_Version_Nawres/Page_Prendre_Mesure_Formulaire_1/select_Fondement_Legal_IRTF' with label 'L. 612-7' 

12-02-2025T14:03:49 - [MESSAGE][PASSED] - All options with label 'L. 612-7' are selected in object 'Object Repository/A_Version_Nawres/Page_Prendre_Mesure_Formulaire_1/select_Fondement_Legal_IRTF' 

12-02-2025T14:03:49 - [TEST_STEP][PASSED] - setText(findTestObject("Object Repository/A_Version_Nawres/Page_Prendre_Mesure_Formulaire_1/input_Duree_IRTF_Mois"), "200", STOP_ON_FAILURE): Text '200' is set on object 'Object Repository/A_Version_Nawres/Page_Prendre_Mesure_Formulaire_1/input_Duree_IRTF_Mois'

12-02-2025T14:03:49 - [MESSAGE][INFO] - Finding Test Object 'Object Repository/A_Version_Nawres/Page_Prendre_Mesure_Formulaire_1/input_Duree_IRTF_Mois'

12-02-2025T14:03:49 - [MESSAGE][INFO] - Checking timeout

12-02-2025T14:03:49 - [MESSAGE][INFO] - Finding web element with id: 'Object Repository/A_Version_Nawres/Page_Prendre_Mesure_Formulaire_1/input_Duree_IRTF_Mois' located by 'By.xpath: //input[@id="nbr_mois_duree_init"]' in '20' second(s)

12-02-2025T14:03:49 - [MESSAGE][INFO] - Found 1 web elements with id: 'Object Repository/A_Version_Nawres/Page_Prendre_Mesure_Formulaire_1/input_Duree_IRTF_Mois' located by 'By.xpath: //input[@id="nbr_mois_duree_init"]' in '20' second(s)

12-02-2025T14:03:49 - [MESSAGE][INFO] - Checking object

12-02-2025T14:03:49 - [MESSAGE][INFO] - Checking text

12-02-2025T14:03:49 - [MESSAGE][INFO] - Finding web element from Test Object's properties

12-02-2025T14:03:49 - [MESSAGE][INFO] - Checking timeout

12-02-2025T14:03:49 - [MESSAGE][INFO] - Finding web element with id: 'Object Repository/A_Version_Nawres/Page_Prendre_Mesure_Formulaire_1/input_Duree_IRTF_Mois' located by 'By.xpath: //input[@id="nbr_mois_duree_init"]' in '2' second(s)

12-02-2025T14:03:49 - [MESSAGE][INFO] - Found 1 web elements with id: 'Object Repository/A_Version_Nawres/Page_Prendre_Mesure_Formulaire_1/input_Duree_IRTF_Mois' located by 'By.xpath: //input[@id="nbr_mois_duree_init"]' in '2' second(s)

12-02-2025T14:03:49 - [MESSAGE][INFO] - Clearing text of object 'Object Repository/A_Version_Nawres/Page_Prendre_Mesure_Formulaire_1/input_Duree_IRTF_Mois'

12-02-2025T14:03:50 - [MESSAGE][INFO] - Finding web element from Test Object's properties

12-02-2025T14:03:50 - [MESSAGE][INFO] - Checking timeout

12-02-2025T14:03:50 - [MESSAGE][INFO] - Finding web element with id: 'Object Repository/A_Version_Nawres/Page_Prendre_Mesure_Formulaire_1/input_Duree_IRTF_Mois' located by 'By.xpath: //input[@id="nbr_mois_duree_init"]' in '2' second(s)

12-02-2025T14:03:50 - [MESSAGE][INFO] - Found 1 web elements with id: 'Object Repository/A_Version_Nawres/Page_Prendre_Mesure_Formulaire_1/input_Duree_IRTF_Mois' located by 'By.xpath: //input[@id="nbr_mois_duree_init"]' in '2' second(s)

12-02-2025T14:03:50 - [MESSAGE][INFO] - Setting text of object 'Object Repository/A_Version_Nawres/Page_Prendre_Mesure_Formulaire_1/input_Duree_IRTF_Mois' to value '200'

12-02-2025T14:03:51 - [MESSAGE][PASSED] - Text '200' is set on object 'Object Repository/A_Version_Nawres/Page_Prendre_Mesure_Formulaire_1/input_Duree_IRTF_Mois'

12-02-2025T14:03:51 - [TEST_STEP][PASSED] - verifyElementText(findTestObject("Object Repository/A_Version_Nawres/Page_Prendre_Mesure_Formulaire_1/p_Message_Erreur_Duree_IRTF"), "Attention : la durÃ©e indiquÃ©e ne correspond pas Ã  la durÃ©e lÃ©gale maximale 10 ans"): Actual text and expected text of test object 'Object Repository/A_Version_Nawres/Page_Prendre_Mesure_Formulaire_1/p_Message_Erreur_Duree_IRTF' are matched.

12-02-2025T14:03:51 - [MESSAGE][INFO] - Finding Test Object 'Object Repository/A_Version_Nawres/Page_Prendre_Mesure_Formulaire_1/p_Message_Erreur_Duree_IRTF'

12-02-2025T14:03:51 - [MESSAGE][INFO] - Checking object

12-02-2025T14:03:51 - [MESSAGE][INFO] - Finding web element from Test Object's properties

12-02-2025T14:03:51 - [MESSAGE][INFO] - Checking timeout

12-02-2025T14:03:51 - [MESSAGE][INFO] - Finding web element with id: 'Object Repository/A_Version_Nawres/Page_Prendre_Mesure_Formulaire_1/p_Message_Erreur_Duree_IRTF' located by 'By.xpath: //app-accordeon-ictf-irtf/section/div/form/div[2]//p' in '2' second(s)

12-02-2025T14:03:51 - [MESSAGE][INFO] - Found 1 web elements with id: 'Object Repository/A_Version_Nawres/Page_Prendre_Mesure_Formulaire_1/p_Message_Erreur_Duree_IRTF' located by 'By.xpath: //app-accordeon-ictf-irtf/section/div/form/div[2]//p' in '2' second(s)

12-02-2025T14:03:51 - [MESSAGE][PASSED] - Actual text and expected text of test object 'Object Repository/A_Version_Nawres/Page_Prendre_Mesure_Formulaire_1/p_Message_Erreur_Duree_IRTF' are matched.

12-02-2025T14:03:51 - [TEST_STEP][PASSED] - if (FondementLegalIRTF != "L. 612-6"): Text '55' is set on object 'Object Repository/A_Version_Nawres/Page_Prendre_Mesure_Formulaire_1/input_Duree_IRTF_Mois'

12-02-2025T14:03:51 - [TEST_STEP][PASSED] - setText(findTestObject("Object Repository/A_Version_Nawres/Page_Prendre_Mesure_Formulaire_1/input_Duree_IRTF_Mois"), RandomNumber, STOP_ON_FAILURE): Text '55' is set on object 'Object Repository/A_Version_Nawres/Page_Prendre_Mesure_Formulaire_1/input_Duree_IRTF_Mois'

12-02-2025T14:03:51 - [MESSAGE][INFO] - Finding Test Object 'Object Repository/A_Version_Nawres/Page_Prendre_Mesure_Formulaire_1/input_Duree_IRTF_Mois'

12-02-2025T14:03:51 - [MESSAGE][INFO] - Checking timeout

12-02-2025T14:03:51 - [MESSAGE][INFO] - Finding web element with id: 'Object Repository/A_Version_Nawres/Page_Prendre_Mesure_Formulaire_1/input_Duree_IRTF_Mois' located by 'By.xpath: //input[@id="nbr_mois_duree_init"]' in '20' second(s)

12-02-2025T14:03:51 - [MESSAGE][INFO] - Found 1 web elements with id: 'Object Repository/A_Version_Nawres/Page_Prendre_Mesure_Formulaire_1/input_Duree_IRTF_Mois' located by 'By.xpath: //input[@id="nbr_mois_duree_init"]' in '20' second(s)

12-02-2025T14:03:51 - [MESSAGE][INFO] - Checking object

12-02-2025T14:03:51 - [MESSAGE][INFO] - Checking text

12-02-2025T14:03:51 - [MESSAGE][INFO] - Finding web element from Test Object's properties

12-02-2025T14:03:51 - [MESSAGE][INFO] - Checking timeout

12-02-2025T14:03:51 - [MESSAGE][INFO] - Finding web element with id: 'Object Repository/A_Version_Nawres/Page_Prendre_Mesure_Formulaire_1/input_Duree_IRTF_Mois' located by 'By.xpath: //input[@id="nbr_mois_duree_init"]' in '2' second(s)

12-02-2025T14:03:51 - [MESSAGE][INFO] - Found 1 web elements with id: 'Object Repository/A_Version_Nawres/Page_Prendre_Mesure_Formulaire_1/input_Duree_IRTF_Mois' located by 'By.xpath: //input[@id="nbr_mois_duree_init"]' in '2' second(s)

12-02-2025T14:03:51 - [MESSAGE][INFO] - Clearing text of object 'Object Repository/A_Version_Nawres/Page_Prendre_Mesure_Formulaire_1/input_Duree_IRTF_Mois'

12-02-2025T14:03:52 - [MESSAGE][INFO] - Finding web element from Test Object's properties

12-02-2025T14:03:52 - [MESSAGE][INFO] - Checking timeout

12-02-2025T14:03:52 - [MESSAGE][INFO] - Finding web element with id: 'Object Repository/A_Version_Nawres/Page_Prendre_Mesure_Formulaire_1/input_Duree_IRTF_Mois' located by 'By.xpath: //input[@id="nbr_mois_duree_init"]' in '2' second(s)

12-02-2025T14:03:52 - [MESSAGE][INFO] - Found 1 web elements with id: 'Object Repository/A_Version_Nawres/Page_Prendre_Mesure_Formulaire_1/input_Duree_IRTF_Mois' located by 'By.xpath: //input[@id="nbr_mois_duree_init"]' in '2' second(s)

12-02-2025T14:03:52 - [MESSAGE][INFO] - Setting text of object 'Object Repository/A_Version_Nawres/Page_Prendre_Mesure_Formulaire_1/input_Duree_IRTF_Mois' to value '55'

12-02-2025T14:03:53 - [MESSAGE][PASSED] - Text '55' is set on object 'Object Repository/A_Version_Nawres/Page_Prendre_Mesure_Formulaire_1/input_Duree_IRTF_Mois'

12-02-2025T14:03:53 - [TEST_STEP][PASSED] - if (RefuserDepartVolontaireOQTF == "true"): null

12-02-2025T14:03:53 - [TEST_STEP][PASSED] - if (Mesure == "RemiseSchengen"): null

12-02-2025T14:03:53 - [TEST_STEP][PASSED] - RandomNumber = tools.MyStringTools.getRandomNumber(1, 30): tools.MyStringTools.getRandomNumber is PASSED

12-02-2025T14:03:53 - [MESSAGE][PASSED] - tools.MyStringTools.getRandomNumber is PASSED

12-02-2025T14:03:53 - [TEST_STEP][PASSED] - println(RandomNumber): null

12-02-2025T14:03:53 - [TEST_STEP][PASSED] - RandomNumberSelect = RandomNumber.toString(): null

12-02-2025T14:03:53 - [TEST_STEP][PASSED] - if (Mesure == "TransfertDublin"): null

12-02-2025T14:03:53 - [TEST_STEP][PASSED] - if (Mesure == "ExecutionFicheSIS"): null

12-02-2025T14:03:53 - [TEST_STEP][PASSED] - if (Mesure == "IAT"): null

12-02-2025T14:03:53 - [TEST_STEP][PASSED] - if (Mesure == "ITF"): null

12-02-2025T14:03:53 - [MESSAGE][PASSED] - Call Test Case 'Test Cases/Test Reutilisable/Main/AVersion_Nawres/ANEF_Prendre_Mesure_Formulaire_1' successfully

12-02-2025T14:03:53 - [MESSAGE][PASSED] - Call Test Case 'Test Cases/Test Reutilisable/Main/AVersion_Nawres/ANEF_Prendre_Mesure' successfully

12-02-2025T14:03:56 - [TEST_STEP][PASSED] - Video: Video recording for test case 'Test Cases/Cas D Utilisations/A_Version_Nawres/Eloignement_OQTF' .

12-02-2025T14:03:56 - [MESSAGE][INFO] - Video recording for test case 'Test Cases/Cas D Utilisations/A_Version_Nawres/Eloignement_OQTF' .]]></system-out>
         <system-err><![CDATA[]]></system-err>
      </testcase>
      <system-out><![CDATA[12-02-2025T14:02:03 - [TEST_SUITE][PASSED] - TS_ANEF_Eloignement_OQTF: Test Cases/Cas D Utilisations/A_Version_Nawres/Eloignement_OQTF]]></system-out>
      <system-err><![CDATA[]]></system-err>
   </testsuite>
</testsuites>
