<?xml version="1.0" encoding="UTF-8"?>
<testsuites name="TS_ANEF_Eloignement_OQTF" time="320.723" tests="3" failures="0" errors="0">
   <testsuite name="TS_ANEF_Eloignement_OQTF" tests="3" failures="0" errors="0" time="320.723" skipped="0" timestamp="12-02-2025T14:11:52" hostname="nbenjemi - LFR-5CG1459ZTG.corp.capgemini.com" id="Test Suites/TS_ANEF_Eloignement_OQTF">
      <properties>
         <property name="deviceName" value=""/>
         <property name="devicePlatform"/>
         <property name="logFolder" value="C:\\Users\\nbenjemi\\Katalon Studio\\ANEF-ELOIGNEMENT-20250121\\ANEF-ELOIGNEMENT-20250121\\Reports\\20250212_141145\\TS_ANEF_Eloignement_OQTF\\20250212_141145"/>
         <property name="logFiles" value="C:\\Users\\nbenjemi\\Katalon Studio\\ANEF-ELOIGNEMENT-20250121\\ANEF-ELOIGNEMENT-20250121\\Reports\\20250212_141145\\TS_ANEF_Eloignement_OQTF\\20250212_141145\\execution0.log"/>
         <property name="attachments" value=""/>
         <property name="hostName" value="nbenjemi - LFR-5CG1459ZTG.corp.capgemini.com"/>
         <property name="os" value="Windows 11 64bit"/>
         <property name="katalonVersion" value="9.6.0.217"/>
         <property name="browser" value="Chrome 133.0.0.0"/>
         <property name="hostAddress" value="192.168.1.197"/>
         <property name="sessionId" value="d24f18099f4d758bf61e3800f662ce2b"/>
         <property name="seleniumVersion" value="3.141.59"/>
         <property name="proxyInformation" value="ProxyInformation { proxyOption=NO_PROXY, proxyServerType=HTTP, username=, password=********, proxyServerAddress=, proxyServerPort=0, executionList=&quot;&quot;, isApplyToDesiredCapabilities=true }"/>
         <property name="platform" value="Windows 11"/>
      </properties>
      <testcase name="Test Cases/Cas D Utilisations/A_Version_Nawres/Eloignement_OQTF" time="107.797" classname="Test Cases/Cas D Utilisations/A_Version_Nawres/Eloignement_OQTF" status="PASSED">
         <system-out><![CDATA[12-02-2025T14:11:52 - [TEST_CASE][PASSED] - Test Cases/Cas D Utilisations/A_Version_Nawres/Eloignement_OQTF: Test Cases/Cas D Utilisations/A_Version_Nawres/Eloignement_OQTF

12-02-2025T14:11:53 - [TEST_STEP][PASSED] - callTestCase(findTestCase("Test Cases/Test Reutilisable/Main/AVersion_Nawres/ANEF_Lancer_URL_ANEF"), ["Profiles":Profiles, "EnvExec":EnvExec], STOP_ON_FAILURE): Call Test Case 'Test Cases/Test Reutilisable/Main/AVersion_Nawres/ANEF_Lancer_URL_ANEF' successfully

12-02-2025T14:11:53 - [MESSAGE][INFO] - Checking called Test Case

12-02-2025T14:11:53 - [MESSAGE][INFO] - Starting to call Test Case 'Test Cases/Test Reutilisable/Main/AVersion_Nawres/ANEF_Lancer_URL_ANEF'

12-02-2025T14:11:54 - [TEST_CASE][PASSED] - Test Cases/Test Reutilisable/Main/AVersion_Nawres/ANEF_Lancer_URL_ANEF: Test Cases/Test Reutilisable/Main/AVersion_Nawres/ANEF_Lancer_URL_ANEF

12-02-2025T14:11:54 - [TEST_STEP][PASSED] - "Call Highlight.on() automatically": null

12-02-2025T14:11:54 - [TEST_STEP][PASSED] - projDir = getProjectDir(): null

12-02-2025T14:11:54 - [TEST_STEP][PASSED] - RunBrowserConfiguration = getExecutionProperties(): null

12-02-2025T14:11:54 - [TEST_STEP][PASSED] - DriverName = get("WebUI").get("browserType"): null

12-02-2025T14:11:54 - [TEST_STEP][PASSED] - println("DriverName :" + DriverName): null

12-02-2025T14:11:54 - [TEST_STEP][PASSED] - println("Driverpath :" + RunBrowserConfiguration.get("drivers")): null

12-02-2025T14:11:54 - [TEST_STEP][PASSED] - if (Profiles == "Usager"): null

12-02-2025T14:11:54 - [TEST_STEP][PASSED] - if (Profiles == "Agent"): Current window maximized

12-02-2025T14:11:54 - [TEST_STEP][PASSED] - if (EnvExec == "URLPortailAgentQualif"): null

12-02-2025T14:11:54 - [TEST_STEP][PASSED] - if (EnvExec == "URLPortailAgentPreProd"): Browser is opened with url: 'https://preprod.siaef.dgef.interieur.gouv.fr/sejour/#/accueil'

12-02-2025T14:11:54 - [TEST_STEP][PASSED] - openBrowser(URLPortailAgentPreProd): Browser is opened with url: 'https://preprod.siaef.dgef.interieur.gouv.fr/sejour/#/accueil'

12-02-2025T14:11:55 - [MESSAGE][INFO] - Opening browser

12-02-2025T14:11:55 - [MESSAGE][INFO] - Starting 'Chrome' driver

12-02-2025T14:11:55 - [MESSAGE][INFO] - User set preference: ['args', '[--incognito, --disable-search-engine-choice-screen, --enable-automation, --disable-save-password-bubble, --start-maximized, --remote-allow-origins=*]']

12-02-2025T14:11:55 - [MESSAGE][INFO] - User set preference: ['prefs', '{download.default_directory=${GlobalVariable.downloadPath}, download_dir=${GlobalVariable.downloadPath}, download.prompt_for_download=false}']

12-02-2025T14:11:55 - [MESSAGE][INFO] - User set preference: ['loggingPrefs', '{browser=ALL}']

12-02-2025T14:11:55 - [MESSAGE][INFO] - Action delay is set to 1â€¯000 milliseconds

12-02-2025T14:11:59 - [MESSAGE][INFO] - Navigating browser to: 'https://preprod.siaef.dgef.interieur.gouv.fr/sejour/#/accueil'

12-02-2025T14:12:01 - [MESSAGE][PASSED] - Browser is opened with url: 'https://preprod.siaef.dgef.interieur.gouv.fr/sejour/#/accueil'

12-02-2025T14:12:01 - [TEST_STEP][PASSED] - maximizeWindow(): Current window maximized

12-02-2025T14:12:01 - [MESSAGE][INFO] - Maximizing current window

12-02-2025T14:12:01 - [MESSAGE][PASSED] - Current window maximized

12-02-2025T14:12:01 - [MESSAGE][PASSED] - Call Test Case 'Test Cases/Test Reutilisable/Main/AVersion_Nawres/ANEF_Lancer_URL_ANEF' successfully

12-02-2025T14:12:01 - [TEST_STEP][PASSED] - callTestCase(findTestCase("Test Cases/Test Reutilisable/Main/AVersion_Nawres/ANEF_Identification"), ["Profiles":Profiles, "IdentifiantAgent":IdentifiantAgent, "PwAgent":PwAgent, "EnvExec":EnvExec], STOP_ON_FAILURE): Call Test Case 'Test Cases/Test Reutilisable/Main/AVersion_Nawres/ANEF_Identification' successfully

12-02-2025T14:12:01 - [MESSAGE][INFO] - Checking called Test Case

12-02-2025T14:12:01 - [MESSAGE][INFO] - Starting to call Test Case 'Test Cases/Test Reutilisable/Main/AVersion_Nawres/ANEF_Identification'

12-02-2025T14:12:01 - [TEST_CASE][PASSED] - Test Cases/Test Reutilisable/Main/AVersion_Nawres/ANEF_Identification: Test Cases/Test Reutilisable/Main/AVersion_Nawres/ANEF_Identification

12-02-2025T14:12:02 - [TEST_STEP][PASSED] - com.kazurayam.ksbackyard.HighlightElement.pandemic(): com.kazurayam.ksbackyard.HighlightElement.pandemic is PASSED

12-02-2025T14:12:02 - [MESSAGE][PASSED] - com.kazurayam.ksbackyard.HighlightElement.pandemic is PASSED

12-02-2025T14:12:02 - [TEST_STEP][PASSED] - if (Profiles == "Usager"): null

12-02-2025T14:12:02 - [TEST_STEP][PASSED] - if (Profiles == "Agent"): Object: 'Object Repository/A_Version_Nawres/Page_ANEF_Connexion/btn_Valider_Conx_Agent' is clicked on

12-02-2025T14:12:02 - [TEST_STEP][PASSED] - if (EnvExec == "URLPortailAgentQualif"): null

12-02-2025T14:12:02 - [TEST_STEP][PASSED] - if (EnvExec == "URLPortailAgentPreProd"): Text 'Natali12345!' is set on object 'Object Repository/A_Version_Nawres/Page_ANEF_Connexion/Input_PasswordAgent'

12-02-2025T14:12:02 - [TEST_STEP][PASSED] - setText(findTestObject("Object Repository/A_Version_Nawres/Page_ANEF_Connexion/Input_UserNameAgent"), IdentifiantAgent): Text 'test.gpe+970@outlook.fr' is set on object 'Object Repository/A_Version_Nawres/Page_ANEF_Connexion/Input_UserNameAgent'

12-02-2025T14:12:03 - [MESSAGE][INFO] - Finding Test Object 'Object Repository/A_Version_Nawres/Page_ANEF_Connexion/Input_UserNameAgent'

12-02-2025T14:12:03 - [MESSAGE][INFO] - Checking timeout

12-02-2025T14:12:03 - [MESSAGE][INFO] - Finding web element with id: 'Object Repository/A_Version_Nawres/Page_ANEF_Connexion/Input_UserNameAgent' located by 'By.xpath: //*[@aria-labelledby="username-label"]|//*[@id="login"]' in '20' second(s)

12-02-2025T14:12:03 - [MESSAGE][INFO] - Found 1 web elements with id: 'Object Repository/A_Version_Nawres/Page_ANEF_Connexion/Input_UserNameAgent' located by 'By.xpath: //*[@aria-labelledby="username-label"]|//*[@id="login"]' in '20' second(s)

12-02-2025T14:12:03 - [MESSAGE][INFO] - Checking object

12-02-2025T14:12:03 - [MESSAGE][INFO] - Checking text

12-02-2025T14:12:03 - [MESSAGE][INFO] - Finding web element from Test Object's properties

12-02-2025T14:12:03 - [MESSAGE][INFO] - Checking timeout

12-02-2025T14:12:03 - [MESSAGE][INFO] - Finding web element with id: 'Object Repository/A_Version_Nawres/Page_ANEF_Connexion/Input_UserNameAgent' located by 'By.xpath: //*[@aria-labelledby="username-label"]|//*[@id="login"]' in '2' second(s)

12-02-2025T14:12:03 - [MESSAGE][INFO] - Found 1 web elements with id: 'Object Repository/A_Version_Nawres/Page_ANEF_Connexion/Input_UserNameAgent' located by 'By.xpath: //*[@aria-labelledby="username-label"]|//*[@id="login"]' in '2' second(s)

12-02-2025T14:12:03 - [MESSAGE][INFO] - Clearing text of object 'Object Repository/A_Version_Nawres/Page_ANEF_Connexion/Input_UserNameAgent'

12-02-2025T14:12:04 - [MESSAGE][INFO] - Finding web element from Test Object's properties

12-02-2025T14:12:04 - [MESSAGE][INFO] - Checking timeout

12-02-2025T14:12:04 - [MESSAGE][INFO] - Finding web element with id: 'Object Repository/A_Version_Nawres/Page_ANEF_Connexion/Input_UserNameAgent' located by 'By.xpath: //*[@aria-labelledby="username-label"]|//*[@id="login"]' in '2' second(s)

12-02-2025T14:12:04 - [MESSAGE][INFO] - Found 1 web elements with id: 'Object Repository/A_Version_Nawres/Page_ANEF_Connexion/Input_UserNameAgent' located by 'By.xpath: //*[@aria-labelledby="username-label"]|//*[@id="login"]' in '2' second(s)

12-02-2025T14:12:04 - [MESSAGE][INFO] - Setting text of object 'Object Repository/A_Version_Nawres/Page_ANEF_Connexion/Input_UserNameAgent' to value 'test.gpe+970@outlook.fr'

12-02-2025T14:12:05 - [MESSAGE][PASSED] - Text 'test.gpe+970@outlook.fr' is set on object 'Object Repository/A_Version_Nawres/Page_ANEF_Connexion/Input_UserNameAgent'

12-02-2025T14:12:05 - [TEST_STEP][PASSED] - setText(findTestObject("Object Repository/A_Version_Nawres/Page_ANEF_Connexion/Input_PasswordAgent"), PwAgent): Text 'Natali12345!' is set on object 'Object Repository/A_Version_Nawres/Page_ANEF_Connexion/Input_PasswordAgent'

12-02-2025T14:12:05 - [MESSAGE][INFO] - Finding Test Object 'Object Repository/A_Version_Nawres/Page_ANEF_Connexion/Input_PasswordAgent'

12-02-2025T14:12:05 - [MESSAGE][INFO] - Checking timeout

12-02-2025T14:12:05 - [MESSAGE][INFO] - Finding web element with id: 'Object Repository/A_Version_Nawres/Page_ANEF_Connexion/Input_PasswordAgent' located by 'By.xpath: //*[@aria-labelledby="password-label"]|//*[@id="password"]' in '20' second(s)

12-02-2025T14:12:05 - [MESSAGE][INFO] - Found 1 web elements with id: 'Object Repository/A_Version_Nawres/Page_ANEF_Connexion/Input_PasswordAgent' located by 'By.xpath: //*[@aria-labelledby="password-label"]|//*[@id="password"]' in '20' second(s)

12-02-2025T14:12:05 - [MESSAGE][INFO] - Checking object

12-02-2025T14:12:05 - [MESSAGE][INFO] - Checking text

12-02-2025T14:12:05 - [MESSAGE][INFO] - Finding web element from Test Object's properties

12-02-2025T14:12:05 - [MESSAGE][INFO] - Checking timeout

12-02-2025T14:12:05 - [MESSAGE][INFO] - Finding web element with id: 'Object Repository/A_Version_Nawres/Page_ANEF_Connexion/Input_PasswordAgent' located by 'By.xpath: //*[@aria-labelledby="password-label"]|//*[@id="password"]' in '2' second(s)

12-02-2025T14:12:05 - [MESSAGE][INFO] - Found 1 web elements with id: 'Object Repository/A_Version_Nawres/Page_ANEF_Connexion/Input_PasswordAgent' located by 'By.xpath: //*[@aria-labelledby="password-label"]|//*[@id="password"]' in '2' second(s)

12-02-2025T14:12:05 - [MESSAGE][INFO] - Clearing text of object 'Object Repository/A_Version_Nawres/Page_ANEF_Connexion/Input_PasswordAgent'

12-02-2025T14:12:06 - [MESSAGE][INFO] - Finding web element from Test Object's properties

12-02-2025T14:12:06 - [MESSAGE][INFO] - Checking timeout

12-02-2025T14:12:06 - [MESSAGE][INFO] - Finding web element with id: 'Object Repository/A_Version_Nawres/Page_ANEF_Connexion/Input_PasswordAgent' located by 'By.xpath: //*[@aria-labelledby="password-label"]|//*[@id="password"]' in '2' second(s)

12-02-2025T14:12:06 - [MESSAGE][INFO] - Found 1 web elements with id: 'Object Repository/A_Version_Nawres/Page_ANEF_Connexion/Input_PasswordAgent' located by 'By.xpath: //*[@aria-labelledby="password-label"]|//*[@id="password"]' in '2' second(s)

12-02-2025T14:12:06 - [MESSAGE][INFO] - Setting text of object 'Object Repository/A_Version_Nawres/Page_ANEF_Connexion/Input_PasswordAgent' to value 'Natali12345!'

12-02-2025T14:12:08 - [MESSAGE][PASSED] - Text 'Natali12345!' is set on object 'Object Repository/A_Version_Nawres/Page_ANEF_Connexion/Input_PasswordAgent'

12-02-2025T14:12:08 - [TEST_STEP][PASSED] - click(findTestObject("Object Repository/A_Version_Nawres/Page_ANEF_Connexion/btn_Valider_Conx_Agent")): Object: 'Object Repository/A_Version_Nawres/Page_ANEF_Connexion/btn_Valider_Conx_Agent' is clicked on

12-02-2025T14:12:08 - [MESSAGE][INFO] - Finding Test Object 'Object Repository/A_Version_Nawres/Page_ANEF_Connexion/btn_Valider_Conx_Agent'

12-02-2025T14:12:08 - [MESSAGE][INFO] - Checking timeout

12-02-2025T14:12:08 - [MESSAGE][INFO] - Finding web element with id: 'Object Repository/A_Version_Nawres/Page_ANEF_Connexion/btn_Valider_Conx_Agent' located by 'By.xpath: //*[@label="Valider"]|//*[@id="btn-login"]' in '20' second(s)

12-02-2025T14:12:08 - [MESSAGE][INFO] - Found 1 web elements with id: 'Object Repository/A_Version_Nawres/Page_ANEF_Connexion/btn_Valider_Conx_Agent' located by 'By.xpath: //*[@label="Valider"]|//*[@id="btn-login"]' in '20' second(s)

12-02-2025T14:12:08 - [MESSAGE][INFO] - Checking object

12-02-2025T14:12:08 - [MESSAGE][INFO] - Checking timeout

12-02-2025T14:12:08 - [MESSAGE][INFO] - Finding web element from Test Object's properties

12-02-2025T14:12:08 - [MESSAGE][INFO] - Checking timeout

12-02-2025T14:12:08 - [MESSAGE][INFO] - Finding web element with id: 'Object Repository/A_Version_Nawres/Page_ANEF_Connexion/btn_Valider_Conx_Agent' located by 'By.xpath: //*[@label="Valider"]|//*[@id="btn-login"]' in '2' second(s)

12-02-2025T14:12:08 - [MESSAGE][INFO] - Found 1 web elements with id: 'Object Repository/A_Version_Nawres/Page_ANEF_Connexion/btn_Valider_Conx_Agent' located by 'By.xpath: //*[@label="Valider"]|//*[@id="btn-login"]' in '2' second(s)

12-02-2025T14:12:08 - [MESSAGE][INFO] - Clicking on object: 'Object Repository/A_Version_Nawres/Page_ANEF_Connexion/btn_Valider_Conx_Agent'

12-02-2025T14:12:09 - [MESSAGE][PASSED] - Object: 'Object Repository/A_Version_Nawres/Page_ANEF_Connexion/btn_Valider_Conx_Agent' is clicked on

12-02-2025T14:12:09 - [TEST_STEP][PASSED] - delay(5): Delayed 5 second(s)

12-02-2025T14:12:09 - [MESSAGE][INFO] - Delaying browser in 5 second(s)

12-02-2025T14:12:14 - [MESSAGE][PASSED] - Delayed 5 second(s)

12-02-2025T14:12:14 - [TEST_STEP][PASSED] - verifyElementPresent(findTestObject("Object Repository/A_Version_Nawres/Page_Accueil_Principale/btn_ANEF_Eloignement"), 1, STOP_ON_FAILURE): Object 'Object Repository/A_Version_Nawres/Page_Accueil_Principale/btn_ANEF_Eloignement' is present

12-02-2025T14:12:14 - [MESSAGE][INFO] - Finding Test Object 'Object Repository/A_Version_Nawres/Page_Accueil_Principale/btn_ANEF_Eloignement'

12-02-2025T14:12:14 - [MESSAGE][INFO] - Checking object

12-02-2025T14:12:14 - [MESSAGE][INFO] - Finding web element from Test Object's properties

12-02-2025T14:12:14 - [MESSAGE][INFO] - Checking timeout

12-02-2025T14:12:14 - [MESSAGE][INFO] - Finding web element with id: 'Object Repository/A_Version_Nawres/Page_Accueil_Principale/btn_ANEF_Eloignement' located by 'By.xpath: //span[contains(text()," ANEF Ã©loignement ")]' in '1' second(s)

12-02-2025T14:12:14 - [MESSAGE][INFO] - Found 1 web elements with id: 'Object Repository/A_Version_Nawres/Page_Accueil_Principale/btn_ANEF_Eloignement' located by 'By.xpath: //span[contains(text()," ANEF Ã©loignement ")]' in '1' second(s)

12-02-2025T14:12:14 - [MESSAGE][PASSED] - Object 'Object Repository/A_Version_Nawres/Page_Accueil_Principale/btn_ANEF_Eloignement' is present

12-02-2025T14:12:14 - [MESSAGE][PASSED] - Call Test Case 'Test Cases/Test Reutilisable/Main/AVersion_Nawres/ANEF_Identification' successfully

12-02-2025T14:12:14 - [TEST_STEP][PASSED] - callTestCase(findTestCase("Test Cases/Test Reutilisable/Main/AVersion_Nawres/ANEF_Creation_ou_Recherche_Dossier"), ["CreationOuRecherche":CreationOuRecherche], STOP_ON_FAILURE): Call Test Case 'Test Cases/Test Reutilisable/Main/AVersion_Nawres/ANEF_Creation_ou_Recherche_Dossier' successfully

12-02-2025T14:12:14 - [MESSAGE][INFO] - Checking called Test Case

12-02-2025T14:12:14 - [MESSAGE][INFO] - Starting to call Test Case 'Test Cases/Test Reutilisable/Main/AVersion_Nawres/ANEF_Creation_ou_Recherche_Dossier'

12-02-2025T14:12:14 - [TEST_CASE][PASSED] - Test Cases/Test Reutilisable/Main/AVersion_Nawres/ANEF_Creation_ou_Recherche_Dossier: Test Cases/Test Reutilisable/Main/AVersion_Nawres/ANEF_Creation_ou_Recherche_Dossier

12-02-2025T14:12:15 - [TEST_STEP][PASSED] - click(findTestObject("Object Repository/A_Version_Nawres/Page_Accueil_Principale/btn_ANEF_Eloignement")): Object: 'Object Repository/A_Version_Nawres/Page_Accueil_Principale/btn_ANEF_Eloignement' is clicked on

12-02-2025T14:12:15 - [MESSAGE][INFO] - Finding Test Object 'Object Repository/A_Version_Nawres/Page_Accueil_Principale/btn_ANEF_Eloignement'

12-02-2025T14:12:15 - [MESSAGE][INFO] - Checking timeout

12-02-2025T14:12:15 - [MESSAGE][INFO] - Finding web element with id: 'Object Repository/A_Version_Nawres/Page_Accueil_Principale/btn_ANEF_Eloignement' located by 'By.xpath: //span[contains(text()," ANEF Ã©loignement ")]' in '20' second(s)

12-02-2025T14:12:15 - [MESSAGE][INFO] - Found 1 web elements with id: 'Object Repository/A_Version_Nawres/Page_Accueil_Principale/btn_ANEF_Eloignement' located by 'By.xpath: //span[contains(text()," ANEF Ã©loignement ")]' in '20' second(s)

12-02-2025T14:12:15 - [MESSAGE][INFO] - Checking object

12-02-2025T14:12:15 - [MESSAGE][INFO] - Checking timeout

12-02-2025T14:12:15 - [MESSAGE][INFO] - Finding web element from Test Object's properties

12-02-2025T14:12:15 - [MESSAGE][INFO] - Checking timeout

12-02-2025T14:12:15 - [MESSAGE][INFO] - Finding web element with id: 'Object Repository/A_Version_Nawres/Page_Accueil_Principale/btn_ANEF_Eloignement' located by 'By.xpath: //span[contains(text()," ANEF Ã©loignement ")]' in '2' second(s)

12-02-2025T14:12:15 - [MESSAGE][INFO] - Found 1 web elements with id: 'Object Repository/A_Version_Nawres/Page_Accueil_Principale/btn_ANEF_Eloignement' located by 'By.xpath: //span[contains(text()," ANEF Ã©loignement ")]' in '2' second(s)

12-02-2025T14:12:15 - [MESSAGE][INFO] - Clicking on object: 'Object Repository/A_Version_Nawres/Page_Accueil_Principale/btn_ANEF_Eloignement'

12-02-2025T14:12:18 - [MESSAGE][PASSED] - Object: 'Object Repository/A_Version_Nawres/Page_Accueil_Principale/btn_ANEF_Eloignement' is clicked on

12-02-2025T14:12:18 - [TEST_STEP][PASSED] - verifyElementPresent(findTestObject("Object Repository/A_Version_Nawres/Page_Creation_ou_Recherche_Dossier/btn_Rechercher_Dossier"), 1, STOP_ON_FAILURE): Object 'Object Repository/A_Version_Nawres/Page_Creation_ou_Recherche_Dossier/btn_Rechercher_Dossier' is present

12-02-2025T14:12:18 - [MESSAGE][INFO] - Finding Test Object 'Object Repository/A_Version_Nawres/Page_Creation_ou_Recherche_Dossier/btn_Rechercher_Dossier'

12-02-2025T14:12:18 - [MESSAGE][INFO] - Checking object

12-02-2025T14:12:18 - [MESSAGE][INFO] - Finding web element from Test Object's properties

12-02-2025T14:12:18 - [MESSAGE][INFO] - Checking timeout

12-02-2025T14:12:18 - [MESSAGE][INFO] - Finding web element with id: 'Object Repository/A_Version_Nawres/Page_Creation_ou_Recherche_Dossier/btn_Rechercher_Dossier' located by 'By.xpath: //button[@title="Rechercher un dossier"]' in '1' second(s)

12-02-2025T14:12:18 - [MESSAGE][INFO] - Found 1 web elements with id: 'Object Repository/A_Version_Nawres/Page_Creation_ou_Recherche_Dossier/btn_Rechercher_Dossier' located by 'By.xpath: //button[@title="Rechercher un dossier"]' in '1' second(s)

12-02-2025T14:12:18 - [MESSAGE][PASSED] - Object 'Object Repository/A_Version_Nawres/Page_Creation_ou_Recherche_Dossier/btn_Rechercher_Dossier' is present

12-02-2025T14:12:18 - [TEST_STEP][PASSED] - delay(5): Delayed 5 second(s)

12-02-2025T14:12:18 - [MESSAGE][INFO] - Delaying browser in 5 second(s)

12-02-2025T14:12:23 - [MESSAGE][PASSED] - Delayed 5 second(s)

12-02-2025T14:12:23 - [TEST_STEP][PASSED] - if (CreationOuRecherche == "Creation"): Delayed 10 second(s)

12-02-2025T14:12:23 - [TEST_STEP][PASSED] - click(findTestObject("Object Repository/A_Version_Nawres/Page_Creation_ou_Recherche_Dossier/btn_Rechercher_Dossier")): Object: 'Object Repository/A_Version_Nawres/Page_Creation_ou_Recherche_Dossier/btn_Rechercher_Dossier' is clicked on

12-02-2025T14:12:23 - [MESSAGE][INFO] - Finding Test Object 'Object Repository/A_Version_Nawres/Page_Creation_ou_Recherche_Dossier/btn_Rechercher_Dossier'

12-02-2025T14:12:23 - [MESSAGE][INFO] - Checking timeout

12-02-2025T14:12:23 - [MESSAGE][INFO] - Finding web element with id: 'Object Repository/A_Version_Nawres/Page_Creation_ou_Recherche_Dossier/btn_Rechercher_Dossier' located by 'By.xpath: //button[@title="Rechercher un dossier"]' in '20' second(s)

12-02-2025T14:12:23 - [MESSAGE][INFO] - Found 1 web elements with id: 'Object Repository/A_Version_Nawres/Page_Creation_ou_Recherche_Dossier/btn_Rechercher_Dossier' located by 'By.xpath: //button[@title="Rechercher un dossier"]' in '20' second(s)

12-02-2025T14:12:23 - [MESSAGE][INFO] - Checking object

12-02-2025T14:12:23 - [MESSAGE][INFO] - Checking timeout

12-02-2025T14:12:23 - [MESSAGE][INFO] - Finding web element from Test Object's properties

12-02-2025T14:12:23 - [MESSAGE][INFO] - Checking timeout

12-02-2025T14:12:23 - [MESSAGE][INFO] - Finding web element with id: 'Object Repository/A_Version_Nawres/Page_Creation_ou_Recherche_Dossier/btn_Rechercher_Dossier' located by 'By.xpath: //button[@title="Rechercher un dossier"]' in '2' second(s)

12-02-2025T14:12:23 - [MESSAGE][INFO] - Found 1 web elements with id: 'Object Repository/A_Version_Nawres/Page_Creation_ou_Recherche_Dossier/btn_Rechercher_Dossier' located by 'By.xpath: //button[@title="Rechercher un dossier"]' in '2' second(s)

12-02-2025T14:12:23 - [MESSAGE][INFO] - Clicking on object: 'Object Repository/A_Version_Nawres/Page_Creation_ou_Recherche_Dossier/btn_Rechercher_Dossier'

12-02-2025T14:12:24 - [MESSAGE][PASSED] - Object: 'Object Repository/A_Version_Nawres/Page_Creation_ou_Recherche_Dossier/btn_Rechercher_Dossier' is clicked on

12-02-2025T14:12:24 - [TEST_STEP][PASSED] - NumberUsagerRandom = tools.MyStringTools.getRandomNumber(100000000, 9999999999): tools.MyStringTools.getRandomNumber is PASSED

12-02-2025T14:12:25 - [MESSAGE][PASSED] - tools.MyStringTools.getRandomNumber is PASSED

12-02-2025T14:12:25 - [TEST_STEP][PASSED] - println(NumberUsagerRandom): null

12-02-2025T14:12:25 - [TEST_STEP][PASSED] - NumberUsager = NumberUsagerRandom.toString(): null

12-02-2025T14:12:25 - [TEST_STEP][PASSED] - setText(findTestObject("Object Repository/A_Version_Nawres/Page_Creation_ou_Recherche_Dossier/Input_Numero_etranger"), NumberUsager, STOP_ON_FAILURE): Text '7501890028' is set on object 'Object Repository/A_Version_Nawres/Page_Creation_ou_Recherche_Dossier/Input_Numero_etranger'

12-02-2025T14:12:25 - [MESSAGE][INFO] - Finding Test Object 'Object Repository/A_Version_Nawres/Page_Creation_ou_Recherche_Dossier/Input_Numero_etranger'

12-02-2025T14:12:25 - [MESSAGE][INFO] - Checking timeout

12-02-2025T14:12:25 - [MESSAGE][INFO] - Finding web element with id: 'Object Repository/A_Version_Nawres/Page_Creation_ou_Recherche_Dossier/Input_Numero_etranger' located by 'By.xpath: //app-identite-declaree-search-box//div/app-dsfr-input/div/input[@id="identifiant_agdref"]|//app-search-box//div/app-dsfr-input/div/input[@id="identifiant_agdref"]' in '20' second(s)

12-02-2025T14:12:25 - [MESSAGE][INFO] - Found 1 web elements with id: 'Object Repository/A_Version_Nawres/Page_Creation_ou_Recherche_Dossier/Input_Numero_etranger' located by 'By.xpath: //app-identite-declaree-search-box//div/app-dsfr-input/div/input[@id="identifiant_agdref"]|//app-search-box//div/app-dsfr-input/div/input[@id="identifiant_agdref"]' in '20' second(s)

12-02-2025T14:12:25 - [MESSAGE][INFO] - Checking object

12-02-2025T14:12:25 - [MESSAGE][INFO] - Checking text

12-02-2025T14:12:25 - [MESSAGE][INFO] - Finding web element from Test Object's properties

12-02-2025T14:12:25 - [MESSAGE][INFO] - Checking timeout

12-02-2025T14:12:25 - [MESSAGE][INFO] - Finding web element with id: 'Object Repository/A_Version_Nawres/Page_Creation_ou_Recherche_Dossier/Input_Numero_etranger' located by 'By.xpath: //app-identite-declaree-search-box//div/app-dsfr-input/div/input[@id="identifiant_agdref"]|//app-search-box//div/app-dsfr-input/div/input[@id="identifiant_agdref"]' in '2' second(s)

12-02-2025T14:12:25 - [MESSAGE][INFO] - Found 1 web elements with id: 'Object Repository/A_Version_Nawres/Page_Creation_ou_Recherche_Dossier/Input_Numero_etranger' located by 'By.xpath: //app-identite-declaree-search-box//div/app-dsfr-input/div/input[@id="identifiant_agdref"]|//app-search-box//div/app-dsfr-input/div/input[@id="identifiant_agdref"]' in '2' second(s)

12-02-2025T14:12:25 - [MESSAGE][INFO] - Clearing text of object 'Object Repository/A_Version_Nawres/Page_Creation_ou_Recherche_Dossier/Input_Numero_etranger'

12-02-2025T14:12:26 - [MESSAGE][INFO] - Finding web element from Test Object's properties

12-02-2025T14:12:26 - [MESSAGE][INFO] - Checking timeout

12-02-2025T14:12:26 - [MESSAGE][INFO] - Finding web element with id: 'Object Repository/A_Version_Nawres/Page_Creation_ou_Recherche_Dossier/Input_Numero_etranger' located by 'By.xpath: //app-identite-declaree-search-box//div/app-dsfr-input/div/input[@id="identifiant_agdref"]|//app-search-box//div/app-dsfr-input/div/input[@id="identifiant_agdref"]' in '2' second(s)

12-02-2025T14:12:26 - [MESSAGE][INFO] - Found 1 web elements with id: 'Object Repository/A_Version_Nawres/Page_Creation_ou_Recherche_Dossier/Input_Numero_etranger' located by 'By.xpath: //app-identite-declaree-search-box//div/app-dsfr-input/div/input[@id="identifiant_agdref"]|//app-search-box//div/app-dsfr-input/div/input[@id="identifiant_agdref"]' in '2' second(s)

12-02-2025T14:12:26 - [MESSAGE][INFO] - Setting text of object 'Object Repository/A_Version_Nawres/Page_Creation_ou_Recherche_Dossier/Input_Numero_etranger' to value '7501890028'

12-02-2025T14:12:27 - [MESSAGE][PASSED] - Text '7501890028' is set on object 'Object Repository/A_Version_Nawres/Page_Creation_ou_Recherche_Dossier/Input_Numero_etranger'

12-02-2025T14:12:27 - [TEST_STEP][PASSED] - click(findTestObject("Object Repository/A_Version_Nawres/Page_Creation_ou_Recherche_Dossier/Input_Numero_etranger"), STOP_ON_FAILURE): Object: 'Object Repository/A_Version_Nawres/Page_Creation_ou_Recherche_Dossier/Input_Numero_etranger' is clicked on

12-02-2025T14:12:27 - [MESSAGE][INFO] - Finding Test Object 'Object Repository/A_Version_Nawres/Page_Creation_ou_Recherche_Dossier/Input_Numero_etranger'

12-02-2025T14:12:27 - [MESSAGE][INFO] - Checking timeout

12-02-2025T14:12:27 - [MESSAGE][INFO] - Finding web element with id: 'Object Repository/A_Version_Nawres/Page_Creation_ou_Recherche_Dossier/Input_Numero_etranger' located by 'By.xpath: //app-identite-declaree-search-box//div/app-dsfr-input/div/input[@id="identifiant_agdref"]|//app-search-box//div/app-dsfr-input/div/input[@id="identifiant_agdref"]' in '20' second(s)

12-02-2025T14:12:27 - [MESSAGE][INFO] - Found 1 web elements with id: 'Object Repository/A_Version_Nawres/Page_Creation_ou_Recherche_Dossier/Input_Numero_etranger' located by 'By.xpath: //app-identite-declaree-search-box//div/app-dsfr-input/div/input[@id="identifiant_agdref"]|//app-search-box//div/app-dsfr-input/div/input[@id="identifiant_agdref"]' in '20' second(s)

12-02-2025T14:12:27 - [MESSAGE][INFO] - Checking object

12-02-2025T14:12:27 - [MESSAGE][INFO] - Checking timeout

12-02-2025T14:12:27 - [MESSAGE][INFO] - Finding web element from Test Object's properties

12-02-2025T14:12:27 - [MESSAGE][INFO] - Checking timeout

12-02-2025T14:12:27 - [MESSAGE][INFO] - Finding web element with id: 'Object Repository/A_Version_Nawres/Page_Creation_ou_Recherche_Dossier/Input_Numero_etranger' located by 'By.xpath: //app-identite-declaree-search-box//div/app-dsfr-input/div/input[@id="identifiant_agdref"]|//app-search-box//div/app-dsfr-input/div/input[@id="identifiant_agdref"]' in '2' second(s)

12-02-2025T14:12:27 - [MESSAGE][INFO] - Found 1 web elements with id: 'Object Repository/A_Version_Nawres/Page_Creation_ou_Recherche_Dossier/Input_Numero_etranger' located by 'By.xpath: //app-identite-declaree-search-box//div/app-dsfr-input/div/input[@id="identifiant_agdref"]|//app-search-box//div/app-dsfr-input/div/input[@id="identifiant_agdref"]' in '2' second(s)

12-02-2025T14:12:27 - [MESSAGE][INFO] - Clicking on object: 'Object Repository/A_Version_Nawres/Page_Creation_ou_Recherche_Dossier/Input_Numero_etranger'

12-02-2025T14:12:28 - [MESSAGE][PASSED] - Object: 'Object Repository/A_Version_Nawres/Page_Creation_ou_Recherche_Dossier/Input_Numero_etranger' is clicked on

12-02-2025T14:12:28 - [TEST_STEP][PASSED] - scrollToElement(findTestObject("Object Repository/A_Version_Nawres/Page_Creation_ou_Recherche_Dossier/btn_Lancer_La_Recherche"), 5, STOP_ON_FAILURE): Scroll to object 'Object Repository/A_Version_Nawres/Page_Creation_ou_Recherche_Dossier/btn_Lancer_La_Recherche' successfully

12-02-2025T14:12:28 - [MESSAGE][INFO] - Finding Test Object 'Object Repository/A_Version_Nawres/Page_Creation_ou_Recherche_Dossier/btn_Lancer_La_Recherche'

12-02-2025T14:12:28 - [MESSAGE][INFO] - Checking object

12-02-2025T14:12:28 - [MESSAGE][INFO] - Checking timeout

12-02-2025T14:12:28 - [MESSAGE][INFO] - Finding web element from Test Object's properties

12-02-2025T14:12:28 - [MESSAGE][INFO] - Checking timeout

12-02-2025T14:12:28 - [MESSAGE][INFO] - Finding web element with id: 'Object Repository/A_Version_Nawres/Page_Creation_ou_Recherche_Dossier/btn_Lancer_La_Recherche' located by 'By.xpath: //button[contains(text(),"Lancer la recherche ")]' in '2' second(s)

12-02-2025T14:12:28 - [MESSAGE][INFO] - Found 1 web elements with id: 'Object Repository/A_Version_Nawres/Page_Creation_ou_Recherche_Dossier/btn_Lancer_La_Recherche' located by 'By.xpath: //button[contains(text(),"Lancer la recherche ")]' in '2' second(s)

12-02-2025T14:12:28 - [MESSAGE][INFO] - Scrolling to object 'Object Repository/A_Version_Nawres/Page_Creation_ou_Recherche_Dossier/btn_Lancer_La_Recherche'

12-02-2025T14:12:28 - [MESSAGE][PASSED] - Scroll to object 'Object Repository/A_Version_Nawres/Page_Creation_ou_Recherche_Dossier/btn_Lancer_La_Recherche' successfully

12-02-2025T14:12:28 - [TEST_STEP][PASSED] - click(findTestObject("Object Repository/A_Version_Nawres/Page_Creation_ou_Recherche_Dossier/btn_Lancer_La_Recherche"), STOP_ON_FAILURE): Object: 'Object Repository/A_Version_Nawres/Page_Creation_ou_Recherche_Dossier/btn_Lancer_La_Recherche' is clicked on

12-02-2025T14:12:28 - [MESSAGE][INFO] - Finding Test Object 'Object Repository/A_Version_Nawres/Page_Creation_ou_Recherche_Dossier/btn_Lancer_La_Recherche'

12-02-2025T14:12:28 - [MESSAGE][INFO] - Checking timeout

12-02-2025T14:12:28 - [MESSAGE][INFO] - Finding web element with id: 'Object Repository/A_Version_Nawres/Page_Creation_ou_Recherche_Dossier/btn_Lancer_La_Recherche' located by 'By.xpath: //button[contains(text(),"Lancer la recherche ")]' in '20' second(s)

12-02-2025T14:12:28 - [MESSAGE][INFO] - Found 1 web elements with id: 'Object Repository/A_Version_Nawres/Page_Creation_ou_Recherche_Dossier/btn_Lancer_La_Recherche' located by 'By.xpath: //button[contains(text(),"Lancer la recherche ")]' in '20' second(s)

12-02-2025T14:12:29 - [MESSAGE][INFO] - Checking object

12-02-2025T14:12:29 - [MESSAGE][INFO] - Checking timeout

12-02-2025T14:12:29 - [MESSAGE][INFO] - Finding web element from Test Object's properties

12-02-2025T14:12:29 - [MESSAGE][INFO] - Checking timeout

12-02-2025T14:12:29 - [MESSAGE][INFO] - Finding web element with id: 'Object Repository/A_Version_Nawres/Page_Creation_ou_Recherche_Dossier/btn_Lancer_La_Recherche' located by 'By.xpath: //button[contains(text(),"Lancer la recherche ")]' in '2' second(s)

12-02-2025T14:12:29 - [MESSAGE][INFO] - Found 1 web elements with id: 'Object Repository/A_Version_Nawres/Page_Creation_ou_Recherche_Dossier/btn_Lancer_La_Recherche' located by 'By.xpath: //button[contains(text(),"Lancer la recherche ")]' in '2' second(s)

12-02-2025T14:12:29 - [MESSAGE][INFO] - Clicking on object: 'Object Repository/A_Version_Nawres/Page_Creation_ou_Recherche_Dossier/btn_Lancer_La_Recherche'

12-02-2025T14:12:30 - [MESSAGE][PASSED] - Object: 'Object Repository/A_Version_Nawres/Page_Creation_ou_Recherche_Dossier/btn_Lancer_La_Recherche' is clicked on

12-02-2025T14:12:30 - [TEST_STEP][PASSED] - delay(10): Delayed 10 second(s)

12-02-2025T14:12:30 - [MESSAGE][INFO] - Delaying browser in 10 second(s)

12-02-2025T14:12:40 - [MESSAGE][PASSED] - Delayed 10 second(s)

12-02-2025T14:12:40 - [TEST_STEP][PASSED] - scrollToElement(findTestObject("Object Repository/A_Version_Nawres/Page_Creation_ou_Recherche_Dossier/btn_Aucune_Correspondance"), 5, STOP_ON_FAILURE): Scroll to object 'Object Repository/A_Version_Nawres/Page_Creation_ou_Recherche_Dossier/btn_Aucune_Correspondance' successfully

12-02-2025T14:12:40 - [MESSAGE][INFO] - Finding Test Object 'Object Repository/A_Version_Nawres/Page_Creation_ou_Recherche_Dossier/btn_Aucune_Correspondance'

12-02-2025T14:12:40 - [MESSAGE][INFO] - Checking object

12-02-2025T14:12:40 - [MESSAGE][INFO] - Checking timeout

12-02-2025T14:12:40 - [MESSAGE][INFO] - Finding web element from Test Object's properties

12-02-2025T14:12:40 - [MESSAGE][INFO] - Checking timeout

12-02-2025T14:12:40 - [MESSAGE][INFO] - Finding web element with id: 'Object Repository/A_Version_Nawres/Page_Creation_ou_Recherche_Dossier/btn_Aucune_Correspondance' located by 'By.xpath: //button[contains(text()," Aucune correspondance")]' in '2' second(s)

12-02-2025T14:12:40 - [MESSAGE][INFO] - Found 1 web elements with id: 'Object Repository/A_Version_Nawres/Page_Creation_ou_Recherche_Dossier/btn_Aucune_Correspondance' located by 'By.xpath: //button[contains(text()," Aucune correspondance")]' in '2' second(s)

12-02-2025T14:12:40 - [MESSAGE][INFO] - Scrolling to object 'Object Repository/A_Version_Nawres/Page_Creation_ou_Recherche_Dossier/btn_Aucune_Correspondance'

12-02-2025T14:12:40 - [MESSAGE][PASSED] - Scroll to object 'Object Repository/A_Version_Nawres/Page_Creation_ou_Recherche_Dossier/btn_Aucune_Correspondance' successfully

12-02-2025T14:12:40 - [TEST_STEP][PASSED] - click(findTestObject("Object Repository/A_Version_Nawres/Page_Creation_ou_Recherche_Dossier/btn_Aucune_Correspondance"), STOP_ON_FAILURE): Object: 'Object Repository/A_Version_Nawres/Page_Creation_ou_Recherche_Dossier/btn_Aucune_Correspondance' is clicked on

12-02-2025T14:12:40 - [MESSAGE][INFO] - Finding Test Object 'Object Repository/A_Version_Nawres/Page_Creation_ou_Recherche_Dossier/btn_Aucune_Correspondance'

12-02-2025T14:12:40 - [MESSAGE][INFO] - Checking timeout

12-02-2025T14:12:40 - [MESSAGE][INFO] - Finding web element with id: 'Object Repository/A_Version_Nawres/Page_Creation_ou_Recherche_Dossier/btn_Aucune_Correspondance' located by 'By.xpath: //button[contains(text()," Aucune correspondance")]' in '20' second(s)

12-02-2025T14:12:40 - [MESSAGE][INFO] - Found 1 web elements with id: 'Object Repository/A_Version_Nawres/Page_Creation_ou_Recherche_Dossier/btn_Aucune_Correspondance' located by 'By.xpath: //button[contains(text()," Aucune correspondance")]' in '20' second(s)

12-02-2025T14:12:40 - [MESSAGE][INFO] - Checking object

12-02-2025T14:12:40 - [MESSAGE][INFO] - Checking timeout

12-02-2025T14:12:40 - [MESSAGE][INFO] - Finding web element from Test Object's properties

12-02-2025T14:12:40 - [MESSAGE][INFO] - Checking timeout

12-02-2025T14:12:40 - [MESSAGE][INFO] - Finding web element with id: 'Object Repository/A_Version_Nawres/Page_Creation_ou_Recherche_Dossier/btn_Aucune_Correspondance' located by 'By.xpath: //button[contains(text()," Aucune correspondance")]' in '2' second(s)

12-02-2025T14:12:40 - [MESSAGE][INFO] - Found 1 web elements with id: 'Object Repository/A_Version_Nawres/Page_Creation_ou_Recherche_Dossier/btn_Aucune_Correspondance' located by 'By.xpath: //button[contains(text()," Aucune correspondance")]' in '2' second(s)

12-02-2025T14:12:40 - [MESSAGE][INFO] - Clicking on object: 'Object Repository/A_Version_Nawres/Page_Creation_ou_Recherche_Dossier/btn_Aucune_Correspondance'

12-02-2025T14:12:41 - [MESSAGE][PASSED] - Object: 'Object Repository/A_Version_Nawres/Page_Creation_ou_Recherche_Dossier/btn_Aucune_Correspondance' is clicked on

12-02-2025T14:12:41 - [TEST_STEP][PASSED] - click(findTestObject("Object Repository/A_Version_Nawres/Page_Creation_ou_Recherche_Dossier/btn_Creer_Un_Dossier_Etranger"), STOP_ON_FAILURE): Object: 'Object Repository/A_Version_Nawres/Page_Creation_ou_Recherche_Dossier/btn_Creer_Un_Dossier_Etranger' is clicked on

12-02-2025T14:12:41 - [MESSAGE][INFO] - Finding Test Object 'Object Repository/A_Version_Nawres/Page_Creation_ou_Recherche_Dossier/btn_Creer_Un_Dossier_Etranger'

12-02-2025T14:12:41 - [MESSAGE][INFO] - Checking timeout

12-02-2025T14:12:41 - [MESSAGE][INFO] - Finding web element with id: 'Object Repository/A_Version_Nawres/Page_Creation_ou_Recherche_Dossier/btn_Creer_Un_Dossier_Etranger' located by 'By.xpath: //button[contains(text()," CrÃ©er un dossier Ã©tranger ")]' in '20' second(s)

12-02-2025T14:12:41 - [MESSAGE][INFO] - Found 1 web elements with id: 'Object Repository/A_Version_Nawres/Page_Creation_ou_Recherche_Dossier/btn_Creer_Un_Dossier_Etranger' located by 'By.xpath: //button[contains(text()," CrÃ©er un dossier Ã©tranger ")]' in '20' second(s)

12-02-2025T14:12:41 - [MESSAGE][INFO] - Checking object

12-02-2025T14:12:41 - [MESSAGE][INFO] - Checking timeout

12-02-2025T14:12:41 - [MESSAGE][INFO] - Finding web element from Test Object's properties

12-02-2025T14:12:41 - [MESSAGE][INFO] - Checking timeout

12-02-2025T14:12:41 - [MESSAGE][INFO] - Finding web element with id: 'Object Repository/A_Version_Nawres/Page_Creation_ou_Recherche_Dossier/btn_Creer_Un_Dossier_Etranger' located by 'By.xpath: //button[contains(text()," CrÃ©er un dossier Ã©tranger ")]' in '2' second(s)

12-02-2025T14:12:41 - [MESSAGE][INFO] - Found 1 web elements with id: 'Object Repository/A_Version_Nawres/Page_Creation_ou_Recherche_Dossier/btn_Creer_Un_Dossier_Etranger' located by 'By.xpath: //button[contains(text()," CrÃ©er un dossier Ã©tranger ")]' in '2' second(s)

12-02-2025T14:12:41 - [MESSAGE][INFO] - Clicking on object: 'Object Repository/A_Version_Nawres/Page_Creation_ou_Recherche_Dossier/btn_Creer_Un_Dossier_Etranger'

12-02-2025T14:12:43 - [MESSAGE][PASSED] - Object: 'Object Repository/A_Version_Nawres/Page_Creation_ou_Recherche_Dossier/btn_Creer_Un_Dossier_Etranger' is clicked on

12-02-2025T14:12:43 - [TEST_STEP][PASSED] - delay(10): Delayed 10 second(s)

12-02-2025T14:12:43 - [MESSAGE][INFO] - Delaying browser in 10 second(s)

12-02-2025T14:12:53 - [MESSAGE][PASSED] - Delayed 10 second(s)

12-02-2025T14:12:53 - [MESSAGE][PASSED] - Call Test Case 'Test Cases/Test Reutilisable/Main/AVersion_Nawres/ANEF_Creation_ou_Recherche_Dossier' successfully

12-02-2025T14:12:53 - [TEST_STEP][PASSED] - if (CreationOuRecherche == "Creation"): Call Test Case 'Test Cases/Test Reutilisable/Main/AVersion_Nawres/ANEF_Formulaire_Creation_Dossier' successfully

12-02-2025T14:12:53 - [TEST_STEP][PASSED] - callTestCase(findTestCase("Test Cases/Test Reutilisable/Main/AVersion_Nawres/ANEF_Formulaire_Creation_Dossier"), ["CreationOuRecherche":CreationOuRecherche, "Sexe":Sexe, "AnneeNaissance":AnneeNaissance, "Nationnalite":Nationnalite, "OrigineDossier":OrigineDossier, ... ], STOP_ON_FAILURE): Call Test Case 'Test Cases/Test Reutilisable/Main/AVersion_Nawres/ANEF_Formulaire_Creation_Dossier' successfully

12-02-2025T14:12:53 - [MESSAGE][INFO] - Checking called Test Case

12-02-2025T14:12:53 - [MESSAGE][INFO] - Starting to call Test Case 'Test Cases/Test Reutilisable/Main/AVersion_Nawres/ANEF_Formulaire_Creation_Dossier'

12-02-2025T14:12:53 - [TEST_CASE][PASSED] - Test Cases/Test Reutilisable/Main/AVersion_Nawres/ANEF_Formulaire_Creation_Dossier: Test Cases/Test Reutilisable/Main/AVersion_Nawres/ANEF_Formulaire_Creation_Dossier

12-02-2025T14:12:54 - [TEST_STEP][PASSED] - "Onglet 'Dossier etranger'": null

12-02-2025T14:12:54 - [TEST_STEP][PASSED] - verifyElementPresent(findTestObject("Object Repository/A_Version_Nawres/Page_Formulaire_Creation_Dossier/Onglet_Dossier_Etranger"), 1, STOP_ON_FAILURE): Object 'Object Repository/A_Version_Nawres/Page_Formulaire_Creation_Dossier/Onglet_Dossier_Etranger' is present

12-02-2025T14:12:54 - [MESSAGE][INFO] - Finding Test Object 'Object Repository/A_Version_Nawres/Page_Formulaire_Creation_Dossier/Onglet_Dossier_Etranger'

12-02-2025T14:12:54 - [MESSAGE][INFO] - Checking object

12-02-2025T14:12:54 - [MESSAGE][INFO] - Finding web element from Test Object's properties

12-02-2025T14:12:54 - [MESSAGE][INFO] - Checking timeout

12-02-2025T14:12:54 - [MESSAGE][INFO] - Finding web element with id: 'Object Repository/A_Version_Nawres/Page_Formulaire_Creation_Dossier/Onglet_Dossier_Etranger' located by 'By.xpath: /html/body/app-root/app-layout-borderless/div[3]/app-prise-mesure/div/app-dsfr-onglet-tab/div/ul/li[1]/button' in '1' second(s)

12-02-2025T14:12:54 - [MESSAGE][INFO] - Found 1 web elements with id: 'Object Repository/A_Version_Nawres/Page_Formulaire_Creation_Dossier/Onglet_Dossier_Etranger' located by 'By.xpath: /html/body/app-root/app-layout-borderless/div[3]/app-prise-mesure/div/app-dsfr-onglet-tab/div/ul/li[1]/button' in '1' second(s)

12-02-2025T14:12:54 - [MESSAGE][PASSED] - Object 'Object Repository/A_Version_Nawres/Page_Formulaire_Creation_Dossier/Onglet_Dossier_Etranger' is present

12-02-2025T14:12:54 - [TEST_STEP][PASSED] - verifyElementPresent(findTestObject("Object Repository/A_Version_Nawres/Page_Formulaire_Creation_Dossier/Formulaire_Creation_Dossier_Accordeon/lbl_Numero_Etranger"), 1, STOP_ON_FAILURE): Object 'Object Repository/A_Version_Nawres/Page_Formulaire_Creation_Dossier/Formulaire_Creation_Dossier_Accordeon/lbl_Numero_Etranger' is present

12-02-2025T14:12:54 - [MESSAGE][INFO] - Finding Test Object 'Object Repository/A_Version_Nawres/Page_Formulaire_Creation_Dossier/Formulaire_Creation_Dossier_Accordeon/lbl_Numero_Etranger'

12-02-2025T14:12:54 - [MESSAGE][INFO] - Checking object

12-02-2025T14:12:54 - [MESSAGE][INFO] - Finding web element from Test Object's properties

12-02-2025T14:12:54 - [MESSAGE][INFO] - Checking timeout

12-02-2025T14:12:54 - [MESSAGE][INFO] - Finding web element with id: 'Object Repository/A_Version_Nawres/Page_Formulaire_Creation_Dossier/Formulaire_Creation_Dossier_Accordeon/lbl_Numero_Etranger' located by 'By.xpath: /html/body/app-root/app-layout-borderless/div[3]/app-prise-mesure/div/app-dsfr-onglet-tab/div/div[1]/app-fiche-etranger/div/div[2]/section[1]/div/div/div[1]/label' in '1' second(s)

12-02-2025T14:12:54 - [MESSAGE][INFO] - Found 1 web elements with id: 'Object Repository/A_Version_Nawres/Page_Formulaire_Creation_Dossier/Formulaire_Creation_Dossier_Accordeon/lbl_Numero_Etranger' located by 'By.xpath: /html/body/app-root/app-layout-borderless/div[3]/app-prise-mesure/div/app-dsfr-onglet-tab/div/div[1]/app-fiche-etranger/div/div[2]/section[1]/div/div/div[1]/label' in '1' second(s)

12-02-2025T14:12:54 - [MESSAGE][PASSED] - Object 'Object Repository/A_Version_Nawres/Page_Formulaire_Creation_Dossier/Formulaire_Creation_Dossier_Accordeon/lbl_Numero_Etranger' is present

12-02-2025T14:12:54 - [TEST_STEP][PASSED] - verifyElementPresent(findTestObject("Object Repository/A_Version_Nawres/Page_Formulaire_Creation_Dossier/Formulaire_Creation_Dossier_Accordeon/lbl_Prefecture_Gestionnaire"), 1, STOP_ON_FAILURE): Object 'Object Repository/A_Version_Nawres/Page_Formulaire_Creation_Dossier/Formulaire_Creation_Dossier_Accordeon/lbl_Prefecture_Gestionnaire' is present

12-02-2025T14:12:54 - [MESSAGE][INFO] - Finding Test Object 'Object Repository/A_Version_Nawres/Page_Formulaire_Creation_Dossier/Formulaire_Creation_Dossier_Accordeon/lbl_Prefecture_Gestionnaire'

12-02-2025T14:12:54 - [MESSAGE][INFO] - Checking object

12-02-2025T14:12:54 - [MESSAGE][INFO] - Finding web element from Test Object's properties

12-02-2025T14:12:54 - [MESSAGE][INFO] - Checking timeout

12-02-2025T14:12:54 - [MESSAGE][INFO] - Finding web element with id: 'Object Repository/A_Version_Nawres/Page_Formulaire_Creation_Dossier/Formulaire_Creation_Dossier_Accordeon/lbl_Prefecture_Gestionnaire' located by 'By.xpath: /html/body/app-root/app-layout-borderless/div[3]/app-prise-mesure/div/app-dsfr-onglet-tab/div/div[1]/app-fiche-etranger/div/div[2]/section[1]/div/div/div[2]/label' in '1' second(s)

12-02-2025T14:12:54 - [MESSAGE][INFO] - Found 1 web elements with id: 'Object Repository/A_Version_Nawres/Page_Formulaire_Creation_Dossier/Formulaire_Creation_Dossier_Accordeon/lbl_Prefecture_Gestionnaire' located by 'By.xpath: /html/body/app-root/app-layout-borderless/div[3]/app-prise-mesure/div/app-dsfr-onglet-tab/div/div[1]/app-fiche-etranger/div/div[2]/section[1]/div/div/div[2]/label' in '1' second(s)

12-02-2025T14:12:54 - [MESSAGE][PASSED] - Object 'Object Repository/A_Version_Nawres/Page_Formulaire_Creation_Dossier/Formulaire_Creation_Dossier_Accordeon/lbl_Prefecture_Gestionnaire' is present

12-02-2025T14:12:54 - [TEST_STEP][PASSED] - verifyElementPresent(findTestObject("Object Repository/A_Version_Nawres/Page_Formulaire_Creation_Dossier/Formulaire_Creation_Dossier_Accordeon/lbl_Derniere_Modification"), 1, STOP_ON_FAILURE): Object 'Object Repository/A_Version_Nawres/Page_Formulaire_Creation_Dossier/Formulaire_Creation_Dossier_Accordeon/lbl_Derniere_Modification' is present

12-02-2025T14:12:54 - [MESSAGE][INFO] - Finding Test Object 'Object Repository/A_Version_Nawres/Page_Formulaire_Creation_Dossier/Formulaire_Creation_Dossier_Accordeon/lbl_Derniere_Modification'

12-02-2025T14:12:54 - [MESSAGE][INFO] - Checking object

12-02-2025T14:12:54 - [MESSAGE][INFO] - Finding web element from Test Object's properties

12-02-2025T14:12:54 - [MESSAGE][INFO] - Checking timeout

12-02-2025T14:12:54 - [MESSAGE][INFO] - Finding web element with id: 'Object Repository/A_Version_Nawres/Page_Formulaire_Creation_Dossier/Formulaire_Creation_Dossier_Accordeon/lbl_Derniere_Modification' located by 'By.xpath: /html/body/app-root/app-layout-borderless/div[3]/app-prise-mesure/div/app-dsfr-onglet-tab/div/div[1]/app-fiche-etranger/div/div[2]/section[1]/div/div/div[3]/label' in '1' second(s)

12-02-2025T14:12:54 - [MESSAGE][INFO] - Found 1 web elements with id: 'Object Repository/A_Version_Nawres/Page_Formulaire_Creation_Dossier/Formulaire_Creation_Dossier_Accordeon/lbl_Derniere_Modification' located by 'By.xpath: /html/body/app-root/app-layout-borderless/div[3]/app-prise-mesure/div/app-dsfr-onglet-tab/div/div[1]/app-fiche-etranger/div/div[2]/section[1]/div/div/div[3]/label' in '1' second(s)

12-02-2025T14:12:54 - [MESSAGE][PASSED] - Object 'Object Repository/A_Version_Nawres/Page_Formulaire_Creation_Dossier/Formulaire_Creation_Dossier_Accordeon/lbl_Derniere_Modification' is present

12-02-2025T14:12:54 - [TEST_STEP][PASSED] - verifyElementPresent(findTestObject("Object Repository/A_Version_Nawres/Page_Formulaire_Creation_Dossier/Formulaire_Creation_Dossier_Accordeon/Acc_ Reference_Du_Dossier"), 1, STOP_ON_FAILURE): Object 'Object Repository/A_Version_Nawres/Page_Formulaire_Creation_Dossier/Formulaire_Creation_Dossier_Accordeon/Acc_ Reference_Du_Dossier' is present

12-02-2025T14:12:54 - [MESSAGE][INFO] - Finding Test Object 'Object Repository/A_Version_Nawres/Page_Formulaire_Creation_Dossier/Formulaire_Creation_Dossier_Accordeon/Acc_ Reference_Du_Dossier'

12-02-2025T14:12:54 - [MESSAGE][INFO] - Checking object

12-02-2025T14:12:54 - [MESSAGE][INFO] - Finding web element from Test Object's properties

12-02-2025T14:12:54 - [MESSAGE][INFO] - Checking timeout

12-02-2025T14:12:54 - [MESSAGE][INFO] - Finding web element with id: 'Object Repository/A_Version_Nawres/Page_Formulaire_Creation_Dossier/Formulaire_Creation_Dossier_Accordeon/Acc_ Reference_Du_Dossier' located by 'By.xpath: /html/body/app-root/app-layout-borderless/div[3]/app-prise-mesure/div/app-dsfr-onglet-tab/div/div[1]/app-fiche-etranger/div/div[2]/section[2]/div[1]/app-accordeon-reference-dossier/section/h3/button' in '1' second(s)

12-02-2025T14:12:54 - [MESSAGE][INFO] - Found 1 web elements with id: 'Object Repository/A_Version_Nawres/Page_Formulaire_Creation_Dossier/Formulaire_Creation_Dossier_Accordeon/Acc_ Reference_Du_Dossier' located by 'By.xpath: /html/body/app-root/app-layout-borderless/div[3]/app-prise-mesure/div/app-dsfr-onglet-tab/div/div[1]/app-fiche-etranger/div/div[2]/section[2]/div[1]/app-accordeon-reference-dossier/section/h3/button' in '1' second(s)

12-02-2025T14:12:54 - [MESSAGE][PASSED] - Object 'Object Repository/A_Version_Nawres/Page_Formulaire_Creation_Dossier/Formulaire_Creation_Dossier_Accordeon/Acc_ Reference_Du_Dossier' is present

12-02-2025T14:12:54 - [TEST_STEP][PASSED] - verifyElementPresent(findTestObject("Object Repository/A_Version_Nawres/Page_Formulaire_Creation_Dossier/Formulaire_Creation_Dossier_Menu/Menu_Reference_Du_Dossier"), 1, STOP_ON_FAILURE): Object 'Object Repository/A_Version_Nawres/Page_Formulaire_Creation_Dossier/Formulaire_Creation_Dossier_Menu/Menu_Reference_Du_Dossier' is present

12-02-2025T14:12:54 - [MESSAGE][INFO] - Finding Test Object 'Object Repository/A_Version_Nawres/Page_Formulaire_Creation_Dossier/Formulaire_Creation_Dossier_Menu/Menu_Reference_Du_Dossier'

12-02-2025T14:12:54 - [MESSAGE][INFO] - Checking object

12-02-2025T14:12:54 - [MESSAGE][INFO] - Finding web element from Test Object's properties

12-02-2025T14:12:54 - [MESSAGE][INFO] - Checking timeout

12-02-2025T14:12:54 - [MESSAGE][INFO] - Finding web element with id: 'Object Repository/A_Version_Nawres/Page_Formulaire_Creation_Dossier/Formulaire_Creation_Dossier_Menu/Menu_Reference_Du_Dossier' located by 'By.xpath: /html/body/app-root/app-layout-borderless/div[3]/app-prise-mesure/div/app-dsfr-onglet-tab/div/div[1]/app-fiche-etranger/div/div[1]/app-dsfr-sidemenu/nav/div/div/ul[1]/li/a' in '1' second(s)

12-02-2025T14:12:54 - [MESSAGE][INFO] - Found 1 web elements with id: 'Object Repository/A_Version_Nawres/Page_Formulaire_Creation_Dossier/Formulaire_Creation_Dossier_Menu/Menu_Reference_Du_Dossier' located by 'By.xpath: /html/body/app-root/app-layout-borderless/div[3]/app-prise-mesure/div/app-dsfr-onglet-tab/div/div[1]/app-fiche-etranger/div/div[1]/app-dsfr-sidemenu/nav/div/div/ul[1]/li/a' in '1' second(s)

12-02-2025T14:12:54 - [MESSAGE][PASSED] - Object 'Object Repository/A_Version_Nawres/Page_Formulaire_Creation_Dossier/Formulaire_Creation_Dossier_Menu/Menu_Reference_Du_Dossier' is present

12-02-2025T14:12:54 - [TEST_STEP][PASSED] - verifyElementPresent(findTestObject("Object Repository/A_Version_Nawres/Page_Formulaire_Creation_Dossier/Formulaire_Creation_Dossier_Input/input_Numero_De_Dossier_FPR"), 1, STOP_ON_FAILURE): Object 'Object Repository/A_Version_Nawres/Page_Formulaire_Creation_Dossier/Formulaire_Creation_Dossier_Input/input_Numero_De_Dossier_FPR' is present

12-02-2025T14:12:54 - [MESSAGE][INFO] - Finding Test Object 'Object Repository/A_Version_Nawres/Page_Formulaire_Creation_Dossier/Formulaire_Creation_Dossier_Input/input_Numero_De_Dossier_FPR'

12-02-2025T14:12:54 - [MESSAGE][INFO] - Checking object

12-02-2025T14:12:54 - [MESSAGE][INFO] - Finding web element from Test Object's properties

12-02-2025T14:12:54 - [MESSAGE][INFO] - Checking timeout

12-02-2025T14:12:54 - [MESSAGE][INFO] - Finding web element with id: 'Object Repository/A_Version_Nawres/Page_Formulaire_Creation_Dossier/Formulaire_Creation_Dossier_Input/input_Numero_De_Dossier_FPR' located by 'By.xpath: /html/body/app-root/app-layout-borderless/div[3]/app-prise-mesure/div/app-dsfr-onglet-tab/div/div[1]/app-fiche-etranger/div/div[2]/section[2]/div[1]/app-accordeon-reference-dossier/section/div/form/div/div/div/div[2]/app-dsfr-input/div/input' in '1' second(s)

12-02-2025T14:12:54 - [MESSAGE][INFO] - Found 1 web elements with id: 'Object Repository/A_Version_Nawres/Page_Formulaire_Creation_Dossier/Formulaire_Creation_Dossier_Input/input_Numero_De_Dossier_FPR' located by 'By.xpath: /html/body/app-root/app-layout-borderless/div[3]/app-prise-mesure/div/app-dsfr-onglet-tab/div/div[1]/app-fiche-etranger/div/div[2]/section[2]/div[1]/app-accordeon-reference-dossier/section/div/form/div/div/div/div[2]/app-dsfr-input/div/input' in '1' second(s)

12-02-2025T14:12:54 - [MESSAGE][PASSED] - Object 'Object Repository/A_Version_Nawres/Page_Formulaire_Creation_Dossier/Formulaire_Creation_Dossier_Input/input_Numero_De_Dossier_FPR' is present

12-02-2025T14:12:54 - [TEST_STEP][PASSED] - verifyElementPresent(findTestObject("Object Repository/A_Version_Nawres/Page_Formulaire_Creation_Dossier/Formulaire_Creation_Dossier_Input/input_Numero_Dossier_Interne"), 1, STOP_ON_FAILURE): Object 'Object Repository/A_Version_Nawres/Page_Formulaire_Creation_Dossier/Formulaire_Creation_Dossier_Input/input_Numero_Dossier_Interne' is present

12-02-2025T14:12:54 - [MESSAGE][INFO] - Finding Test Object 'Object Repository/A_Version_Nawres/Page_Formulaire_Creation_Dossier/Formulaire_Creation_Dossier_Input/input_Numero_Dossier_Interne'

12-02-2025T14:12:54 - [MESSAGE][INFO] - Checking object

12-02-2025T14:12:54 - [MESSAGE][INFO] - Finding web element from Test Object's properties

12-02-2025T14:12:54 - [MESSAGE][INFO] - Checking timeout

12-02-2025T14:12:54 - [MESSAGE][INFO] - Finding web element with id: 'Object Repository/A_Version_Nawres/Page_Formulaire_Creation_Dossier/Formulaire_Creation_Dossier_Input/input_Numero_Dossier_Interne' located by 'By.xpath: //*[@id="numero_dossier_interne"]' in '1' second(s)

12-02-2025T14:12:54 - [MESSAGE][INFO] - Found 1 web elements with id: 'Object Repository/A_Version_Nawres/Page_Formulaire_Creation_Dossier/Formulaire_Creation_Dossier_Input/input_Numero_Dossier_Interne' located by 'By.xpath: //*[@id="numero_dossier_interne"]' in '1' second(s)

12-02-2025T14:12:54 - [MESSAGE][PASSED] - Object 'Object Repository/A_Version_Nawres/Page_Formulaire_Creation_Dossier/Formulaire_Creation_Dossier_Input/input_Numero_Dossier_Interne' is present

12-02-2025T14:12:54 - [TEST_STEP][PASSED] - verifyElementPresent(findTestObject("Object Repository/A_Version_Nawres/Page_Formulaire_Creation_Dossier/Formulaire_Creation_Dossier_Accordeon/Acc_Etat_Civil"), 1, STOP_ON_FAILURE): Object 'Object Repository/A_Version_Nawres/Page_Formulaire_Creation_Dossier/Formulaire_Creation_Dossier_Accordeon/Acc_Etat_Civil' is present

12-02-2025T14:12:54 - [MESSAGE][INFO] - Finding Test Object 'Object Repository/A_Version_Nawres/Page_Formulaire_Creation_Dossier/Formulaire_Creation_Dossier_Accordeon/Acc_Etat_Civil'

12-02-2025T14:12:54 - [MESSAGE][INFO] - Checking object

12-02-2025T14:12:54 - [MESSAGE][INFO] - Finding web element from Test Object's properties

12-02-2025T14:12:54 - [MESSAGE][INFO] - Checking timeout

12-02-2025T14:12:54 - [MESSAGE][INFO] - Finding web element with id: 'Object Repository/A_Version_Nawres/Page_Formulaire_Creation_Dossier/Formulaire_Creation_Dossier_Accordeon/Acc_Etat_Civil' located by 'By.xpath: //*[@id="accordeon-fiche-etat-civil"]/section/h3/button[contains(text(),"Ã‰tat civil")]' in '1' second(s)

12-02-2025T14:12:54 - [MESSAGE][INFO] - Found 1 web elements with id: 'Object Repository/A_Version_Nawres/Page_Formulaire_Creation_Dossier/Formulaire_Creation_Dossier_Accordeon/Acc_Etat_Civil' located by 'By.xpath: //*[@id="accordeon-fiche-etat-civil"]/section/h3/button[contains(text(),"Ã‰tat civil")]' in '1' second(s)

12-02-2025T14:12:54 - [MESSAGE][PASSED] - Object 'Object Repository/A_Version_Nawres/Page_Formulaire_Creation_Dossier/Formulaire_Creation_Dossier_Accordeon/Acc_Etat_Civil' is present

12-02-2025T14:12:54 - [TEST_STEP][PASSED] - verifyElementPresent(findTestObject("Object Repository/A_Version_Nawres/Page_Formulaire_Creation_Dossier/Formulaire_Creation_Dossier_Menu/Menu_Fiche_Etat_Civil"), 1, STOP_ON_FAILURE): Object 'Object Repository/A_Version_Nawres/Page_Formulaire_Creation_Dossier/Formulaire_Creation_Dossier_Menu/Menu_Fiche_Etat_Civil' is present

12-02-2025T14:12:54 - [MESSAGE][INFO] - Finding Test Object 'Object Repository/A_Version_Nawres/Page_Formulaire_Creation_Dossier/Formulaire_Creation_Dossier_Menu/Menu_Fiche_Etat_Civil'

12-02-2025T14:12:54 - [MESSAGE][INFO] - Checking object

12-02-2025T14:12:54 - [MESSAGE][INFO] - Finding web element from Test Object's properties

12-02-2025T14:12:54 - [MESSAGE][INFO] - Checking timeout

12-02-2025T14:12:54 - [MESSAGE][INFO] - Finding web element with id: 'Object Repository/A_Version_Nawres/Page_Formulaire_Creation_Dossier/Formulaire_Creation_Dossier_Menu/Menu_Fiche_Etat_Civil' located by 'By.xpath: /html/body/app-root/app-layout-borderless/div[3]/app-prise-mesure/div/app-dsfr-onglet-tab/div/div[1]/app-fiche-etranger/div/div[1]/app-dsfr-sidemenu/nav/div/div/ul[2]/li/a' in '1' second(s)

12-02-2025T14:12:54 - [MESSAGE][INFO] - Found 1 web elements with id: 'Object Repository/A_Version_Nawres/Page_Formulaire_Creation_Dossier/Formulaire_Creation_Dossier_Menu/Menu_Fiche_Etat_Civil' located by 'By.xpath: /html/body/app-root/app-layout-borderless/div[3]/app-prise-mesure/div/app-dsfr-onglet-tab/div/div[1]/app-fiche-etranger/div/div[1]/app-dsfr-sidemenu/nav/div/div/ul[2]/li/a' in '1' second(s)

12-02-2025T14:12:54 - [MESSAGE][PASSED] - Object 'Object Repository/A_Version_Nawres/Page_Formulaire_Creation_Dossier/Formulaire_Creation_Dossier_Menu/Menu_Fiche_Etat_Civil' is present

12-02-2025T14:12:54 - [TEST_STEP][PASSED] - verifyElementPresent(findTestObject("Object Repository/A_Version_Nawres/Page_Formulaire_Creation_Dossier/Formulaire_Creation_Dossier_Menu/Menu_Biometrie"), 1, STOP_ON_FAILURE): Object 'Object Repository/A_Version_Nawres/Page_Formulaire_Creation_Dossier/Formulaire_Creation_Dossier_Menu/Menu_Biometrie' is present

12-02-2025T14:12:54 - [MESSAGE][INFO] - Finding Test Object 'Object Repository/A_Version_Nawres/Page_Formulaire_Creation_Dossier/Formulaire_Creation_Dossier_Menu/Menu_Biometrie'

12-02-2025T14:12:54 - [MESSAGE][INFO] - Checking object

12-02-2025T14:12:54 - [MESSAGE][INFO] - Finding web element from Test Object's properties

12-02-2025T14:12:54 - [MESSAGE][INFO] - Checking timeout

12-02-2025T14:12:54 - [MESSAGE][INFO] - Finding web element with id: 'Object Repository/A_Version_Nawres/Page_Formulaire_Creation_Dossier/Formulaire_Creation_Dossier_Menu/Menu_Biometrie' located by 'By.xpath: /html/body/app-root/app-layout-borderless/div[3]/app-prise-mesure/div/app-dsfr-onglet-tab/div/div[1]/app-fiche-etranger/div/div[1]/app-dsfr-sidemenu/nav/div/div/ul[3]/li' in '1' second(s)

12-02-2025T14:12:54 - [MESSAGE][INFO] - Found 1 web elements with id: 'Object Repository/A_Version_Nawres/Page_Formulaire_Creation_Dossier/Formulaire_Creation_Dossier_Menu/Menu_Biometrie' located by 'By.xpath: /html/body/app-root/app-layout-borderless/div[3]/app-prise-mesure/div/app-dsfr-onglet-tab/div/div[1]/app-fiche-etranger/div/div[1]/app-dsfr-sidemenu/nav/div/div/ul[3]/li' in '1' second(s)

12-02-2025T14:12:54 - [MESSAGE][PASSED] - Object 'Object Repository/A_Version_Nawres/Page_Formulaire_Creation_Dossier/Formulaire_Creation_Dossier_Menu/Menu_Biometrie' is present

12-02-2025T14:12:54 - [TEST_STEP][PASSED] - verifyElementPresent(findTestObject("Object Repository/A_Version_Nawres/Page_Formulaire_Creation_Dossier/Formulaire_Creation_Dossier_Accordeon/Acc_ Conditions_D_Entree_En_France"), 1, STOP_ON_FAILURE): Object 'Object Repository/A_Version_Nawres/Page_Formulaire_Creation_Dossier/Formulaire_Creation_Dossier_Accordeon/Acc_ Conditions_D_Entree_En_France' is present

12-02-2025T14:12:54 - [MESSAGE][INFO] - Finding Test Object 'Object Repository/A_Version_Nawres/Page_Formulaire_Creation_Dossier/Formulaire_Creation_Dossier_Accordeon/Acc_ Conditions_D_Entree_En_France'

12-02-2025T14:12:54 - [MESSAGE][INFO] - Checking object

12-02-2025T14:12:54 - [MESSAGE][INFO] - Finding web element from Test Object's properties

12-02-2025T14:12:54 - [MESSAGE][INFO] - Checking timeout

12-02-2025T14:12:54 - [MESSAGE][INFO] - Finding web element with id: 'Object Repository/A_Version_Nawres/Page_Formulaire_Creation_Dossier/Formulaire_Creation_Dossier_Accordeon/Acc_ Conditions_D_Entree_En_France' located by 'By.xpath: //*[@id="accordeon-condition-entree-france"]/section/h3/button' in '1' second(s)

12-02-2025T14:12:54 - [MESSAGE][INFO] - Found 1 web elements with id: 'Object Repository/A_Version_Nawres/Page_Formulaire_Creation_Dossier/Formulaire_Creation_Dossier_Accordeon/Acc_ Conditions_D_Entree_En_France' located by 'By.xpath: //*[@id="accordeon-condition-entree-france"]/section/h3/button' in '1' second(s)

12-02-2025T14:12:54 - [MESSAGE][PASSED] - Object 'Object Repository/A_Version_Nawres/Page_Formulaire_Creation_Dossier/Formulaire_Creation_Dossier_Accordeon/Acc_ Conditions_D_Entree_En_France' is present

12-02-2025T14:12:54 - [TEST_STEP][PASSED] - verifyElementPresent(findTestObject("Object Repository/A_Version_Nawres/Page_Formulaire_Creation_Dossier/Formulaire_Creation_Dossier_Accordeon/Acc_ Conditions_D_Entree_En_France"), 1, STOP_ON_FAILURE): Object 'Object Repository/A_Version_Nawres/Page_Formulaire_Creation_Dossier/Formulaire_Creation_Dossier_Accordeon/Acc_ Conditions_D_Entree_En_France' is present

12-02-2025T14:12:54 - [MESSAGE][INFO] - Finding Test Object 'Object Repository/A_Version_Nawres/Page_Formulaire_Creation_Dossier/Formulaire_Creation_Dossier_Accordeon/Acc_ Conditions_D_Entree_En_France'

12-02-2025T14:12:54 - [MESSAGE][INFO] - Checking object

12-02-2025T14:12:54 - [MESSAGE][INFO] - Finding web element from Test Object's properties

12-02-2025T14:12:54 - [MESSAGE][INFO] - Checking timeout

12-02-2025T14:12:54 - [MESSAGE][INFO] - Finding web element with id: 'Object Repository/A_Version_Nawres/Page_Formulaire_Creation_Dossier/Formulaire_Creation_Dossier_Accordeon/Acc_ Conditions_D_Entree_En_France' located by 'By.xpath: //*[@id="accordeon-condition-entree-france"]/section/h3/button' in '1' second(s)

12-02-2025T14:12:54 - [MESSAGE][INFO] - Found 1 web elements with id: 'Object Repository/A_Version_Nawres/Page_Formulaire_Creation_Dossier/Formulaire_Creation_Dossier_Accordeon/Acc_ Conditions_D_Entree_En_France' located by 'By.xpath: //*[@id="accordeon-condition-entree-france"]/section/h3/button' in '1' second(s)

12-02-2025T14:12:54 - [MESSAGE][PASSED] - Object 'Object Repository/A_Version_Nawres/Page_Formulaire_Creation_Dossier/Formulaire_Creation_Dossier_Accordeon/Acc_ Conditions_D_Entree_En_France' is present

12-02-2025T14:12:54 - [TEST_STEP][PASSED] - verifyElementPresent(findTestObject("Object Repository/A_Version_Nawres/Page_Formulaire_Creation_Dossier/Formulaire_Creation_Dossier_Menu/Menu_Antecedents_Administratifs"), 1, STOP_ON_FAILURE): Object 'Object Repository/A_Version_Nawres/Page_Formulaire_Creation_Dossier/Formulaire_Creation_Dossier_Menu/Menu_Antecedents_Administratifs' is present

12-02-2025T14:12:54 - [MESSAGE][INFO] - Finding Test Object 'Object Repository/A_Version_Nawres/Page_Formulaire_Creation_Dossier/Formulaire_Creation_Dossier_Menu/Menu_Antecedents_Administratifs'

12-02-2025T14:12:54 - [MESSAGE][INFO] - Checking object

12-02-2025T14:12:54 - [MESSAGE][INFO] - Finding web element from Test Object's properties

12-02-2025T14:12:54 - [MESSAGE][INFO] - Checking timeout

12-02-2025T14:12:54 - [MESSAGE][INFO] - Finding web element with id: 'Object Repository/A_Version_Nawres/Page_Formulaire_Creation_Dossier/Formulaire_Creation_Dossier_Menu/Menu_Antecedents_Administratifs' located by 'By.xpath: /html/body/app-root/app-layout-borderless/div[3]/app-prise-mesure/div/app-dsfr-onglet-tab/div/div[1]/app-fiche-etranger/div/div[1]/app-dsfr-sidemenu/nav/div/div/ul[6]/li/a' in '1' second(s)

12-02-2025T14:12:54 - [MESSAGE][INFO] - Found 1 web elements with id: 'Object Repository/A_Version_Nawres/Page_Formulaire_Creation_Dossier/Formulaire_Creation_Dossier_Menu/Menu_Antecedents_Administratifs' located by 'By.xpath: /html/body/app-root/app-layout-borderless/div[3]/app-prise-mesure/div/app-dsfr-onglet-tab/div/div[1]/app-fiche-etranger/div/div[1]/app-dsfr-sidemenu/nav/div/div/ul[6]/li/a' in '1' second(s)

12-02-2025T14:12:54 - [MESSAGE][PASSED] - Object 'Object Repository/A_Version_Nawres/Page_Formulaire_Creation_Dossier/Formulaire_Creation_Dossier_Menu/Menu_Antecedents_Administratifs' is present

12-02-2025T14:12:54 - [TEST_STEP][PASSED] - verifyElementPresent(findTestObject("Object Repository/A_Version_Nawres/Page_Formulaire_Creation_Dossier/Formulaire_Creation_Dossier_Accordeon/Acc_Documents_De_Voyage"), 1, STOP_ON_FAILURE): Object 'Object Repository/A_Version_Nawres/Page_Formulaire_Creation_Dossier/Formulaire_Creation_Dossier_Accordeon/Acc_Documents_De_Voyage' is present

12-02-2025T14:12:54 - [MESSAGE][INFO] - Finding Test Object 'Object Repository/A_Version_Nawres/Page_Formulaire_Creation_Dossier/Formulaire_Creation_Dossier_Accordeon/Acc_Documents_De_Voyage'

12-02-2025T14:12:54 - [MESSAGE][INFO] - Checking object

12-02-2025T14:12:54 - [MESSAGE][INFO] - Finding web element from Test Object's properties

12-02-2025T14:12:54 - [MESSAGE][INFO] - Checking timeout

12-02-2025T14:12:54 - [MESSAGE][INFO] - Finding web element with id: 'Object Repository/A_Version_Nawres/Page_Formulaire_Creation_Dossier/Formulaire_Creation_Dossier_Accordeon/Acc_Documents_De_Voyage' located by 'By.xpath: //*[@id="documents_de_voyage"]/app-accordeon-documents-de-voyage/section/h3/button|//*[@id="accordeon-documents-de-voyage"]/section/h3/button' in '1' second(s)

12-02-2025T14:12:54 - [MESSAGE][INFO] - Found 1 web elements with id: 'Object Repository/A_Version_Nawres/Page_Formulaire_Creation_Dossier/Formulaire_Creation_Dossier_Accordeon/Acc_Documents_De_Voyage' located by 'By.xpath: //*[@id="documents_de_voyage"]/app-accordeon-documents-de-voyage/section/h3/button|//*[@id="accordeon-documents-de-voyage"]/section/h3/button' in '1' second(s)

12-02-2025T14:12:54 - [MESSAGE][PASSED] - Object 'Object Repository/A_Version_Nawres/Page_Formulaire_Creation_Dossier/Formulaire_Creation_Dossier_Accordeon/Acc_Documents_De_Voyage' is present

12-02-2025T14:12:54 - [TEST_STEP][PASSED] - verifyElementPresent(findTestObject("Object Repository/A_Version_Nawres/Page_Formulaire_Creation_Dossier/Formulaire_Creation_Dossier_Menu/Menu_Documents_De_Voyage"), 1, STOP_ON_FAILURE): Object 'Object Repository/A_Version_Nawres/Page_Formulaire_Creation_Dossier/Formulaire_Creation_Dossier_Menu/Menu_Documents_De_Voyage' is present

12-02-2025T14:12:54 - [MESSAGE][INFO] - Finding Test Object 'Object Repository/A_Version_Nawres/Page_Formulaire_Creation_Dossier/Formulaire_Creation_Dossier_Menu/Menu_Documents_De_Voyage'

12-02-2025T14:12:55 - [MESSAGE][INFO] - Checking object

12-02-2025T14:12:55 - [MESSAGE][INFO] - Finding web element from Test Object's properties

12-02-2025T14:12:55 - [MESSAGE][INFO] - Checking timeout

12-02-2025T14:12:55 - [MESSAGE][INFO] - Finding web element with id: 'Object Repository/A_Version_Nawres/Page_Formulaire_Creation_Dossier/Formulaire_Creation_Dossier_Menu/Menu_Documents_De_Voyage' located by 'By.xpath: /html/body/app-root/app-layout-borderless/div[3]/app-prise-mesure/div/app-dsfr-onglet-tab/div/div[1]/app-fiche-etranger/div/div[1]/app-dsfr-sidemenu/nav/div/div/ul[7]/li/a' in '1' second(s)

12-02-2025T14:12:55 - [MESSAGE][INFO] - Found 1 web elements with id: 'Object Repository/A_Version_Nawres/Page_Formulaire_Creation_Dossier/Formulaire_Creation_Dossier_Menu/Menu_Documents_De_Voyage' located by 'By.xpath: /html/body/app-root/app-layout-borderless/div[3]/app-prise-mesure/div/app-dsfr-onglet-tab/div/div[1]/app-fiche-etranger/div/div[1]/app-dsfr-sidemenu/nav/div/div/ul[7]/li/a' in '1' second(s)

12-02-2025T14:12:55 - [MESSAGE][PASSED] - Object 'Object Repository/A_Version_Nawres/Page_Formulaire_Creation_Dossier/Formulaire_Creation_Dossier_Menu/Menu_Documents_De_Voyage' is present

12-02-2025T14:12:55 - [TEST_STEP][PASSED] - verifyElementPresent(findTestObject("Object Repository/A_Version_Nawres/Page_Formulaire_Creation_Dossier/Formulaire_Creation_Dossier_Accordeon/Acc_ Sortant_D_Etablissement_Penitentiaire"), 1, STOP_ON_FAILURE): Object 'Object Repository/A_Version_Nawres/Page_Formulaire_Creation_Dossier/Formulaire_Creation_Dossier_Accordeon/Acc_ Sortant_D_Etablissement_Penitentiaire' is present

12-02-2025T14:12:55 - [MESSAGE][INFO] - Finding Test Object 'Object Repository/A_Version_Nawres/Page_Formulaire_Creation_Dossier/Formulaire_Creation_Dossier_Accordeon/Acc_ Sortant_D_Etablissement_Penitentiaire'

12-02-2025T14:12:55 - [MESSAGE][INFO] - Checking object

12-02-2025T14:12:55 - [MESSAGE][INFO] - Finding web element from Test Object's properties

12-02-2025T14:12:55 - [MESSAGE][INFO] - Checking timeout

12-02-2025T14:12:55 - [MESSAGE][INFO] - Finding web element with id: 'Object Repository/A_Version_Nawres/Page_Formulaire_Creation_Dossier/Formulaire_Creation_Dossier_Accordeon/Acc_ Sortant_D_Etablissement_Penitentiaire' located by 'By.xpath: //*[@id="sortant_etablissement_penitentiaire"]/app-accordeaon-sortant-etablissement-penitentiaire/section/h3/button|//*[@id="sortant_etablissement_penitentiaire"]/app-accordeaon-sortant-etablissement-penitentiaire/section/h3/button' in '1' second(s)

12-02-2025T14:12:55 - [MESSAGE][INFO] - Found 1 web elements with id: 'Object Repository/A_Version_Nawres/Page_Formulaire_Creation_Dossier/Formulaire_Creation_Dossier_Accordeon/Acc_ Sortant_D_Etablissement_Penitentiaire' located by 'By.xpath: //*[@id="sortant_etablissement_penitentiaire"]/app-accordeaon-sortant-etablissement-penitentiaire/section/h3/button|//*[@id="sortant_etablissement_penitentiaire"]/app-accordeaon-sortant-etablissement-penitentiaire/section/h3/button' in '1' second(s)

12-02-2025T14:12:55 - [MESSAGE][PASSED] - Object 'Object Repository/A_Version_Nawres/Page_Formulaire_Creation_Dossier/Formulaire_Creation_Dossier_Accordeon/Acc_ Sortant_D_Etablissement_Penitentiaire' is present

12-02-2025T14:12:55 - [TEST_STEP][PASSED] - verifyElementPresent(findTestObject("Object Repository/A_Version_Nawres/Page_Formulaire_Creation_Dossier/Formulaire_Creation_Dossier_Menu/Menu_Sortant_D_Etablissement_Penitentiaire"), 1, STOP_ON_FAILURE): Object 'Object Repository/A_Version_Nawres/Page_Formulaire_Creation_Dossier/Formulaire_Creation_Dossier_Menu/Menu_Sortant_D_Etablissement_Penitentiaire' is present

12-02-2025T14:12:55 - [MESSAGE][INFO] - Finding Test Object 'Object Repository/A_Version_Nawres/Page_Formulaire_Creation_Dossier/Formulaire_Creation_Dossier_Menu/Menu_Sortant_D_Etablissement_Penitentiaire'

12-02-2025T14:12:55 - [MESSAGE][INFO] - Checking object

12-02-2025T14:12:55 - [MESSAGE][INFO] - Finding web element from Test Object's properties

12-02-2025T14:12:55 - [MESSAGE][INFO] - Checking timeout

12-02-2025T14:12:55 - [MESSAGE][INFO] - Finding web element with id: 'Object Repository/A_Version_Nawres/Page_Formulaire_Creation_Dossier/Formulaire_Creation_Dossier_Menu/Menu_Sortant_D_Etablissement_Penitentiaire' located by 'By.xpath: /html/body/app-root/app-layout-borderless/div[3]/app-prise-mesure/div/app-dsfr-onglet-tab/div/div[1]/app-fiche-etranger/div/div[1]/app-dsfr-sidemenu/nav/div/div/ul[9]/li/a' in '1' second(s)

12-02-2025T14:12:55 - [MESSAGE][INFO] - Found 1 web elements with id: 'Object Repository/A_Version_Nawres/Page_Formulaire_Creation_Dossier/Formulaire_Creation_Dossier_Menu/Menu_Sortant_D_Etablissement_Penitentiaire' located by 'By.xpath: /html/body/app-root/app-layout-borderless/div[3]/app-prise-mesure/div/app-dsfr-onglet-tab/div/div[1]/app-fiche-etranger/div/div[1]/app-dsfr-sidemenu/nav/div/div/ul[9]/li/a' in '1' second(s)

12-02-2025T14:12:55 - [MESSAGE][PASSED] - Object 'Object Repository/A_Version_Nawres/Page_Formulaire_Creation_Dossier/Formulaire_Creation_Dossier_Menu/Menu_Sortant_D_Etablissement_Penitentiaire' is present

12-02-2025T14:12:55 - [TEST_STEP][PASSED] - verifyElementPresent(findTestObject("Object Repository/A_Version_Nawres/Page_Formulaire_Creation_Dossier/Formulaire_Creation_Dossier_Menu/Menu_Consultations_Securitaires"), 1, STOP_ON_FAILURE): Object 'Object Repository/A_Version_Nawres/Page_Formulaire_Creation_Dossier/Formulaire_Creation_Dossier_Menu/Menu_Consultations_Securitaires' is present

12-02-2025T14:12:55 - [MESSAGE][INFO] - Finding Test Object 'Object Repository/A_Version_Nawres/Page_Formulaire_Creation_Dossier/Formulaire_Creation_Dossier_Menu/Menu_Consultations_Securitaires'

12-02-2025T14:12:55 - [MESSAGE][INFO] - Checking object

12-02-2025T14:12:55 - [MESSAGE][INFO] - Finding web element from Test Object's properties

12-02-2025T14:12:55 - [MESSAGE][INFO] - Checking timeout

12-02-2025T14:12:55 - [MESSAGE][INFO] - Finding web element with id: 'Object Repository/A_Version_Nawres/Page_Formulaire_Creation_Dossier/Formulaire_Creation_Dossier_Menu/Menu_Consultations_Securitaires' located by 'By.xpath: /html/body/app-root/app-layout-borderless/div[3]/app-prise-mesure/div/app-dsfr-onglet-tab/div/div[1]/app-fiche-etranger/div/div[1]/app-dsfr-sidemenu/nav/div/div/ul[10]/li/a' in '1' second(s)

12-02-2025T14:12:55 - [MESSAGE][INFO] - Found 1 web elements with id: 'Object Repository/A_Version_Nawres/Page_Formulaire_Creation_Dossier/Formulaire_Creation_Dossier_Menu/Menu_Consultations_Securitaires' located by 'By.xpath: /html/body/app-root/app-layout-borderless/div[3]/app-prise-mesure/div/app-dsfr-onglet-tab/div/div[1]/app-fiche-etranger/div/div[1]/app-dsfr-sidemenu/nav/div/div/ul[10]/li/a' in '1' second(s)

12-02-2025T14:12:55 - [MESSAGE][PASSED] - Object 'Object Repository/A_Version_Nawres/Page_Formulaire_Creation_Dossier/Formulaire_Creation_Dossier_Menu/Menu_Consultations_Securitaires' is present

12-02-2025T14:12:55 - [TEST_STEP][PASSED] - "Remplir les champs obligatoire du formulaire": null

12-02-2025T14:12:55 - [TEST_STEP][PASSED] - RandomNom = tools.MyStringTools.genererChaineAleatoire(5): tools.MyStringTools.genererChaineAleatoire is PASSED

12-02-2025T14:12:55 - [MESSAGE][PASSED] - tools.MyStringTools.genererChaineAleatoire is PASSED

12-02-2025T14:12:55 - [TEST_STEP][PASSED] - println(RandomNom): null

12-02-2025T14:12:55 - [TEST_STEP][PASSED] - setText(findTestObject("Object Repository/A_Version_Nawres/Page_Formulaire_Creation_Dossier/Formulaire_Creation_Dossier_Input/input_Nom"), RandomNom, STOP_ON_FAILURE): Text 'njpaQ' is set on object 'Object Repository/A_Version_Nawres/Page_Formulaire_Creation_Dossier/Formulaire_Creation_Dossier_Input/input_Nom'

12-02-2025T14:12:55 - [MESSAGE][INFO] - Finding Test Object 'Object Repository/A_Version_Nawres/Page_Formulaire_Creation_Dossier/Formulaire_Creation_Dossier_Input/input_Nom'

12-02-2025T14:12:55 - [MESSAGE][INFO] - Checking timeout

12-02-2025T14:12:55 - [MESSAGE][INFO] - Finding web element with id: 'Object Repository/A_Version_Nawres/Page_Formulaire_Creation_Dossier/Formulaire_Creation_Dossier_Input/input_Nom' located by 'By.xpath: //input[@id="nom"]' in '20' second(s)

12-02-2025T14:12:55 - [MESSAGE][INFO] - Found 1 web elements with id: 'Object Repository/A_Version_Nawres/Page_Formulaire_Creation_Dossier/Formulaire_Creation_Dossier_Input/input_Nom' located by 'By.xpath: //input[@id="nom"]' in '20' second(s)

12-02-2025T14:12:55 - [MESSAGE][INFO] - Checking object

12-02-2025T14:12:55 - [MESSAGE][INFO] - Checking text

12-02-2025T14:12:55 - [MESSAGE][INFO] - Finding web element from Test Object's properties

12-02-2025T14:12:55 - [MESSAGE][INFO] - Checking timeout

12-02-2025T14:12:55 - [MESSAGE][INFO] - Finding web element with id: 'Object Repository/A_Version_Nawres/Page_Formulaire_Creation_Dossier/Formulaire_Creation_Dossier_Input/input_Nom' located by 'By.xpath: //input[@id="nom"]' in '2' second(s)

12-02-2025T14:12:55 - [MESSAGE][INFO] - Found 1 web elements with id: 'Object Repository/A_Version_Nawres/Page_Formulaire_Creation_Dossier/Formulaire_Creation_Dossier_Input/input_Nom' located by 'By.xpath: //input[@id="nom"]' in '2' second(s)

12-02-2025T14:12:55 - [MESSAGE][INFO] - Clearing text of object 'Object Repository/A_Version_Nawres/Page_Formulaire_Creation_Dossier/Formulaire_Creation_Dossier_Input/input_Nom'

12-02-2025T14:12:56 - [MESSAGE][INFO] - Finding web element from Test Object's properties

12-02-2025T14:12:56 - [MESSAGE][INFO] - Checking timeout

12-02-2025T14:12:56 - [MESSAGE][INFO] - Finding web element with id: 'Object Repository/A_Version_Nawres/Page_Formulaire_Creation_Dossier/Formulaire_Creation_Dossier_Input/input_Nom' located by 'By.xpath: //input[@id="nom"]' in '2' second(s)

12-02-2025T14:12:56 - [MESSAGE][INFO] - Found 1 web elements with id: 'Object Repository/A_Version_Nawres/Page_Formulaire_Creation_Dossier/Formulaire_Creation_Dossier_Input/input_Nom' located by 'By.xpath: //input[@id="nom"]' in '2' second(s)

12-02-2025T14:12:56 - [MESSAGE][INFO] - Setting text of object 'Object Repository/A_Version_Nawres/Page_Formulaire_Creation_Dossier/Formulaire_Creation_Dossier_Input/input_Nom' to value 'njpaQ'

12-02-2025T14:12:57 - [MESSAGE][PASSED] - Text 'njpaQ' is set on object 'Object Repository/A_Version_Nawres/Page_Formulaire_Creation_Dossier/Formulaire_Creation_Dossier_Input/input_Nom'

12-02-2025T14:12:57 - [TEST_STEP][PASSED] - if (Sexe == "Femme"): null

12-02-2025T14:12:57 - [TEST_STEP][PASSED] - if (Sexe == "Homme"): Object: 'Object Repository/A_Version_Nawres/Page_Formulaire_Creation_Dossier/Formulaire_Creation_Dossier_Input/btn_radio_Sexe_M' is clicked on

12-02-2025T14:12:57 - [TEST_STEP][PASSED] - click(findTestObject("Object Repository/A_Version_Nawres/Page_Formulaire_Creation_Dossier/Formulaire_Creation_Dossier_Input/btn_radio_Sexe_M"), STOP_ON_FAILURE): Object: 'Object Repository/A_Version_Nawres/Page_Formulaire_Creation_Dossier/Formulaire_Creation_Dossier_Input/btn_radio_Sexe_M' is clicked on

12-02-2025T14:12:57 - [MESSAGE][INFO] - Finding Test Object 'Object Repository/A_Version_Nawres/Page_Formulaire_Creation_Dossier/Formulaire_Creation_Dossier_Input/btn_radio_Sexe_M'

12-02-2025T14:12:57 - [MESSAGE][INFO] - Checking timeout

12-02-2025T14:12:57 - [MESSAGE][INFO] - Finding web element with id: 'Object Repository/A_Version_Nawres/Page_Formulaire_Creation_Dossier/Formulaire_Creation_Dossier_Input/btn_radio_Sexe_M' located by 'By.xpath: //label[contains(text()," Masculin")]' in '20' second(s)

12-02-2025T14:12:57 - [MESSAGE][INFO] - Found 1 web elements with id: 'Object Repository/A_Version_Nawres/Page_Formulaire_Creation_Dossier/Formulaire_Creation_Dossier_Input/btn_radio_Sexe_M' located by 'By.xpath: //label[contains(text()," Masculin")]' in '20' second(s)

12-02-2025T14:12:57 - [MESSAGE][INFO] - Checking object

12-02-2025T14:12:57 - [MESSAGE][INFO] - Checking timeout

12-02-2025T14:12:57 - [MESSAGE][INFO] - Finding web element from Test Object's properties

12-02-2025T14:12:57 - [MESSAGE][INFO] - Checking timeout

12-02-2025T14:12:57 - [MESSAGE][INFO] - Finding web element with id: 'Object Repository/A_Version_Nawres/Page_Formulaire_Creation_Dossier/Formulaire_Creation_Dossier_Input/btn_radio_Sexe_M' located by 'By.xpath: //label[contains(text()," Masculin")]' in '2' second(s)

12-02-2025T14:12:57 - [MESSAGE][INFO] - Found 1 web elements with id: 'Object Repository/A_Version_Nawres/Page_Formulaire_Creation_Dossier/Formulaire_Creation_Dossier_Input/btn_radio_Sexe_M' located by 'By.xpath: //label[contains(text()," Masculin")]' in '2' second(s)

12-02-2025T14:12:57 - [MESSAGE][INFO] - Clicking on object: 'Object Repository/A_Version_Nawres/Page_Formulaire_Creation_Dossier/Formulaire_Creation_Dossier_Input/btn_radio_Sexe_M'

12-02-2025T14:12:58 - [MESSAGE][PASSED] - Object: 'Object Repository/A_Version_Nawres/Page_Formulaire_Creation_Dossier/Formulaire_Creation_Dossier_Input/btn_radio_Sexe_M' is clicked on

12-02-2025T14:12:58 - [TEST_STEP][PASSED] - click(findTestObject("Object Repository/A_Version_Nawres/Page_Formulaire_Creation_Dossier/Formulaire_Creation_Dossier_Input/btn_Radio_Date_Naissance_Approximative"), STOP_ON_FAILURE): Object: 'Object Repository/A_Version_Nawres/Page_Formulaire_Creation_Dossier/Formulaire_Creation_Dossier_Input/btn_Radio_Date_Naissance_Approximative' is clicked on

12-02-2025T14:12:58 - [MESSAGE][INFO] - Finding Test Object 'Object Repository/A_Version_Nawres/Page_Formulaire_Creation_Dossier/Formulaire_Creation_Dossier_Input/btn_Radio_Date_Naissance_Approximative'

12-02-2025T14:12:58 - [MESSAGE][INFO] - Checking timeout

12-02-2025T14:12:58 - [MESSAGE][INFO] - Finding web element with id: 'Object Repository/A_Version_Nawres/Page_Formulaire_Creation_Dossier/Formulaire_Creation_Dossier_Input/btn_Radio_Date_Naissance_Approximative' located by 'By.xpath: //label[contains(text(),' Approximative ')]' in '20' second(s)

12-02-2025T14:12:58 - [MESSAGE][INFO] - Found 1 web elements with id: 'Object Repository/A_Version_Nawres/Page_Formulaire_Creation_Dossier/Formulaire_Creation_Dossier_Input/btn_Radio_Date_Naissance_Approximative' located by 'By.xpath: //label[contains(text(),' Approximative ')]' in '20' second(s)

12-02-2025T14:12:58 - [MESSAGE][INFO] - Checking object

12-02-2025T14:12:58 - [MESSAGE][INFO] - Checking timeout

12-02-2025T14:12:58 - [MESSAGE][INFO] - Finding web element from Test Object's properties

12-02-2025T14:12:58 - [MESSAGE][INFO] - Checking timeout

12-02-2025T14:12:58 - [MESSAGE][INFO] - Finding web element with id: 'Object Repository/A_Version_Nawres/Page_Formulaire_Creation_Dossier/Formulaire_Creation_Dossier_Input/btn_Radio_Date_Naissance_Approximative' located by 'By.xpath: //label[contains(text(),' Approximative ')]' in '2' second(s)

12-02-2025T14:12:58 - [MESSAGE][INFO] - Found 1 web elements with id: 'Object Repository/A_Version_Nawres/Page_Formulaire_Creation_Dossier/Formulaire_Creation_Dossier_Input/btn_Radio_Date_Naissance_Approximative' located by 'By.xpath: //label[contains(text(),' Approximative ')]' in '2' second(s)

12-02-2025T14:12:58 - [MESSAGE][INFO] - Clicking on object: 'Object Repository/A_Version_Nawres/Page_Formulaire_Creation_Dossier/Formulaire_Creation_Dossier_Input/btn_Radio_Date_Naissance_Approximative'

12-02-2025T14:13:00 - [MESSAGE][PASSED] - Object: 'Object Repository/A_Version_Nawres/Page_Formulaire_Creation_Dossier/Formulaire_Creation_Dossier_Input/btn_Radio_Date_Naissance_Approximative' is clicked on

12-02-2025T14:13:00 - [TEST_STEP][PASSED] - setText(findTestObject("Object Repository/A_Version_Nawres/Page_Formulaire_Creation_Dossier/Formulaire_Creation_Dossier_Input/input_Date_De_Naissance_Annee"), AnneeNaissance, STOP_ON_FAILURE): Text '1997' is set on object 'Object Repository/A_Version_Nawres/Page_Formulaire_Creation_Dossier/Formulaire_Creation_Dossier_Input/input_Date_De_Naissance_Annee'

12-02-2025T14:13:00 - [MESSAGE][INFO] - Finding Test Object 'Object Repository/A_Version_Nawres/Page_Formulaire_Creation_Dossier/Formulaire_Creation_Dossier_Input/input_Date_De_Naissance_Annee'

12-02-2025T14:13:00 - [MESSAGE][INFO] - Checking timeout

12-02-2025T14:13:00 - [MESSAGE][INFO] - Finding web element with id: 'Object Repository/A_Version_Nawres/Page_Formulaire_Creation_Dossier/Formulaire_Creation_Dossier_Input/input_Date_De_Naissance_Annee' located by 'By.xpath: //input[@id="annee"]' in '20' second(s)

12-02-2025T14:13:00 - [MESSAGE][INFO] - Found 1 web elements with id: 'Object Repository/A_Version_Nawres/Page_Formulaire_Creation_Dossier/Formulaire_Creation_Dossier_Input/input_Date_De_Naissance_Annee' located by 'By.xpath: //input[@id="annee"]' in '20' second(s)

12-02-2025T14:13:00 - [MESSAGE][INFO] - Checking object

12-02-2025T14:13:00 - [MESSAGE][INFO] - Checking text

12-02-2025T14:13:00 - [MESSAGE][INFO] - Finding web element from Test Object's properties

12-02-2025T14:13:00 - [MESSAGE][INFO] - Checking timeout

12-02-2025T14:13:00 - [MESSAGE][INFO] - Finding web element with id: 'Object Repository/A_Version_Nawres/Page_Formulaire_Creation_Dossier/Formulaire_Creation_Dossier_Input/input_Date_De_Naissance_Annee' located by 'By.xpath: //input[@id="annee"]' in '2' second(s)

12-02-2025T14:13:00 - [MESSAGE][INFO] - Found 1 web elements with id: 'Object Repository/A_Version_Nawres/Page_Formulaire_Creation_Dossier/Formulaire_Creation_Dossier_Input/input_Date_De_Naissance_Annee' located by 'By.xpath: //input[@id="annee"]' in '2' second(s)

12-02-2025T14:13:00 - [MESSAGE][INFO] - Clearing text of object 'Object Repository/A_Version_Nawres/Page_Formulaire_Creation_Dossier/Formulaire_Creation_Dossier_Input/input_Date_De_Naissance_Annee'

12-02-2025T14:13:01 - [MESSAGE][INFO] - Finding web element from Test Object's properties

12-02-2025T14:13:01 - [MESSAGE][INFO] - Checking timeout

12-02-2025T14:13:01 - [MESSAGE][INFO] - Finding web element with id: 'Object Repository/A_Version_Nawres/Page_Formulaire_Creation_Dossier/Formulaire_Creation_Dossier_Input/input_Date_De_Naissance_Annee' located by 'By.xpath: //input[@id="annee"]' in '2' second(s)

12-02-2025T14:13:01 - [MESSAGE][INFO] - Found 1 web elements with id: 'Object Repository/A_Version_Nawres/Page_Formulaire_Creation_Dossier/Formulaire_Creation_Dossier_Input/input_Date_De_Naissance_Annee' located by 'By.xpath: //input[@id="annee"]' in '2' second(s)

12-02-2025T14:13:01 - [MESSAGE][INFO] - Setting text of object 'Object Repository/A_Version_Nawres/Page_Formulaire_Creation_Dossier/Formulaire_Creation_Dossier_Input/input_Date_De_Naissance_Annee' to value '1997'

12-02-2025T14:13:02 - [MESSAGE][PASSED] - Text '1997' is set on object 'Object Repository/A_Version_Nawres/Page_Formulaire_Creation_Dossier/Formulaire_Creation_Dossier_Input/input_Date_De_Naissance_Annee'

12-02-2025T14:13:02 - [TEST_STEP][PASSED] - if (Nationnalite == "RPT"): All options with label 'ALGERIE' are selected in object 'Object Repository/A_Version_Nawres/Page_Formulaire_Creation_Dossier/Formulaire_Creation_Dossier_Input/select_Pays_De_Naissance' 

12-02-2025T14:13:02 - [TEST_STEP][PASSED] - selectOptionByLabel(findTestObject("Object Repository/A_Version_Nawres/Page_Formulaire_Creation_Dossier/Formulaire_Creation_Dossier_Input/select_Pays_De_Naissance"), "ALGERIE", false, STOP_ON_FAILURE): All options with label 'ALGERIE' are selected in object 'Object Repository/A_Version_Nawres/Page_Formulaire_Creation_Dossier/Formulaire_Creation_Dossier_Input/select_Pays_De_Naissance' 

12-02-2025T14:13:02 - [MESSAGE][INFO] - Finding Test Object 'Object Repository/A_Version_Nawres/Page_Formulaire_Creation_Dossier/Formulaire_Creation_Dossier_Input/select_Pays_De_Naissance'

12-02-2025T14:13:02 - [MESSAGE][INFO] - Checking timeout

12-02-2025T14:13:02 - [MESSAGE][INFO] - Finding web element with id: 'Object Repository/A_Version_Nawres/Page_Formulaire_Creation_Dossier/Formulaire_Creation_Dossier_Input/select_Pays_De_Naissance' located by 'By.xpath: //select[@id="pays_naissance"]' in '20' second(s)

12-02-2025T14:13:02 - [MESSAGE][INFO] - Found 1 web elements with id: 'Object Repository/A_Version_Nawres/Page_Formulaire_Creation_Dossier/Formulaire_Creation_Dossier_Input/select_Pays_De_Naissance' located by 'By.xpath: //select[@id="pays_naissance"]' in '20' second(s)

12-02-2025T14:13:02 - [MESSAGE][INFO] - Checking object

12-02-2025T14:13:02 - [MESSAGE][INFO] - Checking label parameter

12-02-2025T14:13:02 - [MESSAGE][INFO] - Finding web element from Test Object's properties

12-02-2025T14:13:02 - [MESSAGE][INFO] - Checking timeout

12-02-2025T14:13:02 - [MESSAGE][INFO] - Finding web element with id: 'Object Repository/A_Version_Nawres/Page_Formulaire_Creation_Dossier/Formulaire_Creation_Dossier_Input/select_Pays_De_Naissance' located by 'By.xpath: //select[@id="pays_naissance"]' in '2' second(s)

12-02-2025T14:13:02 - [MESSAGE][INFO] - Found 1 web elements with id: 'Object Repository/A_Version_Nawres/Page_Formulaire_Creation_Dossier/Formulaire_Creation_Dossier_Input/select_Pays_De_Naissance' located by 'By.xpath: //select[@id="pays_naissance"]' in '2' second(s)

12-02-2025T14:13:02 - [MESSAGE][INFO] - Selecting options on object 'Object Repository/A_Version_Nawres/Page_Formulaire_Creation_Dossier/Formulaire_Creation_Dossier_Input/select_Pays_De_Naissance' with label 'ALGERIE' 

12-02-2025T14:13:03 - [MESSAGE][PASSED] - All options with label 'ALGERIE' are selected in object 'Object Repository/A_Version_Nawres/Page_Formulaire_Creation_Dossier/Formulaire_Creation_Dossier_Input/select_Pays_De_Naissance' 

12-02-2025T14:13:03 - [TEST_STEP][PASSED] - if (Nationnalite == "RUE"): null

12-02-2025T14:13:03 - [TEST_STEP][PASSED] - if (Nationnalite == "RPT"): All options with label 'algÃ©rienne' are selected in object 'Object Repository/A_Version_Nawres/Page_Formulaire_Creation_Dossier/Formulaire_Creation_Dossier_Input/select_Nationnalite' 

12-02-2025T14:13:03 - [TEST_STEP][PASSED] - selectOptionByLabel(findTestObject("Object Repository/A_Version_Nawres/Page_Formulaire_Creation_Dossier/Formulaire_Creation_Dossier_Input/select_Nationnalite"), "algÃ©rienne", false, STOP_ON_FAILURE): All options with label 'algÃ©rienne' are selected in object 'Object Repository/A_Version_Nawres/Page_Formulaire_Creation_Dossier/Formulaire_Creation_Dossier_Input/select_Nationnalite' 

12-02-2025T14:13:03 - [MESSAGE][INFO] - Finding Test Object 'Object Repository/A_Version_Nawres/Page_Formulaire_Creation_Dossier/Formulaire_Creation_Dossier_Input/select_Nationnalite'

12-02-2025T14:13:03 - [MESSAGE][INFO] - Checking timeout

12-02-2025T14:13:03 - [MESSAGE][INFO] - Finding web element with id: 'Object Repository/A_Version_Nawres/Page_Formulaire_Creation_Dossier/Formulaire_Creation_Dossier_Input/select_Nationnalite' located by 'By.xpath: //select[@id="nationalite"]' in '20' second(s)

12-02-2025T14:13:03 - [MESSAGE][INFO] - Found 1 web elements with id: 'Object Repository/A_Version_Nawres/Page_Formulaire_Creation_Dossier/Formulaire_Creation_Dossier_Input/select_Nationnalite' located by 'By.xpath: //select[@id="nationalite"]' in '20' second(s)

12-02-2025T14:13:03 - [MESSAGE][INFO] - Checking object

12-02-2025T14:13:03 - [MESSAGE][INFO] - Checking label parameter

12-02-2025T14:13:03 - [MESSAGE][INFO] - Finding web element from Test Object's properties

12-02-2025T14:13:03 - [MESSAGE][INFO] - Checking timeout

12-02-2025T14:13:03 - [MESSAGE][INFO] - Finding web element with id: 'Object Repository/A_Version_Nawres/Page_Formulaire_Creation_Dossier/Formulaire_Creation_Dossier_Input/select_Nationnalite' located by 'By.xpath: //select[@id="nationalite"]' in '2' second(s)

12-02-2025T14:13:03 - [MESSAGE][INFO] - Found 1 web elements with id: 'Object Repository/A_Version_Nawres/Page_Formulaire_Creation_Dossier/Formulaire_Creation_Dossier_Input/select_Nationnalite' located by 'By.xpath: //select[@id="nationalite"]' in '2' second(s)

12-02-2025T14:13:03 - [MESSAGE][INFO] - Selecting options on object 'Object Repository/A_Version_Nawres/Page_Formulaire_Creation_Dossier/Formulaire_Creation_Dossier_Input/select_Nationnalite' with label 'algÃ©rienne' 

12-02-2025T14:13:04 - [MESSAGE][PASSED] - All options with label 'algÃ©rienne' are selected in object 'Object Repository/A_Version_Nawres/Page_Formulaire_Creation_Dossier/Formulaire_Creation_Dossier_Input/select_Nationnalite' 

12-02-2025T14:13:04 - [TEST_STEP][PASSED] - if (Nationnalite == "RUE"): null

12-02-2025T14:13:04 - [TEST_STEP][PASSED] - if (Nationnalite == "RPT"): Text 'Wahran' is set on object 'Object Repository/A_Version_Nawres/Page_Formulaire_Creation_Dossier/Formulaire_Creation_Dossier_Input/input_Lieu_De_Naissance'

12-02-2025T14:13:04 - [TEST_STEP][PASSED] - setText(findTestObject("Object Repository/A_Version_Nawres/Page_Formulaire_Creation_Dossier/Formulaire_Creation_Dossier_Input/input_Lieu_De_Naissance"), "Wahran", STOP_ON_FAILURE): Text 'Wahran' is set on object 'Object Repository/A_Version_Nawres/Page_Formulaire_Creation_Dossier/Formulaire_Creation_Dossier_Input/input_Lieu_De_Naissance'

12-02-2025T14:13:04 - [MESSAGE][INFO] - Finding Test Object 'Object Repository/A_Version_Nawres/Page_Formulaire_Creation_Dossier/Formulaire_Creation_Dossier_Input/input_Lieu_De_Naissance'

12-02-2025T14:13:04 - [MESSAGE][INFO] - Checking timeout

12-02-2025T14:13:04 - [MESSAGE][INFO] - Finding web element with id: 'Object Repository/A_Version_Nawres/Page_Formulaire_Creation_Dossier/Formulaire_Creation_Dossier_Input/input_Lieu_De_Naissance' located by 'By.xpath: //input[@id="ville_naissance"]' in '20' second(s)

12-02-2025T14:13:05 - [MESSAGE][INFO] - Found 1 web elements with id: 'Object Repository/A_Version_Nawres/Page_Formulaire_Creation_Dossier/Formulaire_Creation_Dossier_Input/input_Lieu_De_Naissance' located by 'By.xpath: //input[@id="ville_naissance"]' in '20' second(s)

12-02-2025T14:13:05 - [MESSAGE][INFO] - Checking object

12-02-2025T14:13:05 - [MESSAGE][INFO] - Checking text

12-02-2025T14:13:05 - [MESSAGE][INFO] - Finding web element from Test Object's properties

12-02-2025T14:13:05 - [MESSAGE][INFO] - Checking timeout

12-02-2025T14:13:05 - [MESSAGE][INFO] - Finding web element with id: 'Object Repository/A_Version_Nawres/Page_Formulaire_Creation_Dossier/Formulaire_Creation_Dossier_Input/input_Lieu_De_Naissance' located by 'By.xpath: //input[@id="ville_naissance"]' in '2' second(s)

12-02-2025T14:13:05 - [MESSAGE][INFO] - Found 1 web elements with id: 'Object Repository/A_Version_Nawres/Page_Formulaire_Creation_Dossier/Formulaire_Creation_Dossier_Input/input_Lieu_De_Naissance' located by 'By.xpath: //input[@id="ville_naissance"]' in '2' second(s)

12-02-2025T14:13:05 - [MESSAGE][INFO] - Clearing text of object 'Object Repository/A_Version_Nawres/Page_Formulaire_Creation_Dossier/Formulaire_Creation_Dossier_Input/input_Lieu_De_Naissance'

12-02-2025T14:13:06 - [MESSAGE][INFO] - Finding web element from Test Object's properties

12-02-2025T14:13:06 - [MESSAGE][INFO] - Checking timeout

12-02-2025T14:13:06 - [MESSAGE][INFO] - Finding web element with id: 'Object Repository/A_Version_Nawres/Page_Formulaire_Creation_Dossier/Formulaire_Creation_Dossier_Input/input_Lieu_De_Naissance' located by 'By.xpath: //input[@id="ville_naissance"]' in '2' second(s)

12-02-2025T14:13:06 - [MESSAGE][INFO] - Found 1 web elements with id: 'Object Repository/A_Version_Nawres/Page_Formulaire_Creation_Dossier/Formulaire_Creation_Dossier_Input/input_Lieu_De_Naissance' located by 'By.xpath: //input[@id="ville_naissance"]' in '2' second(s)

12-02-2025T14:13:06 - [MESSAGE][INFO] - Setting text of object 'Object Repository/A_Version_Nawres/Page_Formulaire_Creation_Dossier/Formulaire_Creation_Dossier_Input/input_Lieu_De_Naissance' to value 'Wahran'

12-02-2025T14:13:07 - [MESSAGE][PASSED] - Text 'Wahran' is set on object 'Object Repository/A_Version_Nawres/Page_Formulaire_Creation_Dossier/Formulaire_Creation_Dossier_Input/input_Lieu_De_Naissance'

12-02-2025T14:13:07 - [TEST_STEP][PASSED] - if (Nationnalite == "RUE"): null

12-02-2025T14:13:07 - [TEST_STEP][PASSED] - selectOptionByLabel(findTestObject("Object Repository/A_Version_Nawres/Page_Formulaire_Creation_Dossier/Formulaire_Creation_Dossier_Input/select_Situation_Familiale"), "CÃ©libataire", false, STOP_ON_FAILURE): All options with label 'CÃ©libataire' are selected in object 'Object Repository/A_Version_Nawres/Page_Formulaire_Creation_Dossier/Formulaire_Creation_Dossier_Input/select_Situation_Familiale' 

12-02-2025T14:13:07 - [MESSAGE][INFO] - Finding Test Object 'Object Repository/A_Version_Nawres/Page_Formulaire_Creation_Dossier/Formulaire_Creation_Dossier_Input/select_Situation_Familiale'

12-02-2025T14:13:07 - [MESSAGE][INFO] - Checking timeout

12-02-2025T14:13:07 - [MESSAGE][INFO] - Finding web element with id: 'Object Repository/A_Version_Nawres/Page_Formulaire_Creation_Dossier/Formulaire_Creation_Dossier_Input/select_Situation_Familiale' located by 'By.xpath: //select[@id="situation_familiale"]' in '20' second(s)

12-02-2025T14:13:07 - [MESSAGE][INFO] - Found 1 web elements with id: 'Object Repository/A_Version_Nawres/Page_Formulaire_Creation_Dossier/Formulaire_Creation_Dossier_Input/select_Situation_Familiale' located by 'By.xpath: //select[@id="situation_familiale"]' in '20' second(s)

12-02-2025T14:13:07 - [MESSAGE][INFO] - Checking object

12-02-2025T14:13:07 - [MESSAGE][INFO] - Checking label parameter

12-02-2025T14:13:07 - [MESSAGE][INFO] - Finding web element from Test Object's properties

12-02-2025T14:13:07 - [MESSAGE][INFO] - Checking timeout

12-02-2025T14:13:07 - [MESSAGE][INFO] - Finding web element with id: 'Object Repository/A_Version_Nawres/Page_Formulaire_Creation_Dossier/Formulaire_Creation_Dossier_Input/select_Situation_Familiale' located by 'By.xpath: //select[@id="situation_familiale"]' in '2' second(s)

12-02-2025T14:13:07 - [MESSAGE][INFO] - Found 1 web elements with id: 'Object Repository/A_Version_Nawres/Page_Formulaire_Creation_Dossier/Formulaire_Creation_Dossier_Input/select_Situation_Familiale' located by 'By.xpath: //select[@id="situation_familiale"]' in '2' second(s)

12-02-2025T14:13:07 - [MESSAGE][INFO] - Selecting options on object 'Object Repository/A_Version_Nawres/Page_Formulaire_Creation_Dossier/Formulaire_Creation_Dossier_Input/select_Situation_Familiale' with label 'CÃ©libataire' 

12-02-2025T14:13:08 - [MESSAGE][PASSED] - All options with label 'CÃ©libataire' are selected in object 'Object Repository/A_Version_Nawres/Page_Formulaire_Creation_Dossier/Formulaire_Creation_Dossier_Input/select_Situation_Familiale' 

12-02-2025T14:13:08 - [TEST_STEP][PASSED] - setText(findTestObject("Object Repository/A_Version_Nawres/Page_Formulaire_Creation_Dossier/Formulaire_Creation_Dossier_Input/input_Date_Entree_En_France"), "22/03/2020"): Text '22/03/2020' is set on object 'Object Repository/A_Version_Nawres/Page_Formulaire_Creation_Dossier/Formulaire_Creation_Dossier_Input/input_Date_Entree_En_France'

12-02-2025T14:13:08 - [MESSAGE][INFO] - Finding Test Object 'Object Repository/A_Version_Nawres/Page_Formulaire_Creation_Dossier/Formulaire_Creation_Dossier_Input/input_Date_Entree_En_France'

12-02-2025T14:13:08 - [MESSAGE][INFO] - Checking timeout

12-02-2025T14:13:08 - [MESSAGE][INFO] - Finding web element with id: 'Object Repository/A_Version_Nawres/Page_Formulaire_Creation_Dossier/Formulaire_Creation_Dossier_Input/input_Date_Entree_En_France' located by 'By.xpath: //input[@id="date_entree_en_france"]' in '20' second(s)

12-02-2025T14:13:08 - [MESSAGE][INFO] - Found 1 web elements with id: 'Object Repository/A_Version_Nawres/Page_Formulaire_Creation_Dossier/Formulaire_Creation_Dossier_Input/input_Date_Entree_En_France' located by 'By.xpath: //input[@id="date_entree_en_france"]' in '20' second(s)

12-02-2025T14:13:08 - [MESSAGE][INFO] - Checking object

12-02-2025T14:13:08 - [MESSAGE][INFO] - Checking text

12-02-2025T14:13:08 - [MESSAGE][INFO] - Finding web element from Test Object's properties

12-02-2025T14:13:08 - [MESSAGE][INFO] - Checking timeout

12-02-2025T14:13:08 - [MESSAGE][INFO] - Finding web element with id: 'Object Repository/A_Version_Nawres/Page_Formulaire_Creation_Dossier/Formulaire_Creation_Dossier_Input/input_Date_Entree_En_France' located by 'By.xpath: //input[@id="date_entree_en_france"]' in '2' second(s)

12-02-2025T14:13:08 - [MESSAGE][INFO] - Found 1 web elements with id: 'Object Repository/A_Version_Nawres/Page_Formulaire_Creation_Dossier/Formulaire_Creation_Dossier_Input/input_Date_Entree_En_France' located by 'By.xpath: //input[@id="date_entree_en_france"]' in '2' second(s)

12-02-2025T14:13:08 - [MESSAGE][INFO] - Clearing text of object 'Object Repository/A_Version_Nawres/Page_Formulaire_Creation_Dossier/Formulaire_Creation_Dossier_Input/input_Date_Entree_En_France'

12-02-2025T14:13:09 - [MESSAGE][INFO] - Finding web element from Test Object's properties

12-02-2025T14:13:09 - [MESSAGE][INFO] - Checking timeout

12-02-2025T14:13:09 - [MESSAGE][INFO] - Finding web element with id: 'Object Repository/A_Version_Nawres/Page_Formulaire_Creation_Dossier/Formulaire_Creation_Dossier_Input/input_Date_Entree_En_France' located by 'By.xpath: //input[@id="date_entree_en_france"]' in '2' second(s)

12-02-2025T14:13:09 - [MESSAGE][INFO] - Found 1 web elements with id: 'Object Repository/A_Version_Nawres/Page_Formulaire_Creation_Dossier/Formulaire_Creation_Dossier_Input/input_Date_Entree_En_France' located by 'By.xpath: //input[@id="date_entree_en_france"]' in '2' second(s)

12-02-2025T14:13:09 - [MESSAGE][INFO] - Setting text of object 'Object Repository/A_Version_Nawres/Page_Formulaire_Creation_Dossier/Formulaire_Creation_Dossier_Input/input_Date_Entree_En_France' to value '22/03/2020'

12-02-2025T14:13:10 - [MESSAGE][PASSED] - Text '22/03/2020' is set on object 'Object Repository/A_Version_Nawres/Page_Formulaire_Creation_Dossier/Formulaire_Creation_Dossier_Input/input_Date_Entree_En_France'

12-02-2025T14:13:10 - [TEST_STEP][PASSED] - selectOptionByLabel(findTestObject("Object Repository/A_Version_Nawres/Page_Formulaire_Creation_Dossier/Formulaire_Creation_Dossier_Input/select_Condition_Entree_En_France"), "IrrÃ©guliÃ¨re", false, STOP_ON_FAILURE): All options with label 'IrrÃ©guliÃ¨re' are selected in object 'Object Repository/A_Version_Nawres/Page_Formulaire_Creation_Dossier/Formulaire_Creation_Dossier_Input/select_Condition_Entree_En_France' 

12-02-2025T14:13:10 - [MESSAGE][INFO] - Finding Test Object 'Object Repository/A_Version_Nawres/Page_Formulaire_Creation_Dossier/Formulaire_Creation_Dossier_Input/select_Condition_Entree_En_France'

12-02-2025T14:13:10 - [MESSAGE][INFO] - Checking timeout

12-02-2025T14:13:10 - [MESSAGE][INFO] - Finding web element with id: 'Object Repository/A_Version_Nawres/Page_Formulaire_Creation_Dossier/Formulaire_Creation_Dossier_Input/select_Condition_Entree_En_France' located by 'By.xpath: //select[@id="condition_entree_france"]' in '20' second(s)

12-02-2025T14:13:10 - [MESSAGE][INFO] - Found 1 web elements with id: 'Object Repository/A_Version_Nawres/Page_Formulaire_Creation_Dossier/Formulaire_Creation_Dossier_Input/select_Condition_Entree_En_France' located by 'By.xpath: //select[@id="condition_entree_france"]' in '20' second(s)

12-02-2025T14:13:10 - [MESSAGE][INFO] - Checking object

12-02-2025T14:13:10 - [MESSAGE][INFO] - Checking label parameter

12-02-2025T14:13:10 - [MESSAGE][INFO] - Finding web element from Test Object's properties

12-02-2025T14:13:10 - [MESSAGE][INFO] - Checking timeout

12-02-2025T14:13:10 - [MESSAGE][INFO] - Finding web element with id: 'Object Repository/A_Version_Nawres/Page_Formulaire_Creation_Dossier/Formulaire_Creation_Dossier_Input/select_Condition_Entree_En_France' located by 'By.xpath: //select[@id="condition_entree_france"]' in '2' second(s)

12-02-2025T14:13:10 - [MESSAGE][INFO] - Found 1 web elements with id: 'Object Repository/A_Version_Nawres/Page_Formulaire_Creation_Dossier/Formulaire_Creation_Dossier_Input/select_Condition_Entree_En_France' located by 'By.xpath: //select[@id="condition_entree_france"]' in '2' second(s)

12-02-2025T14:13:10 - [MESSAGE][INFO] - Selecting options on object 'Object Repository/A_Version_Nawres/Page_Formulaire_Creation_Dossier/Formulaire_Creation_Dossier_Input/select_Condition_Entree_En_France' with label 'IrrÃ©guliÃ¨re' 

12-02-2025T14:13:11 - [MESSAGE][PASSED] - All options with label 'IrrÃ©guliÃ¨re' are selected in object 'Object Repository/A_Version_Nawres/Page_Formulaire_Creation_Dossier/Formulaire_Creation_Dossier_Input/select_Condition_Entree_En_France' 

12-02-2025T14:13:11 - [TEST_STEP][PASSED] - if (ControleChampsCreation == "true"): null

12-02-2025T14:13:12 - [TEST_STEP][PASSED] - click(findTestObject("Object Repository/A_Version_Nawres/Page_Formulaire_Creation_Dossier/Formulaire_Creation_Dossier_Input/btn_Enregistrer"), STOP_ON_FAILURE): Object: 'Object Repository/A_Version_Nawres/Page_Formulaire_Creation_Dossier/Formulaire_Creation_Dossier_Input/btn_Enregistrer' is clicked on

12-02-2025T14:13:12 - [MESSAGE][INFO] - Finding Test Object 'Object Repository/A_Version_Nawres/Page_Formulaire_Creation_Dossier/Formulaire_Creation_Dossier_Input/btn_Enregistrer'

12-02-2025T14:13:12 - [MESSAGE][INFO] - Checking timeout

12-02-2025T14:13:12 - [MESSAGE][INFO] - Finding web element with id: 'Object Repository/A_Version_Nawres/Page_Formulaire_Creation_Dossier/Formulaire_Creation_Dossier_Input/btn_Enregistrer' located by 'By.xpath: /html/body/app-root/app-layout-borderless/div[3]/app-prise-mesure/app-nav-prise-mesure//div/button[@title="Enregistrer"]' in '20' second(s)

12-02-2025T14:13:12 - [MESSAGE][INFO] - Found 1 web elements with id: 'Object Repository/A_Version_Nawres/Page_Formulaire_Creation_Dossier/Formulaire_Creation_Dossier_Input/btn_Enregistrer' located by 'By.xpath: /html/body/app-root/app-layout-borderless/div[3]/app-prise-mesure/app-nav-prise-mesure//div/button[@title="Enregistrer"]' in '20' second(s)

12-02-2025T14:13:12 - [MESSAGE][INFO] - Checking object

12-02-2025T14:13:12 - [MESSAGE][INFO] - Checking timeout

12-02-2025T14:13:12 - [MESSAGE][INFO] - Finding web element from Test Object's properties

12-02-2025T14:13:12 - [MESSAGE][INFO] - Checking timeout

12-02-2025T14:13:12 - [MESSAGE][INFO] - Finding web element with id: 'Object Repository/A_Version_Nawres/Page_Formulaire_Creation_Dossier/Formulaire_Creation_Dossier_Input/btn_Enregistrer' located by 'By.xpath: /html/body/app-root/app-layout-borderless/div[3]/app-prise-mesure/app-nav-prise-mesure//div/button[@title="Enregistrer"]' in '2' second(s)

12-02-2025T14:13:12 - [MESSAGE][INFO] - Found 1 web elements with id: 'Object Repository/A_Version_Nawres/Page_Formulaire_Creation_Dossier/Formulaire_Creation_Dossier_Input/btn_Enregistrer' located by 'By.xpath: /html/body/app-root/app-layout-borderless/div[3]/app-prise-mesure/app-nav-prise-mesure//div/button[@title="Enregistrer"]' in '2' second(s)

12-02-2025T14:13:12 - [MESSAGE][INFO] - Clicking on object: 'Object Repository/A_Version_Nawres/Page_Formulaire_Creation_Dossier/Formulaire_Creation_Dossier_Input/btn_Enregistrer'

12-02-2025T14:13:13 - [MESSAGE][PASSED] - Object: 'Object Repository/A_Version_Nawres/Page_Formulaire_Creation_Dossier/Formulaire_Creation_Dossier_Input/btn_Enregistrer' is clicked on

12-02-2025T14:13:13 - [TEST_STEP][PASSED] - verifyElementPresent(findTestObject("Object Repository/A_Version_Nawres/Page_Formulaire_Creation_Dossier/Formulaire_Creation_Dossier_Input/btn_Valider_Attribuer_Numero_Etranger"), 4, STOP_ON_FAILURE): Object 'Object Repository/A_Version_Nawres/Page_Formulaire_Creation_Dossier/Formulaire_Creation_Dossier_Input/btn_Valider_Attribuer_Numero_Etranger' is present

12-02-2025T14:13:13 - [MESSAGE][INFO] - Finding Test Object 'Object Repository/A_Version_Nawres/Page_Formulaire_Creation_Dossier/Formulaire_Creation_Dossier_Input/btn_Valider_Attribuer_Numero_Etranger'

12-02-2025T14:13:13 - [MESSAGE][INFO] - Checking object

12-02-2025T14:13:13 - [MESSAGE][INFO] - Finding web element from Test Object's properties

12-02-2025T14:13:13 - [MESSAGE][INFO] - Checking timeout

12-02-2025T14:13:13 - [MESSAGE][INFO] - Finding web element with id: 'Object Repository/A_Version_Nawres/Page_Formulaire_Creation_Dossier/Formulaire_Creation_Dossier_Input/btn_Valider_Attribuer_Numero_Etranger' located by 'By.xpath: //button[@title="Valider et attribuer un numÃ©ro Ã©tranger"]' in '4' second(s)

12-02-2025T14:13:13 - [MESSAGE][INFO] - Found 1 web elements with id: 'Object Repository/A_Version_Nawres/Page_Formulaire_Creation_Dossier/Formulaire_Creation_Dossier_Input/btn_Valider_Attribuer_Numero_Etranger' located by 'By.xpath: //button[@title="Valider et attribuer un numÃ©ro Ã©tranger"]' in '4' second(s)

12-02-2025T14:13:13 - [MESSAGE][PASSED] - Object 'Object Repository/A_Version_Nawres/Page_Formulaire_Creation_Dossier/Formulaire_Creation_Dossier_Input/btn_Valider_Attribuer_Numero_Etranger' is present

12-02-2025T14:13:13 - [TEST_STEP][PASSED] - click(findTestObject("Object Repository/A_Version_Nawres/Page_Formulaire_Creation_Dossier/Formulaire_Creation_Dossier_Input/btn_Valider_Attribuer_Numero_Etranger"), STOP_ON_FAILURE): Object: 'Object Repository/A_Version_Nawres/Page_Formulaire_Creation_Dossier/Formulaire_Creation_Dossier_Input/btn_Valider_Attribuer_Numero_Etranger' is clicked on

12-02-2025T14:13:13 - [MESSAGE][INFO] - Finding Test Object 'Object Repository/A_Version_Nawres/Page_Formulaire_Creation_Dossier/Formulaire_Creation_Dossier_Input/btn_Valider_Attribuer_Numero_Etranger'

12-02-2025T14:13:13 - [MESSAGE][INFO] - Checking timeout

12-02-2025T14:13:13 - [MESSAGE][INFO] - Finding web element with id: 'Object Repository/A_Version_Nawres/Page_Formulaire_Creation_Dossier/Formulaire_Creation_Dossier_Input/btn_Valider_Attribuer_Numero_Etranger' located by 'By.xpath: //button[@title="Valider et attribuer un numÃ©ro Ã©tranger"]' in '20' second(s)

12-02-2025T14:13:13 - [MESSAGE][INFO] - Found 1 web elements with id: 'Object Repository/A_Version_Nawres/Page_Formulaire_Creation_Dossier/Formulaire_Creation_Dossier_Input/btn_Valider_Attribuer_Numero_Etranger' located by 'By.xpath: //button[@title="Valider et attribuer un numÃ©ro Ã©tranger"]' in '20' second(s)

12-02-2025T14:13:13 - [MESSAGE][INFO] - Checking object

12-02-2025T14:13:13 - [MESSAGE][INFO] - Checking timeout

12-02-2025T14:13:13 - [MESSAGE][INFO] - Finding web element from Test Object's properties

12-02-2025T14:13:13 - [MESSAGE][INFO] - Checking timeout

12-02-2025T14:13:13 - [MESSAGE][INFO] - Finding web element with id: 'Object Repository/A_Version_Nawres/Page_Formulaire_Creation_Dossier/Formulaire_Creation_Dossier_Input/btn_Valider_Attribuer_Numero_Etranger' located by 'By.xpath: //button[@title="Valider et attribuer un numÃ©ro Ã©tranger"]' in '2' second(s)

12-02-2025T14:13:13 - [MESSAGE][INFO] - Found 1 web elements with id: 'Object Repository/A_Version_Nawres/Page_Formulaire_Creation_Dossier/Formulaire_Creation_Dossier_Input/btn_Valider_Attribuer_Numero_Etranger' located by 'By.xpath: //button[@title="Valider et attribuer un numÃ©ro Ã©tranger"]' in '2' second(s)

12-02-2025T14:13:13 - [MESSAGE][INFO] - Clicking on object: 'Object Repository/A_Version_Nawres/Page_Formulaire_Creation_Dossier/Formulaire_Creation_Dossier_Input/btn_Valider_Attribuer_Numero_Etranger'

12-02-2025T14:13:14 - [MESSAGE][PASSED] - Object: 'Object Repository/A_Version_Nawres/Page_Formulaire_Creation_Dossier/Formulaire_Creation_Dossier_Input/btn_Valider_Attribuer_Numero_Etranger' is clicked on

12-02-2025T14:13:14 - [TEST_STEP][PASSED] - switch (OrigineDossier): null

12-02-2025T14:13:14 - [TEST_STEP][PASSED] - case "SortantEtablissementPenitentiaire":: null

12-02-2025T14:13:14 - [TEST_STEP][PASSED] - selectOptionByLabel(findTestObject("Object Repository/A_Version_Nawres/Page_Formulaire_Creation_Dossier/Formulaire_Creation_Dossier_Input/select_Origine_Dossier"), "Sortant dâ€™Ã©tablissement pÃ©nitentiaire", false, STOP_ON_FAILURE): All options with label 'Sortant dâ€™Ã©tablissement pÃ©nitentiaire' are selected in object 'Object Repository/A_Version_Nawres/Page_Formulaire_Creation_Dossier/Formulaire_Creation_Dossier_Input/select_Origine_Dossier' 

12-02-2025T14:13:14 - [MESSAGE][INFO] - Finding Test Object 'Object Repository/A_Version_Nawres/Page_Formulaire_Creation_Dossier/Formulaire_Creation_Dossier_Input/select_Origine_Dossier'

12-02-2025T14:13:14 - [MESSAGE][INFO] - Checking timeout

12-02-2025T14:13:14 - [MESSAGE][INFO] - Finding web element with id: 'Object Repository/A_Version_Nawres/Page_Formulaire_Creation_Dossier/Formulaire_Creation_Dossier_Input/select_Origine_Dossier' located by 'By.xpath: //select[@id="code_flux"]' in '20' second(s)

12-02-2025T14:13:14 - [MESSAGE][INFO] - Found 1 web elements with id: 'Object Repository/A_Version_Nawres/Page_Formulaire_Creation_Dossier/Formulaire_Creation_Dossier_Input/select_Origine_Dossier' located by 'By.xpath: //select[@id="code_flux"]' in '20' second(s)

12-02-2025T14:13:14 - [MESSAGE][INFO] - Checking object

12-02-2025T14:13:14 - [MESSAGE][INFO] - Checking label parameter

12-02-2025T14:13:14 - [MESSAGE][INFO] - Finding web element from Test Object's properties

12-02-2025T14:13:14 - [MESSAGE][INFO] - Checking timeout

12-02-2025T14:13:14 - [MESSAGE][INFO] - Finding web element with id: 'Object Repository/A_Version_Nawres/Page_Formulaire_Creation_Dossier/Formulaire_Creation_Dossier_Input/select_Origine_Dossier' located by 'By.xpath: //select[@id="code_flux"]' in '2' second(s)

12-02-2025T14:13:14 - [MESSAGE][INFO] - Found 1 web elements with id: 'Object Repository/A_Version_Nawres/Page_Formulaire_Creation_Dossier/Formulaire_Creation_Dossier_Input/select_Origine_Dossier' located by 'By.xpath: //select[@id="code_flux"]' in '2' second(s)

12-02-2025T14:13:14 - [MESSAGE][INFO] - Selecting options on object 'Object Repository/A_Version_Nawres/Page_Formulaire_Creation_Dossier/Formulaire_Creation_Dossier_Input/select_Origine_Dossier' with label 'Sortant dâ€™Ã©tablissement pÃ©nitentiaire' 

12-02-2025T14:13:16 - [MESSAGE][PASSED] - All options with label 'Sortant dâ€™Ã©tablissement pÃ©nitentiaire' are selected in object 'Object Repository/A_Version_Nawres/Page_Formulaire_Creation_Dossier/Formulaire_Creation_Dossier_Input/select_Origine_Dossier' 

12-02-2025T14:13:16 - [TEST_STEP][PASSED] - break: null

12-02-2025T14:13:16 - [TEST_STEP][PASSED] - scrollToElement(findTestObject("Object Repository/A_Version_Nawres/Page_Formulaire_Creation_Dossier/Formulaire_Creation_Dossier_Input/btn_Confirmer_Attribuer_Numero_Etranger"), 5): Scroll to object 'Object Repository/A_Version_Nawres/Page_Formulaire_Creation_Dossier/Formulaire_Creation_Dossier_Input/btn_Confirmer_Attribuer_Numero_Etranger' successfully

12-02-2025T14:13:16 - [MESSAGE][INFO] - Finding Test Object 'Object Repository/A_Version_Nawres/Page_Formulaire_Creation_Dossier/Formulaire_Creation_Dossier_Input/btn_Confirmer_Attribuer_Numero_Etranger'

12-02-2025T14:13:16 - [MESSAGE][INFO] - Checking object

12-02-2025T14:13:16 - [MESSAGE][INFO] - Checking timeout

12-02-2025T14:13:16 - [MESSAGE][INFO] - Finding web element from Test Object's properties

12-02-2025T14:13:16 - [MESSAGE][INFO] - Checking timeout

12-02-2025T14:13:16 - [MESSAGE][INFO] - Finding web element with id: 'Object Repository/A_Version_Nawres/Page_Formulaire_Creation_Dossier/Formulaire_Creation_Dossier_Input/btn_Confirmer_Attribuer_Numero_Etranger' located by 'By.xpath:  //button[contains(text(),'Confirmer et attribuer un numÃ©ro Ã©tranger')]' in '2' second(s)

12-02-2025T14:13:16 - [MESSAGE][INFO] - Found 1 web elements with id: 'Object Repository/A_Version_Nawres/Page_Formulaire_Creation_Dossier/Formulaire_Creation_Dossier_Input/btn_Confirmer_Attribuer_Numero_Etranger' located by 'By.xpath:  //button[contains(text(),'Confirmer et attribuer un numÃ©ro Ã©tranger')]' in '2' second(s)

12-02-2025T14:13:16 - [MESSAGE][INFO] - Scrolling to object 'Object Repository/A_Version_Nawres/Page_Formulaire_Creation_Dossier/Formulaire_Creation_Dossier_Input/btn_Confirmer_Attribuer_Numero_Etranger'

12-02-2025T14:13:16 - [MESSAGE][PASSED] - Scroll to object 'Object Repository/A_Version_Nawres/Page_Formulaire_Creation_Dossier/Formulaire_Creation_Dossier_Input/btn_Confirmer_Attribuer_Numero_Etranger' successfully

12-02-2025T14:13:16 - [TEST_STEP][PASSED] - click(findTestObject("Object Repository/A_Version_Nawres/Page_Formulaire_Creation_Dossier/Formulaire_Creation_Dossier_Input/btn_Confirmer_Attribuer_Numero_Etranger"), STOP_ON_FAILURE): Object: 'Object Repository/A_Version_Nawres/Page_Formulaire_Creation_Dossier/Formulaire_Creation_Dossier_Input/btn_Confirmer_Attribuer_Numero_Etranger' is clicked on

12-02-2025T14:13:16 - [MESSAGE][INFO] - Finding Test Object 'Object Repository/A_Version_Nawres/Page_Formulaire_Creation_Dossier/Formulaire_Creation_Dossier_Input/btn_Confirmer_Attribuer_Numero_Etranger'

12-02-2025T14:13:16 - [MESSAGE][INFO] - Checking timeout

12-02-2025T14:13:16 - [MESSAGE][INFO] - Finding web element with id: 'Object Repository/A_Version_Nawres/Page_Formulaire_Creation_Dossier/Formulaire_Creation_Dossier_Input/btn_Confirmer_Attribuer_Numero_Etranger' located by 'By.xpath:  //button[contains(text(),'Confirmer et attribuer un numÃ©ro Ã©tranger')]' in '20' second(s)

12-02-2025T14:13:16 - [MESSAGE][INFO] - Found 1 web elements with id: 'Object Repository/A_Version_Nawres/Page_Formulaire_Creation_Dossier/Formulaire_Creation_Dossier_Input/btn_Confirmer_Attribuer_Numero_Etranger' located by 'By.xpath:  //button[contains(text(),'Confirmer et attribuer un numÃ©ro Ã©tranger')]' in '20' second(s)

12-02-2025T14:13:16 - [MESSAGE][INFO] - Checking object

12-02-2025T14:13:16 - [MESSAGE][INFO] - Checking timeout

12-02-2025T14:13:16 - [MESSAGE][INFO] - Finding web element from Test Object's properties

12-02-2025T14:13:16 - [MESSAGE][INFO] - Checking timeout

12-02-2025T14:13:16 - [MESSAGE][INFO] - Finding web element with id: 'Object Repository/A_Version_Nawres/Page_Formulaire_Creation_Dossier/Formulaire_Creation_Dossier_Input/btn_Confirmer_Attribuer_Numero_Etranger' located by 'By.xpath:  //button[contains(text(),'Confirmer et attribuer un numÃ©ro Ã©tranger')]' in '2' second(s)

12-02-2025T14:13:16 - [MESSAGE][INFO] - Found 1 web elements with id: 'Object Repository/A_Version_Nawres/Page_Formulaire_Creation_Dossier/Formulaire_Creation_Dossier_Input/btn_Confirmer_Attribuer_Numero_Etranger' located by 'By.xpath:  //button[contains(text(),'Confirmer et attribuer un numÃ©ro Ã©tranger')]' in '2' second(s)

12-02-2025T14:13:16 - [MESSAGE][INFO] - Clicking on object: 'Object Repository/A_Version_Nawres/Page_Formulaire_Creation_Dossier/Formulaire_Creation_Dossier_Input/btn_Confirmer_Attribuer_Numero_Etranger'

12-02-2025T14:13:17 - [MESSAGE][PASSED] - Object: 'Object Repository/A_Version_Nawres/Page_Formulaire_Creation_Dossier/Formulaire_Creation_Dossier_Input/btn_Confirmer_Attribuer_Numero_Etranger' is clicked on

12-02-2025T14:13:17 - [TEST_STEP][PASSED] - NumeroEtrangerGenere = getText(findTestObject("Object Repository/A_Version_Nawres/Page_Formulaire_Creation_Dossier/Formulaire_Creation_Dossier_Input/p_Numero_Etranger_Genere")): Text of object 'Object Repository/A_Version_Nawres/Page_Formulaire_Creation_Dossier/Formulaire_Creation_Dossier_Input/p_Numero_Etranger_Genere' is: '-'

12-02-2025T14:13:17 - [MESSAGE][INFO] - Finding Test Object 'Object Repository/A_Version_Nawres/Page_Formulaire_Creation_Dossier/Formulaire_Creation_Dossier_Input/p_Numero_Etranger_Genere'

12-02-2025T14:13:17 - [MESSAGE][INFO] - Checking object

12-02-2025T14:13:17 - [MESSAGE][INFO] - Finding web element from Test Object's properties

12-02-2025T14:13:17 - [MESSAGE][INFO] - Checking timeout

12-02-2025T14:13:17 - [MESSAGE][INFO] - Finding web element with id: 'Object Repository/A_Version_Nawres/Page_Formulaire_Creation_Dossier/Formulaire_Creation_Dossier_Input/p_Numero_Etranger_Genere' located by 'By.xpath: /html/body/app-root/app-layout-borderless//div/app-prise-mesure/div/app-dsfr-onglet-tab//div/app-fiche-etranger//div/section[2]/div/div/div[1]/p[text()]' in '2' second(s)

12-02-2025T14:13:17 - [MESSAGE][INFO] - Found 1 web elements with id: 'Object Repository/A_Version_Nawres/Page_Formulaire_Creation_Dossier/Formulaire_Creation_Dossier_Input/p_Numero_Etranger_Genere' located by 'By.xpath: /html/body/app-root/app-layout-borderless//div/app-prise-mesure/div/app-dsfr-onglet-tab//div/app-fiche-etranger//div/section[2]/div/div/div[1]/p[text()]' in '2' second(s)

12-02-2025T14:13:17 - [MESSAGE][INFO] - Getting text of object 'Object Repository/A_Version_Nawres/Page_Formulaire_Creation_Dossier/Formulaire_Creation_Dossier_Input/p_Numero_Etranger_Genere'

12-02-2025T14:13:17 - [MESSAGE][PASSED] - Text of object 'Object Repository/A_Version_Nawres/Page_Formulaire_Creation_Dossier/Formulaire_Creation_Dossier_Input/p_Numero_Etranger_Genere' is: '-'

12-02-2025T14:13:17 - [TEST_STEP][PASSED] - NumeroEtranger = NumeroEtrangerGenere: null

12-02-2025T14:13:17 - [TEST_STEP][PASSED] - println(NumeroEtrangerGenere): null

12-02-2025T14:13:17 - [TEST_STEP][PASSED] - println(NumeroEtranger): null

12-02-2025T14:13:17 - [MESSAGE][PASSED] - Call Test Case 'Test Cases/Test Reutilisable/Main/AVersion_Nawres/ANEF_Formulaire_Creation_Dossier' successfully

12-02-2025T14:13:17 - [TEST_STEP][PASSED] - println(NumeroEtranger): null

12-02-2025T14:13:17 - [TEST_STEP][PASSED] - callTestCase(findTestCase("Test Cases/Test Reutilisable/Main/AVersion_Nawres/ANEF_Prendre_Mesure"), ["Mesure":Mesure, "FondementLegal":FondementLegal, "NatureDeLacteExpulsion":NatureDeLacteExpulsion, "NatureDeLacteExpulsion":NatureDeLacteExpulsion, ... ], STOP_ON_FAILURE): Call Test Case 'Test Cases/Test Reutilisable/Main/AVersion_Nawres/ANEF_Prendre_Mesure' successfully

12-02-2025T14:13:17 - [MESSAGE][INFO] - Checking called Test Case

12-02-2025T14:13:17 - [MESSAGE][INFO] - Starting to call Test Case 'Test Cases/Test Reutilisable/Main/AVersion_Nawres/ANEF_Prendre_Mesure'

12-02-2025T14:13:17 - [TEST_CASE][PASSED] - Test Cases/Test Reutilisable/Main/AVersion_Nawres/ANEF_Prendre_Mesure: Test Cases/Test Reutilisable/Main/AVersion_Nawres/ANEF_Prendre_Mesure

12-02-2025T14:13:18 - [TEST_STEP][PASSED] - click(findTestObject("Object Repository/A_Version_Nawres/Page_Prendre_Mesure/btn_Prendre_Mesure"), STOP_ON_FAILURE): Object: 'Object Repository/A_Version_Nawres/Page_Prendre_Mesure/btn_Prendre_Mesure' is clicked on

12-02-2025T14:13:18 - [MESSAGE][INFO] - Finding Test Object 'Object Repository/A_Version_Nawres/Page_Prendre_Mesure/btn_Prendre_Mesure'

12-02-2025T14:13:18 - [MESSAGE][INFO] - Checking timeout

12-02-2025T14:13:18 - [MESSAGE][INFO] - Finding web element with id: 'Object Repository/A_Version_Nawres/Page_Prendre_Mesure/btn_Prendre_Mesure' located by 'By.xpath: //button[@title="Prendre une Mesure"]' in '20' second(s)

12-02-2025T14:13:18 - [MESSAGE][INFO] - Found 1 web elements with id: 'Object Repository/A_Version_Nawres/Page_Prendre_Mesure/btn_Prendre_Mesure' located by 'By.xpath: //button[@title="Prendre une Mesure"]' in '20' second(s)

12-02-2025T14:13:18 - [MESSAGE][INFO] - Checking object

12-02-2025T14:13:18 - [MESSAGE][INFO] - Checking timeout

12-02-2025T14:13:18 - [MESSAGE][INFO] - Finding web element from Test Object's properties

12-02-2025T14:13:18 - [MESSAGE][INFO] - Checking timeout

12-02-2025T14:13:18 - [MESSAGE][INFO] - Finding web element with id: 'Object Repository/A_Version_Nawres/Page_Prendre_Mesure/btn_Prendre_Mesure' located by 'By.xpath: //button[@title="Prendre une Mesure"]' in '2' second(s)

12-02-2025T14:13:18 - [MESSAGE][INFO] - Found 1 web elements with id: 'Object Repository/A_Version_Nawres/Page_Prendre_Mesure/btn_Prendre_Mesure' located by 'By.xpath: //button[@title="Prendre une Mesure"]' in '2' second(s)

12-02-2025T14:13:18 - [MESSAGE][INFO] - Clicking on object: 'Object Repository/A_Version_Nawres/Page_Prendre_Mesure/btn_Prendre_Mesure'

12-02-2025T14:13:19 - [MESSAGE][PASSED] - Object: 'Object Repository/A_Version_Nawres/Page_Prendre_Mesure/btn_Prendre_Mesure' is clicked on

12-02-2025T14:13:19 - [TEST_STEP][PASSED] - switch (Mesure): null

12-02-2025T14:13:19 - [TEST_STEP][PASSED] - case "RemiseSchengen":: null

12-02-2025T14:13:20 - [TEST_STEP][PASSED] - selectOptionByLabel(findTestObject("Object Repository/A_Version_Nawres/Page_Prendre_Mesure/select_Type_Mesure"), "Remise Schengen", false, STOP_ON_FAILURE): All options with label 'Remise Schengen' are selected in object 'Object Repository/A_Version_Nawres/Page_Prendre_Mesure/select_Type_Mesure' 

12-02-2025T14:13:20 - [MESSAGE][INFO] - Finding Test Object 'Object Repository/A_Version_Nawres/Page_Prendre_Mesure/select_Type_Mesure'

12-02-2025T14:13:20 - [MESSAGE][INFO] - Checking timeout

12-02-2025T14:13:20 - [MESSAGE][INFO] - Finding web element with id: 'Object Repository/A_Version_Nawres/Page_Prendre_Mesure/select_Type_Mesure' located by 'By.xpath: //select[@id="typeMesure"]' in '20' second(s)

12-02-2025T14:13:20 - [MESSAGE][INFO] - Found 1 web elements with id: 'Object Repository/A_Version_Nawres/Page_Prendre_Mesure/select_Type_Mesure' located by 'By.xpath: //select[@id="typeMesure"]' in '20' second(s)

12-02-2025T14:13:20 - [MESSAGE][INFO] - Checking object

12-02-2025T14:13:20 - [MESSAGE][INFO] - Checking label parameter

12-02-2025T14:13:20 - [MESSAGE][INFO] - Finding web element from Test Object's properties

12-02-2025T14:13:20 - [MESSAGE][INFO] - Checking timeout

12-02-2025T14:13:20 - [MESSAGE][INFO] - Finding web element with id: 'Object Repository/A_Version_Nawres/Page_Prendre_Mesure/select_Type_Mesure' located by 'By.xpath: //select[@id="typeMesure"]' in '2' second(s)

12-02-2025T14:13:20 - [MESSAGE][INFO] - Found 1 web elements with id: 'Object Repository/A_Version_Nawres/Page_Prendre_Mesure/select_Type_Mesure' located by 'By.xpath: //select[@id="typeMesure"]' in '2' second(s)

12-02-2025T14:13:20 - [MESSAGE][INFO] - Selecting options on object 'Object Repository/A_Version_Nawres/Page_Prendre_Mesure/select_Type_Mesure' with label 'Remise Schengen' 

12-02-2025T14:13:21 - [MESSAGE][PASSED] - All options with label 'Remise Schengen' are selected in object 'Object Repository/A_Version_Nawres/Page_Prendre_Mesure/select_Type_Mesure' 

12-02-2025T14:13:21 - [TEST_STEP][PASSED] - click(findTestObject("Object Repository/A_Version_Nawres/Page_Prendre_Mesure/btn_Confirmer_Mesure"), STOP_ON_FAILURE): Object: 'Object Repository/A_Version_Nawres/Page_Prendre_Mesure/btn_Confirmer_Mesure' is clicked on

12-02-2025T14:13:21 - [MESSAGE][INFO] - Finding Test Object 'Object Repository/A_Version_Nawres/Page_Prendre_Mesure/btn_Confirmer_Mesure'

12-02-2025T14:13:21 - [MESSAGE][INFO] - Checking timeout

12-02-2025T14:13:21 - [MESSAGE][INFO] - Finding web element with id: 'Object Repository/A_Version_Nawres/Page_Prendre_Mesure/btn_Confirmer_Mesure' located by 'By.xpath: //button[@id="btn-confirme-decision"]' in '20' second(s)

12-02-2025T14:13:21 - [MESSAGE][INFO] - Found 1 web elements with id: 'Object Repository/A_Version_Nawres/Page_Prendre_Mesure/btn_Confirmer_Mesure' located by 'By.xpath: //button[@id="btn-confirme-decision"]' in '20' second(s)

12-02-2025T14:13:21 - [MESSAGE][INFO] - Checking object

12-02-2025T14:13:21 - [MESSAGE][INFO] - Checking timeout

12-02-2025T14:13:21 - [MESSAGE][INFO] - Finding web element from Test Object's properties

12-02-2025T14:13:21 - [MESSAGE][INFO] - Checking timeout

12-02-2025T14:13:21 - [MESSAGE][INFO] - Finding web element with id: 'Object Repository/A_Version_Nawres/Page_Prendre_Mesure/btn_Confirmer_Mesure' located by 'By.xpath: //button[@id="btn-confirme-decision"]' in '2' second(s)

12-02-2025T14:13:21 - [MESSAGE][INFO] - Found 1 web elements with id: 'Object Repository/A_Version_Nawres/Page_Prendre_Mesure/btn_Confirmer_Mesure' located by 'By.xpath: //button[@id="btn-confirme-decision"]' in '2' second(s)

12-02-2025T14:13:21 - [MESSAGE][INFO] - Clicking on object: 'Object Repository/A_Version_Nawres/Page_Prendre_Mesure/btn_Confirmer_Mesure'

12-02-2025T14:13:22 - [MESSAGE][PASSED] - Object: 'Object Repository/A_Version_Nawres/Page_Prendre_Mesure/btn_Confirmer_Mesure' is clicked on

12-02-2025T14:13:22 - [TEST_STEP][PASSED] - break: null

12-02-2025T14:13:22 - [TEST_STEP][PASSED] - callTestCase(findTestCase("Test Cases/Test Reutilisable/Main/AVersion_Nawres/ANEF_Prendre_Mesure_Formulaire_1"), ["Mesure":Mesure, "FondementLegal":FondementLegal, "NatureDeLacteExpulsion":NatureDeLacteExpulsion, "UrgenceAbsolueExpulsion":UrgenceAbsolueExpulsion, ... ], STOP_ON_FAILURE): Call Test Case 'Test Cases/Test Reutilisable/Main/AVersion_Nawres/ANEF_Prendre_Mesure_Formulaire_1' successfully

12-02-2025T14:13:22 - [MESSAGE][INFO] - Checking called Test Case

12-02-2025T14:13:22 - [MESSAGE][INFO] - Starting to call Test Case 'Test Cases/Test Reutilisable/Main/AVersion_Nawres/ANEF_Prendre_Mesure_Formulaire_1'

12-02-2025T14:13:22 - [TEST_CASE][PASSED] - Test Cases/Test Reutilisable/Main/AVersion_Nawres/ANEF_Prendre_Mesure_Formulaire_1: Test Cases/Test Reutilisable/Main/AVersion_Nawres/ANEF_Prendre_Mesure_Formulaire_1

12-02-2025T14:13:24 - [TEST_STEP][PASSED] - calendar = Calendar.getInstance(): null

12-02-2025T14:13:24 - [TEST_STEP][PASSED] - currentDate = calendar.getTime(): null

12-02-2025T14:13:24 - [TEST_STEP][PASSED] - sdf = new java.text.SimpleDateFormat(dd/MM/yyyy): null

12-02-2025T14:13:24 - [TEST_STEP][PASSED] - formattedDate = sdf.format(currentDate): null

12-02-2025T14:13:24 - [TEST_STEP][PASSED] - DateActuelle = formattedDate.toString(): null

12-02-2025T14:13:24 - [TEST_STEP][PASSED] - println(DateActuelle): null

12-02-2025T14:13:24 - [TEST_STEP][PASSED] - if (Mesure != "ITF"): null

12-02-2025T14:13:24 - [TEST_STEP][PASSED] - selectOptionByLabel(findTestObject("Object Repository/A_Version_Nawres/Page_Prendre_Mesure_Formulaire_1/select_Fondement_Legal"), FondementLegal, false, STOP_ON_FAILURE): All options with label 'L. 621-3' are selected in object 'Object Repository/A_Version_Nawres/Page_Prendre_Mesure_Formulaire_1/select_Fondement_Legal' 

12-02-2025T14:13:24 - [MESSAGE][INFO] - Finding Test Object 'Object Repository/A_Version_Nawres/Page_Prendre_Mesure_Formulaire_1/select_Fondement_Legal'

12-02-2025T14:13:24 - [MESSAGE][INFO] - Checking timeout

12-02-2025T14:13:24 - [MESSAGE][INFO] - Finding web element with id: 'Object Repository/A_Version_Nawres/Page_Prendre_Mesure_Formulaire_1/select_Fondement_Legal' located by 'By.xpath: //select[@id="fondement_legal"]' in '20' second(s)

12-02-2025T14:13:24 - [MESSAGE][INFO] - Found 1 web elements with id: 'Object Repository/A_Version_Nawres/Page_Prendre_Mesure_Formulaire_1/select_Fondement_Legal' located by 'By.xpath: //select[@id="fondement_legal"]' in '20' second(s)

12-02-2025T14:13:24 - [MESSAGE][INFO] - Checking object

12-02-2025T14:13:24 - [MESSAGE][INFO] - Checking label parameter

12-02-2025T14:13:24 - [MESSAGE][INFO] - Finding web element from Test Object's properties

12-02-2025T14:13:24 - [MESSAGE][INFO] - Checking timeout

12-02-2025T14:13:24 - [MESSAGE][INFO] - Finding web element with id: 'Object Repository/A_Version_Nawres/Page_Prendre_Mesure_Formulaire_1/select_Fondement_Legal' located by 'By.xpath: //select[@id="fondement_legal"]' in '2' second(s)

12-02-2025T14:13:24 - [MESSAGE][INFO] - Found 1 web elements with id: 'Object Repository/A_Version_Nawres/Page_Prendre_Mesure_Formulaire_1/select_Fondement_Legal' located by 'By.xpath: //select[@id="fondement_legal"]' in '2' second(s)

12-02-2025T14:13:24 - [MESSAGE][INFO] - Selecting options on object 'Object Repository/A_Version_Nawres/Page_Prendre_Mesure_Formulaire_1/select_Fondement_Legal' with label 'L. 621-3' 

12-02-2025T14:13:25 - [MESSAGE][PASSED] - All options with label 'L. 621-3' are selected in object 'Object Repository/A_Version_Nawres/Page_Prendre_Mesure_Formulaire_1/select_Fondement_Legal' 

12-02-2025T14:13:25 - [TEST_STEP][PASSED] - if (Mesure == "Expulsion"): null

12-02-2025T14:13:25 - [TEST_STEP][PASSED] - NumberUsagerRandom = tools.MyStringTools.getRandomNumber(10, 99): tools.MyStringTools.getRandomNumber is PASSED

12-02-2025T14:13:25 - [MESSAGE][PASSED] - tools.MyStringTools.getRandomNumber is PASSED

12-02-2025T14:13:25 - [TEST_STEP][PASSED] - println(NumberUsagerRandom): null

12-02-2025T14:13:25 - [TEST_STEP][PASSED] - RandomNumber = NumberUsagerRandom.toString(): null

12-02-2025T14:13:25 - [TEST_STEP][PASSED] - if (Mesure == "OQTF"): null

12-02-2025T14:13:25 - [TEST_STEP][PASSED] - if (Mesure == "RemiseSchengen"): Text '2' is set on object 'Object Repository/A_Version_Nawres/Page_Prendre_Mesure_Formulaire_1/input_Duree_ICTF_Annee'

12-02-2025T14:13:25 - [TEST_STEP][PASSED] - selectOptionByLabel(findTestObject("Object Repository/A_Version_Nawres/Page_Prendre_Mesure_Formulaire_1/select_Etat_Saisi_Remise_Schengen"), "ALLEMAGNE", false, STOP_ON_FAILURE): All options with label 'ALLEMAGNE' are selected in object 'Object Repository/A_Version_Nawres/Page_Prendre_Mesure_Formulaire_1/select_Etat_Saisi_Remise_Schengen' 

12-02-2025T14:13:25 - [MESSAGE][INFO] - Finding Test Object 'Object Repository/A_Version_Nawres/Page_Prendre_Mesure_Formulaire_1/select_Etat_Saisi_Remise_Schengen'

12-02-2025T14:13:25 - [MESSAGE][INFO] - Checking timeout

12-02-2025T14:13:25 - [MESSAGE][INFO] - Finding web element with id: 'Object Repository/A_Version_Nawres/Page_Prendre_Mesure_Formulaire_1/select_Etat_Saisi_Remise_Schengen' located by 'By.xpath: //select[@name="etat_saisi"]' in '20' second(s)

12-02-2025T14:13:25 - [MESSAGE][INFO] - Found 1 web elements with id: 'Object Repository/A_Version_Nawres/Page_Prendre_Mesure_Formulaire_1/select_Etat_Saisi_Remise_Schengen' located by 'By.xpath: //select[@name="etat_saisi"]' in '20' second(s)

12-02-2025T14:13:25 - [MESSAGE][INFO] - Checking object

12-02-2025T14:13:25 - [MESSAGE][INFO] - Checking label parameter

12-02-2025T14:13:25 - [MESSAGE][INFO] - Finding web element from Test Object's properties

12-02-2025T14:13:25 - [MESSAGE][INFO] - Checking timeout

12-02-2025T14:13:25 - [MESSAGE][INFO] - Finding web element with id: 'Object Repository/A_Version_Nawres/Page_Prendre_Mesure_Formulaire_1/select_Etat_Saisi_Remise_Schengen' located by 'By.xpath: //select[@name="etat_saisi"]' in '2' second(s)

12-02-2025T14:13:26 - [MESSAGE][INFO] - Found 1 web elements with id: 'Object Repository/A_Version_Nawres/Page_Prendre_Mesure_Formulaire_1/select_Etat_Saisi_Remise_Schengen' located by 'By.xpath: //select[@name="etat_saisi"]' in '2' second(s)

12-02-2025T14:13:26 - [MESSAGE][INFO] - Selecting options on object 'Object Repository/A_Version_Nawres/Page_Prendre_Mesure_Formulaire_1/select_Etat_Saisi_Remise_Schengen' with label 'ALLEMAGNE' 

12-02-2025T14:13:27 - [MESSAGE][PASSED] - All options with label 'ALLEMAGNE' are selected in object 'Object Repository/A_Version_Nawres/Page_Prendre_Mesure_Formulaire_1/select_Etat_Saisi_Remise_Schengen' 

12-02-2025T14:13:27 - [TEST_STEP][PASSED] - setText(findTestObject("Object Repository/A_Version_Nawres/Page_Prendre_Mesure_Formulaire_1/input_date_Saisine_Etat_Membre"), DateActuelle, STOP_ON_FAILURE): Text '12/02/2025' is set on object 'Object Repository/A_Version_Nawres/Page_Prendre_Mesure_Formulaire_1/input_date_Saisine_Etat_Membre'

12-02-2025T14:13:27 - [MESSAGE][INFO] - Finding Test Object 'Object Repository/A_Version_Nawres/Page_Prendre_Mesure_Formulaire_1/input_date_Saisine_Etat_Membre'

12-02-2025T14:13:27 - [MESSAGE][INFO] - Checking timeout

12-02-2025T14:13:27 - [MESSAGE][INFO] - Finding web element with id: 'Object Repository/A_Version_Nawres/Page_Prendre_Mesure_Formulaire_1/input_date_Saisine_Etat_Membre' located by 'By.xpath: //input[@id="date_saisine"]' in '20' second(s)

12-02-2025T14:13:27 - [MESSAGE][INFO] - Found 1 web elements with id: 'Object Repository/A_Version_Nawres/Page_Prendre_Mesure_Formulaire_1/input_date_Saisine_Etat_Membre' located by 'By.xpath: //input[@id="date_saisine"]' in '20' second(s)

12-02-2025T14:13:27 - [MESSAGE][INFO] - Checking object

12-02-2025T14:13:27 - [MESSAGE][INFO] - Checking text

12-02-2025T14:13:27 - [MESSAGE][INFO] - Finding web element from Test Object's properties

12-02-2025T14:13:27 - [MESSAGE][INFO] - Checking timeout

12-02-2025T14:13:27 - [MESSAGE][INFO] - Finding web element with id: 'Object Repository/A_Version_Nawres/Page_Prendre_Mesure_Formulaire_1/input_date_Saisine_Etat_Membre' located by 'By.xpath: //input[@id="date_saisine"]' in '2' second(s)

12-02-2025T14:13:27 - [MESSAGE][INFO] - Found 1 web elements with id: 'Object Repository/A_Version_Nawres/Page_Prendre_Mesure_Formulaire_1/input_date_Saisine_Etat_Membre' located by 'By.xpath: //input[@id="date_saisine"]' in '2' second(s)

12-02-2025T14:13:27 - [MESSAGE][INFO] - Clearing text of object 'Object Repository/A_Version_Nawres/Page_Prendre_Mesure_Formulaire_1/input_date_Saisine_Etat_Membre'

12-02-2025T14:13:28 - [MESSAGE][INFO] - Finding web element from Test Object's properties

12-02-2025T14:13:28 - [MESSAGE][INFO] - Checking timeout

12-02-2025T14:13:28 - [MESSAGE][INFO] - Finding web element with id: 'Object Repository/A_Version_Nawres/Page_Prendre_Mesure_Formulaire_1/input_date_Saisine_Etat_Membre' located by 'By.xpath: //input[@id="date_saisine"]' in '2' second(s)

12-02-2025T14:13:28 - [MESSAGE][INFO] - Found 1 web elements with id: 'Object Repository/A_Version_Nawres/Page_Prendre_Mesure_Formulaire_1/input_date_Saisine_Etat_Membre' located by 'By.xpath: //input[@id="date_saisine"]' in '2' second(s)

12-02-2025T14:13:28 - [MESSAGE][INFO] - Setting text of object 'Object Repository/A_Version_Nawres/Page_Prendre_Mesure_Formulaire_1/input_date_Saisine_Etat_Membre' to value '12/02/2025'

12-02-2025T14:13:29 - [MESSAGE][PASSED] - Text '12/02/2025' is set on object 'Object Repository/A_Version_Nawres/Page_Prendre_Mesure_Formulaire_1/input_date_Saisine_Etat_Membre'

12-02-2025T14:13:29 - [TEST_STEP][PASSED] - setText(findTestObject("Object Repository/A_Version_Nawres/Page_Prendre_Mesure_Formulaire_1/input_Date_Reponse_Etat_Membre"), DateActuelle, STOP_ON_FAILURE): Text '12/02/2025' is set on object 'Object Repository/A_Version_Nawres/Page_Prendre_Mesure_Formulaire_1/input_Date_Reponse_Etat_Membre'

12-02-2025T14:13:29 - [MESSAGE][INFO] - Finding Test Object 'Object Repository/A_Version_Nawres/Page_Prendre_Mesure_Formulaire_1/input_Date_Reponse_Etat_Membre'

12-02-2025T14:13:29 - [MESSAGE][INFO] - Checking timeout

12-02-2025T14:13:29 - [MESSAGE][INFO] - Finding web element with id: 'Object Repository/A_Version_Nawres/Page_Prendre_Mesure_Formulaire_1/input_Date_Reponse_Etat_Membre' located by 'By.xpath: //input[@id="date_reponse"]' in '20' second(s)

12-02-2025T14:13:29 - [MESSAGE][INFO] - Found 1 web elements with id: 'Object Repository/A_Version_Nawres/Page_Prendre_Mesure_Formulaire_1/input_Date_Reponse_Etat_Membre' located by 'By.xpath: //input[@id="date_reponse"]' in '20' second(s)

12-02-2025T14:13:29 - [MESSAGE][INFO] - Checking object

12-02-2025T14:13:29 - [MESSAGE][INFO] - Checking text

12-02-2025T14:13:29 - [MESSAGE][INFO] - Finding web element from Test Object's properties

12-02-2025T14:13:29 - [MESSAGE][INFO] - Checking timeout

12-02-2025T14:13:29 - [MESSAGE][INFO] - Finding web element with id: 'Object Repository/A_Version_Nawres/Page_Prendre_Mesure_Formulaire_1/input_Date_Reponse_Etat_Membre' located by 'By.xpath: //input[@id="date_reponse"]' in '2' second(s)

12-02-2025T14:13:29 - [MESSAGE][INFO] - Found 1 web elements with id: 'Object Repository/A_Version_Nawres/Page_Prendre_Mesure_Formulaire_1/input_Date_Reponse_Etat_Membre' located by 'By.xpath: //input[@id="date_reponse"]' in '2' second(s)

12-02-2025T14:13:29 - [MESSAGE][INFO] - Clearing text of object 'Object Repository/A_Version_Nawres/Page_Prendre_Mesure_Formulaire_1/input_Date_Reponse_Etat_Membre'

12-02-2025T14:13:30 - [MESSAGE][INFO] - Finding web element from Test Object's properties

12-02-2025T14:13:30 - [MESSAGE][INFO] - Checking timeout

12-02-2025T14:13:30 - [MESSAGE][INFO] - Finding web element with id: 'Object Repository/A_Version_Nawres/Page_Prendre_Mesure_Formulaire_1/input_Date_Reponse_Etat_Membre' located by 'By.xpath: //input[@id="date_reponse"]' in '2' second(s)

12-02-2025T14:13:30 - [MESSAGE][INFO] - Found 1 web elements with id: 'Object Repository/A_Version_Nawres/Page_Prendre_Mesure_Formulaire_1/input_Date_Reponse_Etat_Membre' located by 'By.xpath: //input[@id="date_reponse"]' in '2' second(s)

12-02-2025T14:13:30 - [MESSAGE][INFO] - Setting text of object 'Object Repository/A_Version_Nawres/Page_Prendre_Mesure_Formulaire_1/input_Date_Reponse_Etat_Membre' to value '12/02/2025'

12-02-2025T14:13:31 - [MESSAGE][PASSED] - Text '12/02/2025' is set on object 'Object Repository/A_Version_Nawres/Page_Prendre_Mesure_Formulaire_1/input_Date_Reponse_Etat_Membre'

12-02-2025T14:13:31 - [TEST_STEP][PASSED] - selectOptionByLabel(findTestObject("Object Repository/A_Version_Nawres/Page_Prendre_Mesure_Formulaire_1/select_Etat_Remise"), "ALLEMAGNE", false, STOP_ON_FAILURE): All options with label 'ALLEMAGNE' are selected in object 'Object Repository/A_Version_Nawres/Page_Prendre_Mesure_Formulaire_1/select_Etat_Remise' 

12-02-2025T14:13:31 - [MESSAGE][INFO] - Finding Test Object 'Object Repository/A_Version_Nawres/Page_Prendre_Mesure_Formulaire_1/select_Etat_Remise'

12-02-2025T14:13:31 - [MESSAGE][INFO] - Checking timeout

12-02-2025T14:13:31 - [MESSAGE][INFO] - Finding web element with id: 'Object Repository/A_Version_Nawres/Page_Prendre_Mesure_Formulaire_1/select_Etat_Remise' located by 'By.xpath: //select[@id="etat_remise"]' in '20' second(s)

12-02-2025T14:13:31 - [MESSAGE][INFO] - Found 1 web elements with id: 'Object Repository/A_Version_Nawres/Page_Prendre_Mesure_Formulaire_1/select_Etat_Remise' located by 'By.xpath: //select[@id="etat_remise"]' in '20' second(s)

12-02-2025T14:13:31 - [MESSAGE][INFO] - Checking object

12-02-2025T14:13:31 - [MESSAGE][INFO] - Checking label parameter

12-02-2025T14:13:31 - [MESSAGE][INFO] - Finding web element from Test Object's properties

12-02-2025T14:13:31 - [MESSAGE][INFO] - Checking timeout

12-02-2025T14:13:31 - [MESSAGE][INFO] - Finding web element with id: 'Object Repository/A_Version_Nawres/Page_Prendre_Mesure_Formulaire_1/select_Etat_Remise' located by 'By.xpath: //select[@id="etat_remise"]' in '2' second(s)

12-02-2025T14:13:31 - [MESSAGE][INFO] - Found 1 web elements with id: 'Object Repository/A_Version_Nawres/Page_Prendre_Mesure_Formulaire_1/select_Etat_Remise' located by 'By.xpath: //select[@id="etat_remise"]' in '2' second(s)

12-02-2025T14:13:31 - [MESSAGE][INFO] - Selecting options on object 'Object Repository/A_Version_Nawres/Page_Prendre_Mesure_Formulaire_1/select_Etat_Remise' with label 'ALLEMAGNE' 

12-02-2025T14:13:32 - [MESSAGE][PASSED] - All options with label 'ALLEMAGNE' are selected in object 'Object Repository/A_Version_Nawres/Page_Prendre_Mesure_Formulaire_1/select_Etat_Remise' 

12-02-2025T14:13:32 - [TEST_STEP][PASSED] - setText(findTestObject("Object Repository/A_Version_Nawres/Page_Prendre_Mesure_Formulaire_1/input_Duree_ICTF_Annee"), "4", STOP_ON_FAILURE): Text '4' is set on object 'Object Repository/A_Version_Nawres/Page_Prendre_Mesure_Formulaire_1/input_Duree_ICTF_Annee'

12-02-2025T14:13:32 - [MESSAGE][INFO] - Finding Test Object 'Object Repository/A_Version_Nawres/Page_Prendre_Mesure_Formulaire_1/input_Duree_ICTF_Annee'

12-02-2025T14:13:32 - [MESSAGE][INFO] - Checking timeout

12-02-2025T14:13:32 - [MESSAGE][INFO] - Finding web element with id: 'Object Repository/A_Version_Nawres/Page_Prendre_Mesure_Formulaire_1/input_Duree_ICTF_Annee' located by 'By.xpath: //input[@id="nbr_annee_duree_init"]' in '20' second(s)

12-02-2025T14:13:32 - [MESSAGE][INFO] - Found 1 web elements with id: 'Object Repository/A_Version_Nawres/Page_Prendre_Mesure_Formulaire_1/input_Duree_ICTF_Annee' located by 'By.xpath: //input[@id="nbr_annee_duree_init"]' in '20' second(s)

12-02-2025T14:13:32 - [MESSAGE][INFO] - Checking object

12-02-2025T14:13:32 - [MESSAGE][INFO] - Checking text

12-02-2025T14:13:32 - [MESSAGE][INFO] - Finding web element from Test Object's properties

12-02-2025T14:13:32 - [MESSAGE][INFO] - Checking timeout

12-02-2025T14:13:32 - [MESSAGE][INFO] - Finding web element with id: 'Object Repository/A_Version_Nawres/Page_Prendre_Mesure_Formulaire_1/input_Duree_ICTF_Annee' located by 'By.xpath: //input[@id="nbr_annee_duree_init"]' in '2' second(s)

12-02-2025T14:13:33 - [MESSAGE][INFO] - Found 1 web elements with id: 'Object Repository/A_Version_Nawres/Page_Prendre_Mesure_Formulaire_1/input_Duree_ICTF_Annee' located by 'By.xpath: //input[@id="nbr_annee_duree_init"]' in '2' second(s)

12-02-2025T14:13:33 - [MESSAGE][INFO] - Clearing text of object 'Object Repository/A_Version_Nawres/Page_Prendre_Mesure_Formulaire_1/input_Duree_ICTF_Annee'

12-02-2025T14:13:34 - [MESSAGE][INFO] - Finding web element from Test Object's properties

12-02-2025T14:13:34 - [MESSAGE][INFO] - Checking timeout

12-02-2025T14:13:34 - [MESSAGE][INFO] - Finding web element with id: 'Object Repository/A_Version_Nawres/Page_Prendre_Mesure_Formulaire_1/input_Duree_ICTF_Annee' located by 'By.xpath: //input[@id="nbr_annee_duree_init"]' in '2' second(s)

12-02-2025T14:13:34 - [MESSAGE][INFO] - Found 1 web elements with id: 'Object Repository/A_Version_Nawres/Page_Prendre_Mesure_Formulaire_1/input_Duree_ICTF_Annee' located by 'By.xpath: //input[@id="nbr_annee_duree_init"]' in '2' second(s)

12-02-2025T14:13:34 - [MESSAGE][INFO] - Setting text of object 'Object Repository/A_Version_Nawres/Page_Prendre_Mesure_Formulaire_1/input_Duree_ICTF_Annee' to value '4'

12-02-2025T14:13:35 - [MESSAGE][PASSED] - Text '4' is set on object 'Object Repository/A_Version_Nawres/Page_Prendre_Mesure_Formulaire_1/input_Duree_ICTF_Annee'

12-02-2025T14:13:35 - [TEST_STEP][PASSED] - verifyElementText(findTestObject("Object Repository/A_Version_Nawres/Page_Prendre_Mesure_Formulaire_1/p_Message_Erreur_Duree_IRTF"), "L'interdiction de circulation sur le territoire ne peut pas excÃ©der une durÃ©e de 3 ans"): Actual text and expected text of test object 'Object Repository/A_Version_Nawres/Page_Prendre_Mesure_Formulaire_1/p_Message_Erreur_Duree_IRTF' are matched.

12-02-2025T14:13:35 - [MESSAGE][INFO] - Finding Test Object 'Object Repository/A_Version_Nawres/Page_Prendre_Mesure_Formulaire_1/p_Message_Erreur_Duree_IRTF'

12-02-2025T14:13:35 - [MESSAGE][INFO] - Checking object

12-02-2025T14:13:35 - [MESSAGE][INFO] - Finding web element from Test Object's properties

12-02-2025T14:13:35 - [MESSAGE][INFO] - Checking timeout

12-02-2025T14:13:35 - [MESSAGE][INFO] - Finding web element with id: 'Object Repository/A_Version_Nawres/Page_Prendre_Mesure_Formulaire_1/p_Message_Erreur_Duree_IRTF' located by 'By.xpath: //app-accordeon-ictf-irtf/section/div/form/div[2]//p' in '2' second(s)

12-02-2025T14:13:35 - [MESSAGE][INFO] - Found 1 web elements with id: 'Object Repository/A_Version_Nawres/Page_Prendre_Mesure_Formulaire_1/p_Message_Erreur_Duree_IRTF' located by 'By.xpath: //app-accordeon-ictf-irtf/section/div/form/div[2]//p' in '2' second(s)

12-02-2025T14:13:35 - [MESSAGE][PASSED] - Actual text and expected text of test object 'Object Repository/A_Version_Nawres/Page_Prendre_Mesure_Formulaire_1/p_Message_Erreur_Duree_IRTF' are matched.

12-02-2025T14:13:35 - [TEST_STEP][PASSED] - setText(findTestObject("Object Repository/A_Version_Nawres/Page_Prendre_Mesure_Formulaire_1/input_Duree_ICTF_Annee"), "2", STOP_ON_FAILURE): Text '2' is set on object 'Object Repository/A_Version_Nawres/Page_Prendre_Mesure_Formulaire_1/input_Duree_ICTF_Annee'

12-02-2025T14:13:35 - [MESSAGE][INFO] - Finding Test Object 'Object Repository/A_Version_Nawres/Page_Prendre_Mesure_Formulaire_1/input_Duree_ICTF_Annee'

12-02-2025T14:13:35 - [MESSAGE][INFO] - Checking timeout

12-02-2025T14:13:35 - [MESSAGE][INFO] - Finding web element with id: 'Object Repository/A_Version_Nawres/Page_Prendre_Mesure_Formulaire_1/input_Duree_ICTF_Annee' located by 'By.xpath: //input[@id="nbr_annee_duree_init"]' in '20' second(s)

12-02-2025T14:13:35 - [MESSAGE][INFO] - Found 1 web elements with id: 'Object Repository/A_Version_Nawres/Page_Prendre_Mesure_Formulaire_1/input_Duree_ICTF_Annee' located by 'By.xpath: //input[@id="nbr_annee_duree_init"]' in '20' second(s)

12-02-2025T14:13:35 - [MESSAGE][INFO] - Checking object

12-02-2025T14:13:35 - [MESSAGE][INFO] - Checking text

12-02-2025T14:13:35 - [MESSAGE][INFO] - Finding web element from Test Object's properties

12-02-2025T14:13:35 - [MESSAGE][INFO] - Checking timeout

12-02-2025T14:13:35 - [MESSAGE][INFO] - Finding web element with id: 'Object Repository/A_Version_Nawres/Page_Prendre_Mesure_Formulaire_1/input_Duree_ICTF_Annee' located by 'By.xpath: //input[@id="nbr_annee_duree_init"]' in '2' second(s)

12-02-2025T14:13:35 - [MESSAGE][INFO] - Found 1 web elements with id: 'Object Repository/A_Version_Nawres/Page_Prendre_Mesure_Formulaire_1/input_Duree_ICTF_Annee' located by 'By.xpath: //input[@id="nbr_annee_duree_init"]' in '2' second(s)

12-02-2025T14:13:35 - [MESSAGE][INFO] - Clearing text of object 'Object Repository/A_Version_Nawres/Page_Prendre_Mesure_Formulaire_1/input_Duree_ICTF_Annee'

12-02-2025T14:13:36 - [MESSAGE][INFO] - Finding web element from Test Object's properties

12-02-2025T14:13:36 - [MESSAGE][INFO] - Checking timeout

12-02-2025T14:13:36 - [MESSAGE][INFO] - Finding web element with id: 'Object Repository/A_Version_Nawres/Page_Prendre_Mesure_Formulaire_1/input_Duree_ICTF_Annee' located by 'By.xpath: //input[@id="nbr_annee_duree_init"]' in '2' second(s)

12-02-2025T14:13:36 - [MESSAGE][INFO] - Found 1 web elements with id: 'Object Repository/A_Version_Nawres/Page_Prendre_Mesure_Formulaire_1/input_Duree_ICTF_Annee' located by 'By.xpath: //input[@id="nbr_annee_duree_init"]' in '2' second(s)

12-02-2025T14:13:36 - [MESSAGE][INFO] - Setting text of object 'Object Repository/A_Version_Nawres/Page_Prendre_Mesure_Formulaire_1/input_Duree_ICTF_Annee' to value '2'

12-02-2025T14:13:37 - [MESSAGE][PASSED] - Text '2' is set on object 'Object Repository/A_Version_Nawres/Page_Prendre_Mesure_Formulaire_1/input_Duree_ICTF_Annee'

12-02-2025T14:13:37 - [TEST_STEP][PASSED] - RandomNumber = tools.MyStringTools.getRandomNumber(1, 30): tools.MyStringTools.getRandomNumber is PASSED

12-02-2025T14:13:37 - [MESSAGE][PASSED] - tools.MyStringTools.getRandomNumber is PASSED

12-02-2025T14:13:37 - [TEST_STEP][PASSED] - println(RandomNumber): null

12-02-2025T14:13:37 - [TEST_STEP][PASSED] - RandomNumberSelect = RandomNumber.toString(): null

12-02-2025T14:13:37 - [TEST_STEP][PASSED] - if (Mesure == "TransfertDublin"): null

12-02-2025T14:13:37 - [TEST_STEP][PASSED] - if (Mesure == "ExecutionFicheSIS"): null

12-02-2025T14:13:37 - [TEST_STEP][PASSED] - if (Mesure == "IAT"): null

12-02-2025T14:13:37 - [TEST_STEP][PASSED] - if (Mesure == "ITF"): null

12-02-2025T14:13:37 - [MESSAGE][PASSED] - Call Test Case 'Test Cases/Test Reutilisable/Main/AVersion_Nawres/ANEF_Prendre_Mesure_Formulaire_1' successfully

12-02-2025T14:13:37 - [MESSAGE][PASSED] - Call Test Case 'Test Cases/Test Reutilisable/Main/AVersion_Nawres/ANEF_Prendre_Mesure' successfully

12-02-2025T14:13:40 - [TEST_STEP][PASSED] - Video: Video recording for test case 'Test Cases/Cas D Utilisations/A_Version_Nawres/Eloignement_OQTF' .

12-02-2025T14:13:40 - [MESSAGE][INFO] - Video recording for test case 'Test Cases/Cas D Utilisations/A_Version_Nawres/Eloignement_OQTF' .]]></system-out>
         <system-err><![CDATA[]]></system-err>
      </testcase>
      <testcase name="Test Cases/Cas D Utilisations/A_Version_Nawres/Eloignement_OQTF" time="98.283" classname="Test Cases/Cas D Utilisations/A_Version_Nawres/Eloignement_OQTF" status="PASSED">
         <system-out><![CDATA[12-02-2025T14:13:40 - [TEST_CASE][PASSED] - Test Cases/Cas D Utilisations/A_Version_Nawres/Eloignement_OQTF: Test Cases/Cas D Utilisations/A_Version_Nawres/Eloignement_OQTF

12-02-2025T14:13:40 - [TEST_STEP][PASSED] - callTestCase(findTestCase("Test Cases/Test Reutilisable/Main/AVersion_Nawres/ANEF_Lancer_URL_ANEF"), ["Profiles":Profiles, "EnvExec":EnvExec], STOP_ON_FAILURE): Call Test Case 'Test Cases/Test Reutilisable/Main/AVersion_Nawres/ANEF_Lancer_URL_ANEF' successfully

12-02-2025T14:13:40 - [MESSAGE][INFO] - Checking called Test Case

12-02-2025T14:13:40 - [MESSAGE][INFO] - Starting to call Test Case 'Test Cases/Test Reutilisable/Main/AVersion_Nawres/ANEF_Lancer_URL_ANEF'

12-02-2025T14:13:40 - [TEST_CASE][PASSED] - Test Cases/Test Reutilisable/Main/AVersion_Nawres/ANEF_Lancer_URL_ANEF: Test Cases/Test Reutilisable/Main/AVersion_Nawres/ANEF_Lancer_URL_ANEF

12-02-2025T14:13:40 - [TEST_STEP][PASSED] - "Call Highlight.on() automatically": null

12-02-2025T14:13:40 - [TEST_STEP][PASSED] - projDir = getProjectDir(): null

12-02-2025T14:13:40 - [TEST_STEP][PASSED] - RunBrowserConfiguration = getExecutionProperties(): null

12-02-2025T14:13:40 - [TEST_STEP][PASSED] - DriverName = get("WebUI").get("browserType"): null

12-02-2025T14:13:40 - [TEST_STEP][PASSED] - println("DriverName :" + DriverName): null

12-02-2025T14:13:40 - [TEST_STEP][PASSED] - println("Driverpath :" + RunBrowserConfiguration.get("drivers")): null

12-02-2025T14:13:40 - [TEST_STEP][PASSED] - if (Profiles == "Usager"): null

12-02-2025T14:13:40 - [TEST_STEP][PASSED] - if (Profiles == "Agent"): Current window maximized

12-02-2025T14:13:40 - [TEST_STEP][PASSED] - if (EnvExec == "URLPortailAgentQualif"): null

12-02-2025T14:13:40 - [TEST_STEP][PASSED] - if (EnvExec == "URLPortailAgentPreProd"): Browser is opened with url: 'https://preprod.siaef.dgef.interieur.gouv.fr/sejour/#/accueil'

12-02-2025T14:13:40 - [TEST_STEP][PASSED] - openBrowser(URLPortailAgentPreProd): Browser is opened with url: 'https://preprod.siaef.dgef.interieur.gouv.fr/sejour/#/accueil'

12-02-2025T14:13:40 - [MESSAGE][INFO] - Opening browser

12-02-2025T14:13:40 - [MESSAGE][WARNING] - A browser is already opened. Closing browser and opening a new one

12-02-2025T14:13:41 - [MESSAGE][INFO] - Starting 'Chrome' driver

12-02-2025T14:13:41 - [MESSAGE][INFO] - User set preference: ['args', '[--incognito, --disable-search-engine-choice-screen, --enable-automation, --disable-save-password-bubble, --start-maximized, --remote-allow-origins=*]']

12-02-2025T14:13:41 - [MESSAGE][INFO] - User set preference: ['prefs', '{download.default_directory=${GlobalVariable.downloadPath}, download_dir=${GlobalVariable.downloadPath}, download.prompt_for_download=false}']

12-02-2025T14:13:41 - [MESSAGE][INFO] - User set preference: ['loggingPrefs', '{browser=ALL}']

12-02-2025T14:13:41 - [MESSAGE][INFO] - Action delay is set to 1â€¯000 milliseconds

12-02-2025T14:13:43 - [MESSAGE][INFO] - Navigating browser to: 'https://preprod.siaef.dgef.interieur.gouv.fr/sejour/#/accueil'

12-02-2025T14:13:45 - [MESSAGE][PASSED] - Browser is opened with url: 'https://preprod.siaef.dgef.interieur.gouv.fr/sejour/#/accueil'

12-02-2025T14:13:45 - [TEST_STEP][PASSED] - maximizeWindow(): Current window maximized

12-02-2025T14:13:45 - [MESSAGE][INFO] - Maximizing current window

12-02-2025T14:13:45 - [MESSAGE][PASSED] - Current window maximized

12-02-2025T14:13:45 - [MESSAGE][PASSED] - Call Test Case 'Test Cases/Test Reutilisable/Main/AVersion_Nawres/ANEF_Lancer_URL_ANEF' successfully

12-02-2025T14:13:45 - [TEST_STEP][PASSED] - callTestCase(findTestCase("Test Cases/Test Reutilisable/Main/AVersion_Nawres/ANEF_Identification"), ["Profiles":Profiles, "IdentifiantAgent":IdentifiantAgent, "PwAgent":PwAgent, "EnvExec":EnvExec], STOP_ON_FAILURE): Call Test Case 'Test Cases/Test Reutilisable/Main/AVersion_Nawres/ANEF_Identification' successfully

12-02-2025T14:13:45 - [MESSAGE][INFO] - Checking called Test Case

12-02-2025T14:13:45 - [MESSAGE][INFO] - Starting to call Test Case 'Test Cases/Test Reutilisable/Main/AVersion_Nawres/ANEF_Identification'

12-02-2025T14:13:45 - [TEST_CASE][PASSED] - Test Cases/Test Reutilisable/Main/AVersion_Nawres/ANEF_Identification: Test Cases/Test Reutilisable/Main/AVersion_Nawres/ANEF_Identification

12-02-2025T14:13:45 - [TEST_STEP][PASSED] - com.kazurayam.ksbackyard.HighlightElement.pandemic(): com.kazurayam.ksbackyard.HighlightElement.pandemic is PASSED

12-02-2025T14:13:45 - [MESSAGE][PASSED] - com.kazurayam.ksbackyard.HighlightElement.pandemic is PASSED

12-02-2025T14:13:45 - [TEST_STEP][PASSED] - if (Profiles == "Usager"): null

12-02-2025T14:13:45 - [TEST_STEP][PASSED] - if (Profiles == "Agent"): Object: 'Object Repository/A_Version_Nawres/Page_ANEF_Connexion/btn_Valider_Conx_Agent' is clicked on

12-02-2025T14:13:45 - [TEST_STEP][PASSED] - if (EnvExec == "URLPortailAgentQualif"): null

12-02-2025T14:13:45 - [TEST_STEP][PASSED] - if (EnvExec == "URLPortailAgentPreProd"): Text 'Natali12345!' is set on object 'Object Repository/A_Version_Nawres/Page_ANEF_Connexion/Input_PasswordAgent'

12-02-2025T14:13:45 - [TEST_STEP][PASSED] - setText(findTestObject("Object Repository/A_Version_Nawres/Page_ANEF_Connexion/Input_UserNameAgent"), IdentifiantAgent): Text 'test.gpe+970@outlook.fr' is set on object 'Object Repository/A_Version_Nawres/Page_ANEF_Connexion/Input_UserNameAgent'

12-02-2025T14:13:45 - [MESSAGE][INFO] - Finding Test Object 'Object Repository/A_Version_Nawres/Page_ANEF_Connexion/Input_UserNameAgent'

12-02-2025T14:13:45 - [MESSAGE][INFO] - Checking timeout

12-02-2025T14:13:45 - [MESSAGE][INFO] - Finding web element with id: 'Object Repository/A_Version_Nawres/Page_ANEF_Connexion/Input_UserNameAgent' located by 'By.xpath: //*[@aria-labelledby="username-label"]|//*[@id="login"]' in '20' second(s)

12-02-2025T14:13:45 - [MESSAGE][INFO] - Found 1 web elements with id: 'Object Repository/A_Version_Nawres/Page_ANEF_Connexion/Input_UserNameAgent' located by 'By.xpath: //*[@aria-labelledby="username-label"]|//*[@id="login"]' in '20' second(s)

12-02-2025T14:13:45 - [MESSAGE][INFO] - Checking object

12-02-2025T14:13:45 - [MESSAGE][INFO] - Checking text

12-02-2025T14:13:45 - [MESSAGE][INFO] - Finding web element from Test Object's properties

12-02-2025T14:13:45 - [MESSAGE][INFO] - Checking timeout

12-02-2025T14:13:45 - [MESSAGE][INFO] - Finding web element with id: 'Object Repository/A_Version_Nawres/Page_ANEF_Connexion/Input_UserNameAgent' located by 'By.xpath: //*[@aria-labelledby="username-label"]|//*[@id="login"]' in '2' second(s)

12-02-2025T14:13:45 - [MESSAGE][INFO] - Found 1 web elements with id: 'Object Repository/A_Version_Nawres/Page_ANEF_Connexion/Input_UserNameAgent' located by 'By.xpath: //*[@aria-labelledby="username-label"]|//*[@id="login"]' in '2' second(s)

12-02-2025T14:13:45 - [MESSAGE][INFO] - Clearing text of object 'Object Repository/A_Version_Nawres/Page_ANEF_Connexion/Input_UserNameAgent'

12-02-2025T14:13:46 - [MESSAGE][INFO] - Finding web element from Test Object's properties

12-02-2025T14:13:46 - [MESSAGE][INFO] - Checking timeout

12-02-2025T14:13:46 - [MESSAGE][INFO] - Finding web element with id: 'Object Repository/A_Version_Nawres/Page_ANEF_Connexion/Input_UserNameAgent' located by 'By.xpath: //*[@aria-labelledby="username-label"]|//*[@id="login"]' in '2' second(s)

12-02-2025T14:13:46 - [MESSAGE][INFO] - Found 1 web elements with id: 'Object Repository/A_Version_Nawres/Page_ANEF_Connexion/Input_UserNameAgent' located by 'By.xpath: //*[@aria-labelledby="username-label"]|//*[@id="login"]' in '2' second(s)

12-02-2025T14:13:46 - [MESSAGE][INFO] - Setting text of object 'Object Repository/A_Version_Nawres/Page_ANEF_Connexion/Input_UserNameAgent' to value 'test.gpe+970@outlook.fr'

12-02-2025T14:13:47 - [MESSAGE][PASSED] - Text 'test.gpe+970@outlook.fr' is set on object 'Object Repository/A_Version_Nawres/Page_ANEF_Connexion/Input_UserNameAgent'

12-02-2025T14:13:47 - [TEST_STEP][PASSED] - setText(findTestObject("Object Repository/A_Version_Nawres/Page_ANEF_Connexion/Input_PasswordAgent"), PwAgent): Text 'Natali12345!' is set on object 'Object Repository/A_Version_Nawres/Page_ANEF_Connexion/Input_PasswordAgent'

12-02-2025T14:13:47 - [MESSAGE][INFO] - Finding Test Object 'Object Repository/A_Version_Nawres/Page_ANEF_Connexion/Input_PasswordAgent'

12-02-2025T14:13:47 - [MESSAGE][INFO] - Checking timeout

12-02-2025T14:13:47 - [MESSAGE][INFO] - Finding web element with id: 'Object Repository/A_Version_Nawres/Page_ANEF_Connexion/Input_PasswordAgent' located by 'By.xpath: //*[@aria-labelledby="password-label"]|//*[@id="password"]' in '20' second(s)

12-02-2025T14:13:47 - [MESSAGE][INFO] - Found 1 web elements with id: 'Object Repository/A_Version_Nawres/Page_ANEF_Connexion/Input_PasswordAgent' located by 'By.xpath: //*[@aria-labelledby="password-label"]|//*[@id="password"]' in '20' second(s)

12-02-2025T14:13:47 - [MESSAGE][INFO] - Checking object

12-02-2025T14:13:47 - [MESSAGE][INFO] - Checking text

12-02-2025T14:13:47 - [MESSAGE][INFO] - Finding web element from Test Object's properties

12-02-2025T14:13:47 - [MESSAGE][INFO] - Checking timeout

12-02-2025T14:13:47 - [MESSAGE][INFO] - Finding web element with id: 'Object Repository/A_Version_Nawres/Page_ANEF_Connexion/Input_PasswordAgent' located by 'By.xpath: //*[@aria-labelledby="password-label"]|//*[@id="password"]' in '2' second(s)

12-02-2025T14:13:47 - [MESSAGE][INFO] - Found 1 web elements with id: 'Object Repository/A_Version_Nawres/Page_ANEF_Connexion/Input_PasswordAgent' located by 'By.xpath: //*[@aria-labelledby="password-label"]|//*[@id="password"]' in '2' second(s)

12-02-2025T14:13:47 - [MESSAGE][INFO] - Clearing text of object 'Object Repository/A_Version_Nawres/Page_ANEF_Connexion/Input_PasswordAgent'

12-02-2025T14:13:48 - [MESSAGE][INFO] - Finding web element from Test Object's properties

12-02-2025T14:13:48 - [MESSAGE][INFO] - Checking timeout

12-02-2025T14:13:48 - [MESSAGE][INFO] - Finding web element with id: 'Object Repository/A_Version_Nawres/Page_ANEF_Connexion/Input_PasswordAgent' located by 'By.xpath: //*[@aria-labelledby="password-label"]|//*[@id="password"]' in '2' second(s)

12-02-2025T14:13:48 - [MESSAGE][INFO] - Found 1 web elements with id: 'Object Repository/A_Version_Nawres/Page_ANEF_Connexion/Input_PasswordAgent' located by 'By.xpath: //*[@aria-labelledby="password-label"]|//*[@id="password"]' in '2' second(s)

12-02-2025T14:13:48 - [MESSAGE][INFO] - Setting text of object 'Object Repository/A_Version_Nawres/Page_ANEF_Connexion/Input_PasswordAgent' to value 'Natali12345!'

12-02-2025T14:13:49 - [MESSAGE][PASSED] - Text 'Natali12345!' is set on object 'Object Repository/A_Version_Nawres/Page_ANEF_Connexion/Input_PasswordAgent'

12-02-2025T14:13:49 - [TEST_STEP][PASSED] - click(findTestObject("Object Repository/A_Version_Nawres/Page_ANEF_Connexion/btn_Valider_Conx_Agent")): Object: 'Object Repository/A_Version_Nawres/Page_ANEF_Connexion/btn_Valider_Conx_Agent' is clicked on

12-02-2025T14:13:49 - [MESSAGE][INFO] - Finding Test Object 'Object Repository/A_Version_Nawres/Page_ANEF_Connexion/btn_Valider_Conx_Agent'

12-02-2025T14:13:49 - [MESSAGE][INFO] - Checking timeout

12-02-2025T14:13:49 - [MESSAGE][INFO] - Finding web element with id: 'Object Repository/A_Version_Nawres/Page_ANEF_Connexion/btn_Valider_Conx_Agent' located by 'By.xpath: //*[@label="Valider"]|//*[@id="btn-login"]' in '20' second(s)

12-02-2025T14:13:49 - [MESSAGE][INFO] - Found 1 web elements with id: 'Object Repository/A_Version_Nawres/Page_ANEF_Connexion/btn_Valider_Conx_Agent' located by 'By.xpath: //*[@label="Valider"]|//*[@id="btn-login"]' in '20' second(s)

12-02-2025T14:13:49 - [MESSAGE][INFO] - Checking object

12-02-2025T14:13:49 - [MESSAGE][INFO] - Checking timeout

12-02-2025T14:13:49 - [MESSAGE][INFO] - Finding web element from Test Object's properties

12-02-2025T14:13:49 - [MESSAGE][INFO] - Checking timeout

12-02-2025T14:13:49 - [MESSAGE][INFO] - Finding web element with id: 'Object Repository/A_Version_Nawres/Page_ANEF_Connexion/btn_Valider_Conx_Agent' located by 'By.xpath: //*[@label="Valider"]|//*[@id="btn-login"]' in '2' second(s)

12-02-2025T14:13:49 - [MESSAGE][INFO] - Found 1 web elements with id: 'Object Repository/A_Version_Nawres/Page_ANEF_Connexion/btn_Valider_Conx_Agent' located by 'By.xpath: //*[@label="Valider"]|//*[@id="btn-login"]' in '2' second(s)

12-02-2025T14:13:49 - [MESSAGE][INFO] - Clicking on object: 'Object Repository/A_Version_Nawres/Page_ANEF_Connexion/btn_Valider_Conx_Agent'

12-02-2025T14:13:51 - [MESSAGE][PASSED] - Object: 'Object Repository/A_Version_Nawres/Page_ANEF_Connexion/btn_Valider_Conx_Agent' is clicked on

12-02-2025T14:13:51 - [TEST_STEP][PASSED] - delay(5): Delayed 5 second(s)

12-02-2025T14:13:51 - [MESSAGE][INFO] - Delaying browser in 5 second(s)

12-02-2025T14:13:56 - [MESSAGE][PASSED] - Delayed 5 second(s)

12-02-2025T14:13:56 - [TEST_STEP][PASSED] - verifyElementPresent(findTestObject("Object Repository/A_Version_Nawres/Page_Accueil_Principale/btn_ANEF_Eloignement"), 1, STOP_ON_FAILURE): Object 'Object Repository/A_Version_Nawres/Page_Accueil_Principale/btn_ANEF_Eloignement' is present

12-02-2025T14:13:56 - [MESSAGE][INFO] - Finding Test Object 'Object Repository/A_Version_Nawres/Page_Accueil_Principale/btn_ANEF_Eloignement'

12-02-2025T14:13:56 - [MESSAGE][INFO] - Checking object

12-02-2025T14:13:56 - [MESSAGE][INFO] - Finding web element from Test Object's properties

12-02-2025T14:13:56 - [MESSAGE][INFO] - Checking timeout

12-02-2025T14:13:56 - [MESSAGE][INFO] - Finding web element with id: 'Object Repository/A_Version_Nawres/Page_Accueil_Principale/btn_ANEF_Eloignement' located by 'By.xpath: //span[contains(text()," ANEF Ã©loignement ")]' in '1' second(s)

12-02-2025T14:13:56 - [MESSAGE][INFO] - Found 1 web elements with id: 'Object Repository/A_Version_Nawres/Page_Accueil_Principale/btn_ANEF_Eloignement' located by 'By.xpath: //span[contains(text()," ANEF Ã©loignement ")]' in '1' second(s)

12-02-2025T14:13:56 - [MESSAGE][PASSED] - Object 'Object Repository/A_Version_Nawres/Page_Accueil_Principale/btn_ANEF_Eloignement' is present

12-02-2025T14:13:56 - [MESSAGE][PASSED] - Call Test Case 'Test Cases/Test Reutilisable/Main/AVersion_Nawres/ANEF_Identification' successfully

12-02-2025T14:13:56 - [TEST_STEP][PASSED] - callTestCase(findTestCase("Test Cases/Test Reutilisable/Main/AVersion_Nawres/ANEF_Creation_ou_Recherche_Dossier"), ["CreationOuRecherche":CreationOuRecherche], STOP_ON_FAILURE): Call Test Case 'Test Cases/Test Reutilisable/Main/AVersion_Nawres/ANEF_Creation_ou_Recherche_Dossier' successfully

12-02-2025T14:13:56 - [MESSAGE][INFO] - Checking called Test Case

12-02-2025T14:13:56 - [MESSAGE][INFO] - Starting to call Test Case 'Test Cases/Test Reutilisable/Main/AVersion_Nawres/ANEF_Creation_ou_Recherche_Dossier'

12-02-2025T14:13:56 - [TEST_CASE][PASSED] - Test Cases/Test Reutilisable/Main/AVersion_Nawres/ANEF_Creation_ou_Recherche_Dossier: Test Cases/Test Reutilisable/Main/AVersion_Nawres/ANEF_Creation_ou_Recherche_Dossier

12-02-2025T14:13:56 - [TEST_STEP][PASSED] - click(findTestObject("Object Repository/A_Version_Nawres/Page_Accueil_Principale/btn_ANEF_Eloignement")): Object: 'Object Repository/A_Version_Nawres/Page_Accueil_Principale/btn_ANEF_Eloignement' is clicked on

12-02-2025T14:13:56 - [MESSAGE][INFO] - Finding Test Object 'Object Repository/A_Version_Nawres/Page_Accueil_Principale/btn_ANEF_Eloignement'

12-02-2025T14:13:56 - [MESSAGE][INFO] - Checking timeout

12-02-2025T14:13:56 - [MESSAGE][INFO] - Finding web element with id: 'Object Repository/A_Version_Nawres/Page_Accueil_Principale/btn_ANEF_Eloignement' located by 'By.xpath: //span[contains(text()," ANEF Ã©loignement ")]' in '20' second(s)

12-02-2025T14:13:56 - [MESSAGE][INFO] - Found 1 web elements with id: 'Object Repository/A_Version_Nawres/Page_Accueil_Principale/btn_ANEF_Eloignement' located by 'By.xpath: //span[contains(text()," ANEF Ã©loignement ")]' in '20' second(s)

12-02-2025T14:13:56 - [MESSAGE][INFO] - Checking object

12-02-2025T14:13:56 - [MESSAGE][INFO] - Checking timeout

12-02-2025T14:13:56 - [MESSAGE][INFO] - Finding web element from Test Object's properties

12-02-2025T14:13:56 - [MESSAGE][INFO] - Checking timeout

12-02-2025T14:13:56 - [MESSAGE][INFO] - Finding web element with id: 'Object Repository/A_Version_Nawres/Page_Accueil_Principale/btn_ANEF_Eloignement' located by 'By.xpath: //span[contains(text()," ANEF Ã©loignement ")]' in '2' second(s)

12-02-2025T14:13:56 - [MESSAGE][INFO] - Found 1 web elements with id: 'Object Repository/A_Version_Nawres/Page_Accueil_Principale/btn_ANEF_Eloignement' located by 'By.xpath: //span[contains(text()," ANEF Ã©loignement ")]' in '2' second(s)

12-02-2025T14:13:56 - [MESSAGE][INFO] - Clicking on object: 'Object Repository/A_Version_Nawres/Page_Accueil_Principale/btn_ANEF_Eloignement'

12-02-2025T14:13:59 - [MESSAGE][PASSED] - Object: 'Object Repository/A_Version_Nawres/Page_Accueil_Principale/btn_ANEF_Eloignement' is clicked on

12-02-2025T14:13:59 - [TEST_STEP][PASSED] - verifyElementPresent(findTestObject("Object Repository/A_Version_Nawres/Page_Creation_ou_Recherche_Dossier/btn_Rechercher_Dossier"), 1, STOP_ON_FAILURE): Object 'Object Repository/A_Version_Nawres/Page_Creation_ou_Recherche_Dossier/btn_Rechercher_Dossier' is present

12-02-2025T14:13:59 - [MESSAGE][INFO] - Finding Test Object 'Object Repository/A_Version_Nawres/Page_Creation_ou_Recherche_Dossier/btn_Rechercher_Dossier'

12-02-2025T14:13:59 - [MESSAGE][INFO] - Checking object

12-02-2025T14:13:59 - [MESSAGE][INFO] - Finding web element from Test Object's properties

12-02-2025T14:13:59 - [MESSAGE][INFO] - Checking timeout

12-02-2025T14:13:59 - [MESSAGE][INFO] - Finding web element with id: 'Object Repository/A_Version_Nawres/Page_Creation_ou_Recherche_Dossier/btn_Rechercher_Dossier' located by 'By.xpath: //button[@title="Rechercher un dossier"]' in '1' second(s)

12-02-2025T14:13:59 - [MESSAGE][INFO] - Found 1 web elements with id: 'Object Repository/A_Version_Nawres/Page_Creation_ou_Recherche_Dossier/btn_Rechercher_Dossier' located by 'By.xpath: //button[@title="Rechercher un dossier"]' in '1' second(s)

12-02-2025T14:13:59 - [MESSAGE][PASSED] - Object 'Object Repository/A_Version_Nawres/Page_Creation_ou_Recherche_Dossier/btn_Rechercher_Dossier' is present

12-02-2025T14:13:59 - [TEST_STEP][PASSED] - delay(5): Delayed 5 second(s)

12-02-2025T14:13:59 - [MESSAGE][INFO] - Delaying browser in 5 second(s)

12-02-2025T14:14:04 - [MESSAGE][PASSED] - Delayed 5 second(s)

12-02-2025T14:14:04 - [TEST_STEP][PASSED] - if (CreationOuRecherche == "Creation"): Delayed 10 second(s)

12-02-2025T14:14:04 - [TEST_STEP][PASSED] - click(findTestObject("Object Repository/A_Version_Nawres/Page_Creation_ou_Recherche_Dossier/btn_Rechercher_Dossier")): Object: 'Object Repository/A_Version_Nawres/Page_Creation_ou_Recherche_Dossier/btn_Rechercher_Dossier' is clicked on

12-02-2025T14:14:04 - [MESSAGE][INFO] - Finding Test Object 'Object Repository/A_Version_Nawres/Page_Creation_ou_Recherche_Dossier/btn_Rechercher_Dossier'

12-02-2025T14:14:04 - [MESSAGE][INFO] - Checking timeout

12-02-2025T14:14:04 - [MESSAGE][INFO] - Finding web element with id: 'Object Repository/A_Version_Nawres/Page_Creation_ou_Recherche_Dossier/btn_Rechercher_Dossier' located by 'By.xpath: //button[@title="Rechercher un dossier"]' in '20' second(s)

12-02-2025T14:14:04 - [MESSAGE][INFO] - Found 1 web elements with id: 'Object Repository/A_Version_Nawres/Page_Creation_ou_Recherche_Dossier/btn_Rechercher_Dossier' located by 'By.xpath: //button[@title="Rechercher un dossier"]' in '20' second(s)

12-02-2025T14:14:04 - [MESSAGE][INFO] - Checking object

12-02-2025T14:14:04 - [MESSAGE][INFO] - Checking timeout

12-02-2025T14:14:04 - [MESSAGE][INFO] - Finding web element from Test Object's properties

12-02-2025T14:14:04 - [MESSAGE][INFO] - Checking timeout

12-02-2025T14:14:04 - [MESSAGE][INFO] - Finding web element with id: 'Object Repository/A_Version_Nawres/Page_Creation_ou_Recherche_Dossier/btn_Rechercher_Dossier' located by 'By.xpath: //button[@title="Rechercher un dossier"]' in '2' second(s)

12-02-2025T14:14:04 - [MESSAGE][INFO] - Found 1 web elements with id: 'Object Repository/A_Version_Nawres/Page_Creation_ou_Recherche_Dossier/btn_Rechercher_Dossier' located by 'By.xpath: //button[@title="Rechercher un dossier"]' in '2' second(s)

12-02-2025T14:14:04 - [MESSAGE][INFO] - Clicking on object: 'Object Repository/A_Version_Nawres/Page_Creation_ou_Recherche_Dossier/btn_Rechercher_Dossier'

12-02-2025T14:14:05 - [MESSAGE][PASSED] - Object: 'Object Repository/A_Version_Nawres/Page_Creation_ou_Recherche_Dossier/btn_Rechercher_Dossier' is clicked on

12-02-2025T14:14:06 - [TEST_STEP][PASSED] - NumberUsagerRandom = tools.MyStringTools.getRandomNumber(100000000, 9999999999): tools.MyStringTools.getRandomNumber is PASSED

12-02-2025T14:14:06 - [MESSAGE][PASSED] - tools.MyStringTools.getRandomNumber is PASSED

12-02-2025T14:14:06 - [TEST_STEP][PASSED] - println(NumberUsagerRandom): null

12-02-2025T14:14:06 - [TEST_STEP][PASSED] - NumberUsager = NumberUsagerRandom.toString(): null

12-02-2025T14:14:06 - [TEST_STEP][PASSED] - setText(findTestObject("Object Repository/A_Version_Nawres/Page_Creation_ou_Recherche_Dossier/Input_Numero_etranger"), NumberUsager, STOP_ON_FAILURE): Text '8830867493' is set on object 'Object Repository/A_Version_Nawres/Page_Creation_ou_Recherche_Dossier/Input_Numero_etranger'

12-02-2025T14:14:06 - [MESSAGE][INFO] - Finding Test Object 'Object Repository/A_Version_Nawres/Page_Creation_ou_Recherche_Dossier/Input_Numero_etranger'

12-02-2025T14:14:06 - [MESSAGE][INFO] - Checking timeout

12-02-2025T14:14:06 - [MESSAGE][INFO] - Finding web element with id: 'Object Repository/A_Version_Nawres/Page_Creation_ou_Recherche_Dossier/Input_Numero_etranger' located by 'By.xpath: //app-identite-declaree-search-box//div/app-dsfr-input/div/input[@id="identifiant_agdref"]|//app-search-box//div/app-dsfr-input/div/input[@id="identifiant_agdref"]' in '20' second(s)

12-02-2025T14:14:06 - [MESSAGE][INFO] - Found 1 web elements with id: 'Object Repository/A_Version_Nawres/Page_Creation_ou_Recherche_Dossier/Input_Numero_etranger' located by 'By.xpath: //app-identite-declaree-search-box//div/app-dsfr-input/div/input[@id="identifiant_agdref"]|//app-search-box//div/app-dsfr-input/div/input[@id="identifiant_agdref"]' in '20' second(s)

12-02-2025T14:14:06 - [MESSAGE][INFO] - Checking object

12-02-2025T14:14:06 - [MESSAGE][INFO] - Checking text

12-02-2025T14:14:06 - [MESSAGE][INFO] - Finding web element from Test Object's properties

12-02-2025T14:14:06 - [MESSAGE][INFO] - Checking timeout

12-02-2025T14:14:06 - [MESSAGE][INFO] - Finding web element with id: 'Object Repository/A_Version_Nawres/Page_Creation_ou_Recherche_Dossier/Input_Numero_etranger' located by 'By.xpath: //app-identite-declaree-search-box//div/app-dsfr-input/div/input[@id="identifiant_agdref"]|//app-search-box//div/app-dsfr-input/div/input[@id="identifiant_agdref"]' in '2' second(s)

12-02-2025T14:14:06 - [MESSAGE][INFO] - Found 1 web elements with id: 'Object Repository/A_Version_Nawres/Page_Creation_ou_Recherche_Dossier/Input_Numero_etranger' located by 'By.xpath: //app-identite-declaree-search-box//div/app-dsfr-input/div/input[@id="identifiant_agdref"]|//app-search-box//div/app-dsfr-input/div/input[@id="identifiant_agdref"]' in '2' second(s)

12-02-2025T14:14:06 - [MESSAGE][INFO] - Clearing text of object 'Object Repository/A_Version_Nawres/Page_Creation_ou_Recherche_Dossier/Input_Numero_etranger'

12-02-2025T14:14:07 - [MESSAGE][INFO] - Finding web element from Test Object's properties

12-02-2025T14:14:07 - [MESSAGE][INFO] - Checking timeout

12-02-2025T14:14:07 - [MESSAGE][INFO] - Finding web element with id: 'Object Repository/A_Version_Nawres/Page_Creation_ou_Recherche_Dossier/Input_Numero_etranger' located by 'By.xpath: //app-identite-declaree-search-box//div/app-dsfr-input/div/input[@id="identifiant_agdref"]|//app-search-box//div/app-dsfr-input/div/input[@id="identifiant_agdref"]' in '2' second(s)

12-02-2025T14:14:07 - [MESSAGE][INFO] - Found 1 web elements with id: 'Object Repository/A_Version_Nawres/Page_Creation_ou_Recherche_Dossier/Input_Numero_etranger' located by 'By.xpath: //app-identite-declaree-search-box//div/app-dsfr-input/div/input[@id="identifiant_agdref"]|//app-search-box//div/app-dsfr-input/div/input[@id="identifiant_agdref"]' in '2' second(s)

12-02-2025T14:14:07 - [MESSAGE][INFO] - Setting text of object 'Object Repository/A_Version_Nawres/Page_Creation_ou_Recherche_Dossier/Input_Numero_etranger' to value '8830867493'

12-02-2025T14:14:08 - [MESSAGE][PASSED] - Text '8830867493' is set on object 'Object Repository/A_Version_Nawres/Page_Creation_ou_Recherche_Dossier/Input_Numero_etranger'

12-02-2025T14:14:08 - [TEST_STEP][PASSED] - click(findTestObject("Object Repository/A_Version_Nawres/Page_Creation_ou_Recherche_Dossier/Input_Numero_etranger"), STOP_ON_FAILURE): Object: 'Object Repository/A_Version_Nawres/Page_Creation_ou_Recherche_Dossier/Input_Numero_etranger' is clicked on

12-02-2025T14:14:08 - [MESSAGE][INFO] - Finding Test Object 'Object Repository/A_Version_Nawres/Page_Creation_ou_Recherche_Dossier/Input_Numero_etranger'

12-02-2025T14:14:08 - [MESSAGE][INFO] - Checking timeout

12-02-2025T14:14:08 - [MESSAGE][INFO] - Finding web element with id: 'Object Repository/A_Version_Nawres/Page_Creation_ou_Recherche_Dossier/Input_Numero_etranger' located by 'By.xpath: //app-identite-declaree-search-box//div/app-dsfr-input/div/input[@id="identifiant_agdref"]|//app-search-box//div/app-dsfr-input/div/input[@id="identifiant_agdref"]' in '20' second(s)

12-02-2025T14:14:08 - [MESSAGE][INFO] - Found 1 web elements with id: 'Object Repository/A_Version_Nawres/Page_Creation_ou_Recherche_Dossier/Input_Numero_etranger' located by 'By.xpath: //app-identite-declaree-search-box//div/app-dsfr-input/div/input[@id="identifiant_agdref"]|//app-search-box//div/app-dsfr-input/div/input[@id="identifiant_agdref"]' in '20' second(s)

12-02-2025T14:14:08 - [MESSAGE][INFO] - Checking object

12-02-2025T14:14:08 - [MESSAGE][INFO] - Checking timeout

12-02-2025T14:14:08 - [MESSAGE][INFO] - Finding web element from Test Object's properties

12-02-2025T14:14:08 - [MESSAGE][INFO] - Checking timeout

12-02-2025T14:14:08 - [MESSAGE][INFO] - Finding web element with id: 'Object Repository/A_Version_Nawres/Page_Creation_ou_Recherche_Dossier/Input_Numero_etranger' located by 'By.xpath: //app-identite-declaree-search-box//div/app-dsfr-input/div/input[@id="identifiant_agdref"]|//app-search-box//div/app-dsfr-input/div/input[@id="identifiant_agdref"]' in '2' second(s)

12-02-2025T14:14:08 - [MESSAGE][INFO] - Found 1 web elements with id: 'Object Repository/A_Version_Nawres/Page_Creation_ou_Recherche_Dossier/Input_Numero_etranger' located by 'By.xpath: //app-identite-declaree-search-box//div/app-dsfr-input/div/input[@id="identifiant_agdref"]|//app-search-box//div/app-dsfr-input/div/input[@id="identifiant_agdref"]' in '2' second(s)

12-02-2025T14:14:08 - [MESSAGE][INFO] - Clicking on object: 'Object Repository/A_Version_Nawres/Page_Creation_ou_Recherche_Dossier/Input_Numero_etranger'

12-02-2025T14:14:09 - [MESSAGE][PASSED] - Object: 'Object Repository/A_Version_Nawres/Page_Creation_ou_Recherche_Dossier/Input_Numero_etranger' is clicked on

12-02-2025T14:14:09 - [TEST_STEP][PASSED] - scrollToElement(findTestObject("Object Repository/A_Version_Nawres/Page_Creation_ou_Recherche_Dossier/btn_Lancer_La_Recherche"), 5, STOP_ON_FAILURE): Scroll to object 'Object Repository/A_Version_Nawres/Page_Creation_ou_Recherche_Dossier/btn_Lancer_La_Recherche' successfully

12-02-2025T14:14:09 - [MESSAGE][INFO] - Finding Test Object 'Object Repository/A_Version_Nawres/Page_Creation_ou_Recherche_Dossier/btn_Lancer_La_Recherche'

12-02-2025T14:14:09 - [MESSAGE][INFO] - Checking object

12-02-2025T14:14:09 - [MESSAGE][INFO] - Checking timeout

12-02-2025T14:14:09 - [MESSAGE][INFO] - Finding web element from Test Object's properties

12-02-2025T14:14:09 - [MESSAGE][INFO] - Checking timeout

12-02-2025T14:14:09 - [MESSAGE][INFO] - Finding web element with id: 'Object Repository/A_Version_Nawres/Page_Creation_ou_Recherche_Dossier/btn_Lancer_La_Recherche' located by 'By.xpath: //button[contains(text(),"Lancer la recherche ")]' in '2' second(s)

12-02-2025T14:14:09 - [MESSAGE][INFO] - Found 1 web elements with id: 'Object Repository/A_Version_Nawres/Page_Creation_ou_Recherche_Dossier/btn_Lancer_La_Recherche' located by 'By.xpath: //button[contains(text(),"Lancer la recherche ")]' in '2' second(s)

12-02-2025T14:14:09 - [MESSAGE][INFO] - Scrolling to object 'Object Repository/A_Version_Nawres/Page_Creation_ou_Recherche_Dossier/btn_Lancer_La_Recherche'

12-02-2025T14:14:09 - [MESSAGE][PASSED] - Scroll to object 'Object Repository/A_Version_Nawres/Page_Creation_ou_Recherche_Dossier/btn_Lancer_La_Recherche' successfully

12-02-2025T14:14:09 - [TEST_STEP][PASSED] - click(findTestObject("Object Repository/A_Version_Nawres/Page_Creation_ou_Recherche_Dossier/btn_Lancer_La_Recherche"), STOP_ON_FAILURE): Object: 'Object Repository/A_Version_Nawres/Page_Creation_ou_Recherche_Dossier/btn_Lancer_La_Recherche' is clicked on

12-02-2025T14:14:09 - [MESSAGE][INFO] - Finding Test Object 'Object Repository/A_Version_Nawres/Page_Creation_ou_Recherche_Dossier/btn_Lancer_La_Recherche'

12-02-2025T14:14:09 - [MESSAGE][INFO] - Checking timeout

12-02-2025T14:14:09 - [MESSAGE][INFO] - Finding web element with id: 'Object Repository/A_Version_Nawres/Page_Creation_ou_Recherche_Dossier/btn_Lancer_La_Recherche' located by 'By.xpath: //button[contains(text(),"Lancer la recherche ")]' in '20' second(s)

12-02-2025T14:14:09 - [MESSAGE][INFO] - Found 1 web elements with id: 'Object Repository/A_Version_Nawres/Page_Creation_ou_Recherche_Dossier/btn_Lancer_La_Recherche' located by 'By.xpath: //button[contains(text(),"Lancer la recherche ")]' in '20' second(s)

12-02-2025T14:14:09 - [MESSAGE][INFO] - Checking object

12-02-2025T14:14:09 - [MESSAGE][INFO] - Checking timeout

12-02-2025T14:14:09 - [MESSAGE][INFO] - Finding web element from Test Object's properties

12-02-2025T14:14:09 - [MESSAGE][INFO] - Checking timeout

12-02-2025T14:14:09 - [MESSAGE][INFO] - Finding web element with id: 'Object Repository/A_Version_Nawres/Page_Creation_ou_Recherche_Dossier/btn_Lancer_La_Recherche' located by 'By.xpath: //button[contains(text(),"Lancer la recherche ")]' in '2' second(s)

12-02-2025T14:14:09 - [MESSAGE][INFO] - Found 1 web elements with id: 'Object Repository/A_Version_Nawres/Page_Creation_ou_Recherche_Dossier/btn_Lancer_La_Recherche' located by 'By.xpath: //button[contains(text(),"Lancer la recherche ")]' in '2' second(s)

12-02-2025T14:14:09 - [MESSAGE][INFO] - Clicking on object: 'Object Repository/A_Version_Nawres/Page_Creation_ou_Recherche_Dossier/btn_Lancer_La_Recherche'

12-02-2025T14:14:10 - [MESSAGE][PASSED] - Object: 'Object Repository/A_Version_Nawres/Page_Creation_ou_Recherche_Dossier/btn_Lancer_La_Recherche' is clicked on

12-02-2025T14:14:10 - [TEST_STEP][PASSED] - delay(10): Delayed 10 second(s)

12-02-2025T14:14:10 - [MESSAGE][INFO] - Delaying browser in 10 second(s)

12-02-2025T14:14:20 - [MESSAGE][PASSED] - Delayed 10 second(s)

12-02-2025T14:14:20 - [TEST_STEP][PASSED] - scrollToElement(findTestObject("Object Repository/A_Version_Nawres/Page_Creation_ou_Recherche_Dossier/btn_Aucune_Correspondance"), 5, STOP_ON_FAILURE): Scroll to object 'Object Repository/A_Version_Nawres/Page_Creation_ou_Recherche_Dossier/btn_Aucune_Correspondance' successfully

12-02-2025T14:14:20 - [MESSAGE][INFO] - Finding Test Object 'Object Repository/A_Version_Nawres/Page_Creation_ou_Recherche_Dossier/btn_Aucune_Correspondance'

12-02-2025T14:14:20 - [MESSAGE][INFO] - Checking object

12-02-2025T14:14:20 - [MESSAGE][INFO] - Checking timeout

12-02-2025T14:14:20 - [MESSAGE][INFO] - Finding web element from Test Object's properties

12-02-2025T14:14:20 - [MESSAGE][INFO] - Checking timeout

12-02-2025T14:14:20 - [MESSAGE][INFO] - Finding web element with id: 'Object Repository/A_Version_Nawres/Page_Creation_ou_Recherche_Dossier/btn_Aucune_Correspondance' located by 'By.xpath: //button[contains(text()," Aucune correspondance")]' in '2' second(s)

12-02-2025T14:14:20 - [MESSAGE][INFO] - Found 1 web elements with id: 'Object Repository/A_Version_Nawres/Page_Creation_ou_Recherche_Dossier/btn_Aucune_Correspondance' located by 'By.xpath: //button[contains(text()," Aucune correspondance")]' in '2' second(s)

12-02-2025T14:14:20 - [MESSAGE][INFO] - Scrolling to object 'Object Repository/A_Version_Nawres/Page_Creation_ou_Recherche_Dossier/btn_Aucune_Correspondance'

12-02-2025T14:14:20 - [MESSAGE][PASSED] - Scroll to object 'Object Repository/A_Version_Nawres/Page_Creation_ou_Recherche_Dossier/btn_Aucune_Correspondance' successfully

12-02-2025T14:14:20 - [TEST_STEP][PASSED] - click(findTestObject("Object Repository/A_Version_Nawres/Page_Creation_ou_Recherche_Dossier/btn_Aucune_Correspondance"), STOP_ON_FAILURE): Object: 'Object Repository/A_Version_Nawres/Page_Creation_ou_Recherche_Dossier/btn_Aucune_Correspondance' is clicked on

12-02-2025T14:14:20 - [MESSAGE][INFO] - Finding Test Object 'Object Repository/A_Version_Nawres/Page_Creation_ou_Recherche_Dossier/btn_Aucune_Correspondance'

12-02-2025T14:14:20 - [MESSAGE][INFO] - Checking timeout

12-02-2025T14:14:20 - [MESSAGE][INFO] - Finding web element with id: 'Object Repository/A_Version_Nawres/Page_Creation_ou_Recherche_Dossier/btn_Aucune_Correspondance' located by 'By.xpath: //button[contains(text()," Aucune correspondance")]' in '20' second(s)

12-02-2025T14:14:20 - [MESSAGE][INFO] - Found 1 web elements with id: 'Object Repository/A_Version_Nawres/Page_Creation_ou_Recherche_Dossier/btn_Aucune_Correspondance' located by 'By.xpath: //button[contains(text()," Aucune correspondance")]' in '20' second(s)

12-02-2025T14:14:20 - [MESSAGE][INFO] - Checking object

12-02-2025T14:14:20 - [MESSAGE][INFO] - Checking timeout

12-02-2025T14:14:20 - [MESSAGE][INFO] - Finding web element from Test Object's properties

12-02-2025T14:14:20 - [MESSAGE][INFO] - Checking timeout

12-02-2025T14:14:20 - [MESSAGE][INFO] - Finding web element with id: 'Object Repository/A_Version_Nawres/Page_Creation_ou_Recherche_Dossier/btn_Aucune_Correspondance' located by 'By.xpath: //button[contains(text()," Aucune correspondance")]' in '2' second(s)

12-02-2025T14:14:20 - [MESSAGE][INFO] - Found 1 web elements with id: 'Object Repository/A_Version_Nawres/Page_Creation_ou_Recherche_Dossier/btn_Aucune_Correspondance' located by 'By.xpath: //button[contains(text()," Aucune correspondance")]' in '2' second(s)

12-02-2025T14:14:20 - [MESSAGE][INFO] - Clicking on object: 'Object Repository/A_Version_Nawres/Page_Creation_ou_Recherche_Dossier/btn_Aucune_Correspondance'

12-02-2025T14:14:21 - [MESSAGE][PASSED] - Object: 'Object Repository/A_Version_Nawres/Page_Creation_ou_Recherche_Dossier/btn_Aucune_Correspondance' is clicked on

12-02-2025T14:14:21 - [TEST_STEP][PASSED] - click(findTestObject("Object Repository/A_Version_Nawres/Page_Creation_ou_Recherche_Dossier/btn_Creer_Un_Dossier_Etranger"), STOP_ON_FAILURE): Object: 'Object Repository/A_Version_Nawres/Page_Creation_ou_Recherche_Dossier/btn_Creer_Un_Dossier_Etranger' is clicked on

12-02-2025T14:14:21 - [MESSAGE][INFO] - Finding Test Object 'Object Repository/A_Version_Nawres/Page_Creation_ou_Recherche_Dossier/btn_Creer_Un_Dossier_Etranger'

12-02-2025T14:14:21 - [MESSAGE][INFO] - Checking timeout

12-02-2025T14:14:21 - [MESSAGE][INFO] - Finding web element with id: 'Object Repository/A_Version_Nawres/Page_Creation_ou_Recherche_Dossier/btn_Creer_Un_Dossier_Etranger' located by 'By.xpath: //button[contains(text()," CrÃ©er un dossier Ã©tranger ")]' in '20' second(s)

12-02-2025T14:14:21 - [MESSAGE][INFO] - Found 1 web elements with id: 'Object Repository/A_Version_Nawres/Page_Creation_ou_Recherche_Dossier/btn_Creer_Un_Dossier_Etranger' located by 'By.xpath: //button[contains(text()," CrÃ©er un dossier Ã©tranger ")]' in '20' second(s)

12-02-2025T14:14:21 - [MESSAGE][INFO] - Checking object

12-02-2025T14:14:21 - [MESSAGE][INFO] - Checking timeout

12-02-2025T14:14:21 - [MESSAGE][INFO] - Finding web element from Test Object's properties

12-02-2025T14:14:21 - [MESSAGE][INFO] - Checking timeout

12-02-2025T14:14:21 - [MESSAGE][INFO] - Finding web element with id: 'Object Repository/A_Version_Nawres/Page_Creation_ou_Recherche_Dossier/btn_Creer_Un_Dossier_Etranger' located by 'By.xpath: //button[contains(text()," CrÃ©er un dossier Ã©tranger ")]' in '2' second(s)

12-02-2025T14:14:21 - [MESSAGE][INFO] - Found 1 web elements with id: 'Object Repository/A_Version_Nawres/Page_Creation_ou_Recherche_Dossier/btn_Creer_Un_Dossier_Etranger' located by 'By.xpath: //button[contains(text()," CrÃ©er un dossier Ã©tranger ")]' in '2' second(s)

12-02-2025T14:14:21 - [MESSAGE][INFO] - Clicking on object: 'Object Repository/A_Version_Nawres/Page_Creation_ou_Recherche_Dossier/btn_Creer_Un_Dossier_Etranger'

12-02-2025T14:14:23 - [MESSAGE][PASSED] - Object: 'Object Repository/A_Version_Nawres/Page_Creation_ou_Recherche_Dossier/btn_Creer_Un_Dossier_Etranger' is clicked on

12-02-2025T14:14:23 - [TEST_STEP][PASSED] - delay(10): Delayed 10 second(s)

12-02-2025T14:14:23 - [MESSAGE][INFO] - Delaying browser in 10 second(s)

12-02-2025T14:14:33 - [MESSAGE][PASSED] - Delayed 10 second(s)

12-02-2025T14:14:33 - [MESSAGE][PASSED] - Call Test Case 'Test Cases/Test Reutilisable/Main/AVersion_Nawres/ANEF_Creation_ou_Recherche_Dossier' successfully

12-02-2025T14:14:33 - [TEST_STEP][PASSED] - if (CreationOuRecherche == "Creation"): Call Test Case 'Test Cases/Test Reutilisable/Main/AVersion_Nawres/ANEF_Formulaire_Creation_Dossier' successfully

12-02-2025T14:14:33 - [TEST_STEP][PASSED] - callTestCase(findTestCase("Test Cases/Test Reutilisable/Main/AVersion_Nawres/ANEF_Formulaire_Creation_Dossier"), ["CreationOuRecherche":CreationOuRecherche, "Sexe":Sexe, "AnneeNaissance":AnneeNaissance, "Nationnalite":Nationnalite, "OrigineDossier":OrigineDossier, ... ], STOP_ON_FAILURE): Call Test Case 'Test Cases/Test Reutilisable/Main/AVersion_Nawres/ANEF_Formulaire_Creation_Dossier' successfully

12-02-2025T14:14:33 - [MESSAGE][INFO] - Checking called Test Case

12-02-2025T14:14:33 - [MESSAGE][INFO] - Starting to call Test Case 'Test Cases/Test Reutilisable/Main/AVersion_Nawres/ANEF_Formulaire_Creation_Dossier'

12-02-2025T14:14:33 - [TEST_CASE][PASSED] - Test Cases/Test Reutilisable/Main/AVersion_Nawres/ANEF_Formulaire_Creation_Dossier: Test Cases/Test Reutilisable/Main/AVersion_Nawres/ANEF_Formulaire_Creation_Dossier

12-02-2025T14:14:33 - [TEST_STEP][PASSED] - "Onglet 'Dossier etranger'": null

12-02-2025T14:14:33 - [TEST_STEP][PASSED] - verifyElementPresent(findTestObject("Object Repository/A_Version_Nawres/Page_Formulaire_Creation_Dossier/Onglet_Dossier_Etranger"), 1, STOP_ON_FAILURE): Object 'Object Repository/A_Version_Nawres/Page_Formulaire_Creation_Dossier/Onglet_Dossier_Etranger' is present

12-02-2025T14:14:33 - [MESSAGE][INFO] - Finding Test Object 'Object Repository/A_Version_Nawres/Page_Formulaire_Creation_Dossier/Onglet_Dossier_Etranger'

12-02-2025T14:14:33 - [MESSAGE][INFO] - Checking object

12-02-2025T14:14:33 - [MESSAGE][INFO] - Finding web element from Test Object's properties

12-02-2025T14:14:33 - [MESSAGE][INFO] - Checking timeout

12-02-2025T14:14:33 - [MESSAGE][INFO] - Finding web element with id: 'Object Repository/A_Version_Nawres/Page_Formulaire_Creation_Dossier/Onglet_Dossier_Etranger' located by 'By.xpath: /html/body/app-root/app-layout-borderless/div[3]/app-prise-mesure/div/app-dsfr-onglet-tab/div/ul/li[1]/button' in '1' second(s)

12-02-2025T14:14:33 - [MESSAGE][INFO] - Found 1 web elements with id: 'Object Repository/A_Version_Nawres/Page_Formulaire_Creation_Dossier/Onglet_Dossier_Etranger' located by 'By.xpath: /html/body/app-root/app-layout-borderless/div[3]/app-prise-mesure/div/app-dsfr-onglet-tab/div/ul/li[1]/button' in '1' second(s)

12-02-2025T14:14:33 - [MESSAGE][PASSED] - Object 'Object Repository/A_Version_Nawres/Page_Formulaire_Creation_Dossier/Onglet_Dossier_Etranger' is present

12-02-2025T14:14:33 - [TEST_STEP][PASSED] - verifyElementPresent(findTestObject("Object Repository/A_Version_Nawres/Page_Formulaire_Creation_Dossier/Formulaire_Creation_Dossier_Accordeon/lbl_Numero_Etranger"), 1, STOP_ON_FAILURE): Object 'Object Repository/A_Version_Nawres/Page_Formulaire_Creation_Dossier/Formulaire_Creation_Dossier_Accordeon/lbl_Numero_Etranger' is present

12-02-2025T14:14:33 - [MESSAGE][INFO] - Finding Test Object 'Object Repository/A_Version_Nawres/Page_Formulaire_Creation_Dossier/Formulaire_Creation_Dossier_Accordeon/lbl_Numero_Etranger'

12-02-2025T14:14:33 - [MESSAGE][INFO] - Checking object

12-02-2025T14:14:33 - [MESSAGE][INFO] - Finding web element from Test Object's properties

12-02-2025T14:14:33 - [MESSAGE][INFO] - Checking timeout

12-02-2025T14:14:33 - [MESSAGE][INFO] - Finding web element with id: 'Object Repository/A_Version_Nawres/Page_Formulaire_Creation_Dossier/Formulaire_Creation_Dossier_Accordeon/lbl_Numero_Etranger' located by 'By.xpath: /html/body/app-root/app-layout-borderless/div[3]/app-prise-mesure/div/app-dsfr-onglet-tab/div/div[1]/app-fiche-etranger/div/div[2]/section[1]/div/div/div[1]/label' in '1' second(s)

12-02-2025T14:14:33 - [MESSAGE][INFO] - Found 1 web elements with id: 'Object Repository/A_Version_Nawres/Page_Formulaire_Creation_Dossier/Formulaire_Creation_Dossier_Accordeon/lbl_Numero_Etranger' located by 'By.xpath: /html/body/app-root/app-layout-borderless/div[3]/app-prise-mesure/div/app-dsfr-onglet-tab/div/div[1]/app-fiche-etranger/div/div[2]/section[1]/div/div/div[1]/label' in '1' second(s)

12-02-2025T14:14:33 - [MESSAGE][PASSED] - Object 'Object Repository/A_Version_Nawres/Page_Formulaire_Creation_Dossier/Formulaire_Creation_Dossier_Accordeon/lbl_Numero_Etranger' is present

12-02-2025T14:14:33 - [TEST_STEP][PASSED] - verifyElementPresent(findTestObject("Object Repository/A_Version_Nawres/Page_Formulaire_Creation_Dossier/Formulaire_Creation_Dossier_Accordeon/lbl_Prefecture_Gestionnaire"), 1, STOP_ON_FAILURE): Object 'Object Repository/A_Version_Nawres/Page_Formulaire_Creation_Dossier/Formulaire_Creation_Dossier_Accordeon/lbl_Prefecture_Gestionnaire' is present

12-02-2025T14:14:33 - [MESSAGE][INFO] - Finding Test Object 'Object Repository/A_Version_Nawres/Page_Formulaire_Creation_Dossier/Formulaire_Creation_Dossier_Accordeon/lbl_Prefecture_Gestionnaire'

12-02-2025T14:14:33 - [MESSAGE][INFO] - Checking object

12-02-2025T14:14:33 - [MESSAGE][INFO] - Finding web element from Test Object's properties

12-02-2025T14:14:33 - [MESSAGE][INFO] - Checking timeout

12-02-2025T14:14:33 - [MESSAGE][INFO] - Finding web element with id: 'Object Repository/A_Version_Nawres/Page_Formulaire_Creation_Dossier/Formulaire_Creation_Dossier_Accordeon/lbl_Prefecture_Gestionnaire' located by 'By.xpath: /html/body/app-root/app-layout-borderless/div[3]/app-prise-mesure/div/app-dsfr-onglet-tab/div/div[1]/app-fiche-etranger/div/div[2]/section[1]/div/div/div[2]/label' in '1' second(s)

12-02-2025T14:14:33 - [MESSAGE][INFO] - Found 1 web elements with id: 'Object Repository/A_Version_Nawres/Page_Formulaire_Creation_Dossier/Formulaire_Creation_Dossier_Accordeon/lbl_Prefecture_Gestionnaire' located by 'By.xpath: /html/body/app-root/app-layout-borderless/div[3]/app-prise-mesure/div/app-dsfr-onglet-tab/div/div[1]/app-fiche-etranger/div/div[2]/section[1]/div/div/div[2]/label' in '1' second(s)

12-02-2025T14:14:33 - [MESSAGE][PASSED] - Object 'Object Repository/A_Version_Nawres/Page_Formulaire_Creation_Dossier/Formulaire_Creation_Dossier_Accordeon/lbl_Prefecture_Gestionnaire' is present

12-02-2025T14:14:33 - [TEST_STEP][PASSED] - verifyElementPresent(findTestObject("Object Repository/A_Version_Nawres/Page_Formulaire_Creation_Dossier/Formulaire_Creation_Dossier_Accordeon/lbl_Derniere_Modification"), 1, STOP_ON_FAILURE): Object 'Object Repository/A_Version_Nawres/Page_Formulaire_Creation_Dossier/Formulaire_Creation_Dossier_Accordeon/lbl_Derniere_Modification' is present

12-02-2025T14:14:33 - [MESSAGE][INFO] - Finding Test Object 'Object Repository/A_Version_Nawres/Page_Formulaire_Creation_Dossier/Formulaire_Creation_Dossier_Accordeon/lbl_Derniere_Modification'

12-02-2025T14:14:33 - [MESSAGE][INFO] - Checking object

12-02-2025T14:14:33 - [MESSAGE][INFO] - Finding web element from Test Object's properties

12-02-2025T14:14:33 - [MESSAGE][INFO] - Checking timeout

12-02-2025T14:14:33 - [MESSAGE][INFO] - Finding web element with id: 'Object Repository/A_Version_Nawres/Page_Formulaire_Creation_Dossier/Formulaire_Creation_Dossier_Accordeon/lbl_Derniere_Modification' located by 'By.xpath: /html/body/app-root/app-layout-borderless/div[3]/app-prise-mesure/div/app-dsfr-onglet-tab/div/div[1]/app-fiche-etranger/div/div[2]/section[1]/div/div/div[3]/label' in '1' second(s)

12-02-2025T14:14:33 - [MESSAGE][INFO] - Found 1 web elements with id: 'Object Repository/A_Version_Nawres/Page_Formulaire_Creation_Dossier/Formulaire_Creation_Dossier_Accordeon/lbl_Derniere_Modification' located by 'By.xpath: /html/body/app-root/app-layout-borderless/div[3]/app-prise-mesure/div/app-dsfr-onglet-tab/div/div[1]/app-fiche-etranger/div/div[2]/section[1]/div/div/div[3]/label' in '1' second(s)

12-02-2025T14:14:33 - [MESSAGE][PASSED] - Object 'Object Repository/A_Version_Nawres/Page_Formulaire_Creation_Dossier/Formulaire_Creation_Dossier_Accordeon/lbl_Derniere_Modification' is present

12-02-2025T14:14:33 - [TEST_STEP][PASSED] - verifyElementPresent(findTestObject("Object Repository/A_Version_Nawres/Page_Formulaire_Creation_Dossier/Formulaire_Creation_Dossier_Accordeon/Acc_ Reference_Du_Dossier"), 1, STOP_ON_FAILURE): Object 'Object Repository/A_Version_Nawres/Page_Formulaire_Creation_Dossier/Formulaire_Creation_Dossier_Accordeon/Acc_ Reference_Du_Dossier' is present

12-02-2025T14:14:33 - [MESSAGE][INFO] - Finding Test Object 'Object Repository/A_Version_Nawres/Page_Formulaire_Creation_Dossier/Formulaire_Creation_Dossier_Accordeon/Acc_ Reference_Du_Dossier'

12-02-2025T14:14:33 - [MESSAGE][INFO] - Checking object

12-02-2025T14:14:33 - [MESSAGE][INFO] - Finding web element from Test Object's properties

12-02-2025T14:14:33 - [MESSAGE][INFO] - Checking timeout

12-02-2025T14:14:33 - [MESSAGE][INFO] - Finding web element with id: 'Object Repository/A_Version_Nawres/Page_Formulaire_Creation_Dossier/Formulaire_Creation_Dossier_Accordeon/Acc_ Reference_Du_Dossier' located by 'By.xpath: /html/body/app-root/app-layout-borderless/div[3]/app-prise-mesure/div/app-dsfr-onglet-tab/div/div[1]/app-fiche-etranger/div/div[2]/section[2]/div[1]/app-accordeon-reference-dossier/section/h3/button' in '1' second(s)

12-02-2025T14:14:33 - [MESSAGE][INFO] - Found 1 web elements with id: 'Object Repository/A_Version_Nawres/Page_Formulaire_Creation_Dossier/Formulaire_Creation_Dossier_Accordeon/Acc_ Reference_Du_Dossier' located by 'By.xpath: /html/body/app-root/app-layout-borderless/div[3]/app-prise-mesure/div/app-dsfr-onglet-tab/div/div[1]/app-fiche-etranger/div/div[2]/section[2]/div[1]/app-accordeon-reference-dossier/section/h3/button' in '1' second(s)

12-02-2025T14:14:33 - [MESSAGE][PASSED] - Object 'Object Repository/A_Version_Nawres/Page_Formulaire_Creation_Dossier/Formulaire_Creation_Dossier_Accordeon/Acc_ Reference_Du_Dossier' is present

12-02-2025T14:14:33 - [TEST_STEP][PASSED] - verifyElementPresent(findTestObject("Object Repository/A_Version_Nawres/Page_Formulaire_Creation_Dossier/Formulaire_Creation_Dossier_Menu/Menu_Reference_Du_Dossier"), 1, STOP_ON_FAILURE): Object 'Object Repository/A_Version_Nawres/Page_Formulaire_Creation_Dossier/Formulaire_Creation_Dossier_Menu/Menu_Reference_Du_Dossier' is present

12-02-2025T14:14:33 - [MESSAGE][INFO] - Finding Test Object 'Object Repository/A_Version_Nawres/Page_Formulaire_Creation_Dossier/Formulaire_Creation_Dossier_Menu/Menu_Reference_Du_Dossier'

12-02-2025T14:14:33 - [MESSAGE][INFO] - Checking object

12-02-2025T14:14:33 - [MESSAGE][INFO] - Finding web element from Test Object's properties

12-02-2025T14:14:33 - [MESSAGE][INFO] - Checking timeout

12-02-2025T14:14:33 - [MESSAGE][INFO] - Finding web element with id: 'Object Repository/A_Version_Nawres/Page_Formulaire_Creation_Dossier/Formulaire_Creation_Dossier_Menu/Menu_Reference_Du_Dossier' located by 'By.xpath: /html/body/app-root/app-layout-borderless/div[3]/app-prise-mesure/div/app-dsfr-onglet-tab/div/div[1]/app-fiche-etranger/div/div[1]/app-dsfr-sidemenu/nav/div/div/ul[1]/li/a' in '1' second(s)

12-02-2025T14:14:33 - [MESSAGE][INFO] - Found 1 web elements with id: 'Object Repository/A_Version_Nawres/Page_Formulaire_Creation_Dossier/Formulaire_Creation_Dossier_Menu/Menu_Reference_Du_Dossier' located by 'By.xpath: /html/body/app-root/app-layout-borderless/div[3]/app-prise-mesure/div/app-dsfr-onglet-tab/div/div[1]/app-fiche-etranger/div/div[1]/app-dsfr-sidemenu/nav/div/div/ul[1]/li/a' in '1' second(s)

12-02-2025T14:14:33 - [MESSAGE][PASSED] - Object 'Object Repository/A_Version_Nawres/Page_Formulaire_Creation_Dossier/Formulaire_Creation_Dossier_Menu/Menu_Reference_Du_Dossier' is present

12-02-2025T14:14:33 - [TEST_STEP][PASSED] - verifyElementPresent(findTestObject("Object Repository/A_Version_Nawres/Page_Formulaire_Creation_Dossier/Formulaire_Creation_Dossier_Input/input_Numero_De_Dossier_FPR"), 1, STOP_ON_FAILURE): Object 'Object Repository/A_Version_Nawres/Page_Formulaire_Creation_Dossier/Formulaire_Creation_Dossier_Input/input_Numero_De_Dossier_FPR' is present

12-02-2025T14:14:33 - [MESSAGE][INFO] - Finding Test Object 'Object Repository/A_Version_Nawres/Page_Formulaire_Creation_Dossier/Formulaire_Creation_Dossier_Input/input_Numero_De_Dossier_FPR'

12-02-2025T14:14:33 - [MESSAGE][INFO] - Checking object

12-02-2025T14:14:33 - [MESSAGE][INFO] - Finding web element from Test Object's properties

12-02-2025T14:14:33 - [MESSAGE][INFO] - Checking timeout

12-02-2025T14:14:33 - [MESSAGE][INFO] - Finding web element with id: 'Object Repository/A_Version_Nawres/Page_Formulaire_Creation_Dossier/Formulaire_Creation_Dossier_Input/input_Numero_De_Dossier_FPR' located by 'By.xpath: /html/body/app-root/app-layout-borderless/div[3]/app-prise-mesure/div/app-dsfr-onglet-tab/div/div[1]/app-fiche-etranger/div/div[2]/section[2]/div[1]/app-accordeon-reference-dossier/section/div/form/div/div/div/div[2]/app-dsfr-input/div/input' in '1' second(s)

12-02-2025T14:14:33 - [MESSAGE][INFO] - Found 1 web elements with id: 'Object Repository/A_Version_Nawres/Page_Formulaire_Creation_Dossier/Formulaire_Creation_Dossier_Input/input_Numero_De_Dossier_FPR' located by 'By.xpath: /html/body/app-root/app-layout-borderless/div[3]/app-prise-mesure/div/app-dsfr-onglet-tab/div/div[1]/app-fiche-etranger/div/div[2]/section[2]/div[1]/app-accordeon-reference-dossier/section/div/form/div/div/div/div[2]/app-dsfr-input/div/input' in '1' second(s)

12-02-2025T14:14:33 - [MESSAGE][PASSED] - Object 'Object Repository/A_Version_Nawres/Page_Formulaire_Creation_Dossier/Formulaire_Creation_Dossier_Input/input_Numero_De_Dossier_FPR' is present

12-02-2025T14:14:33 - [TEST_STEP][PASSED] - verifyElementPresent(findTestObject("Object Repository/A_Version_Nawres/Page_Formulaire_Creation_Dossier/Formulaire_Creation_Dossier_Input/input_Numero_Dossier_Interne"), 1, STOP_ON_FAILURE): Object 'Object Repository/A_Version_Nawres/Page_Formulaire_Creation_Dossier/Formulaire_Creation_Dossier_Input/input_Numero_Dossier_Interne' is present

12-02-2025T14:14:33 - [MESSAGE][INFO] - Finding Test Object 'Object Repository/A_Version_Nawres/Page_Formulaire_Creation_Dossier/Formulaire_Creation_Dossier_Input/input_Numero_Dossier_Interne'

12-02-2025T14:14:33 - [MESSAGE][INFO] - Checking object

12-02-2025T14:14:33 - [MESSAGE][INFO] - Finding web element from Test Object's properties

12-02-2025T14:14:33 - [MESSAGE][INFO] - Checking timeout

12-02-2025T14:14:33 - [MESSAGE][INFO] - Finding web element with id: 'Object Repository/A_Version_Nawres/Page_Formulaire_Creation_Dossier/Formulaire_Creation_Dossier_Input/input_Numero_Dossier_Interne' located by 'By.xpath: //*[@id="numero_dossier_interne"]' in '1' second(s)

12-02-2025T14:14:33 - [MESSAGE][INFO] - Found 1 web elements with id: 'Object Repository/A_Version_Nawres/Page_Formulaire_Creation_Dossier/Formulaire_Creation_Dossier_Input/input_Numero_Dossier_Interne' located by 'By.xpath: //*[@id="numero_dossier_interne"]' in '1' second(s)

12-02-2025T14:14:33 - [MESSAGE][PASSED] - Object 'Object Repository/A_Version_Nawres/Page_Formulaire_Creation_Dossier/Formulaire_Creation_Dossier_Input/input_Numero_Dossier_Interne' is present

12-02-2025T14:14:33 - [TEST_STEP][PASSED] - verifyElementPresent(findTestObject("Object Repository/A_Version_Nawres/Page_Formulaire_Creation_Dossier/Formulaire_Creation_Dossier_Accordeon/Acc_Etat_Civil"), 1, STOP_ON_FAILURE): Object 'Object Repository/A_Version_Nawres/Page_Formulaire_Creation_Dossier/Formulaire_Creation_Dossier_Accordeon/Acc_Etat_Civil' is present

12-02-2025T14:14:33 - [MESSAGE][INFO] - Finding Test Object 'Object Repository/A_Version_Nawres/Page_Formulaire_Creation_Dossier/Formulaire_Creation_Dossier_Accordeon/Acc_Etat_Civil'

12-02-2025T14:14:33 - [MESSAGE][INFO] - Checking object

12-02-2025T14:14:33 - [MESSAGE][INFO] - Finding web element from Test Object's properties

12-02-2025T14:14:33 - [MESSAGE][INFO] - Checking timeout

12-02-2025T14:14:33 - [MESSAGE][INFO] - Finding web element with id: 'Object Repository/A_Version_Nawres/Page_Formulaire_Creation_Dossier/Formulaire_Creation_Dossier_Accordeon/Acc_Etat_Civil' located by 'By.xpath: //*[@id="accordeon-fiche-etat-civil"]/section/h3/button[contains(text(),"Ã‰tat civil")]' in '1' second(s)

12-02-2025T14:14:33 - [MESSAGE][INFO] - Found 1 web elements with id: 'Object Repository/A_Version_Nawres/Page_Formulaire_Creation_Dossier/Formulaire_Creation_Dossier_Accordeon/Acc_Etat_Civil' located by 'By.xpath: //*[@id="accordeon-fiche-etat-civil"]/section/h3/button[contains(text(),"Ã‰tat civil")]' in '1' second(s)

12-02-2025T14:14:33 - [MESSAGE][PASSED] - Object 'Object Repository/A_Version_Nawres/Page_Formulaire_Creation_Dossier/Formulaire_Creation_Dossier_Accordeon/Acc_Etat_Civil' is present

12-02-2025T14:14:33 - [TEST_STEP][PASSED] - verifyElementPresent(findTestObject("Object Repository/A_Version_Nawres/Page_Formulaire_Creation_Dossier/Formulaire_Creation_Dossier_Menu/Menu_Fiche_Etat_Civil"), 1, STOP_ON_FAILURE): Object 'Object Repository/A_Version_Nawres/Page_Formulaire_Creation_Dossier/Formulaire_Creation_Dossier_Menu/Menu_Fiche_Etat_Civil' is present

12-02-2025T14:14:33 - [MESSAGE][INFO] - Finding Test Object 'Object Repository/A_Version_Nawres/Page_Formulaire_Creation_Dossier/Formulaire_Creation_Dossier_Menu/Menu_Fiche_Etat_Civil'

12-02-2025T14:14:33 - [MESSAGE][INFO] - Checking object

12-02-2025T14:14:33 - [MESSAGE][INFO] - Finding web element from Test Object's properties

12-02-2025T14:14:33 - [MESSAGE][INFO] - Checking timeout

12-02-2025T14:14:33 - [MESSAGE][INFO] - Finding web element with id: 'Object Repository/A_Version_Nawres/Page_Formulaire_Creation_Dossier/Formulaire_Creation_Dossier_Menu/Menu_Fiche_Etat_Civil' located by 'By.xpath: /html/body/app-root/app-layout-borderless/div[3]/app-prise-mesure/div/app-dsfr-onglet-tab/div/div[1]/app-fiche-etranger/div/div[1]/app-dsfr-sidemenu/nav/div/div/ul[2]/li/a' in '1' second(s)

12-02-2025T14:14:33 - [MESSAGE][INFO] - Found 1 web elements with id: 'Object Repository/A_Version_Nawres/Page_Formulaire_Creation_Dossier/Formulaire_Creation_Dossier_Menu/Menu_Fiche_Etat_Civil' located by 'By.xpath: /html/body/app-root/app-layout-borderless/div[3]/app-prise-mesure/div/app-dsfr-onglet-tab/div/div[1]/app-fiche-etranger/div/div[1]/app-dsfr-sidemenu/nav/div/div/ul[2]/li/a' in '1' second(s)

12-02-2025T14:14:33 - [MESSAGE][PASSED] - Object 'Object Repository/A_Version_Nawres/Page_Formulaire_Creation_Dossier/Formulaire_Creation_Dossier_Menu/Menu_Fiche_Etat_Civil' is present

12-02-2025T14:14:33 - [TEST_STEP][PASSED] - verifyElementPresent(findTestObject("Object Repository/A_Version_Nawres/Page_Formulaire_Creation_Dossier/Formulaire_Creation_Dossier_Menu/Menu_Biometrie"), 1, STOP_ON_FAILURE): Object 'Object Repository/A_Version_Nawres/Page_Formulaire_Creation_Dossier/Formulaire_Creation_Dossier_Menu/Menu_Biometrie' is present

12-02-2025T14:14:33 - [MESSAGE][INFO] - Finding Test Object 'Object Repository/A_Version_Nawres/Page_Formulaire_Creation_Dossier/Formulaire_Creation_Dossier_Menu/Menu_Biometrie'

12-02-2025T14:14:33 - [MESSAGE][INFO] - Checking object

12-02-2025T14:14:33 - [MESSAGE][INFO] - Finding web element from Test Object's properties

12-02-2025T14:14:33 - [MESSAGE][INFO] - Checking timeout

12-02-2025T14:14:33 - [MESSAGE][INFO] - Finding web element with id: 'Object Repository/A_Version_Nawres/Page_Formulaire_Creation_Dossier/Formulaire_Creation_Dossier_Menu/Menu_Biometrie' located by 'By.xpath: /html/body/app-root/app-layout-borderless/div[3]/app-prise-mesure/div/app-dsfr-onglet-tab/div/div[1]/app-fiche-etranger/div/div[1]/app-dsfr-sidemenu/nav/div/div/ul[3]/li' in '1' second(s)

12-02-2025T14:14:33 - [MESSAGE][INFO] - Found 1 web elements with id: 'Object Repository/A_Version_Nawres/Page_Formulaire_Creation_Dossier/Formulaire_Creation_Dossier_Menu/Menu_Biometrie' located by 'By.xpath: /html/body/app-root/app-layout-borderless/div[3]/app-prise-mesure/div/app-dsfr-onglet-tab/div/div[1]/app-fiche-etranger/div/div[1]/app-dsfr-sidemenu/nav/div/div/ul[3]/li' in '1' second(s)

12-02-2025T14:14:33 - [MESSAGE][PASSED] - Object 'Object Repository/A_Version_Nawres/Page_Formulaire_Creation_Dossier/Formulaire_Creation_Dossier_Menu/Menu_Biometrie' is present

12-02-2025T14:14:33 - [TEST_STEP][PASSED] - verifyElementPresent(findTestObject("Object Repository/A_Version_Nawres/Page_Formulaire_Creation_Dossier/Formulaire_Creation_Dossier_Accordeon/Acc_ Conditions_D_Entree_En_France"), 1, STOP_ON_FAILURE): Object 'Object Repository/A_Version_Nawres/Page_Formulaire_Creation_Dossier/Formulaire_Creation_Dossier_Accordeon/Acc_ Conditions_D_Entree_En_France' is present

12-02-2025T14:14:33 - [MESSAGE][INFO] - Finding Test Object 'Object Repository/A_Version_Nawres/Page_Formulaire_Creation_Dossier/Formulaire_Creation_Dossier_Accordeon/Acc_ Conditions_D_Entree_En_France'

12-02-2025T14:14:33 - [MESSAGE][INFO] - Checking object

12-02-2025T14:14:33 - [MESSAGE][INFO] - Finding web element from Test Object's properties

12-02-2025T14:14:33 - [MESSAGE][INFO] - Checking timeout

12-02-2025T14:14:33 - [MESSAGE][INFO] - Finding web element with id: 'Object Repository/A_Version_Nawres/Page_Formulaire_Creation_Dossier/Formulaire_Creation_Dossier_Accordeon/Acc_ Conditions_D_Entree_En_France' located by 'By.xpath: //*[@id="accordeon-condition-entree-france"]/section/h3/button' in '1' second(s)

12-02-2025T14:14:33 - [MESSAGE][INFO] - Found 1 web elements with id: 'Object Repository/A_Version_Nawres/Page_Formulaire_Creation_Dossier/Formulaire_Creation_Dossier_Accordeon/Acc_ Conditions_D_Entree_En_France' located by 'By.xpath: //*[@id="accordeon-condition-entree-france"]/section/h3/button' in '1' second(s)

12-02-2025T14:14:33 - [MESSAGE][PASSED] - Object 'Object Repository/A_Version_Nawres/Page_Formulaire_Creation_Dossier/Formulaire_Creation_Dossier_Accordeon/Acc_ Conditions_D_Entree_En_France' is present

12-02-2025T14:14:33 - [TEST_STEP][PASSED] - verifyElementPresent(findTestObject("Object Repository/A_Version_Nawres/Page_Formulaire_Creation_Dossier/Formulaire_Creation_Dossier_Accordeon/Acc_ Conditions_D_Entree_En_France"), 1, STOP_ON_FAILURE): Object 'Object Repository/A_Version_Nawres/Page_Formulaire_Creation_Dossier/Formulaire_Creation_Dossier_Accordeon/Acc_ Conditions_D_Entree_En_France' is present

12-02-2025T14:14:33 - [MESSAGE][INFO] - Finding Test Object 'Object Repository/A_Version_Nawres/Page_Formulaire_Creation_Dossier/Formulaire_Creation_Dossier_Accordeon/Acc_ Conditions_D_Entree_En_France'

12-02-2025T14:14:33 - [MESSAGE][INFO] - Checking object

12-02-2025T14:14:33 - [MESSAGE][INFO] - Finding web element from Test Object's properties

12-02-2025T14:14:33 - [MESSAGE][INFO] - Checking timeout

12-02-2025T14:14:33 - [MESSAGE][INFO] - Finding web element with id: 'Object Repository/A_Version_Nawres/Page_Formulaire_Creation_Dossier/Formulaire_Creation_Dossier_Accordeon/Acc_ Conditions_D_Entree_En_France' located by 'By.xpath: //*[@id="accordeon-condition-entree-france"]/section/h3/button' in '1' second(s)

12-02-2025T14:14:33 - [MESSAGE][INFO] - Found 1 web elements with id: 'Object Repository/A_Version_Nawres/Page_Formulaire_Creation_Dossier/Formulaire_Creation_Dossier_Accordeon/Acc_ Conditions_D_Entree_En_France' located by 'By.xpath: //*[@id="accordeon-condition-entree-france"]/section/h3/button' in '1' second(s)

12-02-2025T14:14:33 - [MESSAGE][PASSED] - Object 'Object Repository/A_Version_Nawres/Page_Formulaire_Creation_Dossier/Formulaire_Creation_Dossier_Accordeon/Acc_ Conditions_D_Entree_En_France' is present

12-02-2025T14:14:33 - [TEST_STEP][PASSED] - verifyElementPresent(findTestObject("Object Repository/A_Version_Nawres/Page_Formulaire_Creation_Dossier/Formulaire_Creation_Dossier_Menu/Menu_Antecedents_Administratifs"), 1, STOP_ON_FAILURE): Object 'Object Repository/A_Version_Nawres/Page_Formulaire_Creation_Dossier/Formulaire_Creation_Dossier_Menu/Menu_Antecedents_Administratifs' is present

12-02-2025T14:14:33 - [MESSAGE][INFO] - Finding Test Object 'Object Repository/A_Version_Nawres/Page_Formulaire_Creation_Dossier/Formulaire_Creation_Dossier_Menu/Menu_Antecedents_Administratifs'

12-02-2025T14:14:33 - [MESSAGE][INFO] - Checking object

12-02-2025T14:14:33 - [MESSAGE][INFO] - Finding web element from Test Object's properties

12-02-2025T14:14:33 - [MESSAGE][INFO] - Checking timeout

12-02-2025T14:14:33 - [MESSAGE][INFO] - Finding web element with id: 'Object Repository/A_Version_Nawres/Page_Formulaire_Creation_Dossier/Formulaire_Creation_Dossier_Menu/Menu_Antecedents_Administratifs' located by 'By.xpath: /html/body/app-root/app-layout-borderless/div[3]/app-prise-mesure/div/app-dsfr-onglet-tab/div/div[1]/app-fiche-etranger/div/div[1]/app-dsfr-sidemenu/nav/div/div/ul[6]/li/a' in '1' second(s)

12-02-2025T14:14:33 - [MESSAGE][INFO] - Found 1 web elements with id: 'Object Repository/A_Version_Nawres/Page_Formulaire_Creation_Dossier/Formulaire_Creation_Dossier_Menu/Menu_Antecedents_Administratifs' located by 'By.xpath: /html/body/app-root/app-layout-borderless/div[3]/app-prise-mesure/div/app-dsfr-onglet-tab/div/div[1]/app-fiche-etranger/div/div[1]/app-dsfr-sidemenu/nav/div/div/ul[6]/li/a' in '1' second(s)

12-02-2025T14:14:33 - [MESSAGE][PASSED] - Object 'Object Repository/A_Version_Nawres/Page_Formulaire_Creation_Dossier/Formulaire_Creation_Dossier_Menu/Menu_Antecedents_Administratifs' is present

12-02-2025T14:14:33 - [TEST_STEP][PASSED] - verifyElementPresent(findTestObject("Object Repository/A_Version_Nawres/Page_Formulaire_Creation_Dossier/Formulaire_Creation_Dossier_Accordeon/Acc_Documents_De_Voyage"), 1, STOP_ON_FAILURE): Object 'Object Repository/A_Version_Nawres/Page_Formulaire_Creation_Dossier/Formulaire_Creation_Dossier_Accordeon/Acc_Documents_De_Voyage' is present

12-02-2025T14:14:33 - [MESSAGE][INFO] - Finding Test Object 'Object Repository/A_Version_Nawres/Page_Formulaire_Creation_Dossier/Formulaire_Creation_Dossier_Accordeon/Acc_Documents_De_Voyage'

12-02-2025T14:14:33 - [MESSAGE][INFO] - Checking object

12-02-2025T14:14:33 - [MESSAGE][INFO] - Finding web element from Test Object's properties

12-02-2025T14:14:33 - [MESSAGE][INFO] - Checking timeout

12-02-2025T14:14:33 - [MESSAGE][INFO] - Finding web element with id: 'Object Repository/A_Version_Nawres/Page_Formulaire_Creation_Dossier/Formulaire_Creation_Dossier_Accordeon/Acc_Documents_De_Voyage' located by 'By.xpath: //*[@id="documents_de_voyage"]/app-accordeon-documents-de-voyage/section/h3/button|//*[@id="accordeon-documents-de-voyage"]/section/h3/button' in '1' second(s)

12-02-2025T14:14:33 - [MESSAGE][INFO] - Found 1 web elements with id: 'Object Repository/A_Version_Nawres/Page_Formulaire_Creation_Dossier/Formulaire_Creation_Dossier_Accordeon/Acc_Documents_De_Voyage' located by 'By.xpath: //*[@id="documents_de_voyage"]/app-accordeon-documents-de-voyage/section/h3/button|//*[@id="accordeon-documents-de-voyage"]/section/h3/button' in '1' second(s)

12-02-2025T14:14:33 - [MESSAGE][PASSED] - Object 'Object Repository/A_Version_Nawres/Page_Formulaire_Creation_Dossier/Formulaire_Creation_Dossier_Accordeon/Acc_Documents_De_Voyage' is present

12-02-2025T14:14:33 - [TEST_STEP][PASSED] - verifyElementPresent(findTestObject("Object Repository/A_Version_Nawres/Page_Formulaire_Creation_Dossier/Formulaire_Creation_Dossier_Menu/Menu_Documents_De_Voyage"), 1, STOP_ON_FAILURE): Object 'Object Repository/A_Version_Nawres/Page_Formulaire_Creation_Dossier/Formulaire_Creation_Dossier_Menu/Menu_Documents_De_Voyage' is present

12-02-2025T14:14:33 - [MESSAGE][INFO] - Finding Test Object 'Object Repository/A_Version_Nawres/Page_Formulaire_Creation_Dossier/Formulaire_Creation_Dossier_Menu/Menu_Documents_De_Voyage'

12-02-2025T14:14:33 - [MESSAGE][INFO] - Checking object

12-02-2025T14:14:33 - [MESSAGE][INFO] - Finding web element from Test Object's properties

12-02-2025T14:14:33 - [MESSAGE][INFO] - Checking timeout

12-02-2025T14:14:33 - [MESSAGE][INFO] - Finding web element with id: 'Object Repository/A_Version_Nawres/Page_Formulaire_Creation_Dossier/Formulaire_Creation_Dossier_Menu/Menu_Documents_De_Voyage' located by 'By.xpath: /html/body/app-root/app-layout-borderless/div[3]/app-prise-mesure/div/app-dsfr-onglet-tab/div/div[1]/app-fiche-etranger/div/div[1]/app-dsfr-sidemenu/nav/div/div/ul[7]/li/a' in '1' second(s)

12-02-2025T14:14:33 - [MESSAGE][INFO] - Found 1 web elements with id: 'Object Repository/A_Version_Nawres/Page_Formulaire_Creation_Dossier/Formulaire_Creation_Dossier_Menu/Menu_Documents_De_Voyage' located by 'By.xpath: /html/body/app-root/app-layout-borderless/div[3]/app-prise-mesure/div/app-dsfr-onglet-tab/div/div[1]/app-fiche-etranger/div/div[1]/app-dsfr-sidemenu/nav/div/div/ul[7]/li/a' in '1' second(s)

12-02-2025T14:14:33 - [MESSAGE][PASSED] - Object 'Object Repository/A_Version_Nawres/Page_Formulaire_Creation_Dossier/Formulaire_Creation_Dossier_Menu/Menu_Documents_De_Voyage' is present

12-02-2025T14:14:33 - [TEST_STEP][PASSED] - verifyElementPresent(findTestObject("Object Repository/A_Version_Nawres/Page_Formulaire_Creation_Dossier/Formulaire_Creation_Dossier_Accordeon/Acc_ Sortant_D_Etablissement_Penitentiaire"), 1, STOP_ON_FAILURE): Object 'Object Repository/A_Version_Nawres/Page_Formulaire_Creation_Dossier/Formulaire_Creation_Dossier_Accordeon/Acc_ Sortant_D_Etablissement_Penitentiaire' is present

12-02-2025T14:14:33 - [MESSAGE][INFO] - Finding Test Object 'Object Repository/A_Version_Nawres/Page_Formulaire_Creation_Dossier/Formulaire_Creation_Dossier_Accordeon/Acc_ Sortant_D_Etablissement_Penitentiaire'

12-02-2025T14:14:33 - [MESSAGE][INFO] - Checking object

12-02-2025T14:14:33 - [MESSAGE][INFO] - Finding web element from Test Object's properties

12-02-2025T14:14:33 - [MESSAGE][INFO] - Checking timeout

12-02-2025T14:14:33 - [MESSAGE][INFO] - Finding web element with id: 'Object Repository/A_Version_Nawres/Page_Formulaire_Creation_Dossier/Formulaire_Creation_Dossier_Accordeon/Acc_ Sortant_D_Etablissement_Penitentiaire' located by 'By.xpath: //*[@id="sortant_etablissement_penitentiaire"]/app-accordeaon-sortant-etablissement-penitentiaire/section/h3/button|//*[@id="sortant_etablissement_penitentiaire"]/app-accordeaon-sortant-etablissement-penitentiaire/section/h3/button' in '1' second(s)

12-02-2025T14:14:33 - [MESSAGE][INFO] - Found 1 web elements with id: 'Object Repository/A_Version_Nawres/Page_Formulaire_Creation_Dossier/Formulaire_Creation_Dossier_Accordeon/Acc_ Sortant_D_Etablissement_Penitentiaire' located by 'By.xpath: //*[@id="sortant_etablissement_penitentiaire"]/app-accordeaon-sortant-etablissement-penitentiaire/section/h3/button|//*[@id="sortant_etablissement_penitentiaire"]/app-accordeaon-sortant-etablissement-penitentiaire/section/h3/button' in '1' second(s)

12-02-2025T14:14:33 - [MESSAGE][PASSED] - Object 'Object Repository/A_Version_Nawres/Page_Formulaire_Creation_Dossier/Formulaire_Creation_Dossier_Accordeon/Acc_ Sortant_D_Etablissement_Penitentiaire' is present

12-02-2025T14:14:33 - [TEST_STEP][PASSED] - verifyElementPresent(findTestObject("Object Repository/A_Version_Nawres/Page_Formulaire_Creation_Dossier/Formulaire_Creation_Dossier_Menu/Menu_Sortant_D_Etablissement_Penitentiaire"), 1, STOP_ON_FAILURE): Object 'Object Repository/A_Version_Nawres/Page_Formulaire_Creation_Dossier/Formulaire_Creation_Dossier_Menu/Menu_Sortant_D_Etablissement_Penitentiaire' is present

12-02-2025T14:14:33 - [MESSAGE][INFO] - Finding Test Object 'Object Repository/A_Version_Nawres/Page_Formulaire_Creation_Dossier/Formulaire_Creation_Dossier_Menu/Menu_Sortant_D_Etablissement_Penitentiaire'

12-02-2025T14:14:33 - [MESSAGE][INFO] - Checking object

12-02-2025T14:14:33 - [MESSAGE][INFO] - Finding web element from Test Object's properties

12-02-2025T14:14:33 - [MESSAGE][INFO] - Checking timeout

12-02-2025T14:14:33 - [MESSAGE][INFO] - Finding web element with id: 'Object Repository/A_Version_Nawres/Page_Formulaire_Creation_Dossier/Formulaire_Creation_Dossier_Menu/Menu_Sortant_D_Etablissement_Penitentiaire' located by 'By.xpath: /html/body/app-root/app-layout-borderless/div[3]/app-prise-mesure/div/app-dsfr-onglet-tab/div/div[1]/app-fiche-etranger/div/div[1]/app-dsfr-sidemenu/nav/div/div/ul[9]/li/a' in '1' second(s)

12-02-2025T14:14:33 - [MESSAGE][INFO] - Found 1 web elements with id: 'Object Repository/A_Version_Nawres/Page_Formulaire_Creation_Dossier/Formulaire_Creation_Dossier_Menu/Menu_Sortant_D_Etablissement_Penitentiaire' located by 'By.xpath: /html/body/app-root/app-layout-borderless/div[3]/app-prise-mesure/div/app-dsfr-onglet-tab/div/div[1]/app-fiche-etranger/div/div[1]/app-dsfr-sidemenu/nav/div/div/ul[9]/li/a' in '1' second(s)

12-02-2025T14:14:33 - [MESSAGE][PASSED] - Object 'Object Repository/A_Version_Nawres/Page_Formulaire_Creation_Dossier/Formulaire_Creation_Dossier_Menu/Menu_Sortant_D_Etablissement_Penitentiaire' is present

12-02-2025T14:14:33 - [TEST_STEP][PASSED] - verifyElementPresent(findTestObject("Object Repository/A_Version_Nawres/Page_Formulaire_Creation_Dossier/Formulaire_Creation_Dossier_Menu/Menu_Consultations_Securitaires"), 1, STOP_ON_FAILURE): Object 'Object Repository/A_Version_Nawres/Page_Formulaire_Creation_Dossier/Formulaire_Creation_Dossier_Menu/Menu_Consultations_Securitaires' is present

12-02-2025T14:14:33 - [MESSAGE][INFO] - Finding Test Object 'Object Repository/A_Version_Nawres/Page_Formulaire_Creation_Dossier/Formulaire_Creation_Dossier_Menu/Menu_Consultations_Securitaires'

12-02-2025T14:14:33 - [MESSAGE][INFO] - Checking object

12-02-2025T14:14:33 - [MESSAGE][INFO] - Finding web element from Test Object's properties

12-02-2025T14:14:33 - [MESSAGE][INFO] - Checking timeout

12-02-2025T14:14:33 - [MESSAGE][INFO] - Finding web element with id: 'Object Repository/A_Version_Nawres/Page_Formulaire_Creation_Dossier/Formulaire_Creation_Dossier_Menu/Menu_Consultations_Securitaires' located by 'By.xpath: /html/body/app-root/app-layout-borderless/div[3]/app-prise-mesure/div/app-dsfr-onglet-tab/div/div[1]/app-fiche-etranger/div/div[1]/app-dsfr-sidemenu/nav/div/div/ul[10]/li/a' in '1' second(s)

12-02-2025T14:14:33 - [MESSAGE][INFO] - Found 1 web elements with id: 'Object Repository/A_Version_Nawres/Page_Formulaire_Creation_Dossier/Formulaire_Creation_Dossier_Menu/Menu_Consultations_Securitaires' located by 'By.xpath: /html/body/app-root/app-layout-borderless/div[3]/app-prise-mesure/div/app-dsfr-onglet-tab/div/div[1]/app-fiche-etranger/div/div[1]/app-dsfr-sidemenu/nav/div/div/ul[10]/li/a' in '1' second(s)

12-02-2025T14:14:33 - [MESSAGE][PASSED] - Object 'Object Repository/A_Version_Nawres/Page_Formulaire_Creation_Dossier/Formulaire_Creation_Dossier_Menu/Menu_Consultations_Securitaires' is present

12-02-2025T14:14:33 - [TEST_STEP][PASSED] - "Remplir les champs obligatoire du formulaire": null

12-02-2025T14:14:33 - [TEST_STEP][PASSED] - RandomNom = tools.MyStringTools.genererChaineAleatoire(5): tools.MyStringTools.genererChaineAleatoire is PASSED

12-02-2025T14:14:33 - [MESSAGE][PASSED] - tools.MyStringTools.genererChaineAleatoire is PASSED

12-02-2025T14:14:33 - [TEST_STEP][PASSED] - println(RandomNom): null

12-02-2025T14:14:33 - [TEST_STEP][PASSED] - setText(findTestObject("Object Repository/A_Version_Nawres/Page_Formulaire_Creation_Dossier/Formulaire_Creation_Dossier_Input/input_Nom"), RandomNom, STOP_ON_FAILURE): Text 'rchWW' is set on object 'Object Repository/A_Version_Nawres/Page_Formulaire_Creation_Dossier/Formulaire_Creation_Dossier_Input/input_Nom'

12-02-2025T14:14:33 - [MESSAGE][INFO] - Finding Test Object 'Object Repository/A_Version_Nawres/Page_Formulaire_Creation_Dossier/Formulaire_Creation_Dossier_Input/input_Nom'

12-02-2025T14:14:33 - [MESSAGE][INFO] - Checking timeout

12-02-2025T14:14:33 - [MESSAGE][INFO] - Finding web element with id: 'Object Repository/A_Version_Nawres/Page_Formulaire_Creation_Dossier/Formulaire_Creation_Dossier_Input/input_Nom' located by 'By.xpath: //input[@id="nom"]' in '20' second(s)

12-02-2025T14:14:33 - [MESSAGE][INFO] - Found 1 web elements with id: 'Object Repository/A_Version_Nawres/Page_Formulaire_Creation_Dossier/Formulaire_Creation_Dossier_Input/input_Nom' located by 'By.xpath: //input[@id="nom"]' in '20' second(s)

12-02-2025T14:14:34 - [MESSAGE][INFO] - Checking object

12-02-2025T14:14:34 - [MESSAGE][INFO] - Checking text

12-02-2025T14:14:34 - [MESSAGE][INFO] - Finding web element from Test Object's properties

12-02-2025T14:14:34 - [MESSAGE][INFO] - Checking timeout

12-02-2025T14:14:34 - [MESSAGE][INFO] - Finding web element with id: 'Object Repository/A_Version_Nawres/Page_Formulaire_Creation_Dossier/Formulaire_Creation_Dossier_Input/input_Nom' located by 'By.xpath: //input[@id="nom"]' in '2' second(s)

12-02-2025T14:14:34 - [MESSAGE][INFO] - Found 1 web elements with id: 'Object Repository/A_Version_Nawres/Page_Formulaire_Creation_Dossier/Formulaire_Creation_Dossier_Input/input_Nom' located by 'By.xpath: //input[@id="nom"]' in '2' second(s)

12-02-2025T14:14:34 - [MESSAGE][INFO] - Clearing text of object 'Object Repository/A_Version_Nawres/Page_Formulaire_Creation_Dossier/Formulaire_Creation_Dossier_Input/input_Nom'

12-02-2025T14:14:35 - [MESSAGE][INFO] - Finding web element from Test Object's properties

12-02-2025T14:14:35 - [MESSAGE][INFO] - Checking timeout

12-02-2025T14:14:35 - [MESSAGE][INFO] - Finding web element with id: 'Object Repository/A_Version_Nawres/Page_Formulaire_Creation_Dossier/Formulaire_Creation_Dossier_Input/input_Nom' located by 'By.xpath: //input[@id="nom"]' in '2' second(s)

12-02-2025T14:14:35 - [MESSAGE][INFO] - Found 1 web elements with id: 'Object Repository/A_Version_Nawres/Page_Formulaire_Creation_Dossier/Formulaire_Creation_Dossier_Input/input_Nom' located by 'By.xpath: //input[@id="nom"]' in '2' second(s)

12-02-2025T14:14:35 - [MESSAGE][INFO] - Setting text of object 'Object Repository/A_Version_Nawres/Page_Formulaire_Creation_Dossier/Formulaire_Creation_Dossier_Input/input_Nom' to value 'rchWW'

12-02-2025T14:14:36 - [MESSAGE][PASSED] - Text 'rchWW' is set on object 'Object Repository/A_Version_Nawres/Page_Formulaire_Creation_Dossier/Formulaire_Creation_Dossier_Input/input_Nom'

12-02-2025T14:14:36 - [TEST_STEP][PASSED] - if (Sexe == "Femme"): null

12-02-2025T14:14:36 - [TEST_STEP][PASSED] - if (Sexe == "Homme"): Object: 'Object Repository/A_Version_Nawres/Page_Formulaire_Creation_Dossier/Formulaire_Creation_Dossier_Input/btn_radio_Sexe_M' is clicked on

12-02-2025T14:14:36 - [TEST_STEP][PASSED] - click(findTestObject("Object Repository/A_Version_Nawres/Page_Formulaire_Creation_Dossier/Formulaire_Creation_Dossier_Input/btn_radio_Sexe_M"), STOP_ON_FAILURE): Object: 'Object Repository/A_Version_Nawres/Page_Formulaire_Creation_Dossier/Formulaire_Creation_Dossier_Input/btn_radio_Sexe_M' is clicked on

12-02-2025T14:14:36 - [MESSAGE][INFO] - Finding Test Object 'Object Repository/A_Version_Nawres/Page_Formulaire_Creation_Dossier/Formulaire_Creation_Dossier_Input/btn_radio_Sexe_M'

12-02-2025T14:14:36 - [MESSAGE][INFO] - Checking timeout

12-02-2025T14:14:36 - [MESSAGE][INFO] - Finding web element with id: 'Object Repository/A_Version_Nawres/Page_Formulaire_Creation_Dossier/Formulaire_Creation_Dossier_Input/btn_radio_Sexe_M' located by 'By.xpath: //label[contains(text()," Masculin")]' in '20' second(s)

12-02-2025T14:14:36 - [MESSAGE][INFO] - Found 1 web elements with id: 'Object Repository/A_Version_Nawres/Page_Formulaire_Creation_Dossier/Formulaire_Creation_Dossier_Input/btn_radio_Sexe_M' located by 'By.xpath: //label[contains(text()," Masculin")]' in '20' second(s)

12-02-2025T14:14:36 - [MESSAGE][INFO] - Checking object

12-02-2025T14:14:36 - [MESSAGE][INFO] - Checking timeout

12-02-2025T14:14:36 - [MESSAGE][INFO] - Finding web element from Test Object's properties

12-02-2025T14:14:36 - [MESSAGE][INFO] - Checking timeout

12-02-2025T14:14:36 - [MESSAGE][INFO] - Finding web element with id: 'Object Repository/A_Version_Nawres/Page_Formulaire_Creation_Dossier/Formulaire_Creation_Dossier_Input/btn_radio_Sexe_M' located by 'By.xpath: //label[contains(text()," Masculin")]' in '2' second(s)

12-02-2025T14:14:36 - [MESSAGE][INFO] - Found 1 web elements with id: 'Object Repository/A_Version_Nawres/Page_Formulaire_Creation_Dossier/Formulaire_Creation_Dossier_Input/btn_radio_Sexe_M' located by 'By.xpath: //label[contains(text()," Masculin")]' in '2' second(s)

12-02-2025T14:14:36 - [MESSAGE][INFO] - Clicking on object: 'Object Repository/A_Version_Nawres/Page_Formulaire_Creation_Dossier/Formulaire_Creation_Dossier_Input/btn_radio_Sexe_M'

12-02-2025T14:14:37 - [MESSAGE][PASSED] - Object: 'Object Repository/A_Version_Nawres/Page_Formulaire_Creation_Dossier/Formulaire_Creation_Dossier_Input/btn_radio_Sexe_M' is clicked on

12-02-2025T14:14:37 - [TEST_STEP][PASSED] - click(findTestObject("Object Repository/A_Version_Nawres/Page_Formulaire_Creation_Dossier/Formulaire_Creation_Dossier_Input/btn_Radio_Date_Naissance_Approximative"), STOP_ON_FAILURE): Object: 'Object Repository/A_Version_Nawres/Page_Formulaire_Creation_Dossier/Formulaire_Creation_Dossier_Input/btn_Radio_Date_Naissance_Approximative' is clicked on

12-02-2025T14:14:37 - [MESSAGE][INFO] - Finding Test Object 'Object Repository/A_Version_Nawres/Page_Formulaire_Creation_Dossier/Formulaire_Creation_Dossier_Input/btn_Radio_Date_Naissance_Approximative'

12-02-2025T14:14:37 - [MESSAGE][INFO] - Checking timeout

12-02-2025T14:14:37 - [MESSAGE][INFO] - Finding web element with id: 'Object Repository/A_Version_Nawres/Page_Formulaire_Creation_Dossier/Formulaire_Creation_Dossier_Input/btn_Radio_Date_Naissance_Approximative' located by 'By.xpath: //label[contains(text(),' Approximative ')]' in '20' second(s)

12-02-2025T14:14:37 - [MESSAGE][INFO] - Found 1 web elements with id: 'Object Repository/A_Version_Nawres/Page_Formulaire_Creation_Dossier/Formulaire_Creation_Dossier_Input/btn_Radio_Date_Naissance_Approximative' located by 'By.xpath: //label[contains(text(),' Approximative ')]' in '20' second(s)

12-02-2025T14:14:37 - [MESSAGE][INFO] - Checking object

12-02-2025T14:14:37 - [MESSAGE][INFO] - Checking timeout

12-02-2025T14:14:37 - [MESSAGE][INFO] - Finding web element from Test Object's properties

12-02-2025T14:14:37 - [MESSAGE][INFO] - Checking timeout

12-02-2025T14:14:37 - [MESSAGE][INFO] - Finding web element with id: 'Object Repository/A_Version_Nawres/Page_Formulaire_Creation_Dossier/Formulaire_Creation_Dossier_Input/btn_Radio_Date_Naissance_Approximative' located by 'By.xpath: //label[contains(text(),' Approximative ')]' in '2' second(s)

12-02-2025T14:14:37 - [MESSAGE][INFO] - Found 1 web elements with id: 'Object Repository/A_Version_Nawres/Page_Formulaire_Creation_Dossier/Formulaire_Creation_Dossier_Input/btn_Radio_Date_Naissance_Approximative' located by 'By.xpath: //label[contains(text(),' Approximative ')]' in '2' second(s)

12-02-2025T14:14:37 - [MESSAGE][INFO] - Clicking on object: 'Object Repository/A_Version_Nawres/Page_Formulaire_Creation_Dossier/Formulaire_Creation_Dossier_Input/btn_Radio_Date_Naissance_Approximative'

12-02-2025T14:14:38 - [MESSAGE][PASSED] - Object: 'Object Repository/A_Version_Nawres/Page_Formulaire_Creation_Dossier/Formulaire_Creation_Dossier_Input/btn_Radio_Date_Naissance_Approximative' is clicked on

12-02-2025T14:14:38 - [TEST_STEP][PASSED] - setText(findTestObject("Object Repository/A_Version_Nawres/Page_Formulaire_Creation_Dossier/Formulaire_Creation_Dossier_Input/input_Date_De_Naissance_Annee"), AnneeNaissance, STOP_ON_FAILURE): Text '1997' is set on object 'Object Repository/A_Version_Nawres/Page_Formulaire_Creation_Dossier/Formulaire_Creation_Dossier_Input/input_Date_De_Naissance_Annee'

12-02-2025T14:14:38 - [MESSAGE][INFO] - Finding Test Object 'Object Repository/A_Version_Nawres/Page_Formulaire_Creation_Dossier/Formulaire_Creation_Dossier_Input/input_Date_De_Naissance_Annee'

12-02-2025T14:14:38 - [MESSAGE][INFO] - Checking timeout

12-02-2025T14:14:38 - [MESSAGE][INFO] - Finding web element with id: 'Object Repository/A_Version_Nawres/Page_Formulaire_Creation_Dossier/Formulaire_Creation_Dossier_Input/input_Date_De_Naissance_Annee' located by 'By.xpath: //input[@id="annee"]' in '20' second(s)

12-02-2025T14:14:38 - [MESSAGE][INFO] - Found 1 web elements with id: 'Object Repository/A_Version_Nawres/Page_Formulaire_Creation_Dossier/Formulaire_Creation_Dossier_Input/input_Date_De_Naissance_Annee' located by 'By.xpath: //input[@id="annee"]' in '20' second(s)

12-02-2025T14:14:38 - [MESSAGE][INFO] - Checking object

12-02-2025T14:14:38 - [MESSAGE][INFO] - Checking text

12-02-2025T14:14:38 - [MESSAGE][INFO] - Finding web element from Test Object's properties

12-02-2025T14:14:38 - [MESSAGE][INFO] - Checking timeout

12-02-2025T14:14:38 - [MESSAGE][INFO] - Finding web element with id: 'Object Repository/A_Version_Nawres/Page_Formulaire_Creation_Dossier/Formulaire_Creation_Dossier_Input/input_Date_De_Naissance_Annee' located by 'By.xpath: //input[@id="annee"]' in '2' second(s)

12-02-2025T14:14:38 - [MESSAGE][INFO] - Found 1 web elements with id: 'Object Repository/A_Version_Nawres/Page_Formulaire_Creation_Dossier/Formulaire_Creation_Dossier_Input/input_Date_De_Naissance_Annee' located by 'By.xpath: //input[@id="annee"]' in '2' second(s)

12-02-2025T14:14:38 - [MESSAGE][INFO] - Clearing text of object 'Object Repository/A_Version_Nawres/Page_Formulaire_Creation_Dossier/Formulaire_Creation_Dossier_Input/input_Date_De_Naissance_Annee'

12-02-2025T14:14:39 - [MESSAGE][INFO] - Finding web element from Test Object's properties

12-02-2025T14:14:39 - [MESSAGE][INFO] - Checking timeout

12-02-2025T14:14:39 - [MESSAGE][INFO] - Finding web element with id: 'Object Repository/A_Version_Nawres/Page_Formulaire_Creation_Dossier/Formulaire_Creation_Dossier_Input/input_Date_De_Naissance_Annee' located by 'By.xpath: //input[@id="annee"]' in '2' second(s)

12-02-2025T14:14:39 - [MESSAGE][INFO] - Found 1 web elements with id: 'Object Repository/A_Version_Nawres/Page_Formulaire_Creation_Dossier/Formulaire_Creation_Dossier_Input/input_Date_De_Naissance_Annee' located by 'By.xpath: //input[@id="annee"]' in '2' second(s)

12-02-2025T14:14:39 - [MESSAGE][INFO] - Setting text of object 'Object Repository/A_Version_Nawres/Page_Formulaire_Creation_Dossier/Formulaire_Creation_Dossier_Input/input_Date_De_Naissance_Annee' to value '1997'

12-02-2025T14:14:40 - [MESSAGE][PASSED] - Text '1997' is set on object 'Object Repository/A_Version_Nawres/Page_Formulaire_Creation_Dossier/Formulaire_Creation_Dossier_Input/input_Date_De_Naissance_Annee'

12-02-2025T14:14:40 - [TEST_STEP][PASSED] - if (Nationnalite == "RPT"): All options with label 'ALGERIE' are selected in object 'Object Repository/A_Version_Nawres/Page_Formulaire_Creation_Dossier/Formulaire_Creation_Dossier_Input/select_Pays_De_Naissance' 

12-02-2025T14:14:40 - [TEST_STEP][PASSED] - selectOptionByLabel(findTestObject("Object Repository/A_Version_Nawres/Page_Formulaire_Creation_Dossier/Formulaire_Creation_Dossier_Input/select_Pays_De_Naissance"), "ALGERIE", false, STOP_ON_FAILURE): All options with label 'ALGERIE' are selected in object 'Object Repository/A_Version_Nawres/Page_Formulaire_Creation_Dossier/Formulaire_Creation_Dossier_Input/select_Pays_De_Naissance' 

12-02-2025T14:14:40 - [MESSAGE][INFO] - Finding Test Object 'Object Repository/A_Version_Nawres/Page_Formulaire_Creation_Dossier/Formulaire_Creation_Dossier_Input/select_Pays_De_Naissance'

12-02-2025T14:14:40 - [MESSAGE][INFO] - Checking timeout

12-02-2025T14:14:40 - [MESSAGE][INFO] - Finding web element with id: 'Object Repository/A_Version_Nawres/Page_Formulaire_Creation_Dossier/Formulaire_Creation_Dossier_Input/select_Pays_De_Naissance' located by 'By.xpath: //select[@id="pays_naissance"]' in '20' second(s)

12-02-2025T14:14:40 - [MESSAGE][INFO] - Found 1 web elements with id: 'Object Repository/A_Version_Nawres/Page_Formulaire_Creation_Dossier/Formulaire_Creation_Dossier_Input/select_Pays_De_Naissance' located by 'By.xpath: //select[@id="pays_naissance"]' in '20' second(s)

12-02-2025T14:14:40 - [MESSAGE][INFO] - Checking object

12-02-2025T14:14:40 - [MESSAGE][INFO] - Checking label parameter

12-02-2025T14:14:40 - [MESSAGE][INFO] - Finding web element from Test Object's properties

12-02-2025T14:14:40 - [MESSAGE][INFO] - Checking timeout

12-02-2025T14:14:40 - [MESSAGE][INFO] - Finding web element with id: 'Object Repository/A_Version_Nawres/Page_Formulaire_Creation_Dossier/Formulaire_Creation_Dossier_Input/select_Pays_De_Naissance' located by 'By.xpath: //select[@id="pays_naissance"]' in '2' second(s)

12-02-2025T14:14:40 - [MESSAGE][INFO] - Found 1 web elements with id: 'Object Repository/A_Version_Nawres/Page_Formulaire_Creation_Dossier/Formulaire_Creation_Dossier_Input/select_Pays_De_Naissance' located by 'By.xpath: //select[@id="pays_naissance"]' in '2' second(s)

12-02-2025T14:14:40 - [MESSAGE][INFO] - Selecting options on object 'Object Repository/A_Version_Nawres/Page_Formulaire_Creation_Dossier/Formulaire_Creation_Dossier_Input/select_Pays_De_Naissance' with label 'ALGERIE' 

12-02-2025T14:14:42 - [MESSAGE][PASSED] - All options with label 'ALGERIE' are selected in object 'Object Repository/A_Version_Nawres/Page_Formulaire_Creation_Dossier/Formulaire_Creation_Dossier_Input/select_Pays_De_Naissance' 

12-02-2025T14:14:42 - [TEST_STEP][PASSED] - if (Nationnalite == "RUE"): null

12-02-2025T14:14:42 - [TEST_STEP][PASSED] - if (Nationnalite == "RPT"): All options with label 'algÃ©rienne' are selected in object 'Object Repository/A_Version_Nawres/Page_Formulaire_Creation_Dossier/Formulaire_Creation_Dossier_Input/select_Nationnalite' 

12-02-2025T14:14:42 - [TEST_STEP][PASSED] - selectOptionByLabel(findTestObject("Object Repository/A_Version_Nawres/Page_Formulaire_Creation_Dossier/Formulaire_Creation_Dossier_Input/select_Nationnalite"), "algÃ©rienne", false, STOP_ON_FAILURE): All options with label 'algÃ©rienne' are selected in object 'Object Repository/A_Version_Nawres/Page_Formulaire_Creation_Dossier/Formulaire_Creation_Dossier_Input/select_Nationnalite' 

12-02-2025T14:14:42 - [MESSAGE][INFO] - Finding Test Object 'Object Repository/A_Version_Nawres/Page_Formulaire_Creation_Dossier/Formulaire_Creation_Dossier_Input/select_Nationnalite'

12-02-2025T14:14:42 - [MESSAGE][INFO] - Checking timeout

12-02-2025T14:14:42 - [MESSAGE][INFO] - Finding web element with id: 'Object Repository/A_Version_Nawres/Page_Formulaire_Creation_Dossier/Formulaire_Creation_Dossier_Input/select_Nationnalite' located by 'By.xpath: //select[@id="nationalite"]' in '20' second(s)

12-02-2025T14:14:42 - [MESSAGE][INFO] - Found 1 web elements with id: 'Object Repository/A_Version_Nawres/Page_Formulaire_Creation_Dossier/Formulaire_Creation_Dossier_Input/select_Nationnalite' located by 'By.xpath: //select[@id="nationalite"]' in '20' second(s)

12-02-2025T14:14:42 - [MESSAGE][INFO] - Checking object

12-02-2025T14:14:42 - [MESSAGE][INFO] - Checking label parameter

12-02-2025T14:14:42 - [MESSAGE][INFO] - Finding web element from Test Object's properties

12-02-2025T14:14:42 - [MESSAGE][INFO] - Checking timeout

12-02-2025T14:14:42 - [MESSAGE][INFO] - Finding web element with id: 'Object Repository/A_Version_Nawres/Page_Formulaire_Creation_Dossier/Formulaire_Creation_Dossier_Input/select_Nationnalite' located by 'By.xpath: //select[@id="nationalite"]' in '2' second(s)

12-02-2025T14:14:42 - [MESSAGE][INFO] - Found 1 web elements with id: 'Object Repository/A_Version_Nawres/Page_Formulaire_Creation_Dossier/Formulaire_Creation_Dossier_Input/select_Nationnalite' located by 'By.xpath: //select[@id="nationalite"]' in '2' second(s)

12-02-2025T14:14:42 - [MESSAGE][INFO] - Selecting options on object 'Object Repository/A_Version_Nawres/Page_Formulaire_Creation_Dossier/Formulaire_Creation_Dossier_Input/select_Nationnalite' with label 'algÃ©rienne' 

12-02-2025T14:14:43 - [MESSAGE][PASSED] - All options with label 'algÃ©rienne' are selected in object 'Object Repository/A_Version_Nawres/Page_Formulaire_Creation_Dossier/Formulaire_Creation_Dossier_Input/select_Nationnalite' 

12-02-2025T14:14:43 - [TEST_STEP][PASSED] - if (Nationnalite == "RUE"): null

12-02-2025T14:14:43 - [TEST_STEP][PASSED] - if (Nationnalite == "RPT"): Text 'Wahran' is set on object 'Object Repository/A_Version_Nawres/Page_Formulaire_Creation_Dossier/Formulaire_Creation_Dossier_Input/input_Lieu_De_Naissance'

12-02-2025T14:14:43 - [TEST_STEP][PASSED] - setText(findTestObject("Object Repository/A_Version_Nawres/Page_Formulaire_Creation_Dossier/Formulaire_Creation_Dossier_Input/input_Lieu_De_Naissance"), "Wahran", STOP_ON_FAILURE): Text 'Wahran' is set on object 'Object Repository/A_Version_Nawres/Page_Formulaire_Creation_Dossier/Formulaire_Creation_Dossier_Input/input_Lieu_De_Naissance'

12-02-2025T14:14:43 - [MESSAGE][INFO] - Finding Test Object 'Object Repository/A_Version_Nawres/Page_Formulaire_Creation_Dossier/Formulaire_Creation_Dossier_Input/input_Lieu_De_Naissance'

12-02-2025T14:14:43 - [MESSAGE][INFO] - Checking timeout

12-02-2025T14:14:43 - [MESSAGE][INFO] - Finding web element with id: 'Object Repository/A_Version_Nawres/Page_Formulaire_Creation_Dossier/Formulaire_Creation_Dossier_Input/input_Lieu_De_Naissance' located by 'By.xpath: //input[@id="ville_naissance"]' in '20' second(s)

12-02-2025T14:14:43 - [MESSAGE][INFO] - Found 1 web elements with id: 'Object Repository/A_Version_Nawres/Page_Formulaire_Creation_Dossier/Formulaire_Creation_Dossier_Input/input_Lieu_De_Naissance' located by 'By.xpath: //input[@id="ville_naissance"]' in '20' second(s)

12-02-2025T14:14:43 - [MESSAGE][INFO] - Checking object

12-02-2025T14:14:43 - [MESSAGE][INFO] - Checking text

12-02-2025T14:14:43 - [MESSAGE][INFO] - Finding web element from Test Object's properties

12-02-2025T14:14:43 - [MESSAGE][INFO] - Checking timeout

12-02-2025T14:14:43 - [MESSAGE][INFO] - Finding web element with id: 'Object Repository/A_Version_Nawres/Page_Formulaire_Creation_Dossier/Formulaire_Creation_Dossier_Input/input_Lieu_De_Naissance' located by 'By.xpath: //input[@id="ville_naissance"]' in '2' second(s)

12-02-2025T14:14:43 - [MESSAGE][INFO] - Found 1 web elements with id: 'Object Repository/A_Version_Nawres/Page_Formulaire_Creation_Dossier/Formulaire_Creation_Dossier_Input/input_Lieu_De_Naissance' located by 'By.xpath: //input[@id="ville_naissance"]' in '2' second(s)

12-02-2025T14:14:43 - [MESSAGE][INFO] - Clearing text of object 'Object Repository/A_Version_Nawres/Page_Formulaire_Creation_Dossier/Formulaire_Creation_Dossier_Input/input_Lieu_De_Naissance'

12-02-2025T14:14:44 - [MESSAGE][INFO] - Finding web element from Test Object's properties

12-02-2025T14:14:44 - [MESSAGE][INFO] - Checking timeout

12-02-2025T14:14:44 - [MESSAGE][INFO] - Finding web element with id: 'Object Repository/A_Version_Nawres/Page_Formulaire_Creation_Dossier/Formulaire_Creation_Dossier_Input/input_Lieu_De_Naissance' located by 'By.xpath: //input[@id="ville_naissance"]' in '2' second(s)

12-02-2025T14:14:44 - [MESSAGE][INFO] - Found 1 web elements with id: 'Object Repository/A_Version_Nawres/Page_Formulaire_Creation_Dossier/Formulaire_Creation_Dossier_Input/input_Lieu_De_Naissance' located by 'By.xpath: //input[@id="ville_naissance"]' in '2' second(s)

12-02-2025T14:14:44 - [MESSAGE][INFO] - Setting text of object 'Object Repository/A_Version_Nawres/Page_Formulaire_Creation_Dossier/Formulaire_Creation_Dossier_Input/input_Lieu_De_Naissance' to value 'Wahran'

12-02-2025T14:14:45 - [MESSAGE][PASSED] - Text 'Wahran' is set on object 'Object Repository/A_Version_Nawres/Page_Formulaire_Creation_Dossier/Formulaire_Creation_Dossier_Input/input_Lieu_De_Naissance'

12-02-2025T14:14:45 - [TEST_STEP][PASSED] - if (Nationnalite == "RUE"): null

12-02-2025T14:14:45 - [TEST_STEP][PASSED] - selectOptionByLabel(findTestObject("Object Repository/A_Version_Nawres/Page_Formulaire_Creation_Dossier/Formulaire_Creation_Dossier_Input/select_Situation_Familiale"), "CÃ©libataire", false, STOP_ON_FAILURE): All options with label 'CÃ©libataire' are selected in object 'Object Repository/A_Version_Nawres/Page_Formulaire_Creation_Dossier/Formulaire_Creation_Dossier_Input/select_Situation_Familiale' 

12-02-2025T14:14:45 - [MESSAGE][INFO] - Finding Test Object 'Object Repository/A_Version_Nawres/Page_Formulaire_Creation_Dossier/Formulaire_Creation_Dossier_Input/select_Situation_Familiale'

12-02-2025T14:14:45 - [MESSAGE][INFO] - Checking timeout

12-02-2025T14:14:45 - [MESSAGE][INFO] - Finding web element with id: 'Object Repository/A_Version_Nawres/Page_Formulaire_Creation_Dossier/Formulaire_Creation_Dossier_Input/select_Situation_Familiale' located by 'By.xpath: //select[@id="situation_familiale"]' in '20' second(s)

12-02-2025T14:14:45 - [MESSAGE][INFO] - Found 1 web elements with id: 'Object Repository/A_Version_Nawres/Page_Formulaire_Creation_Dossier/Formulaire_Creation_Dossier_Input/select_Situation_Familiale' located by 'By.xpath: //select[@id="situation_familiale"]' in '20' second(s)

12-02-2025T14:14:45 - [MESSAGE][INFO] - Checking object

12-02-2025T14:14:45 - [MESSAGE][INFO] - Checking label parameter

12-02-2025T14:14:45 - [MESSAGE][INFO] - Finding web element from Test Object's properties

12-02-2025T14:14:45 - [MESSAGE][INFO] - Checking timeout

12-02-2025T14:14:45 - [MESSAGE][INFO] - Finding web element with id: 'Object Repository/A_Version_Nawres/Page_Formulaire_Creation_Dossier/Formulaire_Creation_Dossier_Input/select_Situation_Familiale' located by 'By.xpath: //select[@id="situation_familiale"]' in '2' second(s)

12-02-2025T14:14:45 - [MESSAGE][INFO] - Found 1 web elements with id: 'Object Repository/A_Version_Nawres/Page_Formulaire_Creation_Dossier/Formulaire_Creation_Dossier_Input/select_Situation_Familiale' located by 'By.xpath: //select[@id="situation_familiale"]' in '2' second(s)

12-02-2025T14:14:45 - [MESSAGE][INFO] - Selecting options on object 'Object Repository/A_Version_Nawres/Page_Formulaire_Creation_Dossier/Formulaire_Creation_Dossier_Input/select_Situation_Familiale' with label 'CÃ©libataire' 

12-02-2025T14:14:46 - [MESSAGE][PASSED] - All options with label 'CÃ©libataire' are selected in object 'Object Repository/A_Version_Nawres/Page_Formulaire_Creation_Dossier/Formulaire_Creation_Dossier_Input/select_Situation_Familiale' 

12-02-2025T14:14:46 - [TEST_STEP][PASSED] - setText(findTestObject("Object Repository/A_Version_Nawres/Page_Formulaire_Creation_Dossier/Formulaire_Creation_Dossier_Input/input_Date_Entree_En_France"), "22/03/2020"): Text '22/03/2020' is set on object 'Object Repository/A_Version_Nawres/Page_Formulaire_Creation_Dossier/Formulaire_Creation_Dossier_Input/input_Date_Entree_En_France'

12-02-2025T14:14:46 - [MESSAGE][INFO] - Finding Test Object 'Object Repository/A_Version_Nawres/Page_Formulaire_Creation_Dossier/Formulaire_Creation_Dossier_Input/input_Date_Entree_En_France'

12-02-2025T14:14:46 - [MESSAGE][INFO] - Checking timeout

12-02-2025T14:14:46 - [MESSAGE][INFO] - Finding web element with id: 'Object Repository/A_Version_Nawres/Page_Formulaire_Creation_Dossier/Formulaire_Creation_Dossier_Input/input_Date_Entree_En_France' located by 'By.xpath: //input[@id="date_entree_en_france"]' in '20' second(s)

12-02-2025T14:14:46 - [MESSAGE][INFO] - Found 1 web elements with id: 'Object Repository/A_Version_Nawres/Page_Formulaire_Creation_Dossier/Formulaire_Creation_Dossier_Input/input_Date_Entree_En_France' located by 'By.xpath: //input[@id="date_entree_en_france"]' in '20' second(s)

12-02-2025T14:14:46 - [MESSAGE][INFO] - Checking object

12-02-2025T14:14:46 - [MESSAGE][INFO] - Checking text

12-02-2025T14:14:46 - [MESSAGE][INFO] - Finding web element from Test Object's properties

12-02-2025T14:14:46 - [MESSAGE][INFO] - Checking timeout

12-02-2025T14:14:46 - [MESSAGE][INFO] - Finding web element with id: 'Object Repository/A_Version_Nawres/Page_Formulaire_Creation_Dossier/Formulaire_Creation_Dossier_Input/input_Date_Entree_En_France' located by 'By.xpath: //input[@id="date_entree_en_france"]' in '2' second(s)

12-02-2025T14:14:46 - [MESSAGE][INFO] - Found 1 web elements with id: 'Object Repository/A_Version_Nawres/Page_Formulaire_Creation_Dossier/Formulaire_Creation_Dossier_Input/input_Date_Entree_En_France' located by 'By.xpath: //input[@id="date_entree_en_france"]' in '2' second(s)

12-02-2025T14:14:46 - [MESSAGE][INFO] - Clearing text of object 'Object Repository/A_Version_Nawres/Page_Formulaire_Creation_Dossier/Formulaire_Creation_Dossier_Input/input_Date_Entree_En_France'

12-02-2025T14:14:47 - [MESSAGE][INFO] - Finding web element from Test Object's properties

12-02-2025T14:14:47 - [MESSAGE][INFO] - Checking timeout

12-02-2025T14:14:47 - [MESSAGE][INFO] - Finding web element with id: 'Object Repository/A_Version_Nawres/Page_Formulaire_Creation_Dossier/Formulaire_Creation_Dossier_Input/input_Date_Entree_En_France' located by 'By.xpath: //input[@id="date_entree_en_france"]' in '2' second(s)

12-02-2025T14:14:47 - [MESSAGE][INFO] - Found 1 web elements with id: 'Object Repository/A_Version_Nawres/Page_Formulaire_Creation_Dossier/Formulaire_Creation_Dossier_Input/input_Date_Entree_En_France' located by 'By.xpath: //input[@id="date_entree_en_france"]' in '2' second(s)

12-02-2025T14:14:47 - [MESSAGE][INFO] - Setting text of object 'Object Repository/A_Version_Nawres/Page_Formulaire_Creation_Dossier/Formulaire_Creation_Dossier_Input/input_Date_Entree_En_France' to value '22/03/2020'

12-02-2025T14:14:48 - [MESSAGE][PASSED] - Text '22/03/2020' is set on object 'Object Repository/A_Version_Nawres/Page_Formulaire_Creation_Dossier/Formulaire_Creation_Dossier_Input/input_Date_Entree_En_France'

12-02-2025T14:14:48 - [TEST_STEP][PASSED] - selectOptionByLabel(findTestObject("Object Repository/A_Version_Nawres/Page_Formulaire_Creation_Dossier/Formulaire_Creation_Dossier_Input/select_Condition_Entree_En_France"), "IrrÃ©guliÃ¨re", false, STOP_ON_FAILURE): All options with label 'IrrÃ©guliÃ¨re' are selected in object 'Object Repository/A_Version_Nawres/Page_Formulaire_Creation_Dossier/Formulaire_Creation_Dossier_Input/select_Condition_Entree_En_France' 

12-02-2025T14:14:48 - [MESSAGE][INFO] - Finding Test Object 'Object Repository/A_Version_Nawres/Page_Formulaire_Creation_Dossier/Formulaire_Creation_Dossier_Input/select_Condition_Entree_En_France'

12-02-2025T14:14:48 - [MESSAGE][INFO] - Checking timeout

12-02-2025T14:14:48 - [MESSAGE][INFO] - Finding web element with id: 'Object Repository/A_Version_Nawres/Page_Formulaire_Creation_Dossier/Formulaire_Creation_Dossier_Input/select_Condition_Entree_En_France' located by 'By.xpath: //select[@id="condition_entree_france"]' in '20' second(s)

12-02-2025T14:14:48 - [MESSAGE][INFO] - Found 1 web elements with id: 'Object Repository/A_Version_Nawres/Page_Formulaire_Creation_Dossier/Formulaire_Creation_Dossier_Input/select_Condition_Entree_En_France' located by 'By.xpath: //select[@id="condition_entree_france"]' in '20' second(s)

12-02-2025T14:14:48 - [MESSAGE][INFO] - Checking object

12-02-2025T14:14:48 - [MESSAGE][INFO] - Checking label parameter

12-02-2025T14:14:48 - [MESSAGE][INFO] - Finding web element from Test Object's properties

12-02-2025T14:14:48 - [MESSAGE][INFO] - Checking timeout

12-02-2025T14:14:48 - [MESSAGE][INFO] - Finding web element with id: 'Object Repository/A_Version_Nawres/Page_Formulaire_Creation_Dossier/Formulaire_Creation_Dossier_Input/select_Condition_Entree_En_France' located by 'By.xpath: //select[@id="condition_entree_france"]' in '2' second(s)

12-02-2025T14:14:48 - [MESSAGE][INFO] - Found 1 web elements with id: 'Object Repository/A_Version_Nawres/Page_Formulaire_Creation_Dossier/Formulaire_Creation_Dossier_Input/select_Condition_Entree_En_France' located by 'By.xpath: //select[@id="condition_entree_france"]' in '2' second(s)

12-02-2025T14:14:48 - [MESSAGE][INFO] - Selecting options on object 'Object Repository/A_Version_Nawres/Page_Formulaire_Creation_Dossier/Formulaire_Creation_Dossier_Input/select_Condition_Entree_En_France' with label 'IrrÃ©guliÃ¨re' 

12-02-2025T14:14:50 - [MESSAGE][PASSED] - All options with label 'IrrÃ©guliÃ¨re' are selected in object 'Object Repository/A_Version_Nawres/Page_Formulaire_Creation_Dossier/Formulaire_Creation_Dossier_Input/select_Condition_Entree_En_France' 

12-02-2025T14:14:50 - [TEST_STEP][PASSED] - if (ControleChampsCreation == "true"): null

12-02-2025T14:14:50 - [TEST_STEP][PASSED] - click(findTestObject("Object Repository/A_Version_Nawres/Page_Formulaire_Creation_Dossier/Formulaire_Creation_Dossier_Input/btn_Enregistrer"), STOP_ON_FAILURE): Object: 'Object Repository/A_Version_Nawres/Page_Formulaire_Creation_Dossier/Formulaire_Creation_Dossier_Input/btn_Enregistrer' is clicked on

12-02-2025T14:14:50 - [MESSAGE][INFO] - Finding Test Object 'Object Repository/A_Version_Nawres/Page_Formulaire_Creation_Dossier/Formulaire_Creation_Dossier_Input/btn_Enregistrer'

12-02-2025T14:14:50 - [MESSAGE][INFO] - Checking timeout

12-02-2025T14:14:50 - [MESSAGE][INFO] - Finding web element with id: 'Object Repository/A_Version_Nawres/Page_Formulaire_Creation_Dossier/Formulaire_Creation_Dossier_Input/btn_Enregistrer' located by 'By.xpath: /html/body/app-root/app-layout-borderless/div[3]/app-prise-mesure/app-nav-prise-mesure//div/button[@title="Enregistrer"]' in '20' second(s)

12-02-2025T14:14:50 - [MESSAGE][INFO] - Found 1 web elements with id: 'Object Repository/A_Version_Nawres/Page_Formulaire_Creation_Dossier/Formulaire_Creation_Dossier_Input/btn_Enregistrer' located by 'By.xpath: /html/body/app-root/app-layout-borderless/div[3]/app-prise-mesure/app-nav-prise-mesure//div/button[@title="Enregistrer"]' in '20' second(s)

12-02-2025T14:14:50 - [MESSAGE][INFO] - Checking object

12-02-2025T14:14:50 - [MESSAGE][INFO] - Checking timeout

12-02-2025T14:14:50 - [MESSAGE][INFO] - Finding web element from Test Object's properties

12-02-2025T14:14:50 - [MESSAGE][INFO] - Checking timeout

12-02-2025T14:14:50 - [MESSAGE][INFO] - Finding web element with id: 'Object Repository/A_Version_Nawres/Page_Formulaire_Creation_Dossier/Formulaire_Creation_Dossier_Input/btn_Enregistrer' located by 'By.xpath: /html/body/app-root/app-layout-borderless/div[3]/app-prise-mesure/app-nav-prise-mesure//div/button[@title="Enregistrer"]' in '2' second(s)

12-02-2025T14:14:50 - [MESSAGE][INFO] - Found 1 web elements with id: 'Object Repository/A_Version_Nawres/Page_Formulaire_Creation_Dossier/Formulaire_Creation_Dossier_Input/btn_Enregistrer' located by 'By.xpath: /html/body/app-root/app-layout-borderless/div[3]/app-prise-mesure/app-nav-prise-mesure//div/button[@title="Enregistrer"]' in '2' second(s)

12-02-2025T14:14:50 - [MESSAGE][INFO] - Clicking on object: 'Object Repository/A_Version_Nawres/Page_Formulaire_Creation_Dossier/Formulaire_Creation_Dossier_Input/btn_Enregistrer'

12-02-2025T14:14:51 - [MESSAGE][PASSED] - Object: 'Object Repository/A_Version_Nawres/Page_Formulaire_Creation_Dossier/Formulaire_Creation_Dossier_Input/btn_Enregistrer' is clicked on

12-02-2025T14:14:51 - [TEST_STEP][PASSED] - verifyElementPresent(findTestObject("Object Repository/A_Version_Nawres/Page_Formulaire_Creation_Dossier/Formulaire_Creation_Dossier_Input/btn_Valider_Attribuer_Numero_Etranger"), 4, STOP_ON_FAILURE): Object 'Object Repository/A_Version_Nawres/Page_Formulaire_Creation_Dossier/Formulaire_Creation_Dossier_Input/btn_Valider_Attribuer_Numero_Etranger' is present

12-02-2025T14:14:51 - [MESSAGE][INFO] - Finding Test Object 'Object Repository/A_Version_Nawres/Page_Formulaire_Creation_Dossier/Formulaire_Creation_Dossier_Input/btn_Valider_Attribuer_Numero_Etranger'

12-02-2025T14:14:51 - [MESSAGE][INFO] - Checking object

12-02-2025T14:14:51 - [MESSAGE][INFO] - Finding web element from Test Object's properties

12-02-2025T14:14:51 - [MESSAGE][INFO] - Checking timeout

12-02-2025T14:14:51 - [MESSAGE][INFO] - Finding web element with id: 'Object Repository/A_Version_Nawres/Page_Formulaire_Creation_Dossier/Formulaire_Creation_Dossier_Input/btn_Valider_Attribuer_Numero_Etranger' located by 'By.xpath: //button[@title="Valider et attribuer un numÃ©ro Ã©tranger"]' in '4' second(s)

12-02-2025T14:14:51 - [MESSAGE][INFO] - Found 1 web elements with id: 'Object Repository/A_Version_Nawres/Page_Formulaire_Creation_Dossier/Formulaire_Creation_Dossier_Input/btn_Valider_Attribuer_Numero_Etranger' located by 'By.xpath: //button[@title="Valider et attribuer un numÃ©ro Ã©tranger"]' in '4' second(s)

12-02-2025T14:14:51 - [MESSAGE][PASSED] - Object 'Object Repository/A_Version_Nawres/Page_Formulaire_Creation_Dossier/Formulaire_Creation_Dossier_Input/btn_Valider_Attribuer_Numero_Etranger' is present

12-02-2025T14:14:51 - [TEST_STEP][PASSED] - click(findTestObject("Object Repository/A_Version_Nawres/Page_Formulaire_Creation_Dossier/Formulaire_Creation_Dossier_Input/btn_Valider_Attribuer_Numero_Etranger"), STOP_ON_FAILURE): Object: 'Object Repository/A_Version_Nawres/Page_Formulaire_Creation_Dossier/Formulaire_Creation_Dossier_Input/btn_Valider_Attribuer_Numero_Etranger' is clicked on

12-02-2025T14:14:51 - [MESSAGE][INFO] - Finding Test Object 'Object Repository/A_Version_Nawres/Page_Formulaire_Creation_Dossier/Formulaire_Creation_Dossier_Input/btn_Valider_Attribuer_Numero_Etranger'

12-02-2025T14:14:51 - [MESSAGE][INFO] - Checking timeout

12-02-2025T14:14:51 - [MESSAGE][INFO] - Finding web element with id: 'Object Repository/A_Version_Nawres/Page_Formulaire_Creation_Dossier/Formulaire_Creation_Dossier_Input/btn_Valider_Attribuer_Numero_Etranger' located by 'By.xpath: //button[@title="Valider et attribuer un numÃ©ro Ã©tranger"]' in '20' second(s)

12-02-2025T14:14:51 - [MESSAGE][INFO] - Found 1 web elements with id: 'Object Repository/A_Version_Nawres/Page_Formulaire_Creation_Dossier/Formulaire_Creation_Dossier_Input/btn_Valider_Attribuer_Numero_Etranger' located by 'By.xpath: //button[@title="Valider et attribuer un numÃ©ro Ã©tranger"]' in '20' second(s)

12-02-2025T14:14:51 - [MESSAGE][INFO] - Checking object

12-02-2025T14:14:51 - [MESSAGE][INFO] - Checking timeout

12-02-2025T14:14:51 - [MESSAGE][INFO] - Finding web element from Test Object's properties

12-02-2025T14:14:51 - [MESSAGE][INFO] - Checking timeout

12-02-2025T14:14:51 - [MESSAGE][INFO] - Finding web element with id: 'Object Repository/A_Version_Nawres/Page_Formulaire_Creation_Dossier/Formulaire_Creation_Dossier_Input/btn_Valider_Attribuer_Numero_Etranger' located by 'By.xpath: //button[@title="Valider et attribuer un numÃ©ro Ã©tranger"]' in '2' second(s)

12-02-2025T14:14:51 - [MESSAGE][INFO] - Found 1 web elements with id: 'Object Repository/A_Version_Nawres/Page_Formulaire_Creation_Dossier/Formulaire_Creation_Dossier_Input/btn_Valider_Attribuer_Numero_Etranger' located by 'By.xpath: //button[@title="Valider et attribuer un numÃ©ro Ã©tranger"]' in '2' second(s)

12-02-2025T14:14:51 - [MESSAGE][INFO] - Clicking on object: 'Object Repository/A_Version_Nawres/Page_Formulaire_Creation_Dossier/Formulaire_Creation_Dossier_Input/btn_Valider_Attribuer_Numero_Etranger'

12-02-2025T14:14:52 - [MESSAGE][PASSED] - Object: 'Object Repository/A_Version_Nawres/Page_Formulaire_Creation_Dossier/Formulaire_Creation_Dossier_Input/btn_Valider_Attribuer_Numero_Etranger' is clicked on

12-02-2025T14:14:52 - [TEST_STEP][PASSED] - switch (OrigineDossier): null

12-02-2025T14:14:52 - [TEST_STEP][PASSED] - case "Asile":: All options with label 'Asile' are selected in object 'Object Repository/A_Version_Nawres/Page_Formulaire_Creation_Dossier/Formulaire_Creation_Dossier_Input/select_Origine_Dossier' 

12-02-2025T14:14:52 - [TEST_STEP][PASSED] - selectOptionByLabel(findTestObject("Object Repository/A_Version_Nawres/Page_Formulaire_Creation_Dossier/Formulaire_Creation_Dossier_Input/select_Origine_Dossier"), "Asile", false, STOP_ON_FAILURE): All options with label 'Asile' are selected in object 'Object Repository/A_Version_Nawres/Page_Formulaire_Creation_Dossier/Formulaire_Creation_Dossier_Input/select_Origine_Dossier' 

12-02-2025T14:14:52 - [MESSAGE][INFO] - Finding Test Object 'Object Repository/A_Version_Nawres/Page_Formulaire_Creation_Dossier/Formulaire_Creation_Dossier_Input/select_Origine_Dossier'

12-02-2025T14:14:52 - [MESSAGE][INFO] - Checking timeout

12-02-2025T14:14:52 - [MESSAGE][INFO] - Finding web element with id: 'Object Repository/A_Version_Nawres/Page_Formulaire_Creation_Dossier/Formulaire_Creation_Dossier_Input/select_Origine_Dossier' located by 'By.xpath: //select[@id="code_flux"]' in '20' second(s)

12-02-2025T14:14:52 - [MESSAGE][INFO] - Found 1 web elements with id: 'Object Repository/A_Version_Nawres/Page_Formulaire_Creation_Dossier/Formulaire_Creation_Dossier_Input/select_Origine_Dossier' located by 'By.xpath: //select[@id="code_flux"]' in '20' second(s)

12-02-2025T14:14:52 - [MESSAGE][INFO] - Checking object

12-02-2025T14:14:52 - [MESSAGE][INFO] - Checking label parameter

12-02-2025T14:14:52 - [MESSAGE][INFO] - Finding web element from Test Object's properties

12-02-2025T14:14:52 - [MESSAGE][INFO] - Checking timeout

12-02-2025T14:14:52 - [MESSAGE][INFO] - Finding web element with id: 'Object Repository/A_Version_Nawres/Page_Formulaire_Creation_Dossier/Formulaire_Creation_Dossier_Input/select_Origine_Dossier' located by 'By.xpath: //select[@id="code_flux"]' in '2' second(s)

12-02-2025T14:14:52 - [MESSAGE][INFO] - Found 1 web elements with id: 'Object Repository/A_Version_Nawres/Page_Formulaire_Creation_Dossier/Formulaire_Creation_Dossier_Input/select_Origine_Dossier' located by 'By.xpath: //select[@id="code_flux"]' in '2' second(s)

12-02-2025T14:14:52 - [MESSAGE][INFO] - Selecting options on object 'Object Repository/A_Version_Nawres/Page_Formulaire_Creation_Dossier/Formulaire_Creation_Dossier_Input/select_Origine_Dossier' with label 'Asile' 

12-02-2025T14:14:53 - [MESSAGE][PASSED] - All options with label 'Asile' are selected in object 'Object Repository/A_Version_Nawres/Page_Formulaire_Creation_Dossier/Formulaire_Creation_Dossier_Input/select_Origine_Dossier' 

12-02-2025T14:14:53 - [TEST_STEP][PASSED] - Default: null

12-02-2025T14:14:53 - [TEST_STEP][PASSED] - break: null

12-02-2025T14:14:53 - [TEST_STEP][PASSED] - scrollToElement(findTestObject("Object Repository/A_Version_Nawres/Page_Formulaire_Creation_Dossier/Formulaire_Creation_Dossier_Input/btn_Confirmer_Attribuer_Numero_Etranger"), 5): Scroll to object 'Object Repository/A_Version_Nawres/Page_Formulaire_Creation_Dossier/Formulaire_Creation_Dossier_Input/btn_Confirmer_Attribuer_Numero_Etranger' successfully

12-02-2025T14:14:53 - [MESSAGE][INFO] - Finding Test Object 'Object Repository/A_Version_Nawres/Page_Formulaire_Creation_Dossier/Formulaire_Creation_Dossier_Input/btn_Confirmer_Attribuer_Numero_Etranger'

12-02-2025T14:14:54 - [MESSAGE][INFO] - Checking object

12-02-2025T14:14:54 - [MESSAGE][INFO] - Checking timeout

12-02-2025T14:14:54 - [MESSAGE][INFO] - Finding web element from Test Object's properties

12-02-2025T14:14:54 - [MESSAGE][INFO] - Checking timeout

12-02-2025T14:14:54 - [MESSAGE][INFO] - Finding web element with id: 'Object Repository/A_Version_Nawres/Page_Formulaire_Creation_Dossier/Formulaire_Creation_Dossier_Input/btn_Confirmer_Attribuer_Numero_Etranger' located by 'By.xpath:  //button[contains(text(),'Confirmer et attribuer un numÃ©ro Ã©tranger')]' in '2' second(s)

12-02-2025T14:14:54 - [MESSAGE][INFO] - Found 1 web elements with id: 'Object Repository/A_Version_Nawres/Page_Formulaire_Creation_Dossier/Formulaire_Creation_Dossier_Input/btn_Confirmer_Attribuer_Numero_Etranger' located by 'By.xpath:  //button[contains(text(),'Confirmer et attribuer un numÃ©ro Ã©tranger')]' in '2' second(s)

12-02-2025T14:14:54 - [MESSAGE][INFO] - Scrolling to object 'Object Repository/A_Version_Nawres/Page_Formulaire_Creation_Dossier/Formulaire_Creation_Dossier_Input/btn_Confirmer_Attribuer_Numero_Etranger'

12-02-2025T14:14:54 - [MESSAGE][PASSED] - Scroll to object 'Object Repository/A_Version_Nawres/Page_Formulaire_Creation_Dossier/Formulaire_Creation_Dossier_Input/btn_Confirmer_Attribuer_Numero_Etranger' successfully

12-02-2025T14:14:54 - [TEST_STEP][PASSED] - click(findTestObject("Object Repository/A_Version_Nawres/Page_Formulaire_Creation_Dossier/Formulaire_Creation_Dossier_Input/btn_Confirmer_Attribuer_Numero_Etranger"), STOP_ON_FAILURE): Object: 'Object Repository/A_Version_Nawres/Page_Formulaire_Creation_Dossier/Formulaire_Creation_Dossier_Input/btn_Confirmer_Attribuer_Numero_Etranger' is clicked on

12-02-2025T14:14:54 - [MESSAGE][INFO] - Finding Test Object 'Object Repository/A_Version_Nawres/Page_Formulaire_Creation_Dossier/Formulaire_Creation_Dossier_Input/btn_Confirmer_Attribuer_Numero_Etranger'

12-02-2025T14:14:54 - [MESSAGE][INFO] - Checking timeout

12-02-2025T14:14:54 - [MESSAGE][INFO] - Finding web element with id: 'Object Repository/A_Version_Nawres/Page_Formulaire_Creation_Dossier/Formulaire_Creation_Dossier_Input/btn_Confirmer_Attribuer_Numero_Etranger' located by 'By.xpath:  //button[contains(text(),'Confirmer et attribuer un numÃ©ro Ã©tranger')]' in '20' second(s)

12-02-2025T14:14:54 - [MESSAGE][INFO] - Found 1 web elements with id: 'Object Repository/A_Version_Nawres/Page_Formulaire_Creation_Dossier/Formulaire_Creation_Dossier_Input/btn_Confirmer_Attribuer_Numero_Etranger' located by 'By.xpath:  //button[contains(text(),'Confirmer et attribuer un numÃ©ro Ã©tranger')]' in '20' second(s)

12-02-2025T14:14:54 - [MESSAGE][INFO] - Checking object

12-02-2025T14:14:54 - [MESSAGE][INFO] - Checking timeout

12-02-2025T14:14:54 - [MESSAGE][INFO] - Finding web element from Test Object's properties

12-02-2025T14:14:54 - [MESSAGE][INFO] - Checking timeout

12-02-2025T14:14:54 - [MESSAGE][INFO] - Finding web element with id: 'Object Repository/A_Version_Nawres/Page_Formulaire_Creation_Dossier/Formulaire_Creation_Dossier_Input/btn_Confirmer_Attribuer_Numero_Etranger' located by 'By.xpath:  //button[contains(text(),'Confirmer et attribuer un numÃ©ro Ã©tranger')]' in '2' second(s)

12-02-2025T14:14:54 - [MESSAGE][INFO] - Found 1 web elements with id: 'Object Repository/A_Version_Nawres/Page_Formulaire_Creation_Dossier/Formulaire_Creation_Dossier_Input/btn_Confirmer_Attribuer_Numero_Etranger' located by 'By.xpath:  //button[contains(text(),'Confirmer et attribuer un numÃ©ro Ã©tranger')]' in '2' second(s)

12-02-2025T14:14:54 - [MESSAGE][INFO] - Clicking on object: 'Object Repository/A_Version_Nawres/Page_Formulaire_Creation_Dossier/Formulaire_Creation_Dossier_Input/btn_Confirmer_Attribuer_Numero_Etranger'

12-02-2025T14:14:55 - [MESSAGE][PASSED] - Object: 'Object Repository/A_Version_Nawres/Page_Formulaire_Creation_Dossier/Formulaire_Creation_Dossier_Input/btn_Confirmer_Attribuer_Numero_Etranger' is clicked on

12-02-2025T14:14:55 - [TEST_STEP][PASSED] - NumeroEtrangerGenere = getText(findTestObject("Object Repository/A_Version_Nawres/Page_Formulaire_Creation_Dossier/Formulaire_Creation_Dossier_Input/p_Numero_Etranger_Genere")): Text of object 'Object Repository/A_Version_Nawres/Page_Formulaire_Creation_Dossier/Formulaire_Creation_Dossier_Input/p_Numero_Etranger_Genere' is: '-'

12-02-2025T14:14:55 - [MESSAGE][INFO] - Finding Test Object 'Object Repository/A_Version_Nawres/Page_Formulaire_Creation_Dossier/Formulaire_Creation_Dossier_Input/p_Numero_Etranger_Genere'

12-02-2025T14:14:55 - [MESSAGE][INFO] - Checking object

12-02-2025T14:14:55 - [MESSAGE][INFO] - Finding web element from Test Object's properties

12-02-2025T14:14:55 - [MESSAGE][INFO] - Checking timeout

12-02-2025T14:14:55 - [MESSAGE][INFO] - Finding web element with id: 'Object Repository/A_Version_Nawres/Page_Formulaire_Creation_Dossier/Formulaire_Creation_Dossier_Input/p_Numero_Etranger_Genere' located by 'By.xpath: /html/body/app-root/app-layout-borderless//div/app-prise-mesure/div/app-dsfr-onglet-tab//div/app-fiche-etranger//div/section[2]/div/div/div[1]/p[text()]' in '2' second(s)

12-02-2025T14:14:55 - [MESSAGE][INFO] - Found 1 web elements with id: 'Object Repository/A_Version_Nawres/Page_Formulaire_Creation_Dossier/Formulaire_Creation_Dossier_Input/p_Numero_Etranger_Genere' located by 'By.xpath: /html/body/app-root/app-layout-borderless//div/app-prise-mesure/div/app-dsfr-onglet-tab//div/app-fiche-etranger//div/section[2]/div/div/div[1]/p[text()]' in '2' second(s)

12-02-2025T14:14:55 - [MESSAGE][INFO] - Getting text of object 'Object Repository/A_Version_Nawres/Page_Formulaire_Creation_Dossier/Formulaire_Creation_Dossier_Input/p_Numero_Etranger_Genere'

12-02-2025T14:14:55 - [MESSAGE][PASSED] - Text of object 'Object Repository/A_Version_Nawres/Page_Formulaire_Creation_Dossier/Formulaire_Creation_Dossier_Input/p_Numero_Etranger_Genere' is: '-'

12-02-2025T14:14:55 - [TEST_STEP][PASSED] - NumeroEtranger = NumeroEtrangerGenere: null

12-02-2025T14:14:55 - [TEST_STEP][PASSED] - println(NumeroEtrangerGenere): null

12-02-2025T14:14:55 - [TEST_STEP][PASSED] - println(NumeroEtranger): null

12-02-2025T14:14:55 - [MESSAGE][PASSED] - Call Test Case 'Test Cases/Test Reutilisable/Main/AVersion_Nawres/ANEF_Formulaire_Creation_Dossier' successfully

12-02-2025T14:14:55 - [TEST_STEP][PASSED] - println(NumeroEtranger): null

12-02-2025T14:14:55 - [TEST_STEP][PASSED] - callTestCase(findTestCase("Test Cases/Test Reutilisable/Main/AVersion_Nawres/ANEF_Prendre_Mesure"), ["Mesure":Mesure, "FondementLegal":FondementLegal, "NatureDeLacteExpulsion":NatureDeLacteExpulsion, "NatureDeLacteExpulsion":NatureDeLacteExpulsion, ... ], STOP_ON_FAILURE): Call Test Case 'Test Cases/Test Reutilisable/Main/AVersion_Nawres/ANEF_Prendre_Mesure' successfully

12-02-2025T14:14:55 - [MESSAGE][INFO] - Checking called Test Case

12-02-2025T14:14:55 - [MESSAGE][INFO] - Starting to call Test Case 'Test Cases/Test Reutilisable/Main/AVersion_Nawres/ANEF_Prendre_Mesure'

12-02-2025T14:14:55 - [TEST_CASE][PASSED] - Test Cases/Test Reutilisable/Main/AVersion_Nawres/ANEF_Prendre_Mesure: Test Cases/Test Reutilisable/Main/AVersion_Nawres/ANEF_Prendre_Mesure

12-02-2025T14:14:55 - [TEST_STEP][PASSED] - click(findTestObject("Object Repository/A_Version_Nawres/Page_Prendre_Mesure/btn_Prendre_Mesure"), STOP_ON_FAILURE): Object: 'Object Repository/A_Version_Nawres/Page_Prendre_Mesure/btn_Prendre_Mesure' is clicked on

12-02-2025T14:14:55 - [MESSAGE][INFO] - Finding Test Object 'Object Repository/A_Version_Nawres/Page_Prendre_Mesure/btn_Prendre_Mesure'

12-02-2025T14:14:55 - [MESSAGE][INFO] - Checking timeout

12-02-2025T14:14:55 - [MESSAGE][INFO] - Finding web element with id: 'Object Repository/A_Version_Nawres/Page_Prendre_Mesure/btn_Prendre_Mesure' located by 'By.xpath: //button[@title="Prendre une Mesure"]' in '20' second(s)

12-02-2025T14:14:55 - [MESSAGE][INFO] - Found 1 web elements with id: 'Object Repository/A_Version_Nawres/Page_Prendre_Mesure/btn_Prendre_Mesure' located by 'By.xpath: //button[@title="Prendre une Mesure"]' in '20' second(s)

12-02-2025T14:14:55 - [MESSAGE][INFO] - Checking object

12-02-2025T14:14:55 - [MESSAGE][INFO] - Checking timeout

12-02-2025T14:14:55 - [MESSAGE][INFO] - Finding web element from Test Object's properties

12-02-2025T14:14:55 - [MESSAGE][INFO] - Checking timeout

12-02-2025T14:14:55 - [MESSAGE][INFO] - Finding web element with id: 'Object Repository/A_Version_Nawres/Page_Prendre_Mesure/btn_Prendre_Mesure' located by 'By.xpath: //button[@title="Prendre une Mesure"]' in '2' second(s)

12-02-2025T14:14:55 - [MESSAGE][INFO] - Found 1 web elements with id: 'Object Repository/A_Version_Nawres/Page_Prendre_Mesure/btn_Prendre_Mesure' located by 'By.xpath: //button[@title="Prendre une Mesure"]' in '2' second(s)

12-02-2025T14:14:55 - [MESSAGE][INFO] - Clicking on object: 'Object Repository/A_Version_Nawres/Page_Prendre_Mesure/btn_Prendre_Mesure'

12-02-2025T14:14:56 - [MESSAGE][PASSED] - Object: 'Object Repository/A_Version_Nawres/Page_Prendre_Mesure/btn_Prendre_Mesure' is clicked on

12-02-2025T14:14:56 - [TEST_STEP][PASSED] - switch (Mesure): null

12-02-2025T14:14:56 - [TEST_STEP][PASSED] - case "TransfertDublin":: Object 'Object Repository/A_Version_Nawres/Page_Prendre_Mesure/btn_Supprimer_Fiche_Mesure' is present

12-02-2025T14:14:56 - [TEST_STEP][PASSED] - selectOptionByLabel(findTestObject("Object Repository/A_Version_Nawres/Page_Prendre_Mesure/select_Type_Mesure"), "Transfert Dublin", false, STOP_ON_FAILURE): All options with label 'Transfert Dublin' are selected in object 'Object Repository/A_Version_Nawres/Page_Prendre_Mesure/select_Type_Mesure' 

12-02-2025T14:14:56 - [MESSAGE][INFO] - Finding Test Object 'Object Repository/A_Version_Nawres/Page_Prendre_Mesure/select_Type_Mesure'

12-02-2025T14:14:56 - [MESSAGE][INFO] - Checking timeout

12-02-2025T14:14:56 - [MESSAGE][INFO] - Finding web element with id: 'Object Repository/A_Version_Nawres/Page_Prendre_Mesure/select_Type_Mesure' located by 'By.xpath: //select[@id="typeMesure"]' in '20' second(s)

12-02-2025T14:14:56 - [MESSAGE][INFO] - Found 1 web elements with id: 'Object Repository/A_Version_Nawres/Page_Prendre_Mesure/select_Type_Mesure' located by 'By.xpath: //select[@id="typeMesure"]' in '20' second(s)

12-02-2025T14:14:56 - [MESSAGE][INFO] - Checking object

12-02-2025T14:14:56 - [MESSAGE][INFO] - Checking label parameter

12-02-2025T14:14:56 - [MESSAGE][INFO] - Finding web element from Test Object's properties

12-02-2025T14:14:56 - [MESSAGE][INFO] - Checking timeout

12-02-2025T14:14:56 - [MESSAGE][INFO] - Finding web element with id: 'Object Repository/A_Version_Nawres/Page_Prendre_Mesure/select_Type_Mesure' located by 'By.xpath: //select[@id="typeMesure"]' in '2' second(s)

12-02-2025T14:14:56 - [MESSAGE][INFO] - Found 1 web elements with id: 'Object Repository/A_Version_Nawres/Page_Prendre_Mesure/select_Type_Mesure' located by 'By.xpath: //select[@id="typeMesure"]' in '2' second(s)

12-02-2025T14:14:56 - [MESSAGE][INFO] - Selecting options on object 'Object Repository/A_Version_Nawres/Page_Prendre_Mesure/select_Type_Mesure' with label 'Transfert Dublin' 

12-02-2025T14:14:57 - [MESSAGE][PASSED] - All options with label 'Transfert Dublin' are selected in object 'Object Repository/A_Version_Nawres/Page_Prendre_Mesure/select_Type_Mesure' 

12-02-2025T14:14:57 - [TEST_STEP][PASSED] - click(findTestObject("Object Repository/A_Version_Nawres/Page_Prendre_Mesure/btn_Confirmer_Mesure"), STOP_ON_FAILURE): Object: 'Object Repository/A_Version_Nawres/Page_Prendre_Mesure/btn_Confirmer_Mesure' is clicked on

12-02-2025T14:14:57 - [MESSAGE][INFO] - Finding Test Object 'Object Repository/A_Version_Nawres/Page_Prendre_Mesure/btn_Confirmer_Mesure'

12-02-2025T14:14:57 - [MESSAGE][INFO] - Checking timeout

12-02-2025T14:14:57 - [MESSAGE][INFO] - Finding web element with id: 'Object Repository/A_Version_Nawres/Page_Prendre_Mesure/btn_Confirmer_Mesure' located by 'By.xpath: //button[@id="btn-confirme-decision"]' in '20' second(s)

12-02-2025T14:14:57 - [MESSAGE][INFO] - Found 1 web elements with id: 'Object Repository/A_Version_Nawres/Page_Prendre_Mesure/btn_Confirmer_Mesure' located by 'By.xpath: //button[@id="btn-confirme-decision"]' in '20' second(s)

12-02-2025T14:14:57 - [MESSAGE][INFO] - Checking object

12-02-2025T14:14:57 - [MESSAGE][INFO] - Checking timeout

12-02-2025T14:14:57 - [MESSAGE][INFO] - Finding web element from Test Object's properties

12-02-2025T14:14:57 - [MESSAGE][INFO] - Checking timeout

12-02-2025T14:14:57 - [MESSAGE][INFO] - Finding web element with id: 'Object Repository/A_Version_Nawres/Page_Prendre_Mesure/btn_Confirmer_Mesure' located by 'By.xpath: //button[@id="btn-confirme-decision"]' in '2' second(s)

12-02-2025T14:14:57 - [MESSAGE][INFO] - Found 1 web elements with id: 'Object Repository/A_Version_Nawres/Page_Prendre_Mesure/btn_Confirmer_Mesure' located by 'By.xpath: //button[@id="btn-confirme-decision"]' in '2' second(s)

12-02-2025T14:14:57 - [MESSAGE][INFO] - Clicking on object: 'Object Repository/A_Version_Nawres/Page_Prendre_Mesure/btn_Confirmer_Mesure'

12-02-2025T14:14:59 - [MESSAGE][PASSED] - Object: 'Object Repository/A_Version_Nawres/Page_Prendre_Mesure/btn_Confirmer_Mesure' is clicked on

12-02-2025T14:14:59 - [TEST_STEP][PASSED] - verifyElementPresent(findTestObject("Object Repository/A_Version_Nawres/Page_Prendre_Mesure/btn_Supprimer_Fiche_Mesure"), 2, STOP_ON_FAILURE): Object 'Object Repository/A_Version_Nawres/Page_Prendre_Mesure/btn_Supprimer_Fiche_Mesure' is present

12-02-2025T14:14:59 - [MESSAGE][INFO] - Finding Test Object 'Object Repository/A_Version_Nawres/Page_Prendre_Mesure/btn_Supprimer_Fiche_Mesure'

12-02-2025T14:14:59 - [MESSAGE][INFO] - Checking object

12-02-2025T14:14:59 - [MESSAGE][INFO] - Finding web element from Test Object's properties

12-02-2025T14:14:59 - [MESSAGE][INFO] - Checking timeout

12-02-2025T14:14:59 - [MESSAGE][INFO] - Finding web element with id: 'Object Repository/A_Version_Nawres/Page_Prendre_Mesure/btn_Supprimer_Fiche_Mesure' located by 'By.xpath: //button[@title="Supprimer une Mesure"]' in '2' second(s)

12-02-2025T14:14:59 - [MESSAGE][INFO] - Found 1 web elements with id: 'Object Repository/A_Version_Nawres/Page_Prendre_Mesure/btn_Supprimer_Fiche_Mesure' located by 'By.xpath: //button[@title="Supprimer une Mesure"]' in '2' second(s)

12-02-2025T14:14:59 - [MESSAGE][PASSED] - Object 'Object Repository/A_Version_Nawres/Page_Prendre_Mesure/btn_Supprimer_Fiche_Mesure' is present

12-02-2025T14:14:59 - [TEST_STEP][PASSED] - Default: null

12-02-2025T14:15:00 - [TEST_STEP][PASSED] - break: null

12-02-2025T14:15:00 - [TEST_STEP][PASSED] - callTestCase(findTestCase("Test Cases/Test Reutilisable/Main/AVersion_Nawres/ANEF_Prendre_Mesure_Formulaire_1"), ["Mesure":Mesure, "FondementLegal":FondementLegal, "NatureDeLacteExpulsion":NatureDeLacteExpulsion, "UrgenceAbsolueExpulsion":UrgenceAbsolueExpulsion, ... ], STOP_ON_FAILURE): Call Test Case 'Test Cases/Test Reutilisable/Main/AVersion_Nawres/ANEF_Prendre_Mesure_Formulaire_1' successfully

12-02-2025T14:15:00 - [MESSAGE][INFO] - Checking called Test Case

12-02-2025T14:15:00 - [MESSAGE][INFO] - Starting to call Test Case 'Test Cases/Test Reutilisable/Main/AVersion_Nawres/ANEF_Prendre_Mesure_Formulaire_1'

12-02-2025T14:15:00 - [TEST_CASE][PASSED] - Test Cases/Test Reutilisable/Main/AVersion_Nawres/ANEF_Prendre_Mesure_Formulaire_1: Test Cases/Test Reutilisable/Main/AVersion_Nawres/ANEF_Prendre_Mesure_Formulaire_1

12-02-2025T14:15:00 - [TEST_STEP][PASSED] - calendar = Calendar.getInstance(): null

12-02-2025T14:15:00 - [TEST_STEP][PASSED] - currentDate = calendar.getTime(): null

12-02-2025T14:15:00 - [TEST_STEP][PASSED] - sdf = new java.text.SimpleDateFormat(dd/MM/yyyy): null

12-02-2025T14:15:00 - [TEST_STEP][PASSED] - formattedDate = sdf.format(currentDate): null

12-02-2025T14:15:00 - [TEST_STEP][PASSED] - DateActuelle = formattedDate.toString(): null

12-02-2025T14:15:00 - [TEST_STEP][PASSED] - println(DateActuelle): null

12-02-2025T14:15:00 - [TEST_STEP][PASSED] - if (Mesure != "ITF"): null

12-02-2025T14:15:00 - [TEST_STEP][PASSED] - selectOptionByLabel(findTestObject("Object Repository/A_Version_Nawres/Page_Prendre_Mesure_Formulaire_1/select_Fondement_Legal"), FondementLegal, false, STOP_ON_FAILURE): All options with label 'L. 572-1' are selected in object 'Object Repository/A_Version_Nawres/Page_Prendre_Mesure_Formulaire_1/select_Fondement_Legal' 

12-02-2025T14:15:00 - [MESSAGE][INFO] - Finding Test Object 'Object Repository/A_Version_Nawres/Page_Prendre_Mesure_Formulaire_1/select_Fondement_Legal'

12-02-2025T14:15:00 - [MESSAGE][INFO] - Checking timeout

12-02-2025T14:15:00 - [MESSAGE][INFO] - Finding web element with id: 'Object Repository/A_Version_Nawres/Page_Prendre_Mesure_Formulaire_1/select_Fondement_Legal' located by 'By.xpath: //select[@id="fondement_legal"]' in '20' second(s)

12-02-2025T14:15:00 - [MESSAGE][INFO] - Found 1 web elements with id: 'Object Repository/A_Version_Nawres/Page_Prendre_Mesure_Formulaire_1/select_Fondement_Legal' located by 'By.xpath: //select[@id="fondement_legal"]' in '20' second(s)

12-02-2025T14:15:00 - [MESSAGE][INFO] - Checking object

12-02-2025T14:15:00 - [MESSAGE][INFO] - Checking label parameter

12-02-2025T14:15:00 - [MESSAGE][INFO] - Finding web element from Test Object's properties

12-02-2025T14:15:00 - [MESSAGE][INFO] - Checking timeout

12-02-2025T14:15:00 - [MESSAGE][INFO] - Finding web element with id: 'Object Repository/A_Version_Nawres/Page_Prendre_Mesure_Formulaire_1/select_Fondement_Legal' located by 'By.xpath: //select[@id="fondement_legal"]' in '2' second(s)

12-02-2025T14:15:00 - [MESSAGE][INFO] - Found 1 web elements with id: 'Object Repository/A_Version_Nawres/Page_Prendre_Mesure_Formulaire_1/select_Fondement_Legal' located by 'By.xpath: //select[@id="fondement_legal"]' in '2' second(s)

12-02-2025T14:15:00 - [MESSAGE][INFO] - Selecting options on object 'Object Repository/A_Version_Nawres/Page_Prendre_Mesure_Formulaire_1/select_Fondement_Legal' with label 'L. 572-1' 

12-02-2025T14:15:01 - [MESSAGE][PASSED] - All options with label 'L. 572-1' are selected in object 'Object Repository/A_Version_Nawres/Page_Prendre_Mesure_Formulaire_1/select_Fondement_Legal' 

12-02-2025T14:15:01 - [TEST_STEP][PASSED] - if (Mesure == "Expulsion"): null

12-02-2025T14:15:01 - [TEST_STEP][PASSED] - NumberUsagerRandom = tools.MyStringTools.getRandomNumber(10, 99): tools.MyStringTools.getRandomNumber is PASSED

12-02-2025T14:15:01 - [MESSAGE][PASSED] - tools.MyStringTools.getRandomNumber is PASSED

12-02-2025T14:15:01 - [TEST_STEP][PASSED] - println(NumberUsagerRandom): null

12-02-2025T14:15:01 - [TEST_STEP][PASSED] - RandomNumber = NumberUsagerRandom.toString(): null

12-02-2025T14:15:01 - [TEST_STEP][PASSED] - if (Mesure == "OQTF"): null

12-02-2025T14:15:01 - [TEST_STEP][PASSED] - if (Mesure == "RemiseSchengen"): null

12-02-2025T14:15:01 - [TEST_STEP][PASSED] - RandomNumber = tools.MyStringTools.getRandomNumber(1, 30): tools.MyStringTools.getRandomNumber is PASSED

12-02-2025T14:15:01 - [MESSAGE][PASSED] - tools.MyStringTools.getRandomNumber is PASSED

12-02-2025T14:15:01 - [TEST_STEP][PASSED] - println(RandomNumber): null

12-02-2025T14:15:01 - [TEST_STEP][PASSED] - RandomNumberSelect = RandomNumber.toString(): null

12-02-2025T14:15:01 - [TEST_STEP][PASSED] - if (Mesure == "TransfertDublin"): null

12-02-2025T14:15:01 - [TEST_STEP][PASSED] - setText(findTestObject("Object Repository/A_Version_Nawres/Page_Prendre_Mesure_Formulaire_1/input_Date_Transmission_Requete"), DateActuelle, STOP_ON_FAILURE): Text '12/02/2025' is set on object 'Object Repository/A_Version_Nawres/Page_Prendre_Mesure_Formulaire_1/input_Date_Transmission_Requete'

12-02-2025T14:15:01 - [MESSAGE][INFO] - Finding Test Object 'Object Repository/A_Version_Nawres/Page_Prendre_Mesure_Formulaire_1/input_Date_Transmission_Requete'

12-02-2025T14:15:01 - [MESSAGE][INFO] - Checking timeout

12-02-2025T14:15:01 - [MESSAGE][INFO] - Finding web element with id: 'Object Repository/A_Version_Nawres/Page_Prendre_Mesure_Formulaire_1/input_Date_Transmission_Requete' located by 'By.xpath: //input[@id="date_transmission_requete"]' in '20' second(s)

12-02-2025T14:15:01 - [MESSAGE][INFO] - Found 1 web elements with id: 'Object Repository/A_Version_Nawres/Page_Prendre_Mesure_Formulaire_1/input_Date_Transmission_Requete' located by 'By.xpath: //input[@id="date_transmission_requete"]' in '20' second(s)

12-02-2025T14:15:01 - [MESSAGE][INFO] - Checking object

12-02-2025T14:15:01 - [MESSAGE][INFO] - Checking text

12-02-2025T14:15:01 - [MESSAGE][INFO] - Finding web element from Test Object's properties

12-02-2025T14:15:01 - [MESSAGE][INFO] - Checking timeout

12-02-2025T14:15:01 - [MESSAGE][INFO] - Finding web element with id: 'Object Repository/A_Version_Nawres/Page_Prendre_Mesure_Formulaire_1/input_Date_Transmission_Requete' located by 'By.xpath: //input[@id="date_transmission_requete"]' in '2' second(s)

12-02-2025T14:15:01 - [MESSAGE][INFO] - Found 1 web elements with id: 'Object Repository/A_Version_Nawres/Page_Prendre_Mesure_Formulaire_1/input_Date_Transmission_Requete' located by 'By.xpath: //input[@id="date_transmission_requete"]' in '2' second(s)

12-02-2025T14:15:01 - [MESSAGE][INFO] - Clearing text of object 'Object Repository/A_Version_Nawres/Page_Prendre_Mesure_Formulaire_1/input_Date_Transmission_Requete'

12-02-2025T14:15:02 - [MESSAGE][INFO] - Finding web element from Test Object's properties

12-02-2025T14:15:02 - [MESSAGE][INFO] - Checking timeout

12-02-2025T14:15:02 - [MESSAGE][INFO] - Finding web element with id: 'Object Repository/A_Version_Nawres/Page_Prendre_Mesure_Formulaire_1/input_Date_Transmission_Requete' located by 'By.xpath: //input[@id="date_transmission_requete"]' in '2' second(s)

12-02-2025T14:15:02 - [MESSAGE][INFO] - Found 1 web elements with id: 'Object Repository/A_Version_Nawres/Page_Prendre_Mesure_Formulaire_1/input_Date_Transmission_Requete' located by 'By.xpath: //input[@id="date_transmission_requete"]' in '2' second(s)

12-02-2025T14:15:02 - [MESSAGE][INFO] - Setting text of object 'Object Repository/A_Version_Nawres/Page_Prendre_Mesure_Formulaire_1/input_Date_Transmission_Requete' to value '12/02/2025'

12-02-2025T14:15:03 - [MESSAGE][PASSED] - Text '12/02/2025' is set on object 'Object Repository/A_Version_Nawres/Page_Prendre_Mesure_Formulaire_1/input_Date_Transmission_Requete'

12-02-2025T14:15:03 - [TEST_STEP][PASSED] - selectOptionByIndex(findTestObject("Object Repository/A_Version_Nawres/Page_Prendre_Mesure_Formulaire_1/select_Etat_Requis"), RandomNumberSelect, STOP_ON_FAILURE): All options with index in [6] are selected on object 'Object Repository/A_Version_Nawres/Page_Prendre_Mesure_Formulaire_1/select_Etat_Requis'

12-02-2025T14:15:03 - [MESSAGE][INFO] - Finding Test Object 'Object Repository/A_Version_Nawres/Page_Prendre_Mesure_Formulaire_1/select_Etat_Requis'

12-02-2025T14:15:03 - [MESSAGE][INFO] - Checking timeout

12-02-2025T14:15:03 - [MESSAGE][INFO] - Finding web element with id: 'Object Repository/A_Version_Nawres/Page_Prendre_Mesure_Formulaire_1/select_Etat_Requis' located by 'By.xpath: //select[@name="pays"]' in '20' second(s)

12-02-2025T14:15:03 - [MESSAGE][INFO] - Found 1 web elements with id: 'Object Repository/A_Version_Nawres/Page_Prendre_Mesure_Formulaire_1/select_Etat_Requis' located by 'By.xpath: //select[@name="pays"]' in '20' second(s)

12-02-2025T14:15:03 - [MESSAGE][INFO] - Checking object

12-02-2025T14:15:03 - [MESSAGE][INFO] - Checking index range

12-02-2025T14:15:03 - [MESSAGE][INFO] - Converting range parameter '6' to index array

12-02-2025T14:15:03 - [MESSAGE][INFO] - Range parameter '6' is converted to index array [6]

12-02-2025T14:15:03 - [MESSAGE][INFO] - Finding web element from Test Object's properties

12-02-2025T14:15:03 - [MESSAGE][INFO] - Checking timeout

12-02-2025T14:15:03 - [MESSAGE][INFO] - Finding web element with id: 'Object Repository/A_Version_Nawres/Page_Prendre_Mesure_Formulaire_1/select_Etat_Requis' located by 'By.xpath: //select[@name="pays"]' in '2' second(s)

12-02-2025T14:15:03 - [MESSAGE][INFO] - Found 1 web elements with id: 'Object Repository/A_Version_Nawres/Page_Prendre_Mesure_Formulaire_1/select_Etat_Requis' located by 'By.xpath: //select[@name="pays"]' in '2' second(s)

12-02-2025T14:15:03 - [MESSAGE][INFO] - Checking index parameters

12-02-2025T14:15:04 - [MESSAGE][INFO] - Selecting options on object 'Object Repository/A_Version_Nawres/Page_Prendre_Mesure_Formulaire_1/select_Etat_Requis' with index in [6]

12-02-2025T14:15:05 - [MESSAGE][INFO] - Option with index 6 is selected

12-02-2025T14:15:05 - [MESSAGE][PASSED] - All options with index in [6] are selected on object 'Object Repository/A_Version_Nawres/Page_Prendre_Mesure_Formulaire_1/select_Etat_Requis'

12-02-2025T14:15:05 - [TEST_STEP][PASSED] - setText(findTestObject("Object Repository/A_Version_Nawres/Page_Prendre_Mesure_Formulaire_1/input_Date_Reponse_Etat_Requis"), DateActuelle, STOP_ON_FAILURE): Text '12/02/2025' is set on object 'Object Repository/A_Version_Nawres/Page_Prendre_Mesure_Formulaire_1/input_Date_Reponse_Etat_Requis'

12-02-2025T14:15:05 - [MESSAGE][INFO] - Finding Test Object 'Object Repository/A_Version_Nawres/Page_Prendre_Mesure_Formulaire_1/input_Date_Reponse_Etat_Requis'

12-02-2025T14:15:05 - [MESSAGE][INFO] - Checking timeout

12-02-2025T14:15:05 - [MESSAGE][INFO] - Finding web element with id: 'Object Repository/A_Version_Nawres/Page_Prendre_Mesure_Formulaire_1/input_Date_Reponse_Etat_Requis' located by 'By.xpath: //input[@id="date_reponse"]' in '20' second(s)

12-02-2025T14:15:05 - [MESSAGE][INFO] - Found 1 web elements with id: 'Object Repository/A_Version_Nawres/Page_Prendre_Mesure_Formulaire_1/input_Date_Reponse_Etat_Requis' located by 'By.xpath: //input[@id="date_reponse"]' in '20' second(s)

12-02-2025T14:15:05 - [MESSAGE][INFO] - Checking object

12-02-2025T14:15:05 - [MESSAGE][INFO] - Checking text

12-02-2025T14:15:05 - [MESSAGE][INFO] - Finding web element from Test Object's properties

12-02-2025T14:15:05 - [MESSAGE][INFO] - Checking timeout

12-02-2025T14:15:05 - [MESSAGE][INFO] - Finding web element with id: 'Object Repository/A_Version_Nawres/Page_Prendre_Mesure_Formulaire_1/input_Date_Reponse_Etat_Requis' located by 'By.xpath: //input[@id="date_reponse"]' in '2' second(s)

12-02-2025T14:15:05 - [MESSAGE][INFO] - Found 1 web elements with id: 'Object Repository/A_Version_Nawres/Page_Prendre_Mesure_Formulaire_1/input_Date_Reponse_Etat_Requis' located by 'By.xpath: //input[@id="date_reponse"]' in '2' second(s)

12-02-2025T14:15:05 - [MESSAGE][INFO] - Clearing text of object 'Object Repository/A_Version_Nawres/Page_Prendre_Mesure_Formulaire_1/input_Date_Reponse_Etat_Requis'

12-02-2025T14:15:06 - [MESSAGE][INFO] - Finding web element from Test Object's properties

12-02-2025T14:15:06 - [MESSAGE][INFO] - Checking timeout

12-02-2025T14:15:06 - [MESSAGE][INFO] - Finding web element with id: 'Object Repository/A_Version_Nawres/Page_Prendre_Mesure_Formulaire_1/input_Date_Reponse_Etat_Requis' located by 'By.xpath: //input[@id="date_reponse"]' in '2' second(s)

12-02-2025T14:15:06 - [MESSAGE][INFO] - Found 1 web elements with id: 'Object Repository/A_Version_Nawres/Page_Prendre_Mesure_Formulaire_1/input_Date_Reponse_Etat_Requis' located by 'By.xpath: //input[@id="date_reponse"]' in '2' second(s)

12-02-2025T14:15:06 - [MESSAGE][INFO] - Setting text of object 'Object Repository/A_Version_Nawres/Page_Prendre_Mesure_Formulaire_1/input_Date_Reponse_Etat_Requis' to value '12/02/2025'

12-02-2025T14:15:07 - [MESSAGE][PASSED] - Text '12/02/2025' is set on object 'Object Repository/A_Version_Nawres/Page_Prendre_Mesure_Formulaire_1/input_Date_Reponse_Etat_Requis'

12-02-2025T14:15:07 - [TEST_STEP][PASSED] - selectOptionByLabel(findTestObject("Object Repository/A_Version_Nawres/Page_Prendre_Mesure_Formulaire_1/select_Decision_Etat_Requis"), DecisionEtatTransfertDublin, false, STOP_ON_FAILURE): All options with label 'Accord' are selected in object 'Object Repository/A_Version_Nawres/Page_Prendre_Mesure_Formulaire_1/select_Decision_Etat_Requis' 

12-02-2025T14:15:07 - [MESSAGE][INFO] - Finding Test Object 'Object Repository/A_Version_Nawres/Page_Prendre_Mesure_Formulaire_1/select_Decision_Etat_Requis'

12-02-2025T14:15:07 - [MESSAGE][INFO] - Checking timeout

12-02-2025T14:15:07 - [MESSAGE][INFO] - Finding web element with id: 'Object Repository/A_Version_Nawres/Page_Prendre_Mesure_Formulaire_1/select_Decision_Etat_Requis' located by 'By.xpath: //select[@name="decision"]' in '20' second(s)

12-02-2025T14:15:07 - [MESSAGE][INFO] - Found 1 web elements with id: 'Object Repository/A_Version_Nawres/Page_Prendre_Mesure_Formulaire_1/select_Decision_Etat_Requis' located by 'By.xpath: //select[@name="decision"]' in '20' second(s)

12-02-2025T14:15:07 - [MESSAGE][INFO] - Checking object

12-02-2025T14:15:07 - [MESSAGE][INFO] - Checking label parameter

12-02-2025T14:15:07 - [MESSAGE][INFO] - Finding web element from Test Object's properties

12-02-2025T14:15:07 - [MESSAGE][INFO] - Checking timeout

12-02-2025T14:15:07 - [MESSAGE][INFO] - Finding web element with id: 'Object Repository/A_Version_Nawres/Page_Prendre_Mesure_Formulaire_1/select_Decision_Etat_Requis' located by 'By.xpath: //select[@name="decision"]' in '2' second(s)

12-02-2025T14:15:07 - [MESSAGE][INFO] - Found 1 web elements with id: 'Object Repository/A_Version_Nawres/Page_Prendre_Mesure_Formulaire_1/select_Decision_Etat_Requis' located by 'By.xpath: //select[@name="decision"]' in '2' second(s)

12-02-2025T14:15:07 - [MESSAGE][INFO] - Selecting options on object 'Object Repository/A_Version_Nawres/Page_Prendre_Mesure_Formulaire_1/select_Decision_Etat_Requis' with label 'Accord' 

12-02-2025T14:15:08 - [MESSAGE][PASSED] - All options with label 'Accord' are selected in object 'Object Repository/A_Version_Nawres/Page_Prendre_Mesure_Formulaire_1/select_Decision_Etat_Requis' 

12-02-2025T14:15:08 - [TEST_STEP][PASSED] - setText(findTestObject("Object Repository/A_Version_Nawres/Page_Prendre_Mesure_Formulaire_1/input_Date_Fin_Validite"), DateActuelle, STOP_ON_FAILURE): Text '12/02/2025' is set on object 'Object Repository/A_Version_Nawres/Page_Prendre_Mesure_Formulaire_1/input_Date_Fin_Validite'

12-02-2025T14:15:08 - [MESSAGE][INFO] - Finding Test Object 'Object Repository/A_Version_Nawres/Page_Prendre_Mesure_Formulaire_1/input_Date_Fin_Validite'

12-02-2025T14:15:08 - [MESSAGE][INFO] - Checking timeout

12-02-2025T14:15:08 - [MESSAGE][INFO] - Finding web element with id: 'Object Repository/A_Version_Nawres/Page_Prendre_Mesure_Formulaire_1/input_Date_Fin_Validite' located by 'By.xpath: //input[@id="date_fin_validite"]' in '20' second(s)

12-02-2025T14:15:08 - [MESSAGE][INFO] - Found 1 web elements with id: 'Object Repository/A_Version_Nawres/Page_Prendre_Mesure_Formulaire_1/input_Date_Fin_Validite' located by 'By.xpath: //input[@id="date_fin_validite"]' in '20' second(s)

12-02-2025T14:15:08 - [MESSAGE][INFO] - Checking object

12-02-2025T14:15:08 - [MESSAGE][INFO] - Checking text

12-02-2025T14:15:08 - [MESSAGE][INFO] - Finding web element from Test Object's properties

12-02-2025T14:15:08 - [MESSAGE][INFO] - Checking timeout

12-02-2025T14:15:08 - [MESSAGE][INFO] - Finding web element with id: 'Object Repository/A_Version_Nawres/Page_Prendre_Mesure_Formulaire_1/input_Date_Fin_Validite' located by 'By.xpath: //input[@id="date_fin_validite"]' in '2' second(s)

12-02-2025T14:15:08 - [MESSAGE][INFO] - Found 1 web elements with id: 'Object Repository/A_Version_Nawres/Page_Prendre_Mesure_Formulaire_1/input_Date_Fin_Validite' located by 'By.xpath: //input[@id="date_fin_validite"]' in '2' second(s)

12-02-2025T14:15:08 - [MESSAGE][INFO] - Clearing text of object 'Object Repository/A_Version_Nawres/Page_Prendre_Mesure_Formulaire_1/input_Date_Fin_Validite'

12-02-2025T14:15:09 - [MESSAGE][INFO] - Finding web element from Test Object's properties

12-02-2025T14:15:09 - [MESSAGE][INFO] - Checking timeout

12-02-2025T14:15:09 - [MESSAGE][INFO] - Finding web element with id: 'Object Repository/A_Version_Nawres/Page_Prendre_Mesure_Formulaire_1/input_Date_Fin_Validite' located by 'By.xpath: //input[@id="date_fin_validite"]' in '2' second(s)

12-02-2025T14:15:09 - [MESSAGE][INFO] - Found 1 web elements with id: 'Object Repository/A_Version_Nawres/Page_Prendre_Mesure_Formulaire_1/input_Date_Fin_Validite' located by 'By.xpath: //input[@id="date_fin_validite"]' in '2' second(s)

12-02-2025T14:15:09 - [MESSAGE][INFO] - Setting text of object 'Object Repository/A_Version_Nawres/Page_Prendre_Mesure_Formulaire_1/input_Date_Fin_Validite' to value '12/02/2025'

12-02-2025T14:15:10 - [MESSAGE][PASSED] - Text '12/02/2025' is set on object 'Object Repository/A_Version_Nawres/Page_Prendre_Mesure_Formulaire_1/input_Date_Fin_Validite'

12-02-2025T14:15:10 - [TEST_STEP][PASSED] - setText(findTestObject("Object Repository/A_Version_Nawres/Page_Prendre_Mesure_Formulaire_1/input_Date_Demande_Reexamen"), DateActuelle, STOP_ON_FAILURE): Text '12/02/2025' is set on object 'Object Repository/A_Version_Nawres/Page_Prendre_Mesure_Formulaire_1/input_Date_Demande_Reexamen'

12-02-2025T14:15:10 - [MESSAGE][INFO] - Finding Test Object 'Object Repository/A_Version_Nawres/Page_Prendre_Mesure_Formulaire_1/input_Date_Demande_Reexamen'

12-02-2025T14:15:10 - [MESSAGE][INFO] - Checking timeout

12-02-2025T14:15:10 - [MESSAGE][INFO] - Finding web element with id: 'Object Repository/A_Version_Nawres/Page_Prendre_Mesure_Formulaire_1/input_Date_Demande_Reexamen' located by 'By.xpath: //input[@id="date_demande_reexamen"]' in '20' second(s)

12-02-2025T14:15:10 - [MESSAGE][INFO] - Found 1 web elements with id: 'Object Repository/A_Version_Nawres/Page_Prendre_Mesure_Formulaire_1/input_Date_Demande_Reexamen' located by 'By.xpath: //input[@id="date_demande_reexamen"]' in '20' second(s)

12-02-2025T14:15:10 - [MESSAGE][INFO] - Checking object

12-02-2025T14:15:10 - [MESSAGE][INFO] - Checking text

12-02-2025T14:15:10 - [MESSAGE][INFO] - Finding web element from Test Object's properties

12-02-2025T14:15:10 - [MESSAGE][INFO] - Checking timeout

12-02-2025T14:15:10 - [MESSAGE][INFO] - Finding web element with id: 'Object Repository/A_Version_Nawres/Page_Prendre_Mesure_Formulaire_1/input_Date_Demande_Reexamen' located by 'By.xpath: //input[@id="date_demande_reexamen"]' in '2' second(s)

12-02-2025T14:15:10 - [MESSAGE][INFO] - Found 1 web elements with id: 'Object Repository/A_Version_Nawres/Page_Prendre_Mesure_Formulaire_1/input_Date_Demande_Reexamen' located by 'By.xpath: //input[@id="date_demande_reexamen"]' in '2' second(s)

12-02-2025T14:15:10 - [MESSAGE][INFO] - Clearing text of object 'Object Repository/A_Version_Nawres/Page_Prendre_Mesure_Formulaire_1/input_Date_Demande_Reexamen'

12-02-2025T14:15:11 - [MESSAGE][INFO] - Finding web element from Test Object's properties

12-02-2025T14:15:11 - [MESSAGE][INFO] - Checking timeout

12-02-2025T14:15:11 - [MESSAGE][INFO] - Finding web element with id: 'Object Repository/A_Version_Nawres/Page_Prendre_Mesure_Formulaire_1/input_Date_Demande_Reexamen' located by 'By.xpath: //input[@id="date_demande_reexamen"]' in '2' second(s)

12-02-2025T14:15:11 - [MESSAGE][INFO] - Found 1 web elements with id: 'Object Repository/A_Version_Nawres/Page_Prendre_Mesure_Formulaire_1/input_Date_Demande_Reexamen' located by 'By.xpath: //input[@id="date_demande_reexamen"]' in '2' second(s)

12-02-2025T14:15:11 - [MESSAGE][INFO] - Setting text of object 'Object Repository/A_Version_Nawres/Page_Prendre_Mesure_Formulaire_1/input_Date_Demande_Reexamen' to value '12/02/2025'

12-02-2025T14:15:13 - [MESSAGE][PASSED] - Text '12/02/2025' is set on object 'Object Repository/A_Version_Nawres/Page_Prendre_Mesure_Formulaire_1/input_Date_Demande_Reexamen'

12-02-2025T14:15:13 - [TEST_STEP][PASSED] - setText(findTestObject("Object Repository/A_Version_Nawres/Page_Prendre_Mesure_Formulaire_1/input_Date_Decision_Transfert"), DateActuelle, STOP_ON_FAILURE): Text '12/02/2025' is set on object 'Object Repository/A_Version_Nawres/Page_Prendre_Mesure_Formulaire_1/input_Date_Decision_Transfert'

12-02-2025T14:15:13 - [MESSAGE][INFO] - Finding Test Object 'Object Repository/A_Version_Nawres/Page_Prendre_Mesure_Formulaire_1/input_Date_Decision_Transfert'

12-02-2025T14:15:13 - [MESSAGE][INFO] - Checking timeout

12-02-2025T14:15:13 - [MESSAGE][INFO] - Finding web element with id: 'Object Repository/A_Version_Nawres/Page_Prendre_Mesure_Formulaire_1/input_Date_Decision_Transfert' located by 'By.xpath: //input[@id="date_decision_transfert"]' in '20' second(s)

12-02-2025T14:15:13 - [MESSAGE][INFO] - Found 1 web elements with id: 'Object Repository/A_Version_Nawres/Page_Prendre_Mesure_Formulaire_1/input_Date_Decision_Transfert' located by 'By.xpath: //input[@id="date_decision_transfert"]' in '20' second(s)

12-02-2025T14:15:13 - [MESSAGE][INFO] - Checking object

12-02-2025T14:15:13 - [MESSAGE][INFO] - Checking text

12-02-2025T14:15:13 - [MESSAGE][INFO] - Finding web element from Test Object's properties

12-02-2025T14:15:13 - [MESSAGE][INFO] - Checking timeout

12-02-2025T14:15:13 - [MESSAGE][INFO] - Finding web element with id: 'Object Repository/A_Version_Nawres/Page_Prendre_Mesure_Formulaire_1/input_Date_Decision_Transfert' located by 'By.xpath: //input[@id="date_decision_transfert"]' in '2' second(s)

12-02-2025T14:15:13 - [MESSAGE][INFO] - Found 1 web elements with id: 'Object Repository/A_Version_Nawres/Page_Prendre_Mesure_Formulaire_1/input_Date_Decision_Transfert' located by 'By.xpath: //input[@id="date_decision_transfert"]' in '2' second(s)

12-02-2025T14:15:13 - [MESSAGE][INFO] - Clearing text of object 'Object Repository/A_Version_Nawres/Page_Prendre_Mesure_Formulaire_1/input_Date_Decision_Transfert'

12-02-2025T14:15:14 - [MESSAGE][INFO] - Finding web element from Test Object's properties

12-02-2025T14:15:14 - [MESSAGE][INFO] - Checking timeout

12-02-2025T14:15:14 - [MESSAGE][INFO] - Finding web element with id: 'Object Repository/A_Version_Nawres/Page_Prendre_Mesure_Formulaire_1/input_Date_Decision_Transfert' located by 'By.xpath: //input[@id="date_decision_transfert"]' in '2' second(s)

12-02-2025T14:15:14 - [MESSAGE][INFO] - Found 1 web elements with id: 'Object Repository/A_Version_Nawres/Page_Prendre_Mesure_Formulaire_1/input_Date_Decision_Transfert' located by 'By.xpath: //input[@id="date_decision_transfert"]' in '2' second(s)

12-02-2025T14:15:14 - [MESSAGE][INFO] - Setting text of object 'Object Repository/A_Version_Nawres/Page_Prendre_Mesure_Formulaire_1/input_Date_Decision_Transfert' to value '12/02/2025'

12-02-2025T14:15:15 - [MESSAGE][PASSED] - Text '12/02/2025' is set on object 'Object Repository/A_Version_Nawres/Page_Prendre_Mesure_Formulaire_1/input_Date_Decision_Transfert'

12-02-2025T14:15:15 - [TEST_STEP][PASSED] - selectOptionByIndex(findTestObject("Object Repository/A_Version_Nawres/Page_Prendre_Mesure_Formulaire_1/select_Etat_Transfert"), RandomNumberSelect, STOP_ON_FAILURE): All options with index in [6] are selected on object 'Object Repository/A_Version_Nawres/Page_Prendre_Mesure_Formulaire_1/select_Etat_Transfert'

12-02-2025T14:15:15 - [MESSAGE][INFO] - Finding Test Object 'Object Repository/A_Version_Nawres/Page_Prendre_Mesure_Formulaire_1/select_Etat_Transfert'

12-02-2025T14:15:15 - [MESSAGE][INFO] - Checking timeout

12-02-2025T14:15:15 - [MESSAGE][INFO] - Finding web element with id: 'Object Repository/A_Version_Nawres/Page_Prendre_Mesure_Formulaire_1/select_Etat_Transfert' located by 'By.xpath: //select[@id="etat_transfert"]' in '20' second(s)

12-02-2025T14:15:15 - [MESSAGE][INFO] - Found 1 web elements with id: 'Object Repository/A_Version_Nawres/Page_Prendre_Mesure_Formulaire_1/select_Etat_Transfert' located by 'By.xpath: //select[@id="etat_transfert"]' in '20' second(s)

12-02-2025T14:15:15 - [MESSAGE][INFO] - Checking object

12-02-2025T14:15:15 - [MESSAGE][INFO] - Checking index range

12-02-2025T14:15:15 - [MESSAGE][INFO] - Converting range parameter '6' to index array

12-02-2025T14:15:15 - [MESSAGE][INFO] - Range parameter '6' is converted to index array [6]

12-02-2025T14:15:15 - [MESSAGE][INFO] - Finding web element from Test Object's properties

12-02-2025T14:15:15 - [MESSAGE][INFO] - Checking timeout

12-02-2025T14:15:15 - [MESSAGE][INFO] - Finding web element with id: 'Object Repository/A_Version_Nawres/Page_Prendre_Mesure_Formulaire_1/select_Etat_Transfert' located by 'By.xpath: //select[@id="etat_transfert"]' in '2' second(s)

12-02-2025T14:15:15 - [MESSAGE][INFO] - Found 1 web elements with id: 'Object Repository/A_Version_Nawres/Page_Prendre_Mesure_Formulaire_1/select_Etat_Transfert' located by 'By.xpath: //select[@id="etat_transfert"]' in '2' second(s)

12-02-2025T14:15:15 - [MESSAGE][INFO] - Checking index parameters

12-02-2025T14:15:15 - [MESSAGE][INFO] - Selecting options on object 'Object Repository/A_Version_Nawres/Page_Prendre_Mesure_Formulaire_1/select_Etat_Transfert' with index in [6]

12-02-2025T14:15:16 - [MESSAGE][INFO] - Option with index 6 is selected

12-02-2025T14:15:16 - [MESSAGE][PASSED] - All options with index in [6] are selected on object 'Object Repository/A_Version_Nawres/Page_Prendre_Mesure_Formulaire_1/select_Etat_Transfert'

12-02-2025T14:15:16 - [TEST_STEP][PASSED] - "Ajouter un Etat Requis si  DecisionEtatTransfertDublin = 'Refus' ": null

12-02-2025T14:15:16 - [TEST_STEP][PASSED] - if (DecisionEtatTransfertDublin == "Refus"): null

12-02-2025T14:15:16 - [TEST_STEP][PASSED] - if (Mesure == "ExecutionFicheSIS"): null

12-02-2025T14:15:16 - [TEST_STEP][PASSED] - if (Mesure == "IAT"): null

12-02-2025T14:15:16 - [TEST_STEP][PASSED] - if (Mesure == "ITF"): null

12-02-2025T14:15:16 - [MESSAGE][PASSED] - Call Test Case 'Test Cases/Test Reutilisable/Main/AVersion_Nawres/ANEF_Prendre_Mesure_Formulaire_1' successfully

12-02-2025T14:15:16 - [MESSAGE][PASSED] - Call Test Case 'Test Cases/Test Reutilisable/Main/AVersion_Nawres/ANEF_Prendre_Mesure' successfully

12-02-2025T14:15:18 - [TEST_STEP][PASSED] - Video: Video recording for test case 'Test Cases/Cas D Utilisations/A_Version_Nawres/Eloignement_OQTF' .

12-02-2025T14:15:18 - [MESSAGE][INFO] - Video recording for test case 'Test Cases/Cas D Utilisations/A_Version_Nawres/Eloignement_OQTF' .]]></system-out>
         <system-err><![CDATA[]]></system-err>
      </testcase>
      <testcase name="Test Cases/Cas D Utilisations/A_Version_Nawres/Eloignement_OQTF" time="114.016" classname="Test Cases/Cas D Utilisations/A_Version_Nawres/Eloignement_OQTF" status="PASSED">
         <system-out><![CDATA[12-02-2025T14:15:18 - [TEST_CASE][PASSED] - Test Cases/Cas D Utilisations/A_Version_Nawres/Eloignement_OQTF: Test Cases/Cas D Utilisations/A_Version_Nawres/Eloignement_OQTF

12-02-2025T14:15:18 - [TEST_STEP][PASSED] - callTestCase(findTestCase("Test Cases/Test Reutilisable/Main/AVersion_Nawres/ANEF_Lancer_URL_ANEF"), ["Profiles":Profiles, "EnvExec":EnvExec], STOP_ON_FAILURE): Call Test Case 'Test Cases/Test Reutilisable/Main/AVersion_Nawres/ANEF_Lancer_URL_ANEF' successfully

12-02-2025T14:15:18 - [MESSAGE][INFO] - Checking called Test Case

12-02-2025T14:15:18 - [MESSAGE][INFO] - Starting to call Test Case 'Test Cases/Test Reutilisable/Main/AVersion_Nawres/ANEF_Lancer_URL_ANEF'

12-02-2025T14:15:18 - [TEST_CASE][PASSED] - Test Cases/Test Reutilisable/Main/AVersion_Nawres/ANEF_Lancer_URL_ANEF: Test Cases/Test Reutilisable/Main/AVersion_Nawres/ANEF_Lancer_URL_ANEF

12-02-2025T14:15:19 - [TEST_STEP][PASSED] - "Call Highlight.on() automatically": null

12-02-2025T14:15:19 - [TEST_STEP][PASSED] - projDir = getProjectDir(): null

12-02-2025T14:15:19 - [TEST_STEP][PASSED] - RunBrowserConfiguration = getExecutionProperties(): null

12-02-2025T14:15:19 - [TEST_STEP][PASSED] - DriverName = get("WebUI").get("browserType"): null

12-02-2025T14:15:19 - [TEST_STEP][PASSED] - println("DriverName :" + DriverName): null

12-02-2025T14:15:19 - [TEST_STEP][PASSED] - println("Driverpath :" + RunBrowserConfiguration.get("drivers")): null

12-02-2025T14:15:19 - [TEST_STEP][PASSED] - if (Profiles == "Usager"): null

12-02-2025T14:15:19 - [TEST_STEP][PASSED] - if (Profiles == "Agent"): Current window maximized

12-02-2025T14:15:19 - [TEST_STEP][PASSED] - if (EnvExec == "URLPortailAgentQualif"): null

12-02-2025T14:15:19 - [TEST_STEP][PASSED] - if (EnvExec == "URLPortailAgentPreProd"): Browser is opened with url: 'https://preprod.siaef.dgef.interieur.gouv.fr/sejour/#/accueil'

12-02-2025T14:15:19 - [TEST_STEP][PASSED] - openBrowser(URLPortailAgentPreProd): Browser is opened with url: 'https://preprod.siaef.dgef.interieur.gouv.fr/sejour/#/accueil'

12-02-2025T14:15:19 - [MESSAGE][INFO] - Opening browser

12-02-2025T14:15:19 - [MESSAGE][WARNING] - A browser is already opened. Closing browser and opening a new one

12-02-2025T14:15:20 - [MESSAGE][INFO] - Starting 'Chrome' driver

12-02-2025T14:15:20 - [MESSAGE][INFO] - User set preference: ['args', '[--incognito, --disable-search-engine-choice-screen, --enable-automation, --disable-save-password-bubble, --start-maximized, --remote-allow-origins=*]']

12-02-2025T14:15:20 - [MESSAGE][INFO] - User set preference: ['prefs', '{download.default_directory=${GlobalVariable.downloadPath}, download_dir=${GlobalVariable.downloadPath}, download.prompt_for_download=false}']

12-02-2025T14:15:20 - [MESSAGE][INFO] - User set preference: ['loggingPrefs', '{browser=ALL}']

12-02-2025T14:15:20 - [MESSAGE][INFO] - Action delay is set to 1â€¯000 milliseconds

12-02-2025T14:15:22 - [MESSAGE][INFO] - Navigating browser to: 'https://preprod.siaef.dgef.interieur.gouv.fr/sejour/#/accueil'

12-02-2025T14:15:24 - [MESSAGE][PASSED] - Browser is opened with url: 'https://preprod.siaef.dgef.interieur.gouv.fr/sejour/#/accueil'

12-02-2025T14:15:24 - [TEST_STEP][PASSED] - maximizeWindow(): Current window maximized

12-02-2025T14:15:24 - [MESSAGE][INFO] - Maximizing current window

12-02-2025T14:15:24 - [MESSAGE][PASSED] - Current window maximized

12-02-2025T14:15:24 - [MESSAGE][PASSED] - Call Test Case 'Test Cases/Test Reutilisable/Main/AVersion_Nawres/ANEF_Lancer_URL_ANEF' successfully

12-02-2025T14:15:24 - [TEST_STEP][PASSED] - callTestCase(findTestCase("Test Cases/Test Reutilisable/Main/AVersion_Nawres/ANEF_Identification"), ["Profiles":Profiles, "IdentifiantAgent":IdentifiantAgent, "PwAgent":PwAgent, "EnvExec":EnvExec], STOP_ON_FAILURE): Call Test Case 'Test Cases/Test Reutilisable/Main/AVersion_Nawres/ANEF_Identification' successfully

12-02-2025T14:15:24 - [MESSAGE][INFO] - Checking called Test Case

12-02-2025T14:15:24 - [MESSAGE][INFO] - Starting to call Test Case 'Test Cases/Test Reutilisable/Main/AVersion_Nawres/ANEF_Identification'

12-02-2025T14:15:24 - [TEST_CASE][PASSED] - Test Cases/Test Reutilisable/Main/AVersion_Nawres/ANEF_Identification: Test Cases/Test Reutilisable/Main/AVersion_Nawres/ANEF_Identification

12-02-2025T14:15:24 - [TEST_STEP][PASSED] - com.kazurayam.ksbackyard.HighlightElement.pandemic(): com.kazurayam.ksbackyard.HighlightElement.pandemic is PASSED

12-02-2025T14:15:24 - [MESSAGE][PASSED] - com.kazurayam.ksbackyard.HighlightElement.pandemic is PASSED

12-02-2025T14:15:24 - [TEST_STEP][PASSED] - if (Profiles == "Usager"): null

12-02-2025T14:15:24 - [TEST_STEP][PASSED] - if (Profiles == "Agent"): Object: 'Object Repository/A_Version_Nawres/Page_ANEF_Connexion/btn_Valider_Conx_Agent' is clicked on

12-02-2025T14:15:24 - [TEST_STEP][PASSED] - if (EnvExec == "URLPortailAgentQualif"): null

12-02-2025T14:15:24 - [TEST_STEP][PASSED] - if (EnvExec == "URLPortailAgentPreProd"): Text 'Natali12345!' is set on object 'Object Repository/A_Version_Nawres/Page_ANEF_Connexion/Input_PasswordAgent'

12-02-2025T14:15:24 - [TEST_STEP][PASSED] - setText(findTestObject("Object Repository/A_Version_Nawres/Page_ANEF_Connexion/Input_UserNameAgent"), IdentifiantAgent): Text 'test.gpe+970@outlook.fr' is set on object 'Object Repository/A_Version_Nawres/Page_ANEF_Connexion/Input_UserNameAgent'

12-02-2025T14:15:24 - [MESSAGE][INFO] - Finding Test Object 'Object Repository/A_Version_Nawres/Page_ANEF_Connexion/Input_UserNameAgent'

12-02-2025T14:15:24 - [MESSAGE][INFO] - Checking timeout

12-02-2025T14:15:24 - [MESSAGE][INFO] - Finding web element with id: 'Object Repository/A_Version_Nawres/Page_ANEF_Connexion/Input_UserNameAgent' located by 'By.xpath: //*[@aria-labelledby="username-label"]|//*[@id="login"]' in '20' second(s)

12-02-2025T14:15:24 - [MESSAGE][INFO] - Found 1 web elements with id: 'Object Repository/A_Version_Nawres/Page_ANEF_Connexion/Input_UserNameAgent' located by 'By.xpath: //*[@aria-labelledby="username-label"]|//*[@id="login"]' in '20' second(s)

12-02-2025T14:15:24 - [MESSAGE][INFO] - Checking object

12-02-2025T14:15:24 - [MESSAGE][INFO] - Checking text

12-02-2025T14:15:24 - [MESSAGE][INFO] - Finding web element from Test Object's properties

12-02-2025T14:15:24 - [MESSAGE][INFO] - Checking timeout

12-02-2025T14:15:24 - [MESSAGE][INFO] - Finding web element with id: 'Object Repository/A_Version_Nawres/Page_ANEF_Connexion/Input_UserNameAgent' located by 'By.xpath: //*[@aria-labelledby="username-label"]|//*[@id="login"]' in '2' second(s)

12-02-2025T14:15:24 - [MESSAGE][INFO] - Found 1 web elements with id: 'Object Repository/A_Version_Nawres/Page_ANEF_Connexion/Input_UserNameAgent' located by 'By.xpath: //*[@aria-labelledby="username-label"]|//*[@id="login"]' in '2' second(s)

12-02-2025T14:15:24 - [MESSAGE][INFO] - Clearing text of object 'Object Repository/A_Version_Nawres/Page_ANEF_Connexion/Input_UserNameAgent'

12-02-2025T14:15:25 - [MESSAGE][INFO] - Finding web element from Test Object's properties

12-02-2025T14:15:25 - [MESSAGE][INFO] - Checking timeout

12-02-2025T14:15:25 - [MESSAGE][INFO] - Finding web element with id: 'Object Repository/A_Version_Nawres/Page_ANEF_Connexion/Input_UserNameAgent' located by 'By.xpath: //*[@aria-labelledby="username-label"]|//*[@id="login"]' in '2' second(s)

12-02-2025T14:15:25 - [MESSAGE][INFO] - Found 1 web elements with id: 'Object Repository/A_Version_Nawres/Page_ANEF_Connexion/Input_UserNameAgent' located by 'By.xpath: //*[@aria-labelledby="username-label"]|//*[@id="login"]' in '2' second(s)

12-02-2025T14:15:25 - [MESSAGE][INFO] - Setting text of object 'Object Repository/A_Version_Nawres/Page_ANEF_Connexion/Input_UserNameAgent' to value 'test.gpe+970@outlook.fr'

12-02-2025T14:15:26 - [MESSAGE][PASSED] - Text 'test.gpe+970@outlook.fr' is set on object 'Object Repository/A_Version_Nawres/Page_ANEF_Connexion/Input_UserNameAgent'

12-02-2025T14:15:26 - [TEST_STEP][PASSED] - setText(findTestObject("Object Repository/A_Version_Nawres/Page_ANEF_Connexion/Input_PasswordAgent"), PwAgent): Text 'Natali12345!' is set on object 'Object Repository/A_Version_Nawres/Page_ANEF_Connexion/Input_PasswordAgent'

12-02-2025T14:15:26 - [MESSAGE][INFO] - Finding Test Object 'Object Repository/A_Version_Nawres/Page_ANEF_Connexion/Input_PasswordAgent'

12-02-2025T14:15:26 - [MESSAGE][INFO] - Checking timeout

12-02-2025T14:15:26 - [MESSAGE][INFO] - Finding web element with id: 'Object Repository/A_Version_Nawres/Page_ANEF_Connexion/Input_PasswordAgent' located by 'By.xpath: //*[@aria-labelledby="password-label"]|//*[@id="password"]' in '20' second(s)

12-02-2025T14:15:26 - [MESSAGE][INFO] - Found 1 web elements with id: 'Object Repository/A_Version_Nawres/Page_ANEF_Connexion/Input_PasswordAgent' located by 'By.xpath: //*[@aria-labelledby="password-label"]|//*[@id="password"]' in '20' second(s)

12-02-2025T14:15:27 - [MESSAGE][INFO] - Checking object

12-02-2025T14:15:27 - [MESSAGE][INFO] - Checking text

12-02-2025T14:15:27 - [MESSAGE][INFO] - Finding web element from Test Object's properties

12-02-2025T14:15:27 - [MESSAGE][INFO] - Checking timeout

12-02-2025T14:15:27 - [MESSAGE][INFO] - Finding web element with id: 'Object Repository/A_Version_Nawres/Page_ANEF_Connexion/Input_PasswordAgent' located by 'By.xpath: //*[@aria-labelledby="password-label"]|//*[@id="password"]' in '2' second(s)

12-02-2025T14:15:27 - [MESSAGE][INFO] - Found 1 web elements with id: 'Object Repository/A_Version_Nawres/Page_ANEF_Connexion/Input_PasswordAgent' located by 'By.xpath: //*[@aria-labelledby="password-label"]|//*[@id="password"]' in '2' second(s)

12-02-2025T14:15:27 - [MESSAGE][INFO] - Clearing text of object 'Object Repository/A_Version_Nawres/Page_ANEF_Connexion/Input_PasswordAgent'

12-02-2025T14:15:28 - [MESSAGE][INFO] - Finding web element from Test Object's properties

12-02-2025T14:15:28 - [MESSAGE][INFO] - Checking timeout

12-02-2025T14:15:28 - [MESSAGE][INFO] - Finding web element with id: 'Object Repository/A_Version_Nawres/Page_ANEF_Connexion/Input_PasswordAgent' located by 'By.xpath: //*[@aria-labelledby="password-label"]|//*[@id="password"]' in '2' second(s)

12-02-2025T14:15:28 - [MESSAGE][INFO] - Found 1 web elements with id: 'Object Repository/A_Version_Nawres/Page_ANEF_Connexion/Input_PasswordAgent' located by 'By.xpath: //*[@aria-labelledby="password-label"]|//*[@id="password"]' in '2' second(s)

12-02-2025T14:15:28 - [MESSAGE][INFO] - Setting text of object 'Object Repository/A_Version_Nawres/Page_ANEF_Connexion/Input_PasswordAgent' to value 'Natali12345!'

12-02-2025T14:15:29 - [MESSAGE][PASSED] - Text 'Natali12345!' is set on object 'Object Repository/A_Version_Nawres/Page_ANEF_Connexion/Input_PasswordAgent'

12-02-2025T14:15:29 - [TEST_STEP][PASSED] - click(findTestObject("Object Repository/A_Version_Nawres/Page_ANEF_Connexion/btn_Valider_Conx_Agent")): Object: 'Object Repository/A_Version_Nawres/Page_ANEF_Connexion/btn_Valider_Conx_Agent' is clicked on

12-02-2025T14:15:29 - [MESSAGE][INFO] - Finding Test Object 'Object Repository/A_Version_Nawres/Page_ANEF_Connexion/btn_Valider_Conx_Agent'

12-02-2025T14:15:29 - [MESSAGE][INFO] - Checking timeout

12-02-2025T14:15:29 - [MESSAGE][INFO] - Finding web element with id: 'Object Repository/A_Version_Nawres/Page_ANEF_Connexion/btn_Valider_Conx_Agent' located by 'By.xpath: //*[@label="Valider"]|//*[@id="btn-login"]' in '20' second(s)

12-02-2025T14:15:29 - [MESSAGE][INFO] - Found 1 web elements with id: 'Object Repository/A_Version_Nawres/Page_ANEF_Connexion/btn_Valider_Conx_Agent' located by 'By.xpath: //*[@label="Valider"]|//*[@id="btn-login"]' in '20' second(s)

12-02-2025T14:15:29 - [MESSAGE][INFO] - Checking object

12-02-2025T14:15:29 - [MESSAGE][INFO] - Checking timeout

12-02-2025T14:15:29 - [MESSAGE][INFO] - Finding web element from Test Object's properties

12-02-2025T14:15:29 - [MESSAGE][INFO] - Checking timeout

12-02-2025T14:15:29 - [MESSAGE][INFO] - Finding web element with id: 'Object Repository/A_Version_Nawres/Page_ANEF_Connexion/btn_Valider_Conx_Agent' located by 'By.xpath: //*[@label="Valider"]|//*[@id="btn-login"]' in '2' second(s)

12-02-2025T14:15:29 - [MESSAGE][INFO] - Found 1 web elements with id: 'Object Repository/A_Version_Nawres/Page_ANEF_Connexion/btn_Valider_Conx_Agent' located by 'By.xpath: //*[@label="Valider"]|//*[@id="btn-login"]' in '2' second(s)

12-02-2025T14:15:29 - [MESSAGE][INFO] - Clicking on object: 'Object Repository/A_Version_Nawres/Page_ANEF_Connexion/btn_Valider_Conx_Agent'

12-02-2025T14:15:30 - [MESSAGE][PASSED] - Object: 'Object Repository/A_Version_Nawres/Page_ANEF_Connexion/btn_Valider_Conx_Agent' is clicked on

12-02-2025T14:15:30 - [TEST_STEP][PASSED] - delay(5): Delayed 5 second(s)

12-02-2025T14:15:30 - [MESSAGE][INFO] - Delaying browser in 5 second(s)

12-02-2025T14:15:35 - [MESSAGE][PASSED] - Delayed 5 second(s)

12-02-2025T14:15:35 - [TEST_STEP][PASSED] - verifyElementPresent(findTestObject("Object Repository/A_Version_Nawres/Page_Accueil_Principale/btn_ANEF_Eloignement"), 1, STOP_ON_FAILURE): Object 'Object Repository/A_Version_Nawres/Page_Accueil_Principale/btn_ANEF_Eloignement' is present

12-02-2025T14:15:35 - [MESSAGE][INFO] - Finding Test Object 'Object Repository/A_Version_Nawres/Page_Accueil_Principale/btn_ANEF_Eloignement'

12-02-2025T14:15:35 - [MESSAGE][INFO] - Checking object

12-02-2025T14:15:35 - [MESSAGE][INFO] - Finding web element from Test Object's properties

12-02-2025T14:15:35 - [MESSAGE][INFO] - Checking timeout

12-02-2025T14:15:35 - [MESSAGE][INFO] - Finding web element with id: 'Object Repository/A_Version_Nawres/Page_Accueil_Principale/btn_ANEF_Eloignement' located by 'By.xpath: //span[contains(text()," ANEF Ã©loignement ")]' in '1' second(s)

12-02-2025T14:15:35 - [MESSAGE][INFO] - Found 1 web elements with id: 'Object Repository/A_Version_Nawres/Page_Accueil_Principale/btn_ANEF_Eloignement' located by 'By.xpath: //span[contains(text()," ANEF Ã©loignement ")]' in '1' second(s)

12-02-2025T14:15:35 - [MESSAGE][PASSED] - Object 'Object Repository/A_Version_Nawres/Page_Accueil_Principale/btn_ANEF_Eloignement' is present

12-02-2025T14:15:35 - [MESSAGE][PASSED] - Call Test Case 'Test Cases/Test Reutilisable/Main/AVersion_Nawres/ANEF_Identification' successfully

12-02-2025T14:15:35 - [TEST_STEP][PASSED] - callTestCase(findTestCase("Test Cases/Test Reutilisable/Main/AVersion_Nawres/ANEF_Creation_ou_Recherche_Dossier"), ["CreationOuRecherche":CreationOuRecherche], STOP_ON_FAILURE): Call Test Case 'Test Cases/Test Reutilisable/Main/AVersion_Nawres/ANEF_Creation_ou_Recherche_Dossier' successfully

12-02-2025T14:15:35 - [MESSAGE][INFO] - Checking called Test Case

12-02-2025T14:15:35 - [MESSAGE][INFO] - Starting to call Test Case 'Test Cases/Test Reutilisable/Main/AVersion_Nawres/ANEF_Creation_ou_Recherche_Dossier'

12-02-2025T14:15:35 - [TEST_CASE][PASSED] - Test Cases/Test Reutilisable/Main/AVersion_Nawres/ANEF_Creation_ou_Recherche_Dossier: Test Cases/Test Reutilisable/Main/AVersion_Nawres/ANEF_Creation_ou_Recherche_Dossier

12-02-2025T14:15:35 - [TEST_STEP][PASSED] - click(findTestObject("Object Repository/A_Version_Nawres/Page_Accueil_Principale/btn_ANEF_Eloignement")): Object: 'Object Repository/A_Version_Nawres/Page_Accueil_Principale/btn_ANEF_Eloignement' is clicked on

12-02-2025T14:15:35 - [MESSAGE][INFO] - Finding Test Object 'Object Repository/A_Version_Nawres/Page_Accueil_Principale/btn_ANEF_Eloignement'

12-02-2025T14:15:35 - [MESSAGE][INFO] - Checking timeout

12-02-2025T14:15:35 - [MESSAGE][INFO] - Finding web element with id: 'Object Repository/A_Version_Nawres/Page_Accueil_Principale/btn_ANEF_Eloignement' located by 'By.xpath: //span[contains(text()," ANEF Ã©loignement ")]' in '20' second(s)

12-02-2025T14:15:35 - [MESSAGE][INFO] - Found 1 web elements with id: 'Object Repository/A_Version_Nawres/Page_Accueil_Principale/btn_ANEF_Eloignement' located by 'By.xpath: //span[contains(text()," ANEF Ã©loignement ")]' in '20' second(s)

12-02-2025T14:15:35 - [MESSAGE][INFO] - Checking object

12-02-2025T14:15:35 - [MESSAGE][INFO] - Checking timeout

12-02-2025T14:15:35 - [MESSAGE][INFO] - Finding web element from Test Object's properties

12-02-2025T14:15:35 - [MESSAGE][INFO] - Checking timeout

12-02-2025T14:15:35 - [MESSAGE][INFO] - Finding web element with id: 'Object Repository/A_Version_Nawres/Page_Accueil_Principale/btn_ANEF_Eloignement' located by 'By.xpath: //span[contains(text()," ANEF Ã©loignement ")]' in '2' second(s)

12-02-2025T14:15:35 - [MESSAGE][INFO] - Found 1 web elements with id: 'Object Repository/A_Version_Nawres/Page_Accueil_Principale/btn_ANEF_Eloignement' located by 'By.xpath: //span[contains(text()," ANEF Ã©loignement ")]' in '2' second(s)

12-02-2025T14:15:35 - [MESSAGE][INFO] - Clicking on object: 'Object Repository/A_Version_Nawres/Page_Accueil_Principale/btn_ANEF_Eloignement'

12-02-2025T14:15:38 - [MESSAGE][PASSED] - Object: 'Object Repository/A_Version_Nawres/Page_Accueil_Principale/btn_ANEF_Eloignement' is clicked on

12-02-2025T14:15:38 - [TEST_STEP][PASSED] - verifyElementPresent(findTestObject("Object Repository/A_Version_Nawres/Page_Creation_ou_Recherche_Dossier/btn_Rechercher_Dossier"), 1, STOP_ON_FAILURE): Object 'Object Repository/A_Version_Nawres/Page_Creation_ou_Recherche_Dossier/btn_Rechercher_Dossier' is present

12-02-2025T14:15:38 - [MESSAGE][INFO] - Finding Test Object 'Object Repository/A_Version_Nawres/Page_Creation_ou_Recherche_Dossier/btn_Rechercher_Dossier'

12-02-2025T14:15:38 - [MESSAGE][INFO] - Checking object

12-02-2025T14:15:38 - [MESSAGE][INFO] - Finding web element from Test Object's properties

12-02-2025T14:15:38 - [MESSAGE][INFO] - Checking timeout

12-02-2025T14:15:38 - [MESSAGE][INFO] - Finding web element with id: 'Object Repository/A_Version_Nawres/Page_Creation_ou_Recherche_Dossier/btn_Rechercher_Dossier' located by 'By.xpath: //button[@title="Rechercher un dossier"]' in '1' second(s)

12-02-2025T14:15:38 - [MESSAGE][INFO] - Found 1 web elements with id: 'Object Repository/A_Version_Nawres/Page_Creation_ou_Recherche_Dossier/btn_Rechercher_Dossier' located by 'By.xpath: //button[@title="Rechercher un dossier"]' in '1' second(s)

12-02-2025T14:15:38 - [MESSAGE][PASSED] - Object 'Object Repository/A_Version_Nawres/Page_Creation_ou_Recherche_Dossier/btn_Rechercher_Dossier' is present

12-02-2025T14:15:38 - [TEST_STEP][PASSED] - delay(5): Delayed 5 second(s)

12-02-2025T14:15:38 - [MESSAGE][INFO] - Delaying browser in 5 second(s)

12-02-2025T14:15:44 - [MESSAGE][PASSED] - Delayed 5 second(s)

12-02-2025T14:15:44 - [TEST_STEP][PASSED] - if (CreationOuRecherche == "Creation"): Delayed 10 second(s)

12-02-2025T14:15:44 - [TEST_STEP][PASSED] - click(findTestObject("Object Repository/A_Version_Nawres/Page_Creation_ou_Recherche_Dossier/btn_Rechercher_Dossier")): Object: 'Object Repository/A_Version_Nawres/Page_Creation_ou_Recherche_Dossier/btn_Rechercher_Dossier' is clicked on

12-02-2025T14:15:44 - [MESSAGE][INFO] - Finding Test Object 'Object Repository/A_Version_Nawres/Page_Creation_ou_Recherche_Dossier/btn_Rechercher_Dossier'

12-02-2025T14:15:44 - [MESSAGE][INFO] - Checking timeout

12-02-2025T14:15:44 - [MESSAGE][INFO] - Finding web element with id: 'Object Repository/A_Version_Nawres/Page_Creation_ou_Recherche_Dossier/btn_Rechercher_Dossier' located by 'By.xpath: //button[@title="Rechercher un dossier"]' in '20' second(s)

12-02-2025T14:15:44 - [MESSAGE][INFO] - Found 1 web elements with id: 'Object Repository/A_Version_Nawres/Page_Creation_ou_Recherche_Dossier/btn_Rechercher_Dossier' located by 'By.xpath: //button[@title="Rechercher un dossier"]' in '20' second(s)

12-02-2025T14:15:44 - [MESSAGE][INFO] - Checking object

12-02-2025T14:15:44 - [MESSAGE][INFO] - Checking timeout

12-02-2025T14:15:44 - [MESSAGE][INFO] - Finding web element from Test Object's properties

12-02-2025T14:15:44 - [MESSAGE][INFO] - Checking timeout

12-02-2025T14:15:44 - [MESSAGE][INFO] - Finding web element with id: 'Object Repository/A_Version_Nawres/Page_Creation_ou_Recherche_Dossier/btn_Rechercher_Dossier' located by 'By.xpath: //button[@title="Rechercher un dossier"]' in '2' second(s)

12-02-2025T14:15:44 - [MESSAGE][INFO] - Found 1 web elements with id: 'Object Repository/A_Version_Nawres/Page_Creation_ou_Recherche_Dossier/btn_Rechercher_Dossier' located by 'By.xpath: //button[@title="Rechercher un dossier"]' in '2' second(s)

12-02-2025T14:15:44 - [MESSAGE][INFO] - Clicking on object: 'Object Repository/A_Version_Nawres/Page_Creation_ou_Recherche_Dossier/btn_Rechercher_Dossier'

12-02-2025T14:15:45 - [MESSAGE][PASSED] - Object: 'Object Repository/A_Version_Nawres/Page_Creation_ou_Recherche_Dossier/btn_Rechercher_Dossier' is clicked on

12-02-2025T14:15:45 - [TEST_STEP][PASSED] - NumberUsagerRandom = tools.MyStringTools.getRandomNumber(100000000, 9999999999): tools.MyStringTools.getRandomNumber is PASSED

12-02-2025T14:15:45 - [MESSAGE][PASSED] - tools.MyStringTools.getRandomNumber is PASSED

12-02-2025T14:15:45 - [TEST_STEP][PASSED] - println(NumberUsagerRandom): null

12-02-2025T14:15:45 - [TEST_STEP][PASSED] - NumberUsager = NumberUsagerRandom.toString(): null

12-02-2025T14:15:45 - [TEST_STEP][PASSED] - setText(findTestObject("Object Repository/A_Version_Nawres/Page_Creation_ou_Recherche_Dossier/Input_Numero_etranger"), NumberUsager, STOP_ON_FAILURE): Text '3401494394' is set on object 'Object Repository/A_Version_Nawres/Page_Creation_ou_Recherche_Dossier/Input_Numero_etranger'

12-02-2025T14:15:45 - [MESSAGE][INFO] - Finding Test Object 'Object Repository/A_Version_Nawres/Page_Creation_ou_Recherche_Dossier/Input_Numero_etranger'

12-02-2025T14:15:45 - [MESSAGE][INFO] - Checking timeout

12-02-2025T14:15:45 - [MESSAGE][INFO] - Finding web element with id: 'Object Repository/A_Version_Nawres/Page_Creation_ou_Recherche_Dossier/Input_Numero_etranger' located by 'By.xpath: //app-identite-declaree-search-box//div/app-dsfr-input/div/input[@id="identifiant_agdref"]|//app-search-box//div/app-dsfr-input/div/input[@id="identifiant_agdref"]' in '20' second(s)

12-02-2025T14:15:45 - [MESSAGE][INFO] - Found 1 web elements with id: 'Object Repository/A_Version_Nawres/Page_Creation_ou_Recherche_Dossier/Input_Numero_etranger' located by 'By.xpath: //app-identite-declaree-search-box//div/app-dsfr-input/div/input[@id="identifiant_agdref"]|//app-search-box//div/app-dsfr-input/div/input[@id="identifiant_agdref"]' in '20' second(s)

12-02-2025T14:15:45 - [MESSAGE][INFO] - Checking object

12-02-2025T14:15:45 - [MESSAGE][INFO] - Checking text

12-02-2025T14:15:45 - [MESSAGE][INFO] - Finding web element from Test Object's properties

12-02-2025T14:15:45 - [MESSAGE][INFO] - Checking timeout

12-02-2025T14:15:45 - [MESSAGE][INFO] - Finding web element with id: 'Object Repository/A_Version_Nawres/Page_Creation_ou_Recherche_Dossier/Input_Numero_etranger' located by 'By.xpath: //app-identite-declaree-search-box//div/app-dsfr-input/div/input[@id="identifiant_agdref"]|//app-search-box//div/app-dsfr-input/div/input[@id="identifiant_agdref"]' in '2' second(s)

12-02-2025T14:15:45 - [MESSAGE][INFO] - Found 1 web elements with id: 'Object Repository/A_Version_Nawres/Page_Creation_ou_Recherche_Dossier/Input_Numero_etranger' located by 'By.xpath: //app-identite-declaree-search-box//div/app-dsfr-input/div/input[@id="identifiant_agdref"]|//app-search-box//div/app-dsfr-input/div/input[@id="identifiant_agdref"]' in '2' second(s)

12-02-2025T14:15:45 - [MESSAGE][INFO] - Clearing text of object 'Object Repository/A_Version_Nawres/Page_Creation_ou_Recherche_Dossier/Input_Numero_etranger'

12-02-2025T14:15:46 - [MESSAGE][INFO] - Finding web element from Test Object's properties

12-02-2025T14:15:46 - [MESSAGE][INFO] - Checking timeout

12-02-2025T14:15:46 - [MESSAGE][INFO] - Finding web element with id: 'Object Repository/A_Version_Nawres/Page_Creation_ou_Recherche_Dossier/Input_Numero_etranger' located by 'By.xpath: //app-identite-declaree-search-box//div/app-dsfr-input/div/input[@id="identifiant_agdref"]|//app-search-box//div/app-dsfr-input/div/input[@id="identifiant_agdref"]' in '2' second(s)

12-02-2025T14:15:46 - [MESSAGE][INFO] - Found 1 web elements with id: 'Object Repository/A_Version_Nawres/Page_Creation_ou_Recherche_Dossier/Input_Numero_etranger' located by 'By.xpath: //app-identite-declaree-search-box//div/app-dsfr-input/div/input[@id="identifiant_agdref"]|//app-search-box//div/app-dsfr-input/div/input[@id="identifiant_agdref"]' in '2' second(s)

12-02-2025T14:15:46 - [MESSAGE][INFO] - Setting text of object 'Object Repository/A_Version_Nawres/Page_Creation_ou_Recherche_Dossier/Input_Numero_etranger' to value '3401494394'

12-02-2025T14:15:47 - [MESSAGE][PASSED] - Text '3401494394' is set on object 'Object Repository/A_Version_Nawres/Page_Creation_ou_Recherche_Dossier/Input_Numero_etranger'

12-02-2025T14:15:47 - [TEST_STEP][PASSED] - click(findTestObject("Object Repository/A_Version_Nawres/Page_Creation_ou_Recherche_Dossier/Input_Numero_etranger"), STOP_ON_FAILURE): Object: 'Object Repository/A_Version_Nawres/Page_Creation_ou_Recherche_Dossier/Input_Numero_etranger' is clicked on

12-02-2025T14:15:47 - [MESSAGE][INFO] - Finding Test Object 'Object Repository/A_Version_Nawres/Page_Creation_ou_Recherche_Dossier/Input_Numero_etranger'

12-02-2025T14:15:47 - [MESSAGE][INFO] - Checking timeout

12-02-2025T14:15:47 - [MESSAGE][INFO] - Finding web element with id: 'Object Repository/A_Version_Nawres/Page_Creation_ou_Recherche_Dossier/Input_Numero_etranger' located by 'By.xpath: //app-identite-declaree-search-box//div/app-dsfr-input/div/input[@id="identifiant_agdref"]|//app-search-box//div/app-dsfr-input/div/input[@id="identifiant_agdref"]' in '20' second(s)

12-02-2025T14:15:47 - [MESSAGE][INFO] - Found 1 web elements with id: 'Object Repository/A_Version_Nawres/Page_Creation_ou_Recherche_Dossier/Input_Numero_etranger' located by 'By.xpath: //app-identite-declaree-search-box//div/app-dsfr-input/div/input[@id="identifiant_agdref"]|//app-search-box//div/app-dsfr-input/div/input[@id="identifiant_agdref"]' in '20' second(s)

12-02-2025T14:15:47 - [MESSAGE][INFO] - Checking object

12-02-2025T14:15:47 - [MESSAGE][INFO] - Checking timeout

12-02-2025T14:15:47 - [MESSAGE][INFO] - Finding web element from Test Object's properties

12-02-2025T14:15:47 - [MESSAGE][INFO] - Checking timeout

12-02-2025T14:15:47 - [MESSAGE][INFO] - Finding web element with id: 'Object Repository/A_Version_Nawres/Page_Creation_ou_Recherche_Dossier/Input_Numero_etranger' located by 'By.xpath: //app-identite-declaree-search-box//div/app-dsfr-input/div/input[@id="identifiant_agdref"]|//app-search-box//div/app-dsfr-input/div/input[@id="identifiant_agdref"]' in '2' second(s)

12-02-2025T14:15:47 - [MESSAGE][INFO] - Found 1 web elements with id: 'Object Repository/A_Version_Nawres/Page_Creation_ou_Recherche_Dossier/Input_Numero_etranger' located by 'By.xpath: //app-identite-declaree-search-box//div/app-dsfr-input/div/input[@id="identifiant_agdref"]|//app-search-box//div/app-dsfr-input/div/input[@id="identifiant_agdref"]' in '2' second(s)

12-02-2025T14:15:47 - [MESSAGE][INFO] - Clicking on object: 'Object Repository/A_Version_Nawres/Page_Creation_ou_Recherche_Dossier/Input_Numero_etranger'

12-02-2025T14:15:48 - [MESSAGE][PASSED] - Object: 'Object Repository/A_Version_Nawres/Page_Creation_ou_Recherche_Dossier/Input_Numero_etranger' is clicked on

12-02-2025T14:15:48 - [TEST_STEP][PASSED] - scrollToElement(findTestObject("Object Repository/A_Version_Nawres/Page_Creation_ou_Recherche_Dossier/btn_Lancer_La_Recherche"), 5, STOP_ON_FAILURE): Scroll to object 'Object Repository/A_Version_Nawres/Page_Creation_ou_Recherche_Dossier/btn_Lancer_La_Recherche' successfully

12-02-2025T14:15:48 - [MESSAGE][INFO] - Finding Test Object 'Object Repository/A_Version_Nawres/Page_Creation_ou_Recherche_Dossier/btn_Lancer_La_Recherche'

12-02-2025T14:15:48 - [MESSAGE][INFO] - Checking object

12-02-2025T14:15:48 - [MESSAGE][INFO] - Checking timeout

12-02-2025T14:15:48 - [MESSAGE][INFO] - Finding web element from Test Object's properties

12-02-2025T14:15:48 - [MESSAGE][INFO] - Checking timeout

12-02-2025T14:15:48 - [MESSAGE][INFO] - Finding web element with id: 'Object Repository/A_Version_Nawres/Page_Creation_ou_Recherche_Dossier/btn_Lancer_La_Recherche' located by 'By.xpath: //button[contains(text(),"Lancer la recherche ")]' in '2' second(s)

12-02-2025T14:15:48 - [MESSAGE][INFO] - Found 1 web elements with id: 'Object Repository/A_Version_Nawres/Page_Creation_ou_Recherche_Dossier/btn_Lancer_La_Recherche' located by 'By.xpath: //button[contains(text(),"Lancer la recherche ")]' in '2' second(s)

12-02-2025T14:15:48 - [MESSAGE][INFO] - Scrolling to object 'Object Repository/A_Version_Nawres/Page_Creation_ou_Recherche_Dossier/btn_Lancer_La_Recherche'

12-02-2025T14:15:48 - [MESSAGE][PASSED] - Scroll to object 'Object Repository/A_Version_Nawres/Page_Creation_ou_Recherche_Dossier/btn_Lancer_La_Recherche' successfully

12-02-2025T14:15:48 - [TEST_STEP][PASSED] - click(findTestObject("Object Repository/A_Version_Nawres/Page_Creation_ou_Recherche_Dossier/btn_Lancer_La_Recherche"), STOP_ON_FAILURE): Object: 'Object Repository/A_Version_Nawres/Page_Creation_ou_Recherche_Dossier/btn_Lancer_La_Recherche' is clicked on

12-02-2025T14:15:48 - [MESSAGE][INFO] - Finding Test Object 'Object Repository/A_Version_Nawres/Page_Creation_ou_Recherche_Dossier/btn_Lancer_La_Recherche'

12-02-2025T14:15:48 - [MESSAGE][INFO] - Checking timeout

12-02-2025T14:15:48 - [MESSAGE][INFO] - Finding web element with id: 'Object Repository/A_Version_Nawres/Page_Creation_ou_Recherche_Dossier/btn_Lancer_La_Recherche' located by 'By.xpath: //button[contains(text(),"Lancer la recherche ")]' in '20' second(s)

12-02-2025T14:15:48 - [MESSAGE][INFO] - Found 1 web elements with id: 'Object Repository/A_Version_Nawres/Page_Creation_ou_Recherche_Dossier/btn_Lancer_La_Recherche' located by 'By.xpath: //button[contains(text(),"Lancer la recherche ")]' in '20' second(s)

12-02-2025T14:15:48 - [MESSAGE][INFO] - Checking object

12-02-2025T14:15:48 - [MESSAGE][INFO] - Checking timeout

12-02-2025T14:15:48 - [MESSAGE][INFO] - Finding web element from Test Object's properties

12-02-2025T14:15:48 - [MESSAGE][INFO] - Checking timeout

12-02-2025T14:15:48 - [MESSAGE][INFO] - Finding web element with id: 'Object Repository/A_Version_Nawres/Page_Creation_ou_Recherche_Dossier/btn_Lancer_La_Recherche' located by 'By.xpath: //button[contains(text(),"Lancer la recherche ")]' in '2' second(s)

12-02-2025T14:15:48 - [MESSAGE][INFO] - Found 1 web elements with id: 'Object Repository/A_Version_Nawres/Page_Creation_ou_Recherche_Dossier/btn_Lancer_La_Recherche' located by 'By.xpath: //button[contains(text(),"Lancer la recherche ")]' in '2' second(s)

12-02-2025T14:15:48 - [MESSAGE][INFO] - Clicking on object: 'Object Repository/A_Version_Nawres/Page_Creation_ou_Recherche_Dossier/btn_Lancer_La_Recherche'

12-02-2025T14:15:49 - [MESSAGE][PASSED] - Object: 'Object Repository/A_Version_Nawres/Page_Creation_ou_Recherche_Dossier/btn_Lancer_La_Recherche' is clicked on

12-02-2025T14:15:49 - [TEST_STEP][PASSED] - delay(10): Delayed 10 second(s)

12-02-2025T14:15:49 - [MESSAGE][INFO] - Delaying browser in 10 second(s)

12-02-2025T14:15:59 - [MESSAGE][PASSED] - Delayed 10 second(s)

12-02-2025T14:15:59 - [TEST_STEP][PASSED] - scrollToElement(findTestObject("Object Repository/A_Version_Nawres/Page_Creation_ou_Recherche_Dossier/btn_Aucune_Correspondance"), 5, STOP_ON_FAILURE): Scroll to object 'Object Repository/A_Version_Nawres/Page_Creation_ou_Recherche_Dossier/btn_Aucune_Correspondance' successfully

12-02-2025T14:15:59 - [MESSAGE][INFO] - Finding Test Object 'Object Repository/A_Version_Nawres/Page_Creation_ou_Recherche_Dossier/btn_Aucune_Correspondance'

12-02-2025T14:15:59 - [MESSAGE][INFO] - Checking object

12-02-2025T14:15:59 - [MESSAGE][INFO] - Checking timeout

12-02-2025T14:15:59 - [MESSAGE][INFO] - Finding web element from Test Object's properties

12-02-2025T14:15:59 - [MESSAGE][INFO] - Checking timeout

12-02-2025T14:15:59 - [MESSAGE][INFO] - Finding web element with id: 'Object Repository/A_Version_Nawres/Page_Creation_ou_Recherche_Dossier/btn_Aucune_Correspondance' located by 'By.xpath: //button[contains(text()," Aucune correspondance")]' in '2' second(s)

12-02-2025T14:15:59 - [MESSAGE][INFO] - Found 1 web elements with id: 'Object Repository/A_Version_Nawres/Page_Creation_ou_Recherche_Dossier/btn_Aucune_Correspondance' located by 'By.xpath: //button[contains(text()," Aucune correspondance")]' in '2' second(s)

12-02-2025T14:15:59 - [MESSAGE][INFO] - Scrolling to object 'Object Repository/A_Version_Nawres/Page_Creation_ou_Recherche_Dossier/btn_Aucune_Correspondance'

12-02-2025T14:15:59 - [MESSAGE][PASSED] - Scroll to object 'Object Repository/A_Version_Nawres/Page_Creation_ou_Recherche_Dossier/btn_Aucune_Correspondance' successfully

12-02-2025T14:15:59 - [TEST_STEP][PASSED] - click(findTestObject("Object Repository/A_Version_Nawres/Page_Creation_ou_Recherche_Dossier/btn_Aucune_Correspondance"), STOP_ON_FAILURE): Object: 'Object Repository/A_Version_Nawres/Page_Creation_ou_Recherche_Dossier/btn_Aucune_Correspondance' is clicked on

12-02-2025T14:15:59 - [MESSAGE][INFO] - Finding Test Object 'Object Repository/A_Version_Nawres/Page_Creation_ou_Recherche_Dossier/btn_Aucune_Correspondance'

12-02-2025T14:16:00 - [MESSAGE][INFO] - Checking timeout

12-02-2025T14:16:00 - [MESSAGE][INFO] - Finding web element with id: 'Object Repository/A_Version_Nawres/Page_Creation_ou_Recherche_Dossier/btn_Aucune_Correspondance' located by 'By.xpath: //button[contains(text()," Aucune correspondance")]' in '20' second(s)

12-02-2025T14:16:00 - [MESSAGE][INFO] - Found 1 web elements with id: 'Object Repository/A_Version_Nawres/Page_Creation_ou_Recherche_Dossier/btn_Aucune_Correspondance' located by 'By.xpath: //button[contains(text()," Aucune correspondance")]' in '20' second(s)

12-02-2025T14:16:00 - [MESSAGE][INFO] - Checking object

12-02-2025T14:16:00 - [MESSAGE][INFO] - Checking timeout

12-02-2025T14:16:00 - [MESSAGE][INFO] - Finding web element from Test Object's properties

12-02-2025T14:16:00 - [MESSAGE][INFO] - Checking timeout

12-02-2025T14:16:00 - [MESSAGE][INFO] - Finding web element with id: 'Object Repository/A_Version_Nawres/Page_Creation_ou_Recherche_Dossier/btn_Aucune_Correspondance' located by 'By.xpath: //button[contains(text()," Aucune correspondance")]' in '2' second(s)

12-02-2025T14:16:00 - [MESSAGE][INFO] - Found 1 web elements with id: 'Object Repository/A_Version_Nawres/Page_Creation_ou_Recherche_Dossier/btn_Aucune_Correspondance' located by 'By.xpath: //button[contains(text()," Aucune correspondance")]' in '2' second(s)

12-02-2025T14:16:00 - [MESSAGE][INFO] - Clicking on object: 'Object Repository/A_Version_Nawres/Page_Creation_ou_Recherche_Dossier/btn_Aucune_Correspondance'

12-02-2025T14:16:01 - [MESSAGE][PASSED] - Object: 'Object Repository/A_Version_Nawres/Page_Creation_ou_Recherche_Dossier/btn_Aucune_Correspondance' is clicked on

12-02-2025T14:16:01 - [TEST_STEP][PASSED] - click(findTestObject("Object Repository/A_Version_Nawres/Page_Creation_ou_Recherche_Dossier/btn_Creer_Un_Dossier_Etranger"), STOP_ON_FAILURE): Object: 'Object Repository/A_Version_Nawres/Page_Creation_ou_Recherche_Dossier/btn_Creer_Un_Dossier_Etranger' is clicked on

12-02-2025T14:16:01 - [MESSAGE][INFO] - Finding Test Object 'Object Repository/A_Version_Nawres/Page_Creation_ou_Recherche_Dossier/btn_Creer_Un_Dossier_Etranger'

12-02-2025T14:16:01 - [MESSAGE][INFO] - Checking timeout

12-02-2025T14:16:01 - [MESSAGE][INFO] - Finding web element with id: 'Object Repository/A_Version_Nawres/Page_Creation_ou_Recherche_Dossier/btn_Creer_Un_Dossier_Etranger' located by 'By.xpath: //button[contains(text()," CrÃ©er un dossier Ã©tranger ")]' in '20' second(s)

12-02-2025T14:16:01 - [MESSAGE][INFO] - Found 1 web elements with id: 'Object Repository/A_Version_Nawres/Page_Creation_ou_Recherche_Dossier/btn_Creer_Un_Dossier_Etranger' located by 'By.xpath: //button[contains(text()," CrÃ©er un dossier Ã©tranger ")]' in '20' second(s)

12-02-2025T14:16:01 - [MESSAGE][INFO] - Checking object

12-02-2025T14:16:01 - [MESSAGE][INFO] - Checking timeout

12-02-2025T14:16:01 - [MESSAGE][INFO] - Finding web element from Test Object's properties

12-02-2025T14:16:01 - [MESSAGE][INFO] - Checking timeout

12-02-2025T14:16:01 - [MESSAGE][INFO] - Finding web element with id: 'Object Repository/A_Version_Nawres/Page_Creation_ou_Recherche_Dossier/btn_Creer_Un_Dossier_Etranger' located by 'By.xpath: //button[contains(text()," CrÃ©er un dossier Ã©tranger ")]' in '2' second(s)

12-02-2025T14:16:01 - [MESSAGE][INFO] - Found 1 web elements with id: 'Object Repository/A_Version_Nawres/Page_Creation_ou_Recherche_Dossier/btn_Creer_Un_Dossier_Etranger' located by 'By.xpath: //button[contains(text()," CrÃ©er un dossier Ã©tranger ")]' in '2' second(s)

12-02-2025T14:16:01 - [MESSAGE][INFO] - Clicking on object: 'Object Repository/A_Version_Nawres/Page_Creation_ou_Recherche_Dossier/btn_Creer_Un_Dossier_Etranger'

12-02-2025T14:16:02 - [MESSAGE][PASSED] - Object: 'Object Repository/A_Version_Nawres/Page_Creation_ou_Recherche_Dossier/btn_Creer_Un_Dossier_Etranger' is clicked on

12-02-2025T14:16:02 - [TEST_STEP][PASSED] - delay(10): Delayed 10 second(s)

12-02-2025T14:16:02 - [MESSAGE][INFO] - Delaying browser in 10 second(s)

12-02-2025T14:16:12 - [MESSAGE][PASSED] - Delayed 10 second(s)

12-02-2025T14:16:12 - [MESSAGE][PASSED] - Call Test Case 'Test Cases/Test Reutilisable/Main/AVersion_Nawres/ANEF_Creation_ou_Recherche_Dossier' successfully

12-02-2025T14:16:12 - [TEST_STEP][PASSED] - if (CreationOuRecherche == "Creation"): Call Test Case 'Test Cases/Test Reutilisable/Main/AVersion_Nawres/ANEF_Formulaire_Creation_Dossier' successfully

12-02-2025T14:16:12 - [TEST_STEP][PASSED] - callTestCase(findTestCase("Test Cases/Test Reutilisable/Main/AVersion_Nawres/ANEF_Formulaire_Creation_Dossier"), ["CreationOuRecherche":CreationOuRecherche, "Sexe":Sexe, "AnneeNaissance":AnneeNaissance, "Nationnalite":Nationnalite, "OrigineDossier":OrigineDossier, ... ], STOP_ON_FAILURE): Call Test Case 'Test Cases/Test Reutilisable/Main/AVersion_Nawres/ANEF_Formulaire_Creation_Dossier' successfully

12-02-2025T14:16:12 - [MESSAGE][INFO] - Checking called Test Case

12-02-2025T14:16:12 - [MESSAGE][INFO] - Starting to call Test Case 'Test Cases/Test Reutilisable/Main/AVersion_Nawres/ANEF_Formulaire_Creation_Dossier'

12-02-2025T14:16:12 - [TEST_CASE][PASSED] - Test Cases/Test Reutilisable/Main/AVersion_Nawres/ANEF_Formulaire_Creation_Dossier: Test Cases/Test Reutilisable/Main/AVersion_Nawres/ANEF_Formulaire_Creation_Dossier

12-02-2025T14:16:12 - [TEST_STEP][PASSED] - "Onglet 'Dossier etranger'": null

12-02-2025T14:16:12 - [TEST_STEP][PASSED] - verifyElementPresent(findTestObject("Object Repository/A_Version_Nawres/Page_Formulaire_Creation_Dossier/Onglet_Dossier_Etranger"), 1, STOP_ON_FAILURE): Object 'Object Repository/A_Version_Nawres/Page_Formulaire_Creation_Dossier/Onglet_Dossier_Etranger' is present

12-02-2025T14:16:12 - [MESSAGE][INFO] - Finding Test Object 'Object Repository/A_Version_Nawres/Page_Formulaire_Creation_Dossier/Onglet_Dossier_Etranger'

12-02-2025T14:16:12 - [MESSAGE][INFO] - Checking object

12-02-2025T14:16:12 - [MESSAGE][INFO] - Finding web element from Test Object's properties

12-02-2025T14:16:12 - [MESSAGE][INFO] - Checking timeout

12-02-2025T14:16:12 - [MESSAGE][INFO] - Finding web element with id: 'Object Repository/A_Version_Nawres/Page_Formulaire_Creation_Dossier/Onglet_Dossier_Etranger' located by 'By.xpath: /html/body/app-root/app-layout-borderless/div[3]/app-prise-mesure/div/app-dsfr-onglet-tab/div/ul/li[1]/button' in '1' second(s)

12-02-2025T14:16:12 - [MESSAGE][INFO] - Found 1 web elements with id: 'Object Repository/A_Version_Nawres/Page_Formulaire_Creation_Dossier/Onglet_Dossier_Etranger' located by 'By.xpath: /html/body/app-root/app-layout-borderless/div[3]/app-prise-mesure/div/app-dsfr-onglet-tab/div/ul/li[1]/button' in '1' second(s)

12-02-2025T14:16:12 - [MESSAGE][PASSED] - Object 'Object Repository/A_Version_Nawres/Page_Formulaire_Creation_Dossier/Onglet_Dossier_Etranger' is present

12-02-2025T14:16:12 - [TEST_STEP][PASSED] - verifyElementPresent(findTestObject("Object Repository/A_Version_Nawres/Page_Formulaire_Creation_Dossier/Formulaire_Creation_Dossier_Accordeon/lbl_Numero_Etranger"), 1, STOP_ON_FAILURE): Object 'Object Repository/A_Version_Nawres/Page_Formulaire_Creation_Dossier/Formulaire_Creation_Dossier_Accordeon/lbl_Numero_Etranger' is present

12-02-2025T14:16:12 - [MESSAGE][INFO] - Finding Test Object 'Object Repository/A_Version_Nawres/Page_Formulaire_Creation_Dossier/Formulaire_Creation_Dossier_Accordeon/lbl_Numero_Etranger'

12-02-2025T14:16:12 - [MESSAGE][INFO] - Checking object

12-02-2025T14:16:12 - [MESSAGE][INFO] - Finding web element from Test Object's properties

12-02-2025T14:16:12 - [MESSAGE][INFO] - Checking timeout

12-02-2025T14:16:12 - [MESSAGE][INFO] - Finding web element with id: 'Object Repository/A_Version_Nawres/Page_Formulaire_Creation_Dossier/Formulaire_Creation_Dossier_Accordeon/lbl_Numero_Etranger' located by 'By.xpath: /html/body/app-root/app-layout-borderless/div[3]/app-prise-mesure/div/app-dsfr-onglet-tab/div/div[1]/app-fiche-etranger/div/div[2]/section[1]/div/div/div[1]/label' in '1' second(s)

12-02-2025T14:16:12 - [MESSAGE][INFO] - Found 1 web elements with id: 'Object Repository/A_Version_Nawres/Page_Formulaire_Creation_Dossier/Formulaire_Creation_Dossier_Accordeon/lbl_Numero_Etranger' located by 'By.xpath: /html/body/app-root/app-layout-borderless/div[3]/app-prise-mesure/div/app-dsfr-onglet-tab/div/div[1]/app-fiche-etranger/div/div[2]/section[1]/div/div/div[1]/label' in '1' second(s)

12-02-2025T14:16:12 - [MESSAGE][PASSED] - Object 'Object Repository/A_Version_Nawres/Page_Formulaire_Creation_Dossier/Formulaire_Creation_Dossier_Accordeon/lbl_Numero_Etranger' is present

12-02-2025T14:16:12 - [TEST_STEP][PASSED] - verifyElementPresent(findTestObject("Object Repository/A_Version_Nawres/Page_Formulaire_Creation_Dossier/Formulaire_Creation_Dossier_Accordeon/lbl_Prefecture_Gestionnaire"), 1, STOP_ON_FAILURE): Object 'Object Repository/A_Version_Nawres/Page_Formulaire_Creation_Dossier/Formulaire_Creation_Dossier_Accordeon/lbl_Prefecture_Gestionnaire' is present

12-02-2025T14:16:12 - [MESSAGE][INFO] - Finding Test Object 'Object Repository/A_Version_Nawres/Page_Formulaire_Creation_Dossier/Formulaire_Creation_Dossier_Accordeon/lbl_Prefecture_Gestionnaire'

12-02-2025T14:16:12 - [MESSAGE][INFO] - Checking object

12-02-2025T14:16:12 - [MESSAGE][INFO] - Finding web element from Test Object's properties

12-02-2025T14:16:12 - [MESSAGE][INFO] - Checking timeout

12-02-2025T14:16:12 - [MESSAGE][INFO] - Finding web element with id: 'Object Repository/A_Version_Nawres/Page_Formulaire_Creation_Dossier/Formulaire_Creation_Dossier_Accordeon/lbl_Prefecture_Gestionnaire' located by 'By.xpath: /html/body/app-root/app-layout-borderless/div[3]/app-prise-mesure/div/app-dsfr-onglet-tab/div/div[1]/app-fiche-etranger/div/div[2]/section[1]/div/div/div[2]/label' in '1' second(s)

12-02-2025T14:16:12 - [MESSAGE][INFO] - Found 1 web elements with id: 'Object Repository/A_Version_Nawres/Page_Formulaire_Creation_Dossier/Formulaire_Creation_Dossier_Accordeon/lbl_Prefecture_Gestionnaire' located by 'By.xpath: /html/body/app-root/app-layout-borderless/div[3]/app-prise-mesure/div/app-dsfr-onglet-tab/div/div[1]/app-fiche-etranger/div/div[2]/section[1]/div/div/div[2]/label' in '1' second(s)

12-02-2025T14:16:12 - [MESSAGE][PASSED] - Object 'Object Repository/A_Version_Nawres/Page_Formulaire_Creation_Dossier/Formulaire_Creation_Dossier_Accordeon/lbl_Prefecture_Gestionnaire' is present

12-02-2025T14:16:12 - [TEST_STEP][PASSED] - verifyElementPresent(findTestObject("Object Repository/A_Version_Nawres/Page_Formulaire_Creation_Dossier/Formulaire_Creation_Dossier_Accordeon/lbl_Derniere_Modification"), 1, STOP_ON_FAILURE): Object 'Object Repository/A_Version_Nawres/Page_Formulaire_Creation_Dossier/Formulaire_Creation_Dossier_Accordeon/lbl_Derniere_Modification' is present

12-02-2025T14:16:12 - [MESSAGE][INFO] - Finding Test Object 'Object Repository/A_Version_Nawres/Page_Formulaire_Creation_Dossier/Formulaire_Creation_Dossier_Accordeon/lbl_Derniere_Modification'

12-02-2025T14:16:12 - [MESSAGE][INFO] - Checking object

12-02-2025T14:16:12 - [MESSAGE][INFO] - Finding web element from Test Object's properties

12-02-2025T14:16:12 - [MESSAGE][INFO] - Checking timeout

12-02-2025T14:16:12 - [MESSAGE][INFO] - Finding web element with id: 'Object Repository/A_Version_Nawres/Page_Formulaire_Creation_Dossier/Formulaire_Creation_Dossier_Accordeon/lbl_Derniere_Modification' located by 'By.xpath: /html/body/app-root/app-layout-borderless/div[3]/app-prise-mesure/div/app-dsfr-onglet-tab/div/div[1]/app-fiche-etranger/div/div[2]/section[1]/div/div/div[3]/label' in '1' second(s)

12-02-2025T14:16:12 - [MESSAGE][INFO] - Found 1 web elements with id: 'Object Repository/A_Version_Nawres/Page_Formulaire_Creation_Dossier/Formulaire_Creation_Dossier_Accordeon/lbl_Derniere_Modification' located by 'By.xpath: /html/body/app-root/app-layout-borderless/div[3]/app-prise-mesure/div/app-dsfr-onglet-tab/div/div[1]/app-fiche-etranger/div/div[2]/section[1]/div/div/div[3]/label' in '1' second(s)

12-02-2025T14:16:12 - [MESSAGE][PASSED] - Object 'Object Repository/A_Version_Nawres/Page_Formulaire_Creation_Dossier/Formulaire_Creation_Dossier_Accordeon/lbl_Derniere_Modification' is present

12-02-2025T14:16:12 - [TEST_STEP][PASSED] - verifyElementPresent(findTestObject("Object Repository/A_Version_Nawres/Page_Formulaire_Creation_Dossier/Formulaire_Creation_Dossier_Accordeon/Acc_ Reference_Du_Dossier"), 1, STOP_ON_FAILURE): Object 'Object Repository/A_Version_Nawres/Page_Formulaire_Creation_Dossier/Formulaire_Creation_Dossier_Accordeon/Acc_ Reference_Du_Dossier' is present

12-02-2025T14:16:12 - [MESSAGE][INFO] - Finding Test Object 'Object Repository/A_Version_Nawres/Page_Formulaire_Creation_Dossier/Formulaire_Creation_Dossier_Accordeon/Acc_ Reference_Du_Dossier'

12-02-2025T14:16:12 - [MESSAGE][INFO] - Checking object

12-02-2025T14:16:12 - [MESSAGE][INFO] - Finding web element from Test Object's properties

12-02-2025T14:16:12 - [MESSAGE][INFO] - Checking timeout

12-02-2025T14:16:12 - [MESSAGE][INFO] - Finding web element with id: 'Object Repository/A_Version_Nawres/Page_Formulaire_Creation_Dossier/Formulaire_Creation_Dossier_Accordeon/Acc_ Reference_Du_Dossier' located by 'By.xpath: /html/body/app-root/app-layout-borderless/div[3]/app-prise-mesure/div/app-dsfr-onglet-tab/div/div[1]/app-fiche-etranger/div/div[2]/section[2]/div[1]/app-accordeon-reference-dossier/section/h3/button' in '1' second(s)

12-02-2025T14:16:12 - [MESSAGE][INFO] - Found 1 web elements with id: 'Object Repository/A_Version_Nawres/Page_Formulaire_Creation_Dossier/Formulaire_Creation_Dossier_Accordeon/Acc_ Reference_Du_Dossier' located by 'By.xpath: /html/body/app-root/app-layout-borderless/div[3]/app-prise-mesure/div/app-dsfr-onglet-tab/div/div[1]/app-fiche-etranger/div/div[2]/section[2]/div[1]/app-accordeon-reference-dossier/section/h3/button' in '1' second(s)

12-02-2025T14:16:12 - [MESSAGE][PASSED] - Object 'Object Repository/A_Version_Nawres/Page_Formulaire_Creation_Dossier/Formulaire_Creation_Dossier_Accordeon/Acc_ Reference_Du_Dossier' is present

12-02-2025T14:16:12 - [TEST_STEP][PASSED] - verifyElementPresent(findTestObject("Object Repository/A_Version_Nawres/Page_Formulaire_Creation_Dossier/Formulaire_Creation_Dossier_Menu/Menu_Reference_Du_Dossier"), 1, STOP_ON_FAILURE): Object 'Object Repository/A_Version_Nawres/Page_Formulaire_Creation_Dossier/Formulaire_Creation_Dossier_Menu/Menu_Reference_Du_Dossier' is present

12-02-2025T14:16:12 - [MESSAGE][INFO] - Finding Test Object 'Object Repository/A_Version_Nawres/Page_Formulaire_Creation_Dossier/Formulaire_Creation_Dossier_Menu/Menu_Reference_Du_Dossier'

12-02-2025T14:16:12 - [MESSAGE][INFO] - Checking object

12-02-2025T14:16:12 - [MESSAGE][INFO] - Finding web element from Test Object's properties

12-02-2025T14:16:12 - [MESSAGE][INFO] - Checking timeout

12-02-2025T14:16:12 - [MESSAGE][INFO] - Finding web element with id: 'Object Repository/A_Version_Nawres/Page_Formulaire_Creation_Dossier/Formulaire_Creation_Dossier_Menu/Menu_Reference_Du_Dossier' located by 'By.xpath: /html/body/app-root/app-layout-borderless/div[3]/app-prise-mesure/div/app-dsfr-onglet-tab/div/div[1]/app-fiche-etranger/div/div[1]/app-dsfr-sidemenu/nav/div/div/ul[1]/li/a' in '1' second(s)

12-02-2025T14:16:12 - [MESSAGE][INFO] - Found 1 web elements with id: 'Object Repository/A_Version_Nawres/Page_Formulaire_Creation_Dossier/Formulaire_Creation_Dossier_Menu/Menu_Reference_Du_Dossier' located by 'By.xpath: /html/body/app-root/app-layout-borderless/div[3]/app-prise-mesure/div/app-dsfr-onglet-tab/div/div[1]/app-fiche-etranger/div/div[1]/app-dsfr-sidemenu/nav/div/div/ul[1]/li/a' in '1' second(s)

12-02-2025T14:16:12 - [MESSAGE][PASSED] - Object 'Object Repository/A_Version_Nawres/Page_Formulaire_Creation_Dossier/Formulaire_Creation_Dossier_Menu/Menu_Reference_Du_Dossier' is present

12-02-2025T14:16:12 - [TEST_STEP][PASSED] - verifyElementPresent(findTestObject("Object Repository/A_Version_Nawres/Page_Formulaire_Creation_Dossier/Formulaire_Creation_Dossier_Input/input_Numero_De_Dossier_FPR"), 1, STOP_ON_FAILURE): Object 'Object Repository/A_Version_Nawres/Page_Formulaire_Creation_Dossier/Formulaire_Creation_Dossier_Input/input_Numero_De_Dossier_FPR' is present

12-02-2025T14:16:12 - [MESSAGE][INFO] - Finding Test Object 'Object Repository/A_Version_Nawres/Page_Formulaire_Creation_Dossier/Formulaire_Creation_Dossier_Input/input_Numero_De_Dossier_FPR'

12-02-2025T14:16:12 - [MESSAGE][INFO] - Checking object

12-02-2025T14:16:12 - [MESSAGE][INFO] - Finding web element from Test Object's properties

12-02-2025T14:16:12 - [MESSAGE][INFO] - Checking timeout

12-02-2025T14:16:12 - [MESSAGE][INFO] - Finding web element with id: 'Object Repository/A_Version_Nawres/Page_Formulaire_Creation_Dossier/Formulaire_Creation_Dossier_Input/input_Numero_De_Dossier_FPR' located by 'By.xpath: /html/body/app-root/app-layout-borderless/div[3]/app-prise-mesure/div/app-dsfr-onglet-tab/div/div[1]/app-fiche-etranger/div/div[2]/section[2]/div[1]/app-accordeon-reference-dossier/section/div/form/div/div/div/div[2]/app-dsfr-input/div/input' in '1' second(s)

12-02-2025T14:16:12 - [MESSAGE][INFO] - Found 1 web elements with id: 'Object Repository/A_Version_Nawres/Page_Formulaire_Creation_Dossier/Formulaire_Creation_Dossier_Input/input_Numero_De_Dossier_FPR' located by 'By.xpath: /html/body/app-root/app-layout-borderless/div[3]/app-prise-mesure/div/app-dsfr-onglet-tab/div/div[1]/app-fiche-etranger/div/div[2]/section[2]/div[1]/app-accordeon-reference-dossier/section/div/form/div/div/div/div[2]/app-dsfr-input/div/input' in '1' second(s)

12-02-2025T14:16:12 - [MESSAGE][PASSED] - Object 'Object Repository/A_Version_Nawres/Page_Formulaire_Creation_Dossier/Formulaire_Creation_Dossier_Input/input_Numero_De_Dossier_FPR' is present

12-02-2025T14:16:12 - [TEST_STEP][PASSED] - verifyElementPresent(findTestObject("Object Repository/A_Version_Nawres/Page_Formulaire_Creation_Dossier/Formulaire_Creation_Dossier_Input/input_Numero_Dossier_Interne"), 1, STOP_ON_FAILURE): Object 'Object Repository/A_Version_Nawres/Page_Formulaire_Creation_Dossier/Formulaire_Creation_Dossier_Input/input_Numero_Dossier_Interne' is present

12-02-2025T14:16:12 - [MESSAGE][INFO] - Finding Test Object 'Object Repository/A_Version_Nawres/Page_Formulaire_Creation_Dossier/Formulaire_Creation_Dossier_Input/input_Numero_Dossier_Interne'

12-02-2025T14:16:12 - [MESSAGE][INFO] - Checking object

12-02-2025T14:16:12 - [MESSAGE][INFO] - Finding web element from Test Object's properties

12-02-2025T14:16:12 - [MESSAGE][INFO] - Checking timeout

12-02-2025T14:16:12 - [MESSAGE][INFO] - Finding web element with id: 'Object Repository/A_Version_Nawres/Page_Formulaire_Creation_Dossier/Formulaire_Creation_Dossier_Input/input_Numero_Dossier_Interne' located by 'By.xpath: //*[@id="numero_dossier_interne"]' in '1' second(s)

12-02-2025T14:16:12 - [MESSAGE][INFO] - Found 1 web elements with id: 'Object Repository/A_Version_Nawres/Page_Formulaire_Creation_Dossier/Formulaire_Creation_Dossier_Input/input_Numero_Dossier_Interne' located by 'By.xpath: //*[@id="numero_dossier_interne"]' in '1' second(s)

12-02-2025T14:16:12 - [MESSAGE][PASSED] - Object 'Object Repository/A_Version_Nawres/Page_Formulaire_Creation_Dossier/Formulaire_Creation_Dossier_Input/input_Numero_Dossier_Interne' is present

12-02-2025T14:16:12 - [TEST_STEP][PASSED] - verifyElementPresent(findTestObject("Object Repository/A_Version_Nawres/Page_Formulaire_Creation_Dossier/Formulaire_Creation_Dossier_Accordeon/Acc_Etat_Civil"), 1, STOP_ON_FAILURE): Object 'Object Repository/A_Version_Nawres/Page_Formulaire_Creation_Dossier/Formulaire_Creation_Dossier_Accordeon/Acc_Etat_Civil' is present

12-02-2025T14:16:12 - [MESSAGE][INFO] - Finding Test Object 'Object Repository/A_Version_Nawres/Page_Formulaire_Creation_Dossier/Formulaire_Creation_Dossier_Accordeon/Acc_Etat_Civil'

12-02-2025T14:16:12 - [MESSAGE][INFO] - Checking object

12-02-2025T14:16:12 - [MESSAGE][INFO] - Finding web element from Test Object's properties

12-02-2025T14:16:12 - [MESSAGE][INFO] - Checking timeout

12-02-2025T14:16:12 - [MESSAGE][INFO] - Finding web element with id: 'Object Repository/A_Version_Nawres/Page_Formulaire_Creation_Dossier/Formulaire_Creation_Dossier_Accordeon/Acc_Etat_Civil' located by 'By.xpath: //*[@id="accordeon-fiche-etat-civil"]/section/h3/button[contains(text(),"Ã‰tat civil")]' in '1' second(s)

12-02-2025T14:16:12 - [MESSAGE][INFO] - Found 1 web elements with id: 'Object Repository/A_Version_Nawres/Page_Formulaire_Creation_Dossier/Formulaire_Creation_Dossier_Accordeon/Acc_Etat_Civil' located by 'By.xpath: //*[@id="accordeon-fiche-etat-civil"]/section/h3/button[contains(text(),"Ã‰tat civil")]' in '1' second(s)

12-02-2025T14:16:12 - [MESSAGE][PASSED] - Object 'Object Repository/A_Version_Nawres/Page_Formulaire_Creation_Dossier/Formulaire_Creation_Dossier_Accordeon/Acc_Etat_Civil' is present

12-02-2025T14:16:12 - [TEST_STEP][PASSED] - verifyElementPresent(findTestObject("Object Repository/A_Version_Nawres/Page_Formulaire_Creation_Dossier/Formulaire_Creation_Dossier_Menu/Menu_Fiche_Etat_Civil"), 1, STOP_ON_FAILURE): Object 'Object Repository/A_Version_Nawres/Page_Formulaire_Creation_Dossier/Formulaire_Creation_Dossier_Menu/Menu_Fiche_Etat_Civil' is present

12-02-2025T14:16:12 - [MESSAGE][INFO] - Finding Test Object 'Object Repository/A_Version_Nawres/Page_Formulaire_Creation_Dossier/Formulaire_Creation_Dossier_Menu/Menu_Fiche_Etat_Civil'

12-02-2025T14:16:12 - [MESSAGE][INFO] - Checking object

12-02-2025T14:16:12 - [MESSAGE][INFO] - Finding web element from Test Object's properties

12-02-2025T14:16:12 - [MESSAGE][INFO] - Checking timeout

12-02-2025T14:16:12 - [MESSAGE][INFO] - Finding web element with id: 'Object Repository/A_Version_Nawres/Page_Formulaire_Creation_Dossier/Formulaire_Creation_Dossier_Menu/Menu_Fiche_Etat_Civil' located by 'By.xpath: /html/body/app-root/app-layout-borderless/div[3]/app-prise-mesure/div/app-dsfr-onglet-tab/div/div[1]/app-fiche-etranger/div/div[1]/app-dsfr-sidemenu/nav/div/div/ul[2]/li/a' in '1' second(s)

12-02-2025T14:16:13 - [MESSAGE][INFO] - Found 1 web elements with id: 'Object Repository/A_Version_Nawres/Page_Formulaire_Creation_Dossier/Formulaire_Creation_Dossier_Menu/Menu_Fiche_Etat_Civil' located by 'By.xpath: /html/body/app-root/app-layout-borderless/div[3]/app-prise-mesure/div/app-dsfr-onglet-tab/div/div[1]/app-fiche-etranger/div/div[1]/app-dsfr-sidemenu/nav/div/div/ul[2]/li/a' in '1' second(s)

12-02-2025T14:16:13 - [MESSAGE][PASSED] - Object 'Object Repository/A_Version_Nawres/Page_Formulaire_Creation_Dossier/Formulaire_Creation_Dossier_Menu/Menu_Fiche_Etat_Civil' is present

12-02-2025T14:16:13 - [TEST_STEP][PASSED] - verifyElementPresent(findTestObject("Object Repository/A_Version_Nawres/Page_Formulaire_Creation_Dossier/Formulaire_Creation_Dossier_Menu/Menu_Biometrie"), 1, STOP_ON_FAILURE): Object 'Object Repository/A_Version_Nawres/Page_Formulaire_Creation_Dossier/Formulaire_Creation_Dossier_Menu/Menu_Biometrie' is present

12-02-2025T14:16:13 - [MESSAGE][INFO] - Finding Test Object 'Object Repository/A_Version_Nawres/Page_Formulaire_Creation_Dossier/Formulaire_Creation_Dossier_Menu/Menu_Biometrie'

12-02-2025T14:16:13 - [MESSAGE][INFO] - Checking object

12-02-2025T14:16:13 - [MESSAGE][INFO] - Finding web element from Test Object's properties

12-02-2025T14:16:13 - [MESSAGE][INFO] - Checking timeout

12-02-2025T14:16:13 - [MESSAGE][INFO] - Finding web element with id: 'Object Repository/A_Version_Nawres/Page_Formulaire_Creation_Dossier/Formulaire_Creation_Dossier_Menu/Menu_Biometrie' located by 'By.xpath: /html/body/app-root/app-layout-borderless/div[3]/app-prise-mesure/div/app-dsfr-onglet-tab/div/div[1]/app-fiche-etranger/div/div[1]/app-dsfr-sidemenu/nav/div/div/ul[3]/li' in '1' second(s)

12-02-2025T14:16:13 - [MESSAGE][INFO] - Found 1 web elements with id: 'Object Repository/A_Version_Nawres/Page_Formulaire_Creation_Dossier/Formulaire_Creation_Dossier_Menu/Menu_Biometrie' located by 'By.xpath: /html/body/app-root/app-layout-borderless/div[3]/app-prise-mesure/div/app-dsfr-onglet-tab/div/div[1]/app-fiche-etranger/div/div[1]/app-dsfr-sidemenu/nav/div/div/ul[3]/li' in '1' second(s)

12-02-2025T14:16:13 - [MESSAGE][PASSED] - Object 'Object Repository/A_Version_Nawres/Page_Formulaire_Creation_Dossier/Formulaire_Creation_Dossier_Menu/Menu_Biometrie' is present

12-02-2025T14:16:13 - [TEST_STEP][PASSED] - verifyElementPresent(findTestObject("Object Repository/A_Version_Nawres/Page_Formulaire_Creation_Dossier/Formulaire_Creation_Dossier_Accordeon/Acc_ Conditions_D_Entree_En_France"), 1, STOP_ON_FAILURE): Object 'Object Repository/A_Version_Nawres/Page_Formulaire_Creation_Dossier/Formulaire_Creation_Dossier_Accordeon/Acc_ Conditions_D_Entree_En_France' is present

12-02-2025T14:16:13 - [MESSAGE][INFO] - Finding Test Object 'Object Repository/A_Version_Nawres/Page_Formulaire_Creation_Dossier/Formulaire_Creation_Dossier_Accordeon/Acc_ Conditions_D_Entree_En_France'

12-02-2025T14:16:13 - [MESSAGE][INFO] - Checking object

12-02-2025T14:16:13 - [MESSAGE][INFO] - Finding web element from Test Object's properties

12-02-2025T14:16:13 - [MESSAGE][INFO] - Checking timeout

12-02-2025T14:16:13 - [MESSAGE][INFO] - Finding web element with id: 'Object Repository/A_Version_Nawres/Page_Formulaire_Creation_Dossier/Formulaire_Creation_Dossier_Accordeon/Acc_ Conditions_D_Entree_En_France' located by 'By.xpath: //*[@id="accordeon-condition-entree-france"]/section/h3/button' in '1' second(s)

12-02-2025T14:16:13 - [MESSAGE][INFO] - Found 1 web elements with id: 'Object Repository/A_Version_Nawres/Page_Formulaire_Creation_Dossier/Formulaire_Creation_Dossier_Accordeon/Acc_ Conditions_D_Entree_En_France' located by 'By.xpath: //*[@id="accordeon-condition-entree-france"]/section/h3/button' in '1' second(s)

12-02-2025T14:16:13 - [MESSAGE][PASSED] - Object 'Object Repository/A_Version_Nawres/Page_Formulaire_Creation_Dossier/Formulaire_Creation_Dossier_Accordeon/Acc_ Conditions_D_Entree_En_France' is present

12-02-2025T14:16:13 - [TEST_STEP][PASSED] - verifyElementPresent(findTestObject("Object Repository/A_Version_Nawres/Page_Formulaire_Creation_Dossier/Formulaire_Creation_Dossier_Accordeon/Acc_ Conditions_D_Entree_En_France"), 1, STOP_ON_FAILURE): Object 'Object Repository/A_Version_Nawres/Page_Formulaire_Creation_Dossier/Formulaire_Creation_Dossier_Accordeon/Acc_ Conditions_D_Entree_En_France' is present

12-02-2025T14:16:13 - [MESSAGE][INFO] - Finding Test Object 'Object Repository/A_Version_Nawres/Page_Formulaire_Creation_Dossier/Formulaire_Creation_Dossier_Accordeon/Acc_ Conditions_D_Entree_En_France'

12-02-2025T14:16:13 - [MESSAGE][INFO] - Checking object

12-02-2025T14:16:13 - [MESSAGE][INFO] - Finding web element from Test Object's properties

12-02-2025T14:16:13 - [MESSAGE][INFO] - Checking timeout

12-02-2025T14:16:13 - [MESSAGE][INFO] - Finding web element with id: 'Object Repository/A_Version_Nawres/Page_Formulaire_Creation_Dossier/Formulaire_Creation_Dossier_Accordeon/Acc_ Conditions_D_Entree_En_France' located by 'By.xpath: //*[@id="accordeon-condition-entree-france"]/section/h3/button' in '1' second(s)

12-02-2025T14:16:13 - [MESSAGE][INFO] - Found 1 web elements with id: 'Object Repository/A_Version_Nawres/Page_Formulaire_Creation_Dossier/Formulaire_Creation_Dossier_Accordeon/Acc_ Conditions_D_Entree_En_France' located by 'By.xpath: //*[@id="accordeon-condition-entree-france"]/section/h3/button' in '1' second(s)

12-02-2025T14:16:13 - [MESSAGE][PASSED] - Object 'Object Repository/A_Version_Nawres/Page_Formulaire_Creation_Dossier/Formulaire_Creation_Dossier_Accordeon/Acc_ Conditions_D_Entree_En_France' is present

12-02-2025T14:16:13 - [TEST_STEP][PASSED] - verifyElementPresent(findTestObject("Object Repository/A_Version_Nawres/Page_Formulaire_Creation_Dossier/Formulaire_Creation_Dossier_Menu/Menu_Antecedents_Administratifs"), 1, STOP_ON_FAILURE): Object 'Object Repository/A_Version_Nawres/Page_Formulaire_Creation_Dossier/Formulaire_Creation_Dossier_Menu/Menu_Antecedents_Administratifs' is present

12-02-2025T14:16:13 - [MESSAGE][INFO] - Finding Test Object 'Object Repository/A_Version_Nawres/Page_Formulaire_Creation_Dossier/Formulaire_Creation_Dossier_Menu/Menu_Antecedents_Administratifs'

12-02-2025T14:16:13 - [MESSAGE][INFO] - Checking object

12-02-2025T14:16:13 - [MESSAGE][INFO] - Finding web element from Test Object's properties

12-02-2025T14:16:13 - [MESSAGE][INFO] - Checking timeout

12-02-2025T14:16:13 - [MESSAGE][INFO] - Finding web element with id: 'Object Repository/A_Version_Nawres/Page_Formulaire_Creation_Dossier/Formulaire_Creation_Dossier_Menu/Menu_Antecedents_Administratifs' located by 'By.xpath: /html/body/app-root/app-layout-borderless/div[3]/app-prise-mesure/div/app-dsfr-onglet-tab/div/div[1]/app-fiche-etranger/div/div[1]/app-dsfr-sidemenu/nav/div/div/ul[6]/li/a' in '1' second(s)

12-02-2025T14:16:13 - [MESSAGE][INFO] - Found 1 web elements with id: 'Object Repository/A_Version_Nawres/Page_Formulaire_Creation_Dossier/Formulaire_Creation_Dossier_Menu/Menu_Antecedents_Administratifs' located by 'By.xpath: /html/body/app-root/app-layout-borderless/div[3]/app-prise-mesure/div/app-dsfr-onglet-tab/div/div[1]/app-fiche-etranger/div/div[1]/app-dsfr-sidemenu/nav/div/div/ul[6]/li/a' in '1' second(s)

12-02-2025T14:16:13 - [MESSAGE][PASSED] - Object 'Object Repository/A_Version_Nawres/Page_Formulaire_Creation_Dossier/Formulaire_Creation_Dossier_Menu/Menu_Antecedents_Administratifs' is present

12-02-2025T14:16:13 - [TEST_STEP][PASSED] - verifyElementPresent(findTestObject("Object Repository/A_Version_Nawres/Page_Formulaire_Creation_Dossier/Formulaire_Creation_Dossier_Accordeon/Acc_Documents_De_Voyage"), 1, STOP_ON_FAILURE): Object 'Object Repository/A_Version_Nawres/Page_Formulaire_Creation_Dossier/Formulaire_Creation_Dossier_Accordeon/Acc_Documents_De_Voyage' is present

12-02-2025T14:16:13 - [MESSAGE][INFO] - Finding Test Object 'Object Repository/A_Version_Nawres/Page_Formulaire_Creation_Dossier/Formulaire_Creation_Dossier_Accordeon/Acc_Documents_De_Voyage'

12-02-2025T14:16:13 - [MESSAGE][INFO] - Checking object

12-02-2025T14:16:13 - [MESSAGE][INFO] - Finding web element from Test Object's properties

12-02-2025T14:16:13 - [MESSAGE][INFO] - Checking timeout

12-02-2025T14:16:13 - [MESSAGE][INFO] - Finding web element with id: 'Object Repository/A_Version_Nawres/Page_Formulaire_Creation_Dossier/Formulaire_Creation_Dossier_Accordeon/Acc_Documents_De_Voyage' located by 'By.xpath: //*[@id="documents_de_voyage"]/app-accordeon-documents-de-voyage/section/h3/button|//*[@id="accordeon-documents-de-voyage"]/section/h3/button' in '1' second(s)

12-02-2025T14:16:13 - [MESSAGE][INFO] - Found 1 web elements with id: 'Object Repository/A_Version_Nawres/Page_Formulaire_Creation_Dossier/Formulaire_Creation_Dossier_Accordeon/Acc_Documents_De_Voyage' located by 'By.xpath: //*[@id="documents_de_voyage"]/app-accordeon-documents-de-voyage/section/h3/button|//*[@id="accordeon-documents-de-voyage"]/section/h3/button' in '1' second(s)

12-02-2025T14:16:13 - [MESSAGE][PASSED] - Object 'Object Repository/A_Version_Nawres/Page_Formulaire_Creation_Dossier/Formulaire_Creation_Dossier_Accordeon/Acc_Documents_De_Voyage' is present

12-02-2025T14:16:13 - [TEST_STEP][PASSED] - verifyElementPresent(findTestObject("Object Repository/A_Version_Nawres/Page_Formulaire_Creation_Dossier/Formulaire_Creation_Dossier_Menu/Menu_Documents_De_Voyage"), 1, STOP_ON_FAILURE): Object 'Object Repository/A_Version_Nawres/Page_Formulaire_Creation_Dossier/Formulaire_Creation_Dossier_Menu/Menu_Documents_De_Voyage' is present

12-02-2025T14:16:13 - [MESSAGE][INFO] - Finding Test Object 'Object Repository/A_Version_Nawres/Page_Formulaire_Creation_Dossier/Formulaire_Creation_Dossier_Menu/Menu_Documents_De_Voyage'

12-02-2025T14:16:13 - [MESSAGE][INFO] - Checking object

12-02-2025T14:16:13 - [MESSAGE][INFO] - Finding web element from Test Object's properties

12-02-2025T14:16:13 - [MESSAGE][INFO] - Checking timeout

12-02-2025T14:16:13 - [MESSAGE][INFO] - Finding web element with id: 'Object Repository/A_Version_Nawres/Page_Formulaire_Creation_Dossier/Formulaire_Creation_Dossier_Menu/Menu_Documents_De_Voyage' located by 'By.xpath: /html/body/app-root/app-layout-borderless/div[3]/app-prise-mesure/div/app-dsfr-onglet-tab/div/div[1]/app-fiche-etranger/div/div[1]/app-dsfr-sidemenu/nav/div/div/ul[7]/li/a' in '1' second(s)

12-02-2025T14:16:13 - [MESSAGE][INFO] - Found 1 web elements with id: 'Object Repository/A_Version_Nawres/Page_Formulaire_Creation_Dossier/Formulaire_Creation_Dossier_Menu/Menu_Documents_De_Voyage' located by 'By.xpath: /html/body/app-root/app-layout-borderless/div[3]/app-prise-mesure/div/app-dsfr-onglet-tab/div/div[1]/app-fiche-etranger/div/div[1]/app-dsfr-sidemenu/nav/div/div/ul[7]/li/a' in '1' second(s)

12-02-2025T14:16:13 - [MESSAGE][PASSED] - Object 'Object Repository/A_Version_Nawres/Page_Formulaire_Creation_Dossier/Formulaire_Creation_Dossier_Menu/Menu_Documents_De_Voyage' is present

12-02-2025T14:16:13 - [TEST_STEP][PASSED] - verifyElementPresent(findTestObject("Object Repository/A_Version_Nawres/Page_Formulaire_Creation_Dossier/Formulaire_Creation_Dossier_Accordeon/Acc_ Sortant_D_Etablissement_Penitentiaire"), 1, STOP_ON_FAILURE): Object 'Object Repository/A_Version_Nawres/Page_Formulaire_Creation_Dossier/Formulaire_Creation_Dossier_Accordeon/Acc_ Sortant_D_Etablissement_Penitentiaire' is present

12-02-2025T14:16:13 - [MESSAGE][INFO] - Finding Test Object 'Object Repository/A_Version_Nawres/Page_Formulaire_Creation_Dossier/Formulaire_Creation_Dossier_Accordeon/Acc_ Sortant_D_Etablissement_Penitentiaire'

12-02-2025T14:16:13 - [MESSAGE][INFO] - Checking object

12-02-2025T14:16:13 - [MESSAGE][INFO] - Finding web element from Test Object's properties

12-02-2025T14:16:13 - [MESSAGE][INFO] - Checking timeout

12-02-2025T14:16:13 - [MESSAGE][INFO] - Finding web element with id: 'Object Repository/A_Version_Nawres/Page_Formulaire_Creation_Dossier/Formulaire_Creation_Dossier_Accordeon/Acc_ Sortant_D_Etablissement_Penitentiaire' located by 'By.xpath: //*[@id="sortant_etablissement_penitentiaire"]/app-accordeaon-sortant-etablissement-penitentiaire/section/h3/button|//*[@id="sortant_etablissement_penitentiaire"]/app-accordeaon-sortant-etablissement-penitentiaire/section/h3/button' in '1' second(s)

12-02-2025T14:16:13 - [MESSAGE][INFO] - Found 1 web elements with id: 'Object Repository/A_Version_Nawres/Page_Formulaire_Creation_Dossier/Formulaire_Creation_Dossier_Accordeon/Acc_ Sortant_D_Etablissement_Penitentiaire' located by 'By.xpath: //*[@id="sortant_etablissement_penitentiaire"]/app-accordeaon-sortant-etablissement-penitentiaire/section/h3/button|//*[@id="sortant_etablissement_penitentiaire"]/app-accordeaon-sortant-etablissement-penitentiaire/section/h3/button' in '1' second(s)

12-02-2025T14:16:13 - [MESSAGE][PASSED] - Object 'Object Repository/A_Version_Nawres/Page_Formulaire_Creation_Dossier/Formulaire_Creation_Dossier_Accordeon/Acc_ Sortant_D_Etablissement_Penitentiaire' is present

12-02-2025T14:16:13 - [TEST_STEP][PASSED] - verifyElementPresent(findTestObject("Object Repository/A_Version_Nawres/Page_Formulaire_Creation_Dossier/Formulaire_Creation_Dossier_Menu/Menu_Sortant_D_Etablissement_Penitentiaire"), 1, STOP_ON_FAILURE): Object 'Object Repository/A_Version_Nawres/Page_Formulaire_Creation_Dossier/Formulaire_Creation_Dossier_Menu/Menu_Sortant_D_Etablissement_Penitentiaire' is present

12-02-2025T14:16:13 - [MESSAGE][INFO] - Finding Test Object 'Object Repository/A_Version_Nawres/Page_Formulaire_Creation_Dossier/Formulaire_Creation_Dossier_Menu/Menu_Sortant_D_Etablissement_Penitentiaire'

12-02-2025T14:16:13 - [MESSAGE][INFO] - Checking object

12-02-2025T14:16:13 - [MESSAGE][INFO] - Finding web element from Test Object's properties

12-02-2025T14:16:13 - [MESSAGE][INFO] - Checking timeout

12-02-2025T14:16:13 - [MESSAGE][INFO] - Finding web element with id: 'Object Repository/A_Version_Nawres/Page_Formulaire_Creation_Dossier/Formulaire_Creation_Dossier_Menu/Menu_Sortant_D_Etablissement_Penitentiaire' located by 'By.xpath: /html/body/app-root/app-layout-borderless/div[3]/app-prise-mesure/div/app-dsfr-onglet-tab/div/div[1]/app-fiche-etranger/div/div[1]/app-dsfr-sidemenu/nav/div/div/ul[9]/li/a' in '1' second(s)

12-02-2025T14:16:13 - [MESSAGE][INFO] - Found 1 web elements with id: 'Object Repository/A_Version_Nawres/Page_Formulaire_Creation_Dossier/Formulaire_Creation_Dossier_Menu/Menu_Sortant_D_Etablissement_Penitentiaire' located by 'By.xpath: /html/body/app-root/app-layout-borderless/div[3]/app-prise-mesure/div/app-dsfr-onglet-tab/div/div[1]/app-fiche-etranger/div/div[1]/app-dsfr-sidemenu/nav/div/div/ul[9]/li/a' in '1' second(s)

12-02-2025T14:16:13 - [MESSAGE][PASSED] - Object 'Object Repository/A_Version_Nawres/Page_Formulaire_Creation_Dossier/Formulaire_Creation_Dossier_Menu/Menu_Sortant_D_Etablissement_Penitentiaire' is present

12-02-2025T14:16:13 - [TEST_STEP][PASSED] - verifyElementPresent(findTestObject("Object Repository/A_Version_Nawres/Page_Formulaire_Creation_Dossier/Formulaire_Creation_Dossier_Menu/Menu_Consultations_Securitaires"), 1, STOP_ON_FAILURE): Object 'Object Repository/A_Version_Nawres/Page_Formulaire_Creation_Dossier/Formulaire_Creation_Dossier_Menu/Menu_Consultations_Securitaires' is present

12-02-2025T14:16:13 - [MESSAGE][INFO] - Finding Test Object 'Object Repository/A_Version_Nawres/Page_Formulaire_Creation_Dossier/Formulaire_Creation_Dossier_Menu/Menu_Consultations_Securitaires'

12-02-2025T14:16:13 - [MESSAGE][INFO] - Checking object

12-02-2025T14:16:13 - [MESSAGE][INFO] - Finding web element from Test Object's properties

12-02-2025T14:16:13 - [MESSAGE][INFO] - Checking timeout

12-02-2025T14:16:13 - [MESSAGE][INFO] - Finding web element with id: 'Object Repository/A_Version_Nawres/Page_Formulaire_Creation_Dossier/Formulaire_Creation_Dossier_Menu/Menu_Consultations_Securitaires' located by 'By.xpath: /html/body/app-root/app-layout-borderless/div[3]/app-prise-mesure/div/app-dsfr-onglet-tab/div/div[1]/app-fiche-etranger/div/div[1]/app-dsfr-sidemenu/nav/div/div/ul[10]/li/a' in '1' second(s)

12-02-2025T14:16:13 - [MESSAGE][INFO] - Found 1 web elements with id: 'Object Repository/A_Version_Nawres/Page_Formulaire_Creation_Dossier/Formulaire_Creation_Dossier_Menu/Menu_Consultations_Securitaires' located by 'By.xpath: /html/body/app-root/app-layout-borderless/div[3]/app-prise-mesure/div/app-dsfr-onglet-tab/div/div[1]/app-fiche-etranger/div/div[1]/app-dsfr-sidemenu/nav/div/div/ul[10]/li/a' in '1' second(s)

12-02-2025T14:16:13 - [MESSAGE][PASSED] - Object 'Object Repository/A_Version_Nawres/Page_Formulaire_Creation_Dossier/Formulaire_Creation_Dossier_Menu/Menu_Consultations_Securitaires' is present

12-02-2025T14:16:13 - [TEST_STEP][PASSED] - "Remplir les champs obligatoire du formulaire": null

12-02-2025T14:16:13 - [TEST_STEP][PASSED] - RandomNom = tools.MyStringTools.genererChaineAleatoire(5): tools.MyStringTools.genererChaineAleatoire is PASSED

12-02-2025T14:16:13 - [MESSAGE][PASSED] - tools.MyStringTools.genererChaineAleatoire is PASSED

12-02-2025T14:16:13 - [TEST_STEP][PASSED] - println(RandomNom): null

12-02-2025T14:16:13 - [TEST_STEP][PASSED] - setText(findTestObject("Object Repository/A_Version_Nawres/Page_Formulaire_Creation_Dossier/Formulaire_Creation_Dossier_Input/input_Nom"), RandomNom, STOP_ON_FAILURE): Text 'XcgyI' is set on object 'Object Repository/A_Version_Nawres/Page_Formulaire_Creation_Dossier/Formulaire_Creation_Dossier_Input/input_Nom'

12-02-2025T14:16:13 - [MESSAGE][INFO] - Finding Test Object 'Object Repository/A_Version_Nawres/Page_Formulaire_Creation_Dossier/Formulaire_Creation_Dossier_Input/input_Nom'

12-02-2025T14:16:13 - [MESSAGE][INFO] - Checking timeout

12-02-2025T14:16:13 - [MESSAGE][INFO] - Finding web element with id: 'Object Repository/A_Version_Nawres/Page_Formulaire_Creation_Dossier/Formulaire_Creation_Dossier_Input/input_Nom' located by 'By.xpath: //input[@id="nom"]' in '20' second(s)

12-02-2025T14:16:13 - [MESSAGE][INFO] - Found 1 web elements with id: 'Object Repository/A_Version_Nawres/Page_Formulaire_Creation_Dossier/Formulaire_Creation_Dossier_Input/input_Nom' located by 'By.xpath: //input[@id="nom"]' in '20' second(s)

12-02-2025T14:16:13 - [MESSAGE][INFO] - Checking object

12-02-2025T14:16:13 - [MESSAGE][INFO] - Checking text

12-02-2025T14:16:13 - [MESSAGE][INFO] - Finding web element from Test Object's properties

12-02-2025T14:16:13 - [MESSAGE][INFO] - Checking timeout

12-02-2025T14:16:13 - [MESSAGE][INFO] - Finding web element with id: 'Object Repository/A_Version_Nawres/Page_Formulaire_Creation_Dossier/Formulaire_Creation_Dossier_Input/input_Nom' located by 'By.xpath: //input[@id="nom"]' in '2' second(s)

12-02-2025T14:16:13 - [MESSAGE][INFO] - Found 1 web elements with id: 'Object Repository/A_Version_Nawres/Page_Formulaire_Creation_Dossier/Formulaire_Creation_Dossier_Input/input_Nom' located by 'By.xpath: //input[@id="nom"]' in '2' second(s)

12-02-2025T14:16:13 - [MESSAGE][INFO] - Clearing text of object 'Object Repository/A_Version_Nawres/Page_Formulaire_Creation_Dossier/Formulaire_Creation_Dossier_Input/input_Nom'

12-02-2025T14:16:14 - [MESSAGE][INFO] - Finding web element from Test Object's properties

12-02-2025T14:16:14 - [MESSAGE][INFO] - Checking timeout

12-02-2025T14:16:14 - [MESSAGE][INFO] - Finding web element with id: 'Object Repository/A_Version_Nawres/Page_Formulaire_Creation_Dossier/Formulaire_Creation_Dossier_Input/input_Nom' located by 'By.xpath: //input[@id="nom"]' in '2' second(s)

12-02-2025T14:16:14 - [MESSAGE][INFO] - Found 1 web elements with id: 'Object Repository/A_Version_Nawres/Page_Formulaire_Creation_Dossier/Formulaire_Creation_Dossier_Input/input_Nom' located by 'By.xpath: //input[@id="nom"]' in '2' second(s)

12-02-2025T14:16:14 - [MESSAGE][INFO] - Setting text of object 'Object Repository/A_Version_Nawres/Page_Formulaire_Creation_Dossier/Formulaire_Creation_Dossier_Input/input_Nom' to value 'XcgyI'

12-02-2025T14:16:15 - [MESSAGE][PASSED] - Text 'XcgyI' is set on object 'Object Repository/A_Version_Nawres/Page_Formulaire_Creation_Dossier/Formulaire_Creation_Dossier_Input/input_Nom'

12-02-2025T14:16:15 - [TEST_STEP][PASSED] - if (Sexe == "Femme"): Object: 'Object Repository/A_Version_Nawres/Page_Formulaire_Creation_Dossier/Formulaire_Creation_Dossier_Input/btn_radio_Sexe_F' is clicked on

12-02-2025T14:16:15 - [TEST_STEP][PASSED] - click(findTestObject("Object Repository/A_Version_Nawres/Page_Formulaire_Creation_Dossier/Formulaire_Creation_Dossier_Input/btn_radio_Sexe_F"), STOP_ON_FAILURE): Object: 'Object Repository/A_Version_Nawres/Page_Formulaire_Creation_Dossier/Formulaire_Creation_Dossier_Input/btn_radio_Sexe_F' is clicked on

12-02-2025T14:16:15 - [MESSAGE][INFO] - Finding Test Object 'Object Repository/A_Version_Nawres/Page_Formulaire_Creation_Dossier/Formulaire_Creation_Dossier_Input/btn_radio_Sexe_F'

12-02-2025T14:16:15 - [MESSAGE][INFO] - Checking timeout

12-02-2025T14:16:15 - [MESSAGE][INFO] - Finding web element with id: 'Object Repository/A_Version_Nawres/Page_Formulaire_Creation_Dossier/Formulaire_Creation_Dossier_Input/btn_radio_Sexe_F' located by 'By.xpath: //label[contains(text()," FÃ©minin")]' in '20' second(s)

12-02-2025T14:16:15 - [MESSAGE][INFO] - Found 1 web elements with id: 'Object Repository/A_Version_Nawres/Page_Formulaire_Creation_Dossier/Formulaire_Creation_Dossier_Input/btn_radio_Sexe_F' located by 'By.xpath: //label[contains(text()," FÃ©minin")]' in '20' second(s)

12-02-2025T14:16:15 - [MESSAGE][INFO] - Checking object

12-02-2025T14:16:15 - [MESSAGE][INFO] - Checking timeout

12-02-2025T14:16:15 - [MESSAGE][INFO] - Finding web element from Test Object's properties

12-02-2025T14:16:15 - [MESSAGE][INFO] - Checking timeout

12-02-2025T14:16:15 - [MESSAGE][INFO] - Finding web element with id: 'Object Repository/A_Version_Nawres/Page_Formulaire_Creation_Dossier/Formulaire_Creation_Dossier_Input/btn_radio_Sexe_F' located by 'By.xpath: //label[contains(text()," FÃ©minin")]' in '2' second(s)

12-02-2025T14:16:15 - [MESSAGE][INFO] - Found 1 web elements with id: 'Object Repository/A_Version_Nawres/Page_Formulaire_Creation_Dossier/Formulaire_Creation_Dossier_Input/btn_radio_Sexe_F' located by 'By.xpath: //label[contains(text()," FÃ©minin")]' in '2' second(s)

12-02-2025T14:16:15 - [MESSAGE][INFO] - Clicking on object: 'Object Repository/A_Version_Nawres/Page_Formulaire_Creation_Dossier/Formulaire_Creation_Dossier_Input/btn_radio_Sexe_F'

12-02-2025T14:16:16 - [MESSAGE][PASSED] - Object: 'Object Repository/A_Version_Nawres/Page_Formulaire_Creation_Dossier/Formulaire_Creation_Dossier_Input/btn_radio_Sexe_F' is clicked on

12-02-2025T14:16:16 - [TEST_STEP][PASSED] - if (Sexe == "Homme"): null

12-02-2025T14:16:16 - [TEST_STEP][PASSED] - click(findTestObject("Object Repository/A_Version_Nawres/Page_Formulaire_Creation_Dossier/Formulaire_Creation_Dossier_Input/btn_Radio_Date_Naissance_Approximative"), STOP_ON_FAILURE): Object: 'Object Repository/A_Version_Nawres/Page_Formulaire_Creation_Dossier/Formulaire_Creation_Dossier_Input/btn_Radio_Date_Naissance_Approximative' is clicked on

12-02-2025T14:16:16 - [MESSAGE][INFO] - Finding Test Object 'Object Repository/A_Version_Nawres/Page_Formulaire_Creation_Dossier/Formulaire_Creation_Dossier_Input/btn_Radio_Date_Naissance_Approximative'

12-02-2025T14:16:16 - [MESSAGE][INFO] - Checking timeout

12-02-2025T14:16:16 - [MESSAGE][INFO] - Finding web element with id: 'Object Repository/A_Version_Nawres/Page_Formulaire_Creation_Dossier/Formulaire_Creation_Dossier_Input/btn_Radio_Date_Naissance_Approximative' located by 'By.xpath: //label[contains(text(),' Approximative ')]' in '20' second(s)

12-02-2025T14:16:16 - [MESSAGE][INFO] - Found 1 web elements with id: 'Object Repository/A_Version_Nawres/Page_Formulaire_Creation_Dossier/Formulaire_Creation_Dossier_Input/btn_Radio_Date_Naissance_Approximative' located by 'By.xpath: //label[contains(text(),' Approximative ')]' in '20' second(s)

12-02-2025T14:16:16 - [MESSAGE][INFO] - Checking object

12-02-2025T14:16:16 - [MESSAGE][INFO] - Checking timeout

12-02-2025T14:16:16 - [MESSAGE][INFO] - Finding web element from Test Object's properties

12-02-2025T14:16:16 - [MESSAGE][INFO] - Checking timeout

12-02-2025T14:16:16 - [MESSAGE][INFO] - Finding web element with id: 'Object Repository/A_Version_Nawres/Page_Formulaire_Creation_Dossier/Formulaire_Creation_Dossier_Input/btn_Radio_Date_Naissance_Approximative' located by 'By.xpath: //label[contains(text(),' Approximative ')]' in '2' second(s)

12-02-2025T14:16:16 - [MESSAGE][INFO] - Found 1 web elements with id: 'Object Repository/A_Version_Nawres/Page_Formulaire_Creation_Dossier/Formulaire_Creation_Dossier_Input/btn_Radio_Date_Naissance_Approximative' located by 'By.xpath: //label[contains(text(),' Approximative ')]' in '2' second(s)

12-02-2025T14:16:16 - [MESSAGE][INFO] - Clicking on object: 'Object Repository/A_Version_Nawres/Page_Formulaire_Creation_Dossier/Formulaire_Creation_Dossier_Input/btn_Radio_Date_Naissance_Approximative'

12-02-2025T14:16:17 - [MESSAGE][PASSED] - Object: 'Object Repository/A_Version_Nawres/Page_Formulaire_Creation_Dossier/Formulaire_Creation_Dossier_Input/btn_Radio_Date_Naissance_Approximative' is clicked on

12-02-2025T14:16:17 - [TEST_STEP][PASSED] - setText(findTestObject("Object Repository/A_Version_Nawres/Page_Formulaire_Creation_Dossier/Formulaire_Creation_Dossier_Input/input_Date_De_Naissance_Annee"), AnneeNaissance, STOP_ON_FAILURE): Text '1994' is set on object 'Object Repository/A_Version_Nawres/Page_Formulaire_Creation_Dossier/Formulaire_Creation_Dossier_Input/input_Date_De_Naissance_Annee'

12-02-2025T14:16:17 - [MESSAGE][INFO] - Finding Test Object 'Object Repository/A_Version_Nawres/Page_Formulaire_Creation_Dossier/Formulaire_Creation_Dossier_Input/input_Date_De_Naissance_Annee'

12-02-2025T14:16:17 - [MESSAGE][INFO] - Checking timeout

12-02-2025T14:16:17 - [MESSAGE][INFO] - Finding web element with id: 'Object Repository/A_Version_Nawres/Page_Formulaire_Creation_Dossier/Formulaire_Creation_Dossier_Input/input_Date_De_Naissance_Annee' located by 'By.xpath: //input[@id="annee"]' in '20' second(s)

12-02-2025T14:16:17 - [MESSAGE][INFO] - Found 1 web elements with id: 'Object Repository/A_Version_Nawres/Page_Formulaire_Creation_Dossier/Formulaire_Creation_Dossier_Input/input_Date_De_Naissance_Annee' located by 'By.xpath: //input[@id="annee"]' in '20' second(s)

12-02-2025T14:16:17 - [MESSAGE][INFO] - Checking object

12-02-2025T14:16:17 - [MESSAGE][INFO] - Checking text

12-02-2025T14:16:17 - [MESSAGE][INFO] - Finding web element from Test Object's properties

12-02-2025T14:16:17 - [MESSAGE][INFO] - Checking timeout

12-02-2025T14:16:17 - [MESSAGE][INFO] - Finding web element with id: 'Object Repository/A_Version_Nawres/Page_Formulaire_Creation_Dossier/Formulaire_Creation_Dossier_Input/input_Date_De_Naissance_Annee' located by 'By.xpath: //input[@id="annee"]' in '2' second(s)

12-02-2025T14:16:17 - [MESSAGE][INFO] - Found 1 web elements with id: 'Object Repository/A_Version_Nawres/Page_Formulaire_Creation_Dossier/Formulaire_Creation_Dossier_Input/input_Date_De_Naissance_Annee' located by 'By.xpath: //input[@id="annee"]' in '2' second(s)

12-02-2025T14:16:17 - [MESSAGE][INFO] - Clearing text of object 'Object Repository/A_Version_Nawres/Page_Formulaire_Creation_Dossier/Formulaire_Creation_Dossier_Input/input_Date_De_Naissance_Annee'

12-02-2025T14:16:18 - [MESSAGE][INFO] - Finding web element from Test Object's properties

12-02-2025T14:16:18 - [MESSAGE][INFO] - Checking timeout

12-02-2025T14:16:18 - [MESSAGE][INFO] - Finding web element with id: 'Object Repository/A_Version_Nawres/Page_Formulaire_Creation_Dossier/Formulaire_Creation_Dossier_Input/input_Date_De_Naissance_Annee' located by 'By.xpath: //input[@id="annee"]' in '2' second(s)

12-02-2025T14:16:18 - [MESSAGE][INFO] - Found 1 web elements with id: 'Object Repository/A_Version_Nawres/Page_Formulaire_Creation_Dossier/Formulaire_Creation_Dossier_Input/input_Date_De_Naissance_Annee' located by 'By.xpath: //input[@id="annee"]' in '2' second(s)

12-02-2025T14:16:19 - [MESSAGE][INFO] - Setting text of object 'Object Repository/A_Version_Nawres/Page_Formulaire_Creation_Dossier/Formulaire_Creation_Dossier_Input/input_Date_De_Naissance_Annee' to value '1994'

12-02-2025T14:16:20 - [MESSAGE][PASSED] - Text '1994' is set on object 'Object Repository/A_Version_Nawres/Page_Formulaire_Creation_Dossier/Formulaire_Creation_Dossier_Input/input_Date_De_Naissance_Annee'

12-02-2025T14:16:20 - [TEST_STEP][PASSED] - if (Nationnalite == "RPT"): All options with label 'ALGERIE' are selected in object 'Object Repository/A_Version_Nawres/Page_Formulaire_Creation_Dossier/Formulaire_Creation_Dossier_Input/select_Pays_De_Naissance' 

12-02-2025T14:16:20 - [TEST_STEP][PASSED] - selectOptionByLabel(findTestObject("Object Repository/A_Version_Nawres/Page_Formulaire_Creation_Dossier/Formulaire_Creation_Dossier_Input/select_Pays_De_Naissance"), "ALGERIE", false, STOP_ON_FAILURE): All options with label 'ALGERIE' are selected in object 'Object Repository/A_Version_Nawres/Page_Formulaire_Creation_Dossier/Formulaire_Creation_Dossier_Input/select_Pays_De_Naissance' 

12-02-2025T14:16:20 - [MESSAGE][INFO] - Finding Test Object 'Object Repository/A_Version_Nawres/Page_Formulaire_Creation_Dossier/Formulaire_Creation_Dossier_Input/select_Pays_De_Naissance'

12-02-2025T14:16:20 - [MESSAGE][INFO] - Checking timeout

12-02-2025T14:16:20 - [MESSAGE][INFO] - Finding web element with id: 'Object Repository/A_Version_Nawres/Page_Formulaire_Creation_Dossier/Formulaire_Creation_Dossier_Input/select_Pays_De_Naissance' located by 'By.xpath: //select[@id="pays_naissance"]' in '20' second(s)

12-02-2025T14:16:20 - [MESSAGE][INFO] - Found 1 web elements with id: 'Object Repository/A_Version_Nawres/Page_Formulaire_Creation_Dossier/Formulaire_Creation_Dossier_Input/select_Pays_De_Naissance' located by 'By.xpath: //select[@id="pays_naissance"]' in '20' second(s)

12-02-2025T14:16:20 - [MESSAGE][INFO] - Checking object

12-02-2025T14:16:20 - [MESSAGE][INFO] - Checking label parameter

12-02-2025T14:16:20 - [MESSAGE][INFO] - Finding web element from Test Object's properties

12-02-2025T14:16:20 - [MESSAGE][INFO] - Checking timeout

12-02-2025T14:16:20 - [MESSAGE][INFO] - Finding web element with id: 'Object Repository/A_Version_Nawres/Page_Formulaire_Creation_Dossier/Formulaire_Creation_Dossier_Input/select_Pays_De_Naissance' located by 'By.xpath: //select[@id="pays_naissance"]' in '2' second(s)

12-02-2025T14:16:20 - [MESSAGE][INFO] - Found 1 web elements with id: 'Object Repository/A_Version_Nawres/Page_Formulaire_Creation_Dossier/Formulaire_Creation_Dossier_Input/select_Pays_De_Naissance' located by 'By.xpath: //select[@id="pays_naissance"]' in '2' second(s)

12-02-2025T14:16:20 - [MESSAGE][INFO] - Selecting options on object 'Object Repository/A_Version_Nawres/Page_Formulaire_Creation_Dossier/Formulaire_Creation_Dossier_Input/select_Pays_De_Naissance' with label 'ALGERIE' 

12-02-2025T14:16:21 - [MESSAGE][PASSED] - All options with label 'ALGERIE' are selected in object 'Object Repository/A_Version_Nawres/Page_Formulaire_Creation_Dossier/Formulaire_Creation_Dossier_Input/select_Pays_De_Naissance' 

12-02-2025T14:16:21 - [TEST_STEP][PASSED] - if (Nationnalite == "RUE"): null

12-02-2025T14:16:21 - [TEST_STEP][PASSED] - if (Nationnalite == "RPT"): All options with label 'algÃ©rienne' are selected in object 'Object Repository/A_Version_Nawres/Page_Formulaire_Creation_Dossier/Formulaire_Creation_Dossier_Input/select_Nationnalite' 

12-02-2025T14:16:21 - [TEST_STEP][PASSED] - selectOptionByLabel(findTestObject("Object Repository/A_Version_Nawres/Page_Formulaire_Creation_Dossier/Formulaire_Creation_Dossier_Input/select_Nationnalite"), "algÃ©rienne", false, STOP_ON_FAILURE): All options with label 'algÃ©rienne' are selected in object 'Object Repository/A_Version_Nawres/Page_Formulaire_Creation_Dossier/Formulaire_Creation_Dossier_Input/select_Nationnalite' 

12-02-2025T14:16:21 - [MESSAGE][INFO] - Finding Test Object 'Object Repository/A_Version_Nawres/Page_Formulaire_Creation_Dossier/Formulaire_Creation_Dossier_Input/select_Nationnalite'

12-02-2025T14:16:21 - [MESSAGE][INFO] - Checking timeout

12-02-2025T14:16:21 - [MESSAGE][INFO] - Finding web element with id: 'Object Repository/A_Version_Nawres/Page_Formulaire_Creation_Dossier/Formulaire_Creation_Dossier_Input/select_Nationnalite' located by 'By.xpath: //select[@id="nationalite"]' in '20' second(s)

12-02-2025T14:16:21 - [MESSAGE][INFO] - Found 1 web elements with id: 'Object Repository/A_Version_Nawres/Page_Formulaire_Creation_Dossier/Formulaire_Creation_Dossier_Input/select_Nationnalite' located by 'By.xpath: //select[@id="nationalite"]' in '20' second(s)

12-02-2025T14:16:21 - [MESSAGE][INFO] - Checking object

12-02-2025T14:16:21 - [MESSAGE][INFO] - Checking label parameter

12-02-2025T14:16:21 - [MESSAGE][INFO] - Finding web element from Test Object's properties

12-02-2025T14:16:21 - [MESSAGE][INFO] - Checking timeout

12-02-2025T14:16:21 - [MESSAGE][INFO] - Finding web element with id: 'Object Repository/A_Version_Nawres/Page_Formulaire_Creation_Dossier/Formulaire_Creation_Dossier_Input/select_Nationnalite' located by 'By.xpath: //select[@id="nationalite"]' in '2' second(s)

12-02-2025T14:16:21 - [MESSAGE][INFO] - Found 1 web elements with id: 'Object Repository/A_Version_Nawres/Page_Formulaire_Creation_Dossier/Formulaire_Creation_Dossier_Input/select_Nationnalite' located by 'By.xpath: //select[@id="nationalite"]' in '2' second(s)

12-02-2025T14:16:21 - [MESSAGE][INFO] - Selecting options on object 'Object Repository/A_Version_Nawres/Page_Formulaire_Creation_Dossier/Formulaire_Creation_Dossier_Input/select_Nationnalite' with label 'algÃ©rienne' 

12-02-2025T14:16:22 - [MESSAGE][PASSED] - All options with label 'algÃ©rienne' are selected in object 'Object Repository/A_Version_Nawres/Page_Formulaire_Creation_Dossier/Formulaire_Creation_Dossier_Input/select_Nationnalite' 

12-02-2025T14:16:22 - [TEST_STEP][PASSED] - if (Nationnalite == "RUE"): null

12-02-2025T14:16:22 - [TEST_STEP][PASSED] - if (Nationnalite == "RPT"): Text 'Wahran' is set on object 'Object Repository/A_Version_Nawres/Page_Formulaire_Creation_Dossier/Formulaire_Creation_Dossier_Input/input_Lieu_De_Naissance'

12-02-2025T14:16:22 - [TEST_STEP][PASSED] - setText(findTestObject("Object Repository/A_Version_Nawres/Page_Formulaire_Creation_Dossier/Formulaire_Creation_Dossier_Input/input_Lieu_De_Naissance"), "Wahran", STOP_ON_FAILURE): Text 'Wahran' is set on object 'Object Repository/A_Version_Nawres/Page_Formulaire_Creation_Dossier/Formulaire_Creation_Dossier_Input/input_Lieu_De_Naissance'

12-02-2025T14:16:22 - [MESSAGE][INFO] - Finding Test Object 'Object Repository/A_Version_Nawres/Page_Formulaire_Creation_Dossier/Formulaire_Creation_Dossier_Input/input_Lieu_De_Naissance'

12-02-2025T14:16:22 - [MESSAGE][INFO] - Checking timeout

12-02-2025T14:16:22 - [MESSAGE][INFO] - Finding web element with id: 'Object Repository/A_Version_Nawres/Page_Formulaire_Creation_Dossier/Formulaire_Creation_Dossier_Input/input_Lieu_De_Naissance' located by 'By.xpath: //input[@id="ville_naissance"]' in '20' second(s)

12-02-2025T14:16:22 - [MESSAGE][INFO] - Found 1 web elements with id: 'Object Repository/A_Version_Nawres/Page_Formulaire_Creation_Dossier/Formulaire_Creation_Dossier_Input/input_Lieu_De_Naissance' located by 'By.xpath: //input[@id="ville_naissance"]' in '20' second(s)

12-02-2025T14:16:22 - [MESSAGE][INFO] - Checking object

12-02-2025T14:16:22 - [MESSAGE][INFO] - Checking text

12-02-2025T14:16:22 - [MESSAGE][INFO] - Finding web element from Test Object's properties

12-02-2025T14:16:22 - [MESSAGE][INFO] - Checking timeout

12-02-2025T14:16:22 - [MESSAGE][INFO] - Finding web element with id: 'Object Repository/A_Version_Nawres/Page_Formulaire_Creation_Dossier/Formulaire_Creation_Dossier_Input/input_Lieu_De_Naissance' located by 'By.xpath: //input[@id="ville_naissance"]' in '2' second(s)

12-02-2025T14:16:22 - [MESSAGE][INFO] - Found 1 web elements with id: 'Object Repository/A_Version_Nawres/Page_Formulaire_Creation_Dossier/Formulaire_Creation_Dossier_Input/input_Lieu_De_Naissance' located by 'By.xpath: //input[@id="ville_naissance"]' in '2' second(s)

12-02-2025T14:16:22 - [MESSAGE][INFO] - Clearing text of object 'Object Repository/A_Version_Nawres/Page_Formulaire_Creation_Dossier/Formulaire_Creation_Dossier_Input/input_Lieu_De_Naissance'

12-02-2025T14:16:23 - [MESSAGE][INFO] - Finding web element from Test Object's properties

12-02-2025T14:16:23 - [MESSAGE][INFO] - Checking timeout

12-02-2025T14:16:23 - [MESSAGE][INFO] - Finding web element with id: 'Object Repository/A_Version_Nawres/Page_Formulaire_Creation_Dossier/Formulaire_Creation_Dossier_Input/input_Lieu_De_Naissance' located by 'By.xpath: //input[@id="ville_naissance"]' in '2' second(s)

12-02-2025T14:16:23 - [MESSAGE][INFO] - Found 1 web elements with id: 'Object Repository/A_Version_Nawres/Page_Formulaire_Creation_Dossier/Formulaire_Creation_Dossier_Input/input_Lieu_De_Naissance' located by 'By.xpath: //input[@id="ville_naissance"]' in '2' second(s)

12-02-2025T14:16:23 - [MESSAGE][INFO] - Setting text of object 'Object Repository/A_Version_Nawres/Page_Formulaire_Creation_Dossier/Formulaire_Creation_Dossier_Input/input_Lieu_De_Naissance' to value 'Wahran'

12-02-2025T14:16:24 - [MESSAGE][PASSED] - Text 'Wahran' is set on object 'Object Repository/A_Version_Nawres/Page_Formulaire_Creation_Dossier/Formulaire_Creation_Dossier_Input/input_Lieu_De_Naissance'

12-02-2025T14:16:24 - [TEST_STEP][PASSED] - if (Nationnalite == "RUE"): null

12-02-2025T14:16:24 - [TEST_STEP][PASSED] - selectOptionByLabel(findTestObject("Object Repository/A_Version_Nawres/Page_Formulaire_Creation_Dossier/Formulaire_Creation_Dossier_Input/select_Situation_Familiale"), "CÃ©libataire", false, STOP_ON_FAILURE): All options with label 'CÃ©libataire' are selected in object 'Object Repository/A_Version_Nawres/Page_Formulaire_Creation_Dossier/Formulaire_Creation_Dossier_Input/select_Situation_Familiale' 

12-02-2025T14:16:24 - [MESSAGE][INFO] - Finding Test Object 'Object Repository/A_Version_Nawres/Page_Formulaire_Creation_Dossier/Formulaire_Creation_Dossier_Input/select_Situation_Familiale'

12-02-2025T14:16:24 - [MESSAGE][INFO] - Checking timeout

12-02-2025T14:16:24 - [MESSAGE][INFO] - Finding web element with id: 'Object Repository/A_Version_Nawres/Page_Formulaire_Creation_Dossier/Formulaire_Creation_Dossier_Input/select_Situation_Familiale' located by 'By.xpath: //select[@id="situation_familiale"]' in '20' second(s)

12-02-2025T14:16:24 - [MESSAGE][INFO] - Found 1 web elements with id: 'Object Repository/A_Version_Nawres/Page_Formulaire_Creation_Dossier/Formulaire_Creation_Dossier_Input/select_Situation_Familiale' located by 'By.xpath: //select[@id="situation_familiale"]' in '20' second(s)

12-02-2025T14:16:24 - [MESSAGE][INFO] - Checking object

12-02-2025T14:16:24 - [MESSAGE][INFO] - Checking label parameter

12-02-2025T14:16:24 - [MESSAGE][INFO] - Finding web element from Test Object's properties

12-02-2025T14:16:24 - [MESSAGE][INFO] - Checking timeout

12-02-2025T14:16:24 - [MESSAGE][INFO] - Finding web element with id: 'Object Repository/A_Version_Nawres/Page_Formulaire_Creation_Dossier/Formulaire_Creation_Dossier_Input/select_Situation_Familiale' located by 'By.xpath: //select[@id="situation_familiale"]' in '2' second(s)

12-02-2025T14:16:24 - [MESSAGE][INFO] - Found 1 web elements with id: 'Object Repository/A_Version_Nawres/Page_Formulaire_Creation_Dossier/Formulaire_Creation_Dossier_Input/select_Situation_Familiale' located by 'By.xpath: //select[@id="situation_familiale"]' in '2' second(s)

12-02-2025T14:16:24 - [MESSAGE][INFO] - Selecting options on object 'Object Repository/A_Version_Nawres/Page_Formulaire_Creation_Dossier/Formulaire_Creation_Dossier_Input/select_Situation_Familiale' with label 'CÃ©libataire' 

12-02-2025T14:16:25 - [MESSAGE][PASSED] - All options with label 'CÃ©libataire' are selected in object 'Object Repository/A_Version_Nawres/Page_Formulaire_Creation_Dossier/Formulaire_Creation_Dossier_Input/select_Situation_Familiale' 

12-02-2025T14:16:25 - [TEST_STEP][PASSED] - setText(findTestObject("Object Repository/A_Version_Nawres/Page_Formulaire_Creation_Dossier/Formulaire_Creation_Dossier_Input/input_Date_Entree_En_France"), "22/03/2020"): Text '22/03/2020' is set on object 'Object Repository/A_Version_Nawres/Page_Formulaire_Creation_Dossier/Formulaire_Creation_Dossier_Input/input_Date_Entree_En_France'

12-02-2025T14:16:25 - [MESSAGE][INFO] - Finding Test Object 'Object Repository/A_Version_Nawres/Page_Formulaire_Creation_Dossier/Formulaire_Creation_Dossier_Input/input_Date_Entree_En_France'

12-02-2025T14:16:25 - [MESSAGE][INFO] - Checking timeout

12-02-2025T14:16:25 - [MESSAGE][INFO] - Finding web element with id: 'Object Repository/A_Version_Nawres/Page_Formulaire_Creation_Dossier/Formulaire_Creation_Dossier_Input/input_Date_Entree_En_France' located by 'By.xpath: //input[@id="date_entree_en_france"]' in '20' second(s)

12-02-2025T14:16:25 - [MESSAGE][INFO] - Found 1 web elements with id: 'Object Repository/A_Version_Nawres/Page_Formulaire_Creation_Dossier/Formulaire_Creation_Dossier_Input/input_Date_Entree_En_France' located by 'By.xpath: //input[@id="date_entree_en_france"]' in '20' second(s)

12-02-2025T14:16:25 - [MESSAGE][INFO] - Checking object

12-02-2025T14:16:25 - [MESSAGE][INFO] - Checking text

12-02-2025T14:16:25 - [MESSAGE][INFO] - Finding web element from Test Object's properties

12-02-2025T14:16:25 - [MESSAGE][INFO] - Checking timeout

12-02-2025T14:16:25 - [MESSAGE][INFO] - Finding web element with id: 'Object Repository/A_Version_Nawres/Page_Formulaire_Creation_Dossier/Formulaire_Creation_Dossier_Input/input_Date_Entree_En_France' located by 'By.xpath: //input[@id="date_entree_en_france"]' in '2' second(s)

12-02-2025T14:16:25 - [MESSAGE][INFO] - Found 1 web elements with id: 'Object Repository/A_Version_Nawres/Page_Formulaire_Creation_Dossier/Formulaire_Creation_Dossier_Input/input_Date_Entree_En_France' located by 'By.xpath: //input[@id="date_entree_en_france"]' in '2' second(s)

12-02-2025T14:16:25 - [MESSAGE][INFO] - Clearing text of object 'Object Repository/A_Version_Nawres/Page_Formulaire_Creation_Dossier/Formulaire_Creation_Dossier_Input/input_Date_Entree_En_France'

12-02-2025T14:16:27 - [MESSAGE][INFO] - Finding web element from Test Object's properties

12-02-2025T14:16:27 - [MESSAGE][INFO] - Checking timeout

12-02-2025T14:16:27 - [MESSAGE][INFO] - Finding web element with id: 'Object Repository/A_Version_Nawres/Page_Formulaire_Creation_Dossier/Formulaire_Creation_Dossier_Input/input_Date_Entree_En_France' located by 'By.xpath: //input[@id="date_entree_en_france"]' in '2' second(s)

12-02-2025T14:16:27 - [MESSAGE][INFO] - Found 1 web elements with id: 'Object Repository/A_Version_Nawres/Page_Formulaire_Creation_Dossier/Formulaire_Creation_Dossier_Input/input_Date_Entree_En_France' located by 'By.xpath: //input[@id="date_entree_en_france"]' in '2' second(s)

12-02-2025T14:16:27 - [MESSAGE][INFO] - Setting text of object 'Object Repository/A_Version_Nawres/Page_Formulaire_Creation_Dossier/Formulaire_Creation_Dossier_Input/input_Date_Entree_En_France' to value '22/03/2020'

12-02-2025T14:16:28 - [MESSAGE][PASSED] - Text '22/03/2020' is set on object 'Object Repository/A_Version_Nawres/Page_Formulaire_Creation_Dossier/Formulaire_Creation_Dossier_Input/input_Date_Entree_En_France'

12-02-2025T14:16:28 - [TEST_STEP][PASSED] - selectOptionByLabel(findTestObject("Object Repository/A_Version_Nawres/Page_Formulaire_Creation_Dossier/Formulaire_Creation_Dossier_Input/select_Condition_Entree_En_France"), "IrrÃ©guliÃ¨re", false, STOP_ON_FAILURE): All options with label 'IrrÃ©guliÃ¨re' are selected in object 'Object Repository/A_Version_Nawres/Page_Formulaire_Creation_Dossier/Formulaire_Creation_Dossier_Input/select_Condition_Entree_En_France' 

12-02-2025T14:16:28 - [MESSAGE][INFO] - Finding Test Object 'Object Repository/A_Version_Nawres/Page_Formulaire_Creation_Dossier/Formulaire_Creation_Dossier_Input/select_Condition_Entree_En_France'

12-02-2025T14:16:28 - [MESSAGE][INFO] - Checking timeout

12-02-2025T14:16:28 - [MESSAGE][INFO] - Finding web element with id: 'Object Repository/A_Version_Nawres/Page_Formulaire_Creation_Dossier/Formulaire_Creation_Dossier_Input/select_Condition_Entree_En_France' located by 'By.xpath: //select[@id="condition_entree_france"]' in '20' second(s)

12-02-2025T14:16:28 - [MESSAGE][INFO] - Found 1 web elements with id: 'Object Repository/A_Version_Nawres/Page_Formulaire_Creation_Dossier/Formulaire_Creation_Dossier_Input/select_Condition_Entree_En_France' located by 'By.xpath: //select[@id="condition_entree_france"]' in '20' second(s)

12-02-2025T14:16:28 - [MESSAGE][INFO] - Checking object

12-02-2025T14:16:28 - [MESSAGE][INFO] - Checking label parameter

12-02-2025T14:16:28 - [MESSAGE][INFO] - Finding web element from Test Object's properties

12-02-2025T14:16:28 - [MESSAGE][INFO] - Checking timeout

12-02-2025T14:16:28 - [MESSAGE][INFO] - Finding web element with id: 'Object Repository/A_Version_Nawres/Page_Formulaire_Creation_Dossier/Formulaire_Creation_Dossier_Input/select_Condition_Entree_En_France' located by 'By.xpath: //select[@id="condition_entree_france"]' in '2' second(s)

12-02-2025T14:16:28 - [MESSAGE][INFO] - Found 1 web elements with id: 'Object Repository/A_Version_Nawres/Page_Formulaire_Creation_Dossier/Formulaire_Creation_Dossier_Input/select_Condition_Entree_En_France' located by 'By.xpath: //select[@id="condition_entree_france"]' in '2' second(s)

12-02-2025T14:16:28 - [MESSAGE][INFO] - Selecting options on object 'Object Repository/A_Version_Nawres/Page_Formulaire_Creation_Dossier/Formulaire_Creation_Dossier_Input/select_Condition_Entree_En_France' with label 'IrrÃ©guliÃ¨re' 

12-02-2025T14:16:29 - [MESSAGE][PASSED] - All options with label 'IrrÃ©guliÃ¨re' are selected in object 'Object Repository/A_Version_Nawres/Page_Formulaire_Creation_Dossier/Formulaire_Creation_Dossier_Input/select_Condition_Entree_En_France' 

12-02-2025T14:16:29 - [TEST_STEP][PASSED] - if (ControleChampsCreation == "true"): null

12-02-2025T14:16:29 - [TEST_STEP][PASSED] - click(findTestObject("Object Repository/A_Version_Nawres/Page_Formulaire_Creation_Dossier/Formulaire_Creation_Dossier_Input/btn_Enregistrer"), STOP_ON_FAILURE): Object: 'Object Repository/A_Version_Nawres/Page_Formulaire_Creation_Dossier/Formulaire_Creation_Dossier_Input/btn_Enregistrer' is clicked on

12-02-2025T14:16:29 - [MESSAGE][INFO] - Finding Test Object 'Object Repository/A_Version_Nawres/Page_Formulaire_Creation_Dossier/Formulaire_Creation_Dossier_Input/btn_Enregistrer'

12-02-2025T14:16:29 - [MESSAGE][INFO] - Checking timeout

12-02-2025T14:16:29 - [MESSAGE][INFO] - Finding web element with id: 'Object Repository/A_Version_Nawres/Page_Formulaire_Creation_Dossier/Formulaire_Creation_Dossier_Input/btn_Enregistrer' located by 'By.xpath: /html/body/app-root/app-layout-borderless/div[3]/app-prise-mesure/app-nav-prise-mesure//div/button[@title="Enregistrer"]' in '20' second(s)

12-02-2025T14:16:29 - [MESSAGE][INFO] - Found 1 web elements with id: 'Object Repository/A_Version_Nawres/Page_Formulaire_Creation_Dossier/Formulaire_Creation_Dossier_Input/btn_Enregistrer' located by 'By.xpath: /html/body/app-root/app-layout-borderless/div[3]/app-prise-mesure/app-nav-prise-mesure//div/button[@title="Enregistrer"]' in '20' second(s)

12-02-2025T14:16:29 - [MESSAGE][INFO] - Checking object

12-02-2025T14:16:29 - [MESSAGE][INFO] - Checking timeout

12-02-2025T14:16:29 - [MESSAGE][INFO] - Finding web element from Test Object's properties

12-02-2025T14:16:29 - [MESSAGE][INFO] - Checking timeout

12-02-2025T14:16:29 - [MESSAGE][INFO] - Finding web element with id: 'Object Repository/A_Version_Nawres/Page_Formulaire_Creation_Dossier/Formulaire_Creation_Dossier_Input/btn_Enregistrer' located by 'By.xpath: /html/body/app-root/app-layout-borderless/div[3]/app-prise-mesure/app-nav-prise-mesure//div/button[@title="Enregistrer"]' in '2' second(s)

12-02-2025T14:16:29 - [MESSAGE][INFO] - Found 1 web elements with id: 'Object Repository/A_Version_Nawres/Page_Formulaire_Creation_Dossier/Formulaire_Creation_Dossier_Input/btn_Enregistrer' located by 'By.xpath: /html/body/app-root/app-layout-borderless/div[3]/app-prise-mesure/app-nav-prise-mesure//div/button[@title="Enregistrer"]' in '2' second(s)

12-02-2025T14:16:29 - [MESSAGE][INFO] - Clicking on object: 'Object Repository/A_Version_Nawres/Page_Formulaire_Creation_Dossier/Formulaire_Creation_Dossier_Input/btn_Enregistrer'

12-02-2025T14:16:30 - [MESSAGE][PASSED] - Object: 'Object Repository/A_Version_Nawres/Page_Formulaire_Creation_Dossier/Formulaire_Creation_Dossier_Input/btn_Enregistrer' is clicked on

12-02-2025T14:16:30 - [TEST_STEP][PASSED] - verifyElementPresent(findTestObject("Object Repository/A_Version_Nawres/Page_Formulaire_Creation_Dossier/Formulaire_Creation_Dossier_Input/btn_Valider_Attribuer_Numero_Etranger"), 4, STOP_ON_FAILURE): Object 'Object Repository/A_Version_Nawres/Page_Formulaire_Creation_Dossier/Formulaire_Creation_Dossier_Input/btn_Valider_Attribuer_Numero_Etranger' is present

12-02-2025T14:16:30 - [MESSAGE][INFO] - Finding Test Object 'Object Repository/A_Version_Nawres/Page_Formulaire_Creation_Dossier/Formulaire_Creation_Dossier_Input/btn_Valider_Attribuer_Numero_Etranger'

12-02-2025T14:16:30 - [MESSAGE][INFO] - Checking object

12-02-2025T14:16:30 - [MESSAGE][INFO] - Finding web element from Test Object's properties

12-02-2025T14:16:30 - [MESSAGE][INFO] - Checking timeout

12-02-2025T14:16:30 - [MESSAGE][INFO] - Finding web element with id: 'Object Repository/A_Version_Nawres/Page_Formulaire_Creation_Dossier/Formulaire_Creation_Dossier_Input/btn_Valider_Attribuer_Numero_Etranger' located by 'By.xpath: //button[@title="Valider et attribuer un numÃ©ro Ã©tranger"]' in '4' second(s)

12-02-2025T14:16:30 - [MESSAGE][INFO] - Found 1 web elements with id: 'Object Repository/A_Version_Nawres/Page_Formulaire_Creation_Dossier/Formulaire_Creation_Dossier_Input/btn_Valider_Attribuer_Numero_Etranger' located by 'By.xpath: //button[@title="Valider et attribuer un numÃ©ro Ã©tranger"]' in '4' second(s)

12-02-2025T14:16:30 - [MESSAGE][PASSED] - Object 'Object Repository/A_Version_Nawres/Page_Formulaire_Creation_Dossier/Formulaire_Creation_Dossier_Input/btn_Valider_Attribuer_Numero_Etranger' is present

12-02-2025T14:16:30 - [TEST_STEP][PASSED] - click(findTestObject("Object Repository/A_Version_Nawres/Page_Formulaire_Creation_Dossier/Formulaire_Creation_Dossier_Input/btn_Valider_Attribuer_Numero_Etranger"), STOP_ON_FAILURE): Object: 'Object Repository/A_Version_Nawres/Page_Formulaire_Creation_Dossier/Formulaire_Creation_Dossier_Input/btn_Valider_Attribuer_Numero_Etranger' is clicked on

12-02-2025T14:16:30 - [MESSAGE][INFO] - Finding Test Object 'Object Repository/A_Version_Nawres/Page_Formulaire_Creation_Dossier/Formulaire_Creation_Dossier_Input/btn_Valider_Attribuer_Numero_Etranger'

12-02-2025T14:16:30 - [MESSAGE][INFO] - Checking timeout

12-02-2025T14:16:30 - [MESSAGE][INFO] - Finding web element with id: 'Object Repository/A_Version_Nawres/Page_Formulaire_Creation_Dossier/Formulaire_Creation_Dossier_Input/btn_Valider_Attribuer_Numero_Etranger' located by 'By.xpath: //button[@title="Valider et attribuer un numÃ©ro Ã©tranger"]' in '20' second(s)

12-02-2025T14:16:31 - [MESSAGE][INFO] - Found 1 web elements with id: 'Object Repository/A_Version_Nawres/Page_Formulaire_Creation_Dossier/Formulaire_Creation_Dossier_Input/btn_Valider_Attribuer_Numero_Etranger' located by 'By.xpath: //button[@title="Valider et attribuer un numÃ©ro Ã©tranger"]' in '20' second(s)

12-02-2025T14:16:31 - [MESSAGE][INFO] - Checking object

12-02-2025T14:16:31 - [MESSAGE][INFO] - Checking timeout

12-02-2025T14:16:31 - [MESSAGE][INFO] - Finding web element from Test Object's properties

12-02-2025T14:16:31 - [MESSAGE][INFO] - Checking timeout

12-02-2025T14:16:31 - [MESSAGE][INFO] - Finding web element with id: 'Object Repository/A_Version_Nawres/Page_Formulaire_Creation_Dossier/Formulaire_Creation_Dossier_Input/btn_Valider_Attribuer_Numero_Etranger' located by 'By.xpath: //button[@title="Valider et attribuer un numÃ©ro Ã©tranger"]' in '2' second(s)

12-02-2025T14:16:31 - [MESSAGE][INFO] - Found 1 web elements with id: 'Object Repository/A_Version_Nawres/Page_Formulaire_Creation_Dossier/Formulaire_Creation_Dossier_Input/btn_Valider_Attribuer_Numero_Etranger' located by 'By.xpath: //button[@title="Valider et attribuer un numÃ©ro Ã©tranger"]' in '2' second(s)

12-02-2025T14:16:31 - [MESSAGE][INFO] - Clicking on object: 'Object Repository/A_Version_Nawres/Page_Formulaire_Creation_Dossier/Formulaire_Creation_Dossier_Input/btn_Valider_Attribuer_Numero_Etranger'

12-02-2025T14:16:32 - [MESSAGE][PASSED] - Object: 'Object Repository/A_Version_Nawres/Page_Formulaire_Creation_Dossier/Formulaire_Creation_Dossier_Input/btn_Valider_Attribuer_Numero_Etranger' is clicked on

12-02-2025T14:16:32 - [TEST_STEP][PASSED] - switch (OrigineDossier): null

12-02-2025T14:16:32 - [TEST_STEP][PASSED] - case "Asile":: All options with label 'Asile' are selected in object 'Object Repository/A_Version_Nawres/Page_Formulaire_Creation_Dossier/Formulaire_Creation_Dossier_Input/select_Origine_Dossier' 

12-02-2025T14:16:32 - [TEST_STEP][PASSED] - selectOptionByLabel(findTestObject("Object Repository/A_Version_Nawres/Page_Formulaire_Creation_Dossier/Formulaire_Creation_Dossier_Input/select_Origine_Dossier"), "Asile", false, STOP_ON_FAILURE): All options with label 'Asile' are selected in object 'Object Repository/A_Version_Nawres/Page_Formulaire_Creation_Dossier/Formulaire_Creation_Dossier_Input/select_Origine_Dossier' 

12-02-2025T14:16:32 - [MESSAGE][INFO] - Finding Test Object 'Object Repository/A_Version_Nawres/Page_Formulaire_Creation_Dossier/Formulaire_Creation_Dossier_Input/select_Origine_Dossier'

12-02-2025T14:16:32 - [MESSAGE][INFO] - Checking timeout

12-02-2025T14:16:32 - [MESSAGE][INFO] - Finding web element with id: 'Object Repository/A_Version_Nawres/Page_Formulaire_Creation_Dossier/Formulaire_Creation_Dossier_Input/select_Origine_Dossier' located by 'By.xpath: //select[@id="code_flux"]' in '20' second(s)

12-02-2025T14:16:32 - [MESSAGE][INFO] - Found 1 web elements with id: 'Object Repository/A_Version_Nawres/Page_Formulaire_Creation_Dossier/Formulaire_Creation_Dossier_Input/select_Origine_Dossier' located by 'By.xpath: //select[@id="code_flux"]' in '20' second(s)

12-02-2025T14:16:32 - [MESSAGE][INFO] - Checking object

12-02-2025T14:16:32 - [MESSAGE][INFO] - Checking label parameter

12-02-2025T14:16:32 - [MESSAGE][INFO] - Finding web element from Test Object's properties

12-02-2025T14:16:32 - [MESSAGE][INFO] - Checking timeout

12-02-2025T14:16:32 - [MESSAGE][INFO] - Finding web element with id: 'Object Repository/A_Version_Nawres/Page_Formulaire_Creation_Dossier/Formulaire_Creation_Dossier_Input/select_Origine_Dossier' located by 'By.xpath: //select[@id="code_flux"]' in '2' second(s)

12-02-2025T14:16:32 - [MESSAGE][INFO] - Found 1 web elements with id: 'Object Repository/A_Version_Nawres/Page_Formulaire_Creation_Dossier/Formulaire_Creation_Dossier_Input/select_Origine_Dossier' located by 'By.xpath: //select[@id="code_flux"]' in '2' second(s)

12-02-2025T14:16:32 - [MESSAGE][INFO] - Selecting options on object 'Object Repository/A_Version_Nawres/Page_Formulaire_Creation_Dossier/Formulaire_Creation_Dossier_Input/select_Origine_Dossier' with label 'Asile' 

12-02-2025T14:16:33 - [MESSAGE][PASSED] - All options with label 'Asile' are selected in object 'Object Repository/A_Version_Nawres/Page_Formulaire_Creation_Dossier/Formulaire_Creation_Dossier_Input/select_Origine_Dossier' 

12-02-2025T14:16:33 - [TEST_STEP][PASSED] - Default: null

12-02-2025T14:16:33 - [TEST_STEP][PASSED] - break: null

12-02-2025T14:16:33 - [TEST_STEP][PASSED] - scrollToElement(findTestObject("Object Repository/A_Version_Nawres/Page_Formulaire_Creation_Dossier/Formulaire_Creation_Dossier_Input/btn_Confirmer_Attribuer_Numero_Etranger"), 5): Scroll to object 'Object Repository/A_Version_Nawres/Page_Formulaire_Creation_Dossier/Formulaire_Creation_Dossier_Input/btn_Confirmer_Attribuer_Numero_Etranger' successfully

12-02-2025T14:16:33 - [MESSAGE][INFO] - Finding Test Object 'Object Repository/A_Version_Nawres/Page_Formulaire_Creation_Dossier/Formulaire_Creation_Dossier_Input/btn_Confirmer_Attribuer_Numero_Etranger'

12-02-2025T14:16:33 - [MESSAGE][INFO] - Checking object

12-02-2025T14:16:33 - [MESSAGE][INFO] - Checking timeout

12-02-2025T14:16:33 - [MESSAGE][INFO] - Finding web element from Test Object's properties

12-02-2025T14:16:33 - [MESSAGE][INFO] - Checking timeout

12-02-2025T14:16:33 - [MESSAGE][INFO] - Finding web element with id: 'Object Repository/A_Version_Nawres/Page_Formulaire_Creation_Dossier/Formulaire_Creation_Dossier_Input/btn_Confirmer_Attribuer_Numero_Etranger' located by 'By.xpath:  //button[contains(text(),'Confirmer et attribuer un numÃ©ro Ã©tranger')]' in '2' second(s)

12-02-2025T14:16:33 - [MESSAGE][INFO] - Found 1 web elements with id: 'Object Repository/A_Version_Nawres/Page_Formulaire_Creation_Dossier/Formulaire_Creation_Dossier_Input/btn_Confirmer_Attribuer_Numero_Etranger' located by 'By.xpath:  //button[contains(text(),'Confirmer et attribuer un numÃ©ro Ã©tranger')]' in '2' second(s)

12-02-2025T14:16:33 - [MESSAGE][INFO] - Scrolling to object 'Object Repository/A_Version_Nawres/Page_Formulaire_Creation_Dossier/Formulaire_Creation_Dossier_Input/btn_Confirmer_Attribuer_Numero_Etranger'

12-02-2025T14:16:33 - [MESSAGE][PASSED] - Scroll to object 'Object Repository/A_Version_Nawres/Page_Formulaire_Creation_Dossier/Formulaire_Creation_Dossier_Input/btn_Confirmer_Attribuer_Numero_Etranger' successfully

12-02-2025T14:16:33 - [TEST_STEP][PASSED] - click(findTestObject("Object Repository/A_Version_Nawres/Page_Formulaire_Creation_Dossier/Formulaire_Creation_Dossier_Input/btn_Confirmer_Attribuer_Numero_Etranger"), STOP_ON_FAILURE): Object: 'Object Repository/A_Version_Nawres/Page_Formulaire_Creation_Dossier/Formulaire_Creation_Dossier_Input/btn_Confirmer_Attribuer_Numero_Etranger' is clicked on

12-02-2025T14:16:33 - [MESSAGE][INFO] - Finding Test Object 'Object Repository/A_Version_Nawres/Page_Formulaire_Creation_Dossier/Formulaire_Creation_Dossier_Input/btn_Confirmer_Attribuer_Numero_Etranger'

12-02-2025T14:16:33 - [MESSAGE][INFO] - Checking timeout

12-02-2025T14:16:33 - [MESSAGE][INFO] - Finding web element with id: 'Object Repository/A_Version_Nawres/Page_Formulaire_Creation_Dossier/Formulaire_Creation_Dossier_Input/btn_Confirmer_Attribuer_Numero_Etranger' located by 'By.xpath:  //button[contains(text(),'Confirmer et attribuer un numÃ©ro Ã©tranger')]' in '20' second(s)

12-02-2025T14:16:33 - [MESSAGE][INFO] - Found 1 web elements with id: 'Object Repository/A_Version_Nawres/Page_Formulaire_Creation_Dossier/Formulaire_Creation_Dossier_Input/btn_Confirmer_Attribuer_Numero_Etranger' located by 'By.xpath:  //button[contains(text(),'Confirmer et attribuer un numÃ©ro Ã©tranger')]' in '20' second(s)

12-02-2025T14:16:33 - [MESSAGE][INFO] - Checking object

12-02-2025T14:16:33 - [MESSAGE][INFO] - Checking timeout

12-02-2025T14:16:33 - [MESSAGE][INFO] - Finding web element from Test Object's properties

12-02-2025T14:16:33 - [MESSAGE][INFO] - Checking timeout

12-02-2025T14:16:33 - [MESSAGE][INFO] - Finding web element with id: 'Object Repository/A_Version_Nawres/Page_Formulaire_Creation_Dossier/Formulaire_Creation_Dossier_Input/btn_Confirmer_Attribuer_Numero_Etranger' located by 'By.xpath:  //button[contains(text(),'Confirmer et attribuer un numÃ©ro Ã©tranger')]' in '2' second(s)

12-02-2025T14:16:33 - [MESSAGE][INFO] - Found 1 web elements with id: 'Object Repository/A_Version_Nawres/Page_Formulaire_Creation_Dossier/Formulaire_Creation_Dossier_Input/btn_Confirmer_Attribuer_Numero_Etranger' located by 'By.xpath:  //button[contains(text(),'Confirmer et attribuer un numÃ©ro Ã©tranger')]' in '2' second(s)

12-02-2025T14:16:33 - [MESSAGE][INFO] - Clicking on object: 'Object Repository/A_Version_Nawres/Page_Formulaire_Creation_Dossier/Formulaire_Creation_Dossier_Input/btn_Confirmer_Attribuer_Numero_Etranger'

12-02-2025T14:16:34 - [MESSAGE][PASSED] - Object: 'Object Repository/A_Version_Nawres/Page_Formulaire_Creation_Dossier/Formulaire_Creation_Dossier_Input/btn_Confirmer_Attribuer_Numero_Etranger' is clicked on

12-02-2025T14:16:34 - [TEST_STEP][PASSED] - NumeroEtrangerGenere = getText(findTestObject("Object Repository/A_Version_Nawres/Page_Formulaire_Creation_Dossier/Formulaire_Creation_Dossier_Input/p_Numero_Etranger_Genere")): Text of object 'Object Repository/A_Version_Nawres/Page_Formulaire_Creation_Dossier/Formulaire_Creation_Dossier_Input/p_Numero_Etranger_Genere' is: '-'

12-02-2025T14:16:34 - [MESSAGE][INFO] - Finding Test Object 'Object Repository/A_Version_Nawres/Page_Formulaire_Creation_Dossier/Formulaire_Creation_Dossier_Input/p_Numero_Etranger_Genere'

12-02-2025T14:16:34 - [MESSAGE][INFO] - Checking object

12-02-2025T14:16:34 - [MESSAGE][INFO] - Finding web element from Test Object's properties

12-02-2025T14:16:34 - [MESSAGE][INFO] - Checking timeout

12-02-2025T14:16:34 - [MESSAGE][INFO] - Finding web element with id: 'Object Repository/A_Version_Nawres/Page_Formulaire_Creation_Dossier/Formulaire_Creation_Dossier_Input/p_Numero_Etranger_Genere' located by 'By.xpath: /html/body/app-root/app-layout-borderless//div/app-prise-mesure/div/app-dsfr-onglet-tab//div/app-fiche-etranger//div/section[2]/div/div/div[1]/p[text()]' in '2' second(s)

12-02-2025T14:16:34 - [MESSAGE][INFO] - Found 1 web elements with id: 'Object Repository/A_Version_Nawres/Page_Formulaire_Creation_Dossier/Formulaire_Creation_Dossier_Input/p_Numero_Etranger_Genere' located by 'By.xpath: /html/body/app-root/app-layout-borderless//div/app-prise-mesure/div/app-dsfr-onglet-tab//div/app-fiche-etranger//div/section[2]/div/div/div[1]/p[text()]' in '2' second(s)

12-02-2025T14:16:34 - [MESSAGE][INFO] - Getting text of object 'Object Repository/A_Version_Nawres/Page_Formulaire_Creation_Dossier/Formulaire_Creation_Dossier_Input/p_Numero_Etranger_Genere'

12-02-2025T14:16:34 - [MESSAGE][PASSED] - Text of object 'Object Repository/A_Version_Nawres/Page_Formulaire_Creation_Dossier/Formulaire_Creation_Dossier_Input/p_Numero_Etranger_Genere' is: '-'

12-02-2025T14:16:34 - [TEST_STEP][PASSED] - NumeroEtranger = NumeroEtrangerGenere: null

12-02-2025T14:16:34 - [TEST_STEP][PASSED] - println(NumeroEtrangerGenere): null

12-02-2025T14:16:34 - [TEST_STEP][PASSED] - println(NumeroEtranger): null

12-02-2025T14:16:34 - [MESSAGE][PASSED] - Call Test Case 'Test Cases/Test Reutilisable/Main/AVersion_Nawres/ANEF_Formulaire_Creation_Dossier' successfully

12-02-2025T14:16:34 - [TEST_STEP][PASSED] - println(NumeroEtranger): null

12-02-2025T14:16:34 - [TEST_STEP][PASSED] - callTestCase(findTestCase("Test Cases/Test Reutilisable/Main/AVersion_Nawres/ANEF_Prendre_Mesure"), ["Mesure":Mesure, "FondementLegal":FondementLegal, "NatureDeLacteExpulsion":NatureDeLacteExpulsion, "NatureDeLacteExpulsion":NatureDeLacteExpulsion, ... ], STOP_ON_FAILURE): Call Test Case 'Test Cases/Test Reutilisable/Main/AVersion_Nawres/ANEF_Prendre_Mesure' successfully

12-02-2025T14:16:34 - [MESSAGE][INFO] - Checking called Test Case

12-02-2025T14:16:34 - [MESSAGE][INFO] - Starting to call Test Case 'Test Cases/Test Reutilisable/Main/AVersion_Nawres/ANEF_Prendre_Mesure'

12-02-2025T14:16:34 - [TEST_CASE][PASSED] - Test Cases/Test Reutilisable/Main/AVersion_Nawres/ANEF_Prendre_Mesure: Test Cases/Test Reutilisable/Main/AVersion_Nawres/ANEF_Prendre_Mesure

12-02-2025T14:16:34 - [TEST_STEP][PASSED] - click(findTestObject("Object Repository/A_Version_Nawres/Page_Prendre_Mesure/btn_Prendre_Mesure"), STOP_ON_FAILURE): Object: 'Object Repository/A_Version_Nawres/Page_Prendre_Mesure/btn_Prendre_Mesure' is clicked on

12-02-2025T14:16:34 - [MESSAGE][INFO] - Finding Test Object 'Object Repository/A_Version_Nawres/Page_Prendre_Mesure/btn_Prendre_Mesure'

12-02-2025T14:16:34 - [MESSAGE][INFO] - Checking timeout

12-02-2025T14:16:34 - [MESSAGE][INFO] - Finding web element with id: 'Object Repository/A_Version_Nawres/Page_Prendre_Mesure/btn_Prendre_Mesure' located by 'By.xpath: //button[@title="Prendre une Mesure"]' in '20' second(s)

12-02-2025T14:16:34 - [MESSAGE][INFO] - Found 1 web elements with id: 'Object Repository/A_Version_Nawres/Page_Prendre_Mesure/btn_Prendre_Mesure' located by 'By.xpath: //button[@title="Prendre une Mesure"]' in '20' second(s)

12-02-2025T14:16:34 - [MESSAGE][INFO] - Checking object

12-02-2025T14:16:34 - [MESSAGE][INFO] - Checking timeout

12-02-2025T14:16:34 - [MESSAGE][INFO] - Finding web element from Test Object's properties

12-02-2025T14:16:34 - [MESSAGE][INFO] - Checking timeout

12-02-2025T14:16:34 - [MESSAGE][INFO] - Finding web element with id: 'Object Repository/A_Version_Nawres/Page_Prendre_Mesure/btn_Prendre_Mesure' located by 'By.xpath: //button[@title="Prendre une Mesure"]' in '2' second(s)

12-02-2025T14:16:34 - [MESSAGE][INFO] - Found 1 web elements with id: 'Object Repository/A_Version_Nawres/Page_Prendre_Mesure/btn_Prendre_Mesure' located by 'By.xpath: //button[@title="Prendre une Mesure"]' in '2' second(s)

12-02-2025T14:16:34 - [MESSAGE][INFO] - Clicking on object: 'Object Repository/A_Version_Nawres/Page_Prendre_Mesure/btn_Prendre_Mesure'

12-02-2025T14:16:36 - [MESSAGE][PASSED] - Object: 'Object Repository/A_Version_Nawres/Page_Prendre_Mesure/btn_Prendre_Mesure' is clicked on

12-02-2025T14:16:36 - [TEST_STEP][PASSED] - switch (Mesure): null

12-02-2025T14:16:36 - [TEST_STEP][PASSED] - case "TransfertDublin":: Object 'Object Repository/A_Version_Nawres/Page_Prendre_Mesure/btn_Supprimer_Fiche_Mesure' is present

12-02-2025T14:16:36 - [TEST_STEP][PASSED] - selectOptionByLabel(findTestObject("Object Repository/A_Version_Nawres/Page_Prendre_Mesure/select_Type_Mesure"), "Transfert Dublin", false, STOP_ON_FAILURE): All options with label 'Transfert Dublin' are selected in object 'Object Repository/A_Version_Nawres/Page_Prendre_Mesure/select_Type_Mesure' 

12-02-2025T14:16:36 - [MESSAGE][INFO] - Finding Test Object 'Object Repository/A_Version_Nawres/Page_Prendre_Mesure/select_Type_Mesure'

12-02-2025T14:16:36 - [MESSAGE][INFO] - Checking timeout

12-02-2025T14:16:36 - [MESSAGE][INFO] - Finding web element with id: 'Object Repository/A_Version_Nawres/Page_Prendre_Mesure/select_Type_Mesure' located by 'By.xpath: //select[@id="typeMesure"]' in '20' second(s)

12-02-2025T14:16:36 - [MESSAGE][INFO] - Found 1 web elements with id: 'Object Repository/A_Version_Nawres/Page_Prendre_Mesure/select_Type_Mesure' located by 'By.xpath: //select[@id="typeMesure"]' in '20' second(s)

12-02-2025T14:16:36 - [MESSAGE][INFO] - Checking object

12-02-2025T14:16:36 - [MESSAGE][INFO] - Checking label parameter

12-02-2025T14:16:36 - [MESSAGE][INFO] - Finding web element from Test Object's properties

12-02-2025T14:16:36 - [MESSAGE][INFO] - Checking timeout

12-02-2025T14:16:36 - [MESSAGE][INFO] - Finding web element with id: 'Object Repository/A_Version_Nawres/Page_Prendre_Mesure/select_Type_Mesure' located by 'By.xpath: //select[@id="typeMesure"]' in '2' second(s)

12-02-2025T14:16:36 - [MESSAGE][INFO] - Found 1 web elements with id: 'Object Repository/A_Version_Nawres/Page_Prendre_Mesure/select_Type_Mesure' located by 'By.xpath: //select[@id="typeMesure"]' in '2' second(s)

12-02-2025T14:16:36 - [MESSAGE][INFO] - Selecting options on object 'Object Repository/A_Version_Nawres/Page_Prendre_Mesure/select_Type_Mesure' with label 'Transfert Dublin' 

12-02-2025T14:16:37 - [MESSAGE][PASSED] - All options with label 'Transfert Dublin' are selected in object 'Object Repository/A_Version_Nawres/Page_Prendre_Mesure/select_Type_Mesure' 

12-02-2025T14:16:37 - [TEST_STEP][PASSED] - click(findTestObject("Object Repository/A_Version_Nawres/Page_Prendre_Mesure/btn_Confirmer_Mesure"), STOP_ON_FAILURE): Object: 'Object Repository/A_Version_Nawres/Page_Prendre_Mesure/btn_Confirmer_Mesure' is clicked on

12-02-2025T14:16:37 - [MESSAGE][INFO] - Finding Test Object 'Object Repository/A_Version_Nawres/Page_Prendre_Mesure/btn_Confirmer_Mesure'

12-02-2025T14:16:37 - [MESSAGE][INFO] - Checking timeout

12-02-2025T14:16:37 - [MESSAGE][INFO] - Finding web element with id: 'Object Repository/A_Version_Nawres/Page_Prendre_Mesure/btn_Confirmer_Mesure' located by 'By.xpath: //button[@id="btn-confirme-decision"]' in '20' second(s)

12-02-2025T14:16:37 - [MESSAGE][INFO] - Found 1 web elements with id: 'Object Repository/A_Version_Nawres/Page_Prendre_Mesure/btn_Confirmer_Mesure' located by 'By.xpath: //button[@id="btn-confirme-decision"]' in '20' second(s)

12-02-2025T14:16:37 - [MESSAGE][INFO] - Checking object

12-02-2025T14:16:37 - [MESSAGE][INFO] - Checking timeout

12-02-2025T14:16:37 - [MESSAGE][INFO] - Finding web element from Test Object's properties

12-02-2025T14:16:37 - [MESSAGE][INFO] - Checking timeout

12-02-2025T14:16:37 - [MESSAGE][INFO] - Finding web element with id: 'Object Repository/A_Version_Nawres/Page_Prendre_Mesure/btn_Confirmer_Mesure' located by 'By.xpath: //button[@id="btn-confirme-decision"]' in '2' second(s)

12-02-2025T14:16:37 - [MESSAGE][INFO] - Found 1 web elements with id: 'Object Repository/A_Version_Nawres/Page_Prendre_Mesure/btn_Confirmer_Mesure' located by 'By.xpath: //button[@id="btn-confirme-decision"]' in '2' second(s)

12-02-2025T14:16:37 - [MESSAGE][INFO] - Clicking on object: 'Object Repository/A_Version_Nawres/Page_Prendre_Mesure/btn_Confirmer_Mesure'

12-02-2025T14:16:38 - [MESSAGE][PASSED] - Object: 'Object Repository/A_Version_Nawres/Page_Prendre_Mesure/btn_Confirmer_Mesure' is clicked on

12-02-2025T14:16:38 - [TEST_STEP][PASSED] - verifyElementPresent(findTestObject("Object Repository/A_Version_Nawres/Page_Prendre_Mesure/btn_Supprimer_Fiche_Mesure"), 2, STOP_ON_FAILURE): Object 'Object Repository/A_Version_Nawres/Page_Prendre_Mesure/btn_Supprimer_Fiche_Mesure' is present

12-02-2025T14:16:38 - [MESSAGE][INFO] - Finding Test Object 'Object Repository/A_Version_Nawres/Page_Prendre_Mesure/btn_Supprimer_Fiche_Mesure'

12-02-2025T14:16:38 - [MESSAGE][INFO] - Checking object

12-02-2025T14:16:38 - [MESSAGE][INFO] - Finding web element from Test Object's properties

12-02-2025T14:16:38 - [MESSAGE][INFO] - Checking timeout

12-02-2025T14:16:38 - [MESSAGE][INFO] - Finding web element with id: 'Object Repository/A_Version_Nawres/Page_Prendre_Mesure/btn_Supprimer_Fiche_Mesure' located by 'By.xpath: //button[@title="Supprimer une Mesure"]' in '2' second(s)

12-02-2025T14:16:39 - [MESSAGE][INFO] - Found 1 web elements with id: 'Object Repository/A_Version_Nawres/Page_Prendre_Mesure/btn_Supprimer_Fiche_Mesure' located by 'By.xpath: //button[@title="Supprimer une Mesure"]' in '2' second(s)

12-02-2025T14:16:39 - [MESSAGE][PASSED] - Object 'Object Repository/A_Version_Nawres/Page_Prendre_Mesure/btn_Supprimer_Fiche_Mesure' is present

12-02-2025T14:16:39 - [TEST_STEP][PASSED] - Default: null

12-02-2025T14:16:39 - [TEST_STEP][PASSED] - break: null

12-02-2025T14:16:39 - [TEST_STEP][PASSED] - callTestCase(findTestCase("Test Cases/Test Reutilisable/Main/AVersion_Nawres/ANEF_Prendre_Mesure_Formulaire_1"), ["Mesure":Mesure, "FondementLegal":FondementLegal, "NatureDeLacteExpulsion":NatureDeLacteExpulsion, "UrgenceAbsolueExpulsion":UrgenceAbsolueExpulsion, ... ], STOP_ON_FAILURE): Call Test Case 'Test Cases/Test Reutilisable/Main/AVersion_Nawres/ANEF_Prendre_Mesure_Formulaire_1' successfully

12-02-2025T14:16:39 - [MESSAGE][INFO] - Checking called Test Case

12-02-2025T14:16:39 - [MESSAGE][INFO] - Starting to call Test Case 'Test Cases/Test Reutilisable/Main/AVersion_Nawres/ANEF_Prendre_Mesure_Formulaire_1'

12-02-2025T14:16:39 - [TEST_CASE][PASSED] - Test Cases/Test Reutilisable/Main/AVersion_Nawres/ANEF_Prendre_Mesure_Formulaire_1: Test Cases/Test Reutilisable/Main/AVersion_Nawres/ANEF_Prendre_Mesure_Formulaire_1

12-02-2025T14:16:39 - [TEST_STEP][PASSED] - calendar = Calendar.getInstance(): null

12-02-2025T14:16:39 - [TEST_STEP][PASSED] - currentDate = calendar.getTime(): null

12-02-2025T14:16:39 - [TEST_STEP][PASSED] - sdf = new java.text.SimpleDateFormat(dd/MM/yyyy): null

12-02-2025T14:16:39 - [TEST_STEP][PASSED] - formattedDate = sdf.format(currentDate): null

12-02-2025T14:16:39 - [TEST_STEP][PASSED] - DateActuelle = formattedDate.toString(): null

12-02-2025T14:16:39 - [TEST_STEP][PASSED] - println(DateActuelle): null

12-02-2025T14:16:39 - [TEST_STEP][PASSED] - if (Mesure != "ITF"): null

12-02-2025T14:16:39 - [TEST_STEP][PASSED] - selectOptionByLabel(findTestObject("Object Repository/A_Version_Nawres/Page_Prendre_Mesure_Formulaire_1/select_Fondement_Legal"), FondementLegal, false, STOP_ON_FAILURE): All options with label 'L. 572-1' are selected in object 'Object Repository/A_Version_Nawres/Page_Prendre_Mesure_Formulaire_1/select_Fondement_Legal' 

12-02-2025T14:16:39 - [MESSAGE][INFO] - Finding Test Object 'Object Repository/A_Version_Nawres/Page_Prendre_Mesure_Formulaire_1/select_Fondement_Legal'

12-02-2025T14:16:39 - [MESSAGE][INFO] - Checking timeout

12-02-2025T14:16:39 - [MESSAGE][INFO] - Finding web element with id: 'Object Repository/A_Version_Nawres/Page_Prendre_Mesure_Formulaire_1/select_Fondement_Legal' located by 'By.xpath: //select[@id="fondement_legal"]' in '20' second(s)

12-02-2025T14:16:39 - [MESSAGE][INFO] - Found 1 web elements with id: 'Object Repository/A_Version_Nawres/Page_Prendre_Mesure_Formulaire_1/select_Fondement_Legal' located by 'By.xpath: //select[@id="fondement_legal"]' in '20' second(s)

12-02-2025T14:16:39 - [MESSAGE][INFO] - Checking object

12-02-2025T14:16:39 - [MESSAGE][INFO] - Checking label parameter

12-02-2025T14:16:39 - [MESSAGE][INFO] - Finding web element from Test Object's properties

12-02-2025T14:16:39 - [MESSAGE][INFO] - Checking timeout

12-02-2025T14:16:39 - [MESSAGE][INFO] - Finding web element with id: 'Object Repository/A_Version_Nawres/Page_Prendre_Mesure_Formulaire_1/select_Fondement_Legal' located by 'By.xpath: //select[@id="fondement_legal"]' in '2' second(s)

12-02-2025T14:16:39 - [MESSAGE][INFO] - Found 1 web elements with id: 'Object Repository/A_Version_Nawres/Page_Prendre_Mesure_Formulaire_1/select_Fondement_Legal' located by 'By.xpath: //select[@id="fondement_legal"]' in '2' second(s)

12-02-2025T14:16:39 - [MESSAGE][INFO] - Selecting options on object 'Object Repository/A_Version_Nawres/Page_Prendre_Mesure_Formulaire_1/select_Fondement_Legal' with label 'L. 572-1' 

12-02-2025T14:16:40 - [MESSAGE][PASSED] - All options with label 'L. 572-1' are selected in object 'Object Repository/A_Version_Nawres/Page_Prendre_Mesure_Formulaire_1/select_Fondement_Legal' 

12-02-2025T14:16:40 - [TEST_STEP][PASSED] - if (Mesure == "Expulsion"): null

12-02-2025T14:16:40 - [TEST_STEP][PASSED] - NumberUsagerRandom = tools.MyStringTools.getRandomNumber(10, 99): tools.MyStringTools.getRandomNumber is PASSED

12-02-2025T14:16:40 - [MESSAGE][PASSED] - tools.MyStringTools.getRandomNumber is PASSED

12-02-2025T14:16:40 - [TEST_STEP][PASSED] - println(NumberUsagerRandom): null

12-02-2025T14:16:40 - [TEST_STEP][PASSED] - RandomNumber = NumberUsagerRandom.toString(): null

12-02-2025T14:16:40 - [TEST_STEP][PASSED] - if (Mesure == "OQTF"): null

12-02-2025T14:16:40 - [TEST_STEP][PASSED] - if (Mesure == "RemiseSchengen"): null

12-02-2025T14:16:40 - [TEST_STEP][PASSED] - RandomNumber = tools.MyStringTools.getRandomNumber(1, 30): tools.MyStringTools.getRandomNumber is PASSED

12-02-2025T14:16:40 - [MESSAGE][PASSED] - tools.MyStringTools.getRandomNumber is PASSED

12-02-2025T14:16:40 - [TEST_STEP][PASSED] - println(RandomNumber): null

12-02-2025T14:16:40 - [TEST_STEP][PASSED] - RandomNumberSelect = RandomNumber.toString(): null

12-02-2025T14:16:40 - [TEST_STEP][PASSED] - if (Mesure == "TransfertDublin"): Text '12/02/2025' is set on object 'Object Repository/A_Version_Nawres/Page_Prendre_Mesure_Formulaire_1/input_Date_Decision_Transfert_N_2'

12-02-2025T14:16:40 - [TEST_STEP][PASSED] - setText(findTestObject("Object Repository/A_Version_Nawres/Page_Prendre_Mesure_Formulaire_1/input_Date_Transmission_Requete"), DateActuelle, STOP_ON_FAILURE): Text '12/02/2025' is set on object 'Object Repository/A_Version_Nawres/Page_Prendre_Mesure_Formulaire_1/input_Date_Transmission_Requete'

12-02-2025T14:16:40 - [MESSAGE][INFO] - Finding Test Object 'Object Repository/A_Version_Nawres/Page_Prendre_Mesure_Formulaire_1/input_Date_Transmission_Requete'

12-02-2025T14:16:40 - [MESSAGE][INFO] - Checking timeout

12-02-2025T14:16:40 - [MESSAGE][INFO] - Finding web element with id: 'Object Repository/A_Version_Nawres/Page_Prendre_Mesure_Formulaire_1/input_Date_Transmission_Requete' located by 'By.xpath: //input[@id="date_transmission_requete"]' in '20' second(s)

12-02-2025T14:16:40 - [MESSAGE][INFO] - Found 1 web elements with id: 'Object Repository/A_Version_Nawres/Page_Prendre_Mesure_Formulaire_1/input_Date_Transmission_Requete' located by 'By.xpath: //input[@id="date_transmission_requete"]' in '20' second(s)

12-02-2025T14:16:40 - [MESSAGE][INFO] - Checking object

12-02-2025T14:16:40 - [MESSAGE][INFO] - Checking text

12-02-2025T14:16:40 - [MESSAGE][INFO] - Finding web element from Test Object's properties

12-02-2025T14:16:40 - [MESSAGE][INFO] - Checking timeout

12-02-2025T14:16:40 - [MESSAGE][INFO] - Finding web element with id: 'Object Repository/A_Version_Nawres/Page_Prendre_Mesure_Formulaire_1/input_Date_Transmission_Requete' located by 'By.xpath: //input[@id="date_transmission_requete"]' in '2' second(s)

12-02-2025T14:16:40 - [MESSAGE][INFO] - Found 1 web elements with id: 'Object Repository/A_Version_Nawres/Page_Prendre_Mesure_Formulaire_1/input_Date_Transmission_Requete' located by 'By.xpath: //input[@id="date_transmission_requete"]' in '2' second(s)

12-02-2025T14:16:40 - [MESSAGE][INFO] - Clearing text of object 'Object Repository/A_Version_Nawres/Page_Prendre_Mesure_Formulaire_1/input_Date_Transmission_Requete'

12-02-2025T14:16:41 - [MESSAGE][INFO] - Finding web element from Test Object's properties

12-02-2025T14:16:41 - [MESSAGE][INFO] - Checking timeout

12-02-2025T14:16:41 - [MESSAGE][INFO] - Finding web element with id: 'Object Repository/A_Version_Nawres/Page_Prendre_Mesure_Formulaire_1/input_Date_Transmission_Requete' located by 'By.xpath: //input[@id="date_transmission_requete"]' in '2' second(s)

12-02-2025T14:16:42 - [MESSAGE][INFO] - Found 1 web elements with id: 'Object Repository/A_Version_Nawres/Page_Prendre_Mesure_Formulaire_1/input_Date_Transmission_Requete' located by 'By.xpath: //input[@id="date_transmission_requete"]' in '2' second(s)

12-02-2025T14:16:42 - [MESSAGE][INFO] - Setting text of object 'Object Repository/A_Version_Nawres/Page_Prendre_Mesure_Formulaire_1/input_Date_Transmission_Requete' to value '12/02/2025'

12-02-2025T14:16:43 - [MESSAGE][PASSED] - Text '12/02/2025' is set on object 'Object Repository/A_Version_Nawres/Page_Prendre_Mesure_Formulaire_1/input_Date_Transmission_Requete'

12-02-2025T14:16:43 - [TEST_STEP][PASSED] - selectOptionByIndex(findTestObject("Object Repository/A_Version_Nawres/Page_Prendre_Mesure_Formulaire_1/select_Etat_Requis"), RandomNumberSelect, STOP_ON_FAILURE): All options with index in [11] are selected on object 'Object Repository/A_Version_Nawres/Page_Prendre_Mesure_Formulaire_1/select_Etat_Requis'

12-02-2025T14:16:43 - [MESSAGE][INFO] - Finding Test Object 'Object Repository/A_Version_Nawres/Page_Prendre_Mesure_Formulaire_1/select_Etat_Requis'

12-02-2025T14:16:43 - [MESSAGE][INFO] - Checking timeout

12-02-2025T14:16:43 - [MESSAGE][INFO] - Finding web element with id: 'Object Repository/A_Version_Nawres/Page_Prendre_Mesure_Formulaire_1/select_Etat_Requis' located by 'By.xpath: //select[@name="pays"]' in '20' second(s)

12-02-2025T14:16:43 - [MESSAGE][INFO] - Found 1 web elements with id: 'Object Repository/A_Version_Nawres/Page_Prendre_Mesure_Formulaire_1/select_Etat_Requis' located by 'By.xpath: //select[@name="pays"]' in '20' second(s)

12-02-2025T14:16:43 - [MESSAGE][INFO] - Checking object

12-02-2025T14:16:43 - [MESSAGE][INFO] - Checking index range

12-02-2025T14:16:43 - [MESSAGE][INFO] - Converting range parameter '11' to index array

12-02-2025T14:16:43 - [MESSAGE][INFO] - Range parameter '11' is converted to index array [11]

12-02-2025T14:16:43 - [MESSAGE][INFO] - Finding web element from Test Object's properties

12-02-2025T14:16:43 - [MESSAGE][INFO] - Checking timeout

12-02-2025T14:16:43 - [MESSAGE][INFO] - Finding web element with id: 'Object Repository/A_Version_Nawres/Page_Prendre_Mesure_Formulaire_1/select_Etat_Requis' located by 'By.xpath: //select[@name="pays"]' in '2' second(s)

12-02-2025T14:16:43 - [MESSAGE][INFO] - Found 1 web elements with id: 'Object Repository/A_Version_Nawres/Page_Prendre_Mesure_Formulaire_1/select_Etat_Requis' located by 'By.xpath: //select[@name="pays"]' in '2' second(s)

12-02-2025T14:16:43 - [MESSAGE][INFO] - Checking index parameters

12-02-2025T14:16:43 - [MESSAGE][INFO] - Selecting options on object 'Object Repository/A_Version_Nawres/Page_Prendre_Mesure_Formulaire_1/select_Etat_Requis' with index in [11]

12-02-2025T14:16:44 - [MESSAGE][INFO] - Option with index 11 is selected

12-02-2025T14:16:44 - [MESSAGE][PASSED] - All options with index in [11] are selected on object 'Object Repository/A_Version_Nawres/Page_Prendre_Mesure_Formulaire_1/select_Etat_Requis'

12-02-2025T14:16:44 - [TEST_STEP][PASSED] - setText(findTestObject("Object Repository/A_Version_Nawres/Page_Prendre_Mesure_Formulaire_1/input_Date_Reponse_Etat_Requis"), DateActuelle, STOP_ON_FAILURE): Text '12/02/2025' is set on object 'Object Repository/A_Version_Nawres/Page_Prendre_Mesure_Formulaire_1/input_Date_Reponse_Etat_Requis'

12-02-2025T14:16:44 - [MESSAGE][INFO] - Finding Test Object 'Object Repository/A_Version_Nawres/Page_Prendre_Mesure_Formulaire_1/input_Date_Reponse_Etat_Requis'

12-02-2025T14:16:44 - [MESSAGE][INFO] - Checking timeout

12-02-2025T14:16:44 - [MESSAGE][INFO] - Finding web element with id: 'Object Repository/A_Version_Nawres/Page_Prendre_Mesure_Formulaire_1/input_Date_Reponse_Etat_Requis' located by 'By.xpath: //input[@id="date_reponse"]' in '20' second(s)

12-02-2025T14:16:44 - [MESSAGE][INFO] - Found 1 web elements with id: 'Object Repository/A_Version_Nawres/Page_Prendre_Mesure_Formulaire_1/input_Date_Reponse_Etat_Requis' located by 'By.xpath: //input[@id="date_reponse"]' in '20' second(s)

12-02-2025T14:16:44 - [MESSAGE][INFO] - Checking object

12-02-2025T14:16:44 - [MESSAGE][INFO] - Checking text

12-02-2025T14:16:44 - [MESSAGE][INFO] - Finding web element from Test Object's properties

12-02-2025T14:16:44 - [MESSAGE][INFO] - Checking timeout

12-02-2025T14:16:44 - [MESSAGE][INFO] - Finding web element with id: 'Object Repository/A_Version_Nawres/Page_Prendre_Mesure_Formulaire_1/input_Date_Reponse_Etat_Requis' located by 'By.xpath: //input[@id="date_reponse"]' in '2' second(s)

12-02-2025T14:16:44 - [MESSAGE][INFO] - Found 1 web elements with id: 'Object Repository/A_Version_Nawres/Page_Prendre_Mesure_Formulaire_1/input_Date_Reponse_Etat_Requis' located by 'By.xpath: //input[@id="date_reponse"]' in '2' second(s)

12-02-2025T14:16:44 - [MESSAGE][INFO] - Clearing text of object 'Object Repository/A_Version_Nawres/Page_Prendre_Mesure_Formulaire_1/input_Date_Reponse_Etat_Requis'

12-02-2025T14:16:45 - [MESSAGE][INFO] - Finding web element from Test Object's properties

12-02-2025T14:16:45 - [MESSAGE][INFO] - Checking timeout

12-02-2025T14:16:45 - [MESSAGE][INFO] - Finding web element with id: 'Object Repository/A_Version_Nawres/Page_Prendre_Mesure_Formulaire_1/input_Date_Reponse_Etat_Requis' located by 'By.xpath: //input[@id="date_reponse"]' in '2' second(s)

12-02-2025T14:16:45 - [MESSAGE][INFO] - Found 1 web elements with id: 'Object Repository/A_Version_Nawres/Page_Prendre_Mesure_Formulaire_1/input_Date_Reponse_Etat_Requis' located by 'By.xpath: //input[@id="date_reponse"]' in '2' second(s)

12-02-2025T14:16:45 - [MESSAGE][INFO] - Setting text of object 'Object Repository/A_Version_Nawres/Page_Prendre_Mesure_Formulaire_1/input_Date_Reponse_Etat_Requis' to value '12/02/2025'

12-02-2025T14:16:46 - [MESSAGE][PASSED] - Text '12/02/2025' is set on object 'Object Repository/A_Version_Nawres/Page_Prendre_Mesure_Formulaire_1/input_Date_Reponse_Etat_Requis'

12-02-2025T14:16:46 - [TEST_STEP][PASSED] - selectOptionByLabel(findTestObject("Object Repository/A_Version_Nawres/Page_Prendre_Mesure_Formulaire_1/select_Decision_Etat_Requis"), DecisionEtatTransfertDublin, false, STOP_ON_FAILURE): All options with label 'Refus' are selected in object 'Object Repository/A_Version_Nawres/Page_Prendre_Mesure_Formulaire_1/select_Decision_Etat_Requis' 

12-02-2025T14:16:46 - [MESSAGE][INFO] - Finding Test Object 'Object Repository/A_Version_Nawres/Page_Prendre_Mesure_Formulaire_1/select_Decision_Etat_Requis'

12-02-2025T14:16:46 - [MESSAGE][INFO] - Checking timeout

12-02-2025T14:16:46 - [MESSAGE][INFO] - Finding web element with id: 'Object Repository/A_Version_Nawres/Page_Prendre_Mesure_Formulaire_1/select_Decision_Etat_Requis' located by 'By.xpath: //select[@name="decision"]' in '20' second(s)

12-02-2025T14:16:46 - [MESSAGE][INFO] - Found 1 web elements with id: 'Object Repository/A_Version_Nawres/Page_Prendre_Mesure_Formulaire_1/select_Decision_Etat_Requis' located by 'By.xpath: //select[@name="decision"]' in '20' second(s)

12-02-2025T14:16:46 - [MESSAGE][INFO] - Checking object

12-02-2025T14:16:46 - [MESSAGE][INFO] - Checking label parameter

12-02-2025T14:16:46 - [MESSAGE][INFO] - Finding web element from Test Object's properties

12-02-2025T14:16:46 - [MESSAGE][INFO] - Checking timeout

12-02-2025T14:16:46 - [MESSAGE][INFO] - Finding web element with id: 'Object Repository/A_Version_Nawres/Page_Prendre_Mesure_Formulaire_1/select_Decision_Etat_Requis' located by 'By.xpath: //select[@name="decision"]' in '2' second(s)

12-02-2025T14:16:46 - [MESSAGE][INFO] - Found 1 web elements with id: 'Object Repository/A_Version_Nawres/Page_Prendre_Mesure_Formulaire_1/select_Decision_Etat_Requis' located by 'By.xpath: //select[@name="decision"]' in '2' second(s)

12-02-2025T14:16:46 - [MESSAGE][INFO] - Selecting options on object 'Object Repository/A_Version_Nawres/Page_Prendre_Mesure_Formulaire_1/select_Decision_Etat_Requis' with label 'Refus' 

12-02-2025T14:16:47 - [MESSAGE][PASSED] - All options with label 'Refus' are selected in object 'Object Repository/A_Version_Nawres/Page_Prendre_Mesure_Formulaire_1/select_Decision_Etat_Requis' 

12-02-2025T14:16:47 - [TEST_STEP][PASSED] - setText(findTestObject("Object Repository/A_Version_Nawres/Page_Prendre_Mesure_Formulaire_1/input_Date_Fin_Validite"), DateActuelle, STOP_ON_FAILURE): Text '12/02/2025' is set on object 'Object Repository/A_Version_Nawres/Page_Prendre_Mesure_Formulaire_1/input_Date_Fin_Validite'

12-02-2025T14:16:47 - [MESSAGE][INFO] - Finding Test Object 'Object Repository/A_Version_Nawres/Page_Prendre_Mesure_Formulaire_1/input_Date_Fin_Validite'

12-02-2025T14:16:47 - [MESSAGE][INFO] - Checking timeout

12-02-2025T14:16:47 - [MESSAGE][INFO] - Finding web element with id: 'Object Repository/A_Version_Nawres/Page_Prendre_Mesure_Formulaire_1/input_Date_Fin_Validite' located by 'By.xpath: //input[@id="date_fin_validite"]' in '20' second(s)

12-02-2025T14:16:47 - [MESSAGE][INFO] - Found 1 web elements with id: 'Object Repository/A_Version_Nawres/Page_Prendre_Mesure_Formulaire_1/input_Date_Fin_Validite' located by 'By.xpath: //input[@id="date_fin_validite"]' in '20' second(s)

12-02-2025T14:16:47 - [MESSAGE][INFO] - Checking object

12-02-2025T14:16:47 - [MESSAGE][INFO] - Checking text

12-02-2025T14:16:47 - [MESSAGE][INFO] - Finding web element from Test Object's properties

12-02-2025T14:16:47 - [MESSAGE][INFO] - Checking timeout

12-02-2025T14:16:47 - [MESSAGE][INFO] - Finding web element with id: 'Object Repository/A_Version_Nawres/Page_Prendre_Mesure_Formulaire_1/input_Date_Fin_Validite' located by 'By.xpath: //input[@id="date_fin_validite"]' in '2' second(s)

12-02-2025T14:16:47 - [MESSAGE][INFO] - Found 1 web elements with id: 'Object Repository/A_Version_Nawres/Page_Prendre_Mesure_Formulaire_1/input_Date_Fin_Validite' located by 'By.xpath: //input[@id="date_fin_validite"]' in '2' second(s)

12-02-2025T14:16:47 - [MESSAGE][INFO] - Clearing text of object 'Object Repository/A_Version_Nawres/Page_Prendre_Mesure_Formulaire_1/input_Date_Fin_Validite'

12-02-2025T14:16:48 - [MESSAGE][INFO] - Finding web element from Test Object's properties

12-02-2025T14:16:48 - [MESSAGE][INFO] - Checking timeout

12-02-2025T14:16:48 - [MESSAGE][INFO] - Finding web element with id: 'Object Repository/A_Version_Nawres/Page_Prendre_Mesure_Formulaire_1/input_Date_Fin_Validite' located by 'By.xpath: //input[@id="date_fin_validite"]' in '2' second(s)

12-02-2025T14:16:48 - [MESSAGE][INFO] - Found 1 web elements with id: 'Object Repository/A_Version_Nawres/Page_Prendre_Mesure_Formulaire_1/input_Date_Fin_Validite' located by 'By.xpath: //input[@id="date_fin_validite"]' in '2' second(s)

12-02-2025T14:16:48 - [MESSAGE][INFO] - Setting text of object 'Object Repository/A_Version_Nawres/Page_Prendre_Mesure_Formulaire_1/input_Date_Fin_Validite' to value '12/02/2025'

12-02-2025T14:16:50 - [MESSAGE][PASSED] - Text '12/02/2025' is set on object 'Object Repository/A_Version_Nawres/Page_Prendre_Mesure_Formulaire_1/input_Date_Fin_Validite'

12-02-2025T14:16:50 - [TEST_STEP][PASSED] - setText(findTestObject("Object Repository/A_Version_Nawres/Page_Prendre_Mesure_Formulaire_1/input_Date_Demande_Reexamen"), DateActuelle, STOP_ON_FAILURE): Text '12/02/2025' is set on object 'Object Repository/A_Version_Nawres/Page_Prendre_Mesure_Formulaire_1/input_Date_Demande_Reexamen'

12-02-2025T14:16:50 - [MESSAGE][INFO] - Finding Test Object 'Object Repository/A_Version_Nawres/Page_Prendre_Mesure_Formulaire_1/input_Date_Demande_Reexamen'

12-02-2025T14:16:50 - [MESSAGE][INFO] - Checking timeout

12-02-2025T14:16:50 - [MESSAGE][INFO] - Finding web element with id: 'Object Repository/A_Version_Nawres/Page_Prendre_Mesure_Formulaire_1/input_Date_Demande_Reexamen' located by 'By.xpath: //input[@id="date_demande_reexamen"]' in '20' second(s)

12-02-2025T14:16:50 - [MESSAGE][INFO] - Found 1 web elements with id: 'Object Repository/A_Version_Nawres/Page_Prendre_Mesure_Formulaire_1/input_Date_Demande_Reexamen' located by 'By.xpath: //input[@id="date_demande_reexamen"]' in '20' second(s)

12-02-2025T14:16:50 - [MESSAGE][INFO] - Checking object

12-02-2025T14:16:50 - [MESSAGE][INFO] - Checking text

12-02-2025T14:16:50 - [MESSAGE][INFO] - Finding web element from Test Object's properties

12-02-2025T14:16:50 - [MESSAGE][INFO] - Checking timeout

12-02-2025T14:16:50 - [MESSAGE][INFO] - Finding web element with id: 'Object Repository/A_Version_Nawres/Page_Prendre_Mesure_Formulaire_1/input_Date_Demande_Reexamen' located by 'By.xpath: //input[@id="date_demande_reexamen"]' in '2' second(s)

12-02-2025T14:16:50 - [MESSAGE][INFO] - Found 1 web elements with id: 'Object Repository/A_Version_Nawres/Page_Prendre_Mesure_Formulaire_1/input_Date_Demande_Reexamen' located by 'By.xpath: //input[@id="date_demande_reexamen"]' in '2' second(s)

12-02-2025T14:16:50 - [MESSAGE][INFO] - Clearing text of object 'Object Repository/A_Version_Nawres/Page_Prendre_Mesure_Formulaire_1/input_Date_Demande_Reexamen'

12-02-2025T14:16:51 - [MESSAGE][INFO] - Finding web element from Test Object's properties

12-02-2025T14:16:51 - [MESSAGE][INFO] - Checking timeout

12-02-2025T14:16:51 - [MESSAGE][INFO] - Finding web element with id: 'Object Repository/A_Version_Nawres/Page_Prendre_Mesure_Formulaire_1/input_Date_Demande_Reexamen' located by 'By.xpath: //input[@id="date_demande_reexamen"]' in '2' second(s)

12-02-2025T14:16:51 - [MESSAGE][INFO] - Found 1 web elements with id: 'Object Repository/A_Version_Nawres/Page_Prendre_Mesure_Formulaire_1/input_Date_Demande_Reexamen' located by 'By.xpath: //input[@id="date_demande_reexamen"]' in '2' second(s)

12-02-2025T14:16:51 - [MESSAGE][INFO] - Setting text of object 'Object Repository/A_Version_Nawres/Page_Prendre_Mesure_Formulaire_1/input_Date_Demande_Reexamen' to value '12/02/2025'

12-02-2025T14:16:52 - [MESSAGE][PASSED] - Text '12/02/2025' is set on object 'Object Repository/A_Version_Nawres/Page_Prendre_Mesure_Formulaire_1/input_Date_Demande_Reexamen'

12-02-2025T14:16:52 - [TEST_STEP][PASSED] - setText(findTestObject("Object Repository/A_Version_Nawres/Page_Prendre_Mesure_Formulaire_1/input_Date_Decision_Transfert"), DateActuelle, STOP_ON_FAILURE): Text '12/02/2025' is set on object 'Object Repository/A_Version_Nawres/Page_Prendre_Mesure_Formulaire_1/input_Date_Decision_Transfert'

12-02-2025T14:16:52 - [MESSAGE][INFO] - Finding Test Object 'Object Repository/A_Version_Nawres/Page_Prendre_Mesure_Formulaire_1/input_Date_Decision_Transfert'

12-02-2025T14:16:52 - [MESSAGE][INFO] - Checking timeout

12-02-2025T14:16:52 - [MESSAGE][INFO] - Finding web element with id: 'Object Repository/A_Version_Nawres/Page_Prendre_Mesure_Formulaire_1/input_Date_Decision_Transfert' located by 'By.xpath: //input[@id="date_decision_transfert"]' in '20' second(s)

12-02-2025T14:16:52 - [MESSAGE][INFO] - Found 1 web elements with id: 'Object Repository/A_Version_Nawres/Page_Prendre_Mesure_Formulaire_1/input_Date_Decision_Transfert' located by 'By.xpath: //input[@id="date_decision_transfert"]' in '20' second(s)

12-02-2025T14:16:52 - [MESSAGE][INFO] - Checking object

12-02-2025T14:16:52 - [MESSAGE][INFO] - Checking text

12-02-2025T14:16:52 - [MESSAGE][INFO] - Finding web element from Test Object's properties

12-02-2025T14:16:52 - [MESSAGE][INFO] - Checking timeout

12-02-2025T14:16:52 - [MESSAGE][INFO] - Finding web element with id: 'Object Repository/A_Version_Nawres/Page_Prendre_Mesure_Formulaire_1/input_Date_Decision_Transfert' located by 'By.xpath: //input[@id="date_decision_transfert"]' in '2' second(s)

12-02-2025T14:16:52 - [MESSAGE][INFO] - Found 1 web elements with id: 'Object Repository/A_Version_Nawres/Page_Prendre_Mesure_Formulaire_1/input_Date_Decision_Transfert' located by 'By.xpath: //input[@id="date_decision_transfert"]' in '2' second(s)

12-02-2025T14:16:52 - [MESSAGE][INFO] - Clearing text of object 'Object Repository/A_Version_Nawres/Page_Prendre_Mesure_Formulaire_1/input_Date_Decision_Transfert'

12-02-2025T14:16:53 - [MESSAGE][INFO] - Finding web element from Test Object's properties

12-02-2025T14:16:53 - [MESSAGE][INFO] - Checking timeout

12-02-2025T14:16:53 - [MESSAGE][INFO] - Finding web element with id: 'Object Repository/A_Version_Nawres/Page_Prendre_Mesure_Formulaire_1/input_Date_Decision_Transfert' located by 'By.xpath: //input[@id="date_decision_transfert"]' in '2' second(s)

12-02-2025T14:16:53 - [MESSAGE][INFO] - Found 1 web elements with id: 'Object Repository/A_Version_Nawres/Page_Prendre_Mesure_Formulaire_1/input_Date_Decision_Transfert' located by 'By.xpath: //input[@id="date_decision_transfert"]' in '2' second(s)

12-02-2025T14:16:53 - [MESSAGE][INFO] - Setting text of object 'Object Repository/A_Version_Nawres/Page_Prendre_Mesure_Formulaire_1/input_Date_Decision_Transfert' to value '12/02/2025'

12-02-2025T14:16:54 - [MESSAGE][PASSED] - Text '12/02/2025' is set on object 'Object Repository/A_Version_Nawres/Page_Prendre_Mesure_Formulaire_1/input_Date_Decision_Transfert'

12-02-2025T14:16:54 - [TEST_STEP][PASSED] - selectOptionByIndex(findTestObject("Object Repository/A_Version_Nawres/Page_Prendre_Mesure_Formulaire_1/select_Etat_Transfert"), RandomNumberSelect, STOP_ON_FAILURE): All options with index in [11] are selected on object 'Object Repository/A_Version_Nawres/Page_Prendre_Mesure_Formulaire_1/select_Etat_Transfert'

12-02-2025T14:16:54 - [MESSAGE][INFO] - Finding Test Object 'Object Repository/A_Version_Nawres/Page_Prendre_Mesure_Formulaire_1/select_Etat_Transfert'

12-02-2025T14:16:54 - [MESSAGE][INFO] - Checking timeout

12-02-2025T14:16:54 - [MESSAGE][INFO] - Finding web element with id: 'Object Repository/A_Version_Nawres/Page_Prendre_Mesure_Formulaire_1/select_Etat_Transfert' located by 'By.xpath: //select[@id="etat_transfert"]' in '20' second(s)

12-02-2025T14:16:54 - [MESSAGE][INFO] - Found 1 web elements with id: 'Object Repository/A_Version_Nawres/Page_Prendre_Mesure_Formulaire_1/select_Etat_Transfert' located by 'By.xpath: //select[@id="etat_transfert"]' in '20' second(s)

12-02-2025T14:16:54 - [MESSAGE][INFO] - Checking object

12-02-2025T14:16:54 - [MESSAGE][INFO] - Checking index range

12-02-2025T14:16:54 - [MESSAGE][INFO] - Converting range parameter '11' to index array

12-02-2025T14:16:54 - [MESSAGE][INFO] - Range parameter '11' is converted to index array [11]

12-02-2025T14:16:54 - [MESSAGE][INFO] - Finding web element from Test Object's properties

12-02-2025T14:16:54 - [MESSAGE][INFO] - Checking timeout

12-02-2025T14:16:54 - [MESSAGE][INFO] - Finding web element with id: 'Object Repository/A_Version_Nawres/Page_Prendre_Mesure_Formulaire_1/select_Etat_Transfert' located by 'By.xpath: //select[@id="etat_transfert"]' in '2' second(s)

12-02-2025T14:16:54 - [MESSAGE][INFO] - Found 1 web elements with id: 'Object Repository/A_Version_Nawres/Page_Prendre_Mesure_Formulaire_1/select_Etat_Transfert' located by 'By.xpath: //select[@id="etat_transfert"]' in '2' second(s)

12-02-2025T14:16:54 - [MESSAGE][INFO] - Checking index parameters

12-02-2025T14:16:54 - [MESSAGE][INFO] - Selecting options on object 'Object Repository/A_Version_Nawres/Page_Prendre_Mesure_Formulaire_1/select_Etat_Transfert' with index in [11]

12-02-2025T14:16:55 - [MESSAGE][INFO] - Option with index 11 is selected

12-02-2025T14:16:55 - [MESSAGE][PASSED] - All options with index in [11] are selected on object 'Object Repository/A_Version_Nawres/Page_Prendre_Mesure_Formulaire_1/select_Etat_Transfert'

12-02-2025T14:16:55 - [TEST_STEP][PASSED] - "Ajouter un Etat Requis si  DecisionEtatTransfertDublin = 'Refus' ": null

12-02-2025T14:16:55 - [TEST_STEP][PASSED] - if (DecisionEtatTransfertDublin == "Refus"): Text '12/02/2025' is set on object 'Object Repository/A_Version_Nawres/Page_Prendre_Mesure_Formulaire_1/input_Date_Decision_Transfert_N_2'

12-02-2025T14:16:55 - [TEST_STEP][PASSED] - click(findTestObject("Object Repository/A_Version_Nawres/Page_Prendre_Mesure_Formulaire_1/btn_Ajouter_Etat_Requis"), STOP_ON_FAILURE): Object: 'Object Repository/A_Version_Nawres/Page_Prendre_Mesure_Formulaire_1/btn_Ajouter_Etat_Requis' is clicked on

12-02-2025T14:16:55 - [MESSAGE][INFO] - Finding Test Object 'Object Repository/A_Version_Nawres/Page_Prendre_Mesure_Formulaire_1/btn_Ajouter_Etat_Requis'

12-02-2025T14:16:55 - [MESSAGE][INFO] - Checking timeout

12-02-2025T14:16:55 - [MESSAGE][INFO] - Finding web element with id: 'Object Repository/A_Version_Nawres/Page_Prendre_Mesure_Formulaire_1/btn_Ajouter_Etat_Requis' located by 'By.xpath: //button[@id="btn-ajouter-etat-requis-transfert-dublin"]' in '20' second(s)

12-02-2025T14:16:55 - [MESSAGE][INFO] - Found 1 web elements with id: 'Object Repository/A_Version_Nawres/Page_Prendre_Mesure_Formulaire_1/btn_Ajouter_Etat_Requis' located by 'By.xpath: //button[@id="btn-ajouter-etat-requis-transfert-dublin"]' in '20' second(s)

12-02-2025T14:16:55 - [MESSAGE][INFO] - Checking object

12-02-2025T14:16:55 - [MESSAGE][INFO] - Checking timeout

12-02-2025T14:16:55 - [MESSAGE][INFO] - Finding web element from Test Object's properties

12-02-2025T14:16:55 - [MESSAGE][INFO] - Checking timeout

12-02-2025T14:16:55 - [MESSAGE][INFO] - Finding web element with id: 'Object Repository/A_Version_Nawres/Page_Prendre_Mesure_Formulaire_1/btn_Ajouter_Etat_Requis' located by 'By.xpath: //button[@id="btn-ajouter-etat-requis-transfert-dublin"]' in '2' second(s)

12-02-2025T14:16:55 - [MESSAGE][INFO] - Found 1 web elements with id: 'Object Repository/A_Version_Nawres/Page_Prendre_Mesure_Formulaire_1/btn_Ajouter_Etat_Requis' located by 'By.xpath: //button[@id="btn-ajouter-etat-requis-transfert-dublin"]' in '2' second(s)

12-02-2025T14:16:55 - [MESSAGE][INFO] - Clicking on object: 'Object Repository/A_Version_Nawres/Page_Prendre_Mesure_Formulaire_1/btn_Ajouter_Etat_Requis'

12-02-2025T14:16:57 - [MESSAGE][PASSED] - Object: 'Object Repository/A_Version_Nawres/Page_Prendre_Mesure_Formulaire_1/btn_Ajouter_Etat_Requis' is clicked on

12-02-2025T14:16:57 - [TEST_STEP][PASSED] - setText(findTestObject("Object Repository/A_Version_Nawres/Page_Prendre_Mesure_Formulaire_1/input_Date_Transmission_Requete_N_2"), DateActuelle, STOP_ON_FAILURE): Text '12/02/2025' is set on object 'Object Repository/A_Version_Nawres/Page_Prendre_Mesure_Formulaire_1/input_Date_Transmission_Requete_N_2'

12-02-2025T14:16:57 - [MESSAGE][INFO] - Finding Test Object 'Object Repository/A_Version_Nawres/Page_Prendre_Mesure_Formulaire_1/input_Date_Transmission_Requete_N_2'

12-02-2025T14:16:57 - [MESSAGE][INFO] - Checking timeout

12-02-2025T14:16:57 - [MESSAGE][INFO] - Finding web element with id: 'Object Repository/A_Version_Nawres/Page_Prendre_Mesure_Formulaire_1/input_Date_Transmission_Requete_N_2' located by 'By.xpath: (//input[@id="date_transmission_requete"])[2]' in '20' second(s)

12-02-2025T14:16:57 - [MESSAGE][INFO] - Found 1 web elements with id: 'Object Repository/A_Version_Nawres/Page_Prendre_Mesure_Formulaire_1/input_Date_Transmission_Requete_N_2' located by 'By.xpath: (//input[@id="date_transmission_requete"])[2]' in '20' second(s)

12-02-2025T14:16:57 - [MESSAGE][INFO] - Checking object

12-02-2025T14:16:57 - [MESSAGE][INFO] - Checking text

12-02-2025T14:16:57 - [MESSAGE][INFO] - Finding web element from Test Object's properties

12-02-2025T14:16:57 - [MESSAGE][INFO] - Checking timeout

12-02-2025T14:16:57 - [MESSAGE][INFO] - Finding web element with id: 'Object Repository/A_Version_Nawres/Page_Prendre_Mesure_Formulaire_1/input_Date_Transmission_Requete_N_2' located by 'By.xpath: (//input[@id="date_transmission_requete"])[2]' in '2' second(s)

12-02-2025T14:16:57 - [MESSAGE][INFO] - Found 1 web elements with id: 'Object Repository/A_Version_Nawres/Page_Prendre_Mesure_Formulaire_1/input_Date_Transmission_Requete_N_2' located by 'By.xpath: (//input[@id="date_transmission_requete"])[2]' in '2' second(s)

12-02-2025T14:16:57 - [MESSAGE][INFO] - Clearing text of object 'Object Repository/A_Version_Nawres/Page_Prendre_Mesure_Formulaire_1/input_Date_Transmission_Requete_N_2'

12-02-2025T14:16:58 - [MESSAGE][INFO] - Finding web element from Test Object's properties

12-02-2025T14:16:58 - [MESSAGE][INFO] - Checking timeout

12-02-2025T14:16:58 - [MESSAGE][INFO] - Finding web element with id: 'Object Repository/A_Version_Nawres/Page_Prendre_Mesure_Formulaire_1/input_Date_Transmission_Requete_N_2' located by 'By.xpath: (//input[@id="date_transmission_requete"])[2]' in '2' second(s)

12-02-2025T14:16:58 - [MESSAGE][INFO] - Found 1 web elements with id: 'Object Repository/A_Version_Nawres/Page_Prendre_Mesure_Formulaire_1/input_Date_Transmission_Requete_N_2' located by 'By.xpath: (//input[@id="date_transmission_requete"])[2]' in '2' second(s)

12-02-2025T14:16:58 - [MESSAGE][INFO] - Setting text of object 'Object Repository/A_Version_Nawres/Page_Prendre_Mesure_Formulaire_1/input_Date_Transmission_Requete_N_2' to value '12/02/2025'

12-02-2025T14:16:59 - [MESSAGE][PASSED] - Text '12/02/2025' is set on object 'Object Repository/A_Version_Nawres/Page_Prendre_Mesure_Formulaire_1/input_Date_Transmission_Requete_N_2'

12-02-2025T14:16:59 - [TEST_STEP][PASSED] - selectOptionByIndex(findTestObject("Object Repository/A_Version_Nawres/Page_Prendre_Mesure_Formulaire_1/select_Etat_Requis_N_2"), RandomNumberSelect, STOP_ON_FAILURE): All options with index in [11] are selected on object 'Object Repository/A_Version_Nawres/Page_Prendre_Mesure_Formulaire_1/select_Etat_Requis_N_2'

12-02-2025T14:16:59 - [MESSAGE][INFO] - Finding Test Object 'Object Repository/A_Version_Nawres/Page_Prendre_Mesure_Formulaire_1/select_Etat_Requis_N_2'

12-02-2025T14:16:59 - [MESSAGE][INFO] - Checking timeout

12-02-2025T14:16:59 - [MESSAGE][INFO] - Finding web element with id: 'Object Repository/A_Version_Nawres/Page_Prendre_Mesure_Formulaire_1/select_Etat_Requis_N_2' located by 'By.xpath: (//select[@name="pays"])[2]' in '20' second(s)

12-02-2025T14:16:59 - [MESSAGE][INFO] - Found 1 web elements with id: 'Object Repository/A_Version_Nawres/Page_Prendre_Mesure_Formulaire_1/select_Etat_Requis_N_2' located by 'By.xpath: (//select[@name="pays"])[2]' in '20' second(s)

12-02-2025T14:16:59 - [MESSAGE][INFO] - Checking object

12-02-2025T14:16:59 - [MESSAGE][INFO] - Checking index range

12-02-2025T14:16:59 - [MESSAGE][INFO] - Converting range parameter '11' to index array

12-02-2025T14:16:59 - [MESSAGE][INFO] - Range parameter '11' is converted to index array [11]

12-02-2025T14:16:59 - [MESSAGE][INFO] - Finding web element from Test Object's properties

12-02-2025T14:16:59 - [MESSAGE][INFO] - Checking timeout

12-02-2025T14:16:59 - [MESSAGE][INFO] - Finding web element with id: 'Object Repository/A_Version_Nawres/Page_Prendre_Mesure_Formulaire_1/select_Etat_Requis_N_2' located by 'By.xpath: (//select[@name="pays"])[2]' in '2' second(s)

12-02-2025T14:16:59 - [MESSAGE][INFO] - Found 1 web elements with id: 'Object Repository/A_Version_Nawres/Page_Prendre_Mesure_Formulaire_1/select_Etat_Requis_N_2' located by 'By.xpath: (//select[@name="pays"])[2]' in '2' second(s)

12-02-2025T14:16:59 - [MESSAGE][INFO] - Checking index parameters

12-02-2025T14:16:59 - [MESSAGE][INFO] - Selecting options on object 'Object Repository/A_Version_Nawres/Page_Prendre_Mesure_Formulaire_1/select_Etat_Requis_N_2' with index in [11]

12-02-2025T14:17:00 - [MESSAGE][INFO] - Option with index 11 is selected

12-02-2025T14:17:00 - [MESSAGE][PASSED] - All options with index in [11] are selected on object 'Object Repository/A_Version_Nawres/Page_Prendre_Mesure_Formulaire_1/select_Etat_Requis_N_2'

12-02-2025T14:17:00 - [TEST_STEP][PASSED] - setText(findTestObject("Object Repository/A_Version_Nawres/Page_Prendre_Mesure_Formulaire_1/input_Date_Reponse_Etat_Requis_N_2"), DateActuelle, STOP_ON_FAILURE): Text '12/02/2025' is set on object 'Object Repository/A_Version_Nawres/Page_Prendre_Mesure_Formulaire_1/input_Date_Reponse_Etat_Requis_N_2'

12-02-2025T14:17:00 - [MESSAGE][INFO] - Finding Test Object 'Object Repository/A_Version_Nawres/Page_Prendre_Mesure_Formulaire_1/input_Date_Reponse_Etat_Requis_N_2'

12-02-2025T14:17:00 - [MESSAGE][INFO] - Checking timeout

12-02-2025T14:17:00 - [MESSAGE][INFO] - Finding web element with id: 'Object Repository/A_Version_Nawres/Page_Prendre_Mesure_Formulaire_1/input_Date_Reponse_Etat_Requis_N_2' located by 'By.xpath: (//input[@id="date_reponse"])[2]' in '20' second(s)

12-02-2025T14:17:00 - [MESSAGE][INFO] - Found 1 web elements with id: 'Object Repository/A_Version_Nawres/Page_Prendre_Mesure_Formulaire_1/input_Date_Reponse_Etat_Requis_N_2' located by 'By.xpath: (//input[@id="date_reponse"])[2]' in '20' second(s)

12-02-2025T14:17:00 - [MESSAGE][INFO] - Checking object

12-02-2025T14:17:00 - [MESSAGE][INFO] - Checking text

12-02-2025T14:17:00 - [MESSAGE][INFO] - Finding web element from Test Object's properties

12-02-2025T14:17:00 - [MESSAGE][INFO] - Checking timeout

12-02-2025T14:17:00 - [MESSAGE][INFO] - Finding web element with id: 'Object Repository/A_Version_Nawres/Page_Prendre_Mesure_Formulaire_1/input_Date_Reponse_Etat_Requis_N_2' located by 'By.xpath: (//input[@id="date_reponse"])[2]' in '2' second(s)

12-02-2025T14:17:00 - [MESSAGE][INFO] - Found 1 web elements with id: 'Object Repository/A_Version_Nawres/Page_Prendre_Mesure_Formulaire_1/input_Date_Reponse_Etat_Requis_N_2' located by 'By.xpath: (//input[@id="date_reponse"])[2]' in '2' second(s)

12-02-2025T14:17:00 - [MESSAGE][INFO] - Clearing text of object 'Object Repository/A_Version_Nawres/Page_Prendre_Mesure_Formulaire_1/input_Date_Reponse_Etat_Requis_N_2'

12-02-2025T14:17:01 - [MESSAGE][INFO] - Finding web element from Test Object's properties

12-02-2025T14:17:01 - [MESSAGE][INFO] - Checking timeout

12-02-2025T14:17:01 - [MESSAGE][INFO] - Finding web element with id: 'Object Repository/A_Version_Nawres/Page_Prendre_Mesure_Formulaire_1/input_Date_Reponse_Etat_Requis_N_2' located by 'By.xpath: (//input[@id="date_reponse"])[2]' in '2' second(s)

12-02-2025T14:17:01 - [MESSAGE][INFO] - Found 1 web elements with id: 'Object Repository/A_Version_Nawres/Page_Prendre_Mesure_Formulaire_1/input_Date_Reponse_Etat_Requis_N_2' located by 'By.xpath: (//input[@id="date_reponse"])[2]' in '2' second(s)

12-02-2025T14:17:01 - [MESSAGE][INFO] - Setting text of object 'Object Repository/A_Version_Nawres/Page_Prendre_Mesure_Formulaire_1/input_Date_Reponse_Etat_Requis_N_2' to value '12/02/2025'

12-02-2025T14:17:02 - [MESSAGE][PASSED] - Text '12/02/2025' is set on object 'Object Repository/A_Version_Nawres/Page_Prendre_Mesure_Formulaire_1/input_Date_Reponse_Etat_Requis_N_2'

12-02-2025T14:17:02 - [TEST_STEP][PASSED] - selectOptionByLabel(findTestObject("Object Repository/A_Version_Nawres/Page_Prendre_Mesure_Formulaire_1/select_Decision_Etat_Requis_N_2"), "Accord", false, STOP_ON_FAILURE): All options with label 'Accord' are selected in object 'Object Repository/A_Version_Nawres/Page_Prendre_Mesure_Formulaire_1/select_Decision_Etat_Requis_N_2' 

12-02-2025T14:17:02 - [MESSAGE][INFO] - Finding Test Object 'Object Repository/A_Version_Nawres/Page_Prendre_Mesure_Formulaire_1/select_Decision_Etat_Requis_N_2'

12-02-2025T14:17:02 - [MESSAGE][INFO] - Checking timeout

12-02-2025T14:17:02 - [MESSAGE][INFO] - Finding web element with id: 'Object Repository/A_Version_Nawres/Page_Prendre_Mesure_Formulaire_1/select_Decision_Etat_Requis_N_2' located by 'By.xpath: (//select[@name="decision"])[2]' in '20' second(s)

12-02-2025T14:17:02 - [MESSAGE][INFO] - Found 1 web elements with id: 'Object Repository/A_Version_Nawres/Page_Prendre_Mesure_Formulaire_1/select_Decision_Etat_Requis_N_2' located by 'By.xpath: (//select[@name="decision"])[2]' in '20' second(s)

12-02-2025T14:17:02 - [MESSAGE][INFO] - Checking object

12-02-2025T14:17:02 - [MESSAGE][INFO] - Checking label parameter

12-02-2025T14:17:02 - [MESSAGE][INFO] - Finding web element from Test Object's properties

12-02-2025T14:17:02 - [MESSAGE][INFO] - Checking timeout

12-02-2025T14:17:02 - [MESSAGE][INFO] - Finding web element with id: 'Object Repository/A_Version_Nawres/Page_Prendre_Mesure_Formulaire_1/select_Decision_Etat_Requis_N_2' located by 'By.xpath: (//select[@name="decision"])[2]' in '2' second(s)

12-02-2025T14:17:02 - [MESSAGE][INFO] - Found 1 web elements with id: 'Object Repository/A_Version_Nawres/Page_Prendre_Mesure_Formulaire_1/select_Decision_Etat_Requis_N_2' located by 'By.xpath: (//select[@name="decision"])[2]' in '2' second(s)

12-02-2025T14:17:02 - [MESSAGE][INFO] - Selecting options on object 'Object Repository/A_Version_Nawres/Page_Prendre_Mesure_Formulaire_1/select_Decision_Etat_Requis_N_2' with label 'Accord' 

12-02-2025T14:17:03 - [MESSAGE][PASSED] - All options with label 'Accord' are selected in object 'Object Repository/A_Version_Nawres/Page_Prendre_Mesure_Formulaire_1/select_Decision_Etat_Requis_N_2' 

12-02-2025T14:17:03 - [TEST_STEP][PASSED] - setText(findTestObject("Object Repository/A_Version_Nawres/Page_Prendre_Mesure_Formulaire_1/input_Date_Demande_Reexamen_N_2"), DateActuelle, STOP_ON_FAILURE): Text '12/02/2025' is set on object 'Object Repository/A_Version_Nawres/Page_Prendre_Mesure_Formulaire_1/input_Date_Demande_Reexamen_N_2'

12-02-2025T14:17:03 - [MESSAGE][INFO] - Finding Test Object 'Object Repository/A_Version_Nawres/Page_Prendre_Mesure_Formulaire_1/input_Date_Demande_Reexamen_N_2'

12-02-2025T14:17:03 - [MESSAGE][INFO] - Checking timeout

12-02-2025T14:17:03 - [MESSAGE][INFO] - Finding web element with id: 'Object Repository/A_Version_Nawres/Page_Prendre_Mesure_Formulaire_1/input_Date_Demande_Reexamen_N_2' located by 'By.xpath: (//input[@id="date_demande_reexamen"])[2]' in '20' second(s)

12-02-2025T14:17:03 - [MESSAGE][INFO] - Found 1 web elements with id: 'Object Repository/A_Version_Nawres/Page_Prendre_Mesure_Formulaire_1/input_Date_Demande_Reexamen_N_2' located by 'By.xpath: (//input[@id="date_demande_reexamen"])[2]' in '20' second(s)

12-02-2025T14:17:03 - [MESSAGE][INFO] - Checking object

12-02-2025T14:17:03 - [MESSAGE][INFO] - Checking text

12-02-2025T14:17:03 - [MESSAGE][INFO] - Finding web element from Test Object's properties

12-02-2025T14:17:03 - [MESSAGE][INFO] - Checking timeout

12-02-2025T14:17:03 - [MESSAGE][INFO] - Finding web element with id: 'Object Repository/A_Version_Nawres/Page_Prendre_Mesure_Formulaire_1/input_Date_Demande_Reexamen_N_2' located by 'By.xpath: (//input[@id="date_demande_reexamen"])[2]' in '2' second(s)

12-02-2025T14:17:03 - [MESSAGE][INFO] - Found 1 web elements with id: 'Object Repository/A_Version_Nawres/Page_Prendre_Mesure_Formulaire_1/input_Date_Demande_Reexamen_N_2' located by 'By.xpath: (//input[@id="date_demande_reexamen"])[2]' in '2' second(s)

12-02-2025T14:17:03 - [MESSAGE][INFO] - Clearing text of object 'Object Repository/A_Version_Nawres/Page_Prendre_Mesure_Formulaire_1/input_Date_Demande_Reexamen_N_2'

12-02-2025T14:17:04 - [MESSAGE][INFO] - Finding web element from Test Object's properties

12-02-2025T14:17:04 - [MESSAGE][INFO] - Checking timeout

12-02-2025T14:17:04 - [MESSAGE][INFO] - Finding web element with id: 'Object Repository/A_Version_Nawres/Page_Prendre_Mesure_Formulaire_1/input_Date_Demande_Reexamen_N_2' located by 'By.xpath: (//input[@id="date_demande_reexamen"])[2]' in '2' second(s)

12-02-2025T14:17:05 - [MESSAGE][INFO] - Found 1 web elements with id: 'Object Repository/A_Version_Nawres/Page_Prendre_Mesure_Formulaire_1/input_Date_Demande_Reexamen_N_2' located by 'By.xpath: (//input[@id="date_demande_reexamen"])[2]' in '2' second(s)

12-02-2025T14:17:05 - [MESSAGE][INFO] - Setting text of object 'Object Repository/A_Version_Nawres/Page_Prendre_Mesure_Formulaire_1/input_Date_Demande_Reexamen_N_2' to value '12/02/2025'

12-02-2025T14:17:06 - [MESSAGE][PASSED] - Text '12/02/2025' is set on object 'Object Repository/A_Version_Nawres/Page_Prendre_Mesure_Formulaire_1/input_Date_Demande_Reexamen_N_2'

12-02-2025T14:17:06 - [TEST_STEP][PASSED] - setText(findTestObject("Object Repository/A_Version_Nawres/Page_Prendre_Mesure_Formulaire_1/input_Date_Fin_Validite_N_2"), DateActuelle, STOP_ON_FAILURE): Text '12/02/2025' is set on object 'Object Repository/A_Version_Nawres/Page_Prendre_Mesure_Formulaire_1/input_Date_Fin_Validite_N_2'

12-02-2025T14:17:06 - [MESSAGE][INFO] - Finding Test Object 'Object Repository/A_Version_Nawres/Page_Prendre_Mesure_Formulaire_1/input_Date_Fin_Validite_N_2'

12-02-2025T14:17:06 - [MESSAGE][INFO] - Checking timeout

12-02-2025T14:17:06 - [MESSAGE][INFO] - Finding web element with id: 'Object Repository/A_Version_Nawres/Page_Prendre_Mesure_Formulaire_1/input_Date_Fin_Validite_N_2' located by 'By.xpath: (//input[@id="date_fin_validite"])[2]' in '20' second(s)

12-02-2025T14:17:06 - [MESSAGE][INFO] - Found 1 web elements with id: 'Object Repository/A_Version_Nawres/Page_Prendre_Mesure_Formulaire_1/input_Date_Fin_Validite_N_2' located by 'By.xpath: (//input[@id="date_fin_validite"])[2]' in '20' second(s)

12-02-2025T14:17:06 - [MESSAGE][INFO] - Checking object

12-02-2025T14:17:06 - [MESSAGE][INFO] - Checking text

12-02-2025T14:17:06 - [MESSAGE][INFO] - Finding web element from Test Object's properties

12-02-2025T14:17:06 - [MESSAGE][INFO] - Checking timeout

12-02-2025T14:17:06 - [MESSAGE][INFO] - Finding web element with id: 'Object Repository/A_Version_Nawres/Page_Prendre_Mesure_Formulaire_1/input_Date_Fin_Validite_N_2' located by 'By.xpath: (//input[@id="date_fin_validite"])[2]' in '2' second(s)

12-02-2025T14:17:06 - [MESSAGE][INFO] - Found 1 web elements with id: 'Object Repository/A_Version_Nawres/Page_Prendre_Mesure_Formulaire_1/input_Date_Fin_Validite_N_2' located by 'By.xpath: (//input[@id="date_fin_validite"])[2]' in '2' second(s)

12-02-2025T14:17:06 - [MESSAGE][INFO] - Clearing text of object 'Object Repository/A_Version_Nawres/Page_Prendre_Mesure_Formulaire_1/input_Date_Fin_Validite_N_2'

12-02-2025T14:17:07 - [MESSAGE][INFO] - Finding web element from Test Object's properties

12-02-2025T14:17:07 - [MESSAGE][INFO] - Checking timeout

12-02-2025T14:17:07 - [MESSAGE][INFO] - Finding web element with id: 'Object Repository/A_Version_Nawres/Page_Prendre_Mesure_Formulaire_1/input_Date_Fin_Validite_N_2' located by 'By.xpath: (//input[@id="date_fin_validite"])[2]' in '2' second(s)

12-02-2025T14:17:07 - [MESSAGE][INFO] - Found 1 web elements with id: 'Object Repository/A_Version_Nawres/Page_Prendre_Mesure_Formulaire_1/input_Date_Fin_Validite_N_2' located by 'By.xpath: (//input[@id="date_fin_validite"])[2]' in '2' second(s)

12-02-2025T14:17:07 - [MESSAGE][INFO] - Setting text of object 'Object Repository/A_Version_Nawres/Page_Prendre_Mesure_Formulaire_1/input_Date_Fin_Validite_N_2' to value '12/02/2025'

12-02-2025T14:17:08 - [MESSAGE][PASSED] - Text '12/02/2025' is set on object 'Object Repository/A_Version_Nawres/Page_Prendre_Mesure_Formulaire_1/input_Date_Fin_Validite_N_2'

12-02-2025T14:17:08 - [TEST_STEP][PASSED] - setText(findTestObject("Object Repository/A_Version_Nawres/Page_Prendre_Mesure_Formulaire_1/input_Date_Decision_Transfert_N_2"), DateActuelle, STOP_ON_FAILURE): Text '12/02/2025' is set on object 'Object Repository/A_Version_Nawres/Page_Prendre_Mesure_Formulaire_1/input_Date_Decision_Transfert_N_2'

12-02-2025T14:17:08 - [MESSAGE][INFO] - Finding Test Object 'Object Repository/A_Version_Nawres/Page_Prendre_Mesure_Formulaire_1/input_Date_Decision_Transfert_N_2'

12-02-2025T14:17:08 - [MESSAGE][INFO] - Checking timeout

12-02-2025T14:17:08 - [MESSAGE][INFO] - Finding web element with id: 'Object Repository/A_Version_Nawres/Page_Prendre_Mesure_Formulaire_1/input_Date_Decision_Transfert_N_2' located by 'By.xpath: (//input[@id="date_decision_transfert"])[2]' in '20' second(s)

12-02-2025T14:17:08 - [MESSAGE][INFO] - Found 1 web elements with id: 'Object Repository/A_Version_Nawres/Page_Prendre_Mesure_Formulaire_1/input_Date_Decision_Transfert_N_2' located by 'By.xpath: (//input[@id="date_decision_transfert"])[2]' in '20' second(s)

12-02-2025T14:17:08 - [MESSAGE][INFO] - Checking object

12-02-2025T14:17:08 - [MESSAGE][INFO] - Checking text

12-02-2025T14:17:08 - [MESSAGE][INFO] - Finding web element from Test Object's properties

12-02-2025T14:17:08 - [MESSAGE][INFO] - Checking timeout

12-02-2025T14:17:08 - [MESSAGE][INFO] - Finding web element with id: 'Object Repository/A_Version_Nawres/Page_Prendre_Mesure_Formulaire_1/input_Date_Decision_Transfert_N_2' located by 'By.xpath: (//input[@id="date_decision_transfert"])[2]' in '2' second(s)

12-02-2025T14:17:08 - [MESSAGE][INFO] - Found 1 web elements with id: 'Object Repository/A_Version_Nawres/Page_Prendre_Mesure_Formulaire_1/input_Date_Decision_Transfert_N_2' located by 'By.xpath: (//input[@id="date_decision_transfert"])[2]' in '2' second(s)

12-02-2025T14:17:08 - [MESSAGE][INFO] - Clearing text of object 'Object Repository/A_Version_Nawres/Page_Prendre_Mesure_Formulaire_1/input_Date_Decision_Transfert_N_2'

12-02-2025T14:17:09 - [MESSAGE][INFO] - Finding web element from Test Object's properties

12-02-2025T14:17:09 - [MESSAGE][INFO] - Checking timeout

12-02-2025T14:17:09 - [MESSAGE][INFO] - Finding web element with id: 'Object Repository/A_Version_Nawres/Page_Prendre_Mesure_Formulaire_1/input_Date_Decision_Transfert_N_2' located by 'By.xpath: (//input[@id="date_decision_transfert"])[2]' in '2' second(s)

12-02-2025T14:17:09 - [MESSAGE][INFO] - Found 1 web elements with id: 'Object Repository/A_Version_Nawres/Page_Prendre_Mesure_Formulaire_1/input_Date_Decision_Transfert_N_2' located by 'By.xpath: (//input[@id="date_decision_transfert"])[2]' in '2' second(s)

12-02-2025T14:17:09 - [MESSAGE][INFO] - Setting text of object 'Object Repository/A_Version_Nawres/Page_Prendre_Mesure_Formulaire_1/input_Date_Decision_Transfert_N_2' to value '12/02/2025'

12-02-2025T14:17:10 - [MESSAGE][PASSED] - Text '12/02/2025' is set on object 'Object Repository/A_Version_Nawres/Page_Prendre_Mesure_Formulaire_1/input_Date_Decision_Transfert_N_2'

12-02-2025T14:17:10 - [TEST_STEP][PASSED] - if (Mesure == "ExecutionFicheSIS"): null

12-02-2025T14:17:10 - [TEST_STEP][PASSED] - if (Mesure == "IAT"): null

12-02-2025T14:17:10 - [TEST_STEP][PASSED] - if (Mesure == "ITF"): null

12-02-2025T14:17:10 - [MESSAGE][PASSED] - Call Test Case 'Test Cases/Test Reutilisable/Main/AVersion_Nawres/ANEF_Prendre_Mesure_Formulaire_1' successfully

12-02-2025T14:17:10 - [MESSAGE][PASSED] - Call Test Case 'Test Cases/Test Reutilisable/Main/AVersion_Nawres/ANEF_Prendre_Mesure' successfully

12-02-2025T14:17:12 - [TEST_STEP][PASSED] - Video: Video recording for test case 'Test Cases/Cas D Utilisations/A_Version_Nawres/Eloignement_OQTF' .

12-02-2025T14:17:12 - [MESSAGE][INFO] - Video recording for test case 'Test Cases/Cas D Utilisations/A_Version_Nawres/Eloignement_OQTF' .]]></system-out>
         <system-err><![CDATA[]]></system-err>
      </testcase>
      <system-out><![CDATA[12-02-2025T14:11:52 - [TEST_SUITE][PASSED] - TS_ANEF_Eloignement_OQTF: Test Cases/Cas D Utilisations/A_Version_Nawres/Eloignement_OQTF]]></system-out>
      <system-err><![CDATA[]]></system-err>
   </testsuite>
</testsuites>
