<?xml version="1.0" encoding="UTF-8"?>
<testsuites name="TS_ANEF_Eloignement" time="710.288" tests="8" failures="0" errors="0">
   <testsuite name="TS_ANEF_Eloignement" tests="8" failures="0" errors="0" time="710.288" skipped="0" timestamp="14-02-2025T09:34:32" hostname="nbenjemi - LFR-5CG1459ZTG.corp.capgemini.com" id="Test Suites/TS_ANEF_Eloignement">
      <properties>
         <property name="deviceName" value=""/>
         <property name="devicePlatform"/>
         <property name="logFolder" value="C:\\Users\\nbenjemi\\Katalon Studio\\ANEF-ELOIGNEMENT-20250121\\ANEF-ELOIGNEMENT-20250121\\Reports\\20250214_093426\\TS_ANEF_Eloignement\\20250214_093426"/>
         <property name="logFiles" value="C:\\Users\\nbenjemi\\Katalon Studio\\ANEF-ELOIGNEMENT-20250121\\ANEF-ELOIGNEMENT-20250121\\Reports\\20250214_093426\\TS_ANEF_Eloignement\\20250214_093426\\execution0.log"/>
         <property name="attachments" value=""/>
         <property name="hostName" value="nbenjemi - LFR-5CG1459ZTG.corp.capgemini.com"/>
         <property name="os" value="Windows 11 64bit"/>
         <property name="katalonVersion" value="9.6.0.217"/>
         <property name="browser" value="Chrome 133.0.0.0"/>
         <property name="hostAddress" value="192.168.1.197"/>
         <property name="sessionId" value="b93f747b807f9502e5ba35cb7540308d"/>
         <property name="seleniumVersion" value="3.141.59"/>
         <property name="proxyInformation" value="ProxyInformation { proxyOption=NO_PROXY, proxyServerType=HTTP, username=, password=********, proxyServerAddress=, proxyServerPort=0, executionList=&quot;&quot;, isApplyToDesiredCapabilities=true }"/>
         <property name="platform" value="Windows 11"/>
      </properties>
      <testcase name="Test Cases/Cas D Utilisations/ANEF_Eloignement_V_Nawres/TC_ANEF_Eloignement" time="97.041" classname="Test Cases/Cas D Utilisations/ANEF_Eloignement_V_Nawres/TC_ANEF_Eloignement" status="PASSED">
         <system-out><![CDATA[14-02-2025T09:34:32 - [TEST_CASE][PASSED] - Test Cases/Cas D Utilisations/ANEF_Eloignement_V_Nawres/TC_ANEF_Eloignement: Test Cases/Cas D Utilisations/ANEF_Eloignement_V_Nawres/TC_ANEF_Eloignement

14-02-2025T09:34:33 - [TEST_STEP][PASSED] - callTestCase(findTestCase("Test Cases/Test Reutilisable/Main/ANEF_Eloignement_V_Nawres/ANEF_Lancer_URL_ANEF"), ["Profiles":Profiles, "EnvExec":EnvExec], STOP_ON_FAILURE): Call Test Case 'Test Cases/Test Reutilisable/Main/ANEF_Eloignement_V_Nawres/ANEF_Lancer_URL_ANEF' successfully

14-02-2025T09:34:34 - [MESSAGE][INFO] - Checking called Test Case

14-02-2025T09:34:34 - [MESSAGE][INFO] - Starting to call Test Case 'Test Cases/Test Reutilisable/Main/ANEF_Eloignement_V_Nawres/ANEF_Lancer_URL_ANEF'

14-02-2025T09:34:34 - [TEST_CASE][PASSED] - Test Cases/Test Reutilisable/Main/ANEF_Eloignement_V_Nawres/ANEF_Lancer_URL_ANEF: Test Cases/Test Reutilisable/Main/ANEF_Eloignement_V_Nawres/ANEF_Lancer_URL_ANEF

14-02-2025T09:34:35 - [TEST_STEP][PASSED] - "Call Highlight.on() automatically": null

14-02-2025T09:34:35 - [TEST_STEP][PASSED] - projDir = getProjectDir(): null

14-02-2025T09:34:35 - [TEST_STEP][PASSED] - RunBrowserConfiguration = getExecutionProperties(): null

14-02-2025T09:34:35 - [TEST_STEP][PASSED] - DriverName = get("WebUI").get("browserType"): null

14-02-2025T09:34:35 - [TEST_STEP][PASSED] - println("DriverName :" + DriverName): null

14-02-2025T09:34:35 - [TEST_STEP][PASSED] - println("Driverpath :" + RunBrowserConfiguration.get("drivers")): null

14-02-2025T09:34:35 - [TEST_STEP][PASSED] - if (Profiles == "Usager"): null

14-02-2025T09:34:35 - [TEST_STEP][PASSED] - if (Profiles == "Agent"): Current window maximized

14-02-2025T09:34:35 - [TEST_STEP][PASSED] - if (EnvExec == "URLPortailAgentQualif"): null

14-02-2025T09:34:35 - [TEST_STEP][PASSED] - if (EnvExec == "URLPortailAgentPreProd"): Browser is opened with url: 'https://preprod.siaef.dgef.interieur.gouv.fr/sejour/#/accueil'

14-02-2025T09:34:35 - [TEST_STEP][PASSED] - openBrowser(URLPortailAgentPreProd): Browser is opened with url: 'https://preprod.siaef.dgef.interieur.gouv.fr/sejour/#/accueil'

14-02-2025T09:34:36 - [MESSAGE][INFO] - Opening browser

14-02-2025T09:34:36 - [MESSAGE][INFO] - Starting 'Chrome' driver

14-02-2025T09:34:36 - [MESSAGE][INFO] - User set preference: ['args', '[--incognito, --disable-search-engine-choice-screen, --enable-automation, --disable-save-password-bubble, --start-maximized, --remote-allow-origins=*]']

14-02-2025T09:34:36 - [MESSAGE][INFO] - User set preference: ['prefs', '{download.default_directory=${GlobalVariable.downloadPath}, download_dir=${GlobalVariable.downloadPath}, download.prompt_for_download=false}']

14-02-2025T09:34:36 - [MESSAGE][INFO] - User set preference: ['loggingPrefs', '{browser=ALL}']

14-02-2025T09:34:36 - [MESSAGE][INFO] - Action delay is set to 1â€¯000 milliseconds

14-02-2025T09:34:39 - [MESSAGE][INFO] - Navigating browser to: 'https://preprod.siaef.dgef.interieur.gouv.fr/sejour/#/accueil'

14-02-2025T09:34:41 - [MESSAGE][PASSED] - Browser is opened with url: 'https://preprod.siaef.dgef.interieur.gouv.fr/sejour/#/accueil'

14-02-2025T09:34:41 - [TEST_STEP][PASSED] - maximizeWindow(): Current window maximized

14-02-2025T09:34:41 - [MESSAGE][INFO] - Maximizing current window

14-02-2025T09:34:41 - [MESSAGE][PASSED] - Current window maximized

14-02-2025T09:34:41 - [MESSAGE][PASSED] - Call Test Case 'Test Cases/Test Reutilisable/Main/ANEF_Eloignement_V_Nawres/ANEF_Lancer_URL_ANEF' successfully

14-02-2025T09:34:41 - [TEST_STEP][PASSED] - callTestCase(findTestCase("Test Cases/Test Reutilisable/Main/ANEF_Eloignement_V_Nawres/ANEF_Identification"), ["Profiles":Profiles, "IdentifiantAgent":IdentifiantAgent, "PwAgent":PwAgent, "EnvExec":EnvExec], STOP_ON_FAILURE): Call Test Case 'Test Cases/Test Reutilisable/Main/ANEF_Eloignement_V_Nawres/ANEF_Identification' successfully

14-02-2025T09:34:41 - [MESSAGE][INFO] - Checking called Test Case

14-02-2025T09:34:41 - [MESSAGE][INFO] - Starting to call Test Case 'Test Cases/Test Reutilisable/Main/ANEF_Eloignement_V_Nawres/ANEF_Identification'

14-02-2025T09:34:41 - [TEST_CASE][PASSED] - Test Cases/Test Reutilisable/Main/ANEF_Eloignement_V_Nawres/ANEF_Identification: Test Cases/Test Reutilisable/Main/ANEF_Eloignement_V_Nawres/ANEF_Identification

14-02-2025T09:34:42 - [TEST_STEP][PASSED] - com.kazurayam.ksbackyard.HighlightElement.pandemic(): com.kazurayam.ksbackyard.HighlightElement.pandemic is PASSED

14-02-2025T09:34:42 - [MESSAGE][PASSED] - com.kazurayam.ksbackyard.HighlightElement.pandemic is PASSED

14-02-2025T09:34:42 - [TEST_STEP][PASSED] - if (Profiles == "Usager"): null

14-02-2025T09:34:42 - [TEST_STEP][PASSED] - if (Profiles == "Agent"): Object: 'Object Repository/ANEF_Eloignement_V_Nawres/Page_ANEF_Connexion/btn_Valider_Conx_Agent' is clicked on

14-02-2025T09:34:42 - [TEST_STEP][PASSED] - if (EnvExec == "URLPortailAgentQualif"): null

14-02-2025T09:34:42 - [TEST_STEP][PASSED] - if (EnvExec == "URLPortailAgentPreProd"): Text 'Natali123456!' is set on object 'Object Repository/ANEF_Eloignement_V_Nawres/Page_ANEF_Connexion/Input_PasswordAgent'

14-02-2025T09:34:42 - [TEST_STEP][PASSED] - setText(findTestObject("Object Repository/ANEF_Eloignement_V_Nawres/Page_ANEF_Connexion/Input_UserNameAgent"), IdentifiantAgent): Text 'test.gpe+970@outlook.fr' is set on object 'Object Repository/ANEF_Eloignement_V_Nawres/Page_ANEF_Connexion/Input_UserNameAgent'

14-02-2025T09:34:42 - [MESSAGE][INFO] - Finding Test Object 'Object Repository/ANEF_Eloignement_V_Nawres/Page_ANEF_Connexion/Input_UserNameAgent'

14-02-2025T09:34:42 - [MESSAGE][INFO] - Checking timeout

14-02-2025T09:34:42 - [MESSAGE][INFO] - Finding web element with id: 'Object Repository/ANEF_Eloignement_V_Nawres/Page_ANEF_Connexion/Input_UserNameAgent' located by 'By.xpath: //*[@aria-labelledby="username-label"]|//*[@id="login"]' in '20' second(s)

14-02-2025T09:34:42 - [MESSAGE][INFO] - Found 1 web elements with id: 'Object Repository/ANEF_Eloignement_V_Nawres/Page_ANEF_Connexion/Input_UserNameAgent' located by 'By.xpath: //*[@aria-labelledby="username-label"]|//*[@id="login"]' in '20' second(s)

14-02-2025T09:34:42 - [MESSAGE][INFO] - Checking object

14-02-2025T09:34:42 - [MESSAGE][INFO] - Checking text

14-02-2025T09:34:42 - [MESSAGE][INFO] - Finding web element from Test Object's properties

14-02-2025T09:34:42 - [MESSAGE][INFO] - Checking timeout

14-02-2025T09:34:42 - [MESSAGE][INFO] - Finding web element with id: 'Object Repository/ANEF_Eloignement_V_Nawres/Page_ANEF_Connexion/Input_UserNameAgent' located by 'By.xpath: //*[@aria-labelledby="username-label"]|//*[@id="login"]' in '100' second(s)

14-02-2025T09:34:42 - [MESSAGE][INFO] - Found 1 web elements with id: 'Object Repository/ANEF_Eloignement_V_Nawres/Page_ANEF_Connexion/Input_UserNameAgent' located by 'By.xpath: //*[@aria-labelledby="username-label"]|//*[@id="login"]' in '100' second(s)

14-02-2025T09:34:42 - [MESSAGE][INFO] - Clearing text of object 'Object Repository/ANEF_Eloignement_V_Nawres/Page_ANEF_Connexion/Input_UserNameAgent'

14-02-2025T09:34:43 - [MESSAGE][INFO] - Finding web element from Test Object's properties

14-02-2025T09:34:43 - [MESSAGE][INFO] - Checking timeout

14-02-2025T09:34:43 - [MESSAGE][INFO] - Finding web element with id: 'Object Repository/ANEF_Eloignement_V_Nawres/Page_ANEF_Connexion/Input_UserNameAgent' located by 'By.xpath: //*[@aria-labelledby="username-label"]|//*[@id="login"]' in '100' second(s)

14-02-2025T09:34:43 - [MESSAGE][INFO] - Found 1 web elements with id: 'Object Repository/ANEF_Eloignement_V_Nawres/Page_ANEF_Connexion/Input_UserNameAgent' located by 'By.xpath: //*[@aria-labelledby="username-label"]|//*[@id="login"]' in '100' second(s)

14-02-2025T09:34:43 - [MESSAGE][INFO] - Setting text of object 'Object Repository/ANEF_Eloignement_V_Nawres/Page_ANEF_Connexion/Input_UserNameAgent' to value 'test.gpe+970@outlook.fr'

14-02-2025T09:34:44 - [MESSAGE][PASSED] - Text 'test.gpe+970@outlook.fr' is set on object 'Object Repository/ANEF_Eloignement_V_Nawres/Page_ANEF_Connexion/Input_UserNameAgent'

14-02-2025T09:34:44 - [TEST_STEP][PASSED] - setText(findTestObject("Object Repository/ANEF_Eloignement_V_Nawres/Page_ANEF_Connexion/Input_PasswordAgent"), PwAgent): Text 'Natali123456!' is set on object 'Object Repository/ANEF_Eloignement_V_Nawres/Page_ANEF_Connexion/Input_PasswordAgent'

14-02-2025T09:34:44 - [MESSAGE][INFO] - Finding Test Object 'Object Repository/ANEF_Eloignement_V_Nawres/Page_ANEF_Connexion/Input_PasswordAgent'

14-02-2025T09:34:44 - [MESSAGE][INFO] - Checking timeout

14-02-2025T09:34:44 - [MESSAGE][INFO] - Finding web element with id: 'Object Repository/ANEF_Eloignement_V_Nawres/Page_ANEF_Connexion/Input_PasswordAgent' located by 'By.xpath: //*[@aria-labelledby="password-label"]|//*[@id="password"]' in '20' second(s)

14-02-2025T09:34:44 - [MESSAGE][INFO] - Found 1 web elements with id: 'Object Repository/ANEF_Eloignement_V_Nawres/Page_ANEF_Connexion/Input_PasswordAgent' located by 'By.xpath: //*[@aria-labelledby="password-label"]|//*[@id="password"]' in '20' second(s)

14-02-2025T09:34:45 - [MESSAGE][INFO] - Checking object

14-02-2025T09:34:45 - [MESSAGE][INFO] - Checking text

14-02-2025T09:34:45 - [MESSAGE][INFO] - Finding web element from Test Object's properties

14-02-2025T09:34:45 - [MESSAGE][INFO] - Checking timeout

14-02-2025T09:34:45 - [MESSAGE][INFO] - Finding web element with id: 'Object Repository/ANEF_Eloignement_V_Nawres/Page_ANEF_Connexion/Input_PasswordAgent' located by 'By.xpath: //*[@aria-labelledby="password-label"]|//*[@id="password"]' in '100' second(s)

14-02-2025T09:34:45 - [MESSAGE][INFO] - Found 1 web elements with id: 'Object Repository/ANEF_Eloignement_V_Nawres/Page_ANEF_Connexion/Input_PasswordAgent' located by 'By.xpath: //*[@aria-labelledby="password-label"]|//*[@id="password"]' in '100' second(s)

14-02-2025T09:34:45 - [MESSAGE][INFO] - Clearing text of object 'Object Repository/ANEF_Eloignement_V_Nawres/Page_ANEF_Connexion/Input_PasswordAgent'

14-02-2025T09:34:46 - [MESSAGE][INFO] - Finding web element from Test Object's properties

14-02-2025T09:34:46 - [MESSAGE][INFO] - Checking timeout

14-02-2025T09:34:46 - [MESSAGE][INFO] - Finding web element with id: 'Object Repository/ANEF_Eloignement_V_Nawres/Page_ANEF_Connexion/Input_PasswordAgent' located by 'By.xpath: //*[@aria-labelledby="password-label"]|//*[@id="password"]' in '100' second(s)

14-02-2025T09:34:46 - [MESSAGE][INFO] - Found 1 web elements with id: 'Object Repository/ANEF_Eloignement_V_Nawres/Page_ANEF_Connexion/Input_PasswordAgent' located by 'By.xpath: //*[@aria-labelledby="password-label"]|//*[@id="password"]' in '100' second(s)

14-02-2025T09:34:46 - [MESSAGE][INFO] - Setting text of object 'Object Repository/ANEF_Eloignement_V_Nawres/Page_ANEF_Connexion/Input_PasswordAgent' to value 'Natali123456!'

14-02-2025T09:34:47 - [MESSAGE][PASSED] - Text 'Natali123456!' is set on object 'Object Repository/ANEF_Eloignement_V_Nawres/Page_ANEF_Connexion/Input_PasswordAgent'

14-02-2025T09:34:47 - [TEST_STEP][PASSED] - click(findTestObject("Object Repository/ANEF_Eloignement_V_Nawres/Page_ANEF_Connexion/btn_Valider_Conx_Agent")): Object: 'Object Repository/ANEF_Eloignement_V_Nawres/Page_ANEF_Connexion/btn_Valider_Conx_Agent' is clicked on

14-02-2025T09:34:47 - [MESSAGE][INFO] - Finding Test Object 'Object Repository/ANEF_Eloignement_V_Nawres/Page_ANEF_Connexion/btn_Valider_Conx_Agent'

14-02-2025T09:34:47 - [MESSAGE][INFO] - Checking timeout

14-02-2025T09:34:47 - [MESSAGE][INFO] - Finding web element with id: 'Object Repository/ANEF_Eloignement_V_Nawres/Page_ANEF_Connexion/btn_Valider_Conx_Agent' located by 'By.xpath: //*[@label="Valider"]|//*[@id="btn-login"]' in '20' second(s)

14-02-2025T09:34:47 - [MESSAGE][INFO] - Found 1 web elements with id: 'Object Repository/ANEF_Eloignement_V_Nawres/Page_ANEF_Connexion/btn_Valider_Conx_Agent' located by 'By.xpath: //*[@label="Valider"]|//*[@id="btn-login"]' in '20' second(s)

14-02-2025T09:34:47 - [MESSAGE][INFO] - Checking object

14-02-2025T09:34:47 - [MESSAGE][INFO] - Checking timeout

14-02-2025T09:34:47 - [MESSAGE][INFO] - Finding web element from Test Object's properties

14-02-2025T09:34:47 - [MESSAGE][INFO] - Checking timeout

14-02-2025T09:34:47 - [MESSAGE][INFO] - Finding web element with id: 'Object Repository/ANEF_Eloignement_V_Nawres/Page_ANEF_Connexion/btn_Valider_Conx_Agent' located by 'By.xpath: //*[@label="Valider"]|//*[@id="btn-login"]' in '100' second(s)

14-02-2025T09:34:47 - [MESSAGE][INFO] - Found 1 web elements with id: 'Object Repository/ANEF_Eloignement_V_Nawres/Page_ANEF_Connexion/btn_Valider_Conx_Agent' located by 'By.xpath: //*[@label="Valider"]|//*[@id="btn-login"]' in '100' second(s)

14-02-2025T09:34:47 - [MESSAGE][INFO] - Clicking on object: 'Object Repository/ANEF_Eloignement_V_Nawres/Page_ANEF_Connexion/btn_Valider_Conx_Agent'

14-02-2025T09:34:48 - [MESSAGE][PASSED] - Object: 'Object Repository/ANEF_Eloignement_V_Nawres/Page_ANEF_Connexion/btn_Valider_Conx_Agent' is clicked on

14-02-2025T09:34:48 - [TEST_STEP][PASSED] - delay(5): Delayed 5 second(s)

14-02-2025T09:34:48 - [MESSAGE][INFO] - Delaying browser in 5 second(s)

14-02-2025T09:34:53 - [MESSAGE][PASSED] - Delayed 5 second(s)

14-02-2025T09:34:53 - [TEST_STEP][PASSED] - verifyElementPresent(findTestObject("Object Repository/ANEF_Eloignement_V_Nawres/Page_Accueil_Principale/btn_ANEF_Eloignement"), 1, STOP_ON_FAILURE): Object 'Object Repository/ANEF_Eloignement_V_Nawres/Page_Accueil_Principale/btn_ANEF_Eloignement' is present

14-02-2025T09:34:53 - [MESSAGE][INFO] - Finding Test Object 'Object Repository/ANEF_Eloignement_V_Nawres/Page_Accueil_Principale/btn_ANEF_Eloignement'

14-02-2025T09:34:53 - [MESSAGE][INFO] - Checking object

14-02-2025T09:34:53 - [MESSAGE][INFO] - Finding web element from Test Object's properties

14-02-2025T09:34:53 - [MESSAGE][INFO] - Checking timeout

14-02-2025T09:34:53 - [MESSAGE][INFO] - Finding web element with id: 'Object Repository/ANEF_Eloignement_V_Nawres/Page_Accueil_Principale/btn_ANEF_Eloignement' located by 'By.xpath: //span[contains(text()," ANEF Ã©loignement ")]' in '1' second(s)

14-02-2025T09:34:53 - [MESSAGE][INFO] - Found 1 web elements with id: 'Object Repository/ANEF_Eloignement_V_Nawres/Page_Accueil_Principale/btn_ANEF_Eloignement' located by 'By.xpath: //span[contains(text()," ANEF Ã©loignement ")]' in '1' second(s)

14-02-2025T09:34:53 - [MESSAGE][PASSED] - Object 'Object Repository/ANEF_Eloignement_V_Nawres/Page_Accueil_Principale/btn_ANEF_Eloignement' is present

14-02-2025T09:34:53 - [MESSAGE][PASSED] - Call Test Case 'Test Cases/Test Reutilisable/Main/ANEF_Eloignement_V_Nawres/ANEF_Identification' successfully

14-02-2025T09:34:53 - [TEST_STEP][PASSED] - callTestCase(findTestCase("Test Cases/Test Reutilisable/Main/ANEF_Eloignement_V_Nawres/ANEF_Creation_ou_Recherche_Dossier"), ["CreationOuRecherche":CreationOuRecherche, "NumeroEtranger":NumeroEtranger], STOP_ON_FAILURE): Call Test Case 'Test Cases/Test Reutilisable/Main/ANEF_Eloignement_V_Nawres/ANEF_Creation_ou_Recherche_Dossier' successfully

14-02-2025T09:34:53 - [MESSAGE][INFO] - Checking called Test Case

14-02-2025T09:34:53 - [MESSAGE][INFO] - Starting to call Test Case 'Test Cases/Test Reutilisable/Main/ANEF_Eloignement_V_Nawres/ANEF_Creation_ou_Recherche_Dossier'

14-02-2025T09:34:53 - [TEST_CASE][PASSED] - Test Cases/Test Reutilisable/Main/ANEF_Eloignement_V_Nawres/ANEF_Creation_ou_Recherche_Dossier: Test Cases/Test Reutilisable/Main/ANEF_Eloignement_V_Nawres/ANEF_Creation_ou_Recherche_Dossier

14-02-2025T09:34:54 - [TEST_STEP][PASSED] - click(findTestObject("Object Repository/ANEF_Eloignement_V_Nawres/Page_Accueil_Principale/btn_ANEF_Eloignement")): Object: 'Object Repository/ANEF_Eloignement_V_Nawres/Page_Accueil_Principale/btn_ANEF_Eloignement' is clicked on

14-02-2025T09:34:54 - [MESSAGE][INFO] - Finding Test Object 'Object Repository/ANEF_Eloignement_V_Nawres/Page_Accueil_Principale/btn_ANEF_Eloignement'

14-02-2025T09:34:54 - [MESSAGE][INFO] - Checking timeout

14-02-2025T09:34:54 - [MESSAGE][INFO] - Finding web element with id: 'Object Repository/ANEF_Eloignement_V_Nawres/Page_Accueil_Principale/btn_ANEF_Eloignement' located by 'By.xpath: //span[contains(text()," ANEF Ã©loignement ")]' in '20' second(s)

14-02-2025T09:34:54 - [MESSAGE][INFO] - Found 1 web elements with id: 'Object Repository/ANEF_Eloignement_V_Nawres/Page_Accueil_Principale/btn_ANEF_Eloignement' located by 'By.xpath: //span[contains(text()," ANEF Ã©loignement ")]' in '20' second(s)

14-02-2025T09:34:54 - [MESSAGE][INFO] - Checking object

14-02-2025T09:34:54 - [MESSAGE][INFO] - Checking timeout

14-02-2025T09:34:54 - [MESSAGE][INFO] - Finding web element from Test Object's properties

14-02-2025T09:34:54 - [MESSAGE][INFO] - Checking timeout

14-02-2025T09:34:54 - [MESSAGE][INFO] - Finding web element with id: 'Object Repository/ANEF_Eloignement_V_Nawres/Page_Accueil_Principale/btn_ANEF_Eloignement' located by 'By.xpath: //span[contains(text()," ANEF Ã©loignement ")]' in '100' second(s)

14-02-2025T09:34:54 - [MESSAGE][INFO] - Found 1 web elements with id: 'Object Repository/ANEF_Eloignement_V_Nawres/Page_Accueil_Principale/btn_ANEF_Eloignement' located by 'By.xpath: //span[contains(text()," ANEF Ã©loignement ")]' in '100' second(s)

14-02-2025T09:34:54 - [MESSAGE][INFO] - Clicking on object: 'Object Repository/ANEF_Eloignement_V_Nawres/Page_Accueil_Principale/btn_ANEF_Eloignement'

14-02-2025T09:34:56 - [MESSAGE][PASSED] - Object: 'Object Repository/ANEF_Eloignement_V_Nawres/Page_Accueil_Principale/btn_ANEF_Eloignement' is clicked on

14-02-2025T09:34:56 - [TEST_STEP][PASSED] - verifyElementPresent(findTestObject("Object Repository/ANEF_Eloignement_V_Nawres/Page_Creation_ou_Recherche_Dossier/btn_Rechercher_Dossier"), 1, STOP_ON_FAILURE): Object 'Object Repository/ANEF_Eloignement_V_Nawres/Page_Creation_ou_Recherche_Dossier/btn_Rechercher_Dossier' is present

14-02-2025T09:34:56 - [MESSAGE][INFO] - Finding Test Object 'Object Repository/ANEF_Eloignement_V_Nawres/Page_Creation_ou_Recherche_Dossier/btn_Rechercher_Dossier'

14-02-2025T09:34:56 - [MESSAGE][INFO] - Checking object

14-02-2025T09:34:56 - [MESSAGE][INFO] - Finding web element from Test Object's properties

14-02-2025T09:34:56 - [MESSAGE][INFO] - Checking timeout

14-02-2025T09:34:56 - [MESSAGE][INFO] - Finding web element with id: 'Object Repository/ANEF_Eloignement_V_Nawres/Page_Creation_ou_Recherche_Dossier/btn_Rechercher_Dossier' located by 'By.xpath: //button[@title="Rechercher un dossier"]' in '1' second(s)

14-02-2025T09:34:56 - [MESSAGE][INFO] - Found 1 web elements with id: 'Object Repository/ANEF_Eloignement_V_Nawres/Page_Creation_ou_Recherche_Dossier/btn_Rechercher_Dossier' located by 'By.xpath: //button[@title="Rechercher un dossier"]' in '1' second(s)

14-02-2025T09:34:56 - [MESSAGE][PASSED] - Object 'Object Repository/ANEF_Eloignement_V_Nawres/Page_Creation_ou_Recherche_Dossier/btn_Rechercher_Dossier' is present

14-02-2025T09:34:56 - [TEST_STEP][PASSED] - delay(5): Delayed 5 second(s)

14-02-2025T09:34:57 - [MESSAGE][INFO] - Delaying browser in 5 second(s)

14-02-2025T09:35:02 - [MESSAGE][PASSED] - Delayed 5 second(s)

14-02-2025T09:35:02 - [TEST_STEP][PASSED] - click(findTestObject("Object Repository/ANEF_Eloignement_V_Nawres/Page_Creation_ou_Recherche_Dossier/btn_Rechercher_Dossier")): Object: 'Object Repository/ANEF_Eloignement_V_Nawres/Page_Creation_ou_Recherche_Dossier/btn_Rechercher_Dossier' is clicked on

14-02-2025T09:35:02 - [MESSAGE][INFO] - Finding Test Object 'Object Repository/ANEF_Eloignement_V_Nawres/Page_Creation_ou_Recherche_Dossier/btn_Rechercher_Dossier'

14-02-2025T09:35:02 - [MESSAGE][INFO] - Checking timeout

14-02-2025T09:35:02 - [MESSAGE][INFO] - Finding web element with id: 'Object Repository/ANEF_Eloignement_V_Nawres/Page_Creation_ou_Recherche_Dossier/btn_Rechercher_Dossier' located by 'By.xpath: //button[@title="Rechercher un dossier"]' in '20' second(s)

14-02-2025T09:35:02 - [MESSAGE][INFO] - Found 1 web elements with id: 'Object Repository/ANEF_Eloignement_V_Nawres/Page_Creation_ou_Recherche_Dossier/btn_Rechercher_Dossier' located by 'By.xpath: //button[@title="Rechercher un dossier"]' in '20' second(s)

14-02-2025T09:35:02 - [MESSAGE][INFO] - Checking object

14-02-2025T09:35:02 - [MESSAGE][INFO] - Checking timeout

14-02-2025T09:35:02 - [MESSAGE][INFO] - Finding web element from Test Object's properties

14-02-2025T09:35:02 - [MESSAGE][INFO] - Checking timeout

14-02-2025T09:35:02 - [MESSAGE][INFO] - Finding web element with id: 'Object Repository/ANEF_Eloignement_V_Nawres/Page_Creation_ou_Recherche_Dossier/btn_Rechercher_Dossier' located by 'By.xpath: //button[@title="Rechercher un dossier"]' in '100' second(s)

14-02-2025T09:35:02 - [MESSAGE][INFO] - Found 1 web elements with id: 'Object Repository/ANEF_Eloignement_V_Nawres/Page_Creation_ou_Recherche_Dossier/btn_Rechercher_Dossier' located by 'By.xpath: //button[@title="Rechercher un dossier"]' in '100' second(s)

14-02-2025T09:35:02 - [MESSAGE][INFO] - Clicking on object: 'Object Repository/ANEF_Eloignement_V_Nawres/Page_Creation_ou_Recherche_Dossier/btn_Rechercher_Dossier'

14-02-2025T09:35:03 - [MESSAGE][PASSED] - Object: 'Object Repository/ANEF_Eloignement_V_Nawres/Page_Creation_ou_Recherche_Dossier/btn_Rechercher_Dossier' is clicked on

14-02-2025T09:35:03 - [TEST_STEP][PASSED] - if (CreationOuRecherche == "Creation"): null

14-02-2025T09:35:03 - [TEST_STEP][PASSED] - if (CreationOuRecherche == "Recherche"): Object: 'Object Repository/ANEF_Eloignement_V_Nawres/Page_Creation_ou_Recherche_Dossier/btn_Choisir_Dossier_Etranger' is clicked on

14-02-2025T09:35:03 - [TEST_STEP][PASSED] - setText(findTestObject("Object Repository/ANEF_Eloignement_V_Nawres/Page_Creation_ou_Recherche_Dossier/Input_Numero_etranger"), NumeroEtranger, STOP_ON_FAILURE): Text '7503181977' is set on object 'Object Repository/ANEF_Eloignement_V_Nawres/Page_Creation_ou_Recherche_Dossier/Input_Numero_etranger'

14-02-2025T09:35:03 - [MESSAGE][INFO] - Finding Test Object 'Object Repository/ANEF_Eloignement_V_Nawres/Page_Creation_ou_Recherche_Dossier/Input_Numero_etranger'

14-02-2025T09:35:03 - [MESSAGE][INFO] - Checking timeout

14-02-2025T09:35:03 - [MESSAGE][INFO] - Finding web element with id: 'Object Repository/ANEF_Eloignement_V_Nawres/Page_Creation_ou_Recherche_Dossier/Input_Numero_etranger' located by 'By.xpath: //app-identite-declaree-search-box//div/app-dsfr-input/div/input[@id="identifiant_agdref"]|//app-search-box//div/app-dsfr-input/div/input[@id="identifiant_agdref"]' in '20' second(s)

14-02-2025T09:35:03 - [MESSAGE][INFO] - Found 1 web elements with id: 'Object Repository/ANEF_Eloignement_V_Nawres/Page_Creation_ou_Recherche_Dossier/Input_Numero_etranger' located by 'By.xpath: //app-identite-declaree-search-box//div/app-dsfr-input/div/input[@id="identifiant_agdref"]|//app-search-box//div/app-dsfr-input/div/input[@id="identifiant_agdref"]' in '20' second(s)

14-02-2025T09:35:03 - [MESSAGE][INFO] - Checking object

14-02-2025T09:35:03 - [MESSAGE][INFO] - Checking text

14-02-2025T09:35:03 - [MESSAGE][INFO] - Finding web element from Test Object's properties

14-02-2025T09:35:03 - [MESSAGE][INFO] - Checking timeout

14-02-2025T09:35:03 - [MESSAGE][INFO] - Finding web element with id: 'Object Repository/ANEF_Eloignement_V_Nawres/Page_Creation_ou_Recherche_Dossier/Input_Numero_etranger' located by 'By.xpath: //app-identite-declaree-search-box//div/app-dsfr-input/div/input[@id="identifiant_agdref"]|//app-search-box//div/app-dsfr-input/div/input[@id="identifiant_agdref"]' in '100' second(s)

14-02-2025T09:35:03 - [MESSAGE][INFO] - Found 1 web elements with id: 'Object Repository/ANEF_Eloignement_V_Nawres/Page_Creation_ou_Recherche_Dossier/Input_Numero_etranger' located by 'By.xpath: //app-identite-declaree-search-box//div/app-dsfr-input/div/input[@id="identifiant_agdref"]|//app-search-box//div/app-dsfr-input/div/input[@id="identifiant_agdref"]' in '100' second(s)

14-02-2025T09:35:03 - [MESSAGE][INFO] - Clearing text of object 'Object Repository/ANEF_Eloignement_V_Nawres/Page_Creation_ou_Recherche_Dossier/Input_Numero_etranger'

14-02-2025T09:35:04 - [MESSAGE][INFO] - Finding web element from Test Object's properties

14-02-2025T09:35:04 - [MESSAGE][INFO] - Checking timeout

14-02-2025T09:35:04 - [MESSAGE][INFO] - Finding web element with id: 'Object Repository/ANEF_Eloignement_V_Nawres/Page_Creation_ou_Recherche_Dossier/Input_Numero_etranger' located by 'By.xpath: //app-identite-declaree-search-box//div/app-dsfr-input/div/input[@id="identifiant_agdref"]|//app-search-box//div/app-dsfr-input/div/input[@id="identifiant_agdref"]' in '100' second(s)

14-02-2025T09:35:04 - [MESSAGE][INFO] - Found 1 web elements with id: 'Object Repository/ANEF_Eloignement_V_Nawres/Page_Creation_ou_Recherche_Dossier/Input_Numero_etranger' located by 'By.xpath: //app-identite-declaree-search-box//div/app-dsfr-input/div/input[@id="identifiant_agdref"]|//app-search-box//div/app-dsfr-input/div/input[@id="identifiant_agdref"]' in '100' second(s)

14-02-2025T09:35:04 - [MESSAGE][INFO] - Setting text of object 'Object Repository/ANEF_Eloignement_V_Nawres/Page_Creation_ou_Recherche_Dossier/Input_Numero_etranger' to value '7503181977'

14-02-2025T09:35:05 - [MESSAGE][PASSED] - Text '7503181977' is set on object 'Object Repository/ANEF_Eloignement_V_Nawres/Page_Creation_ou_Recherche_Dossier/Input_Numero_etranger'

14-02-2025T09:35:05 - [TEST_STEP][PASSED] - click(findTestObject("Object Repository/ANEF_Eloignement_V_Nawres/Page_Creation_ou_Recherche_Dossier/Input_Numero_etranger"), STOP_ON_FAILURE): Object: 'Object Repository/ANEF_Eloignement_V_Nawres/Page_Creation_ou_Recherche_Dossier/Input_Numero_etranger' is clicked on

14-02-2025T09:35:05 - [MESSAGE][INFO] - Finding Test Object 'Object Repository/ANEF_Eloignement_V_Nawres/Page_Creation_ou_Recherche_Dossier/Input_Numero_etranger'

14-02-2025T09:35:05 - [MESSAGE][INFO] - Checking timeout

14-02-2025T09:35:05 - [MESSAGE][INFO] - Finding web element with id: 'Object Repository/ANEF_Eloignement_V_Nawres/Page_Creation_ou_Recherche_Dossier/Input_Numero_etranger' located by 'By.xpath: //app-identite-declaree-search-box//div/app-dsfr-input/div/input[@id="identifiant_agdref"]|//app-search-box//div/app-dsfr-input/div/input[@id="identifiant_agdref"]' in '20' second(s)

14-02-2025T09:35:05 - [MESSAGE][INFO] - Found 1 web elements with id: 'Object Repository/ANEF_Eloignement_V_Nawres/Page_Creation_ou_Recherche_Dossier/Input_Numero_etranger' located by 'By.xpath: //app-identite-declaree-search-box//div/app-dsfr-input/div/input[@id="identifiant_agdref"]|//app-search-box//div/app-dsfr-input/div/input[@id="identifiant_agdref"]' in '20' second(s)

14-02-2025T09:35:05 - [MESSAGE][INFO] - Checking object

14-02-2025T09:35:05 - [MESSAGE][INFO] - Checking timeout

14-02-2025T09:35:05 - [MESSAGE][INFO] - Finding web element from Test Object's properties

14-02-2025T09:35:05 - [MESSAGE][INFO] - Checking timeout

14-02-2025T09:35:05 - [MESSAGE][INFO] - Finding web element with id: 'Object Repository/ANEF_Eloignement_V_Nawres/Page_Creation_ou_Recherche_Dossier/Input_Numero_etranger' located by 'By.xpath: //app-identite-declaree-search-box//div/app-dsfr-input/div/input[@id="identifiant_agdref"]|//app-search-box//div/app-dsfr-input/div/input[@id="identifiant_agdref"]' in '100' second(s)

14-02-2025T09:35:05 - [MESSAGE][INFO] - Found 1 web elements with id: 'Object Repository/ANEF_Eloignement_V_Nawres/Page_Creation_ou_Recherche_Dossier/Input_Numero_etranger' located by 'By.xpath: //app-identite-declaree-search-box//div/app-dsfr-input/div/input[@id="identifiant_agdref"]|//app-search-box//div/app-dsfr-input/div/input[@id="identifiant_agdref"]' in '100' second(s)

14-02-2025T09:35:05 - [MESSAGE][INFO] - Clicking on object: 'Object Repository/ANEF_Eloignement_V_Nawres/Page_Creation_ou_Recherche_Dossier/Input_Numero_etranger'

14-02-2025T09:35:06 - [MESSAGE][PASSED] - Object: 'Object Repository/ANEF_Eloignement_V_Nawres/Page_Creation_ou_Recherche_Dossier/Input_Numero_etranger' is clicked on

14-02-2025T09:35:06 - [TEST_STEP][PASSED] - scrollToElement(findTestObject("Object Repository/ANEF_Eloignement_V_Nawres/Page_Creation_ou_Recherche_Dossier/btn_Lancer_La_Recherche"), 5, STOP_ON_FAILURE): Scroll to object 'Object Repository/ANEF_Eloignement_V_Nawres/Page_Creation_ou_Recherche_Dossier/btn_Lancer_La_Recherche' successfully

14-02-2025T09:35:06 - [MESSAGE][INFO] - Finding Test Object 'Object Repository/ANEF_Eloignement_V_Nawres/Page_Creation_ou_Recherche_Dossier/btn_Lancer_La_Recherche'

14-02-2025T09:35:06 - [MESSAGE][INFO] - Checking object

14-02-2025T09:35:06 - [MESSAGE][INFO] - Checking timeout

14-02-2025T09:35:06 - [MESSAGE][INFO] - Finding web element from Test Object's properties

14-02-2025T09:35:06 - [MESSAGE][INFO] - Checking timeout

14-02-2025T09:35:06 - [MESSAGE][INFO] - Finding web element with id: 'Object Repository/ANEF_Eloignement_V_Nawres/Page_Creation_ou_Recherche_Dossier/btn_Lancer_La_Recherche' located by 'By.xpath: //button[contains(text(),"Lancer la recherche ")]' in '100' second(s)

14-02-2025T09:35:06 - [MESSAGE][INFO] - Found 1 web elements with id: 'Object Repository/ANEF_Eloignement_V_Nawres/Page_Creation_ou_Recherche_Dossier/btn_Lancer_La_Recherche' located by 'By.xpath: //button[contains(text(),"Lancer la recherche ")]' in '100' second(s)

14-02-2025T09:35:06 - [MESSAGE][INFO] - Scrolling to object 'Object Repository/ANEF_Eloignement_V_Nawres/Page_Creation_ou_Recherche_Dossier/btn_Lancer_La_Recherche'

14-02-2025T09:35:06 - [MESSAGE][PASSED] - Scroll to object 'Object Repository/ANEF_Eloignement_V_Nawres/Page_Creation_ou_Recherche_Dossier/btn_Lancer_La_Recherche' successfully

14-02-2025T09:35:06 - [TEST_STEP][PASSED] - click(findTestObject("Object Repository/ANEF_Eloignement_V_Nawres/Page_Creation_ou_Recherche_Dossier/btn_Lancer_La_Recherche"), STOP_ON_FAILURE): Object: 'Object Repository/ANEF_Eloignement_V_Nawres/Page_Creation_ou_Recherche_Dossier/btn_Lancer_La_Recherche' is clicked on

14-02-2025T09:35:06 - [MESSAGE][INFO] - Finding Test Object 'Object Repository/ANEF_Eloignement_V_Nawres/Page_Creation_ou_Recherche_Dossier/btn_Lancer_La_Recherche'

14-02-2025T09:35:06 - [MESSAGE][INFO] - Checking timeout

14-02-2025T09:35:06 - [MESSAGE][INFO] - Finding web element with id: 'Object Repository/ANEF_Eloignement_V_Nawres/Page_Creation_ou_Recherche_Dossier/btn_Lancer_La_Recherche' located by 'By.xpath: //button[contains(text(),"Lancer la recherche ")]' in '20' second(s)

14-02-2025T09:35:06 - [MESSAGE][INFO] - Found 1 web elements with id: 'Object Repository/ANEF_Eloignement_V_Nawres/Page_Creation_ou_Recherche_Dossier/btn_Lancer_La_Recherche' located by 'By.xpath: //button[contains(text(),"Lancer la recherche ")]' in '20' second(s)

14-02-2025T09:35:06 - [MESSAGE][INFO] - Checking object

14-02-2025T09:35:06 - [MESSAGE][INFO] - Checking timeout

14-02-2025T09:35:06 - [MESSAGE][INFO] - Finding web element from Test Object's properties

14-02-2025T09:35:06 - [MESSAGE][INFO] - Checking timeout

14-02-2025T09:35:06 - [MESSAGE][INFO] - Finding web element with id: 'Object Repository/ANEF_Eloignement_V_Nawres/Page_Creation_ou_Recherche_Dossier/btn_Lancer_La_Recherche' located by 'By.xpath: //button[contains(text(),"Lancer la recherche ")]' in '100' second(s)

14-02-2025T09:35:06 - [MESSAGE][INFO] - Found 1 web elements with id: 'Object Repository/ANEF_Eloignement_V_Nawres/Page_Creation_ou_Recherche_Dossier/btn_Lancer_La_Recherche' located by 'By.xpath: //button[contains(text(),"Lancer la recherche ")]' in '100' second(s)

14-02-2025T09:35:06 - [MESSAGE][INFO] - Clicking on object: 'Object Repository/ANEF_Eloignement_V_Nawres/Page_Creation_ou_Recherche_Dossier/btn_Lancer_La_Recherche'

14-02-2025T09:35:08 - [MESSAGE][PASSED] - Object: 'Object Repository/ANEF_Eloignement_V_Nawres/Page_Creation_ou_Recherche_Dossier/btn_Lancer_La_Recherche' is clicked on

14-02-2025T09:35:08 - [TEST_STEP][PASSED] - delay(5): Delayed 5 second(s)

14-02-2025T09:35:08 - [MESSAGE][INFO] - Delaying browser in 5 second(s)

14-02-2025T09:35:13 - [MESSAGE][PASSED] - Delayed 5 second(s)

14-02-2025T09:35:13 - [TEST_STEP][PASSED] - scrollToElement(findTestObject("Object Repository/ANEF_Eloignement_V_Nawres/Page_Creation_ou_Recherche_Dossier/btn_Radio_Selectionner_Dossier"), 5, STOP_ON_FAILURE): Scroll to object 'Object Repository/ANEF_Eloignement_V_Nawres/Page_Creation_ou_Recherche_Dossier/btn_Radio_Selectionner_Dossier' successfully

14-02-2025T09:35:13 - [MESSAGE][INFO] - Finding Test Object 'Object Repository/ANEF_Eloignement_V_Nawres/Page_Creation_ou_Recherche_Dossier/btn_Radio_Selectionner_Dossier'

14-02-2025T09:35:13 - [MESSAGE][INFO] - Checking object

14-02-2025T09:35:13 - [MESSAGE][INFO] - Checking timeout

14-02-2025T09:35:13 - [MESSAGE][INFO] - Finding web element from Test Object's properties

14-02-2025T09:35:13 - [MESSAGE][INFO] - Checking timeout

14-02-2025T09:35:13 - [MESSAGE][INFO] - Finding web element with id: 'Object Repository/ANEF_Eloignement_V_Nawres/Page_Creation_ou_Recherche_Dossier/btn_Radio_Selectionner_Dossier' located by 'By.xpath: //app-search-etranger/app-search-result-etranger//table/tbody/tr//label' in '100' second(s)

14-02-2025T09:35:13 - [MESSAGE][INFO] - Found 1 web elements with id: 'Object Repository/ANEF_Eloignement_V_Nawres/Page_Creation_ou_Recherche_Dossier/btn_Radio_Selectionner_Dossier' located by 'By.xpath: //app-search-etranger/app-search-result-etranger//table/tbody/tr//label' in '100' second(s)

14-02-2025T09:35:13 - [MESSAGE][INFO] - Scrolling to object 'Object Repository/ANEF_Eloignement_V_Nawres/Page_Creation_ou_Recherche_Dossier/btn_Radio_Selectionner_Dossier'

14-02-2025T09:35:13 - [MESSAGE][PASSED] - Scroll to object 'Object Repository/ANEF_Eloignement_V_Nawres/Page_Creation_ou_Recherche_Dossier/btn_Radio_Selectionner_Dossier' successfully

14-02-2025T09:35:13 - [TEST_STEP][PASSED] - click(findTestObject("Object Repository/ANEF_Eloignement_V_Nawres/Page_Creation_ou_Recherche_Dossier/btn_Radio_Selectionner_Dossier"), STOP_ON_FAILURE): Object: 'Object Repository/ANEF_Eloignement_V_Nawres/Page_Creation_ou_Recherche_Dossier/btn_Radio_Selectionner_Dossier' is clicked on

14-02-2025T09:35:13 - [MESSAGE][INFO] - Finding Test Object 'Object Repository/ANEF_Eloignement_V_Nawres/Page_Creation_ou_Recherche_Dossier/btn_Radio_Selectionner_Dossier'

14-02-2025T09:35:13 - [MESSAGE][INFO] - Checking timeout

14-02-2025T09:35:13 - [MESSAGE][INFO] - Finding web element with id: 'Object Repository/ANEF_Eloignement_V_Nawres/Page_Creation_ou_Recherche_Dossier/btn_Radio_Selectionner_Dossier' located by 'By.xpath: //app-search-etranger/app-search-result-etranger//table/tbody/tr//label' in '20' second(s)

14-02-2025T09:35:13 - [MESSAGE][INFO] - Found 1 web elements with id: 'Object Repository/ANEF_Eloignement_V_Nawres/Page_Creation_ou_Recherche_Dossier/btn_Radio_Selectionner_Dossier' located by 'By.xpath: //app-search-etranger/app-search-result-etranger//table/tbody/tr//label' in '20' second(s)

14-02-2025T09:35:13 - [MESSAGE][INFO] - Checking object

14-02-2025T09:35:13 - [MESSAGE][INFO] - Checking timeout

14-02-2025T09:35:13 - [MESSAGE][INFO] - Finding web element from Test Object's properties

14-02-2025T09:35:13 - [MESSAGE][INFO] - Checking timeout

14-02-2025T09:35:13 - [MESSAGE][INFO] - Finding web element with id: 'Object Repository/ANEF_Eloignement_V_Nawres/Page_Creation_ou_Recherche_Dossier/btn_Radio_Selectionner_Dossier' located by 'By.xpath: //app-search-etranger/app-search-result-etranger//table/tbody/tr//label' in '100' second(s)

14-02-2025T09:35:13 - [MESSAGE][INFO] - Found 1 web elements with id: 'Object Repository/ANEF_Eloignement_V_Nawres/Page_Creation_ou_Recherche_Dossier/btn_Radio_Selectionner_Dossier' located by 'By.xpath: //app-search-etranger/app-search-result-etranger//table/tbody/tr//label' in '100' second(s)

14-02-2025T09:35:13 - [MESSAGE][INFO] - Clicking on object: 'Object Repository/ANEF_Eloignement_V_Nawres/Page_Creation_ou_Recherche_Dossier/btn_Radio_Selectionner_Dossier'

14-02-2025T09:35:14 - [MESSAGE][PASSED] - Object: 'Object Repository/ANEF_Eloignement_V_Nawres/Page_Creation_ou_Recherche_Dossier/btn_Radio_Selectionner_Dossier' is clicked on

14-02-2025T09:35:14 - [TEST_STEP][PASSED] - click(findTestObject("Object Repository/ANEF_Eloignement_V_Nawres/Page_Creation_ou_Recherche_Dossier/btn_Choisir_Dossier_Etranger"), STOP_ON_FAILURE): Object: 'Object Repository/ANEF_Eloignement_V_Nawres/Page_Creation_ou_Recherche_Dossier/btn_Choisir_Dossier_Etranger' is clicked on

14-02-2025T09:35:14 - [MESSAGE][INFO] - Finding Test Object 'Object Repository/ANEF_Eloignement_V_Nawres/Page_Creation_ou_Recherche_Dossier/btn_Choisir_Dossier_Etranger'

14-02-2025T09:35:14 - [MESSAGE][INFO] - Checking timeout

14-02-2025T09:35:14 - [MESSAGE][INFO] - Finding web element with id: 'Object Repository/ANEF_Eloignement_V_Nawres/Page_Creation_ou_Recherche_Dossier/btn_Choisir_Dossier_Etranger' located by 'By.xpath: //button[contains(text(),"Choisir un dossier Ã©tranger")]' in '20' second(s)

14-02-2025T09:35:14 - [MESSAGE][INFO] - Found 1 web elements with id: 'Object Repository/ANEF_Eloignement_V_Nawres/Page_Creation_ou_Recherche_Dossier/btn_Choisir_Dossier_Etranger' located by 'By.xpath: //button[contains(text(),"Choisir un dossier Ã©tranger")]' in '20' second(s)

14-02-2025T09:35:14 - [MESSAGE][INFO] - Checking object

14-02-2025T09:35:14 - [MESSAGE][INFO] - Checking timeout

14-02-2025T09:35:14 - [MESSAGE][INFO] - Finding web element from Test Object's properties

14-02-2025T09:35:14 - [MESSAGE][INFO] - Checking timeout

14-02-2025T09:35:14 - [MESSAGE][INFO] - Finding web element with id: 'Object Repository/ANEF_Eloignement_V_Nawres/Page_Creation_ou_Recherche_Dossier/btn_Choisir_Dossier_Etranger' located by 'By.xpath: //button[contains(text(),"Choisir un dossier Ã©tranger")]' in '100' second(s)

14-02-2025T09:35:14 - [MESSAGE][INFO] - Found 1 web elements with id: 'Object Repository/ANEF_Eloignement_V_Nawres/Page_Creation_ou_Recherche_Dossier/btn_Choisir_Dossier_Etranger' located by 'By.xpath: //button[contains(text(),"Choisir un dossier Ã©tranger")]' in '100' second(s)

14-02-2025T09:35:14 - [MESSAGE][INFO] - Clicking on object: 'Object Repository/ANEF_Eloignement_V_Nawres/Page_Creation_ou_Recherche_Dossier/btn_Choisir_Dossier_Etranger'

14-02-2025T09:35:15 - [MESSAGE][PASSED] - Object: 'Object Repository/ANEF_Eloignement_V_Nawres/Page_Creation_ou_Recherche_Dossier/btn_Choisir_Dossier_Etranger' is clicked on

14-02-2025T09:35:15 - [MESSAGE][PASSED] - Call Test Case 'Test Cases/Test Reutilisable/Main/ANEF_Eloignement_V_Nawres/ANEF_Creation_ou_Recherche_Dossier' successfully

14-02-2025T09:35:15 - [TEST_STEP][PASSED] - if (CreationOuRecherche == "Creation"): null

14-02-2025T09:35:15 - [TEST_STEP][PASSED] - println(NumeroEtranger): null

14-02-2025T09:35:15 - [TEST_STEP][PASSED] - callTestCase(findTestCase("Test Cases/Test Reutilisable/Main/ANEF_Eloignement_V_Nawres/ANEF_Prendre_Mesure"), ["Mesure":Mesure, "FondementLegal":FondementLegal, "NatureDeLacteExpulsion":NatureDeLacteExpulsion, "NatureDeLacteExpulsion":NatureDeLacteExpulsion, ... ], STOP_ON_FAILURE): Call Test Case 'Test Cases/Test Reutilisable/Main/ANEF_Eloignement_V_Nawres/ANEF_Prendre_Mesure' successfully

14-02-2025T09:35:15 - [MESSAGE][INFO] - Checking called Test Case

14-02-2025T09:35:15 - [MESSAGE][INFO] - Starting to call Test Case 'Test Cases/Test Reutilisable/Main/ANEF_Eloignement_V_Nawres/ANEF_Prendre_Mesure'

14-02-2025T09:35:15 - [TEST_CASE][PASSED] - Test Cases/Test Reutilisable/Main/ANEF_Eloignement_V_Nawres/ANEF_Prendre_Mesure: Test Cases/Test Reutilisable/Main/ANEF_Eloignement_V_Nawres/ANEF_Prendre_Mesure

14-02-2025T09:35:16 - [TEST_STEP][PASSED] - click(findTestObject("Object Repository/ANEF_Eloignement_V_Nawres/Page_Prendre_Mesure/btn_Prendre_Mesure"), STOP_ON_FAILURE): Object: 'Object Repository/ANEF_Eloignement_V_Nawres/Page_Prendre_Mesure/btn_Prendre_Mesure' is clicked on

14-02-2025T09:35:16 - [MESSAGE][INFO] - Finding Test Object 'Object Repository/ANEF_Eloignement_V_Nawres/Page_Prendre_Mesure/btn_Prendre_Mesure'

14-02-2025T09:35:16 - [MESSAGE][INFO] - Checking timeout

14-02-2025T09:35:16 - [MESSAGE][INFO] - Finding web element with id: 'Object Repository/ANEF_Eloignement_V_Nawres/Page_Prendre_Mesure/btn_Prendre_Mesure' located by 'By.xpath: //button[@title="Prendre une Mesure"]' in '20' second(s)

14-02-2025T09:35:16 - [MESSAGE][INFO] - Found 1 web elements with id: 'Object Repository/ANEF_Eloignement_V_Nawres/Page_Prendre_Mesure/btn_Prendre_Mesure' located by 'By.xpath: //button[@title="Prendre une Mesure"]' in '20' second(s)

14-02-2025T09:35:16 - [MESSAGE][INFO] - Checking object

14-02-2025T09:35:16 - [MESSAGE][INFO] - Checking timeout

14-02-2025T09:35:16 - [MESSAGE][INFO] - Finding web element from Test Object's properties

14-02-2025T09:35:16 - [MESSAGE][INFO] - Checking timeout

14-02-2025T09:35:16 - [MESSAGE][INFO] - Finding web element with id: 'Object Repository/ANEF_Eloignement_V_Nawres/Page_Prendre_Mesure/btn_Prendre_Mesure' located by 'By.xpath: //button[@title="Prendre une Mesure"]' in '100' second(s)

14-02-2025T09:35:16 - [MESSAGE][INFO] - Found 1 web elements with id: 'Object Repository/ANEF_Eloignement_V_Nawres/Page_Prendre_Mesure/btn_Prendre_Mesure' located by 'By.xpath: //button[@title="Prendre une Mesure"]' in '100' second(s)

14-02-2025T09:35:16 - [MESSAGE][INFO] - Clicking on object: 'Object Repository/ANEF_Eloignement_V_Nawres/Page_Prendre_Mesure/btn_Prendre_Mesure'

14-02-2025T09:35:18 - [MESSAGE][PASSED] - Object: 'Object Repository/ANEF_Eloignement_V_Nawres/Page_Prendre_Mesure/btn_Prendre_Mesure' is clicked on

14-02-2025T09:35:18 - [TEST_STEP][PASSED] - delay(5): Delayed 5 second(s)

14-02-2025T09:35:18 - [MESSAGE][INFO] - Delaying browser in 5 second(s)

14-02-2025T09:35:23 - [MESSAGE][PASSED] - Delayed 5 second(s)

14-02-2025T09:35:23 - [TEST_STEP][PASSED] - switch (Mesure): null

14-02-2025T09:35:23 - [TEST_STEP][PASSED] - case "Expulsion":: null

14-02-2025T09:35:23 - [TEST_STEP][PASSED] - waitForElementPresent(findTestObject("Object Repository/ANEF_Eloignement_V_Nawres/Page_Prendre_Mesure/select_Type_Mesure"), 10, STOP_ON_FAILURE): Object 'Object Repository/ANEF_Eloignement_V_Nawres/Page_Prendre_Mesure/select_Type_Mesure' is present

14-02-2025T09:35:23 - [MESSAGE][INFO] - Finding Test Object 'Object Repository/ANEF_Eloignement_V_Nawres/Page_Prendre_Mesure/select_Type_Mesure'

14-02-2025T09:35:23 - [MESSAGE][INFO] - Checking object

14-02-2025T09:35:23 - [MESSAGE][INFO] - Finding web element from Test Object's properties

14-02-2025T09:35:23 - [MESSAGE][INFO] - Checking timeout

14-02-2025T09:35:23 - [MESSAGE][INFO] - Finding web element with id: 'Object Repository/ANEF_Eloignement_V_Nawres/Page_Prendre_Mesure/select_Type_Mesure' located by 'By.xpath: //select[@id="typeMesure"]' in '10' second(s)

14-02-2025T09:35:23 - [MESSAGE][INFO] - Found 1 web elements with id: 'Object Repository/ANEF_Eloignement_V_Nawres/Page_Prendre_Mesure/select_Type_Mesure' located by 'By.xpath: //select[@id="typeMesure"]' in '10' second(s)

14-02-2025T09:35:23 - [MESSAGE][PASSED] - Object 'Object Repository/ANEF_Eloignement_V_Nawres/Page_Prendre_Mesure/select_Type_Mesure' is present

14-02-2025T09:35:23 - [TEST_STEP][PASSED] - selectOptionByLabel(findTestObject("Object Repository/ANEF_Eloignement_V_Nawres/Page_Prendre_Mesure/select_Type_Mesure"), "Expulsion", false, STOP_ON_FAILURE): All options with label 'Expulsion' are selected in object 'Object Repository/ANEF_Eloignement_V_Nawres/Page_Prendre_Mesure/select_Type_Mesure' 

14-02-2025T09:35:23 - [MESSAGE][INFO] - Finding Test Object 'Object Repository/ANEF_Eloignement_V_Nawres/Page_Prendre_Mesure/select_Type_Mesure'

14-02-2025T09:35:23 - [MESSAGE][INFO] - Checking timeout

14-02-2025T09:35:23 - [MESSAGE][INFO] - Finding web element with id: 'Object Repository/ANEF_Eloignement_V_Nawres/Page_Prendre_Mesure/select_Type_Mesure' located by 'By.xpath: //select[@id="typeMesure"]' in '20' second(s)

14-02-2025T09:35:23 - [MESSAGE][INFO] - Found 1 web elements with id: 'Object Repository/ANEF_Eloignement_V_Nawres/Page_Prendre_Mesure/select_Type_Mesure' located by 'By.xpath: //select[@id="typeMesure"]' in '20' second(s)

14-02-2025T09:35:23 - [MESSAGE][INFO] - Checking object

14-02-2025T09:35:23 - [MESSAGE][INFO] - Checking label parameter

14-02-2025T09:35:23 - [MESSAGE][INFO] - Finding web element from Test Object's properties

14-02-2025T09:35:23 - [MESSAGE][INFO] - Checking timeout

14-02-2025T09:35:23 - [MESSAGE][INFO] - Finding web element with id: 'Object Repository/ANEF_Eloignement_V_Nawres/Page_Prendre_Mesure/select_Type_Mesure' located by 'By.xpath: //select[@id="typeMesure"]' in '100' second(s)

14-02-2025T09:35:23 - [MESSAGE][INFO] - Found 1 web elements with id: 'Object Repository/ANEF_Eloignement_V_Nawres/Page_Prendre_Mesure/select_Type_Mesure' located by 'By.xpath: //select[@id="typeMesure"]' in '100' second(s)

14-02-2025T09:35:23 - [MESSAGE][INFO] - Selecting options on object 'Object Repository/ANEF_Eloignement_V_Nawres/Page_Prendre_Mesure/select_Type_Mesure' with label 'Expulsion' 

14-02-2025T09:35:24 - [MESSAGE][PASSED] - All options with label 'Expulsion' are selected in object 'Object Repository/ANEF_Eloignement_V_Nawres/Page_Prendre_Mesure/select_Type_Mesure' 

14-02-2025T09:35:24 - [TEST_STEP][PASSED] - click(findTestObject("Object Repository/ANEF_Eloignement_V_Nawres/Page_Prendre_Mesure/btn_Confirmer_Mesure"), STOP_ON_FAILURE): Object: 'Object Repository/ANEF_Eloignement_V_Nawres/Page_Prendre_Mesure/btn_Confirmer_Mesure' is clicked on

14-02-2025T09:35:24 - [MESSAGE][INFO] - Finding Test Object 'Object Repository/ANEF_Eloignement_V_Nawres/Page_Prendre_Mesure/btn_Confirmer_Mesure'

14-02-2025T09:35:24 - [MESSAGE][INFO] - Checking timeout

14-02-2025T09:35:24 - [MESSAGE][INFO] - Finding web element with id: 'Object Repository/ANEF_Eloignement_V_Nawres/Page_Prendre_Mesure/btn_Confirmer_Mesure' located by 'By.xpath: //button[@id="btn-confirme-decision"]' in '20' second(s)

14-02-2025T09:35:24 - [MESSAGE][INFO] - Found 1 web elements with id: 'Object Repository/ANEF_Eloignement_V_Nawres/Page_Prendre_Mesure/btn_Confirmer_Mesure' located by 'By.xpath: //button[@id="btn-confirme-decision"]' in '20' second(s)

14-02-2025T09:35:24 - [MESSAGE][INFO] - Checking object

14-02-2025T09:35:24 - [MESSAGE][INFO] - Checking timeout

14-02-2025T09:35:24 - [MESSAGE][INFO] - Finding web element from Test Object's properties

14-02-2025T09:35:24 - [MESSAGE][INFO] - Checking timeout

14-02-2025T09:35:24 - [MESSAGE][INFO] - Finding web element with id: 'Object Repository/ANEF_Eloignement_V_Nawres/Page_Prendre_Mesure/btn_Confirmer_Mesure' located by 'By.xpath: //button[@id="btn-confirme-decision"]' in '100' second(s)

14-02-2025T09:35:24 - [MESSAGE][INFO] - Found 1 web elements with id: 'Object Repository/ANEF_Eloignement_V_Nawres/Page_Prendre_Mesure/btn_Confirmer_Mesure' located by 'By.xpath: //button[@id="btn-confirme-decision"]' in '100' second(s)

14-02-2025T09:35:24 - [MESSAGE][INFO] - Clicking on object: 'Object Repository/ANEF_Eloignement_V_Nawres/Page_Prendre_Mesure/btn_Confirmer_Mesure'

14-02-2025T09:35:25 - [MESSAGE][PASSED] - Object: 'Object Repository/ANEF_Eloignement_V_Nawres/Page_Prendre_Mesure/btn_Confirmer_Mesure' is clicked on

14-02-2025T09:35:25 - [TEST_STEP][PASSED] - verifyElementPresent(findTestObject("Object Repository/ANEF_Eloignement_V_Nawres/Page_Prendre_Mesure/btn_Supprimer_Fiche_Mesure"), 2, STOP_ON_FAILURE): Object 'Object Repository/ANEF_Eloignement_V_Nawres/Page_Prendre_Mesure/btn_Supprimer_Fiche_Mesure' is present

14-02-2025T09:35:25 - [MESSAGE][INFO] - Finding Test Object 'Object Repository/ANEF_Eloignement_V_Nawres/Page_Prendre_Mesure/btn_Supprimer_Fiche_Mesure'

14-02-2025T09:35:25 - [MESSAGE][INFO] - Checking object

14-02-2025T09:35:25 - [MESSAGE][INFO] - Finding web element from Test Object's properties

14-02-2025T09:35:25 - [MESSAGE][INFO] - Checking timeout

14-02-2025T09:35:25 - [MESSAGE][INFO] - Finding web element with id: 'Object Repository/ANEF_Eloignement_V_Nawres/Page_Prendre_Mesure/btn_Supprimer_Fiche_Mesure' located by 'By.xpath: //button[@title="Supprimer une Mesure"]' in '2' second(s)

14-02-2025T09:35:26 - [MESSAGE][INFO] - Found 1 web elements with id: 'Object Repository/ANEF_Eloignement_V_Nawres/Page_Prendre_Mesure/btn_Supprimer_Fiche_Mesure' located by 'By.xpath: //button[@title="Supprimer une Mesure"]' in '2' second(s)

14-02-2025T09:35:26 - [MESSAGE][PASSED] - Object 'Object Repository/ANEF_Eloignement_V_Nawres/Page_Prendre_Mesure/btn_Supprimer_Fiche_Mesure' is present

14-02-2025T09:35:26 - [TEST_STEP][PASSED] - break: null

14-02-2025T09:35:26 - [TEST_STEP][PASSED] - callTestCase(findTestCase("Test Cases/Test Reutilisable/Main/ANEF_Eloignement_V_Nawres/ANEF_Prendre_Mesure_Formulaire"), ["Mesure":Mesure, "FondementLegal":FondementLegal, "NatureDeLacteExpulsion":NatureDeLacteExpulsion, "UrgenceAbsolueExpulsion":UrgenceAbsolueExpulsion, ... ], STOP_ON_FAILURE): Call Test Case 'Test Cases/Test Reutilisable/Main/ANEF_Eloignement_V_Nawres/ANEF_Prendre_Mesure_Formulaire' successfully

14-02-2025T09:35:26 - [MESSAGE][INFO] - Checking called Test Case

14-02-2025T09:35:26 - [MESSAGE][INFO] - Starting to call Test Case 'Test Cases/Test Reutilisable/Main/ANEF_Eloignement_V_Nawres/ANEF_Prendre_Mesure_Formulaire'

14-02-2025T09:35:26 - [TEST_CASE][PASSED] - Test Cases/Test Reutilisable/Main/ANEF_Eloignement_V_Nawres/ANEF_Prendre_Mesure_Formulaire: Test Cases/Test Reutilisable/Main/ANEF_Eloignement_V_Nawres/ANEF_Prendre_Mesure_Formulaire

14-02-2025T09:35:27 - [TEST_STEP][PASSED] - calendar = Calendar.getInstance(): null

14-02-2025T09:35:27 - [TEST_STEP][PASSED] - currentDate = calendar.getTime(): null

14-02-2025T09:35:27 - [TEST_STEP][PASSED] - sdf = new java.text.SimpleDateFormat(dd/MM/yyyy): null

14-02-2025T09:35:27 - [TEST_STEP][PASSED] - formattedDate = sdf.format(currentDate): null

14-02-2025T09:35:27 - [TEST_STEP][PASSED] - DateActuelle = formattedDate.toString(): null

14-02-2025T09:35:27 - [TEST_STEP][PASSED] - println(DateActuelle): null

14-02-2025T09:35:27 - [TEST_STEP][PASSED] - if (Mesure != "ITF"): null

14-02-2025T09:35:27 - [TEST_STEP][PASSED] - selectOptionByLabel(findTestObject("Object Repository/ANEF_Eloignement_V_Nawres/Page_Prendre_Mesure_Formulaire/select_Fondement_Legal"), FondementLegal, false, STOP_ON_FAILURE): All options with label 'L.631-1' are selected in object 'Object Repository/ANEF_Eloignement_V_Nawres/Page_Prendre_Mesure_Formulaire/select_Fondement_Legal' 

14-02-2025T09:35:27 - [MESSAGE][INFO] - Finding Test Object 'Object Repository/ANEF_Eloignement_V_Nawres/Page_Prendre_Mesure_Formulaire/select_Fondement_Legal'

14-02-2025T09:35:27 - [MESSAGE][INFO] - Checking timeout

14-02-2025T09:35:27 - [MESSAGE][INFO] - Finding web element with id: 'Object Repository/ANEF_Eloignement_V_Nawres/Page_Prendre_Mesure_Formulaire/select_Fondement_Legal' located by 'By.xpath: //select[@id="fondement_legal"]' in '20' second(s)

14-02-2025T09:35:27 - [MESSAGE][INFO] - Found 1 web elements with id: 'Object Repository/ANEF_Eloignement_V_Nawres/Page_Prendre_Mesure_Formulaire/select_Fondement_Legal' located by 'By.xpath: //select[@id="fondement_legal"]' in '20' second(s)

14-02-2025T09:35:27 - [MESSAGE][INFO] - Checking object

14-02-2025T09:35:27 - [MESSAGE][INFO] - Checking label parameter

14-02-2025T09:35:27 - [MESSAGE][INFO] - Finding web element from Test Object's properties

14-02-2025T09:35:27 - [MESSAGE][INFO] - Checking timeout

14-02-2025T09:35:27 - [MESSAGE][INFO] - Finding web element with id: 'Object Repository/ANEF_Eloignement_V_Nawres/Page_Prendre_Mesure_Formulaire/select_Fondement_Legal' located by 'By.xpath: //select[@id="fondement_legal"]' in '100' second(s)

14-02-2025T09:35:27 - [MESSAGE][INFO] - Found 1 web elements with id: 'Object Repository/ANEF_Eloignement_V_Nawres/Page_Prendre_Mesure_Formulaire/select_Fondement_Legal' located by 'By.xpath: //select[@id="fondement_legal"]' in '100' second(s)

14-02-2025T09:35:27 - [MESSAGE][INFO] - Selecting options on object 'Object Repository/ANEF_Eloignement_V_Nawres/Page_Prendre_Mesure_Formulaire/select_Fondement_Legal' with label 'L.631-1' 

14-02-2025T09:35:28 - [MESSAGE][PASSED] - All options with label 'L.631-1' are selected in object 'Object Repository/ANEF_Eloignement_V_Nawres/Page_Prendre_Mesure_Formulaire/select_Fondement_Legal' 

14-02-2025T09:35:28 - [TEST_STEP][PASSED] - if (Mesure == "Expulsion"): null

14-02-2025T09:35:28 - [TEST_STEP][PASSED] - if (NatureDeLacteExpulsion == "AME"): Actual text and expected text of test object 'Object Repository/ANEF_Eloignement_V_Nawres/Page_Prendre_Mesure_Formulaire/p_AutoritÃ©_Decisionnaire' are matched.

14-02-2025T09:35:28 - [TEST_STEP][PASSED] - click(findTestObject("Object Repository/ANEF_Eloignement_V_Nawres/Page_Prendre_Mesure_Formulaire/btn_radio_Nature_Acte_AME_Expulsion"), STOP_ON_FAILURE): Object: 'Object Repository/ANEF_Eloignement_V_Nawres/Page_Prendre_Mesure_Formulaire/btn_radio_Nature_Acte_AME_Expulsion' is clicked on

14-02-2025T09:35:28 - [MESSAGE][INFO] - Finding Test Object 'Object Repository/ANEF_Eloignement_V_Nawres/Page_Prendre_Mesure_Formulaire/btn_radio_Nature_Acte_AME_Expulsion'

14-02-2025T09:35:28 - [MESSAGE][INFO] - Checking timeout

14-02-2025T09:35:28 - [MESSAGE][INFO] - Finding web element with id: 'Object Repository/ANEF_Eloignement_V_Nawres/Page_Prendre_Mesure_Formulaire/btn_radio_Nature_Acte_AME_Expulsion' located by 'By.xpath: //*[@id="ACCORDEON_FONDEMENT_LEGAL"]/form//app-dsfr-radio/div//label[contains(text(),"AME")]' in '20' second(s)

14-02-2025T09:35:28 - [MESSAGE][INFO] - Found 1 web elements with id: 'Object Repository/ANEF_Eloignement_V_Nawres/Page_Prendre_Mesure_Formulaire/btn_radio_Nature_Acte_AME_Expulsion' located by 'By.xpath: //*[@id="ACCORDEON_FONDEMENT_LEGAL"]/form//app-dsfr-radio/div//label[contains(text(),"AME")]' in '20' second(s)

14-02-2025T09:35:28 - [MESSAGE][INFO] - Checking object

14-02-2025T09:35:28 - [MESSAGE][INFO] - Checking timeout

14-02-2025T09:35:28 - [MESSAGE][INFO] - Finding web element from Test Object's properties

14-02-2025T09:35:28 - [MESSAGE][INFO] - Checking timeout

14-02-2025T09:35:28 - [MESSAGE][INFO] - Finding web element with id: 'Object Repository/ANEF_Eloignement_V_Nawres/Page_Prendre_Mesure_Formulaire/btn_radio_Nature_Acte_AME_Expulsion' located by 'By.xpath: //*[@id="ACCORDEON_FONDEMENT_LEGAL"]/form//app-dsfr-radio/div//label[contains(text(),"AME")]' in '100' second(s)

14-02-2025T09:35:28 - [MESSAGE][INFO] - Found 1 web elements with id: 'Object Repository/ANEF_Eloignement_V_Nawres/Page_Prendre_Mesure_Formulaire/btn_radio_Nature_Acte_AME_Expulsion' located by 'By.xpath: //*[@id="ACCORDEON_FONDEMENT_LEGAL"]/form//app-dsfr-radio/div//label[contains(text(),"AME")]' in '100' second(s)

14-02-2025T09:35:28 - [MESSAGE][INFO] - Clicking on object: 'Object Repository/ANEF_Eloignement_V_Nawres/Page_Prendre_Mesure_Formulaire/btn_radio_Nature_Acte_AME_Expulsion'

14-02-2025T09:35:29 - [MESSAGE][PASSED] - Object: 'Object Repository/ANEF_Eloignement_V_Nawres/Page_Prendre_Mesure_Formulaire/btn_radio_Nature_Acte_AME_Expulsion' is clicked on

14-02-2025T09:35:29 - [TEST_STEP][PASSED] - Autorite_Decisionnaire = getText(findTestObject("Object Repository/ANEF_Eloignement_V_Nawres/Page_Prendre_Mesure_Formulaire/p_AutoritÃ©_Decisionnaire"), STOP_ON_FAILURE): Text of object 'Object Repository/ANEF_Eloignement_V_Nawres/Page_Prendre_Mesure_Formulaire/p_AutoritÃ©_Decisionnaire' is: 'Ministre de lâ€™IntÃ©rieur'

14-02-2025T09:35:29 - [MESSAGE][INFO] - Finding Test Object 'Object Repository/ANEF_Eloignement_V_Nawres/Page_Prendre_Mesure_Formulaire/p_AutoritÃ©_Decisionnaire'

14-02-2025T09:35:29 - [MESSAGE][INFO] - Checking object

14-02-2025T09:35:29 - [MESSAGE][INFO] - Finding web element from Test Object's properties

14-02-2025T09:35:29 - [MESSAGE][INFO] - Checking timeout

14-02-2025T09:35:29 - [MESSAGE][INFO] - Finding web element with id: 'Object Repository/ANEF_Eloignement_V_Nawres/Page_Prendre_Mesure_Formulaire/p_AutoritÃ©_Decisionnaire' located by 'By.xpath: //*[@id="ACCORDEON_FONDEMENT_LEGAL"]/form/div/div[1]/div[3]/p' in '100' second(s)

14-02-2025T09:35:29 - [MESSAGE][INFO] - Found 1 web elements with id: 'Object Repository/ANEF_Eloignement_V_Nawres/Page_Prendre_Mesure_Formulaire/p_AutoritÃ©_Decisionnaire' located by 'By.xpath: //*[@id="ACCORDEON_FONDEMENT_LEGAL"]/form/div/div[1]/div[3]/p' in '100' second(s)

14-02-2025T09:35:29 - [MESSAGE][INFO] - Getting text of object 'Object Repository/ANEF_Eloignement_V_Nawres/Page_Prendre_Mesure_Formulaire/p_AutoritÃ©_Decisionnaire'

14-02-2025T09:35:29 - [MESSAGE][PASSED] - Text of object 'Object Repository/ANEF_Eloignement_V_Nawres/Page_Prendre_Mesure_Formulaire/p_AutoritÃ©_Decisionnaire' is: 'Ministre de lâ€™IntÃ©rieur'

14-02-2025T09:35:29 - [TEST_STEP][PASSED] - verifyElementText(findTestObject("Object Repository/ANEF_Eloignement_V_Nawres/Page_Prendre_Mesure_Formulaire/p_AutoritÃ©_Decisionnaire"), "Ministre de lâ€™IntÃ©rieur", STOP_ON_FAILURE): Actual text and expected text of test object 'Object Repository/ANEF_Eloignement_V_Nawres/Page_Prendre_Mesure_Formulaire/p_AutoritÃ©_Decisionnaire' are matched.

14-02-2025T09:35:29 - [MESSAGE][INFO] - Finding Test Object 'Object Repository/ANEF_Eloignement_V_Nawres/Page_Prendre_Mesure_Formulaire/p_AutoritÃ©_Decisionnaire'

14-02-2025T09:35:29 - [MESSAGE][INFO] - Checking object

14-02-2025T09:35:29 - [MESSAGE][INFO] - Finding web element from Test Object's properties

14-02-2025T09:35:29 - [MESSAGE][INFO] - Checking timeout

14-02-2025T09:35:29 - [MESSAGE][INFO] - Finding web element with id: 'Object Repository/ANEF_Eloignement_V_Nawres/Page_Prendre_Mesure_Formulaire/p_AutoritÃ©_Decisionnaire' located by 'By.xpath: //*[@id="ACCORDEON_FONDEMENT_LEGAL"]/form/div/div[1]/div[3]/p' in '100' second(s)

14-02-2025T09:35:29 - [MESSAGE][INFO] - Found 1 web elements with id: 'Object Repository/ANEF_Eloignement_V_Nawres/Page_Prendre_Mesure_Formulaire/p_AutoritÃ©_Decisionnaire' located by 'By.xpath: //*[@id="ACCORDEON_FONDEMENT_LEGAL"]/form/div/div[1]/div[3]/p' in '100' second(s)

14-02-2025T09:35:29 - [MESSAGE][PASSED] - Actual text and expected text of test object 'Object Repository/ANEF_Eloignement_V_Nawres/Page_Prendre_Mesure_Formulaire/p_AutoritÃ©_Decisionnaire' are matched.

14-02-2025T09:35:29 - [TEST_STEP][PASSED] - if (NatureDeLacteExpulsion == "APE"): null

14-02-2025T09:35:29 - [TEST_STEP][PASSED] - if (UrgenceAbsolueExpulsion == "Non"): Object 'Object Repository/ANEF_Eloignement_V_Nawres/Page_Prendre_Mesure_Formulaire/select_Auteur_Decision' is clickable

14-02-2025T09:35:29 - [TEST_STEP][PASSED] - click(findTestObject("Object Repository/ANEF_Eloignement_V_Nawres/Page_Prendre_Mesure_Formulaire/btn_radio_Urgence_Absolue_Non"), STOP_ON_FAILURE): Object: 'Object Repository/ANEF_Eloignement_V_Nawres/Page_Prendre_Mesure_Formulaire/btn_radio_Urgence_Absolue_Non' is clicked on

14-02-2025T09:35:29 - [MESSAGE][INFO] - Finding Test Object 'Object Repository/ANEF_Eloignement_V_Nawres/Page_Prendre_Mesure_Formulaire/btn_radio_Urgence_Absolue_Non'

14-02-2025T09:35:29 - [MESSAGE][INFO] - Checking timeout

14-02-2025T09:35:29 - [MESSAGE][INFO] - Finding web element with id: 'Object Repository/ANEF_Eloignement_V_Nawres/Page_Prendre_Mesure_Formulaire/btn_radio_Urgence_Absolue_Non' located by 'By.xpath: //*[@id="urgence-radio-btn"]/div/fieldset//label[contains(text(),"Non")]' in '20' second(s)

14-02-2025T09:35:29 - [MESSAGE][INFO] - Found 1 web elements with id: 'Object Repository/ANEF_Eloignement_V_Nawres/Page_Prendre_Mesure_Formulaire/btn_radio_Urgence_Absolue_Non' located by 'By.xpath: //*[@id="urgence-radio-btn"]/div/fieldset//label[contains(text(),"Non")]' in '20' second(s)

14-02-2025T09:35:29 - [MESSAGE][INFO] - Checking object

14-02-2025T09:35:29 - [MESSAGE][INFO] - Checking timeout

14-02-2025T09:35:29 - [MESSAGE][INFO] - Finding web element from Test Object's properties

14-02-2025T09:35:29 - [MESSAGE][INFO] - Checking timeout

14-02-2025T09:35:29 - [MESSAGE][INFO] - Finding web element with id: 'Object Repository/ANEF_Eloignement_V_Nawres/Page_Prendre_Mesure_Formulaire/btn_radio_Urgence_Absolue_Non' located by 'By.xpath: //*[@id="urgence-radio-btn"]/div/fieldset//label[contains(text(),"Non")]' in '100' second(s)

14-02-2025T09:35:29 - [MESSAGE][INFO] - Found 1 web elements with id: 'Object Repository/ANEF_Eloignement_V_Nawres/Page_Prendre_Mesure_Formulaire/btn_radio_Urgence_Absolue_Non' located by 'By.xpath: //*[@id="urgence-radio-btn"]/div/fieldset//label[contains(text(),"Non")]' in '100' second(s)

14-02-2025T09:35:29 - [MESSAGE][INFO] - Clicking on object: 'Object Repository/ANEF_Eloignement_V_Nawres/Page_Prendre_Mesure_Formulaire/btn_radio_Urgence_Absolue_Non'

14-02-2025T09:35:31 - [MESSAGE][PASSED] - Object: 'Object Repository/ANEF_Eloignement_V_Nawres/Page_Prendre_Mesure_Formulaire/btn_radio_Urgence_Absolue_Non' is clicked on

14-02-2025T09:35:31 - [TEST_STEP][PASSED] - setText(findTestObject("Object Repository/ANEF_Eloignement_V_Nawres/Page_Prendre_Mesure_Formulaire/input_Date_Notification_Comex"), "22/06/2024", STOP_ON_FAILURE): Text '22/06/2024' is set on object 'Object Repository/ANEF_Eloignement_V_Nawres/Page_Prendre_Mesure_Formulaire/input_Date_Notification_Comex'

14-02-2025T09:35:31 - [MESSAGE][INFO] - Finding Test Object 'Object Repository/ANEF_Eloignement_V_Nawres/Page_Prendre_Mesure_Formulaire/input_Date_Notification_Comex'

14-02-2025T09:35:31 - [MESSAGE][INFO] - Checking timeout

14-02-2025T09:35:31 - [MESSAGE][INFO] - Finding web element with id: 'Object Repository/ANEF_Eloignement_V_Nawres/Page_Prendre_Mesure_Formulaire/input_Date_Notification_Comex' located by 'By.xpath: //input[@id="date_notification_bulletin_special"]' in '20' second(s)

14-02-2025T09:35:31 - [MESSAGE][INFO] - Found 1 web elements with id: 'Object Repository/ANEF_Eloignement_V_Nawres/Page_Prendre_Mesure_Formulaire/input_Date_Notification_Comex' located by 'By.xpath: //input[@id="date_notification_bulletin_special"]' in '20' second(s)

14-02-2025T09:35:31 - [MESSAGE][INFO] - Checking object

14-02-2025T09:35:31 - [MESSAGE][INFO] - Checking text

14-02-2025T09:35:31 - [MESSAGE][INFO] - Finding web element from Test Object's properties

14-02-2025T09:35:31 - [MESSAGE][INFO] - Checking timeout

14-02-2025T09:35:31 - [MESSAGE][INFO] - Finding web element with id: 'Object Repository/ANEF_Eloignement_V_Nawres/Page_Prendre_Mesure_Formulaire/input_Date_Notification_Comex' located by 'By.xpath: //input[@id="date_notification_bulletin_special"]' in '100' second(s)

14-02-2025T09:35:31 - [MESSAGE][INFO] - Found 1 web elements with id: 'Object Repository/ANEF_Eloignement_V_Nawres/Page_Prendre_Mesure_Formulaire/input_Date_Notification_Comex' located by 'By.xpath: //input[@id="date_notification_bulletin_special"]' in '100' second(s)

14-02-2025T09:35:31 - [MESSAGE][INFO] - Clearing text of object 'Object Repository/ANEF_Eloignement_V_Nawres/Page_Prendre_Mesure_Formulaire/input_Date_Notification_Comex'

14-02-2025T09:35:32 - [MESSAGE][INFO] - Finding web element from Test Object's properties

14-02-2025T09:35:32 - [MESSAGE][INFO] - Checking timeout

14-02-2025T09:35:32 - [MESSAGE][INFO] - Finding web element with id: 'Object Repository/ANEF_Eloignement_V_Nawres/Page_Prendre_Mesure_Formulaire/input_Date_Notification_Comex' located by 'By.xpath: //input[@id="date_notification_bulletin_special"]' in '100' second(s)

14-02-2025T09:35:32 - [MESSAGE][INFO] - Found 1 web elements with id: 'Object Repository/ANEF_Eloignement_V_Nawres/Page_Prendre_Mesure_Formulaire/input_Date_Notification_Comex' located by 'By.xpath: //input[@id="date_notification_bulletin_special"]' in '100' second(s)

14-02-2025T09:35:32 - [MESSAGE][INFO] - Setting text of object 'Object Repository/ANEF_Eloignement_V_Nawres/Page_Prendre_Mesure_Formulaire/input_Date_Notification_Comex' to value '22/06/2024'

14-02-2025T09:35:33 - [MESSAGE][PASSED] - Text '22/06/2024' is set on object 'Object Repository/ANEF_Eloignement_V_Nawres/Page_Prendre_Mesure_Formulaire/input_Date_Notification_Comex'

14-02-2025T09:35:33 - [TEST_STEP][PASSED] - setText(findTestObject("Object Repository/ANEF_Eloignement_V_Nawres/Page_Prendre_Mesure_Formulaire/input_Date_Comex"), "22/06/2024", STOP_ON_FAILURE): Text '22/06/2024' is set on object 'Object Repository/ANEF_Eloignement_V_Nawres/Page_Prendre_Mesure_Formulaire/input_Date_Comex'

14-02-2025T09:35:33 - [MESSAGE][INFO] - Finding Test Object 'Object Repository/ANEF_Eloignement_V_Nawres/Page_Prendre_Mesure_Formulaire/input_Date_Comex'

14-02-2025T09:35:33 - [MESSAGE][INFO] - Checking timeout

14-02-2025T09:35:33 - [MESSAGE][INFO] - Finding web element with id: 'Object Repository/ANEF_Eloignement_V_Nawres/Page_Prendre_Mesure_Formulaire/input_Date_Comex' located by 'By.xpath: //input[@id="date_comex"]' in '20' second(s)

14-02-2025T09:35:33 - [MESSAGE][INFO] - Found 1 web elements with id: 'Object Repository/ANEF_Eloignement_V_Nawres/Page_Prendre_Mesure_Formulaire/input_Date_Comex' located by 'By.xpath: //input[@id="date_comex"]' in '20' second(s)

14-02-2025T09:35:33 - [MESSAGE][INFO] - Checking object

14-02-2025T09:35:33 - [MESSAGE][INFO] - Checking text

14-02-2025T09:35:33 - [MESSAGE][INFO] - Finding web element from Test Object's properties

14-02-2025T09:35:33 - [MESSAGE][INFO] - Checking timeout

14-02-2025T09:35:33 - [MESSAGE][INFO] - Finding web element with id: 'Object Repository/ANEF_Eloignement_V_Nawres/Page_Prendre_Mesure_Formulaire/input_Date_Comex' located by 'By.xpath: //input[@id="date_comex"]' in '100' second(s)

14-02-2025T09:35:33 - [MESSAGE][INFO] - Found 1 web elements with id: 'Object Repository/ANEF_Eloignement_V_Nawres/Page_Prendre_Mesure_Formulaire/input_Date_Comex' located by 'By.xpath: //input[@id="date_comex"]' in '100' second(s)

14-02-2025T09:35:33 - [MESSAGE][INFO] - Clearing text of object 'Object Repository/ANEF_Eloignement_V_Nawres/Page_Prendre_Mesure_Formulaire/input_Date_Comex'

14-02-2025T09:35:34 - [MESSAGE][INFO] - Finding web element from Test Object's properties

14-02-2025T09:35:34 - [MESSAGE][INFO] - Checking timeout

14-02-2025T09:35:34 - [MESSAGE][INFO] - Finding web element with id: 'Object Repository/ANEF_Eloignement_V_Nawres/Page_Prendre_Mesure_Formulaire/input_Date_Comex' located by 'By.xpath: //input[@id="date_comex"]' in '100' second(s)

14-02-2025T09:35:34 - [MESSAGE][INFO] - Found 1 web elements with id: 'Object Repository/ANEF_Eloignement_V_Nawres/Page_Prendre_Mesure_Formulaire/input_Date_Comex' located by 'By.xpath: //input[@id="date_comex"]' in '100' second(s)

14-02-2025T09:35:34 - [MESSAGE][INFO] - Setting text of object 'Object Repository/ANEF_Eloignement_V_Nawres/Page_Prendre_Mesure_Formulaire/input_Date_Comex' to value '22/06/2024'

14-02-2025T09:35:35 - [MESSAGE][PASSED] - Text '22/06/2024' is set on object 'Object Repository/ANEF_Eloignement_V_Nawres/Page_Prendre_Mesure_Formulaire/input_Date_Comex'

14-02-2025T09:35:35 - [TEST_STEP][PASSED] - click(findTestObject("Object Repository/ANEF_Eloignement_V_Nawres/Page_Prendre_Mesure_Formulaire/btn_radio_Avis_Comex_Favorable"), STOP_ON_FAILURE): Object: 'Object Repository/ANEF_Eloignement_V_Nawres/Page_Prendre_Mesure_Formulaire/btn_radio_Avis_Comex_Favorable' is clicked on

14-02-2025T09:35:35 - [MESSAGE][INFO] - Finding Test Object 'Object Repository/ANEF_Eloignement_V_Nawres/Page_Prendre_Mesure_Formulaire/btn_radio_Avis_Comex_Favorable'

14-02-2025T09:35:35 - [MESSAGE][INFO] - Checking timeout

14-02-2025T09:35:35 - [MESSAGE][INFO] - Finding web element with id: 'Object Repository/ANEF_Eloignement_V_Nawres/Page_Prendre_Mesure_Formulaire/btn_radio_Avis_Comex_Favorable' located by 'By.xpath: //*[@id="ACCORDEON_COMEX"]/form//app-dsfr-radio[2]/div/fieldset//label[contains(text(),'Favorable')]' in '20' second(s)

14-02-2025T09:35:35 - [MESSAGE][INFO] - Found 1 web elements with id: 'Object Repository/ANEF_Eloignement_V_Nawres/Page_Prendre_Mesure_Formulaire/btn_radio_Avis_Comex_Favorable' located by 'By.xpath: //*[@id="ACCORDEON_COMEX"]/form//app-dsfr-radio[2]/div/fieldset//label[contains(text(),'Favorable')]' in '20' second(s)

14-02-2025T09:35:35 - [MESSAGE][INFO] - Checking object

14-02-2025T09:35:35 - [MESSAGE][INFO] - Checking timeout

14-02-2025T09:35:35 - [MESSAGE][INFO] - Finding web element from Test Object's properties

14-02-2025T09:35:35 - [MESSAGE][INFO] - Checking timeout

14-02-2025T09:35:35 - [MESSAGE][INFO] - Finding web element with id: 'Object Repository/ANEF_Eloignement_V_Nawres/Page_Prendre_Mesure_Formulaire/btn_radio_Avis_Comex_Favorable' located by 'By.xpath: //*[@id="ACCORDEON_COMEX"]/form//app-dsfr-radio[2]/div/fieldset//label[contains(text(),'Favorable')]' in '100' second(s)

14-02-2025T09:35:35 - [MESSAGE][INFO] - Found 1 web elements with id: 'Object Repository/ANEF_Eloignement_V_Nawres/Page_Prendre_Mesure_Formulaire/btn_radio_Avis_Comex_Favorable' located by 'By.xpath: //*[@id="ACCORDEON_COMEX"]/form//app-dsfr-radio[2]/div/fieldset//label[contains(text(),'Favorable')]' in '100' second(s)

14-02-2025T09:35:35 - [MESSAGE][INFO] - Clicking on object: 'Object Repository/ANEF_Eloignement_V_Nawres/Page_Prendre_Mesure_Formulaire/btn_radio_Avis_Comex_Favorable'

14-02-2025T09:35:37 - [MESSAGE][PASSED] - Object: 'Object Repository/ANEF_Eloignement_V_Nawres/Page_Prendre_Mesure_Formulaire/btn_radio_Avis_Comex_Favorable' is clicked on

14-02-2025T09:35:37 - [TEST_STEP][PASSED] - setText(findTestObject("Object Repository/ANEF_Eloignement_V_Nawres/Page_Prendre_Mesure_Formulaire/input_Date_Avis_Comex"), "22/06/2024", STOP_ON_FAILURE): Text '22/06/2024' is set on object 'Object Repository/ANEF_Eloignement_V_Nawres/Page_Prendre_Mesure_Formulaire/input_Date_Avis_Comex'

14-02-2025T09:35:37 - [MESSAGE][INFO] - Finding Test Object 'Object Repository/ANEF_Eloignement_V_Nawres/Page_Prendre_Mesure_Formulaire/input_Date_Avis_Comex'

14-02-2025T09:35:37 - [MESSAGE][INFO] - Checking timeout

14-02-2025T09:35:37 - [MESSAGE][INFO] - Finding web element with id: 'Object Repository/ANEF_Eloignement_V_Nawres/Page_Prendre_Mesure_Formulaire/input_Date_Avis_Comex' located by 'By.xpath: //input[@id="date_avis"]' in '20' second(s)

14-02-2025T09:35:37 - [MESSAGE][INFO] - Found 1 web elements with id: 'Object Repository/ANEF_Eloignement_V_Nawres/Page_Prendre_Mesure_Formulaire/input_Date_Avis_Comex' located by 'By.xpath: //input[@id="date_avis"]' in '20' second(s)

14-02-2025T09:35:37 - [MESSAGE][INFO] - Checking object

14-02-2025T09:35:37 - [MESSAGE][INFO] - Checking text

14-02-2025T09:35:37 - [MESSAGE][INFO] - Finding web element from Test Object's properties

14-02-2025T09:35:37 - [MESSAGE][INFO] - Checking timeout

14-02-2025T09:35:37 - [MESSAGE][INFO] - Finding web element with id: 'Object Repository/ANEF_Eloignement_V_Nawres/Page_Prendre_Mesure_Formulaire/input_Date_Avis_Comex' located by 'By.xpath: //input[@id="date_avis"]' in '100' second(s)

14-02-2025T09:35:37 - [MESSAGE][INFO] - Found 1 web elements with id: 'Object Repository/ANEF_Eloignement_V_Nawres/Page_Prendre_Mesure_Formulaire/input_Date_Avis_Comex' located by 'By.xpath: //input[@id="date_avis"]' in '100' second(s)

14-02-2025T09:35:37 - [MESSAGE][INFO] - Clearing text of object 'Object Repository/ANEF_Eloignement_V_Nawres/Page_Prendre_Mesure_Formulaire/input_Date_Avis_Comex'

14-02-2025T09:35:38 - [MESSAGE][INFO] - Finding web element from Test Object's properties

14-02-2025T09:35:38 - [MESSAGE][INFO] - Checking timeout

14-02-2025T09:35:38 - [MESSAGE][INFO] - Finding web element with id: 'Object Repository/ANEF_Eloignement_V_Nawres/Page_Prendre_Mesure_Formulaire/input_Date_Avis_Comex' located by 'By.xpath: //input[@id="date_avis"]' in '100' second(s)

14-02-2025T09:35:38 - [MESSAGE][INFO] - Found 1 web elements with id: 'Object Repository/ANEF_Eloignement_V_Nawres/Page_Prendre_Mesure_Formulaire/input_Date_Avis_Comex' located by 'By.xpath: //input[@id="date_avis"]' in '100' second(s)

14-02-2025T09:35:38 - [MESSAGE][INFO] - Setting text of object 'Object Repository/ANEF_Eloignement_V_Nawres/Page_Prendre_Mesure_Formulaire/input_Date_Avis_Comex' to value '22/06/2024'

14-02-2025T09:35:39 - [MESSAGE][PASSED] - Text '22/06/2024' is set on object 'Object Repository/ANEF_Eloignement_V_Nawres/Page_Prendre_Mesure_Formulaire/input_Date_Avis_Comex'

14-02-2025T09:35:39 - [TEST_STEP][PASSED] - click(findTestObject("Object Repository/ANEF_Eloignement_V_Nawres/Page_Prendre_Mesure_Formulaire/btn_radio_Poursuite_Procedure_Expulsion_Non"), STOP_ON_FAILURE): Object: 'Object Repository/ANEF_Eloignement_V_Nawres/Page_Prendre_Mesure_Formulaire/btn_radio_Poursuite_Procedure_Expulsion_Non' is clicked on

14-02-2025T09:35:39 - [MESSAGE][INFO] - Finding Test Object 'Object Repository/ANEF_Eloignement_V_Nawres/Page_Prendre_Mesure_Formulaire/btn_radio_Poursuite_Procedure_Expulsion_Non'

14-02-2025T09:35:39 - [MESSAGE][INFO] - Checking timeout

14-02-2025T09:35:39 - [MESSAGE][INFO] - Finding web element with id: 'Object Repository/ANEF_Eloignement_V_Nawres/Page_Prendre_Mesure_Formulaire/btn_radio_Poursuite_Procedure_Expulsion_Non' located by 'By.xpath: //*[@id="radio-poursuite-procedure-expulsion-comex"]/div/fieldset//label[contains(text(),'Non')]' in '20' second(s)

14-02-2025T09:35:39 - [MESSAGE][INFO] - Found 1 web elements with id: 'Object Repository/ANEF_Eloignement_V_Nawres/Page_Prendre_Mesure_Formulaire/btn_radio_Poursuite_Procedure_Expulsion_Non' located by 'By.xpath: //*[@id="radio-poursuite-procedure-expulsion-comex"]/div/fieldset//label[contains(text(),'Non')]' in '20' second(s)

14-02-2025T09:35:39 - [MESSAGE][INFO] - Checking object

14-02-2025T09:35:39 - [MESSAGE][INFO] - Checking timeout

14-02-2025T09:35:39 - [MESSAGE][INFO] - Finding web element from Test Object's properties

14-02-2025T09:35:39 - [MESSAGE][INFO] - Checking timeout

14-02-2025T09:35:39 - [MESSAGE][INFO] - Finding web element with id: 'Object Repository/ANEF_Eloignement_V_Nawres/Page_Prendre_Mesure_Formulaire/btn_radio_Poursuite_Procedure_Expulsion_Non' located by 'By.xpath: //*[@id="radio-poursuite-procedure-expulsion-comex"]/div/fieldset//label[contains(text(),'Non')]' in '100' second(s)

14-02-2025T09:35:39 - [MESSAGE][INFO] - Found 1 web elements with id: 'Object Repository/ANEF_Eloignement_V_Nawres/Page_Prendre_Mesure_Formulaire/btn_radio_Poursuite_Procedure_Expulsion_Non' located by 'By.xpath: //*[@id="radio-poursuite-procedure-expulsion-comex"]/div/fieldset//label[contains(text(),'Non')]' in '100' second(s)

14-02-2025T09:35:39 - [MESSAGE][INFO] - Clicking on object: 'Object Repository/ANEF_Eloignement_V_Nawres/Page_Prendre_Mesure_Formulaire/btn_radio_Poursuite_Procedure_Expulsion_Non'

14-02-2025T09:35:40 - [MESSAGE][PASSED] - Object: 'Object Repository/ANEF_Eloignement_V_Nawres/Page_Prendre_Mesure_Formulaire/btn_radio_Poursuite_Procedure_Expulsion_Non' is clicked on

14-02-2025T09:35:40 - [TEST_STEP][PASSED] - delay(5): Delayed 5 second(s)

14-02-2025T09:35:40 - [MESSAGE][INFO] - Delaying browser in 5 second(s)

14-02-2025T09:35:45 - [MESSAGE][PASSED] - Delayed 5 second(s)

14-02-2025T09:35:45 - [TEST_STEP][PASSED] - verifyElementNotClickable(findTestObject("Object Repository/ANEF_Eloignement_V_Nawres/Page_Prendre_Mesure_Formulaire/select_Pays_De_Renvoi")): Object 'Object Repository/ANEF_Eloignement_V_Nawres/Page_Prendre_Mesure_Formulaire/select_Pays_De_Renvoi' is NOT clickable

14-02-2025T09:35:45 - [MESSAGE][INFO] - Finding Test Object 'Object Repository/ANEF_Eloignement_V_Nawres/Page_Prendre_Mesure_Formulaire/select_Pays_De_Renvoi'

14-02-2025T09:35:45 - [MESSAGE][INFO] - Checking object

14-02-2025T09:35:45 - [MESSAGE][INFO] - Finding web element from Test Object's properties

14-02-2025T09:35:45 - [MESSAGE][INFO] - Checking timeout

14-02-2025T09:35:45 - [MESSAGE][INFO] - Finding web element with id: 'Object Repository/ANEF_Eloignement_V_Nawres/Page_Prendre_Mesure_Formulaire/select_Pays_De_Renvoi' located by 'By.xpath: //select[@name="pays"]' in '100' second(s)

14-02-2025T09:35:45 - [MESSAGE][INFO] - Found 1 web elements with id: 'Object Repository/ANEF_Eloignement_V_Nawres/Page_Prendre_Mesure_Formulaire/select_Pays_De_Renvoi' located by 'By.xpath: //select[@name="pays"]' in '100' second(s)

14-02-2025T09:35:45 - [MESSAGE][PASSED] - Object 'Object Repository/ANEF_Eloignement_V_Nawres/Page_Prendre_Mesure_Formulaire/select_Pays_De_Renvoi' is NOT clickable

14-02-2025T09:35:45 - [TEST_STEP][PASSED] - verifyElementNotClickable(findTestObject("Object Repository/ANEF_Eloignement_V_Nawres/Page_Prendre_Mesure_Formulaire/select_Auteur_Decision")): Object 'Object Repository/ANEF_Eloignement_V_Nawres/Page_Prendre_Mesure_Formulaire/select_Auteur_Decision' is NOT clickable

14-02-2025T09:35:45 - [MESSAGE][INFO] - Finding Test Object 'Object Repository/ANEF_Eloignement_V_Nawres/Page_Prendre_Mesure_Formulaire/select_Auteur_Decision'

14-02-2025T09:35:45 - [MESSAGE][INFO] - Checking object

14-02-2025T09:35:45 - [MESSAGE][INFO] - Finding web element from Test Object's properties

14-02-2025T09:35:45 - [MESSAGE][INFO] - Checking timeout

14-02-2025T09:35:45 - [MESSAGE][INFO] - Finding web element with id: 'Object Repository/ANEF_Eloignement_V_Nawres/Page_Prendre_Mesure_Formulaire/select_Auteur_Decision' located by 'By.xpath: //select[@name="site_gestionnaire"]' in '100' second(s)

14-02-2025T09:35:45 - [MESSAGE][INFO] - Found 1 web elements with id: 'Object Repository/ANEF_Eloignement_V_Nawres/Page_Prendre_Mesure_Formulaire/select_Auteur_Decision' located by 'By.xpath: //select[@name="site_gestionnaire"]' in '100' second(s)

14-02-2025T09:35:45 - [MESSAGE][PASSED] - Object 'Object Repository/ANEF_Eloignement_V_Nawres/Page_Prendre_Mesure_Formulaire/select_Auteur_Decision' is NOT clickable

14-02-2025T09:35:45 - [TEST_STEP][PASSED] - verifyElementNotClickable(findTestObject("Object Repository/ANEF_Eloignement_V_Nawres/Page_Prendre_Mesure/btn_Ajouter_Mesure_Execution")): Object 'Object Repository/ANEF_Eloignement_V_Nawres/Page_Prendre_Mesure/btn_Ajouter_Mesure_Execution' is NOT clickable

14-02-2025T09:35:45 - [MESSAGE][INFO] - Finding Test Object 'Object Repository/ANEF_Eloignement_V_Nawres/Page_Prendre_Mesure/btn_Ajouter_Mesure_Execution'

14-02-2025T09:35:45 - [MESSAGE][INFO] - Checking object

14-02-2025T09:35:45 - [MESSAGE][INFO] - Finding web element from Test Object's properties

14-02-2025T09:35:45 - [MESSAGE][INFO] - Checking timeout

14-02-2025T09:35:45 - [MESSAGE][INFO] - Finding web element with id: 'Object Repository/ANEF_Eloignement_V_Nawres/Page_Prendre_Mesure/btn_Ajouter_Mesure_Execution' located by 'By.xpath: //button[@id="add-mesure-exec-btn"]' in '100' second(s)

14-02-2025T09:35:45 - [MESSAGE][INFO] - Found 1 web elements with id: 'Object Repository/ANEF_Eloignement_V_Nawres/Page_Prendre_Mesure/btn_Ajouter_Mesure_Execution' located by 'By.xpath: //button[@id="add-mesure-exec-btn"]' in '100' second(s)

14-02-2025T09:35:45 - [MESSAGE][PASSED] - Object 'Object Repository/ANEF_Eloignement_V_Nawres/Page_Prendre_Mesure/btn_Ajouter_Mesure_Execution' is NOT clickable

14-02-2025T09:35:45 - [TEST_STEP][PASSED] - click(findTestObject("Object Repository/ANEF_Eloignement_V_Nawres/Page_Prendre_Mesure_Formulaire/btn_radio_Poursuite_Procedure_Expulsion_Oui"), STOP_ON_FAILURE): Object: 'Object Repository/ANEF_Eloignement_V_Nawres/Page_Prendre_Mesure_Formulaire/btn_radio_Poursuite_Procedure_Expulsion_Oui' is clicked on

14-02-2025T09:35:45 - [MESSAGE][INFO] - Finding Test Object 'Object Repository/ANEF_Eloignement_V_Nawres/Page_Prendre_Mesure_Formulaire/btn_radio_Poursuite_Procedure_Expulsion_Oui'

14-02-2025T09:35:45 - [MESSAGE][INFO] - Checking timeout

14-02-2025T09:35:45 - [MESSAGE][INFO] - Finding web element with id: 'Object Repository/ANEF_Eloignement_V_Nawres/Page_Prendre_Mesure_Formulaire/btn_radio_Poursuite_Procedure_Expulsion_Oui' located by 'By.xpath: //*[@id="radio-poursuite-procedure-expulsion-comex"]/div/fieldset//label[contains(text(),'Oui')]' in '20' second(s)

14-02-2025T09:35:45 - [MESSAGE][INFO] - Found 1 web elements with id: 'Object Repository/ANEF_Eloignement_V_Nawres/Page_Prendre_Mesure_Formulaire/btn_radio_Poursuite_Procedure_Expulsion_Oui' located by 'By.xpath: //*[@id="radio-poursuite-procedure-expulsion-comex"]/div/fieldset//label[contains(text(),'Oui')]' in '20' second(s)

14-02-2025T09:35:45 - [MESSAGE][INFO] - Checking object

14-02-2025T09:35:45 - [MESSAGE][INFO] - Checking timeout

14-02-2025T09:35:45 - [MESSAGE][INFO] - Finding web element from Test Object's properties

14-02-2025T09:35:45 - [MESSAGE][INFO] - Checking timeout

14-02-2025T09:35:45 - [MESSAGE][INFO] - Finding web element with id: 'Object Repository/ANEF_Eloignement_V_Nawres/Page_Prendre_Mesure_Formulaire/btn_radio_Poursuite_Procedure_Expulsion_Oui' located by 'By.xpath: //*[@id="radio-poursuite-procedure-expulsion-comex"]/div/fieldset//label[contains(text(),'Oui')]' in '100' second(s)

14-02-2025T09:35:45 - [MESSAGE][INFO] - Found 1 web elements with id: 'Object Repository/ANEF_Eloignement_V_Nawres/Page_Prendre_Mesure_Formulaire/btn_radio_Poursuite_Procedure_Expulsion_Oui' located by 'By.xpath: //*[@id="radio-poursuite-procedure-expulsion-comex"]/div/fieldset//label[contains(text(),'Oui')]' in '100' second(s)

14-02-2025T09:35:45 - [MESSAGE][INFO] - Clicking on object: 'Object Repository/ANEF_Eloignement_V_Nawres/Page_Prendre_Mesure_Formulaire/btn_radio_Poursuite_Procedure_Expulsion_Oui'

14-02-2025T09:35:46 - [MESSAGE][PASSED] - Object: 'Object Repository/ANEF_Eloignement_V_Nawres/Page_Prendre_Mesure_Formulaire/btn_radio_Poursuite_Procedure_Expulsion_Oui' is clicked on

14-02-2025T09:35:46 - [TEST_STEP][PASSED] - delay(5): Delayed 5 second(s)

14-02-2025T09:35:46 - [MESSAGE][INFO] - Delaying browser in 5 second(s)

14-02-2025T09:35:51 - [MESSAGE][PASSED] - Delayed 5 second(s)

14-02-2025T09:35:51 - [TEST_STEP][PASSED] - scrollToElement(findTestObject("Object Repository/ANEF_Eloignement_V_Nawres/Page_Prendre_Mesure_Formulaire/select_Pays_De_Renvoi"), 10): Scroll to object 'Object Repository/ANEF_Eloignement_V_Nawres/Page_Prendre_Mesure_Formulaire/select_Pays_De_Renvoi' successfully

14-02-2025T09:35:51 - [MESSAGE][INFO] - Finding Test Object 'Object Repository/ANEF_Eloignement_V_Nawres/Page_Prendre_Mesure_Formulaire/select_Pays_De_Renvoi'

14-02-2025T09:35:51 - [MESSAGE][INFO] - Checking object

14-02-2025T09:35:51 - [MESSAGE][INFO] - Checking timeout

14-02-2025T09:35:51 - [MESSAGE][INFO] - Finding web element from Test Object's properties

14-02-2025T09:35:51 - [MESSAGE][INFO] - Checking timeout

14-02-2025T09:35:51 - [MESSAGE][INFO] - Finding web element with id: 'Object Repository/ANEF_Eloignement_V_Nawres/Page_Prendre_Mesure_Formulaire/select_Pays_De_Renvoi' located by 'By.xpath: //select[@name="pays"]' in '100' second(s)

14-02-2025T09:35:51 - [MESSAGE][INFO] - Found 1 web elements with id: 'Object Repository/ANEF_Eloignement_V_Nawres/Page_Prendre_Mesure_Formulaire/select_Pays_De_Renvoi' located by 'By.xpath: //select[@name="pays"]' in '100' second(s)

14-02-2025T09:35:51 - [MESSAGE][INFO] - Scrolling to object 'Object Repository/ANEF_Eloignement_V_Nawres/Page_Prendre_Mesure_Formulaire/select_Pays_De_Renvoi'

14-02-2025T09:35:51 - [MESSAGE][PASSED] - Scroll to object 'Object Repository/ANEF_Eloignement_V_Nawres/Page_Prendre_Mesure_Formulaire/select_Pays_De_Renvoi' successfully

14-02-2025T09:35:51 - [TEST_STEP][PASSED] - verifyElementClickable(findTestObject("Object Repository/ANEF_Eloignement_V_Nawres/Page_Prendre_Mesure_Formulaire/select_Pays_De_Renvoi")): Object 'Object Repository/ANEF_Eloignement_V_Nawres/Page_Prendre_Mesure_Formulaire/select_Pays_De_Renvoi' is clickable

14-02-2025T09:35:51 - [MESSAGE][INFO] - Finding Test Object 'Object Repository/ANEF_Eloignement_V_Nawres/Page_Prendre_Mesure_Formulaire/select_Pays_De_Renvoi'

14-02-2025T09:35:52 - [MESSAGE][INFO] - Checking object

14-02-2025T09:35:52 - [MESSAGE][INFO] - Finding web element from Test Object's properties

14-02-2025T09:35:52 - [MESSAGE][INFO] - Checking timeout

14-02-2025T09:35:52 - [MESSAGE][INFO] - Finding web element with id: 'Object Repository/ANEF_Eloignement_V_Nawres/Page_Prendre_Mesure_Formulaire/select_Pays_De_Renvoi' located by 'By.xpath: //select[@name="pays"]' in '100' second(s)

14-02-2025T09:35:52 - [MESSAGE][INFO] - Found 1 web elements with id: 'Object Repository/ANEF_Eloignement_V_Nawres/Page_Prendre_Mesure_Formulaire/select_Pays_De_Renvoi' located by 'By.xpath: //select[@name="pays"]' in '100' second(s)

14-02-2025T09:35:52 - [MESSAGE][PASSED] - Object 'Object Repository/ANEF_Eloignement_V_Nawres/Page_Prendre_Mesure_Formulaire/select_Pays_De_Renvoi' is clickable

14-02-2025T09:35:52 - [TEST_STEP][PASSED] - verifyElementClickable(findTestObject("Object Repository/ANEF_Eloignement_V_Nawres/Page_Prendre_Mesure_Formulaire/select_Auteur_Decision")): Object 'Object Repository/ANEF_Eloignement_V_Nawres/Page_Prendre_Mesure_Formulaire/select_Auteur_Decision' is clickable

14-02-2025T09:35:52 - [MESSAGE][INFO] - Finding Test Object 'Object Repository/ANEF_Eloignement_V_Nawres/Page_Prendre_Mesure_Formulaire/select_Auteur_Decision'

14-02-2025T09:35:52 - [MESSAGE][INFO] - Checking object

14-02-2025T09:35:52 - [MESSAGE][INFO] - Finding web element from Test Object's properties

14-02-2025T09:35:52 - [MESSAGE][INFO] - Checking timeout

14-02-2025T09:35:52 - [MESSAGE][INFO] - Finding web element with id: 'Object Repository/ANEF_Eloignement_V_Nawres/Page_Prendre_Mesure_Formulaire/select_Auteur_Decision' located by 'By.xpath: //select[@name="site_gestionnaire"]' in '100' second(s)

14-02-2025T09:35:52 - [MESSAGE][INFO] - Found 1 web elements with id: 'Object Repository/ANEF_Eloignement_V_Nawres/Page_Prendre_Mesure_Formulaire/select_Auteur_Decision' located by 'By.xpath: //select[@name="site_gestionnaire"]' in '100' second(s)

14-02-2025T09:35:52 - [MESSAGE][PASSED] - Object 'Object Repository/ANEF_Eloignement_V_Nawres/Page_Prendre_Mesure_Formulaire/select_Auteur_Decision' is clickable

14-02-2025T09:35:52 - [TEST_STEP][PASSED] - if (UrgenceAbsolueExpulsion == "Oui"): null

14-02-2025T09:35:52 - [TEST_STEP][PASSED] - NumberUsagerRandom = tools.MyStringTools.getRandomNumber(10, 99): tools.MyStringTools.getRandomNumber is PASSED

14-02-2025T09:35:52 - [MESSAGE][PASSED] - tools.MyStringTools.getRandomNumber is PASSED

14-02-2025T09:35:52 - [TEST_STEP][PASSED] - println(NumberUsagerRandom): null

14-02-2025T09:35:52 - [TEST_STEP][PASSED] - RandomNumber = NumberUsagerRandom.toString(): null

14-02-2025T09:35:52 - [TEST_STEP][PASSED] - if (Mesure == "OQTF"): null

14-02-2025T09:35:52 - [TEST_STEP][PASSED] - if (Mesure == "RemiseSchengen"): null

14-02-2025T09:35:52 - [TEST_STEP][PASSED] - RandomNumber = tools.MyStringTools.getRandomNumber(1, 30): tools.MyStringTools.getRandomNumber is PASSED

14-02-2025T09:35:52 - [MESSAGE][PASSED] - tools.MyStringTools.getRandomNumber is PASSED

14-02-2025T09:35:52 - [TEST_STEP][PASSED] - println(RandomNumber): null

14-02-2025T09:35:52 - [TEST_STEP][PASSED] - RandomNumberSelect = RandomNumber.toString(): null

14-02-2025T09:35:52 - [TEST_STEP][PASSED] - if (Mesure == "TransfertDublin"): null

14-02-2025T09:35:52 - [TEST_STEP][PASSED] - if (Mesure == "ExecutionFicheSIS"): null

14-02-2025T09:35:52 - [TEST_STEP][PASSED] - if (Mesure == "IAT"): null

14-02-2025T09:35:52 - [TEST_STEP][PASSED] - if (Mesure == "ITF"): null

14-02-2025T09:35:52 - [TEST_STEP][PASSED] - click(findTestObject("Object Repository/ANEF_Eloignement_V_Nawres/Page_Prendre_Mesure_Formulaire/btn_Enregistrer"), STOP_ON_FAILURE): Object: 'Object Repository/ANEF_Eloignement_V_Nawres/Page_Prendre_Mesure_Formulaire/btn_Enregistrer' is clicked on

14-02-2025T09:35:52 - [MESSAGE][INFO] - Finding Test Object 'Object Repository/ANEF_Eloignement_V_Nawres/Page_Prendre_Mesure_Formulaire/btn_Enregistrer'

14-02-2025T09:35:52 - [MESSAGE][INFO] - Checking timeout

14-02-2025T09:35:52 - [MESSAGE][INFO] - Finding web element with id: 'Object Repository/ANEF_Eloignement_V_Nawres/Page_Prendre_Mesure_Formulaire/btn_Enregistrer' located by 'By.xpath: //button[contains(text(),"Enregistrer")]' in '20' second(s)

14-02-2025T09:35:52 - [MESSAGE][INFO] - Found 1 web elements with id: 'Object Repository/ANEF_Eloignement_V_Nawres/Page_Prendre_Mesure_Formulaire/btn_Enregistrer' located by 'By.xpath: //button[contains(text(),"Enregistrer")]' in '20' second(s)

14-02-2025T09:35:52 - [MESSAGE][INFO] - Checking object

14-02-2025T09:35:52 - [MESSAGE][INFO] - Checking timeout

14-02-2025T09:35:52 - [MESSAGE][INFO] - Finding web element from Test Object's properties

14-02-2025T09:35:52 - [MESSAGE][INFO] - Checking timeout

14-02-2025T09:35:52 - [MESSAGE][INFO] - Finding web element with id: 'Object Repository/ANEF_Eloignement_V_Nawres/Page_Prendre_Mesure_Formulaire/btn_Enregistrer' located by 'By.xpath: //button[contains(text(),"Enregistrer")]' in '100' second(s)

14-02-2025T09:35:52 - [MESSAGE][INFO] - Found 1 web elements with id: 'Object Repository/ANEF_Eloignement_V_Nawres/Page_Prendre_Mesure_Formulaire/btn_Enregistrer' located by 'By.xpath: //button[contains(text(),"Enregistrer")]' in '100' second(s)

14-02-2025T09:35:52 - [MESSAGE][INFO] - Clicking on object: 'Object Repository/ANEF_Eloignement_V_Nawres/Page_Prendre_Mesure_Formulaire/btn_Enregistrer'

14-02-2025T09:35:53 - [MESSAGE][PASSED] - Object: 'Object Repository/ANEF_Eloignement_V_Nawres/Page_Prendre_Mesure_Formulaire/btn_Enregistrer' is clicked on

14-02-2025T09:35:53 - [MESSAGE][PASSED] - Call Test Case 'Test Cases/Test Reutilisable/Main/ANEF_Eloignement_V_Nawres/ANEF_Prendre_Mesure_Formulaire' successfully

14-02-2025T09:35:53 - [MESSAGE][PASSED] - Call Test Case 'Test Cases/Test Reutilisable/Main/ANEF_Eloignement_V_Nawres/ANEF_Prendre_Mesure' successfully

14-02-2025T09:35:53 - [TEST_STEP][PASSED] - callTestCase(findTestCase("Test Cases/Test Reutilisable/Main/ANEF_Eloignement_V_Nawres/ANEF_Ajouter_Decision"), ["ModeNotification":ModeNotification], STOP_ON_FAILURE): Call Test Case 'Test Cases/Test Reutilisable/Main/ANEF_Eloignement_V_Nawres/ANEF_Ajouter_Decision' successfully

14-02-2025T09:35:53 - [MESSAGE][INFO] - Checking called Test Case

14-02-2025T09:35:53 - [MESSAGE][INFO] - Starting to call Test Case 'Test Cases/Test Reutilisable/Main/ANEF_Eloignement_V_Nawres/ANEF_Ajouter_Decision'

14-02-2025T09:35:53 - [TEST_CASE][PASSED] - Test Cases/Test Reutilisable/Main/ANEF_Eloignement_V_Nawres/ANEF_Ajouter_Decision: Test Cases/Test Reutilisable/Main/ANEF_Eloignement_V_Nawres/ANEF_Ajouter_Decision

14-02-2025T09:35:53 - [TEST_STEP][PASSED] - calendar = Calendar.getInstance(): null

14-02-2025T09:35:53 - [TEST_STEP][PASSED] - currentDate = calendar.getTime(): null

14-02-2025T09:35:53 - [TEST_STEP][PASSED] - sdf = new java.text.SimpleDateFormat(dd/MM/yyyy): null

14-02-2025T09:35:53 - [TEST_STEP][PASSED] - formattedDate = sdf.format(currentDate): null

14-02-2025T09:35:53 - [TEST_STEP][PASSED] - DateActuelle = formattedDate.toString(): null

14-02-2025T09:35:53 - [TEST_STEP][PASSED] - println(DateActuelle): null

14-02-2025T09:35:53 - [TEST_STEP][PASSED] - waitForElementClickable(findTestObject("Object Repository/ANEF_Eloignement_V_Nawres/Page_Ajouter_Decision/btn_Ajouter_Decision"), 20, STOP_ON_FAILURE): Object 'Object Repository/ANEF_Eloignement_V_Nawres/Page_Ajouter_Decision/btn_Ajouter_Decision' is clickable

14-02-2025T09:35:53 - [MESSAGE][INFO] - Finding Test Object 'Object Repository/ANEF_Eloignement_V_Nawres/Page_Ajouter_Decision/btn_Ajouter_Decision'

14-02-2025T09:35:53 - [MESSAGE][INFO] - Checking object

14-02-2025T09:35:53 - [MESSAGE][INFO] - Checking timeout

14-02-2025T09:35:53 - [MESSAGE][INFO] - Finding web element from Test Object's properties

14-02-2025T09:35:53 - [MESSAGE][INFO] - Checking timeout

14-02-2025T09:35:53 - [MESSAGE][INFO] - Finding web element with id: 'Object Repository/ANEF_Eloignement_V_Nawres/Page_Ajouter_Decision/btn_Ajouter_Decision' located by 'By.xpath: //button[contains(text(),"Ajouter une dÃ©cision")]' in '20' second(s)

14-02-2025T09:35:54 - [MESSAGE][INFO] - Found 1 web elements with id: 'Object Repository/ANEF_Eloignement_V_Nawres/Page_Ajouter_Decision/btn_Ajouter_Decision' located by 'By.xpath: //button[contains(text(),"Ajouter une dÃ©cision")]' in '20' second(s)

14-02-2025T09:35:54 - [MESSAGE][PASSED] - Object 'Object Repository/ANEF_Eloignement_V_Nawres/Page_Ajouter_Decision/btn_Ajouter_Decision' is clickable

14-02-2025T09:35:54 - [TEST_STEP][PASSED] - click(findTestObject("Object Repository/ANEF_Eloignement_V_Nawres/Page_Ajouter_Decision/btn_Ajouter_Decision"), STOP_ON_FAILURE): Object: 'Object Repository/ANEF_Eloignement_V_Nawres/Page_Ajouter_Decision/btn_Ajouter_Decision' is clicked on

14-02-2025T09:35:54 - [MESSAGE][INFO] - Finding Test Object 'Object Repository/ANEF_Eloignement_V_Nawres/Page_Ajouter_Decision/btn_Ajouter_Decision'

14-02-2025T09:35:54 - [MESSAGE][INFO] - Checking timeout

14-02-2025T09:35:54 - [MESSAGE][INFO] - Finding web element with id: 'Object Repository/ANEF_Eloignement_V_Nawres/Page_Ajouter_Decision/btn_Ajouter_Decision' located by 'By.xpath: //button[contains(text(),"Ajouter une dÃ©cision")]' in '20' second(s)

14-02-2025T09:35:54 - [MESSAGE][INFO] - Found 1 web elements with id: 'Object Repository/ANEF_Eloignement_V_Nawres/Page_Ajouter_Decision/btn_Ajouter_Decision' located by 'By.xpath: //button[contains(text(),"Ajouter une dÃ©cision")]' in '20' second(s)

14-02-2025T09:35:54 - [MESSAGE][INFO] - Checking object

14-02-2025T09:35:54 - [MESSAGE][INFO] - Checking timeout

14-02-2025T09:35:54 - [MESSAGE][INFO] - Finding web element from Test Object's properties

14-02-2025T09:35:54 - [MESSAGE][INFO] - Checking timeout

14-02-2025T09:35:54 - [MESSAGE][INFO] - Finding web element with id: 'Object Repository/ANEF_Eloignement_V_Nawres/Page_Ajouter_Decision/btn_Ajouter_Decision' located by 'By.xpath: //button[contains(text(),"Ajouter une dÃ©cision")]' in '100' second(s)

14-02-2025T09:35:54 - [MESSAGE][INFO] - Found 1 web elements with id: 'Object Repository/ANEF_Eloignement_V_Nawres/Page_Ajouter_Decision/btn_Ajouter_Decision' located by 'By.xpath: //button[contains(text(),"Ajouter une dÃ©cision")]' in '100' second(s)

14-02-2025T09:35:54 - [MESSAGE][INFO] - Clicking on object: 'Object Repository/ANEF_Eloignement_V_Nawres/Page_Ajouter_Decision/btn_Ajouter_Decision'

14-02-2025T09:35:55 - [MESSAGE][PASSED] - Object: 'Object Repository/ANEF_Eloignement_V_Nawres/Page_Ajouter_Decision/btn_Ajouter_Decision' is clicked on

14-02-2025T09:35:55 - [TEST_STEP][PASSED] - scrollToElement(findTestObject("Object Repository/ANEF_Eloignement_V_Nawres/Page_Ajouter_Decision/btn_Confirmer_Ajout_Decision"), 5, STOP_ON_FAILURE): Scroll to object 'Object Repository/ANEF_Eloignement_V_Nawres/Page_Ajouter_Decision/btn_Confirmer_Ajout_Decision' successfully

14-02-2025T09:35:55 - [MESSAGE][INFO] - Finding Test Object 'Object Repository/ANEF_Eloignement_V_Nawres/Page_Ajouter_Decision/btn_Confirmer_Ajout_Decision'

14-02-2025T09:35:55 - [MESSAGE][INFO] - Checking object

14-02-2025T09:35:55 - [MESSAGE][INFO] - Checking timeout

14-02-2025T09:35:55 - [MESSAGE][INFO] - Finding web element from Test Object's properties

14-02-2025T09:35:55 - [MESSAGE][INFO] - Checking timeout

14-02-2025T09:35:55 - [MESSAGE][INFO] - Finding web element with id: 'Object Repository/ANEF_Eloignement_V_Nawres/Page_Ajouter_Decision/btn_Confirmer_Ajout_Decision' located by 'By.xpath: //button[contains(text()," Confirmer l'ajout")]' in '100' second(s)

14-02-2025T09:35:55 - [MESSAGE][INFO] - Found 1 web elements with id: 'Object Repository/ANEF_Eloignement_V_Nawres/Page_Ajouter_Decision/btn_Confirmer_Ajout_Decision' located by 'By.xpath: //button[contains(text()," Confirmer l'ajout")]' in '100' second(s)

14-02-2025T09:35:55 - [MESSAGE][INFO] - Scrolling to object 'Object Repository/ANEF_Eloignement_V_Nawres/Page_Ajouter_Decision/btn_Confirmer_Ajout_Decision'

14-02-2025T09:35:55 - [MESSAGE][PASSED] - Scroll to object 'Object Repository/ANEF_Eloignement_V_Nawres/Page_Ajouter_Decision/btn_Confirmer_Ajout_Decision' successfully

14-02-2025T09:35:55 - [TEST_STEP][PASSED] - click(findTestObject("Object Repository/ANEF_Eloignement_V_Nawres/Page_Ajouter_Decision/btn_Confirmer_Ajout_Decision"), STOP_ON_FAILURE): Object: 'Object Repository/ANEF_Eloignement_V_Nawres/Page_Ajouter_Decision/btn_Confirmer_Ajout_Decision' is clicked on

14-02-2025T09:35:55 - [MESSAGE][INFO] - Finding Test Object 'Object Repository/ANEF_Eloignement_V_Nawres/Page_Ajouter_Decision/btn_Confirmer_Ajout_Decision'

14-02-2025T09:35:55 - [MESSAGE][INFO] - Checking timeout

14-02-2025T09:35:55 - [MESSAGE][INFO] - Finding web element with id: 'Object Repository/ANEF_Eloignement_V_Nawres/Page_Ajouter_Decision/btn_Confirmer_Ajout_Decision' located by 'By.xpath: //button[contains(text()," Confirmer l'ajout")]' in '20' second(s)

14-02-2025T09:35:55 - [MESSAGE][INFO] - Found 1 web elements with id: 'Object Repository/ANEF_Eloignement_V_Nawres/Page_Ajouter_Decision/btn_Confirmer_Ajout_Decision' located by 'By.xpath: //button[contains(text()," Confirmer l'ajout")]' in '20' second(s)

14-02-2025T09:35:55 - [MESSAGE][INFO] - Checking object

14-02-2025T09:35:55 - [MESSAGE][INFO] - Checking timeout

14-02-2025T09:35:55 - [MESSAGE][INFO] - Finding web element from Test Object's properties

14-02-2025T09:35:55 - [MESSAGE][INFO] - Checking timeout

14-02-2025T09:35:55 - [MESSAGE][INFO] - Finding web element with id: 'Object Repository/ANEF_Eloignement_V_Nawres/Page_Ajouter_Decision/btn_Confirmer_Ajout_Decision' located by 'By.xpath: //button[contains(text()," Confirmer l'ajout")]' in '100' second(s)

14-02-2025T09:35:55 - [MESSAGE][INFO] - Found 1 web elements with id: 'Object Repository/ANEF_Eloignement_V_Nawres/Page_Ajouter_Decision/btn_Confirmer_Ajout_Decision' located by 'By.xpath: //button[contains(text()," Confirmer l'ajout")]' in '100' second(s)

14-02-2025T09:35:55 - [MESSAGE][INFO] - Clicking on object: 'Object Repository/ANEF_Eloignement_V_Nawres/Page_Ajouter_Decision/btn_Confirmer_Ajout_Decision'

14-02-2025T09:35:56 - [MESSAGE][PASSED] - Object: 'Object Repository/ANEF_Eloignement_V_Nawres/Page_Ajouter_Decision/btn_Confirmer_Ajout_Decision' is clicked on

14-02-2025T09:35:56 - [TEST_STEP][PASSED] - waitForElementClickable(findTestObject("Object Repository/ANEF_Eloignement_V_Nawres/Page_Ajouter_Decision/btn_Confirmer_Notification"), 20, STOP_ON_FAILURE): Object 'Object Repository/ANEF_Eloignement_V_Nawres/Page_Ajouter_Decision/btn_Confirmer_Notification' is clickable

14-02-2025T09:35:56 - [MESSAGE][INFO] - Finding Test Object 'Object Repository/ANEF_Eloignement_V_Nawres/Page_Ajouter_Decision/btn_Confirmer_Notification'

14-02-2025T09:35:56 - [MESSAGE][INFO] - Checking object

14-02-2025T09:35:56 - [MESSAGE][INFO] - Checking timeout

14-02-2025T09:35:56 - [MESSAGE][INFO] - Finding web element from Test Object's properties

14-02-2025T09:35:56 - [MESSAGE][INFO] - Checking timeout

14-02-2025T09:35:56 - [MESSAGE][INFO] - Finding web element with id: 'Object Repository/ANEF_Eloignement_V_Nawres/Page_Ajouter_Decision/btn_Confirmer_Notification' located by 'By.xpath: //button[contains(text(),"Confirmer la notification")]' in '20' second(s)

14-02-2025T09:35:56 - [MESSAGE][INFO] - Found 1 web elements with id: 'Object Repository/ANEF_Eloignement_V_Nawres/Page_Ajouter_Decision/btn_Confirmer_Notification' located by 'By.xpath: //button[contains(text(),"Confirmer la notification")]' in '20' second(s)

14-02-2025T09:35:57 - [MESSAGE][PASSED] - Object 'Object Repository/ANEF_Eloignement_V_Nawres/Page_Ajouter_Decision/btn_Confirmer_Notification' is clickable

14-02-2025T09:35:57 - [TEST_STEP][PASSED] - click(findTestObject("Object Repository/ANEF_Eloignement_V_Nawres/Page_Ajouter_Decision/btn_Confirmer_Notification"), STOP_ON_FAILURE): Object: 'Object Repository/ANEF_Eloignement_V_Nawres/Page_Ajouter_Decision/btn_Confirmer_Notification' is clicked on

14-02-2025T09:35:57 - [MESSAGE][INFO] - Finding Test Object 'Object Repository/ANEF_Eloignement_V_Nawres/Page_Ajouter_Decision/btn_Confirmer_Notification'

14-02-2025T09:35:57 - [MESSAGE][INFO] - Checking timeout

14-02-2025T09:35:57 - [MESSAGE][INFO] - Finding web element with id: 'Object Repository/ANEF_Eloignement_V_Nawres/Page_Ajouter_Decision/btn_Confirmer_Notification' located by 'By.xpath: //button[contains(text(),"Confirmer la notification")]' in '20' second(s)

14-02-2025T09:35:57 - [MESSAGE][INFO] - Found 1 web elements with id: 'Object Repository/ANEF_Eloignement_V_Nawres/Page_Ajouter_Decision/btn_Confirmer_Notification' located by 'By.xpath: //button[contains(text(),"Confirmer la notification")]' in '20' second(s)

14-02-2025T09:35:57 - [MESSAGE][INFO] - Checking object

14-02-2025T09:35:57 - [MESSAGE][INFO] - Checking timeout

14-02-2025T09:35:57 - [MESSAGE][INFO] - Finding web element from Test Object's properties

14-02-2025T09:35:57 - [MESSAGE][INFO] - Checking timeout

14-02-2025T09:35:57 - [MESSAGE][INFO] - Finding web element with id: 'Object Repository/ANEF_Eloignement_V_Nawres/Page_Ajouter_Decision/btn_Confirmer_Notification' located by 'By.xpath: //button[contains(text(),"Confirmer la notification")]' in '100' second(s)

14-02-2025T09:35:57 - [MESSAGE][INFO] - Found 1 web elements with id: 'Object Repository/ANEF_Eloignement_V_Nawres/Page_Ajouter_Decision/btn_Confirmer_Notification' located by 'By.xpath: //button[contains(text(),"Confirmer la notification")]' in '100' second(s)

14-02-2025T09:35:57 - [MESSAGE][INFO] - Clicking on object: 'Object Repository/ANEF_Eloignement_V_Nawres/Page_Ajouter_Decision/btn_Confirmer_Notification'

14-02-2025T09:35:58 - [MESSAGE][PASSED] - Object: 'Object Repository/ANEF_Eloignement_V_Nawres/Page_Ajouter_Decision/btn_Confirmer_Notification' is clicked on

14-02-2025T09:35:58 - [TEST_STEP][PASSED] - selectOptionByLabel(findTestObject("Object Repository/ANEF_Eloignement_V_Nawres/Page_Ajouter_Decision/select_Mode_Notification"), ModeNotification, false, STOP_ON_FAILURE): All options with label 'Voie administrative' are selected in object 'Object Repository/ANEF_Eloignement_V_Nawres/Page_Ajouter_Decision/select_Mode_Notification' 

14-02-2025T09:35:58 - [MESSAGE][INFO] - Finding Test Object 'Object Repository/ANEF_Eloignement_V_Nawres/Page_Ajouter_Decision/select_Mode_Notification'

14-02-2025T09:35:58 - [MESSAGE][INFO] - Checking timeout

14-02-2025T09:35:58 - [MESSAGE][INFO] - Finding web element with id: 'Object Repository/ANEF_Eloignement_V_Nawres/Page_Ajouter_Decision/select_Mode_Notification' located by 'By.xpath: //app-notification-modal//form//app-dsfr-select/div/select[@id="mode_notification"]' in '20' second(s)

14-02-2025T09:35:58 - [MESSAGE][INFO] - Found 1 web elements with id: 'Object Repository/ANEF_Eloignement_V_Nawres/Page_Ajouter_Decision/select_Mode_Notification' located by 'By.xpath: //app-notification-modal//form//app-dsfr-select/div/select[@id="mode_notification"]' in '20' second(s)

14-02-2025T09:35:58 - [MESSAGE][INFO] - Checking object

14-02-2025T09:35:58 - [MESSAGE][INFO] - Checking label parameter

14-02-2025T09:35:58 - [MESSAGE][INFO] - Finding web element from Test Object's properties

14-02-2025T09:35:58 - [MESSAGE][INFO] - Checking timeout

14-02-2025T09:35:58 - [MESSAGE][INFO] - Finding web element with id: 'Object Repository/ANEF_Eloignement_V_Nawres/Page_Ajouter_Decision/select_Mode_Notification' located by 'By.xpath: //app-notification-modal//form//app-dsfr-select/div/select[@id="mode_notification"]' in '100' second(s)

14-02-2025T09:35:58 - [MESSAGE][INFO] - Found 1 web elements with id: 'Object Repository/ANEF_Eloignement_V_Nawres/Page_Ajouter_Decision/select_Mode_Notification' located by 'By.xpath: //app-notification-modal//form//app-dsfr-select/div/select[@id="mode_notification"]' in '100' second(s)

14-02-2025T09:35:59 - [MESSAGE][INFO] - Selecting options on object 'Object Repository/ANEF_Eloignement_V_Nawres/Page_Ajouter_Decision/select_Mode_Notification' with label 'Voie administrative' 

14-02-2025T09:36:00 - [MESSAGE][PASSED] - All options with label 'Voie administrative' are selected in object 'Object Repository/ANEF_Eloignement_V_Nawres/Page_Ajouter_Decision/select_Mode_Notification' 

14-02-2025T09:36:00 - [TEST_STEP][PASSED] - setText(findTestObject("Object Repository/ANEF_Eloignement_V_Nawres/Page_Ajouter_Decision/input_Date_Notification"), DateActuelle, STOP_ON_FAILURE): Text '14/02/2025' is set on object 'Object Repository/ANEF_Eloignement_V_Nawres/Page_Ajouter_Decision/input_Date_Notification'

14-02-2025T09:36:00 - [MESSAGE][INFO] - Finding Test Object 'Object Repository/ANEF_Eloignement_V_Nawres/Page_Ajouter_Decision/input_Date_Notification'

14-02-2025T09:36:00 - [MESSAGE][INFO] - Checking timeout

14-02-2025T09:36:00 - [MESSAGE][INFO] - Finding web element with id: 'Object Repository/ANEF_Eloignement_V_Nawres/Page_Ajouter_Decision/input_Date_Notification' located by 'By.xpath: //app-dsfr-input/div/input[@id="date_notification"]' in '20' second(s)

14-02-2025T09:36:00 - [MESSAGE][INFO] - Found 1 web elements with id: 'Object Repository/ANEF_Eloignement_V_Nawres/Page_Ajouter_Decision/input_Date_Notification' located by 'By.xpath: //app-dsfr-input/div/input[@id="date_notification"]' in '20' second(s)

14-02-2025T09:36:00 - [MESSAGE][INFO] - Checking object

14-02-2025T09:36:00 - [MESSAGE][INFO] - Checking text

14-02-2025T09:36:00 - [MESSAGE][INFO] - Finding web element from Test Object's properties

14-02-2025T09:36:00 - [MESSAGE][INFO] - Checking timeout

14-02-2025T09:36:00 - [MESSAGE][INFO] - Finding web element with id: 'Object Repository/ANEF_Eloignement_V_Nawres/Page_Ajouter_Decision/input_Date_Notification' located by 'By.xpath: //app-dsfr-input/div/input[@id="date_notification"]' in '100' second(s)

14-02-2025T09:36:00 - [MESSAGE][INFO] - Found 1 web elements with id: 'Object Repository/ANEF_Eloignement_V_Nawres/Page_Ajouter_Decision/input_Date_Notification' located by 'By.xpath: //app-dsfr-input/div/input[@id="date_notification"]' in '100' second(s)

14-02-2025T09:36:00 - [MESSAGE][INFO] - Clearing text of object 'Object Repository/ANEF_Eloignement_V_Nawres/Page_Ajouter_Decision/input_Date_Notification'

14-02-2025T09:36:01 - [MESSAGE][INFO] - Finding web element from Test Object's properties

14-02-2025T09:36:01 - [MESSAGE][INFO] - Checking timeout

14-02-2025T09:36:01 - [MESSAGE][INFO] - Finding web element with id: 'Object Repository/ANEF_Eloignement_V_Nawres/Page_Ajouter_Decision/input_Date_Notification' located by 'By.xpath: //app-dsfr-input/div/input[@id="date_notification"]' in '100' second(s)

14-02-2025T09:36:01 - [MESSAGE][INFO] - Found 1 web elements with id: 'Object Repository/ANEF_Eloignement_V_Nawres/Page_Ajouter_Decision/input_Date_Notification' located by 'By.xpath: //app-dsfr-input/div/input[@id="date_notification"]' in '100' second(s)

14-02-2025T09:36:01 - [MESSAGE][INFO] - Setting text of object 'Object Repository/ANEF_Eloignement_V_Nawres/Page_Ajouter_Decision/input_Date_Notification' to value '14/02/2025'

14-02-2025T09:36:02 - [MESSAGE][PASSED] - Text '14/02/2025' is set on object 'Object Repository/ANEF_Eloignement_V_Nawres/Page_Ajouter_Decision/input_Date_Notification'

14-02-2025T09:36:02 - [TEST_STEP][PASSED] - if (ModeNotification == "Voie administrative"): Text '14:30' is set on object 'Object Repository/ANEF_Eloignement_V_Nawres/Page_Ajouter_Decision/input_Heure_Notification'

14-02-2025T09:36:02 - [TEST_STEP][PASSED] - setText(findTestObject("Object Repository/ANEF_Eloignement_V_Nawres/Page_Ajouter_Decision/input_Heure_Notification"), "14:30", STOP_ON_FAILURE): Text '14:30' is set on object 'Object Repository/ANEF_Eloignement_V_Nawres/Page_Ajouter_Decision/input_Heure_Notification'

14-02-2025T09:36:02 - [MESSAGE][INFO] - Finding Test Object 'Object Repository/ANEF_Eloignement_V_Nawres/Page_Ajouter_Decision/input_Heure_Notification'

14-02-2025T09:36:02 - [MESSAGE][INFO] - Checking timeout

14-02-2025T09:36:02 - [MESSAGE][INFO] - Finding web element with id: 'Object Repository/ANEF_Eloignement_V_Nawres/Page_Ajouter_Decision/input_Heure_Notification' located by 'By.xpath: //app-notification-modal//form//app-dsfr-input/div/input[@id="heure_notification"]' in '20' second(s)

14-02-2025T09:36:02 - [MESSAGE][INFO] - Found 1 web elements with id: 'Object Repository/ANEF_Eloignement_V_Nawres/Page_Ajouter_Decision/input_Heure_Notification' located by 'By.xpath: //app-notification-modal//form//app-dsfr-input/div/input[@id="heure_notification"]' in '20' second(s)

14-02-2025T09:36:02 - [MESSAGE][INFO] - Checking object

14-02-2025T09:36:02 - [MESSAGE][INFO] - Checking text

14-02-2025T09:36:02 - [MESSAGE][INFO] - Finding web element from Test Object's properties

14-02-2025T09:36:02 - [MESSAGE][INFO] - Checking timeout

14-02-2025T09:36:02 - [MESSAGE][INFO] - Finding web element with id: 'Object Repository/ANEF_Eloignement_V_Nawres/Page_Ajouter_Decision/input_Heure_Notification' located by 'By.xpath: //app-notification-modal//form//app-dsfr-input/div/input[@id="heure_notification"]' in '100' second(s)

14-02-2025T09:36:02 - [MESSAGE][INFO] - Found 1 web elements with id: 'Object Repository/ANEF_Eloignement_V_Nawres/Page_Ajouter_Decision/input_Heure_Notification' located by 'By.xpath: //app-notification-modal//form//app-dsfr-input/div/input[@id="heure_notification"]' in '100' second(s)

14-02-2025T09:36:02 - [MESSAGE][INFO] - Clearing text of object 'Object Repository/ANEF_Eloignement_V_Nawres/Page_Ajouter_Decision/input_Heure_Notification'

14-02-2025T09:36:03 - [MESSAGE][INFO] - Finding web element from Test Object's properties

14-02-2025T09:36:03 - [MESSAGE][INFO] - Checking timeout

14-02-2025T09:36:03 - [MESSAGE][INFO] - Finding web element with id: 'Object Repository/ANEF_Eloignement_V_Nawres/Page_Ajouter_Decision/input_Heure_Notification' located by 'By.xpath: //app-notification-modal//form//app-dsfr-input/div/input[@id="heure_notification"]' in '100' second(s)

14-02-2025T09:36:03 - [MESSAGE][INFO] - Found 1 web elements with id: 'Object Repository/ANEF_Eloignement_V_Nawres/Page_Ajouter_Decision/input_Heure_Notification' located by 'By.xpath: //app-notification-modal//form//app-dsfr-input/div/input[@id="heure_notification"]' in '100' second(s)

14-02-2025T09:36:03 - [MESSAGE][INFO] - Setting text of object 'Object Repository/ANEF_Eloignement_V_Nawres/Page_Ajouter_Decision/input_Heure_Notification' to value '14:30'

14-02-2025T09:36:04 - [MESSAGE][PASSED] - Text '14:30' is set on object 'Object Repository/ANEF_Eloignement_V_Nawres/Page_Ajouter_Decision/input_Heure_Notification'

14-02-2025T09:36:04 - [TEST_STEP][PASSED] - uploadFile(findTestObject("Object Repository/ANEF_Eloignement_V_Nawres/Page_Ajouter_Decision/input_Ajouter_Fichier_Notification"), getProjectDir() + "/Data Files/Fichier_Test.pdf"): File 'C:/Users/nbenjemi/Katalon Studio/ANEF-ELOIGNEMENT-20250121/ANEF-ELOIGNEMENT-20250121/Data Files/Fichier_Test.pdf' sent to object: 'Object Repository/ANEF_Eloignement_V_Nawres/Page_Ajouter_Decision/input_Ajouter_Fichier_Notification'

14-02-2025T09:36:04 - [MESSAGE][INFO] - Finding Test Object 'Object Repository/ANEF_Eloignement_V_Nawres/Page_Ajouter_Decision/input_Ajouter_Fichier_Notification'

14-02-2025T09:36:04 - [MESSAGE][INFO] - Checking object

14-02-2025T09:36:04 - [MESSAGE][INFO] - Uploading file 'C:/Users/nbenjemi/Katalon Studio/ANEF-ELOIGNEMENT-20250121/ANEF-ELOIGNEMENT-20250121/Data Files/Fichier_Test.pdf' to object: 'Object Repository/ANEF_Eloignement_V_Nawres/Page_Ajouter_Decision/input_Ajouter_Fichier_Notification'

14-02-2025T09:36:04 - [MESSAGE][INFO] - Finding web element from Test Object's properties

14-02-2025T09:36:04 - [MESSAGE][INFO] - Checking timeout

14-02-2025T09:36:04 - [MESSAGE][INFO] - Finding web element with id: 'Object Repository/ANEF_Eloignement_V_Nawres/Page_Ajouter_Decision/input_Ajouter_Fichier_Notification' located by 'By.xpath: //app-notification-modal//form//app-dsfr-piece-jointe//input' in '100' second(s)

14-02-2025T09:36:04 - [MESSAGE][INFO] - Found 1 web elements with id: 'Object Repository/ANEF_Eloignement_V_Nawres/Page_Ajouter_Decision/input_Ajouter_Fichier_Notification' located by 'By.xpath: //app-notification-modal//form//app-dsfr-piece-jointe//input' in '100' second(s)

14-02-2025T09:36:05 - [MESSAGE][PASSED] - File 'C:/Users/nbenjemi/Katalon Studio/ANEF-ELOIGNEMENT-20250121/ANEF-ELOIGNEMENT-20250121/Data Files/Fichier_Test.pdf' sent to object: 'Object Repository/ANEF_Eloignement_V_Nawres/Page_Ajouter_Decision/input_Ajouter_Fichier_Notification'

14-02-2025T09:36:05 - [TEST_STEP][PASSED] - scrollToElement(findTestObject("Object Repository/ANEF_Eloignement_V_Nawres/Page_Ajouter_Decision/btn_Confirmer_Ajout_Notification"), 5, STOP_ON_FAILURE): Scroll to object 'Object Repository/ANEF_Eloignement_V_Nawres/Page_Ajouter_Decision/btn_Confirmer_Ajout_Notification' successfully

14-02-2025T09:36:05 - [MESSAGE][INFO] - Finding Test Object 'Object Repository/ANEF_Eloignement_V_Nawres/Page_Ajouter_Decision/btn_Confirmer_Ajout_Notification'

14-02-2025T09:36:05 - [MESSAGE][INFO] - Checking object

14-02-2025T09:36:05 - [MESSAGE][INFO] - Checking timeout

14-02-2025T09:36:05 - [MESSAGE][INFO] - Finding web element from Test Object's properties

14-02-2025T09:36:05 - [MESSAGE][INFO] - Checking timeout

14-02-2025T09:36:05 - [MESSAGE][INFO] - Finding web element with id: 'Object Repository/ANEF_Eloignement_V_Nawres/Page_Ajouter_Decision/btn_Confirmer_Ajout_Notification' located by 'By.xpath: //app-notification-modal//button[contains(text(),"Confirmer l'ajout")]' in '100' second(s)

14-02-2025T09:36:05 - [MESSAGE][INFO] - Found 1 web elements with id: 'Object Repository/ANEF_Eloignement_V_Nawres/Page_Ajouter_Decision/btn_Confirmer_Ajout_Notification' located by 'By.xpath: //app-notification-modal//button[contains(text(),"Confirmer l'ajout")]' in '100' second(s)

14-02-2025T09:36:05 - [MESSAGE][INFO] - Scrolling to object 'Object Repository/ANEF_Eloignement_V_Nawres/Page_Ajouter_Decision/btn_Confirmer_Ajout_Notification'

14-02-2025T09:36:05 - [MESSAGE][PASSED] - Scroll to object 'Object Repository/ANEF_Eloignement_V_Nawres/Page_Ajouter_Decision/btn_Confirmer_Ajout_Notification' successfully

14-02-2025T09:36:05 - [TEST_STEP][PASSED] - click(findTestObject("Object Repository/ANEF_Eloignement_V_Nawres/Page_Ajouter_Decision/btn_Confirmer_Ajout_Notification"), STOP_ON_FAILURE): Object: 'Object Repository/ANEF_Eloignement_V_Nawres/Page_Ajouter_Decision/btn_Confirmer_Ajout_Notification' is clicked on

14-02-2025T09:36:05 - [MESSAGE][INFO] - Finding Test Object 'Object Repository/ANEF_Eloignement_V_Nawres/Page_Ajouter_Decision/btn_Confirmer_Ajout_Notification'

14-02-2025T09:36:05 - [MESSAGE][INFO] - Checking timeout

14-02-2025T09:36:05 - [MESSAGE][INFO] - Finding web element with id: 'Object Repository/ANEF_Eloignement_V_Nawres/Page_Ajouter_Decision/btn_Confirmer_Ajout_Notification' located by 'By.xpath: //app-notification-modal//button[contains(text(),"Confirmer l'ajout")]' in '20' second(s)

14-02-2025T09:36:05 - [MESSAGE][INFO] - Found 1 web elements with id: 'Object Repository/ANEF_Eloignement_V_Nawres/Page_Ajouter_Decision/btn_Confirmer_Ajout_Notification' located by 'By.xpath: //app-notification-modal//button[contains(text(),"Confirmer l'ajout")]' in '20' second(s)

14-02-2025T09:36:05 - [MESSAGE][INFO] - Checking object

14-02-2025T09:36:05 - [MESSAGE][INFO] - Checking timeout

14-02-2025T09:36:05 - [MESSAGE][INFO] - Finding web element from Test Object's properties

14-02-2025T09:36:05 - [MESSAGE][INFO] - Checking timeout

14-02-2025T09:36:05 - [MESSAGE][INFO] - Finding web element with id: 'Object Repository/ANEF_Eloignement_V_Nawres/Page_Ajouter_Decision/btn_Confirmer_Ajout_Notification' located by 'By.xpath: //app-notification-modal//button[contains(text(),"Confirmer l'ajout")]' in '100' second(s)

14-02-2025T09:36:05 - [MESSAGE][INFO] - Found 1 web elements with id: 'Object Repository/ANEF_Eloignement_V_Nawres/Page_Ajouter_Decision/btn_Confirmer_Ajout_Notification' located by 'By.xpath: //app-notification-modal//button[contains(text(),"Confirmer l'ajout")]' in '100' second(s)

14-02-2025T09:36:05 - [MESSAGE][INFO] - Clicking on object: 'Object Repository/ANEF_Eloignement_V_Nawres/Page_Ajouter_Decision/btn_Confirmer_Ajout_Notification'

14-02-2025T09:36:07 - [MESSAGE][PASSED] - Object: 'Object Repository/ANEF_Eloignement_V_Nawres/Page_Ajouter_Decision/btn_Confirmer_Ajout_Notification' is clicked on

14-02-2025T09:36:07 - [TEST_STEP][PASSED] - waitForElementClickable(findTestObject("Object Repository/ANEF_Eloignement_V_Nawres/Page_Ajouter_Decision/btn_Enregistrer"), 7, STOP_ON_FAILURE): Object 'Object Repository/ANEF_Eloignement_V_Nawres/Page_Ajouter_Decision/btn_Enregistrer' is clickable

14-02-2025T09:36:07 - [MESSAGE][INFO] - Finding Test Object 'Object Repository/ANEF_Eloignement_V_Nawres/Page_Ajouter_Decision/btn_Enregistrer'

14-02-2025T09:36:07 - [MESSAGE][INFO] - Checking object

14-02-2025T09:36:07 - [MESSAGE][INFO] - Checking timeout

14-02-2025T09:36:07 - [MESSAGE][INFO] - Finding web element from Test Object's properties

14-02-2025T09:36:07 - [MESSAGE][INFO] - Checking timeout

14-02-2025T09:36:07 - [MESSAGE][INFO] - Finding web element with id: 'Object Repository/ANEF_Eloignement_V_Nawres/Page_Ajouter_Decision/btn_Enregistrer' located by 'By.xpath: //button[contains(text(),"Enregistrer")]' in '7' second(s)

14-02-2025T09:36:07 - [MESSAGE][INFO] - Found 1 web elements with id: 'Object Repository/ANEF_Eloignement_V_Nawres/Page_Ajouter_Decision/btn_Enregistrer' located by 'By.xpath: //button[contains(text(),"Enregistrer")]' in '7' second(s)

14-02-2025T09:36:07 - [MESSAGE][PASSED] - Object 'Object Repository/ANEF_Eloignement_V_Nawres/Page_Ajouter_Decision/btn_Enregistrer' is clickable

14-02-2025T09:36:07 - [MESSAGE][PASSED] - Call Test Case 'Test Cases/Test Reutilisable/Main/ANEF_Eloignement_V_Nawres/ANEF_Ajouter_Decision' successfully

14-02-2025T09:36:09 - [TEST_STEP][PASSED] - Video: Video recording for test case 'Test Cases/Cas D Utilisations/ANEF_Eloignement_V_Nawres/TC_ANEF_Eloignement' .

14-02-2025T09:36:09 - [MESSAGE][INFO] - Video recording for test case 'Test Cases/Cas D Utilisations/ANEF_Eloignement_V_Nawres/TC_ANEF_Eloignement' .]]></system-out>
         <system-err><![CDATA[]]></system-err>
      </testcase>
      <testcase name="Test Cases/Cas D Utilisations/ANEF_Eloignement_V_Nawres/TC_ANEF_Eloignement" time="77.996" classname="Test Cases/Cas D Utilisations/ANEF_Eloignement_V_Nawres/TC_ANEF_Eloignement" status="PASSED">
         <system-out><![CDATA[14-02-2025T09:36:09 - [TEST_CASE][PASSED] - Test Cases/Cas D Utilisations/ANEF_Eloignement_V_Nawres/TC_ANEF_Eloignement: Test Cases/Cas D Utilisations/ANEF_Eloignement_V_Nawres/TC_ANEF_Eloignement

14-02-2025T09:36:09 - [TEST_STEP][PASSED] - callTestCase(findTestCase("Test Cases/Test Reutilisable/Main/ANEF_Eloignement_V_Nawres/ANEF_Lancer_URL_ANEF"), ["Profiles":Profiles, "EnvExec":EnvExec], STOP_ON_FAILURE): Call Test Case 'Test Cases/Test Reutilisable/Main/ANEF_Eloignement_V_Nawres/ANEF_Lancer_URL_ANEF' successfully

14-02-2025T09:36:09 - [MESSAGE][INFO] - Checking called Test Case

14-02-2025T09:36:09 - [MESSAGE][INFO] - Starting to call Test Case 'Test Cases/Test Reutilisable/Main/ANEF_Eloignement_V_Nawres/ANEF_Lancer_URL_ANEF'

14-02-2025T09:36:09 - [TEST_CASE][PASSED] - Test Cases/Test Reutilisable/Main/ANEF_Eloignement_V_Nawres/ANEF_Lancer_URL_ANEF: Test Cases/Test Reutilisable/Main/ANEF_Eloignement_V_Nawres/ANEF_Lancer_URL_ANEF

14-02-2025T09:36:09 - [TEST_STEP][PASSED] - "Call Highlight.on() automatically": null

14-02-2025T09:36:09 - [TEST_STEP][PASSED] - projDir = getProjectDir(): null

14-02-2025T09:36:09 - [TEST_STEP][PASSED] - RunBrowserConfiguration = getExecutionProperties(): null

14-02-2025T09:36:09 - [TEST_STEP][PASSED] - DriverName = get("WebUI").get("browserType"): null

14-02-2025T09:36:09 - [TEST_STEP][PASSED] - println("DriverName :" + DriverName): null

14-02-2025T09:36:09 - [TEST_STEP][PASSED] - println("Driverpath :" + RunBrowserConfiguration.get("drivers")): null

14-02-2025T09:36:09 - [TEST_STEP][PASSED] - if (Profiles == "Usager"): null

14-02-2025T09:36:09 - [TEST_STEP][PASSED] - if (Profiles == "Agent"): Current window maximized

14-02-2025T09:36:09 - [TEST_STEP][PASSED] - if (EnvExec == "URLPortailAgentQualif"): null

14-02-2025T09:36:09 - [TEST_STEP][PASSED] - if (EnvExec == "URLPortailAgentPreProd"): Browser is opened with url: 'https://preprod.siaef.dgef.interieur.gouv.fr/sejour/#/accueil'

14-02-2025T09:36:09 - [TEST_STEP][PASSED] - openBrowser(URLPortailAgentPreProd): Browser is opened with url: 'https://preprod.siaef.dgef.interieur.gouv.fr/sejour/#/accueil'

14-02-2025T09:36:09 - [MESSAGE][INFO] - Opening browser

14-02-2025T09:36:09 - [MESSAGE][WARNING] - A browser is already opened. Closing browser and opening a new one

14-02-2025T09:36:10 - [MESSAGE][INFO] - Starting 'Chrome' driver

14-02-2025T09:36:10 - [MESSAGE][INFO] - User set preference: ['args', '[--incognito, --disable-search-engine-choice-screen, --enable-automation, --disable-save-password-bubble, --start-maximized, --remote-allow-origins=*]']

14-02-2025T09:36:10 - [MESSAGE][INFO] - User set preference: ['prefs', '{download.default_directory=${GlobalVariable.downloadPath}, download_dir=${GlobalVariable.downloadPath}, download.prompt_for_download=false}']

14-02-2025T09:36:10 - [MESSAGE][INFO] - User set preference: ['loggingPrefs', '{browser=ALL}']

14-02-2025T09:36:10 - [MESSAGE][INFO] - Action delay is set to 1â€¯000 milliseconds

14-02-2025T09:36:12 - [MESSAGE][INFO] - Navigating browser to: 'https://preprod.siaef.dgef.interieur.gouv.fr/sejour/#/accueil'

14-02-2025T09:36:13 - [MESSAGE][PASSED] - Browser is opened with url: 'https://preprod.siaef.dgef.interieur.gouv.fr/sejour/#/accueil'

14-02-2025T09:36:13 - [TEST_STEP][PASSED] - maximizeWindow(): Current window maximized

14-02-2025T09:36:13 - [MESSAGE][INFO] - Maximizing current window

14-02-2025T09:36:13 - [MESSAGE][PASSED] - Current window maximized

14-02-2025T09:36:13 - [MESSAGE][PASSED] - Call Test Case 'Test Cases/Test Reutilisable/Main/ANEF_Eloignement_V_Nawres/ANEF_Lancer_URL_ANEF' successfully

14-02-2025T09:36:13 - [TEST_STEP][PASSED] - callTestCase(findTestCase("Test Cases/Test Reutilisable/Main/ANEF_Eloignement_V_Nawres/ANEF_Identification"), ["Profiles":Profiles, "IdentifiantAgent":IdentifiantAgent, "PwAgent":PwAgent, "EnvExec":EnvExec], STOP_ON_FAILURE): Call Test Case 'Test Cases/Test Reutilisable/Main/ANEF_Eloignement_V_Nawres/ANEF_Identification' successfully

14-02-2025T09:36:13 - [MESSAGE][INFO] - Checking called Test Case

14-02-2025T09:36:13 - [MESSAGE][INFO] - Starting to call Test Case 'Test Cases/Test Reutilisable/Main/ANEF_Eloignement_V_Nawres/ANEF_Identification'

14-02-2025T09:36:13 - [TEST_CASE][PASSED] - Test Cases/Test Reutilisable/Main/ANEF_Eloignement_V_Nawres/ANEF_Identification: Test Cases/Test Reutilisable/Main/ANEF_Eloignement_V_Nawres/ANEF_Identification

14-02-2025T09:36:13 - [TEST_STEP][PASSED] - com.kazurayam.ksbackyard.HighlightElement.pandemic(): com.kazurayam.ksbackyard.HighlightElement.pandemic is PASSED

14-02-2025T09:36:14 - [MESSAGE][PASSED] - com.kazurayam.ksbackyard.HighlightElement.pandemic is PASSED

14-02-2025T09:36:14 - [TEST_STEP][PASSED] - if (Profiles == "Usager"): null

14-02-2025T09:36:14 - [TEST_STEP][PASSED] - if (Profiles == "Agent"): Object: 'Object Repository/ANEF_Eloignement_V_Nawres/Page_ANEF_Connexion/btn_Valider_Conx_Agent' is clicked on

14-02-2025T09:36:14 - [TEST_STEP][PASSED] - if (EnvExec == "URLPortailAgentQualif"): null

14-02-2025T09:36:14 - [TEST_STEP][PASSED] - if (EnvExec == "URLPortailAgentPreProd"): Text 'Natali123456!' is set on object 'Object Repository/ANEF_Eloignement_V_Nawres/Page_ANEF_Connexion/Input_PasswordAgent'

14-02-2025T09:36:14 - [TEST_STEP][PASSED] - setText(findTestObject("Object Repository/ANEF_Eloignement_V_Nawres/Page_ANEF_Connexion/Input_UserNameAgent"), IdentifiantAgent): Text 'test.gpe+970@outlook.fr' is set on object 'Object Repository/ANEF_Eloignement_V_Nawres/Page_ANEF_Connexion/Input_UserNameAgent'

14-02-2025T09:36:14 - [MESSAGE][INFO] - Finding Test Object 'Object Repository/ANEF_Eloignement_V_Nawres/Page_ANEF_Connexion/Input_UserNameAgent'

14-02-2025T09:36:14 - [MESSAGE][INFO] - Checking timeout

14-02-2025T09:36:14 - [MESSAGE][INFO] - Finding web element with id: 'Object Repository/ANEF_Eloignement_V_Nawres/Page_ANEF_Connexion/Input_UserNameAgent' located by 'By.xpath: //*[@aria-labelledby="username-label"]|//*[@id="login"]' in '20' second(s)

14-02-2025T09:36:14 - [MESSAGE][INFO] - Found 1 web elements with id: 'Object Repository/ANEF_Eloignement_V_Nawres/Page_ANEF_Connexion/Input_UserNameAgent' located by 'By.xpath: //*[@aria-labelledby="username-label"]|//*[@id="login"]' in '20' second(s)

14-02-2025T09:36:14 - [MESSAGE][INFO] - Checking object

14-02-2025T09:36:14 - [MESSAGE][INFO] - Checking text

14-02-2025T09:36:14 - [MESSAGE][INFO] - Finding web element from Test Object's properties

14-02-2025T09:36:14 - [MESSAGE][INFO] - Checking timeout

14-02-2025T09:36:14 - [MESSAGE][INFO] - Finding web element with id: 'Object Repository/ANEF_Eloignement_V_Nawres/Page_ANEF_Connexion/Input_UserNameAgent' located by 'By.xpath: //*[@aria-labelledby="username-label"]|//*[@id="login"]' in '100' second(s)

14-02-2025T09:36:14 - [MESSAGE][INFO] - Found 1 web elements with id: 'Object Repository/ANEF_Eloignement_V_Nawres/Page_ANEF_Connexion/Input_UserNameAgent' located by 'By.xpath: //*[@aria-labelledby="username-label"]|//*[@id="login"]' in '100' second(s)

14-02-2025T09:36:14 - [MESSAGE][INFO] - Clearing text of object 'Object Repository/ANEF_Eloignement_V_Nawres/Page_ANEF_Connexion/Input_UserNameAgent'

14-02-2025T09:36:15 - [MESSAGE][INFO] - Finding web element from Test Object's properties

14-02-2025T09:36:15 - [MESSAGE][INFO] - Checking timeout

14-02-2025T09:36:15 - [MESSAGE][INFO] - Finding web element with id: 'Object Repository/ANEF_Eloignement_V_Nawres/Page_ANEF_Connexion/Input_UserNameAgent' located by 'By.xpath: //*[@aria-labelledby="username-label"]|//*[@id="login"]' in '100' second(s)

14-02-2025T09:36:15 - [MESSAGE][INFO] - Found 1 web elements with id: 'Object Repository/ANEF_Eloignement_V_Nawres/Page_ANEF_Connexion/Input_UserNameAgent' located by 'By.xpath: //*[@aria-labelledby="username-label"]|//*[@id="login"]' in '100' second(s)

14-02-2025T09:36:15 - [MESSAGE][INFO] - Setting text of object 'Object Repository/ANEF_Eloignement_V_Nawres/Page_ANEF_Connexion/Input_UserNameAgent' to value 'test.gpe+970@outlook.fr'

14-02-2025T09:36:16 - [MESSAGE][PASSED] - Text 'test.gpe+970@outlook.fr' is set on object 'Object Repository/ANEF_Eloignement_V_Nawres/Page_ANEF_Connexion/Input_UserNameAgent'

14-02-2025T09:36:16 - [TEST_STEP][PASSED] - setText(findTestObject("Object Repository/ANEF_Eloignement_V_Nawres/Page_ANEF_Connexion/Input_PasswordAgent"), PwAgent): Text 'Natali123456!' is set on object 'Object Repository/ANEF_Eloignement_V_Nawres/Page_ANEF_Connexion/Input_PasswordAgent'

14-02-2025T09:36:16 - [MESSAGE][INFO] - Finding Test Object 'Object Repository/ANEF_Eloignement_V_Nawres/Page_ANEF_Connexion/Input_PasswordAgent'

14-02-2025T09:36:16 - [MESSAGE][INFO] - Checking timeout

14-02-2025T09:36:16 - [MESSAGE][INFO] - Finding web element with id: 'Object Repository/ANEF_Eloignement_V_Nawres/Page_ANEF_Connexion/Input_PasswordAgent' located by 'By.xpath: //*[@aria-labelledby="password-label"]|//*[@id="password"]' in '20' second(s)

14-02-2025T09:36:16 - [MESSAGE][INFO] - Found 1 web elements with id: 'Object Repository/ANEF_Eloignement_V_Nawres/Page_ANEF_Connexion/Input_PasswordAgent' located by 'By.xpath: //*[@aria-labelledby="password-label"]|//*[@id="password"]' in '20' second(s)

14-02-2025T09:36:16 - [MESSAGE][INFO] - Checking object

14-02-2025T09:36:16 - [MESSAGE][INFO] - Checking text

14-02-2025T09:36:16 - [MESSAGE][INFO] - Finding web element from Test Object's properties

14-02-2025T09:36:16 - [MESSAGE][INFO] - Checking timeout

14-02-2025T09:36:16 - [MESSAGE][INFO] - Finding web element with id: 'Object Repository/ANEF_Eloignement_V_Nawres/Page_ANEF_Connexion/Input_PasswordAgent' located by 'By.xpath: //*[@aria-labelledby="password-label"]|//*[@id="password"]' in '100' second(s)

14-02-2025T09:36:16 - [MESSAGE][INFO] - Found 1 web elements with id: 'Object Repository/ANEF_Eloignement_V_Nawres/Page_ANEF_Connexion/Input_PasswordAgent' located by 'By.xpath: //*[@aria-labelledby="password-label"]|//*[@id="password"]' in '100' second(s)

14-02-2025T09:36:16 - [MESSAGE][INFO] - Clearing text of object 'Object Repository/ANEF_Eloignement_V_Nawres/Page_ANEF_Connexion/Input_PasswordAgent'

14-02-2025T09:36:17 - [MESSAGE][INFO] - Finding web element from Test Object's properties

14-02-2025T09:36:17 - [MESSAGE][INFO] - Checking timeout

14-02-2025T09:36:17 - [MESSAGE][INFO] - Finding web element with id: 'Object Repository/ANEF_Eloignement_V_Nawres/Page_ANEF_Connexion/Input_PasswordAgent' located by 'By.xpath: //*[@aria-labelledby="password-label"]|//*[@id="password"]' in '100' second(s)

14-02-2025T09:36:17 - [MESSAGE][INFO] - Found 1 web elements with id: 'Object Repository/ANEF_Eloignement_V_Nawres/Page_ANEF_Connexion/Input_PasswordAgent' located by 'By.xpath: //*[@aria-labelledby="password-label"]|//*[@id="password"]' in '100' second(s)

14-02-2025T09:36:17 - [MESSAGE][INFO] - Setting text of object 'Object Repository/ANEF_Eloignement_V_Nawres/Page_ANEF_Connexion/Input_PasswordAgent' to value 'Natali123456!'

14-02-2025T09:36:18 - [MESSAGE][PASSED] - Text 'Natali123456!' is set on object 'Object Repository/ANEF_Eloignement_V_Nawres/Page_ANEF_Connexion/Input_PasswordAgent'

14-02-2025T09:36:18 - [TEST_STEP][PASSED] - click(findTestObject("Object Repository/ANEF_Eloignement_V_Nawres/Page_ANEF_Connexion/btn_Valider_Conx_Agent")): Object: 'Object Repository/ANEF_Eloignement_V_Nawres/Page_ANEF_Connexion/btn_Valider_Conx_Agent' is clicked on

14-02-2025T09:36:18 - [MESSAGE][INFO] - Finding Test Object 'Object Repository/ANEF_Eloignement_V_Nawres/Page_ANEF_Connexion/btn_Valider_Conx_Agent'

14-02-2025T09:36:18 - [MESSAGE][INFO] - Checking timeout

14-02-2025T09:36:18 - [MESSAGE][INFO] - Finding web element with id: 'Object Repository/ANEF_Eloignement_V_Nawres/Page_ANEF_Connexion/btn_Valider_Conx_Agent' located by 'By.xpath: //*[@label="Valider"]|//*[@id="btn-login"]' in '20' second(s)

14-02-2025T09:36:18 - [MESSAGE][INFO] - Found 1 web elements with id: 'Object Repository/ANEF_Eloignement_V_Nawres/Page_ANEF_Connexion/btn_Valider_Conx_Agent' located by 'By.xpath: //*[@label="Valider"]|//*[@id="btn-login"]' in '20' second(s)

14-02-2025T09:36:18 - [MESSAGE][INFO] - Checking object

14-02-2025T09:36:18 - [MESSAGE][INFO] - Checking timeout

14-02-2025T09:36:18 - [MESSAGE][INFO] - Finding web element from Test Object's properties

14-02-2025T09:36:18 - [MESSAGE][INFO] - Checking timeout

14-02-2025T09:36:18 - [MESSAGE][INFO] - Finding web element with id: 'Object Repository/ANEF_Eloignement_V_Nawres/Page_ANEF_Connexion/btn_Valider_Conx_Agent' located by 'By.xpath: //*[@label="Valider"]|//*[@id="btn-login"]' in '100' second(s)

14-02-2025T09:36:18 - [MESSAGE][INFO] - Found 1 web elements with id: 'Object Repository/ANEF_Eloignement_V_Nawres/Page_ANEF_Connexion/btn_Valider_Conx_Agent' located by 'By.xpath: //*[@label="Valider"]|//*[@id="btn-login"]' in '100' second(s)

14-02-2025T09:36:18 - [MESSAGE][INFO] - Clicking on object: 'Object Repository/ANEF_Eloignement_V_Nawres/Page_ANEF_Connexion/btn_Valider_Conx_Agent'

14-02-2025T09:36:19 - [MESSAGE][PASSED] - Object: 'Object Repository/ANEF_Eloignement_V_Nawres/Page_ANEF_Connexion/btn_Valider_Conx_Agent' is clicked on

14-02-2025T09:36:19 - [TEST_STEP][PASSED] - delay(5): Delayed 5 second(s)

14-02-2025T09:36:19 - [MESSAGE][INFO] - Delaying browser in 5 second(s)

14-02-2025T09:36:24 - [MESSAGE][PASSED] - Delayed 5 second(s)

14-02-2025T09:36:24 - [TEST_STEP][PASSED] - verifyElementPresent(findTestObject("Object Repository/ANEF_Eloignement_V_Nawres/Page_Accueil_Principale/btn_ANEF_Eloignement"), 1, STOP_ON_FAILURE): Object 'Object Repository/ANEF_Eloignement_V_Nawres/Page_Accueil_Principale/btn_ANEF_Eloignement' is present

14-02-2025T09:36:24 - [MESSAGE][INFO] - Finding Test Object 'Object Repository/ANEF_Eloignement_V_Nawres/Page_Accueil_Principale/btn_ANEF_Eloignement'

14-02-2025T09:36:24 - [MESSAGE][INFO] - Checking object

14-02-2025T09:36:24 - [MESSAGE][INFO] - Finding web element from Test Object's properties

14-02-2025T09:36:24 - [MESSAGE][INFO] - Checking timeout

14-02-2025T09:36:24 - [MESSAGE][INFO] - Finding web element with id: 'Object Repository/ANEF_Eloignement_V_Nawres/Page_Accueil_Principale/btn_ANEF_Eloignement' located by 'By.xpath: //span[contains(text()," ANEF Ã©loignement ")]' in '1' second(s)

14-02-2025T09:36:24 - [MESSAGE][INFO] - Found 1 web elements with id: 'Object Repository/ANEF_Eloignement_V_Nawres/Page_Accueil_Principale/btn_ANEF_Eloignement' located by 'By.xpath: //span[contains(text()," ANEF Ã©loignement ")]' in '1' second(s)

14-02-2025T09:36:24 - [MESSAGE][PASSED] - Object 'Object Repository/ANEF_Eloignement_V_Nawres/Page_Accueil_Principale/btn_ANEF_Eloignement' is present

14-02-2025T09:36:24 - [MESSAGE][PASSED] - Call Test Case 'Test Cases/Test Reutilisable/Main/ANEF_Eloignement_V_Nawres/ANEF_Identification' successfully

14-02-2025T09:36:24 - [TEST_STEP][PASSED] - callTestCase(findTestCase("Test Cases/Test Reutilisable/Main/ANEF_Eloignement_V_Nawres/ANEF_Creation_ou_Recherche_Dossier"), ["CreationOuRecherche":CreationOuRecherche, "NumeroEtranger":NumeroEtranger], STOP_ON_FAILURE): Call Test Case 'Test Cases/Test Reutilisable/Main/ANEF_Eloignement_V_Nawres/ANEF_Creation_ou_Recherche_Dossier' successfully

14-02-2025T09:36:24 - [MESSAGE][INFO] - Checking called Test Case

14-02-2025T09:36:24 - [MESSAGE][INFO] - Starting to call Test Case 'Test Cases/Test Reutilisable/Main/ANEF_Eloignement_V_Nawres/ANEF_Creation_ou_Recherche_Dossier'

14-02-2025T09:36:24 - [TEST_CASE][PASSED] - Test Cases/Test Reutilisable/Main/ANEF_Eloignement_V_Nawres/ANEF_Creation_ou_Recherche_Dossier: Test Cases/Test Reutilisable/Main/ANEF_Eloignement_V_Nawres/ANEF_Creation_ou_Recherche_Dossier

14-02-2025T09:36:24 - [TEST_STEP][PASSED] - click(findTestObject("Object Repository/ANEF_Eloignement_V_Nawres/Page_Accueil_Principale/btn_ANEF_Eloignement")): Object: 'Object Repository/ANEF_Eloignement_V_Nawres/Page_Accueil_Principale/btn_ANEF_Eloignement' is clicked on

14-02-2025T09:36:24 - [MESSAGE][INFO] - Finding Test Object 'Object Repository/ANEF_Eloignement_V_Nawres/Page_Accueil_Principale/btn_ANEF_Eloignement'

14-02-2025T09:36:24 - [MESSAGE][INFO] - Checking timeout

14-02-2025T09:36:24 - [MESSAGE][INFO] - Finding web element with id: 'Object Repository/ANEF_Eloignement_V_Nawres/Page_Accueil_Principale/btn_ANEF_Eloignement' located by 'By.xpath: //span[contains(text()," ANEF Ã©loignement ")]' in '20' second(s)

14-02-2025T09:36:25 - [MESSAGE][INFO] - Found 1 web elements with id: 'Object Repository/ANEF_Eloignement_V_Nawres/Page_Accueil_Principale/btn_ANEF_Eloignement' located by 'By.xpath: //span[contains(text()," ANEF Ã©loignement ")]' in '20' second(s)

14-02-2025T09:36:25 - [MESSAGE][INFO] - Checking object

14-02-2025T09:36:25 - [MESSAGE][INFO] - Checking timeout

14-02-2025T09:36:25 - [MESSAGE][INFO] - Finding web element from Test Object's properties

14-02-2025T09:36:25 - [MESSAGE][INFO] - Checking timeout

14-02-2025T09:36:25 - [MESSAGE][INFO] - Finding web element with id: 'Object Repository/ANEF_Eloignement_V_Nawres/Page_Accueil_Principale/btn_ANEF_Eloignement' located by 'By.xpath: //span[contains(text()," ANEF Ã©loignement ")]' in '100' second(s)

14-02-2025T09:36:25 - [MESSAGE][INFO] - Found 1 web elements with id: 'Object Repository/ANEF_Eloignement_V_Nawres/Page_Accueil_Principale/btn_ANEF_Eloignement' located by 'By.xpath: //span[contains(text()," ANEF Ã©loignement ")]' in '100' second(s)

14-02-2025T09:36:25 - [MESSAGE][INFO] - Clicking on object: 'Object Repository/ANEF_Eloignement_V_Nawres/Page_Accueil_Principale/btn_ANEF_Eloignement'

14-02-2025T09:36:28 - [MESSAGE][PASSED] - Object: 'Object Repository/ANEF_Eloignement_V_Nawres/Page_Accueil_Principale/btn_ANEF_Eloignement' is clicked on

14-02-2025T09:36:28 - [TEST_STEP][PASSED] - verifyElementPresent(findTestObject("Object Repository/ANEF_Eloignement_V_Nawres/Page_Creation_ou_Recherche_Dossier/btn_Rechercher_Dossier"), 1, STOP_ON_FAILURE): Object 'Object Repository/ANEF_Eloignement_V_Nawres/Page_Creation_ou_Recherche_Dossier/btn_Rechercher_Dossier' is present

14-02-2025T09:36:28 - [MESSAGE][INFO] - Finding Test Object 'Object Repository/ANEF_Eloignement_V_Nawres/Page_Creation_ou_Recherche_Dossier/btn_Rechercher_Dossier'

14-02-2025T09:36:28 - [MESSAGE][INFO] - Checking object

14-02-2025T09:36:28 - [MESSAGE][INFO] - Finding web element from Test Object's properties

14-02-2025T09:36:28 - [MESSAGE][INFO] - Checking timeout

14-02-2025T09:36:28 - [MESSAGE][INFO] - Finding web element with id: 'Object Repository/ANEF_Eloignement_V_Nawres/Page_Creation_ou_Recherche_Dossier/btn_Rechercher_Dossier' located by 'By.xpath: //button[@title="Rechercher un dossier"]' in '1' second(s)

14-02-2025T09:36:28 - [MESSAGE][INFO] - Found 1 web elements with id: 'Object Repository/ANEF_Eloignement_V_Nawres/Page_Creation_ou_Recherche_Dossier/btn_Rechercher_Dossier' located by 'By.xpath: //button[@title="Rechercher un dossier"]' in '1' second(s)

14-02-2025T09:36:28 - [MESSAGE][PASSED] - Object 'Object Repository/ANEF_Eloignement_V_Nawres/Page_Creation_ou_Recherche_Dossier/btn_Rechercher_Dossier' is present

14-02-2025T09:36:28 - [TEST_STEP][PASSED] - delay(5): Delayed 5 second(s)

14-02-2025T09:36:28 - [MESSAGE][INFO] - Delaying browser in 5 second(s)

14-02-2025T09:36:33 - [MESSAGE][PASSED] - Delayed 5 second(s)

14-02-2025T09:36:33 - [TEST_STEP][PASSED] - click(findTestObject("Object Repository/ANEF_Eloignement_V_Nawres/Page_Creation_ou_Recherche_Dossier/btn_Rechercher_Dossier")): Object: 'Object Repository/ANEF_Eloignement_V_Nawres/Page_Creation_ou_Recherche_Dossier/btn_Rechercher_Dossier' is clicked on

14-02-2025T09:36:33 - [MESSAGE][INFO] - Finding Test Object 'Object Repository/ANEF_Eloignement_V_Nawres/Page_Creation_ou_Recherche_Dossier/btn_Rechercher_Dossier'

14-02-2025T09:36:33 - [MESSAGE][INFO] - Checking timeout

14-02-2025T09:36:33 - [MESSAGE][INFO] - Finding web element with id: 'Object Repository/ANEF_Eloignement_V_Nawres/Page_Creation_ou_Recherche_Dossier/btn_Rechercher_Dossier' located by 'By.xpath: //button[@title="Rechercher un dossier"]' in '20' second(s)

14-02-2025T09:36:33 - [MESSAGE][INFO] - Found 1 web elements with id: 'Object Repository/ANEF_Eloignement_V_Nawres/Page_Creation_ou_Recherche_Dossier/btn_Rechercher_Dossier' located by 'By.xpath: //button[@title="Rechercher un dossier"]' in '20' second(s)

14-02-2025T09:36:33 - [MESSAGE][INFO] - Checking object

14-02-2025T09:36:33 - [MESSAGE][INFO] - Checking timeout

14-02-2025T09:36:33 - [MESSAGE][INFO] - Finding web element from Test Object's properties

14-02-2025T09:36:33 - [MESSAGE][INFO] - Checking timeout

14-02-2025T09:36:33 - [MESSAGE][INFO] - Finding web element with id: 'Object Repository/ANEF_Eloignement_V_Nawres/Page_Creation_ou_Recherche_Dossier/btn_Rechercher_Dossier' located by 'By.xpath: //button[@title="Rechercher un dossier"]' in '100' second(s)

14-02-2025T09:36:33 - [MESSAGE][INFO] - Found 1 web elements with id: 'Object Repository/ANEF_Eloignement_V_Nawres/Page_Creation_ou_Recherche_Dossier/btn_Rechercher_Dossier' located by 'By.xpath: //button[@title="Rechercher un dossier"]' in '100' second(s)

14-02-2025T09:36:33 - [MESSAGE][INFO] - Clicking on object: 'Object Repository/ANEF_Eloignement_V_Nawres/Page_Creation_ou_Recherche_Dossier/btn_Rechercher_Dossier'

14-02-2025T09:36:34 - [MESSAGE][PASSED] - Object: 'Object Repository/ANEF_Eloignement_V_Nawres/Page_Creation_ou_Recherche_Dossier/btn_Rechercher_Dossier' is clicked on

14-02-2025T09:36:34 - [TEST_STEP][PASSED] - if (CreationOuRecherche == "Creation"): null

14-02-2025T09:36:34 - [TEST_STEP][PASSED] - if (CreationOuRecherche == "Recherche"): Object: 'Object Repository/ANEF_Eloignement_V_Nawres/Page_Creation_ou_Recherche_Dossier/btn_Choisir_Dossier_Etranger' is clicked on

14-02-2025T09:36:34 - [TEST_STEP][PASSED] - setText(findTestObject("Object Repository/ANEF_Eloignement_V_Nawres/Page_Creation_ou_Recherche_Dossier/Input_Numero_etranger"), NumeroEtranger, STOP_ON_FAILURE): Text '7503181977' is set on object 'Object Repository/ANEF_Eloignement_V_Nawres/Page_Creation_ou_Recherche_Dossier/Input_Numero_etranger'

14-02-2025T09:36:34 - [MESSAGE][INFO] - Finding Test Object 'Object Repository/ANEF_Eloignement_V_Nawres/Page_Creation_ou_Recherche_Dossier/Input_Numero_etranger'

14-02-2025T09:36:34 - [MESSAGE][INFO] - Checking timeout

14-02-2025T09:36:34 - [MESSAGE][INFO] - Finding web element with id: 'Object Repository/ANEF_Eloignement_V_Nawres/Page_Creation_ou_Recherche_Dossier/Input_Numero_etranger' located by 'By.xpath: //app-identite-declaree-search-box//div/app-dsfr-input/div/input[@id="identifiant_agdref"]|//app-search-box//div/app-dsfr-input/div/input[@id="identifiant_agdref"]' in '20' second(s)

14-02-2025T09:36:34 - [MESSAGE][INFO] - Found 1 web elements with id: 'Object Repository/ANEF_Eloignement_V_Nawres/Page_Creation_ou_Recherche_Dossier/Input_Numero_etranger' located by 'By.xpath: //app-identite-declaree-search-box//div/app-dsfr-input/div/input[@id="identifiant_agdref"]|//app-search-box//div/app-dsfr-input/div/input[@id="identifiant_agdref"]' in '20' second(s)

14-02-2025T09:36:34 - [MESSAGE][INFO] - Checking object

14-02-2025T09:36:34 - [MESSAGE][INFO] - Checking text

14-02-2025T09:36:34 - [MESSAGE][INFO] - Finding web element from Test Object's properties

14-02-2025T09:36:34 - [MESSAGE][INFO] - Checking timeout

14-02-2025T09:36:34 - [MESSAGE][INFO] - Finding web element with id: 'Object Repository/ANEF_Eloignement_V_Nawres/Page_Creation_ou_Recherche_Dossier/Input_Numero_etranger' located by 'By.xpath: //app-identite-declaree-search-box//div/app-dsfr-input/div/input[@id="identifiant_agdref"]|//app-search-box//div/app-dsfr-input/div/input[@id="identifiant_agdref"]' in '100' second(s)

14-02-2025T09:36:34 - [MESSAGE][INFO] - Found 1 web elements with id: 'Object Repository/ANEF_Eloignement_V_Nawres/Page_Creation_ou_Recherche_Dossier/Input_Numero_etranger' located by 'By.xpath: //app-identite-declaree-search-box//div/app-dsfr-input/div/input[@id="identifiant_agdref"]|//app-search-box//div/app-dsfr-input/div/input[@id="identifiant_agdref"]' in '100' second(s)

14-02-2025T09:36:34 - [MESSAGE][INFO] - Clearing text of object 'Object Repository/ANEF_Eloignement_V_Nawres/Page_Creation_ou_Recherche_Dossier/Input_Numero_etranger'

14-02-2025T09:36:35 - [MESSAGE][INFO] - Finding web element from Test Object's properties

14-02-2025T09:36:35 - [MESSAGE][INFO] - Checking timeout

14-02-2025T09:36:35 - [MESSAGE][INFO] - Finding web element with id: 'Object Repository/ANEF_Eloignement_V_Nawres/Page_Creation_ou_Recherche_Dossier/Input_Numero_etranger' located by 'By.xpath: //app-identite-declaree-search-box//div/app-dsfr-input/div/input[@id="identifiant_agdref"]|//app-search-box//div/app-dsfr-input/div/input[@id="identifiant_agdref"]' in '100' second(s)

14-02-2025T09:36:35 - [MESSAGE][INFO] - Found 1 web elements with id: 'Object Repository/ANEF_Eloignement_V_Nawres/Page_Creation_ou_Recherche_Dossier/Input_Numero_etranger' located by 'By.xpath: //app-identite-declaree-search-box//div/app-dsfr-input/div/input[@id="identifiant_agdref"]|//app-search-box//div/app-dsfr-input/div/input[@id="identifiant_agdref"]' in '100' second(s)

14-02-2025T09:36:35 - [MESSAGE][INFO] - Setting text of object 'Object Repository/ANEF_Eloignement_V_Nawres/Page_Creation_ou_Recherche_Dossier/Input_Numero_etranger' to value '7503181977'

14-02-2025T09:36:36 - [MESSAGE][PASSED] - Text '7503181977' is set on object 'Object Repository/ANEF_Eloignement_V_Nawres/Page_Creation_ou_Recherche_Dossier/Input_Numero_etranger'

14-02-2025T09:36:36 - [TEST_STEP][PASSED] - click(findTestObject("Object Repository/ANEF_Eloignement_V_Nawres/Page_Creation_ou_Recherche_Dossier/Input_Numero_etranger"), STOP_ON_FAILURE): Object: 'Object Repository/ANEF_Eloignement_V_Nawres/Page_Creation_ou_Recherche_Dossier/Input_Numero_etranger' is clicked on

14-02-2025T09:36:36 - [MESSAGE][INFO] - Finding Test Object 'Object Repository/ANEF_Eloignement_V_Nawres/Page_Creation_ou_Recherche_Dossier/Input_Numero_etranger'

14-02-2025T09:36:36 - [MESSAGE][INFO] - Checking timeout

14-02-2025T09:36:36 - [MESSAGE][INFO] - Finding web element with id: 'Object Repository/ANEF_Eloignement_V_Nawres/Page_Creation_ou_Recherche_Dossier/Input_Numero_etranger' located by 'By.xpath: //app-identite-declaree-search-box//div/app-dsfr-input/div/input[@id="identifiant_agdref"]|//app-search-box//div/app-dsfr-input/div/input[@id="identifiant_agdref"]' in '20' second(s)

14-02-2025T09:36:36 - [MESSAGE][INFO] - Found 1 web elements with id: 'Object Repository/ANEF_Eloignement_V_Nawres/Page_Creation_ou_Recherche_Dossier/Input_Numero_etranger' located by 'By.xpath: //app-identite-declaree-search-box//div/app-dsfr-input/div/input[@id="identifiant_agdref"]|//app-search-box//div/app-dsfr-input/div/input[@id="identifiant_agdref"]' in '20' second(s)

14-02-2025T09:36:36 - [MESSAGE][INFO] - Checking object

14-02-2025T09:36:36 - [MESSAGE][INFO] - Checking timeout

14-02-2025T09:36:36 - [MESSAGE][INFO] - Finding web element from Test Object's properties

14-02-2025T09:36:36 - [MESSAGE][INFO] - Checking timeout

14-02-2025T09:36:36 - [MESSAGE][INFO] - Finding web element with id: 'Object Repository/ANEF_Eloignement_V_Nawres/Page_Creation_ou_Recherche_Dossier/Input_Numero_etranger' located by 'By.xpath: //app-identite-declaree-search-box//div/app-dsfr-input/div/input[@id="identifiant_agdref"]|//app-search-box//div/app-dsfr-input/div/input[@id="identifiant_agdref"]' in '100' second(s)

14-02-2025T09:36:36 - [MESSAGE][INFO] - Found 1 web elements with id: 'Object Repository/ANEF_Eloignement_V_Nawres/Page_Creation_ou_Recherche_Dossier/Input_Numero_etranger' located by 'By.xpath: //app-identite-declaree-search-box//div/app-dsfr-input/div/input[@id="identifiant_agdref"]|//app-search-box//div/app-dsfr-input/div/input[@id="identifiant_agdref"]' in '100' second(s)

14-02-2025T09:36:36 - [MESSAGE][INFO] - Clicking on object: 'Object Repository/ANEF_Eloignement_V_Nawres/Page_Creation_ou_Recherche_Dossier/Input_Numero_etranger'

14-02-2025T09:36:38 - [MESSAGE][PASSED] - Object: 'Object Repository/ANEF_Eloignement_V_Nawres/Page_Creation_ou_Recherche_Dossier/Input_Numero_etranger' is clicked on

14-02-2025T09:36:38 - [TEST_STEP][PASSED] - scrollToElement(findTestObject("Object Repository/ANEF_Eloignement_V_Nawres/Page_Creation_ou_Recherche_Dossier/btn_Lancer_La_Recherche"), 5, STOP_ON_FAILURE): Scroll to object 'Object Repository/ANEF_Eloignement_V_Nawres/Page_Creation_ou_Recherche_Dossier/btn_Lancer_La_Recherche' successfully

14-02-2025T09:36:38 - [MESSAGE][INFO] - Finding Test Object 'Object Repository/ANEF_Eloignement_V_Nawres/Page_Creation_ou_Recherche_Dossier/btn_Lancer_La_Recherche'

14-02-2025T09:36:38 - [MESSAGE][INFO] - Checking object

14-02-2025T09:36:38 - [MESSAGE][INFO] - Checking timeout

14-02-2025T09:36:38 - [MESSAGE][INFO] - Finding web element from Test Object's properties

14-02-2025T09:36:38 - [MESSAGE][INFO] - Checking timeout

14-02-2025T09:36:38 - [MESSAGE][INFO] - Finding web element with id: 'Object Repository/ANEF_Eloignement_V_Nawres/Page_Creation_ou_Recherche_Dossier/btn_Lancer_La_Recherche' located by 'By.xpath: //button[contains(text(),"Lancer la recherche ")]' in '100' second(s)

14-02-2025T09:36:38 - [MESSAGE][INFO] - Found 1 web elements with id: 'Object Repository/ANEF_Eloignement_V_Nawres/Page_Creation_ou_Recherche_Dossier/btn_Lancer_La_Recherche' located by 'By.xpath: //button[contains(text(),"Lancer la recherche ")]' in '100' second(s)

14-02-2025T09:36:38 - [MESSAGE][INFO] - Scrolling to object 'Object Repository/ANEF_Eloignement_V_Nawres/Page_Creation_ou_Recherche_Dossier/btn_Lancer_La_Recherche'

14-02-2025T09:36:38 - [MESSAGE][PASSED] - Scroll to object 'Object Repository/ANEF_Eloignement_V_Nawres/Page_Creation_ou_Recherche_Dossier/btn_Lancer_La_Recherche' successfully

14-02-2025T09:36:38 - [TEST_STEP][PASSED] - click(findTestObject("Object Repository/ANEF_Eloignement_V_Nawres/Page_Creation_ou_Recherche_Dossier/btn_Lancer_La_Recherche"), STOP_ON_FAILURE): Object: 'Object Repository/ANEF_Eloignement_V_Nawres/Page_Creation_ou_Recherche_Dossier/btn_Lancer_La_Recherche' is clicked on

14-02-2025T09:36:38 - [MESSAGE][INFO] - Finding Test Object 'Object Repository/ANEF_Eloignement_V_Nawres/Page_Creation_ou_Recherche_Dossier/btn_Lancer_La_Recherche'

14-02-2025T09:36:38 - [MESSAGE][INFO] - Checking timeout

14-02-2025T09:36:38 - [MESSAGE][INFO] - Finding web element with id: 'Object Repository/ANEF_Eloignement_V_Nawres/Page_Creation_ou_Recherche_Dossier/btn_Lancer_La_Recherche' located by 'By.xpath: //button[contains(text(),"Lancer la recherche ")]' in '20' second(s)

14-02-2025T09:36:38 - [MESSAGE][INFO] - Found 1 web elements with id: 'Object Repository/ANEF_Eloignement_V_Nawres/Page_Creation_ou_Recherche_Dossier/btn_Lancer_La_Recherche' located by 'By.xpath: //button[contains(text(),"Lancer la recherche ")]' in '20' second(s)

14-02-2025T09:36:38 - [MESSAGE][INFO] - Checking object

14-02-2025T09:36:38 - [MESSAGE][INFO] - Checking timeout

14-02-2025T09:36:38 - [MESSAGE][INFO] - Finding web element from Test Object's properties

14-02-2025T09:36:38 - [MESSAGE][INFO] - Checking timeout

14-02-2025T09:36:38 - [MESSAGE][INFO] - Finding web element with id: 'Object Repository/ANEF_Eloignement_V_Nawres/Page_Creation_ou_Recherche_Dossier/btn_Lancer_La_Recherche' located by 'By.xpath: //button[contains(text(),"Lancer la recherche ")]' in '100' second(s)

14-02-2025T09:36:38 - [MESSAGE][INFO] - Found 1 web elements with id: 'Object Repository/ANEF_Eloignement_V_Nawres/Page_Creation_ou_Recherche_Dossier/btn_Lancer_La_Recherche' located by 'By.xpath: //button[contains(text(),"Lancer la recherche ")]' in '100' second(s)

14-02-2025T09:36:38 - [MESSAGE][INFO] - Clicking on object: 'Object Repository/ANEF_Eloignement_V_Nawres/Page_Creation_ou_Recherche_Dossier/btn_Lancer_La_Recherche'

14-02-2025T09:36:39 - [MESSAGE][PASSED] - Object: 'Object Repository/ANEF_Eloignement_V_Nawres/Page_Creation_ou_Recherche_Dossier/btn_Lancer_La_Recherche' is clicked on

14-02-2025T09:36:39 - [TEST_STEP][PASSED] - delay(5): Delayed 5 second(s)

14-02-2025T09:36:39 - [MESSAGE][INFO] - Delaying browser in 5 second(s)

14-02-2025T09:36:44 - [MESSAGE][PASSED] - Delayed 5 second(s)

14-02-2025T09:36:44 - [TEST_STEP][PASSED] - scrollToElement(findTestObject("Object Repository/ANEF_Eloignement_V_Nawres/Page_Creation_ou_Recherche_Dossier/btn_Radio_Selectionner_Dossier"), 5, STOP_ON_FAILURE): Scroll to object 'Object Repository/ANEF_Eloignement_V_Nawres/Page_Creation_ou_Recherche_Dossier/btn_Radio_Selectionner_Dossier' successfully

14-02-2025T09:36:44 - [MESSAGE][INFO] - Finding Test Object 'Object Repository/ANEF_Eloignement_V_Nawres/Page_Creation_ou_Recherche_Dossier/btn_Radio_Selectionner_Dossier'

14-02-2025T09:36:44 - [MESSAGE][INFO] - Checking object

14-02-2025T09:36:44 - [MESSAGE][INFO] - Checking timeout

14-02-2025T09:36:44 - [MESSAGE][INFO] - Finding web element from Test Object's properties

14-02-2025T09:36:44 - [MESSAGE][INFO] - Checking timeout

14-02-2025T09:36:44 - [MESSAGE][INFO] - Finding web element with id: 'Object Repository/ANEF_Eloignement_V_Nawres/Page_Creation_ou_Recherche_Dossier/btn_Radio_Selectionner_Dossier' located by 'By.xpath: //app-search-etranger/app-search-result-etranger//table/tbody/tr//label' in '100' second(s)

14-02-2025T09:36:44 - [MESSAGE][INFO] - Found 1 web elements with id: 'Object Repository/ANEF_Eloignement_V_Nawres/Page_Creation_ou_Recherche_Dossier/btn_Radio_Selectionner_Dossier' located by 'By.xpath: //app-search-etranger/app-search-result-etranger//table/tbody/tr//label' in '100' second(s)

14-02-2025T09:36:44 - [MESSAGE][INFO] - Scrolling to object 'Object Repository/ANEF_Eloignement_V_Nawres/Page_Creation_ou_Recherche_Dossier/btn_Radio_Selectionner_Dossier'

14-02-2025T09:36:44 - [MESSAGE][PASSED] - Scroll to object 'Object Repository/ANEF_Eloignement_V_Nawres/Page_Creation_ou_Recherche_Dossier/btn_Radio_Selectionner_Dossier' successfully

14-02-2025T09:36:44 - [TEST_STEP][PASSED] - click(findTestObject("Object Repository/ANEF_Eloignement_V_Nawres/Page_Creation_ou_Recherche_Dossier/btn_Radio_Selectionner_Dossier"), STOP_ON_FAILURE): Object: 'Object Repository/ANEF_Eloignement_V_Nawres/Page_Creation_ou_Recherche_Dossier/btn_Radio_Selectionner_Dossier' is clicked on

14-02-2025T09:36:44 - [MESSAGE][INFO] - Finding Test Object 'Object Repository/ANEF_Eloignement_V_Nawres/Page_Creation_ou_Recherche_Dossier/btn_Radio_Selectionner_Dossier'

14-02-2025T09:36:44 - [MESSAGE][INFO] - Checking timeout

14-02-2025T09:36:44 - [MESSAGE][INFO] - Finding web element with id: 'Object Repository/ANEF_Eloignement_V_Nawres/Page_Creation_ou_Recherche_Dossier/btn_Radio_Selectionner_Dossier' located by 'By.xpath: //app-search-etranger/app-search-result-etranger//table/tbody/tr//label' in '20' second(s)

14-02-2025T09:36:44 - [MESSAGE][INFO] - Found 1 web elements with id: 'Object Repository/ANEF_Eloignement_V_Nawres/Page_Creation_ou_Recherche_Dossier/btn_Radio_Selectionner_Dossier' located by 'By.xpath: //app-search-etranger/app-search-result-etranger//table/tbody/tr//label' in '20' second(s)

14-02-2025T09:36:44 - [MESSAGE][INFO] - Checking object

14-02-2025T09:36:44 - [MESSAGE][INFO] - Checking timeout

14-02-2025T09:36:44 - [MESSAGE][INFO] - Finding web element from Test Object's properties

14-02-2025T09:36:44 - [MESSAGE][INFO] - Checking timeout

14-02-2025T09:36:44 - [MESSAGE][INFO] - Finding web element with id: 'Object Repository/ANEF_Eloignement_V_Nawres/Page_Creation_ou_Recherche_Dossier/btn_Radio_Selectionner_Dossier' located by 'By.xpath: //app-search-etranger/app-search-result-etranger//table/tbody/tr//label' in '100' second(s)

14-02-2025T09:36:44 - [MESSAGE][INFO] - Found 1 web elements with id: 'Object Repository/ANEF_Eloignement_V_Nawres/Page_Creation_ou_Recherche_Dossier/btn_Radio_Selectionner_Dossier' located by 'By.xpath: //app-search-etranger/app-search-result-etranger//table/tbody/tr//label' in '100' second(s)

14-02-2025T09:36:44 - [MESSAGE][INFO] - Clicking on object: 'Object Repository/ANEF_Eloignement_V_Nawres/Page_Creation_ou_Recherche_Dossier/btn_Radio_Selectionner_Dossier'

14-02-2025T09:36:45 - [MESSAGE][PASSED] - Object: 'Object Repository/ANEF_Eloignement_V_Nawres/Page_Creation_ou_Recherche_Dossier/btn_Radio_Selectionner_Dossier' is clicked on

14-02-2025T09:36:45 - [TEST_STEP][PASSED] - click(findTestObject("Object Repository/ANEF_Eloignement_V_Nawres/Page_Creation_ou_Recherche_Dossier/btn_Choisir_Dossier_Etranger"), STOP_ON_FAILURE): Object: 'Object Repository/ANEF_Eloignement_V_Nawres/Page_Creation_ou_Recherche_Dossier/btn_Choisir_Dossier_Etranger' is clicked on

14-02-2025T09:36:45 - [MESSAGE][INFO] - Finding Test Object 'Object Repository/ANEF_Eloignement_V_Nawres/Page_Creation_ou_Recherche_Dossier/btn_Choisir_Dossier_Etranger'

14-02-2025T09:36:45 - [MESSAGE][INFO] - Checking timeout

14-02-2025T09:36:45 - [MESSAGE][INFO] - Finding web element with id: 'Object Repository/ANEF_Eloignement_V_Nawres/Page_Creation_ou_Recherche_Dossier/btn_Choisir_Dossier_Etranger' located by 'By.xpath: //button[contains(text(),"Choisir un dossier Ã©tranger")]' in '20' second(s)

14-02-2025T09:36:45 - [MESSAGE][INFO] - Found 1 web elements with id: 'Object Repository/ANEF_Eloignement_V_Nawres/Page_Creation_ou_Recherche_Dossier/btn_Choisir_Dossier_Etranger' located by 'By.xpath: //button[contains(text(),"Choisir un dossier Ã©tranger")]' in '20' second(s)

14-02-2025T09:36:45 - [MESSAGE][INFO] - Checking object

14-02-2025T09:36:45 - [MESSAGE][INFO] - Checking timeout

14-02-2025T09:36:45 - [MESSAGE][INFO] - Finding web element from Test Object's properties

14-02-2025T09:36:45 - [MESSAGE][INFO] - Checking timeout

14-02-2025T09:36:45 - [MESSAGE][INFO] - Finding web element with id: 'Object Repository/ANEF_Eloignement_V_Nawres/Page_Creation_ou_Recherche_Dossier/btn_Choisir_Dossier_Etranger' located by 'By.xpath: //button[contains(text(),"Choisir un dossier Ã©tranger")]' in '100' second(s)

14-02-2025T09:36:45 - [MESSAGE][INFO] - Found 1 web elements with id: 'Object Repository/ANEF_Eloignement_V_Nawres/Page_Creation_ou_Recherche_Dossier/btn_Choisir_Dossier_Etranger' located by 'By.xpath: //button[contains(text(),"Choisir un dossier Ã©tranger")]' in '100' second(s)

14-02-2025T09:36:45 - [MESSAGE][INFO] - Clicking on object: 'Object Repository/ANEF_Eloignement_V_Nawres/Page_Creation_ou_Recherche_Dossier/btn_Choisir_Dossier_Etranger'

14-02-2025T09:36:46 - [MESSAGE][PASSED] - Object: 'Object Repository/ANEF_Eloignement_V_Nawres/Page_Creation_ou_Recherche_Dossier/btn_Choisir_Dossier_Etranger' is clicked on

14-02-2025T09:36:46 - [MESSAGE][PASSED] - Call Test Case 'Test Cases/Test Reutilisable/Main/ANEF_Eloignement_V_Nawres/ANEF_Creation_ou_Recherche_Dossier' successfully

14-02-2025T09:36:46 - [TEST_STEP][PASSED] - if (CreationOuRecherche == "Creation"): null

14-02-2025T09:36:46 - [TEST_STEP][PASSED] - println(NumeroEtranger): null

14-02-2025T09:36:46 - [TEST_STEP][PASSED] - callTestCase(findTestCase("Test Cases/Test Reutilisable/Main/ANEF_Eloignement_V_Nawres/ANEF_Prendre_Mesure"), ["Mesure":Mesure, "FondementLegal":FondementLegal, "NatureDeLacteExpulsion":NatureDeLacteExpulsion, "NatureDeLacteExpulsion":NatureDeLacteExpulsion, ... ], STOP_ON_FAILURE): Call Test Case 'Test Cases/Test Reutilisable/Main/ANEF_Eloignement_V_Nawres/ANEF_Prendre_Mesure' successfully

14-02-2025T09:36:47 - [MESSAGE][INFO] - Checking called Test Case

14-02-2025T09:36:47 - [MESSAGE][INFO] - Starting to call Test Case 'Test Cases/Test Reutilisable/Main/ANEF_Eloignement_V_Nawres/ANEF_Prendre_Mesure'

14-02-2025T09:36:47 - [TEST_CASE][PASSED] - Test Cases/Test Reutilisable/Main/ANEF_Eloignement_V_Nawres/ANEF_Prendre_Mesure: Test Cases/Test Reutilisable/Main/ANEF_Eloignement_V_Nawres/ANEF_Prendre_Mesure

14-02-2025T09:36:47 - [TEST_STEP][PASSED] - click(findTestObject("Object Repository/ANEF_Eloignement_V_Nawres/Page_Prendre_Mesure/btn_Prendre_Mesure"), STOP_ON_FAILURE): Object: 'Object Repository/ANEF_Eloignement_V_Nawres/Page_Prendre_Mesure/btn_Prendre_Mesure' is clicked on

14-02-2025T09:36:47 - [MESSAGE][INFO] - Finding Test Object 'Object Repository/ANEF_Eloignement_V_Nawres/Page_Prendre_Mesure/btn_Prendre_Mesure'

14-02-2025T09:36:47 - [MESSAGE][INFO] - Checking timeout

14-02-2025T09:36:47 - [MESSAGE][INFO] - Finding web element with id: 'Object Repository/ANEF_Eloignement_V_Nawres/Page_Prendre_Mesure/btn_Prendre_Mesure' located by 'By.xpath: //button[@title="Prendre une Mesure"]' in '20' second(s)

14-02-2025T09:36:47 - [MESSAGE][INFO] - Found 1 web elements with id: 'Object Repository/ANEF_Eloignement_V_Nawres/Page_Prendre_Mesure/btn_Prendre_Mesure' located by 'By.xpath: //button[@title="Prendre une Mesure"]' in '20' second(s)

14-02-2025T09:36:47 - [MESSAGE][INFO] - Checking object

14-02-2025T09:36:47 - [MESSAGE][INFO] - Checking timeout

14-02-2025T09:36:47 - [MESSAGE][INFO] - Finding web element from Test Object's properties

14-02-2025T09:36:47 - [MESSAGE][INFO] - Checking timeout

14-02-2025T09:36:47 - [MESSAGE][INFO] - Finding web element with id: 'Object Repository/ANEF_Eloignement_V_Nawres/Page_Prendre_Mesure/btn_Prendre_Mesure' located by 'By.xpath: //button[@title="Prendre une Mesure"]' in '100' second(s)

14-02-2025T09:36:47 - [MESSAGE][INFO] - Found 1 web elements with id: 'Object Repository/ANEF_Eloignement_V_Nawres/Page_Prendre_Mesure/btn_Prendre_Mesure' located by 'By.xpath: //button[@title="Prendre une Mesure"]' in '100' second(s)

14-02-2025T09:36:47 - [MESSAGE][INFO] - Clicking on object: 'Object Repository/ANEF_Eloignement_V_Nawres/Page_Prendre_Mesure/btn_Prendre_Mesure'

14-02-2025T09:36:48 - [MESSAGE][PASSED] - Object: 'Object Repository/ANEF_Eloignement_V_Nawres/Page_Prendre_Mesure/btn_Prendre_Mesure' is clicked on

14-02-2025T09:36:48 - [TEST_STEP][PASSED] - delay(5): Delayed 5 second(s)

14-02-2025T09:36:48 - [MESSAGE][INFO] - Delaying browser in 5 second(s)

14-02-2025T09:36:53 - [MESSAGE][PASSED] - Delayed 5 second(s)

14-02-2025T09:36:53 - [TEST_STEP][PASSED] - switch (Mesure): null

14-02-2025T09:36:53 - [TEST_STEP][PASSED] - case "Expulsion":: null

14-02-2025T09:36:53 - [TEST_STEP][PASSED] - waitForElementPresent(findTestObject("Object Repository/ANEF_Eloignement_V_Nawres/Page_Prendre_Mesure/select_Type_Mesure"), 10, STOP_ON_FAILURE): Object 'Object Repository/ANEF_Eloignement_V_Nawres/Page_Prendre_Mesure/select_Type_Mesure' is present

14-02-2025T09:36:53 - [MESSAGE][INFO] - Finding Test Object 'Object Repository/ANEF_Eloignement_V_Nawres/Page_Prendre_Mesure/select_Type_Mesure'

14-02-2025T09:36:53 - [MESSAGE][INFO] - Checking object

14-02-2025T09:36:53 - [MESSAGE][INFO] - Finding web element from Test Object's properties

14-02-2025T09:36:53 - [MESSAGE][INFO] - Checking timeout

14-02-2025T09:36:53 - [MESSAGE][INFO] - Finding web element with id: 'Object Repository/ANEF_Eloignement_V_Nawres/Page_Prendre_Mesure/select_Type_Mesure' located by 'By.xpath: //select[@id="typeMesure"]' in '10' second(s)

14-02-2025T09:36:53 - [MESSAGE][INFO] - Found 1 web elements with id: 'Object Repository/ANEF_Eloignement_V_Nawres/Page_Prendre_Mesure/select_Type_Mesure' located by 'By.xpath: //select[@id="typeMesure"]' in '10' second(s)

14-02-2025T09:36:53 - [MESSAGE][PASSED] - Object 'Object Repository/ANEF_Eloignement_V_Nawres/Page_Prendre_Mesure/select_Type_Mesure' is present

14-02-2025T09:36:53 - [TEST_STEP][PASSED] - selectOptionByLabel(findTestObject("Object Repository/ANEF_Eloignement_V_Nawres/Page_Prendre_Mesure/select_Type_Mesure"), "Expulsion", false, STOP_ON_FAILURE): All options with label 'Expulsion' are selected in object 'Object Repository/ANEF_Eloignement_V_Nawres/Page_Prendre_Mesure/select_Type_Mesure' 

14-02-2025T09:36:53 - [MESSAGE][INFO] - Finding Test Object 'Object Repository/ANEF_Eloignement_V_Nawres/Page_Prendre_Mesure/select_Type_Mesure'

14-02-2025T09:36:53 - [MESSAGE][INFO] - Checking timeout

14-02-2025T09:36:53 - [MESSAGE][INFO] - Finding web element with id: 'Object Repository/ANEF_Eloignement_V_Nawres/Page_Prendre_Mesure/select_Type_Mesure' located by 'By.xpath: //select[@id="typeMesure"]' in '20' second(s)

14-02-2025T09:36:53 - [MESSAGE][INFO] - Found 1 web elements with id: 'Object Repository/ANEF_Eloignement_V_Nawres/Page_Prendre_Mesure/select_Type_Mesure' located by 'By.xpath: //select[@id="typeMesure"]' in '20' second(s)

14-02-2025T09:36:53 - [MESSAGE][INFO] - Checking object

14-02-2025T09:36:53 - [MESSAGE][INFO] - Checking label parameter

14-02-2025T09:36:53 - [MESSAGE][INFO] - Finding web element from Test Object's properties

14-02-2025T09:36:53 - [MESSAGE][INFO] - Checking timeout

14-02-2025T09:36:53 - [MESSAGE][INFO] - Finding web element with id: 'Object Repository/ANEF_Eloignement_V_Nawres/Page_Prendre_Mesure/select_Type_Mesure' located by 'By.xpath: //select[@id="typeMesure"]' in '100' second(s)

14-02-2025T09:36:53 - [MESSAGE][INFO] - Found 1 web elements with id: 'Object Repository/ANEF_Eloignement_V_Nawres/Page_Prendre_Mesure/select_Type_Mesure' located by 'By.xpath: //select[@id="typeMesure"]' in '100' second(s)

14-02-2025T09:36:53 - [MESSAGE][INFO] - Selecting options on object 'Object Repository/ANEF_Eloignement_V_Nawres/Page_Prendre_Mesure/select_Type_Mesure' with label 'Expulsion' 

14-02-2025T09:36:54 - [MESSAGE][PASSED] - All options with label 'Expulsion' are selected in object 'Object Repository/ANEF_Eloignement_V_Nawres/Page_Prendre_Mesure/select_Type_Mesure' 

14-02-2025T09:36:54 - [TEST_STEP][PASSED] - click(findTestObject("Object Repository/ANEF_Eloignement_V_Nawres/Page_Prendre_Mesure/btn_Confirmer_Mesure"), STOP_ON_FAILURE): Object: 'Object Repository/ANEF_Eloignement_V_Nawres/Page_Prendre_Mesure/btn_Confirmer_Mesure' is clicked on

14-02-2025T09:36:54 - [MESSAGE][INFO] - Finding Test Object 'Object Repository/ANEF_Eloignement_V_Nawres/Page_Prendre_Mesure/btn_Confirmer_Mesure'

14-02-2025T09:36:54 - [MESSAGE][INFO] - Checking timeout

14-02-2025T09:36:54 - [MESSAGE][INFO] - Finding web element with id: 'Object Repository/ANEF_Eloignement_V_Nawres/Page_Prendre_Mesure/btn_Confirmer_Mesure' located by 'By.xpath: //button[@id="btn-confirme-decision"]' in '20' second(s)

14-02-2025T09:36:54 - [MESSAGE][INFO] - Found 1 web elements with id: 'Object Repository/ANEF_Eloignement_V_Nawres/Page_Prendre_Mesure/btn_Confirmer_Mesure' located by 'By.xpath: //button[@id="btn-confirme-decision"]' in '20' second(s)

14-02-2025T09:36:54 - [MESSAGE][INFO] - Checking object

14-02-2025T09:36:54 - [MESSAGE][INFO] - Checking timeout

14-02-2025T09:36:54 - [MESSAGE][INFO] - Finding web element from Test Object's properties

14-02-2025T09:36:54 - [MESSAGE][INFO] - Checking timeout

14-02-2025T09:36:54 - [MESSAGE][INFO] - Finding web element with id: 'Object Repository/ANEF_Eloignement_V_Nawres/Page_Prendre_Mesure/btn_Confirmer_Mesure' located by 'By.xpath: //button[@id="btn-confirme-decision"]' in '100' second(s)

14-02-2025T09:36:54 - [MESSAGE][INFO] - Found 1 web elements with id: 'Object Repository/ANEF_Eloignement_V_Nawres/Page_Prendre_Mesure/btn_Confirmer_Mesure' located by 'By.xpath: //button[@id="btn-confirme-decision"]' in '100' second(s)

14-02-2025T09:36:54 - [MESSAGE][INFO] - Clicking on object: 'Object Repository/ANEF_Eloignement_V_Nawres/Page_Prendre_Mesure/btn_Confirmer_Mesure'

14-02-2025T09:36:56 - [MESSAGE][PASSED] - Object: 'Object Repository/ANEF_Eloignement_V_Nawres/Page_Prendre_Mesure/btn_Confirmer_Mesure' is clicked on

14-02-2025T09:36:56 - [TEST_STEP][PASSED] - verifyElementPresent(findTestObject("Object Repository/ANEF_Eloignement_V_Nawres/Page_Prendre_Mesure/btn_Supprimer_Fiche_Mesure"), 2, STOP_ON_FAILURE): Object 'Object Repository/ANEF_Eloignement_V_Nawres/Page_Prendre_Mesure/btn_Supprimer_Fiche_Mesure' is present

14-02-2025T09:36:56 - [MESSAGE][INFO] - Finding Test Object 'Object Repository/ANEF_Eloignement_V_Nawres/Page_Prendre_Mesure/btn_Supprimer_Fiche_Mesure'

14-02-2025T09:36:56 - [MESSAGE][INFO] - Checking object

14-02-2025T09:36:56 - [MESSAGE][INFO] - Finding web element from Test Object's properties

14-02-2025T09:36:56 - [MESSAGE][INFO] - Checking timeout

14-02-2025T09:36:56 - [MESSAGE][INFO] - Finding web element with id: 'Object Repository/ANEF_Eloignement_V_Nawres/Page_Prendre_Mesure/btn_Supprimer_Fiche_Mesure' located by 'By.xpath: //button[@title="Supprimer une Mesure"]' in '2' second(s)

14-02-2025T09:36:56 - [MESSAGE][INFO] - Found 1 web elements with id: 'Object Repository/ANEF_Eloignement_V_Nawres/Page_Prendre_Mesure/btn_Supprimer_Fiche_Mesure' located by 'By.xpath: //button[@title="Supprimer une Mesure"]' in '2' second(s)

14-02-2025T09:36:56 - [MESSAGE][PASSED] - Object 'Object Repository/ANEF_Eloignement_V_Nawres/Page_Prendre_Mesure/btn_Supprimer_Fiche_Mesure' is present

14-02-2025T09:36:56 - [TEST_STEP][PASSED] - break: null

14-02-2025T09:36:56 - [TEST_STEP][PASSED] - callTestCase(findTestCase("Test Cases/Test Reutilisable/Main/ANEF_Eloignement_V_Nawres/ANEF_Prendre_Mesure_Formulaire"), ["Mesure":Mesure, "FondementLegal":FondementLegal, "NatureDeLacteExpulsion":NatureDeLacteExpulsion, "UrgenceAbsolueExpulsion":UrgenceAbsolueExpulsion, ... ], STOP_ON_FAILURE): Call Test Case 'Test Cases/Test Reutilisable/Main/ANEF_Eloignement_V_Nawres/ANEF_Prendre_Mesure_Formulaire' successfully

14-02-2025T09:36:56 - [MESSAGE][INFO] - Checking called Test Case

14-02-2025T09:36:56 - [MESSAGE][INFO] - Starting to call Test Case 'Test Cases/Test Reutilisable/Main/ANEF_Eloignement_V_Nawres/ANEF_Prendre_Mesure_Formulaire'

14-02-2025T09:36:56 - [TEST_CASE][PASSED] - Test Cases/Test Reutilisable/Main/ANEF_Eloignement_V_Nawres/ANEF_Prendre_Mesure_Formulaire: Test Cases/Test Reutilisable/Main/ANEF_Eloignement_V_Nawres/ANEF_Prendre_Mesure_Formulaire

14-02-2025T09:36:57 - [TEST_STEP][PASSED] - calendar = Calendar.getInstance(): null

14-02-2025T09:36:57 - [TEST_STEP][PASSED] - currentDate = calendar.getTime(): null

14-02-2025T09:36:57 - [TEST_STEP][PASSED] - sdf = new java.text.SimpleDateFormat(dd/MM/yyyy): null

14-02-2025T09:36:57 - [TEST_STEP][PASSED] - formattedDate = sdf.format(currentDate): null

14-02-2025T09:36:57 - [TEST_STEP][PASSED] - DateActuelle = formattedDate.toString(): null

14-02-2025T09:36:57 - [TEST_STEP][PASSED] - println(DateActuelle): null

14-02-2025T09:36:57 - [TEST_STEP][PASSED] - if (Mesure != "ITF"): null

14-02-2025T09:36:57 - [TEST_STEP][PASSED] - selectOptionByLabel(findTestObject("Object Repository/ANEF_Eloignement_V_Nawres/Page_Prendre_Mesure_Formulaire/select_Fondement_Legal"), FondementLegal, false, STOP_ON_FAILURE): All options with label 'L.631-1' are selected in object 'Object Repository/ANEF_Eloignement_V_Nawres/Page_Prendre_Mesure_Formulaire/select_Fondement_Legal' 

14-02-2025T09:36:57 - [MESSAGE][INFO] - Finding Test Object 'Object Repository/ANEF_Eloignement_V_Nawres/Page_Prendre_Mesure_Formulaire/select_Fondement_Legal'

14-02-2025T09:36:57 - [MESSAGE][INFO] - Checking timeout

14-02-2025T09:36:57 - [MESSAGE][INFO] - Finding web element with id: 'Object Repository/ANEF_Eloignement_V_Nawres/Page_Prendre_Mesure_Formulaire/select_Fondement_Legal' located by 'By.xpath: //select[@id="fondement_legal"]' in '20' second(s)

14-02-2025T09:36:57 - [MESSAGE][INFO] - Found 1 web elements with id: 'Object Repository/ANEF_Eloignement_V_Nawres/Page_Prendre_Mesure_Formulaire/select_Fondement_Legal' located by 'By.xpath: //select[@id="fondement_legal"]' in '20' second(s)

14-02-2025T09:36:57 - [MESSAGE][INFO] - Checking object

14-02-2025T09:36:57 - [MESSAGE][INFO] - Checking label parameter

14-02-2025T09:36:57 - [MESSAGE][INFO] - Finding web element from Test Object's properties

14-02-2025T09:36:57 - [MESSAGE][INFO] - Checking timeout

14-02-2025T09:36:57 - [MESSAGE][INFO] - Finding web element with id: 'Object Repository/ANEF_Eloignement_V_Nawres/Page_Prendre_Mesure_Formulaire/select_Fondement_Legal' located by 'By.xpath: //select[@id="fondement_legal"]' in '100' second(s)

14-02-2025T09:36:57 - [MESSAGE][INFO] - Found 1 web elements with id: 'Object Repository/ANEF_Eloignement_V_Nawres/Page_Prendre_Mesure_Formulaire/select_Fondement_Legal' located by 'By.xpath: //select[@id="fondement_legal"]' in '100' second(s)

14-02-2025T09:36:57 - [MESSAGE][INFO] - Selecting options on object 'Object Repository/ANEF_Eloignement_V_Nawres/Page_Prendre_Mesure_Formulaire/select_Fondement_Legal' with label 'L.631-1' 

14-02-2025T09:36:58 - [MESSAGE][PASSED] - All options with label 'L.631-1' are selected in object 'Object Repository/ANEF_Eloignement_V_Nawres/Page_Prendre_Mesure_Formulaire/select_Fondement_Legal' 

14-02-2025T09:36:58 - [TEST_STEP][PASSED] - if (Mesure == "Expulsion"): Object 'Object Repository/ANEF_Eloignement_V_Nawres/Page_Prendre_Mesure_Formulaire/select_Auteur_Decision' is clickable

14-02-2025T09:36:58 - [TEST_STEP][PASSED] - if (NatureDeLacteExpulsion == "AME"): null

14-02-2025T09:36:58 - [TEST_STEP][PASSED] - if (NatureDeLacteExpulsion == "APE"): Actual text and expected text of test object 'Object Repository/ANEF_Eloignement_V_Nawres/Page_Prendre_Mesure_Formulaire/p_AutoritÃ©_Decisionnaire' are matched.

14-02-2025T09:36:58 - [TEST_STEP][PASSED] - delay(5): Delayed 5 second(s)

14-02-2025T09:36:58 - [MESSAGE][INFO] - Delaying browser in 5 second(s)

14-02-2025T09:37:03 - [MESSAGE][PASSED] - Delayed 5 second(s)

14-02-2025T09:37:03 - [TEST_STEP][PASSED] - click(findTestObject("Object Repository/ANEF_Eloignement_V_Nawres/Page_Prendre_Mesure_Formulaire/btn_radio_Nature_Acte_APE_Expulsion"), STOP_ON_FAILURE): Object: 'Object Repository/ANEF_Eloignement_V_Nawres/Page_Prendre_Mesure_Formulaire/btn_radio_Nature_Acte_APE_Expulsion' is clicked on

14-02-2025T09:37:03 - [MESSAGE][INFO] - Finding Test Object 'Object Repository/ANEF_Eloignement_V_Nawres/Page_Prendre_Mesure_Formulaire/btn_radio_Nature_Acte_APE_Expulsion'

14-02-2025T09:37:03 - [MESSAGE][INFO] - Checking timeout

14-02-2025T09:37:03 - [MESSAGE][INFO] - Finding web element with id: 'Object Repository/ANEF_Eloignement_V_Nawres/Page_Prendre_Mesure_Formulaire/btn_radio_Nature_Acte_APE_Expulsion' located by 'By.xpath: //*[@id="ACCORDEON_FONDEMENT_LEGAL"]/form//app-dsfr-radio/div/fieldset//label[contains(text(),"APE")]' in '20' second(s)

14-02-2025T09:37:03 - [MESSAGE][INFO] - Found 1 web elements with id: 'Object Repository/ANEF_Eloignement_V_Nawres/Page_Prendre_Mesure_Formulaire/btn_radio_Nature_Acte_APE_Expulsion' located by 'By.xpath: //*[@id="ACCORDEON_FONDEMENT_LEGAL"]/form//app-dsfr-radio/div/fieldset//label[contains(text(),"APE")]' in '20' second(s)

14-02-2025T09:37:03 - [MESSAGE][INFO] - Checking object

14-02-2025T09:37:03 - [MESSAGE][INFO] - Checking timeout

14-02-2025T09:37:03 - [MESSAGE][INFO] - Finding web element from Test Object's properties

14-02-2025T09:37:03 - [MESSAGE][INFO] - Checking timeout

14-02-2025T09:37:03 - [MESSAGE][INFO] - Finding web element with id: 'Object Repository/ANEF_Eloignement_V_Nawres/Page_Prendre_Mesure_Formulaire/btn_radio_Nature_Acte_APE_Expulsion' located by 'By.xpath: //*[@id="ACCORDEON_FONDEMENT_LEGAL"]/form//app-dsfr-radio/div/fieldset//label[contains(text(),"APE")]' in '100' second(s)

14-02-2025T09:37:03 - [MESSAGE][INFO] - Found 1 web elements with id: 'Object Repository/ANEF_Eloignement_V_Nawres/Page_Prendre_Mesure_Formulaire/btn_radio_Nature_Acte_APE_Expulsion' located by 'By.xpath: //*[@id="ACCORDEON_FONDEMENT_LEGAL"]/form//app-dsfr-radio/div/fieldset//label[contains(text(),"APE")]' in '100' second(s)

14-02-2025T09:37:03 - [MESSAGE][INFO] - Clicking on object: 'Object Repository/ANEF_Eloignement_V_Nawres/Page_Prendre_Mesure_Formulaire/btn_radio_Nature_Acte_APE_Expulsion'

14-02-2025T09:37:04 - [MESSAGE][PASSED] - Object: 'Object Repository/ANEF_Eloignement_V_Nawres/Page_Prendre_Mesure_Formulaire/btn_radio_Nature_Acte_APE_Expulsion' is clicked on

14-02-2025T09:37:04 - [TEST_STEP][PASSED] - Autorite_Decisionnaire = getText(findTestObject("Object Repository/ANEF_Eloignement_V_Nawres/Page_Prendre_Mesure_Formulaire/p_AutoritÃ©_Decisionnaire"), STOP_ON_FAILURE): Text of object 'Object Repository/ANEF_Eloignement_V_Nawres/Page_Prendre_Mesure_Formulaire/p_AutoritÃ©_Decisionnaire' is: 'PrÃ©fet'

14-02-2025T09:37:04 - [MESSAGE][INFO] - Finding Test Object 'Object Repository/ANEF_Eloignement_V_Nawres/Page_Prendre_Mesure_Formulaire/p_AutoritÃ©_Decisionnaire'

14-02-2025T09:37:04 - [MESSAGE][INFO] - Checking object

14-02-2025T09:37:04 - [MESSAGE][INFO] - Finding web element from Test Object's properties

14-02-2025T09:37:04 - [MESSAGE][INFO] - Checking timeout

14-02-2025T09:37:04 - [MESSAGE][INFO] - Finding web element with id: 'Object Repository/ANEF_Eloignement_V_Nawres/Page_Prendre_Mesure_Formulaire/p_AutoritÃ©_Decisionnaire' located by 'By.xpath: //*[@id="ACCORDEON_FONDEMENT_LEGAL"]/form/div/div[1]/div[3]/p' in '100' second(s)

14-02-2025T09:37:04 - [MESSAGE][INFO] - Found 1 web elements with id: 'Object Repository/ANEF_Eloignement_V_Nawres/Page_Prendre_Mesure_Formulaire/p_AutoritÃ©_Decisionnaire' located by 'By.xpath: //*[@id="ACCORDEON_FONDEMENT_LEGAL"]/form/div/div[1]/div[3]/p' in '100' second(s)

14-02-2025T09:37:04 - [MESSAGE][INFO] - Getting text of object 'Object Repository/ANEF_Eloignement_V_Nawres/Page_Prendre_Mesure_Formulaire/p_AutoritÃ©_Decisionnaire'

14-02-2025T09:37:04 - [MESSAGE][PASSED] - Text of object 'Object Repository/ANEF_Eloignement_V_Nawres/Page_Prendre_Mesure_Formulaire/p_AutoritÃ©_Decisionnaire' is: 'PrÃ©fet'

14-02-2025T09:37:04 - [TEST_STEP][PASSED] - verifyElementText(findTestObject("Object Repository/ANEF_Eloignement_V_Nawres/Page_Prendre_Mesure_Formulaire/p_AutoritÃ©_Decisionnaire"), "PrÃ©fet", STOP_ON_FAILURE): Actual text and expected text of test object 'Object Repository/ANEF_Eloignement_V_Nawres/Page_Prendre_Mesure_Formulaire/p_AutoritÃ©_Decisionnaire' are matched.

14-02-2025T09:37:04 - [MESSAGE][INFO] - Finding Test Object 'Object Repository/ANEF_Eloignement_V_Nawres/Page_Prendre_Mesure_Formulaire/p_AutoritÃ©_Decisionnaire'

14-02-2025T09:37:04 - [MESSAGE][INFO] - Checking object

14-02-2025T09:37:04 - [MESSAGE][INFO] - Finding web element from Test Object's properties

14-02-2025T09:37:04 - [MESSAGE][INFO] - Checking timeout

14-02-2025T09:37:04 - [MESSAGE][INFO] - Finding web element with id: 'Object Repository/ANEF_Eloignement_V_Nawres/Page_Prendre_Mesure_Formulaire/p_AutoritÃ©_Decisionnaire' located by 'By.xpath: //*[@id="ACCORDEON_FONDEMENT_LEGAL"]/form/div/div[1]/div[3]/p' in '100' second(s)

14-02-2025T09:37:04 - [MESSAGE][INFO] - Found 1 web elements with id: 'Object Repository/ANEF_Eloignement_V_Nawres/Page_Prendre_Mesure_Formulaire/p_AutoritÃ©_Decisionnaire' located by 'By.xpath: //*[@id="ACCORDEON_FONDEMENT_LEGAL"]/form/div/div[1]/div[3]/p' in '100' second(s)

14-02-2025T09:37:04 - [MESSAGE][PASSED] - Actual text and expected text of test object 'Object Repository/ANEF_Eloignement_V_Nawres/Page_Prendre_Mesure_Formulaire/p_AutoritÃ©_Decisionnaire' are matched.

14-02-2025T09:37:04 - [TEST_STEP][PASSED] - if (UrgenceAbsolueExpulsion == "Non"): null

14-02-2025T09:37:04 - [TEST_STEP][PASSED] - if (UrgenceAbsolueExpulsion == "Oui"): Object 'Object Repository/ANEF_Eloignement_V_Nawres/Page_Prendre_Mesure_Formulaire/select_Auteur_Decision' is clickable

14-02-2025T09:37:04 - [TEST_STEP][PASSED] - click(findTestObject("Object Repository/ANEF_Eloignement_V_Nawres/Page_Prendre_Mesure_Formulaire/btn_radio_Urgence_Absolue_Oui"), STOP_ON_FAILURE): Object: 'Object Repository/ANEF_Eloignement_V_Nawres/Page_Prendre_Mesure_Formulaire/btn_radio_Urgence_Absolue_Oui' is clicked on

14-02-2025T09:37:04 - [MESSAGE][INFO] - Finding Test Object 'Object Repository/ANEF_Eloignement_V_Nawres/Page_Prendre_Mesure_Formulaire/btn_radio_Urgence_Absolue_Oui'

14-02-2025T09:37:04 - [MESSAGE][INFO] - Checking timeout

14-02-2025T09:37:04 - [MESSAGE][INFO] - Finding web element with id: 'Object Repository/ANEF_Eloignement_V_Nawres/Page_Prendre_Mesure_Formulaire/btn_radio_Urgence_Absolue_Oui' located by 'By.xpath: //*[@id="urgence-radio-btn"]/div/fieldset//label[contains(text(),"Oui")]' in '20' second(s)

14-02-2025T09:37:04 - [MESSAGE][INFO] - Found 1 web elements with id: 'Object Repository/ANEF_Eloignement_V_Nawres/Page_Prendre_Mesure_Formulaire/btn_radio_Urgence_Absolue_Oui' located by 'By.xpath: //*[@id="urgence-radio-btn"]/div/fieldset//label[contains(text(),"Oui")]' in '20' second(s)

14-02-2025T09:37:04 - [MESSAGE][INFO] - Checking object

14-02-2025T09:37:04 - [MESSAGE][INFO] - Checking timeout

14-02-2025T09:37:04 - [MESSAGE][INFO] - Finding web element from Test Object's properties

14-02-2025T09:37:04 - [MESSAGE][INFO] - Checking timeout

14-02-2025T09:37:04 - [MESSAGE][INFO] - Finding web element with id: 'Object Repository/ANEF_Eloignement_V_Nawres/Page_Prendre_Mesure_Formulaire/btn_radio_Urgence_Absolue_Oui' located by 'By.xpath: //*[@id="urgence-radio-btn"]/div/fieldset//label[contains(text(),"Oui")]' in '100' second(s)

14-02-2025T09:37:04 - [MESSAGE][INFO] - Found 1 web elements with id: 'Object Repository/ANEF_Eloignement_V_Nawres/Page_Prendre_Mesure_Formulaire/btn_radio_Urgence_Absolue_Oui' located by 'By.xpath: //*[@id="urgence-radio-btn"]/div/fieldset//label[contains(text(),"Oui")]' in '100' second(s)

14-02-2025T09:37:04 - [MESSAGE][INFO] - Clicking on object: 'Object Repository/ANEF_Eloignement_V_Nawres/Page_Prendre_Mesure_Formulaire/btn_radio_Urgence_Absolue_Oui'

14-02-2025T09:37:05 - [MESSAGE][PASSED] - Object: 'Object Repository/ANEF_Eloignement_V_Nawres/Page_Prendre_Mesure_Formulaire/btn_radio_Urgence_Absolue_Oui' is clicked on

14-02-2025T09:37:05 - [TEST_STEP][PASSED] - delay(5): Delayed 5 second(s)

14-02-2025T09:37:05 - [MESSAGE][INFO] - Delaying browser in 5 second(s)

14-02-2025T09:37:10 - [MESSAGE][PASSED] - Delayed 5 second(s)

14-02-2025T09:37:10 - [TEST_STEP][PASSED] - verifyElementClickable(findTestObject("Object Repository/ANEF_Eloignement_V_Nawres/Page_Prendre_Mesure_Formulaire/select_Pays_De_Renvoi")): Object 'Object Repository/ANEF_Eloignement_V_Nawres/Page_Prendre_Mesure_Formulaire/select_Pays_De_Renvoi' is clickable

14-02-2025T09:37:10 - [MESSAGE][INFO] - Finding Test Object 'Object Repository/ANEF_Eloignement_V_Nawres/Page_Prendre_Mesure_Formulaire/select_Pays_De_Renvoi'

14-02-2025T09:37:10 - [MESSAGE][INFO] - Checking object

14-02-2025T09:37:10 - [MESSAGE][INFO] - Finding web element from Test Object's properties

14-02-2025T09:37:10 - [MESSAGE][INFO] - Checking timeout

14-02-2025T09:37:10 - [MESSAGE][INFO] - Finding web element with id: 'Object Repository/ANEF_Eloignement_V_Nawres/Page_Prendre_Mesure_Formulaire/select_Pays_De_Renvoi' located by 'By.xpath: //select[@name="pays"]' in '100' second(s)

14-02-2025T09:37:10 - [MESSAGE][INFO] - Found 1 web elements with id: 'Object Repository/ANEF_Eloignement_V_Nawres/Page_Prendre_Mesure_Formulaire/select_Pays_De_Renvoi' located by 'By.xpath: //select[@name="pays"]' in '100' second(s)

14-02-2025T09:37:10 - [MESSAGE][PASSED] - Object 'Object Repository/ANEF_Eloignement_V_Nawres/Page_Prendre_Mesure_Formulaire/select_Pays_De_Renvoi' is clickable

14-02-2025T09:37:10 - [TEST_STEP][PASSED] - verifyElementClickable(findTestObject("Object Repository/ANEF_Eloignement_V_Nawres/Page_Prendre_Mesure_Formulaire/select_Auteur_Decision")): Object 'Object Repository/ANEF_Eloignement_V_Nawres/Page_Prendre_Mesure_Formulaire/select_Auteur_Decision' is clickable

14-02-2025T09:37:10 - [MESSAGE][INFO] - Finding Test Object 'Object Repository/ANEF_Eloignement_V_Nawres/Page_Prendre_Mesure_Formulaire/select_Auteur_Decision'

14-02-2025T09:37:10 - [MESSAGE][INFO] - Checking object

14-02-2025T09:37:10 - [MESSAGE][INFO] - Finding web element from Test Object's properties

14-02-2025T09:37:10 - [MESSAGE][INFO] - Checking timeout

14-02-2025T09:37:10 - [MESSAGE][INFO] - Finding web element with id: 'Object Repository/ANEF_Eloignement_V_Nawres/Page_Prendre_Mesure_Formulaire/select_Auteur_Decision' located by 'By.xpath: //select[@name="site_gestionnaire"]' in '100' second(s)

14-02-2025T09:37:10 - [MESSAGE][INFO] - Found 1 web elements with id: 'Object Repository/ANEF_Eloignement_V_Nawres/Page_Prendre_Mesure_Formulaire/select_Auteur_Decision' located by 'By.xpath: //select[@name="site_gestionnaire"]' in '100' second(s)

14-02-2025T09:37:10 - [MESSAGE][PASSED] - Object 'Object Repository/ANEF_Eloignement_V_Nawres/Page_Prendre_Mesure_Formulaire/select_Auteur_Decision' is clickable

14-02-2025T09:37:10 - [TEST_STEP][PASSED] - NumberUsagerRandom = tools.MyStringTools.getRandomNumber(10, 99): tools.MyStringTools.getRandomNumber is PASSED

14-02-2025T09:37:10 - [MESSAGE][PASSED] - tools.MyStringTools.getRandomNumber is PASSED

14-02-2025T09:37:10 - [TEST_STEP][PASSED] - println(NumberUsagerRandom): null

14-02-2025T09:37:10 - [TEST_STEP][PASSED] - RandomNumber = NumberUsagerRandom.toString(): null

14-02-2025T09:37:10 - [TEST_STEP][PASSED] - if (Mesure == "OQTF"): null

14-02-2025T09:37:10 - [TEST_STEP][PASSED] - if (Mesure == "RemiseSchengen"): null

14-02-2025T09:37:10 - [TEST_STEP][PASSED] - RandomNumber = tools.MyStringTools.getRandomNumber(1, 30): tools.MyStringTools.getRandomNumber is PASSED

14-02-2025T09:37:10 - [MESSAGE][PASSED] - tools.MyStringTools.getRandomNumber is PASSED

14-02-2025T09:37:10 - [TEST_STEP][PASSED] - println(RandomNumber): null

14-02-2025T09:37:10 - [TEST_STEP][PASSED] - RandomNumberSelect = RandomNumber.toString(): null

14-02-2025T09:37:10 - [TEST_STEP][PASSED] - if (Mesure == "TransfertDublin"): null

14-02-2025T09:37:10 - [TEST_STEP][PASSED] - if (Mesure == "ExecutionFicheSIS"): null

14-02-2025T09:37:10 - [TEST_STEP][PASSED] - if (Mesure == "IAT"): null

14-02-2025T09:37:10 - [TEST_STEP][PASSED] - if (Mesure == "ITF"): null

14-02-2025T09:37:10 - [TEST_STEP][PASSED] - click(findTestObject("Object Repository/ANEF_Eloignement_V_Nawres/Page_Prendre_Mesure_Formulaire/btn_Enregistrer"), STOP_ON_FAILURE): Object: 'Object Repository/ANEF_Eloignement_V_Nawres/Page_Prendre_Mesure_Formulaire/btn_Enregistrer' is clicked on

14-02-2025T09:37:10 - [MESSAGE][INFO] - Finding Test Object 'Object Repository/ANEF_Eloignement_V_Nawres/Page_Prendre_Mesure_Formulaire/btn_Enregistrer'

14-02-2025T09:37:10 - [MESSAGE][INFO] - Checking timeout

14-02-2025T09:37:10 - [MESSAGE][INFO] - Finding web element with id: 'Object Repository/ANEF_Eloignement_V_Nawres/Page_Prendre_Mesure_Formulaire/btn_Enregistrer' located by 'By.xpath: //button[contains(text(),"Enregistrer")]' in '20' second(s)

14-02-2025T09:37:10 - [MESSAGE][INFO] - Found 1 web elements with id: 'Object Repository/ANEF_Eloignement_V_Nawres/Page_Prendre_Mesure_Formulaire/btn_Enregistrer' located by 'By.xpath: //button[contains(text(),"Enregistrer")]' in '20' second(s)

14-02-2025T09:37:10 - [MESSAGE][INFO] - Checking object

14-02-2025T09:37:10 - [MESSAGE][INFO] - Checking timeout

14-02-2025T09:37:10 - [MESSAGE][INFO] - Finding web element from Test Object's properties

14-02-2025T09:37:10 - [MESSAGE][INFO] - Checking timeout

14-02-2025T09:37:10 - [MESSAGE][INFO] - Finding web element with id: 'Object Repository/ANEF_Eloignement_V_Nawres/Page_Prendre_Mesure_Formulaire/btn_Enregistrer' located by 'By.xpath: //button[contains(text(),"Enregistrer")]' in '100' second(s)

14-02-2025T09:37:10 - [MESSAGE][INFO] - Found 1 web elements with id: 'Object Repository/ANEF_Eloignement_V_Nawres/Page_Prendre_Mesure_Formulaire/btn_Enregistrer' located by 'By.xpath: //button[contains(text(),"Enregistrer")]' in '100' second(s)

14-02-2025T09:37:10 - [MESSAGE][INFO] - Clicking on object: 'Object Repository/ANEF_Eloignement_V_Nawres/Page_Prendre_Mesure_Formulaire/btn_Enregistrer'

14-02-2025T09:37:12 - [MESSAGE][PASSED] - Object: 'Object Repository/ANEF_Eloignement_V_Nawres/Page_Prendre_Mesure_Formulaire/btn_Enregistrer' is clicked on

14-02-2025T09:37:12 - [MESSAGE][PASSED] - Call Test Case 'Test Cases/Test Reutilisable/Main/ANEF_Eloignement_V_Nawres/ANEF_Prendre_Mesure_Formulaire' successfully

14-02-2025T09:37:12 - [MESSAGE][PASSED] - Call Test Case 'Test Cases/Test Reutilisable/Main/ANEF_Eloignement_V_Nawres/ANEF_Prendre_Mesure' successfully

14-02-2025T09:37:12 - [TEST_STEP][PASSED] - callTestCase(findTestCase("Test Cases/Test Reutilisable/Main/ANEF_Eloignement_V_Nawres/ANEF_Ajouter_Decision"), ["ModeNotification":ModeNotification], STOP_ON_FAILURE): Call Test Case 'Test Cases/Test Reutilisable/Main/ANEF_Eloignement_V_Nawres/ANEF_Ajouter_Decision' successfully

14-02-2025T09:37:12 - [MESSAGE][INFO] - Checking called Test Case

14-02-2025T09:37:12 - [MESSAGE][INFO] - Starting to call Test Case 'Test Cases/Test Reutilisable/Main/ANEF_Eloignement_V_Nawres/ANEF_Ajouter_Decision'

14-02-2025T09:37:12 - [TEST_CASE][PASSED] - Test Cases/Test Reutilisable/Main/ANEF_Eloignement_V_Nawres/ANEF_Ajouter_Decision: Test Cases/Test Reutilisable/Main/ANEF_Eloignement_V_Nawres/ANEF_Ajouter_Decision

14-02-2025T09:37:12 - [TEST_STEP][PASSED] - calendar = Calendar.getInstance(): null

14-02-2025T09:37:12 - [TEST_STEP][PASSED] - currentDate = calendar.getTime(): null

14-02-2025T09:37:12 - [TEST_STEP][PASSED] - sdf = new java.text.SimpleDateFormat(dd/MM/yyyy): null

14-02-2025T09:37:12 - [TEST_STEP][PASSED] - formattedDate = sdf.format(currentDate): null

14-02-2025T09:37:12 - [TEST_STEP][PASSED] - DateActuelle = formattedDate.toString(): null

14-02-2025T09:37:12 - [TEST_STEP][PASSED] - println(DateActuelle): null

14-02-2025T09:37:12 - [TEST_STEP][PASSED] - waitForElementClickable(findTestObject("Object Repository/ANEF_Eloignement_V_Nawres/Page_Ajouter_Decision/btn_Ajouter_Decision"), 20, STOP_ON_FAILURE): Object 'Object Repository/ANEF_Eloignement_V_Nawres/Page_Ajouter_Decision/btn_Ajouter_Decision' is clickable

14-02-2025T09:37:12 - [MESSAGE][INFO] - Finding Test Object 'Object Repository/ANEF_Eloignement_V_Nawres/Page_Ajouter_Decision/btn_Ajouter_Decision'

14-02-2025T09:37:12 - [MESSAGE][INFO] - Checking object

14-02-2025T09:37:12 - [MESSAGE][INFO] - Checking timeout

14-02-2025T09:37:12 - [MESSAGE][INFO] - Finding web element from Test Object's properties

14-02-2025T09:37:12 - [MESSAGE][INFO] - Checking timeout

14-02-2025T09:37:12 - [MESSAGE][INFO] - Finding web element with id: 'Object Repository/ANEF_Eloignement_V_Nawres/Page_Ajouter_Decision/btn_Ajouter_Decision' located by 'By.xpath: //button[contains(text(),"Ajouter une dÃ©cision")]' in '20' second(s)

14-02-2025T09:37:12 - [MESSAGE][INFO] - Found 1 web elements with id: 'Object Repository/ANEF_Eloignement_V_Nawres/Page_Ajouter_Decision/btn_Ajouter_Decision' located by 'By.xpath: //button[contains(text(),"Ajouter une dÃ©cision")]' in '20' second(s)

14-02-2025T09:37:12 - [MESSAGE][PASSED] - Object 'Object Repository/ANEF_Eloignement_V_Nawres/Page_Ajouter_Decision/btn_Ajouter_Decision' is clickable

14-02-2025T09:37:12 - [TEST_STEP][PASSED] - click(findTestObject("Object Repository/ANEF_Eloignement_V_Nawres/Page_Ajouter_Decision/btn_Ajouter_Decision"), STOP_ON_FAILURE): Object: 'Object Repository/ANEF_Eloignement_V_Nawres/Page_Ajouter_Decision/btn_Ajouter_Decision' is clicked on

14-02-2025T09:37:12 - [MESSAGE][INFO] - Finding Test Object 'Object Repository/ANEF_Eloignement_V_Nawres/Page_Ajouter_Decision/btn_Ajouter_Decision'

14-02-2025T09:37:12 - [MESSAGE][INFO] - Checking timeout

14-02-2025T09:37:12 - [MESSAGE][INFO] - Finding web element with id: 'Object Repository/ANEF_Eloignement_V_Nawres/Page_Ajouter_Decision/btn_Ajouter_Decision' located by 'By.xpath: //button[contains(text(),"Ajouter une dÃ©cision")]' in '20' second(s)

14-02-2025T09:37:12 - [MESSAGE][INFO] - Found 1 web elements with id: 'Object Repository/ANEF_Eloignement_V_Nawres/Page_Ajouter_Decision/btn_Ajouter_Decision' located by 'By.xpath: //button[contains(text(),"Ajouter une dÃ©cision")]' in '20' second(s)

14-02-2025T09:37:12 - [MESSAGE][INFO] - Checking object

14-02-2025T09:37:12 - [MESSAGE][INFO] - Checking timeout

14-02-2025T09:37:12 - [MESSAGE][INFO] - Finding web element from Test Object's properties

14-02-2025T09:37:12 - [MESSAGE][INFO] - Checking timeout

14-02-2025T09:37:12 - [MESSAGE][INFO] - Finding web element with id: 'Object Repository/ANEF_Eloignement_V_Nawres/Page_Ajouter_Decision/btn_Ajouter_Decision' located by 'By.xpath: //button[contains(text(),"Ajouter une dÃ©cision")]' in '100' second(s)

14-02-2025T09:37:12 - [MESSAGE][INFO] - Found 1 web elements with id: 'Object Repository/ANEF_Eloignement_V_Nawres/Page_Ajouter_Decision/btn_Ajouter_Decision' located by 'By.xpath: //button[contains(text(),"Ajouter une dÃ©cision")]' in '100' second(s)

14-02-2025T09:37:12 - [MESSAGE][INFO] - Clicking on object: 'Object Repository/ANEF_Eloignement_V_Nawres/Page_Ajouter_Decision/btn_Ajouter_Decision'

14-02-2025T09:37:13 - [MESSAGE][PASSED] - Object: 'Object Repository/ANEF_Eloignement_V_Nawres/Page_Ajouter_Decision/btn_Ajouter_Decision' is clicked on

14-02-2025T09:37:13 - [TEST_STEP][PASSED] - scrollToElement(findTestObject("Object Repository/ANEF_Eloignement_V_Nawres/Page_Ajouter_Decision/btn_Confirmer_Ajout_Decision"), 5, STOP_ON_FAILURE): Scroll to object 'Object Repository/ANEF_Eloignement_V_Nawres/Page_Ajouter_Decision/btn_Confirmer_Ajout_Decision' successfully

14-02-2025T09:37:13 - [MESSAGE][INFO] - Finding Test Object 'Object Repository/ANEF_Eloignement_V_Nawres/Page_Ajouter_Decision/btn_Confirmer_Ajout_Decision'

14-02-2025T09:37:13 - [MESSAGE][INFO] - Checking object

14-02-2025T09:37:13 - [MESSAGE][INFO] - Checking timeout

14-02-2025T09:37:13 - [MESSAGE][INFO] - Finding web element from Test Object's properties

14-02-2025T09:37:13 - [MESSAGE][INFO] - Checking timeout

14-02-2025T09:37:13 - [MESSAGE][INFO] - Finding web element with id: 'Object Repository/ANEF_Eloignement_V_Nawres/Page_Ajouter_Decision/btn_Confirmer_Ajout_Decision' located by 'By.xpath: //button[contains(text()," Confirmer l'ajout")]' in '100' second(s)

14-02-2025T09:37:13 - [MESSAGE][INFO] - Found 1 web elements with id: 'Object Repository/ANEF_Eloignement_V_Nawres/Page_Ajouter_Decision/btn_Confirmer_Ajout_Decision' located by 'By.xpath: //button[contains(text()," Confirmer l'ajout")]' in '100' second(s)

14-02-2025T09:37:13 - [MESSAGE][INFO] - Scrolling to object 'Object Repository/ANEF_Eloignement_V_Nawres/Page_Ajouter_Decision/btn_Confirmer_Ajout_Decision'

14-02-2025T09:37:13 - [MESSAGE][PASSED] - Scroll to object 'Object Repository/ANEF_Eloignement_V_Nawres/Page_Ajouter_Decision/btn_Confirmer_Ajout_Decision' successfully

14-02-2025T09:37:13 - [TEST_STEP][PASSED] - click(findTestObject("Object Repository/ANEF_Eloignement_V_Nawres/Page_Ajouter_Decision/btn_Confirmer_Ajout_Decision"), STOP_ON_FAILURE): Object: 'Object Repository/ANEF_Eloignement_V_Nawres/Page_Ajouter_Decision/btn_Confirmer_Ajout_Decision' is clicked on

14-02-2025T09:37:13 - [MESSAGE][INFO] - Finding Test Object 'Object Repository/ANEF_Eloignement_V_Nawres/Page_Ajouter_Decision/btn_Confirmer_Ajout_Decision'

14-02-2025T09:37:13 - [MESSAGE][INFO] - Checking timeout

14-02-2025T09:37:13 - [MESSAGE][INFO] - Finding web element with id: 'Object Repository/ANEF_Eloignement_V_Nawres/Page_Ajouter_Decision/btn_Confirmer_Ajout_Decision' located by 'By.xpath: //button[contains(text()," Confirmer l'ajout")]' in '20' second(s)

14-02-2025T09:37:13 - [MESSAGE][INFO] - Found 1 web elements with id: 'Object Repository/ANEF_Eloignement_V_Nawres/Page_Ajouter_Decision/btn_Confirmer_Ajout_Decision' located by 'By.xpath: //button[contains(text()," Confirmer l'ajout")]' in '20' second(s)

14-02-2025T09:37:13 - [MESSAGE][INFO] - Checking object

14-02-2025T09:37:13 - [MESSAGE][INFO] - Checking timeout

14-02-2025T09:37:13 - [MESSAGE][INFO] - Finding web element from Test Object's properties

14-02-2025T09:37:13 - [MESSAGE][INFO] - Checking timeout

14-02-2025T09:37:13 - [MESSAGE][INFO] - Finding web element with id: 'Object Repository/ANEF_Eloignement_V_Nawres/Page_Ajouter_Decision/btn_Confirmer_Ajout_Decision' located by 'By.xpath: //button[contains(text()," Confirmer l'ajout")]' in '100' second(s)

14-02-2025T09:37:13 - [MESSAGE][INFO] - Found 1 web elements with id: 'Object Repository/ANEF_Eloignement_V_Nawres/Page_Ajouter_Decision/btn_Confirmer_Ajout_Decision' located by 'By.xpath: //button[contains(text()," Confirmer l'ajout")]' in '100' second(s)

14-02-2025T09:37:13 - [MESSAGE][INFO] - Clicking on object: 'Object Repository/ANEF_Eloignement_V_Nawres/Page_Ajouter_Decision/btn_Confirmer_Ajout_Decision'

14-02-2025T09:37:14 - [MESSAGE][PASSED] - Object: 'Object Repository/ANEF_Eloignement_V_Nawres/Page_Ajouter_Decision/btn_Confirmer_Ajout_Decision' is clicked on

14-02-2025T09:37:14 - [TEST_STEP][PASSED] - waitForElementClickable(findTestObject("Object Repository/ANEF_Eloignement_V_Nawres/Page_Ajouter_Decision/btn_Confirmer_Notification"), 20, STOP_ON_FAILURE): Object 'Object Repository/ANEF_Eloignement_V_Nawres/Page_Ajouter_Decision/btn_Confirmer_Notification' is clickable

14-02-2025T09:37:14 - [MESSAGE][INFO] - Finding Test Object 'Object Repository/ANEF_Eloignement_V_Nawres/Page_Ajouter_Decision/btn_Confirmer_Notification'

14-02-2025T09:37:14 - [MESSAGE][INFO] - Checking object

14-02-2025T09:37:14 - [MESSAGE][INFO] - Checking timeout

14-02-2025T09:37:14 - [MESSAGE][INFO] - Finding web element from Test Object's properties

14-02-2025T09:37:14 - [MESSAGE][INFO] - Checking timeout

14-02-2025T09:37:14 - [MESSAGE][INFO] - Finding web element with id: 'Object Repository/ANEF_Eloignement_V_Nawres/Page_Ajouter_Decision/btn_Confirmer_Notification' located by 'By.xpath: //button[contains(text(),"Confirmer la notification")]' in '20' second(s)

14-02-2025T09:37:14 - [MESSAGE][INFO] - Found 1 web elements with id: 'Object Repository/ANEF_Eloignement_V_Nawres/Page_Ajouter_Decision/btn_Confirmer_Notification' located by 'By.xpath: //button[contains(text(),"Confirmer la notification")]' in '20' second(s)

14-02-2025T09:37:15 - [MESSAGE][PASSED] - Object 'Object Repository/ANEF_Eloignement_V_Nawres/Page_Ajouter_Decision/btn_Confirmer_Notification' is clickable

14-02-2025T09:37:15 - [TEST_STEP][PASSED] - click(findTestObject("Object Repository/ANEF_Eloignement_V_Nawres/Page_Ajouter_Decision/btn_Confirmer_Notification"), STOP_ON_FAILURE): Object: 'Object Repository/ANEF_Eloignement_V_Nawres/Page_Ajouter_Decision/btn_Confirmer_Notification' is clicked on

14-02-2025T09:37:15 - [MESSAGE][INFO] - Finding Test Object 'Object Repository/ANEF_Eloignement_V_Nawres/Page_Ajouter_Decision/btn_Confirmer_Notification'

14-02-2025T09:37:15 - [MESSAGE][INFO] - Checking timeout

14-02-2025T09:37:15 - [MESSAGE][INFO] - Finding web element with id: 'Object Repository/ANEF_Eloignement_V_Nawres/Page_Ajouter_Decision/btn_Confirmer_Notification' located by 'By.xpath: //button[contains(text(),"Confirmer la notification")]' in '20' second(s)

14-02-2025T09:37:15 - [MESSAGE][INFO] - Found 1 web elements with id: 'Object Repository/ANEF_Eloignement_V_Nawres/Page_Ajouter_Decision/btn_Confirmer_Notification' located by 'By.xpath: //button[contains(text(),"Confirmer la notification")]' in '20' second(s)

14-02-2025T09:37:15 - [MESSAGE][INFO] - Checking object

14-02-2025T09:37:15 - [MESSAGE][INFO] - Checking timeout

14-02-2025T09:37:15 - [MESSAGE][INFO] - Finding web element from Test Object's properties

14-02-2025T09:37:15 - [MESSAGE][INFO] - Checking timeout

14-02-2025T09:37:15 - [MESSAGE][INFO] - Finding web element with id: 'Object Repository/ANEF_Eloignement_V_Nawres/Page_Ajouter_Decision/btn_Confirmer_Notification' located by 'By.xpath: //button[contains(text(),"Confirmer la notification")]' in '100' second(s)

14-02-2025T09:37:15 - [MESSAGE][INFO] - Found 1 web elements with id: 'Object Repository/ANEF_Eloignement_V_Nawres/Page_Ajouter_Decision/btn_Confirmer_Notification' located by 'By.xpath: //button[contains(text(),"Confirmer la notification")]' in '100' second(s)

14-02-2025T09:37:15 - [MESSAGE][INFO] - Clicking on object: 'Object Repository/ANEF_Eloignement_V_Nawres/Page_Ajouter_Decision/btn_Confirmer_Notification'

14-02-2025T09:37:17 - [MESSAGE][PASSED] - Object: 'Object Repository/ANEF_Eloignement_V_Nawres/Page_Ajouter_Decision/btn_Confirmer_Notification' is clicked on

14-02-2025T09:37:17 - [TEST_STEP][PASSED] - selectOptionByLabel(findTestObject("Object Repository/ANEF_Eloignement_V_Nawres/Page_Ajouter_Decision/select_Mode_Notification"), ModeNotification, false, STOP_ON_FAILURE): All options with label 'Voie administrative' are selected in object 'Object Repository/ANEF_Eloignement_V_Nawres/Page_Ajouter_Decision/select_Mode_Notification' 

14-02-2025T09:37:17 - [MESSAGE][INFO] - Finding Test Object 'Object Repository/ANEF_Eloignement_V_Nawres/Page_Ajouter_Decision/select_Mode_Notification'

14-02-2025T09:37:17 - [MESSAGE][INFO] - Checking timeout

14-02-2025T09:37:17 - [MESSAGE][INFO] - Finding web element with id: 'Object Repository/ANEF_Eloignement_V_Nawres/Page_Ajouter_Decision/select_Mode_Notification' located by 'By.xpath: //app-notification-modal//form//app-dsfr-select/div/select[@id="mode_notification"]' in '20' second(s)

14-02-2025T09:37:17 - [MESSAGE][INFO] - Found 1 web elements with id: 'Object Repository/ANEF_Eloignement_V_Nawres/Page_Ajouter_Decision/select_Mode_Notification' located by 'By.xpath: //app-notification-modal//form//app-dsfr-select/div/select[@id="mode_notification"]' in '20' second(s)

14-02-2025T09:37:17 - [MESSAGE][INFO] - Checking object

14-02-2025T09:37:17 - [MESSAGE][INFO] - Checking label parameter

14-02-2025T09:37:17 - [MESSAGE][INFO] - Finding web element from Test Object's properties

14-02-2025T09:37:17 - [MESSAGE][INFO] - Checking timeout

14-02-2025T09:37:17 - [MESSAGE][INFO] - Finding web element with id: 'Object Repository/ANEF_Eloignement_V_Nawres/Page_Ajouter_Decision/select_Mode_Notification' located by 'By.xpath: //app-notification-modal//form//app-dsfr-select/div/select[@id="mode_notification"]' in '100' second(s)

14-02-2025T09:37:17 - [MESSAGE][INFO] - Found 1 web elements with id: 'Object Repository/ANEF_Eloignement_V_Nawres/Page_Ajouter_Decision/select_Mode_Notification' located by 'By.xpath: //app-notification-modal//form//app-dsfr-select/div/select[@id="mode_notification"]' in '100' second(s)

14-02-2025T09:37:17 - [MESSAGE][INFO] - Selecting options on object 'Object Repository/ANEF_Eloignement_V_Nawres/Page_Ajouter_Decision/select_Mode_Notification' with label 'Voie administrative' 

14-02-2025T09:37:18 - [MESSAGE][PASSED] - All options with label 'Voie administrative' are selected in object 'Object Repository/ANEF_Eloignement_V_Nawres/Page_Ajouter_Decision/select_Mode_Notification' 

14-02-2025T09:37:18 - [TEST_STEP][PASSED] - setText(findTestObject("Object Repository/ANEF_Eloignement_V_Nawres/Page_Ajouter_Decision/input_Date_Notification"), DateActuelle, STOP_ON_FAILURE): Text '14/02/2025' is set on object 'Object Repository/ANEF_Eloignement_V_Nawres/Page_Ajouter_Decision/input_Date_Notification'

14-02-2025T09:37:18 - [MESSAGE][INFO] - Finding Test Object 'Object Repository/ANEF_Eloignement_V_Nawres/Page_Ajouter_Decision/input_Date_Notification'

14-02-2025T09:37:18 - [MESSAGE][INFO] - Checking timeout

14-02-2025T09:37:18 - [MESSAGE][INFO] - Finding web element with id: 'Object Repository/ANEF_Eloignement_V_Nawres/Page_Ajouter_Decision/input_Date_Notification' located by 'By.xpath: //app-dsfr-input/div/input[@id="date_notification"]' in '20' second(s)

14-02-2025T09:37:18 - [MESSAGE][INFO] - Found 1 web elements with id: 'Object Repository/ANEF_Eloignement_V_Nawres/Page_Ajouter_Decision/input_Date_Notification' located by 'By.xpath: //app-dsfr-input/div/input[@id="date_notification"]' in '20' second(s)

14-02-2025T09:37:18 - [MESSAGE][INFO] - Checking object

14-02-2025T09:37:18 - [MESSAGE][INFO] - Checking text

14-02-2025T09:37:18 - [MESSAGE][INFO] - Finding web element from Test Object's properties

14-02-2025T09:37:18 - [MESSAGE][INFO] - Checking timeout

14-02-2025T09:37:18 - [MESSAGE][INFO] - Finding web element with id: 'Object Repository/ANEF_Eloignement_V_Nawres/Page_Ajouter_Decision/input_Date_Notification' located by 'By.xpath: //app-dsfr-input/div/input[@id="date_notification"]' in '100' second(s)

14-02-2025T09:37:18 - [MESSAGE][INFO] - Found 1 web elements with id: 'Object Repository/ANEF_Eloignement_V_Nawres/Page_Ajouter_Decision/input_Date_Notification' located by 'By.xpath: //app-dsfr-input/div/input[@id="date_notification"]' in '100' second(s)

14-02-2025T09:37:18 - [MESSAGE][INFO] - Clearing text of object 'Object Repository/ANEF_Eloignement_V_Nawres/Page_Ajouter_Decision/input_Date_Notification'

14-02-2025T09:37:19 - [MESSAGE][INFO] - Finding web element from Test Object's properties

14-02-2025T09:37:19 - [MESSAGE][INFO] - Checking timeout

14-02-2025T09:37:19 - [MESSAGE][INFO] - Finding web element with id: 'Object Repository/ANEF_Eloignement_V_Nawres/Page_Ajouter_Decision/input_Date_Notification' located by 'By.xpath: //app-dsfr-input/div/input[@id="date_notification"]' in '100' second(s)

14-02-2025T09:37:19 - [MESSAGE][INFO] - Found 1 web elements with id: 'Object Repository/ANEF_Eloignement_V_Nawres/Page_Ajouter_Decision/input_Date_Notification' located by 'By.xpath: //app-dsfr-input/div/input[@id="date_notification"]' in '100' second(s)

14-02-2025T09:37:19 - [MESSAGE][INFO] - Setting text of object 'Object Repository/ANEF_Eloignement_V_Nawres/Page_Ajouter_Decision/input_Date_Notification' to value '14/02/2025'

14-02-2025T09:37:20 - [MESSAGE][PASSED] - Text '14/02/2025' is set on object 'Object Repository/ANEF_Eloignement_V_Nawres/Page_Ajouter_Decision/input_Date_Notification'

14-02-2025T09:37:20 - [TEST_STEP][PASSED] - if (ModeNotification == "Voie administrative"): Text '14:30' is set on object 'Object Repository/ANEF_Eloignement_V_Nawres/Page_Ajouter_Decision/input_Heure_Notification'

14-02-2025T09:37:20 - [TEST_STEP][PASSED] - setText(findTestObject("Object Repository/ANEF_Eloignement_V_Nawres/Page_Ajouter_Decision/input_Heure_Notification"), "14:30", STOP_ON_FAILURE): Text '14:30' is set on object 'Object Repository/ANEF_Eloignement_V_Nawres/Page_Ajouter_Decision/input_Heure_Notification'

14-02-2025T09:37:20 - [MESSAGE][INFO] - Finding Test Object 'Object Repository/ANEF_Eloignement_V_Nawres/Page_Ajouter_Decision/input_Heure_Notification'

14-02-2025T09:37:20 - [MESSAGE][INFO] - Checking timeout

14-02-2025T09:37:20 - [MESSAGE][INFO] - Finding web element with id: 'Object Repository/ANEF_Eloignement_V_Nawres/Page_Ajouter_Decision/input_Heure_Notification' located by 'By.xpath: //app-notification-modal//form//app-dsfr-input/div/input[@id="heure_notification"]' in '20' second(s)

14-02-2025T09:37:20 - [MESSAGE][INFO] - Found 1 web elements with id: 'Object Repository/ANEF_Eloignement_V_Nawres/Page_Ajouter_Decision/input_Heure_Notification' located by 'By.xpath: //app-notification-modal//form//app-dsfr-input/div/input[@id="heure_notification"]' in '20' second(s)

14-02-2025T09:37:20 - [MESSAGE][INFO] - Checking object

14-02-2025T09:37:20 - [MESSAGE][INFO] - Checking text

14-02-2025T09:37:20 - [MESSAGE][INFO] - Finding web element from Test Object's properties

14-02-2025T09:37:20 - [MESSAGE][INFO] - Checking timeout

14-02-2025T09:37:20 - [MESSAGE][INFO] - Finding web element with id: 'Object Repository/ANEF_Eloignement_V_Nawres/Page_Ajouter_Decision/input_Heure_Notification' located by 'By.xpath: //app-notification-modal//form//app-dsfr-input/div/input[@id="heure_notification"]' in '100' second(s)

14-02-2025T09:37:20 - [MESSAGE][INFO] - Found 1 web elements with id: 'Object Repository/ANEF_Eloignement_V_Nawres/Page_Ajouter_Decision/input_Heure_Notification' located by 'By.xpath: //app-notification-modal//form//app-dsfr-input/div/input[@id="heure_notification"]' in '100' second(s)

14-02-2025T09:37:20 - [MESSAGE][INFO] - Clearing text of object 'Object Repository/ANEF_Eloignement_V_Nawres/Page_Ajouter_Decision/input_Heure_Notification'

14-02-2025T09:37:21 - [MESSAGE][INFO] - Finding web element from Test Object's properties

14-02-2025T09:37:21 - [MESSAGE][INFO] - Checking timeout

14-02-2025T09:37:21 - [MESSAGE][INFO] - Finding web element with id: 'Object Repository/ANEF_Eloignement_V_Nawres/Page_Ajouter_Decision/input_Heure_Notification' located by 'By.xpath: //app-notification-modal//form//app-dsfr-input/div/input[@id="heure_notification"]' in '100' second(s)

14-02-2025T09:37:21 - [MESSAGE][INFO] - Found 1 web elements with id: 'Object Repository/ANEF_Eloignement_V_Nawres/Page_Ajouter_Decision/input_Heure_Notification' located by 'By.xpath: //app-notification-modal//form//app-dsfr-input/div/input[@id="heure_notification"]' in '100' second(s)

14-02-2025T09:37:21 - [MESSAGE][INFO] - Setting text of object 'Object Repository/ANEF_Eloignement_V_Nawres/Page_Ajouter_Decision/input_Heure_Notification' to value '14:30'

14-02-2025T09:37:23 - [MESSAGE][PASSED] - Text '14:30' is set on object 'Object Repository/ANEF_Eloignement_V_Nawres/Page_Ajouter_Decision/input_Heure_Notification'

14-02-2025T09:37:23 - [TEST_STEP][PASSED] - uploadFile(findTestObject("Object Repository/ANEF_Eloignement_V_Nawres/Page_Ajouter_Decision/input_Ajouter_Fichier_Notification"), getProjectDir() + "/Data Files/Fichier_Test.pdf"): File 'C:/Users/nbenjemi/Katalon Studio/ANEF-ELOIGNEMENT-20250121/ANEF-ELOIGNEMENT-20250121/Data Files/Fichier_Test.pdf' sent to object: 'Object Repository/ANEF_Eloignement_V_Nawres/Page_Ajouter_Decision/input_Ajouter_Fichier_Notification'

14-02-2025T09:37:23 - [MESSAGE][INFO] - Finding Test Object 'Object Repository/ANEF_Eloignement_V_Nawres/Page_Ajouter_Decision/input_Ajouter_Fichier_Notification'

14-02-2025T09:37:23 - [MESSAGE][INFO] - Checking object

14-02-2025T09:37:23 - [MESSAGE][INFO] - Uploading file 'C:/Users/nbenjemi/Katalon Studio/ANEF-ELOIGNEMENT-20250121/ANEF-ELOIGNEMENT-20250121/Data Files/Fichier_Test.pdf' to object: 'Object Repository/ANEF_Eloignement_V_Nawres/Page_Ajouter_Decision/input_Ajouter_Fichier_Notification'

14-02-2025T09:37:23 - [MESSAGE][INFO] - Finding web element from Test Object's properties

14-02-2025T09:37:23 - [MESSAGE][INFO] - Checking timeout

14-02-2025T09:37:23 - [MESSAGE][INFO] - Finding web element with id: 'Object Repository/ANEF_Eloignement_V_Nawres/Page_Ajouter_Decision/input_Ajouter_Fichier_Notification' located by 'By.xpath: //app-notification-modal//form//app-dsfr-piece-jointe//input' in '100' second(s)

14-02-2025T09:37:23 - [MESSAGE][INFO] - Found 1 web elements with id: 'Object Repository/ANEF_Eloignement_V_Nawres/Page_Ajouter_Decision/input_Ajouter_Fichier_Notification' located by 'By.xpath: //app-notification-modal//form//app-dsfr-piece-jointe//input' in '100' second(s)

14-02-2025T09:37:24 - [MESSAGE][PASSED] - File 'C:/Users/nbenjemi/Katalon Studio/ANEF-ELOIGNEMENT-20250121/ANEF-ELOIGNEMENT-20250121/Data Files/Fichier_Test.pdf' sent to object: 'Object Repository/ANEF_Eloignement_V_Nawres/Page_Ajouter_Decision/input_Ajouter_Fichier_Notification'

14-02-2025T09:37:24 - [TEST_STEP][PASSED] - scrollToElement(findTestObject("Object Repository/ANEF_Eloignement_V_Nawres/Page_Ajouter_Decision/btn_Confirmer_Ajout_Notification"), 5, STOP_ON_FAILURE): Scroll to object 'Object Repository/ANEF_Eloignement_V_Nawres/Page_Ajouter_Decision/btn_Confirmer_Ajout_Notification' successfully

14-02-2025T09:37:24 - [MESSAGE][INFO] - Finding Test Object 'Object Repository/ANEF_Eloignement_V_Nawres/Page_Ajouter_Decision/btn_Confirmer_Ajout_Notification'

14-02-2025T09:37:24 - [MESSAGE][INFO] - Checking object

14-02-2025T09:37:24 - [MESSAGE][INFO] - Checking timeout

14-02-2025T09:37:24 - [MESSAGE][INFO] - Finding web element from Test Object's properties

14-02-2025T09:37:24 - [MESSAGE][INFO] - Checking timeout

14-02-2025T09:37:24 - [MESSAGE][INFO] - Finding web element with id: 'Object Repository/ANEF_Eloignement_V_Nawres/Page_Ajouter_Decision/btn_Confirmer_Ajout_Notification' located by 'By.xpath: //app-notification-modal//button[contains(text(),"Confirmer l'ajout")]' in '100' second(s)

14-02-2025T09:37:24 - [MESSAGE][INFO] - Found 1 web elements with id: 'Object Repository/ANEF_Eloignement_V_Nawres/Page_Ajouter_Decision/btn_Confirmer_Ajout_Notification' located by 'By.xpath: //app-notification-modal//button[contains(text(),"Confirmer l'ajout")]' in '100' second(s)

14-02-2025T09:37:24 - [MESSAGE][INFO] - Scrolling to object 'Object Repository/ANEF_Eloignement_V_Nawres/Page_Ajouter_Decision/btn_Confirmer_Ajout_Notification'

14-02-2025T09:37:24 - [MESSAGE][PASSED] - Scroll to object 'Object Repository/ANEF_Eloignement_V_Nawres/Page_Ajouter_Decision/btn_Confirmer_Ajout_Notification' successfully

14-02-2025T09:37:24 - [TEST_STEP][PASSED] - click(findTestObject("Object Repository/ANEF_Eloignement_V_Nawres/Page_Ajouter_Decision/btn_Confirmer_Ajout_Notification"), STOP_ON_FAILURE): Object: 'Object Repository/ANEF_Eloignement_V_Nawres/Page_Ajouter_Decision/btn_Confirmer_Ajout_Notification' is clicked on

14-02-2025T09:37:24 - [MESSAGE][INFO] - Finding Test Object 'Object Repository/ANEF_Eloignement_V_Nawres/Page_Ajouter_Decision/btn_Confirmer_Ajout_Notification'

14-02-2025T09:37:24 - [MESSAGE][INFO] - Checking timeout

14-02-2025T09:37:24 - [MESSAGE][INFO] - Finding web element with id: 'Object Repository/ANEF_Eloignement_V_Nawres/Page_Ajouter_Decision/btn_Confirmer_Ajout_Notification' located by 'By.xpath: //app-notification-modal//button[contains(text(),"Confirmer l'ajout")]' in '20' second(s)

14-02-2025T09:37:24 - [MESSAGE][INFO] - Found 1 web elements with id: 'Object Repository/ANEF_Eloignement_V_Nawres/Page_Ajouter_Decision/btn_Confirmer_Ajout_Notification' located by 'By.xpath: //app-notification-modal//button[contains(text(),"Confirmer l'ajout")]' in '20' second(s)

14-02-2025T09:37:24 - [MESSAGE][INFO] - Checking object

14-02-2025T09:37:24 - [MESSAGE][INFO] - Checking timeout

14-02-2025T09:37:24 - [MESSAGE][INFO] - Finding web element from Test Object's properties

14-02-2025T09:37:24 - [MESSAGE][INFO] - Checking timeout

14-02-2025T09:37:24 - [MESSAGE][INFO] - Finding web element with id: 'Object Repository/ANEF_Eloignement_V_Nawres/Page_Ajouter_Decision/btn_Confirmer_Ajout_Notification' located by 'By.xpath: //app-notification-modal//button[contains(text(),"Confirmer l'ajout")]' in '100' second(s)

14-02-2025T09:37:24 - [MESSAGE][INFO] - Found 1 web elements with id: 'Object Repository/ANEF_Eloignement_V_Nawres/Page_Ajouter_Decision/btn_Confirmer_Ajout_Notification' located by 'By.xpath: //app-notification-modal//button[contains(text(),"Confirmer l'ajout")]' in '100' second(s)

14-02-2025T09:37:24 - [MESSAGE][INFO] - Clicking on object: 'Object Repository/ANEF_Eloignement_V_Nawres/Page_Ajouter_Decision/btn_Confirmer_Ajout_Notification'

14-02-2025T09:37:25 - [MESSAGE][PASSED] - Object: 'Object Repository/ANEF_Eloignement_V_Nawres/Page_Ajouter_Decision/btn_Confirmer_Ajout_Notification' is clicked on

14-02-2025T09:37:25 - [TEST_STEP][PASSED] - waitForElementClickable(findTestObject("Object Repository/ANEF_Eloignement_V_Nawres/Page_Ajouter_Decision/btn_Enregistrer"), 7, STOP_ON_FAILURE): Object 'Object Repository/ANEF_Eloignement_V_Nawres/Page_Ajouter_Decision/btn_Enregistrer' is clickable

14-02-2025T09:37:25 - [MESSAGE][INFO] - Finding Test Object 'Object Repository/ANEF_Eloignement_V_Nawres/Page_Ajouter_Decision/btn_Enregistrer'

14-02-2025T09:37:25 - [MESSAGE][INFO] - Checking object

14-02-2025T09:37:25 - [MESSAGE][INFO] - Checking timeout

14-02-2025T09:37:25 - [MESSAGE][INFO] - Finding web element from Test Object's properties

14-02-2025T09:37:25 - [MESSAGE][INFO] - Checking timeout

14-02-2025T09:37:25 - [MESSAGE][INFO] - Finding web element with id: 'Object Repository/ANEF_Eloignement_V_Nawres/Page_Ajouter_Decision/btn_Enregistrer' located by 'By.xpath: //button[contains(text(),"Enregistrer")]' in '7' second(s)

14-02-2025T09:37:25 - [MESSAGE][INFO] - Found 1 web elements with id: 'Object Repository/ANEF_Eloignement_V_Nawres/Page_Ajouter_Decision/btn_Enregistrer' located by 'By.xpath: //button[contains(text(),"Enregistrer")]' in '7' second(s)

14-02-2025T09:37:25 - [MESSAGE][PASSED] - Object 'Object Repository/ANEF_Eloignement_V_Nawres/Page_Ajouter_Decision/btn_Enregistrer' is clickable

14-02-2025T09:37:25 - [MESSAGE][PASSED] - Call Test Case 'Test Cases/Test Reutilisable/Main/ANEF_Eloignement_V_Nawres/ANEF_Ajouter_Decision' successfully

14-02-2025T09:37:27 - [TEST_STEP][PASSED] - Video: Video recording for test case 'Test Cases/Cas D Utilisations/ANEF_Eloignement_V_Nawres/TC_ANEF_Eloignement' .

14-02-2025T09:37:27 - [MESSAGE][INFO] - Video recording for test case 'Test Cases/Cas D Utilisations/ANEF_Eloignement_V_Nawres/TC_ANEF_Eloignement' .]]></system-out>
         <system-err><![CDATA[]]></system-err>
      </testcase>
      <testcase name="Test Cases/Cas D Utilisations/ANEF_Eloignement_V_Nawres/TC_ANEF_Eloignement" time="84.21" classname="Test Cases/Cas D Utilisations/ANEF_Eloignement_V_Nawres/TC_ANEF_Eloignement" status="PASSED">
         <system-out><![CDATA[14-02-2025T09:37:27 - [TEST_CASE][PASSED] - Test Cases/Cas D Utilisations/ANEF_Eloignement_V_Nawres/TC_ANEF_Eloignement: Test Cases/Cas D Utilisations/ANEF_Eloignement_V_Nawres/TC_ANEF_Eloignement

14-02-2025T09:37:27 - [TEST_STEP][PASSED] - callTestCase(findTestCase("Test Cases/Test Reutilisable/Main/ANEF_Eloignement_V_Nawres/ANEF_Lancer_URL_ANEF"), ["Profiles":Profiles, "EnvExec":EnvExec], STOP_ON_FAILURE): Call Test Case 'Test Cases/Test Reutilisable/Main/ANEF_Eloignement_V_Nawres/ANEF_Lancer_URL_ANEF' successfully

14-02-2025T09:37:27 - [MESSAGE][INFO] - Checking called Test Case

14-02-2025T09:37:27 - [MESSAGE][INFO] - Starting to call Test Case 'Test Cases/Test Reutilisable/Main/ANEF_Eloignement_V_Nawres/ANEF_Lancer_URL_ANEF'

14-02-2025T09:37:27 - [TEST_CASE][PASSED] - Test Cases/Test Reutilisable/Main/ANEF_Eloignement_V_Nawres/ANEF_Lancer_URL_ANEF: Test Cases/Test Reutilisable/Main/ANEF_Eloignement_V_Nawres/ANEF_Lancer_URL_ANEF

14-02-2025T09:37:27 - [TEST_STEP][PASSED] - "Call Highlight.on() automatically": null

14-02-2025T09:37:27 - [TEST_STEP][PASSED] - projDir = getProjectDir(): null

14-02-2025T09:37:27 - [TEST_STEP][PASSED] - RunBrowserConfiguration = getExecutionProperties(): null

14-02-2025T09:37:27 - [TEST_STEP][PASSED] - DriverName = get("WebUI").get("browserType"): null

14-02-2025T09:37:27 - [TEST_STEP][PASSED] - println("DriverName :" + DriverName): null

14-02-2025T09:37:27 - [TEST_STEP][PASSED] - println("Driverpath :" + RunBrowserConfiguration.get("drivers")): null

14-02-2025T09:37:27 - [TEST_STEP][PASSED] - if (Profiles == "Usager"): null

14-02-2025T09:37:27 - [TEST_STEP][PASSED] - if (Profiles == "Agent"): Current window maximized

14-02-2025T09:37:27 - [TEST_STEP][PASSED] - if (EnvExec == "URLPortailAgentQualif"): Browser is opened with url: 'https://qualification.siaef.dgef.interieur.gouv.fr/sejour/#/accueil'

14-02-2025T09:37:27 - [TEST_STEP][PASSED] - openBrowser(URLPortailAgentQualif): Browser is opened with url: 'https://qualification.siaef.dgef.interieur.gouv.fr/sejour/#/accueil'

14-02-2025T09:37:27 - [MESSAGE][INFO] - Opening browser

14-02-2025T09:37:28 - [MESSAGE][WARNING] - A browser is already opened. Closing browser and opening a new one

14-02-2025T09:37:28 - [MESSAGE][INFO] - Starting 'Chrome' driver

14-02-2025T09:37:28 - [MESSAGE][INFO] - User set preference: ['args', '[--incognito, --disable-search-engine-choice-screen, --enable-automation, --disable-save-password-bubble, --start-maximized, --remote-allow-origins=*]']

14-02-2025T09:37:28 - [MESSAGE][INFO] - User set preference: ['prefs', '{download.default_directory=${GlobalVariable.downloadPath}, download_dir=${GlobalVariable.downloadPath}, download.prompt_for_download=false}']

14-02-2025T09:37:28 - [MESSAGE][INFO] - User set preference: ['loggingPrefs', '{browser=ALL}']

14-02-2025T09:37:28 - [MESSAGE][INFO] - Action delay is set to 1â€¯000 milliseconds

14-02-2025T09:37:30 - [MESSAGE][INFO] - Navigating browser to: 'https://qualification.siaef.dgef.interieur.gouv.fr/sejour/#/accueil'

14-02-2025T09:37:32 - [MESSAGE][PASSED] - Browser is opened with url: 'https://qualification.siaef.dgef.interieur.gouv.fr/sejour/#/accueil'

14-02-2025T09:37:32 - [TEST_STEP][PASSED] - if (EnvExec == "URLPortailAgentPreProd"): null

14-02-2025T09:37:32 - [TEST_STEP][PASSED] - maximizeWindow(): Current window maximized

14-02-2025T09:37:32 - [MESSAGE][INFO] - Maximizing current window

14-02-2025T09:37:32 - [MESSAGE][PASSED] - Current window maximized

14-02-2025T09:37:32 - [MESSAGE][PASSED] - Call Test Case 'Test Cases/Test Reutilisable/Main/ANEF_Eloignement_V_Nawres/ANEF_Lancer_URL_ANEF' successfully

14-02-2025T09:37:32 - [TEST_STEP][PASSED] - callTestCase(findTestCase("Test Cases/Test Reutilisable/Main/ANEF_Eloignement_V_Nawres/ANEF_Identification"), ["Profiles":Profiles, "IdentifiantAgent":IdentifiantAgent, "PwAgent":PwAgent, "EnvExec":EnvExec], STOP_ON_FAILURE): Call Test Case 'Test Cases/Test Reutilisable/Main/ANEF_Eloignement_V_Nawres/ANEF_Identification' successfully

14-02-2025T09:37:32 - [MESSAGE][INFO] - Checking called Test Case

14-02-2025T09:37:32 - [MESSAGE][INFO] - Starting to call Test Case 'Test Cases/Test Reutilisable/Main/ANEF_Eloignement_V_Nawres/ANEF_Identification'

14-02-2025T09:37:32 - [TEST_CASE][PASSED] - Test Cases/Test Reutilisable/Main/ANEF_Eloignement_V_Nawres/ANEF_Identification: Test Cases/Test Reutilisable/Main/ANEF_Eloignement_V_Nawres/ANEF_Identification

14-02-2025T09:37:32 - [TEST_STEP][PASSED] - com.kazurayam.ksbackyard.HighlightElement.pandemic(): com.kazurayam.ksbackyard.HighlightElement.pandemic is PASSED

14-02-2025T09:37:32 - [MESSAGE][PASSED] - com.kazurayam.ksbackyard.HighlightElement.pandemic is PASSED

14-02-2025T09:37:32 - [TEST_STEP][PASSED] - if (Profiles == "Usager"): null

14-02-2025T09:37:32 - [TEST_STEP][PASSED] - if (Profiles == "Agent"): Object: 'Object Repository/ANEF_Eloignement_V_Nawres/Page_ANEF_Connexion/btn_Valider_Conx_Agent' is clicked on

14-02-2025T09:37:32 - [TEST_STEP][PASSED] - if (EnvExec == "URLPortailAgentQualif"): Text 'Natali12345!' is set on object 'Object Repository/ANEF_Eloignement_V_Nawres/Page_ANEF_Connexion/Input_PasswordAgent'

14-02-2025T09:37:32 - [TEST_STEP][PASSED] - setText(findTestObject("Object Repository/ANEF_Eloignement_V_Nawres/Page_ANEF_Connexion/Input_UserNameAgent"), IdentifiantAgent): Text 'test.gpe+32@outlook.fr' is set on object 'Object Repository/ANEF_Eloignement_V_Nawres/Page_ANEF_Connexion/Input_UserNameAgent'

14-02-2025T09:37:32 - [MESSAGE][INFO] - Finding Test Object 'Object Repository/ANEF_Eloignement_V_Nawres/Page_ANEF_Connexion/Input_UserNameAgent'

14-02-2025T09:37:32 - [MESSAGE][INFO] - Checking timeout

14-02-2025T09:37:32 - [MESSAGE][INFO] - Finding web element with id: 'Object Repository/ANEF_Eloignement_V_Nawres/Page_ANEF_Connexion/Input_UserNameAgent' located by 'By.xpath: //*[@aria-labelledby="username-label"]|//*[@id="login"]' in '20' second(s)

14-02-2025T09:37:32 - [MESSAGE][INFO] - Found 1 web elements with id: 'Object Repository/ANEF_Eloignement_V_Nawres/Page_ANEF_Connexion/Input_UserNameAgent' located by 'By.xpath: //*[@aria-labelledby="username-label"]|//*[@id="login"]' in '20' second(s)

14-02-2025T09:37:32 - [MESSAGE][INFO] - Checking object

14-02-2025T09:37:32 - [MESSAGE][INFO] - Checking text

14-02-2025T09:37:32 - [MESSAGE][INFO] - Finding web element from Test Object's properties

14-02-2025T09:37:32 - [MESSAGE][INFO] - Checking timeout

14-02-2025T09:37:32 - [MESSAGE][INFO] - Finding web element with id: 'Object Repository/ANEF_Eloignement_V_Nawres/Page_ANEF_Connexion/Input_UserNameAgent' located by 'By.xpath: //*[@aria-labelledby="username-label"]|//*[@id="login"]' in '100' second(s)

14-02-2025T09:37:32 - [MESSAGE][INFO] - Found 1 web elements with id: 'Object Repository/ANEF_Eloignement_V_Nawres/Page_ANEF_Connexion/Input_UserNameAgent' located by 'By.xpath: //*[@aria-labelledby="username-label"]|//*[@id="login"]' in '100' second(s)

14-02-2025T09:37:32 - [MESSAGE][INFO] - Clearing text of object 'Object Repository/ANEF_Eloignement_V_Nawres/Page_ANEF_Connexion/Input_UserNameAgent'

14-02-2025T09:37:33 - [MESSAGE][INFO] - Finding web element from Test Object's properties

14-02-2025T09:37:33 - [MESSAGE][INFO] - Checking timeout

14-02-2025T09:37:33 - [MESSAGE][INFO] - Finding web element with id: 'Object Repository/ANEF_Eloignement_V_Nawres/Page_ANEF_Connexion/Input_UserNameAgent' located by 'By.xpath: //*[@aria-labelledby="username-label"]|//*[@id="login"]' in '100' second(s)

14-02-2025T09:37:33 - [MESSAGE][INFO] - Found 1 web elements with id: 'Object Repository/ANEF_Eloignement_V_Nawres/Page_ANEF_Connexion/Input_UserNameAgent' located by 'By.xpath: //*[@aria-labelledby="username-label"]|//*[@id="login"]' in '100' second(s)

14-02-2025T09:37:33 - [MESSAGE][INFO] - Setting text of object 'Object Repository/ANEF_Eloignement_V_Nawres/Page_ANEF_Connexion/Input_UserNameAgent' to value 'test.gpe+32@outlook.fr'

14-02-2025T09:37:35 - [MESSAGE][PASSED] - Text 'test.gpe+32@outlook.fr' is set on object 'Object Repository/ANEF_Eloignement_V_Nawres/Page_ANEF_Connexion/Input_UserNameAgent'

14-02-2025T09:37:35 - [TEST_STEP][PASSED] - setText(findTestObject("Object Repository/ANEF_Eloignement_V_Nawres/Page_ANEF_Connexion/Input_PasswordAgent"), PwAgent): Text 'Natali12345!' is set on object 'Object Repository/ANEF_Eloignement_V_Nawres/Page_ANEF_Connexion/Input_PasswordAgent'

14-02-2025T09:37:35 - [MESSAGE][INFO] - Finding Test Object 'Object Repository/ANEF_Eloignement_V_Nawres/Page_ANEF_Connexion/Input_PasswordAgent'

14-02-2025T09:37:35 - [MESSAGE][INFO] - Checking timeout

14-02-2025T09:37:35 - [MESSAGE][INFO] - Finding web element with id: 'Object Repository/ANEF_Eloignement_V_Nawres/Page_ANEF_Connexion/Input_PasswordAgent' located by 'By.xpath: //*[@aria-labelledby="password-label"]|//*[@id="password"]' in '20' second(s)

14-02-2025T09:37:35 - [MESSAGE][INFO] - Found 1 web elements with id: 'Object Repository/ANEF_Eloignement_V_Nawres/Page_ANEF_Connexion/Input_PasswordAgent' located by 'By.xpath: //*[@aria-labelledby="password-label"]|//*[@id="password"]' in '20' second(s)

14-02-2025T09:37:35 - [MESSAGE][INFO] - Checking object

14-02-2025T09:37:35 - [MESSAGE][INFO] - Checking text

14-02-2025T09:37:35 - [MESSAGE][INFO] - Finding web element from Test Object's properties

14-02-2025T09:37:35 - [MESSAGE][INFO] - Checking timeout

14-02-2025T09:37:35 - [MESSAGE][INFO] - Finding web element with id: 'Object Repository/ANEF_Eloignement_V_Nawres/Page_ANEF_Connexion/Input_PasswordAgent' located by 'By.xpath: //*[@aria-labelledby="password-label"]|//*[@id="password"]' in '100' second(s)

14-02-2025T09:37:35 - [MESSAGE][INFO] - Found 1 web elements with id: 'Object Repository/ANEF_Eloignement_V_Nawres/Page_ANEF_Connexion/Input_PasswordAgent' located by 'By.xpath: //*[@aria-labelledby="password-label"]|//*[@id="password"]' in '100' second(s)

14-02-2025T09:37:35 - [MESSAGE][INFO] - Clearing text of object 'Object Repository/ANEF_Eloignement_V_Nawres/Page_ANEF_Connexion/Input_PasswordAgent'

14-02-2025T09:37:36 - [MESSAGE][INFO] - Finding web element from Test Object's properties

14-02-2025T09:37:36 - [MESSAGE][INFO] - Checking timeout

14-02-2025T09:37:36 - [MESSAGE][INFO] - Finding web element with id: 'Object Repository/ANEF_Eloignement_V_Nawres/Page_ANEF_Connexion/Input_PasswordAgent' located by 'By.xpath: //*[@aria-labelledby="password-label"]|//*[@id="password"]' in '100' second(s)

14-02-2025T09:37:36 - [MESSAGE][INFO] - Found 1 web elements with id: 'Object Repository/ANEF_Eloignement_V_Nawres/Page_ANEF_Connexion/Input_PasswordAgent' located by 'By.xpath: //*[@aria-labelledby="password-label"]|//*[@id="password"]' in '100' second(s)

14-02-2025T09:37:36 - [MESSAGE][INFO] - Setting text of object 'Object Repository/ANEF_Eloignement_V_Nawres/Page_ANEF_Connexion/Input_PasswordAgent' to value 'Natali12345!'

14-02-2025T09:37:37 - [MESSAGE][PASSED] - Text 'Natali12345!' is set on object 'Object Repository/ANEF_Eloignement_V_Nawres/Page_ANEF_Connexion/Input_PasswordAgent'

14-02-2025T09:37:37 - [TEST_STEP][PASSED] - if (EnvExec == "URLPortailAgentPreProd"): null

14-02-2025T09:37:37 - [TEST_STEP][PASSED] - click(findTestObject("Object Repository/ANEF_Eloignement_V_Nawres/Page_ANEF_Connexion/btn_Valider_Conx_Agent")): Object: 'Object Repository/ANEF_Eloignement_V_Nawres/Page_ANEF_Connexion/btn_Valider_Conx_Agent' is clicked on

14-02-2025T09:37:37 - [MESSAGE][INFO] - Finding Test Object 'Object Repository/ANEF_Eloignement_V_Nawres/Page_ANEF_Connexion/btn_Valider_Conx_Agent'

14-02-2025T09:37:37 - [MESSAGE][INFO] - Checking timeout

14-02-2025T09:37:37 - [MESSAGE][INFO] - Finding web element with id: 'Object Repository/ANEF_Eloignement_V_Nawres/Page_ANEF_Connexion/btn_Valider_Conx_Agent' located by 'By.xpath: //*[@label="Valider"]|//*[@id="btn-login"]' in '20' second(s)

14-02-2025T09:37:37 - [MESSAGE][INFO] - Found 1 web elements with id: 'Object Repository/ANEF_Eloignement_V_Nawres/Page_ANEF_Connexion/btn_Valider_Conx_Agent' located by 'By.xpath: //*[@label="Valider"]|//*[@id="btn-login"]' in '20' second(s)

14-02-2025T09:37:37 - [MESSAGE][INFO] - Checking object

14-02-2025T09:37:37 - [MESSAGE][INFO] - Checking timeout

14-02-2025T09:37:37 - [MESSAGE][INFO] - Finding web element from Test Object's properties

14-02-2025T09:37:37 - [MESSAGE][INFO] - Checking timeout

14-02-2025T09:37:37 - [MESSAGE][INFO] - Finding web element with id: 'Object Repository/ANEF_Eloignement_V_Nawres/Page_ANEF_Connexion/btn_Valider_Conx_Agent' located by 'By.xpath: //*[@label="Valider"]|//*[@id="btn-login"]' in '100' second(s)

14-02-2025T09:37:37 - [MESSAGE][INFO] - Found 1 web elements with id: 'Object Repository/ANEF_Eloignement_V_Nawres/Page_ANEF_Connexion/btn_Valider_Conx_Agent' located by 'By.xpath: //*[@label="Valider"]|//*[@id="btn-login"]' in '100' second(s)

14-02-2025T09:37:37 - [MESSAGE][INFO] - Clicking on object: 'Object Repository/ANEF_Eloignement_V_Nawres/Page_ANEF_Connexion/btn_Valider_Conx_Agent'

14-02-2025T09:37:38 - [MESSAGE][PASSED] - Object: 'Object Repository/ANEF_Eloignement_V_Nawres/Page_ANEF_Connexion/btn_Valider_Conx_Agent' is clicked on

14-02-2025T09:37:38 - [TEST_STEP][PASSED] - delay(5): Delayed 5 second(s)

14-02-2025T09:37:38 - [MESSAGE][INFO] - Delaying browser in 5 second(s)

14-02-2025T09:37:43 - [MESSAGE][PASSED] - Delayed 5 second(s)

14-02-2025T09:37:43 - [TEST_STEP][PASSED] - verifyElementPresent(findTestObject("Object Repository/ANEF_Eloignement_V_Nawres/Page_Accueil_Principale/btn_ANEF_Eloignement"), 1, STOP_ON_FAILURE): Object 'Object Repository/ANEF_Eloignement_V_Nawres/Page_Accueil_Principale/btn_ANEF_Eloignement' is present

14-02-2025T09:37:43 - [MESSAGE][INFO] - Finding Test Object 'Object Repository/ANEF_Eloignement_V_Nawres/Page_Accueil_Principale/btn_ANEF_Eloignement'

14-02-2025T09:37:43 - [MESSAGE][INFO] - Checking object

14-02-2025T09:37:43 - [MESSAGE][INFO] - Finding web element from Test Object's properties

14-02-2025T09:37:43 - [MESSAGE][INFO] - Checking timeout

14-02-2025T09:37:43 - [MESSAGE][INFO] - Finding web element with id: 'Object Repository/ANEF_Eloignement_V_Nawres/Page_Accueil_Principale/btn_ANEF_Eloignement' located by 'By.xpath: //span[contains(text()," ANEF Ã©loignement ")]' in '1' second(s)

14-02-2025T09:37:43 - [MESSAGE][INFO] - Found 1 web elements with id: 'Object Repository/ANEF_Eloignement_V_Nawres/Page_Accueil_Principale/btn_ANEF_Eloignement' located by 'By.xpath: //span[contains(text()," ANEF Ã©loignement ")]' in '1' second(s)

14-02-2025T09:37:43 - [MESSAGE][PASSED] - Object 'Object Repository/ANEF_Eloignement_V_Nawres/Page_Accueil_Principale/btn_ANEF_Eloignement' is present

14-02-2025T09:37:43 - [MESSAGE][PASSED] - Call Test Case 'Test Cases/Test Reutilisable/Main/ANEF_Eloignement_V_Nawres/ANEF_Identification' successfully

14-02-2025T09:37:43 - [TEST_STEP][PASSED] - callTestCase(findTestCase("Test Cases/Test Reutilisable/Main/ANEF_Eloignement_V_Nawres/ANEF_Creation_ou_Recherche_Dossier"), ["CreationOuRecherche":CreationOuRecherche, "NumeroEtranger":NumeroEtranger], STOP_ON_FAILURE): Call Test Case 'Test Cases/Test Reutilisable/Main/ANEF_Eloignement_V_Nawres/ANEF_Creation_ou_Recherche_Dossier' successfully

14-02-2025T09:37:43 - [MESSAGE][INFO] - Checking called Test Case

14-02-2025T09:37:43 - [MESSAGE][INFO] - Starting to call Test Case 'Test Cases/Test Reutilisable/Main/ANEF_Eloignement_V_Nawres/ANEF_Creation_ou_Recherche_Dossier'

14-02-2025T09:37:43 - [TEST_CASE][PASSED] - Test Cases/Test Reutilisable/Main/ANEF_Eloignement_V_Nawres/ANEF_Creation_ou_Recherche_Dossier: Test Cases/Test Reutilisable/Main/ANEF_Eloignement_V_Nawres/ANEF_Creation_ou_Recherche_Dossier

14-02-2025T09:37:43 - [TEST_STEP][PASSED] - click(findTestObject("Object Repository/ANEF_Eloignement_V_Nawres/Page_Accueil_Principale/btn_ANEF_Eloignement")): Object: 'Object Repository/ANEF_Eloignement_V_Nawres/Page_Accueil_Principale/btn_ANEF_Eloignement' is clicked on

14-02-2025T09:37:43 - [MESSAGE][INFO] - Finding Test Object 'Object Repository/ANEF_Eloignement_V_Nawres/Page_Accueil_Principale/btn_ANEF_Eloignement'

14-02-2025T09:37:43 - [MESSAGE][INFO] - Checking timeout

14-02-2025T09:37:43 - [MESSAGE][INFO] - Finding web element with id: 'Object Repository/ANEF_Eloignement_V_Nawres/Page_Accueil_Principale/btn_ANEF_Eloignement' located by 'By.xpath: //span[contains(text()," ANEF Ã©loignement ")]' in '20' second(s)

14-02-2025T09:37:43 - [MESSAGE][INFO] - Found 1 web elements with id: 'Object Repository/ANEF_Eloignement_V_Nawres/Page_Accueil_Principale/btn_ANEF_Eloignement' located by 'By.xpath: //span[contains(text()," ANEF Ã©loignement ")]' in '20' second(s)

14-02-2025T09:37:43 - [MESSAGE][INFO] - Checking object

14-02-2025T09:37:43 - [MESSAGE][INFO] - Checking timeout

14-02-2025T09:37:43 - [MESSAGE][INFO] - Finding web element from Test Object's properties

14-02-2025T09:37:43 - [MESSAGE][INFO] - Checking timeout

14-02-2025T09:37:43 - [MESSAGE][INFO] - Finding web element with id: 'Object Repository/ANEF_Eloignement_V_Nawres/Page_Accueil_Principale/btn_ANEF_Eloignement' located by 'By.xpath: //span[contains(text()," ANEF Ã©loignement ")]' in '100' second(s)

14-02-2025T09:37:43 - [MESSAGE][INFO] - Found 1 web elements with id: 'Object Repository/ANEF_Eloignement_V_Nawres/Page_Accueil_Principale/btn_ANEF_Eloignement' located by 'By.xpath: //span[contains(text()," ANEF Ã©loignement ")]' in '100' second(s)

14-02-2025T09:37:43 - [MESSAGE][INFO] - Clicking on object: 'Object Repository/ANEF_Eloignement_V_Nawres/Page_Accueil_Principale/btn_ANEF_Eloignement'

14-02-2025T09:37:46 - [MESSAGE][PASSED] - Object: 'Object Repository/ANEF_Eloignement_V_Nawres/Page_Accueil_Principale/btn_ANEF_Eloignement' is clicked on

14-02-2025T09:37:46 - [TEST_STEP][PASSED] - verifyElementPresent(findTestObject("Object Repository/ANEF_Eloignement_V_Nawres/Page_Creation_ou_Recherche_Dossier/btn_Rechercher_Dossier"), 1, STOP_ON_FAILURE): Object 'Object Repository/ANEF_Eloignement_V_Nawres/Page_Creation_ou_Recherche_Dossier/btn_Rechercher_Dossier' is present

14-02-2025T09:37:46 - [MESSAGE][INFO] - Finding Test Object 'Object Repository/ANEF_Eloignement_V_Nawres/Page_Creation_ou_Recherche_Dossier/btn_Rechercher_Dossier'

14-02-2025T09:37:46 - [MESSAGE][INFO] - Checking object

14-02-2025T09:37:46 - [MESSAGE][INFO] - Finding web element from Test Object's properties

14-02-2025T09:37:46 - [MESSAGE][INFO] - Checking timeout

14-02-2025T09:37:46 - [MESSAGE][INFO] - Finding web element with id: 'Object Repository/ANEF_Eloignement_V_Nawres/Page_Creation_ou_Recherche_Dossier/btn_Rechercher_Dossier' located by 'By.xpath: //button[@title="Rechercher un dossier"]' in '1' second(s)

14-02-2025T09:37:46 - [MESSAGE][INFO] - Found 1 web elements with id: 'Object Repository/ANEF_Eloignement_V_Nawres/Page_Creation_ou_Recherche_Dossier/btn_Rechercher_Dossier' located by 'By.xpath: //button[@title="Rechercher un dossier"]' in '1' second(s)

14-02-2025T09:37:46 - [MESSAGE][PASSED] - Object 'Object Repository/ANEF_Eloignement_V_Nawres/Page_Creation_ou_Recherche_Dossier/btn_Rechercher_Dossier' is present

14-02-2025T09:37:46 - [TEST_STEP][PASSED] - delay(5): Delayed 5 second(s)

14-02-2025T09:37:46 - [MESSAGE][INFO] - Delaying browser in 5 second(s)

14-02-2025T09:37:51 - [MESSAGE][PASSED] - Delayed 5 second(s)

14-02-2025T09:37:51 - [TEST_STEP][PASSED] - click(findTestObject("Object Repository/ANEF_Eloignement_V_Nawres/Page_Creation_ou_Recherche_Dossier/btn_Rechercher_Dossier")): Object: 'Object Repository/ANEF_Eloignement_V_Nawres/Page_Creation_ou_Recherche_Dossier/btn_Rechercher_Dossier' is clicked on

14-02-2025T09:37:51 - [MESSAGE][INFO] - Finding Test Object 'Object Repository/ANEF_Eloignement_V_Nawres/Page_Creation_ou_Recherche_Dossier/btn_Rechercher_Dossier'

14-02-2025T09:37:51 - [MESSAGE][INFO] - Checking timeout

14-02-2025T09:37:51 - [MESSAGE][INFO] - Finding web element with id: 'Object Repository/ANEF_Eloignement_V_Nawres/Page_Creation_ou_Recherche_Dossier/btn_Rechercher_Dossier' located by 'By.xpath: //button[@title="Rechercher un dossier"]' in '20' second(s)

14-02-2025T09:37:51 - [MESSAGE][INFO] - Found 1 web elements with id: 'Object Repository/ANEF_Eloignement_V_Nawres/Page_Creation_ou_Recherche_Dossier/btn_Rechercher_Dossier' located by 'By.xpath: //button[@title="Rechercher un dossier"]' in '20' second(s)

14-02-2025T09:37:51 - [MESSAGE][INFO] - Checking object

14-02-2025T09:37:51 - [MESSAGE][INFO] - Checking timeout

14-02-2025T09:37:51 - [MESSAGE][INFO] - Finding web element from Test Object's properties

14-02-2025T09:37:51 - [MESSAGE][INFO] - Checking timeout

14-02-2025T09:37:51 - [MESSAGE][INFO] - Finding web element with id: 'Object Repository/ANEF_Eloignement_V_Nawres/Page_Creation_ou_Recherche_Dossier/btn_Rechercher_Dossier' located by 'By.xpath: //button[@title="Rechercher un dossier"]' in '100' second(s)

14-02-2025T09:37:51 - [MESSAGE][INFO] - Found 1 web elements with id: 'Object Repository/ANEF_Eloignement_V_Nawres/Page_Creation_ou_Recherche_Dossier/btn_Rechercher_Dossier' located by 'By.xpath: //button[@title="Rechercher un dossier"]' in '100' second(s)

14-02-2025T09:37:51 - [MESSAGE][INFO] - Clicking on object: 'Object Repository/ANEF_Eloignement_V_Nawres/Page_Creation_ou_Recherche_Dossier/btn_Rechercher_Dossier'

14-02-2025T09:37:52 - [MESSAGE][PASSED] - Object: 'Object Repository/ANEF_Eloignement_V_Nawres/Page_Creation_ou_Recherche_Dossier/btn_Rechercher_Dossier' is clicked on

14-02-2025T09:37:52 - [TEST_STEP][PASSED] - if (CreationOuRecherche == "Creation"): null

14-02-2025T09:37:52 - [TEST_STEP][PASSED] - if (CreationOuRecherche == "Recherche"): Object: 'Object Repository/ANEF_Eloignement_V_Nawres/Page_Creation_ou_Recherche_Dossier/btn_Choisir_Dossier_Etranger' is clicked on

14-02-2025T09:37:52 - [TEST_STEP][PASSED] - setText(findTestObject("Object Repository/ANEF_Eloignement_V_Nawres/Page_Creation_ou_Recherche_Dossier/Input_Numero_etranger"), NumeroEtranger, STOP_ON_FAILURE): Text '7703056080' is set on object 'Object Repository/ANEF_Eloignement_V_Nawres/Page_Creation_ou_Recherche_Dossier/Input_Numero_etranger'

14-02-2025T09:37:52 - [MESSAGE][INFO] - Finding Test Object 'Object Repository/ANEF_Eloignement_V_Nawres/Page_Creation_ou_Recherche_Dossier/Input_Numero_etranger'

14-02-2025T09:37:52 - [MESSAGE][INFO] - Checking timeout

14-02-2025T09:37:52 - [MESSAGE][INFO] - Finding web element with id: 'Object Repository/ANEF_Eloignement_V_Nawres/Page_Creation_ou_Recherche_Dossier/Input_Numero_etranger' located by 'By.xpath: //app-identite-declaree-search-box//div/app-dsfr-input/div/input[@id="identifiant_agdref"]|//app-search-box//div/app-dsfr-input/div/input[@id="identifiant_agdref"]' in '20' second(s)

14-02-2025T09:37:52 - [MESSAGE][INFO] - Found 1 web elements with id: 'Object Repository/ANEF_Eloignement_V_Nawres/Page_Creation_ou_Recherche_Dossier/Input_Numero_etranger' located by 'By.xpath: //app-identite-declaree-search-box//div/app-dsfr-input/div/input[@id="identifiant_agdref"]|//app-search-box//div/app-dsfr-input/div/input[@id="identifiant_agdref"]' in '20' second(s)

14-02-2025T09:37:52 - [MESSAGE][INFO] - Checking object

14-02-2025T09:37:52 - [MESSAGE][INFO] - Checking text

14-02-2025T09:37:52 - [MESSAGE][INFO] - Finding web element from Test Object's properties

14-02-2025T09:37:52 - [MESSAGE][INFO] - Checking timeout

14-02-2025T09:37:52 - [MESSAGE][INFO] - Finding web element with id: 'Object Repository/ANEF_Eloignement_V_Nawres/Page_Creation_ou_Recherche_Dossier/Input_Numero_etranger' located by 'By.xpath: //app-identite-declaree-search-box//div/app-dsfr-input/div/input[@id="identifiant_agdref"]|//app-search-box//div/app-dsfr-input/div/input[@id="identifiant_agdref"]' in '100' second(s)

14-02-2025T09:37:52 - [MESSAGE][INFO] - Found 1 web elements with id: 'Object Repository/ANEF_Eloignement_V_Nawres/Page_Creation_ou_Recherche_Dossier/Input_Numero_etranger' located by 'By.xpath: //app-identite-declaree-search-box//div/app-dsfr-input/div/input[@id="identifiant_agdref"]|//app-search-box//div/app-dsfr-input/div/input[@id="identifiant_agdref"]' in '100' second(s)

14-02-2025T09:37:52 - [MESSAGE][INFO] - Clearing text of object 'Object Repository/ANEF_Eloignement_V_Nawres/Page_Creation_ou_Recherche_Dossier/Input_Numero_etranger'

14-02-2025T09:37:53 - [MESSAGE][INFO] - Finding web element from Test Object's properties

14-02-2025T09:37:53 - [MESSAGE][INFO] - Checking timeout

14-02-2025T09:37:53 - [MESSAGE][INFO] - Finding web element with id: 'Object Repository/ANEF_Eloignement_V_Nawres/Page_Creation_ou_Recherche_Dossier/Input_Numero_etranger' located by 'By.xpath: //app-identite-declaree-search-box//div/app-dsfr-input/div/input[@id="identifiant_agdref"]|//app-search-box//div/app-dsfr-input/div/input[@id="identifiant_agdref"]' in '100' second(s)

14-02-2025T09:37:53 - [MESSAGE][INFO] - Found 1 web elements with id: 'Object Repository/ANEF_Eloignement_V_Nawres/Page_Creation_ou_Recherche_Dossier/Input_Numero_etranger' located by 'By.xpath: //app-identite-declaree-search-box//div/app-dsfr-input/div/input[@id="identifiant_agdref"]|//app-search-box//div/app-dsfr-input/div/input[@id="identifiant_agdref"]' in '100' second(s)

14-02-2025T09:37:53 - [MESSAGE][INFO] - Setting text of object 'Object Repository/ANEF_Eloignement_V_Nawres/Page_Creation_ou_Recherche_Dossier/Input_Numero_etranger' to value '7703056080'

14-02-2025T09:37:54 - [MESSAGE][PASSED] - Text '7703056080' is set on object 'Object Repository/ANEF_Eloignement_V_Nawres/Page_Creation_ou_Recherche_Dossier/Input_Numero_etranger'

14-02-2025T09:37:54 - [TEST_STEP][PASSED] - click(findTestObject("Object Repository/ANEF_Eloignement_V_Nawres/Page_Creation_ou_Recherche_Dossier/Input_Numero_etranger"), STOP_ON_FAILURE): Object: 'Object Repository/ANEF_Eloignement_V_Nawres/Page_Creation_ou_Recherche_Dossier/Input_Numero_etranger' is clicked on

14-02-2025T09:37:54 - [MESSAGE][INFO] - Finding Test Object 'Object Repository/ANEF_Eloignement_V_Nawres/Page_Creation_ou_Recherche_Dossier/Input_Numero_etranger'

14-02-2025T09:37:54 - [MESSAGE][INFO] - Checking timeout

14-02-2025T09:37:54 - [MESSAGE][INFO] - Finding web element with id: 'Object Repository/ANEF_Eloignement_V_Nawres/Page_Creation_ou_Recherche_Dossier/Input_Numero_etranger' located by 'By.xpath: //app-identite-declaree-search-box//div/app-dsfr-input/div/input[@id="identifiant_agdref"]|//app-search-box//div/app-dsfr-input/div/input[@id="identifiant_agdref"]' in '20' second(s)

14-02-2025T09:37:55 - [MESSAGE][INFO] - Found 1 web elements with id: 'Object Repository/ANEF_Eloignement_V_Nawres/Page_Creation_ou_Recherche_Dossier/Input_Numero_etranger' located by 'By.xpath: //app-identite-declaree-search-box//div/app-dsfr-input/div/input[@id="identifiant_agdref"]|//app-search-box//div/app-dsfr-input/div/input[@id="identifiant_agdref"]' in '20' second(s)

14-02-2025T09:37:55 - [MESSAGE][INFO] - Checking object

14-02-2025T09:37:55 - [MESSAGE][INFO] - Checking timeout

14-02-2025T09:37:55 - [MESSAGE][INFO] - Finding web element from Test Object's properties

14-02-2025T09:37:55 - [MESSAGE][INFO] - Checking timeout

14-02-2025T09:37:55 - [MESSAGE][INFO] - Finding web element with id: 'Object Repository/ANEF_Eloignement_V_Nawres/Page_Creation_ou_Recherche_Dossier/Input_Numero_etranger' located by 'By.xpath: //app-identite-declaree-search-box//div/app-dsfr-input/div/input[@id="identifiant_agdref"]|//app-search-box//div/app-dsfr-input/div/input[@id="identifiant_agdref"]' in '100' second(s)

14-02-2025T09:37:55 - [MESSAGE][INFO] - Found 1 web elements with id: 'Object Repository/ANEF_Eloignement_V_Nawres/Page_Creation_ou_Recherche_Dossier/Input_Numero_etranger' located by 'By.xpath: //app-identite-declaree-search-box//div/app-dsfr-input/div/input[@id="identifiant_agdref"]|//app-search-box//div/app-dsfr-input/div/input[@id="identifiant_agdref"]' in '100' second(s)

14-02-2025T09:37:55 - [MESSAGE][INFO] - Clicking on object: 'Object Repository/ANEF_Eloignement_V_Nawres/Page_Creation_ou_Recherche_Dossier/Input_Numero_etranger'

14-02-2025T09:37:56 - [MESSAGE][PASSED] - Object: 'Object Repository/ANEF_Eloignement_V_Nawres/Page_Creation_ou_Recherche_Dossier/Input_Numero_etranger' is clicked on

14-02-2025T09:37:56 - [TEST_STEP][PASSED] - scrollToElement(findTestObject("Object Repository/ANEF_Eloignement_V_Nawres/Page_Creation_ou_Recherche_Dossier/btn_Lancer_La_Recherche"), 5, STOP_ON_FAILURE): Scroll to object 'Object Repository/ANEF_Eloignement_V_Nawres/Page_Creation_ou_Recherche_Dossier/btn_Lancer_La_Recherche' successfully

14-02-2025T09:37:56 - [MESSAGE][INFO] - Finding Test Object 'Object Repository/ANEF_Eloignement_V_Nawres/Page_Creation_ou_Recherche_Dossier/btn_Lancer_La_Recherche'

14-02-2025T09:37:56 - [MESSAGE][INFO] - Checking object

14-02-2025T09:37:56 - [MESSAGE][INFO] - Checking timeout

14-02-2025T09:37:56 - [MESSAGE][INFO] - Finding web element from Test Object's properties

14-02-2025T09:37:56 - [MESSAGE][INFO] - Checking timeout

14-02-2025T09:37:56 - [MESSAGE][INFO] - Finding web element with id: 'Object Repository/ANEF_Eloignement_V_Nawres/Page_Creation_ou_Recherche_Dossier/btn_Lancer_La_Recherche' located by 'By.xpath: //button[contains(text(),"Lancer la recherche ")]' in '100' second(s)

14-02-2025T09:37:56 - [MESSAGE][INFO] - Found 1 web elements with id: 'Object Repository/ANEF_Eloignement_V_Nawres/Page_Creation_ou_Recherche_Dossier/btn_Lancer_La_Recherche' located by 'By.xpath: //button[contains(text(),"Lancer la recherche ")]' in '100' second(s)

14-02-2025T09:37:56 - [MESSAGE][INFO] - Scrolling to object 'Object Repository/ANEF_Eloignement_V_Nawres/Page_Creation_ou_Recherche_Dossier/btn_Lancer_La_Recherche'

14-02-2025T09:37:56 - [MESSAGE][PASSED] - Scroll to object 'Object Repository/ANEF_Eloignement_V_Nawres/Page_Creation_ou_Recherche_Dossier/btn_Lancer_La_Recherche' successfully

14-02-2025T09:37:56 - [TEST_STEP][PASSED] - click(findTestObject("Object Repository/ANEF_Eloignement_V_Nawres/Page_Creation_ou_Recherche_Dossier/btn_Lancer_La_Recherche"), STOP_ON_FAILURE): Object: 'Object Repository/ANEF_Eloignement_V_Nawres/Page_Creation_ou_Recherche_Dossier/btn_Lancer_La_Recherche' is clicked on

14-02-2025T09:37:56 - [MESSAGE][INFO] - Finding Test Object 'Object Repository/ANEF_Eloignement_V_Nawres/Page_Creation_ou_Recherche_Dossier/btn_Lancer_La_Recherche'

14-02-2025T09:37:56 - [MESSAGE][INFO] - Checking timeout

14-02-2025T09:37:56 - [MESSAGE][INFO] - Finding web element with id: 'Object Repository/ANEF_Eloignement_V_Nawres/Page_Creation_ou_Recherche_Dossier/btn_Lancer_La_Recherche' located by 'By.xpath: //button[contains(text(),"Lancer la recherche ")]' in '20' second(s)

14-02-2025T09:37:56 - [MESSAGE][INFO] - Found 1 web elements with id: 'Object Repository/ANEF_Eloignement_V_Nawres/Page_Creation_ou_Recherche_Dossier/btn_Lancer_La_Recherche' located by 'By.xpath: //button[contains(text(),"Lancer la recherche ")]' in '20' second(s)

14-02-2025T09:37:56 - [MESSAGE][INFO] - Checking object

14-02-2025T09:37:56 - [MESSAGE][INFO] - Checking timeout

14-02-2025T09:37:56 - [MESSAGE][INFO] - Finding web element from Test Object's properties

14-02-2025T09:37:56 - [MESSAGE][INFO] - Checking timeout

14-02-2025T09:37:56 - [MESSAGE][INFO] - Finding web element with id: 'Object Repository/ANEF_Eloignement_V_Nawres/Page_Creation_ou_Recherche_Dossier/btn_Lancer_La_Recherche' located by 'By.xpath: //button[contains(text(),"Lancer la recherche ")]' in '100' second(s)

14-02-2025T09:37:56 - [MESSAGE][INFO] - Found 1 web elements with id: 'Object Repository/ANEF_Eloignement_V_Nawres/Page_Creation_ou_Recherche_Dossier/btn_Lancer_La_Recherche' located by 'By.xpath: //button[contains(text(),"Lancer la recherche ")]' in '100' second(s)

14-02-2025T09:37:56 - [MESSAGE][INFO] - Clicking on object: 'Object Repository/ANEF_Eloignement_V_Nawres/Page_Creation_ou_Recherche_Dossier/btn_Lancer_La_Recherche'

14-02-2025T09:37:57 - [MESSAGE][PASSED] - Object: 'Object Repository/ANEF_Eloignement_V_Nawres/Page_Creation_ou_Recherche_Dossier/btn_Lancer_La_Recherche' is clicked on

14-02-2025T09:37:57 - [TEST_STEP][PASSED] - delay(5): Delayed 5 second(s)

14-02-2025T09:37:57 - [MESSAGE][INFO] - Delaying browser in 5 second(s)

14-02-2025T09:38:02 - [MESSAGE][PASSED] - Delayed 5 second(s)

14-02-2025T09:38:02 - [TEST_STEP][PASSED] - scrollToElement(findTestObject("Object Repository/ANEF_Eloignement_V_Nawres/Page_Creation_ou_Recherche_Dossier/btn_Radio_Selectionner_Dossier"), 5, STOP_ON_FAILURE): Scroll to object 'Object Repository/ANEF_Eloignement_V_Nawres/Page_Creation_ou_Recherche_Dossier/btn_Radio_Selectionner_Dossier' successfully

14-02-2025T09:38:02 - [MESSAGE][INFO] - Finding Test Object 'Object Repository/ANEF_Eloignement_V_Nawres/Page_Creation_ou_Recherche_Dossier/btn_Radio_Selectionner_Dossier'

14-02-2025T09:38:02 - [MESSAGE][INFO] - Checking object

14-02-2025T09:38:02 - [MESSAGE][INFO] - Checking timeout

14-02-2025T09:38:02 - [MESSAGE][INFO] - Finding web element from Test Object's properties

14-02-2025T09:38:02 - [MESSAGE][INFO] - Checking timeout

14-02-2025T09:38:02 - [MESSAGE][INFO] - Finding web element with id: 'Object Repository/ANEF_Eloignement_V_Nawres/Page_Creation_ou_Recherche_Dossier/btn_Radio_Selectionner_Dossier' located by 'By.xpath: //app-search-etranger/app-search-result-etranger//table/tbody/tr//label' in '100' second(s)

14-02-2025T09:38:02 - [MESSAGE][INFO] - Found 1 web elements with id: 'Object Repository/ANEF_Eloignement_V_Nawres/Page_Creation_ou_Recherche_Dossier/btn_Radio_Selectionner_Dossier' located by 'By.xpath: //app-search-etranger/app-search-result-etranger//table/tbody/tr//label' in '100' second(s)

14-02-2025T09:38:02 - [MESSAGE][INFO] - Scrolling to object 'Object Repository/ANEF_Eloignement_V_Nawres/Page_Creation_ou_Recherche_Dossier/btn_Radio_Selectionner_Dossier'

14-02-2025T09:38:02 - [MESSAGE][PASSED] - Scroll to object 'Object Repository/ANEF_Eloignement_V_Nawres/Page_Creation_ou_Recherche_Dossier/btn_Radio_Selectionner_Dossier' successfully

14-02-2025T09:38:02 - [TEST_STEP][PASSED] - click(findTestObject("Object Repository/ANEF_Eloignement_V_Nawres/Page_Creation_ou_Recherche_Dossier/btn_Radio_Selectionner_Dossier"), STOP_ON_FAILURE): Object: 'Object Repository/ANEF_Eloignement_V_Nawres/Page_Creation_ou_Recherche_Dossier/btn_Radio_Selectionner_Dossier' is clicked on

14-02-2025T09:38:02 - [MESSAGE][INFO] - Finding Test Object 'Object Repository/ANEF_Eloignement_V_Nawres/Page_Creation_ou_Recherche_Dossier/btn_Radio_Selectionner_Dossier'

14-02-2025T09:38:02 - [MESSAGE][INFO] - Checking timeout

14-02-2025T09:38:02 - [MESSAGE][INFO] - Finding web element with id: 'Object Repository/ANEF_Eloignement_V_Nawres/Page_Creation_ou_Recherche_Dossier/btn_Radio_Selectionner_Dossier' located by 'By.xpath: //app-search-etranger/app-search-result-etranger//table/tbody/tr//label' in '20' second(s)

14-02-2025T09:38:02 - [MESSAGE][INFO] - Found 1 web elements with id: 'Object Repository/ANEF_Eloignement_V_Nawres/Page_Creation_ou_Recherche_Dossier/btn_Radio_Selectionner_Dossier' located by 'By.xpath: //app-search-etranger/app-search-result-etranger//table/tbody/tr//label' in '20' second(s)

14-02-2025T09:38:02 - [MESSAGE][INFO] - Checking object

14-02-2025T09:38:02 - [MESSAGE][INFO] - Checking timeout

14-02-2025T09:38:02 - [MESSAGE][INFO] - Finding web element from Test Object's properties

14-02-2025T09:38:02 - [MESSAGE][INFO] - Checking timeout

14-02-2025T09:38:02 - [MESSAGE][INFO] - Finding web element with id: 'Object Repository/ANEF_Eloignement_V_Nawres/Page_Creation_ou_Recherche_Dossier/btn_Radio_Selectionner_Dossier' located by 'By.xpath: //app-search-etranger/app-search-result-etranger//table/tbody/tr//label' in '100' second(s)

14-02-2025T09:38:02 - [MESSAGE][INFO] - Found 1 web elements with id: 'Object Repository/ANEF_Eloignement_V_Nawres/Page_Creation_ou_Recherche_Dossier/btn_Radio_Selectionner_Dossier' located by 'By.xpath: //app-search-etranger/app-search-result-etranger//table/tbody/tr//label' in '100' second(s)

14-02-2025T09:38:02 - [MESSAGE][INFO] - Clicking on object: 'Object Repository/ANEF_Eloignement_V_Nawres/Page_Creation_ou_Recherche_Dossier/btn_Radio_Selectionner_Dossier'

14-02-2025T09:38:03 - [MESSAGE][PASSED] - Object: 'Object Repository/ANEF_Eloignement_V_Nawres/Page_Creation_ou_Recherche_Dossier/btn_Radio_Selectionner_Dossier' is clicked on

14-02-2025T09:38:03 - [TEST_STEP][PASSED] - click(findTestObject("Object Repository/ANEF_Eloignement_V_Nawres/Page_Creation_ou_Recherche_Dossier/btn_Choisir_Dossier_Etranger"), STOP_ON_FAILURE): Object: 'Object Repository/ANEF_Eloignement_V_Nawres/Page_Creation_ou_Recherche_Dossier/btn_Choisir_Dossier_Etranger' is clicked on

14-02-2025T09:38:03 - [MESSAGE][INFO] - Finding Test Object 'Object Repository/ANEF_Eloignement_V_Nawres/Page_Creation_ou_Recherche_Dossier/btn_Choisir_Dossier_Etranger'

14-02-2025T09:38:03 - [MESSAGE][INFO] - Checking timeout

14-02-2025T09:38:03 - [MESSAGE][INFO] - Finding web element with id: 'Object Repository/ANEF_Eloignement_V_Nawres/Page_Creation_ou_Recherche_Dossier/btn_Choisir_Dossier_Etranger' located by 'By.xpath: //button[contains(text(),"Choisir un dossier Ã©tranger")]' in '20' second(s)

14-02-2025T09:38:03 - [MESSAGE][INFO] - Found 1 web elements with id: 'Object Repository/ANEF_Eloignement_V_Nawres/Page_Creation_ou_Recherche_Dossier/btn_Choisir_Dossier_Etranger' located by 'By.xpath: //button[contains(text(),"Choisir un dossier Ã©tranger")]' in '20' second(s)

14-02-2025T09:38:03 - [MESSAGE][INFO] - Checking object

14-02-2025T09:38:03 - [MESSAGE][INFO] - Checking timeout

14-02-2025T09:38:03 - [MESSAGE][INFO] - Finding web element from Test Object's properties

14-02-2025T09:38:03 - [MESSAGE][INFO] - Checking timeout

14-02-2025T09:38:03 - [MESSAGE][INFO] - Finding web element with id: 'Object Repository/ANEF_Eloignement_V_Nawres/Page_Creation_ou_Recherche_Dossier/btn_Choisir_Dossier_Etranger' located by 'By.xpath: //button[contains(text(),"Choisir un dossier Ã©tranger")]' in '100' second(s)

14-02-2025T09:38:03 - [MESSAGE][INFO] - Found 1 web elements with id: 'Object Repository/ANEF_Eloignement_V_Nawres/Page_Creation_ou_Recherche_Dossier/btn_Choisir_Dossier_Etranger' located by 'By.xpath: //button[contains(text(),"Choisir un dossier Ã©tranger")]' in '100' second(s)

14-02-2025T09:38:03 - [MESSAGE][INFO] - Clicking on object: 'Object Repository/ANEF_Eloignement_V_Nawres/Page_Creation_ou_Recherche_Dossier/btn_Choisir_Dossier_Etranger'

14-02-2025T09:38:05 - [MESSAGE][PASSED] - Object: 'Object Repository/ANEF_Eloignement_V_Nawres/Page_Creation_ou_Recherche_Dossier/btn_Choisir_Dossier_Etranger' is clicked on

14-02-2025T09:38:05 - [MESSAGE][PASSED] - Call Test Case 'Test Cases/Test Reutilisable/Main/ANEF_Eloignement_V_Nawres/ANEF_Creation_ou_Recherche_Dossier' successfully

14-02-2025T09:38:05 - [TEST_STEP][PASSED] - if (CreationOuRecherche == "Creation"): null

14-02-2025T09:38:05 - [TEST_STEP][PASSED] - println(NumeroEtranger): null

14-02-2025T09:38:05 - [TEST_STEP][PASSED] - callTestCase(findTestCase("Test Cases/Test Reutilisable/Main/ANEF_Eloignement_V_Nawres/ANEF_Prendre_Mesure"), ["Mesure":Mesure, "FondementLegal":FondementLegal, "NatureDeLacteExpulsion":NatureDeLacteExpulsion, "NatureDeLacteExpulsion":NatureDeLacteExpulsion, ... ], STOP_ON_FAILURE): Call Test Case 'Test Cases/Test Reutilisable/Main/ANEF_Eloignement_V_Nawres/ANEF_Prendre_Mesure' successfully

14-02-2025T09:38:05 - [MESSAGE][INFO] - Checking called Test Case

14-02-2025T09:38:05 - [MESSAGE][INFO] - Starting to call Test Case 'Test Cases/Test Reutilisable/Main/ANEF_Eloignement_V_Nawres/ANEF_Prendre_Mesure'

14-02-2025T09:38:05 - [TEST_CASE][PASSED] - Test Cases/Test Reutilisable/Main/ANEF_Eloignement_V_Nawres/ANEF_Prendre_Mesure: Test Cases/Test Reutilisable/Main/ANEF_Eloignement_V_Nawres/ANEF_Prendre_Mesure

14-02-2025T09:38:05 - [TEST_STEP][PASSED] - click(findTestObject("Object Repository/ANEF_Eloignement_V_Nawres/Page_Prendre_Mesure/btn_Prendre_Mesure"), STOP_ON_FAILURE): Object: 'Object Repository/ANEF_Eloignement_V_Nawres/Page_Prendre_Mesure/btn_Prendre_Mesure' is clicked on

14-02-2025T09:38:05 - [MESSAGE][INFO] - Finding Test Object 'Object Repository/ANEF_Eloignement_V_Nawres/Page_Prendre_Mesure/btn_Prendre_Mesure'

14-02-2025T09:38:05 - [MESSAGE][INFO] - Checking timeout

14-02-2025T09:38:05 - [MESSAGE][INFO] - Finding web element with id: 'Object Repository/ANEF_Eloignement_V_Nawres/Page_Prendre_Mesure/btn_Prendre_Mesure' located by 'By.xpath: //button[@title="Prendre une Mesure"]' in '20' second(s)

14-02-2025T09:38:05 - [MESSAGE][INFO] - Found 1 web elements with id: 'Object Repository/ANEF_Eloignement_V_Nawres/Page_Prendre_Mesure/btn_Prendre_Mesure' located by 'By.xpath: //button[@title="Prendre une Mesure"]' in '20' second(s)

14-02-2025T09:38:05 - [MESSAGE][INFO] - Checking object

14-02-2025T09:38:05 - [MESSAGE][INFO] - Checking timeout

14-02-2025T09:38:05 - [MESSAGE][INFO] - Finding web element from Test Object's properties

14-02-2025T09:38:05 - [MESSAGE][INFO] - Checking timeout

14-02-2025T09:38:05 - [MESSAGE][INFO] - Finding web element with id: 'Object Repository/ANEF_Eloignement_V_Nawres/Page_Prendre_Mesure/btn_Prendre_Mesure' located by 'By.xpath: //button[@title="Prendre une Mesure"]' in '100' second(s)

14-02-2025T09:38:05 - [MESSAGE][INFO] - Found 1 web elements with id: 'Object Repository/ANEF_Eloignement_V_Nawres/Page_Prendre_Mesure/btn_Prendre_Mesure' located by 'By.xpath: //button[@title="Prendre une Mesure"]' in '100' second(s)

14-02-2025T09:38:05 - [MESSAGE][INFO] - Clicking on object: 'Object Repository/ANEF_Eloignement_V_Nawres/Page_Prendre_Mesure/btn_Prendre_Mesure'

14-02-2025T09:38:07 - [MESSAGE][PASSED] - Object: 'Object Repository/ANEF_Eloignement_V_Nawres/Page_Prendre_Mesure/btn_Prendre_Mesure' is clicked on

14-02-2025T09:38:07 - [TEST_STEP][PASSED] - delay(5): Delayed 5 second(s)

14-02-2025T09:38:07 - [MESSAGE][INFO] - Delaying browser in 5 second(s)

14-02-2025T09:38:12 - [MESSAGE][PASSED] - Delayed 5 second(s)

14-02-2025T09:38:12 - [TEST_STEP][PASSED] - switch (Mesure): null

14-02-2025T09:38:12 - [TEST_STEP][PASSED] - case "OQTF":: null

14-02-2025T09:38:12 - [TEST_STEP][PASSED] - selectOptionByLabel(findTestObject("Object Repository/ANEF_Eloignement_V_Nawres/Page_Prendre_Mesure/select_Type_Mesure"), "OQTF", false, STOP_ON_FAILURE): All options with label 'OQTF' are selected in object 'Object Repository/ANEF_Eloignement_V_Nawres/Page_Prendre_Mesure/select_Type_Mesure' 

14-02-2025T09:38:12 - [MESSAGE][INFO] - Finding Test Object 'Object Repository/ANEF_Eloignement_V_Nawres/Page_Prendre_Mesure/select_Type_Mesure'

14-02-2025T09:38:12 - [MESSAGE][INFO] - Checking timeout

14-02-2025T09:38:12 - [MESSAGE][INFO] - Finding web element with id: 'Object Repository/ANEF_Eloignement_V_Nawres/Page_Prendre_Mesure/select_Type_Mesure' located by 'By.xpath: //select[@id="typeMesure"]' in '20' second(s)

14-02-2025T09:38:12 - [MESSAGE][INFO] - Found 1 web elements with id: 'Object Repository/ANEF_Eloignement_V_Nawres/Page_Prendre_Mesure/select_Type_Mesure' located by 'By.xpath: //select[@id="typeMesure"]' in '20' second(s)

14-02-2025T09:38:12 - [MESSAGE][INFO] - Checking object

14-02-2025T09:38:12 - [MESSAGE][INFO] - Checking label parameter

14-02-2025T09:38:12 - [MESSAGE][INFO] - Finding web element from Test Object's properties

14-02-2025T09:38:12 - [MESSAGE][INFO] - Checking timeout

14-02-2025T09:38:12 - [MESSAGE][INFO] - Finding web element with id: 'Object Repository/ANEF_Eloignement_V_Nawres/Page_Prendre_Mesure/select_Type_Mesure' located by 'By.xpath: //select[@id="typeMesure"]' in '100' second(s)

14-02-2025T09:38:12 - [MESSAGE][INFO] - Found 1 web elements with id: 'Object Repository/ANEF_Eloignement_V_Nawres/Page_Prendre_Mesure/select_Type_Mesure' located by 'By.xpath: //select[@id="typeMesure"]' in '100' second(s)

14-02-2025T09:38:12 - [MESSAGE][INFO] - Selecting options on object 'Object Repository/ANEF_Eloignement_V_Nawres/Page_Prendre_Mesure/select_Type_Mesure' with label 'OQTF' 

14-02-2025T09:38:13 - [MESSAGE][PASSED] - All options with label 'OQTF' are selected in object 'Object Repository/ANEF_Eloignement_V_Nawres/Page_Prendre_Mesure/select_Type_Mesure' 

14-02-2025T09:38:13 - [TEST_STEP][PASSED] - click(findTestObject("Object Repository/ANEF_Eloignement_V_Nawres/Page_Prendre_Mesure/btn_Confirmer_Mesure"), STOP_ON_FAILURE): Object: 'Object Repository/ANEF_Eloignement_V_Nawres/Page_Prendre_Mesure/btn_Confirmer_Mesure' is clicked on

14-02-2025T09:38:13 - [MESSAGE][INFO] - Finding Test Object 'Object Repository/ANEF_Eloignement_V_Nawres/Page_Prendre_Mesure/btn_Confirmer_Mesure'

14-02-2025T09:38:13 - [MESSAGE][INFO] - Checking timeout

14-02-2025T09:38:13 - [MESSAGE][INFO] - Finding web element with id: 'Object Repository/ANEF_Eloignement_V_Nawres/Page_Prendre_Mesure/btn_Confirmer_Mesure' located by 'By.xpath: //button[@id="btn-confirme-decision"]' in '20' second(s)

14-02-2025T09:38:13 - [MESSAGE][INFO] - Found 1 web elements with id: 'Object Repository/ANEF_Eloignement_V_Nawres/Page_Prendre_Mesure/btn_Confirmer_Mesure' located by 'By.xpath: //button[@id="btn-confirme-decision"]' in '20' second(s)

14-02-2025T09:38:13 - [MESSAGE][INFO] - Checking object

14-02-2025T09:38:13 - [MESSAGE][INFO] - Checking timeout

14-02-2025T09:38:13 - [MESSAGE][INFO] - Finding web element from Test Object's properties

14-02-2025T09:38:13 - [MESSAGE][INFO] - Checking timeout

14-02-2025T09:38:13 - [MESSAGE][INFO] - Finding web element with id: 'Object Repository/ANEF_Eloignement_V_Nawres/Page_Prendre_Mesure/btn_Confirmer_Mesure' located by 'By.xpath: //button[@id="btn-confirme-decision"]' in '100' second(s)

14-02-2025T09:38:13 - [MESSAGE][INFO] - Found 1 web elements with id: 'Object Repository/ANEF_Eloignement_V_Nawres/Page_Prendre_Mesure/btn_Confirmer_Mesure' located by 'By.xpath: //button[@id="btn-confirme-decision"]' in '100' second(s)

14-02-2025T09:38:13 - [MESSAGE][INFO] - Clicking on object: 'Object Repository/ANEF_Eloignement_V_Nawres/Page_Prendre_Mesure/btn_Confirmer_Mesure'

14-02-2025T09:38:14 - [MESSAGE][PASSED] - Object: 'Object Repository/ANEF_Eloignement_V_Nawres/Page_Prendre_Mesure/btn_Confirmer_Mesure' is clicked on

14-02-2025T09:38:14 - [TEST_STEP][PASSED] - verifyElementPresent(findTestObject("Object Repository/ANEF_Eloignement_V_Nawres/Page_Prendre_Mesure/btn_Supprimer_Fiche_Mesure"), 2, STOP_ON_FAILURE): Object 'Object Repository/ANEF_Eloignement_V_Nawres/Page_Prendre_Mesure/btn_Supprimer_Fiche_Mesure' is present

14-02-2025T09:38:14 - [MESSAGE][INFO] - Finding Test Object 'Object Repository/ANEF_Eloignement_V_Nawres/Page_Prendre_Mesure/btn_Supprimer_Fiche_Mesure'

14-02-2025T09:38:14 - [MESSAGE][INFO] - Checking object

14-02-2025T09:38:14 - [MESSAGE][INFO] - Finding web element from Test Object's properties

14-02-2025T09:38:14 - [MESSAGE][INFO] - Checking timeout

14-02-2025T09:38:14 - [MESSAGE][INFO] - Finding web element with id: 'Object Repository/ANEF_Eloignement_V_Nawres/Page_Prendre_Mesure/btn_Supprimer_Fiche_Mesure' located by 'By.xpath: //button[@title="Supprimer une Mesure"]' in '2' second(s)

14-02-2025T09:38:16 - [MESSAGE][INFO] - Found 1 web elements with id: 'Object Repository/ANEF_Eloignement_V_Nawres/Page_Prendre_Mesure/btn_Supprimer_Fiche_Mesure' located by 'By.xpath: //button[@title="Supprimer une Mesure"]' in '2' second(s)

14-02-2025T09:38:16 - [MESSAGE][PASSED] - Object 'Object Repository/ANEF_Eloignement_V_Nawres/Page_Prendre_Mesure/btn_Supprimer_Fiche_Mesure' is present

14-02-2025T09:38:16 - [TEST_STEP][PASSED] - break: null

14-02-2025T09:38:16 - [TEST_STEP][PASSED] - callTestCase(findTestCase("Test Cases/Test Reutilisable/Main/ANEF_Eloignement_V_Nawres/ANEF_Prendre_Mesure_Formulaire"), ["Mesure":Mesure, "FondementLegal":FondementLegal, "NatureDeLacteExpulsion":NatureDeLacteExpulsion, "UrgenceAbsolueExpulsion":UrgenceAbsolueExpulsion, ... ], STOP_ON_FAILURE): Call Test Case 'Test Cases/Test Reutilisable/Main/ANEF_Eloignement_V_Nawres/ANEF_Prendre_Mesure_Formulaire' successfully

14-02-2025T09:38:16 - [MESSAGE][INFO] - Checking called Test Case

14-02-2025T09:38:16 - [MESSAGE][INFO] - Starting to call Test Case 'Test Cases/Test Reutilisable/Main/ANEF_Eloignement_V_Nawres/ANEF_Prendre_Mesure_Formulaire'

14-02-2025T09:38:16 - [TEST_CASE][PASSED] - Test Cases/Test Reutilisable/Main/ANEF_Eloignement_V_Nawres/ANEF_Prendre_Mesure_Formulaire: Test Cases/Test Reutilisable/Main/ANEF_Eloignement_V_Nawres/ANEF_Prendre_Mesure_Formulaire

14-02-2025T09:38:16 - [TEST_STEP][PASSED] - calendar = Calendar.getInstance(): null

14-02-2025T09:38:16 - [TEST_STEP][PASSED] - currentDate = calendar.getTime(): null

14-02-2025T09:38:16 - [TEST_STEP][PASSED] - sdf = new java.text.SimpleDateFormat(dd/MM/yyyy): null

14-02-2025T09:38:16 - [TEST_STEP][PASSED] - formattedDate = sdf.format(currentDate): null

14-02-2025T09:38:16 - [TEST_STEP][PASSED] - DateActuelle = formattedDate.toString(): null

14-02-2025T09:38:16 - [TEST_STEP][PASSED] - println(DateActuelle): null

14-02-2025T09:38:16 - [TEST_STEP][PASSED] - if (Mesure != "ITF"): null

14-02-2025T09:38:16 - [TEST_STEP][PASSED] - selectOptionByLabel(findTestObject("Object Repository/ANEF_Eloignement_V_Nawres/Page_Prendre_Mesure_Formulaire/select_Fondement_Legal"), FondementLegal, false, STOP_ON_FAILURE): All options with label 'L. 611-1 3Â°' are selected in object 'Object Repository/ANEF_Eloignement_V_Nawres/Page_Prendre_Mesure_Formulaire/select_Fondement_Legal' 

14-02-2025T09:38:16 - [MESSAGE][INFO] - Finding Test Object 'Object Repository/ANEF_Eloignement_V_Nawres/Page_Prendre_Mesure_Formulaire/select_Fondement_Legal'

14-02-2025T09:38:16 - [MESSAGE][INFO] - Checking timeout

14-02-2025T09:38:16 - [MESSAGE][INFO] - Finding web element with id: 'Object Repository/ANEF_Eloignement_V_Nawres/Page_Prendre_Mesure_Formulaire/select_Fondement_Legal' located by 'By.xpath: //select[@id="fondement_legal"]' in '20' second(s)

14-02-2025T09:38:16 - [MESSAGE][INFO] - Found 1 web elements with id: 'Object Repository/ANEF_Eloignement_V_Nawres/Page_Prendre_Mesure_Formulaire/select_Fondement_Legal' located by 'By.xpath: //select[@id="fondement_legal"]' in '20' second(s)

14-02-2025T09:38:16 - [MESSAGE][INFO] - Checking object

14-02-2025T09:38:16 - [MESSAGE][INFO] - Checking label parameter

14-02-2025T09:38:16 - [MESSAGE][INFO] - Finding web element from Test Object's properties

14-02-2025T09:38:16 - [MESSAGE][INFO] - Checking timeout

14-02-2025T09:38:16 - [MESSAGE][INFO] - Finding web element with id: 'Object Repository/ANEF_Eloignement_V_Nawres/Page_Prendre_Mesure_Formulaire/select_Fondement_Legal' located by 'By.xpath: //select[@id="fondement_legal"]' in '100' second(s)

14-02-2025T09:38:16 - [MESSAGE][INFO] - Found 1 web elements with id: 'Object Repository/ANEF_Eloignement_V_Nawres/Page_Prendre_Mesure_Formulaire/select_Fondement_Legal' located by 'By.xpath: //select[@id="fondement_legal"]' in '100' second(s)

14-02-2025T09:38:16 - [MESSAGE][INFO] - Selecting options on object 'Object Repository/ANEF_Eloignement_V_Nawres/Page_Prendre_Mesure_Formulaire/select_Fondement_Legal' with label 'L. 611-1 3Â°' 

14-02-2025T09:38:17 - [MESSAGE][PASSED] - All options with label 'L. 611-1 3Â°' are selected in object 'Object Repository/ANEF_Eloignement_V_Nawres/Page_Prendre_Mesure_Formulaire/select_Fondement_Legal' 

14-02-2025T09:38:17 - [TEST_STEP][PASSED] - if (Mesure == "Expulsion"): null

14-02-2025T09:38:17 - [TEST_STEP][PASSED] - NumberUsagerRandom = tools.MyStringTools.getRandomNumber(10, 99): tools.MyStringTools.getRandomNumber is PASSED

14-02-2025T09:38:17 - [MESSAGE][PASSED] - tools.MyStringTools.getRandomNumber is PASSED

14-02-2025T09:38:17 - [TEST_STEP][PASSED] - println(NumberUsagerRandom): null

14-02-2025T09:38:17 - [TEST_STEP][PASSED] - RandomNumber = NumberUsagerRandom.toString(): null

14-02-2025T09:38:17 - [TEST_STEP][PASSED] - if (Mesure == "OQTF"): null

14-02-2025T09:38:17 - [TEST_STEP][PASSED] - if (RefuserDepartVolontaireOQTF == "false"): Text '52' is set on object 'Object Repository/ANEF_Eloignement_V_Nawres/Page_Prendre_Mesure_Formulaire/input_Duree_IRTF_Mois'

14-02-2025T09:38:17 - [TEST_STEP][PASSED] - setText(findTestObject("Object Repository/ANEF_Eloignement_V_Nawres/Page_Prendre_Mesure_Formulaire/input_Delai_Depart_Jours"), RandomNumber, STOP_ON_FAILURE): Text '52' is set on object 'Object Repository/ANEF_Eloignement_V_Nawres/Page_Prendre_Mesure_Formulaire/input_Delai_Depart_Jours'

14-02-2025T09:38:17 - [MESSAGE][INFO] - Finding Test Object 'Object Repository/ANEF_Eloignement_V_Nawres/Page_Prendre_Mesure_Formulaire/input_Delai_Depart_Jours'

14-02-2025T09:38:17 - [MESSAGE][INFO] - Checking timeout

14-02-2025T09:38:17 - [MESSAGE][INFO] - Finding web element with id: 'Object Repository/ANEF_Eloignement_V_Nawres/Page_Prendre_Mesure_Formulaire/input_Delai_Depart_Jours' located by 'By.xpath: //input[@name="nbr_jours"]' in '20' second(s)

14-02-2025T09:38:17 - [MESSAGE][INFO] - Found 1 web elements with id: 'Object Repository/ANEF_Eloignement_V_Nawres/Page_Prendre_Mesure_Formulaire/input_Delai_Depart_Jours' located by 'By.xpath: //input[@name="nbr_jours"]' in '20' second(s)

14-02-2025T09:38:17 - [MESSAGE][INFO] - Checking object

14-02-2025T09:38:17 - [MESSAGE][INFO] - Checking text

14-02-2025T09:38:17 - [MESSAGE][INFO] - Finding web element from Test Object's properties

14-02-2025T09:38:17 - [MESSAGE][INFO] - Checking timeout

14-02-2025T09:38:17 - [MESSAGE][INFO] - Finding web element with id: 'Object Repository/ANEF_Eloignement_V_Nawres/Page_Prendre_Mesure_Formulaire/input_Delai_Depart_Jours' located by 'By.xpath: //input[@name="nbr_jours"]' in '100' second(s)

14-02-2025T09:38:17 - [MESSAGE][INFO] - Found 1 web elements with id: 'Object Repository/ANEF_Eloignement_V_Nawres/Page_Prendre_Mesure_Formulaire/input_Delai_Depart_Jours' located by 'By.xpath: //input[@name="nbr_jours"]' in '100' second(s)

14-02-2025T09:38:17 - [MESSAGE][INFO] - Clearing text of object 'Object Repository/ANEF_Eloignement_V_Nawres/Page_Prendre_Mesure_Formulaire/input_Delai_Depart_Jours'

14-02-2025T09:38:19 - [MESSAGE][INFO] - Finding web element from Test Object's properties

14-02-2025T09:38:19 - [MESSAGE][INFO] - Checking timeout

14-02-2025T09:38:19 - [MESSAGE][INFO] - Finding web element with id: 'Object Repository/ANEF_Eloignement_V_Nawres/Page_Prendre_Mesure_Formulaire/input_Delai_Depart_Jours' located by 'By.xpath: //input[@name="nbr_jours"]' in '100' second(s)

14-02-2025T09:38:19 - [MESSAGE][INFO] - Found 1 web elements with id: 'Object Repository/ANEF_Eloignement_V_Nawres/Page_Prendre_Mesure_Formulaire/input_Delai_Depart_Jours' located by 'By.xpath: //input[@name="nbr_jours"]' in '100' second(s)

14-02-2025T09:38:19 - [MESSAGE][INFO] - Setting text of object 'Object Repository/ANEF_Eloignement_V_Nawres/Page_Prendre_Mesure_Formulaire/input_Delai_Depart_Jours' to value '52'

14-02-2025T09:38:20 - [MESSAGE][PASSED] - Text '52' is set on object 'Object Repository/ANEF_Eloignement_V_Nawres/Page_Prendre_Mesure_Formulaire/input_Delai_Depart_Jours'

14-02-2025T09:38:20 - [TEST_STEP][PASSED] - verifyElementText(findTestObject("Object Repository/ANEF_Eloignement_V_Nawres/Page_Prendre_Mesure_Formulaire/p_Expiration_Delai"), "-", STOP_ON_FAILURE): Actual text and expected text of test object 'Object Repository/ANEF_Eloignement_V_Nawres/Page_Prendre_Mesure_Formulaire/p_Expiration_Delai' are matched.

14-02-2025T09:38:20 - [MESSAGE][INFO] - Finding Test Object 'Object Repository/ANEF_Eloignement_V_Nawres/Page_Prendre_Mesure_Formulaire/p_Expiration_Delai'

14-02-2025T09:38:20 - [MESSAGE][INFO] - Checking object

14-02-2025T09:38:20 - [MESSAGE][INFO] - Finding web element from Test Object's properties

14-02-2025T09:38:20 - [MESSAGE][INFO] - Checking timeout

14-02-2025T09:38:20 - [MESSAGE][INFO] - Finding web element with id: 'Object Repository/ANEF_Eloignement_V_Nawres/Page_Prendre_Mesure_Formulaire/p_Expiration_Delai' located by 'By.xpath: /html/body/app-root/app-layout-borderless/div[3]/app-mesure-oqtf/div[2]/div[2]/div[2]/div[1]/div/div[1]/div[2]/app-accordeon-delai-depart-volontaire/section/div/form/div[2]/div[2]/p' in '100' second(s)

14-02-2025T09:38:20 - [MESSAGE][INFO] - Found 1 web elements with id: 'Object Repository/ANEF_Eloignement_V_Nawres/Page_Prendre_Mesure_Formulaire/p_Expiration_Delai' located by 'By.xpath: /html/body/app-root/app-layout-borderless/div[3]/app-mesure-oqtf/div[2]/div[2]/div[2]/div[1]/div/div[1]/div[2]/app-accordeon-delai-depart-volontaire/section/div/form/div[2]/div[2]/p' in '100' second(s)

14-02-2025T09:38:20 - [MESSAGE][PASSED] - Actual text and expected text of test object 'Object Repository/ANEF_Eloignement_V_Nawres/Page_Prendre_Mesure_Formulaire/p_Expiration_Delai' are matched.

14-02-2025T09:38:20 - [TEST_STEP][PASSED] - click(findTestObject("Object Repository/ANEF_Eloignement_V_Nawres/Page_Prendre_Mesure_Formulaire/btn_radio_Obligation_fixee_Prefet"), STOP_ON_FAILURE): Object: 'Object Repository/ANEF_Eloignement_V_Nawres/Page_Prendre_Mesure_Formulaire/btn_radio_Obligation_fixee_Prefet' is clicked on

14-02-2025T09:38:20 - [MESSAGE][INFO] - Finding Test Object 'Object Repository/ANEF_Eloignement_V_Nawres/Page_Prendre_Mesure_Formulaire/btn_radio_Obligation_fixee_Prefet'

14-02-2025T09:38:20 - [MESSAGE][INFO] - Checking timeout

14-02-2025T09:38:20 - [MESSAGE][INFO] - Finding web element with id: 'Object Repository/ANEF_Eloignement_V_Nawres/Page_Prendre_Mesure_Formulaire/btn_radio_Obligation_fixee_Prefet' located by 'By.xpath: //*[@id="ACCORDEON_DELAI_DEPART_VOLONTAIRE"]/form//app-dsfr-radio/div/fieldset//label[contains(text(),'Oui')]' in '20' second(s)

14-02-2025T09:38:20 - [MESSAGE][INFO] - Found 1 web elements with id: 'Object Repository/ANEF_Eloignement_V_Nawres/Page_Prendre_Mesure_Formulaire/btn_radio_Obligation_fixee_Prefet' located by 'By.xpath: //*[@id="ACCORDEON_DELAI_DEPART_VOLONTAIRE"]/form//app-dsfr-radio/div/fieldset//label[contains(text(),'Oui')]' in '20' second(s)

14-02-2025T09:38:20 - [MESSAGE][INFO] - Checking object

14-02-2025T09:38:20 - [MESSAGE][INFO] - Checking timeout

14-02-2025T09:38:20 - [MESSAGE][INFO] - Finding web element from Test Object's properties

14-02-2025T09:38:20 - [MESSAGE][INFO] - Checking timeout

14-02-2025T09:38:20 - [MESSAGE][INFO] - Finding web element with id: 'Object Repository/ANEF_Eloignement_V_Nawres/Page_Prendre_Mesure_Formulaire/btn_radio_Obligation_fixee_Prefet' located by 'By.xpath: //*[@id="ACCORDEON_DELAI_DEPART_VOLONTAIRE"]/form//app-dsfr-radio/div/fieldset//label[contains(text(),'Oui')]' in '100' second(s)

14-02-2025T09:38:20 - [MESSAGE][INFO] - Found 1 web elements with id: 'Object Repository/ANEF_Eloignement_V_Nawres/Page_Prendre_Mesure_Formulaire/btn_radio_Obligation_fixee_Prefet' located by 'By.xpath: //*[@id="ACCORDEON_DELAI_DEPART_VOLONTAIRE"]/form//app-dsfr-radio/div/fieldset//label[contains(text(),'Oui')]' in '100' second(s)

14-02-2025T09:38:20 - [MESSAGE][INFO] - Clicking on object: 'Object Repository/ANEF_Eloignement_V_Nawres/Page_Prendre_Mesure_Formulaire/btn_radio_Obligation_fixee_Prefet'

14-02-2025T09:38:21 - [MESSAGE][PASSED] - Object: 'Object Repository/ANEF_Eloignement_V_Nawres/Page_Prendre_Mesure_Formulaire/btn_radio_Obligation_fixee_Prefet' is clicked on

14-02-2025T09:38:21 - [TEST_STEP][PASSED] - filePath = getProjectDir() + "/Data Files/Fichier_Test.pdf": null

14-02-2025T09:38:21 - [TEST_STEP][PASSED] - println(filePath): null

14-02-2025T09:38:21 - [TEST_STEP][PASSED] - uploadFile(findTestObject("Object Repository/ANEF_Eloignement_V_Nawres/Page_Prendre_Mesure_Formulaire/input_Fichier_DDV"), filePath): File 'C:/Users/nbenjemi/Katalon Studio/ANEF-ELOIGNEMENT-20250121/ANEF-ELOIGNEMENT-20250121/Data Files/Fichier_Test.pdf' sent to object: 'Object Repository/ANEF_Eloignement_V_Nawres/Page_Prendre_Mesure_Formulaire/input_Fichier_DDV'

14-02-2025T09:38:21 - [MESSAGE][INFO] - Finding Test Object 'Object Repository/ANEF_Eloignement_V_Nawres/Page_Prendre_Mesure_Formulaire/input_Fichier_DDV'

14-02-2025T09:38:21 - [MESSAGE][INFO] - Checking object

14-02-2025T09:38:21 - [MESSAGE][INFO] - Uploading file 'C:/Users/nbenjemi/Katalon Studio/ANEF-ELOIGNEMENT-20250121/ANEF-ELOIGNEMENT-20250121/Data Files/Fichier_Test.pdf' to object: 'Object Repository/ANEF_Eloignement_V_Nawres/Page_Prendre_Mesure_Formulaire/input_Fichier_DDV'

14-02-2025T09:38:21 - [MESSAGE][INFO] - Finding web element from Test Object's properties

14-02-2025T09:38:21 - [MESSAGE][INFO] - Checking timeout

14-02-2025T09:38:21 - [MESSAGE][INFO] - Finding web element with id: 'Object Repository/ANEF_Eloignement_V_Nawres/Page_Prendre_Mesure_Formulaire/input_Fichier_DDV' located by 'By.xpath: /html/body/app-root/app-layout-borderless/div[3]/app-mesure-oqtf/div[2]/div[2]/div[2]/div[1]/div/div[1]/div[2]/app-accordeon-delai-depart-volontaire/section/div/form/div[3]/app-dsfr-piece-jointe/div/div[2]/input' in '100' second(s)

14-02-2025T09:38:21 - [MESSAGE][INFO] - Found 1 web elements with id: 'Object Repository/ANEF_Eloignement_V_Nawres/Page_Prendre_Mesure_Formulaire/input_Fichier_DDV' located by 'By.xpath: /html/body/app-root/app-layout-borderless/div[3]/app-mesure-oqtf/div[2]/div[2]/div[2]/div[1]/div/div[1]/div[2]/app-accordeon-delai-depart-volontaire/section/div/form/div[3]/app-dsfr-piece-jointe/div/div[2]/input' in '100' second(s)

14-02-2025T09:38:22 - [MESSAGE][PASSED] - File 'C:/Users/nbenjemi/Katalon Studio/ANEF-ELOIGNEMENT-20250121/ANEF-ELOIGNEMENT-20250121/Data Files/Fichier_Test.pdf' sent to object: 'Object Repository/ANEF_Eloignement_V_Nawres/Page_Prendre_Mesure_Formulaire/input_Fichier_DDV'

14-02-2025T09:38:22 - [TEST_STEP][PASSED] - click(findTestObject("Object Repository/ANEF_Eloignement_V_Nawres/Page_Prendre_Mesure_Formulaire/btn_Enregistrer"), STOP_ON_FAILURE): Object: 'Object Repository/ANEF_Eloignement_V_Nawres/Page_Prendre_Mesure_Formulaire/btn_Enregistrer' is clicked on

14-02-2025T09:38:22 - [MESSAGE][INFO] - Finding Test Object 'Object Repository/ANEF_Eloignement_V_Nawres/Page_Prendre_Mesure_Formulaire/btn_Enregistrer'

14-02-2025T09:38:22 - [MESSAGE][INFO] - Checking timeout

14-02-2025T09:38:22 - [MESSAGE][INFO] - Finding web element with id: 'Object Repository/ANEF_Eloignement_V_Nawres/Page_Prendre_Mesure_Formulaire/btn_Enregistrer' located by 'By.xpath: //button[contains(text(),"Enregistrer")]' in '20' second(s)

14-02-2025T09:38:22 - [MESSAGE][INFO] - Found 1 web elements with id: 'Object Repository/ANEF_Eloignement_V_Nawres/Page_Prendre_Mesure_Formulaire/btn_Enregistrer' located by 'By.xpath: //button[contains(text(),"Enregistrer")]' in '20' second(s)

14-02-2025T09:38:22 - [MESSAGE][INFO] - Checking object

14-02-2025T09:38:22 - [MESSAGE][INFO] - Checking timeout

14-02-2025T09:38:22 - [MESSAGE][INFO] - Finding web element from Test Object's properties

14-02-2025T09:38:22 - [MESSAGE][INFO] - Checking timeout

14-02-2025T09:38:22 - [MESSAGE][INFO] - Finding web element with id: 'Object Repository/ANEF_Eloignement_V_Nawres/Page_Prendre_Mesure_Formulaire/btn_Enregistrer' located by 'By.xpath: //button[contains(text(),"Enregistrer")]' in '100' second(s)

14-02-2025T09:38:22 - [MESSAGE][INFO] - Found 1 web elements with id: 'Object Repository/ANEF_Eloignement_V_Nawres/Page_Prendre_Mesure_Formulaire/btn_Enregistrer' located by 'By.xpath: //button[contains(text(),"Enregistrer")]' in '100' second(s)

14-02-2025T09:38:22 - [MESSAGE][INFO] - Clicking on object: 'Object Repository/ANEF_Eloignement_V_Nawres/Page_Prendre_Mesure_Formulaire/btn_Enregistrer'

14-02-2025T09:38:23 - [MESSAGE][PASSED] - Object: 'Object Repository/ANEF_Eloignement_V_Nawres/Page_Prendre_Mesure_Formulaire/btn_Enregistrer' is clicked on

14-02-2025T09:38:23 - [TEST_STEP][PASSED] - delay(5): Delayed 5 second(s)

14-02-2025T09:38:23 - [MESSAGE][INFO] - Delaying browser in 5 second(s)

14-02-2025T09:38:28 - [MESSAGE][PASSED] - Delayed 5 second(s)

14-02-2025T09:38:28 - [TEST_STEP][PASSED] - selectOptionByLabel(findTestObject("Object Repository/ANEF_Eloignement_V_Nawres/Page_Prendre_Mesure_Formulaire/select_Fondement_Legal_IRTF"), FondementLegalIRTF, false, STOP_ON_FAILURE): All options with label 'L. 612-7' are selected in object 'Object Repository/ANEF_Eloignement_V_Nawres/Page_Prendre_Mesure_Formulaire/select_Fondement_Legal_IRTF' 

14-02-2025T09:38:28 - [MESSAGE][INFO] - Finding Test Object 'Object Repository/ANEF_Eloignement_V_Nawres/Page_Prendre_Mesure_Formulaire/select_Fondement_Legal_IRTF'

14-02-2025T09:38:28 - [MESSAGE][INFO] - Checking timeout

14-02-2025T09:38:28 - [MESSAGE][INFO] - Finding web element with id: 'Object Repository/ANEF_Eloignement_V_Nawres/Page_Prendre_Mesure_Formulaire/select_Fondement_Legal_IRTF' located by 'By.xpath: //app-accordeon-ictf-irtf/section/div/form//app-dsfr-select-arr/div/select[@name="fondement_legal"]' in '20' second(s)

14-02-2025T09:38:28 - [MESSAGE][INFO] - Found 1 web elements with id: 'Object Repository/ANEF_Eloignement_V_Nawres/Page_Prendre_Mesure_Formulaire/select_Fondement_Legal_IRTF' located by 'By.xpath: //app-accordeon-ictf-irtf/section/div/form//app-dsfr-select-arr/div/select[@name="fondement_legal"]' in '20' second(s)

14-02-2025T09:38:28 - [MESSAGE][INFO] - Checking object

14-02-2025T09:38:28 - [MESSAGE][INFO] - Checking label parameter

14-02-2025T09:38:28 - [MESSAGE][INFO] - Finding web element from Test Object's properties

14-02-2025T09:38:28 - [MESSAGE][INFO] - Checking timeout

14-02-2025T09:38:28 - [MESSAGE][INFO] - Finding web element with id: 'Object Repository/ANEF_Eloignement_V_Nawres/Page_Prendre_Mesure_Formulaire/select_Fondement_Legal_IRTF' located by 'By.xpath: //app-accordeon-ictf-irtf/section/div/form//app-dsfr-select-arr/div/select[@name="fondement_legal"]' in '100' second(s)

14-02-2025T09:38:28 - [MESSAGE][INFO] - Found 1 web elements with id: 'Object Repository/ANEF_Eloignement_V_Nawres/Page_Prendre_Mesure_Formulaire/select_Fondement_Legal_IRTF' located by 'By.xpath: //app-accordeon-ictf-irtf/section/div/form//app-dsfr-select-arr/div/select[@name="fondement_legal"]' in '100' second(s)

14-02-2025T09:38:28 - [MESSAGE][INFO] - Selecting options on object 'Object Repository/ANEF_Eloignement_V_Nawres/Page_Prendre_Mesure_Formulaire/select_Fondement_Legal_IRTF' with label 'L. 612-7' 

14-02-2025T09:38:29 - [MESSAGE][PASSED] - All options with label 'L. 612-7' are selected in object 'Object Repository/ANEF_Eloignement_V_Nawres/Page_Prendre_Mesure_Formulaire/select_Fondement_Legal_IRTF' 

14-02-2025T09:38:29 - [TEST_STEP][PASSED] - setText(findTestObject("Object Repository/ANEF_Eloignement_V_Nawres/Page_Prendre_Mesure_Formulaire/input_Duree_IRTF_Mois"), "200", STOP_ON_FAILURE): Text '200' is set on object 'Object Repository/ANEF_Eloignement_V_Nawres/Page_Prendre_Mesure_Formulaire/input_Duree_IRTF_Mois'

14-02-2025T09:38:29 - [MESSAGE][INFO] - Finding Test Object 'Object Repository/ANEF_Eloignement_V_Nawres/Page_Prendre_Mesure_Formulaire/input_Duree_IRTF_Mois'

14-02-2025T09:38:29 - [MESSAGE][INFO] - Checking timeout

14-02-2025T09:38:29 - [MESSAGE][INFO] - Finding web element with id: 'Object Repository/ANEF_Eloignement_V_Nawres/Page_Prendre_Mesure_Formulaire/input_Duree_IRTF_Mois' located by 'By.xpath: //input[@id="nbr_mois_duree_init"]' in '20' second(s)

14-02-2025T09:38:29 - [MESSAGE][INFO] - Found 1 web elements with id: 'Object Repository/ANEF_Eloignement_V_Nawres/Page_Prendre_Mesure_Formulaire/input_Duree_IRTF_Mois' located by 'By.xpath: //input[@id="nbr_mois_duree_init"]' in '20' second(s)

14-02-2025T09:38:29 - [MESSAGE][INFO] - Checking object

14-02-2025T09:38:29 - [MESSAGE][INFO] - Checking text

14-02-2025T09:38:29 - [MESSAGE][INFO] - Finding web element from Test Object's properties

14-02-2025T09:38:29 - [MESSAGE][INFO] - Checking timeout

14-02-2025T09:38:29 - [MESSAGE][INFO] - Finding web element with id: 'Object Repository/ANEF_Eloignement_V_Nawres/Page_Prendre_Mesure_Formulaire/input_Duree_IRTF_Mois' located by 'By.xpath: //input[@id="nbr_mois_duree_init"]' in '100' second(s)

14-02-2025T09:38:29 - [MESSAGE][INFO] - Found 1 web elements with id: 'Object Repository/ANEF_Eloignement_V_Nawres/Page_Prendre_Mesure_Formulaire/input_Duree_IRTF_Mois' located by 'By.xpath: //input[@id="nbr_mois_duree_init"]' in '100' second(s)

14-02-2025T09:38:29 - [MESSAGE][INFO] - Clearing text of object 'Object Repository/ANEF_Eloignement_V_Nawres/Page_Prendre_Mesure_Formulaire/input_Duree_IRTF_Mois'

14-02-2025T09:38:31 - [MESSAGE][INFO] - Finding web element from Test Object's properties

14-02-2025T09:38:31 - [MESSAGE][INFO] - Checking timeout

14-02-2025T09:38:31 - [MESSAGE][INFO] - Finding web element with id: 'Object Repository/ANEF_Eloignement_V_Nawres/Page_Prendre_Mesure_Formulaire/input_Duree_IRTF_Mois' located by 'By.xpath: //input[@id="nbr_mois_duree_init"]' in '100' second(s)

14-02-2025T09:38:31 - [MESSAGE][INFO] - Found 1 web elements with id: 'Object Repository/ANEF_Eloignement_V_Nawres/Page_Prendre_Mesure_Formulaire/input_Duree_IRTF_Mois' located by 'By.xpath: //input[@id="nbr_mois_duree_init"]' in '100' second(s)

14-02-2025T09:38:31 - [MESSAGE][INFO] - Setting text of object 'Object Repository/ANEF_Eloignement_V_Nawres/Page_Prendre_Mesure_Formulaire/input_Duree_IRTF_Mois' to value '200'

14-02-2025T09:38:32 - [MESSAGE][PASSED] - Text '200' is set on object 'Object Repository/ANEF_Eloignement_V_Nawres/Page_Prendre_Mesure_Formulaire/input_Duree_IRTF_Mois'

14-02-2025T09:38:32 - [TEST_STEP][PASSED] - verifyElementText(findTestObject("Object Repository/ANEF_Eloignement_V_Nawres/Page_Prendre_Mesure_Formulaire/p_Message_Erreur_Duree_IRTF"), "Attention : la durÃ©e indiquÃ©e ne correspond pas Ã  la durÃ©e lÃ©gale maximale 10 ans"): Actual text and expected text of test object 'Object Repository/ANEF_Eloignement_V_Nawres/Page_Prendre_Mesure_Formulaire/p_Message_Erreur_Duree_IRTF' are matched.

14-02-2025T09:38:32 - [MESSAGE][INFO] - Finding Test Object 'Object Repository/ANEF_Eloignement_V_Nawres/Page_Prendre_Mesure_Formulaire/p_Message_Erreur_Duree_IRTF'

14-02-2025T09:38:32 - [MESSAGE][INFO] - Checking object

14-02-2025T09:38:32 - [MESSAGE][INFO] - Finding web element from Test Object's properties

14-02-2025T09:38:32 - [MESSAGE][INFO] - Checking timeout

14-02-2025T09:38:32 - [MESSAGE][INFO] - Finding web element with id: 'Object Repository/ANEF_Eloignement_V_Nawres/Page_Prendre_Mesure_Formulaire/p_Message_Erreur_Duree_IRTF' located by 'By.xpath: //app-accordeon-ictf-irtf/section/div/form/div[2]//p' in '100' second(s)

14-02-2025T09:38:32 - [MESSAGE][INFO] - Found 1 web elements with id: 'Object Repository/ANEF_Eloignement_V_Nawres/Page_Prendre_Mesure_Formulaire/p_Message_Erreur_Duree_IRTF' located by 'By.xpath: //app-accordeon-ictf-irtf/section/div/form/div[2]//p' in '100' second(s)

14-02-2025T09:38:32 - [MESSAGE][PASSED] - Actual text and expected text of test object 'Object Repository/ANEF_Eloignement_V_Nawres/Page_Prendre_Mesure_Formulaire/p_Message_Erreur_Duree_IRTF' are matched.

14-02-2025T09:38:32 - [TEST_STEP][PASSED] - if (FondementLegalIRTF != "L. 612-6"): Text '52' is set on object 'Object Repository/ANEF_Eloignement_V_Nawres/Page_Prendre_Mesure_Formulaire/input_Duree_IRTF_Mois'

14-02-2025T09:38:32 - [TEST_STEP][PASSED] - setText(findTestObject("Object Repository/ANEF_Eloignement_V_Nawres/Page_Prendre_Mesure_Formulaire/input_Duree_IRTF_Mois"), RandomNumber, STOP_ON_FAILURE): Text '52' is set on object 'Object Repository/ANEF_Eloignement_V_Nawres/Page_Prendre_Mesure_Formulaire/input_Duree_IRTF_Mois'

14-02-2025T09:38:32 - [MESSAGE][INFO] - Finding Test Object 'Object Repository/ANEF_Eloignement_V_Nawres/Page_Prendre_Mesure_Formulaire/input_Duree_IRTF_Mois'

14-02-2025T09:38:32 - [MESSAGE][INFO] - Checking timeout

14-02-2025T09:38:32 - [MESSAGE][INFO] - Finding web element with id: 'Object Repository/ANEF_Eloignement_V_Nawres/Page_Prendre_Mesure_Formulaire/input_Duree_IRTF_Mois' located by 'By.xpath: //input[@id="nbr_mois_duree_init"]' in '20' second(s)

14-02-2025T09:38:32 - [MESSAGE][INFO] - Found 1 web elements with id: 'Object Repository/ANEF_Eloignement_V_Nawres/Page_Prendre_Mesure_Formulaire/input_Duree_IRTF_Mois' located by 'By.xpath: //input[@id="nbr_mois_duree_init"]' in '20' second(s)

14-02-2025T09:38:32 - [MESSAGE][INFO] - Checking object

14-02-2025T09:38:32 - [MESSAGE][INFO] - Checking text

14-02-2025T09:38:32 - [MESSAGE][INFO] - Finding web element from Test Object's properties

14-02-2025T09:38:32 - [MESSAGE][INFO] - Checking timeout

14-02-2025T09:38:32 - [MESSAGE][INFO] - Finding web element with id: 'Object Repository/ANEF_Eloignement_V_Nawres/Page_Prendre_Mesure_Formulaire/input_Duree_IRTF_Mois' located by 'By.xpath: //input[@id="nbr_mois_duree_init"]' in '100' second(s)

14-02-2025T09:38:32 - [MESSAGE][INFO] - Found 1 web elements with id: 'Object Repository/ANEF_Eloignement_V_Nawres/Page_Prendre_Mesure_Formulaire/input_Duree_IRTF_Mois' located by 'By.xpath: //input[@id="nbr_mois_duree_init"]' in '100' second(s)

14-02-2025T09:38:32 - [MESSAGE][INFO] - Clearing text of object 'Object Repository/ANEF_Eloignement_V_Nawres/Page_Prendre_Mesure_Formulaire/input_Duree_IRTF_Mois'

14-02-2025T09:38:33 - [MESSAGE][INFO] - Finding web element from Test Object's properties

14-02-2025T09:38:33 - [MESSAGE][INFO] - Checking timeout

14-02-2025T09:38:33 - [MESSAGE][INFO] - Finding web element with id: 'Object Repository/ANEF_Eloignement_V_Nawres/Page_Prendre_Mesure_Formulaire/input_Duree_IRTF_Mois' located by 'By.xpath: //input[@id="nbr_mois_duree_init"]' in '100' second(s)

14-02-2025T09:38:33 - [MESSAGE][INFO] - Found 1 web elements with id: 'Object Repository/ANEF_Eloignement_V_Nawres/Page_Prendre_Mesure_Formulaire/input_Duree_IRTF_Mois' located by 'By.xpath: //input[@id="nbr_mois_duree_init"]' in '100' second(s)

14-02-2025T09:38:33 - [MESSAGE][INFO] - Setting text of object 'Object Repository/ANEF_Eloignement_V_Nawres/Page_Prendre_Mesure_Formulaire/input_Duree_IRTF_Mois' to value '52'

14-02-2025T09:38:34 - [MESSAGE][PASSED] - Text '52' is set on object 'Object Repository/ANEF_Eloignement_V_Nawres/Page_Prendre_Mesure_Formulaire/input_Duree_IRTF_Mois'

14-02-2025T09:38:34 - [TEST_STEP][PASSED] - if (RefuserDepartVolontaireOQTF == "true"): null

14-02-2025T09:38:34 - [TEST_STEP][PASSED] - if (Mesure == "RemiseSchengen"): null

14-02-2025T09:38:34 - [TEST_STEP][PASSED] - RandomNumber = tools.MyStringTools.getRandomNumber(1, 30): tools.MyStringTools.getRandomNumber is PASSED

14-02-2025T09:38:34 - [MESSAGE][PASSED] - tools.MyStringTools.getRandomNumber is PASSED

14-02-2025T09:38:34 - [TEST_STEP][PASSED] - println(RandomNumber): null

14-02-2025T09:38:34 - [TEST_STEP][PASSED] - RandomNumberSelect = RandomNumber.toString(): null

14-02-2025T09:38:34 - [TEST_STEP][PASSED] - if (Mesure == "TransfertDublin"): null

14-02-2025T09:38:34 - [TEST_STEP][PASSED] - if (Mesure == "ExecutionFicheSIS"): null

14-02-2025T09:38:34 - [TEST_STEP][PASSED] - if (Mesure == "IAT"): null

14-02-2025T09:38:34 - [TEST_STEP][PASSED] - if (Mesure == "ITF"): null

14-02-2025T09:38:34 - [TEST_STEP][PASSED] - click(findTestObject("Object Repository/ANEF_Eloignement_V_Nawres/Page_Prendre_Mesure_Formulaire/btn_Enregistrer"), STOP_ON_FAILURE): Object: 'Object Repository/ANEF_Eloignement_V_Nawres/Page_Prendre_Mesure_Formulaire/btn_Enregistrer' is clicked on

14-02-2025T09:38:34 - [MESSAGE][INFO] - Finding Test Object 'Object Repository/ANEF_Eloignement_V_Nawres/Page_Prendre_Mesure_Formulaire/btn_Enregistrer'

14-02-2025T09:38:34 - [MESSAGE][INFO] - Checking timeout

14-02-2025T09:38:34 - [MESSAGE][INFO] - Finding web element with id: 'Object Repository/ANEF_Eloignement_V_Nawres/Page_Prendre_Mesure_Formulaire/btn_Enregistrer' located by 'By.xpath: //button[contains(text(),"Enregistrer")]' in '20' second(s)

14-02-2025T09:38:34 - [MESSAGE][INFO] - Found 1 web elements with id: 'Object Repository/ANEF_Eloignement_V_Nawres/Page_Prendre_Mesure_Formulaire/btn_Enregistrer' located by 'By.xpath: //button[contains(text(),"Enregistrer")]' in '20' second(s)

14-02-2025T09:38:34 - [MESSAGE][INFO] - Checking object

14-02-2025T09:38:34 - [MESSAGE][INFO] - Checking timeout

14-02-2025T09:38:34 - [MESSAGE][INFO] - Finding web element from Test Object's properties

14-02-2025T09:38:34 - [MESSAGE][INFO] - Checking timeout

14-02-2025T09:38:34 - [MESSAGE][INFO] - Finding web element with id: 'Object Repository/ANEF_Eloignement_V_Nawres/Page_Prendre_Mesure_Formulaire/btn_Enregistrer' located by 'By.xpath: //button[contains(text(),"Enregistrer")]' in '100' second(s)

14-02-2025T09:38:34 - [MESSAGE][INFO] - Found 1 web elements with id: 'Object Repository/ANEF_Eloignement_V_Nawres/Page_Prendre_Mesure_Formulaire/btn_Enregistrer' located by 'By.xpath: //button[contains(text(),"Enregistrer")]' in '100' second(s)

14-02-2025T09:38:34 - [MESSAGE][INFO] - Clicking on object: 'Object Repository/ANEF_Eloignement_V_Nawres/Page_Prendre_Mesure_Formulaire/btn_Enregistrer'

14-02-2025T09:38:35 - [MESSAGE][PASSED] - Object: 'Object Repository/ANEF_Eloignement_V_Nawres/Page_Prendre_Mesure_Formulaire/btn_Enregistrer' is clicked on

14-02-2025T09:38:35 - [MESSAGE][PASSED] - Call Test Case 'Test Cases/Test Reutilisable/Main/ANEF_Eloignement_V_Nawres/ANEF_Prendre_Mesure_Formulaire' successfully

14-02-2025T09:38:35 - [MESSAGE][PASSED] - Call Test Case 'Test Cases/Test Reutilisable/Main/ANEF_Eloignement_V_Nawres/ANEF_Prendre_Mesure' successfully

14-02-2025T09:38:35 - [TEST_STEP][PASSED] - callTestCase(findTestCase("Test Cases/Test Reutilisable/Main/ANEF_Eloignement_V_Nawres/ANEF_Ajouter_Decision"), ["ModeNotification":ModeNotification], STOP_ON_FAILURE): Call Test Case 'Test Cases/Test Reutilisable/Main/ANEF_Eloignement_V_Nawres/ANEF_Ajouter_Decision' successfully

14-02-2025T09:38:35 - [MESSAGE][INFO] - Checking called Test Case

14-02-2025T09:38:35 - [MESSAGE][INFO] - Starting to call Test Case 'Test Cases/Test Reutilisable/Main/ANEF_Eloignement_V_Nawres/ANEF_Ajouter_Decision'

14-02-2025T09:38:35 - [TEST_CASE][PASSED] - Test Cases/Test Reutilisable/Main/ANEF_Eloignement_V_Nawres/ANEF_Ajouter_Decision: Test Cases/Test Reutilisable/Main/ANEF_Eloignement_V_Nawres/ANEF_Ajouter_Decision

14-02-2025T09:38:35 - [TEST_STEP][PASSED] - calendar = Calendar.getInstance(): null

14-02-2025T09:38:35 - [TEST_STEP][PASSED] - currentDate = calendar.getTime(): null

14-02-2025T09:38:35 - [TEST_STEP][PASSED] - sdf = new java.text.SimpleDateFormat(dd/MM/yyyy): null

14-02-2025T09:38:35 - [TEST_STEP][PASSED] - formattedDate = sdf.format(currentDate): null

14-02-2025T09:38:35 - [TEST_STEP][PASSED] - DateActuelle = formattedDate.toString(): null

14-02-2025T09:38:35 - [TEST_STEP][PASSED] - println(DateActuelle): null

14-02-2025T09:38:35 - [TEST_STEP][PASSED] - waitForElementClickable(findTestObject("Object Repository/ANEF_Eloignement_V_Nawres/Page_Ajouter_Decision/btn_Ajouter_Decision"), 20, STOP_ON_FAILURE): Object 'Object Repository/ANEF_Eloignement_V_Nawres/Page_Ajouter_Decision/btn_Ajouter_Decision' is clickable

14-02-2025T09:38:35 - [MESSAGE][INFO] - Finding Test Object 'Object Repository/ANEF_Eloignement_V_Nawres/Page_Ajouter_Decision/btn_Ajouter_Decision'

14-02-2025T09:38:35 - [MESSAGE][INFO] - Checking object

14-02-2025T09:38:35 - [MESSAGE][INFO] - Checking timeout

14-02-2025T09:38:35 - [MESSAGE][INFO] - Finding web element from Test Object's properties

14-02-2025T09:38:35 - [MESSAGE][INFO] - Checking timeout

14-02-2025T09:38:35 - [MESSAGE][INFO] - Finding web element with id: 'Object Repository/ANEF_Eloignement_V_Nawres/Page_Ajouter_Decision/btn_Ajouter_Decision' located by 'By.xpath: //button[contains(text(),"Ajouter une dÃ©cision")]' in '20' second(s)

14-02-2025T09:38:35 - [MESSAGE][INFO] - Found 1 web elements with id: 'Object Repository/ANEF_Eloignement_V_Nawres/Page_Ajouter_Decision/btn_Ajouter_Decision' located by 'By.xpath: //button[contains(text(),"Ajouter une dÃ©cision")]' in '20' second(s)

14-02-2025T09:38:35 - [MESSAGE][PASSED] - Object 'Object Repository/ANEF_Eloignement_V_Nawres/Page_Ajouter_Decision/btn_Ajouter_Decision' is clickable

14-02-2025T09:38:35 - [TEST_STEP][PASSED] - click(findTestObject("Object Repository/ANEF_Eloignement_V_Nawres/Page_Ajouter_Decision/btn_Ajouter_Decision"), STOP_ON_FAILURE): Object: 'Object Repository/ANEF_Eloignement_V_Nawres/Page_Ajouter_Decision/btn_Ajouter_Decision' is clicked on

14-02-2025T09:38:35 - [MESSAGE][INFO] - Finding Test Object 'Object Repository/ANEF_Eloignement_V_Nawres/Page_Ajouter_Decision/btn_Ajouter_Decision'

14-02-2025T09:38:35 - [MESSAGE][INFO] - Checking timeout

14-02-2025T09:38:35 - [MESSAGE][INFO] - Finding web element with id: 'Object Repository/ANEF_Eloignement_V_Nawres/Page_Ajouter_Decision/btn_Ajouter_Decision' located by 'By.xpath: //button[contains(text(),"Ajouter une dÃ©cision")]' in '20' second(s)

14-02-2025T09:38:35 - [MESSAGE][INFO] - Found 1 web elements with id: 'Object Repository/ANEF_Eloignement_V_Nawres/Page_Ajouter_Decision/btn_Ajouter_Decision' located by 'By.xpath: //button[contains(text(),"Ajouter une dÃ©cision")]' in '20' second(s)

14-02-2025T09:38:35 - [MESSAGE][INFO] - Checking object

14-02-2025T09:38:35 - [MESSAGE][INFO] - Checking timeout

14-02-2025T09:38:35 - [MESSAGE][INFO] - Finding web element from Test Object's properties

14-02-2025T09:38:35 - [MESSAGE][INFO] - Checking timeout

14-02-2025T09:38:35 - [MESSAGE][INFO] - Finding web element with id: 'Object Repository/ANEF_Eloignement_V_Nawres/Page_Ajouter_Decision/btn_Ajouter_Decision' located by 'By.xpath: //button[contains(text(),"Ajouter une dÃ©cision")]' in '100' second(s)

14-02-2025T09:38:35 - [MESSAGE][INFO] - Found 1 web elements with id: 'Object Repository/ANEF_Eloignement_V_Nawres/Page_Ajouter_Decision/btn_Ajouter_Decision' located by 'By.xpath: //button[contains(text(),"Ajouter une dÃ©cision")]' in '100' second(s)

14-02-2025T09:38:35 - [MESSAGE][INFO] - Clicking on object: 'Object Repository/ANEF_Eloignement_V_Nawres/Page_Ajouter_Decision/btn_Ajouter_Decision'

14-02-2025T09:38:37 - [MESSAGE][PASSED] - Object: 'Object Repository/ANEF_Eloignement_V_Nawres/Page_Ajouter_Decision/btn_Ajouter_Decision' is clicked on

14-02-2025T09:38:37 - [TEST_STEP][PASSED] - scrollToElement(findTestObject("Object Repository/ANEF_Eloignement_V_Nawres/Page_Ajouter_Decision/btn_Confirmer_Ajout_Decision"), 5, STOP_ON_FAILURE): Scroll to object 'Object Repository/ANEF_Eloignement_V_Nawres/Page_Ajouter_Decision/btn_Confirmer_Ajout_Decision' successfully

14-02-2025T09:38:37 - [MESSAGE][INFO] - Finding Test Object 'Object Repository/ANEF_Eloignement_V_Nawres/Page_Ajouter_Decision/btn_Confirmer_Ajout_Decision'

14-02-2025T09:38:37 - [MESSAGE][INFO] - Checking object

14-02-2025T09:38:37 - [MESSAGE][INFO] - Checking timeout

14-02-2025T09:38:37 - [MESSAGE][INFO] - Finding web element from Test Object's properties

14-02-2025T09:38:37 - [MESSAGE][INFO] - Checking timeout

14-02-2025T09:38:37 - [MESSAGE][INFO] - Finding web element with id: 'Object Repository/ANEF_Eloignement_V_Nawres/Page_Ajouter_Decision/btn_Confirmer_Ajout_Decision' located by 'By.xpath: //button[contains(text()," Confirmer l'ajout")]' in '100' second(s)

14-02-2025T09:38:37 - [MESSAGE][INFO] - Found 1 web elements with id: 'Object Repository/ANEF_Eloignement_V_Nawres/Page_Ajouter_Decision/btn_Confirmer_Ajout_Decision' located by 'By.xpath: //button[contains(text()," Confirmer l'ajout")]' in '100' second(s)

14-02-2025T09:38:37 - [MESSAGE][INFO] - Scrolling to object 'Object Repository/ANEF_Eloignement_V_Nawres/Page_Ajouter_Decision/btn_Confirmer_Ajout_Decision'

14-02-2025T09:38:37 - [MESSAGE][PASSED] - Scroll to object 'Object Repository/ANEF_Eloignement_V_Nawres/Page_Ajouter_Decision/btn_Confirmer_Ajout_Decision' successfully

14-02-2025T09:38:37 - [TEST_STEP][PASSED] - click(findTestObject("Object Repository/ANEF_Eloignement_V_Nawres/Page_Ajouter_Decision/btn_Confirmer_Ajout_Decision"), STOP_ON_FAILURE): Object: 'Object Repository/ANEF_Eloignement_V_Nawres/Page_Ajouter_Decision/btn_Confirmer_Ajout_Decision' is clicked on

14-02-2025T09:38:37 - [MESSAGE][INFO] - Finding Test Object 'Object Repository/ANEF_Eloignement_V_Nawres/Page_Ajouter_Decision/btn_Confirmer_Ajout_Decision'

14-02-2025T09:38:37 - [MESSAGE][INFO] - Checking timeout

14-02-2025T09:38:37 - [MESSAGE][INFO] - Finding web element with id: 'Object Repository/ANEF_Eloignement_V_Nawres/Page_Ajouter_Decision/btn_Confirmer_Ajout_Decision' located by 'By.xpath: //button[contains(text()," Confirmer l'ajout")]' in '20' second(s)

14-02-2025T09:38:37 - [MESSAGE][INFO] - Found 1 web elements with id: 'Object Repository/ANEF_Eloignement_V_Nawres/Page_Ajouter_Decision/btn_Confirmer_Ajout_Decision' located by 'By.xpath: //button[contains(text()," Confirmer l'ajout")]' in '20' second(s)

14-02-2025T09:38:37 - [MESSAGE][INFO] - Checking object

14-02-2025T09:38:37 - [MESSAGE][INFO] - Checking timeout

14-02-2025T09:38:37 - [MESSAGE][INFO] - Finding web element from Test Object's properties

14-02-2025T09:38:37 - [MESSAGE][INFO] - Checking timeout

14-02-2025T09:38:37 - [MESSAGE][INFO] - Finding web element with id: 'Object Repository/ANEF_Eloignement_V_Nawres/Page_Ajouter_Decision/btn_Confirmer_Ajout_Decision' located by 'By.xpath: //button[contains(text()," Confirmer l'ajout")]' in '100' second(s)

14-02-2025T09:38:37 - [MESSAGE][INFO] - Found 1 web elements with id: 'Object Repository/ANEF_Eloignement_V_Nawres/Page_Ajouter_Decision/btn_Confirmer_Ajout_Decision' located by 'By.xpath: //button[contains(text()," Confirmer l'ajout")]' in '100' second(s)

14-02-2025T09:38:37 - [MESSAGE][INFO] - Clicking on object: 'Object Repository/ANEF_Eloignement_V_Nawres/Page_Ajouter_Decision/btn_Confirmer_Ajout_Decision'

14-02-2025T09:38:38 - [MESSAGE][PASSED] - Object: 'Object Repository/ANEF_Eloignement_V_Nawres/Page_Ajouter_Decision/btn_Confirmer_Ajout_Decision' is clicked on

14-02-2025T09:38:38 - [TEST_STEP][PASSED] - waitForElementClickable(findTestObject("Object Repository/ANEF_Eloignement_V_Nawres/Page_Ajouter_Decision/btn_Confirmer_Notification"), 20, STOP_ON_FAILURE): Object 'Object Repository/ANEF_Eloignement_V_Nawres/Page_Ajouter_Decision/btn_Confirmer_Notification' is clickable

14-02-2025T09:38:38 - [MESSAGE][INFO] - Finding Test Object 'Object Repository/ANEF_Eloignement_V_Nawres/Page_Ajouter_Decision/btn_Confirmer_Notification'

14-02-2025T09:38:38 - [MESSAGE][INFO] - Checking object

14-02-2025T09:38:38 - [MESSAGE][INFO] - Checking timeout

14-02-2025T09:38:38 - [MESSAGE][INFO] - Finding web element from Test Object's properties

14-02-2025T09:38:38 - [MESSAGE][INFO] - Checking timeout

14-02-2025T09:38:38 - [MESSAGE][INFO] - Finding web element with id: 'Object Repository/ANEF_Eloignement_V_Nawres/Page_Ajouter_Decision/btn_Confirmer_Notification' located by 'By.xpath: //button[contains(text(),"Confirmer la notification")]' in '20' second(s)

14-02-2025T09:38:38 - [MESSAGE][INFO] - Found 1 web elements with id: 'Object Repository/ANEF_Eloignement_V_Nawres/Page_Ajouter_Decision/btn_Confirmer_Notification' located by 'By.xpath: //button[contains(text(),"Confirmer la notification")]' in '20' second(s)

14-02-2025T09:38:40 - [MESSAGE][PASSED] - Object 'Object Repository/ANEF_Eloignement_V_Nawres/Page_Ajouter_Decision/btn_Confirmer_Notification' is clickable

14-02-2025T09:38:40 - [TEST_STEP][PASSED] - click(findTestObject("Object Repository/ANEF_Eloignement_V_Nawres/Page_Ajouter_Decision/btn_Confirmer_Notification"), STOP_ON_FAILURE): Object: 'Object Repository/ANEF_Eloignement_V_Nawres/Page_Ajouter_Decision/btn_Confirmer_Notification' is clicked on

14-02-2025T09:38:40 - [MESSAGE][INFO] - Finding Test Object 'Object Repository/ANEF_Eloignement_V_Nawres/Page_Ajouter_Decision/btn_Confirmer_Notification'

14-02-2025T09:38:40 - [MESSAGE][INFO] - Checking timeout

14-02-2025T09:38:40 - [MESSAGE][INFO] - Finding web element with id: 'Object Repository/ANEF_Eloignement_V_Nawres/Page_Ajouter_Decision/btn_Confirmer_Notification' located by 'By.xpath: //button[contains(text(),"Confirmer la notification")]' in '20' second(s)

14-02-2025T09:38:40 - [MESSAGE][INFO] - Found 1 web elements with id: 'Object Repository/ANEF_Eloignement_V_Nawres/Page_Ajouter_Decision/btn_Confirmer_Notification' located by 'By.xpath: //button[contains(text(),"Confirmer la notification")]' in '20' second(s)

14-02-2025T09:38:40 - [MESSAGE][INFO] - Checking object

14-02-2025T09:38:40 - [MESSAGE][INFO] - Checking timeout

14-02-2025T09:38:40 - [MESSAGE][INFO] - Finding web element from Test Object's properties

14-02-2025T09:38:40 - [MESSAGE][INFO] - Checking timeout

14-02-2025T09:38:40 - [MESSAGE][INFO] - Finding web element with id: 'Object Repository/ANEF_Eloignement_V_Nawres/Page_Ajouter_Decision/btn_Confirmer_Notification' located by 'By.xpath: //button[contains(text(),"Confirmer la notification")]' in '100' second(s)

14-02-2025T09:38:40 - [MESSAGE][INFO] - Found 1 web elements with id: 'Object Repository/ANEF_Eloignement_V_Nawres/Page_Ajouter_Decision/btn_Confirmer_Notification' located by 'By.xpath: //button[contains(text(),"Confirmer la notification")]' in '100' second(s)

14-02-2025T09:38:40 - [MESSAGE][INFO] - Clicking on object: 'Object Repository/ANEF_Eloignement_V_Nawres/Page_Ajouter_Decision/btn_Confirmer_Notification'

14-02-2025T09:38:41 - [MESSAGE][PASSED] - Object: 'Object Repository/ANEF_Eloignement_V_Nawres/Page_Ajouter_Decision/btn_Confirmer_Notification' is clicked on

14-02-2025T09:38:41 - [TEST_STEP][PASSED] - selectOptionByLabel(findTestObject("Object Repository/ANEF_Eloignement_V_Nawres/Page_Ajouter_Decision/select_Mode_Notification"), ModeNotification, false, STOP_ON_FAILURE): All options with label 'Voie administrative' are selected in object 'Object Repository/ANEF_Eloignement_V_Nawres/Page_Ajouter_Decision/select_Mode_Notification' 

14-02-2025T09:38:41 - [MESSAGE][INFO] - Finding Test Object 'Object Repository/ANEF_Eloignement_V_Nawres/Page_Ajouter_Decision/select_Mode_Notification'

14-02-2025T09:38:41 - [MESSAGE][INFO] - Checking timeout

14-02-2025T09:38:41 - [MESSAGE][INFO] - Finding web element with id: 'Object Repository/ANEF_Eloignement_V_Nawres/Page_Ajouter_Decision/select_Mode_Notification' located by 'By.xpath: //app-notification-modal//form//app-dsfr-select/div/select[@id="mode_notification"]' in '20' second(s)

14-02-2025T09:38:41 - [MESSAGE][INFO] - Found 1 web elements with id: 'Object Repository/ANEF_Eloignement_V_Nawres/Page_Ajouter_Decision/select_Mode_Notification' located by 'By.xpath: //app-notification-modal//form//app-dsfr-select/div/select[@id="mode_notification"]' in '20' second(s)

14-02-2025T09:38:41 - [MESSAGE][INFO] - Checking object

14-02-2025T09:38:41 - [MESSAGE][INFO] - Checking label parameter

14-02-2025T09:38:41 - [MESSAGE][INFO] - Finding web element from Test Object's properties

14-02-2025T09:38:41 - [MESSAGE][INFO] - Checking timeout

14-02-2025T09:38:41 - [MESSAGE][INFO] - Finding web element with id: 'Object Repository/ANEF_Eloignement_V_Nawres/Page_Ajouter_Decision/select_Mode_Notification' located by 'By.xpath: //app-notification-modal//form//app-dsfr-select/div/select[@id="mode_notification"]' in '100' second(s)

14-02-2025T09:38:41 - [MESSAGE][INFO] - Found 1 web elements with id: 'Object Repository/ANEF_Eloignement_V_Nawres/Page_Ajouter_Decision/select_Mode_Notification' located by 'By.xpath: //app-notification-modal//form//app-dsfr-select/div/select[@id="mode_notification"]' in '100' second(s)

14-02-2025T09:38:41 - [MESSAGE][INFO] - Selecting options on object 'Object Repository/ANEF_Eloignement_V_Nawres/Page_Ajouter_Decision/select_Mode_Notification' with label 'Voie administrative' 

14-02-2025T09:38:42 - [MESSAGE][PASSED] - All options with label 'Voie administrative' are selected in object 'Object Repository/ANEF_Eloignement_V_Nawres/Page_Ajouter_Decision/select_Mode_Notification' 

14-02-2025T09:38:42 - [TEST_STEP][PASSED] - setText(findTestObject("Object Repository/ANEF_Eloignement_V_Nawres/Page_Ajouter_Decision/input_Date_Notification"), DateActuelle, STOP_ON_FAILURE): Text '14/02/2025' is set on object 'Object Repository/ANEF_Eloignement_V_Nawres/Page_Ajouter_Decision/input_Date_Notification'

14-02-2025T09:38:42 - [MESSAGE][INFO] - Finding Test Object 'Object Repository/ANEF_Eloignement_V_Nawres/Page_Ajouter_Decision/input_Date_Notification'

14-02-2025T09:38:42 - [MESSAGE][INFO] - Checking timeout

14-02-2025T09:38:42 - [MESSAGE][INFO] - Finding web element with id: 'Object Repository/ANEF_Eloignement_V_Nawres/Page_Ajouter_Decision/input_Date_Notification' located by 'By.xpath: //app-dsfr-input/div/input[@id="date_notification"]' in '20' second(s)

14-02-2025T09:38:42 - [MESSAGE][INFO] - Found 1 web elements with id: 'Object Repository/ANEF_Eloignement_V_Nawres/Page_Ajouter_Decision/input_Date_Notification' located by 'By.xpath: //app-dsfr-input/div/input[@id="date_notification"]' in '20' second(s)

14-02-2025T09:38:42 - [MESSAGE][INFO] - Checking object

14-02-2025T09:38:42 - [MESSAGE][INFO] - Checking text

14-02-2025T09:38:42 - [MESSAGE][INFO] - Finding web element from Test Object's properties

14-02-2025T09:38:42 - [MESSAGE][INFO] - Checking timeout

14-02-2025T09:38:42 - [MESSAGE][INFO] - Finding web element with id: 'Object Repository/ANEF_Eloignement_V_Nawres/Page_Ajouter_Decision/input_Date_Notification' located by 'By.xpath: //app-dsfr-input/div/input[@id="date_notification"]' in '100' second(s)

14-02-2025T09:38:42 - [MESSAGE][INFO] - Found 1 web elements with id: 'Object Repository/ANEF_Eloignement_V_Nawres/Page_Ajouter_Decision/input_Date_Notification' located by 'By.xpath: //app-dsfr-input/div/input[@id="date_notification"]' in '100' second(s)

14-02-2025T09:38:42 - [MESSAGE][INFO] - Clearing text of object 'Object Repository/ANEF_Eloignement_V_Nawres/Page_Ajouter_Decision/input_Date_Notification'

14-02-2025T09:38:43 - [MESSAGE][INFO] - Finding web element from Test Object's properties

14-02-2025T09:38:43 - [MESSAGE][INFO] - Checking timeout

14-02-2025T09:38:43 - [MESSAGE][INFO] - Finding web element with id: 'Object Repository/ANEF_Eloignement_V_Nawres/Page_Ajouter_Decision/input_Date_Notification' located by 'By.xpath: //app-dsfr-input/div/input[@id="date_notification"]' in '100' second(s)

14-02-2025T09:38:43 - [MESSAGE][INFO] - Found 1 web elements with id: 'Object Repository/ANEF_Eloignement_V_Nawres/Page_Ajouter_Decision/input_Date_Notification' located by 'By.xpath: //app-dsfr-input/div/input[@id="date_notification"]' in '100' second(s)

14-02-2025T09:38:43 - [MESSAGE][INFO] - Setting text of object 'Object Repository/ANEF_Eloignement_V_Nawres/Page_Ajouter_Decision/input_Date_Notification' to value '14/02/2025'

14-02-2025T09:38:45 - [MESSAGE][PASSED] - Text '14/02/2025' is set on object 'Object Repository/ANEF_Eloignement_V_Nawres/Page_Ajouter_Decision/input_Date_Notification'

14-02-2025T09:38:45 - [TEST_STEP][PASSED] - if (ModeNotification == "Voie administrative"): Text '14:30' is set on object 'Object Repository/ANEF_Eloignement_V_Nawres/Page_Ajouter_Decision/input_Heure_Notification'

14-02-2025T09:38:45 - [TEST_STEP][PASSED] - setText(findTestObject("Object Repository/ANEF_Eloignement_V_Nawres/Page_Ajouter_Decision/input_Heure_Notification"), "14:30", STOP_ON_FAILURE): Text '14:30' is set on object 'Object Repository/ANEF_Eloignement_V_Nawres/Page_Ajouter_Decision/input_Heure_Notification'

14-02-2025T09:38:45 - [MESSAGE][INFO] - Finding Test Object 'Object Repository/ANEF_Eloignement_V_Nawres/Page_Ajouter_Decision/input_Heure_Notification'

14-02-2025T09:38:45 - [MESSAGE][INFO] - Checking timeout

14-02-2025T09:38:45 - [MESSAGE][INFO] - Finding web element with id: 'Object Repository/ANEF_Eloignement_V_Nawres/Page_Ajouter_Decision/input_Heure_Notification' located by 'By.xpath: //app-notification-modal//form//app-dsfr-input/div/input[@id="heure_notification"]' in '20' second(s)

14-02-2025T09:38:45 - [MESSAGE][INFO] - Found 1 web elements with id: 'Object Repository/ANEF_Eloignement_V_Nawres/Page_Ajouter_Decision/input_Heure_Notification' located by 'By.xpath: //app-notification-modal//form//app-dsfr-input/div/input[@id="heure_notification"]' in '20' second(s)

14-02-2025T09:38:45 - [MESSAGE][INFO] - Checking object

14-02-2025T09:38:45 - [MESSAGE][INFO] - Checking text

14-02-2025T09:38:45 - [MESSAGE][INFO] - Finding web element from Test Object's properties

14-02-2025T09:38:45 - [MESSAGE][INFO] - Checking timeout

14-02-2025T09:38:45 - [MESSAGE][INFO] - Finding web element with id: 'Object Repository/ANEF_Eloignement_V_Nawres/Page_Ajouter_Decision/input_Heure_Notification' located by 'By.xpath: //app-notification-modal//form//app-dsfr-input/div/input[@id="heure_notification"]' in '100' second(s)

14-02-2025T09:38:45 - [MESSAGE][INFO] - Found 1 web elements with id: 'Object Repository/ANEF_Eloignement_V_Nawres/Page_Ajouter_Decision/input_Heure_Notification' located by 'By.xpath: //app-notification-modal//form//app-dsfr-input/div/input[@id="heure_notification"]' in '100' second(s)

14-02-2025T09:38:45 - [MESSAGE][INFO] - Clearing text of object 'Object Repository/ANEF_Eloignement_V_Nawres/Page_Ajouter_Decision/input_Heure_Notification'

14-02-2025T09:38:46 - [MESSAGE][INFO] - Finding web element from Test Object's properties

14-02-2025T09:38:46 - [MESSAGE][INFO] - Checking timeout

14-02-2025T09:38:46 - [MESSAGE][INFO] - Finding web element with id: 'Object Repository/ANEF_Eloignement_V_Nawres/Page_Ajouter_Decision/input_Heure_Notification' located by 'By.xpath: //app-notification-modal//form//app-dsfr-input/div/input[@id="heure_notification"]' in '100' second(s)

14-02-2025T09:38:46 - [MESSAGE][INFO] - Found 1 web elements with id: 'Object Repository/ANEF_Eloignement_V_Nawres/Page_Ajouter_Decision/input_Heure_Notification' located by 'By.xpath: //app-notification-modal//form//app-dsfr-input/div/input[@id="heure_notification"]' in '100' second(s)

14-02-2025T09:38:46 - [MESSAGE][INFO] - Setting text of object 'Object Repository/ANEF_Eloignement_V_Nawres/Page_Ajouter_Decision/input_Heure_Notification' to value '14:30'

14-02-2025T09:38:47 - [MESSAGE][PASSED] - Text '14:30' is set on object 'Object Repository/ANEF_Eloignement_V_Nawres/Page_Ajouter_Decision/input_Heure_Notification'

14-02-2025T09:38:47 - [TEST_STEP][PASSED] - uploadFile(findTestObject("Object Repository/ANEF_Eloignement_V_Nawres/Page_Ajouter_Decision/input_Ajouter_Fichier_Notification"), getProjectDir() + "/Data Files/Fichier_Test.pdf"): File 'C:/Users/nbenjemi/Katalon Studio/ANEF-ELOIGNEMENT-20250121/ANEF-ELOIGNEMENT-20250121/Data Files/Fichier_Test.pdf' sent to object: 'Object Repository/ANEF_Eloignement_V_Nawres/Page_Ajouter_Decision/input_Ajouter_Fichier_Notification'

14-02-2025T09:38:47 - [MESSAGE][INFO] - Finding Test Object 'Object Repository/ANEF_Eloignement_V_Nawres/Page_Ajouter_Decision/input_Ajouter_Fichier_Notification'

14-02-2025T09:38:47 - [MESSAGE][INFO] - Checking object

14-02-2025T09:38:47 - [MESSAGE][INFO] - Uploading file 'C:/Users/nbenjemi/Katalon Studio/ANEF-ELOIGNEMENT-20250121/ANEF-ELOIGNEMENT-20250121/Data Files/Fichier_Test.pdf' to object: 'Object Repository/ANEF_Eloignement_V_Nawres/Page_Ajouter_Decision/input_Ajouter_Fichier_Notification'

14-02-2025T09:38:47 - [MESSAGE][INFO] - Finding web element from Test Object's properties

14-02-2025T09:38:47 - [MESSAGE][INFO] - Checking timeout

14-02-2025T09:38:47 - [MESSAGE][INFO] - Finding web element with id: 'Object Repository/ANEF_Eloignement_V_Nawres/Page_Ajouter_Decision/input_Ajouter_Fichier_Notification' located by 'By.xpath: //app-notification-modal//form//app-dsfr-piece-jointe//input' in '100' second(s)

14-02-2025T09:38:47 - [MESSAGE][INFO] - Found 1 web elements with id: 'Object Repository/ANEF_Eloignement_V_Nawres/Page_Ajouter_Decision/input_Ajouter_Fichier_Notification' located by 'By.xpath: //app-notification-modal//form//app-dsfr-piece-jointe//input' in '100' second(s)

14-02-2025T09:38:48 - [MESSAGE][PASSED] - File 'C:/Users/nbenjemi/Katalon Studio/ANEF-ELOIGNEMENT-20250121/ANEF-ELOIGNEMENT-20250121/Data Files/Fichier_Test.pdf' sent to object: 'Object Repository/ANEF_Eloignement_V_Nawres/Page_Ajouter_Decision/input_Ajouter_Fichier_Notification'

14-02-2025T09:38:48 - [TEST_STEP][PASSED] - scrollToElement(findTestObject("Object Repository/ANEF_Eloignement_V_Nawres/Page_Ajouter_Decision/btn_Confirmer_Ajout_Notification"), 5, STOP_ON_FAILURE): Scroll to object 'Object Repository/ANEF_Eloignement_V_Nawres/Page_Ajouter_Decision/btn_Confirmer_Ajout_Notification' successfully

14-02-2025T09:38:48 - [MESSAGE][INFO] - Finding Test Object 'Object Repository/ANEF_Eloignement_V_Nawres/Page_Ajouter_Decision/btn_Confirmer_Ajout_Notification'

14-02-2025T09:38:48 - [MESSAGE][INFO] - Checking object

14-02-2025T09:38:48 - [MESSAGE][INFO] - Checking timeout

14-02-2025T09:38:48 - [MESSAGE][INFO] - Finding web element from Test Object's properties

14-02-2025T09:38:48 - [MESSAGE][INFO] - Checking timeout

14-02-2025T09:38:48 - [MESSAGE][INFO] - Finding web element with id: 'Object Repository/ANEF_Eloignement_V_Nawres/Page_Ajouter_Decision/btn_Confirmer_Ajout_Notification' located by 'By.xpath: //app-notification-modal//button[contains(text(),"Confirmer l'ajout")]' in '100' second(s)

14-02-2025T09:38:48 - [MESSAGE][INFO] - Found 1 web elements with id: 'Object Repository/ANEF_Eloignement_V_Nawres/Page_Ajouter_Decision/btn_Confirmer_Ajout_Notification' located by 'By.xpath: //app-notification-modal//button[contains(text(),"Confirmer l'ajout")]' in '100' second(s)

14-02-2025T09:38:48 - [MESSAGE][INFO] - Scrolling to object 'Object Repository/ANEF_Eloignement_V_Nawres/Page_Ajouter_Decision/btn_Confirmer_Ajout_Notification'

14-02-2025T09:38:48 - [MESSAGE][PASSED] - Scroll to object 'Object Repository/ANEF_Eloignement_V_Nawres/Page_Ajouter_Decision/btn_Confirmer_Ajout_Notification' successfully

14-02-2025T09:38:48 - [TEST_STEP][PASSED] - click(findTestObject("Object Repository/ANEF_Eloignement_V_Nawres/Page_Ajouter_Decision/btn_Confirmer_Ajout_Notification"), STOP_ON_FAILURE): Object: 'Object Repository/ANEF_Eloignement_V_Nawres/Page_Ajouter_Decision/btn_Confirmer_Ajout_Notification' is clicked on

14-02-2025T09:38:48 - [MESSAGE][INFO] - Finding Test Object 'Object Repository/ANEF_Eloignement_V_Nawres/Page_Ajouter_Decision/btn_Confirmer_Ajout_Notification'

14-02-2025T09:38:48 - [MESSAGE][INFO] - Checking timeout

14-02-2025T09:38:48 - [MESSAGE][INFO] - Finding web element with id: 'Object Repository/ANEF_Eloignement_V_Nawres/Page_Ajouter_Decision/btn_Confirmer_Ajout_Notification' located by 'By.xpath: //app-notification-modal//button[contains(text(),"Confirmer l'ajout")]' in '20' second(s)

14-02-2025T09:38:48 - [MESSAGE][INFO] - Found 1 web elements with id: 'Object Repository/ANEF_Eloignement_V_Nawres/Page_Ajouter_Decision/btn_Confirmer_Ajout_Notification' located by 'By.xpath: //app-notification-modal//button[contains(text(),"Confirmer l'ajout")]' in '20' second(s)

14-02-2025T09:38:48 - [MESSAGE][INFO] - Checking object

14-02-2025T09:38:48 - [MESSAGE][INFO] - Checking timeout

14-02-2025T09:38:48 - [MESSAGE][INFO] - Finding web element from Test Object's properties

14-02-2025T09:38:48 - [MESSAGE][INFO] - Checking timeout

14-02-2025T09:38:48 - [MESSAGE][INFO] - Finding web element with id: 'Object Repository/ANEF_Eloignement_V_Nawres/Page_Ajouter_Decision/btn_Confirmer_Ajout_Notification' located by 'By.xpath: //app-notification-modal//button[contains(text(),"Confirmer l'ajout")]' in '100' second(s)

14-02-2025T09:38:48 - [MESSAGE][INFO] - Found 1 web elements with id: 'Object Repository/ANEF_Eloignement_V_Nawres/Page_Ajouter_Decision/btn_Confirmer_Ajout_Notification' located by 'By.xpath: //app-notification-modal//button[contains(text(),"Confirmer l'ajout")]' in '100' second(s)

14-02-2025T09:38:48 - [MESSAGE][INFO] - Clicking on object: 'Object Repository/ANEF_Eloignement_V_Nawres/Page_Ajouter_Decision/btn_Confirmer_Ajout_Notification'

14-02-2025T09:38:49 - [MESSAGE][PASSED] - Object: 'Object Repository/ANEF_Eloignement_V_Nawres/Page_Ajouter_Decision/btn_Confirmer_Ajout_Notification' is clicked on

14-02-2025T09:38:49 - [TEST_STEP][PASSED] - waitForElementClickable(findTestObject("Object Repository/ANEF_Eloignement_V_Nawres/Page_Ajouter_Decision/btn_Enregistrer"), 7, STOP_ON_FAILURE): Object 'Object Repository/ANEF_Eloignement_V_Nawres/Page_Ajouter_Decision/btn_Enregistrer' is clickable

14-02-2025T09:38:49 - [MESSAGE][INFO] - Finding Test Object 'Object Repository/ANEF_Eloignement_V_Nawres/Page_Ajouter_Decision/btn_Enregistrer'

14-02-2025T09:38:49 - [MESSAGE][INFO] - Checking object

14-02-2025T09:38:49 - [MESSAGE][INFO] - Checking timeout

14-02-2025T09:38:49 - [MESSAGE][INFO] - Finding web element from Test Object's properties

14-02-2025T09:38:49 - [MESSAGE][INFO] - Checking timeout

14-02-2025T09:38:49 - [MESSAGE][INFO] - Finding web element with id: 'Object Repository/ANEF_Eloignement_V_Nawres/Page_Ajouter_Decision/btn_Enregistrer' located by 'By.xpath: //button[contains(text(),"Enregistrer")]' in '7' second(s)

14-02-2025T09:38:49 - [MESSAGE][INFO] - Found 1 web elements with id: 'Object Repository/ANEF_Eloignement_V_Nawres/Page_Ajouter_Decision/btn_Enregistrer' located by 'By.xpath: //button[contains(text(),"Enregistrer")]' in '7' second(s)

14-02-2025T09:38:49 - [MESSAGE][PASSED] - Object 'Object Repository/ANEF_Eloignement_V_Nawres/Page_Ajouter_Decision/btn_Enregistrer' is clickable

14-02-2025T09:38:49 - [MESSAGE][PASSED] - Call Test Case 'Test Cases/Test Reutilisable/Main/ANEF_Eloignement_V_Nawres/ANEF_Ajouter_Decision' successfully

14-02-2025T09:38:52 - [TEST_STEP][PASSED] - Video: Video recording for test case 'Test Cases/Cas D Utilisations/ANEF_Eloignement_V_Nawres/TC_ANEF_Eloignement' .

14-02-2025T09:38:52 - [MESSAGE][INFO] - Video recording for test case 'Test Cases/Cas D Utilisations/ANEF_Eloignement_V_Nawres/TC_ANEF_Eloignement' .]]></system-out>
         <system-err><![CDATA[]]></system-err>
      </testcase>
      <testcase name="Test Cases/Cas D Utilisations/ANEF_Eloignement_V_Nawres/TC_ANEF_Eloignement" time="83.395" classname="Test Cases/Cas D Utilisations/ANEF_Eloignement_V_Nawres/TC_ANEF_Eloignement" status="PASSED">
         <system-out><![CDATA[14-02-2025T09:38:52 - [TEST_CASE][PASSED] - Test Cases/Cas D Utilisations/ANEF_Eloignement_V_Nawres/TC_ANEF_Eloignement: Test Cases/Cas D Utilisations/ANEF_Eloignement_V_Nawres/TC_ANEF_Eloignement

14-02-2025T09:38:52 - [TEST_STEP][PASSED] - callTestCase(findTestCase("Test Cases/Test Reutilisable/Main/ANEF_Eloignement_V_Nawres/ANEF_Lancer_URL_ANEF"), ["Profiles":Profiles, "EnvExec":EnvExec], STOP_ON_FAILURE): Call Test Case 'Test Cases/Test Reutilisable/Main/ANEF_Eloignement_V_Nawres/ANEF_Lancer_URL_ANEF' successfully

14-02-2025T09:38:52 - [MESSAGE][INFO] - Checking called Test Case

14-02-2025T09:38:52 - [MESSAGE][INFO] - Starting to call Test Case 'Test Cases/Test Reutilisable/Main/ANEF_Eloignement_V_Nawres/ANEF_Lancer_URL_ANEF'

14-02-2025T09:38:52 - [TEST_CASE][PASSED] - Test Cases/Test Reutilisable/Main/ANEF_Eloignement_V_Nawres/ANEF_Lancer_URL_ANEF: Test Cases/Test Reutilisable/Main/ANEF_Eloignement_V_Nawres/ANEF_Lancer_URL_ANEF

14-02-2025T09:38:52 - [TEST_STEP][PASSED] - "Call Highlight.on() automatically": null

14-02-2025T09:38:52 - [TEST_STEP][PASSED] - projDir = getProjectDir(): null

14-02-2025T09:38:52 - [TEST_STEP][PASSED] - RunBrowserConfiguration = getExecutionProperties(): null

14-02-2025T09:38:52 - [TEST_STEP][PASSED] - DriverName = get("WebUI").get("browserType"): null

14-02-2025T09:38:52 - [TEST_STEP][PASSED] - println("DriverName :" + DriverName): null

14-02-2025T09:38:52 - [TEST_STEP][PASSED] - println("Driverpath :" + RunBrowserConfiguration.get("drivers")): null

14-02-2025T09:38:52 - [TEST_STEP][PASSED] - if (Profiles == "Usager"): null

14-02-2025T09:38:52 - [TEST_STEP][PASSED] - if (Profiles == "Agent"): Current window maximized

14-02-2025T09:38:52 - [TEST_STEP][PASSED] - if (EnvExec == "URLPortailAgentQualif"): Browser is opened with url: 'https://qualification.siaef.dgef.interieur.gouv.fr/sejour/#/accueil'

14-02-2025T09:38:52 - [TEST_STEP][PASSED] - openBrowser(URLPortailAgentQualif): Browser is opened with url: 'https://qualification.siaef.dgef.interieur.gouv.fr/sejour/#/accueil'

14-02-2025T09:38:52 - [MESSAGE][INFO] - Opening browser

14-02-2025T09:38:52 - [MESSAGE][WARNING] - A browser is already opened. Closing browser and opening a new one

14-02-2025T09:38:52 - [MESSAGE][INFO] - Starting 'Chrome' driver

14-02-2025T09:38:52 - [MESSAGE][INFO] - User set preference: ['args', '[--incognito, --disable-search-engine-choice-screen, --enable-automation, --disable-save-password-bubble, --start-maximized, --remote-allow-origins=*]']

14-02-2025T09:38:52 - [MESSAGE][INFO] - User set preference: ['prefs', '{download.default_directory=${GlobalVariable.downloadPath}, download_dir=${GlobalVariable.downloadPath}, download.prompt_for_download=false}']

14-02-2025T09:38:52 - [MESSAGE][INFO] - User set preference: ['loggingPrefs', '{browser=ALL}']

14-02-2025T09:38:52 - [MESSAGE][INFO] - Action delay is set to 1â€¯000 milliseconds

14-02-2025T09:38:54 - [MESSAGE][INFO] - Navigating browser to: 'https://qualification.siaef.dgef.interieur.gouv.fr/sejour/#/accueil'

14-02-2025T09:38:56 - [MESSAGE][PASSED] - Browser is opened with url: 'https://qualification.siaef.dgef.interieur.gouv.fr/sejour/#/accueil'

14-02-2025T09:38:56 - [TEST_STEP][PASSED] - if (EnvExec == "URLPortailAgentPreProd"): null

14-02-2025T09:38:56 - [TEST_STEP][PASSED] - maximizeWindow(): Current window maximized

14-02-2025T09:38:56 - [MESSAGE][INFO] - Maximizing current window

14-02-2025T09:38:56 - [MESSAGE][PASSED] - Current window maximized

14-02-2025T09:38:56 - [MESSAGE][PASSED] - Call Test Case 'Test Cases/Test Reutilisable/Main/ANEF_Eloignement_V_Nawres/ANEF_Lancer_URL_ANEF' successfully

14-02-2025T09:38:56 - [TEST_STEP][PASSED] - callTestCase(findTestCase("Test Cases/Test Reutilisable/Main/ANEF_Eloignement_V_Nawres/ANEF_Identification"), ["Profiles":Profiles, "IdentifiantAgent":IdentifiantAgent, "PwAgent":PwAgent, "EnvExec":EnvExec], STOP_ON_FAILURE): Call Test Case 'Test Cases/Test Reutilisable/Main/ANEF_Eloignement_V_Nawres/ANEF_Identification' successfully

14-02-2025T09:38:56 - [MESSAGE][INFO] - Checking called Test Case

14-02-2025T09:38:56 - [MESSAGE][INFO] - Starting to call Test Case 'Test Cases/Test Reutilisable/Main/ANEF_Eloignement_V_Nawres/ANEF_Identification'

14-02-2025T09:38:56 - [TEST_CASE][PASSED] - Test Cases/Test Reutilisable/Main/ANEF_Eloignement_V_Nawres/ANEF_Identification: Test Cases/Test Reutilisable/Main/ANEF_Eloignement_V_Nawres/ANEF_Identification

14-02-2025T09:38:56 - [TEST_STEP][PASSED] - com.kazurayam.ksbackyard.HighlightElement.pandemic(): com.kazurayam.ksbackyard.HighlightElement.pandemic is PASSED

14-02-2025T09:38:56 - [MESSAGE][PASSED] - com.kazurayam.ksbackyard.HighlightElement.pandemic is PASSED

14-02-2025T09:38:56 - [TEST_STEP][PASSED] - if (Profiles == "Usager"): null

14-02-2025T09:38:56 - [TEST_STEP][PASSED] - if (Profiles == "Agent"): Object: 'Object Repository/ANEF_Eloignement_V_Nawres/Page_ANEF_Connexion/btn_Valider_Conx_Agent' is clicked on

14-02-2025T09:38:56 - [TEST_STEP][PASSED] - if (EnvExec == "URLPortailAgentQualif"): Text 'Natali12345!' is set on object 'Object Repository/ANEF_Eloignement_V_Nawres/Page_ANEF_Connexion/Input_PasswordAgent'

14-02-2025T09:38:56 - [TEST_STEP][PASSED] - setText(findTestObject("Object Repository/ANEF_Eloignement_V_Nawres/Page_ANEF_Connexion/Input_UserNameAgent"), IdentifiantAgent): Text 'test.gpe+32@outlook.fr' is set on object 'Object Repository/ANEF_Eloignement_V_Nawres/Page_ANEF_Connexion/Input_UserNameAgent'

14-02-2025T09:38:56 - [MESSAGE][INFO] - Finding Test Object 'Object Repository/ANEF_Eloignement_V_Nawres/Page_ANEF_Connexion/Input_UserNameAgent'

14-02-2025T09:38:56 - [MESSAGE][INFO] - Checking timeout

14-02-2025T09:38:56 - [MESSAGE][INFO] - Finding web element with id: 'Object Repository/ANEF_Eloignement_V_Nawres/Page_ANEF_Connexion/Input_UserNameAgent' located by 'By.xpath: //*[@aria-labelledby="username-label"]|//*[@id="login"]' in '20' second(s)

14-02-2025T09:38:56 - [MESSAGE][INFO] - Found 1 web elements with id: 'Object Repository/ANEF_Eloignement_V_Nawres/Page_ANEF_Connexion/Input_UserNameAgent' located by 'By.xpath: //*[@aria-labelledby="username-label"]|//*[@id="login"]' in '20' second(s)

14-02-2025T09:38:56 - [MESSAGE][INFO] - Checking object

14-02-2025T09:38:56 - [MESSAGE][INFO] - Checking text

14-02-2025T09:38:56 - [MESSAGE][INFO] - Finding web element from Test Object's properties

14-02-2025T09:38:56 - [MESSAGE][INFO] - Checking timeout

14-02-2025T09:38:56 - [MESSAGE][INFO] - Finding web element with id: 'Object Repository/ANEF_Eloignement_V_Nawres/Page_ANEF_Connexion/Input_UserNameAgent' located by 'By.xpath: //*[@aria-labelledby="username-label"]|//*[@id="login"]' in '100' second(s)

14-02-2025T09:38:56 - [MESSAGE][INFO] - Found 1 web elements with id: 'Object Repository/ANEF_Eloignement_V_Nawres/Page_ANEF_Connexion/Input_UserNameAgent' located by 'By.xpath: //*[@aria-labelledby="username-label"]|//*[@id="login"]' in '100' second(s)

14-02-2025T09:38:56 - [MESSAGE][INFO] - Clearing text of object 'Object Repository/ANEF_Eloignement_V_Nawres/Page_ANEF_Connexion/Input_UserNameAgent'

14-02-2025T09:38:57 - [MESSAGE][INFO] - Finding web element from Test Object's properties

14-02-2025T09:38:57 - [MESSAGE][INFO] - Checking timeout

14-02-2025T09:38:57 - [MESSAGE][INFO] - Finding web element with id: 'Object Repository/ANEF_Eloignement_V_Nawres/Page_ANEF_Connexion/Input_UserNameAgent' located by 'By.xpath: //*[@aria-labelledby="username-label"]|//*[@id="login"]' in '100' second(s)

14-02-2025T09:38:57 - [MESSAGE][INFO] - Found 1 web elements with id: 'Object Repository/ANEF_Eloignement_V_Nawres/Page_ANEF_Connexion/Input_UserNameAgent' located by 'By.xpath: //*[@aria-labelledby="username-label"]|//*[@id="login"]' in '100' second(s)

14-02-2025T09:38:57 - [MESSAGE][INFO] - Setting text of object 'Object Repository/ANEF_Eloignement_V_Nawres/Page_ANEF_Connexion/Input_UserNameAgent' to value 'test.gpe+32@outlook.fr'

14-02-2025T09:38:59 - [MESSAGE][PASSED] - Text 'test.gpe+32@outlook.fr' is set on object 'Object Repository/ANEF_Eloignement_V_Nawres/Page_ANEF_Connexion/Input_UserNameAgent'

14-02-2025T09:38:59 - [TEST_STEP][PASSED] - setText(findTestObject("Object Repository/ANEF_Eloignement_V_Nawres/Page_ANEF_Connexion/Input_PasswordAgent"), PwAgent): Text 'Natali12345!' is set on object 'Object Repository/ANEF_Eloignement_V_Nawres/Page_ANEF_Connexion/Input_PasswordAgent'

14-02-2025T09:38:59 - [MESSAGE][INFO] - Finding Test Object 'Object Repository/ANEF_Eloignement_V_Nawres/Page_ANEF_Connexion/Input_PasswordAgent'

14-02-2025T09:38:59 - [MESSAGE][INFO] - Checking timeout

14-02-2025T09:38:59 - [MESSAGE][INFO] - Finding web element with id: 'Object Repository/ANEF_Eloignement_V_Nawres/Page_ANEF_Connexion/Input_PasswordAgent' located by 'By.xpath: //*[@aria-labelledby="password-label"]|//*[@id="password"]' in '20' second(s)

14-02-2025T09:38:59 - [MESSAGE][INFO] - Found 1 web elements with id: 'Object Repository/ANEF_Eloignement_V_Nawres/Page_ANEF_Connexion/Input_PasswordAgent' located by 'By.xpath: //*[@aria-labelledby="password-label"]|//*[@id="password"]' in '20' second(s)

14-02-2025T09:38:59 - [MESSAGE][INFO] - Checking object

14-02-2025T09:38:59 - [MESSAGE][INFO] - Checking text

14-02-2025T09:38:59 - [MESSAGE][INFO] - Finding web element from Test Object's properties

14-02-2025T09:38:59 - [MESSAGE][INFO] - Checking timeout

14-02-2025T09:38:59 - [MESSAGE][INFO] - Finding web element with id: 'Object Repository/ANEF_Eloignement_V_Nawres/Page_ANEF_Connexion/Input_PasswordAgent' located by 'By.xpath: //*[@aria-labelledby="password-label"]|//*[@id="password"]' in '100' second(s)

14-02-2025T09:38:59 - [MESSAGE][INFO] - Found 1 web elements with id: 'Object Repository/ANEF_Eloignement_V_Nawres/Page_ANEF_Connexion/Input_PasswordAgent' located by 'By.xpath: //*[@aria-labelledby="password-label"]|//*[@id="password"]' in '100' second(s)

14-02-2025T09:38:59 - [MESSAGE][INFO] - Clearing text of object 'Object Repository/ANEF_Eloignement_V_Nawres/Page_ANEF_Connexion/Input_PasswordAgent'

14-02-2025T09:39:00 - [MESSAGE][INFO] - Finding web element from Test Object's properties

14-02-2025T09:39:00 - [MESSAGE][INFO] - Checking timeout

14-02-2025T09:39:00 - [MESSAGE][INFO] - Finding web element with id: 'Object Repository/ANEF_Eloignement_V_Nawres/Page_ANEF_Connexion/Input_PasswordAgent' located by 'By.xpath: //*[@aria-labelledby="password-label"]|//*[@id="password"]' in '100' second(s)

14-02-2025T09:39:00 - [MESSAGE][INFO] - Found 1 web elements with id: 'Object Repository/ANEF_Eloignement_V_Nawres/Page_ANEF_Connexion/Input_PasswordAgent' located by 'By.xpath: //*[@aria-labelledby="password-label"]|//*[@id="password"]' in '100' second(s)

14-02-2025T09:39:00 - [MESSAGE][INFO] - Setting text of object 'Object Repository/ANEF_Eloignement_V_Nawres/Page_ANEF_Connexion/Input_PasswordAgent' to value 'Natali12345!'

14-02-2025T09:39:01 - [MESSAGE][PASSED] - Text 'Natali12345!' is set on object 'Object Repository/ANEF_Eloignement_V_Nawres/Page_ANEF_Connexion/Input_PasswordAgent'

14-02-2025T09:39:01 - [TEST_STEP][PASSED] - if (EnvExec == "URLPortailAgentPreProd"): null

14-02-2025T09:39:01 - [TEST_STEP][PASSED] - click(findTestObject("Object Repository/ANEF_Eloignement_V_Nawres/Page_ANEF_Connexion/btn_Valider_Conx_Agent")): Object: 'Object Repository/ANEF_Eloignement_V_Nawres/Page_ANEF_Connexion/btn_Valider_Conx_Agent' is clicked on

14-02-2025T09:39:01 - [MESSAGE][INFO] - Finding Test Object 'Object Repository/ANEF_Eloignement_V_Nawres/Page_ANEF_Connexion/btn_Valider_Conx_Agent'

14-02-2025T09:39:01 - [MESSAGE][INFO] - Checking timeout

14-02-2025T09:39:01 - [MESSAGE][INFO] - Finding web element with id: 'Object Repository/ANEF_Eloignement_V_Nawres/Page_ANEF_Connexion/btn_Valider_Conx_Agent' located by 'By.xpath: //*[@label="Valider"]|//*[@id="btn-login"]' in '20' second(s)

14-02-2025T09:39:01 - [MESSAGE][INFO] - Found 1 web elements with id: 'Object Repository/ANEF_Eloignement_V_Nawres/Page_ANEF_Connexion/btn_Valider_Conx_Agent' located by 'By.xpath: //*[@label="Valider"]|//*[@id="btn-login"]' in '20' second(s)

14-02-2025T09:39:01 - [MESSAGE][INFO] - Checking object

14-02-2025T09:39:01 - [MESSAGE][INFO] - Checking timeout

14-02-2025T09:39:01 - [MESSAGE][INFO] - Finding web element from Test Object's properties

14-02-2025T09:39:01 - [MESSAGE][INFO] - Checking timeout

14-02-2025T09:39:01 - [MESSAGE][INFO] - Finding web element with id: 'Object Repository/ANEF_Eloignement_V_Nawres/Page_ANEF_Connexion/btn_Valider_Conx_Agent' located by 'By.xpath: //*[@label="Valider"]|//*[@id="btn-login"]' in '100' second(s)

14-02-2025T09:39:01 - [MESSAGE][INFO] - Found 1 web elements with id: 'Object Repository/ANEF_Eloignement_V_Nawres/Page_ANEF_Connexion/btn_Valider_Conx_Agent' located by 'By.xpath: //*[@label="Valider"]|//*[@id="btn-login"]' in '100' second(s)

14-02-2025T09:39:01 - [MESSAGE][INFO] - Clicking on object: 'Object Repository/ANEF_Eloignement_V_Nawres/Page_ANEF_Connexion/btn_Valider_Conx_Agent'

14-02-2025T09:39:02 - [MESSAGE][PASSED] - Object: 'Object Repository/ANEF_Eloignement_V_Nawres/Page_ANEF_Connexion/btn_Valider_Conx_Agent' is clicked on

14-02-2025T09:39:02 - [TEST_STEP][PASSED] - delay(5): Delayed 5 second(s)

14-02-2025T09:39:02 - [MESSAGE][INFO] - Delaying browser in 5 second(s)

14-02-2025T09:39:07 - [MESSAGE][PASSED] - Delayed 5 second(s)

14-02-2025T09:39:07 - [TEST_STEP][PASSED] - verifyElementPresent(findTestObject("Object Repository/ANEF_Eloignement_V_Nawres/Page_Accueil_Principale/btn_ANEF_Eloignement"), 1, STOP_ON_FAILURE): Object 'Object Repository/ANEF_Eloignement_V_Nawres/Page_Accueil_Principale/btn_ANEF_Eloignement' is present

14-02-2025T09:39:07 - [MESSAGE][INFO] - Finding Test Object 'Object Repository/ANEF_Eloignement_V_Nawres/Page_Accueil_Principale/btn_ANEF_Eloignement'

14-02-2025T09:39:07 - [MESSAGE][INFO] - Checking object

14-02-2025T09:39:07 - [MESSAGE][INFO] - Finding web element from Test Object's properties

14-02-2025T09:39:07 - [MESSAGE][INFO] - Checking timeout

14-02-2025T09:39:07 - [MESSAGE][INFO] - Finding web element with id: 'Object Repository/ANEF_Eloignement_V_Nawres/Page_Accueil_Principale/btn_ANEF_Eloignement' located by 'By.xpath: //span[contains(text()," ANEF Ã©loignement ")]' in '1' second(s)

14-02-2025T09:39:07 - [MESSAGE][INFO] - Found 1 web elements with id: 'Object Repository/ANEF_Eloignement_V_Nawres/Page_Accueil_Principale/btn_ANEF_Eloignement' located by 'By.xpath: //span[contains(text()," ANEF Ã©loignement ")]' in '1' second(s)

14-02-2025T09:39:07 - [MESSAGE][PASSED] - Object 'Object Repository/ANEF_Eloignement_V_Nawres/Page_Accueil_Principale/btn_ANEF_Eloignement' is present

14-02-2025T09:39:07 - [MESSAGE][PASSED] - Call Test Case 'Test Cases/Test Reutilisable/Main/ANEF_Eloignement_V_Nawres/ANEF_Identification' successfully

14-02-2025T09:39:07 - [TEST_STEP][PASSED] - callTestCase(findTestCase("Test Cases/Test Reutilisable/Main/ANEF_Eloignement_V_Nawres/ANEF_Creation_ou_Recherche_Dossier"), ["CreationOuRecherche":CreationOuRecherche, "NumeroEtranger":NumeroEtranger], STOP_ON_FAILURE): Call Test Case 'Test Cases/Test Reutilisable/Main/ANEF_Eloignement_V_Nawres/ANEF_Creation_ou_Recherche_Dossier' successfully

14-02-2025T09:39:07 - [MESSAGE][INFO] - Checking called Test Case

14-02-2025T09:39:07 - [MESSAGE][INFO] - Starting to call Test Case 'Test Cases/Test Reutilisable/Main/ANEF_Eloignement_V_Nawres/ANEF_Creation_ou_Recherche_Dossier'

14-02-2025T09:39:07 - [TEST_CASE][PASSED] - Test Cases/Test Reutilisable/Main/ANEF_Eloignement_V_Nawres/ANEF_Creation_ou_Recherche_Dossier: Test Cases/Test Reutilisable/Main/ANEF_Eloignement_V_Nawres/ANEF_Creation_ou_Recherche_Dossier

14-02-2025T09:39:07 - [TEST_STEP][PASSED] - click(findTestObject("Object Repository/ANEF_Eloignement_V_Nawres/Page_Accueil_Principale/btn_ANEF_Eloignement")): Object: 'Object Repository/ANEF_Eloignement_V_Nawres/Page_Accueil_Principale/btn_ANEF_Eloignement' is clicked on

14-02-2025T09:39:07 - [MESSAGE][INFO] - Finding Test Object 'Object Repository/ANEF_Eloignement_V_Nawres/Page_Accueil_Principale/btn_ANEF_Eloignement'

14-02-2025T09:39:07 - [MESSAGE][INFO] - Checking timeout

14-02-2025T09:39:07 - [MESSAGE][INFO] - Finding web element with id: 'Object Repository/ANEF_Eloignement_V_Nawres/Page_Accueil_Principale/btn_ANEF_Eloignement' located by 'By.xpath: //span[contains(text()," ANEF Ã©loignement ")]' in '20' second(s)

14-02-2025T09:39:07 - [MESSAGE][INFO] - Found 1 web elements with id: 'Object Repository/ANEF_Eloignement_V_Nawres/Page_Accueil_Principale/btn_ANEF_Eloignement' located by 'By.xpath: //span[contains(text()," ANEF Ã©loignement ")]' in '20' second(s)

14-02-2025T09:39:07 - [MESSAGE][INFO] - Checking object

14-02-2025T09:39:07 - [MESSAGE][INFO] - Checking timeout

14-02-2025T09:39:07 - [MESSAGE][INFO] - Finding web element from Test Object's properties

14-02-2025T09:39:07 - [MESSAGE][INFO] - Checking timeout

14-02-2025T09:39:07 - [MESSAGE][INFO] - Finding web element with id: 'Object Repository/ANEF_Eloignement_V_Nawres/Page_Accueil_Principale/btn_ANEF_Eloignement' located by 'By.xpath: //span[contains(text()," ANEF Ã©loignement ")]' in '100' second(s)

14-02-2025T09:39:07 - [MESSAGE][INFO] - Found 1 web elements with id: 'Object Repository/ANEF_Eloignement_V_Nawres/Page_Accueil_Principale/btn_ANEF_Eloignement' located by 'By.xpath: //span[contains(text()," ANEF Ã©loignement ")]' in '100' second(s)

14-02-2025T09:39:07 - [MESSAGE][INFO] - Clicking on object: 'Object Repository/ANEF_Eloignement_V_Nawres/Page_Accueil_Principale/btn_ANEF_Eloignement'

14-02-2025T09:39:10 - [MESSAGE][PASSED] - Object: 'Object Repository/ANEF_Eloignement_V_Nawres/Page_Accueil_Principale/btn_ANEF_Eloignement' is clicked on

14-02-2025T09:39:10 - [TEST_STEP][PASSED] - verifyElementPresent(findTestObject("Object Repository/ANEF_Eloignement_V_Nawres/Page_Creation_ou_Recherche_Dossier/btn_Rechercher_Dossier"), 1, STOP_ON_FAILURE): Object 'Object Repository/ANEF_Eloignement_V_Nawres/Page_Creation_ou_Recherche_Dossier/btn_Rechercher_Dossier' is present

14-02-2025T09:39:10 - [MESSAGE][INFO] - Finding Test Object 'Object Repository/ANEF_Eloignement_V_Nawres/Page_Creation_ou_Recherche_Dossier/btn_Rechercher_Dossier'

14-02-2025T09:39:10 - [MESSAGE][INFO] - Checking object

14-02-2025T09:39:10 - [MESSAGE][INFO] - Finding web element from Test Object's properties

14-02-2025T09:39:10 - [MESSAGE][INFO] - Checking timeout

14-02-2025T09:39:10 - [MESSAGE][INFO] - Finding web element with id: 'Object Repository/ANEF_Eloignement_V_Nawres/Page_Creation_ou_Recherche_Dossier/btn_Rechercher_Dossier' located by 'By.xpath: //button[@title="Rechercher un dossier"]' in '1' second(s)

14-02-2025T09:39:10 - [MESSAGE][INFO] - Found 1 web elements with id: 'Object Repository/ANEF_Eloignement_V_Nawres/Page_Creation_ou_Recherche_Dossier/btn_Rechercher_Dossier' located by 'By.xpath: //button[@title="Rechercher un dossier"]' in '1' second(s)

14-02-2025T09:39:10 - [MESSAGE][PASSED] - Object 'Object Repository/ANEF_Eloignement_V_Nawres/Page_Creation_ou_Recherche_Dossier/btn_Rechercher_Dossier' is present

14-02-2025T09:39:10 - [TEST_STEP][PASSED] - delay(5): Delayed 5 second(s)

14-02-2025T09:39:10 - [MESSAGE][INFO] - Delaying browser in 5 second(s)

14-02-2025T09:39:15 - [MESSAGE][PASSED] - Delayed 5 second(s)

14-02-2025T09:39:15 - [TEST_STEP][PASSED] - click(findTestObject("Object Repository/ANEF_Eloignement_V_Nawres/Page_Creation_ou_Recherche_Dossier/btn_Rechercher_Dossier")): Object: 'Object Repository/ANEF_Eloignement_V_Nawres/Page_Creation_ou_Recherche_Dossier/btn_Rechercher_Dossier' is clicked on

14-02-2025T09:39:15 - [MESSAGE][INFO] - Finding Test Object 'Object Repository/ANEF_Eloignement_V_Nawres/Page_Creation_ou_Recherche_Dossier/btn_Rechercher_Dossier'

14-02-2025T09:39:15 - [MESSAGE][INFO] - Checking timeout

14-02-2025T09:39:15 - [MESSAGE][INFO] - Finding web element with id: 'Object Repository/ANEF_Eloignement_V_Nawres/Page_Creation_ou_Recherche_Dossier/btn_Rechercher_Dossier' located by 'By.xpath: //button[@title="Rechercher un dossier"]' in '20' second(s)

14-02-2025T09:39:15 - [MESSAGE][INFO] - Found 1 web elements with id: 'Object Repository/ANEF_Eloignement_V_Nawres/Page_Creation_ou_Recherche_Dossier/btn_Rechercher_Dossier' located by 'By.xpath: //button[@title="Rechercher un dossier"]' in '20' second(s)

14-02-2025T09:39:15 - [MESSAGE][INFO] - Checking object

14-02-2025T09:39:15 - [MESSAGE][INFO] - Checking timeout

14-02-2025T09:39:15 - [MESSAGE][INFO] - Finding web element from Test Object's properties

14-02-2025T09:39:15 - [MESSAGE][INFO] - Checking timeout

14-02-2025T09:39:15 - [MESSAGE][INFO] - Finding web element with id: 'Object Repository/ANEF_Eloignement_V_Nawres/Page_Creation_ou_Recherche_Dossier/btn_Rechercher_Dossier' located by 'By.xpath: //button[@title="Rechercher un dossier"]' in '100' second(s)

14-02-2025T09:39:15 - [MESSAGE][INFO] - Found 1 web elements with id: 'Object Repository/ANEF_Eloignement_V_Nawres/Page_Creation_ou_Recherche_Dossier/btn_Rechercher_Dossier' located by 'By.xpath: //button[@title="Rechercher un dossier"]' in '100' second(s)

14-02-2025T09:39:15 - [MESSAGE][INFO] - Clicking on object: 'Object Repository/ANEF_Eloignement_V_Nawres/Page_Creation_ou_Recherche_Dossier/btn_Rechercher_Dossier'

14-02-2025T09:39:16 - [MESSAGE][PASSED] - Object: 'Object Repository/ANEF_Eloignement_V_Nawres/Page_Creation_ou_Recherche_Dossier/btn_Rechercher_Dossier' is clicked on

14-02-2025T09:39:16 - [TEST_STEP][PASSED] - if (CreationOuRecherche == "Creation"): null

14-02-2025T09:39:16 - [TEST_STEP][PASSED] - if (CreationOuRecherche == "Recherche"): Object: 'Object Repository/ANEF_Eloignement_V_Nawres/Page_Creation_ou_Recherche_Dossier/btn_Choisir_Dossier_Etranger' is clicked on

14-02-2025T09:39:16 - [TEST_STEP][PASSED] - setText(findTestObject("Object Repository/ANEF_Eloignement_V_Nawres/Page_Creation_ou_Recherche_Dossier/Input_Numero_etranger"), NumeroEtranger, STOP_ON_FAILURE): Text '7703056080' is set on object 'Object Repository/ANEF_Eloignement_V_Nawres/Page_Creation_ou_Recherche_Dossier/Input_Numero_etranger'

14-02-2025T09:39:16 - [MESSAGE][INFO] - Finding Test Object 'Object Repository/ANEF_Eloignement_V_Nawres/Page_Creation_ou_Recherche_Dossier/Input_Numero_etranger'

14-02-2025T09:39:16 - [MESSAGE][INFO] - Checking timeout

14-02-2025T09:39:16 - [MESSAGE][INFO] - Finding web element with id: 'Object Repository/ANEF_Eloignement_V_Nawres/Page_Creation_ou_Recherche_Dossier/Input_Numero_etranger' located by 'By.xpath: //app-identite-declaree-search-box//div/app-dsfr-input/div/input[@id="identifiant_agdref"]|//app-search-box//div/app-dsfr-input/div/input[@id="identifiant_agdref"]' in '20' second(s)

14-02-2025T09:39:16 - [MESSAGE][INFO] - Found 1 web elements with id: 'Object Repository/ANEF_Eloignement_V_Nawres/Page_Creation_ou_Recherche_Dossier/Input_Numero_etranger' located by 'By.xpath: //app-identite-declaree-search-box//div/app-dsfr-input/div/input[@id="identifiant_agdref"]|//app-search-box//div/app-dsfr-input/div/input[@id="identifiant_agdref"]' in '20' second(s)

14-02-2025T09:39:16 - [MESSAGE][INFO] - Checking object

14-02-2025T09:39:16 - [MESSAGE][INFO] - Checking text

14-02-2025T09:39:16 - [MESSAGE][INFO] - Finding web element from Test Object's properties

14-02-2025T09:39:16 - [MESSAGE][INFO] - Checking timeout

14-02-2025T09:39:16 - [MESSAGE][INFO] - Finding web element with id: 'Object Repository/ANEF_Eloignement_V_Nawres/Page_Creation_ou_Recherche_Dossier/Input_Numero_etranger' located by 'By.xpath: //app-identite-declaree-search-box//div/app-dsfr-input/div/input[@id="identifiant_agdref"]|//app-search-box//div/app-dsfr-input/div/input[@id="identifiant_agdref"]' in '100' second(s)

14-02-2025T09:39:16 - [MESSAGE][INFO] - Found 1 web elements with id: 'Object Repository/ANEF_Eloignement_V_Nawres/Page_Creation_ou_Recherche_Dossier/Input_Numero_etranger' located by 'By.xpath: //app-identite-declaree-search-box//div/app-dsfr-input/div/input[@id="identifiant_agdref"]|//app-search-box//div/app-dsfr-input/div/input[@id="identifiant_agdref"]' in '100' second(s)

14-02-2025T09:39:16 - [MESSAGE][INFO] - Clearing text of object 'Object Repository/ANEF_Eloignement_V_Nawres/Page_Creation_ou_Recherche_Dossier/Input_Numero_etranger'

14-02-2025T09:39:17 - [MESSAGE][INFO] - Finding web element from Test Object's properties

14-02-2025T09:39:17 - [MESSAGE][INFO] - Checking timeout

14-02-2025T09:39:17 - [MESSAGE][INFO] - Finding web element with id: 'Object Repository/ANEF_Eloignement_V_Nawres/Page_Creation_ou_Recherche_Dossier/Input_Numero_etranger' located by 'By.xpath: //app-identite-declaree-search-box//div/app-dsfr-input/div/input[@id="identifiant_agdref"]|//app-search-box//div/app-dsfr-input/div/input[@id="identifiant_agdref"]' in '100' second(s)

14-02-2025T09:39:17 - [MESSAGE][INFO] - Found 1 web elements with id: 'Object Repository/ANEF_Eloignement_V_Nawres/Page_Creation_ou_Recherche_Dossier/Input_Numero_etranger' located by 'By.xpath: //app-identite-declaree-search-box//div/app-dsfr-input/div/input[@id="identifiant_agdref"]|//app-search-box//div/app-dsfr-input/div/input[@id="identifiant_agdref"]' in '100' second(s)

14-02-2025T09:39:17 - [MESSAGE][INFO] - Setting text of object 'Object Repository/ANEF_Eloignement_V_Nawres/Page_Creation_ou_Recherche_Dossier/Input_Numero_etranger' to value '7703056080'

14-02-2025T09:39:18 - [MESSAGE][PASSED] - Text '7703056080' is set on object 'Object Repository/ANEF_Eloignement_V_Nawres/Page_Creation_ou_Recherche_Dossier/Input_Numero_etranger'

14-02-2025T09:39:18 - [TEST_STEP][PASSED] - click(findTestObject("Object Repository/ANEF_Eloignement_V_Nawres/Page_Creation_ou_Recherche_Dossier/Input_Numero_etranger"), STOP_ON_FAILURE): Object: 'Object Repository/ANEF_Eloignement_V_Nawres/Page_Creation_ou_Recherche_Dossier/Input_Numero_etranger' is clicked on

14-02-2025T09:39:18 - [MESSAGE][INFO] - Finding Test Object 'Object Repository/ANEF_Eloignement_V_Nawres/Page_Creation_ou_Recherche_Dossier/Input_Numero_etranger'

14-02-2025T09:39:18 - [MESSAGE][INFO] - Checking timeout

14-02-2025T09:39:18 - [MESSAGE][INFO] - Finding web element with id: 'Object Repository/ANEF_Eloignement_V_Nawres/Page_Creation_ou_Recherche_Dossier/Input_Numero_etranger' located by 'By.xpath: //app-identite-declaree-search-box//div/app-dsfr-input/div/input[@id="identifiant_agdref"]|//app-search-box//div/app-dsfr-input/div/input[@id="identifiant_agdref"]' in '20' second(s)

14-02-2025T09:39:18 - [MESSAGE][INFO] - Found 1 web elements with id: 'Object Repository/ANEF_Eloignement_V_Nawres/Page_Creation_ou_Recherche_Dossier/Input_Numero_etranger' located by 'By.xpath: //app-identite-declaree-search-box//div/app-dsfr-input/div/input[@id="identifiant_agdref"]|//app-search-box//div/app-dsfr-input/div/input[@id="identifiant_agdref"]' in '20' second(s)

14-02-2025T09:39:18 - [MESSAGE][INFO] - Checking object

14-02-2025T09:39:18 - [MESSAGE][INFO] - Checking timeout

14-02-2025T09:39:18 - [MESSAGE][INFO] - Finding web element from Test Object's properties

14-02-2025T09:39:18 - [MESSAGE][INFO] - Checking timeout

14-02-2025T09:39:18 - [MESSAGE][INFO] - Finding web element with id: 'Object Repository/ANEF_Eloignement_V_Nawres/Page_Creation_ou_Recherche_Dossier/Input_Numero_etranger' located by 'By.xpath: //app-identite-declaree-search-box//div/app-dsfr-input/div/input[@id="identifiant_agdref"]|//app-search-box//div/app-dsfr-input/div/input[@id="identifiant_agdref"]' in '100' second(s)

14-02-2025T09:39:18 - [MESSAGE][INFO] - Found 1 web elements with id: 'Object Repository/ANEF_Eloignement_V_Nawres/Page_Creation_ou_Recherche_Dossier/Input_Numero_etranger' located by 'By.xpath: //app-identite-declaree-search-box//div/app-dsfr-input/div/input[@id="identifiant_agdref"]|//app-search-box//div/app-dsfr-input/div/input[@id="identifiant_agdref"]' in '100' second(s)

14-02-2025T09:39:18 - [MESSAGE][INFO] - Clicking on object: 'Object Repository/ANEF_Eloignement_V_Nawres/Page_Creation_ou_Recherche_Dossier/Input_Numero_etranger'

14-02-2025T09:39:20 - [MESSAGE][PASSED] - Object: 'Object Repository/ANEF_Eloignement_V_Nawres/Page_Creation_ou_Recherche_Dossier/Input_Numero_etranger' is clicked on

14-02-2025T09:39:20 - [TEST_STEP][PASSED] - scrollToElement(findTestObject("Object Repository/ANEF_Eloignement_V_Nawres/Page_Creation_ou_Recherche_Dossier/btn_Lancer_La_Recherche"), 5, STOP_ON_FAILURE): Scroll to object 'Object Repository/ANEF_Eloignement_V_Nawres/Page_Creation_ou_Recherche_Dossier/btn_Lancer_La_Recherche' successfully

14-02-2025T09:39:20 - [MESSAGE][INFO] - Finding Test Object 'Object Repository/ANEF_Eloignement_V_Nawres/Page_Creation_ou_Recherche_Dossier/btn_Lancer_La_Recherche'

14-02-2025T09:39:20 - [MESSAGE][INFO] - Checking object

14-02-2025T09:39:20 - [MESSAGE][INFO] - Checking timeout

14-02-2025T09:39:20 - [MESSAGE][INFO] - Finding web element from Test Object's properties

14-02-2025T09:39:20 - [MESSAGE][INFO] - Checking timeout

14-02-2025T09:39:20 - [MESSAGE][INFO] - Finding web element with id: 'Object Repository/ANEF_Eloignement_V_Nawres/Page_Creation_ou_Recherche_Dossier/btn_Lancer_La_Recherche' located by 'By.xpath: //button[contains(text(),"Lancer la recherche ")]' in '100' second(s)

14-02-2025T09:39:20 - [MESSAGE][INFO] - Found 1 web elements with id: 'Object Repository/ANEF_Eloignement_V_Nawres/Page_Creation_ou_Recherche_Dossier/btn_Lancer_La_Recherche' located by 'By.xpath: //button[contains(text(),"Lancer la recherche ")]' in '100' second(s)

14-02-2025T09:39:20 - [MESSAGE][INFO] - Scrolling to object 'Object Repository/ANEF_Eloignement_V_Nawres/Page_Creation_ou_Recherche_Dossier/btn_Lancer_La_Recherche'

14-02-2025T09:39:20 - [MESSAGE][PASSED] - Scroll to object 'Object Repository/ANEF_Eloignement_V_Nawres/Page_Creation_ou_Recherche_Dossier/btn_Lancer_La_Recherche' successfully

14-02-2025T09:39:20 - [TEST_STEP][PASSED] - click(findTestObject("Object Repository/ANEF_Eloignement_V_Nawres/Page_Creation_ou_Recherche_Dossier/btn_Lancer_La_Recherche"), STOP_ON_FAILURE): Object: 'Object Repository/ANEF_Eloignement_V_Nawres/Page_Creation_ou_Recherche_Dossier/btn_Lancer_La_Recherche' is clicked on

14-02-2025T09:39:20 - [MESSAGE][INFO] - Finding Test Object 'Object Repository/ANEF_Eloignement_V_Nawres/Page_Creation_ou_Recherche_Dossier/btn_Lancer_La_Recherche'

14-02-2025T09:39:20 - [MESSAGE][INFO] - Checking timeout

14-02-2025T09:39:20 - [MESSAGE][INFO] - Finding web element with id: 'Object Repository/ANEF_Eloignement_V_Nawres/Page_Creation_ou_Recherche_Dossier/btn_Lancer_La_Recherche' located by 'By.xpath: //button[contains(text(),"Lancer la recherche ")]' in '20' second(s)

14-02-2025T09:39:20 - [MESSAGE][INFO] - Found 1 web elements with id: 'Object Repository/ANEF_Eloignement_V_Nawres/Page_Creation_ou_Recherche_Dossier/btn_Lancer_La_Recherche' located by 'By.xpath: //button[contains(text(),"Lancer la recherche ")]' in '20' second(s)

14-02-2025T09:39:20 - [MESSAGE][INFO] - Checking object

14-02-2025T09:39:20 - [MESSAGE][INFO] - Checking timeout

14-02-2025T09:39:20 - [MESSAGE][INFO] - Finding web element from Test Object's properties

14-02-2025T09:39:20 - [MESSAGE][INFO] - Checking timeout

14-02-2025T09:39:20 - [MESSAGE][INFO] - Finding web element with id: 'Object Repository/ANEF_Eloignement_V_Nawres/Page_Creation_ou_Recherche_Dossier/btn_Lancer_La_Recherche' located by 'By.xpath: //button[contains(text(),"Lancer la recherche ")]' in '100' second(s)

14-02-2025T09:39:20 - [MESSAGE][INFO] - Found 1 web elements with id: 'Object Repository/ANEF_Eloignement_V_Nawres/Page_Creation_ou_Recherche_Dossier/btn_Lancer_La_Recherche' located by 'By.xpath: //button[contains(text(),"Lancer la recherche ")]' in '100' second(s)

14-02-2025T09:39:20 - [MESSAGE][INFO] - Clicking on object: 'Object Repository/ANEF_Eloignement_V_Nawres/Page_Creation_ou_Recherche_Dossier/btn_Lancer_La_Recherche'

14-02-2025T09:39:21 - [MESSAGE][PASSED] - Object: 'Object Repository/ANEF_Eloignement_V_Nawres/Page_Creation_ou_Recherche_Dossier/btn_Lancer_La_Recherche' is clicked on

14-02-2025T09:39:21 - [TEST_STEP][PASSED] - delay(5): Delayed 5 second(s)

14-02-2025T09:39:21 - [MESSAGE][INFO] - Delaying browser in 5 second(s)

14-02-2025T09:39:26 - [MESSAGE][PASSED] - Delayed 5 second(s)

14-02-2025T09:39:26 - [TEST_STEP][PASSED] - scrollToElement(findTestObject("Object Repository/ANEF_Eloignement_V_Nawres/Page_Creation_ou_Recherche_Dossier/btn_Radio_Selectionner_Dossier"), 5, STOP_ON_FAILURE): Scroll to object 'Object Repository/ANEF_Eloignement_V_Nawres/Page_Creation_ou_Recherche_Dossier/btn_Radio_Selectionner_Dossier' successfully

14-02-2025T09:39:26 - [MESSAGE][INFO] - Finding Test Object 'Object Repository/ANEF_Eloignement_V_Nawres/Page_Creation_ou_Recherche_Dossier/btn_Radio_Selectionner_Dossier'

14-02-2025T09:39:26 - [MESSAGE][INFO] - Checking object

14-02-2025T09:39:26 - [MESSAGE][INFO] - Checking timeout

14-02-2025T09:39:26 - [MESSAGE][INFO] - Finding web element from Test Object's properties

14-02-2025T09:39:26 - [MESSAGE][INFO] - Checking timeout

14-02-2025T09:39:26 - [MESSAGE][INFO] - Finding web element with id: 'Object Repository/ANEF_Eloignement_V_Nawres/Page_Creation_ou_Recherche_Dossier/btn_Radio_Selectionner_Dossier' located by 'By.xpath: //app-search-etranger/app-search-result-etranger//table/tbody/tr//label' in '100' second(s)

14-02-2025T09:39:26 - [MESSAGE][INFO] - Found 1 web elements with id: 'Object Repository/ANEF_Eloignement_V_Nawres/Page_Creation_ou_Recherche_Dossier/btn_Radio_Selectionner_Dossier' located by 'By.xpath: //app-search-etranger/app-search-result-etranger//table/tbody/tr//label' in '100' second(s)

14-02-2025T09:39:26 - [MESSAGE][INFO] - Scrolling to object 'Object Repository/ANEF_Eloignement_V_Nawres/Page_Creation_ou_Recherche_Dossier/btn_Radio_Selectionner_Dossier'

14-02-2025T09:39:26 - [MESSAGE][PASSED] - Scroll to object 'Object Repository/ANEF_Eloignement_V_Nawres/Page_Creation_ou_Recherche_Dossier/btn_Radio_Selectionner_Dossier' successfully

14-02-2025T09:39:26 - [TEST_STEP][PASSED] - click(findTestObject("Object Repository/ANEF_Eloignement_V_Nawres/Page_Creation_ou_Recherche_Dossier/btn_Radio_Selectionner_Dossier"), STOP_ON_FAILURE): Object: 'Object Repository/ANEF_Eloignement_V_Nawres/Page_Creation_ou_Recherche_Dossier/btn_Radio_Selectionner_Dossier' is clicked on

14-02-2025T09:39:26 - [MESSAGE][INFO] - Finding Test Object 'Object Repository/ANEF_Eloignement_V_Nawres/Page_Creation_ou_Recherche_Dossier/btn_Radio_Selectionner_Dossier'

14-02-2025T09:39:26 - [MESSAGE][INFO] - Checking timeout

14-02-2025T09:39:26 - [MESSAGE][INFO] - Finding web element with id: 'Object Repository/ANEF_Eloignement_V_Nawres/Page_Creation_ou_Recherche_Dossier/btn_Radio_Selectionner_Dossier' located by 'By.xpath: //app-search-etranger/app-search-result-etranger//table/tbody/tr//label' in '20' second(s)

14-02-2025T09:39:26 - [MESSAGE][INFO] - Found 1 web elements with id: 'Object Repository/ANEF_Eloignement_V_Nawres/Page_Creation_ou_Recherche_Dossier/btn_Radio_Selectionner_Dossier' located by 'By.xpath: //app-search-etranger/app-search-result-etranger//table/tbody/tr//label' in '20' second(s)

14-02-2025T09:39:26 - [MESSAGE][INFO] - Checking object

14-02-2025T09:39:26 - [MESSAGE][INFO] - Checking timeout

14-02-2025T09:39:26 - [MESSAGE][INFO] - Finding web element from Test Object's properties

14-02-2025T09:39:26 - [MESSAGE][INFO] - Checking timeout

14-02-2025T09:39:26 - [MESSAGE][INFO] - Finding web element with id: 'Object Repository/ANEF_Eloignement_V_Nawres/Page_Creation_ou_Recherche_Dossier/btn_Radio_Selectionner_Dossier' located by 'By.xpath: //app-search-etranger/app-search-result-etranger//table/tbody/tr//label' in '100' second(s)

14-02-2025T09:39:26 - [MESSAGE][INFO] - Found 1 web elements with id: 'Object Repository/ANEF_Eloignement_V_Nawres/Page_Creation_ou_Recherche_Dossier/btn_Radio_Selectionner_Dossier' located by 'By.xpath: //app-search-etranger/app-search-result-etranger//table/tbody/tr//label' in '100' second(s)

14-02-2025T09:39:26 - [MESSAGE][INFO] - Clicking on object: 'Object Repository/ANEF_Eloignement_V_Nawres/Page_Creation_ou_Recherche_Dossier/btn_Radio_Selectionner_Dossier'

14-02-2025T09:39:27 - [MESSAGE][PASSED] - Object: 'Object Repository/ANEF_Eloignement_V_Nawres/Page_Creation_ou_Recherche_Dossier/btn_Radio_Selectionner_Dossier' is clicked on

14-02-2025T09:39:27 - [TEST_STEP][PASSED] - click(findTestObject("Object Repository/ANEF_Eloignement_V_Nawres/Page_Creation_ou_Recherche_Dossier/btn_Choisir_Dossier_Etranger"), STOP_ON_FAILURE): Object: 'Object Repository/ANEF_Eloignement_V_Nawres/Page_Creation_ou_Recherche_Dossier/btn_Choisir_Dossier_Etranger' is clicked on

14-02-2025T09:39:27 - [MESSAGE][INFO] - Finding Test Object 'Object Repository/ANEF_Eloignement_V_Nawres/Page_Creation_ou_Recherche_Dossier/btn_Choisir_Dossier_Etranger'

14-02-2025T09:39:27 - [MESSAGE][INFO] - Checking timeout

14-02-2025T09:39:27 - [MESSAGE][INFO] - Finding web element with id: 'Object Repository/ANEF_Eloignement_V_Nawres/Page_Creation_ou_Recherche_Dossier/btn_Choisir_Dossier_Etranger' located by 'By.xpath: //button[contains(text(),"Choisir un dossier Ã©tranger")]' in '20' second(s)

14-02-2025T09:39:27 - [MESSAGE][INFO] - Found 1 web elements with id: 'Object Repository/ANEF_Eloignement_V_Nawres/Page_Creation_ou_Recherche_Dossier/btn_Choisir_Dossier_Etranger' located by 'By.xpath: //button[contains(text(),"Choisir un dossier Ã©tranger")]' in '20' second(s)

14-02-2025T09:39:27 - [MESSAGE][INFO] - Checking object

14-02-2025T09:39:27 - [MESSAGE][INFO] - Checking timeout

14-02-2025T09:39:27 - [MESSAGE][INFO] - Finding web element from Test Object's properties

14-02-2025T09:39:27 - [MESSAGE][INFO] - Checking timeout

14-02-2025T09:39:27 - [MESSAGE][INFO] - Finding web element with id: 'Object Repository/ANEF_Eloignement_V_Nawres/Page_Creation_ou_Recherche_Dossier/btn_Choisir_Dossier_Etranger' located by 'By.xpath: //button[contains(text(),"Choisir un dossier Ã©tranger")]' in '100' second(s)

14-02-2025T09:39:27 - [MESSAGE][INFO] - Found 1 web elements with id: 'Object Repository/ANEF_Eloignement_V_Nawres/Page_Creation_ou_Recherche_Dossier/btn_Choisir_Dossier_Etranger' located by 'By.xpath: //button[contains(text(),"Choisir un dossier Ã©tranger")]' in '100' second(s)

14-02-2025T09:39:27 - [MESSAGE][INFO] - Clicking on object: 'Object Repository/ANEF_Eloignement_V_Nawres/Page_Creation_ou_Recherche_Dossier/btn_Choisir_Dossier_Etranger'

14-02-2025T09:39:29 - [MESSAGE][PASSED] - Object: 'Object Repository/ANEF_Eloignement_V_Nawres/Page_Creation_ou_Recherche_Dossier/btn_Choisir_Dossier_Etranger' is clicked on

14-02-2025T09:39:29 - [MESSAGE][PASSED] - Call Test Case 'Test Cases/Test Reutilisable/Main/ANEF_Eloignement_V_Nawres/ANEF_Creation_ou_Recherche_Dossier' successfully

14-02-2025T09:39:29 - [TEST_STEP][PASSED] - if (CreationOuRecherche == "Creation"): null

14-02-2025T09:39:29 - [TEST_STEP][PASSED] - println(NumeroEtranger): null

14-02-2025T09:39:29 - [TEST_STEP][PASSED] - callTestCase(findTestCase("Test Cases/Test Reutilisable/Main/ANEF_Eloignement_V_Nawres/ANEF_Prendre_Mesure"), ["Mesure":Mesure, "FondementLegal":FondementLegal, "NatureDeLacteExpulsion":NatureDeLacteExpulsion, "NatureDeLacteExpulsion":NatureDeLacteExpulsion, ... ], STOP_ON_FAILURE): Call Test Case 'Test Cases/Test Reutilisable/Main/ANEF_Eloignement_V_Nawres/ANEF_Prendre_Mesure' successfully

14-02-2025T09:39:29 - [MESSAGE][INFO] - Checking called Test Case

14-02-2025T09:39:29 - [MESSAGE][INFO] - Starting to call Test Case 'Test Cases/Test Reutilisable/Main/ANEF_Eloignement_V_Nawres/ANEF_Prendre_Mesure'

14-02-2025T09:39:29 - [TEST_CASE][PASSED] - Test Cases/Test Reutilisable/Main/ANEF_Eloignement_V_Nawres/ANEF_Prendre_Mesure: Test Cases/Test Reutilisable/Main/ANEF_Eloignement_V_Nawres/ANEF_Prendre_Mesure

14-02-2025T09:39:29 - [TEST_STEP][PASSED] - click(findTestObject("Object Repository/ANEF_Eloignement_V_Nawres/Page_Prendre_Mesure/btn_Prendre_Mesure"), STOP_ON_FAILURE): Object: 'Object Repository/ANEF_Eloignement_V_Nawres/Page_Prendre_Mesure/btn_Prendre_Mesure' is clicked on

14-02-2025T09:39:29 - [MESSAGE][INFO] - Finding Test Object 'Object Repository/ANEF_Eloignement_V_Nawres/Page_Prendre_Mesure/btn_Prendre_Mesure'

14-02-2025T09:39:29 - [MESSAGE][INFO] - Checking timeout

14-02-2025T09:39:29 - [MESSAGE][INFO] - Finding web element with id: 'Object Repository/ANEF_Eloignement_V_Nawres/Page_Prendre_Mesure/btn_Prendre_Mesure' located by 'By.xpath: //button[@title="Prendre une Mesure"]' in '20' second(s)

14-02-2025T09:39:30 - [MESSAGE][INFO] - Found 1 web elements with id: 'Object Repository/ANEF_Eloignement_V_Nawres/Page_Prendre_Mesure/btn_Prendre_Mesure' located by 'By.xpath: //button[@title="Prendre une Mesure"]' in '20' second(s)

14-02-2025T09:39:30 - [MESSAGE][INFO] - Checking object

14-02-2025T09:39:30 - [MESSAGE][INFO] - Checking timeout

14-02-2025T09:39:30 - [MESSAGE][INFO] - Finding web element from Test Object's properties

14-02-2025T09:39:30 - [MESSAGE][INFO] - Checking timeout

14-02-2025T09:39:30 - [MESSAGE][INFO] - Finding web element with id: 'Object Repository/ANEF_Eloignement_V_Nawres/Page_Prendre_Mesure/btn_Prendre_Mesure' located by 'By.xpath: //button[@title="Prendre une Mesure"]' in '100' second(s)

14-02-2025T09:39:30 - [MESSAGE][INFO] - Found 1 web elements with id: 'Object Repository/ANEF_Eloignement_V_Nawres/Page_Prendre_Mesure/btn_Prendre_Mesure' located by 'By.xpath: //button[@title="Prendre une Mesure"]' in '100' second(s)

14-02-2025T09:39:30 - [MESSAGE][INFO] - Clicking on object: 'Object Repository/ANEF_Eloignement_V_Nawres/Page_Prendre_Mesure/btn_Prendre_Mesure'

14-02-2025T09:39:31 - [MESSAGE][PASSED] - Object: 'Object Repository/ANEF_Eloignement_V_Nawres/Page_Prendre_Mesure/btn_Prendre_Mesure' is clicked on

14-02-2025T09:39:31 - [TEST_STEP][PASSED] - delay(5): Delayed 5 second(s)

14-02-2025T09:39:31 - [MESSAGE][INFO] - Delaying browser in 5 second(s)

14-02-2025T09:39:36 - [MESSAGE][PASSED] - Delayed 5 second(s)

14-02-2025T09:39:36 - [TEST_STEP][PASSED] - switch (Mesure): null

14-02-2025T09:39:36 - [TEST_STEP][PASSED] - case "OQTF":: null

14-02-2025T09:39:36 - [TEST_STEP][PASSED] - selectOptionByLabel(findTestObject("Object Repository/ANEF_Eloignement_V_Nawres/Page_Prendre_Mesure/select_Type_Mesure"), "OQTF", false, STOP_ON_FAILURE): All options with label 'OQTF' are selected in object 'Object Repository/ANEF_Eloignement_V_Nawres/Page_Prendre_Mesure/select_Type_Mesure' 

14-02-2025T09:39:36 - [MESSAGE][INFO] - Finding Test Object 'Object Repository/ANEF_Eloignement_V_Nawres/Page_Prendre_Mesure/select_Type_Mesure'

14-02-2025T09:39:36 - [MESSAGE][INFO] - Checking timeout

14-02-2025T09:39:36 - [MESSAGE][INFO] - Finding web element with id: 'Object Repository/ANEF_Eloignement_V_Nawres/Page_Prendre_Mesure/select_Type_Mesure' located by 'By.xpath: //select[@id="typeMesure"]' in '20' second(s)

14-02-2025T09:39:36 - [MESSAGE][INFO] - Found 1 web elements with id: 'Object Repository/ANEF_Eloignement_V_Nawres/Page_Prendre_Mesure/select_Type_Mesure' located by 'By.xpath: //select[@id="typeMesure"]' in '20' second(s)

14-02-2025T09:39:36 - [MESSAGE][INFO] - Checking object

14-02-2025T09:39:36 - [MESSAGE][INFO] - Checking label parameter

14-02-2025T09:39:36 - [MESSAGE][INFO] - Finding web element from Test Object's properties

14-02-2025T09:39:36 - [MESSAGE][INFO] - Checking timeout

14-02-2025T09:39:36 - [MESSAGE][INFO] - Finding web element with id: 'Object Repository/ANEF_Eloignement_V_Nawres/Page_Prendre_Mesure/select_Type_Mesure' located by 'By.xpath: //select[@id="typeMesure"]' in '100' second(s)

14-02-2025T09:39:36 - [MESSAGE][INFO] - Found 1 web elements with id: 'Object Repository/ANEF_Eloignement_V_Nawres/Page_Prendre_Mesure/select_Type_Mesure' located by 'By.xpath: //select[@id="typeMesure"]' in '100' second(s)

14-02-2025T09:39:36 - [MESSAGE][INFO] - Selecting options on object 'Object Repository/ANEF_Eloignement_V_Nawres/Page_Prendre_Mesure/select_Type_Mesure' with label 'OQTF' 

14-02-2025T09:39:38 - [MESSAGE][PASSED] - All options with label 'OQTF' are selected in object 'Object Repository/ANEF_Eloignement_V_Nawres/Page_Prendre_Mesure/select_Type_Mesure' 

14-02-2025T09:39:38 - [TEST_STEP][PASSED] - click(findTestObject("Object Repository/ANEF_Eloignement_V_Nawres/Page_Prendre_Mesure/btn_Confirmer_Mesure"), STOP_ON_FAILURE): Object: 'Object Repository/ANEF_Eloignement_V_Nawres/Page_Prendre_Mesure/btn_Confirmer_Mesure' is clicked on

14-02-2025T09:39:38 - [MESSAGE][INFO] - Finding Test Object 'Object Repository/ANEF_Eloignement_V_Nawres/Page_Prendre_Mesure/btn_Confirmer_Mesure'

14-02-2025T09:39:38 - [MESSAGE][INFO] - Checking timeout

14-02-2025T09:39:38 - [MESSAGE][INFO] - Finding web element with id: 'Object Repository/ANEF_Eloignement_V_Nawres/Page_Prendre_Mesure/btn_Confirmer_Mesure' located by 'By.xpath: //button[@id="btn-confirme-decision"]' in '20' second(s)

14-02-2025T09:39:38 - [MESSAGE][INFO] - Found 1 web elements with id: 'Object Repository/ANEF_Eloignement_V_Nawres/Page_Prendre_Mesure/btn_Confirmer_Mesure' located by 'By.xpath: //button[@id="btn-confirme-decision"]' in '20' second(s)

14-02-2025T09:39:38 - [MESSAGE][INFO] - Checking object

14-02-2025T09:39:38 - [MESSAGE][INFO] - Checking timeout

14-02-2025T09:39:38 - [MESSAGE][INFO] - Finding web element from Test Object's properties

14-02-2025T09:39:38 - [MESSAGE][INFO] - Checking timeout

14-02-2025T09:39:38 - [MESSAGE][INFO] - Finding web element with id: 'Object Repository/ANEF_Eloignement_V_Nawres/Page_Prendre_Mesure/btn_Confirmer_Mesure' located by 'By.xpath: //button[@id="btn-confirme-decision"]' in '100' second(s)

14-02-2025T09:39:38 - [MESSAGE][INFO] - Found 1 web elements with id: 'Object Repository/ANEF_Eloignement_V_Nawres/Page_Prendre_Mesure/btn_Confirmer_Mesure' located by 'By.xpath: //button[@id="btn-confirme-decision"]' in '100' second(s)

14-02-2025T09:39:38 - [MESSAGE][INFO] - Clicking on object: 'Object Repository/ANEF_Eloignement_V_Nawres/Page_Prendre_Mesure/btn_Confirmer_Mesure'

14-02-2025T09:39:39 - [MESSAGE][PASSED] - Object: 'Object Repository/ANEF_Eloignement_V_Nawres/Page_Prendre_Mesure/btn_Confirmer_Mesure' is clicked on

14-02-2025T09:39:39 - [TEST_STEP][PASSED] - verifyElementPresent(findTestObject("Object Repository/ANEF_Eloignement_V_Nawres/Page_Prendre_Mesure/btn_Supprimer_Fiche_Mesure"), 2, STOP_ON_FAILURE): Object 'Object Repository/ANEF_Eloignement_V_Nawres/Page_Prendre_Mesure/btn_Supprimer_Fiche_Mesure' is present

14-02-2025T09:39:39 - [MESSAGE][INFO] - Finding Test Object 'Object Repository/ANEF_Eloignement_V_Nawres/Page_Prendre_Mesure/btn_Supprimer_Fiche_Mesure'

14-02-2025T09:39:39 - [MESSAGE][INFO] - Checking object

14-02-2025T09:39:39 - [MESSAGE][INFO] - Finding web element from Test Object's properties

14-02-2025T09:39:39 - [MESSAGE][INFO] - Checking timeout

14-02-2025T09:39:39 - [MESSAGE][INFO] - Finding web element with id: 'Object Repository/ANEF_Eloignement_V_Nawres/Page_Prendre_Mesure/btn_Supprimer_Fiche_Mesure' located by 'By.xpath: //button[@title="Supprimer une Mesure"]' in '2' second(s)

14-02-2025T09:39:40 - [MESSAGE][INFO] - Found 1 web elements with id: 'Object Repository/ANEF_Eloignement_V_Nawres/Page_Prendre_Mesure/btn_Supprimer_Fiche_Mesure' located by 'By.xpath: //button[@title="Supprimer une Mesure"]' in '2' second(s)

14-02-2025T09:39:40 - [MESSAGE][PASSED] - Object 'Object Repository/ANEF_Eloignement_V_Nawres/Page_Prendre_Mesure/btn_Supprimer_Fiche_Mesure' is present

14-02-2025T09:39:40 - [TEST_STEP][PASSED] - break: null

14-02-2025T09:39:40 - [TEST_STEP][PASSED] - callTestCase(findTestCase("Test Cases/Test Reutilisable/Main/ANEF_Eloignement_V_Nawres/ANEF_Prendre_Mesure_Formulaire"), ["Mesure":Mesure, "FondementLegal":FondementLegal, "NatureDeLacteExpulsion":NatureDeLacteExpulsion, "UrgenceAbsolueExpulsion":UrgenceAbsolueExpulsion, ... ], STOP_ON_FAILURE): Call Test Case 'Test Cases/Test Reutilisable/Main/ANEF_Eloignement_V_Nawres/ANEF_Prendre_Mesure_Formulaire' successfully

14-02-2025T09:39:40 - [MESSAGE][INFO] - Checking called Test Case

14-02-2025T09:39:40 - [MESSAGE][INFO] - Starting to call Test Case 'Test Cases/Test Reutilisable/Main/ANEF_Eloignement_V_Nawres/ANEF_Prendre_Mesure_Formulaire'

14-02-2025T09:39:40 - [TEST_CASE][PASSED] - Test Cases/Test Reutilisable/Main/ANEF_Eloignement_V_Nawres/ANEF_Prendre_Mesure_Formulaire: Test Cases/Test Reutilisable/Main/ANEF_Eloignement_V_Nawres/ANEF_Prendre_Mesure_Formulaire

14-02-2025T09:39:40 - [TEST_STEP][PASSED] - calendar = Calendar.getInstance(): null

14-02-2025T09:39:40 - [TEST_STEP][PASSED] - currentDate = calendar.getTime(): null

14-02-2025T09:39:40 - [TEST_STEP][PASSED] - sdf = new java.text.SimpleDateFormat(dd/MM/yyyy): null

14-02-2025T09:39:40 - [TEST_STEP][PASSED] - formattedDate = sdf.format(currentDate): null

14-02-2025T09:39:40 - [TEST_STEP][PASSED] - DateActuelle = formattedDate.toString(): null

14-02-2025T09:39:40 - [TEST_STEP][PASSED] - println(DateActuelle): null

14-02-2025T09:39:40 - [TEST_STEP][PASSED] - if (Mesure != "ITF"): null

14-02-2025T09:39:40 - [TEST_STEP][PASSED] - selectOptionByLabel(findTestObject("Object Repository/ANEF_Eloignement_V_Nawres/Page_Prendre_Mesure_Formulaire/select_Fondement_Legal"), FondementLegal, false, STOP_ON_FAILURE): All options with label 'L. 611-1 3Â°' are selected in object 'Object Repository/ANEF_Eloignement_V_Nawres/Page_Prendre_Mesure_Formulaire/select_Fondement_Legal' 

14-02-2025T09:39:40 - [MESSAGE][INFO] - Finding Test Object 'Object Repository/ANEF_Eloignement_V_Nawres/Page_Prendre_Mesure_Formulaire/select_Fondement_Legal'

14-02-2025T09:39:40 - [MESSAGE][INFO] - Checking timeout

14-02-2025T09:39:40 - [MESSAGE][INFO] - Finding web element with id: 'Object Repository/ANEF_Eloignement_V_Nawres/Page_Prendre_Mesure_Formulaire/select_Fondement_Legal' located by 'By.xpath: //select[@id="fondement_legal"]' in '20' second(s)

14-02-2025T09:39:40 - [MESSAGE][INFO] - Found 1 web elements with id: 'Object Repository/ANEF_Eloignement_V_Nawres/Page_Prendre_Mesure_Formulaire/select_Fondement_Legal' located by 'By.xpath: //select[@id="fondement_legal"]' in '20' second(s)

14-02-2025T09:39:40 - [MESSAGE][INFO] - Checking object

14-02-2025T09:39:40 - [MESSAGE][INFO] - Checking label parameter

14-02-2025T09:39:40 - [MESSAGE][INFO] - Finding web element from Test Object's properties

14-02-2025T09:39:40 - [MESSAGE][INFO] - Checking timeout

14-02-2025T09:39:40 - [MESSAGE][INFO] - Finding web element with id: 'Object Repository/ANEF_Eloignement_V_Nawres/Page_Prendre_Mesure_Formulaire/select_Fondement_Legal' located by 'By.xpath: //select[@id="fondement_legal"]' in '100' second(s)

14-02-2025T09:39:40 - [MESSAGE][INFO] - Found 1 web elements with id: 'Object Repository/ANEF_Eloignement_V_Nawres/Page_Prendre_Mesure_Formulaire/select_Fondement_Legal' located by 'By.xpath: //select[@id="fondement_legal"]' in '100' second(s)

14-02-2025T09:39:40 - [MESSAGE][INFO] - Selecting options on object 'Object Repository/ANEF_Eloignement_V_Nawres/Page_Prendre_Mesure_Formulaire/select_Fondement_Legal' with label 'L. 611-1 3Â°' 

14-02-2025T09:39:41 - [MESSAGE][PASSED] - All options with label 'L. 611-1 3Â°' are selected in object 'Object Repository/ANEF_Eloignement_V_Nawres/Page_Prendre_Mesure_Formulaire/select_Fondement_Legal' 

14-02-2025T09:39:41 - [TEST_STEP][PASSED] - if (Mesure == "Expulsion"): null

14-02-2025T09:39:41 - [TEST_STEP][PASSED] - NumberUsagerRandom = tools.MyStringTools.getRandomNumber(10, 99): tools.MyStringTools.getRandomNumber is PASSED

14-02-2025T09:39:41 - [MESSAGE][PASSED] - tools.MyStringTools.getRandomNumber is PASSED

14-02-2025T09:39:41 - [TEST_STEP][PASSED] - println(NumberUsagerRandom): null

14-02-2025T09:39:41 - [TEST_STEP][PASSED] - RandomNumber = NumberUsagerRandom.toString(): null

14-02-2025T09:39:41 - [TEST_STEP][PASSED] - if (Mesure == "OQTF"): Object: 'Object Repository/ANEF_Eloignement_V_Nawres/Page_Prendre_Mesure_Formulaire/btn_Enregistrer' is clicked on

14-02-2025T09:39:41 - [TEST_STEP][PASSED] - if (RefuserDepartVolontaireOQTF == "false"): null

14-02-2025T09:39:41 - [TEST_STEP][PASSED] - if (RefuserDepartVolontaireOQTF == "true"): Object: 'Object Repository/ANEF_Eloignement_V_Nawres/Page_Prendre_Mesure_Formulaire/btn_Enregistrer' is clicked on

14-02-2025T09:39:41 - [TEST_STEP][PASSED] - click(findTestObject("Object Repository/ANEF_Eloignement_V_Nawres/Page_Prendre_Mesure_Formulaire/btn_Refuser_Delai_Depart_Volontaire"), STOP_ON_FAILURE): Object: 'Object Repository/ANEF_Eloignement_V_Nawres/Page_Prendre_Mesure_Formulaire/btn_Refuser_Delai_Depart_Volontaire' is clicked on

14-02-2025T09:39:41 - [MESSAGE][INFO] - Finding Test Object 'Object Repository/ANEF_Eloignement_V_Nawres/Page_Prendre_Mesure_Formulaire/btn_Refuser_Delai_Depart_Volontaire'

14-02-2025T09:39:41 - [MESSAGE][INFO] - Checking timeout

14-02-2025T09:39:41 - [MESSAGE][INFO] - Finding web element with id: 'Object Repository/ANEF_Eloignement_V_Nawres/Page_Prendre_Mesure_Formulaire/btn_Refuser_Delai_Depart_Volontaire' located by 'By.xpath: //*[@id="ACCORDEON_DELAI_DEPART_VOLONTAIRE"]/form//app-dsfr-input-checkbox//label[contains(text(),'Refuser le dÃ©lai de dÃ©part volontaire')]' in '20' second(s)

14-02-2025T09:39:41 - [MESSAGE][INFO] - Found 1 web elements with id: 'Object Repository/ANEF_Eloignement_V_Nawres/Page_Prendre_Mesure_Formulaire/btn_Refuser_Delai_Depart_Volontaire' located by 'By.xpath: //*[@id="ACCORDEON_DELAI_DEPART_VOLONTAIRE"]/form//app-dsfr-input-checkbox//label[contains(text(),'Refuser le dÃ©lai de dÃ©part volontaire')]' in '20' second(s)

14-02-2025T09:39:41 - [MESSAGE][INFO] - Checking object

14-02-2025T09:39:41 - [MESSAGE][INFO] - Checking timeout

14-02-2025T09:39:41 - [MESSAGE][INFO] - Finding web element from Test Object's properties

14-02-2025T09:39:41 - [MESSAGE][INFO] - Checking timeout

14-02-2025T09:39:41 - [MESSAGE][INFO] - Finding web element with id: 'Object Repository/ANEF_Eloignement_V_Nawres/Page_Prendre_Mesure_Formulaire/btn_Refuser_Delai_Depart_Volontaire' located by 'By.xpath: //*[@id="ACCORDEON_DELAI_DEPART_VOLONTAIRE"]/form//app-dsfr-input-checkbox//label[contains(text(),'Refuser le dÃ©lai de dÃ©part volontaire')]' in '100' second(s)

14-02-2025T09:39:41 - [MESSAGE][INFO] - Found 1 web elements with id: 'Object Repository/ANEF_Eloignement_V_Nawres/Page_Prendre_Mesure_Formulaire/btn_Refuser_Delai_Depart_Volontaire' located by 'By.xpath: //*[@id="ACCORDEON_DELAI_DEPART_VOLONTAIRE"]/form//app-dsfr-input-checkbox//label[contains(text(),'Refuser le dÃ©lai de dÃ©part volontaire')]' in '100' second(s)

14-02-2025T09:39:41 - [MESSAGE][INFO] - Clicking on object: 'Object Repository/ANEF_Eloignement_V_Nawres/Page_Prendre_Mesure_Formulaire/btn_Refuser_Delai_Depart_Volontaire'

14-02-2025T09:39:43 - [MESSAGE][PASSED] - Object: 'Object Repository/ANEF_Eloignement_V_Nawres/Page_Prendre_Mesure_Formulaire/btn_Refuser_Delai_Depart_Volontaire' is clicked on

14-02-2025T09:39:43 - [TEST_STEP][PASSED] - delay(10): Delayed 10 second(s)

14-02-2025T09:39:43 - [MESSAGE][INFO] - Delaying browser in 10 second(s)

14-02-2025T09:39:53 - [MESSAGE][PASSED] - Delayed 10 second(s)

14-02-2025T09:39:53 - [TEST_STEP][PASSED] - verifyElementNotClickable(findTestObject("Object Repository/ANEF_Eloignement_V_Nawres/Page_Prendre_Mesure_Formulaire/input_Delai_Depart_Jours"), STOP_ON_FAILURE): Object 'Object Repository/ANEF_Eloignement_V_Nawres/Page_Prendre_Mesure_Formulaire/input_Delai_Depart_Jours' is NOT clickable

14-02-2025T09:39:53 - [MESSAGE][INFO] - Finding Test Object 'Object Repository/ANEF_Eloignement_V_Nawres/Page_Prendre_Mesure_Formulaire/input_Delai_Depart_Jours'

14-02-2025T09:39:53 - [MESSAGE][INFO] - Checking object

14-02-2025T09:39:53 - [MESSAGE][INFO] - Finding web element from Test Object's properties

14-02-2025T09:39:53 - [MESSAGE][INFO] - Checking timeout

14-02-2025T09:39:53 - [MESSAGE][INFO] - Finding web element with id: 'Object Repository/ANEF_Eloignement_V_Nawres/Page_Prendre_Mesure_Formulaire/input_Delai_Depart_Jours' located by 'By.xpath: //input[@name="nbr_jours"]' in '100' second(s)

14-02-2025T09:39:53 - [MESSAGE][INFO] - Found 1 web elements with id: 'Object Repository/ANEF_Eloignement_V_Nawres/Page_Prendre_Mesure_Formulaire/input_Delai_Depart_Jours' located by 'By.xpath: //input[@name="nbr_jours"]' in '100' second(s)

14-02-2025T09:39:53 - [MESSAGE][PASSED] - Object 'Object Repository/ANEF_Eloignement_V_Nawres/Page_Prendre_Mesure_Formulaire/input_Delai_Depart_Jours' is NOT clickable

14-02-2025T09:39:53 - [TEST_STEP][PASSED] - verifyElementText(findTestObject("Object Repository/ANEF_Eloignement_V_Nawres/Page_Prendre_Mesure_Formulaire/p_Expiration_Delai"), "-", STOP_ON_FAILURE): Actual text and expected text of test object 'Object Repository/ANEF_Eloignement_V_Nawres/Page_Prendre_Mesure_Formulaire/p_Expiration_Delai' are matched.

14-02-2025T09:39:53 - [MESSAGE][INFO] - Finding Test Object 'Object Repository/ANEF_Eloignement_V_Nawres/Page_Prendre_Mesure_Formulaire/p_Expiration_Delai'

14-02-2025T09:39:53 - [MESSAGE][INFO] - Checking object

14-02-2025T09:39:53 - [MESSAGE][INFO] - Finding web element from Test Object's properties

14-02-2025T09:39:53 - [MESSAGE][INFO] - Checking timeout

14-02-2025T09:39:53 - [MESSAGE][INFO] - Finding web element with id: 'Object Repository/ANEF_Eloignement_V_Nawres/Page_Prendre_Mesure_Formulaire/p_Expiration_Delai' located by 'By.xpath: /html/body/app-root/app-layout-borderless/div[3]/app-mesure-oqtf/div[2]/div[2]/div[2]/div[1]/div/div[1]/div[2]/app-accordeon-delai-depart-volontaire/section/div/form/div[2]/div[2]/p' in '100' second(s)

14-02-2025T09:39:53 - [MESSAGE][INFO] - Found 1 web elements with id: 'Object Repository/ANEF_Eloignement_V_Nawres/Page_Prendre_Mesure_Formulaire/p_Expiration_Delai' located by 'By.xpath: /html/body/app-root/app-layout-borderless/div[3]/app-mesure-oqtf/div[2]/div[2]/div[2]/div[1]/div/div[1]/div[2]/app-accordeon-delai-depart-volontaire/section/div/form/div[2]/div[2]/p' in '100' second(s)

14-02-2025T09:39:53 - [MESSAGE][PASSED] - Actual text and expected text of test object 'Object Repository/ANEF_Eloignement_V_Nawres/Page_Prendre_Mesure_Formulaire/p_Expiration_Delai' are matched.

14-02-2025T09:39:53 - [TEST_STEP][PASSED] - selectOptionByLabel(findTestObject("Object Repository/ANEF_Eloignement_V_Nawres/Page_Prendre_Mesure_Formulaire/select_Fondement_Legal_IRTF"), "L. 612-6", false, STOP_ON_FAILURE): All options with label 'L. 612-6' are selected in object 'Object Repository/ANEF_Eloignement_V_Nawres/Page_Prendre_Mesure_Formulaire/select_Fondement_Legal_IRTF' 

14-02-2025T09:39:53 - [MESSAGE][INFO] - Finding Test Object 'Object Repository/ANEF_Eloignement_V_Nawres/Page_Prendre_Mesure_Formulaire/select_Fondement_Legal_IRTF'

14-02-2025T09:39:53 - [MESSAGE][INFO] - Checking timeout

14-02-2025T09:39:53 - [MESSAGE][INFO] - Finding web element with id: 'Object Repository/ANEF_Eloignement_V_Nawres/Page_Prendre_Mesure_Formulaire/select_Fondement_Legal_IRTF' located by 'By.xpath: //app-accordeon-ictf-irtf/section/div/form//app-dsfr-select-arr/div/select[@name="fondement_legal"]' in '20' second(s)

14-02-2025T09:39:53 - [MESSAGE][INFO] - Found 1 web elements with id: 'Object Repository/ANEF_Eloignement_V_Nawres/Page_Prendre_Mesure_Formulaire/select_Fondement_Legal_IRTF' located by 'By.xpath: //app-accordeon-ictf-irtf/section/div/form//app-dsfr-select-arr/div/select[@name="fondement_legal"]' in '20' second(s)

14-02-2025T09:39:53 - [MESSAGE][INFO] - Checking object

14-02-2025T09:39:53 - [MESSAGE][INFO] - Checking label parameter

14-02-2025T09:39:53 - [MESSAGE][INFO] - Finding web element from Test Object's properties

14-02-2025T09:39:53 - [MESSAGE][INFO] - Checking timeout

14-02-2025T09:39:53 - [MESSAGE][INFO] - Finding web element with id: 'Object Repository/ANEF_Eloignement_V_Nawres/Page_Prendre_Mesure_Formulaire/select_Fondement_Legal_IRTF' located by 'By.xpath: //app-accordeon-ictf-irtf/section/div/form//app-dsfr-select-arr/div/select[@name="fondement_legal"]' in '100' second(s)

14-02-2025T09:39:53 - [MESSAGE][INFO] - Found 1 web elements with id: 'Object Repository/ANEF_Eloignement_V_Nawres/Page_Prendre_Mesure_Formulaire/select_Fondement_Legal_IRTF' located by 'By.xpath: //app-accordeon-ictf-irtf/section/div/form//app-dsfr-select-arr/div/select[@name="fondement_legal"]' in '100' second(s)

14-02-2025T09:39:53 - [MESSAGE][INFO] - Selecting options on object 'Object Repository/ANEF_Eloignement_V_Nawres/Page_Prendre_Mesure_Formulaire/select_Fondement_Legal_IRTF' with label 'L. 612-6' 

14-02-2025T09:39:54 - [MESSAGE][PASSED] - All options with label 'L. 612-6' are selected in object 'Object Repository/ANEF_Eloignement_V_Nawres/Page_Prendre_Mesure_Formulaire/select_Fondement_Legal_IRTF' 

14-02-2025T09:39:54 - [TEST_STEP][PASSED] - setText(findTestObject("Object Repository/ANEF_Eloignement_V_Nawres/Page_Prendre_Mesure_Formulaire/input_Duree_IRTF_Mois"), "200", STOP_ON_FAILURE): Text '200' is set on object 'Object Repository/ANEF_Eloignement_V_Nawres/Page_Prendre_Mesure_Formulaire/input_Duree_IRTF_Mois'

14-02-2025T09:39:54 - [MESSAGE][INFO] - Finding Test Object 'Object Repository/ANEF_Eloignement_V_Nawres/Page_Prendre_Mesure_Formulaire/input_Duree_IRTF_Mois'

14-02-2025T09:39:54 - [MESSAGE][INFO] - Checking timeout

14-02-2025T09:39:54 - [MESSAGE][INFO] - Finding web element with id: 'Object Repository/ANEF_Eloignement_V_Nawres/Page_Prendre_Mesure_Formulaire/input_Duree_IRTF_Mois' located by 'By.xpath: //input[@id="nbr_mois_duree_init"]' in '20' second(s)

14-02-2025T09:39:54 - [MESSAGE][INFO] - Found 1 web elements with id: 'Object Repository/ANEF_Eloignement_V_Nawres/Page_Prendre_Mesure_Formulaire/input_Duree_IRTF_Mois' located by 'By.xpath: //input[@id="nbr_mois_duree_init"]' in '20' second(s)

14-02-2025T09:39:54 - [MESSAGE][INFO] - Checking object

14-02-2025T09:39:54 - [MESSAGE][INFO] - Checking text

14-02-2025T09:39:54 - [MESSAGE][INFO] - Finding web element from Test Object's properties

14-02-2025T09:39:54 - [MESSAGE][INFO] - Checking timeout

14-02-2025T09:39:54 - [MESSAGE][INFO] - Finding web element with id: 'Object Repository/ANEF_Eloignement_V_Nawres/Page_Prendre_Mesure_Formulaire/input_Duree_IRTF_Mois' located by 'By.xpath: //input[@id="nbr_mois_duree_init"]' in '100' second(s)

14-02-2025T09:39:54 - [MESSAGE][INFO] - Found 1 web elements with id: 'Object Repository/ANEF_Eloignement_V_Nawres/Page_Prendre_Mesure_Formulaire/input_Duree_IRTF_Mois' located by 'By.xpath: //input[@id="nbr_mois_duree_init"]' in '100' second(s)

14-02-2025T09:39:54 - [MESSAGE][INFO] - Clearing text of object 'Object Repository/ANEF_Eloignement_V_Nawres/Page_Prendre_Mesure_Formulaire/input_Duree_IRTF_Mois'

14-02-2025T09:39:55 - [MESSAGE][INFO] - Finding web element from Test Object's properties

14-02-2025T09:39:55 - [MESSAGE][INFO] - Checking timeout

14-02-2025T09:39:55 - [MESSAGE][INFO] - Finding web element with id: 'Object Repository/ANEF_Eloignement_V_Nawres/Page_Prendre_Mesure_Formulaire/input_Duree_IRTF_Mois' located by 'By.xpath: //input[@id="nbr_mois_duree_init"]' in '100' second(s)

14-02-2025T09:39:55 - [MESSAGE][INFO] - Found 1 web elements with id: 'Object Repository/ANEF_Eloignement_V_Nawres/Page_Prendre_Mesure_Formulaire/input_Duree_IRTF_Mois' located by 'By.xpath: //input[@id="nbr_mois_duree_init"]' in '100' second(s)

14-02-2025T09:39:55 - [MESSAGE][INFO] - Setting text of object 'Object Repository/ANEF_Eloignement_V_Nawres/Page_Prendre_Mesure_Formulaire/input_Duree_IRTF_Mois' to value '200'

14-02-2025T09:39:56 - [MESSAGE][PASSED] - Text '200' is set on object 'Object Repository/ANEF_Eloignement_V_Nawres/Page_Prendre_Mesure_Formulaire/input_Duree_IRTF_Mois'

14-02-2025T09:39:56 - [TEST_STEP][PASSED] - verifyElementText(findTestObject("Object Repository/ANEF_Eloignement_V_Nawres/Page_Prendre_Mesure_Formulaire/p_Message_Erreur_Duree_IRTF"), "Attention : la durÃ©e indiquÃ©e ne correspond pas Ã  la durÃ©e lÃ©gale maximale 10 ans"): Actual text and expected text of test object 'Object Repository/ANEF_Eloignement_V_Nawres/Page_Prendre_Mesure_Formulaire/p_Message_Erreur_Duree_IRTF' are matched.

14-02-2025T09:39:56 - [MESSAGE][INFO] - Finding Test Object 'Object Repository/ANEF_Eloignement_V_Nawres/Page_Prendre_Mesure_Formulaire/p_Message_Erreur_Duree_IRTF'

14-02-2025T09:39:56 - [MESSAGE][INFO] - Checking object

14-02-2025T09:39:56 - [MESSAGE][INFO] - Finding web element from Test Object's properties

14-02-2025T09:39:56 - [MESSAGE][INFO] - Checking timeout

14-02-2025T09:39:56 - [MESSAGE][INFO] - Finding web element with id: 'Object Repository/ANEF_Eloignement_V_Nawres/Page_Prendre_Mesure_Formulaire/p_Message_Erreur_Duree_IRTF' located by 'By.xpath: //app-accordeon-ictf-irtf/section/div/form/div[2]//p' in '100' second(s)

14-02-2025T09:39:56 - [MESSAGE][INFO] - Found 1 web elements with id: 'Object Repository/ANEF_Eloignement_V_Nawres/Page_Prendre_Mesure_Formulaire/p_Message_Erreur_Duree_IRTF' located by 'By.xpath: //app-accordeon-ictf-irtf/section/div/form/div[2]//p' in '100' second(s)

14-02-2025T09:39:56 - [MESSAGE][PASSED] - Actual text and expected text of test object 'Object Repository/ANEF_Eloignement_V_Nawres/Page_Prendre_Mesure_Formulaire/p_Message_Erreur_Duree_IRTF' are matched.

14-02-2025T09:39:56 - [TEST_STEP][PASSED] - setText(findTestObject("Object Repository/ANEF_Eloignement_V_Nawres/Page_Prendre_Mesure_Formulaire/input_Duree_IRTF_Mois"), RandomNumber, STOP_ON_FAILURE): Text '88' is set on object 'Object Repository/ANEF_Eloignement_V_Nawres/Page_Prendre_Mesure_Formulaire/input_Duree_IRTF_Mois'

14-02-2025T09:39:56 - [MESSAGE][INFO] - Finding Test Object 'Object Repository/ANEF_Eloignement_V_Nawres/Page_Prendre_Mesure_Formulaire/input_Duree_IRTF_Mois'

14-02-2025T09:39:56 - [MESSAGE][INFO] - Checking timeout

14-02-2025T09:39:56 - [MESSAGE][INFO] - Finding web element with id: 'Object Repository/ANEF_Eloignement_V_Nawres/Page_Prendre_Mesure_Formulaire/input_Duree_IRTF_Mois' located by 'By.xpath: //input[@id="nbr_mois_duree_init"]' in '20' second(s)

14-02-2025T09:39:56 - [MESSAGE][INFO] - Found 1 web elements with id: 'Object Repository/ANEF_Eloignement_V_Nawres/Page_Prendre_Mesure_Formulaire/input_Duree_IRTF_Mois' located by 'By.xpath: //input[@id="nbr_mois_duree_init"]' in '20' second(s)

14-02-2025T09:39:56 - [MESSAGE][INFO] - Checking object

14-02-2025T09:39:56 - [MESSAGE][INFO] - Checking text

14-02-2025T09:39:56 - [MESSAGE][INFO] - Finding web element from Test Object's properties

14-02-2025T09:39:56 - [MESSAGE][INFO] - Checking timeout

14-02-2025T09:39:56 - [MESSAGE][INFO] - Finding web element with id: 'Object Repository/ANEF_Eloignement_V_Nawres/Page_Prendre_Mesure_Formulaire/input_Duree_IRTF_Mois' located by 'By.xpath: //input[@id="nbr_mois_duree_init"]' in '100' second(s)

14-02-2025T09:39:56 - [MESSAGE][INFO] - Found 1 web elements with id: 'Object Repository/ANEF_Eloignement_V_Nawres/Page_Prendre_Mesure_Formulaire/input_Duree_IRTF_Mois' located by 'By.xpath: //input[@id="nbr_mois_duree_init"]' in '100' second(s)

14-02-2025T09:39:56 - [MESSAGE][INFO] - Clearing text of object 'Object Repository/ANEF_Eloignement_V_Nawres/Page_Prendre_Mesure_Formulaire/input_Duree_IRTF_Mois'

14-02-2025T09:39:57 - [MESSAGE][INFO] - Finding web element from Test Object's properties

14-02-2025T09:39:57 - [MESSAGE][INFO] - Checking timeout

14-02-2025T09:39:57 - [MESSAGE][INFO] - Finding web element with id: 'Object Repository/ANEF_Eloignement_V_Nawres/Page_Prendre_Mesure_Formulaire/input_Duree_IRTF_Mois' located by 'By.xpath: //input[@id="nbr_mois_duree_init"]' in '100' second(s)

14-02-2025T09:39:57 - [MESSAGE][INFO] - Found 1 web elements with id: 'Object Repository/ANEF_Eloignement_V_Nawres/Page_Prendre_Mesure_Formulaire/input_Duree_IRTF_Mois' located by 'By.xpath: //input[@id="nbr_mois_duree_init"]' in '100' second(s)

14-02-2025T09:39:57 - [MESSAGE][INFO] - Setting text of object 'Object Repository/ANEF_Eloignement_V_Nawres/Page_Prendre_Mesure_Formulaire/input_Duree_IRTF_Mois' to value '88'

14-02-2025T09:39:58 - [MESSAGE][PASSED] - Text '88' is set on object 'Object Repository/ANEF_Eloignement_V_Nawres/Page_Prendre_Mesure_Formulaire/input_Duree_IRTF_Mois'

14-02-2025T09:39:58 - [TEST_STEP][PASSED] - click(findTestObject("Object Repository/ANEF_Eloignement_V_Nawres/Page_Prendre_Mesure_Formulaire/btn_Enregistrer"), STOP_ON_FAILURE): Object: 'Object Repository/ANEF_Eloignement_V_Nawres/Page_Prendre_Mesure_Formulaire/btn_Enregistrer' is clicked on

14-02-2025T09:39:58 - [MESSAGE][INFO] - Finding Test Object 'Object Repository/ANEF_Eloignement_V_Nawres/Page_Prendre_Mesure_Formulaire/btn_Enregistrer'

14-02-2025T09:39:58 - [MESSAGE][INFO] - Checking timeout

14-02-2025T09:39:58 - [MESSAGE][INFO] - Finding web element with id: 'Object Repository/ANEF_Eloignement_V_Nawres/Page_Prendre_Mesure_Formulaire/btn_Enregistrer' located by 'By.xpath: //button[contains(text(),"Enregistrer")]' in '20' second(s)

14-02-2025T09:39:59 - [MESSAGE][INFO] - Found 1 web elements with id: 'Object Repository/ANEF_Eloignement_V_Nawres/Page_Prendre_Mesure_Formulaire/btn_Enregistrer' located by 'By.xpath: //button[contains(text(),"Enregistrer")]' in '20' second(s)

14-02-2025T09:39:59 - [MESSAGE][INFO] - Checking object

14-02-2025T09:39:59 - [MESSAGE][INFO] - Checking timeout

14-02-2025T09:39:59 - [MESSAGE][INFO] - Finding web element from Test Object's properties

14-02-2025T09:39:59 - [MESSAGE][INFO] - Checking timeout

14-02-2025T09:39:59 - [MESSAGE][INFO] - Finding web element with id: 'Object Repository/ANEF_Eloignement_V_Nawres/Page_Prendre_Mesure_Formulaire/btn_Enregistrer' located by 'By.xpath: //button[contains(text(),"Enregistrer")]' in '100' second(s)

14-02-2025T09:39:59 - [MESSAGE][INFO] - Found 1 web elements with id: 'Object Repository/ANEF_Eloignement_V_Nawres/Page_Prendre_Mesure_Formulaire/btn_Enregistrer' located by 'By.xpath: //button[contains(text(),"Enregistrer")]' in '100' second(s)

14-02-2025T09:39:59 - [MESSAGE][INFO] - Clicking on object: 'Object Repository/ANEF_Eloignement_V_Nawres/Page_Prendre_Mesure_Formulaire/btn_Enregistrer'

14-02-2025T09:40:00 - [MESSAGE][PASSED] - Object: 'Object Repository/ANEF_Eloignement_V_Nawres/Page_Prendre_Mesure_Formulaire/btn_Enregistrer' is clicked on

14-02-2025T09:40:00 - [TEST_STEP][PASSED] - if (Mesure == "RemiseSchengen"): null

14-02-2025T09:40:00 - [TEST_STEP][PASSED] - RandomNumber = tools.MyStringTools.getRandomNumber(1, 30): tools.MyStringTools.getRandomNumber is PASSED

14-02-2025T09:40:00 - [MESSAGE][PASSED] - tools.MyStringTools.getRandomNumber is PASSED

14-02-2025T09:40:00 - [TEST_STEP][PASSED] - println(RandomNumber): null

14-02-2025T09:40:00 - [TEST_STEP][PASSED] - RandomNumberSelect = RandomNumber.toString(): null

14-02-2025T09:40:00 - [TEST_STEP][PASSED] - if (Mesure == "TransfertDublin"): null

14-02-2025T09:40:00 - [TEST_STEP][PASSED] - if (Mesure == "ExecutionFicheSIS"): null

14-02-2025T09:40:00 - [TEST_STEP][PASSED] - if (Mesure == "IAT"): null

14-02-2025T09:40:00 - [TEST_STEP][PASSED] - if (Mesure == "ITF"): null

14-02-2025T09:40:00 - [TEST_STEP][PASSED] - click(findTestObject("Object Repository/ANEF_Eloignement_V_Nawres/Page_Prendre_Mesure_Formulaire/btn_Enregistrer"), STOP_ON_FAILURE): Object: 'Object Repository/ANEF_Eloignement_V_Nawres/Page_Prendre_Mesure_Formulaire/btn_Enregistrer' is clicked on

14-02-2025T09:40:00 - [MESSAGE][INFO] - Finding Test Object 'Object Repository/ANEF_Eloignement_V_Nawres/Page_Prendre_Mesure_Formulaire/btn_Enregistrer'

14-02-2025T09:40:00 - [MESSAGE][INFO] - Checking timeout

14-02-2025T09:40:00 - [MESSAGE][INFO] - Finding web element with id: 'Object Repository/ANEF_Eloignement_V_Nawres/Page_Prendre_Mesure_Formulaire/btn_Enregistrer' located by 'By.xpath: //button[contains(text(),"Enregistrer")]' in '20' second(s)

14-02-2025T09:40:00 - [MESSAGE][INFO] - Found 1 web elements with id: 'Object Repository/ANEF_Eloignement_V_Nawres/Page_Prendre_Mesure_Formulaire/btn_Enregistrer' located by 'By.xpath: //button[contains(text(),"Enregistrer")]' in '20' second(s)

14-02-2025T09:40:00 - [MESSAGE][INFO] - Checking object

14-02-2025T09:40:00 - [MESSAGE][INFO] - Checking timeout

14-02-2025T09:40:00 - [MESSAGE][INFO] - Finding web element from Test Object's properties

14-02-2025T09:40:00 - [MESSAGE][INFO] - Checking timeout

14-02-2025T09:40:00 - [MESSAGE][INFO] - Finding web element with id: 'Object Repository/ANEF_Eloignement_V_Nawres/Page_Prendre_Mesure_Formulaire/btn_Enregistrer' located by 'By.xpath: //button[contains(text(),"Enregistrer")]' in '100' second(s)

14-02-2025T09:40:00 - [MESSAGE][INFO] - Found 1 web elements with id: 'Object Repository/ANEF_Eloignement_V_Nawres/Page_Prendre_Mesure_Formulaire/btn_Enregistrer' located by 'By.xpath: //button[contains(text(),"Enregistrer")]' in '100' second(s)

14-02-2025T09:40:00 - [MESSAGE][INFO] - Clicking on object: 'Object Repository/ANEF_Eloignement_V_Nawres/Page_Prendre_Mesure_Formulaire/btn_Enregistrer'

14-02-2025T09:40:01 - [MESSAGE][PASSED] - Object: 'Object Repository/ANEF_Eloignement_V_Nawres/Page_Prendre_Mesure_Formulaire/btn_Enregistrer' is clicked on

14-02-2025T09:40:01 - [MESSAGE][PASSED] - Call Test Case 'Test Cases/Test Reutilisable/Main/ANEF_Eloignement_V_Nawres/ANEF_Prendre_Mesure_Formulaire' successfully

14-02-2025T09:40:01 - [MESSAGE][PASSED] - Call Test Case 'Test Cases/Test Reutilisable/Main/ANEF_Eloignement_V_Nawres/ANEF_Prendre_Mesure' successfully

14-02-2025T09:40:01 - [TEST_STEP][PASSED] - callTestCase(findTestCase("Test Cases/Test Reutilisable/Main/ANEF_Eloignement_V_Nawres/ANEF_Ajouter_Decision"), ["ModeNotification":ModeNotification], STOP_ON_FAILURE): Call Test Case 'Test Cases/Test Reutilisable/Main/ANEF_Eloignement_V_Nawres/ANEF_Ajouter_Decision' successfully

14-02-2025T09:40:01 - [MESSAGE][INFO] - Checking called Test Case

14-02-2025T09:40:01 - [MESSAGE][INFO] - Starting to call Test Case 'Test Cases/Test Reutilisable/Main/ANEF_Eloignement_V_Nawres/ANEF_Ajouter_Decision'

14-02-2025T09:40:01 - [TEST_CASE][PASSED] - Test Cases/Test Reutilisable/Main/ANEF_Eloignement_V_Nawres/ANEF_Ajouter_Decision: Test Cases/Test Reutilisable/Main/ANEF_Eloignement_V_Nawres/ANEF_Ajouter_Decision

14-02-2025T09:40:01 - [TEST_STEP][PASSED] - calendar = Calendar.getInstance(): null

14-02-2025T09:40:01 - [TEST_STEP][PASSED] - currentDate = calendar.getTime(): null

14-02-2025T09:40:01 - [TEST_STEP][PASSED] - sdf = new java.text.SimpleDateFormat(dd/MM/yyyy): null

14-02-2025T09:40:01 - [TEST_STEP][PASSED] - formattedDate = sdf.format(currentDate): null

14-02-2025T09:40:01 - [TEST_STEP][PASSED] - DateActuelle = formattedDate.toString(): null

14-02-2025T09:40:01 - [TEST_STEP][PASSED] - println(DateActuelle): null

14-02-2025T09:40:01 - [TEST_STEP][PASSED] - waitForElementClickable(findTestObject("Object Repository/ANEF_Eloignement_V_Nawres/Page_Ajouter_Decision/btn_Ajouter_Decision"), 20, STOP_ON_FAILURE): Object 'Object Repository/ANEF_Eloignement_V_Nawres/Page_Ajouter_Decision/btn_Ajouter_Decision' is clickable

14-02-2025T09:40:01 - [MESSAGE][INFO] - Finding Test Object 'Object Repository/ANEF_Eloignement_V_Nawres/Page_Ajouter_Decision/btn_Ajouter_Decision'

14-02-2025T09:40:01 - [MESSAGE][INFO] - Checking object

14-02-2025T09:40:01 - [MESSAGE][INFO] - Checking timeout

14-02-2025T09:40:01 - [MESSAGE][INFO] - Finding web element from Test Object's properties

14-02-2025T09:40:01 - [MESSAGE][INFO] - Checking timeout

14-02-2025T09:40:01 - [MESSAGE][INFO] - Finding web element with id: 'Object Repository/ANEF_Eloignement_V_Nawres/Page_Ajouter_Decision/btn_Ajouter_Decision' located by 'By.xpath: //button[contains(text(),"Ajouter une dÃ©cision")]' in '20' second(s)

14-02-2025T09:40:01 - [MESSAGE][INFO] - Found 1 web elements with id: 'Object Repository/ANEF_Eloignement_V_Nawres/Page_Ajouter_Decision/btn_Ajouter_Decision' located by 'By.xpath: //button[contains(text(),"Ajouter une dÃ©cision")]' in '20' second(s)

14-02-2025T09:40:01 - [MESSAGE][PASSED] - Object 'Object Repository/ANEF_Eloignement_V_Nawres/Page_Ajouter_Decision/btn_Ajouter_Decision' is clickable

14-02-2025T09:40:01 - [TEST_STEP][PASSED] - click(findTestObject("Object Repository/ANEF_Eloignement_V_Nawres/Page_Ajouter_Decision/btn_Ajouter_Decision"), STOP_ON_FAILURE): Object: 'Object Repository/ANEF_Eloignement_V_Nawres/Page_Ajouter_Decision/btn_Ajouter_Decision' is clicked on

14-02-2025T09:40:01 - [MESSAGE][INFO] - Finding Test Object 'Object Repository/ANEF_Eloignement_V_Nawres/Page_Ajouter_Decision/btn_Ajouter_Decision'

14-02-2025T09:40:01 - [MESSAGE][INFO] - Checking timeout

14-02-2025T09:40:01 - [MESSAGE][INFO] - Finding web element with id: 'Object Repository/ANEF_Eloignement_V_Nawres/Page_Ajouter_Decision/btn_Ajouter_Decision' located by 'By.xpath: //button[contains(text(),"Ajouter une dÃ©cision")]' in '20' second(s)

14-02-2025T09:40:01 - [MESSAGE][INFO] - Found 1 web elements with id: 'Object Repository/ANEF_Eloignement_V_Nawres/Page_Ajouter_Decision/btn_Ajouter_Decision' located by 'By.xpath: //button[contains(text(),"Ajouter une dÃ©cision")]' in '20' second(s)

14-02-2025T09:40:01 - [MESSAGE][INFO] - Checking object

14-02-2025T09:40:01 - [MESSAGE][INFO] - Checking timeout

14-02-2025T09:40:01 - [MESSAGE][INFO] - Finding web element from Test Object's properties

14-02-2025T09:40:01 - [MESSAGE][INFO] - Checking timeout

14-02-2025T09:40:01 - [MESSAGE][INFO] - Finding web element with id: 'Object Repository/ANEF_Eloignement_V_Nawres/Page_Ajouter_Decision/btn_Ajouter_Decision' located by 'By.xpath: //button[contains(text(),"Ajouter une dÃ©cision")]' in '100' second(s)

14-02-2025T09:40:01 - [MESSAGE][INFO] - Found 1 web elements with id: 'Object Repository/ANEF_Eloignement_V_Nawres/Page_Ajouter_Decision/btn_Ajouter_Decision' located by 'By.xpath: //button[contains(text(),"Ajouter une dÃ©cision")]' in '100' second(s)

14-02-2025T09:40:01 - [MESSAGE][INFO] - Clicking on object: 'Object Repository/ANEF_Eloignement_V_Nawres/Page_Ajouter_Decision/btn_Ajouter_Decision'

14-02-2025T09:40:02 - [MESSAGE][PASSED] - Object: 'Object Repository/ANEF_Eloignement_V_Nawres/Page_Ajouter_Decision/btn_Ajouter_Decision' is clicked on

14-02-2025T09:40:02 - [TEST_STEP][PASSED] - scrollToElement(findTestObject("Object Repository/ANEF_Eloignement_V_Nawres/Page_Ajouter_Decision/btn_Confirmer_Ajout_Decision"), 5, STOP_ON_FAILURE): Scroll to object 'Object Repository/ANEF_Eloignement_V_Nawres/Page_Ajouter_Decision/btn_Confirmer_Ajout_Decision' successfully

14-02-2025T09:40:02 - [MESSAGE][INFO] - Finding Test Object 'Object Repository/ANEF_Eloignement_V_Nawres/Page_Ajouter_Decision/btn_Confirmer_Ajout_Decision'

14-02-2025T09:40:02 - [MESSAGE][INFO] - Checking object

14-02-2025T09:40:02 - [MESSAGE][INFO] - Checking timeout

14-02-2025T09:40:02 - [MESSAGE][INFO] - Finding web element from Test Object's properties

14-02-2025T09:40:02 - [MESSAGE][INFO] - Checking timeout

14-02-2025T09:40:02 - [MESSAGE][INFO] - Finding web element with id: 'Object Repository/ANEF_Eloignement_V_Nawres/Page_Ajouter_Decision/btn_Confirmer_Ajout_Decision' located by 'By.xpath: //button[contains(text()," Confirmer l'ajout")]' in '100' second(s)

14-02-2025T09:40:02 - [MESSAGE][INFO] - Found 1 web elements with id: 'Object Repository/ANEF_Eloignement_V_Nawres/Page_Ajouter_Decision/btn_Confirmer_Ajout_Decision' located by 'By.xpath: //button[contains(text()," Confirmer l'ajout")]' in '100' second(s)

14-02-2025T09:40:02 - [MESSAGE][INFO] - Scrolling to object 'Object Repository/ANEF_Eloignement_V_Nawres/Page_Ajouter_Decision/btn_Confirmer_Ajout_Decision'

14-02-2025T09:40:02 - [MESSAGE][PASSED] - Scroll to object 'Object Repository/ANEF_Eloignement_V_Nawres/Page_Ajouter_Decision/btn_Confirmer_Ajout_Decision' successfully

14-02-2025T09:40:02 - [TEST_STEP][PASSED] - click(findTestObject("Object Repository/ANEF_Eloignement_V_Nawres/Page_Ajouter_Decision/btn_Confirmer_Ajout_Decision"), STOP_ON_FAILURE): Object: 'Object Repository/ANEF_Eloignement_V_Nawres/Page_Ajouter_Decision/btn_Confirmer_Ajout_Decision' is clicked on

14-02-2025T09:40:02 - [MESSAGE][INFO] - Finding Test Object 'Object Repository/ANEF_Eloignement_V_Nawres/Page_Ajouter_Decision/btn_Confirmer_Ajout_Decision'

14-02-2025T09:40:02 - [MESSAGE][INFO] - Checking timeout

14-02-2025T09:40:02 - [MESSAGE][INFO] - Finding web element with id: 'Object Repository/ANEF_Eloignement_V_Nawres/Page_Ajouter_Decision/btn_Confirmer_Ajout_Decision' located by 'By.xpath: //button[contains(text()," Confirmer l'ajout")]' in '20' second(s)

14-02-2025T09:40:02 - [MESSAGE][INFO] - Found 1 web elements with id: 'Object Repository/ANEF_Eloignement_V_Nawres/Page_Ajouter_Decision/btn_Confirmer_Ajout_Decision' located by 'By.xpath: //button[contains(text()," Confirmer l'ajout")]' in '20' second(s)

14-02-2025T09:40:02 - [MESSAGE][INFO] - Checking object

14-02-2025T09:40:02 - [MESSAGE][INFO] - Checking timeout

14-02-2025T09:40:02 - [MESSAGE][INFO] - Finding web element from Test Object's properties

14-02-2025T09:40:02 - [MESSAGE][INFO] - Checking timeout

14-02-2025T09:40:02 - [MESSAGE][INFO] - Finding web element with id: 'Object Repository/ANEF_Eloignement_V_Nawres/Page_Ajouter_Decision/btn_Confirmer_Ajout_Decision' located by 'By.xpath: //button[contains(text()," Confirmer l'ajout")]' in '100' second(s)

14-02-2025T09:40:02 - [MESSAGE][INFO] - Found 1 web elements with id: 'Object Repository/ANEF_Eloignement_V_Nawres/Page_Ajouter_Decision/btn_Confirmer_Ajout_Decision' located by 'By.xpath: //button[contains(text()," Confirmer l'ajout")]' in '100' second(s)

14-02-2025T09:40:02 - [MESSAGE][INFO] - Clicking on object: 'Object Repository/ANEF_Eloignement_V_Nawres/Page_Ajouter_Decision/btn_Confirmer_Ajout_Decision'

14-02-2025T09:40:04 - [MESSAGE][PASSED] - Object: 'Object Repository/ANEF_Eloignement_V_Nawres/Page_Ajouter_Decision/btn_Confirmer_Ajout_Decision' is clicked on

14-02-2025T09:40:04 - [TEST_STEP][PASSED] - waitForElementClickable(findTestObject("Object Repository/ANEF_Eloignement_V_Nawres/Page_Ajouter_Decision/btn_Confirmer_Notification"), 20, STOP_ON_FAILURE): Object 'Object Repository/ANEF_Eloignement_V_Nawres/Page_Ajouter_Decision/btn_Confirmer_Notification' is clickable

14-02-2025T09:40:04 - [MESSAGE][INFO] - Finding Test Object 'Object Repository/ANEF_Eloignement_V_Nawres/Page_Ajouter_Decision/btn_Confirmer_Notification'

14-02-2025T09:40:04 - [MESSAGE][INFO] - Checking object

14-02-2025T09:40:04 - [MESSAGE][INFO] - Checking timeout

14-02-2025T09:40:04 - [MESSAGE][INFO] - Finding web element from Test Object's properties

14-02-2025T09:40:04 - [MESSAGE][INFO] - Checking timeout

14-02-2025T09:40:04 - [MESSAGE][INFO] - Finding web element with id: 'Object Repository/ANEF_Eloignement_V_Nawres/Page_Ajouter_Decision/btn_Confirmer_Notification' located by 'By.xpath: //button[contains(text(),"Confirmer la notification")]' in '20' second(s)

14-02-2025T09:40:04 - [MESSAGE][INFO] - Found 1 web elements with id: 'Object Repository/ANEF_Eloignement_V_Nawres/Page_Ajouter_Decision/btn_Confirmer_Notification' located by 'By.xpath: //button[contains(text(),"Confirmer la notification")]' in '20' second(s)

14-02-2025T09:40:05 - [MESSAGE][PASSED] - Object 'Object Repository/ANEF_Eloignement_V_Nawres/Page_Ajouter_Decision/btn_Confirmer_Notification' is clickable

14-02-2025T09:40:05 - [TEST_STEP][PASSED] - click(findTestObject("Object Repository/ANEF_Eloignement_V_Nawres/Page_Ajouter_Decision/btn_Confirmer_Notification"), STOP_ON_FAILURE): Object: 'Object Repository/ANEF_Eloignement_V_Nawres/Page_Ajouter_Decision/btn_Confirmer_Notification' is clicked on

14-02-2025T09:40:05 - [MESSAGE][INFO] - Finding Test Object 'Object Repository/ANEF_Eloignement_V_Nawres/Page_Ajouter_Decision/btn_Confirmer_Notification'

14-02-2025T09:40:05 - [MESSAGE][INFO] - Checking timeout

14-02-2025T09:40:05 - [MESSAGE][INFO] - Finding web element with id: 'Object Repository/ANEF_Eloignement_V_Nawres/Page_Ajouter_Decision/btn_Confirmer_Notification' located by 'By.xpath: //button[contains(text(),"Confirmer la notification")]' in '20' second(s)

14-02-2025T09:40:05 - [MESSAGE][INFO] - Found 1 web elements with id: 'Object Repository/ANEF_Eloignement_V_Nawres/Page_Ajouter_Decision/btn_Confirmer_Notification' located by 'By.xpath: //button[contains(text(),"Confirmer la notification")]' in '20' second(s)

14-02-2025T09:40:05 - [MESSAGE][INFO] - Checking object

14-02-2025T09:40:05 - [MESSAGE][INFO] - Checking timeout

14-02-2025T09:40:05 - [MESSAGE][INFO] - Finding web element from Test Object's properties

14-02-2025T09:40:05 - [MESSAGE][INFO] - Checking timeout

14-02-2025T09:40:05 - [MESSAGE][INFO] - Finding web element with id: 'Object Repository/ANEF_Eloignement_V_Nawres/Page_Ajouter_Decision/btn_Confirmer_Notification' located by 'By.xpath: //button[contains(text(),"Confirmer la notification")]' in '100' second(s)

14-02-2025T09:40:05 - [MESSAGE][INFO] - Found 1 web elements with id: 'Object Repository/ANEF_Eloignement_V_Nawres/Page_Ajouter_Decision/btn_Confirmer_Notification' located by 'By.xpath: //button[contains(text(),"Confirmer la notification")]' in '100' second(s)

14-02-2025T09:40:05 - [MESSAGE][INFO] - Clicking on object: 'Object Repository/ANEF_Eloignement_V_Nawres/Page_Ajouter_Decision/btn_Confirmer_Notification'

14-02-2025T09:40:07 - [MESSAGE][PASSED] - Object: 'Object Repository/ANEF_Eloignement_V_Nawres/Page_Ajouter_Decision/btn_Confirmer_Notification' is clicked on

14-02-2025T09:40:07 - [TEST_STEP][PASSED] - selectOptionByLabel(findTestObject("Object Repository/ANEF_Eloignement_V_Nawres/Page_Ajouter_Decision/select_Mode_Notification"), ModeNotification, false, STOP_ON_FAILURE): All options with label 'Voie postale' are selected in object 'Object Repository/ANEF_Eloignement_V_Nawres/Page_Ajouter_Decision/select_Mode_Notification' 

14-02-2025T09:40:07 - [MESSAGE][INFO] - Finding Test Object 'Object Repository/ANEF_Eloignement_V_Nawres/Page_Ajouter_Decision/select_Mode_Notification'

14-02-2025T09:40:07 - [MESSAGE][INFO] - Checking timeout

14-02-2025T09:40:07 - [MESSAGE][INFO] - Finding web element with id: 'Object Repository/ANEF_Eloignement_V_Nawres/Page_Ajouter_Decision/select_Mode_Notification' located by 'By.xpath: //app-notification-modal//form//app-dsfr-select/div/select[@id="mode_notification"]' in '20' second(s)

14-02-2025T09:40:07 - [MESSAGE][INFO] - Found 1 web elements with id: 'Object Repository/ANEF_Eloignement_V_Nawres/Page_Ajouter_Decision/select_Mode_Notification' located by 'By.xpath: //app-notification-modal//form//app-dsfr-select/div/select[@id="mode_notification"]' in '20' second(s)

14-02-2025T09:40:07 - [MESSAGE][INFO] - Checking object

14-02-2025T09:40:07 - [MESSAGE][INFO] - Checking label parameter

14-02-2025T09:40:07 - [MESSAGE][INFO] - Finding web element from Test Object's properties

14-02-2025T09:40:07 - [MESSAGE][INFO] - Checking timeout

14-02-2025T09:40:07 - [MESSAGE][INFO] - Finding web element with id: 'Object Repository/ANEF_Eloignement_V_Nawres/Page_Ajouter_Decision/select_Mode_Notification' located by 'By.xpath: //app-notification-modal//form//app-dsfr-select/div/select[@id="mode_notification"]' in '100' second(s)

14-02-2025T09:40:07 - [MESSAGE][INFO] - Found 1 web elements with id: 'Object Repository/ANEF_Eloignement_V_Nawres/Page_Ajouter_Decision/select_Mode_Notification' located by 'By.xpath: //app-notification-modal//form//app-dsfr-select/div/select[@id="mode_notification"]' in '100' second(s)

14-02-2025T09:40:07 - [MESSAGE][INFO] - Selecting options on object 'Object Repository/ANEF_Eloignement_V_Nawres/Page_Ajouter_Decision/select_Mode_Notification' with label 'Voie postale' 

14-02-2025T09:40:08 - [MESSAGE][PASSED] - All options with label 'Voie postale' are selected in object 'Object Repository/ANEF_Eloignement_V_Nawres/Page_Ajouter_Decision/select_Mode_Notification' 

14-02-2025T09:40:08 - [TEST_STEP][PASSED] - setText(findTestObject("Object Repository/ANEF_Eloignement_V_Nawres/Page_Ajouter_Decision/input_Date_Notification"), DateActuelle, STOP_ON_FAILURE): Text '14/02/2025' is set on object 'Object Repository/ANEF_Eloignement_V_Nawres/Page_Ajouter_Decision/input_Date_Notification'

14-02-2025T09:40:08 - [MESSAGE][INFO] - Finding Test Object 'Object Repository/ANEF_Eloignement_V_Nawres/Page_Ajouter_Decision/input_Date_Notification'

14-02-2025T09:40:08 - [MESSAGE][INFO] - Checking timeout

14-02-2025T09:40:08 - [MESSAGE][INFO] - Finding web element with id: 'Object Repository/ANEF_Eloignement_V_Nawres/Page_Ajouter_Decision/input_Date_Notification' located by 'By.xpath: //app-dsfr-input/div/input[@id="date_notification"]' in '20' second(s)

14-02-2025T09:40:08 - [MESSAGE][INFO] - Found 1 web elements with id: 'Object Repository/ANEF_Eloignement_V_Nawres/Page_Ajouter_Decision/input_Date_Notification' located by 'By.xpath: //app-dsfr-input/div/input[@id="date_notification"]' in '20' second(s)

14-02-2025T09:40:08 - [MESSAGE][INFO] - Checking object

14-02-2025T09:40:08 - [MESSAGE][INFO] - Checking text

14-02-2025T09:40:08 - [MESSAGE][INFO] - Finding web element from Test Object's properties

14-02-2025T09:40:08 - [MESSAGE][INFO] - Checking timeout

14-02-2025T09:40:08 - [MESSAGE][INFO] - Finding web element with id: 'Object Repository/ANEF_Eloignement_V_Nawres/Page_Ajouter_Decision/input_Date_Notification' located by 'By.xpath: //app-dsfr-input/div/input[@id="date_notification"]' in '100' second(s)

14-02-2025T09:40:08 - [MESSAGE][INFO] - Found 1 web elements with id: 'Object Repository/ANEF_Eloignement_V_Nawres/Page_Ajouter_Decision/input_Date_Notification' located by 'By.xpath: //app-dsfr-input/div/input[@id="date_notification"]' in '100' second(s)

14-02-2025T09:40:08 - [MESSAGE][INFO] - Clearing text of object 'Object Repository/ANEF_Eloignement_V_Nawres/Page_Ajouter_Decision/input_Date_Notification'

14-02-2025T09:40:09 - [MESSAGE][INFO] - Finding web element from Test Object's properties

14-02-2025T09:40:09 - [MESSAGE][INFO] - Checking timeout

14-02-2025T09:40:09 - [MESSAGE][INFO] - Finding web element with id: 'Object Repository/ANEF_Eloignement_V_Nawres/Page_Ajouter_Decision/input_Date_Notification' located by 'By.xpath: //app-dsfr-input/div/input[@id="date_notification"]' in '100' second(s)

14-02-2025T09:40:09 - [MESSAGE][INFO] - Found 1 web elements with id: 'Object Repository/ANEF_Eloignement_V_Nawres/Page_Ajouter_Decision/input_Date_Notification' located by 'By.xpath: //app-dsfr-input/div/input[@id="date_notification"]' in '100' second(s)

14-02-2025T09:40:09 - [MESSAGE][INFO] - Setting text of object 'Object Repository/ANEF_Eloignement_V_Nawres/Page_Ajouter_Decision/input_Date_Notification' to value '14/02/2025'

14-02-2025T09:40:10 - [MESSAGE][PASSED] - Text '14/02/2025' is set on object 'Object Repository/ANEF_Eloignement_V_Nawres/Page_Ajouter_Decision/input_Date_Notification'

14-02-2025T09:40:10 - [TEST_STEP][PASSED] - if (ModeNotification == "Voie administrative"): null

14-02-2025T09:40:10 - [TEST_STEP][PASSED] - uploadFile(findTestObject("Object Repository/ANEF_Eloignement_V_Nawres/Page_Ajouter_Decision/input_Ajouter_Fichier_Notification"), getProjectDir() + "/Data Files/Fichier_Test.pdf"): File 'C:/Users/nbenjemi/Katalon Studio/ANEF-ELOIGNEMENT-20250121/ANEF-ELOIGNEMENT-20250121/Data Files/Fichier_Test.pdf' sent to object: 'Object Repository/ANEF_Eloignement_V_Nawres/Page_Ajouter_Decision/input_Ajouter_Fichier_Notification'

14-02-2025T09:40:10 - [MESSAGE][INFO] - Finding Test Object 'Object Repository/ANEF_Eloignement_V_Nawres/Page_Ajouter_Decision/input_Ajouter_Fichier_Notification'

14-02-2025T09:40:10 - [MESSAGE][INFO] - Checking object

14-02-2025T09:40:10 - [MESSAGE][INFO] - Uploading file 'C:/Users/nbenjemi/Katalon Studio/ANEF-ELOIGNEMENT-20250121/ANEF-ELOIGNEMENT-20250121/Data Files/Fichier_Test.pdf' to object: 'Object Repository/ANEF_Eloignement_V_Nawres/Page_Ajouter_Decision/input_Ajouter_Fichier_Notification'

14-02-2025T09:40:10 - [MESSAGE][INFO] - Finding web element from Test Object's properties

14-02-2025T09:40:10 - [MESSAGE][INFO] - Checking timeout

14-02-2025T09:40:10 - [MESSAGE][INFO] - Finding web element with id: 'Object Repository/ANEF_Eloignement_V_Nawres/Page_Ajouter_Decision/input_Ajouter_Fichier_Notification' located by 'By.xpath: //app-notification-modal//form//app-dsfr-piece-jointe//input' in '100' second(s)

14-02-2025T09:40:10 - [MESSAGE][INFO] - Found 1 web elements with id: 'Object Repository/ANEF_Eloignement_V_Nawres/Page_Ajouter_Decision/input_Ajouter_Fichier_Notification' located by 'By.xpath: //app-notification-modal//form//app-dsfr-piece-jointe//input' in '100' second(s)

14-02-2025T09:40:11 - [MESSAGE][PASSED] - File 'C:/Users/nbenjemi/Katalon Studio/ANEF-ELOIGNEMENT-20250121/ANEF-ELOIGNEMENT-20250121/Data Files/Fichier_Test.pdf' sent to object: 'Object Repository/ANEF_Eloignement_V_Nawres/Page_Ajouter_Decision/input_Ajouter_Fichier_Notification'

14-02-2025T09:40:11 - [TEST_STEP][PASSED] - scrollToElement(findTestObject("Object Repository/ANEF_Eloignement_V_Nawres/Page_Ajouter_Decision/btn_Confirmer_Ajout_Notification"), 5, STOP_ON_FAILURE): Scroll to object 'Object Repository/ANEF_Eloignement_V_Nawres/Page_Ajouter_Decision/btn_Confirmer_Ajout_Notification' successfully

14-02-2025T09:40:11 - [MESSAGE][INFO] - Finding Test Object 'Object Repository/ANEF_Eloignement_V_Nawres/Page_Ajouter_Decision/btn_Confirmer_Ajout_Notification'

14-02-2025T09:40:11 - [MESSAGE][INFO] - Checking object

14-02-2025T09:40:11 - [MESSAGE][INFO] - Checking timeout

14-02-2025T09:40:11 - [MESSAGE][INFO] - Finding web element from Test Object's properties

14-02-2025T09:40:11 - [MESSAGE][INFO] - Checking timeout

14-02-2025T09:40:11 - [MESSAGE][INFO] - Finding web element with id: 'Object Repository/ANEF_Eloignement_V_Nawres/Page_Ajouter_Decision/btn_Confirmer_Ajout_Notification' located by 'By.xpath: //app-notification-modal//button[contains(text(),"Confirmer l'ajout")]' in '100' second(s)

14-02-2025T09:40:11 - [MESSAGE][INFO] - Found 1 web elements with id: 'Object Repository/ANEF_Eloignement_V_Nawres/Page_Ajouter_Decision/btn_Confirmer_Ajout_Notification' located by 'By.xpath: //app-notification-modal//button[contains(text(),"Confirmer l'ajout")]' in '100' second(s)

14-02-2025T09:40:11 - [MESSAGE][INFO] - Scrolling to object 'Object Repository/ANEF_Eloignement_V_Nawres/Page_Ajouter_Decision/btn_Confirmer_Ajout_Notification'

14-02-2025T09:40:11 - [MESSAGE][PASSED] - Scroll to object 'Object Repository/ANEF_Eloignement_V_Nawres/Page_Ajouter_Decision/btn_Confirmer_Ajout_Notification' successfully

14-02-2025T09:40:11 - [TEST_STEP][PASSED] - click(findTestObject("Object Repository/ANEF_Eloignement_V_Nawres/Page_Ajouter_Decision/btn_Confirmer_Ajout_Notification"), STOP_ON_FAILURE): Object: 'Object Repository/ANEF_Eloignement_V_Nawres/Page_Ajouter_Decision/btn_Confirmer_Ajout_Notification' is clicked on

14-02-2025T09:40:11 - [MESSAGE][INFO] - Finding Test Object 'Object Repository/ANEF_Eloignement_V_Nawres/Page_Ajouter_Decision/btn_Confirmer_Ajout_Notification'

14-02-2025T09:40:11 - [MESSAGE][INFO] - Checking timeout

14-02-2025T09:40:11 - [MESSAGE][INFO] - Finding web element with id: 'Object Repository/ANEF_Eloignement_V_Nawres/Page_Ajouter_Decision/btn_Confirmer_Ajout_Notification' located by 'By.xpath: //app-notification-modal//button[contains(text(),"Confirmer l'ajout")]' in '20' second(s)

14-02-2025T09:40:11 - [MESSAGE][INFO] - Found 1 web elements with id: 'Object Repository/ANEF_Eloignement_V_Nawres/Page_Ajouter_Decision/btn_Confirmer_Ajout_Notification' located by 'By.xpath: //app-notification-modal//button[contains(text(),"Confirmer l'ajout")]' in '20' second(s)

14-02-2025T09:40:11 - [MESSAGE][INFO] - Checking object

14-02-2025T09:40:11 - [MESSAGE][INFO] - Checking timeout

14-02-2025T09:40:11 - [MESSAGE][INFO] - Finding web element from Test Object's properties

14-02-2025T09:40:11 - [MESSAGE][INFO] - Checking timeout

14-02-2025T09:40:11 - [MESSAGE][INFO] - Finding web element with id: 'Object Repository/ANEF_Eloignement_V_Nawres/Page_Ajouter_Decision/btn_Confirmer_Ajout_Notification' located by 'By.xpath: //app-notification-modal//button[contains(text(),"Confirmer l'ajout")]' in '100' second(s)

14-02-2025T09:40:11 - [MESSAGE][INFO] - Found 1 web elements with id: 'Object Repository/ANEF_Eloignement_V_Nawres/Page_Ajouter_Decision/btn_Confirmer_Ajout_Notification' located by 'By.xpath: //app-notification-modal//button[contains(text(),"Confirmer l'ajout")]' in '100' second(s)

14-02-2025T09:40:11 - [MESSAGE][INFO] - Clicking on object: 'Object Repository/ANEF_Eloignement_V_Nawres/Page_Ajouter_Decision/btn_Confirmer_Ajout_Notification'

14-02-2025T09:40:12 - [MESSAGE][PASSED] - Object: 'Object Repository/ANEF_Eloignement_V_Nawres/Page_Ajouter_Decision/btn_Confirmer_Ajout_Notification' is clicked on

14-02-2025T09:40:13 - [TEST_STEP][PASSED] - waitForElementClickable(findTestObject("Object Repository/ANEF_Eloignement_V_Nawres/Page_Ajouter_Decision/btn_Enregistrer"), 7, STOP_ON_FAILURE): Object 'Object Repository/ANEF_Eloignement_V_Nawres/Page_Ajouter_Decision/btn_Enregistrer' is clickable

14-02-2025T09:40:13 - [MESSAGE][INFO] - Finding Test Object 'Object Repository/ANEF_Eloignement_V_Nawres/Page_Ajouter_Decision/btn_Enregistrer'

14-02-2025T09:40:13 - [MESSAGE][INFO] - Checking object

14-02-2025T09:40:13 - [MESSAGE][INFO] - Checking timeout

14-02-2025T09:40:13 - [MESSAGE][INFO] - Finding web element from Test Object's properties

14-02-2025T09:40:13 - [MESSAGE][INFO] - Checking timeout

14-02-2025T09:40:13 - [MESSAGE][INFO] - Finding web element with id: 'Object Repository/ANEF_Eloignement_V_Nawres/Page_Ajouter_Decision/btn_Enregistrer' located by 'By.xpath: //button[contains(text(),"Enregistrer")]' in '7' second(s)

14-02-2025T09:40:13 - [MESSAGE][INFO] - Found 1 web elements with id: 'Object Repository/ANEF_Eloignement_V_Nawres/Page_Ajouter_Decision/btn_Enregistrer' located by 'By.xpath: //button[contains(text(),"Enregistrer")]' in '7' second(s)

14-02-2025T09:40:13 - [MESSAGE][PASSED] - Object 'Object Repository/ANEF_Eloignement_V_Nawres/Page_Ajouter_Decision/btn_Enregistrer' is clickable

14-02-2025T09:40:13 - [MESSAGE][PASSED] - Call Test Case 'Test Cases/Test Reutilisable/Main/ANEF_Eloignement_V_Nawres/ANEF_Ajouter_Decision' successfully

14-02-2025T09:40:15 - [TEST_STEP][PASSED] - Video: Video recording for test case 'Test Cases/Cas D Utilisations/ANEF_Eloignement_V_Nawres/TC_ANEF_Eloignement' .

14-02-2025T09:40:15 - [MESSAGE][INFO] - Video recording for test case 'Test Cases/Cas D Utilisations/ANEF_Eloignement_V_Nawres/TC_ANEF_Eloignement' .]]></system-out>
         <system-err><![CDATA[]]></system-err>
      </testcase>
      <testcase name="Test Cases/Cas D Utilisations/ANEF_Eloignement_V_Nawres/TC_ANEF_Eloignement" time="80.812" classname="Test Cases/Cas D Utilisations/ANEF_Eloignement_V_Nawres/TC_ANEF_Eloignement" status="PASSED">
         <system-out><![CDATA[14-02-2025T09:40:15 - [TEST_CASE][PASSED] - Test Cases/Cas D Utilisations/ANEF_Eloignement_V_Nawres/TC_ANEF_Eloignement: Test Cases/Cas D Utilisations/ANEF_Eloignement_V_Nawres/TC_ANEF_Eloignement

14-02-2025T09:40:15 - [TEST_STEP][PASSED] - callTestCase(findTestCase("Test Cases/Test Reutilisable/Main/ANEF_Eloignement_V_Nawres/ANEF_Lancer_URL_ANEF"), ["Profiles":Profiles, "EnvExec":EnvExec], STOP_ON_FAILURE): Call Test Case 'Test Cases/Test Reutilisable/Main/ANEF_Eloignement_V_Nawres/ANEF_Lancer_URL_ANEF' successfully

14-02-2025T09:40:15 - [MESSAGE][INFO] - Checking called Test Case

14-02-2025T09:40:15 - [MESSAGE][INFO] - Starting to call Test Case 'Test Cases/Test Reutilisable/Main/ANEF_Eloignement_V_Nawres/ANEF_Lancer_URL_ANEF'

14-02-2025T09:40:15 - [TEST_CASE][PASSED] - Test Cases/Test Reutilisable/Main/ANEF_Eloignement_V_Nawres/ANEF_Lancer_URL_ANEF: Test Cases/Test Reutilisable/Main/ANEF_Eloignement_V_Nawres/ANEF_Lancer_URL_ANEF

14-02-2025T09:40:15 - [TEST_STEP][PASSED] - "Call Highlight.on() automatically": null

14-02-2025T09:40:15 - [TEST_STEP][PASSED] - projDir = getProjectDir(): null

14-02-2025T09:40:15 - [TEST_STEP][PASSED] - RunBrowserConfiguration = getExecutionProperties(): null

14-02-2025T09:40:15 - [TEST_STEP][PASSED] - DriverName = get("WebUI").get("browserType"): null

14-02-2025T09:40:15 - [TEST_STEP][PASSED] - println("DriverName :" + DriverName): null

14-02-2025T09:40:15 - [TEST_STEP][PASSED] - println("Driverpath :" + RunBrowserConfiguration.get("drivers")): null

14-02-2025T09:40:15 - [TEST_STEP][PASSED] - if (Profiles == "Usager"): null

14-02-2025T09:40:15 - [TEST_STEP][PASSED] - if (Profiles == "Agent"): Current window maximized

14-02-2025T09:40:15 - [TEST_STEP][PASSED] - if (EnvExec == "URLPortailAgentQualif"): null

14-02-2025T09:40:15 - [TEST_STEP][PASSED] - if (EnvExec == "URLPortailAgentPreProd"): Browser is opened with url: 'https://preprod.siaef.dgef.interieur.gouv.fr/sejour/#/accueil'

14-02-2025T09:40:15 - [TEST_STEP][PASSED] - openBrowser(URLPortailAgentPreProd): Browser is opened with url: 'https://preprod.siaef.dgef.interieur.gouv.fr/sejour/#/accueil'

14-02-2025T09:40:15 - [MESSAGE][INFO] - Opening browser

14-02-2025T09:40:15 - [MESSAGE][WARNING] - A browser is already opened. Closing browser and opening a new one

14-02-2025T09:40:16 - [MESSAGE][INFO] - Starting 'Chrome' driver

14-02-2025T09:40:16 - [MESSAGE][INFO] - User set preference: ['args', '[--incognito, --disable-search-engine-choice-screen, --enable-automation, --disable-save-password-bubble, --start-maximized, --remote-allow-origins=*]']

14-02-2025T09:40:16 - [MESSAGE][INFO] - User set preference: ['prefs', '{download.default_directory=${GlobalVariable.downloadPath}, download_dir=${GlobalVariable.downloadPath}, download.prompt_for_download=false}']

14-02-2025T09:40:16 - [MESSAGE][INFO] - User set preference: ['loggingPrefs', '{browser=ALL}']

14-02-2025T09:40:16 - [MESSAGE][INFO] - Action delay is set to 1â€¯000 milliseconds

14-02-2025T09:40:17 - [MESSAGE][INFO] - Navigating browser to: 'https://preprod.siaef.dgef.interieur.gouv.fr/sejour/#/accueil'

14-02-2025T09:40:19 - [MESSAGE][PASSED] - Browser is opened with url: 'https://preprod.siaef.dgef.interieur.gouv.fr/sejour/#/accueil'

14-02-2025T09:40:19 - [TEST_STEP][PASSED] - maximizeWindow(): Current window maximized

14-02-2025T09:40:19 - [MESSAGE][INFO] - Maximizing current window

14-02-2025T09:40:19 - [MESSAGE][PASSED] - Current window maximized

14-02-2025T09:40:19 - [MESSAGE][PASSED] - Call Test Case 'Test Cases/Test Reutilisable/Main/ANEF_Eloignement_V_Nawres/ANEF_Lancer_URL_ANEF' successfully

14-02-2025T09:40:19 - [TEST_STEP][PASSED] - callTestCase(findTestCase("Test Cases/Test Reutilisable/Main/ANEF_Eloignement_V_Nawres/ANEF_Identification"), ["Profiles":Profiles, "IdentifiantAgent":IdentifiantAgent, "PwAgent":PwAgent, "EnvExec":EnvExec], STOP_ON_FAILURE): Call Test Case 'Test Cases/Test Reutilisable/Main/ANEF_Eloignement_V_Nawres/ANEF_Identification' successfully

14-02-2025T09:40:19 - [MESSAGE][INFO] - Checking called Test Case

14-02-2025T09:40:19 - [MESSAGE][INFO] - Starting to call Test Case 'Test Cases/Test Reutilisable/Main/ANEF_Eloignement_V_Nawres/ANEF_Identification'

14-02-2025T09:40:19 - [TEST_CASE][PASSED] - Test Cases/Test Reutilisable/Main/ANEF_Eloignement_V_Nawres/ANEF_Identification: Test Cases/Test Reutilisable/Main/ANEF_Eloignement_V_Nawres/ANEF_Identification

14-02-2025T09:40:19 - [TEST_STEP][PASSED] - com.kazurayam.ksbackyard.HighlightElement.pandemic(): com.kazurayam.ksbackyard.HighlightElement.pandemic is PASSED

14-02-2025T09:40:19 - [MESSAGE][PASSED] - com.kazurayam.ksbackyard.HighlightElement.pandemic is PASSED

14-02-2025T09:40:19 - [TEST_STEP][PASSED] - if (Profiles == "Usager"): null

14-02-2025T09:40:19 - [TEST_STEP][PASSED] - if (Profiles == "Agent"): Object: 'Object Repository/ANEF_Eloignement_V_Nawres/Page_ANEF_Connexion/btn_Valider_Conx_Agent' is clicked on

14-02-2025T09:40:19 - [TEST_STEP][PASSED] - if (EnvExec == "URLPortailAgentQualif"): null

14-02-2025T09:40:19 - [TEST_STEP][PASSED] - if (EnvExec == "URLPortailAgentPreProd"): Text 'Natali123456!' is set on object 'Object Repository/ANEF_Eloignement_V_Nawres/Page_ANEF_Connexion/Input_PasswordAgent'

14-02-2025T09:40:19 - [TEST_STEP][PASSED] - setText(findTestObject("Object Repository/ANEF_Eloignement_V_Nawres/Page_ANEF_Connexion/Input_UserNameAgent"), IdentifiantAgent): Text 'test.gpe+970@outlook.fr' is set on object 'Object Repository/ANEF_Eloignement_V_Nawres/Page_ANEF_Connexion/Input_UserNameAgent'

14-02-2025T09:40:19 - [MESSAGE][INFO] - Finding Test Object 'Object Repository/ANEF_Eloignement_V_Nawres/Page_ANEF_Connexion/Input_UserNameAgent'

14-02-2025T09:40:19 - [MESSAGE][INFO] - Checking timeout

14-02-2025T09:40:19 - [MESSAGE][INFO] - Finding web element with id: 'Object Repository/ANEF_Eloignement_V_Nawres/Page_ANEF_Connexion/Input_UserNameAgent' located by 'By.xpath: //*[@aria-labelledby="username-label"]|//*[@id="login"]' in '20' second(s)

14-02-2025T09:40:19 - [MESSAGE][INFO] - Found 1 web elements with id: 'Object Repository/ANEF_Eloignement_V_Nawres/Page_ANEF_Connexion/Input_UserNameAgent' located by 'By.xpath: //*[@aria-labelledby="username-label"]|//*[@id="login"]' in '20' second(s)

14-02-2025T09:40:19 - [MESSAGE][INFO] - Checking object

14-02-2025T09:40:19 - [MESSAGE][INFO] - Checking text

14-02-2025T09:40:19 - [MESSAGE][INFO] - Finding web element from Test Object's properties

14-02-2025T09:40:19 - [MESSAGE][INFO] - Checking timeout

14-02-2025T09:40:19 - [MESSAGE][INFO] - Finding web element with id: 'Object Repository/ANEF_Eloignement_V_Nawres/Page_ANEF_Connexion/Input_UserNameAgent' located by 'By.xpath: //*[@aria-labelledby="username-label"]|//*[@id="login"]' in '100' second(s)

14-02-2025T09:40:19 - [MESSAGE][INFO] - Found 1 web elements with id: 'Object Repository/ANEF_Eloignement_V_Nawres/Page_ANEF_Connexion/Input_UserNameAgent' located by 'By.xpath: //*[@aria-labelledby="username-label"]|//*[@id="login"]' in '100' second(s)

14-02-2025T09:40:19 - [MESSAGE][INFO] - Clearing text of object 'Object Repository/ANEF_Eloignement_V_Nawres/Page_ANEF_Connexion/Input_UserNameAgent'

14-02-2025T09:40:20 - [MESSAGE][INFO] - Finding web element from Test Object's properties

14-02-2025T09:40:20 - [MESSAGE][INFO] - Checking timeout

14-02-2025T09:40:20 - [MESSAGE][INFO] - Finding web element with id: 'Object Repository/ANEF_Eloignement_V_Nawres/Page_ANEF_Connexion/Input_UserNameAgent' located by 'By.xpath: //*[@aria-labelledby="username-label"]|//*[@id="login"]' in '100' second(s)

14-02-2025T09:40:20 - [MESSAGE][INFO] - Found 1 web elements with id: 'Object Repository/ANEF_Eloignement_V_Nawres/Page_ANEF_Connexion/Input_UserNameAgent' located by 'By.xpath: //*[@aria-labelledby="username-label"]|//*[@id="login"]' in '100' second(s)

14-02-2025T09:40:20 - [MESSAGE][INFO] - Setting text of object 'Object Repository/ANEF_Eloignement_V_Nawres/Page_ANEF_Connexion/Input_UserNameAgent' to value 'test.gpe+970@outlook.fr'

14-02-2025T09:40:22 - [MESSAGE][PASSED] - Text 'test.gpe+970@outlook.fr' is set on object 'Object Repository/ANEF_Eloignement_V_Nawres/Page_ANEF_Connexion/Input_UserNameAgent'

14-02-2025T09:40:22 - [TEST_STEP][PASSED] - setText(findTestObject("Object Repository/ANEF_Eloignement_V_Nawres/Page_ANEF_Connexion/Input_PasswordAgent"), PwAgent): Text 'Natali123456!' is set on object 'Object Repository/ANEF_Eloignement_V_Nawres/Page_ANEF_Connexion/Input_PasswordAgent'

14-02-2025T09:40:22 - [MESSAGE][INFO] - Finding Test Object 'Object Repository/ANEF_Eloignement_V_Nawres/Page_ANEF_Connexion/Input_PasswordAgent'

14-02-2025T09:40:22 - [MESSAGE][INFO] - Checking timeout

14-02-2025T09:40:22 - [MESSAGE][INFO] - Finding web element with id: 'Object Repository/ANEF_Eloignement_V_Nawres/Page_ANEF_Connexion/Input_PasswordAgent' located by 'By.xpath: //*[@aria-labelledby="password-label"]|//*[@id="password"]' in '20' second(s)

14-02-2025T09:40:22 - [MESSAGE][INFO] - Found 1 web elements with id: 'Object Repository/ANEF_Eloignement_V_Nawres/Page_ANEF_Connexion/Input_PasswordAgent' located by 'By.xpath: //*[@aria-labelledby="password-label"]|//*[@id="password"]' in '20' second(s)

14-02-2025T09:40:22 - [MESSAGE][INFO] - Checking object

14-02-2025T09:40:22 - [MESSAGE][INFO] - Checking text

14-02-2025T09:40:22 - [MESSAGE][INFO] - Finding web element from Test Object's properties

14-02-2025T09:40:22 - [MESSAGE][INFO] - Checking timeout

14-02-2025T09:40:22 - [MESSAGE][INFO] - Finding web element with id: 'Object Repository/ANEF_Eloignement_V_Nawres/Page_ANEF_Connexion/Input_PasswordAgent' located by 'By.xpath: //*[@aria-labelledby="password-label"]|//*[@id="password"]' in '100' second(s)

14-02-2025T09:40:22 - [MESSAGE][INFO] - Found 1 web elements with id: 'Object Repository/ANEF_Eloignement_V_Nawres/Page_ANEF_Connexion/Input_PasswordAgent' located by 'By.xpath: //*[@aria-labelledby="password-label"]|//*[@id="password"]' in '100' second(s)

14-02-2025T09:40:22 - [MESSAGE][INFO] - Clearing text of object 'Object Repository/ANEF_Eloignement_V_Nawres/Page_ANEF_Connexion/Input_PasswordAgent'

14-02-2025T09:40:23 - [MESSAGE][INFO] - Finding web element from Test Object's properties

14-02-2025T09:40:23 - [MESSAGE][INFO] - Checking timeout

14-02-2025T09:40:23 - [MESSAGE][INFO] - Finding web element with id: 'Object Repository/ANEF_Eloignement_V_Nawres/Page_ANEF_Connexion/Input_PasswordAgent' located by 'By.xpath: //*[@aria-labelledby="password-label"]|//*[@id="password"]' in '100' second(s)

14-02-2025T09:40:23 - [MESSAGE][INFO] - Found 1 web elements with id: 'Object Repository/ANEF_Eloignement_V_Nawres/Page_ANEF_Connexion/Input_PasswordAgent' located by 'By.xpath: //*[@aria-labelledby="password-label"]|//*[@id="password"]' in '100' second(s)

14-02-2025T09:40:23 - [MESSAGE][INFO] - Setting text of object 'Object Repository/ANEF_Eloignement_V_Nawres/Page_ANEF_Connexion/Input_PasswordAgent' to value 'Natali123456!'

14-02-2025T09:40:24 - [MESSAGE][PASSED] - Text 'Natali123456!' is set on object 'Object Repository/ANEF_Eloignement_V_Nawres/Page_ANEF_Connexion/Input_PasswordAgent'

14-02-2025T09:40:24 - [TEST_STEP][PASSED] - click(findTestObject("Object Repository/ANEF_Eloignement_V_Nawres/Page_ANEF_Connexion/btn_Valider_Conx_Agent")): Object: 'Object Repository/ANEF_Eloignement_V_Nawres/Page_ANEF_Connexion/btn_Valider_Conx_Agent' is clicked on

14-02-2025T09:40:24 - [MESSAGE][INFO] - Finding Test Object 'Object Repository/ANEF_Eloignement_V_Nawres/Page_ANEF_Connexion/btn_Valider_Conx_Agent'

14-02-2025T09:40:24 - [MESSAGE][INFO] - Checking timeout

14-02-2025T09:40:24 - [MESSAGE][INFO] - Finding web element with id: 'Object Repository/ANEF_Eloignement_V_Nawres/Page_ANEF_Connexion/btn_Valider_Conx_Agent' located by 'By.xpath: //*[@label="Valider"]|//*[@id="btn-login"]' in '20' second(s)

14-02-2025T09:40:24 - [MESSAGE][INFO] - Found 1 web elements with id: 'Object Repository/ANEF_Eloignement_V_Nawres/Page_ANEF_Connexion/btn_Valider_Conx_Agent' located by 'By.xpath: //*[@label="Valider"]|//*[@id="btn-login"]' in '20' second(s)

14-02-2025T09:40:24 - [MESSAGE][INFO] - Checking object

14-02-2025T09:40:24 - [MESSAGE][INFO] - Checking timeout

14-02-2025T09:40:24 - [MESSAGE][INFO] - Finding web element from Test Object's properties

14-02-2025T09:40:24 - [MESSAGE][INFO] - Checking timeout

14-02-2025T09:40:24 - [MESSAGE][INFO] - Finding web element with id: 'Object Repository/ANEF_Eloignement_V_Nawres/Page_ANEF_Connexion/btn_Valider_Conx_Agent' located by 'By.xpath: //*[@label="Valider"]|//*[@id="btn-login"]' in '100' second(s)

14-02-2025T09:40:24 - [MESSAGE][INFO] - Found 1 web elements with id: 'Object Repository/ANEF_Eloignement_V_Nawres/Page_ANEF_Connexion/btn_Valider_Conx_Agent' located by 'By.xpath: //*[@label="Valider"]|//*[@id="btn-login"]' in '100' second(s)

14-02-2025T09:40:24 - [MESSAGE][INFO] - Clicking on object: 'Object Repository/ANEF_Eloignement_V_Nawres/Page_ANEF_Connexion/btn_Valider_Conx_Agent'

14-02-2025T09:40:25 - [MESSAGE][PASSED] - Object: 'Object Repository/ANEF_Eloignement_V_Nawres/Page_ANEF_Connexion/btn_Valider_Conx_Agent' is clicked on

14-02-2025T09:40:25 - [TEST_STEP][PASSED] - delay(5): Delayed 5 second(s)

14-02-2025T09:40:25 - [MESSAGE][INFO] - Delaying browser in 5 second(s)

14-02-2025T09:40:30 - [MESSAGE][PASSED] - Delayed 5 second(s)

14-02-2025T09:40:30 - [TEST_STEP][PASSED] - verifyElementPresent(findTestObject("Object Repository/ANEF_Eloignement_V_Nawres/Page_Accueil_Principale/btn_ANEF_Eloignement"), 1, STOP_ON_FAILURE): Object 'Object Repository/ANEF_Eloignement_V_Nawres/Page_Accueil_Principale/btn_ANEF_Eloignement' is present

14-02-2025T09:40:30 - [MESSAGE][INFO] - Finding Test Object 'Object Repository/ANEF_Eloignement_V_Nawres/Page_Accueil_Principale/btn_ANEF_Eloignement'

14-02-2025T09:40:30 - [MESSAGE][INFO] - Checking object

14-02-2025T09:40:30 - [MESSAGE][INFO] - Finding web element from Test Object's properties

14-02-2025T09:40:30 - [MESSAGE][INFO] - Checking timeout

14-02-2025T09:40:30 - [MESSAGE][INFO] - Finding web element with id: 'Object Repository/ANEF_Eloignement_V_Nawres/Page_Accueil_Principale/btn_ANEF_Eloignement' located by 'By.xpath: //span[contains(text()," ANEF Ã©loignement ")]' in '1' second(s)

14-02-2025T09:40:30 - [MESSAGE][INFO] - Found 1 web elements with id: 'Object Repository/ANEF_Eloignement_V_Nawres/Page_Accueil_Principale/btn_ANEF_Eloignement' located by 'By.xpath: //span[contains(text()," ANEF Ã©loignement ")]' in '1' second(s)

14-02-2025T09:40:30 - [MESSAGE][PASSED] - Object 'Object Repository/ANEF_Eloignement_V_Nawres/Page_Accueil_Principale/btn_ANEF_Eloignement' is present

14-02-2025T09:40:30 - [MESSAGE][PASSED] - Call Test Case 'Test Cases/Test Reutilisable/Main/ANEF_Eloignement_V_Nawres/ANEF_Identification' successfully

14-02-2025T09:40:30 - [TEST_STEP][PASSED] - callTestCase(findTestCase("Test Cases/Test Reutilisable/Main/ANEF_Eloignement_V_Nawres/ANEF_Creation_ou_Recherche_Dossier"), ["CreationOuRecherche":CreationOuRecherche, "NumeroEtranger":NumeroEtranger], STOP_ON_FAILURE): Call Test Case 'Test Cases/Test Reutilisable/Main/ANEF_Eloignement_V_Nawres/ANEF_Creation_ou_Recherche_Dossier' successfully

14-02-2025T09:40:30 - [MESSAGE][INFO] - Checking called Test Case

14-02-2025T09:40:30 - [MESSAGE][INFO] - Starting to call Test Case 'Test Cases/Test Reutilisable/Main/ANEF_Eloignement_V_Nawres/ANEF_Creation_ou_Recherche_Dossier'

14-02-2025T09:40:30 - [TEST_CASE][PASSED] - Test Cases/Test Reutilisable/Main/ANEF_Eloignement_V_Nawres/ANEF_Creation_ou_Recherche_Dossier: Test Cases/Test Reutilisable/Main/ANEF_Eloignement_V_Nawres/ANEF_Creation_ou_Recherche_Dossier

14-02-2025T09:40:30 - [TEST_STEP][PASSED] - click(findTestObject("Object Repository/ANEF_Eloignement_V_Nawres/Page_Accueil_Principale/btn_ANEF_Eloignement")): Object: 'Object Repository/ANEF_Eloignement_V_Nawres/Page_Accueil_Principale/btn_ANEF_Eloignement' is clicked on

14-02-2025T09:40:30 - [MESSAGE][INFO] - Finding Test Object 'Object Repository/ANEF_Eloignement_V_Nawres/Page_Accueil_Principale/btn_ANEF_Eloignement'

14-02-2025T09:40:30 - [MESSAGE][INFO] - Checking timeout

14-02-2025T09:40:30 - [MESSAGE][INFO] - Finding web element with id: 'Object Repository/ANEF_Eloignement_V_Nawres/Page_Accueil_Principale/btn_ANEF_Eloignement' located by 'By.xpath: //span[contains(text()," ANEF Ã©loignement ")]' in '20' second(s)

14-02-2025T09:40:30 - [MESSAGE][INFO] - Found 1 web elements with id: 'Object Repository/ANEF_Eloignement_V_Nawres/Page_Accueil_Principale/btn_ANEF_Eloignement' located by 'By.xpath: //span[contains(text()," ANEF Ã©loignement ")]' in '20' second(s)

14-02-2025T09:40:30 - [MESSAGE][INFO] - Checking object

14-02-2025T09:40:30 - [MESSAGE][INFO] - Checking timeout

14-02-2025T09:40:30 - [MESSAGE][INFO] - Finding web element from Test Object's properties

14-02-2025T09:40:30 - [MESSAGE][INFO] - Checking timeout

14-02-2025T09:40:30 - [MESSAGE][INFO] - Finding web element with id: 'Object Repository/ANEF_Eloignement_V_Nawres/Page_Accueil_Principale/btn_ANEF_Eloignement' located by 'By.xpath: //span[contains(text()," ANEF Ã©loignement ")]' in '100' second(s)

14-02-2025T09:40:30 - [MESSAGE][INFO] - Found 1 web elements with id: 'Object Repository/ANEF_Eloignement_V_Nawres/Page_Accueil_Principale/btn_ANEF_Eloignement' located by 'By.xpath: //span[contains(text()," ANEF Ã©loignement ")]' in '100' second(s)

14-02-2025T09:40:30 - [MESSAGE][INFO] - Clicking on object: 'Object Repository/ANEF_Eloignement_V_Nawres/Page_Accueil_Principale/btn_ANEF_Eloignement'

14-02-2025T09:40:34 - [MESSAGE][PASSED] - Object: 'Object Repository/ANEF_Eloignement_V_Nawres/Page_Accueil_Principale/btn_ANEF_Eloignement' is clicked on

14-02-2025T09:40:34 - [TEST_STEP][PASSED] - verifyElementPresent(findTestObject("Object Repository/ANEF_Eloignement_V_Nawres/Page_Creation_ou_Recherche_Dossier/btn_Rechercher_Dossier"), 1, STOP_ON_FAILURE): Object 'Object Repository/ANEF_Eloignement_V_Nawres/Page_Creation_ou_Recherche_Dossier/btn_Rechercher_Dossier' is present

14-02-2025T09:40:34 - [MESSAGE][INFO] - Finding Test Object 'Object Repository/ANEF_Eloignement_V_Nawres/Page_Creation_ou_Recherche_Dossier/btn_Rechercher_Dossier'

14-02-2025T09:40:34 - [MESSAGE][INFO] - Checking object

14-02-2025T09:40:34 - [MESSAGE][INFO] - Finding web element from Test Object's properties

14-02-2025T09:40:34 - [MESSAGE][INFO] - Checking timeout

14-02-2025T09:40:34 - [MESSAGE][INFO] - Finding web element with id: 'Object Repository/ANEF_Eloignement_V_Nawres/Page_Creation_ou_Recherche_Dossier/btn_Rechercher_Dossier' located by 'By.xpath: //button[@title="Rechercher un dossier"]' in '1' second(s)

14-02-2025T09:40:34 - [MESSAGE][INFO] - Found 1 web elements with id: 'Object Repository/ANEF_Eloignement_V_Nawres/Page_Creation_ou_Recherche_Dossier/btn_Rechercher_Dossier' located by 'By.xpath: //button[@title="Rechercher un dossier"]' in '1' second(s)

14-02-2025T09:40:34 - [MESSAGE][PASSED] - Object 'Object Repository/ANEF_Eloignement_V_Nawres/Page_Creation_ou_Recherche_Dossier/btn_Rechercher_Dossier' is present

14-02-2025T09:40:34 - [TEST_STEP][PASSED] - delay(5): Delayed 5 second(s)

14-02-2025T09:40:34 - [MESSAGE][INFO] - Delaying browser in 5 second(s)

14-02-2025T09:40:39 - [MESSAGE][PASSED] - Delayed 5 second(s)

14-02-2025T09:40:39 - [TEST_STEP][PASSED] - click(findTestObject("Object Repository/ANEF_Eloignement_V_Nawres/Page_Creation_ou_Recherche_Dossier/btn_Rechercher_Dossier")): Object: 'Object Repository/ANEF_Eloignement_V_Nawres/Page_Creation_ou_Recherche_Dossier/btn_Rechercher_Dossier' is clicked on

14-02-2025T09:40:39 - [MESSAGE][INFO] - Finding Test Object 'Object Repository/ANEF_Eloignement_V_Nawres/Page_Creation_ou_Recherche_Dossier/btn_Rechercher_Dossier'

14-02-2025T09:40:39 - [MESSAGE][INFO] - Checking timeout

14-02-2025T09:40:39 - [MESSAGE][INFO] - Finding web element with id: 'Object Repository/ANEF_Eloignement_V_Nawres/Page_Creation_ou_Recherche_Dossier/btn_Rechercher_Dossier' located by 'By.xpath: //button[@title="Rechercher un dossier"]' in '20' second(s)

14-02-2025T09:40:39 - [MESSAGE][INFO] - Found 1 web elements with id: 'Object Repository/ANEF_Eloignement_V_Nawres/Page_Creation_ou_Recherche_Dossier/btn_Rechercher_Dossier' located by 'By.xpath: //button[@title="Rechercher un dossier"]' in '20' second(s)

14-02-2025T09:40:39 - [MESSAGE][INFO] - Checking object

14-02-2025T09:40:39 - [MESSAGE][INFO] - Checking timeout

14-02-2025T09:40:39 - [MESSAGE][INFO] - Finding web element from Test Object's properties

14-02-2025T09:40:39 - [MESSAGE][INFO] - Checking timeout

14-02-2025T09:40:39 - [MESSAGE][INFO] - Finding web element with id: 'Object Repository/ANEF_Eloignement_V_Nawres/Page_Creation_ou_Recherche_Dossier/btn_Rechercher_Dossier' located by 'By.xpath: //button[@title="Rechercher un dossier"]' in '100' second(s)

14-02-2025T09:40:39 - [MESSAGE][INFO] - Found 1 web elements with id: 'Object Repository/ANEF_Eloignement_V_Nawres/Page_Creation_ou_Recherche_Dossier/btn_Rechercher_Dossier' located by 'By.xpath: //button[@title="Rechercher un dossier"]' in '100' second(s)

14-02-2025T09:40:39 - [MESSAGE][INFO] - Clicking on object: 'Object Repository/ANEF_Eloignement_V_Nawres/Page_Creation_ou_Recherche_Dossier/btn_Rechercher_Dossier'

14-02-2025T09:40:40 - [MESSAGE][PASSED] - Object: 'Object Repository/ANEF_Eloignement_V_Nawres/Page_Creation_ou_Recherche_Dossier/btn_Rechercher_Dossier' is clicked on

14-02-2025T09:40:40 - [TEST_STEP][PASSED] - if (CreationOuRecherche == "Creation"): null

14-02-2025T09:40:40 - [TEST_STEP][PASSED] - if (CreationOuRecherche == "Recherche"): Object: 'Object Repository/ANEF_Eloignement_V_Nawres/Page_Creation_ou_Recherche_Dossier/btn_Choisir_Dossier_Etranger' is clicked on

14-02-2025T09:40:40 - [TEST_STEP][PASSED] - setText(findTestObject("Object Repository/ANEF_Eloignement_V_Nawres/Page_Creation_ou_Recherche_Dossier/Input_Numero_etranger"), NumeroEtranger, STOP_ON_FAILURE): Text '7503181980' is set on object 'Object Repository/ANEF_Eloignement_V_Nawres/Page_Creation_ou_Recherche_Dossier/Input_Numero_etranger'

14-02-2025T09:40:40 - [MESSAGE][INFO] - Finding Test Object 'Object Repository/ANEF_Eloignement_V_Nawres/Page_Creation_ou_Recherche_Dossier/Input_Numero_etranger'

14-02-2025T09:40:40 - [MESSAGE][INFO] - Checking timeout

14-02-2025T09:40:40 - [MESSAGE][INFO] - Finding web element with id: 'Object Repository/ANEF_Eloignement_V_Nawres/Page_Creation_ou_Recherche_Dossier/Input_Numero_etranger' located by 'By.xpath: //app-identite-declaree-search-box//div/app-dsfr-input/div/input[@id="identifiant_agdref"]|//app-search-box//div/app-dsfr-input/div/input[@id="identifiant_agdref"]' in '20' second(s)

14-02-2025T09:40:40 - [MESSAGE][INFO] - Found 1 web elements with id: 'Object Repository/ANEF_Eloignement_V_Nawres/Page_Creation_ou_Recherche_Dossier/Input_Numero_etranger' located by 'By.xpath: //app-identite-declaree-search-box//div/app-dsfr-input/div/input[@id="identifiant_agdref"]|//app-search-box//div/app-dsfr-input/div/input[@id="identifiant_agdref"]' in '20' second(s)

14-02-2025T09:40:40 - [MESSAGE][INFO] - Checking object

14-02-2025T09:40:40 - [MESSAGE][INFO] - Checking text

14-02-2025T09:40:40 - [MESSAGE][INFO] - Finding web element from Test Object's properties

14-02-2025T09:40:40 - [MESSAGE][INFO] - Checking timeout

14-02-2025T09:40:40 - [MESSAGE][INFO] - Finding web element with id: 'Object Repository/ANEF_Eloignement_V_Nawres/Page_Creation_ou_Recherche_Dossier/Input_Numero_etranger' located by 'By.xpath: //app-identite-declaree-search-box//div/app-dsfr-input/div/input[@id="identifiant_agdref"]|//app-search-box//div/app-dsfr-input/div/input[@id="identifiant_agdref"]' in '100' second(s)

14-02-2025T09:40:40 - [MESSAGE][INFO] - Found 1 web elements with id: 'Object Repository/ANEF_Eloignement_V_Nawres/Page_Creation_ou_Recherche_Dossier/Input_Numero_etranger' located by 'By.xpath: //app-identite-declaree-search-box//div/app-dsfr-input/div/input[@id="identifiant_agdref"]|//app-search-box//div/app-dsfr-input/div/input[@id="identifiant_agdref"]' in '100' second(s)

14-02-2025T09:40:40 - [MESSAGE][INFO] - Clearing text of object 'Object Repository/ANEF_Eloignement_V_Nawres/Page_Creation_ou_Recherche_Dossier/Input_Numero_etranger'

14-02-2025T09:40:41 - [MESSAGE][INFO] - Finding web element from Test Object's properties

14-02-2025T09:40:41 - [MESSAGE][INFO] - Checking timeout

14-02-2025T09:40:41 - [MESSAGE][INFO] - Finding web element with id: 'Object Repository/ANEF_Eloignement_V_Nawres/Page_Creation_ou_Recherche_Dossier/Input_Numero_etranger' located by 'By.xpath: //app-identite-declaree-search-box//div/app-dsfr-input/div/input[@id="identifiant_agdref"]|//app-search-box//div/app-dsfr-input/div/input[@id="identifiant_agdref"]' in '100' second(s)

14-02-2025T09:40:41 - [MESSAGE][INFO] - Found 1 web elements with id: 'Object Repository/ANEF_Eloignement_V_Nawres/Page_Creation_ou_Recherche_Dossier/Input_Numero_etranger' located by 'By.xpath: //app-identite-declaree-search-box//div/app-dsfr-input/div/input[@id="identifiant_agdref"]|//app-search-box//div/app-dsfr-input/div/input[@id="identifiant_agdref"]' in '100' second(s)

14-02-2025T09:40:41 - [MESSAGE][INFO] - Setting text of object 'Object Repository/ANEF_Eloignement_V_Nawres/Page_Creation_ou_Recherche_Dossier/Input_Numero_etranger' to value '7503181980'

14-02-2025T09:40:42 - [MESSAGE][PASSED] - Text '7503181980' is set on object 'Object Repository/ANEF_Eloignement_V_Nawres/Page_Creation_ou_Recherche_Dossier/Input_Numero_etranger'

14-02-2025T09:40:42 - [TEST_STEP][PASSED] - click(findTestObject("Object Repository/ANEF_Eloignement_V_Nawres/Page_Creation_ou_Recherche_Dossier/Input_Numero_etranger"), STOP_ON_FAILURE): Object: 'Object Repository/ANEF_Eloignement_V_Nawres/Page_Creation_ou_Recherche_Dossier/Input_Numero_etranger' is clicked on

14-02-2025T09:40:42 - [MESSAGE][INFO] - Finding Test Object 'Object Repository/ANEF_Eloignement_V_Nawres/Page_Creation_ou_Recherche_Dossier/Input_Numero_etranger'

14-02-2025T09:40:42 - [MESSAGE][INFO] - Checking timeout

14-02-2025T09:40:42 - [MESSAGE][INFO] - Finding web element with id: 'Object Repository/ANEF_Eloignement_V_Nawres/Page_Creation_ou_Recherche_Dossier/Input_Numero_etranger' located by 'By.xpath: //app-identite-declaree-search-box//div/app-dsfr-input/div/input[@id="identifiant_agdref"]|//app-search-box//div/app-dsfr-input/div/input[@id="identifiant_agdref"]' in '20' second(s)

14-02-2025T09:40:42 - [MESSAGE][INFO] - Found 1 web elements with id: 'Object Repository/ANEF_Eloignement_V_Nawres/Page_Creation_ou_Recherche_Dossier/Input_Numero_etranger' located by 'By.xpath: //app-identite-declaree-search-box//div/app-dsfr-input/div/input[@id="identifiant_agdref"]|//app-search-box//div/app-dsfr-input/div/input[@id="identifiant_agdref"]' in '20' second(s)

14-02-2025T09:40:42 - [MESSAGE][INFO] - Checking object

14-02-2025T09:40:42 - [MESSAGE][INFO] - Checking timeout

14-02-2025T09:40:42 - [MESSAGE][INFO] - Finding web element from Test Object's properties

14-02-2025T09:40:42 - [MESSAGE][INFO] - Checking timeout

14-02-2025T09:40:42 - [MESSAGE][INFO] - Finding web element with id: 'Object Repository/ANEF_Eloignement_V_Nawres/Page_Creation_ou_Recherche_Dossier/Input_Numero_etranger' located by 'By.xpath: //app-identite-declaree-search-box//div/app-dsfr-input/div/input[@id="identifiant_agdref"]|//app-search-box//div/app-dsfr-input/div/input[@id="identifiant_agdref"]' in '100' second(s)

14-02-2025T09:40:42 - [MESSAGE][INFO] - Found 1 web elements with id: 'Object Repository/ANEF_Eloignement_V_Nawres/Page_Creation_ou_Recherche_Dossier/Input_Numero_etranger' located by 'By.xpath: //app-identite-declaree-search-box//div/app-dsfr-input/div/input[@id="identifiant_agdref"]|//app-search-box//div/app-dsfr-input/div/input[@id="identifiant_agdref"]' in '100' second(s)

14-02-2025T09:40:42 - [MESSAGE][INFO] - Clicking on object: 'Object Repository/ANEF_Eloignement_V_Nawres/Page_Creation_ou_Recherche_Dossier/Input_Numero_etranger'

14-02-2025T09:40:43 - [MESSAGE][PASSED] - Object: 'Object Repository/ANEF_Eloignement_V_Nawres/Page_Creation_ou_Recherche_Dossier/Input_Numero_etranger' is clicked on

14-02-2025T09:40:43 - [TEST_STEP][PASSED] - scrollToElement(findTestObject("Object Repository/ANEF_Eloignement_V_Nawres/Page_Creation_ou_Recherche_Dossier/btn_Lancer_La_Recherche"), 5, STOP_ON_FAILURE): Scroll to object 'Object Repository/ANEF_Eloignement_V_Nawres/Page_Creation_ou_Recherche_Dossier/btn_Lancer_La_Recherche' successfully

14-02-2025T09:40:43 - [MESSAGE][INFO] - Finding Test Object 'Object Repository/ANEF_Eloignement_V_Nawres/Page_Creation_ou_Recherche_Dossier/btn_Lancer_La_Recherche'

14-02-2025T09:40:43 - [MESSAGE][INFO] - Checking object

14-02-2025T09:40:43 - [MESSAGE][INFO] - Checking timeout

14-02-2025T09:40:43 - [MESSAGE][INFO] - Finding web element from Test Object's properties

14-02-2025T09:40:43 - [MESSAGE][INFO] - Checking timeout

14-02-2025T09:40:43 - [MESSAGE][INFO] - Finding web element with id: 'Object Repository/ANEF_Eloignement_V_Nawres/Page_Creation_ou_Recherche_Dossier/btn_Lancer_La_Recherche' located by 'By.xpath: //button[contains(text(),"Lancer la recherche ")]' in '100' second(s)

14-02-2025T09:40:43 - [MESSAGE][INFO] - Found 1 web elements with id: 'Object Repository/ANEF_Eloignement_V_Nawres/Page_Creation_ou_Recherche_Dossier/btn_Lancer_La_Recherche' located by 'By.xpath: //button[contains(text(),"Lancer la recherche ")]' in '100' second(s)

14-02-2025T09:40:43 - [MESSAGE][INFO] - Scrolling to object 'Object Repository/ANEF_Eloignement_V_Nawres/Page_Creation_ou_Recherche_Dossier/btn_Lancer_La_Recherche'

14-02-2025T09:40:43 - [MESSAGE][PASSED] - Scroll to object 'Object Repository/ANEF_Eloignement_V_Nawres/Page_Creation_ou_Recherche_Dossier/btn_Lancer_La_Recherche' successfully

14-02-2025T09:40:43 - [TEST_STEP][PASSED] - click(findTestObject("Object Repository/ANEF_Eloignement_V_Nawres/Page_Creation_ou_Recherche_Dossier/btn_Lancer_La_Recherche"), STOP_ON_FAILURE): Object: 'Object Repository/ANEF_Eloignement_V_Nawres/Page_Creation_ou_Recherche_Dossier/btn_Lancer_La_Recherche' is clicked on

14-02-2025T09:40:43 - [MESSAGE][INFO] - Finding Test Object 'Object Repository/ANEF_Eloignement_V_Nawres/Page_Creation_ou_Recherche_Dossier/btn_Lancer_La_Recherche'

14-02-2025T09:40:43 - [MESSAGE][INFO] - Checking timeout

14-02-2025T09:40:43 - [MESSAGE][INFO] - Finding web element with id: 'Object Repository/ANEF_Eloignement_V_Nawres/Page_Creation_ou_Recherche_Dossier/btn_Lancer_La_Recherche' located by 'By.xpath: //button[contains(text(),"Lancer la recherche ")]' in '20' second(s)

14-02-2025T09:40:43 - [MESSAGE][INFO] - Found 1 web elements with id: 'Object Repository/ANEF_Eloignement_V_Nawres/Page_Creation_ou_Recherche_Dossier/btn_Lancer_La_Recherche' located by 'By.xpath: //button[contains(text(),"Lancer la recherche ")]' in '20' second(s)

14-02-2025T09:40:43 - [MESSAGE][INFO] - Checking object

14-02-2025T09:40:43 - [MESSAGE][INFO] - Checking timeout

14-02-2025T09:40:43 - [MESSAGE][INFO] - Finding web element from Test Object's properties

14-02-2025T09:40:43 - [MESSAGE][INFO] - Checking timeout

14-02-2025T09:40:43 - [MESSAGE][INFO] - Finding web element with id: 'Object Repository/ANEF_Eloignement_V_Nawres/Page_Creation_ou_Recherche_Dossier/btn_Lancer_La_Recherche' located by 'By.xpath: //button[contains(text(),"Lancer la recherche ")]' in '100' second(s)

14-02-2025T09:40:43 - [MESSAGE][INFO] - Found 1 web elements with id: 'Object Repository/ANEF_Eloignement_V_Nawres/Page_Creation_ou_Recherche_Dossier/btn_Lancer_La_Recherche' located by 'By.xpath: //button[contains(text(),"Lancer la recherche ")]' in '100' second(s)

14-02-2025T09:40:43 - [MESSAGE][INFO] - Clicking on object: 'Object Repository/ANEF_Eloignement_V_Nawres/Page_Creation_ou_Recherche_Dossier/btn_Lancer_La_Recherche'

14-02-2025T09:40:45 - [MESSAGE][PASSED] - Object: 'Object Repository/ANEF_Eloignement_V_Nawres/Page_Creation_ou_Recherche_Dossier/btn_Lancer_La_Recherche' is clicked on

14-02-2025T09:40:45 - [TEST_STEP][PASSED] - delay(5): Delayed 5 second(s)

14-02-2025T09:40:45 - [MESSAGE][INFO] - Delaying browser in 5 second(s)

14-02-2025T09:40:50 - [MESSAGE][PASSED] - Delayed 5 second(s)

14-02-2025T09:40:50 - [TEST_STEP][PASSED] - scrollToElement(findTestObject("Object Repository/ANEF_Eloignement_V_Nawres/Page_Creation_ou_Recherche_Dossier/btn_Radio_Selectionner_Dossier"), 5, STOP_ON_FAILURE): Scroll to object 'Object Repository/ANEF_Eloignement_V_Nawres/Page_Creation_ou_Recherche_Dossier/btn_Radio_Selectionner_Dossier' successfully

14-02-2025T09:40:50 - [MESSAGE][INFO] - Finding Test Object 'Object Repository/ANEF_Eloignement_V_Nawres/Page_Creation_ou_Recherche_Dossier/btn_Radio_Selectionner_Dossier'

14-02-2025T09:40:50 - [MESSAGE][INFO] - Checking object

14-02-2025T09:40:50 - [MESSAGE][INFO] - Checking timeout

14-02-2025T09:40:50 - [MESSAGE][INFO] - Finding web element from Test Object's properties

14-02-2025T09:40:50 - [MESSAGE][INFO] - Checking timeout

14-02-2025T09:40:50 - [MESSAGE][INFO] - Finding web element with id: 'Object Repository/ANEF_Eloignement_V_Nawres/Page_Creation_ou_Recherche_Dossier/btn_Radio_Selectionner_Dossier' located by 'By.xpath: //app-search-etranger/app-search-result-etranger//table/tbody/tr//label' in '100' second(s)

14-02-2025T09:40:50 - [MESSAGE][INFO] - Found 1 web elements with id: 'Object Repository/ANEF_Eloignement_V_Nawres/Page_Creation_ou_Recherche_Dossier/btn_Radio_Selectionner_Dossier' located by 'By.xpath: //app-search-etranger/app-search-result-etranger//table/tbody/tr//label' in '100' second(s)

14-02-2025T09:40:50 - [MESSAGE][INFO] - Scrolling to object 'Object Repository/ANEF_Eloignement_V_Nawres/Page_Creation_ou_Recherche_Dossier/btn_Radio_Selectionner_Dossier'

14-02-2025T09:40:50 - [MESSAGE][PASSED] - Scroll to object 'Object Repository/ANEF_Eloignement_V_Nawres/Page_Creation_ou_Recherche_Dossier/btn_Radio_Selectionner_Dossier' successfully

14-02-2025T09:40:50 - [TEST_STEP][PASSED] - click(findTestObject("Object Repository/ANEF_Eloignement_V_Nawres/Page_Creation_ou_Recherche_Dossier/btn_Radio_Selectionner_Dossier"), STOP_ON_FAILURE): Object: 'Object Repository/ANEF_Eloignement_V_Nawres/Page_Creation_ou_Recherche_Dossier/btn_Radio_Selectionner_Dossier' is clicked on

14-02-2025T09:40:50 - [MESSAGE][INFO] - Finding Test Object 'Object Repository/ANEF_Eloignement_V_Nawres/Page_Creation_ou_Recherche_Dossier/btn_Radio_Selectionner_Dossier'

14-02-2025T09:40:50 - [MESSAGE][INFO] - Checking timeout

14-02-2025T09:40:50 - [MESSAGE][INFO] - Finding web element with id: 'Object Repository/ANEF_Eloignement_V_Nawres/Page_Creation_ou_Recherche_Dossier/btn_Radio_Selectionner_Dossier' located by 'By.xpath: //app-search-etranger/app-search-result-etranger//table/tbody/tr//label' in '20' second(s)

14-02-2025T09:40:50 - [MESSAGE][INFO] - Found 1 web elements with id: 'Object Repository/ANEF_Eloignement_V_Nawres/Page_Creation_ou_Recherche_Dossier/btn_Radio_Selectionner_Dossier' located by 'By.xpath: //app-search-etranger/app-search-result-etranger//table/tbody/tr//label' in '20' second(s)

14-02-2025T09:40:50 - [MESSAGE][INFO] - Checking object

14-02-2025T09:40:50 - [MESSAGE][INFO] - Checking timeout

14-02-2025T09:40:50 - [MESSAGE][INFO] - Finding web element from Test Object's properties

14-02-2025T09:40:50 - [MESSAGE][INFO] - Checking timeout

14-02-2025T09:40:50 - [MESSAGE][INFO] - Finding web element with id: 'Object Repository/ANEF_Eloignement_V_Nawres/Page_Creation_ou_Recherche_Dossier/btn_Radio_Selectionner_Dossier' located by 'By.xpath: //app-search-etranger/app-search-result-etranger//table/tbody/tr//label' in '100' second(s)

14-02-2025T09:40:50 - [MESSAGE][INFO] - Found 1 web elements with id: 'Object Repository/ANEF_Eloignement_V_Nawres/Page_Creation_ou_Recherche_Dossier/btn_Radio_Selectionner_Dossier' located by 'By.xpath: //app-search-etranger/app-search-result-etranger//table/tbody/tr//label' in '100' second(s)

14-02-2025T09:40:50 - [MESSAGE][INFO] - Clicking on object: 'Object Repository/ANEF_Eloignement_V_Nawres/Page_Creation_ou_Recherche_Dossier/btn_Radio_Selectionner_Dossier'

14-02-2025T09:40:51 - [MESSAGE][PASSED] - Object: 'Object Repository/ANEF_Eloignement_V_Nawres/Page_Creation_ou_Recherche_Dossier/btn_Radio_Selectionner_Dossier' is clicked on

14-02-2025T09:40:51 - [TEST_STEP][PASSED] - click(findTestObject("Object Repository/ANEF_Eloignement_V_Nawres/Page_Creation_ou_Recherche_Dossier/btn_Choisir_Dossier_Etranger"), STOP_ON_FAILURE): Object: 'Object Repository/ANEF_Eloignement_V_Nawres/Page_Creation_ou_Recherche_Dossier/btn_Choisir_Dossier_Etranger' is clicked on

14-02-2025T09:40:51 - [MESSAGE][INFO] - Finding Test Object 'Object Repository/ANEF_Eloignement_V_Nawres/Page_Creation_ou_Recherche_Dossier/btn_Choisir_Dossier_Etranger'

14-02-2025T09:40:51 - [MESSAGE][INFO] - Checking timeout

14-02-2025T09:40:51 - [MESSAGE][INFO] - Finding web element with id: 'Object Repository/ANEF_Eloignement_V_Nawres/Page_Creation_ou_Recherche_Dossier/btn_Choisir_Dossier_Etranger' located by 'By.xpath: //button[contains(text(),"Choisir un dossier Ã©tranger")]' in '20' second(s)

14-02-2025T09:40:51 - [MESSAGE][INFO] - Found 1 web elements with id: 'Object Repository/ANEF_Eloignement_V_Nawres/Page_Creation_ou_Recherche_Dossier/btn_Choisir_Dossier_Etranger' located by 'By.xpath: //button[contains(text(),"Choisir un dossier Ã©tranger")]' in '20' second(s)

14-02-2025T09:40:51 - [MESSAGE][INFO] - Checking object

14-02-2025T09:40:51 - [MESSAGE][INFO] - Checking timeout

14-02-2025T09:40:51 - [MESSAGE][INFO] - Finding web element from Test Object's properties

14-02-2025T09:40:51 - [MESSAGE][INFO] - Checking timeout

14-02-2025T09:40:51 - [MESSAGE][INFO] - Finding web element with id: 'Object Repository/ANEF_Eloignement_V_Nawres/Page_Creation_ou_Recherche_Dossier/btn_Choisir_Dossier_Etranger' located by 'By.xpath: //button[contains(text(),"Choisir un dossier Ã©tranger")]' in '100' second(s)

14-02-2025T09:40:51 - [MESSAGE][INFO] - Found 1 web elements with id: 'Object Repository/ANEF_Eloignement_V_Nawres/Page_Creation_ou_Recherche_Dossier/btn_Choisir_Dossier_Etranger' located by 'By.xpath: //button[contains(text(),"Choisir un dossier Ã©tranger")]' in '100' second(s)

14-02-2025T09:40:51 - [MESSAGE][INFO] - Clicking on object: 'Object Repository/ANEF_Eloignement_V_Nawres/Page_Creation_ou_Recherche_Dossier/btn_Choisir_Dossier_Etranger'

14-02-2025T09:40:52 - [MESSAGE][PASSED] - Object: 'Object Repository/ANEF_Eloignement_V_Nawres/Page_Creation_ou_Recherche_Dossier/btn_Choisir_Dossier_Etranger' is clicked on

14-02-2025T09:40:52 - [MESSAGE][PASSED] - Call Test Case 'Test Cases/Test Reutilisable/Main/ANEF_Eloignement_V_Nawres/ANEF_Creation_ou_Recherche_Dossier' successfully

14-02-2025T09:40:52 - [TEST_STEP][PASSED] - if (CreationOuRecherche == "Creation"): null

14-02-2025T09:40:52 - [TEST_STEP][PASSED] - println(NumeroEtranger): null

14-02-2025T09:40:52 - [TEST_STEP][PASSED] - callTestCase(findTestCase("Test Cases/Test Reutilisable/Main/ANEF_Eloignement_V_Nawres/ANEF_Prendre_Mesure"), ["Mesure":Mesure, "FondementLegal":FondementLegal, "NatureDeLacteExpulsion":NatureDeLacteExpulsion, "NatureDeLacteExpulsion":NatureDeLacteExpulsion, ... ], STOP_ON_FAILURE): Call Test Case 'Test Cases/Test Reutilisable/Main/ANEF_Eloignement_V_Nawres/ANEF_Prendre_Mesure' successfully

14-02-2025T09:40:52 - [MESSAGE][INFO] - Checking called Test Case

14-02-2025T09:40:52 - [MESSAGE][INFO] - Starting to call Test Case 'Test Cases/Test Reutilisable/Main/ANEF_Eloignement_V_Nawres/ANEF_Prendre_Mesure'

14-02-2025T09:40:52 - [TEST_CASE][PASSED] - Test Cases/Test Reutilisable/Main/ANEF_Eloignement_V_Nawres/ANEF_Prendre_Mesure: Test Cases/Test Reutilisable/Main/ANEF_Eloignement_V_Nawres/ANEF_Prendre_Mesure

14-02-2025T09:40:52 - [TEST_STEP][PASSED] - click(findTestObject("Object Repository/ANEF_Eloignement_V_Nawres/Page_Prendre_Mesure/btn_Prendre_Mesure"), STOP_ON_FAILURE): Object: 'Object Repository/ANEF_Eloignement_V_Nawres/Page_Prendre_Mesure/btn_Prendre_Mesure' is clicked on

14-02-2025T09:40:52 - [MESSAGE][INFO] - Finding Test Object 'Object Repository/ANEF_Eloignement_V_Nawres/Page_Prendre_Mesure/btn_Prendre_Mesure'

14-02-2025T09:40:52 - [MESSAGE][INFO] - Checking timeout

14-02-2025T09:40:52 - [MESSAGE][INFO] - Finding web element with id: 'Object Repository/ANEF_Eloignement_V_Nawres/Page_Prendre_Mesure/btn_Prendre_Mesure' located by 'By.xpath: //button[@title="Prendre une Mesure"]' in '20' second(s)

14-02-2025T09:40:53 - [MESSAGE][INFO] - Found 1 web elements with id: 'Object Repository/ANEF_Eloignement_V_Nawres/Page_Prendre_Mesure/btn_Prendre_Mesure' located by 'By.xpath: //button[@title="Prendre une Mesure"]' in '20' second(s)

14-02-2025T09:40:53 - [MESSAGE][INFO] - Checking object

14-02-2025T09:40:53 - [MESSAGE][INFO] - Checking timeout

14-02-2025T09:40:53 - [MESSAGE][INFO] - Finding web element from Test Object's properties

14-02-2025T09:40:53 - [MESSAGE][INFO] - Checking timeout

14-02-2025T09:40:53 - [MESSAGE][INFO] - Finding web element with id: 'Object Repository/ANEF_Eloignement_V_Nawres/Page_Prendre_Mesure/btn_Prendre_Mesure' located by 'By.xpath: //button[@title="Prendre une Mesure"]' in '100' second(s)

14-02-2025T09:40:53 - [MESSAGE][INFO] - Found 1 web elements with id: 'Object Repository/ANEF_Eloignement_V_Nawres/Page_Prendre_Mesure/btn_Prendre_Mesure' located by 'By.xpath: //button[@title="Prendre une Mesure"]' in '100' second(s)

14-02-2025T09:40:53 - [MESSAGE][INFO] - Clicking on object: 'Object Repository/ANEF_Eloignement_V_Nawres/Page_Prendre_Mesure/btn_Prendre_Mesure'

14-02-2025T09:40:54 - [MESSAGE][PASSED] - Object: 'Object Repository/ANEF_Eloignement_V_Nawres/Page_Prendre_Mesure/btn_Prendre_Mesure' is clicked on

14-02-2025T09:40:54 - [TEST_STEP][PASSED] - delay(5): Delayed 5 second(s)

14-02-2025T09:40:54 - [MESSAGE][INFO] - Delaying browser in 5 second(s)

14-02-2025T09:40:59 - [MESSAGE][PASSED] - Delayed 5 second(s)

14-02-2025T09:40:59 - [TEST_STEP][PASSED] - switch (Mesure): null

14-02-2025T09:40:59 - [TEST_STEP][PASSED] - case "RemiseSchengen":: null

14-02-2025T09:40:59 - [TEST_STEP][PASSED] - selectOptionByLabel(findTestObject("Object Repository/ANEF_Eloignement_V_Nawres/Page_Prendre_Mesure/select_Type_Mesure"), "Remise Schengen", false, STOP_ON_FAILURE): All options with label 'Remise Schengen' are selected in object 'Object Repository/ANEF_Eloignement_V_Nawres/Page_Prendre_Mesure/select_Type_Mesure' 

14-02-2025T09:40:59 - [MESSAGE][INFO] - Finding Test Object 'Object Repository/ANEF_Eloignement_V_Nawres/Page_Prendre_Mesure/select_Type_Mesure'

14-02-2025T09:40:59 - [MESSAGE][INFO] - Checking timeout

14-02-2025T09:40:59 - [MESSAGE][INFO] - Finding web element with id: 'Object Repository/ANEF_Eloignement_V_Nawres/Page_Prendre_Mesure/select_Type_Mesure' located by 'By.xpath: //select[@id="typeMesure"]' in '20' second(s)

14-02-2025T09:40:59 - [MESSAGE][INFO] - Found 1 web elements with id: 'Object Repository/ANEF_Eloignement_V_Nawres/Page_Prendre_Mesure/select_Type_Mesure' located by 'By.xpath: //select[@id="typeMesure"]' in '20' second(s)

14-02-2025T09:40:59 - [MESSAGE][INFO] - Checking object

14-02-2025T09:40:59 - [MESSAGE][INFO] - Checking label parameter

14-02-2025T09:40:59 - [MESSAGE][INFO] - Finding web element from Test Object's properties

14-02-2025T09:40:59 - [MESSAGE][INFO] - Checking timeout

14-02-2025T09:40:59 - [MESSAGE][INFO] - Finding web element with id: 'Object Repository/ANEF_Eloignement_V_Nawres/Page_Prendre_Mesure/select_Type_Mesure' located by 'By.xpath: //select[@id="typeMesure"]' in '100' second(s)

14-02-2025T09:40:59 - [MESSAGE][INFO] - Found 1 web elements with id: 'Object Repository/ANEF_Eloignement_V_Nawres/Page_Prendre_Mesure/select_Type_Mesure' located by 'By.xpath: //select[@id="typeMesure"]' in '100' second(s)

14-02-2025T09:40:59 - [MESSAGE][INFO] - Selecting options on object 'Object Repository/ANEF_Eloignement_V_Nawres/Page_Prendre_Mesure/select_Type_Mesure' with label 'Remise Schengen' 

14-02-2025T09:41:00 - [MESSAGE][PASSED] - All options with label 'Remise Schengen' are selected in object 'Object Repository/ANEF_Eloignement_V_Nawres/Page_Prendre_Mesure/select_Type_Mesure' 

14-02-2025T09:41:00 - [TEST_STEP][PASSED] - click(findTestObject("Object Repository/ANEF_Eloignement_V_Nawres/Page_Prendre_Mesure/btn_Confirmer_Mesure"), STOP_ON_FAILURE): Object: 'Object Repository/ANEF_Eloignement_V_Nawres/Page_Prendre_Mesure/btn_Confirmer_Mesure' is clicked on

14-02-2025T09:41:00 - [MESSAGE][INFO] - Finding Test Object 'Object Repository/ANEF_Eloignement_V_Nawres/Page_Prendre_Mesure/btn_Confirmer_Mesure'

14-02-2025T09:41:00 - [MESSAGE][INFO] - Checking timeout

14-02-2025T09:41:00 - [MESSAGE][INFO] - Finding web element with id: 'Object Repository/ANEF_Eloignement_V_Nawres/Page_Prendre_Mesure/btn_Confirmer_Mesure' located by 'By.xpath: //button[@id="btn-confirme-decision"]' in '20' second(s)

14-02-2025T09:41:00 - [MESSAGE][INFO] - Found 1 web elements with id: 'Object Repository/ANEF_Eloignement_V_Nawres/Page_Prendre_Mesure/btn_Confirmer_Mesure' located by 'By.xpath: //button[@id="btn-confirme-decision"]' in '20' second(s)

14-02-2025T09:41:00 - [MESSAGE][INFO] - Checking object

14-02-2025T09:41:00 - [MESSAGE][INFO] - Checking timeout

14-02-2025T09:41:00 - [MESSAGE][INFO] - Finding web element from Test Object's properties

14-02-2025T09:41:00 - [MESSAGE][INFO] - Checking timeout

14-02-2025T09:41:00 - [MESSAGE][INFO] - Finding web element with id: 'Object Repository/ANEF_Eloignement_V_Nawres/Page_Prendre_Mesure/btn_Confirmer_Mesure' located by 'By.xpath: //button[@id="btn-confirme-decision"]' in '100' second(s)

14-02-2025T09:41:00 - [MESSAGE][INFO] - Found 1 web elements with id: 'Object Repository/ANEF_Eloignement_V_Nawres/Page_Prendre_Mesure/btn_Confirmer_Mesure' located by 'By.xpath: //button[@id="btn-confirme-decision"]' in '100' second(s)

14-02-2025T09:41:00 - [MESSAGE][INFO] - Clicking on object: 'Object Repository/ANEF_Eloignement_V_Nawres/Page_Prendre_Mesure/btn_Confirmer_Mesure'

14-02-2025T09:41:01 - [MESSAGE][PASSED] - Object: 'Object Repository/ANEF_Eloignement_V_Nawres/Page_Prendre_Mesure/btn_Confirmer_Mesure' is clicked on

14-02-2025T09:41:01 - [TEST_STEP][PASSED] - break: null

14-02-2025T09:41:01 - [TEST_STEP][PASSED] - callTestCase(findTestCase("Test Cases/Test Reutilisable/Main/ANEF_Eloignement_V_Nawres/ANEF_Prendre_Mesure_Formulaire"), ["Mesure":Mesure, "FondementLegal":FondementLegal, "NatureDeLacteExpulsion":NatureDeLacteExpulsion, "UrgenceAbsolueExpulsion":UrgenceAbsolueExpulsion, ... ], STOP_ON_FAILURE): Call Test Case 'Test Cases/Test Reutilisable/Main/ANEF_Eloignement_V_Nawres/ANEF_Prendre_Mesure_Formulaire' successfully

14-02-2025T09:41:01 - [MESSAGE][INFO] - Checking called Test Case

14-02-2025T09:41:01 - [MESSAGE][INFO] - Starting to call Test Case 'Test Cases/Test Reutilisable/Main/ANEF_Eloignement_V_Nawres/ANEF_Prendre_Mesure_Formulaire'

14-02-2025T09:41:02 - [TEST_CASE][PASSED] - Test Cases/Test Reutilisable/Main/ANEF_Eloignement_V_Nawres/ANEF_Prendre_Mesure_Formulaire: Test Cases/Test Reutilisable/Main/ANEF_Eloignement_V_Nawres/ANEF_Prendre_Mesure_Formulaire

14-02-2025T09:41:02 - [TEST_STEP][PASSED] - calendar = Calendar.getInstance(): null

14-02-2025T09:41:02 - [TEST_STEP][PASSED] - currentDate = calendar.getTime(): null

14-02-2025T09:41:02 - [TEST_STEP][PASSED] - sdf = new java.text.SimpleDateFormat(dd/MM/yyyy): null

14-02-2025T09:41:02 - [TEST_STEP][PASSED] - formattedDate = sdf.format(currentDate): null

14-02-2025T09:41:02 - [TEST_STEP][PASSED] - DateActuelle = formattedDate.toString(): null

14-02-2025T09:41:02 - [TEST_STEP][PASSED] - println(DateActuelle): null

14-02-2025T09:41:02 - [TEST_STEP][PASSED] - if (Mesure != "ITF"): null

14-02-2025T09:41:02 - [TEST_STEP][PASSED] - selectOptionByLabel(findTestObject("Object Repository/ANEF_Eloignement_V_Nawres/Page_Prendre_Mesure_Formulaire/select_Fondement_Legal"), FondementLegal, false, STOP_ON_FAILURE): All options with label 'L. 621-6' are selected in object 'Object Repository/ANEF_Eloignement_V_Nawres/Page_Prendre_Mesure_Formulaire/select_Fondement_Legal' 

14-02-2025T09:41:02 - [MESSAGE][INFO] - Finding Test Object 'Object Repository/ANEF_Eloignement_V_Nawres/Page_Prendre_Mesure_Formulaire/select_Fondement_Legal'

14-02-2025T09:41:02 - [MESSAGE][INFO] - Checking timeout

14-02-2025T09:41:02 - [MESSAGE][INFO] - Finding web element with id: 'Object Repository/ANEF_Eloignement_V_Nawres/Page_Prendre_Mesure_Formulaire/select_Fondement_Legal' located by 'By.xpath: //select[@id="fondement_legal"]' in '20' second(s)

14-02-2025T09:41:03 - [MESSAGE][INFO] - Found 1 web elements with id: 'Object Repository/ANEF_Eloignement_V_Nawres/Page_Prendre_Mesure_Formulaire/select_Fondement_Legal' located by 'By.xpath: //select[@id="fondement_legal"]' in '20' second(s)

14-02-2025T09:41:03 - [MESSAGE][INFO] - Checking object

14-02-2025T09:41:03 - [MESSAGE][INFO] - Checking label parameter

14-02-2025T09:41:03 - [MESSAGE][INFO] - Finding web element from Test Object's properties

14-02-2025T09:41:03 - [MESSAGE][INFO] - Checking timeout

14-02-2025T09:41:03 - [MESSAGE][INFO] - Finding web element with id: 'Object Repository/ANEF_Eloignement_V_Nawres/Page_Prendre_Mesure_Formulaire/select_Fondement_Legal' located by 'By.xpath: //select[@id="fondement_legal"]' in '100' second(s)

14-02-2025T09:41:03 - [MESSAGE][INFO] - Found 1 web elements with id: 'Object Repository/ANEF_Eloignement_V_Nawres/Page_Prendre_Mesure_Formulaire/select_Fondement_Legal' located by 'By.xpath: //select[@id="fondement_legal"]' in '100' second(s)

14-02-2025T09:41:03 - [MESSAGE][INFO] - Selecting options on object 'Object Repository/ANEF_Eloignement_V_Nawres/Page_Prendre_Mesure_Formulaire/select_Fondement_Legal' with label 'L. 621-6' 

14-02-2025T09:41:04 - [MESSAGE][PASSED] - All options with label 'L. 621-6' are selected in object 'Object Repository/ANEF_Eloignement_V_Nawres/Page_Prendre_Mesure_Formulaire/select_Fondement_Legal' 

14-02-2025T09:41:04 - [TEST_STEP][PASSED] - if (Mesure == "Expulsion"): null

14-02-2025T09:41:04 - [TEST_STEP][PASSED] - NumberUsagerRandom = tools.MyStringTools.getRandomNumber(10, 99): tools.MyStringTools.getRandomNumber is PASSED

14-02-2025T09:41:04 - [MESSAGE][PASSED] - tools.MyStringTools.getRandomNumber is PASSED

14-02-2025T09:41:04 - [TEST_STEP][PASSED] - println(NumberUsagerRandom): null

14-02-2025T09:41:04 - [TEST_STEP][PASSED] - RandomNumber = NumberUsagerRandom.toString(): null

14-02-2025T09:41:04 - [TEST_STEP][PASSED] - if (Mesure == "OQTF"): null

14-02-2025T09:41:04 - [TEST_STEP][PASSED] - if (Mesure == "RemiseSchengen"): Object: 'Object Repository/ANEF_Eloignement_V_Nawres/Page_Prendre_Mesure_Formulaire/btn_Enregistrer' is clicked on

14-02-2025T09:41:04 - [TEST_STEP][PASSED] - selectOptionByLabel(findTestObject("Object Repository/ANEF_Eloignement_V_Nawres/Page_Prendre_Mesure_Formulaire/select_Etat_Saisi_Remise_Schengen"), "ALLEMAGNE", false, STOP_ON_FAILURE): All options with label 'ALLEMAGNE' are selected in object 'Object Repository/ANEF_Eloignement_V_Nawres/Page_Prendre_Mesure_Formulaire/select_Etat_Saisi_Remise_Schengen' 

14-02-2025T09:41:04 - [MESSAGE][INFO] - Finding Test Object 'Object Repository/ANEF_Eloignement_V_Nawres/Page_Prendre_Mesure_Formulaire/select_Etat_Saisi_Remise_Schengen'

14-02-2025T09:41:04 - [MESSAGE][INFO] - Checking timeout

14-02-2025T09:41:04 - [MESSAGE][INFO] - Finding web element with id: 'Object Repository/ANEF_Eloignement_V_Nawres/Page_Prendre_Mesure_Formulaire/select_Etat_Saisi_Remise_Schengen' located by 'By.xpath: //select[@name="etat_saisi"]' in '20' second(s)

14-02-2025T09:41:04 - [MESSAGE][INFO] - Found 1 web elements with id: 'Object Repository/ANEF_Eloignement_V_Nawres/Page_Prendre_Mesure_Formulaire/select_Etat_Saisi_Remise_Schengen' located by 'By.xpath: //select[@name="etat_saisi"]' in '20' second(s)

14-02-2025T09:41:04 - [MESSAGE][INFO] - Checking object

14-02-2025T09:41:04 - [MESSAGE][INFO] - Checking label parameter

14-02-2025T09:41:04 - [MESSAGE][INFO] - Finding web element from Test Object's properties

14-02-2025T09:41:04 - [MESSAGE][INFO] - Checking timeout

14-02-2025T09:41:04 - [MESSAGE][INFO] - Finding web element with id: 'Object Repository/ANEF_Eloignement_V_Nawres/Page_Prendre_Mesure_Formulaire/select_Etat_Saisi_Remise_Schengen' located by 'By.xpath: //select[@name="etat_saisi"]' in '100' second(s)

14-02-2025T09:41:04 - [MESSAGE][INFO] - Found 1 web elements with id: 'Object Repository/ANEF_Eloignement_V_Nawres/Page_Prendre_Mesure_Formulaire/select_Etat_Saisi_Remise_Schengen' located by 'By.xpath: //select[@name="etat_saisi"]' in '100' second(s)

14-02-2025T09:41:04 - [MESSAGE][INFO] - Selecting options on object 'Object Repository/ANEF_Eloignement_V_Nawres/Page_Prendre_Mesure_Formulaire/select_Etat_Saisi_Remise_Schengen' with label 'ALLEMAGNE' 

14-02-2025T09:41:05 - [MESSAGE][PASSED] - All options with label 'ALLEMAGNE' are selected in object 'Object Repository/ANEF_Eloignement_V_Nawres/Page_Prendre_Mesure_Formulaire/select_Etat_Saisi_Remise_Schengen' 

14-02-2025T09:41:05 - [TEST_STEP][PASSED] - setText(findTestObject("Object Repository/ANEF_Eloignement_V_Nawres/Page_Prendre_Mesure_Formulaire/input_date_Saisine_Etat_Membre"), DateActuelle, STOP_ON_FAILURE): Text '14/02/2025' is set on object 'Object Repository/ANEF_Eloignement_V_Nawres/Page_Prendre_Mesure_Formulaire/input_date_Saisine_Etat_Membre'

14-02-2025T09:41:05 - [MESSAGE][INFO] - Finding Test Object 'Object Repository/ANEF_Eloignement_V_Nawres/Page_Prendre_Mesure_Formulaire/input_date_Saisine_Etat_Membre'

14-02-2025T09:41:05 - [MESSAGE][INFO] - Checking timeout

14-02-2025T09:41:05 - [MESSAGE][INFO] - Finding web element with id: 'Object Repository/ANEF_Eloignement_V_Nawres/Page_Prendre_Mesure_Formulaire/input_date_Saisine_Etat_Membre' located by 'By.xpath: //input[@id="date_saisine"]' in '20' second(s)

14-02-2025T09:41:05 - [MESSAGE][INFO] - Found 1 web elements with id: 'Object Repository/ANEF_Eloignement_V_Nawres/Page_Prendre_Mesure_Formulaire/input_date_Saisine_Etat_Membre' located by 'By.xpath: //input[@id="date_saisine"]' in '20' second(s)

14-02-2025T09:41:05 - [MESSAGE][INFO] - Checking object

14-02-2025T09:41:05 - [MESSAGE][INFO] - Checking text

14-02-2025T09:41:05 - [MESSAGE][INFO] - Finding web element from Test Object's properties

14-02-2025T09:41:05 - [MESSAGE][INFO] - Checking timeout

14-02-2025T09:41:05 - [MESSAGE][INFO] - Finding web element with id: 'Object Repository/ANEF_Eloignement_V_Nawres/Page_Prendre_Mesure_Formulaire/input_date_Saisine_Etat_Membre' located by 'By.xpath: //input[@id="date_saisine"]' in '100' second(s)

14-02-2025T09:41:05 - [MESSAGE][INFO] - Found 1 web elements with id: 'Object Repository/ANEF_Eloignement_V_Nawres/Page_Prendre_Mesure_Formulaire/input_date_Saisine_Etat_Membre' located by 'By.xpath: //input[@id="date_saisine"]' in '100' second(s)

14-02-2025T09:41:05 - [MESSAGE][INFO] - Clearing text of object 'Object Repository/ANEF_Eloignement_V_Nawres/Page_Prendre_Mesure_Formulaire/input_date_Saisine_Etat_Membre'

14-02-2025T09:41:06 - [MESSAGE][INFO] - Finding web element from Test Object's properties

14-02-2025T09:41:06 - [MESSAGE][INFO] - Checking timeout

14-02-2025T09:41:06 - [MESSAGE][INFO] - Finding web element with id: 'Object Repository/ANEF_Eloignement_V_Nawres/Page_Prendre_Mesure_Formulaire/input_date_Saisine_Etat_Membre' located by 'By.xpath: //input[@id="date_saisine"]' in '100' second(s)

14-02-2025T09:41:06 - [MESSAGE][INFO] - Found 1 web elements with id: 'Object Repository/ANEF_Eloignement_V_Nawres/Page_Prendre_Mesure_Formulaire/input_date_Saisine_Etat_Membre' located by 'By.xpath: //input[@id="date_saisine"]' in '100' second(s)

14-02-2025T09:41:06 - [MESSAGE][INFO] - Setting text of object 'Object Repository/ANEF_Eloignement_V_Nawres/Page_Prendre_Mesure_Formulaire/input_date_Saisine_Etat_Membre' to value '14/02/2025'

14-02-2025T09:41:08 - [MESSAGE][PASSED] - Text '14/02/2025' is set on object 'Object Repository/ANEF_Eloignement_V_Nawres/Page_Prendre_Mesure_Formulaire/input_date_Saisine_Etat_Membre'

14-02-2025T09:41:08 - [TEST_STEP][PASSED] - setText(findTestObject("Object Repository/ANEF_Eloignement_V_Nawres/Page_Prendre_Mesure_Formulaire/input_Date_Reponse_Etat_Membre"), DateActuelle, STOP_ON_FAILURE): Text '14/02/2025' is set on object 'Object Repository/ANEF_Eloignement_V_Nawres/Page_Prendre_Mesure_Formulaire/input_Date_Reponse_Etat_Membre'

14-02-2025T09:41:08 - [MESSAGE][INFO] - Finding Test Object 'Object Repository/ANEF_Eloignement_V_Nawres/Page_Prendre_Mesure_Formulaire/input_Date_Reponse_Etat_Membre'

14-02-2025T09:41:08 - [MESSAGE][INFO] - Checking timeout

14-02-2025T09:41:08 - [MESSAGE][INFO] - Finding web element with id: 'Object Repository/ANEF_Eloignement_V_Nawres/Page_Prendre_Mesure_Formulaire/input_Date_Reponse_Etat_Membre' located by 'By.xpath: //input[@id="date_reponse"]' in '20' second(s)

14-02-2025T09:41:08 - [MESSAGE][INFO] - Found 1 web elements with id: 'Object Repository/ANEF_Eloignement_V_Nawres/Page_Prendre_Mesure_Formulaire/input_Date_Reponse_Etat_Membre' located by 'By.xpath: //input[@id="date_reponse"]' in '20' second(s)

14-02-2025T09:41:08 - [MESSAGE][INFO] - Checking object

14-02-2025T09:41:08 - [MESSAGE][INFO] - Checking text

14-02-2025T09:41:08 - [MESSAGE][INFO] - Finding web element from Test Object's properties

14-02-2025T09:41:08 - [MESSAGE][INFO] - Checking timeout

14-02-2025T09:41:08 - [MESSAGE][INFO] - Finding web element with id: 'Object Repository/ANEF_Eloignement_V_Nawres/Page_Prendre_Mesure_Formulaire/input_Date_Reponse_Etat_Membre' located by 'By.xpath: //input[@id="date_reponse"]' in '100' second(s)

14-02-2025T09:41:08 - [MESSAGE][INFO] - Found 1 web elements with id: 'Object Repository/ANEF_Eloignement_V_Nawres/Page_Prendre_Mesure_Formulaire/input_Date_Reponse_Etat_Membre' located by 'By.xpath: //input[@id="date_reponse"]' in '100' second(s)

14-02-2025T09:41:08 - [MESSAGE][INFO] - Clearing text of object 'Object Repository/ANEF_Eloignement_V_Nawres/Page_Prendre_Mesure_Formulaire/input_Date_Reponse_Etat_Membre'

14-02-2025T09:41:09 - [MESSAGE][INFO] - Finding web element from Test Object's properties

14-02-2025T09:41:09 - [MESSAGE][INFO] - Checking timeout

14-02-2025T09:41:09 - [MESSAGE][INFO] - Finding web element with id: 'Object Repository/ANEF_Eloignement_V_Nawres/Page_Prendre_Mesure_Formulaire/input_Date_Reponse_Etat_Membre' located by 'By.xpath: //input[@id="date_reponse"]' in '100' second(s)

14-02-2025T09:41:09 - [MESSAGE][INFO] - Found 1 web elements with id: 'Object Repository/ANEF_Eloignement_V_Nawres/Page_Prendre_Mesure_Formulaire/input_Date_Reponse_Etat_Membre' located by 'By.xpath: //input[@id="date_reponse"]' in '100' second(s)

14-02-2025T09:41:09 - [MESSAGE][INFO] - Setting text of object 'Object Repository/ANEF_Eloignement_V_Nawres/Page_Prendre_Mesure_Formulaire/input_Date_Reponse_Etat_Membre' to value '14/02/2025'

14-02-2025T09:41:10 - [MESSAGE][PASSED] - Text '14/02/2025' is set on object 'Object Repository/ANEF_Eloignement_V_Nawres/Page_Prendre_Mesure_Formulaire/input_Date_Reponse_Etat_Membre'

14-02-2025T09:41:10 - [TEST_STEP][PASSED] - selectOptionByLabel(findTestObject("Object Repository/ANEF_Eloignement_V_Nawres/Page_Prendre_Mesure_Formulaire/select_Etat_Remise"), "ALLEMAGNE", false, STOP_ON_FAILURE): All options with label 'ALLEMAGNE' are selected in object 'Object Repository/ANEF_Eloignement_V_Nawres/Page_Prendre_Mesure_Formulaire/select_Etat_Remise' 

14-02-2025T09:41:10 - [MESSAGE][INFO] - Finding Test Object 'Object Repository/ANEF_Eloignement_V_Nawres/Page_Prendre_Mesure_Formulaire/select_Etat_Remise'

14-02-2025T09:41:10 - [MESSAGE][INFO] - Checking timeout

14-02-2025T09:41:10 - [MESSAGE][INFO] - Finding web element with id: 'Object Repository/ANEF_Eloignement_V_Nawres/Page_Prendre_Mesure_Formulaire/select_Etat_Remise' located by 'By.xpath: //select[@id="etat_remise"]' in '20' second(s)

14-02-2025T09:41:10 - [MESSAGE][INFO] - Found 1 web elements with id: 'Object Repository/ANEF_Eloignement_V_Nawres/Page_Prendre_Mesure_Formulaire/select_Etat_Remise' located by 'By.xpath: //select[@id="etat_remise"]' in '20' second(s)

14-02-2025T09:41:10 - [MESSAGE][INFO] - Checking object

14-02-2025T09:41:10 - [MESSAGE][INFO] - Checking label parameter

14-02-2025T09:41:10 - [MESSAGE][INFO] - Finding web element from Test Object's properties

14-02-2025T09:41:10 - [MESSAGE][INFO] - Checking timeout

14-02-2025T09:41:10 - [MESSAGE][INFO] - Finding web element with id: 'Object Repository/ANEF_Eloignement_V_Nawres/Page_Prendre_Mesure_Formulaire/select_Etat_Remise' located by 'By.xpath: //select[@id="etat_remise"]' in '100' second(s)

14-02-2025T09:41:10 - [MESSAGE][INFO] - Found 1 web elements with id: 'Object Repository/ANEF_Eloignement_V_Nawres/Page_Prendre_Mesure_Formulaire/select_Etat_Remise' located by 'By.xpath: //select[@id="etat_remise"]' in '100' second(s)

14-02-2025T09:41:10 - [MESSAGE][INFO] - Selecting options on object 'Object Repository/ANEF_Eloignement_V_Nawres/Page_Prendre_Mesure_Formulaire/select_Etat_Remise' with label 'ALLEMAGNE' 

14-02-2025T09:41:11 - [MESSAGE][PASSED] - All options with label 'ALLEMAGNE' are selected in object 'Object Repository/ANEF_Eloignement_V_Nawres/Page_Prendre_Mesure_Formulaire/select_Etat_Remise' 

14-02-2025T09:41:11 - [TEST_STEP][PASSED] - setText(findTestObject("Object Repository/ANEF_Eloignement_V_Nawres/Page_Prendre_Mesure_Formulaire/input_Duree_ICTF_Annee"), "4", STOP_ON_FAILURE): Text '4' is set on object 'Object Repository/ANEF_Eloignement_V_Nawres/Page_Prendre_Mesure_Formulaire/input_Duree_ICTF_Annee'

14-02-2025T09:41:11 - [MESSAGE][INFO] - Finding Test Object 'Object Repository/ANEF_Eloignement_V_Nawres/Page_Prendre_Mesure_Formulaire/input_Duree_ICTF_Annee'

14-02-2025T09:41:11 - [MESSAGE][INFO] - Checking timeout

14-02-2025T09:41:11 - [MESSAGE][INFO] - Finding web element with id: 'Object Repository/ANEF_Eloignement_V_Nawres/Page_Prendre_Mesure_Formulaire/input_Duree_ICTF_Annee' located by 'By.xpath: //input[@id="nbr_annee_duree_init"]' in '20' second(s)

14-02-2025T09:41:11 - [MESSAGE][INFO] - Found 1 web elements with id: 'Object Repository/ANEF_Eloignement_V_Nawres/Page_Prendre_Mesure_Formulaire/input_Duree_ICTF_Annee' located by 'By.xpath: //input[@id="nbr_annee_duree_init"]' in '20' second(s)

14-02-2025T09:41:11 - [MESSAGE][INFO] - Checking object

14-02-2025T09:41:11 - [MESSAGE][INFO] - Checking text

14-02-2025T09:41:11 - [MESSAGE][INFO] - Finding web element from Test Object's properties

14-02-2025T09:41:11 - [MESSAGE][INFO] - Checking timeout

14-02-2025T09:41:11 - [MESSAGE][INFO] - Finding web element with id: 'Object Repository/ANEF_Eloignement_V_Nawres/Page_Prendre_Mesure_Formulaire/input_Duree_ICTF_Annee' located by 'By.xpath: //input[@id="nbr_annee_duree_init"]' in '100' second(s)

14-02-2025T09:41:11 - [MESSAGE][INFO] - Found 1 web elements with id: 'Object Repository/ANEF_Eloignement_V_Nawres/Page_Prendre_Mesure_Formulaire/input_Duree_ICTF_Annee' located by 'By.xpath: //input[@id="nbr_annee_duree_init"]' in '100' second(s)

14-02-2025T09:41:11 - [MESSAGE][INFO] - Clearing text of object 'Object Repository/ANEF_Eloignement_V_Nawres/Page_Prendre_Mesure_Formulaire/input_Duree_ICTF_Annee'

14-02-2025T09:41:12 - [MESSAGE][INFO] - Finding web element from Test Object's properties

14-02-2025T09:41:12 - [MESSAGE][INFO] - Checking timeout

14-02-2025T09:41:12 - [MESSAGE][INFO] - Finding web element with id: 'Object Repository/ANEF_Eloignement_V_Nawres/Page_Prendre_Mesure_Formulaire/input_Duree_ICTF_Annee' located by 'By.xpath: //input[@id="nbr_annee_duree_init"]' in '100' second(s)

14-02-2025T09:41:12 - [MESSAGE][INFO] - Found 1 web elements with id: 'Object Repository/ANEF_Eloignement_V_Nawres/Page_Prendre_Mesure_Formulaire/input_Duree_ICTF_Annee' located by 'By.xpath: //input[@id="nbr_annee_duree_init"]' in '100' second(s)

14-02-2025T09:41:12 - [MESSAGE][INFO] - Setting text of object 'Object Repository/ANEF_Eloignement_V_Nawres/Page_Prendre_Mesure_Formulaire/input_Duree_ICTF_Annee' to value '4'

14-02-2025T09:41:13 - [MESSAGE][PASSED] - Text '4' is set on object 'Object Repository/ANEF_Eloignement_V_Nawres/Page_Prendre_Mesure_Formulaire/input_Duree_ICTF_Annee'

14-02-2025T09:41:13 - [TEST_STEP][PASSED] - verifyElementText(findTestObject("Object Repository/ANEF_Eloignement_V_Nawres/Page_Prendre_Mesure_Formulaire/p_Message_Erreur_Duree_IRTF"), "L'interdiction de circulation sur le territoire ne peut pas excÃ©der une durÃ©e de 3 ans"): Actual text and expected text of test object 'Object Repository/ANEF_Eloignement_V_Nawres/Page_Prendre_Mesure_Formulaire/p_Message_Erreur_Duree_IRTF' are matched.

14-02-2025T09:41:13 - [MESSAGE][INFO] - Finding Test Object 'Object Repository/ANEF_Eloignement_V_Nawres/Page_Prendre_Mesure_Formulaire/p_Message_Erreur_Duree_IRTF'

14-02-2025T09:41:13 - [MESSAGE][INFO] - Checking object

14-02-2025T09:41:13 - [MESSAGE][INFO] - Finding web element from Test Object's properties

14-02-2025T09:41:13 - [MESSAGE][INFO] - Checking timeout

14-02-2025T09:41:13 - [MESSAGE][INFO] - Finding web element with id: 'Object Repository/ANEF_Eloignement_V_Nawres/Page_Prendre_Mesure_Formulaire/p_Message_Erreur_Duree_IRTF' located by 'By.xpath: //app-accordeon-ictf-irtf/section/div/form/div[2]//p' in '100' second(s)

14-02-2025T09:41:13 - [MESSAGE][INFO] - Found 1 web elements with id: 'Object Repository/ANEF_Eloignement_V_Nawres/Page_Prendre_Mesure_Formulaire/p_Message_Erreur_Duree_IRTF' located by 'By.xpath: //app-accordeon-ictf-irtf/section/div/form/div[2]//p' in '100' second(s)

14-02-2025T09:41:13 - [MESSAGE][PASSED] - Actual text and expected text of test object 'Object Repository/ANEF_Eloignement_V_Nawres/Page_Prendre_Mesure_Formulaire/p_Message_Erreur_Duree_IRTF' are matched.

14-02-2025T09:41:13 - [TEST_STEP][PASSED] - setText(findTestObject("Object Repository/ANEF_Eloignement_V_Nawres/Page_Prendre_Mesure_Formulaire/input_Duree_ICTF_Annee"), "2", STOP_ON_FAILURE): Text '2' is set on object 'Object Repository/ANEF_Eloignement_V_Nawres/Page_Prendre_Mesure_Formulaire/input_Duree_ICTF_Annee'

14-02-2025T09:41:13 - [MESSAGE][INFO] - Finding Test Object 'Object Repository/ANEF_Eloignement_V_Nawres/Page_Prendre_Mesure_Formulaire/input_Duree_ICTF_Annee'

14-02-2025T09:41:13 - [MESSAGE][INFO] - Checking timeout

14-02-2025T09:41:13 - [MESSAGE][INFO] - Finding web element with id: 'Object Repository/ANEF_Eloignement_V_Nawres/Page_Prendre_Mesure_Formulaire/input_Duree_ICTF_Annee' located by 'By.xpath: //input[@id="nbr_annee_duree_init"]' in '20' second(s)

14-02-2025T09:41:13 - [MESSAGE][INFO] - Found 1 web elements with id: 'Object Repository/ANEF_Eloignement_V_Nawres/Page_Prendre_Mesure_Formulaire/input_Duree_ICTF_Annee' located by 'By.xpath: //input[@id="nbr_annee_duree_init"]' in '20' second(s)

14-02-2025T09:41:13 - [MESSAGE][INFO] - Checking object

14-02-2025T09:41:13 - [MESSAGE][INFO] - Checking text

14-02-2025T09:41:13 - [MESSAGE][INFO] - Finding web element from Test Object's properties

14-02-2025T09:41:13 - [MESSAGE][INFO] - Checking timeout

14-02-2025T09:41:13 - [MESSAGE][INFO] - Finding web element with id: 'Object Repository/ANEF_Eloignement_V_Nawres/Page_Prendre_Mesure_Formulaire/input_Duree_ICTF_Annee' located by 'By.xpath: //input[@id="nbr_annee_duree_init"]' in '100' second(s)

14-02-2025T09:41:13 - [MESSAGE][INFO] - Found 1 web elements with id: 'Object Repository/ANEF_Eloignement_V_Nawres/Page_Prendre_Mesure_Formulaire/input_Duree_ICTF_Annee' located by 'By.xpath: //input[@id="nbr_annee_duree_init"]' in '100' second(s)

14-02-2025T09:41:13 - [MESSAGE][INFO] - Clearing text of object 'Object Repository/ANEF_Eloignement_V_Nawres/Page_Prendre_Mesure_Formulaire/input_Duree_ICTF_Annee'

14-02-2025T09:41:14 - [MESSAGE][INFO] - Finding web element from Test Object's properties

14-02-2025T09:41:14 - [MESSAGE][INFO] - Checking timeout

14-02-2025T09:41:14 - [MESSAGE][INFO] - Finding web element with id: 'Object Repository/ANEF_Eloignement_V_Nawres/Page_Prendre_Mesure_Formulaire/input_Duree_ICTF_Annee' located by 'By.xpath: //input[@id="nbr_annee_duree_init"]' in '100' second(s)

14-02-2025T09:41:14 - [MESSAGE][INFO] - Found 1 web elements with id: 'Object Repository/ANEF_Eloignement_V_Nawres/Page_Prendre_Mesure_Formulaire/input_Duree_ICTF_Annee' located by 'By.xpath: //input[@id="nbr_annee_duree_init"]' in '100' second(s)

14-02-2025T09:41:14 - [MESSAGE][INFO] - Setting text of object 'Object Repository/ANEF_Eloignement_V_Nawres/Page_Prendre_Mesure_Formulaire/input_Duree_ICTF_Annee' to value '2'

14-02-2025T09:41:15 - [MESSAGE][PASSED] - Text '2' is set on object 'Object Repository/ANEF_Eloignement_V_Nawres/Page_Prendre_Mesure_Formulaire/input_Duree_ICTF_Annee'

14-02-2025T09:41:15 - [TEST_STEP][PASSED] - delay(5): Delayed 5 second(s)

14-02-2025T09:41:15 - [MESSAGE][INFO] - Delaying browser in 5 second(s)

14-02-2025T09:41:20 - [MESSAGE][PASSED] - Delayed 5 second(s)

14-02-2025T09:41:20 - [TEST_STEP][PASSED] - click(findTestObject("Object Repository/ANEF_Eloignement_V_Nawres/Page_Prendre_Mesure_Formulaire/btn_Enregistrer"), STOP_ON_FAILURE): Object: 'Object Repository/ANEF_Eloignement_V_Nawres/Page_Prendre_Mesure_Formulaire/btn_Enregistrer' is clicked on

14-02-2025T09:41:20 - [MESSAGE][INFO] - Finding Test Object 'Object Repository/ANEF_Eloignement_V_Nawres/Page_Prendre_Mesure_Formulaire/btn_Enregistrer'

14-02-2025T09:41:21 - [MESSAGE][INFO] - Checking timeout

14-02-2025T09:41:21 - [MESSAGE][INFO] - Finding web element with id: 'Object Repository/ANEF_Eloignement_V_Nawres/Page_Prendre_Mesure_Formulaire/btn_Enregistrer' located by 'By.xpath: //button[contains(text(),"Enregistrer")]' in '20' second(s)

14-02-2025T09:41:21 - [MESSAGE][INFO] - Found 1 web elements with id: 'Object Repository/ANEF_Eloignement_V_Nawres/Page_Prendre_Mesure_Formulaire/btn_Enregistrer' located by 'By.xpath: //button[contains(text(),"Enregistrer")]' in '20' second(s)

14-02-2025T09:41:21 - [MESSAGE][INFO] - Checking object

14-02-2025T09:41:21 - [MESSAGE][INFO] - Checking timeout

14-02-2025T09:41:21 - [MESSAGE][INFO] - Finding web element from Test Object's properties

14-02-2025T09:41:21 - [MESSAGE][INFO] - Checking timeout

14-02-2025T09:41:21 - [MESSAGE][INFO] - Finding web element with id: 'Object Repository/ANEF_Eloignement_V_Nawres/Page_Prendre_Mesure_Formulaire/btn_Enregistrer' located by 'By.xpath: //button[contains(text(),"Enregistrer")]' in '100' second(s)

14-02-2025T09:41:21 - [MESSAGE][INFO] - Found 1 web elements with id: 'Object Repository/ANEF_Eloignement_V_Nawres/Page_Prendre_Mesure_Formulaire/btn_Enregistrer' located by 'By.xpath: //button[contains(text(),"Enregistrer")]' in '100' second(s)

14-02-2025T09:41:21 - [MESSAGE][INFO] - Clicking on object: 'Object Repository/ANEF_Eloignement_V_Nawres/Page_Prendre_Mesure_Formulaire/btn_Enregistrer'

14-02-2025T09:41:22 - [MESSAGE][PASSED] - Object: 'Object Repository/ANEF_Eloignement_V_Nawres/Page_Prendre_Mesure_Formulaire/btn_Enregistrer' is clicked on

14-02-2025T09:41:22 - [TEST_STEP][PASSED] - RandomNumber = tools.MyStringTools.getRandomNumber(1, 30): tools.MyStringTools.getRandomNumber is PASSED

14-02-2025T09:41:22 - [MESSAGE][PASSED] - tools.MyStringTools.getRandomNumber is PASSED

14-02-2025T09:41:22 - [TEST_STEP][PASSED] - println(RandomNumber): null

14-02-2025T09:41:22 - [TEST_STEP][PASSED] - RandomNumberSelect = RandomNumber.toString(): null

14-02-2025T09:41:22 - [TEST_STEP][PASSED] - if (Mesure == "TransfertDublin"): null

14-02-2025T09:41:22 - [TEST_STEP][PASSED] - if (Mesure == "ExecutionFicheSIS"): null

14-02-2025T09:41:22 - [TEST_STEP][PASSED] - if (Mesure == "IAT"): null

14-02-2025T09:41:22 - [TEST_STEP][PASSED] - if (Mesure == "ITF"): null

14-02-2025T09:41:22 - [TEST_STEP][PASSED] - click(findTestObject("Object Repository/ANEF_Eloignement_V_Nawres/Page_Prendre_Mesure_Formulaire/btn_Enregistrer"), STOP_ON_FAILURE): Object: 'Object Repository/ANEF_Eloignement_V_Nawres/Page_Prendre_Mesure_Formulaire/btn_Enregistrer' is clicked on

14-02-2025T09:41:22 - [MESSAGE][INFO] - Finding Test Object 'Object Repository/ANEF_Eloignement_V_Nawres/Page_Prendre_Mesure_Formulaire/btn_Enregistrer'

14-02-2025T09:41:22 - [MESSAGE][INFO] - Checking timeout

14-02-2025T09:41:22 - [MESSAGE][INFO] - Finding web element with id: 'Object Repository/ANEF_Eloignement_V_Nawres/Page_Prendre_Mesure_Formulaire/btn_Enregistrer' located by 'By.xpath: //button[contains(text(),"Enregistrer")]' in '20' second(s)

14-02-2025T09:41:22 - [MESSAGE][INFO] - Found 1 web elements with id: 'Object Repository/ANEF_Eloignement_V_Nawres/Page_Prendre_Mesure_Formulaire/btn_Enregistrer' located by 'By.xpath: //button[contains(text(),"Enregistrer")]' in '20' second(s)

14-02-2025T09:41:22 - [MESSAGE][INFO] - Checking object

14-02-2025T09:41:22 - [MESSAGE][INFO] - Checking timeout

14-02-2025T09:41:22 - [MESSAGE][INFO] - Finding web element from Test Object's properties

14-02-2025T09:41:22 - [MESSAGE][INFO] - Checking timeout

14-02-2025T09:41:22 - [MESSAGE][INFO] - Finding web element with id: 'Object Repository/ANEF_Eloignement_V_Nawres/Page_Prendre_Mesure_Formulaire/btn_Enregistrer' located by 'By.xpath: //button[contains(text(),"Enregistrer")]' in '100' second(s)

14-02-2025T09:41:22 - [MESSAGE][INFO] - Found 1 web elements with id: 'Object Repository/ANEF_Eloignement_V_Nawres/Page_Prendre_Mesure_Formulaire/btn_Enregistrer' located by 'By.xpath: //button[contains(text(),"Enregistrer")]' in '100' second(s)

14-02-2025T09:41:22 - [MESSAGE][INFO] - Clicking on object: 'Object Repository/ANEF_Eloignement_V_Nawres/Page_Prendre_Mesure_Formulaire/btn_Enregistrer'

14-02-2025T09:41:23 - [MESSAGE][PASSED] - Object: 'Object Repository/ANEF_Eloignement_V_Nawres/Page_Prendre_Mesure_Formulaire/btn_Enregistrer' is clicked on

14-02-2025T09:41:23 - [MESSAGE][PASSED] - Call Test Case 'Test Cases/Test Reutilisable/Main/ANEF_Eloignement_V_Nawres/ANEF_Prendre_Mesure_Formulaire' successfully

14-02-2025T09:41:23 - [MESSAGE][PASSED] - Call Test Case 'Test Cases/Test Reutilisable/Main/ANEF_Eloignement_V_Nawres/ANEF_Prendre_Mesure' successfully

14-02-2025T09:41:23 - [TEST_STEP][PASSED] - callTestCase(findTestCase("Test Cases/Test Reutilisable/Main/ANEF_Eloignement_V_Nawres/ANEF_Ajouter_Decision"), ["ModeNotification":ModeNotification], STOP_ON_FAILURE): Call Test Case 'Test Cases/Test Reutilisable/Main/ANEF_Eloignement_V_Nawres/ANEF_Ajouter_Decision' successfully

14-02-2025T09:41:23 - [MESSAGE][INFO] - Checking called Test Case

14-02-2025T09:41:23 - [MESSAGE][INFO] - Starting to call Test Case 'Test Cases/Test Reutilisable/Main/ANEF_Eloignement_V_Nawres/ANEF_Ajouter_Decision'

14-02-2025T09:41:23 - [TEST_CASE][PASSED] - Test Cases/Test Reutilisable/Main/ANEF_Eloignement_V_Nawres/ANEF_Ajouter_Decision: Test Cases/Test Reutilisable/Main/ANEF_Eloignement_V_Nawres/ANEF_Ajouter_Decision

14-02-2025T09:41:23 - [TEST_STEP][PASSED] - calendar = Calendar.getInstance(): null

14-02-2025T09:41:23 - [TEST_STEP][PASSED] - currentDate = calendar.getTime(): null

14-02-2025T09:41:23 - [TEST_STEP][PASSED] - sdf = new java.text.SimpleDateFormat(dd/MM/yyyy): null

14-02-2025T09:41:23 - [TEST_STEP][PASSED] - formattedDate = sdf.format(currentDate): null

14-02-2025T09:41:23 - [TEST_STEP][PASSED] - DateActuelle = formattedDate.toString(): null

14-02-2025T09:41:23 - [TEST_STEP][PASSED] - println(DateActuelle): null

14-02-2025T09:41:23 - [TEST_STEP][PASSED] - waitForElementClickable(findTestObject("Object Repository/ANEF_Eloignement_V_Nawres/Page_Ajouter_Decision/btn_Ajouter_Decision"), 20, STOP_ON_FAILURE): Object 'Object Repository/ANEF_Eloignement_V_Nawres/Page_Ajouter_Decision/btn_Ajouter_Decision' is clickable

14-02-2025T09:41:23 - [MESSAGE][INFO] - Finding Test Object 'Object Repository/ANEF_Eloignement_V_Nawres/Page_Ajouter_Decision/btn_Ajouter_Decision'

14-02-2025T09:41:23 - [MESSAGE][INFO] - Checking object

14-02-2025T09:41:23 - [MESSAGE][INFO] - Checking timeout

14-02-2025T09:41:23 - [MESSAGE][INFO] - Finding web element from Test Object's properties

14-02-2025T09:41:23 - [MESSAGE][INFO] - Checking timeout

14-02-2025T09:41:23 - [MESSAGE][INFO] - Finding web element with id: 'Object Repository/ANEF_Eloignement_V_Nawres/Page_Ajouter_Decision/btn_Ajouter_Decision' located by 'By.xpath: //button[contains(text(),"Ajouter une dÃ©cision")]' in '20' second(s)

14-02-2025T09:41:23 - [MESSAGE][INFO] - Found 1 web elements with id: 'Object Repository/ANEF_Eloignement_V_Nawres/Page_Ajouter_Decision/btn_Ajouter_Decision' located by 'By.xpath: //button[contains(text(),"Ajouter une dÃ©cision")]' in '20' second(s)

14-02-2025T09:41:23 - [MESSAGE][PASSED] - Object 'Object Repository/ANEF_Eloignement_V_Nawres/Page_Ajouter_Decision/btn_Ajouter_Decision' is clickable

14-02-2025T09:41:23 - [TEST_STEP][PASSED] - click(findTestObject("Object Repository/ANEF_Eloignement_V_Nawres/Page_Ajouter_Decision/btn_Ajouter_Decision"), STOP_ON_FAILURE): Object: 'Object Repository/ANEF_Eloignement_V_Nawres/Page_Ajouter_Decision/btn_Ajouter_Decision' is clicked on

14-02-2025T09:41:23 - [MESSAGE][INFO] - Finding Test Object 'Object Repository/ANEF_Eloignement_V_Nawres/Page_Ajouter_Decision/btn_Ajouter_Decision'

14-02-2025T09:41:23 - [MESSAGE][INFO] - Checking timeout

14-02-2025T09:41:23 - [MESSAGE][INFO] - Finding web element with id: 'Object Repository/ANEF_Eloignement_V_Nawres/Page_Ajouter_Decision/btn_Ajouter_Decision' located by 'By.xpath: //button[contains(text(),"Ajouter une dÃ©cision")]' in '20' second(s)

14-02-2025T09:41:23 - [MESSAGE][INFO] - Found 1 web elements with id: 'Object Repository/ANEF_Eloignement_V_Nawres/Page_Ajouter_Decision/btn_Ajouter_Decision' located by 'By.xpath: //button[contains(text(),"Ajouter une dÃ©cision")]' in '20' second(s)

14-02-2025T09:41:23 - [MESSAGE][INFO] - Checking object

14-02-2025T09:41:23 - [MESSAGE][INFO] - Checking timeout

14-02-2025T09:41:23 - [MESSAGE][INFO] - Finding web element from Test Object's properties

14-02-2025T09:41:23 - [MESSAGE][INFO] - Checking timeout

14-02-2025T09:41:23 - [MESSAGE][INFO] - Finding web element with id: 'Object Repository/ANEF_Eloignement_V_Nawres/Page_Ajouter_Decision/btn_Ajouter_Decision' located by 'By.xpath: //button[contains(text(),"Ajouter une dÃ©cision")]' in '100' second(s)

14-02-2025T09:41:23 - [MESSAGE][INFO] - Found 1 web elements with id: 'Object Repository/ANEF_Eloignement_V_Nawres/Page_Ajouter_Decision/btn_Ajouter_Decision' located by 'By.xpath: //button[contains(text(),"Ajouter une dÃ©cision")]' in '100' second(s)

14-02-2025T09:41:23 - [MESSAGE][INFO] - Clicking on object: 'Object Repository/ANEF_Eloignement_V_Nawres/Page_Ajouter_Decision/btn_Ajouter_Decision'

14-02-2025T09:41:24 - [MESSAGE][PASSED] - Object: 'Object Repository/ANEF_Eloignement_V_Nawres/Page_Ajouter_Decision/btn_Ajouter_Decision' is clicked on

14-02-2025T09:41:24 - [TEST_STEP][PASSED] - scrollToElement(findTestObject("Object Repository/ANEF_Eloignement_V_Nawres/Page_Ajouter_Decision/btn_Confirmer_Ajout_Decision"), 5, STOP_ON_FAILURE): Scroll to object 'Object Repository/ANEF_Eloignement_V_Nawres/Page_Ajouter_Decision/btn_Confirmer_Ajout_Decision' successfully

14-02-2025T09:41:24 - [MESSAGE][INFO] - Finding Test Object 'Object Repository/ANEF_Eloignement_V_Nawres/Page_Ajouter_Decision/btn_Confirmer_Ajout_Decision'

14-02-2025T09:41:24 - [MESSAGE][INFO] - Checking object

14-02-2025T09:41:24 - [MESSAGE][INFO] - Checking timeout

14-02-2025T09:41:24 - [MESSAGE][INFO] - Finding web element from Test Object's properties

14-02-2025T09:41:24 - [MESSAGE][INFO] - Checking timeout

14-02-2025T09:41:24 - [MESSAGE][INFO] - Finding web element with id: 'Object Repository/ANEF_Eloignement_V_Nawres/Page_Ajouter_Decision/btn_Confirmer_Ajout_Decision' located by 'By.xpath: //button[contains(text()," Confirmer l'ajout")]' in '100' second(s)

14-02-2025T09:41:24 - [MESSAGE][INFO] - Found 1 web elements with id: 'Object Repository/ANEF_Eloignement_V_Nawres/Page_Ajouter_Decision/btn_Confirmer_Ajout_Decision' located by 'By.xpath: //button[contains(text()," Confirmer l'ajout")]' in '100' second(s)

14-02-2025T09:41:24 - [MESSAGE][INFO] - Scrolling to object 'Object Repository/ANEF_Eloignement_V_Nawres/Page_Ajouter_Decision/btn_Confirmer_Ajout_Decision'

14-02-2025T09:41:24 - [MESSAGE][PASSED] - Scroll to object 'Object Repository/ANEF_Eloignement_V_Nawres/Page_Ajouter_Decision/btn_Confirmer_Ajout_Decision' successfully

14-02-2025T09:41:24 - [TEST_STEP][PASSED] - click(findTestObject("Object Repository/ANEF_Eloignement_V_Nawres/Page_Ajouter_Decision/btn_Confirmer_Ajout_Decision"), STOP_ON_FAILURE): Object: 'Object Repository/ANEF_Eloignement_V_Nawres/Page_Ajouter_Decision/btn_Confirmer_Ajout_Decision' is clicked on

14-02-2025T09:41:24 - [MESSAGE][INFO] - Finding Test Object 'Object Repository/ANEF_Eloignement_V_Nawres/Page_Ajouter_Decision/btn_Confirmer_Ajout_Decision'

14-02-2025T09:41:24 - [MESSAGE][INFO] - Checking timeout

14-02-2025T09:41:24 - [MESSAGE][INFO] - Finding web element with id: 'Object Repository/ANEF_Eloignement_V_Nawres/Page_Ajouter_Decision/btn_Confirmer_Ajout_Decision' located by 'By.xpath: //button[contains(text()," Confirmer l'ajout")]' in '20' second(s)

14-02-2025T09:41:24 - [MESSAGE][INFO] - Found 1 web elements with id: 'Object Repository/ANEF_Eloignement_V_Nawres/Page_Ajouter_Decision/btn_Confirmer_Ajout_Decision' located by 'By.xpath: //button[contains(text()," Confirmer l'ajout")]' in '20' second(s)

14-02-2025T09:41:24 - [MESSAGE][INFO] - Checking object

14-02-2025T09:41:24 - [MESSAGE][INFO] - Checking timeout

14-02-2025T09:41:24 - [MESSAGE][INFO] - Finding web element from Test Object's properties

14-02-2025T09:41:24 - [MESSAGE][INFO] - Checking timeout

14-02-2025T09:41:24 - [MESSAGE][INFO] - Finding web element with id: 'Object Repository/ANEF_Eloignement_V_Nawres/Page_Ajouter_Decision/btn_Confirmer_Ajout_Decision' located by 'By.xpath: //button[contains(text()," Confirmer l'ajout")]' in '100' second(s)

14-02-2025T09:41:24 - [MESSAGE][INFO] - Found 1 web elements with id: 'Object Repository/ANEF_Eloignement_V_Nawres/Page_Ajouter_Decision/btn_Confirmer_Ajout_Decision' located by 'By.xpath: //button[contains(text()," Confirmer l'ajout")]' in '100' second(s)

14-02-2025T09:41:24 - [MESSAGE][INFO] - Clicking on object: 'Object Repository/ANEF_Eloignement_V_Nawres/Page_Ajouter_Decision/btn_Confirmer_Ajout_Decision'

14-02-2025T09:41:26 - [MESSAGE][PASSED] - Object: 'Object Repository/ANEF_Eloignement_V_Nawres/Page_Ajouter_Decision/btn_Confirmer_Ajout_Decision' is clicked on

14-02-2025T09:41:26 - [TEST_STEP][PASSED] - waitForElementClickable(findTestObject("Object Repository/ANEF_Eloignement_V_Nawres/Page_Ajouter_Decision/btn_Confirmer_Notification"), 20, STOP_ON_FAILURE): Object 'Object Repository/ANEF_Eloignement_V_Nawres/Page_Ajouter_Decision/btn_Confirmer_Notification' is clickable

14-02-2025T09:41:26 - [MESSAGE][INFO] - Finding Test Object 'Object Repository/ANEF_Eloignement_V_Nawres/Page_Ajouter_Decision/btn_Confirmer_Notification'

14-02-2025T09:41:26 - [MESSAGE][INFO] - Checking object

14-02-2025T09:41:26 - [MESSAGE][INFO] - Checking timeout

14-02-2025T09:41:26 - [MESSAGE][INFO] - Finding web element from Test Object's properties

14-02-2025T09:41:26 - [MESSAGE][INFO] - Checking timeout

14-02-2025T09:41:26 - [MESSAGE][INFO] - Finding web element with id: 'Object Repository/ANEF_Eloignement_V_Nawres/Page_Ajouter_Decision/btn_Confirmer_Notification' located by 'By.xpath: //button[contains(text(),"Confirmer la notification")]' in '20' second(s)

14-02-2025T09:41:26 - [MESSAGE][INFO] - Found 1 web elements with id: 'Object Repository/ANEF_Eloignement_V_Nawres/Page_Ajouter_Decision/btn_Confirmer_Notification' located by 'By.xpath: //button[contains(text(),"Confirmer la notification")]' in '20' second(s)

14-02-2025T09:41:26 - [MESSAGE][PASSED] - Object 'Object Repository/ANEF_Eloignement_V_Nawres/Page_Ajouter_Decision/btn_Confirmer_Notification' is clickable

14-02-2025T09:41:26 - [TEST_STEP][PASSED] - click(findTestObject("Object Repository/ANEF_Eloignement_V_Nawres/Page_Ajouter_Decision/btn_Confirmer_Notification"), STOP_ON_FAILURE): Object: 'Object Repository/ANEF_Eloignement_V_Nawres/Page_Ajouter_Decision/btn_Confirmer_Notification' is clicked on

14-02-2025T09:41:26 - [MESSAGE][INFO] - Finding Test Object 'Object Repository/ANEF_Eloignement_V_Nawres/Page_Ajouter_Decision/btn_Confirmer_Notification'

14-02-2025T09:41:26 - [MESSAGE][INFO] - Checking timeout

14-02-2025T09:41:26 - [MESSAGE][INFO] - Finding web element with id: 'Object Repository/ANEF_Eloignement_V_Nawres/Page_Ajouter_Decision/btn_Confirmer_Notification' located by 'By.xpath: //button[contains(text(),"Confirmer la notification")]' in '20' second(s)

14-02-2025T09:41:26 - [MESSAGE][INFO] - Found 1 web elements with id: 'Object Repository/ANEF_Eloignement_V_Nawres/Page_Ajouter_Decision/btn_Confirmer_Notification' located by 'By.xpath: //button[contains(text(),"Confirmer la notification")]' in '20' second(s)

14-02-2025T09:41:26 - [MESSAGE][INFO] - Checking object

14-02-2025T09:41:26 - [MESSAGE][INFO] - Checking timeout

14-02-2025T09:41:26 - [MESSAGE][INFO] - Finding web element from Test Object's properties

14-02-2025T09:41:26 - [MESSAGE][INFO] - Checking timeout

14-02-2025T09:41:26 - [MESSAGE][INFO] - Finding web element with id: 'Object Repository/ANEF_Eloignement_V_Nawres/Page_Ajouter_Decision/btn_Confirmer_Notification' located by 'By.xpath: //button[contains(text(),"Confirmer la notification")]' in '100' second(s)

14-02-2025T09:41:26 - [MESSAGE][INFO] - Found 1 web elements with id: 'Object Repository/ANEF_Eloignement_V_Nawres/Page_Ajouter_Decision/btn_Confirmer_Notification' located by 'By.xpath: //button[contains(text(),"Confirmer la notification")]' in '100' second(s)

14-02-2025T09:41:26 - [MESSAGE][INFO] - Clicking on object: 'Object Repository/ANEF_Eloignement_V_Nawres/Page_Ajouter_Decision/btn_Confirmer_Notification'

14-02-2025T09:41:27 - [MESSAGE][PASSED] - Object: 'Object Repository/ANEF_Eloignement_V_Nawres/Page_Ajouter_Decision/btn_Confirmer_Notification' is clicked on

14-02-2025T09:41:27 - [TEST_STEP][PASSED] - selectOptionByLabel(findTestObject("Object Repository/ANEF_Eloignement_V_Nawres/Page_Ajouter_Decision/select_Mode_Notification"), ModeNotification, false, STOP_ON_FAILURE): All options with label 'Voie postale' are selected in object 'Object Repository/ANEF_Eloignement_V_Nawres/Page_Ajouter_Decision/select_Mode_Notification' 

14-02-2025T09:41:27 - [MESSAGE][INFO] - Finding Test Object 'Object Repository/ANEF_Eloignement_V_Nawres/Page_Ajouter_Decision/select_Mode_Notification'

14-02-2025T09:41:27 - [MESSAGE][INFO] - Checking timeout

14-02-2025T09:41:27 - [MESSAGE][INFO] - Finding web element with id: 'Object Repository/ANEF_Eloignement_V_Nawres/Page_Ajouter_Decision/select_Mode_Notification' located by 'By.xpath: //app-notification-modal//form//app-dsfr-select/div/select[@id="mode_notification"]' in '20' second(s)

14-02-2025T09:41:27 - [MESSAGE][INFO] - Found 1 web elements with id: 'Object Repository/ANEF_Eloignement_V_Nawres/Page_Ajouter_Decision/select_Mode_Notification' located by 'By.xpath: //app-notification-modal//form//app-dsfr-select/div/select[@id="mode_notification"]' in '20' second(s)

14-02-2025T09:41:28 - [MESSAGE][INFO] - Checking object

14-02-2025T09:41:28 - [MESSAGE][INFO] - Checking label parameter

14-02-2025T09:41:28 - [MESSAGE][INFO] - Finding web element from Test Object's properties

14-02-2025T09:41:28 - [MESSAGE][INFO] - Checking timeout

14-02-2025T09:41:28 - [MESSAGE][INFO] - Finding web element with id: 'Object Repository/ANEF_Eloignement_V_Nawres/Page_Ajouter_Decision/select_Mode_Notification' located by 'By.xpath: //app-notification-modal//form//app-dsfr-select/div/select[@id="mode_notification"]' in '100' second(s)

14-02-2025T09:41:28 - [MESSAGE][INFO] - Found 1 web elements with id: 'Object Repository/ANEF_Eloignement_V_Nawres/Page_Ajouter_Decision/select_Mode_Notification' located by 'By.xpath: //app-notification-modal//form//app-dsfr-select/div/select[@id="mode_notification"]' in '100' second(s)

14-02-2025T09:41:28 - [MESSAGE][INFO] - Selecting options on object 'Object Repository/ANEF_Eloignement_V_Nawres/Page_Ajouter_Decision/select_Mode_Notification' with label 'Voie postale' 

14-02-2025T09:41:29 - [MESSAGE][PASSED] - All options with label 'Voie postale' are selected in object 'Object Repository/ANEF_Eloignement_V_Nawres/Page_Ajouter_Decision/select_Mode_Notification' 

14-02-2025T09:41:29 - [TEST_STEP][PASSED] - setText(findTestObject("Object Repository/ANEF_Eloignement_V_Nawres/Page_Ajouter_Decision/input_Date_Notification"), DateActuelle, STOP_ON_FAILURE): Text '14/02/2025' is set on object 'Object Repository/ANEF_Eloignement_V_Nawres/Page_Ajouter_Decision/input_Date_Notification'

14-02-2025T09:41:29 - [MESSAGE][INFO] - Finding Test Object 'Object Repository/ANEF_Eloignement_V_Nawres/Page_Ajouter_Decision/input_Date_Notification'

14-02-2025T09:41:29 - [MESSAGE][INFO] - Checking timeout

14-02-2025T09:41:29 - [MESSAGE][INFO] - Finding web element with id: 'Object Repository/ANEF_Eloignement_V_Nawres/Page_Ajouter_Decision/input_Date_Notification' located by 'By.xpath: //app-dsfr-input/div/input[@id="date_notification"]' in '20' second(s)

14-02-2025T09:41:29 - [MESSAGE][INFO] - Found 1 web elements with id: 'Object Repository/ANEF_Eloignement_V_Nawres/Page_Ajouter_Decision/input_Date_Notification' located by 'By.xpath: //app-dsfr-input/div/input[@id="date_notification"]' in '20' second(s)

14-02-2025T09:41:29 - [MESSAGE][INFO] - Checking object

14-02-2025T09:41:29 - [MESSAGE][INFO] - Checking text

14-02-2025T09:41:29 - [MESSAGE][INFO] - Finding web element from Test Object's properties

14-02-2025T09:41:29 - [MESSAGE][INFO] - Checking timeout

14-02-2025T09:41:29 - [MESSAGE][INFO] - Finding web element with id: 'Object Repository/ANEF_Eloignement_V_Nawres/Page_Ajouter_Decision/input_Date_Notification' located by 'By.xpath: //app-dsfr-input/div/input[@id="date_notification"]' in '100' second(s)

14-02-2025T09:41:29 - [MESSAGE][INFO] - Found 1 web elements with id: 'Object Repository/ANEF_Eloignement_V_Nawres/Page_Ajouter_Decision/input_Date_Notification' located by 'By.xpath: //app-dsfr-input/div/input[@id="date_notification"]' in '100' second(s)

14-02-2025T09:41:29 - [MESSAGE][INFO] - Clearing text of object 'Object Repository/ANEF_Eloignement_V_Nawres/Page_Ajouter_Decision/input_Date_Notification'

14-02-2025T09:41:30 - [MESSAGE][INFO] - Finding web element from Test Object's properties

14-02-2025T09:41:30 - [MESSAGE][INFO] - Checking timeout

14-02-2025T09:41:30 - [MESSAGE][INFO] - Finding web element with id: 'Object Repository/ANEF_Eloignement_V_Nawres/Page_Ajouter_Decision/input_Date_Notification' located by 'By.xpath: //app-dsfr-input/div/input[@id="date_notification"]' in '100' second(s)

14-02-2025T09:41:30 - [MESSAGE][INFO] - Found 1 web elements with id: 'Object Repository/ANEF_Eloignement_V_Nawres/Page_Ajouter_Decision/input_Date_Notification' located by 'By.xpath: //app-dsfr-input/div/input[@id="date_notification"]' in '100' second(s)

14-02-2025T09:41:30 - [MESSAGE][INFO] - Setting text of object 'Object Repository/ANEF_Eloignement_V_Nawres/Page_Ajouter_Decision/input_Date_Notification' to value '14/02/2025'

14-02-2025T09:41:31 - [MESSAGE][PASSED] - Text '14/02/2025' is set on object 'Object Repository/ANEF_Eloignement_V_Nawres/Page_Ajouter_Decision/input_Date_Notification'

14-02-2025T09:41:31 - [TEST_STEP][PASSED] - if (ModeNotification == "Voie administrative"): null

14-02-2025T09:41:31 - [TEST_STEP][PASSED] - uploadFile(findTestObject("Object Repository/ANEF_Eloignement_V_Nawres/Page_Ajouter_Decision/input_Ajouter_Fichier_Notification"), getProjectDir() + "/Data Files/Fichier_Test.pdf"): File 'C:/Users/nbenjemi/Katalon Studio/ANEF-ELOIGNEMENT-20250121/ANEF-ELOIGNEMENT-20250121/Data Files/Fichier_Test.pdf' sent to object: 'Object Repository/ANEF_Eloignement_V_Nawres/Page_Ajouter_Decision/input_Ajouter_Fichier_Notification'

14-02-2025T09:41:31 - [MESSAGE][INFO] - Finding Test Object 'Object Repository/ANEF_Eloignement_V_Nawres/Page_Ajouter_Decision/input_Ajouter_Fichier_Notification'

14-02-2025T09:41:31 - [MESSAGE][INFO] - Checking object

14-02-2025T09:41:31 - [MESSAGE][INFO] - Uploading file 'C:/Users/nbenjemi/Katalon Studio/ANEF-ELOIGNEMENT-20250121/ANEF-ELOIGNEMENT-20250121/Data Files/Fichier_Test.pdf' to object: 'Object Repository/ANEF_Eloignement_V_Nawres/Page_Ajouter_Decision/input_Ajouter_Fichier_Notification'

14-02-2025T09:41:31 - [MESSAGE][INFO] - Finding web element from Test Object's properties

14-02-2025T09:41:31 - [MESSAGE][INFO] - Checking timeout

14-02-2025T09:41:31 - [MESSAGE][INFO] - Finding web element with id: 'Object Repository/ANEF_Eloignement_V_Nawres/Page_Ajouter_Decision/input_Ajouter_Fichier_Notification' located by 'By.xpath: //app-notification-modal//form//app-dsfr-piece-jointe//input' in '100' second(s)

14-02-2025T09:41:31 - [MESSAGE][INFO] - Found 1 web elements with id: 'Object Repository/ANEF_Eloignement_V_Nawres/Page_Ajouter_Decision/input_Ajouter_Fichier_Notification' located by 'By.xpath: //app-notification-modal//form//app-dsfr-piece-jointe//input' in '100' second(s)

14-02-2025T09:41:32 - [MESSAGE][PASSED] - File 'C:/Users/nbenjemi/Katalon Studio/ANEF-ELOIGNEMENT-20250121/ANEF-ELOIGNEMENT-20250121/Data Files/Fichier_Test.pdf' sent to object: 'Object Repository/ANEF_Eloignement_V_Nawres/Page_Ajouter_Decision/input_Ajouter_Fichier_Notification'

14-02-2025T09:41:32 - [TEST_STEP][PASSED] - scrollToElement(findTestObject("Object Repository/ANEF_Eloignement_V_Nawres/Page_Ajouter_Decision/btn_Confirmer_Ajout_Notification"), 5, STOP_ON_FAILURE): Scroll to object 'Object Repository/ANEF_Eloignement_V_Nawres/Page_Ajouter_Decision/btn_Confirmer_Ajout_Notification' successfully

14-02-2025T09:41:32 - [MESSAGE][INFO] - Finding Test Object 'Object Repository/ANEF_Eloignement_V_Nawres/Page_Ajouter_Decision/btn_Confirmer_Ajout_Notification'

14-02-2025T09:41:32 - [MESSAGE][INFO] - Checking object

14-02-2025T09:41:32 - [MESSAGE][INFO] - Checking timeout

14-02-2025T09:41:32 - [MESSAGE][INFO] - Finding web element from Test Object's properties

14-02-2025T09:41:32 - [MESSAGE][INFO] - Checking timeout

14-02-2025T09:41:32 - [MESSAGE][INFO] - Finding web element with id: 'Object Repository/ANEF_Eloignement_V_Nawres/Page_Ajouter_Decision/btn_Confirmer_Ajout_Notification' located by 'By.xpath: //app-notification-modal//button[contains(text(),"Confirmer l'ajout")]' in '100' second(s)

14-02-2025T09:41:32 - [MESSAGE][INFO] - Found 1 web elements with id: 'Object Repository/ANEF_Eloignement_V_Nawres/Page_Ajouter_Decision/btn_Confirmer_Ajout_Notification' located by 'By.xpath: //app-notification-modal//button[contains(text(),"Confirmer l'ajout")]' in '100' second(s)

14-02-2025T09:41:32 - [MESSAGE][INFO] - Scrolling to object 'Object Repository/ANEF_Eloignement_V_Nawres/Page_Ajouter_Decision/btn_Confirmer_Ajout_Notification'

14-02-2025T09:41:32 - [MESSAGE][PASSED] - Scroll to object 'Object Repository/ANEF_Eloignement_V_Nawres/Page_Ajouter_Decision/btn_Confirmer_Ajout_Notification' successfully

14-02-2025T09:41:32 - [TEST_STEP][PASSED] - click(findTestObject("Object Repository/ANEF_Eloignement_V_Nawres/Page_Ajouter_Decision/btn_Confirmer_Ajout_Notification"), STOP_ON_FAILURE): Object: 'Object Repository/ANEF_Eloignement_V_Nawres/Page_Ajouter_Decision/btn_Confirmer_Ajout_Notification' is clicked on

14-02-2025T09:41:32 - [MESSAGE][INFO] - Finding Test Object 'Object Repository/ANEF_Eloignement_V_Nawres/Page_Ajouter_Decision/btn_Confirmer_Ajout_Notification'

14-02-2025T09:41:32 - [MESSAGE][INFO] - Checking timeout

14-02-2025T09:41:32 - [MESSAGE][INFO] - Finding web element with id: 'Object Repository/ANEF_Eloignement_V_Nawres/Page_Ajouter_Decision/btn_Confirmer_Ajout_Notification' located by 'By.xpath: //app-notification-modal//button[contains(text(),"Confirmer l'ajout")]' in '20' second(s)

14-02-2025T09:41:32 - [MESSAGE][INFO] - Found 1 web elements with id: 'Object Repository/ANEF_Eloignement_V_Nawres/Page_Ajouter_Decision/btn_Confirmer_Ajout_Notification' located by 'By.xpath: //app-notification-modal//button[contains(text(),"Confirmer l'ajout")]' in '20' second(s)

14-02-2025T09:41:32 - [MESSAGE][INFO] - Checking object

14-02-2025T09:41:32 - [MESSAGE][INFO] - Checking timeout

14-02-2025T09:41:32 - [MESSAGE][INFO] - Finding web element from Test Object's properties

14-02-2025T09:41:32 - [MESSAGE][INFO] - Checking timeout

14-02-2025T09:41:32 - [MESSAGE][INFO] - Finding web element with id: 'Object Repository/ANEF_Eloignement_V_Nawres/Page_Ajouter_Decision/btn_Confirmer_Ajout_Notification' located by 'By.xpath: //app-notification-modal//button[contains(text(),"Confirmer l'ajout")]' in '100' second(s)

14-02-2025T09:41:32 - [MESSAGE][INFO] - Found 1 web elements with id: 'Object Repository/ANEF_Eloignement_V_Nawres/Page_Ajouter_Decision/btn_Confirmer_Ajout_Notification' located by 'By.xpath: //app-notification-modal//button[contains(text(),"Confirmer l'ajout")]' in '100' second(s)

14-02-2025T09:41:32 - [MESSAGE][INFO] - Clicking on object: 'Object Repository/ANEF_Eloignement_V_Nawres/Page_Ajouter_Decision/btn_Confirmer_Ajout_Notification'

14-02-2025T09:41:33 - [MESSAGE][PASSED] - Object: 'Object Repository/ANEF_Eloignement_V_Nawres/Page_Ajouter_Decision/btn_Confirmer_Ajout_Notification' is clicked on

14-02-2025T09:41:33 - [TEST_STEP][PASSED] - waitForElementClickable(findTestObject("Object Repository/ANEF_Eloignement_V_Nawres/Page_Ajouter_Decision/btn_Enregistrer"), 7, STOP_ON_FAILURE): Object 'Object Repository/ANEF_Eloignement_V_Nawres/Page_Ajouter_Decision/btn_Enregistrer' is clickable

14-02-2025T09:41:33 - [MESSAGE][INFO] - Finding Test Object 'Object Repository/ANEF_Eloignement_V_Nawres/Page_Ajouter_Decision/btn_Enregistrer'

14-02-2025T09:41:33 - [MESSAGE][INFO] - Checking object

14-02-2025T09:41:33 - [MESSAGE][INFO] - Checking timeout

14-02-2025T09:41:33 - [MESSAGE][INFO] - Finding web element from Test Object's properties

14-02-2025T09:41:33 - [MESSAGE][INFO] - Checking timeout

14-02-2025T09:41:33 - [MESSAGE][INFO] - Finding web element with id: 'Object Repository/ANEF_Eloignement_V_Nawres/Page_Ajouter_Decision/btn_Enregistrer' located by 'By.xpath: //button[contains(text(),"Enregistrer")]' in '7' second(s)

14-02-2025T09:41:33 - [MESSAGE][INFO] - Found 1 web elements with id: 'Object Repository/ANEF_Eloignement_V_Nawres/Page_Ajouter_Decision/btn_Enregistrer' located by 'By.xpath: //button[contains(text(),"Enregistrer")]' in '7' second(s)

14-02-2025T09:41:33 - [MESSAGE][PASSED] - Object 'Object Repository/ANEF_Eloignement_V_Nawres/Page_Ajouter_Decision/btn_Enregistrer' is clickable

14-02-2025T09:41:33 - [MESSAGE][PASSED] - Call Test Case 'Test Cases/Test Reutilisable/Main/ANEF_Eloignement_V_Nawres/ANEF_Ajouter_Decision' successfully

14-02-2025T09:41:36 - [TEST_STEP][PASSED] - Video: Video recording for test case 'Test Cases/Cas D Utilisations/ANEF_Eloignement_V_Nawres/TC_ANEF_Eloignement' .

14-02-2025T09:41:36 - [MESSAGE][INFO] - Video recording for test case 'Test Cases/Cas D Utilisations/ANEF_Eloignement_V_Nawres/TC_ANEF_Eloignement' .]]></system-out>
         <system-err><![CDATA[]]></system-err>
      </testcase>
      <testcase name="Test Cases/Cas D Utilisations/ANEF_Eloignement_V_Nawres/TC_ANEF_Eloignement" time="81.295" classname="Test Cases/Cas D Utilisations/ANEF_Eloignement_V_Nawres/TC_ANEF_Eloignement" status="PASSED">
         <system-out><![CDATA[14-02-2025T09:41:36 - [TEST_CASE][PASSED] - Test Cases/Cas D Utilisations/ANEF_Eloignement_V_Nawres/TC_ANEF_Eloignement: Test Cases/Cas D Utilisations/ANEF_Eloignement_V_Nawres/TC_ANEF_Eloignement

14-02-2025T09:41:36 - [TEST_STEP][PASSED] - callTestCase(findTestCase("Test Cases/Test Reutilisable/Main/ANEF_Eloignement_V_Nawres/ANEF_Lancer_URL_ANEF"), ["Profiles":Profiles, "EnvExec":EnvExec], STOP_ON_FAILURE): Call Test Case 'Test Cases/Test Reutilisable/Main/ANEF_Eloignement_V_Nawres/ANEF_Lancer_URL_ANEF' successfully

14-02-2025T09:41:36 - [MESSAGE][INFO] - Checking called Test Case

14-02-2025T09:41:36 - [MESSAGE][INFO] - Starting to call Test Case 'Test Cases/Test Reutilisable/Main/ANEF_Eloignement_V_Nawres/ANEF_Lancer_URL_ANEF'

14-02-2025T09:41:36 - [TEST_CASE][PASSED] - Test Cases/Test Reutilisable/Main/ANEF_Eloignement_V_Nawres/ANEF_Lancer_URL_ANEF: Test Cases/Test Reutilisable/Main/ANEF_Eloignement_V_Nawres/ANEF_Lancer_URL_ANEF

14-02-2025T09:41:36 - [TEST_STEP][PASSED] - "Call Highlight.on() automatically": null

14-02-2025T09:41:36 - [TEST_STEP][PASSED] - projDir = getProjectDir(): null

14-02-2025T09:41:36 - [TEST_STEP][PASSED] - RunBrowserConfiguration = getExecutionProperties(): null

14-02-2025T09:41:36 - [TEST_STEP][PASSED] - DriverName = get("WebUI").get("browserType"): null

14-02-2025T09:41:36 - [TEST_STEP][PASSED] - println("DriverName :" + DriverName): null

14-02-2025T09:41:36 - [TEST_STEP][PASSED] - println("Driverpath :" + RunBrowserConfiguration.get("drivers")): null

14-02-2025T09:41:36 - [TEST_STEP][PASSED] - if (Profiles == "Usager"): null

14-02-2025T09:41:36 - [TEST_STEP][PASSED] - if (Profiles == "Agent"): Current window maximized

14-02-2025T09:41:36 - [TEST_STEP][PASSED] - if (EnvExec == "URLPortailAgentQualif"): Browser is opened with url: 'https://qualification.siaef.dgef.interieur.gouv.fr/sejour/#/accueil'

14-02-2025T09:41:36 - [TEST_STEP][PASSED] - openBrowser(URLPortailAgentQualif): Browser is opened with url: 'https://qualification.siaef.dgef.interieur.gouv.fr/sejour/#/accueil'

14-02-2025T09:41:36 - [MESSAGE][INFO] - Opening browser

14-02-2025T09:41:36 - [MESSAGE][WARNING] - A browser is already opened. Closing browser and opening a new one

14-02-2025T09:41:37 - [MESSAGE][INFO] - Starting 'Chrome' driver

14-02-2025T09:41:37 - [MESSAGE][INFO] - User set preference: ['args', '[--incognito, --disable-search-engine-choice-screen, --enable-automation, --disable-save-password-bubble, --start-maximized, --remote-allow-origins=*]']

14-02-2025T09:41:37 - [MESSAGE][INFO] - User set preference: ['prefs', '{download.default_directory=${GlobalVariable.downloadPath}, download_dir=${GlobalVariable.downloadPath}, download.prompt_for_download=false}']

14-02-2025T09:41:37 - [MESSAGE][INFO] - User set preference: ['loggingPrefs', '{browser=ALL}']

14-02-2025T09:41:37 - [MESSAGE][INFO] - Action delay is set to 1â€¯000 milliseconds

14-02-2025T09:41:38 - [MESSAGE][INFO] - Navigating browser to: 'https://qualification.siaef.dgef.interieur.gouv.fr/sejour/#/accueil'

14-02-2025T09:41:40 - [MESSAGE][PASSED] - Browser is opened with url: 'https://qualification.siaef.dgef.interieur.gouv.fr/sejour/#/accueil'

14-02-2025T09:41:40 - [TEST_STEP][PASSED] - if (EnvExec == "URLPortailAgentPreProd"): null

14-02-2025T09:41:40 - [TEST_STEP][PASSED] - maximizeWindow(): Current window maximized

14-02-2025T09:41:40 - [MESSAGE][INFO] - Maximizing current window

14-02-2025T09:41:40 - [MESSAGE][PASSED] - Current window maximized

14-02-2025T09:41:40 - [MESSAGE][PASSED] - Call Test Case 'Test Cases/Test Reutilisable/Main/ANEF_Eloignement_V_Nawres/ANEF_Lancer_URL_ANEF' successfully

14-02-2025T09:41:40 - [TEST_STEP][PASSED] - callTestCase(findTestCase("Test Cases/Test Reutilisable/Main/ANEF_Eloignement_V_Nawres/ANEF_Identification"), ["Profiles":Profiles, "IdentifiantAgent":IdentifiantAgent, "PwAgent":PwAgent, "EnvExec":EnvExec], STOP_ON_FAILURE): Call Test Case 'Test Cases/Test Reutilisable/Main/ANEF_Eloignement_V_Nawres/ANEF_Identification' successfully

14-02-2025T09:41:40 - [MESSAGE][INFO] - Checking called Test Case

14-02-2025T09:41:40 - [MESSAGE][INFO] - Starting to call Test Case 'Test Cases/Test Reutilisable/Main/ANEF_Eloignement_V_Nawres/ANEF_Identification'

14-02-2025T09:41:40 - [TEST_CASE][PASSED] - Test Cases/Test Reutilisable/Main/ANEF_Eloignement_V_Nawres/ANEF_Identification: Test Cases/Test Reutilisable/Main/ANEF_Eloignement_V_Nawres/ANEF_Identification

14-02-2025T09:41:40 - [TEST_STEP][PASSED] - com.kazurayam.ksbackyard.HighlightElement.pandemic(): com.kazurayam.ksbackyard.HighlightElement.pandemic is PASSED

14-02-2025T09:41:40 - [MESSAGE][PASSED] - com.kazurayam.ksbackyard.HighlightElement.pandemic is PASSED

14-02-2025T09:41:40 - [TEST_STEP][PASSED] - if (Profiles == "Usager"): null

14-02-2025T09:41:40 - [TEST_STEP][PASSED] - if (Profiles == "Agent"): Object: 'Object Repository/ANEF_Eloignement_V_Nawres/Page_ANEF_Connexion/btn_Valider_Conx_Agent' is clicked on

14-02-2025T09:41:40 - [TEST_STEP][PASSED] - if (EnvExec == "URLPortailAgentQualif"): Text 'Natali12345!' is set on object 'Object Repository/ANEF_Eloignement_V_Nawres/Page_ANEF_Connexion/Input_PasswordAgent'

14-02-2025T09:41:40 - [TEST_STEP][PASSED] - setText(findTestObject("Object Repository/ANEF_Eloignement_V_Nawres/Page_ANEF_Connexion/Input_UserNameAgent"), IdentifiantAgent): Text 'test.gpe+32@outlook.fr' is set on object 'Object Repository/ANEF_Eloignement_V_Nawres/Page_ANEF_Connexion/Input_UserNameAgent'

14-02-2025T09:41:40 - [MESSAGE][INFO] - Finding Test Object 'Object Repository/ANEF_Eloignement_V_Nawres/Page_ANEF_Connexion/Input_UserNameAgent'

14-02-2025T09:41:40 - [MESSAGE][INFO] - Checking timeout

14-02-2025T09:41:40 - [MESSAGE][INFO] - Finding web element with id: 'Object Repository/ANEF_Eloignement_V_Nawres/Page_ANEF_Connexion/Input_UserNameAgent' located by 'By.xpath: //*[@aria-labelledby="username-label"]|//*[@id="login"]' in '20' second(s)

14-02-2025T09:41:40 - [MESSAGE][INFO] - Found 1 web elements with id: 'Object Repository/ANEF_Eloignement_V_Nawres/Page_ANEF_Connexion/Input_UserNameAgent' located by 'By.xpath: //*[@aria-labelledby="username-label"]|//*[@id="login"]' in '20' second(s)

14-02-2025T09:41:40 - [MESSAGE][INFO] - Checking object

14-02-2025T09:41:40 - [MESSAGE][INFO] - Checking text

14-02-2025T09:41:40 - [MESSAGE][INFO] - Finding web element from Test Object's properties

14-02-2025T09:41:40 - [MESSAGE][INFO] - Checking timeout

14-02-2025T09:41:40 - [MESSAGE][INFO] - Finding web element with id: 'Object Repository/ANEF_Eloignement_V_Nawres/Page_ANEF_Connexion/Input_UserNameAgent' located by 'By.xpath: //*[@aria-labelledby="username-label"]|//*[@id="login"]' in '100' second(s)

14-02-2025T09:41:40 - [MESSAGE][INFO] - Found 1 web elements with id: 'Object Repository/ANEF_Eloignement_V_Nawres/Page_ANEF_Connexion/Input_UserNameAgent' located by 'By.xpath: //*[@aria-labelledby="username-label"]|//*[@id="login"]' in '100' second(s)

14-02-2025T09:41:40 - [MESSAGE][INFO] - Clearing text of object 'Object Repository/ANEF_Eloignement_V_Nawres/Page_ANEF_Connexion/Input_UserNameAgent'

14-02-2025T09:41:41 - [MESSAGE][INFO] - Finding web element from Test Object's properties

14-02-2025T09:41:41 - [MESSAGE][INFO] - Checking timeout

14-02-2025T09:41:41 - [MESSAGE][INFO] - Finding web element with id: 'Object Repository/ANEF_Eloignement_V_Nawres/Page_ANEF_Connexion/Input_UserNameAgent' located by 'By.xpath: //*[@aria-labelledby="username-label"]|//*[@id="login"]' in '100' second(s)

14-02-2025T09:41:41 - [MESSAGE][INFO] - Found 1 web elements with id: 'Object Repository/ANEF_Eloignement_V_Nawres/Page_ANEF_Connexion/Input_UserNameAgent' located by 'By.xpath: //*[@aria-labelledby="username-label"]|//*[@id="login"]' in '100' second(s)

14-02-2025T09:41:41 - [MESSAGE][INFO] - Setting text of object 'Object Repository/ANEF_Eloignement_V_Nawres/Page_ANEF_Connexion/Input_UserNameAgent' to value 'test.gpe+32@outlook.fr'

14-02-2025T09:41:43 - [MESSAGE][PASSED] - Text 'test.gpe+32@outlook.fr' is set on object 'Object Repository/ANEF_Eloignement_V_Nawres/Page_ANEF_Connexion/Input_UserNameAgent'

14-02-2025T09:41:43 - [TEST_STEP][PASSED] - setText(findTestObject("Object Repository/ANEF_Eloignement_V_Nawres/Page_ANEF_Connexion/Input_PasswordAgent"), PwAgent): Text 'Natali12345!' is set on object 'Object Repository/ANEF_Eloignement_V_Nawres/Page_ANEF_Connexion/Input_PasswordAgent'

14-02-2025T09:41:43 - [MESSAGE][INFO] - Finding Test Object 'Object Repository/ANEF_Eloignement_V_Nawres/Page_ANEF_Connexion/Input_PasswordAgent'

14-02-2025T09:41:43 - [MESSAGE][INFO] - Checking timeout

14-02-2025T09:41:43 - [MESSAGE][INFO] - Finding web element with id: 'Object Repository/ANEF_Eloignement_V_Nawres/Page_ANEF_Connexion/Input_PasswordAgent' located by 'By.xpath: //*[@aria-labelledby="password-label"]|//*[@id="password"]' in '20' second(s)

14-02-2025T09:41:43 - [MESSAGE][INFO] - Found 1 web elements with id: 'Object Repository/ANEF_Eloignement_V_Nawres/Page_ANEF_Connexion/Input_PasswordAgent' located by 'By.xpath: //*[@aria-labelledby="password-label"]|//*[@id="password"]' in '20' second(s)

14-02-2025T09:41:43 - [MESSAGE][INFO] - Checking object

14-02-2025T09:41:43 - [MESSAGE][INFO] - Checking text

14-02-2025T09:41:43 - [MESSAGE][INFO] - Finding web element from Test Object's properties

14-02-2025T09:41:43 - [MESSAGE][INFO] - Checking timeout

14-02-2025T09:41:43 - [MESSAGE][INFO] - Finding web element with id: 'Object Repository/ANEF_Eloignement_V_Nawres/Page_ANEF_Connexion/Input_PasswordAgent' located by 'By.xpath: //*[@aria-labelledby="password-label"]|//*[@id="password"]' in '100' second(s)

14-02-2025T09:41:43 - [MESSAGE][INFO] - Found 1 web elements with id: 'Object Repository/ANEF_Eloignement_V_Nawres/Page_ANEF_Connexion/Input_PasswordAgent' located by 'By.xpath: //*[@aria-labelledby="password-label"]|//*[@id="password"]' in '100' second(s)

14-02-2025T09:41:43 - [MESSAGE][INFO] - Clearing text of object 'Object Repository/ANEF_Eloignement_V_Nawres/Page_ANEF_Connexion/Input_PasswordAgent'

14-02-2025T09:41:44 - [MESSAGE][INFO] - Finding web element from Test Object's properties

14-02-2025T09:41:44 - [MESSAGE][INFO] - Checking timeout

14-02-2025T09:41:44 - [MESSAGE][INFO] - Finding web element with id: 'Object Repository/ANEF_Eloignement_V_Nawres/Page_ANEF_Connexion/Input_PasswordAgent' located by 'By.xpath: //*[@aria-labelledby="password-label"]|//*[@id="password"]' in '100' second(s)

14-02-2025T09:41:44 - [MESSAGE][INFO] - Found 1 web elements with id: 'Object Repository/ANEF_Eloignement_V_Nawres/Page_ANEF_Connexion/Input_PasswordAgent' located by 'By.xpath: //*[@aria-labelledby="password-label"]|//*[@id="password"]' in '100' second(s)

14-02-2025T09:41:44 - [MESSAGE][INFO] - Setting text of object 'Object Repository/ANEF_Eloignement_V_Nawres/Page_ANEF_Connexion/Input_PasswordAgent' to value 'Natali12345!'

14-02-2025T09:41:45 - [MESSAGE][PASSED] - Text 'Natali12345!' is set on object 'Object Repository/ANEF_Eloignement_V_Nawres/Page_ANEF_Connexion/Input_PasswordAgent'

14-02-2025T09:41:45 - [TEST_STEP][PASSED] - if (EnvExec == "URLPortailAgentPreProd"): null

14-02-2025T09:41:45 - [TEST_STEP][PASSED] - click(findTestObject("Object Repository/ANEF_Eloignement_V_Nawres/Page_ANEF_Connexion/btn_Valider_Conx_Agent")): Object: 'Object Repository/ANEF_Eloignement_V_Nawres/Page_ANEF_Connexion/btn_Valider_Conx_Agent' is clicked on

14-02-2025T09:41:45 - [MESSAGE][INFO] - Finding Test Object 'Object Repository/ANEF_Eloignement_V_Nawres/Page_ANEF_Connexion/btn_Valider_Conx_Agent'

14-02-2025T09:41:45 - [MESSAGE][INFO] - Checking timeout

14-02-2025T09:41:45 - [MESSAGE][INFO] - Finding web element with id: 'Object Repository/ANEF_Eloignement_V_Nawres/Page_ANEF_Connexion/btn_Valider_Conx_Agent' located by 'By.xpath: //*[@label="Valider"]|//*[@id="btn-login"]' in '20' second(s)

14-02-2025T09:41:45 - [MESSAGE][INFO] - Found 1 web elements with id: 'Object Repository/ANEF_Eloignement_V_Nawres/Page_ANEF_Connexion/btn_Valider_Conx_Agent' located by 'By.xpath: //*[@label="Valider"]|//*[@id="btn-login"]' in '20' second(s)

14-02-2025T09:41:45 - [MESSAGE][INFO] - Checking object

14-02-2025T09:41:45 - [MESSAGE][INFO] - Checking timeout

14-02-2025T09:41:45 - [MESSAGE][INFO] - Finding web element from Test Object's properties

14-02-2025T09:41:45 - [MESSAGE][INFO] - Checking timeout

14-02-2025T09:41:45 - [MESSAGE][INFO] - Finding web element with id: 'Object Repository/ANEF_Eloignement_V_Nawres/Page_ANEF_Connexion/btn_Valider_Conx_Agent' located by 'By.xpath: //*[@label="Valider"]|//*[@id="btn-login"]' in '100' second(s)

14-02-2025T09:41:45 - [MESSAGE][INFO] - Found 1 web elements with id: 'Object Repository/ANEF_Eloignement_V_Nawres/Page_ANEF_Connexion/btn_Valider_Conx_Agent' located by 'By.xpath: //*[@label="Valider"]|//*[@id="btn-login"]' in '100' second(s)

14-02-2025T09:41:45 - [MESSAGE][INFO] - Clicking on object: 'Object Repository/ANEF_Eloignement_V_Nawres/Page_ANEF_Connexion/btn_Valider_Conx_Agent'

14-02-2025T09:41:46 - [MESSAGE][PASSED] - Object: 'Object Repository/ANEF_Eloignement_V_Nawres/Page_ANEF_Connexion/btn_Valider_Conx_Agent' is clicked on

14-02-2025T09:41:46 - [TEST_STEP][PASSED] - delay(5): Delayed 5 second(s)

14-02-2025T09:41:46 - [MESSAGE][INFO] - Delaying browser in 5 second(s)

14-02-2025T09:41:51 - [MESSAGE][PASSED] - Delayed 5 second(s)

14-02-2025T09:41:51 - [TEST_STEP][PASSED] - verifyElementPresent(findTestObject("Object Repository/ANEF_Eloignement_V_Nawres/Page_Accueil_Principale/btn_ANEF_Eloignement"), 1, STOP_ON_FAILURE): Object 'Object Repository/ANEF_Eloignement_V_Nawres/Page_Accueil_Principale/btn_ANEF_Eloignement' is present

14-02-2025T09:41:51 - [MESSAGE][INFO] - Finding Test Object 'Object Repository/ANEF_Eloignement_V_Nawres/Page_Accueil_Principale/btn_ANEF_Eloignement'

14-02-2025T09:41:51 - [MESSAGE][INFO] - Checking object

14-02-2025T09:41:51 - [MESSAGE][INFO] - Finding web element from Test Object's properties

14-02-2025T09:41:51 - [MESSAGE][INFO] - Checking timeout

14-02-2025T09:41:51 - [MESSAGE][INFO] - Finding web element with id: 'Object Repository/ANEF_Eloignement_V_Nawres/Page_Accueil_Principale/btn_ANEF_Eloignement' located by 'By.xpath: //span[contains(text()," ANEF Ã©loignement ")]' in '1' second(s)

14-02-2025T09:41:51 - [MESSAGE][INFO] - Found 1 web elements with id: 'Object Repository/ANEF_Eloignement_V_Nawres/Page_Accueil_Principale/btn_ANEF_Eloignement' located by 'By.xpath: //span[contains(text()," ANEF Ã©loignement ")]' in '1' second(s)

14-02-2025T09:41:51 - [MESSAGE][PASSED] - Object 'Object Repository/ANEF_Eloignement_V_Nawres/Page_Accueil_Principale/btn_ANEF_Eloignement' is present

14-02-2025T09:41:51 - [MESSAGE][PASSED] - Call Test Case 'Test Cases/Test Reutilisable/Main/ANEF_Eloignement_V_Nawres/ANEF_Identification' successfully

14-02-2025T09:41:51 - [TEST_STEP][PASSED] - callTestCase(findTestCase("Test Cases/Test Reutilisable/Main/ANEF_Eloignement_V_Nawres/ANEF_Creation_ou_Recherche_Dossier"), ["CreationOuRecherche":CreationOuRecherche, "NumeroEtranger":NumeroEtranger], STOP_ON_FAILURE): Call Test Case 'Test Cases/Test Reutilisable/Main/ANEF_Eloignement_V_Nawres/ANEF_Creation_ou_Recherche_Dossier' successfully

14-02-2025T09:41:51 - [MESSAGE][INFO] - Checking called Test Case

14-02-2025T09:41:51 - [MESSAGE][INFO] - Starting to call Test Case 'Test Cases/Test Reutilisable/Main/ANEF_Eloignement_V_Nawres/ANEF_Creation_ou_Recherche_Dossier'

14-02-2025T09:41:51 - [TEST_CASE][PASSED] - Test Cases/Test Reutilisable/Main/ANEF_Eloignement_V_Nawres/ANEF_Creation_ou_Recherche_Dossier: Test Cases/Test Reutilisable/Main/ANEF_Eloignement_V_Nawres/ANEF_Creation_ou_Recherche_Dossier

14-02-2025T09:41:51 - [TEST_STEP][PASSED] - click(findTestObject("Object Repository/ANEF_Eloignement_V_Nawres/Page_Accueil_Principale/btn_ANEF_Eloignement")): Object: 'Object Repository/ANEF_Eloignement_V_Nawres/Page_Accueil_Principale/btn_ANEF_Eloignement' is clicked on

14-02-2025T09:41:51 - [MESSAGE][INFO] - Finding Test Object 'Object Repository/ANEF_Eloignement_V_Nawres/Page_Accueil_Principale/btn_ANEF_Eloignement'

14-02-2025T09:41:51 - [MESSAGE][INFO] - Checking timeout

14-02-2025T09:41:51 - [MESSAGE][INFO] - Finding web element with id: 'Object Repository/ANEF_Eloignement_V_Nawres/Page_Accueil_Principale/btn_ANEF_Eloignement' located by 'By.xpath: //span[contains(text()," ANEF Ã©loignement ")]' in '20' second(s)

14-02-2025T09:41:51 - [MESSAGE][INFO] - Found 1 web elements with id: 'Object Repository/ANEF_Eloignement_V_Nawres/Page_Accueil_Principale/btn_ANEF_Eloignement' located by 'By.xpath: //span[contains(text()," ANEF Ã©loignement ")]' in '20' second(s)

14-02-2025T09:41:51 - [MESSAGE][INFO] - Checking object

14-02-2025T09:41:51 - [MESSAGE][INFO] - Checking timeout

14-02-2025T09:41:51 - [MESSAGE][INFO] - Finding web element from Test Object's properties

14-02-2025T09:41:51 - [MESSAGE][INFO] - Checking timeout

14-02-2025T09:41:51 - [MESSAGE][INFO] - Finding web element with id: 'Object Repository/ANEF_Eloignement_V_Nawres/Page_Accueil_Principale/btn_ANEF_Eloignement' located by 'By.xpath: //span[contains(text()," ANEF Ã©loignement ")]' in '100' second(s)

14-02-2025T09:41:51 - [MESSAGE][INFO] - Found 1 web elements with id: 'Object Repository/ANEF_Eloignement_V_Nawres/Page_Accueil_Principale/btn_ANEF_Eloignement' located by 'By.xpath: //span[contains(text()," ANEF Ã©loignement ")]' in '100' second(s)

14-02-2025T09:41:51 - [MESSAGE][INFO] - Clicking on object: 'Object Repository/ANEF_Eloignement_V_Nawres/Page_Accueil_Principale/btn_ANEF_Eloignement'

14-02-2025T09:41:54 - [MESSAGE][PASSED] - Object: 'Object Repository/ANEF_Eloignement_V_Nawres/Page_Accueil_Principale/btn_ANEF_Eloignement' is clicked on

14-02-2025T09:41:54 - [TEST_STEP][PASSED] - verifyElementPresent(findTestObject("Object Repository/ANEF_Eloignement_V_Nawres/Page_Creation_ou_Recherche_Dossier/btn_Rechercher_Dossier"), 1, STOP_ON_FAILURE): Object 'Object Repository/ANEF_Eloignement_V_Nawres/Page_Creation_ou_Recherche_Dossier/btn_Rechercher_Dossier' is present

14-02-2025T09:41:54 - [MESSAGE][INFO] - Finding Test Object 'Object Repository/ANEF_Eloignement_V_Nawres/Page_Creation_ou_Recherche_Dossier/btn_Rechercher_Dossier'

14-02-2025T09:41:54 - [MESSAGE][INFO] - Checking object

14-02-2025T09:41:54 - [MESSAGE][INFO] - Finding web element from Test Object's properties

14-02-2025T09:41:54 - [MESSAGE][INFO] - Checking timeout

14-02-2025T09:41:54 - [MESSAGE][INFO] - Finding web element with id: 'Object Repository/ANEF_Eloignement_V_Nawres/Page_Creation_ou_Recherche_Dossier/btn_Rechercher_Dossier' located by 'By.xpath: //button[@title="Rechercher un dossier"]' in '1' second(s)

14-02-2025T09:41:54 - [MESSAGE][INFO] - Found 1 web elements with id: 'Object Repository/ANEF_Eloignement_V_Nawres/Page_Creation_ou_Recherche_Dossier/btn_Rechercher_Dossier' located by 'By.xpath: //button[@title="Rechercher un dossier"]' in '1' second(s)

14-02-2025T09:41:54 - [MESSAGE][PASSED] - Object 'Object Repository/ANEF_Eloignement_V_Nawres/Page_Creation_ou_Recherche_Dossier/btn_Rechercher_Dossier' is present

14-02-2025T09:41:54 - [TEST_STEP][PASSED] - delay(5): Delayed 5 second(s)

14-02-2025T09:41:54 - [MESSAGE][INFO] - Delaying browser in 5 second(s)

14-02-2025T09:41:59 - [MESSAGE][PASSED] - Delayed 5 second(s)

14-02-2025T09:41:59 - [TEST_STEP][PASSED] - click(findTestObject("Object Repository/ANEF_Eloignement_V_Nawres/Page_Creation_ou_Recherche_Dossier/btn_Rechercher_Dossier")): Object: 'Object Repository/ANEF_Eloignement_V_Nawres/Page_Creation_ou_Recherche_Dossier/btn_Rechercher_Dossier' is clicked on

14-02-2025T09:41:59 - [MESSAGE][INFO] - Finding Test Object 'Object Repository/ANEF_Eloignement_V_Nawres/Page_Creation_ou_Recherche_Dossier/btn_Rechercher_Dossier'

14-02-2025T09:41:59 - [MESSAGE][INFO] - Checking timeout

14-02-2025T09:41:59 - [MESSAGE][INFO] - Finding web element with id: 'Object Repository/ANEF_Eloignement_V_Nawres/Page_Creation_ou_Recherche_Dossier/btn_Rechercher_Dossier' located by 'By.xpath: //button[@title="Rechercher un dossier"]' in '20' second(s)

14-02-2025T09:41:59 - [MESSAGE][INFO] - Found 1 web elements with id: 'Object Repository/ANEF_Eloignement_V_Nawres/Page_Creation_ou_Recherche_Dossier/btn_Rechercher_Dossier' located by 'By.xpath: //button[@title="Rechercher un dossier"]' in '20' second(s)

14-02-2025T09:41:59 - [MESSAGE][INFO] - Checking object

14-02-2025T09:41:59 - [MESSAGE][INFO] - Checking timeout

14-02-2025T09:41:59 - [MESSAGE][INFO] - Finding web element from Test Object's properties

14-02-2025T09:41:59 - [MESSAGE][INFO] - Checking timeout

14-02-2025T09:41:59 - [MESSAGE][INFO] - Finding web element with id: 'Object Repository/ANEF_Eloignement_V_Nawres/Page_Creation_ou_Recherche_Dossier/btn_Rechercher_Dossier' located by 'By.xpath: //button[@title="Rechercher un dossier"]' in '100' second(s)

14-02-2025T09:41:59 - [MESSAGE][INFO] - Found 1 web elements with id: 'Object Repository/ANEF_Eloignement_V_Nawres/Page_Creation_ou_Recherche_Dossier/btn_Rechercher_Dossier' located by 'By.xpath: //button[@title="Rechercher un dossier"]' in '100' second(s)

14-02-2025T09:41:59 - [MESSAGE][INFO] - Clicking on object: 'Object Repository/ANEF_Eloignement_V_Nawres/Page_Creation_ou_Recherche_Dossier/btn_Rechercher_Dossier'

14-02-2025T09:42:00 - [MESSAGE][PASSED] - Object: 'Object Repository/ANEF_Eloignement_V_Nawres/Page_Creation_ou_Recherche_Dossier/btn_Rechercher_Dossier' is clicked on

14-02-2025T09:42:00 - [TEST_STEP][PASSED] - if (CreationOuRecherche == "Creation"): null

14-02-2025T09:42:00 - [TEST_STEP][PASSED] - if (CreationOuRecherche == "Recherche"): Object: 'Object Repository/ANEF_Eloignement_V_Nawres/Page_Creation_ou_Recherche_Dossier/btn_Choisir_Dossier_Etranger' is clicked on

14-02-2025T09:42:00 - [TEST_STEP][PASSED] - setText(findTestObject("Object Repository/ANEF_Eloignement_V_Nawres/Page_Creation_ou_Recherche_Dossier/Input_Numero_etranger"), NumeroEtranger, STOP_ON_FAILURE): Text '7703056080' is set on object 'Object Repository/ANEF_Eloignement_V_Nawres/Page_Creation_ou_Recherche_Dossier/Input_Numero_etranger'

14-02-2025T09:42:00 - [MESSAGE][INFO] - Finding Test Object 'Object Repository/ANEF_Eloignement_V_Nawres/Page_Creation_ou_Recherche_Dossier/Input_Numero_etranger'

14-02-2025T09:42:00 - [MESSAGE][INFO] - Checking timeout

14-02-2025T09:42:00 - [MESSAGE][INFO] - Finding web element with id: 'Object Repository/ANEF_Eloignement_V_Nawres/Page_Creation_ou_Recherche_Dossier/Input_Numero_etranger' located by 'By.xpath: //app-identite-declaree-search-box//div/app-dsfr-input/div/input[@id="identifiant_agdref"]|//app-search-box//div/app-dsfr-input/div/input[@id="identifiant_agdref"]' in '20' second(s)

14-02-2025T09:42:00 - [MESSAGE][INFO] - Found 1 web elements with id: 'Object Repository/ANEF_Eloignement_V_Nawres/Page_Creation_ou_Recherche_Dossier/Input_Numero_etranger' located by 'By.xpath: //app-identite-declaree-search-box//div/app-dsfr-input/div/input[@id="identifiant_agdref"]|//app-search-box//div/app-dsfr-input/div/input[@id="identifiant_agdref"]' in '20' second(s)

14-02-2025T09:42:00 - [MESSAGE][INFO] - Checking object

14-02-2025T09:42:00 - [MESSAGE][INFO] - Checking text

14-02-2025T09:42:00 - [MESSAGE][INFO] - Finding web element from Test Object's properties

14-02-2025T09:42:00 - [MESSAGE][INFO] - Checking timeout

14-02-2025T09:42:00 - [MESSAGE][INFO] - Finding web element with id: 'Object Repository/ANEF_Eloignement_V_Nawres/Page_Creation_ou_Recherche_Dossier/Input_Numero_etranger' located by 'By.xpath: //app-identite-declaree-search-box//div/app-dsfr-input/div/input[@id="identifiant_agdref"]|//app-search-box//div/app-dsfr-input/div/input[@id="identifiant_agdref"]' in '100' second(s)

14-02-2025T09:42:00 - [MESSAGE][INFO] - Found 1 web elements with id: 'Object Repository/ANEF_Eloignement_V_Nawres/Page_Creation_ou_Recherche_Dossier/Input_Numero_etranger' located by 'By.xpath: //app-identite-declaree-search-box//div/app-dsfr-input/div/input[@id="identifiant_agdref"]|//app-search-box//div/app-dsfr-input/div/input[@id="identifiant_agdref"]' in '100' second(s)

14-02-2025T09:42:00 - [MESSAGE][INFO] - Clearing text of object 'Object Repository/ANEF_Eloignement_V_Nawres/Page_Creation_ou_Recherche_Dossier/Input_Numero_etranger'

14-02-2025T09:42:01 - [MESSAGE][INFO] - Finding web element from Test Object's properties

14-02-2025T09:42:01 - [MESSAGE][INFO] - Checking timeout

14-02-2025T09:42:01 - [MESSAGE][INFO] - Finding web element with id: 'Object Repository/ANEF_Eloignement_V_Nawres/Page_Creation_ou_Recherche_Dossier/Input_Numero_etranger' located by 'By.xpath: //app-identite-declaree-search-box//div/app-dsfr-input/div/input[@id="identifiant_agdref"]|//app-search-box//div/app-dsfr-input/div/input[@id="identifiant_agdref"]' in '100' second(s)

14-02-2025T09:42:01 - [MESSAGE][INFO] - Found 1 web elements with id: 'Object Repository/ANEF_Eloignement_V_Nawres/Page_Creation_ou_Recherche_Dossier/Input_Numero_etranger' located by 'By.xpath: //app-identite-declaree-search-box//div/app-dsfr-input/div/input[@id="identifiant_agdref"]|//app-search-box//div/app-dsfr-input/div/input[@id="identifiant_agdref"]' in '100' second(s)

14-02-2025T09:42:01 - [MESSAGE][INFO] - Setting text of object 'Object Repository/ANEF_Eloignement_V_Nawres/Page_Creation_ou_Recherche_Dossier/Input_Numero_etranger' to value '7703056080'

14-02-2025T09:42:03 - [MESSAGE][PASSED] - Text '7703056080' is set on object 'Object Repository/ANEF_Eloignement_V_Nawres/Page_Creation_ou_Recherche_Dossier/Input_Numero_etranger'

14-02-2025T09:42:03 - [TEST_STEP][PASSED] - click(findTestObject("Object Repository/ANEF_Eloignement_V_Nawres/Page_Creation_ou_Recherche_Dossier/Input_Numero_etranger"), STOP_ON_FAILURE): Object: 'Object Repository/ANEF_Eloignement_V_Nawres/Page_Creation_ou_Recherche_Dossier/Input_Numero_etranger' is clicked on

14-02-2025T09:42:03 - [MESSAGE][INFO] - Finding Test Object 'Object Repository/ANEF_Eloignement_V_Nawres/Page_Creation_ou_Recherche_Dossier/Input_Numero_etranger'

14-02-2025T09:42:03 - [MESSAGE][INFO] - Checking timeout

14-02-2025T09:42:03 - [MESSAGE][INFO] - Finding web element with id: 'Object Repository/ANEF_Eloignement_V_Nawres/Page_Creation_ou_Recherche_Dossier/Input_Numero_etranger' located by 'By.xpath: //app-identite-declaree-search-box//div/app-dsfr-input/div/input[@id="identifiant_agdref"]|//app-search-box//div/app-dsfr-input/div/input[@id="identifiant_agdref"]' in '20' second(s)

14-02-2025T09:42:03 - [MESSAGE][INFO] - Found 1 web elements with id: 'Object Repository/ANEF_Eloignement_V_Nawres/Page_Creation_ou_Recherche_Dossier/Input_Numero_etranger' located by 'By.xpath: //app-identite-declaree-search-box//div/app-dsfr-input/div/input[@id="identifiant_agdref"]|//app-search-box//div/app-dsfr-input/div/input[@id="identifiant_agdref"]' in '20' second(s)

14-02-2025T09:42:03 - [MESSAGE][INFO] - Checking object

14-02-2025T09:42:03 - [MESSAGE][INFO] - Checking timeout

14-02-2025T09:42:03 - [MESSAGE][INFO] - Finding web element from Test Object's properties

14-02-2025T09:42:03 - [MESSAGE][INFO] - Checking timeout

14-02-2025T09:42:03 - [MESSAGE][INFO] - Finding web element with id: 'Object Repository/ANEF_Eloignement_V_Nawres/Page_Creation_ou_Recherche_Dossier/Input_Numero_etranger' located by 'By.xpath: //app-identite-declaree-search-box//div/app-dsfr-input/div/input[@id="identifiant_agdref"]|//app-search-box//div/app-dsfr-input/div/input[@id="identifiant_agdref"]' in '100' second(s)

14-02-2025T09:42:03 - [MESSAGE][INFO] - Found 1 web elements with id: 'Object Repository/ANEF_Eloignement_V_Nawres/Page_Creation_ou_Recherche_Dossier/Input_Numero_etranger' located by 'By.xpath: //app-identite-declaree-search-box//div/app-dsfr-input/div/input[@id="identifiant_agdref"]|//app-search-box//div/app-dsfr-input/div/input[@id="identifiant_agdref"]' in '100' second(s)

14-02-2025T09:42:03 - [MESSAGE][INFO] - Clicking on object: 'Object Repository/ANEF_Eloignement_V_Nawres/Page_Creation_ou_Recherche_Dossier/Input_Numero_etranger'

14-02-2025T09:42:04 - [MESSAGE][PASSED] - Object: 'Object Repository/ANEF_Eloignement_V_Nawres/Page_Creation_ou_Recherche_Dossier/Input_Numero_etranger' is clicked on

14-02-2025T09:42:04 - [TEST_STEP][PASSED] - scrollToElement(findTestObject("Object Repository/ANEF_Eloignement_V_Nawres/Page_Creation_ou_Recherche_Dossier/btn_Lancer_La_Recherche"), 5, STOP_ON_FAILURE): Scroll to object 'Object Repository/ANEF_Eloignement_V_Nawres/Page_Creation_ou_Recherche_Dossier/btn_Lancer_La_Recherche' successfully

14-02-2025T09:42:04 - [MESSAGE][INFO] - Finding Test Object 'Object Repository/ANEF_Eloignement_V_Nawres/Page_Creation_ou_Recherche_Dossier/btn_Lancer_La_Recherche'

14-02-2025T09:42:04 - [MESSAGE][INFO] - Checking object

14-02-2025T09:42:04 - [MESSAGE][INFO] - Checking timeout

14-02-2025T09:42:04 - [MESSAGE][INFO] - Finding web element from Test Object's properties

14-02-2025T09:42:04 - [MESSAGE][INFO] - Checking timeout

14-02-2025T09:42:04 - [MESSAGE][INFO] - Finding web element with id: 'Object Repository/ANEF_Eloignement_V_Nawres/Page_Creation_ou_Recherche_Dossier/btn_Lancer_La_Recherche' located by 'By.xpath: //button[contains(text(),"Lancer la recherche ")]' in '100' second(s)

14-02-2025T09:42:04 - [MESSAGE][INFO] - Found 1 web elements with id: 'Object Repository/ANEF_Eloignement_V_Nawres/Page_Creation_ou_Recherche_Dossier/btn_Lancer_La_Recherche' located by 'By.xpath: //button[contains(text(),"Lancer la recherche ")]' in '100' second(s)

14-02-2025T09:42:04 - [MESSAGE][INFO] - Scrolling to object 'Object Repository/ANEF_Eloignement_V_Nawres/Page_Creation_ou_Recherche_Dossier/btn_Lancer_La_Recherche'

14-02-2025T09:42:04 - [MESSAGE][PASSED] - Scroll to object 'Object Repository/ANEF_Eloignement_V_Nawres/Page_Creation_ou_Recherche_Dossier/btn_Lancer_La_Recherche' successfully

14-02-2025T09:42:04 - [TEST_STEP][PASSED] - click(findTestObject("Object Repository/ANEF_Eloignement_V_Nawres/Page_Creation_ou_Recherche_Dossier/btn_Lancer_La_Recherche"), STOP_ON_FAILURE): Object: 'Object Repository/ANEF_Eloignement_V_Nawres/Page_Creation_ou_Recherche_Dossier/btn_Lancer_La_Recherche' is clicked on

14-02-2025T09:42:04 - [MESSAGE][INFO] - Finding Test Object 'Object Repository/ANEF_Eloignement_V_Nawres/Page_Creation_ou_Recherche_Dossier/btn_Lancer_La_Recherche'

14-02-2025T09:42:04 - [MESSAGE][INFO] - Checking timeout

14-02-2025T09:42:04 - [MESSAGE][INFO] - Finding web element with id: 'Object Repository/ANEF_Eloignement_V_Nawres/Page_Creation_ou_Recherche_Dossier/btn_Lancer_La_Recherche' located by 'By.xpath: //button[contains(text(),"Lancer la recherche ")]' in '20' second(s)

14-02-2025T09:42:04 - [MESSAGE][INFO] - Found 1 web elements with id: 'Object Repository/ANEF_Eloignement_V_Nawres/Page_Creation_ou_Recherche_Dossier/btn_Lancer_La_Recherche' located by 'By.xpath: //button[contains(text(),"Lancer la recherche ")]' in '20' second(s)

14-02-2025T09:42:04 - [MESSAGE][INFO] - Checking object

14-02-2025T09:42:04 - [MESSAGE][INFO] - Checking timeout

14-02-2025T09:42:04 - [MESSAGE][INFO] - Finding web element from Test Object's properties

14-02-2025T09:42:04 - [MESSAGE][INFO] - Checking timeout

14-02-2025T09:42:04 - [MESSAGE][INFO] - Finding web element with id: 'Object Repository/ANEF_Eloignement_V_Nawres/Page_Creation_ou_Recherche_Dossier/btn_Lancer_La_Recherche' located by 'By.xpath: //button[contains(text(),"Lancer la recherche ")]' in '100' second(s)

14-02-2025T09:42:04 - [MESSAGE][INFO] - Found 1 web elements with id: 'Object Repository/ANEF_Eloignement_V_Nawres/Page_Creation_ou_Recherche_Dossier/btn_Lancer_La_Recherche' located by 'By.xpath: //button[contains(text(),"Lancer la recherche ")]' in '100' second(s)

14-02-2025T09:42:04 - [MESSAGE][INFO] - Clicking on object: 'Object Repository/ANEF_Eloignement_V_Nawres/Page_Creation_ou_Recherche_Dossier/btn_Lancer_La_Recherche'

14-02-2025T09:42:05 - [MESSAGE][PASSED] - Object: 'Object Repository/ANEF_Eloignement_V_Nawres/Page_Creation_ou_Recherche_Dossier/btn_Lancer_La_Recherche' is clicked on

14-02-2025T09:42:05 - [TEST_STEP][PASSED] - delay(5): Delayed 5 second(s)

14-02-2025T09:42:05 - [MESSAGE][INFO] - Delaying browser in 5 second(s)

14-02-2025T09:42:10 - [MESSAGE][PASSED] - Delayed 5 second(s)

14-02-2025T09:42:10 - [TEST_STEP][PASSED] - scrollToElement(findTestObject("Object Repository/ANEF_Eloignement_V_Nawres/Page_Creation_ou_Recherche_Dossier/btn_Radio_Selectionner_Dossier"), 5, STOP_ON_FAILURE): Scroll to object 'Object Repository/ANEF_Eloignement_V_Nawres/Page_Creation_ou_Recherche_Dossier/btn_Radio_Selectionner_Dossier' successfully

14-02-2025T09:42:10 - [MESSAGE][INFO] - Finding Test Object 'Object Repository/ANEF_Eloignement_V_Nawres/Page_Creation_ou_Recherche_Dossier/btn_Radio_Selectionner_Dossier'

14-02-2025T09:42:10 - [MESSAGE][INFO] - Checking object

14-02-2025T09:42:10 - [MESSAGE][INFO] - Checking timeout

14-02-2025T09:42:10 - [MESSAGE][INFO] - Finding web element from Test Object's properties

14-02-2025T09:42:10 - [MESSAGE][INFO] - Checking timeout

14-02-2025T09:42:10 - [MESSAGE][INFO] - Finding web element with id: 'Object Repository/ANEF_Eloignement_V_Nawres/Page_Creation_ou_Recherche_Dossier/btn_Radio_Selectionner_Dossier' located by 'By.xpath: //app-search-etranger/app-search-result-etranger//table/tbody/tr//label' in '100' second(s)

14-02-2025T09:42:10 - [MESSAGE][INFO] - Found 1 web elements with id: 'Object Repository/ANEF_Eloignement_V_Nawres/Page_Creation_ou_Recherche_Dossier/btn_Radio_Selectionner_Dossier' located by 'By.xpath: //app-search-etranger/app-search-result-etranger//table/tbody/tr//label' in '100' second(s)

14-02-2025T09:42:10 - [MESSAGE][INFO] - Scrolling to object 'Object Repository/ANEF_Eloignement_V_Nawres/Page_Creation_ou_Recherche_Dossier/btn_Radio_Selectionner_Dossier'

14-02-2025T09:42:10 - [MESSAGE][PASSED] - Scroll to object 'Object Repository/ANEF_Eloignement_V_Nawres/Page_Creation_ou_Recherche_Dossier/btn_Radio_Selectionner_Dossier' successfully

14-02-2025T09:42:10 - [TEST_STEP][PASSED] - click(findTestObject("Object Repository/ANEF_Eloignement_V_Nawres/Page_Creation_ou_Recherche_Dossier/btn_Radio_Selectionner_Dossier"), STOP_ON_FAILURE): Object: 'Object Repository/ANEF_Eloignement_V_Nawres/Page_Creation_ou_Recherche_Dossier/btn_Radio_Selectionner_Dossier' is clicked on

14-02-2025T09:42:10 - [MESSAGE][INFO] - Finding Test Object 'Object Repository/ANEF_Eloignement_V_Nawres/Page_Creation_ou_Recherche_Dossier/btn_Radio_Selectionner_Dossier'

14-02-2025T09:42:10 - [MESSAGE][INFO] - Checking timeout

14-02-2025T09:42:10 - [MESSAGE][INFO] - Finding web element with id: 'Object Repository/ANEF_Eloignement_V_Nawres/Page_Creation_ou_Recherche_Dossier/btn_Radio_Selectionner_Dossier' located by 'By.xpath: //app-search-etranger/app-search-result-etranger//table/tbody/tr//label' in '20' second(s)

14-02-2025T09:42:10 - [MESSAGE][INFO] - Found 1 web elements with id: 'Object Repository/ANEF_Eloignement_V_Nawres/Page_Creation_ou_Recherche_Dossier/btn_Radio_Selectionner_Dossier' located by 'By.xpath: //app-search-etranger/app-search-result-etranger//table/tbody/tr//label' in '20' second(s)

14-02-2025T09:42:10 - [MESSAGE][INFO] - Checking object

14-02-2025T09:42:10 - [MESSAGE][INFO] - Checking timeout

14-02-2025T09:42:10 - [MESSAGE][INFO] - Finding web element from Test Object's properties

14-02-2025T09:42:10 - [MESSAGE][INFO] - Checking timeout

14-02-2025T09:42:10 - [MESSAGE][INFO] - Finding web element with id: 'Object Repository/ANEF_Eloignement_V_Nawres/Page_Creation_ou_Recherche_Dossier/btn_Radio_Selectionner_Dossier' located by 'By.xpath: //app-search-etranger/app-search-result-etranger//table/tbody/tr//label' in '100' second(s)

14-02-2025T09:42:10 - [MESSAGE][INFO] - Found 1 web elements with id: 'Object Repository/ANEF_Eloignement_V_Nawres/Page_Creation_ou_Recherche_Dossier/btn_Radio_Selectionner_Dossier' located by 'By.xpath: //app-search-etranger/app-search-result-etranger//table/tbody/tr//label' in '100' second(s)

14-02-2025T09:42:10 - [MESSAGE][INFO] - Clicking on object: 'Object Repository/ANEF_Eloignement_V_Nawres/Page_Creation_ou_Recherche_Dossier/btn_Radio_Selectionner_Dossier'

14-02-2025T09:42:11 - [MESSAGE][PASSED] - Object: 'Object Repository/ANEF_Eloignement_V_Nawres/Page_Creation_ou_Recherche_Dossier/btn_Radio_Selectionner_Dossier' is clicked on

14-02-2025T09:42:11 - [TEST_STEP][PASSED] - click(findTestObject("Object Repository/ANEF_Eloignement_V_Nawres/Page_Creation_ou_Recherche_Dossier/btn_Choisir_Dossier_Etranger"), STOP_ON_FAILURE): Object: 'Object Repository/ANEF_Eloignement_V_Nawres/Page_Creation_ou_Recherche_Dossier/btn_Choisir_Dossier_Etranger' is clicked on

14-02-2025T09:42:11 - [MESSAGE][INFO] - Finding Test Object 'Object Repository/ANEF_Eloignement_V_Nawres/Page_Creation_ou_Recherche_Dossier/btn_Choisir_Dossier_Etranger'

14-02-2025T09:42:11 - [MESSAGE][INFO] - Checking timeout

14-02-2025T09:42:11 - [MESSAGE][INFO] - Finding web element with id: 'Object Repository/ANEF_Eloignement_V_Nawres/Page_Creation_ou_Recherche_Dossier/btn_Choisir_Dossier_Etranger' located by 'By.xpath: //button[contains(text(),"Choisir un dossier Ã©tranger")]' in '20' second(s)

14-02-2025T09:42:11 - [MESSAGE][INFO] - Found 1 web elements with id: 'Object Repository/ANEF_Eloignement_V_Nawres/Page_Creation_ou_Recherche_Dossier/btn_Choisir_Dossier_Etranger' located by 'By.xpath: //button[contains(text(),"Choisir un dossier Ã©tranger")]' in '20' second(s)

14-02-2025T09:42:11 - [MESSAGE][INFO] - Checking object

14-02-2025T09:42:11 - [MESSAGE][INFO] - Checking timeout

14-02-2025T09:42:11 - [MESSAGE][INFO] - Finding web element from Test Object's properties

14-02-2025T09:42:11 - [MESSAGE][INFO] - Checking timeout

14-02-2025T09:42:11 - [MESSAGE][INFO] - Finding web element with id: 'Object Repository/ANEF_Eloignement_V_Nawres/Page_Creation_ou_Recherche_Dossier/btn_Choisir_Dossier_Etranger' located by 'By.xpath: //button[contains(text(),"Choisir un dossier Ã©tranger")]' in '100' second(s)

14-02-2025T09:42:11 - [MESSAGE][INFO] - Found 1 web elements with id: 'Object Repository/ANEF_Eloignement_V_Nawres/Page_Creation_ou_Recherche_Dossier/btn_Choisir_Dossier_Etranger' located by 'By.xpath: //button[contains(text(),"Choisir un dossier Ã©tranger")]' in '100' second(s)

14-02-2025T09:42:11 - [MESSAGE][INFO] - Clicking on object: 'Object Repository/ANEF_Eloignement_V_Nawres/Page_Creation_ou_Recherche_Dossier/btn_Choisir_Dossier_Etranger'

14-02-2025T09:42:13 - [MESSAGE][PASSED] - Object: 'Object Repository/ANEF_Eloignement_V_Nawres/Page_Creation_ou_Recherche_Dossier/btn_Choisir_Dossier_Etranger' is clicked on

14-02-2025T09:42:13 - [MESSAGE][PASSED] - Call Test Case 'Test Cases/Test Reutilisable/Main/ANEF_Eloignement_V_Nawres/ANEF_Creation_ou_Recherche_Dossier' successfully

14-02-2025T09:42:13 - [TEST_STEP][PASSED] - if (CreationOuRecherche == "Creation"): null

14-02-2025T09:42:13 - [TEST_STEP][PASSED] - println(NumeroEtranger): null

14-02-2025T09:42:13 - [TEST_STEP][PASSED] - callTestCase(findTestCase("Test Cases/Test Reutilisable/Main/ANEF_Eloignement_V_Nawres/ANEF_Prendre_Mesure"), ["Mesure":Mesure, "FondementLegal":FondementLegal, "NatureDeLacteExpulsion":NatureDeLacteExpulsion, "NatureDeLacteExpulsion":NatureDeLacteExpulsion, ... ], STOP_ON_FAILURE): Call Test Case 'Test Cases/Test Reutilisable/Main/ANEF_Eloignement_V_Nawres/ANEF_Prendre_Mesure' successfully

14-02-2025T09:42:13 - [MESSAGE][INFO] - Checking called Test Case

14-02-2025T09:42:13 - [MESSAGE][INFO] - Starting to call Test Case 'Test Cases/Test Reutilisable/Main/ANEF_Eloignement_V_Nawres/ANEF_Prendre_Mesure'

14-02-2025T09:42:13 - [TEST_CASE][PASSED] - Test Cases/Test Reutilisable/Main/ANEF_Eloignement_V_Nawres/ANEF_Prendre_Mesure: Test Cases/Test Reutilisable/Main/ANEF_Eloignement_V_Nawres/ANEF_Prendre_Mesure

14-02-2025T09:42:13 - [TEST_STEP][PASSED] - click(findTestObject("Object Repository/ANEF_Eloignement_V_Nawres/Page_Prendre_Mesure/btn_Prendre_Mesure"), STOP_ON_FAILURE): Object: 'Object Repository/ANEF_Eloignement_V_Nawres/Page_Prendre_Mesure/btn_Prendre_Mesure' is clicked on

14-02-2025T09:42:13 - [MESSAGE][INFO] - Finding Test Object 'Object Repository/ANEF_Eloignement_V_Nawres/Page_Prendre_Mesure/btn_Prendre_Mesure'

14-02-2025T09:42:13 - [MESSAGE][INFO] - Checking timeout

14-02-2025T09:42:13 - [MESSAGE][INFO] - Finding web element with id: 'Object Repository/ANEF_Eloignement_V_Nawres/Page_Prendre_Mesure/btn_Prendre_Mesure' located by 'By.xpath: //button[@title="Prendre une Mesure"]' in '20' second(s)

14-02-2025T09:42:14 - [MESSAGE][INFO] - Found 1 web elements with id: 'Object Repository/ANEF_Eloignement_V_Nawres/Page_Prendre_Mesure/btn_Prendre_Mesure' located by 'By.xpath: //button[@title="Prendre une Mesure"]' in '20' second(s)

14-02-2025T09:42:14 - [MESSAGE][INFO] - Checking object

14-02-2025T09:42:14 - [MESSAGE][INFO] - Checking timeout

14-02-2025T09:42:14 - [MESSAGE][INFO] - Finding web element from Test Object's properties

14-02-2025T09:42:14 - [MESSAGE][INFO] - Checking timeout

14-02-2025T09:42:14 - [MESSAGE][INFO] - Finding web element with id: 'Object Repository/ANEF_Eloignement_V_Nawres/Page_Prendre_Mesure/btn_Prendre_Mesure' located by 'By.xpath: //button[@title="Prendre une Mesure"]' in '100' second(s)

14-02-2025T09:42:14 - [MESSAGE][INFO] - Found 1 web elements with id: 'Object Repository/ANEF_Eloignement_V_Nawres/Page_Prendre_Mesure/btn_Prendre_Mesure' located by 'By.xpath: //button[@title="Prendre une Mesure"]' in '100' second(s)

14-02-2025T09:42:14 - [MESSAGE][INFO] - Clicking on object: 'Object Repository/ANEF_Eloignement_V_Nawres/Page_Prendre_Mesure/btn_Prendre_Mesure'

14-02-2025T09:42:15 - [MESSAGE][PASSED] - Object: 'Object Repository/ANEF_Eloignement_V_Nawres/Page_Prendre_Mesure/btn_Prendre_Mesure' is clicked on

14-02-2025T09:42:15 - [TEST_STEP][PASSED] - delay(5): Delayed 5 second(s)

14-02-2025T09:42:15 - [MESSAGE][INFO] - Delaying browser in 5 second(s)

14-02-2025T09:42:20 - [MESSAGE][PASSED] - Delayed 5 second(s)

14-02-2025T09:42:20 - [TEST_STEP][PASSED] - switch (Mesure): null

14-02-2025T09:42:20 - [TEST_STEP][PASSED] - case "TransfertDublin":: Object 'Object Repository/ANEF_Eloignement_V_Nawres/Page_Prendre_Mesure/btn_Supprimer_Fiche_Mesure' is present

14-02-2025T09:42:20 - [TEST_STEP][PASSED] - selectOptionByLabel(findTestObject("Object Repository/ANEF_Eloignement_V_Nawres/Page_Prendre_Mesure/select_Type_Mesure"), "Transfert Dublin", false, STOP_ON_FAILURE): All options with label 'Transfert Dublin' are selected in object 'Object Repository/ANEF_Eloignement_V_Nawres/Page_Prendre_Mesure/select_Type_Mesure' 

14-02-2025T09:42:20 - [MESSAGE][INFO] - Finding Test Object 'Object Repository/ANEF_Eloignement_V_Nawres/Page_Prendre_Mesure/select_Type_Mesure'

14-02-2025T09:42:20 - [MESSAGE][INFO] - Checking timeout

14-02-2025T09:42:20 - [MESSAGE][INFO] - Finding web element with id: 'Object Repository/ANEF_Eloignement_V_Nawres/Page_Prendre_Mesure/select_Type_Mesure' located by 'By.xpath: //select[@id="typeMesure"]' in '20' second(s)

14-02-2025T09:42:20 - [MESSAGE][INFO] - Found 1 web elements with id: 'Object Repository/ANEF_Eloignement_V_Nawres/Page_Prendre_Mesure/select_Type_Mesure' located by 'By.xpath: //select[@id="typeMesure"]' in '20' second(s)

14-02-2025T09:42:20 - [MESSAGE][INFO] - Checking object

14-02-2025T09:42:20 - [MESSAGE][INFO] - Checking label parameter

14-02-2025T09:42:20 - [MESSAGE][INFO] - Finding web element from Test Object's properties

14-02-2025T09:42:20 - [MESSAGE][INFO] - Checking timeout

14-02-2025T09:42:20 - [MESSAGE][INFO] - Finding web element with id: 'Object Repository/ANEF_Eloignement_V_Nawres/Page_Prendre_Mesure/select_Type_Mesure' located by 'By.xpath: //select[@id="typeMesure"]' in '100' second(s)

14-02-2025T09:42:20 - [MESSAGE][INFO] - Found 1 web elements with id: 'Object Repository/ANEF_Eloignement_V_Nawres/Page_Prendre_Mesure/select_Type_Mesure' located by 'By.xpath: //select[@id="typeMesure"]' in '100' second(s)

14-02-2025T09:42:20 - [MESSAGE][INFO] - Selecting options on object 'Object Repository/ANEF_Eloignement_V_Nawres/Page_Prendre_Mesure/select_Type_Mesure' with label 'Transfert Dublin' 

14-02-2025T09:42:21 - [MESSAGE][PASSED] - All options with label 'Transfert Dublin' are selected in object 'Object Repository/ANEF_Eloignement_V_Nawres/Page_Prendre_Mesure/select_Type_Mesure' 

14-02-2025T09:42:21 - [TEST_STEP][PASSED] - click(findTestObject("Object Repository/ANEF_Eloignement_V_Nawres/Page_Prendre_Mesure/btn_Confirmer_Mesure"), STOP_ON_FAILURE): Object: 'Object Repository/ANEF_Eloignement_V_Nawres/Page_Prendre_Mesure/btn_Confirmer_Mesure' is clicked on

14-02-2025T09:42:21 - [MESSAGE][INFO] - Finding Test Object 'Object Repository/ANEF_Eloignement_V_Nawres/Page_Prendre_Mesure/btn_Confirmer_Mesure'

14-02-2025T09:42:21 - [MESSAGE][INFO] - Checking timeout

14-02-2025T09:42:21 - [MESSAGE][INFO] - Finding web element with id: 'Object Repository/ANEF_Eloignement_V_Nawres/Page_Prendre_Mesure/btn_Confirmer_Mesure' located by 'By.xpath: //button[@id="btn-confirme-decision"]' in '20' second(s)

14-02-2025T09:42:21 - [MESSAGE][INFO] - Found 1 web elements with id: 'Object Repository/ANEF_Eloignement_V_Nawres/Page_Prendre_Mesure/btn_Confirmer_Mesure' located by 'By.xpath: //button[@id="btn-confirme-decision"]' in '20' second(s)

14-02-2025T09:42:21 - [MESSAGE][INFO] - Checking object

14-02-2025T09:42:21 - [MESSAGE][INFO] - Checking timeout

14-02-2025T09:42:21 - [MESSAGE][INFO] - Finding web element from Test Object's properties

14-02-2025T09:42:21 - [MESSAGE][INFO] - Checking timeout

14-02-2025T09:42:21 - [MESSAGE][INFO] - Finding web element with id: 'Object Repository/ANEF_Eloignement_V_Nawres/Page_Prendre_Mesure/btn_Confirmer_Mesure' located by 'By.xpath: //button[@id="btn-confirme-decision"]' in '100' second(s)

14-02-2025T09:42:21 - [MESSAGE][INFO] - Found 1 web elements with id: 'Object Repository/ANEF_Eloignement_V_Nawres/Page_Prendre_Mesure/btn_Confirmer_Mesure' located by 'By.xpath: //button[@id="btn-confirme-decision"]' in '100' second(s)

14-02-2025T09:42:21 - [MESSAGE][INFO] - Clicking on object: 'Object Repository/ANEF_Eloignement_V_Nawres/Page_Prendre_Mesure/btn_Confirmer_Mesure'

14-02-2025T09:42:22 - [MESSAGE][PASSED] - Object: 'Object Repository/ANEF_Eloignement_V_Nawres/Page_Prendre_Mesure/btn_Confirmer_Mesure' is clicked on

14-02-2025T09:42:22 - [TEST_STEP][PASSED] - verifyElementPresent(findTestObject("Object Repository/ANEF_Eloignement_V_Nawres/Page_Prendre_Mesure/btn_Supprimer_Fiche_Mesure"), 2, STOP_ON_FAILURE): Object 'Object Repository/ANEF_Eloignement_V_Nawres/Page_Prendre_Mesure/btn_Supprimer_Fiche_Mesure' is present

14-02-2025T09:42:22 - [MESSAGE][INFO] - Finding Test Object 'Object Repository/ANEF_Eloignement_V_Nawres/Page_Prendre_Mesure/btn_Supprimer_Fiche_Mesure'

14-02-2025T09:42:22 - [MESSAGE][INFO] - Checking object

14-02-2025T09:42:22 - [MESSAGE][INFO] - Finding web element from Test Object's properties

14-02-2025T09:42:22 - [MESSAGE][INFO] - Checking timeout

14-02-2025T09:42:22 - [MESSAGE][INFO] - Finding web element with id: 'Object Repository/ANEF_Eloignement_V_Nawres/Page_Prendre_Mesure/btn_Supprimer_Fiche_Mesure' located by 'By.xpath: //button[@title="Supprimer une Mesure"]' in '2' second(s)

14-02-2025T09:42:23 - [MESSAGE][INFO] - Found 1 web elements with id: 'Object Repository/ANEF_Eloignement_V_Nawres/Page_Prendre_Mesure/btn_Supprimer_Fiche_Mesure' located by 'By.xpath: //button[@title="Supprimer une Mesure"]' in '2' second(s)

14-02-2025T09:42:23 - [MESSAGE][PASSED] - Object 'Object Repository/ANEF_Eloignement_V_Nawres/Page_Prendre_Mesure/btn_Supprimer_Fiche_Mesure' is present

14-02-2025T09:42:23 - [TEST_STEP][PASSED] - Default: null

14-02-2025T09:42:23 - [TEST_STEP][PASSED] - break: null

14-02-2025T09:42:23 - [TEST_STEP][PASSED] - callTestCase(findTestCase("Test Cases/Test Reutilisable/Main/ANEF_Eloignement_V_Nawres/ANEF_Prendre_Mesure_Formulaire"), ["Mesure":Mesure, "FondementLegal":FondementLegal, "NatureDeLacteExpulsion":NatureDeLacteExpulsion, "UrgenceAbsolueExpulsion":UrgenceAbsolueExpulsion, ... ], STOP_ON_FAILURE): Call Test Case 'Test Cases/Test Reutilisable/Main/ANEF_Eloignement_V_Nawres/ANEF_Prendre_Mesure_Formulaire' successfully

14-02-2025T09:42:23 - [MESSAGE][INFO] - Checking called Test Case

14-02-2025T09:42:23 - [MESSAGE][INFO] - Starting to call Test Case 'Test Cases/Test Reutilisable/Main/ANEF_Eloignement_V_Nawres/ANEF_Prendre_Mesure_Formulaire'

14-02-2025T09:42:24 - [TEST_CASE][PASSED] - Test Cases/Test Reutilisable/Main/ANEF_Eloignement_V_Nawres/ANEF_Prendre_Mesure_Formulaire: Test Cases/Test Reutilisable/Main/ANEF_Eloignement_V_Nawres/ANEF_Prendre_Mesure_Formulaire

14-02-2025T09:42:24 - [TEST_STEP][PASSED] - calendar = Calendar.getInstance(): null

14-02-2025T09:42:24 - [TEST_STEP][PASSED] - currentDate = calendar.getTime(): null

14-02-2025T09:42:24 - [TEST_STEP][PASSED] - sdf = new java.text.SimpleDateFormat(dd/MM/yyyy): null

14-02-2025T09:42:24 - [TEST_STEP][PASSED] - formattedDate = sdf.format(currentDate): null

14-02-2025T09:42:24 - [TEST_STEP][PASSED] - DateActuelle = formattedDate.toString(): null

14-02-2025T09:42:24 - [TEST_STEP][PASSED] - println(DateActuelle): null

14-02-2025T09:42:24 - [TEST_STEP][PASSED] - if (Mesure != "ITF"): null

14-02-2025T09:42:24 - [TEST_STEP][PASSED] - selectOptionByLabel(findTestObject("Object Repository/ANEF_Eloignement_V_Nawres/Page_Prendre_Mesure_Formulaire/select_Fondement_Legal"), FondementLegal, false, STOP_ON_FAILURE): All options with label 'L. 572-1' are selected in object 'Object Repository/ANEF_Eloignement_V_Nawres/Page_Prendre_Mesure_Formulaire/select_Fondement_Legal' 

14-02-2025T09:42:24 - [MESSAGE][INFO] - Finding Test Object 'Object Repository/ANEF_Eloignement_V_Nawres/Page_Prendre_Mesure_Formulaire/select_Fondement_Legal'

14-02-2025T09:42:24 - [MESSAGE][INFO] - Checking timeout

14-02-2025T09:42:24 - [MESSAGE][INFO] - Finding web element with id: 'Object Repository/ANEF_Eloignement_V_Nawres/Page_Prendre_Mesure_Formulaire/select_Fondement_Legal' located by 'By.xpath: //select[@id="fondement_legal"]' in '20' second(s)

14-02-2025T09:42:24 - [MESSAGE][INFO] - Found 1 web elements with id: 'Object Repository/ANEF_Eloignement_V_Nawres/Page_Prendre_Mesure_Formulaire/select_Fondement_Legal' located by 'By.xpath: //select[@id="fondement_legal"]' in '20' second(s)

14-02-2025T09:42:24 - [MESSAGE][INFO] - Checking object

14-02-2025T09:42:24 - [MESSAGE][INFO] - Checking label parameter

14-02-2025T09:42:24 - [MESSAGE][INFO] - Finding web element from Test Object's properties

14-02-2025T09:42:24 - [MESSAGE][INFO] - Checking timeout

14-02-2025T09:42:24 - [MESSAGE][INFO] - Finding web element with id: 'Object Repository/ANEF_Eloignement_V_Nawres/Page_Prendre_Mesure_Formulaire/select_Fondement_Legal' located by 'By.xpath: //select[@id="fondement_legal"]' in '100' second(s)

14-02-2025T09:42:24 - [MESSAGE][INFO] - Found 1 web elements with id: 'Object Repository/ANEF_Eloignement_V_Nawres/Page_Prendre_Mesure_Formulaire/select_Fondement_Legal' located by 'By.xpath: //select[@id="fondement_legal"]' in '100' second(s)

14-02-2025T09:42:24 - [MESSAGE][INFO] - Selecting options on object 'Object Repository/ANEF_Eloignement_V_Nawres/Page_Prendre_Mesure_Formulaire/select_Fondement_Legal' with label 'L. 572-1' 

14-02-2025T09:42:24 - [MESSAGE][PASSED] - All options with label 'L. 572-1' are selected in object 'Object Repository/ANEF_Eloignement_V_Nawres/Page_Prendre_Mesure_Formulaire/select_Fondement_Legal' 

14-02-2025T09:42:24 - [TEST_STEP][PASSED] - if (Mesure == "Expulsion"): null

14-02-2025T09:42:24 - [TEST_STEP][PASSED] - NumberUsagerRandom = tools.MyStringTools.getRandomNumber(10, 99): tools.MyStringTools.getRandomNumber is PASSED

14-02-2025T09:42:24 - [MESSAGE][PASSED] - tools.MyStringTools.getRandomNumber is PASSED

14-02-2025T09:42:24 - [TEST_STEP][PASSED] - println(NumberUsagerRandom): null

14-02-2025T09:42:24 - [TEST_STEP][PASSED] - RandomNumber = NumberUsagerRandom.toString(): null

14-02-2025T09:42:24 - [TEST_STEP][PASSED] - if (Mesure == "OQTF"): null

14-02-2025T09:42:24 - [TEST_STEP][PASSED] - if (Mesure == "RemiseSchengen"): null

14-02-2025T09:42:24 - [TEST_STEP][PASSED] - RandomNumber = tools.MyStringTools.getRandomNumber(1, 30): tools.MyStringTools.getRandomNumber is PASSED

14-02-2025T09:42:24 - [MESSAGE][PASSED] - tools.MyStringTools.getRandomNumber is PASSED

14-02-2025T09:42:24 - [TEST_STEP][PASSED] - println(RandomNumber): null

14-02-2025T09:42:24 - [TEST_STEP][PASSED] - RandomNumberSelect = RandomNumber.toString(): null

14-02-2025T09:42:24 - [TEST_STEP][PASSED] - if (Mesure == "TransfertDublin"): null

14-02-2025T09:42:24 - [TEST_STEP][PASSED] - setText(findTestObject("Object Repository/ANEF_Eloignement_V_Nawres/Page_Prendre_Mesure_Formulaire/input_Date_Transmission_Requete"), DateActuelle, STOP_ON_FAILURE): Text '14/02/2025' is set on object 'Object Repository/ANEF_Eloignement_V_Nawres/Page_Prendre_Mesure_Formulaire/input_Date_Transmission_Requete'

14-02-2025T09:42:24 - [MESSAGE][INFO] - Finding Test Object 'Object Repository/ANEF_Eloignement_V_Nawres/Page_Prendre_Mesure_Formulaire/input_Date_Transmission_Requete'

14-02-2025T09:42:24 - [MESSAGE][INFO] - Checking timeout

14-02-2025T09:42:24 - [MESSAGE][INFO] - Finding web element with id: 'Object Repository/ANEF_Eloignement_V_Nawres/Page_Prendre_Mesure_Formulaire/input_Date_Transmission_Requete' located by 'By.xpath: //input[@id="date_transmission_requete"]' in '20' second(s)

14-02-2025T09:42:24 - [MESSAGE][INFO] - Found 1 web elements with id: 'Object Repository/ANEF_Eloignement_V_Nawres/Page_Prendre_Mesure_Formulaire/input_Date_Transmission_Requete' located by 'By.xpath: //input[@id="date_transmission_requete"]' in '20' second(s)

14-02-2025T09:42:24 - [MESSAGE][INFO] - Checking object

14-02-2025T09:42:24 - [MESSAGE][INFO] - Checking text

14-02-2025T09:42:24 - [MESSAGE][INFO] - Finding web element from Test Object's properties

14-02-2025T09:42:24 - [MESSAGE][INFO] - Checking timeout

14-02-2025T09:42:24 - [MESSAGE][INFO] - Finding web element with id: 'Object Repository/ANEF_Eloignement_V_Nawres/Page_Prendre_Mesure_Formulaire/input_Date_Transmission_Requete' located by 'By.xpath: //input[@id="date_transmission_requete"]' in '100' second(s)

14-02-2025T09:42:24 - [MESSAGE][INFO] - Found 1 web elements with id: 'Object Repository/ANEF_Eloignement_V_Nawres/Page_Prendre_Mesure_Formulaire/input_Date_Transmission_Requete' located by 'By.xpath: //input[@id="date_transmission_requete"]' in '100' second(s)

14-02-2025T09:42:24 - [MESSAGE][INFO] - Clearing text of object 'Object Repository/ANEF_Eloignement_V_Nawres/Page_Prendre_Mesure_Formulaire/input_Date_Transmission_Requete'

14-02-2025T09:42:25 - [MESSAGE][INFO] - Finding web element from Test Object's properties

14-02-2025T09:42:25 - [MESSAGE][INFO] - Checking timeout

14-02-2025T09:42:25 - [MESSAGE][INFO] - Finding web element with id: 'Object Repository/ANEF_Eloignement_V_Nawres/Page_Prendre_Mesure_Formulaire/input_Date_Transmission_Requete' located by 'By.xpath: //input[@id="date_transmission_requete"]' in '100' second(s)

14-02-2025T09:42:25 - [MESSAGE][INFO] - Found 1 web elements with id: 'Object Repository/ANEF_Eloignement_V_Nawres/Page_Prendre_Mesure_Formulaire/input_Date_Transmission_Requete' located by 'By.xpath: //input[@id="date_transmission_requete"]' in '100' second(s)

14-02-2025T09:42:25 - [MESSAGE][INFO] - Setting text of object 'Object Repository/ANEF_Eloignement_V_Nawres/Page_Prendre_Mesure_Formulaire/input_Date_Transmission_Requete' to value '14/02/2025'

14-02-2025T09:42:26 - [MESSAGE][PASSED] - Text '14/02/2025' is set on object 'Object Repository/ANEF_Eloignement_V_Nawres/Page_Prendre_Mesure_Formulaire/input_Date_Transmission_Requete'

14-02-2025T09:42:26 - [TEST_STEP][PASSED] - selectOptionByIndex(findTestObject("Object Repository/ANEF_Eloignement_V_Nawres/Page_Prendre_Mesure_Formulaire/select_Etat_Requis"), RandomNumberSelect, STOP_ON_FAILURE): All options with index in [12] are selected on object 'Object Repository/ANEF_Eloignement_V_Nawres/Page_Prendre_Mesure_Formulaire/select_Etat_Requis'

14-02-2025T09:42:26 - [MESSAGE][INFO] - Finding Test Object 'Object Repository/ANEF_Eloignement_V_Nawres/Page_Prendre_Mesure_Formulaire/select_Etat_Requis'

14-02-2025T09:42:26 - [MESSAGE][INFO] - Checking timeout

14-02-2025T09:42:26 - [MESSAGE][INFO] - Finding web element with id: 'Object Repository/ANEF_Eloignement_V_Nawres/Page_Prendre_Mesure_Formulaire/select_Etat_Requis' located by 'By.xpath: //select[@name="pays"]' in '20' second(s)

14-02-2025T09:42:26 - [MESSAGE][INFO] - Found 1 web elements with id: 'Object Repository/ANEF_Eloignement_V_Nawres/Page_Prendre_Mesure_Formulaire/select_Etat_Requis' located by 'By.xpath: //select[@name="pays"]' in '20' second(s)

14-02-2025T09:42:26 - [MESSAGE][INFO] - Checking object

14-02-2025T09:42:26 - [MESSAGE][INFO] - Checking index range

14-02-2025T09:42:26 - [MESSAGE][INFO] - Converting range parameter '12' to index array

14-02-2025T09:42:26 - [MESSAGE][INFO] - Range parameter '12' is converted to index array [12]

14-02-2025T09:42:26 - [MESSAGE][INFO] - Finding web element from Test Object's properties

14-02-2025T09:42:26 - [MESSAGE][INFO] - Checking timeout

14-02-2025T09:42:26 - [MESSAGE][INFO] - Finding web element with id: 'Object Repository/ANEF_Eloignement_V_Nawres/Page_Prendre_Mesure_Formulaire/select_Etat_Requis' located by 'By.xpath: //select[@name="pays"]' in '100' second(s)

14-02-2025T09:42:26 - [MESSAGE][INFO] - Found 1 web elements with id: 'Object Repository/ANEF_Eloignement_V_Nawres/Page_Prendre_Mesure_Formulaire/select_Etat_Requis' located by 'By.xpath: //select[@name="pays"]' in '100' second(s)

14-02-2025T09:42:26 - [MESSAGE][INFO] - Checking index parameters

14-02-2025T09:42:26 - [MESSAGE][INFO] - Selecting options on object 'Object Repository/ANEF_Eloignement_V_Nawres/Page_Prendre_Mesure_Formulaire/select_Etat_Requis' with index in [12]

14-02-2025T09:42:27 - [MESSAGE][INFO] - Option with index 12 is selected

14-02-2025T09:42:27 - [MESSAGE][PASSED] - All options with index in [12] are selected on object 'Object Repository/ANEF_Eloignement_V_Nawres/Page_Prendre_Mesure_Formulaire/select_Etat_Requis'

14-02-2025T09:42:27 - [TEST_STEP][PASSED] - setText(findTestObject("Object Repository/ANEF_Eloignement_V_Nawres/Page_Prendre_Mesure_Formulaire/input_Date_Reponse_Etat_Requis"), DateActuelle, STOP_ON_FAILURE): Text '14/02/2025' is set on object 'Object Repository/ANEF_Eloignement_V_Nawres/Page_Prendre_Mesure_Formulaire/input_Date_Reponse_Etat_Requis'

14-02-2025T09:42:27 - [MESSAGE][INFO] - Finding Test Object 'Object Repository/ANEF_Eloignement_V_Nawres/Page_Prendre_Mesure_Formulaire/input_Date_Reponse_Etat_Requis'

14-02-2025T09:42:27 - [MESSAGE][INFO] - Checking timeout

14-02-2025T09:42:27 - [MESSAGE][INFO] - Finding web element with id: 'Object Repository/ANEF_Eloignement_V_Nawres/Page_Prendre_Mesure_Formulaire/input_Date_Reponse_Etat_Requis' located by 'By.xpath: //input[@id="date_reponse"]' in '20' second(s)

14-02-2025T09:42:27 - [MESSAGE][INFO] - Found 1 web elements with id: 'Object Repository/ANEF_Eloignement_V_Nawres/Page_Prendre_Mesure_Formulaire/input_Date_Reponse_Etat_Requis' located by 'By.xpath: //input[@id="date_reponse"]' in '20' second(s)

14-02-2025T09:42:28 - [MESSAGE][INFO] - Checking object

14-02-2025T09:42:28 - [MESSAGE][INFO] - Checking text

14-02-2025T09:42:28 - [MESSAGE][INFO] - Finding web element from Test Object's properties

14-02-2025T09:42:28 - [MESSAGE][INFO] - Checking timeout

14-02-2025T09:42:28 - [MESSAGE][INFO] - Finding web element with id: 'Object Repository/ANEF_Eloignement_V_Nawres/Page_Prendre_Mesure_Formulaire/input_Date_Reponse_Etat_Requis' located by 'By.xpath: //input[@id="date_reponse"]' in '100' second(s)

14-02-2025T09:42:28 - [MESSAGE][INFO] - Found 1 web elements with id: 'Object Repository/ANEF_Eloignement_V_Nawres/Page_Prendre_Mesure_Formulaire/input_Date_Reponse_Etat_Requis' located by 'By.xpath: //input[@id="date_reponse"]' in '100' second(s)

14-02-2025T09:42:28 - [MESSAGE][INFO] - Clearing text of object 'Object Repository/ANEF_Eloignement_V_Nawres/Page_Prendre_Mesure_Formulaire/input_Date_Reponse_Etat_Requis'

14-02-2025T09:42:29 - [MESSAGE][INFO] - Finding web element from Test Object's properties

14-02-2025T09:42:29 - [MESSAGE][INFO] - Checking timeout

14-02-2025T09:42:29 - [MESSAGE][INFO] - Finding web element with id: 'Object Repository/ANEF_Eloignement_V_Nawres/Page_Prendre_Mesure_Formulaire/input_Date_Reponse_Etat_Requis' located by 'By.xpath: //input[@id="date_reponse"]' in '100' second(s)

14-02-2025T09:42:29 - [MESSAGE][INFO] - Found 1 web elements with id: 'Object Repository/ANEF_Eloignement_V_Nawres/Page_Prendre_Mesure_Formulaire/input_Date_Reponse_Etat_Requis' located by 'By.xpath: //input[@id="date_reponse"]' in '100' second(s)

14-02-2025T09:42:29 - [MESSAGE][INFO] - Setting text of object 'Object Repository/ANEF_Eloignement_V_Nawres/Page_Prendre_Mesure_Formulaire/input_Date_Reponse_Etat_Requis' to value '14/02/2025'

14-02-2025T09:42:30 - [MESSAGE][PASSED] - Text '14/02/2025' is set on object 'Object Repository/ANEF_Eloignement_V_Nawres/Page_Prendre_Mesure_Formulaire/input_Date_Reponse_Etat_Requis'

14-02-2025T09:42:30 - [TEST_STEP][PASSED] - selectOptionByLabel(findTestObject("Object Repository/ANEF_Eloignement_V_Nawres/Page_Prendre_Mesure_Formulaire/select_Decision_Etat_Requis"), DecisionEtatTransfertDublin, false, STOP_ON_FAILURE): All options with label 'Accord' are selected in object 'Object Repository/ANEF_Eloignement_V_Nawres/Page_Prendre_Mesure_Formulaire/select_Decision_Etat_Requis' 

14-02-2025T09:42:30 - [MESSAGE][INFO] - Finding Test Object 'Object Repository/ANEF_Eloignement_V_Nawres/Page_Prendre_Mesure_Formulaire/select_Decision_Etat_Requis'

14-02-2025T09:42:30 - [MESSAGE][INFO] - Checking timeout

14-02-2025T09:42:30 - [MESSAGE][INFO] - Finding web element with id: 'Object Repository/ANEF_Eloignement_V_Nawres/Page_Prendre_Mesure_Formulaire/select_Decision_Etat_Requis' located by 'By.xpath: //select[@name="decision"]' in '20' second(s)

14-02-2025T09:42:30 - [MESSAGE][INFO] - Found 1 web elements with id: 'Object Repository/ANEF_Eloignement_V_Nawres/Page_Prendre_Mesure_Formulaire/select_Decision_Etat_Requis' located by 'By.xpath: //select[@name="decision"]' in '20' second(s)

14-02-2025T09:42:30 - [MESSAGE][INFO] - Checking object

14-02-2025T09:42:30 - [MESSAGE][INFO] - Checking label parameter

14-02-2025T09:42:30 - [MESSAGE][INFO] - Finding web element from Test Object's properties

14-02-2025T09:42:30 - [MESSAGE][INFO] - Checking timeout

14-02-2025T09:42:30 - [MESSAGE][INFO] - Finding web element with id: 'Object Repository/ANEF_Eloignement_V_Nawres/Page_Prendre_Mesure_Formulaire/select_Decision_Etat_Requis' located by 'By.xpath: //select[@name="decision"]' in '100' second(s)

14-02-2025T09:42:30 - [MESSAGE][INFO] - Found 1 web elements with id: 'Object Repository/ANEF_Eloignement_V_Nawres/Page_Prendre_Mesure_Formulaire/select_Decision_Etat_Requis' located by 'By.xpath: //select[@name="decision"]' in '100' second(s)

14-02-2025T09:42:30 - [MESSAGE][INFO] - Selecting options on object 'Object Repository/ANEF_Eloignement_V_Nawres/Page_Prendre_Mesure_Formulaire/select_Decision_Etat_Requis' with label 'Accord' 

14-02-2025T09:42:31 - [MESSAGE][PASSED] - All options with label 'Accord' are selected in object 'Object Repository/ANEF_Eloignement_V_Nawres/Page_Prendre_Mesure_Formulaire/select_Decision_Etat_Requis' 

14-02-2025T09:42:31 - [TEST_STEP][PASSED] - setText(findTestObject("Object Repository/ANEF_Eloignement_V_Nawres/Page_Prendre_Mesure_Formulaire/input_Date_Fin_Validite"), DateActuelle, STOP_ON_FAILURE): Text '14/02/2025' is set on object 'Object Repository/ANEF_Eloignement_V_Nawres/Page_Prendre_Mesure_Formulaire/input_Date_Fin_Validite'

14-02-2025T09:42:31 - [MESSAGE][INFO] - Finding Test Object 'Object Repository/ANEF_Eloignement_V_Nawres/Page_Prendre_Mesure_Formulaire/input_Date_Fin_Validite'

14-02-2025T09:42:31 - [MESSAGE][INFO] - Checking timeout

14-02-2025T09:42:31 - [MESSAGE][INFO] - Finding web element with id: 'Object Repository/ANEF_Eloignement_V_Nawres/Page_Prendre_Mesure_Formulaire/input_Date_Fin_Validite' located by 'By.xpath: //input[@id="date_fin_validite"]' in '20' second(s)

14-02-2025T09:42:31 - [MESSAGE][INFO] - Found 1 web elements with id: 'Object Repository/ANEF_Eloignement_V_Nawres/Page_Prendre_Mesure_Formulaire/input_Date_Fin_Validite' located by 'By.xpath: //input[@id="date_fin_validite"]' in '20' second(s)

14-02-2025T09:42:31 - [MESSAGE][INFO] - Checking object

14-02-2025T09:42:31 - [MESSAGE][INFO] - Checking text

14-02-2025T09:42:31 - [MESSAGE][INFO] - Finding web element from Test Object's properties

14-02-2025T09:42:31 - [MESSAGE][INFO] - Checking timeout

14-02-2025T09:42:31 - [MESSAGE][INFO] - Finding web element with id: 'Object Repository/ANEF_Eloignement_V_Nawres/Page_Prendre_Mesure_Formulaire/input_Date_Fin_Validite' located by 'By.xpath: //input[@id="date_fin_validite"]' in '100' second(s)

14-02-2025T09:42:31 - [MESSAGE][INFO] - Found 1 web elements with id: 'Object Repository/ANEF_Eloignement_V_Nawres/Page_Prendre_Mesure_Formulaire/input_Date_Fin_Validite' located by 'By.xpath: //input[@id="date_fin_validite"]' in '100' second(s)

14-02-2025T09:42:31 - [MESSAGE][INFO] - Clearing text of object 'Object Repository/ANEF_Eloignement_V_Nawres/Page_Prendre_Mesure_Formulaire/input_Date_Fin_Validite'

14-02-2025T09:42:32 - [MESSAGE][INFO] - Finding web element from Test Object's properties

14-02-2025T09:42:32 - [MESSAGE][INFO] - Checking timeout

14-02-2025T09:42:32 - [MESSAGE][INFO] - Finding web element with id: 'Object Repository/ANEF_Eloignement_V_Nawres/Page_Prendre_Mesure_Formulaire/input_Date_Fin_Validite' located by 'By.xpath: //input[@id="date_fin_validite"]' in '100' second(s)

14-02-2025T09:42:32 - [MESSAGE][INFO] - Found 1 web elements with id: 'Object Repository/ANEF_Eloignement_V_Nawres/Page_Prendre_Mesure_Formulaire/input_Date_Fin_Validite' located by 'By.xpath: //input[@id="date_fin_validite"]' in '100' second(s)

14-02-2025T09:42:32 - [MESSAGE][INFO] - Setting text of object 'Object Repository/ANEF_Eloignement_V_Nawres/Page_Prendre_Mesure_Formulaire/input_Date_Fin_Validite' to value '14/02/2025'

14-02-2025T09:42:33 - [MESSAGE][PASSED] - Text '14/02/2025' is set on object 'Object Repository/ANEF_Eloignement_V_Nawres/Page_Prendre_Mesure_Formulaire/input_Date_Fin_Validite'

14-02-2025T09:42:33 - [TEST_STEP][PASSED] - setText(findTestObject("Object Repository/ANEF_Eloignement_V_Nawres/Page_Prendre_Mesure_Formulaire/input_Date_Demande_Reexamen"), DateActuelle, STOP_ON_FAILURE): Text '14/02/2025' is set on object 'Object Repository/ANEF_Eloignement_V_Nawres/Page_Prendre_Mesure_Formulaire/input_Date_Demande_Reexamen'

14-02-2025T09:42:33 - [MESSAGE][INFO] - Finding Test Object 'Object Repository/ANEF_Eloignement_V_Nawres/Page_Prendre_Mesure_Formulaire/input_Date_Demande_Reexamen'

14-02-2025T09:42:33 - [MESSAGE][INFO] - Checking timeout

14-02-2025T09:42:33 - [MESSAGE][INFO] - Finding web element with id: 'Object Repository/ANEF_Eloignement_V_Nawres/Page_Prendre_Mesure_Formulaire/input_Date_Demande_Reexamen' located by 'By.xpath: //input[@id="date_demande_reexamen"]' in '20' second(s)

14-02-2025T09:42:33 - [MESSAGE][INFO] - Found 1 web elements with id: 'Object Repository/ANEF_Eloignement_V_Nawres/Page_Prendre_Mesure_Formulaire/input_Date_Demande_Reexamen' located by 'By.xpath: //input[@id="date_demande_reexamen"]' in '20' second(s)

14-02-2025T09:42:33 - [MESSAGE][INFO] - Checking object

14-02-2025T09:42:33 - [MESSAGE][INFO] - Checking text

14-02-2025T09:42:33 - [MESSAGE][INFO] - Finding web element from Test Object's properties

14-02-2025T09:42:33 - [MESSAGE][INFO] - Checking timeout

14-02-2025T09:42:33 - [MESSAGE][INFO] - Finding web element with id: 'Object Repository/ANEF_Eloignement_V_Nawres/Page_Prendre_Mesure_Formulaire/input_Date_Demande_Reexamen' located by 'By.xpath: //input[@id="date_demande_reexamen"]' in '100' second(s)

14-02-2025T09:42:33 - [MESSAGE][INFO] - Found 1 web elements with id: 'Object Repository/ANEF_Eloignement_V_Nawres/Page_Prendre_Mesure_Formulaire/input_Date_Demande_Reexamen' located by 'By.xpath: //input[@id="date_demande_reexamen"]' in '100' second(s)

14-02-2025T09:42:33 - [MESSAGE][INFO] - Clearing text of object 'Object Repository/ANEF_Eloignement_V_Nawres/Page_Prendre_Mesure_Formulaire/input_Date_Demande_Reexamen'

14-02-2025T09:42:34 - [MESSAGE][INFO] - Finding web element from Test Object's properties

14-02-2025T09:42:34 - [MESSAGE][INFO] - Checking timeout

14-02-2025T09:42:34 - [MESSAGE][INFO] - Finding web element with id: 'Object Repository/ANEF_Eloignement_V_Nawres/Page_Prendre_Mesure_Formulaire/input_Date_Demande_Reexamen' located by 'By.xpath: //input[@id="date_demande_reexamen"]' in '100' second(s)

14-02-2025T09:42:34 - [MESSAGE][INFO] - Found 1 web elements with id: 'Object Repository/ANEF_Eloignement_V_Nawres/Page_Prendre_Mesure_Formulaire/input_Date_Demande_Reexamen' located by 'By.xpath: //input[@id="date_demande_reexamen"]' in '100' second(s)

14-02-2025T09:42:34 - [MESSAGE][INFO] - Setting text of object 'Object Repository/ANEF_Eloignement_V_Nawres/Page_Prendre_Mesure_Formulaire/input_Date_Demande_Reexamen' to value '14/02/2025'

14-02-2025T09:42:36 - [MESSAGE][PASSED] - Text '14/02/2025' is set on object 'Object Repository/ANEF_Eloignement_V_Nawres/Page_Prendre_Mesure_Formulaire/input_Date_Demande_Reexamen'

14-02-2025T09:42:36 - [TEST_STEP][PASSED] - setText(findTestObject("Object Repository/ANEF_Eloignement_V_Nawres/Page_Prendre_Mesure_Formulaire/input_Date_Decision_Transfert"), DateActuelle, STOP_ON_FAILURE): Text '14/02/2025' is set on object 'Object Repository/ANEF_Eloignement_V_Nawres/Page_Prendre_Mesure_Formulaire/input_Date_Decision_Transfert'

14-02-2025T09:42:36 - [MESSAGE][INFO] - Finding Test Object 'Object Repository/ANEF_Eloignement_V_Nawres/Page_Prendre_Mesure_Formulaire/input_Date_Decision_Transfert'

14-02-2025T09:42:36 - [MESSAGE][INFO] - Checking timeout

14-02-2025T09:42:36 - [MESSAGE][INFO] - Finding web element with id: 'Object Repository/ANEF_Eloignement_V_Nawres/Page_Prendre_Mesure_Formulaire/input_Date_Decision_Transfert' located by 'By.xpath: //input[@id="date_decision_transfert"]' in '20' second(s)

14-02-2025T09:42:36 - [MESSAGE][INFO] - Found 1 web elements with id: 'Object Repository/ANEF_Eloignement_V_Nawres/Page_Prendre_Mesure_Formulaire/input_Date_Decision_Transfert' located by 'By.xpath: //input[@id="date_decision_transfert"]' in '20' second(s)

14-02-2025T09:42:36 - [MESSAGE][INFO] - Checking object

14-02-2025T09:42:36 - [MESSAGE][INFO] - Checking text

14-02-2025T09:42:36 - [MESSAGE][INFO] - Finding web element from Test Object's properties

14-02-2025T09:42:36 - [MESSAGE][INFO] - Checking timeout

14-02-2025T09:42:36 - [MESSAGE][INFO] - Finding web element with id: 'Object Repository/ANEF_Eloignement_V_Nawres/Page_Prendre_Mesure_Formulaire/input_Date_Decision_Transfert' located by 'By.xpath: //input[@id="date_decision_transfert"]' in '100' second(s)

14-02-2025T09:42:36 - [MESSAGE][INFO] - Found 1 web elements with id: 'Object Repository/ANEF_Eloignement_V_Nawres/Page_Prendre_Mesure_Formulaire/input_Date_Decision_Transfert' located by 'By.xpath: //input[@id="date_decision_transfert"]' in '100' second(s)

14-02-2025T09:42:36 - [MESSAGE][INFO] - Clearing text of object 'Object Repository/ANEF_Eloignement_V_Nawres/Page_Prendre_Mesure_Formulaire/input_Date_Decision_Transfert'

14-02-2025T09:42:37 - [MESSAGE][INFO] - Finding web element from Test Object's properties

14-02-2025T09:42:37 - [MESSAGE][INFO] - Checking timeout

14-02-2025T09:42:37 - [MESSAGE][INFO] - Finding web element with id: 'Object Repository/ANEF_Eloignement_V_Nawres/Page_Prendre_Mesure_Formulaire/input_Date_Decision_Transfert' located by 'By.xpath: //input[@id="date_decision_transfert"]' in '100' second(s)

14-02-2025T09:42:37 - [MESSAGE][INFO] - Found 1 web elements with id: 'Object Repository/ANEF_Eloignement_V_Nawres/Page_Prendre_Mesure_Formulaire/input_Date_Decision_Transfert' located by 'By.xpath: //input[@id="date_decision_transfert"]' in '100' second(s)

14-02-2025T09:42:37 - [MESSAGE][INFO] - Setting text of object 'Object Repository/ANEF_Eloignement_V_Nawres/Page_Prendre_Mesure_Formulaire/input_Date_Decision_Transfert' to value '14/02/2025'

14-02-2025T09:42:38 - [MESSAGE][PASSED] - Text '14/02/2025' is set on object 'Object Repository/ANEF_Eloignement_V_Nawres/Page_Prendre_Mesure_Formulaire/input_Date_Decision_Transfert'

14-02-2025T09:42:38 - [TEST_STEP][PASSED] - selectOptionByIndex(findTestObject("Object Repository/ANEF_Eloignement_V_Nawres/Page_Prendre_Mesure_Formulaire/select_Etat_Transfert"), RandomNumberSelect, STOP_ON_FAILURE): All options with index in [12] are selected on object 'Object Repository/ANEF_Eloignement_V_Nawres/Page_Prendre_Mesure_Formulaire/select_Etat_Transfert'

14-02-2025T09:42:38 - [MESSAGE][INFO] - Finding Test Object 'Object Repository/ANEF_Eloignement_V_Nawres/Page_Prendre_Mesure_Formulaire/select_Etat_Transfert'

14-02-2025T09:42:38 - [MESSAGE][INFO] - Checking timeout

14-02-2025T09:42:38 - [MESSAGE][INFO] - Finding web element with id: 'Object Repository/ANEF_Eloignement_V_Nawres/Page_Prendre_Mesure_Formulaire/select_Etat_Transfert' located by 'By.xpath: //select[@id="etat_transfert"]' in '20' second(s)

14-02-2025T09:42:38 - [MESSAGE][INFO] - Found 1 web elements with id: 'Object Repository/ANEF_Eloignement_V_Nawres/Page_Prendre_Mesure_Formulaire/select_Etat_Transfert' located by 'By.xpath: //select[@id="etat_transfert"]' in '20' second(s)

14-02-2025T09:42:38 - [MESSAGE][INFO] - Checking object

14-02-2025T09:42:38 - [MESSAGE][INFO] - Checking index range

14-02-2025T09:42:38 - [MESSAGE][INFO] - Converting range parameter '12' to index array

14-02-2025T09:42:38 - [MESSAGE][INFO] - Range parameter '12' is converted to index array [12]

14-02-2025T09:42:38 - [MESSAGE][INFO] - Finding web element from Test Object's properties

14-02-2025T09:42:38 - [MESSAGE][INFO] - Checking timeout

14-02-2025T09:42:38 - [MESSAGE][INFO] - Finding web element with id: 'Object Repository/ANEF_Eloignement_V_Nawres/Page_Prendre_Mesure_Formulaire/select_Etat_Transfert' located by 'By.xpath: //select[@id="etat_transfert"]' in '100' second(s)

14-02-2025T09:42:38 - [MESSAGE][INFO] - Found 1 web elements with id: 'Object Repository/ANEF_Eloignement_V_Nawres/Page_Prendre_Mesure_Formulaire/select_Etat_Transfert' located by 'By.xpath: //select[@id="etat_transfert"]' in '100' second(s)

14-02-2025T09:42:38 - [MESSAGE][INFO] - Checking index parameters

14-02-2025T09:42:38 - [MESSAGE][INFO] - Selecting options on object 'Object Repository/ANEF_Eloignement_V_Nawres/Page_Prendre_Mesure_Formulaire/select_Etat_Transfert' with index in [12]

14-02-2025T09:42:39 - [MESSAGE][INFO] - Option with index 12 is selected

14-02-2025T09:42:39 - [MESSAGE][PASSED] - All options with index in [12] are selected on object 'Object Repository/ANEF_Eloignement_V_Nawres/Page_Prendre_Mesure_Formulaire/select_Etat_Transfert'

14-02-2025T09:42:39 - [TEST_STEP][PASSED] - "Ajouter un Etat Requis si  DecisionEtatTransfertDublin = 'Refus' ": null

14-02-2025T09:42:39 - [TEST_STEP][PASSED] - if (DecisionEtatTransfertDublin == "Refus"): null

14-02-2025T09:42:39 - [TEST_STEP][PASSED] - if (Mesure == "ExecutionFicheSIS"): null

14-02-2025T09:42:39 - [TEST_STEP][PASSED] - if (Mesure == "IAT"): null

14-02-2025T09:42:39 - [TEST_STEP][PASSED] - if (Mesure == "ITF"): null

14-02-2025T09:42:39 - [TEST_STEP][PASSED] - click(findTestObject("Object Repository/ANEF_Eloignement_V_Nawres/Page_Prendre_Mesure_Formulaire/btn_Enregistrer"), STOP_ON_FAILURE): Object: 'Object Repository/ANEF_Eloignement_V_Nawres/Page_Prendre_Mesure_Formulaire/btn_Enregistrer' is clicked on

14-02-2025T09:42:39 - [MESSAGE][INFO] - Finding Test Object 'Object Repository/ANEF_Eloignement_V_Nawres/Page_Prendre_Mesure_Formulaire/btn_Enregistrer'

14-02-2025T09:42:39 - [MESSAGE][INFO] - Checking timeout

14-02-2025T09:42:39 - [MESSAGE][INFO] - Finding web element with id: 'Object Repository/ANEF_Eloignement_V_Nawres/Page_Prendre_Mesure_Formulaire/btn_Enregistrer' located by 'By.xpath: //button[contains(text(),"Enregistrer")]' in '20' second(s)

14-02-2025T09:42:39 - [MESSAGE][INFO] - Found 1 web elements with id: 'Object Repository/ANEF_Eloignement_V_Nawres/Page_Prendre_Mesure_Formulaire/btn_Enregistrer' located by 'By.xpath: //button[contains(text(),"Enregistrer")]' in '20' second(s)

14-02-2025T09:42:39 - [MESSAGE][INFO] - Checking object

14-02-2025T09:42:39 - [MESSAGE][INFO] - Checking timeout

14-02-2025T09:42:39 - [MESSAGE][INFO] - Finding web element from Test Object's properties

14-02-2025T09:42:39 - [MESSAGE][INFO] - Checking timeout

14-02-2025T09:42:39 - [MESSAGE][INFO] - Finding web element with id: 'Object Repository/ANEF_Eloignement_V_Nawres/Page_Prendre_Mesure_Formulaire/btn_Enregistrer' located by 'By.xpath: //button[contains(text(),"Enregistrer")]' in '100' second(s)

14-02-2025T09:42:39 - [MESSAGE][INFO] - Found 1 web elements with id: 'Object Repository/ANEF_Eloignement_V_Nawres/Page_Prendre_Mesure_Formulaire/btn_Enregistrer' located by 'By.xpath: //button[contains(text(),"Enregistrer")]' in '100' second(s)

14-02-2025T09:42:39 - [MESSAGE][INFO] - Clicking on object: 'Object Repository/ANEF_Eloignement_V_Nawres/Page_Prendre_Mesure_Formulaire/btn_Enregistrer'

14-02-2025T09:42:40 - [MESSAGE][PASSED] - Object: 'Object Repository/ANEF_Eloignement_V_Nawres/Page_Prendre_Mesure_Formulaire/btn_Enregistrer' is clicked on

14-02-2025T09:42:40 - [MESSAGE][PASSED] - Call Test Case 'Test Cases/Test Reutilisable/Main/ANEF_Eloignement_V_Nawres/ANEF_Prendre_Mesure_Formulaire' successfully

14-02-2025T09:42:40 - [MESSAGE][PASSED] - Call Test Case 'Test Cases/Test Reutilisable/Main/ANEF_Eloignement_V_Nawres/ANEF_Prendre_Mesure' successfully

14-02-2025T09:42:40 - [TEST_STEP][PASSED] - callTestCase(findTestCase("Test Cases/Test Reutilisable/Main/ANEF_Eloignement_V_Nawres/ANEF_Ajouter_Decision"), ["ModeNotification":ModeNotification], STOP_ON_FAILURE): Call Test Case 'Test Cases/Test Reutilisable/Main/ANEF_Eloignement_V_Nawres/ANEF_Ajouter_Decision' successfully

14-02-2025T09:42:40 - [MESSAGE][INFO] - Checking called Test Case

14-02-2025T09:42:40 - [MESSAGE][INFO] - Starting to call Test Case 'Test Cases/Test Reutilisable/Main/ANEF_Eloignement_V_Nawres/ANEF_Ajouter_Decision'

14-02-2025T09:42:40 - [TEST_CASE][PASSED] - Test Cases/Test Reutilisable/Main/ANEF_Eloignement_V_Nawres/ANEF_Ajouter_Decision: Test Cases/Test Reutilisable/Main/ANEF_Eloignement_V_Nawres/ANEF_Ajouter_Decision

14-02-2025T09:42:40 - [TEST_STEP][PASSED] - calendar = Calendar.getInstance(): null

14-02-2025T09:42:40 - [TEST_STEP][PASSED] - currentDate = calendar.getTime(): null

14-02-2025T09:42:41 - [TEST_STEP][PASSED] - sdf = new java.text.SimpleDateFormat(dd/MM/yyyy): null

14-02-2025T09:42:41 - [TEST_STEP][PASSED] - formattedDate = sdf.format(currentDate): null

14-02-2025T09:42:41 - [TEST_STEP][PASSED] - DateActuelle = formattedDate.toString(): null

14-02-2025T09:42:41 - [TEST_STEP][PASSED] - println(DateActuelle): null

14-02-2025T09:42:41 - [TEST_STEP][PASSED] - waitForElementClickable(findTestObject("Object Repository/ANEF_Eloignement_V_Nawres/Page_Ajouter_Decision/btn_Ajouter_Decision"), 20, STOP_ON_FAILURE): Object 'Object Repository/ANEF_Eloignement_V_Nawres/Page_Ajouter_Decision/btn_Ajouter_Decision' is clickable

14-02-2025T09:42:41 - [MESSAGE][INFO] - Finding Test Object 'Object Repository/ANEF_Eloignement_V_Nawres/Page_Ajouter_Decision/btn_Ajouter_Decision'

14-02-2025T09:42:41 - [MESSAGE][INFO] - Checking object

14-02-2025T09:42:41 - [MESSAGE][INFO] - Checking timeout

14-02-2025T09:42:41 - [MESSAGE][INFO] - Finding web element from Test Object's properties

14-02-2025T09:42:41 - [MESSAGE][INFO] - Checking timeout

14-02-2025T09:42:41 - [MESSAGE][INFO] - Finding web element with id: 'Object Repository/ANEF_Eloignement_V_Nawres/Page_Ajouter_Decision/btn_Ajouter_Decision' located by 'By.xpath: //button[contains(text(),"Ajouter une dÃ©cision")]' in '20' second(s)

14-02-2025T09:42:41 - [MESSAGE][INFO] - Found 1 web elements with id: 'Object Repository/ANEF_Eloignement_V_Nawres/Page_Ajouter_Decision/btn_Ajouter_Decision' located by 'By.xpath: //button[contains(text(),"Ajouter une dÃ©cision")]' in '20' second(s)

14-02-2025T09:42:41 - [MESSAGE][PASSED] - Object 'Object Repository/ANEF_Eloignement_V_Nawres/Page_Ajouter_Decision/btn_Ajouter_Decision' is clickable

14-02-2025T09:42:41 - [TEST_STEP][PASSED] - click(findTestObject("Object Repository/ANEF_Eloignement_V_Nawres/Page_Ajouter_Decision/btn_Ajouter_Decision"), STOP_ON_FAILURE): Object: 'Object Repository/ANEF_Eloignement_V_Nawres/Page_Ajouter_Decision/btn_Ajouter_Decision' is clicked on

14-02-2025T09:42:41 - [MESSAGE][INFO] - Finding Test Object 'Object Repository/ANEF_Eloignement_V_Nawres/Page_Ajouter_Decision/btn_Ajouter_Decision'

14-02-2025T09:42:41 - [MESSAGE][INFO] - Checking timeout

14-02-2025T09:42:41 - [MESSAGE][INFO] - Finding web element with id: 'Object Repository/ANEF_Eloignement_V_Nawres/Page_Ajouter_Decision/btn_Ajouter_Decision' located by 'By.xpath: //button[contains(text(),"Ajouter une dÃ©cision")]' in '20' second(s)

14-02-2025T09:42:41 - [MESSAGE][INFO] - Found 1 web elements with id: 'Object Repository/ANEF_Eloignement_V_Nawres/Page_Ajouter_Decision/btn_Ajouter_Decision' located by 'By.xpath: //button[contains(text(),"Ajouter une dÃ©cision")]' in '20' second(s)

14-02-2025T09:42:41 - [MESSAGE][INFO] - Checking object

14-02-2025T09:42:41 - [MESSAGE][INFO] - Checking timeout

14-02-2025T09:42:41 - [MESSAGE][INFO] - Finding web element from Test Object's properties

14-02-2025T09:42:41 - [MESSAGE][INFO] - Checking timeout

14-02-2025T09:42:41 - [MESSAGE][INFO] - Finding web element with id: 'Object Repository/ANEF_Eloignement_V_Nawres/Page_Ajouter_Decision/btn_Ajouter_Decision' located by 'By.xpath: //button[contains(text(),"Ajouter une dÃ©cision")]' in '100' second(s)

14-02-2025T09:42:41 - [MESSAGE][INFO] - Found 1 web elements with id: 'Object Repository/ANEF_Eloignement_V_Nawres/Page_Ajouter_Decision/btn_Ajouter_Decision' located by 'By.xpath: //button[contains(text(),"Ajouter une dÃ©cision")]' in '100' second(s)

14-02-2025T09:42:41 - [MESSAGE][INFO] - Clicking on object: 'Object Repository/ANEF_Eloignement_V_Nawres/Page_Ajouter_Decision/btn_Ajouter_Decision'

14-02-2025T09:42:42 - [MESSAGE][PASSED] - Object: 'Object Repository/ANEF_Eloignement_V_Nawres/Page_Ajouter_Decision/btn_Ajouter_Decision' is clicked on

14-02-2025T09:42:42 - [TEST_STEP][PASSED] - scrollToElement(findTestObject("Object Repository/ANEF_Eloignement_V_Nawres/Page_Ajouter_Decision/btn_Confirmer_Ajout_Decision"), 5, STOP_ON_FAILURE): Scroll to object 'Object Repository/ANEF_Eloignement_V_Nawres/Page_Ajouter_Decision/btn_Confirmer_Ajout_Decision' successfully

14-02-2025T09:42:42 - [MESSAGE][INFO] - Finding Test Object 'Object Repository/ANEF_Eloignement_V_Nawres/Page_Ajouter_Decision/btn_Confirmer_Ajout_Decision'

14-02-2025T09:42:42 - [MESSAGE][INFO] - Checking object

14-02-2025T09:42:42 - [MESSAGE][INFO] - Checking timeout

14-02-2025T09:42:42 - [MESSAGE][INFO] - Finding web element from Test Object's properties

14-02-2025T09:42:42 - [MESSAGE][INFO] - Checking timeout

14-02-2025T09:42:42 - [MESSAGE][INFO] - Finding web element with id: 'Object Repository/ANEF_Eloignement_V_Nawres/Page_Ajouter_Decision/btn_Confirmer_Ajout_Decision' located by 'By.xpath: //button[contains(text()," Confirmer l'ajout")]' in '100' second(s)

14-02-2025T09:42:42 - [MESSAGE][INFO] - Found 1 web elements with id: 'Object Repository/ANEF_Eloignement_V_Nawres/Page_Ajouter_Decision/btn_Confirmer_Ajout_Decision' located by 'By.xpath: //button[contains(text()," Confirmer l'ajout")]' in '100' second(s)

14-02-2025T09:42:42 - [MESSAGE][INFO] - Scrolling to object 'Object Repository/ANEF_Eloignement_V_Nawres/Page_Ajouter_Decision/btn_Confirmer_Ajout_Decision'

14-02-2025T09:42:42 - [MESSAGE][PASSED] - Scroll to object 'Object Repository/ANEF_Eloignement_V_Nawres/Page_Ajouter_Decision/btn_Confirmer_Ajout_Decision' successfully

14-02-2025T09:42:42 - [TEST_STEP][PASSED] - click(findTestObject("Object Repository/ANEF_Eloignement_V_Nawres/Page_Ajouter_Decision/btn_Confirmer_Ajout_Decision"), STOP_ON_FAILURE): Object: 'Object Repository/ANEF_Eloignement_V_Nawres/Page_Ajouter_Decision/btn_Confirmer_Ajout_Decision' is clicked on

14-02-2025T09:42:42 - [MESSAGE][INFO] - Finding Test Object 'Object Repository/ANEF_Eloignement_V_Nawres/Page_Ajouter_Decision/btn_Confirmer_Ajout_Decision'

14-02-2025T09:42:42 - [MESSAGE][INFO] - Checking timeout

14-02-2025T09:42:42 - [MESSAGE][INFO] - Finding web element with id: 'Object Repository/ANEF_Eloignement_V_Nawres/Page_Ajouter_Decision/btn_Confirmer_Ajout_Decision' located by 'By.xpath: //button[contains(text()," Confirmer l'ajout")]' in '20' second(s)

14-02-2025T09:42:42 - [MESSAGE][INFO] - Found 1 web elements with id: 'Object Repository/ANEF_Eloignement_V_Nawres/Page_Ajouter_Decision/btn_Confirmer_Ajout_Decision' located by 'By.xpath: //button[contains(text()," Confirmer l'ajout")]' in '20' second(s)

14-02-2025T09:42:42 - [MESSAGE][INFO] - Checking object

14-02-2025T09:42:42 - [MESSAGE][INFO] - Checking timeout

14-02-2025T09:42:42 - [MESSAGE][INFO] - Finding web element from Test Object's properties

14-02-2025T09:42:42 - [MESSAGE][INFO] - Checking timeout

14-02-2025T09:42:42 - [MESSAGE][INFO] - Finding web element with id: 'Object Repository/ANEF_Eloignement_V_Nawres/Page_Ajouter_Decision/btn_Confirmer_Ajout_Decision' located by 'By.xpath: //button[contains(text()," Confirmer l'ajout")]' in '100' second(s)

14-02-2025T09:42:42 - [MESSAGE][INFO] - Found 1 web elements with id: 'Object Repository/ANEF_Eloignement_V_Nawres/Page_Ajouter_Decision/btn_Confirmer_Ajout_Decision' located by 'By.xpath: //button[contains(text()," Confirmer l'ajout")]' in '100' second(s)

14-02-2025T09:42:42 - [MESSAGE][INFO] - Clicking on object: 'Object Repository/ANEF_Eloignement_V_Nawres/Page_Ajouter_Decision/btn_Confirmer_Ajout_Decision'

14-02-2025T09:42:44 - [MESSAGE][PASSED] - Object: 'Object Repository/ANEF_Eloignement_V_Nawres/Page_Ajouter_Decision/btn_Confirmer_Ajout_Decision' is clicked on

14-02-2025T09:42:44 - [TEST_STEP][PASSED] - waitForElementClickable(findTestObject("Object Repository/ANEF_Eloignement_V_Nawres/Page_Ajouter_Decision/btn_Confirmer_Notification"), 20, STOP_ON_FAILURE): Object 'Object Repository/ANEF_Eloignement_V_Nawres/Page_Ajouter_Decision/btn_Confirmer_Notification' is clickable

14-02-2025T09:42:44 - [MESSAGE][INFO] - Finding Test Object 'Object Repository/ANEF_Eloignement_V_Nawres/Page_Ajouter_Decision/btn_Confirmer_Notification'

14-02-2025T09:42:44 - [MESSAGE][INFO] - Checking object

14-02-2025T09:42:44 - [MESSAGE][INFO] - Checking timeout

14-02-2025T09:42:44 - [MESSAGE][INFO] - Finding web element from Test Object's properties

14-02-2025T09:42:44 - [MESSAGE][INFO] - Checking timeout

14-02-2025T09:42:44 - [MESSAGE][INFO] - Finding web element with id: 'Object Repository/ANEF_Eloignement_V_Nawres/Page_Ajouter_Decision/btn_Confirmer_Notification' located by 'By.xpath: //button[contains(text(),"Confirmer la notification")]' in '20' second(s)

14-02-2025T09:42:44 - [MESSAGE][INFO] - Found 1 web elements with id: 'Object Repository/ANEF_Eloignement_V_Nawres/Page_Ajouter_Decision/btn_Confirmer_Notification' located by 'By.xpath: //button[contains(text(),"Confirmer la notification")]' in '20' second(s)

14-02-2025T09:42:45 - [MESSAGE][PASSED] - Object 'Object Repository/ANEF_Eloignement_V_Nawres/Page_Ajouter_Decision/btn_Confirmer_Notification' is clickable

14-02-2025T09:42:45 - [TEST_STEP][PASSED] - click(findTestObject("Object Repository/ANEF_Eloignement_V_Nawres/Page_Ajouter_Decision/btn_Confirmer_Notification"), STOP_ON_FAILURE): Object: 'Object Repository/ANEF_Eloignement_V_Nawres/Page_Ajouter_Decision/btn_Confirmer_Notification' is clicked on

14-02-2025T09:42:45 - [MESSAGE][INFO] - Finding Test Object 'Object Repository/ANEF_Eloignement_V_Nawres/Page_Ajouter_Decision/btn_Confirmer_Notification'

14-02-2025T09:42:45 - [MESSAGE][INFO] - Checking timeout

14-02-2025T09:42:45 - [MESSAGE][INFO] - Finding web element with id: 'Object Repository/ANEF_Eloignement_V_Nawres/Page_Ajouter_Decision/btn_Confirmer_Notification' located by 'By.xpath: //button[contains(text(),"Confirmer la notification")]' in '20' second(s)

14-02-2025T09:42:45 - [MESSAGE][INFO] - Found 1 web elements with id: 'Object Repository/ANEF_Eloignement_V_Nawres/Page_Ajouter_Decision/btn_Confirmer_Notification' located by 'By.xpath: //button[contains(text(),"Confirmer la notification")]' in '20' second(s)

14-02-2025T09:42:45 - [MESSAGE][INFO] - Checking object

14-02-2025T09:42:45 - [MESSAGE][INFO] - Checking timeout

14-02-2025T09:42:45 - [MESSAGE][INFO] - Finding web element from Test Object's properties

14-02-2025T09:42:45 - [MESSAGE][INFO] - Checking timeout

14-02-2025T09:42:45 - [MESSAGE][INFO] - Finding web element with id: 'Object Repository/ANEF_Eloignement_V_Nawres/Page_Ajouter_Decision/btn_Confirmer_Notification' located by 'By.xpath: //button[contains(text(),"Confirmer la notification")]' in '100' second(s)

14-02-2025T09:42:45 - [MESSAGE][INFO] - Found 1 web elements with id: 'Object Repository/ANEF_Eloignement_V_Nawres/Page_Ajouter_Decision/btn_Confirmer_Notification' located by 'By.xpath: //button[contains(text(),"Confirmer la notification")]' in '100' second(s)

14-02-2025T09:42:45 - [MESSAGE][INFO] - Clicking on object: 'Object Repository/ANEF_Eloignement_V_Nawres/Page_Ajouter_Decision/btn_Confirmer_Notification'

14-02-2025T09:42:46 - [MESSAGE][PASSED] - Object: 'Object Repository/ANEF_Eloignement_V_Nawres/Page_Ajouter_Decision/btn_Confirmer_Notification' is clicked on

14-02-2025T09:42:46 - [TEST_STEP][PASSED] - selectOptionByLabel(findTestObject("Object Repository/ANEF_Eloignement_V_Nawres/Page_Ajouter_Decision/select_Mode_Notification"), ModeNotification, false, STOP_ON_FAILURE): All options with label 'Voie administrative' are selected in object 'Object Repository/ANEF_Eloignement_V_Nawres/Page_Ajouter_Decision/select_Mode_Notification' 

14-02-2025T09:42:46 - [MESSAGE][INFO] - Finding Test Object 'Object Repository/ANEF_Eloignement_V_Nawres/Page_Ajouter_Decision/select_Mode_Notification'

14-02-2025T09:42:46 - [MESSAGE][INFO] - Checking timeout

14-02-2025T09:42:46 - [MESSAGE][INFO] - Finding web element with id: 'Object Repository/ANEF_Eloignement_V_Nawres/Page_Ajouter_Decision/select_Mode_Notification' located by 'By.xpath: //app-notification-modal//form//app-dsfr-select/div/select[@id="mode_notification"]' in '20' second(s)

14-02-2025T09:42:47 - [MESSAGE][INFO] - Found 1 web elements with id: 'Object Repository/ANEF_Eloignement_V_Nawres/Page_Ajouter_Decision/select_Mode_Notification' located by 'By.xpath: //app-notification-modal//form//app-dsfr-select/div/select[@id="mode_notification"]' in '20' second(s)

14-02-2025T09:42:47 - [MESSAGE][INFO] - Checking object

14-02-2025T09:42:47 - [MESSAGE][INFO] - Checking label parameter

14-02-2025T09:42:47 - [MESSAGE][INFO] - Finding web element from Test Object's properties

14-02-2025T09:42:47 - [MESSAGE][INFO] - Checking timeout

14-02-2025T09:42:47 - [MESSAGE][INFO] - Finding web element with id: 'Object Repository/ANEF_Eloignement_V_Nawres/Page_Ajouter_Decision/select_Mode_Notification' located by 'By.xpath: //app-notification-modal//form//app-dsfr-select/div/select[@id="mode_notification"]' in '100' second(s)

14-02-2025T09:42:47 - [MESSAGE][INFO] - Found 1 web elements with id: 'Object Repository/ANEF_Eloignement_V_Nawres/Page_Ajouter_Decision/select_Mode_Notification' located by 'By.xpath: //app-notification-modal//form//app-dsfr-select/div/select[@id="mode_notification"]' in '100' second(s)

14-02-2025T09:42:47 - [MESSAGE][INFO] - Selecting options on object 'Object Repository/ANEF_Eloignement_V_Nawres/Page_Ajouter_Decision/select_Mode_Notification' with label 'Voie administrative' 

14-02-2025T09:42:48 - [MESSAGE][PASSED] - All options with label 'Voie administrative' are selected in object 'Object Repository/ANEF_Eloignement_V_Nawres/Page_Ajouter_Decision/select_Mode_Notification' 

14-02-2025T09:42:48 - [TEST_STEP][PASSED] - setText(findTestObject("Object Repository/ANEF_Eloignement_V_Nawres/Page_Ajouter_Decision/input_Date_Notification"), DateActuelle, STOP_ON_FAILURE): Text '14/02/2025' is set on object 'Object Repository/ANEF_Eloignement_V_Nawres/Page_Ajouter_Decision/input_Date_Notification'

14-02-2025T09:42:48 - [MESSAGE][INFO] - Finding Test Object 'Object Repository/ANEF_Eloignement_V_Nawres/Page_Ajouter_Decision/input_Date_Notification'

14-02-2025T09:42:48 - [MESSAGE][INFO] - Checking timeout

14-02-2025T09:42:48 - [MESSAGE][INFO] - Finding web element with id: 'Object Repository/ANEF_Eloignement_V_Nawres/Page_Ajouter_Decision/input_Date_Notification' located by 'By.xpath: //app-dsfr-input/div/input[@id="date_notification"]' in '20' second(s)

14-02-2025T09:42:48 - [MESSAGE][INFO] - Found 1 web elements with id: 'Object Repository/ANEF_Eloignement_V_Nawres/Page_Ajouter_Decision/input_Date_Notification' located by 'By.xpath: //app-dsfr-input/div/input[@id="date_notification"]' in '20' second(s)

14-02-2025T09:42:48 - [MESSAGE][INFO] - Checking object

14-02-2025T09:42:48 - [MESSAGE][INFO] - Checking text

14-02-2025T09:42:48 - [MESSAGE][INFO] - Finding web element from Test Object's properties

14-02-2025T09:42:48 - [MESSAGE][INFO] - Checking timeout

14-02-2025T09:42:48 - [MESSAGE][INFO] - Finding web element with id: 'Object Repository/ANEF_Eloignement_V_Nawres/Page_Ajouter_Decision/input_Date_Notification' located by 'By.xpath: //app-dsfr-input/div/input[@id="date_notification"]' in '100' second(s)

14-02-2025T09:42:48 - [MESSAGE][INFO] - Found 1 web elements with id: 'Object Repository/ANEF_Eloignement_V_Nawres/Page_Ajouter_Decision/input_Date_Notification' located by 'By.xpath: //app-dsfr-input/div/input[@id="date_notification"]' in '100' second(s)

14-02-2025T09:42:48 - [MESSAGE][INFO] - Clearing text of object 'Object Repository/ANEF_Eloignement_V_Nawres/Page_Ajouter_Decision/input_Date_Notification'

14-02-2025T09:42:49 - [MESSAGE][INFO] - Finding web element from Test Object's properties

14-02-2025T09:42:49 - [MESSAGE][INFO] - Checking timeout

14-02-2025T09:42:49 - [MESSAGE][INFO] - Finding web element with id: 'Object Repository/ANEF_Eloignement_V_Nawres/Page_Ajouter_Decision/input_Date_Notification' located by 'By.xpath: //app-dsfr-input/div/input[@id="date_notification"]' in '100' second(s)

14-02-2025T09:42:49 - [MESSAGE][INFO] - Found 1 web elements with id: 'Object Repository/ANEF_Eloignement_V_Nawres/Page_Ajouter_Decision/input_Date_Notification' located by 'By.xpath: //app-dsfr-input/div/input[@id="date_notification"]' in '100' second(s)

14-02-2025T09:42:49 - [MESSAGE][INFO] - Setting text of object 'Object Repository/ANEF_Eloignement_V_Nawres/Page_Ajouter_Decision/input_Date_Notification' to value '14/02/2025'

14-02-2025T09:42:50 - [MESSAGE][PASSED] - Text '14/02/2025' is set on object 'Object Repository/ANEF_Eloignement_V_Nawres/Page_Ajouter_Decision/input_Date_Notification'

14-02-2025T09:42:50 - [TEST_STEP][PASSED] - if (ModeNotification == "Voie administrative"): Text '14:30' is set on object 'Object Repository/ANEF_Eloignement_V_Nawres/Page_Ajouter_Decision/input_Heure_Notification'

14-02-2025T09:42:50 - [TEST_STEP][PASSED] - setText(findTestObject("Object Repository/ANEF_Eloignement_V_Nawres/Page_Ajouter_Decision/input_Heure_Notification"), "14:30", STOP_ON_FAILURE): Text '14:30' is set on object 'Object Repository/ANEF_Eloignement_V_Nawres/Page_Ajouter_Decision/input_Heure_Notification'

14-02-2025T09:42:50 - [MESSAGE][INFO] - Finding Test Object 'Object Repository/ANEF_Eloignement_V_Nawres/Page_Ajouter_Decision/input_Heure_Notification'

14-02-2025T09:42:50 - [MESSAGE][INFO] - Checking timeout

14-02-2025T09:42:50 - [MESSAGE][INFO] - Finding web element with id: 'Object Repository/ANEF_Eloignement_V_Nawres/Page_Ajouter_Decision/input_Heure_Notification' located by 'By.xpath: //app-notification-modal//form//app-dsfr-input/div/input[@id="heure_notification"]' in '20' second(s)

14-02-2025T09:42:50 - [MESSAGE][INFO] - Found 1 web elements with id: 'Object Repository/ANEF_Eloignement_V_Nawres/Page_Ajouter_Decision/input_Heure_Notification' located by 'By.xpath: //app-notification-modal//form//app-dsfr-input/div/input[@id="heure_notification"]' in '20' second(s)

14-02-2025T09:42:50 - [MESSAGE][INFO] - Checking object

14-02-2025T09:42:50 - [MESSAGE][INFO] - Checking text

14-02-2025T09:42:50 - [MESSAGE][INFO] - Finding web element from Test Object's properties

14-02-2025T09:42:50 - [MESSAGE][INFO] - Checking timeout

14-02-2025T09:42:50 - [MESSAGE][INFO] - Finding web element with id: 'Object Repository/ANEF_Eloignement_V_Nawres/Page_Ajouter_Decision/input_Heure_Notification' located by 'By.xpath: //app-notification-modal//form//app-dsfr-input/div/input[@id="heure_notification"]' in '100' second(s)

14-02-2025T09:42:50 - [MESSAGE][INFO] - Found 1 web elements with id: 'Object Repository/ANEF_Eloignement_V_Nawres/Page_Ajouter_Decision/input_Heure_Notification' located by 'By.xpath: //app-notification-modal//form//app-dsfr-input/div/input[@id="heure_notification"]' in '100' second(s)

14-02-2025T09:42:50 - [MESSAGE][INFO] - Clearing text of object 'Object Repository/ANEF_Eloignement_V_Nawres/Page_Ajouter_Decision/input_Heure_Notification'

14-02-2025T09:42:51 - [MESSAGE][INFO] - Finding web element from Test Object's properties

14-02-2025T09:42:51 - [MESSAGE][INFO] - Checking timeout

14-02-2025T09:42:51 - [MESSAGE][INFO] - Finding web element with id: 'Object Repository/ANEF_Eloignement_V_Nawres/Page_Ajouter_Decision/input_Heure_Notification' located by 'By.xpath: //app-notification-modal//form//app-dsfr-input/div/input[@id="heure_notification"]' in '100' second(s)

14-02-2025T09:42:51 - [MESSAGE][INFO] - Found 1 web elements with id: 'Object Repository/ANEF_Eloignement_V_Nawres/Page_Ajouter_Decision/input_Heure_Notification' located by 'By.xpath: //app-notification-modal//form//app-dsfr-input/div/input[@id="heure_notification"]' in '100' second(s)

14-02-2025T09:42:51 - [MESSAGE][INFO] - Setting text of object 'Object Repository/ANEF_Eloignement_V_Nawres/Page_Ajouter_Decision/input_Heure_Notification' to value '14:30'

14-02-2025T09:42:52 - [MESSAGE][PASSED] - Text '14:30' is set on object 'Object Repository/ANEF_Eloignement_V_Nawres/Page_Ajouter_Decision/input_Heure_Notification'

14-02-2025T09:42:52 - [TEST_STEP][PASSED] - uploadFile(findTestObject("Object Repository/ANEF_Eloignement_V_Nawres/Page_Ajouter_Decision/input_Ajouter_Fichier_Notification"), getProjectDir() + "/Data Files/Fichier_Test.pdf"): File 'C:/Users/nbenjemi/Katalon Studio/ANEF-ELOIGNEMENT-20250121/ANEF-ELOIGNEMENT-20250121/Data Files/Fichier_Test.pdf' sent to object: 'Object Repository/ANEF_Eloignement_V_Nawres/Page_Ajouter_Decision/input_Ajouter_Fichier_Notification'

14-02-2025T09:42:52 - [MESSAGE][INFO] - Finding Test Object 'Object Repository/ANEF_Eloignement_V_Nawres/Page_Ajouter_Decision/input_Ajouter_Fichier_Notification'

14-02-2025T09:42:52 - [MESSAGE][INFO] - Checking object

14-02-2025T09:42:52 - [MESSAGE][INFO] - Uploading file 'C:/Users/nbenjemi/Katalon Studio/ANEF-ELOIGNEMENT-20250121/ANEF-ELOIGNEMENT-20250121/Data Files/Fichier_Test.pdf' to object: 'Object Repository/ANEF_Eloignement_V_Nawres/Page_Ajouter_Decision/input_Ajouter_Fichier_Notification'

14-02-2025T09:42:52 - [MESSAGE][INFO] - Finding web element from Test Object's properties

14-02-2025T09:42:52 - [MESSAGE][INFO] - Checking timeout

14-02-2025T09:42:52 - [MESSAGE][INFO] - Finding web element with id: 'Object Repository/ANEF_Eloignement_V_Nawres/Page_Ajouter_Decision/input_Ajouter_Fichier_Notification' located by 'By.xpath: //app-notification-modal//form//app-dsfr-piece-jointe//input' in '100' second(s)

14-02-2025T09:42:52 - [MESSAGE][INFO] - Found 1 web elements with id: 'Object Repository/ANEF_Eloignement_V_Nawres/Page_Ajouter_Decision/input_Ajouter_Fichier_Notification' located by 'By.xpath: //app-notification-modal//form//app-dsfr-piece-jointe//input' in '100' second(s)

14-02-2025T09:42:53 - [MESSAGE][PASSED] - File 'C:/Users/nbenjemi/Katalon Studio/ANEF-ELOIGNEMENT-20250121/ANEF-ELOIGNEMENT-20250121/Data Files/Fichier_Test.pdf' sent to object: 'Object Repository/ANEF_Eloignement_V_Nawres/Page_Ajouter_Decision/input_Ajouter_Fichier_Notification'

14-02-2025T09:42:53 - [TEST_STEP][PASSED] - scrollToElement(findTestObject("Object Repository/ANEF_Eloignement_V_Nawres/Page_Ajouter_Decision/btn_Confirmer_Ajout_Notification"), 5, STOP_ON_FAILURE): Scroll to object 'Object Repository/ANEF_Eloignement_V_Nawres/Page_Ajouter_Decision/btn_Confirmer_Ajout_Notification' successfully

14-02-2025T09:42:53 - [MESSAGE][INFO] - Finding Test Object 'Object Repository/ANEF_Eloignement_V_Nawres/Page_Ajouter_Decision/btn_Confirmer_Ajout_Notification'

14-02-2025T09:42:54 - [MESSAGE][INFO] - Checking object

14-02-2025T09:42:54 - [MESSAGE][INFO] - Checking timeout

14-02-2025T09:42:54 - [MESSAGE][INFO] - Finding web element from Test Object's properties

14-02-2025T09:42:54 - [MESSAGE][INFO] - Checking timeout

14-02-2025T09:42:54 - [MESSAGE][INFO] - Finding web element with id: 'Object Repository/ANEF_Eloignement_V_Nawres/Page_Ajouter_Decision/btn_Confirmer_Ajout_Notification' located by 'By.xpath: //app-notification-modal//button[contains(text(),"Confirmer l'ajout")]' in '100' second(s)

14-02-2025T09:42:54 - [MESSAGE][INFO] - Found 1 web elements with id: 'Object Repository/ANEF_Eloignement_V_Nawres/Page_Ajouter_Decision/btn_Confirmer_Ajout_Notification' located by 'By.xpath: //app-notification-modal//button[contains(text(),"Confirmer l'ajout")]' in '100' second(s)

14-02-2025T09:42:54 - [MESSAGE][INFO] - Scrolling to object 'Object Repository/ANEF_Eloignement_V_Nawres/Page_Ajouter_Decision/btn_Confirmer_Ajout_Notification'

14-02-2025T09:42:54 - [MESSAGE][PASSED] - Scroll to object 'Object Repository/ANEF_Eloignement_V_Nawres/Page_Ajouter_Decision/btn_Confirmer_Ajout_Notification' successfully

14-02-2025T09:42:54 - [TEST_STEP][PASSED] - click(findTestObject("Object Repository/ANEF_Eloignement_V_Nawres/Page_Ajouter_Decision/btn_Confirmer_Ajout_Notification"), STOP_ON_FAILURE): Object: 'Object Repository/ANEF_Eloignement_V_Nawres/Page_Ajouter_Decision/btn_Confirmer_Ajout_Notification' is clicked on

14-02-2025T09:42:54 - [MESSAGE][INFO] - Finding Test Object 'Object Repository/ANEF_Eloignement_V_Nawres/Page_Ajouter_Decision/btn_Confirmer_Ajout_Notification'

14-02-2025T09:42:54 - [MESSAGE][INFO] - Checking timeout

14-02-2025T09:42:54 - [MESSAGE][INFO] - Finding web element with id: 'Object Repository/ANEF_Eloignement_V_Nawres/Page_Ajouter_Decision/btn_Confirmer_Ajout_Notification' located by 'By.xpath: //app-notification-modal//button[contains(text(),"Confirmer l'ajout")]' in '20' second(s)

14-02-2025T09:42:54 - [MESSAGE][INFO] - Found 1 web elements with id: 'Object Repository/ANEF_Eloignement_V_Nawres/Page_Ajouter_Decision/btn_Confirmer_Ajout_Notification' located by 'By.xpath: //app-notification-modal//button[contains(text(),"Confirmer l'ajout")]' in '20' second(s)

14-02-2025T09:42:54 - [MESSAGE][INFO] - Checking object

14-02-2025T09:42:54 - [MESSAGE][INFO] - Checking timeout

14-02-2025T09:42:54 - [MESSAGE][INFO] - Finding web element from Test Object's properties

14-02-2025T09:42:54 - [MESSAGE][INFO] - Checking timeout

14-02-2025T09:42:54 - [MESSAGE][INFO] - Finding web element with id: 'Object Repository/ANEF_Eloignement_V_Nawres/Page_Ajouter_Decision/btn_Confirmer_Ajout_Notification' located by 'By.xpath: //app-notification-modal//button[contains(text(),"Confirmer l'ajout")]' in '100' second(s)

14-02-2025T09:42:54 - [MESSAGE][INFO] - Found 1 web elements with id: 'Object Repository/ANEF_Eloignement_V_Nawres/Page_Ajouter_Decision/btn_Confirmer_Ajout_Notification' located by 'By.xpath: //app-notification-modal//button[contains(text(),"Confirmer l'ajout")]' in '100' second(s)

14-02-2025T09:42:54 - [MESSAGE][INFO] - Clicking on object: 'Object Repository/ANEF_Eloignement_V_Nawres/Page_Ajouter_Decision/btn_Confirmer_Ajout_Notification'

14-02-2025T09:42:55 - [MESSAGE][PASSED] - Object: 'Object Repository/ANEF_Eloignement_V_Nawres/Page_Ajouter_Decision/btn_Confirmer_Ajout_Notification' is clicked on

14-02-2025T09:42:55 - [TEST_STEP][PASSED] - waitForElementClickable(findTestObject("Object Repository/ANEF_Eloignement_V_Nawres/Page_Ajouter_Decision/btn_Enregistrer"), 7, STOP_ON_FAILURE): Object 'Object Repository/ANEF_Eloignement_V_Nawres/Page_Ajouter_Decision/btn_Enregistrer' is clickable

14-02-2025T09:42:55 - [MESSAGE][INFO] - Finding Test Object 'Object Repository/ANEF_Eloignement_V_Nawres/Page_Ajouter_Decision/btn_Enregistrer'

14-02-2025T09:42:55 - [MESSAGE][INFO] - Checking object

14-02-2025T09:42:55 - [MESSAGE][INFO] - Checking timeout

14-02-2025T09:42:55 - [MESSAGE][INFO] - Finding web element from Test Object's properties

14-02-2025T09:42:55 - [MESSAGE][INFO] - Checking timeout

14-02-2025T09:42:55 - [MESSAGE][INFO] - Finding web element with id: 'Object Repository/ANEF_Eloignement_V_Nawres/Page_Ajouter_Decision/btn_Enregistrer' located by 'By.xpath: //button[contains(text(),"Enregistrer")]' in '7' second(s)

14-02-2025T09:42:55 - [MESSAGE][INFO] - Found 1 web elements with id: 'Object Repository/ANEF_Eloignement_V_Nawres/Page_Ajouter_Decision/btn_Enregistrer' located by 'By.xpath: //button[contains(text(),"Enregistrer")]' in '7' second(s)

14-02-2025T09:42:55 - [MESSAGE][PASSED] - Object 'Object Repository/ANEF_Eloignement_V_Nawres/Page_Ajouter_Decision/btn_Enregistrer' is clickable

14-02-2025T09:42:55 - [MESSAGE][PASSED] - Call Test Case 'Test Cases/Test Reutilisable/Main/ANEF_Eloignement_V_Nawres/ANEF_Ajouter_Decision' successfully

14-02-2025T09:42:57 - [TEST_STEP][PASSED] - Video: Video recording for test case 'Test Cases/Cas D Utilisations/ANEF_Eloignement_V_Nawres/TC_ANEF_Eloignement' .

14-02-2025T09:42:57 - [MESSAGE][INFO] - Video recording for test case 'Test Cases/Cas D Utilisations/ANEF_Eloignement_V_Nawres/TC_ANEF_Eloignement' .]]></system-out>
         <system-err><![CDATA[]]></system-err>
      </testcase>
      <testcase name="Test Cases/Cas D Utilisations/ANEF_Eloignement_V_Nawres/TC_ANEF_Eloignement" time="134.016" classname="Test Cases/Cas D Utilisations/ANEF_Eloignement_V_Nawres/TC_ANEF_Eloignement" status="PASSED">
         <system-out><![CDATA[14-02-2025T09:42:57 - [TEST_CASE][PASSED] - Test Cases/Cas D Utilisations/ANEF_Eloignement_V_Nawres/TC_ANEF_Eloignement: Test Cases/Cas D Utilisations/ANEF_Eloignement_V_Nawres/TC_ANEF_Eloignement

14-02-2025T09:42:57 - [TEST_STEP][PASSED] - callTestCase(findTestCase("Test Cases/Test Reutilisable/Main/ANEF_Eloignement_V_Nawres/ANEF_Lancer_URL_ANEF"), ["Profiles":Profiles, "EnvExec":EnvExec], STOP_ON_FAILURE): Call Test Case 'Test Cases/Test Reutilisable/Main/ANEF_Eloignement_V_Nawres/ANEF_Lancer_URL_ANEF' successfully

14-02-2025T09:42:57 - [MESSAGE][INFO] - Checking called Test Case

14-02-2025T09:42:57 - [MESSAGE][INFO] - Starting to call Test Case 'Test Cases/Test Reutilisable/Main/ANEF_Eloignement_V_Nawres/ANEF_Lancer_URL_ANEF'

14-02-2025T09:42:57 - [TEST_CASE][PASSED] - Test Cases/Test Reutilisable/Main/ANEF_Eloignement_V_Nawres/ANEF_Lancer_URL_ANEF: Test Cases/Test Reutilisable/Main/ANEF_Eloignement_V_Nawres/ANEF_Lancer_URL_ANEF

14-02-2025T09:42:57 - [TEST_STEP][PASSED] - "Call Highlight.on() automatically": null

14-02-2025T09:42:57 - [TEST_STEP][PASSED] - projDir = getProjectDir(): null

14-02-2025T09:42:57 - [TEST_STEP][PASSED] - RunBrowserConfiguration = getExecutionProperties(): null

14-02-2025T09:42:57 - [TEST_STEP][PASSED] - DriverName = get("WebUI").get("browserType"): null

14-02-2025T09:42:57 - [TEST_STEP][PASSED] - println("DriverName :" + DriverName): null

14-02-2025T09:42:57 - [TEST_STEP][PASSED] - println("Driverpath :" + RunBrowserConfiguration.get("drivers")): null

14-02-2025T09:42:57 - [TEST_STEP][PASSED] - if (Profiles == "Usager"): null

14-02-2025T09:42:57 - [TEST_STEP][PASSED] - if (Profiles == "Agent"): Current window maximized

14-02-2025T09:42:57 - [TEST_STEP][PASSED] - if (EnvExec == "URLPortailAgentQualif"): Browser is opened with url: 'https://qualification.siaef.dgef.interieur.gouv.fr/sejour/#/accueil'

14-02-2025T09:42:57 - [TEST_STEP][PASSED] - openBrowser(URLPortailAgentQualif): Browser is opened with url: 'https://qualification.siaef.dgef.interieur.gouv.fr/sejour/#/accueil'

14-02-2025T09:42:57 - [MESSAGE][INFO] - Opening browser

14-02-2025T09:42:57 - [MESSAGE][WARNING] - A browser is already opened. Closing browser and opening a new one

14-02-2025T09:42:58 - [MESSAGE][INFO] - Starting 'Chrome' driver

14-02-2025T09:42:58 - [MESSAGE][INFO] - User set preference: ['args', '[--incognito, --disable-search-engine-choice-screen, --enable-automation, --disable-save-password-bubble, --start-maximized, --remote-allow-origins=*]']

14-02-2025T09:42:58 - [MESSAGE][INFO] - User set preference: ['prefs', '{download.default_directory=${GlobalVariable.downloadPath}, download_dir=${GlobalVariable.downloadPath}, download.prompt_for_download=false}']

14-02-2025T09:42:58 - [MESSAGE][INFO] - User set preference: ['loggingPrefs', '{browser=ALL}']

14-02-2025T09:42:58 - [MESSAGE][INFO] - Action delay is set to 1â€¯000 milliseconds

14-02-2025T09:42:59 - [MESSAGE][INFO] - Navigating browser to: 'https://qualification.siaef.dgef.interieur.gouv.fr/sejour/#/accueil'

14-02-2025T09:43:01 - [MESSAGE][PASSED] - Browser is opened with url: 'https://qualification.siaef.dgef.interieur.gouv.fr/sejour/#/accueil'

14-02-2025T09:43:01 - [TEST_STEP][PASSED] - if (EnvExec == "URLPortailAgentPreProd"): null

14-02-2025T09:43:01 - [TEST_STEP][PASSED] - maximizeWindow(): Current window maximized

14-02-2025T09:43:01 - [MESSAGE][INFO] - Maximizing current window

14-02-2025T09:43:01 - [MESSAGE][PASSED] - Current window maximized

14-02-2025T09:43:01 - [MESSAGE][PASSED] - Call Test Case 'Test Cases/Test Reutilisable/Main/ANEF_Eloignement_V_Nawres/ANEF_Lancer_URL_ANEF' successfully

14-02-2025T09:43:01 - [TEST_STEP][PASSED] - callTestCase(findTestCase("Test Cases/Test Reutilisable/Main/ANEF_Eloignement_V_Nawres/ANEF_Identification"), ["Profiles":Profiles, "IdentifiantAgent":IdentifiantAgent, "PwAgent":PwAgent, "EnvExec":EnvExec], STOP_ON_FAILURE): Call Test Case 'Test Cases/Test Reutilisable/Main/ANEF_Eloignement_V_Nawres/ANEF_Identification' successfully

14-02-2025T09:43:01 - [MESSAGE][INFO] - Checking called Test Case

14-02-2025T09:43:01 - [MESSAGE][INFO] - Starting to call Test Case 'Test Cases/Test Reutilisable/Main/ANEF_Eloignement_V_Nawres/ANEF_Identification'

14-02-2025T09:43:01 - [TEST_CASE][PASSED] - Test Cases/Test Reutilisable/Main/ANEF_Eloignement_V_Nawres/ANEF_Identification: Test Cases/Test Reutilisable/Main/ANEF_Eloignement_V_Nawres/ANEF_Identification

14-02-2025T09:43:01 - [TEST_STEP][PASSED] - com.kazurayam.ksbackyard.HighlightElement.pandemic(): com.kazurayam.ksbackyard.HighlightElement.pandemic is PASSED

14-02-2025T09:43:01 - [MESSAGE][PASSED] - com.kazurayam.ksbackyard.HighlightElement.pandemic is PASSED

14-02-2025T09:43:01 - [TEST_STEP][PASSED] - if (Profiles == "Usager"): null

14-02-2025T09:43:01 - [TEST_STEP][PASSED] - if (Profiles == "Agent"): Object: 'Object Repository/ANEF_Eloignement_V_Nawres/Page_ANEF_Connexion/btn_Valider_Conx_Agent' is clicked on

14-02-2025T09:43:01 - [TEST_STEP][PASSED] - if (EnvExec == "URLPortailAgentQualif"): Text 'Natali12345!' is set on object 'Object Repository/ANEF_Eloignement_V_Nawres/Page_ANEF_Connexion/Input_PasswordAgent'

14-02-2025T09:43:01 - [TEST_STEP][PASSED] - setText(findTestObject("Object Repository/ANEF_Eloignement_V_Nawres/Page_ANEF_Connexion/Input_UserNameAgent"), IdentifiantAgent): Text 'test.gpe+32@outlook.fr' is set on object 'Object Repository/ANEF_Eloignement_V_Nawres/Page_ANEF_Connexion/Input_UserNameAgent'

14-02-2025T09:43:01 - [MESSAGE][INFO] - Finding Test Object 'Object Repository/ANEF_Eloignement_V_Nawres/Page_ANEF_Connexion/Input_UserNameAgent'

14-02-2025T09:43:01 - [MESSAGE][INFO] - Checking timeout

14-02-2025T09:43:01 - [MESSAGE][INFO] - Finding web element with id: 'Object Repository/ANEF_Eloignement_V_Nawres/Page_ANEF_Connexion/Input_UserNameAgent' located by 'By.xpath: //*[@aria-labelledby="username-label"]|//*[@id="login"]' in '20' second(s)

14-02-2025T09:43:01 - [MESSAGE][INFO] - Found 1 web elements with id: 'Object Repository/ANEF_Eloignement_V_Nawres/Page_ANEF_Connexion/Input_UserNameAgent' located by 'By.xpath: //*[@aria-labelledby="username-label"]|//*[@id="login"]' in '20' second(s)

14-02-2025T09:43:01 - [MESSAGE][INFO] - Checking object

14-02-2025T09:43:01 - [MESSAGE][INFO] - Checking text

14-02-2025T09:43:01 - [MESSAGE][INFO] - Finding web element from Test Object's properties

14-02-2025T09:43:01 - [MESSAGE][INFO] - Checking timeout

14-02-2025T09:43:01 - [MESSAGE][INFO] - Finding web element with id: 'Object Repository/ANEF_Eloignement_V_Nawres/Page_ANEF_Connexion/Input_UserNameAgent' located by 'By.xpath: //*[@aria-labelledby="username-label"]|//*[@id="login"]' in '100' second(s)

14-02-2025T09:43:01 - [MESSAGE][INFO] - Found 1 web elements with id: 'Object Repository/ANEF_Eloignement_V_Nawres/Page_ANEF_Connexion/Input_UserNameAgent' located by 'By.xpath: //*[@aria-labelledby="username-label"]|//*[@id="login"]' in '100' second(s)

14-02-2025T09:43:01 - [MESSAGE][INFO] - Clearing text of object 'Object Repository/ANEF_Eloignement_V_Nawres/Page_ANEF_Connexion/Input_UserNameAgent'

14-02-2025T09:43:02 - [MESSAGE][INFO] - Finding web element from Test Object's properties

14-02-2025T09:43:02 - [MESSAGE][INFO] - Checking timeout

14-02-2025T09:43:02 - [MESSAGE][INFO] - Finding web element with id: 'Object Repository/ANEF_Eloignement_V_Nawres/Page_ANEF_Connexion/Input_UserNameAgent' located by 'By.xpath: //*[@aria-labelledby="username-label"]|//*[@id="login"]' in '100' second(s)

14-02-2025T09:43:02 - [MESSAGE][INFO] - Found 1 web elements with id: 'Object Repository/ANEF_Eloignement_V_Nawres/Page_ANEF_Connexion/Input_UserNameAgent' located by 'By.xpath: //*[@aria-labelledby="username-label"]|//*[@id="login"]' in '100' second(s)

14-02-2025T09:43:02 - [MESSAGE][INFO] - Setting text of object 'Object Repository/ANEF_Eloignement_V_Nawres/Page_ANEF_Connexion/Input_UserNameAgent' to value 'test.gpe+32@outlook.fr'

14-02-2025T09:43:03 - [MESSAGE][PASSED] - Text 'test.gpe+32@outlook.fr' is set on object 'Object Repository/ANEF_Eloignement_V_Nawres/Page_ANEF_Connexion/Input_UserNameAgent'

14-02-2025T09:43:03 - [TEST_STEP][PASSED] - setText(findTestObject("Object Repository/ANEF_Eloignement_V_Nawres/Page_ANEF_Connexion/Input_PasswordAgent"), PwAgent): Text 'Natali12345!' is set on object 'Object Repository/ANEF_Eloignement_V_Nawres/Page_ANEF_Connexion/Input_PasswordAgent'

14-02-2025T09:43:03 - [MESSAGE][INFO] - Finding Test Object 'Object Repository/ANEF_Eloignement_V_Nawres/Page_ANEF_Connexion/Input_PasswordAgent'

14-02-2025T09:43:03 - [MESSAGE][INFO] - Checking timeout

14-02-2025T09:43:03 - [MESSAGE][INFO] - Finding web element with id: 'Object Repository/ANEF_Eloignement_V_Nawres/Page_ANEF_Connexion/Input_PasswordAgent' located by 'By.xpath: //*[@aria-labelledby="password-label"]|//*[@id="password"]' in '20' second(s)

14-02-2025T09:43:04 - [MESSAGE][INFO] - Found 1 web elements with id: 'Object Repository/ANEF_Eloignement_V_Nawres/Page_ANEF_Connexion/Input_PasswordAgent' located by 'By.xpath: //*[@aria-labelledby="password-label"]|//*[@id="password"]' in '20' second(s)

14-02-2025T09:43:04 - [MESSAGE][INFO] - Checking object

14-02-2025T09:43:04 - [MESSAGE][INFO] - Checking text

14-02-2025T09:43:04 - [MESSAGE][INFO] - Finding web element from Test Object's properties

14-02-2025T09:43:04 - [MESSAGE][INFO] - Checking timeout

14-02-2025T09:43:04 - [MESSAGE][INFO] - Finding web element with id: 'Object Repository/ANEF_Eloignement_V_Nawres/Page_ANEF_Connexion/Input_PasswordAgent' located by 'By.xpath: //*[@aria-labelledby="password-label"]|//*[@id="password"]' in '100' second(s)

14-02-2025T09:43:04 - [MESSAGE][INFO] - Found 1 web elements with id: 'Object Repository/ANEF_Eloignement_V_Nawres/Page_ANEF_Connexion/Input_PasswordAgent' located by 'By.xpath: //*[@aria-labelledby="password-label"]|//*[@id="password"]' in '100' second(s)

14-02-2025T09:43:04 - [MESSAGE][INFO] - Clearing text of object 'Object Repository/ANEF_Eloignement_V_Nawres/Page_ANEF_Connexion/Input_PasswordAgent'

14-02-2025T09:43:05 - [MESSAGE][INFO] - Finding web element from Test Object's properties

14-02-2025T09:43:05 - [MESSAGE][INFO] - Checking timeout

14-02-2025T09:43:05 - [MESSAGE][INFO] - Finding web element with id: 'Object Repository/ANEF_Eloignement_V_Nawres/Page_ANEF_Connexion/Input_PasswordAgent' located by 'By.xpath: //*[@aria-labelledby="password-label"]|//*[@id="password"]' in '100' second(s)

14-02-2025T09:43:05 - [MESSAGE][INFO] - Found 1 web elements with id: 'Object Repository/ANEF_Eloignement_V_Nawres/Page_ANEF_Connexion/Input_PasswordAgent' located by 'By.xpath: //*[@aria-labelledby="password-label"]|//*[@id="password"]' in '100' second(s)

14-02-2025T09:43:05 - [MESSAGE][INFO] - Setting text of object 'Object Repository/ANEF_Eloignement_V_Nawres/Page_ANEF_Connexion/Input_PasswordAgent' to value 'Natali12345!'

14-02-2025T09:43:06 - [MESSAGE][PASSED] - Text 'Natali12345!' is set on object 'Object Repository/ANEF_Eloignement_V_Nawres/Page_ANEF_Connexion/Input_PasswordAgent'

14-02-2025T09:43:06 - [TEST_STEP][PASSED] - if (EnvExec == "URLPortailAgentPreProd"): null

14-02-2025T09:43:06 - [TEST_STEP][PASSED] - click(findTestObject("Object Repository/ANEF_Eloignement_V_Nawres/Page_ANEF_Connexion/btn_Valider_Conx_Agent")): Object: 'Object Repository/ANEF_Eloignement_V_Nawres/Page_ANEF_Connexion/btn_Valider_Conx_Agent' is clicked on

14-02-2025T09:43:06 - [MESSAGE][INFO] - Finding Test Object 'Object Repository/ANEF_Eloignement_V_Nawres/Page_ANEF_Connexion/btn_Valider_Conx_Agent'

14-02-2025T09:43:06 - [MESSAGE][INFO] - Checking timeout

14-02-2025T09:43:06 - [MESSAGE][INFO] - Finding web element with id: 'Object Repository/ANEF_Eloignement_V_Nawres/Page_ANEF_Connexion/btn_Valider_Conx_Agent' located by 'By.xpath: //*[@label="Valider"]|//*[@id="btn-login"]' in '20' second(s)

14-02-2025T09:43:06 - [MESSAGE][INFO] - Found 1 web elements with id: 'Object Repository/ANEF_Eloignement_V_Nawres/Page_ANEF_Connexion/btn_Valider_Conx_Agent' located by 'By.xpath: //*[@label="Valider"]|//*[@id="btn-login"]' in '20' second(s)

14-02-2025T09:43:06 - [MESSAGE][INFO] - Checking object

14-02-2025T09:43:06 - [MESSAGE][INFO] - Checking timeout

14-02-2025T09:43:06 - [MESSAGE][INFO] - Finding web element from Test Object's properties

14-02-2025T09:43:06 - [MESSAGE][INFO] - Checking timeout

14-02-2025T09:43:06 - [MESSAGE][INFO] - Finding web element with id: 'Object Repository/ANEF_Eloignement_V_Nawres/Page_ANEF_Connexion/btn_Valider_Conx_Agent' located by 'By.xpath: //*[@label="Valider"]|//*[@id="btn-login"]' in '100' second(s)

14-02-2025T09:43:06 - [MESSAGE][INFO] - Found 1 web elements with id: 'Object Repository/ANEF_Eloignement_V_Nawres/Page_ANEF_Connexion/btn_Valider_Conx_Agent' located by 'By.xpath: //*[@label="Valider"]|//*[@id="btn-login"]' in '100' second(s)

14-02-2025T09:43:06 - [MESSAGE][INFO] - Clicking on object: 'Object Repository/ANEF_Eloignement_V_Nawres/Page_ANEF_Connexion/btn_Valider_Conx_Agent'

14-02-2025T09:43:07 - [MESSAGE][PASSED] - Object: 'Object Repository/ANEF_Eloignement_V_Nawres/Page_ANEF_Connexion/btn_Valider_Conx_Agent' is clicked on

14-02-2025T09:43:07 - [TEST_STEP][PASSED] - delay(5): Delayed 5 second(s)

14-02-2025T09:43:07 - [MESSAGE][INFO] - Delaying browser in 5 second(s)

14-02-2025T09:43:12 - [MESSAGE][PASSED] - Delayed 5 second(s)

14-02-2025T09:43:12 - [TEST_STEP][PASSED] - verifyElementPresent(findTestObject("Object Repository/ANEF_Eloignement_V_Nawres/Page_Accueil_Principale/btn_ANEF_Eloignement"), 1, STOP_ON_FAILURE): Object 'Object Repository/ANEF_Eloignement_V_Nawres/Page_Accueil_Principale/btn_ANEF_Eloignement' is present

14-02-2025T09:43:12 - [MESSAGE][INFO] - Finding Test Object 'Object Repository/ANEF_Eloignement_V_Nawres/Page_Accueil_Principale/btn_ANEF_Eloignement'

14-02-2025T09:43:12 - [MESSAGE][INFO] - Checking object

14-02-2025T09:43:12 - [MESSAGE][INFO] - Finding web element from Test Object's properties

14-02-2025T09:43:12 - [MESSAGE][INFO] - Checking timeout

14-02-2025T09:43:12 - [MESSAGE][INFO] - Finding web element with id: 'Object Repository/ANEF_Eloignement_V_Nawres/Page_Accueil_Principale/btn_ANEF_Eloignement' located by 'By.xpath: //span[contains(text()," ANEF Ã©loignement ")]' in '1' second(s)

14-02-2025T09:43:12 - [MESSAGE][INFO] - Found 1 web elements with id: 'Object Repository/ANEF_Eloignement_V_Nawres/Page_Accueil_Principale/btn_ANEF_Eloignement' located by 'By.xpath: //span[contains(text()," ANEF Ã©loignement ")]' in '1' second(s)

14-02-2025T09:43:12 - [MESSAGE][PASSED] - Object 'Object Repository/ANEF_Eloignement_V_Nawres/Page_Accueil_Principale/btn_ANEF_Eloignement' is present

14-02-2025T09:43:12 - [MESSAGE][PASSED] - Call Test Case 'Test Cases/Test Reutilisable/Main/ANEF_Eloignement_V_Nawres/ANEF_Identification' successfully

14-02-2025T09:43:12 - [TEST_STEP][PASSED] - callTestCase(findTestCase("Test Cases/Test Reutilisable/Main/ANEF_Eloignement_V_Nawres/ANEF_Creation_ou_Recherche_Dossier"), ["CreationOuRecherche":CreationOuRecherche, "NumeroEtranger":NumeroEtranger], STOP_ON_FAILURE): Call Test Case 'Test Cases/Test Reutilisable/Main/ANEF_Eloignement_V_Nawres/ANEF_Creation_ou_Recherche_Dossier' successfully

14-02-2025T09:43:12 - [MESSAGE][INFO] - Checking called Test Case

14-02-2025T09:43:12 - [MESSAGE][INFO] - Starting to call Test Case 'Test Cases/Test Reutilisable/Main/ANEF_Eloignement_V_Nawres/ANEF_Creation_ou_Recherche_Dossier'

14-02-2025T09:43:12 - [TEST_CASE][PASSED] - Test Cases/Test Reutilisable/Main/ANEF_Eloignement_V_Nawres/ANEF_Creation_ou_Recherche_Dossier: Test Cases/Test Reutilisable/Main/ANEF_Eloignement_V_Nawres/ANEF_Creation_ou_Recherche_Dossier

14-02-2025T09:43:12 - [TEST_STEP][PASSED] - click(findTestObject("Object Repository/ANEF_Eloignement_V_Nawres/Page_Accueil_Principale/btn_ANEF_Eloignement")): Object: 'Object Repository/ANEF_Eloignement_V_Nawres/Page_Accueil_Principale/btn_ANEF_Eloignement' is clicked on

14-02-2025T09:43:12 - [MESSAGE][INFO] - Finding Test Object 'Object Repository/ANEF_Eloignement_V_Nawres/Page_Accueil_Principale/btn_ANEF_Eloignement'

14-02-2025T09:43:12 - [MESSAGE][INFO] - Checking timeout

14-02-2025T09:43:12 - [MESSAGE][INFO] - Finding web element with id: 'Object Repository/ANEF_Eloignement_V_Nawres/Page_Accueil_Principale/btn_ANEF_Eloignement' located by 'By.xpath: //span[contains(text()," ANEF Ã©loignement ")]' in '20' second(s)

14-02-2025T09:43:12 - [MESSAGE][INFO] - Found 1 web elements with id: 'Object Repository/ANEF_Eloignement_V_Nawres/Page_Accueil_Principale/btn_ANEF_Eloignement' located by 'By.xpath: //span[contains(text()," ANEF Ã©loignement ")]' in '20' second(s)

14-02-2025T09:43:12 - [MESSAGE][INFO] - Checking object

14-02-2025T09:43:12 - [MESSAGE][INFO] - Checking timeout

14-02-2025T09:43:12 - [MESSAGE][INFO] - Finding web element from Test Object's properties

14-02-2025T09:43:12 - [MESSAGE][INFO] - Checking timeout

14-02-2025T09:43:12 - [MESSAGE][INFO] - Finding web element with id: 'Object Repository/ANEF_Eloignement_V_Nawres/Page_Accueil_Principale/btn_ANEF_Eloignement' located by 'By.xpath: //span[contains(text()," ANEF Ã©loignement ")]' in '100' second(s)

14-02-2025T09:43:12 - [MESSAGE][INFO] - Found 1 web elements with id: 'Object Repository/ANEF_Eloignement_V_Nawres/Page_Accueil_Principale/btn_ANEF_Eloignement' located by 'By.xpath: //span[contains(text()," ANEF Ã©loignement ")]' in '100' second(s)

14-02-2025T09:43:12 - [MESSAGE][INFO] - Clicking on object: 'Object Repository/ANEF_Eloignement_V_Nawres/Page_Accueil_Principale/btn_ANEF_Eloignement'

14-02-2025T09:43:15 - [MESSAGE][PASSED] - Object: 'Object Repository/ANEF_Eloignement_V_Nawres/Page_Accueil_Principale/btn_ANEF_Eloignement' is clicked on

14-02-2025T09:43:15 - [TEST_STEP][PASSED] - verifyElementPresent(findTestObject("Object Repository/ANEF_Eloignement_V_Nawres/Page_Creation_ou_Recherche_Dossier/btn_Rechercher_Dossier"), 1, STOP_ON_FAILURE): Object 'Object Repository/ANEF_Eloignement_V_Nawres/Page_Creation_ou_Recherche_Dossier/btn_Rechercher_Dossier' is present

14-02-2025T09:43:15 - [MESSAGE][INFO] - Finding Test Object 'Object Repository/ANEF_Eloignement_V_Nawres/Page_Creation_ou_Recherche_Dossier/btn_Rechercher_Dossier'

14-02-2025T09:43:15 - [MESSAGE][INFO] - Checking object

14-02-2025T09:43:15 - [MESSAGE][INFO] - Finding web element from Test Object's properties

14-02-2025T09:43:15 - [MESSAGE][INFO] - Checking timeout

14-02-2025T09:43:15 - [MESSAGE][INFO] - Finding web element with id: 'Object Repository/ANEF_Eloignement_V_Nawres/Page_Creation_ou_Recherche_Dossier/btn_Rechercher_Dossier' located by 'By.xpath: //button[@title="Rechercher un dossier"]' in '1' second(s)

14-02-2025T09:43:15 - [MESSAGE][INFO] - Found 1 web elements with id: 'Object Repository/ANEF_Eloignement_V_Nawres/Page_Creation_ou_Recherche_Dossier/btn_Rechercher_Dossier' located by 'By.xpath: //button[@title="Rechercher un dossier"]' in '1' second(s)

14-02-2025T09:43:15 - [MESSAGE][PASSED] - Object 'Object Repository/ANEF_Eloignement_V_Nawres/Page_Creation_ou_Recherche_Dossier/btn_Rechercher_Dossier' is present

14-02-2025T09:43:15 - [TEST_STEP][PASSED] - delay(5): Delayed 5 second(s)

14-02-2025T09:43:15 - [MESSAGE][INFO] - Delaying browser in 5 second(s)

14-02-2025T09:43:20 - [MESSAGE][PASSED] - Delayed 5 second(s)

14-02-2025T09:43:20 - [TEST_STEP][PASSED] - click(findTestObject("Object Repository/ANEF_Eloignement_V_Nawres/Page_Creation_ou_Recherche_Dossier/btn_Rechercher_Dossier")): Object: 'Object Repository/ANEF_Eloignement_V_Nawres/Page_Creation_ou_Recherche_Dossier/btn_Rechercher_Dossier' is clicked on

14-02-2025T09:43:20 - [MESSAGE][INFO] - Finding Test Object 'Object Repository/ANEF_Eloignement_V_Nawres/Page_Creation_ou_Recherche_Dossier/btn_Rechercher_Dossier'

14-02-2025T09:43:20 - [MESSAGE][INFO] - Checking timeout

14-02-2025T09:43:20 - [MESSAGE][INFO] - Finding web element with id: 'Object Repository/ANEF_Eloignement_V_Nawres/Page_Creation_ou_Recherche_Dossier/btn_Rechercher_Dossier' located by 'By.xpath: //button[@title="Rechercher un dossier"]' in '20' second(s)

14-02-2025T09:43:20 - [MESSAGE][INFO] - Found 1 web elements with id: 'Object Repository/ANEF_Eloignement_V_Nawres/Page_Creation_ou_Recherche_Dossier/btn_Rechercher_Dossier' located by 'By.xpath: //button[@title="Rechercher un dossier"]' in '20' second(s)

14-02-2025T09:43:20 - [MESSAGE][INFO] - Checking object

14-02-2025T09:43:20 - [MESSAGE][INFO] - Checking timeout

14-02-2025T09:43:20 - [MESSAGE][INFO] - Finding web element from Test Object's properties

14-02-2025T09:43:20 - [MESSAGE][INFO] - Checking timeout

14-02-2025T09:43:20 - [MESSAGE][INFO] - Finding web element with id: 'Object Repository/ANEF_Eloignement_V_Nawres/Page_Creation_ou_Recherche_Dossier/btn_Rechercher_Dossier' located by 'By.xpath: //button[@title="Rechercher un dossier"]' in '100' second(s)

14-02-2025T09:43:20 - [MESSAGE][INFO] - Found 1 web elements with id: 'Object Repository/ANEF_Eloignement_V_Nawres/Page_Creation_ou_Recherche_Dossier/btn_Rechercher_Dossier' located by 'By.xpath: //button[@title="Rechercher un dossier"]' in '100' second(s)

14-02-2025T09:43:20 - [MESSAGE][INFO] - Clicking on object: 'Object Repository/ANEF_Eloignement_V_Nawres/Page_Creation_ou_Recherche_Dossier/btn_Rechercher_Dossier'

14-02-2025T09:43:21 - [MESSAGE][PASSED] - Object: 'Object Repository/ANEF_Eloignement_V_Nawres/Page_Creation_ou_Recherche_Dossier/btn_Rechercher_Dossier' is clicked on

14-02-2025T09:43:21 - [TEST_STEP][PASSED] - if (CreationOuRecherche == "Creation"): Delayed 10 second(s)

14-02-2025T09:43:21 - [TEST_STEP][PASSED] - NumberUsagerRandom = tools.MyStringTools.getRandomNumber(100000000, 9999999999): tools.MyStringTools.getRandomNumber is PASSED

14-02-2025T09:43:21 - [MESSAGE][PASSED] - tools.MyStringTools.getRandomNumber is PASSED

14-02-2025T09:43:21 - [TEST_STEP][PASSED] - println(NumberUsagerRandom): null

14-02-2025T09:43:21 - [TEST_STEP][PASSED] - NumberUsager = NumberUsagerRandom.toString(): null

14-02-2025T09:43:21 - [TEST_STEP][PASSED] - setText(findTestObject("Object Repository/ANEF_Eloignement_V_Nawres/Page_Creation_ou_Recherche_Dossier/Input_Numero_etranger"), NumberUsager, STOP_ON_FAILURE): Text '9166838924' is set on object 'Object Repository/ANEF_Eloignement_V_Nawres/Page_Creation_ou_Recherche_Dossier/Input_Numero_etranger'

14-02-2025T09:43:21 - [MESSAGE][INFO] - Finding Test Object 'Object Repository/ANEF_Eloignement_V_Nawres/Page_Creation_ou_Recherche_Dossier/Input_Numero_etranger'

14-02-2025T09:43:21 - [MESSAGE][INFO] - Checking timeout

14-02-2025T09:43:21 - [MESSAGE][INFO] - Finding web element with id: 'Object Repository/ANEF_Eloignement_V_Nawres/Page_Creation_ou_Recherche_Dossier/Input_Numero_etranger' located by 'By.xpath: //app-identite-declaree-search-box//div/app-dsfr-input/div/input[@id="identifiant_agdref"]|//app-search-box//div/app-dsfr-input/div/input[@id="identifiant_agdref"]' in '20' second(s)

14-02-2025T09:43:21 - [MESSAGE][INFO] - Found 1 web elements with id: 'Object Repository/ANEF_Eloignement_V_Nawres/Page_Creation_ou_Recherche_Dossier/Input_Numero_etranger' located by 'By.xpath: //app-identite-declaree-search-box//div/app-dsfr-input/div/input[@id="identifiant_agdref"]|//app-search-box//div/app-dsfr-input/div/input[@id="identifiant_agdref"]' in '20' second(s)

14-02-2025T09:43:21 - [MESSAGE][INFO] - Checking object

14-02-2025T09:43:21 - [MESSAGE][INFO] - Checking text

14-02-2025T09:43:21 - [MESSAGE][INFO] - Finding web element from Test Object's properties

14-02-2025T09:43:21 - [MESSAGE][INFO] - Checking timeout

14-02-2025T09:43:21 - [MESSAGE][INFO] - Finding web element with id: 'Object Repository/ANEF_Eloignement_V_Nawres/Page_Creation_ou_Recherche_Dossier/Input_Numero_etranger' located by 'By.xpath: //app-identite-declaree-search-box//div/app-dsfr-input/div/input[@id="identifiant_agdref"]|//app-search-box//div/app-dsfr-input/div/input[@id="identifiant_agdref"]' in '100' second(s)

14-02-2025T09:43:21 - [MESSAGE][INFO] - Found 1 web elements with id: 'Object Repository/ANEF_Eloignement_V_Nawres/Page_Creation_ou_Recherche_Dossier/Input_Numero_etranger' located by 'By.xpath: //app-identite-declaree-search-box//div/app-dsfr-input/div/input[@id="identifiant_agdref"]|//app-search-box//div/app-dsfr-input/div/input[@id="identifiant_agdref"]' in '100' second(s)

14-02-2025T09:43:21 - [MESSAGE][INFO] - Clearing text of object 'Object Repository/ANEF_Eloignement_V_Nawres/Page_Creation_ou_Recherche_Dossier/Input_Numero_etranger'

14-02-2025T09:43:22 - [MESSAGE][INFO] - Finding web element from Test Object's properties

14-02-2025T09:43:22 - [MESSAGE][INFO] - Checking timeout

14-02-2025T09:43:22 - [MESSAGE][INFO] - Finding web element with id: 'Object Repository/ANEF_Eloignement_V_Nawres/Page_Creation_ou_Recherche_Dossier/Input_Numero_etranger' located by 'By.xpath: //app-identite-declaree-search-box//div/app-dsfr-input/div/input[@id="identifiant_agdref"]|//app-search-box//div/app-dsfr-input/div/input[@id="identifiant_agdref"]' in '100' second(s)

14-02-2025T09:43:22 - [MESSAGE][INFO] - Found 1 web elements with id: 'Object Repository/ANEF_Eloignement_V_Nawres/Page_Creation_ou_Recherche_Dossier/Input_Numero_etranger' located by 'By.xpath: //app-identite-declaree-search-box//div/app-dsfr-input/div/input[@id="identifiant_agdref"]|//app-search-box//div/app-dsfr-input/div/input[@id="identifiant_agdref"]' in '100' second(s)

14-02-2025T09:43:22 - [MESSAGE][INFO] - Setting text of object 'Object Repository/ANEF_Eloignement_V_Nawres/Page_Creation_ou_Recherche_Dossier/Input_Numero_etranger' to value '9166838924'

14-02-2025T09:43:23 - [MESSAGE][PASSED] - Text '9166838924' is set on object 'Object Repository/ANEF_Eloignement_V_Nawres/Page_Creation_ou_Recherche_Dossier/Input_Numero_etranger'

14-02-2025T09:43:23 - [TEST_STEP][PASSED] - click(findTestObject("Object Repository/ANEF_Eloignement_V_Nawres/Page_Creation_ou_Recherche_Dossier/Input_Numero_etranger"), STOP_ON_FAILURE): Object: 'Object Repository/ANEF_Eloignement_V_Nawres/Page_Creation_ou_Recherche_Dossier/Input_Numero_etranger' is clicked on

14-02-2025T09:43:23 - [MESSAGE][INFO] - Finding Test Object 'Object Repository/ANEF_Eloignement_V_Nawres/Page_Creation_ou_Recherche_Dossier/Input_Numero_etranger'

14-02-2025T09:43:23 - [MESSAGE][INFO] - Checking timeout

14-02-2025T09:43:23 - [MESSAGE][INFO] - Finding web element with id: 'Object Repository/ANEF_Eloignement_V_Nawres/Page_Creation_ou_Recherche_Dossier/Input_Numero_etranger' located by 'By.xpath: //app-identite-declaree-search-box//div/app-dsfr-input/div/input[@id="identifiant_agdref"]|//app-search-box//div/app-dsfr-input/div/input[@id="identifiant_agdref"]' in '20' second(s)

14-02-2025T09:43:23 - [MESSAGE][INFO] - Found 1 web elements with id: 'Object Repository/ANEF_Eloignement_V_Nawres/Page_Creation_ou_Recherche_Dossier/Input_Numero_etranger' located by 'By.xpath: //app-identite-declaree-search-box//div/app-dsfr-input/div/input[@id="identifiant_agdref"]|//app-search-box//div/app-dsfr-input/div/input[@id="identifiant_agdref"]' in '20' second(s)

14-02-2025T09:43:23 - [MESSAGE][INFO] - Checking object

14-02-2025T09:43:23 - [MESSAGE][INFO] - Checking timeout

14-02-2025T09:43:23 - [MESSAGE][INFO] - Finding web element from Test Object's properties

14-02-2025T09:43:23 - [MESSAGE][INFO] - Checking timeout

14-02-2025T09:43:23 - [MESSAGE][INFO] - Finding web element with id: 'Object Repository/ANEF_Eloignement_V_Nawres/Page_Creation_ou_Recherche_Dossier/Input_Numero_etranger' located by 'By.xpath: //app-identite-declaree-search-box//div/app-dsfr-input/div/input[@id="identifiant_agdref"]|//app-search-box//div/app-dsfr-input/div/input[@id="identifiant_agdref"]' in '100' second(s)

14-02-2025T09:43:23 - [MESSAGE][INFO] - Found 1 web elements with id: 'Object Repository/ANEF_Eloignement_V_Nawres/Page_Creation_ou_Recherche_Dossier/Input_Numero_etranger' located by 'By.xpath: //app-identite-declaree-search-box//div/app-dsfr-input/div/input[@id="identifiant_agdref"]|//app-search-box//div/app-dsfr-input/div/input[@id="identifiant_agdref"]' in '100' second(s)

14-02-2025T09:43:23 - [MESSAGE][INFO] - Clicking on object: 'Object Repository/ANEF_Eloignement_V_Nawres/Page_Creation_ou_Recherche_Dossier/Input_Numero_etranger'

14-02-2025T09:43:25 - [MESSAGE][PASSED] - Object: 'Object Repository/ANEF_Eloignement_V_Nawres/Page_Creation_ou_Recherche_Dossier/Input_Numero_etranger' is clicked on

14-02-2025T09:43:25 - [TEST_STEP][PASSED] - scrollToElement(findTestObject("Object Repository/ANEF_Eloignement_V_Nawres/Page_Creation_ou_Recherche_Dossier/btn_Lancer_La_Recherche"), 5, STOP_ON_FAILURE): Scroll to object 'Object Repository/ANEF_Eloignement_V_Nawres/Page_Creation_ou_Recherche_Dossier/btn_Lancer_La_Recherche' successfully

14-02-2025T09:43:25 - [MESSAGE][INFO] - Finding Test Object 'Object Repository/ANEF_Eloignement_V_Nawres/Page_Creation_ou_Recherche_Dossier/btn_Lancer_La_Recherche'

14-02-2025T09:43:25 - [MESSAGE][INFO] - Checking object

14-02-2025T09:43:25 - [MESSAGE][INFO] - Checking timeout

14-02-2025T09:43:25 - [MESSAGE][INFO] - Finding web element from Test Object's properties

14-02-2025T09:43:25 - [MESSAGE][INFO] - Checking timeout

14-02-2025T09:43:25 - [MESSAGE][INFO] - Finding web element with id: 'Object Repository/ANEF_Eloignement_V_Nawres/Page_Creation_ou_Recherche_Dossier/btn_Lancer_La_Recherche' located by 'By.xpath: //button[contains(text(),"Lancer la recherche ")]' in '100' second(s)

14-02-2025T09:43:25 - [MESSAGE][INFO] - Found 1 web elements with id: 'Object Repository/ANEF_Eloignement_V_Nawres/Page_Creation_ou_Recherche_Dossier/btn_Lancer_La_Recherche' located by 'By.xpath: //button[contains(text(),"Lancer la recherche ")]' in '100' second(s)

14-02-2025T09:43:25 - [MESSAGE][INFO] - Scrolling to object 'Object Repository/ANEF_Eloignement_V_Nawres/Page_Creation_ou_Recherche_Dossier/btn_Lancer_La_Recherche'

14-02-2025T09:43:25 - [MESSAGE][PASSED] - Scroll to object 'Object Repository/ANEF_Eloignement_V_Nawres/Page_Creation_ou_Recherche_Dossier/btn_Lancer_La_Recherche' successfully

14-02-2025T09:43:25 - [TEST_STEP][PASSED] - click(findTestObject("Object Repository/ANEF_Eloignement_V_Nawres/Page_Creation_ou_Recherche_Dossier/btn_Lancer_La_Recherche"), STOP_ON_FAILURE): Object: 'Object Repository/ANEF_Eloignement_V_Nawres/Page_Creation_ou_Recherche_Dossier/btn_Lancer_La_Recherche' is clicked on

14-02-2025T09:43:25 - [MESSAGE][INFO] - Finding Test Object 'Object Repository/ANEF_Eloignement_V_Nawres/Page_Creation_ou_Recherche_Dossier/btn_Lancer_La_Recherche'

14-02-2025T09:43:25 - [MESSAGE][INFO] - Checking timeout

14-02-2025T09:43:25 - [MESSAGE][INFO] - Finding web element with id: 'Object Repository/ANEF_Eloignement_V_Nawres/Page_Creation_ou_Recherche_Dossier/btn_Lancer_La_Recherche' located by 'By.xpath: //button[contains(text(),"Lancer la recherche ")]' in '20' second(s)

14-02-2025T09:43:25 - [MESSAGE][INFO] - Found 1 web elements with id: 'Object Repository/ANEF_Eloignement_V_Nawres/Page_Creation_ou_Recherche_Dossier/btn_Lancer_La_Recherche' located by 'By.xpath: //button[contains(text(),"Lancer la recherche ")]' in '20' second(s)

14-02-2025T09:43:25 - [MESSAGE][INFO] - Checking object

14-02-2025T09:43:25 - [MESSAGE][INFO] - Checking timeout

14-02-2025T09:43:25 - [MESSAGE][INFO] - Finding web element from Test Object's properties

14-02-2025T09:43:25 - [MESSAGE][INFO] - Checking timeout

14-02-2025T09:43:25 - [MESSAGE][INFO] - Finding web element with id: 'Object Repository/ANEF_Eloignement_V_Nawres/Page_Creation_ou_Recherche_Dossier/btn_Lancer_La_Recherche' located by 'By.xpath: //button[contains(text(),"Lancer la recherche ")]' in '100' second(s)

14-02-2025T09:43:25 - [MESSAGE][INFO] - Found 1 web elements with id: 'Object Repository/ANEF_Eloignement_V_Nawres/Page_Creation_ou_Recherche_Dossier/btn_Lancer_La_Recherche' located by 'By.xpath: //button[contains(text(),"Lancer la recherche ")]' in '100' second(s)

14-02-2025T09:43:25 - [MESSAGE][INFO] - Clicking on object: 'Object Repository/ANEF_Eloignement_V_Nawres/Page_Creation_ou_Recherche_Dossier/btn_Lancer_La_Recherche'

14-02-2025T09:43:26 - [MESSAGE][PASSED] - Object: 'Object Repository/ANEF_Eloignement_V_Nawres/Page_Creation_ou_Recherche_Dossier/btn_Lancer_La_Recherche' is clicked on

14-02-2025T09:43:26 - [TEST_STEP][PASSED] - delay(10): Delayed 10 second(s)

14-02-2025T09:43:26 - [MESSAGE][INFO] - Delaying browser in 10 second(s)

14-02-2025T09:43:36 - [MESSAGE][PASSED] - Delayed 10 second(s)

14-02-2025T09:43:36 - [TEST_STEP][PASSED] - scrollToElement(findTestObject("Object Repository/ANEF_Eloignement_V_Nawres/Page_Creation_ou_Recherche_Dossier/btn_Aucune_Correspondance"), 5, STOP_ON_FAILURE): Scroll to object 'Object Repository/ANEF_Eloignement_V_Nawres/Page_Creation_ou_Recherche_Dossier/btn_Aucune_Correspondance' successfully

14-02-2025T09:43:36 - [MESSAGE][INFO] - Finding Test Object 'Object Repository/ANEF_Eloignement_V_Nawres/Page_Creation_ou_Recherche_Dossier/btn_Aucune_Correspondance'

14-02-2025T09:43:36 - [MESSAGE][INFO] - Checking object

14-02-2025T09:43:36 - [MESSAGE][INFO] - Checking timeout

14-02-2025T09:43:36 - [MESSAGE][INFO] - Finding web element from Test Object's properties

14-02-2025T09:43:36 - [MESSAGE][INFO] - Checking timeout

14-02-2025T09:43:36 - [MESSAGE][INFO] - Finding web element with id: 'Object Repository/ANEF_Eloignement_V_Nawres/Page_Creation_ou_Recherche_Dossier/btn_Aucune_Correspondance' located by 'By.xpath: //button[contains(text()," Aucune correspondance")]' in '100' second(s)

14-02-2025T09:43:36 - [MESSAGE][INFO] - Found 1 web elements with id: 'Object Repository/ANEF_Eloignement_V_Nawres/Page_Creation_ou_Recherche_Dossier/btn_Aucune_Correspondance' located by 'By.xpath: //button[contains(text()," Aucune correspondance")]' in '100' second(s)

14-02-2025T09:43:36 - [MESSAGE][INFO] - Scrolling to object 'Object Repository/ANEF_Eloignement_V_Nawres/Page_Creation_ou_Recherche_Dossier/btn_Aucune_Correspondance'

14-02-2025T09:43:36 - [MESSAGE][PASSED] - Scroll to object 'Object Repository/ANEF_Eloignement_V_Nawres/Page_Creation_ou_Recherche_Dossier/btn_Aucune_Correspondance' successfully

14-02-2025T09:43:36 - [TEST_STEP][PASSED] - click(findTestObject("Object Repository/ANEF_Eloignement_V_Nawres/Page_Creation_ou_Recherche_Dossier/btn_Aucune_Correspondance"), STOP_ON_FAILURE): Object: 'Object Repository/ANEF_Eloignement_V_Nawres/Page_Creation_ou_Recherche_Dossier/btn_Aucune_Correspondance' is clicked on

14-02-2025T09:43:36 - [MESSAGE][INFO] - Finding Test Object 'Object Repository/ANEF_Eloignement_V_Nawres/Page_Creation_ou_Recherche_Dossier/btn_Aucune_Correspondance'

14-02-2025T09:43:36 - [MESSAGE][INFO] - Checking timeout

14-02-2025T09:43:36 - [MESSAGE][INFO] - Finding web element with id: 'Object Repository/ANEF_Eloignement_V_Nawres/Page_Creation_ou_Recherche_Dossier/btn_Aucune_Correspondance' located by 'By.xpath: //button[contains(text()," Aucune correspondance")]' in '20' second(s)

14-02-2025T09:43:36 - [MESSAGE][INFO] - Found 1 web elements with id: 'Object Repository/ANEF_Eloignement_V_Nawres/Page_Creation_ou_Recherche_Dossier/btn_Aucune_Correspondance' located by 'By.xpath: //button[contains(text()," Aucune correspondance")]' in '20' second(s)

14-02-2025T09:43:36 - [MESSAGE][INFO] - Checking object

14-02-2025T09:43:36 - [MESSAGE][INFO] - Checking timeout

14-02-2025T09:43:36 - [MESSAGE][INFO] - Finding web element from Test Object's properties

14-02-2025T09:43:36 - [MESSAGE][INFO] - Checking timeout

14-02-2025T09:43:36 - [MESSAGE][INFO] - Finding web element with id: 'Object Repository/ANEF_Eloignement_V_Nawres/Page_Creation_ou_Recherche_Dossier/btn_Aucune_Correspondance' located by 'By.xpath: //button[contains(text()," Aucune correspondance")]' in '100' second(s)

14-02-2025T09:43:36 - [MESSAGE][INFO] - Found 1 web elements with id: 'Object Repository/ANEF_Eloignement_V_Nawres/Page_Creation_ou_Recherche_Dossier/btn_Aucune_Correspondance' located by 'By.xpath: //button[contains(text()," Aucune correspondance")]' in '100' second(s)

14-02-2025T09:43:36 - [MESSAGE][INFO] - Clicking on object: 'Object Repository/ANEF_Eloignement_V_Nawres/Page_Creation_ou_Recherche_Dossier/btn_Aucune_Correspondance'

14-02-2025T09:43:37 - [MESSAGE][PASSED] - Object: 'Object Repository/ANEF_Eloignement_V_Nawres/Page_Creation_ou_Recherche_Dossier/btn_Aucune_Correspondance' is clicked on

14-02-2025T09:43:37 - [TEST_STEP][PASSED] - click(findTestObject("Object Repository/ANEF_Eloignement_V_Nawres/Page_Creation_ou_Recherche_Dossier/btn_Creer_Un_Dossier_Etranger"), STOP_ON_FAILURE): Object: 'Object Repository/ANEF_Eloignement_V_Nawres/Page_Creation_ou_Recherche_Dossier/btn_Creer_Un_Dossier_Etranger' is clicked on

14-02-2025T09:43:37 - [MESSAGE][INFO] - Finding Test Object 'Object Repository/ANEF_Eloignement_V_Nawres/Page_Creation_ou_Recherche_Dossier/btn_Creer_Un_Dossier_Etranger'

14-02-2025T09:43:37 - [MESSAGE][INFO] - Checking timeout

14-02-2025T09:43:37 - [MESSAGE][INFO] - Finding web element with id: 'Object Repository/ANEF_Eloignement_V_Nawres/Page_Creation_ou_Recherche_Dossier/btn_Creer_Un_Dossier_Etranger' located by 'By.xpath: //button[contains(text()," CrÃ©er un dossier Ã©tranger ")]' in '20' second(s)

14-02-2025T09:43:37 - [MESSAGE][INFO] - Found 1 web elements with id: 'Object Repository/ANEF_Eloignement_V_Nawres/Page_Creation_ou_Recherche_Dossier/btn_Creer_Un_Dossier_Etranger' located by 'By.xpath: //button[contains(text()," CrÃ©er un dossier Ã©tranger ")]' in '20' second(s)

14-02-2025T09:43:37 - [MESSAGE][INFO] - Checking object

14-02-2025T09:43:37 - [MESSAGE][INFO] - Checking timeout

14-02-2025T09:43:37 - [MESSAGE][INFO] - Finding web element from Test Object's properties

14-02-2025T09:43:37 - [MESSAGE][INFO] - Checking timeout

14-02-2025T09:43:37 - [MESSAGE][INFO] - Finding web element with id: 'Object Repository/ANEF_Eloignement_V_Nawres/Page_Creation_ou_Recherche_Dossier/btn_Creer_Un_Dossier_Etranger' located by 'By.xpath: //button[contains(text()," CrÃ©er un dossier Ã©tranger ")]' in '100' second(s)

14-02-2025T09:43:37 - [MESSAGE][INFO] - Found 1 web elements with id: 'Object Repository/ANEF_Eloignement_V_Nawres/Page_Creation_ou_Recherche_Dossier/btn_Creer_Un_Dossier_Etranger' located by 'By.xpath: //button[contains(text()," CrÃ©er un dossier Ã©tranger ")]' in '100' second(s)

14-02-2025T09:43:37 - [MESSAGE][INFO] - Clicking on object: 'Object Repository/ANEF_Eloignement_V_Nawres/Page_Creation_ou_Recherche_Dossier/btn_Creer_Un_Dossier_Etranger'

14-02-2025T09:43:39 - [MESSAGE][PASSED] - Object: 'Object Repository/ANEF_Eloignement_V_Nawres/Page_Creation_ou_Recherche_Dossier/btn_Creer_Un_Dossier_Etranger' is clicked on

14-02-2025T09:43:39 - [TEST_STEP][PASSED] - delay(10): Delayed 10 second(s)

14-02-2025T09:43:39 - [MESSAGE][INFO] - Delaying browser in 10 second(s)

14-02-2025T09:43:49 - [MESSAGE][PASSED] - Delayed 10 second(s)

14-02-2025T09:43:49 - [TEST_STEP][PASSED] - if (CreationOuRecherche == "Recherche"): null

14-02-2025T09:43:49 - [MESSAGE][PASSED] - Call Test Case 'Test Cases/Test Reutilisable/Main/ANEF_Eloignement_V_Nawres/ANEF_Creation_ou_Recherche_Dossier' successfully

14-02-2025T09:43:49 - [TEST_STEP][PASSED] - if (CreationOuRecherche == "Creation"): Call Test Case 'Test Cases/Test Reutilisable/Main/ANEF_Eloignement_V_Nawres/ANEF_Formulaire_Creation_Dossier' successfully

14-02-2025T09:43:49 - [TEST_STEP][PASSED] - callTestCase(findTestCase("Test Cases/Test Reutilisable/Main/ANEF_Eloignement_V_Nawres/ANEF_Formulaire_Creation_Dossier"), ["CreationOuRecherche":CreationOuRecherche, "Sexe":Sexe, "AnneeNaissance":AnneeNaissance, "Nationnalite":Nationnalite, "OrigineDossier":OrigineDossier, ... ], STOP_ON_FAILURE): Call Test Case 'Test Cases/Test Reutilisable/Main/ANEF_Eloignement_V_Nawres/ANEF_Formulaire_Creation_Dossier' successfully

14-02-2025T09:43:49 - [MESSAGE][INFO] - Checking called Test Case

14-02-2025T09:43:49 - [MESSAGE][INFO] - Starting to call Test Case 'Test Cases/Test Reutilisable/Main/ANEF_Eloignement_V_Nawres/ANEF_Formulaire_Creation_Dossier'

14-02-2025T09:43:49 - [TEST_CASE][PASSED] - Test Cases/Test Reutilisable/Main/ANEF_Eloignement_V_Nawres/ANEF_Formulaire_Creation_Dossier: Test Cases/Test Reutilisable/Main/ANEF_Eloignement_V_Nawres/ANEF_Formulaire_Creation_Dossier

14-02-2025T09:43:49 - [TEST_STEP][PASSED] - "Onglet 'Dossier etranger'": null

14-02-2025T09:43:49 - [TEST_STEP][PASSED] - verifyElementPresent(findTestObject("Object Repository/ANEF_Eloignement_V_Nawres/Page_Formulaire_Creation_Dossier/Onglet_Dossier_Etranger"), 1, STOP_ON_FAILURE): Object 'Object Repository/ANEF_Eloignement_V_Nawres/Page_Formulaire_Creation_Dossier/Onglet_Dossier_Etranger' is present

14-02-2025T09:43:49 - [MESSAGE][INFO] - Finding Test Object 'Object Repository/ANEF_Eloignement_V_Nawres/Page_Formulaire_Creation_Dossier/Onglet_Dossier_Etranger'

14-02-2025T09:43:49 - [MESSAGE][INFO] - Checking object

14-02-2025T09:43:49 - [MESSAGE][INFO] - Finding web element from Test Object's properties

14-02-2025T09:43:49 - [MESSAGE][INFO] - Checking timeout

14-02-2025T09:43:49 - [MESSAGE][INFO] - Finding web element with id: 'Object Repository/ANEF_Eloignement_V_Nawres/Page_Formulaire_Creation_Dossier/Onglet_Dossier_Etranger' located by 'By.xpath: /html/body/app-root/app-layout-borderless/div[3]/app-prise-mesure/div/app-dsfr-onglet-tab/div/ul/li[1]/button' in '1' second(s)

14-02-2025T09:43:49 - [MESSAGE][INFO] - Found 1 web elements with id: 'Object Repository/ANEF_Eloignement_V_Nawres/Page_Formulaire_Creation_Dossier/Onglet_Dossier_Etranger' located by 'By.xpath: /html/body/app-root/app-layout-borderless/div[3]/app-prise-mesure/div/app-dsfr-onglet-tab/div/ul/li[1]/button' in '1' second(s)

14-02-2025T09:43:49 - [MESSAGE][PASSED] - Object 'Object Repository/ANEF_Eloignement_V_Nawres/Page_Formulaire_Creation_Dossier/Onglet_Dossier_Etranger' is present

14-02-2025T09:43:49 - [TEST_STEP][PASSED] - verifyElementPresent(findTestObject("Object Repository/ANEF_Eloignement_V_Nawres/Page_Formulaire_Creation_Dossier/Formulaire_Creation_Dossier_Accordeon/lbl_Numero_Etranger"), 1, STOP_ON_FAILURE): Object 'Object Repository/ANEF_Eloignement_V_Nawres/Page_Formulaire_Creation_Dossier/Formulaire_Creation_Dossier_Accordeon/lbl_Numero_Etranger' is present

14-02-2025T09:43:49 - [MESSAGE][INFO] - Finding Test Object 'Object Repository/ANEF_Eloignement_V_Nawres/Page_Formulaire_Creation_Dossier/Formulaire_Creation_Dossier_Accordeon/lbl_Numero_Etranger'

14-02-2025T09:43:49 - [MESSAGE][INFO] - Checking object

14-02-2025T09:43:49 - [MESSAGE][INFO] - Finding web element from Test Object's properties

14-02-2025T09:43:49 - [MESSAGE][INFO] - Checking timeout

14-02-2025T09:43:49 - [MESSAGE][INFO] - Finding web element with id: 'Object Repository/ANEF_Eloignement_V_Nawres/Page_Formulaire_Creation_Dossier/Formulaire_Creation_Dossier_Accordeon/lbl_Numero_Etranger' located by 'By.xpath: /html/body/app-root/app-layout-borderless/div[3]/app-prise-mesure/div/app-dsfr-onglet-tab/div/div[1]/app-fiche-etranger/div/div[2]/section[1]/div/div/div[1]/label' in '1' second(s)

14-02-2025T09:43:49 - [MESSAGE][INFO] - Found 1 web elements with id: 'Object Repository/ANEF_Eloignement_V_Nawres/Page_Formulaire_Creation_Dossier/Formulaire_Creation_Dossier_Accordeon/lbl_Numero_Etranger' located by 'By.xpath: /html/body/app-root/app-layout-borderless/div[3]/app-prise-mesure/div/app-dsfr-onglet-tab/div/div[1]/app-fiche-etranger/div/div[2]/section[1]/div/div/div[1]/label' in '1' second(s)

14-02-2025T09:43:49 - [MESSAGE][PASSED] - Object 'Object Repository/ANEF_Eloignement_V_Nawres/Page_Formulaire_Creation_Dossier/Formulaire_Creation_Dossier_Accordeon/lbl_Numero_Etranger' is present

14-02-2025T09:43:49 - [TEST_STEP][PASSED] - verifyElementPresent(findTestObject("Object Repository/ANEF_Eloignement_V_Nawres/Page_Formulaire_Creation_Dossier/Formulaire_Creation_Dossier_Accordeon/lbl_Prefecture_Gestionnaire"), 1, STOP_ON_FAILURE): Object 'Object Repository/ANEF_Eloignement_V_Nawres/Page_Formulaire_Creation_Dossier/Formulaire_Creation_Dossier_Accordeon/lbl_Prefecture_Gestionnaire' is present

14-02-2025T09:43:49 - [MESSAGE][INFO] - Finding Test Object 'Object Repository/ANEF_Eloignement_V_Nawres/Page_Formulaire_Creation_Dossier/Formulaire_Creation_Dossier_Accordeon/lbl_Prefecture_Gestionnaire'

14-02-2025T09:43:49 - [MESSAGE][INFO] - Checking object

14-02-2025T09:43:49 - [MESSAGE][INFO] - Finding web element from Test Object's properties

14-02-2025T09:43:49 - [MESSAGE][INFO] - Checking timeout

14-02-2025T09:43:49 - [MESSAGE][INFO] - Finding web element with id: 'Object Repository/ANEF_Eloignement_V_Nawres/Page_Formulaire_Creation_Dossier/Formulaire_Creation_Dossier_Accordeon/lbl_Prefecture_Gestionnaire' located by 'By.xpath: /html/body/app-root/app-layout-borderless/div[3]/app-prise-mesure/div/app-dsfr-onglet-tab/div/div[1]/app-fiche-etranger/div/div[2]/section[1]/div/div/div[2]/label' in '1' second(s)

14-02-2025T09:43:49 - [MESSAGE][INFO] - Found 1 web elements with id: 'Object Repository/ANEF_Eloignement_V_Nawres/Page_Formulaire_Creation_Dossier/Formulaire_Creation_Dossier_Accordeon/lbl_Prefecture_Gestionnaire' located by 'By.xpath: /html/body/app-root/app-layout-borderless/div[3]/app-prise-mesure/div/app-dsfr-onglet-tab/div/div[1]/app-fiche-etranger/div/div[2]/section[1]/div/div/div[2]/label' in '1' second(s)

14-02-2025T09:43:49 - [MESSAGE][PASSED] - Object 'Object Repository/ANEF_Eloignement_V_Nawres/Page_Formulaire_Creation_Dossier/Formulaire_Creation_Dossier_Accordeon/lbl_Prefecture_Gestionnaire' is present

14-02-2025T09:43:49 - [TEST_STEP][PASSED] - verifyElementPresent(findTestObject("Object Repository/ANEF_Eloignement_V_Nawres/Page_Formulaire_Creation_Dossier/Formulaire_Creation_Dossier_Accordeon/lbl_Derniere_Modification"), 1, STOP_ON_FAILURE): Object 'Object Repository/ANEF_Eloignement_V_Nawres/Page_Formulaire_Creation_Dossier/Formulaire_Creation_Dossier_Accordeon/lbl_Derniere_Modification' is present

14-02-2025T09:43:49 - [MESSAGE][INFO] - Finding Test Object 'Object Repository/ANEF_Eloignement_V_Nawres/Page_Formulaire_Creation_Dossier/Formulaire_Creation_Dossier_Accordeon/lbl_Derniere_Modification'

14-02-2025T09:43:49 - [MESSAGE][INFO] - Checking object

14-02-2025T09:43:49 - [MESSAGE][INFO] - Finding web element from Test Object's properties

14-02-2025T09:43:49 - [MESSAGE][INFO] - Checking timeout

14-02-2025T09:43:49 - [MESSAGE][INFO] - Finding web element with id: 'Object Repository/ANEF_Eloignement_V_Nawres/Page_Formulaire_Creation_Dossier/Formulaire_Creation_Dossier_Accordeon/lbl_Derniere_Modification' located by 'By.xpath: /html/body/app-root/app-layout-borderless/div[3]/app-prise-mesure/div/app-dsfr-onglet-tab/div/div[1]/app-fiche-etranger/div/div[2]/section[1]/div/div/div[3]/label' in '1' second(s)

14-02-2025T09:43:49 - [MESSAGE][INFO] - Found 1 web elements with id: 'Object Repository/ANEF_Eloignement_V_Nawres/Page_Formulaire_Creation_Dossier/Formulaire_Creation_Dossier_Accordeon/lbl_Derniere_Modification' located by 'By.xpath: /html/body/app-root/app-layout-borderless/div[3]/app-prise-mesure/div/app-dsfr-onglet-tab/div/div[1]/app-fiche-etranger/div/div[2]/section[1]/div/div/div[3]/label' in '1' second(s)

14-02-2025T09:43:49 - [MESSAGE][PASSED] - Object 'Object Repository/ANEF_Eloignement_V_Nawres/Page_Formulaire_Creation_Dossier/Formulaire_Creation_Dossier_Accordeon/lbl_Derniere_Modification' is present

14-02-2025T09:43:49 - [TEST_STEP][PASSED] - verifyElementPresent(findTestObject("Object Repository/ANEF_Eloignement_V_Nawres/Page_Formulaire_Creation_Dossier/Formulaire_Creation_Dossier_Accordeon/Acc_ Reference_Du_Dossier"), 1, STOP_ON_FAILURE): Object 'Object Repository/ANEF_Eloignement_V_Nawres/Page_Formulaire_Creation_Dossier/Formulaire_Creation_Dossier_Accordeon/Acc_ Reference_Du_Dossier' is present

14-02-2025T09:43:49 - [MESSAGE][INFO] - Finding Test Object 'Object Repository/ANEF_Eloignement_V_Nawres/Page_Formulaire_Creation_Dossier/Formulaire_Creation_Dossier_Accordeon/Acc_ Reference_Du_Dossier'

14-02-2025T09:43:49 - [MESSAGE][INFO] - Checking object

14-02-2025T09:43:49 - [MESSAGE][INFO] - Finding web element from Test Object's properties

14-02-2025T09:43:49 - [MESSAGE][INFO] - Checking timeout

14-02-2025T09:43:49 - [MESSAGE][INFO] - Finding web element with id: 'Object Repository/ANEF_Eloignement_V_Nawres/Page_Formulaire_Creation_Dossier/Formulaire_Creation_Dossier_Accordeon/Acc_ Reference_Du_Dossier' located by 'By.xpath: /html/body/app-root/app-layout-borderless/div[3]/app-prise-mesure/div/app-dsfr-onglet-tab/div/div[1]/app-fiche-etranger/div/div[2]/section[2]/div[1]/app-accordeon-reference-dossier/section/h3/button' in '1' second(s)

14-02-2025T09:43:49 - [MESSAGE][INFO] - Found 1 web elements with id: 'Object Repository/ANEF_Eloignement_V_Nawres/Page_Formulaire_Creation_Dossier/Formulaire_Creation_Dossier_Accordeon/Acc_ Reference_Du_Dossier' located by 'By.xpath: /html/body/app-root/app-layout-borderless/div[3]/app-prise-mesure/div/app-dsfr-onglet-tab/div/div[1]/app-fiche-etranger/div/div[2]/section[2]/div[1]/app-accordeon-reference-dossier/section/h3/button' in '1' second(s)

14-02-2025T09:43:49 - [MESSAGE][PASSED] - Object 'Object Repository/ANEF_Eloignement_V_Nawres/Page_Formulaire_Creation_Dossier/Formulaire_Creation_Dossier_Accordeon/Acc_ Reference_Du_Dossier' is present

14-02-2025T09:43:49 - [TEST_STEP][PASSED] - verifyElementPresent(findTestObject("Object Repository/ANEF_Eloignement_V_Nawres/Page_Formulaire_Creation_Dossier/Formulaire_Creation_Dossier_Menu/Menu_Reference_Du_Dossier"), 1, STOP_ON_FAILURE): Object 'Object Repository/ANEF_Eloignement_V_Nawres/Page_Formulaire_Creation_Dossier/Formulaire_Creation_Dossier_Menu/Menu_Reference_Du_Dossier' is present

14-02-2025T09:43:49 - [MESSAGE][INFO] - Finding Test Object 'Object Repository/ANEF_Eloignement_V_Nawres/Page_Formulaire_Creation_Dossier/Formulaire_Creation_Dossier_Menu/Menu_Reference_Du_Dossier'

14-02-2025T09:43:49 - [MESSAGE][INFO] - Checking object

14-02-2025T09:43:49 - [MESSAGE][INFO] - Finding web element from Test Object's properties

14-02-2025T09:43:49 - [MESSAGE][INFO] - Checking timeout

14-02-2025T09:43:49 - [MESSAGE][INFO] - Finding web element with id: 'Object Repository/ANEF_Eloignement_V_Nawres/Page_Formulaire_Creation_Dossier/Formulaire_Creation_Dossier_Menu/Menu_Reference_Du_Dossier' located by 'By.xpath: /html/body/app-root/app-layout-borderless/div[3]/app-prise-mesure/div/app-dsfr-onglet-tab/div/div[1]/app-fiche-etranger/div/div[1]/app-dsfr-sidemenu/nav/div/div/ul[1]/li/a' in '1' second(s)

14-02-2025T09:43:49 - [MESSAGE][INFO] - Found 1 web elements with id: 'Object Repository/ANEF_Eloignement_V_Nawres/Page_Formulaire_Creation_Dossier/Formulaire_Creation_Dossier_Menu/Menu_Reference_Du_Dossier' located by 'By.xpath: /html/body/app-root/app-layout-borderless/div[3]/app-prise-mesure/div/app-dsfr-onglet-tab/div/div[1]/app-fiche-etranger/div/div[1]/app-dsfr-sidemenu/nav/div/div/ul[1]/li/a' in '1' second(s)

14-02-2025T09:43:49 - [MESSAGE][PASSED] - Object 'Object Repository/ANEF_Eloignement_V_Nawres/Page_Formulaire_Creation_Dossier/Formulaire_Creation_Dossier_Menu/Menu_Reference_Du_Dossier' is present

14-02-2025T09:43:49 - [TEST_STEP][PASSED] - verifyElementPresent(findTestObject("Object Repository/ANEF_Eloignement_V_Nawres/Page_Formulaire_Creation_Dossier/Formulaire_Creation_Dossier_Input/input_Numero_De_Dossier_FPR"), 1, STOP_ON_FAILURE): Object 'Object Repository/ANEF_Eloignement_V_Nawres/Page_Formulaire_Creation_Dossier/Formulaire_Creation_Dossier_Input/input_Numero_De_Dossier_FPR' is present

14-02-2025T09:43:49 - [MESSAGE][INFO] - Finding Test Object 'Object Repository/ANEF_Eloignement_V_Nawres/Page_Formulaire_Creation_Dossier/Formulaire_Creation_Dossier_Input/input_Numero_De_Dossier_FPR'

14-02-2025T09:43:49 - [MESSAGE][INFO] - Checking object

14-02-2025T09:43:49 - [MESSAGE][INFO] - Finding web element from Test Object's properties

14-02-2025T09:43:49 - [MESSAGE][INFO] - Checking timeout

14-02-2025T09:43:49 - [MESSAGE][INFO] - Finding web element with id: 'Object Repository/ANEF_Eloignement_V_Nawres/Page_Formulaire_Creation_Dossier/Formulaire_Creation_Dossier_Input/input_Numero_De_Dossier_FPR' located by 'By.xpath: /html/body/app-root/app-layout-borderless/div[3]/app-prise-mesure/div/app-dsfr-onglet-tab/div/div[1]/app-fiche-etranger/div/div[2]/section[2]/div[1]/app-accordeon-reference-dossier/section/div/form/div/div/div/div[2]/app-dsfr-input/div/input' in '1' second(s)

14-02-2025T09:43:49 - [MESSAGE][INFO] - Found 1 web elements with id: 'Object Repository/ANEF_Eloignement_V_Nawres/Page_Formulaire_Creation_Dossier/Formulaire_Creation_Dossier_Input/input_Numero_De_Dossier_FPR' located by 'By.xpath: /html/body/app-root/app-layout-borderless/div[3]/app-prise-mesure/div/app-dsfr-onglet-tab/div/div[1]/app-fiche-etranger/div/div[2]/section[2]/div[1]/app-accordeon-reference-dossier/section/div/form/div/div/div/div[2]/app-dsfr-input/div/input' in '1' second(s)

14-02-2025T09:43:49 - [MESSAGE][PASSED] - Object 'Object Repository/ANEF_Eloignement_V_Nawres/Page_Formulaire_Creation_Dossier/Formulaire_Creation_Dossier_Input/input_Numero_De_Dossier_FPR' is present

14-02-2025T09:43:49 - [TEST_STEP][PASSED] - verifyElementPresent(findTestObject("Object Repository/ANEF_Eloignement_V_Nawres/Page_Formulaire_Creation_Dossier/Formulaire_Creation_Dossier_Input/input_Numero_Dossier_Interne"), 1, STOP_ON_FAILURE): Object 'Object Repository/ANEF_Eloignement_V_Nawres/Page_Formulaire_Creation_Dossier/Formulaire_Creation_Dossier_Input/input_Numero_Dossier_Interne' is present

14-02-2025T09:43:49 - [MESSAGE][INFO] - Finding Test Object 'Object Repository/ANEF_Eloignement_V_Nawres/Page_Formulaire_Creation_Dossier/Formulaire_Creation_Dossier_Input/input_Numero_Dossier_Interne'

14-02-2025T09:43:49 - [MESSAGE][INFO] - Checking object

14-02-2025T09:43:49 - [MESSAGE][INFO] - Finding web element from Test Object's properties

14-02-2025T09:43:49 - [MESSAGE][INFO] - Checking timeout

14-02-2025T09:43:49 - [MESSAGE][INFO] - Finding web element with id: 'Object Repository/ANEF_Eloignement_V_Nawres/Page_Formulaire_Creation_Dossier/Formulaire_Creation_Dossier_Input/input_Numero_Dossier_Interne' located by 'By.xpath: //*[@id="numero_dossier_interne"]' in '1' second(s)

14-02-2025T09:43:49 - [MESSAGE][INFO] - Found 1 web elements with id: 'Object Repository/ANEF_Eloignement_V_Nawres/Page_Formulaire_Creation_Dossier/Formulaire_Creation_Dossier_Input/input_Numero_Dossier_Interne' located by 'By.xpath: //*[@id="numero_dossier_interne"]' in '1' second(s)

14-02-2025T09:43:49 - [MESSAGE][PASSED] - Object 'Object Repository/ANEF_Eloignement_V_Nawres/Page_Formulaire_Creation_Dossier/Formulaire_Creation_Dossier_Input/input_Numero_Dossier_Interne' is present

14-02-2025T09:43:49 - [TEST_STEP][PASSED] - verifyElementPresent(findTestObject("Object Repository/ANEF_Eloignement_V_Nawres/Page_Formulaire_Creation_Dossier/Formulaire_Creation_Dossier_Accordeon/Acc_Etat_Civil"), 1, STOP_ON_FAILURE): Object 'Object Repository/ANEF_Eloignement_V_Nawres/Page_Formulaire_Creation_Dossier/Formulaire_Creation_Dossier_Accordeon/Acc_Etat_Civil' is present

14-02-2025T09:43:50 - [MESSAGE][INFO] - Finding Test Object 'Object Repository/ANEF_Eloignement_V_Nawres/Page_Formulaire_Creation_Dossier/Formulaire_Creation_Dossier_Accordeon/Acc_Etat_Civil'

14-02-2025T09:43:50 - [MESSAGE][INFO] - Checking object

14-02-2025T09:43:50 - [MESSAGE][INFO] - Finding web element from Test Object's properties

14-02-2025T09:43:50 - [MESSAGE][INFO] - Checking timeout

14-02-2025T09:43:50 - [MESSAGE][INFO] - Finding web element with id: 'Object Repository/ANEF_Eloignement_V_Nawres/Page_Formulaire_Creation_Dossier/Formulaire_Creation_Dossier_Accordeon/Acc_Etat_Civil' located by 'By.xpath: //*[@id="accordeon-fiche-etat-civil"]/section/h3/button[contains(text(),"Ã‰tat civil")]' in '1' second(s)

14-02-2025T09:43:50 - [MESSAGE][INFO] - Found 1 web elements with id: 'Object Repository/ANEF_Eloignement_V_Nawres/Page_Formulaire_Creation_Dossier/Formulaire_Creation_Dossier_Accordeon/Acc_Etat_Civil' located by 'By.xpath: //*[@id="accordeon-fiche-etat-civil"]/section/h3/button[contains(text(),"Ã‰tat civil")]' in '1' second(s)

14-02-2025T09:43:50 - [MESSAGE][PASSED] - Object 'Object Repository/ANEF_Eloignement_V_Nawres/Page_Formulaire_Creation_Dossier/Formulaire_Creation_Dossier_Accordeon/Acc_Etat_Civil' is present

14-02-2025T09:43:50 - [TEST_STEP][PASSED] - verifyElementPresent(findTestObject("Object Repository/ANEF_Eloignement_V_Nawres/Page_Formulaire_Creation_Dossier/Formulaire_Creation_Dossier_Menu/Menu_Fiche_Etat_Civil"), 1, STOP_ON_FAILURE): Object 'Object Repository/ANEF_Eloignement_V_Nawres/Page_Formulaire_Creation_Dossier/Formulaire_Creation_Dossier_Menu/Menu_Fiche_Etat_Civil' is present

14-02-2025T09:43:50 - [MESSAGE][INFO] - Finding Test Object 'Object Repository/ANEF_Eloignement_V_Nawres/Page_Formulaire_Creation_Dossier/Formulaire_Creation_Dossier_Menu/Menu_Fiche_Etat_Civil'

14-02-2025T09:43:50 - [MESSAGE][INFO] - Checking object

14-02-2025T09:43:50 - [MESSAGE][INFO] - Finding web element from Test Object's properties

14-02-2025T09:43:50 - [MESSAGE][INFO] - Checking timeout

14-02-2025T09:43:50 - [MESSAGE][INFO] - Finding web element with id: 'Object Repository/ANEF_Eloignement_V_Nawres/Page_Formulaire_Creation_Dossier/Formulaire_Creation_Dossier_Menu/Menu_Fiche_Etat_Civil' located by 'By.xpath: /html/body/app-root/app-layout-borderless/div[3]/app-prise-mesure/div/app-dsfr-onglet-tab/div/div[1]/app-fiche-etranger/div/div[1]/app-dsfr-sidemenu/nav/div/div/ul[2]/li/a' in '1' second(s)

14-02-2025T09:43:50 - [MESSAGE][INFO] - Found 1 web elements with id: 'Object Repository/ANEF_Eloignement_V_Nawres/Page_Formulaire_Creation_Dossier/Formulaire_Creation_Dossier_Menu/Menu_Fiche_Etat_Civil' located by 'By.xpath: /html/body/app-root/app-layout-borderless/div[3]/app-prise-mesure/div/app-dsfr-onglet-tab/div/div[1]/app-fiche-etranger/div/div[1]/app-dsfr-sidemenu/nav/div/div/ul[2]/li/a' in '1' second(s)

14-02-2025T09:43:50 - [MESSAGE][PASSED] - Object 'Object Repository/ANEF_Eloignement_V_Nawres/Page_Formulaire_Creation_Dossier/Formulaire_Creation_Dossier_Menu/Menu_Fiche_Etat_Civil' is present

14-02-2025T09:43:50 - [TEST_STEP][PASSED] - verifyElementPresent(findTestObject("Object Repository/ANEF_Eloignement_V_Nawres/Page_Formulaire_Creation_Dossier/Formulaire_Creation_Dossier_Menu/Menu_Biometrie"), 1, STOP_ON_FAILURE): Object 'Object Repository/ANEF_Eloignement_V_Nawres/Page_Formulaire_Creation_Dossier/Formulaire_Creation_Dossier_Menu/Menu_Biometrie' is present

14-02-2025T09:43:50 - [MESSAGE][INFO] - Finding Test Object 'Object Repository/ANEF_Eloignement_V_Nawres/Page_Formulaire_Creation_Dossier/Formulaire_Creation_Dossier_Menu/Menu_Biometrie'

14-02-2025T09:43:50 - [MESSAGE][INFO] - Checking object

14-02-2025T09:43:50 - [MESSAGE][INFO] - Finding web element from Test Object's properties

14-02-2025T09:43:50 - [MESSAGE][INFO] - Checking timeout

14-02-2025T09:43:50 - [MESSAGE][INFO] - Finding web element with id: 'Object Repository/ANEF_Eloignement_V_Nawres/Page_Formulaire_Creation_Dossier/Formulaire_Creation_Dossier_Menu/Menu_Biometrie' located by 'By.xpath: /html/body/app-root/app-layout-borderless/div[3]/app-prise-mesure/div/app-dsfr-onglet-tab/div/div[1]/app-fiche-etranger/div/div[1]/app-dsfr-sidemenu/nav/div/div/ul[3]/li' in '1' second(s)

14-02-2025T09:43:50 - [MESSAGE][INFO] - Found 1 web elements with id: 'Object Repository/ANEF_Eloignement_V_Nawres/Page_Formulaire_Creation_Dossier/Formulaire_Creation_Dossier_Menu/Menu_Biometrie' located by 'By.xpath: /html/body/app-root/app-layout-borderless/div[3]/app-prise-mesure/div/app-dsfr-onglet-tab/div/div[1]/app-fiche-etranger/div/div[1]/app-dsfr-sidemenu/nav/div/div/ul[3]/li' in '1' second(s)

14-02-2025T09:43:50 - [MESSAGE][PASSED] - Object 'Object Repository/ANEF_Eloignement_V_Nawres/Page_Formulaire_Creation_Dossier/Formulaire_Creation_Dossier_Menu/Menu_Biometrie' is present

14-02-2025T09:43:50 - [TEST_STEP][PASSED] - verifyElementPresent(findTestObject("Object Repository/ANEF_Eloignement_V_Nawres/Page_Formulaire_Creation_Dossier/Formulaire_Creation_Dossier_Accordeon/Acc_ Conditions_D_Entree_En_France"), 1, STOP_ON_FAILURE): Object 'Object Repository/ANEF_Eloignement_V_Nawres/Page_Formulaire_Creation_Dossier/Formulaire_Creation_Dossier_Accordeon/Acc_ Conditions_D_Entree_En_France' is present

14-02-2025T09:43:50 - [MESSAGE][INFO] - Finding Test Object 'Object Repository/ANEF_Eloignement_V_Nawres/Page_Formulaire_Creation_Dossier/Formulaire_Creation_Dossier_Accordeon/Acc_ Conditions_D_Entree_En_France'

14-02-2025T09:43:50 - [MESSAGE][INFO] - Checking object

14-02-2025T09:43:50 - [MESSAGE][INFO] - Finding web element from Test Object's properties

14-02-2025T09:43:50 - [MESSAGE][INFO] - Checking timeout

14-02-2025T09:43:50 - [MESSAGE][INFO] - Finding web element with id: 'Object Repository/ANEF_Eloignement_V_Nawres/Page_Formulaire_Creation_Dossier/Formulaire_Creation_Dossier_Accordeon/Acc_ Conditions_D_Entree_En_France' located by 'By.xpath: //*[@id="accordeon-condition-entree-france"]/section/h3/button' in '1' second(s)

14-02-2025T09:43:50 - [MESSAGE][INFO] - Found 1 web elements with id: 'Object Repository/ANEF_Eloignement_V_Nawres/Page_Formulaire_Creation_Dossier/Formulaire_Creation_Dossier_Accordeon/Acc_ Conditions_D_Entree_En_France' located by 'By.xpath: //*[@id="accordeon-condition-entree-france"]/section/h3/button' in '1' second(s)

14-02-2025T09:43:50 - [MESSAGE][PASSED] - Object 'Object Repository/ANEF_Eloignement_V_Nawres/Page_Formulaire_Creation_Dossier/Formulaire_Creation_Dossier_Accordeon/Acc_ Conditions_D_Entree_En_France' is present

14-02-2025T09:43:50 - [TEST_STEP][PASSED] - verifyElementPresent(findTestObject("Object Repository/ANEF_Eloignement_V_Nawres/Page_Formulaire_Creation_Dossier/Formulaire_Creation_Dossier_Accordeon/Acc_ Conditions_D_Entree_En_France"), 1, STOP_ON_FAILURE): Object 'Object Repository/ANEF_Eloignement_V_Nawres/Page_Formulaire_Creation_Dossier/Formulaire_Creation_Dossier_Accordeon/Acc_ Conditions_D_Entree_En_France' is present

14-02-2025T09:43:50 - [MESSAGE][INFO] - Finding Test Object 'Object Repository/ANEF_Eloignement_V_Nawres/Page_Formulaire_Creation_Dossier/Formulaire_Creation_Dossier_Accordeon/Acc_ Conditions_D_Entree_En_France'

14-02-2025T09:43:50 - [MESSAGE][INFO] - Checking object

14-02-2025T09:43:50 - [MESSAGE][INFO] - Finding web element from Test Object's properties

14-02-2025T09:43:50 - [MESSAGE][INFO] - Checking timeout

14-02-2025T09:43:50 - [MESSAGE][INFO] - Finding web element with id: 'Object Repository/ANEF_Eloignement_V_Nawres/Page_Formulaire_Creation_Dossier/Formulaire_Creation_Dossier_Accordeon/Acc_ Conditions_D_Entree_En_France' located by 'By.xpath: //*[@id="accordeon-condition-entree-france"]/section/h3/button' in '1' second(s)

14-02-2025T09:43:50 - [MESSAGE][INFO] - Found 1 web elements with id: 'Object Repository/ANEF_Eloignement_V_Nawres/Page_Formulaire_Creation_Dossier/Formulaire_Creation_Dossier_Accordeon/Acc_ Conditions_D_Entree_En_France' located by 'By.xpath: //*[@id="accordeon-condition-entree-france"]/section/h3/button' in '1' second(s)

14-02-2025T09:43:50 - [MESSAGE][PASSED] - Object 'Object Repository/ANEF_Eloignement_V_Nawres/Page_Formulaire_Creation_Dossier/Formulaire_Creation_Dossier_Accordeon/Acc_ Conditions_D_Entree_En_France' is present

14-02-2025T09:43:50 - [TEST_STEP][PASSED] - verifyElementPresent(findTestObject("Object Repository/ANEF_Eloignement_V_Nawres/Page_Formulaire_Creation_Dossier/Formulaire_Creation_Dossier_Menu/Menu_Antecedents_Administratifs"), 1, STOP_ON_FAILURE): Object 'Object Repository/ANEF_Eloignement_V_Nawres/Page_Formulaire_Creation_Dossier/Formulaire_Creation_Dossier_Menu/Menu_Antecedents_Administratifs' is present

14-02-2025T09:43:50 - [MESSAGE][INFO] - Finding Test Object 'Object Repository/ANEF_Eloignement_V_Nawres/Page_Formulaire_Creation_Dossier/Formulaire_Creation_Dossier_Menu/Menu_Antecedents_Administratifs'

14-02-2025T09:43:50 - [MESSAGE][INFO] - Checking object

14-02-2025T09:43:50 - [MESSAGE][INFO] - Finding web element from Test Object's properties

14-02-2025T09:43:50 - [MESSAGE][INFO] - Checking timeout

14-02-2025T09:43:50 - [MESSAGE][INFO] - Finding web element with id: 'Object Repository/ANEF_Eloignement_V_Nawres/Page_Formulaire_Creation_Dossier/Formulaire_Creation_Dossier_Menu/Menu_Antecedents_Administratifs' located by 'By.xpath: /html/body/app-root/app-layout-borderless/div[3]/app-prise-mesure/div/app-dsfr-onglet-tab/div/div[1]/app-fiche-etranger/div/div[1]/app-dsfr-sidemenu/nav/div/div/ul[6]/li/a' in '1' second(s)

14-02-2025T09:43:50 - [MESSAGE][INFO] - Found 1 web elements with id: 'Object Repository/ANEF_Eloignement_V_Nawres/Page_Formulaire_Creation_Dossier/Formulaire_Creation_Dossier_Menu/Menu_Antecedents_Administratifs' located by 'By.xpath: /html/body/app-root/app-layout-borderless/div[3]/app-prise-mesure/div/app-dsfr-onglet-tab/div/div[1]/app-fiche-etranger/div/div[1]/app-dsfr-sidemenu/nav/div/div/ul[6]/li/a' in '1' second(s)

14-02-2025T09:43:50 - [MESSAGE][PASSED] - Object 'Object Repository/ANEF_Eloignement_V_Nawres/Page_Formulaire_Creation_Dossier/Formulaire_Creation_Dossier_Menu/Menu_Antecedents_Administratifs' is present

14-02-2025T09:43:50 - [TEST_STEP][PASSED] - verifyElementPresent(findTestObject("Object Repository/ANEF_Eloignement_V_Nawres/Page_Formulaire_Creation_Dossier/Formulaire_Creation_Dossier_Accordeon/Acc_Documents_De_Voyage"), 1, STOP_ON_FAILURE): Object 'Object Repository/ANEF_Eloignement_V_Nawres/Page_Formulaire_Creation_Dossier/Formulaire_Creation_Dossier_Accordeon/Acc_Documents_De_Voyage' is present

14-02-2025T09:43:50 - [MESSAGE][INFO] - Finding Test Object 'Object Repository/ANEF_Eloignement_V_Nawres/Page_Formulaire_Creation_Dossier/Formulaire_Creation_Dossier_Accordeon/Acc_Documents_De_Voyage'

14-02-2025T09:43:50 - [MESSAGE][INFO] - Checking object

14-02-2025T09:43:50 - [MESSAGE][INFO] - Finding web element from Test Object's properties

14-02-2025T09:43:50 - [MESSAGE][INFO] - Checking timeout

14-02-2025T09:43:50 - [MESSAGE][INFO] - Finding web element with id: 'Object Repository/ANEF_Eloignement_V_Nawres/Page_Formulaire_Creation_Dossier/Formulaire_Creation_Dossier_Accordeon/Acc_Documents_De_Voyage' located by 'By.xpath: //*[@id="documents_de_voyage"]/app-accordeon-documents-de-voyage/section/h3/button|//*[@id="accordeon-documents-de-voyage"]/section/h3/button' in '1' second(s)

14-02-2025T09:43:50 - [MESSAGE][INFO] - Found 1 web elements with id: 'Object Repository/ANEF_Eloignement_V_Nawres/Page_Formulaire_Creation_Dossier/Formulaire_Creation_Dossier_Accordeon/Acc_Documents_De_Voyage' located by 'By.xpath: //*[@id="documents_de_voyage"]/app-accordeon-documents-de-voyage/section/h3/button|//*[@id="accordeon-documents-de-voyage"]/section/h3/button' in '1' second(s)

14-02-2025T09:43:50 - [MESSAGE][PASSED] - Object 'Object Repository/ANEF_Eloignement_V_Nawres/Page_Formulaire_Creation_Dossier/Formulaire_Creation_Dossier_Accordeon/Acc_Documents_De_Voyage' is present

14-02-2025T09:43:50 - [TEST_STEP][PASSED] - verifyElementPresent(findTestObject("Object Repository/ANEF_Eloignement_V_Nawres/Page_Formulaire_Creation_Dossier/Formulaire_Creation_Dossier_Menu/Menu_Documents_De_Voyage"), 1, STOP_ON_FAILURE): Object 'Object Repository/ANEF_Eloignement_V_Nawres/Page_Formulaire_Creation_Dossier/Formulaire_Creation_Dossier_Menu/Menu_Documents_De_Voyage' is present

14-02-2025T09:43:50 - [MESSAGE][INFO] - Finding Test Object 'Object Repository/ANEF_Eloignement_V_Nawres/Page_Formulaire_Creation_Dossier/Formulaire_Creation_Dossier_Menu/Menu_Documents_De_Voyage'

14-02-2025T09:43:50 - [MESSAGE][INFO] - Checking object

14-02-2025T09:43:50 - [MESSAGE][INFO] - Finding web element from Test Object's properties

14-02-2025T09:43:50 - [MESSAGE][INFO] - Checking timeout

14-02-2025T09:43:50 - [MESSAGE][INFO] - Finding web element with id: 'Object Repository/ANEF_Eloignement_V_Nawres/Page_Formulaire_Creation_Dossier/Formulaire_Creation_Dossier_Menu/Menu_Documents_De_Voyage' located by 'By.xpath: /html/body/app-root/app-layout-borderless/div[3]/app-prise-mesure/div/app-dsfr-onglet-tab/div/div[1]/app-fiche-etranger/div/div[1]/app-dsfr-sidemenu/nav/div/div/ul[7]/li/a' in '1' second(s)

14-02-2025T09:43:50 - [MESSAGE][INFO] - Found 1 web elements with id: 'Object Repository/ANEF_Eloignement_V_Nawres/Page_Formulaire_Creation_Dossier/Formulaire_Creation_Dossier_Menu/Menu_Documents_De_Voyage' located by 'By.xpath: /html/body/app-root/app-layout-borderless/div[3]/app-prise-mesure/div/app-dsfr-onglet-tab/div/div[1]/app-fiche-etranger/div/div[1]/app-dsfr-sidemenu/nav/div/div/ul[7]/li/a' in '1' second(s)

14-02-2025T09:43:50 - [MESSAGE][PASSED] - Object 'Object Repository/ANEF_Eloignement_V_Nawres/Page_Formulaire_Creation_Dossier/Formulaire_Creation_Dossier_Menu/Menu_Documents_De_Voyage' is present

14-02-2025T09:43:50 - [TEST_STEP][PASSED] - verifyElementPresent(findTestObject("Object Repository/ANEF_Eloignement_V_Nawres/Page_Formulaire_Creation_Dossier/Formulaire_Creation_Dossier_Accordeon/Acc_ Sortant_D_Etablissement_Penitentiaire"), 1, STOP_ON_FAILURE): Object 'Object Repository/ANEF_Eloignement_V_Nawres/Page_Formulaire_Creation_Dossier/Formulaire_Creation_Dossier_Accordeon/Acc_ Sortant_D_Etablissement_Penitentiaire' is present

14-02-2025T09:43:50 - [MESSAGE][INFO] - Finding Test Object 'Object Repository/ANEF_Eloignement_V_Nawres/Page_Formulaire_Creation_Dossier/Formulaire_Creation_Dossier_Accordeon/Acc_ Sortant_D_Etablissement_Penitentiaire'

14-02-2025T09:43:50 - [MESSAGE][INFO] - Checking object

14-02-2025T09:43:50 - [MESSAGE][INFO] - Finding web element from Test Object's properties

14-02-2025T09:43:50 - [MESSAGE][INFO] - Checking timeout

14-02-2025T09:43:50 - [MESSAGE][INFO] - Finding web element with id: 'Object Repository/ANEF_Eloignement_V_Nawres/Page_Formulaire_Creation_Dossier/Formulaire_Creation_Dossier_Accordeon/Acc_ Sortant_D_Etablissement_Penitentiaire' located by 'By.xpath: //*[@id="sortant_etablissement_penitentiaire"]/app-accordeaon-sortant-etablissement-penitentiaire/section/h3/button|//*[@id="sortant_etablissement_penitentiaire"]/app-accordeaon-sortant-etablissement-penitentiaire/section/h3/button' in '1' second(s)

14-02-2025T09:43:50 - [MESSAGE][INFO] - Found 1 web elements with id: 'Object Repository/ANEF_Eloignement_V_Nawres/Page_Formulaire_Creation_Dossier/Formulaire_Creation_Dossier_Accordeon/Acc_ Sortant_D_Etablissement_Penitentiaire' located by 'By.xpath: //*[@id="sortant_etablissement_penitentiaire"]/app-accordeaon-sortant-etablissement-penitentiaire/section/h3/button|//*[@id="sortant_etablissement_penitentiaire"]/app-accordeaon-sortant-etablissement-penitentiaire/section/h3/button' in '1' second(s)

14-02-2025T09:43:50 - [MESSAGE][PASSED] - Object 'Object Repository/ANEF_Eloignement_V_Nawres/Page_Formulaire_Creation_Dossier/Formulaire_Creation_Dossier_Accordeon/Acc_ Sortant_D_Etablissement_Penitentiaire' is present

14-02-2025T09:43:50 - [TEST_STEP][PASSED] - verifyElementPresent(findTestObject("Object Repository/ANEF_Eloignement_V_Nawres/Page_Formulaire_Creation_Dossier/Formulaire_Creation_Dossier_Menu/Menu_Sortant_D_Etablissement_Penitentiaire"), 1, STOP_ON_FAILURE): Object 'Object Repository/ANEF_Eloignement_V_Nawres/Page_Formulaire_Creation_Dossier/Formulaire_Creation_Dossier_Menu/Menu_Sortant_D_Etablissement_Penitentiaire' is present

14-02-2025T09:43:50 - [MESSAGE][INFO] - Finding Test Object 'Object Repository/ANEF_Eloignement_V_Nawres/Page_Formulaire_Creation_Dossier/Formulaire_Creation_Dossier_Menu/Menu_Sortant_D_Etablissement_Penitentiaire'

14-02-2025T09:43:50 - [MESSAGE][INFO] - Checking object

14-02-2025T09:43:50 - [MESSAGE][INFO] - Finding web element from Test Object's properties

14-02-2025T09:43:50 - [MESSAGE][INFO] - Checking timeout

14-02-2025T09:43:50 - [MESSAGE][INFO] - Finding web element with id: 'Object Repository/ANEF_Eloignement_V_Nawres/Page_Formulaire_Creation_Dossier/Formulaire_Creation_Dossier_Menu/Menu_Sortant_D_Etablissement_Penitentiaire' located by 'By.xpath: /html/body/app-root/app-layout-borderless/div[3]/app-prise-mesure/div/app-dsfr-onglet-tab/div/div[1]/app-fiche-etranger/div/div[1]/app-dsfr-sidemenu/nav/div/div/ul[9]/li/a' in '1' second(s)

14-02-2025T09:43:50 - [MESSAGE][INFO] - Found 1 web elements with id: 'Object Repository/ANEF_Eloignement_V_Nawres/Page_Formulaire_Creation_Dossier/Formulaire_Creation_Dossier_Menu/Menu_Sortant_D_Etablissement_Penitentiaire' located by 'By.xpath: /html/body/app-root/app-layout-borderless/div[3]/app-prise-mesure/div/app-dsfr-onglet-tab/div/div[1]/app-fiche-etranger/div/div[1]/app-dsfr-sidemenu/nav/div/div/ul[9]/li/a' in '1' second(s)

14-02-2025T09:43:50 - [MESSAGE][PASSED] - Object 'Object Repository/ANEF_Eloignement_V_Nawres/Page_Formulaire_Creation_Dossier/Formulaire_Creation_Dossier_Menu/Menu_Sortant_D_Etablissement_Penitentiaire' is present

14-02-2025T09:43:50 - [TEST_STEP][PASSED] - verifyElementPresent(findTestObject("Object Repository/ANEF_Eloignement_V_Nawres/Page_Formulaire_Creation_Dossier/Formulaire_Creation_Dossier_Menu/Menu_Consultations_Securitaires"), 1, STOP_ON_FAILURE): Object 'Object Repository/ANEF_Eloignement_V_Nawres/Page_Formulaire_Creation_Dossier/Formulaire_Creation_Dossier_Menu/Menu_Consultations_Securitaires' is present

14-02-2025T09:43:50 - [MESSAGE][INFO] - Finding Test Object 'Object Repository/ANEF_Eloignement_V_Nawres/Page_Formulaire_Creation_Dossier/Formulaire_Creation_Dossier_Menu/Menu_Consultations_Securitaires'

14-02-2025T09:43:50 - [MESSAGE][INFO] - Checking object

14-02-2025T09:43:50 - [MESSAGE][INFO] - Finding web element from Test Object's properties

14-02-2025T09:43:50 - [MESSAGE][INFO] - Checking timeout

14-02-2025T09:43:50 - [MESSAGE][INFO] - Finding web element with id: 'Object Repository/ANEF_Eloignement_V_Nawres/Page_Formulaire_Creation_Dossier/Formulaire_Creation_Dossier_Menu/Menu_Consultations_Securitaires' located by 'By.xpath: /html/body/app-root/app-layout-borderless/div[3]/app-prise-mesure/div/app-dsfr-onglet-tab/div/div[1]/app-fiche-etranger/div/div[1]/app-dsfr-sidemenu/nav/div/div/ul[10]/li/a' in '1' second(s)

14-02-2025T09:43:50 - [MESSAGE][INFO] - Found 1 web elements with id: 'Object Repository/ANEF_Eloignement_V_Nawres/Page_Formulaire_Creation_Dossier/Formulaire_Creation_Dossier_Menu/Menu_Consultations_Securitaires' located by 'By.xpath: /html/body/app-root/app-layout-borderless/div[3]/app-prise-mesure/div/app-dsfr-onglet-tab/div/div[1]/app-fiche-etranger/div/div[1]/app-dsfr-sidemenu/nav/div/div/ul[10]/li/a' in '1' second(s)

14-02-2025T09:43:50 - [MESSAGE][PASSED] - Object 'Object Repository/ANEF_Eloignement_V_Nawres/Page_Formulaire_Creation_Dossier/Formulaire_Creation_Dossier_Menu/Menu_Consultations_Securitaires' is present

14-02-2025T09:43:50 - [TEST_STEP][PASSED] - "Remplir les champs obligatoire du formulaire": null

14-02-2025T09:43:50 - [TEST_STEP][PASSED] - RandomNom = tools.MyStringTools.genererChaineAleatoire(5): tools.MyStringTools.genererChaineAleatoire is PASSED

14-02-2025T09:43:50 - [MESSAGE][PASSED] - tools.MyStringTools.genererChaineAleatoire is PASSED

14-02-2025T09:43:50 - [TEST_STEP][PASSED] - println(RandomNom): null

14-02-2025T09:43:50 - [TEST_STEP][PASSED] - setText(findTestObject("Object Repository/ANEF_Eloignement_V_Nawres/Page_Formulaire_Creation_Dossier/Formulaire_Creation_Dossier_Input/input_Nom"), RandomNom, STOP_ON_FAILURE): Text 'kAYwC' is set on object 'Object Repository/ANEF_Eloignement_V_Nawres/Page_Formulaire_Creation_Dossier/Formulaire_Creation_Dossier_Input/input_Nom'

14-02-2025T09:43:50 - [MESSAGE][INFO] - Finding Test Object 'Object Repository/ANEF_Eloignement_V_Nawres/Page_Formulaire_Creation_Dossier/Formulaire_Creation_Dossier_Input/input_Nom'

14-02-2025T09:43:50 - [MESSAGE][INFO] - Checking timeout

14-02-2025T09:43:50 - [MESSAGE][INFO] - Finding web element with id: 'Object Repository/ANEF_Eloignement_V_Nawres/Page_Formulaire_Creation_Dossier/Formulaire_Creation_Dossier_Input/input_Nom' located by 'By.xpath: //input[@id="nom"]' in '20' second(s)

14-02-2025T09:43:50 - [MESSAGE][INFO] - Found 1 web elements with id: 'Object Repository/ANEF_Eloignement_V_Nawres/Page_Formulaire_Creation_Dossier/Formulaire_Creation_Dossier_Input/input_Nom' located by 'By.xpath: //input[@id="nom"]' in '20' second(s)

14-02-2025T09:43:50 - [MESSAGE][INFO] - Checking object

14-02-2025T09:43:50 - [MESSAGE][INFO] - Checking text

14-02-2025T09:43:50 - [MESSAGE][INFO] - Finding web element from Test Object's properties

14-02-2025T09:43:50 - [MESSAGE][INFO] - Checking timeout

14-02-2025T09:43:50 - [MESSAGE][INFO] - Finding web element with id: 'Object Repository/ANEF_Eloignement_V_Nawres/Page_Formulaire_Creation_Dossier/Formulaire_Creation_Dossier_Input/input_Nom' located by 'By.xpath: //input[@id="nom"]' in '100' second(s)

14-02-2025T09:43:50 - [MESSAGE][INFO] - Found 1 web elements with id: 'Object Repository/ANEF_Eloignement_V_Nawres/Page_Formulaire_Creation_Dossier/Formulaire_Creation_Dossier_Input/input_Nom' located by 'By.xpath: //input[@id="nom"]' in '100' second(s)

14-02-2025T09:43:50 - [MESSAGE][INFO] - Clearing text of object 'Object Repository/ANEF_Eloignement_V_Nawres/Page_Formulaire_Creation_Dossier/Formulaire_Creation_Dossier_Input/input_Nom'

14-02-2025T09:43:51 - [MESSAGE][INFO] - Finding web element from Test Object's properties

14-02-2025T09:43:51 - [MESSAGE][INFO] - Checking timeout

14-02-2025T09:43:51 - [MESSAGE][INFO] - Finding web element with id: 'Object Repository/ANEF_Eloignement_V_Nawres/Page_Formulaire_Creation_Dossier/Formulaire_Creation_Dossier_Input/input_Nom' located by 'By.xpath: //input[@id="nom"]' in '100' second(s)

14-02-2025T09:43:51 - [MESSAGE][INFO] - Found 1 web elements with id: 'Object Repository/ANEF_Eloignement_V_Nawres/Page_Formulaire_Creation_Dossier/Formulaire_Creation_Dossier_Input/input_Nom' located by 'By.xpath: //input[@id="nom"]' in '100' second(s)

14-02-2025T09:43:51 - [MESSAGE][INFO] - Setting text of object 'Object Repository/ANEF_Eloignement_V_Nawres/Page_Formulaire_Creation_Dossier/Formulaire_Creation_Dossier_Input/input_Nom' to value 'kAYwC'

14-02-2025T09:43:52 - [MESSAGE][PASSED] - Text 'kAYwC' is set on object 'Object Repository/ANEF_Eloignement_V_Nawres/Page_Formulaire_Creation_Dossier/Formulaire_Creation_Dossier_Input/input_Nom'

14-02-2025T09:43:52 - [TEST_STEP][PASSED] - if (Sexe == "Femme"): Object: 'Object Repository/ANEF_Eloignement_V_Nawres/Page_Formulaire_Creation_Dossier/Formulaire_Creation_Dossier_Input/btn_radio_Sexe_F' is clicked on

14-02-2025T09:43:52 - [TEST_STEP][PASSED] - click(findTestObject("Object Repository/ANEF_Eloignement_V_Nawres/Page_Formulaire_Creation_Dossier/Formulaire_Creation_Dossier_Input/btn_radio_Sexe_F"), STOP_ON_FAILURE): Object: 'Object Repository/ANEF_Eloignement_V_Nawres/Page_Formulaire_Creation_Dossier/Formulaire_Creation_Dossier_Input/btn_radio_Sexe_F' is clicked on

14-02-2025T09:43:52 - [MESSAGE][INFO] - Finding Test Object 'Object Repository/ANEF_Eloignement_V_Nawres/Page_Formulaire_Creation_Dossier/Formulaire_Creation_Dossier_Input/btn_radio_Sexe_F'

14-02-2025T09:43:52 - [MESSAGE][INFO] - Checking timeout

14-02-2025T09:43:52 - [MESSAGE][INFO] - Finding web element with id: 'Object Repository/ANEF_Eloignement_V_Nawres/Page_Formulaire_Creation_Dossier/Formulaire_Creation_Dossier_Input/btn_radio_Sexe_F' located by 'By.xpath: //label[contains(text()," FÃ©minin")]' in '20' second(s)

14-02-2025T09:43:52 - [MESSAGE][INFO] - Found 1 web elements with id: 'Object Repository/ANEF_Eloignement_V_Nawres/Page_Formulaire_Creation_Dossier/Formulaire_Creation_Dossier_Input/btn_radio_Sexe_F' located by 'By.xpath: //label[contains(text()," FÃ©minin")]' in '20' second(s)

14-02-2025T09:43:52 - [MESSAGE][INFO] - Checking object

14-02-2025T09:43:52 - [MESSAGE][INFO] - Checking timeout

14-02-2025T09:43:52 - [MESSAGE][INFO] - Finding web element from Test Object's properties

14-02-2025T09:43:52 - [MESSAGE][INFO] - Checking timeout

14-02-2025T09:43:52 - [MESSAGE][INFO] - Finding web element with id: 'Object Repository/ANEF_Eloignement_V_Nawres/Page_Formulaire_Creation_Dossier/Formulaire_Creation_Dossier_Input/btn_radio_Sexe_F' located by 'By.xpath: //label[contains(text()," FÃ©minin")]' in '100' second(s)

14-02-2025T09:43:52 - [MESSAGE][INFO] - Found 1 web elements with id: 'Object Repository/ANEF_Eloignement_V_Nawres/Page_Formulaire_Creation_Dossier/Formulaire_Creation_Dossier_Input/btn_radio_Sexe_F' located by 'By.xpath: //label[contains(text()," FÃ©minin")]' in '100' second(s)

14-02-2025T09:43:52 - [MESSAGE][INFO] - Clicking on object: 'Object Repository/ANEF_Eloignement_V_Nawres/Page_Formulaire_Creation_Dossier/Formulaire_Creation_Dossier_Input/btn_radio_Sexe_F'

14-02-2025T09:43:53 - [MESSAGE][PASSED] - Object: 'Object Repository/ANEF_Eloignement_V_Nawres/Page_Formulaire_Creation_Dossier/Formulaire_Creation_Dossier_Input/btn_radio_Sexe_F' is clicked on

14-02-2025T09:43:53 - [TEST_STEP][PASSED] - if (Sexe == "Homme"): null

14-02-2025T09:43:53 - [TEST_STEP][PASSED] - click(findTestObject("Object Repository/ANEF_Eloignement_V_Nawres/Page_Formulaire_Creation_Dossier/Formulaire_Creation_Dossier_Input/btn_Radio_Date_Naissance_Approximative"), STOP_ON_FAILURE): Object: 'Object Repository/ANEF_Eloignement_V_Nawres/Page_Formulaire_Creation_Dossier/Formulaire_Creation_Dossier_Input/btn_Radio_Date_Naissance_Approximative' is clicked on

14-02-2025T09:43:54 - [MESSAGE][INFO] - Finding Test Object 'Object Repository/ANEF_Eloignement_V_Nawres/Page_Formulaire_Creation_Dossier/Formulaire_Creation_Dossier_Input/btn_Radio_Date_Naissance_Approximative'

14-02-2025T09:43:54 - [MESSAGE][INFO] - Checking timeout

14-02-2025T09:43:54 - [MESSAGE][INFO] - Finding web element with id: 'Object Repository/ANEF_Eloignement_V_Nawres/Page_Formulaire_Creation_Dossier/Formulaire_Creation_Dossier_Input/btn_Radio_Date_Naissance_Approximative' located by 'By.xpath: //label[contains(text(),' Approximative ')]' in '20' second(s)

14-02-2025T09:43:54 - [MESSAGE][INFO] - Found 1 web elements with id: 'Object Repository/ANEF_Eloignement_V_Nawres/Page_Formulaire_Creation_Dossier/Formulaire_Creation_Dossier_Input/btn_Radio_Date_Naissance_Approximative' located by 'By.xpath: //label[contains(text(),' Approximative ')]' in '20' second(s)

14-02-2025T09:43:54 - [MESSAGE][INFO] - Checking object

14-02-2025T09:43:54 - [MESSAGE][INFO] - Checking timeout

14-02-2025T09:43:54 - [MESSAGE][INFO] - Finding web element from Test Object's properties

14-02-2025T09:43:54 - [MESSAGE][INFO] - Checking timeout

14-02-2025T09:43:54 - [MESSAGE][INFO] - Finding web element with id: 'Object Repository/ANEF_Eloignement_V_Nawres/Page_Formulaire_Creation_Dossier/Formulaire_Creation_Dossier_Input/btn_Radio_Date_Naissance_Approximative' located by 'By.xpath: //label[contains(text(),' Approximative ')]' in '100' second(s)

14-02-2025T09:43:54 - [MESSAGE][INFO] - Found 1 web elements with id: 'Object Repository/ANEF_Eloignement_V_Nawres/Page_Formulaire_Creation_Dossier/Formulaire_Creation_Dossier_Input/btn_Radio_Date_Naissance_Approximative' located by 'By.xpath: //label[contains(text(),' Approximative ')]' in '100' second(s)

14-02-2025T09:43:54 - [MESSAGE][INFO] - Clicking on object: 'Object Repository/ANEF_Eloignement_V_Nawres/Page_Formulaire_Creation_Dossier/Formulaire_Creation_Dossier_Input/btn_Radio_Date_Naissance_Approximative'

14-02-2025T09:43:55 - [MESSAGE][PASSED] - Object: 'Object Repository/ANEF_Eloignement_V_Nawres/Page_Formulaire_Creation_Dossier/Formulaire_Creation_Dossier_Input/btn_Radio_Date_Naissance_Approximative' is clicked on

14-02-2025T09:43:55 - [TEST_STEP][PASSED] - setText(findTestObject("Object Repository/ANEF_Eloignement_V_Nawres/Page_Formulaire_Creation_Dossier/Formulaire_Creation_Dossier_Input/input_Date_De_Naissance_Annee"), AnneeNaissance, STOP_ON_FAILURE): Text '1994' is set on object 'Object Repository/ANEF_Eloignement_V_Nawres/Page_Formulaire_Creation_Dossier/Formulaire_Creation_Dossier_Input/input_Date_De_Naissance_Annee'

14-02-2025T09:43:55 - [MESSAGE][INFO] - Finding Test Object 'Object Repository/ANEF_Eloignement_V_Nawres/Page_Formulaire_Creation_Dossier/Formulaire_Creation_Dossier_Input/input_Date_De_Naissance_Annee'

14-02-2025T09:43:55 - [MESSAGE][INFO] - Checking timeout

14-02-2025T09:43:55 - [MESSAGE][INFO] - Finding web element with id: 'Object Repository/ANEF_Eloignement_V_Nawres/Page_Formulaire_Creation_Dossier/Formulaire_Creation_Dossier_Input/input_Date_De_Naissance_Annee' located by 'By.xpath: //input[@id="annee"]' in '20' second(s)

14-02-2025T09:43:55 - [MESSAGE][INFO] - Found 1 web elements with id: 'Object Repository/ANEF_Eloignement_V_Nawres/Page_Formulaire_Creation_Dossier/Formulaire_Creation_Dossier_Input/input_Date_De_Naissance_Annee' located by 'By.xpath: //input[@id="annee"]' in '20' second(s)

14-02-2025T09:43:55 - [MESSAGE][INFO] - Checking object

14-02-2025T09:43:55 - [MESSAGE][INFO] - Checking text

14-02-2025T09:43:55 - [MESSAGE][INFO] - Finding web element from Test Object's properties

14-02-2025T09:43:55 - [MESSAGE][INFO] - Checking timeout

14-02-2025T09:43:55 - [MESSAGE][INFO] - Finding web element with id: 'Object Repository/ANEF_Eloignement_V_Nawres/Page_Formulaire_Creation_Dossier/Formulaire_Creation_Dossier_Input/input_Date_De_Naissance_Annee' located by 'By.xpath: //input[@id="annee"]' in '100' second(s)

14-02-2025T09:43:55 - [MESSAGE][INFO] - Found 1 web elements with id: 'Object Repository/ANEF_Eloignement_V_Nawres/Page_Formulaire_Creation_Dossier/Formulaire_Creation_Dossier_Input/input_Date_De_Naissance_Annee' located by 'By.xpath: //input[@id="annee"]' in '100' second(s)

14-02-2025T09:43:55 - [MESSAGE][INFO] - Clearing text of object 'Object Repository/ANEF_Eloignement_V_Nawres/Page_Formulaire_Creation_Dossier/Formulaire_Creation_Dossier_Input/input_Date_De_Naissance_Annee'

14-02-2025T09:43:56 - [MESSAGE][INFO] - Finding web element from Test Object's properties

14-02-2025T09:43:56 - [MESSAGE][INFO] - Checking timeout

14-02-2025T09:43:56 - [MESSAGE][INFO] - Finding web element with id: 'Object Repository/ANEF_Eloignement_V_Nawres/Page_Formulaire_Creation_Dossier/Formulaire_Creation_Dossier_Input/input_Date_De_Naissance_Annee' located by 'By.xpath: //input[@id="annee"]' in '100' second(s)

14-02-2025T09:43:56 - [MESSAGE][INFO] - Found 1 web elements with id: 'Object Repository/ANEF_Eloignement_V_Nawres/Page_Formulaire_Creation_Dossier/Formulaire_Creation_Dossier_Input/input_Date_De_Naissance_Annee' located by 'By.xpath: //input[@id="annee"]' in '100' second(s)

14-02-2025T09:43:56 - [MESSAGE][INFO] - Setting text of object 'Object Repository/ANEF_Eloignement_V_Nawres/Page_Formulaire_Creation_Dossier/Formulaire_Creation_Dossier_Input/input_Date_De_Naissance_Annee' to value '1994'

14-02-2025T09:43:57 - [MESSAGE][PASSED] - Text '1994' is set on object 'Object Repository/ANEF_Eloignement_V_Nawres/Page_Formulaire_Creation_Dossier/Formulaire_Creation_Dossier_Input/input_Date_De_Naissance_Annee'

14-02-2025T09:43:57 - [TEST_STEP][PASSED] - if (Nationnalite == "RPT"): All options with label 'ALGERIE' are selected in object 'Object Repository/ANEF_Eloignement_V_Nawres/Page_Formulaire_Creation_Dossier/Formulaire_Creation_Dossier_Input/select_Pays_De_Naissance' 

14-02-2025T09:43:57 - [TEST_STEP][PASSED] - selectOptionByLabel(findTestObject("Object Repository/ANEF_Eloignement_V_Nawres/Page_Formulaire_Creation_Dossier/Formulaire_Creation_Dossier_Input/select_Pays_De_Naissance"), "ALGERIE", false, STOP_ON_FAILURE): All options with label 'ALGERIE' are selected in object 'Object Repository/ANEF_Eloignement_V_Nawres/Page_Formulaire_Creation_Dossier/Formulaire_Creation_Dossier_Input/select_Pays_De_Naissance' 

14-02-2025T09:43:57 - [MESSAGE][INFO] - Finding Test Object 'Object Repository/ANEF_Eloignement_V_Nawres/Page_Formulaire_Creation_Dossier/Formulaire_Creation_Dossier_Input/select_Pays_De_Naissance'

14-02-2025T09:43:57 - [MESSAGE][INFO] - Checking timeout

14-02-2025T09:43:57 - [MESSAGE][INFO] - Finding web element with id: 'Object Repository/ANEF_Eloignement_V_Nawres/Page_Formulaire_Creation_Dossier/Formulaire_Creation_Dossier_Input/select_Pays_De_Naissance' located by 'By.xpath: //select[@id="pays_naissance"]' in '20' second(s)

14-02-2025T09:43:57 - [MESSAGE][INFO] - Found 1 web elements with id: 'Object Repository/ANEF_Eloignement_V_Nawres/Page_Formulaire_Creation_Dossier/Formulaire_Creation_Dossier_Input/select_Pays_De_Naissance' located by 'By.xpath: //select[@id="pays_naissance"]' in '20' second(s)

14-02-2025T09:43:57 - [MESSAGE][INFO] - Checking object

14-02-2025T09:43:57 - [MESSAGE][INFO] - Checking label parameter

14-02-2025T09:43:57 - [MESSAGE][INFO] - Finding web element from Test Object's properties

14-02-2025T09:43:57 - [MESSAGE][INFO] - Checking timeout

14-02-2025T09:43:57 - [MESSAGE][INFO] - Finding web element with id: 'Object Repository/ANEF_Eloignement_V_Nawres/Page_Formulaire_Creation_Dossier/Formulaire_Creation_Dossier_Input/select_Pays_De_Naissance' located by 'By.xpath: //select[@id="pays_naissance"]' in '100' second(s)

14-02-2025T09:43:57 - [MESSAGE][INFO] - Found 1 web elements with id: 'Object Repository/ANEF_Eloignement_V_Nawres/Page_Formulaire_Creation_Dossier/Formulaire_Creation_Dossier_Input/select_Pays_De_Naissance' located by 'By.xpath: //select[@id="pays_naissance"]' in '100' second(s)

14-02-2025T09:43:57 - [MESSAGE][INFO] - Selecting options on object 'Object Repository/ANEF_Eloignement_V_Nawres/Page_Formulaire_Creation_Dossier/Formulaire_Creation_Dossier_Input/select_Pays_De_Naissance' with label 'ALGERIE' 

14-02-2025T09:43:58 - [MESSAGE][PASSED] - All options with label 'ALGERIE' are selected in object 'Object Repository/ANEF_Eloignement_V_Nawres/Page_Formulaire_Creation_Dossier/Formulaire_Creation_Dossier_Input/select_Pays_De_Naissance' 

14-02-2025T09:43:58 - [TEST_STEP][PASSED] - if (Nationnalite == "RUE"): null

14-02-2025T09:43:58 - [TEST_STEP][PASSED] - if (Nationnalite == "RPT"): All options with label 'algÃ©rienne' are selected in object 'Object Repository/ANEF_Eloignement_V_Nawres/Page_Formulaire_Creation_Dossier/Formulaire_Creation_Dossier_Input/select_Nationnalite' 

14-02-2025T09:43:58 - [TEST_STEP][PASSED] - selectOptionByLabel(findTestObject("Object Repository/ANEF_Eloignement_V_Nawres/Page_Formulaire_Creation_Dossier/Formulaire_Creation_Dossier_Input/select_Nationnalite"), "algÃ©rienne", false, STOP_ON_FAILURE): All options with label 'algÃ©rienne' are selected in object 'Object Repository/ANEF_Eloignement_V_Nawres/Page_Formulaire_Creation_Dossier/Formulaire_Creation_Dossier_Input/select_Nationnalite' 

14-02-2025T09:43:58 - [MESSAGE][INFO] - Finding Test Object 'Object Repository/ANEF_Eloignement_V_Nawres/Page_Formulaire_Creation_Dossier/Formulaire_Creation_Dossier_Input/select_Nationnalite'

14-02-2025T09:43:58 - [MESSAGE][INFO] - Checking timeout

14-02-2025T09:43:58 - [MESSAGE][INFO] - Finding web element with id: 'Object Repository/ANEF_Eloignement_V_Nawres/Page_Formulaire_Creation_Dossier/Formulaire_Creation_Dossier_Input/select_Nationnalite' located by 'By.xpath: //select[@id="nationalite"]' in '20' second(s)

14-02-2025T09:43:58 - [MESSAGE][INFO] - Found 1 web elements with id: 'Object Repository/ANEF_Eloignement_V_Nawres/Page_Formulaire_Creation_Dossier/Formulaire_Creation_Dossier_Input/select_Nationnalite' located by 'By.xpath: //select[@id="nationalite"]' in '20' second(s)

14-02-2025T09:43:58 - [MESSAGE][INFO] - Checking object

14-02-2025T09:43:58 - [MESSAGE][INFO] - Checking label parameter

14-02-2025T09:43:58 - [MESSAGE][INFO] - Finding web element from Test Object's properties

14-02-2025T09:43:58 - [MESSAGE][INFO] - Checking timeout

14-02-2025T09:43:58 - [MESSAGE][INFO] - Finding web element with id: 'Object Repository/ANEF_Eloignement_V_Nawres/Page_Formulaire_Creation_Dossier/Formulaire_Creation_Dossier_Input/select_Nationnalite' located by 'By.xpath: //select[@id="nationalite"]' in '100' second(s)

14-02-2025T09:43:58 - [MESSAGE][INFO] - Found 1 web elements with id: 'Object Repository/ANEF_Eloignement_V_Nawres/Page_Formulaire_Creation_Dossier/Formulaire_Creation_Dossier_Input/select_Nationnalite' located by 'By.xpath: //select[@id="nationalite"]' in '100' second(s)

14-02-2025T09:43:58 - [MESSAGE][INFO] - Selecting options on object 'Object Repository/ANEF_Eloignement_V_Nawres/Page_Formulaire_Creation_Dossier/Formulaire_Creation_Dossier_Input/select_Nationnalite' with label 'algÃ©rienne' 

14-02-2025T09:43:59 - [MESSAGE][PASSED] - All options with label 'algÃ©rienne' are selected in object 'Object Repository/ANEF_Eloignement_V_Nawres/Page_Formulaire_Creation_Dossier/Formulaire_Creation_Dossier_Input/select_Nationnalite' 

14-02-2025T09:43:59 - [TEST_STEP][PASSED] - if (Nationnalite == "RUE"): null

14-02-2025T09:43:59 - [TEST_STEP][PASSED] - if (Nationnalite == "RPT"): Text 'Wahran' is set on object 'Object Repository/ANEF_Eloignement_V_Nawres/Page_Formulaire_Creation_Dossier/Formulaire_Creation_Dossier_Input/input_Lieu_De_Naissance'

14-02-2025T09:43:59 - [TEST_STEP][PASSED] - setText(findTestObject("Object Repository/ANEF_Eloignement_V_Nawres/Page_Formulaire_Creation_Dossier/Formulaire_Creation_Dossier_Input/input_Lieu_De_Naissance"), "Wahran", STOP_ON_FAILURE): Text 'Wahran' is set on object 'Object Repository/ANEF_Eloignement_V_Nawres/Page_Formulaire_Creation_Dossier/Formulaire_Creation_Dossier_Input/input_Lieu_De_Naissance'

14-02-2025T09:43:59 - [MESSAGE][INFO] - Finding Test Object 'Object Repository/ANEF_Eloignement_V_Nawres/Page_Formulaire_Creation_Dossier/Formulaire_Creation_Dossier_Input/input_Lieu_De_Naissance'

14-02-2025T09:43:59 - [MESSAGE][INFO] - Checking timeout

14-02-2025T09:43:59 - [MESSAGE][INFO] - Finding web element with id: 'Object Repository/ANEF_Eloignement_V_Nawres/Page_Formulaire_Creation_Dossier/Formulaire_Creation_Dossier_Input/input_Lieu_De_Naissance' located by 'By.xpath: //input[@id="ville_naissance"]' in '20' second(s)

14-02-2025T09:43:59 - [MESSAGE][INFO] - Found 1 web elements with id: 'Object Repository/ANEF_Eloignement_V_Nawres/Page_Formulaire_Creation_Dossier/Formulaire_Creation_Dossier_Input/input_Lieu_De_Naissance' located by 'By.xpath: //input[@id="ville_naissance"]' in '20' second(s)

14-02-2025T09:43:59 - [MESSAGE][INFO] - Checking object

14-02-2025T09:43:59 - [MESSAGE][INFO] - Checking text

14-02-2025T09:43:59 - [MESSAGE][INFO] - Finding web element from Test Object's properties

14-02-2025T09:43:59 - [MESSAGE][INFO] - Checking timeout

14-02-2025T09:43:59 - [MESSAGE][INFO] - Finding web element with id: 'Object Repository/ANEF_Eloignement_V_Nawres/Page_Formulaire_Creation_Dossier/Formulaire_Creation_Dossier_Input/input_Lieu_De_Naissance' located by 'By.xpath: //input[@id="ville_naissance"]' in '100' second(s)

14-02-2025T09:43:59 - [MESSAGE][INFO] - Found 1 web elements with id: 'Object Repository/ANEF_Eloignement_V_Nawres/Page_Formulaire_Creation_Dossier/Formulaire_Creation_Dossier_Input/input_Lieu_De_Naissance' located by 'By.xpath: //input[@id="ville_naissance"]' in '100' second(s)

14-02-2025T09:43:59 - [MESSAGE][INFO] - Clearing text of object 'Object Repository/ANEF_Eloignement_V_Nawres/Page_Formulaire_Creation_Dossier/Formulaire_Creation_Dossier_Input/input_Lieu_De_Naissance'

14-02-2025T09:44:01 - [MESSAGE][INFO] - Finding web element from Test Object's properties

14-02-2025T09:44:01 - [MESSAGE][INFO] - Checking timeout

14-02-2025T09:44:01 - [MESSAGE][INFO] - Finding web element with id: 'Object Repository/ANEF_Eloignement_V_Nawres/Page_Formulaire_Creation_Dossier/Formulaire_Creation_Dossier_Input/input_Lieu_De_Naissance' located by 'By.xpath: //input[@id="ville_naissance"]' in '100' second(s)

14-02-2025T09:44:01 - [MESSAGE][INFO] - Found 1 web elements with id: 'Object Repository/ANEF_Eloignement_V_Nawres/Page_Formulaire_Creation_Dossier/Formulaire_Creation_Dossier_Input/input_Lieu_De_Naissance' located by 'By.xpath: //input[@id="ville_naissance"]' in '100' second(s)

14-02-2025T09:44:01 - [MESSAGE][INFO] - Setting text of object 'Object Repository/ANEF_Eloignement_V_Nawres/Page_Formulaire_Creation_Dossier/Formulaire_Creation_Dossier_Input/input_Lieu_De_Naissance' to value 'Wahran'

14-02-2025T09:44:02 - [MESSAGE][PASSED] - Text 'Wahran' is set on object 'Object Repository/ANEF_Eloignement_V_Nawres/Page_Formulaire_Creation_Dossier/Formulaire_Creation_Dossier_Input/input_Lieu_De_Naissance'

14-02-2025T09:44:02 - [TEST_STEP][PASSED] - if (Nationnalite == "RUE"): null

14-02-2025T09:44:02 - [TEST_STEP][PASSED] - selectOptionByLabel(findTestObject("Object Repository/ANEF_Eloignement_V_Nawres/Page_Formulaire_Creation_Dossier/Formulaire_Creation_Dossier_Input/select_Situation_Familiale"), "CÃ©libataire", false, STOP_ON_FAILURE): All options with label 'CÃ©libataire' are selected in object 'Object Repository/ANEF_Eloignement_V_Nawres/Page_Formulaire_Creation_Dossier/Formulaire_Creation_Dossier_Input/select_Situation_Familiale' 

14-02-2025T09:44:02 - [MESSAGE][INFO] - Finding Test Object 'Object Repository/ANEF_Eloignement_V_Nawres/Page_Formulaire_Creation_Dossier/Formulaire_Creation_Dossier_Input/select_Situation_Familiale'

14-02-2025T09:44:02 - [MESSAGE][INFO] - Checking timeout

14-02-2025T09:44:02 - [MESSAGE][INFO] - Finding web element with id: 'Object Repository/ANEF_Eloignement_V_Nawres/Page_Formulaire_Creation_Dossier/Formulaire_Creation_Dossier_Input/select_Situation_Familiale' located by 'By.xpath: //select[@id="situation_familiale"]' in '20' second(s)

14-02-2025T09:44:02 - [MESSAGE][INFO] - Found 1 web elements with id: 'Object Repository/ANEF_Eloignement_V_Nawres/Page_Formulaire_Creation_Dossier/Formulaire_Creation_Dossier_Input/select_Situation_Familiale' located by 'By.xpath: //select[@id="situation_familiale"]' in '20' second(s)

14-02-2025T09:44:02 - [MESSAGE][INFO] - Checking object

14-02-2025T09:44:02 - [MESSAGE][INFO] - Checking label parameter

14-02-2025T09:44:02 - [MESSAGE][INFO] - Finding web element from Test Object's properties

14-02-2025T09:44:02 - [MESSAGE][INFO] - Checking timeout

14-02-2025T09:44:02 - [MESSAGE][INFO] - Finding web element with id: 'Object Repository/ANEF_Eloignement_V_Nawres/Page_Formulaire_Creation_Dossier/Formulaire_Creation_Dossier_Input/select_Situation_Familiale' located by 'By.xpath: //select[@id="situation_familiale"]' in '100' second(s)

14-02-2025T09:44:02 - [MESSAGE][INFO] - Found 1 web elements with id: 'Object Repository/ANEF_Eloignement_V_Nawres/Page_Formulaire_Creation_Dossier/Formulaire_Creation_Dossier_Input/select_Situation_Familiale' located by 'By.xpath: //select[@id="situation_familiale"]' in '100' second(s)

14-02-2025T09:44:02 - [MESSAGE][INFO] - Selecting options on object 'Object Repository/ANEF_Eloignement_V_Nawres/Page_Formulaire_Creation_Dossier/Formulaire_Creation_Dossier_Input/select_Situation_Familiale' with label 'CÃ©libataire' 

14-02-2025T09:44:03 - [MESSAGE][PASSED] - All options with label 'CÃ©libataire' are selected in object 'Object Repository/ANEF_Eloignement_V_Nawres/Page_Formulaire_Creation_Dossier/Formulaire_Creation_Dossier_Input/select_Situation_Familiale' 

14-02-2025T09:44:03 - [TEST_STEP][PASSED] - setText(findTestObject("Object Repository/ANEF_Eloignement_V_Nawres/Page_Formulaire_Creation_Dossier/Formulaire_Creation_Dossier_Input/input_Date_Entree_En_France"), "22/03/2020"): Text '22/03/2020' is set on object 'Object Repository/ANEF_Eloignement_V_Nawres/Page_Formulaire_Creation_Dossier/Formulaire_Creation_Dossier_Input/input_Date_Entree_En_France'

14-02-2025T09:44:03 - [MESSAGE][INFO] - Finding Test Object 'Object Repository/ANEF_Eloignement_V_Nawres/Page_Formulaire_Creation_Dossier/Formulaire_Creation_Dossier_Input/input_Date_Entree_En_France'

14-02-2025T09:44:03 - [MESSAGE][INFO] - Checking timeout

14-02-2025T09:44:03 - [MESSAGE][INFO] - Finding web element with id: 'Object Repository/ANEF_Eloignement_V_Nawres/Page_Formulaire_Creation_Dossier/Formulaire_Creation_Dossier_Input/input_Date_Entree_En_France' located by 'By.xpath: //input[@id="date_entree_en_france"]' in '20' second(s)

14-02-2025T09:44:03 - [MESSAGE][INFO] - Found 1 web elements with id: 'Object Repository/ANEF_Eloignement_V_Nawres/Page_Formulaire_Creation_Dossier/Formulaire_Creation_Dossier_Input/input_Date_Entree_En_France' located by 'By.xpath: //input[@id="date_entree_en_france"]' in '20' second(s)

14-02-2025T09:44:03 - [MESSAGE][INFO] - Checking object

14-02-2025T09:44:03 - [MESSAGE][INFO] - Checking text

14-02-2025T09:44:03 - [MESSAGE][INFO] - Finding web element from Test Object's properties

14-02-2025T09:44:03 - [MESSAGE][INFO] - Checking timeout

14-02-2025T09:44:03 - [MESSAGE][INFO] - Finding web element with id: 'Object Repository/ANEF_Eloignement_V_Nawres/Page_Formulaire_Creation_Dossier/Formulaire_Creation_Dossier_Input/input_Date_Entree_En_France' located by 'By.xpath: //input[@id="date_entree_en_france"]' in '100' second(s)

14-02-2025T09:44:03 - [MESSAGE][INFO] - Found 1 web elements with id: 'Object Repository/ANEF_Eloignement_V_Nawres/Page_Formulaire_Creation_Dossier/Formulaire_Creation_Dossier_Input/input_Date_Entree_En_France' located by 'By.xpath: //input[@id="date_entree_en_france"]' in '100' second(s)

14-02-2025T09:44:03 - [MESSAGE][INFO] - Clearing text of object 'Object Repository/ANEF_Eloignement_V_Nawres/Page_Formulaire_Creation_Dossier/Formulaire_Creation_Dossier_Input/input_Date_Entree_En_France'

14-02-2025T09:44:04 - [MESSAGE][INFO] - Finding web element from Test Object's properties

14-02-2025T09:44:04 - [MESSAGE][INFO] - Checking timeout

14-02-2025T09:44:04 - [MESSAGE][INFO] - Finding web element with id: 'Object Repository/ANEF_Eloignement_V_Nawres/Page_Formulaire_Creation_Dossier/Formulaire_Creation_Dossier_Input/input_Date_Entree_En_France' located by 'By.xpath: //input[@id="date_entree_en_france"]' in '100' second(s)

14-02-2025T09:44:04 - [MESSAGE][INFO] - Found 1 web elements with id: 'Object Repository/ANEF_Eloignement_V_Nawres/Page_Formulaire_Creation_Dossier/Formulaire_Creation_Dossier_Input/input_Date_Entree_En_France' located by 'By.xpath: //input[@id="date_entree_en_france"]' in '100' second(s)

14-02-2025T09:44:04 - [MESSAGE][INFO] - Setting text of object 'Object Repository/ANEF_Eloignement_V_Nawres/Page_Formulaire_Creation_Dossier/Formulaire_Creation_Dossier_Input/input_Date_Entree_En_France' to value '22/03/2020'

14-02-2025T09:44:05 - [MESSAGE][PASSED] - Text '22/03/2020' is set on object 'Object Repository/ANEF_Eloignement_V_Nawres/Page_Formulaire_Creation_Dossier/Formulaire_Creation_Dossier_Input/input_Date_Entree_En_France'

14-02-2025T09:44:05 - [TEST_STEP][PASSED] - selectOptionByLabel(findTestObject("Object Repository/ANEF_Eloignement_V_Nawres/Page_Formulaire_Creation_Dossier/Formulaire_Creation_Dossier_Input/select_Condition_Entree_En_France"), "IrrÃ©guliÃ¨re", false, STOP_ON_FAILURE): All options with label 'IrrÃ©guliÃ¨re' are selected in object 'Object Repository/ANEF_Eloignement_V_Nawres/Page_Formulaire_Creation_Dossier/Formulaire_Creation_Dossier_Input/select_Condition_Entree_En_France' 

14-02-2025T09:44:05 - [MESSAGE][INFO] - Finding Test Object 'Object Repository/ANEF_Eloignement_V_Nawres/Page_Formulaire_Creation_Dossier/Formulaire_Creation_Dossier_Input/select_Condition_Entree_En_France'

14-02-2025T09:44:05 - [MESSAGE][INFO] - Checking timeout

14-02-2025T09:44:05 - [MESSAGE][INFO] - Finding web element with id: 'Object Repository/ANEF_Eloignement_V_Nawres/Page_Formulaire_Creation_Dossier/Formulaire_Creation_Dossier_Input/select_Condition_Entree_En_France' located by 'By.xpath: //select[@id="condition_entree_france"]' in '20' second(s)

14-02-2025T09:44:05 - [MESSAGE][INFO] - Found 1 web elements with id: 'Object Repository/ANEF_Eloignement_V_Nawres/Page_Formulaire_Creation_Dossier/Formulaire_Creation_Dossier_Input/select_Condition_Entree_En_France' located by 'By.xpath: //select[@id="condition_entree_france"]' in '20' second(s)

14-02-2025T09:44:05 - [MESSAGE][INFO] - Checking object

14-02-2025T09:44:05 - [MESSAGE][INFO] - Checking label parameter

14-02-2025T09:44:05 - [MESSAGE][INFO] - Finding web element from Test Object's properties

14-02-2025T09:44:05 - [MESSAGE][INFO] - Checking timeout

14-02-2025T09:44:05 - [MESSAGE][INFO] - Finding web element with id: 'Object Repository/ANEF_Eloignement_V_Nawres/Page_Formulaire_Creation_Dossier/Formulaire_Creation_Dossier_Input/select_Condition_Entree_En_France' located by 'By.xpath: //select[@id="condition_entree_france"]' in '100' second(s)

14-02-2025T09:44:05 - [MESSAGE][INFO] - Found 1 web elements with id: 'Object Repository/ANEF_Eloignement_V_Nawres/Page_Formulaire_Creation_Dossier/Formulaire_Creation_Dossier_Input/select_Condition_Entree_En_France' located by 'By.xpath: //select[@id="condition_entree_france"]' in '100' second(s)

14-02-2025T09:44:05 - [MESSAGE][INFO] - Selecting options on object 'Object Repository/ANEF_Eloignement_V_Nawres/Page_Formulaire_Creation_Dossier/Formulaire_Creation_Dossier_Input/select_Condition_Entree_En_France' with label 'IrrÃ©guliÃ¨re' 

14-02-2025T09:44:06 - [MESSAGE][PASSED] - All options with label 'IrrÃ©guliÃ¨re' are selected in object 'Object Repository/ANEF_Eloignement_V_Nawres/Page_Formulaire_Creation_Dossier/Formulaire_Creation_Dossier_Input/select_Condition_Entree_En_France' 

14-02-2025T09:44:06 - [TEST_STEP][PASSED] - if (ControleChampsCreation == "true"): null

14-02-2025T09:44:06 - [TEST_STEP][PASSED] - click(findTestObject("Object Repository/ANEF_Eloignement_V_Nawres/Page_Formulaire_Creation_Dossier/Formulaire_Creation_Dossier_Input/btn_Enregistrer"), STOP_ON_FAILURE): Object: 'Object Repository/ANEF_Eloignement_V_Nawres/Page_Formulaire_Creation_Dossier/Formulaire_Creation_Dossier_Input/btn_Enregistrer' is clicked on

14-02-2025T09:44:06 - [MESSAGE][INFO] - Finding Test Object 'Object Repository/ANEF_Eloignement_V_Nawres/Page_Formulaire_Creation_Dossier/Formulaire_Creation_Dossier_Input/btn_Enregistrer'

14-02-2025T09:44:06 - [MESSAGE][INFO] - Checking timeout

14-02-2025T09:44:06 - [MESSAGE][INFO] - Finding web element with id: 'Object Repository/ANEF_Eloignement_V_Nawres/Page_Formulaire_Creation_Dossier/Formulaire_Creation_Dossier_Input/btn_Enregistrer' located by 'By.xpath: /html/body/app-root/app-layout-borderless/div[3]/app-prise-mesure/app-nav-prise-mesure//div/button[@title="Enregistrer"]' in '20' second(s)

14-02-2025T09:44:06 - [MESSAGE][INFO] - Found 1 web elements with id: 'Object Repository/ANEF_Eloignement_V_Nawres/Page_Formulaire_Creation_Dossier/Formulaire_Creation_Dossier_Input/btn_Enregistrer' located by 'By.xpath: /html/body/app-root/app-layout-borderless/div[3]/app-prise-mesure/app-nav-prise-mesure//div/button[@title="Enregistrer"]' in '20' second(s)

14-02-2025T09:44:06 - [MESSAGE][INFO] - Checking object

14-02-2025T09:44:06 - [MESSAGE][INFO] - Checking timeout

14-02-2025T09:44:06 - [MESSAGE][INFO] - Finding web element from Test Object's properties

14-02-2025T09:44:06 - [MESSAGE][INFO] - Checking timeout

14-02-2025T09:44:06 - [MESSAGE][INFO] - Finding web element with id: 'Object Repository/ANEF_Eloignement_V_Nawres/Page_Formulaire_Creation_Dossier/Formulaire_Creation_Dossier_Input/btn_Enregistrer' located by 'By.xpath: /html/body/app-root/app-layout-borderless/div[3]/app-prise-mesure/app-nav-prise-mesure//div/button[@title="Enregistrer"]' in '100' second(s)

14-02-2025T09:44:06 - [MESSAGE][INFO] - Found 1 web elements with id: 'Object Repository/ANEF_Eloignement_V_Nawres/Page_Formulaire_Creation_Dossier/Formulaire_Creation_Dossier_Input/btn_Enregistrer' located by 'By.xpath: /html/body/app-root/app-layout-borderless/div[3]/app-prise-mesure/app-nav-prise-mesure//div/button[@title="Enregistrer"]' in '100' second(s)

14-02-2025T09:44:06 - [MESSAGE][INFO] - Clicking on object: 'Object Repository/ANEF_Eloignement_V_Nawres/Page_Formulaire_Creation_Dossier/Formulaire_Creation_Dossier_Input/btn_Enregistrer'

14-02-2025T09:44:08 - [MESSAGE][PASSED] - Object: 'Object Repository/ANEF_Eloignement_V_Nawres/Page_Formulaire_Creation_Dossier/Formulaire_Creation_Dossier_Input/btn_Enregistrer' is clicked on

14-02-2025T09:44:08 - [TEST_STEP][PASSED] - verifyElementPresent(findTestObject("Object Repository/ANEF_Eloignement_V_Nawres/Page_Formulaire_Creation_Dossier/Formulaire_Creation_Dossier_Input/btn_Valider_Attribuer_Numero_Etranger"), 4, STOP_ON_FAILURE): Object 'Object Repository/ANEF_Eloignement_V_Nawres/Page_Formulaire_Creation_Dossier/Formulaire_Creation_Dossier_Input/btn_Valider_Attribuer_Numero_Etranger' is present

14-02-2025T09:44:08 - [MESSAGE][INFO] - Finding Test Object 'Object Repository/ANEF_Eloignement_V_Nawres/Page_Formulaire_Creation_Dossier/Formulaire_Creation_Dossier_Input/btn_Valider_Attribuer_Numero_Etranger'

14-02-2025T09:44:08 - [MESSAGE][INFO] - Checking object

14-02-2025T09:44:08 - [MESSAGE][INFO] - Finding web element from Test Object's properties

14-02-2025T09:44:08 - [MESSAGE][INFO] - Checking timeout

14-02-2025T09:44:08 - [MESSAGE][INFO] - Finding web element with id: 'Object Repository/ANEF_Eloignement_V_Nawres/Page_Formulaire_Creation_Dossier/Formulaire_Creation_Dossier_Input/btn_Valider_Attribuer_Numero_Etranger' located by 'By.xpath: //button[@title="Valider et attribuer un numÃ©ro Ã©tranger"]' in '4' second(s)

14-02-2025T09:44:08 - [MESSAGE][INFO] - Found 1 web elements with id: 'Object Repository/ANEF_Eloignement_V_Nawres/Page_Formulaire_Creation_Dossier/Formulaire_Creation_Dossier_Input/btn_Valider_Attribuer_Numero_Etranger' located by 'By.xpath: //button[@title="Valider et attribuer un numÃ©ro Ã©tranger"]' in '4' second(s)

14-02-2025T09:44:08 - [MESSAGE][PASSED] - Object 'Object Repository/ANEF_Eloignement_V_Nawres/Page_Formulaire_Creation_Dossier/Formulaire_Creation_Dossier_Input/btn_Valider_Attribuer_Numero_Etranger' is present

14-02-2025T09:44:08 - [TEST_STEP][PASSED] - click(findTestObject("Object Repository/ANEF_Eloignement_V_Nawres/Page_Formulaire_Creation_Dossier/Formulaire_Creation_Dossier_Input/btn_Valider_Attribuer_Numero_Etranger"), STOP_ON_FAILURE): Object: 'Object Repository/ANEF_Eloignement_V_Nawres/Page_Formulaire_Creation_Dossier/Formulaire_Creation_Dossier_Input/btn_Valider_Attribuer_Numero_Etranger' is clicked on

14-02-2025T09:44:08 - [MESSAGE][INFO] - Finding Test Object 'Object Repository/ANEF_Eloignement_V_Nawres/Page_Formulaire_Creation_Dossier/Formulaire_Creation_Dossier_Input/btn_Valider_Attribuer_Numero_Etranger'

14-02-2025T09:44:08 - [MESSAGE][INFO] - Checking timeout

14-02-2025T09:44:08 - [MESSAGE][INFO] - Finding web element with id: 'Object Repository/ANEF_Eloignement_V_Nawres/Page_Formulaire_Creation_Dossier/Formulaire_Creation_Dossier_Input/btn_Valider_Attribuer_Numero_Etranger' located by 'By.xpath: //button[@title="Valider et attribuer un numÃ©ro Ã©tranger"]' in '20' second(s)

14-02-2025T09:44:08 - [MESSAGE][INFO] - Found 1 web elements with id: 'Object Repository/ANEF_Eloignement_V_Nawres/Page_Formulaire_Creation_Dossier/Formulaire_Creation_Dossier_Input/btn_Valider_Attribuer_Numero_Etranger' located by 'By.xpath: //button[@title="Valider et attribuer un numÃ©ro Ã©tranger"]' in '20' second(s)

14-02-2025T09:44:08 - [MESSAGE][INFO] - Checking object

14-02-2025T09:44:08 - [MESSAGE][INFO] - Checking timeout

14-02-2025T09:44:08 - [MESSAGE][INFO] - Finding web element from Test Object's properties

14-02-2025T09:44:08 - [MESSAGE][INFO] - Checking timeout

14-02-2025T09:44:08 - [MESSAGE][INFO] - Finding web element with id: 'Object Repository/ANEF_Eloignement_V_Nawres/Page_Formulaire_Creation_Dossier/Formulaire_Creation_Dossier_Input/btn_Valider_Attribuer_Numero_Etranger' located by 'By.xpath: //button[@title="Valider et attribuer un numÃ©ro Ã©tranger"]' in '100' second(s)

14-02-2025T09:44:08 - [MESSAGE][INFO] - Found 1 web elements with id: 'Object Repository/ANEF_Eloignement_V_Nawres/Page_Formulaire_Creation_Dossier/Formulaire_Creation_Dossier_Input/btn_Valider_Attribuer_Numero_Etranger' located by 'By.xpath: //button[@title="Valider et attribuer un numÃ©ro Ã©tranger"]' in '100' second(s)

14-02-2025T09:44:08 - [MESSAGE][INFO] - Clicking on object: 'Object Repository/ANEF_Eloignement_V_Nawres/Page_Formulaire_Creation_Dossier/Formulaire_Creation_Dossier_Input/btn_Valider_Attribuer_Numero_Etranger'

14-02-2025T09:44:09 - [MESSAGE][PASSED] - Object: 'Object Repository/ANEF_Eloignement_V_Nawres/Page_Formulaire_Creation_Dossier/Formulaire_Creation_Dossier_Input/btn_Valider_Attribuer_Numero_Etranger' is clicked on

14-02-2025T09:44:09 - [TEST_STEP][PASSED] - switch (OrigineDossier): null

14-02-2025T09:44:09 - [TEST_STEP][PASSED] - case "Asile":: All options with label 'Asile' are selected in object 'Object Repository/ANEF_Eloignement_V_Nawres/Page_Formulaire_Creation_Dossier/Formulaire_Creation_Dossier_Input/select_Origine_Dossier' 

14-02-2025T09:44:09 - [TEST_STEP][PASSED] - selectOptionByLabel(findTestObject("Object Repository/ANEF_Eloignement_V_Nawres/Page_Formulaire_Creation_Dossier/Formulaire_Creation_Dossier_Input/select_Origine_Dossier"), "Asile", false, STOP_ON_FAILURE): All options with label 'Asile' are selected in object 'Object Repository/ANEF_Eloignement_V_Nawres/Page_Formulaire_Creation_Dossier/Formulaire_Creation_Dossier_Input/select_Origine_Dossier' 

14-02-2025T09:44:09 - [MESSAGE][INFO] - Finding Test Object 'Object Repository/ANEF_Eloignement_V_Nawres/Page_Formulaire_Creation_Dossier/Formulaire_Creation_Dossier_Input/select_Origine_Dossier'

14-02-2025T09:44:09 - [MESSAGE][INFO] - Checking timeout

14-02-2025T09:44:09 - [MESSAGE][INFO] - Finding web element with id: 'Object Repository/ANEF_Eloignement_V_Nawres/Page_Formulaire_Creation_Dossier/Formulaire_Creation_Dossier_Input/select_Origine_Dossier' located by 'By.xpath: //select[@id="code_flux"]' in '20' second(s)

14-02-2025T09:44:09 - [MESSAGE][INFO] - Found 1 web elements with id: 'Object Repository/ANEF_Eloignement_V_Nawres/Page_Formulaire_Creation_Dossier/Formulaire_Creation_Dossier_Input/select_Origine_Dossier' located by 'By.xpath: //select[@id="code_flux"]' in '20' second(s)

14-02-2025T09:44:09 - [MESSAGE][INFO] - Checking object

14-02-2025T09:44:09 - [MESSAGE][INFO] - Checking label parameter

14-02-2025T09:44:09 - [MESSAGE][INFO] - Finding web element from Test Object's properties

14-02-2025T09:44:09 - [MESSAGE][INFO] - Checking timeout

14-02-2025T09:44:09 - [MESSAGE][INFO] - Finding web element with id: 'Object Repository/ANEF_Eloignement_V_Nawres/Page_Formulaire_Creation_Dossier/Formulaire_Creation_Dossier_Input/select_Origine_Dossier' located by 'By.xpath: //select[@id="code_flux"]' in '100' second(s)

14-02-2025T09:44:09 - [MESSAGE][INFO] - Found 1 web elements with id: 'Object Repository/ANEF_Eloignement_V_Nawres/Page_Formulaire_Creation_Dossier/Formulaire_Creation_Dossier_Input/select_Origine_Dossier' located by 'By.xpath: //select[@id="code_flux"]' in '100' second(s)

14-02-2025T09:44:09 - [MESSAGE][INFO] - Selecting options on object 'Object Repository/ANEF_Eloignement_V_Nawres/Page_Formulaire_Creation_Dossier/Formulaire_Creation_Dossier_Input/select_Origine_Dossier' with label 'Asile' 

14-02-2025T09:44:10 - [MESSAGE][PASSED] - All options with label 'Asile' are selected in object 'Object Repository/ANEF_Eloignement_V_Nawres/Page_Formulaire_Creation_Dossier/Formulaire_Creation_Dossier_Input/select_Origine_Dossier' 

14-02-2025T09:44:10 - [TEST_STEP][PASSED] - Default: null

14-02-2025T09:44:10 - [TEST_STEP][PASSED] - break: null

14-02-2025T09:44:10 - [TEST_STEP][PASSED] - scrollToElement(findTestObject("Object Repository/ANEF_Eloignement_V_Nawres/Page_Formulaire_Creation_Dossier/Formulaire_Creation_Dossier_Input/btn_Confirmer_Attribuer_Numero_Etranger"), 5): Scroll to object 'Object Repository/ANEF_Eloignement_V_Nawres/Page_Formulaire_Creation_Dossier/Formulaire_Creation_Dossier_Input/btn_Confirmer_Attribuer_Numero_Etranger' successfully

14-02-2025T09:44:10 - [MESSAGE][INFO] - Finding Test Object 'Object Repository/ANEF_Eloignement_V_Nawres/Page_Formulaire_Creation_Dossier/Formulaire_Creation_Dossier_Input/btn_Confirmer_Attribuer_Numero_Etranger'

14-02-2025T09:44:10 - [MESSAGE][INFO] - Checking object

14-02-2025T09:44:10 - [MESSAGE][INFO] - Checking timeout

14-02-2025T09:44:10 - [MESSAGE][INFO] - Finding web element from Test Object's properties

14-02-2025T09:44:10 - [MESSAGE][INFO] - Checking timeout

14-02-2025T09:44:10 - [MESSAGE][INFO] - Finding web element with id: 'Object Repository/ANEF_Eloignement_V_Nawres/Page_Formulaire_Creation_Dossier/Formulaire_Creation_Dossier_Input/btn_Confirmer_Attribuer_Numero_Etranger' located by 'By.xpath:  //button[contains(text(),'Confirmer et attribuer un numÃ©ro Ã©tranger')]' in '100' second(s)

14-02-2025T09:44:10 - [MESSAGE][INFO] - Found 1 web elements with id: 'Object Repository/ANEF_Eloignement_V_Nawres/Page_Formulaire_Creation_Dossier/Formulaire_Creation_Dossier_Input/btn_Confirmer_Attribuer_Numero_Etranger' located by 'By.xpath:  //button[contains(text(),'Confirmer et attribuer un numÃ©ro Ã©tranger')]' in '100' second(s)

14-02-2025T09:44:10 - [MESSAGE][INFO] - Scrolling to object 'Object Repository/ANEF_Eloignement_V_Nawres/Page_Formulaire_Creation_Dossier/Formulaire_Creation_Dossier_Input/btn_Confirmer_Attribuer_Numero_Etranger'

14-02-2025T09:44:10 - [MESSAGE][PASSED] - Scroll to object 'Object Repository/ANEF_Eloignement_V_Nawres/Page_Formulaire_Creation_Dossier/Formulaire_Creation_Dossier_Input/btn_Confirmer_Attribuer_Numero_Etranger' successfully

14-02-2025T09:44:10 - [TEST_STEP][PASSED] - click(findTestObject("Object Repository/ANEF_Eloignement_V_Nawres/Page_Formulaire_Creation_Dossier/Formulaire_Creation_Dossier_Input/btn_Confirmer_Attribuer_Numero_Etranger"), STOP_ON_FAILURE): Object: 'Object Repository/ANEF_Eloignement_V_Nawres/Page_Formulaire_Creation_Dossier/Formulaire_Creation_Dossier_Input/btn_Confirmer_Attribuer_Numero_Etranger' is clicked on

14-02-2025T09:44:10 - [MESSAGE][INFO] - Finding Test Object 'Object Repository/ANEF_Eloignement_V_Nawres/Page_Formulaire_Creation_Dossier/Formulaire_Creation_Dossier_Input/btn_Confirmer_Attribuer_Numero_Etranger'

14-02-2025T09:44:10 - [MESSAGE][INFO] - Checking timeout

14-02-2025T09:44:10 - [MESSAGE][INFO] - Finding web element with id: 'Object Repository/ANEF_Eloignement_V_Nawres/Page_Formulaire_Creation_Dossier/Formulaire_Creation_Dossier_Input/btn_Confirmer_Attribuer_Numero_Etranger' located by 'By.xpath:  //button[contains(text(),'Confirmer et attribuer un numÃ©ro Ã©tranger')]' in '20' second(s)

14-02-2025T09:44:10 - [MESSAGE][INFO] - Found 1 web elements with id: 'Object Repository/ANEF_Eloignement_V_Nawres/Page_Formulaire_Creation_Dossier/Formulaire_Creation_Dossier_Input/btn_Confirmer_Attribuer_Numero_Etranger' located by 'By.xpath:  //button[contains(text(),'Confirmer et attribuer un numÃ©ro Ã©tranger')]' in '20' second(s)

14-02-2025T09:44:10 - [MESSAGE][INFO] - Checking object

14-02-2025T09:44:10 - [MESSAGE][INFO] - Checking timeout

14-02-2025T09:44:10 - [MESSAGE][INFO] - Finding web element from Test Object's properties

14-02-2025T09:44:10 - [MESSAGE][INFO] - Checking timeout

14-02-2025T09:44:10 - [MESSAGE][INFO] - Finding web element with id: 'Object Repository/ANEF_Eloignement_V_Nawres/Page_Formulaire_Creation_Dossier/Formulaire_Creation_Dossier_Input/btn_Confirmer_Attribuer_Numero_Etranger' located by 'By.xpath:  //button[contains(text(),'Confirmer et attribuer un numÃ©ro Ã©tranger')]' in '100' second(s)

14-02-2025T09:44:10 - [MESSAGE][INFO] - Found 1 web elements with id: 'Object Repository/ANEF_Eloignement_V_Nawres/Page_Formulaire_Creation_Dossier/Formulaire_Creation_Dossier_Input/btn_Confirmer_Attribuer_Numero_Etranger' located by 'By.xpath:  //button[contains(text(),'Confirmer et attribuer un numÃ©ro Ã©tranger')]' in '100' second(s)

14-02-2025T09:44:10 - [MESSAGE][INFO] - Clicking on object: 'Object Repository/ANEF_Eloignement_V_Nawres/Page_Formulaire_Creation_Dossier/Formulaire_Creation_Dossier_Input/btn_Confirmer_Attribuer_Numero_Etranger'

14-02-2025T09:44:12 - [MESSAGE][PASSED] - Object: 'Object Repository/ANEF_Eloignement_V_Nawres/Page_Formulaire_Creation_Dossier/Formulaire_Creation_Dossier_Input/btn_Confirmer_Attribuer_Numero_Etranger' is clicked on

14-02-2025T09:44:12 - [TEST_STEP][PASSED] - NumeroEtrangerGenere = getText(findTestObject("Object Repository/ANEF_Eloignement_V_Nawres/Page_Formulaire_Creation_Dossier/Formulaire_Creation_Dossier_Input/p_Numero_Etranger_Genere")): Text of object 'Object Repository/ANEF_Eloignement_V_Nawres/Page_Formulaire_Creation_Dossier/Formulaire_Creation_Dossier_Input/p_Numero_Etranger_Genere' is: '-'

14-02-2025T09:44:12 - [MESSAGE][INFO] - Finding Test Object 'Object Repository/ANEF_Eloignement_V_Nawres/Page_Formulaire_Creation_Dossier/Formulaire_Creation_Dossier_Input/p_Numero_Etranger_Genere'

14-02-2025T09:44:12 - [MESSAGE][INFO] - Checking object

14-02-2025T09:44:12 - [MESSAGE][INFO] - Finding web element from Test Object's properties

14-02-2025T09:44:12 - [MESSAGE][INFO] - Checking timeout

14-02-2025T09:44:12 - [MESSAGE][INFO] - Finding web element with id: 'Object Repository/ANEF_Eloignement_V_Nawres/Page_Formulaire_Creation_Dossier/Formulaire_Creation_Dossier_Input/p_Numero_Etranger_Genere' located by 'By.xpath: /html/body/app-root/app-layout-borderless//div/app-prise-mesure/div/app-dsfr-onglet-tab//div/app-fiche-etranger//div/section[2]/div/div/div[1]/p[text()]' in '100' second(s)

14-02-2025T09:44:12 - [MESSAGE][INFO] - Found 1 web elements with id: 'Object Repository/ANEF_Eloignement_V_Nawres/Page_Formulaire_Creation_Dossier/Formulaire_Creation_Dossier_Input/p_Numero_Etranger_Genere' located by 'By.xpath: /html/body/app-root/app-layout-borderless//div/app-prise-mesure/div/app-dsfr-onglet-tab//div/app-fiche-etranger//div/section[2]/div/div/div[1]/p[text()]' in '100' second(s)

14-02-2025T09:44:12 - [MESSAGE][INFO] - Getting text of object 'Object Repository/ANEF_Eloignement_V_Nawres/Page_Formulaire_Creation_Dossier/Formulaire_Creation_Dossier_Input/p_Numero_Etranger_Genere'

14-02-2025T09:44:12 - [MESSAGE][PASSED] - Text of object 'Object Repository/ANEF_Eloignement_V_Nawres/Page_Formulaire_Creation_Dossier/Formulaire_Creation_Dossier_Input/p_Numero_Etranger_Genere' is: '-'

14-02-2025T09:44:12 - [TEST_STEP][PASSED] - NumeroEtranger = NumeroEtrangerGenere: null

14-02-2025T09:44:12 - [TEST_STEP][PASSED] - println(NumeroEtrangerGenere): null

14-02-2025T09:44:12 - [TEST_STEP][PASSED] - println(NumeroEtranger): null

14-02-2025T09:44:12 - [MESSAGE][PASSED] - Call Test Case 'Test Cases/Test Reutilisable/Main/ANEF_Eloignement_V_Nawres/ANEF_Formulaire_Creation_Dossier' successfully

14-02-2025T09:44:12 - [TEST_STEP][PASSED] - println(NumeroEtranger): null

14-02-2025T09:44:12 - [TEST_STEP][PASSED] - callTestCase(findTestCase("Test Cases/Test Reutilisable/Main/ANEF_Eloignement_V_Nawres/ANEF_Prendre_Mesure"), ["Mesure":Mesure, "FondementLegal":FondementLegal, "NatureDeLacteExpulsion":NatureDeLacteExpulsion, "NatureDeLacteExpulsion":NatureDeLacteExpulsion, ... ], STOP_ON_FAILURE): Call Test Case 'Test Cases/Test Reutilisable/Main/ANEF_Eloignement_V_Nawres/ANEF_Prendre_Mesure' successfully

14-02-2025T09:44:12 - [MESSAGE][INFO] - Checking called Test Case

14-02-2025T09:44:12 - [MESSAGE][INFO] - Starting to call Test Case 'Test Cases/Test Reutilisable/Main/ANEF_Eloignement_V_Nawres/ANEF_Prendre_Mesure'

14-02-2025T09:44:12 - [TEST_CASE][PASSED] - Test Cases/Test Reutilisable/Main/ANEF_Eloignement_V_Nawres/ANEF_Prendre_Mesure: Test Cases/Test Reutilisable/Main/ANEF_Eloignement_V_Nawres/ANEF_Prendre_Mesure

14-02-2025T09:44:12 - [TEST_STEP][PASSED] - click(findTestObject("Object Repository/ANEF_Eloignement_V_Nawres/Page_Prendre_Mesure/btn_Prendre_Mesure"), STOP_ON_FAILURE): Object: 'Object Repository/ANEF_Eloignement_V_Nawres/Page_Prendre_Mesure/btn_Prendre_Mesure' is clicked on

14-02-2025T09:44:12 - [MESSAGE][INFO] - Finding Test Object 'Object Repository/ANEF_Eloignement_V_Nawres/Page_Prendre_Mesure/btn_Prendre_Mesure'

14-02-2025T09:44:12 - [MESSAGE][INFO] - Checking timeout

14-02-2025T09:44:12 - [MESSAGE][INFO] - Finding web element with id: 'Object Repository/ANEF_Eloignement_V_Nawres/Page_Prendre_Mesure/btn_Prendre_Mesure' located by 'By.xpath: //button[@title="Prendre une Mesure"]' in '20' second(s)

14-02-2025T09:44:12 - [MESSAGE][INFO] - Found 1 web elements with id: 'Object Repository/ANEF_Eloignement_V_Nawres/Page_Prendre_Mesure/btn_Prendre_Mesure' located by 'By.xpath: //button[@title="Prendre une Mesure"]' in '20' second(s)

14-02-2025T09:44:12 - [MESSAGE][INFO] - Checking object

14-02-2025T09:44:12 - [MESSAGE][INFO] - Checking timeout

14-02-2025T09:44:12 - [MESSAGE][INFO] - Finding web element from Test Object's properties

14-02-2025T09:44:12 - [MESSAGE][INFO] - Checking timeout

14-02-2025T09:44:12 - [MESSAGE][INFO] - Finding web element with id: 'Object Repository/ANEF_Eloignement_V_Nawres/Page_Prendre_Mesure/btn_Prendre_Mesure' located by 'By.xpath: //button[@title="Prendre une Mesure"]' in '100' second(s)

14-02-2025T09:44:12 - [MESSAGE][INFO] - Found 1 web elements with id: 'Object Repository/ANEF_Eloignement_V_Nawres/Page_Prendre_Mesure/btn_Prendre_Mesure' located by 'By.xpath: //button[@title="Prendre une Mesure"]' in '100' second(s)

14-02-2025T09:44:12 - [MESSAGE][INFO] - Clicking on object: 'Object Repository/ANEF_Eloignement_V_Nawres/Page_Prendre_Mesure/btn_Prendre_Mesure'

14-02-2025T09:44:13 - [MESSAGE][PASSED] - Object: 'Object Repository/ANEF_Eloignement_V_Nawres/Page_Prendre_Mesure/btn_Prendre_Mesure' is clicked on

14-02-2025T09:44:13 - [TEST_STEP][PASSED] - delay(5): Delayed 5 second(s)

14-02-2025T09:44:13 - [MESSAGE][INFO] - Delaying browser in 5 second(s)

14-02-2025T09:44:18 - [MESSAGE][PASSED] - Delayed 5 second(s)

14-02-2025T09:44:18 - [TEST_STEP][PASSED] - switch (Mesure): null

14-02-2025T09:44:18 - [TEST_STEP][PASSED] - case "TransfertDublin":: Object 'Object Repository/ANEF_Eloignement_V_Nawres/Page_Prendre_Mesure/btn_Supprimer_Fiche_Mesure' is present

14-02-2025T09:44:18 - [TEST_STEP][PASSED] - selectOptionByLabel(findTestObject("Object Repository/ANEF_Eloignement_V_Nawres/Page_Prendre_Mesure/select_Type_Mesure"), "Transfert Dublin", false, STOP_ON_FAILURE): All options with label 'Transfert Dublin' are selected in object 'Object Repository/ANEF_Eloignement_V_Nawres/Page_Prendre_Mesure/select_Type_Mesure' 

14-02-2025T09:44:18 - [MESSAGE][INFO] - Finding Test Object 'Object Repository/ANEF_Eloignement_V_Nawres/Page_Prendre_Mesure/select_Type_Mesure'

14-02-2025T09:44:18 - [MESSAGE][INFO] - Checking timeout

14-02-2025T09:44:18 - [MESSAGE][INFO] - Finding web element with id: 'Object Repository/ANEF_Eloignement_V_Nawres/Page_Prendre_Mesure/select_Type_Mesure' located by 'By.xpath: //select[@id="typeMesure"]' in '20' second(s)

14-02-2025T09:44:18 - [MESSAGE][INFO] - Found 1 web elements with id: 'Object Repository/ANEF_Eloignement_V_Nawres/Page_Prendre_Mesure/select_Type_Mesure' located by 'By.xpath: //select[@id="typeMesure"]' in '20' second(s)

14-02-2025T09:44:18 - [MESSAGE][INFO] - Checking object

14-02-2025T09:44:18 - [MESSAGE][INFO] - Checking label parameter

14-02-2025T09:44:18 - [MESSAGE][INFO] - Finding web element from Test Object's properties

14-02-2025T09:44:18 - [MESSAGE][INFO] - Checking timeout

14-02-2025T09:44:18 - [MESSAGE][INFO] - Finding web element with id: 'Object Repository/ANEF_Eloignement_V_Nawres/Page_Prendre_Mesure/select_Type_Mesure' located by 'By.xpath: //select[@id="typeMesure"]' in '100' second(s)

14-02-2025T09:44:18 - [MESSAGE][INFO] - Found 1 web elements with id: 'Object Repository/ANEF_Eloignement_V_Nawres/Page_Prendre_Mesure/select_Type_Mesure' located by 'By.xpath: //select[@id="typeMesure"]' in '100' second(s)

14-02-2025T09:44:18 - [MESSAGE][INFO] - Selecting options on object 'Object Repository/ANEF_Eloignement_V_Nawres/Page_Prendre_Mesure/select_Type_Mesure' with label 'Transfert Dublin' 

14-02-2025T09:44:19 - [MESSAGE][PASSED] - All options with label 'Transfert Dublin' are selected in object 'Object Repository/ANEF_Eloignement_V_Nawres/Page_Prendre_Mesure/select_Type_Mesure' 

14-02-2025T09:44:19 - [TEST_STEP][PASSED] - click(findTestObject("Object Repository/ANEF_Eloignement_V_Nawres/Page_Prendre_Mesure/btn_Confirmer_Mesure"), STOP_ON_FAILURE): Object: 'Object Repository/ANEF_Eloignement_V_Nawres/Page_Prendre_Mesure/btn_Confirmer_Mesure' is clicked on

14-02-2025T09:44:19 - [MESSAGE][INFO] - Finding Test Object 'Object Repository/ANEF_Eloignement_V_Nawres/Page_Prendre_Mesure/btn_Confirmer_Mesure'

14-02-2025T09:44:19 - [MESSAGE][INFO] - Checking timeout

14-02-2025T09:44:19 - [MESSAGE][INFO] - Finding web element with id: 'Object Repository/ANEF_Eloignement_V_Nawres/Page_Prendre_Mesure/btn_Confirmer_Mesure' located by 'By.xpath: //button[@id="btn-confirme-decision"]' in '20' second(s)

14-02-2025T09:44:19 - [MESSAGE][INFO] - Found 1 web elements with id: 'Object Repository/ANEF_Eloignement_V_Nawres/Page_Prendre_Mesure/btn_Confirmer_Mesure' located by 'By.xpath: //button[@id="btn-confirme-decision"]' in '20' second(s)

14-02-2025T09:44:19 - [MESSAGE][INFO] - Checking object

14-02-2025T09:44:19 - [MESSAGE][INFO] - Checking timeout

14-02-2025T09:44:19 - [MESSAGE][INFO] - Finding web element from Test Object's properties

14-02-2025T09:44:19 - [MESSAGE][INFO] - Checking timeout

14-02-2025T09:44:19 - [MESSAGE][INFO] - Finding web element with id: 'Object Repository/ANEF_Eloignement_V_Nawres/Page_Prendre_Mesure/btn_Confirmer_Mesure' located by 'By.xpath: //button[@id="btn-confirme-decision"]' in '100' second(s)

14-02-2025T09:44:19 - [MESSAGE][INFO] - Found 1 web elements with id: 'Object Repository/ANEF_Eloignement_V_Nawres/Page_Prendre_Mesure/btn_Confirmer_Mesure' located by 'By.xpath: //button[@id="btn-confirme-decision"]' in '100' second(s)

14-02-2025T09:44:19 - [MESSAGE][INFO] - Clicking on object: 'Object Repository/ANEF_Eloignement_V_Nawres/Page_Prendre_Mesure/btn_Confirmer_Mesure'

14-02-2025T09:44:20 - [MESSAGE][PASSED] - Object: 'Object Repository/ANEF_Eloignement_V_Nawres/Page_Prendre_Mesure/btn_Confirmer_Mesure' is clicked on

14-02-2025T09:44:20 - [TEST_STEP][PASSED] - verifyElementPresent(findTestObject("Object Repository/ANEF_Eloignement_V_Nawres/Page_Prendre_Mesure/btn_Supprimer_Fiche_Mesure"), 2, STOP_ON_FAILURE): Object 'Object Repository/ANEF_Eloignement_V_Nawres/Page_Prendre_Mesure/btn_Supprimer_Fiche_Mesure' is present

14-02-2025T09:44:20 - [MESSAGE][INFO] - Finding Test Object 'Object Repository/ANEF_Eloignement_V_Nawres/Page_Prendre_Mesure/btn_Supprimer_Fiche_Mesure'

14-02-2025T09:44:20 - [MESSAGE][INFO] - Checking object

14-02-2025T09:44:20 - [MESSAGE][INFO] - Finding web element from Test Object's properties

14-02-2025T09:44:20 - [MESSAGE][INFO] - Checking timeout

14-02-2025T09:44:20 - [MESSAGE][INFO] - Finding web element with id: 'Object Repository/ANEF_Eloignement_V_Nawres/Page_Prendre_Mesure/btn_Supprimer_Fiche_Mesure' located by 'By.xpath: //button[@title="Supprimer une Mesure"]' in '2' second(s)

14-02-2025T09:44:22 - [MESSAGE][INFO] - Found 1 web elements with id: 'Object Repository/ANEF_Eloignement_V_Nawres/Page_Prendre_Mesure/btn_Supprimer_Fiche_Mesure' located by 'By.xpath: //button[@title="Supprimer une Mesure"]' in '2' second(s)

14-02-2025T09:44:22 - [MESSAGE][PASSED] - Object 'Object Repository/ANEF_Eloignement_V_Nawres/Page_Prendre_Mesure/btn_Supprimer_Fiche_Mesure' is present

14-02-2025T09:44:22 - [TEST_STEP][PASSED] - Default: null

14-02-2025T09:44:22 - [TEST_STEP][PASSED] - break: null

14-02-2025T09:44:22 - [TEST_STEP][PASSED] - callTestCase(findTestCase("Test Cases/Test Reutilisable/Main/ANEF_Eloignement_V_Nawres/ANEF_Prendre_Mesure_Formulaire"), ["Mesure":Mesure, "FondementLegal":FondementLegal, "NatureDeLacteExpulsion":NatureDeLacteExpulsion, "UrgenceAbsolueExpulsion":UrgenceAbsolueExpulsion, ... ], STOP_ON_FAILURE): Call Test Case 'Test Cases/Test Reutilisable/Main/ANEF_Eloignement_V_Nawres/ANEF_Prendre_Mesure_Formulaire' successfully

14-02-2025T09:44:22 - [MESSAGE][INFO] - Checking called Test Case

14-02-2025T09:44:22 - [MESSAGE][INFO] - Starting to call Test Case 'Test Cases/Test Reutilisable/Main/ANEF_Eloignement_V_Nawres/ANEF_Prendre_Mesure_Formulaire'

14-02-2025T09:44:22 - [TEST_CASE][PASSED] - Test Cases/Test Reutilisable/Main/ANEF_Eloignement_V_Nawres/ANEF_Prendre_Mesure_Formulaire: Test Cases/Test Reutilisable/Main/ANEF_Eloignement_V_Nawres/ANEF_Prendre_Mesure_Formulaire

14-02-2025T09:44:22 - [TEST_STEP][PASSED] - calendar = Calendar.getInstance(): null

14-02-2025T09:44:22 - [TEST_STEP][PASSED] - currentDate = calendar.getTime(): null

14-02-2025T09:44:22 - [TEST_STEP][PASSED] - sdf = new java.text.SimpleDateFormat(dd/MM/yyyy): null

14-02-2025T09:44:22 - [TEST_STEP][PASSED] - formattedDate = sdf.format(currentDate): null

14-02-2025T09:44:22 - [TEST_STEP][PASSED] - DateActuelle = formattedDate.toString(): null

14-02-2025T09:44:22 - [TEST_STEP][PASSED] - println(DateActuelle): null

14-02-2025T09:44:22 - [TEST_STEP][PASSED] - if (Mesure != "ITF"): null

14-02-2025T09:44:22 - [TEST_STEP][PASSED] - selectOptionByLabel(findTestObject("Object Repository/ANEF_Eloignement_V_Nawres/Page_Prendre_Mesure_Formulaire/select_Fondement_Legal"), FondementLegal, false, STOP_ON_FAILURE): All options with label 'L. 572-1' are selected in object 'Object Repository/ANEF_Eloignement_V_Nawres/Page_Prendre_Mesure_Formulaire/select_Fondement_Legal' 

14-02-2025T09:44:22 - [MESSAGE][INFO] - Finding Test Object 'Object Repository/ANEF_Eloignement_V_Nawres/Page_Prendre_Mesure_Formulaire/select_Fondement_Legal'

14-02-2025T09:44:22 - [MESSAGE][INFO] - Checking timeout

14-02-2025T09:44:22 - [MESSAGE][INFO] - Finding web element with id: 'Object Repository/ANEF_Eloignement_V_Nawres/Page_Prendre_Mesure_Formulaire/select_Fondement_Legal' located by 'By.xpath: //select[@id="fondement_legal"]' in '20' second(s)

14-02-2025T09:44:22 - [MESSAGE][INFO] - Found 1 web elements with id: 'Object Repository/ANEF_Eloignement_V_Nawres/Page_Prendre_Mesure_Formulaire/select_Fondement_Legal' located by 'By.xpath: //select[@id="fondement_legal"]' in '20' second(s)

14-02-2025T09:44:22 - [MESSAGE][INFO] - Checking object

14-02-2025T09:44:22 - [MESSAGE][INFO] - Checking label parameter

14-02-2025T09:44:22 - [MESSAGE][INFO] - Finding web element from Test Object's properties

14-02-2025T09:44:22 - [MESSAGE][INFO] - Checking timeout

14-02-2025T09:44:22 - [MESSAGE][INFO] - Finding web element with id: 'Object Repository/ANEF_Eloignement_V_Nawres/Page_Prendre_Mesure_Formulaire/select_Fondement_Legal' located by 'By.xpath: //select[@id="fondement_legal"]' in '100' second(s)

14-02-2025T09:44:22 - [MESSAGE][INFO] - Found 1 web elements with id: 'Object Repository/ANEF_Eloignement_V_Nawres/Page_Prendre_Mesure_Formulaire/select_Fondement_Legal' located by 'By.xpath: //select[@id="fondement_legal"]' in '100' second(s)

14-02-2025T09:44:22 - [MESSAGE][INFO] - Selecting options on object 'Object Repository/ANEF_Eloignement_V_Nawres/Page_Prendre_Mesure_Formulaire/select_Fondement_Legal' with label 'L. 572-1' 

14-02-2025T09:44:22 - [MESSAGE][PASSED] - All options with label 'L. 572-1' are selected in object 'Object Repository/ANEF_Eloignement_V_Nawres/Page_Prendre_Mesure_Formulaire/select_Fondement_Legal' 

14-02-2025T09:44:22 - [TEST_STEP][PASSED] - if (Mesure == "Expulsion"): null

14-02-2025T09:44:22 - [TEST_STEP][PASSED] - NumberUsagerRandom = tools.MyStringTools.getRandomNumber(10, 99): tools.MyStringTools.getRandomNumber is PASSED

14-02-2025T09:44:22 - [MESSAGE][PASSED] - tools.MyStringTools.getRandomNumber is PASSED

14-02-2025T09:44:22 - [TEST_STEP][PASSED] - println(NumberUsagerRandom): null

14-02-2025T09:44:22 - [TEST_STEP][PASSED] - RandomNumber = NumberUsagerRandom.toString(): null

14-02-2025T09:44:22 - [TEST_STEP][PASSED] - if (Mesure == "OQTF"): null

14-02-2025T09:44:22 - [TEST_STEP][PASSED] - if (Mesure == "RemiseSchengen"): null

14-02-2025T09:44:22 - [TEST_STEP][PASSED] - RandomNumber = tools.MyStringTools.getRandomNumber(1, 30): tools.MyStringTools.getRandomNumber is PASSED

14-02-2025T09:44:22 - [MESSAGE][PASSED] - tools.MyStringTools.getRandomNumber is PASSED

14-02-2025T09:44:22 - [TEST_STEP][PASSED] - println(RandomNumber): null

14-02-2025T09:44:22 - [TEST_STEP][PASSED] - RandomNumberSelect = RandomNumber.toString(): null

14-02-2025T09:44:22 - [TEST_STEP][PASSED] - if (Mesure == "TransfertDublin"): Object: 'Object Repository/ANEF_Eloignement_V_Nawres/Page_Prendre_Mesure_Formulaire/btn_Enregistrer' is clicked on

14-02-2025T09:44:22 - [TEST_STEP][PASSED] - setText(findTestObject("Object Repository/ANEF_Eloignement_V_Nawres/Page_Prendre_Mesure_Formulaire/input_Date_Transmission_Requete"), DateActuelle, STOP_ON_FAILURE): Text '14/02/2025' is set on object 'Object Repository/ANEF_Eloignement_V_Nawres/Page_Prendre_Mesure_Formulaire/input_Date_Transmission_Requete'

14-02-2025T09:44:22 - [MESSAGE][INFO] - Finding Test Object 'Object Repository/ANEF_Eloignement_V_Nawres/Page_Prendre_Mesure_Formulaire/input_Date_Transmission_Requete'

14-02-2025T09:44:22 - [MESSAGE][INFO] - Checking timeout

14-02-2025T09:44:22 - [MESSAGE][INFO] - Finding web element with id: 'Object Repository/ANEF_Eloignement_V_Nawres/Page_Prendre_Mesure_Formulaire/input_Date_Transmission_Requete' located by 'By.xpath: //input[@id="date_transmission_requete"]' in '20' second(s)

14-02-2025T09:44:22 - [MESSAGE][INFO] - Found 1 web elements with id: 'Object Repository/ANEF_Eloignement_V_Nawres/Page_Prendre_Mesure_Formulaire/input_Date_Transmission_Requete' located by 'By.xpath: //input[@id="date_transmission_requete"]' in '20' second(s)

14-02-2025T09:44:22 - [MESSAGE][INFO] - Checking object

14-02-2025T09:44:22 - [MESSAGE][INFO] - Checking text

14-02-2025T09:44:22 - [MESSAGE][INFO] - Finding web element from Test Object's properties

14-02-2025T09:44:22 - [MESSAGE][INFO] - Checking timeout

14-02-2025T09:44:22 - [MESSAGE][INFO] - Finding web element with id: 'Object Repository/ANEF_Eloignement_V_Nawres/Page_Prendre_Mesure_Formulaire/input_Date_Transmission_Requete' located by 'By.xpath: //input[@id="date_transmission_requete"]' in '100' second(s)

14-02-2025T09:44:22 - [MESSAGE][INFO] - Found 1 web elements with id: 'Object Repository/ANEF_Eloignement_V_Nawres/Page_Prendre_Mesure_Formulaire/input_Date_Transmission_Requete' located by 'By.xpath: //input[@id="date_transmission_requete"]' in '100' second(s)

14-02-2025T09:44:22 - [MESSAGE][INFO] - Clearing text of object 'Object Repository/ANEF_Eloignement_V_Nawres/Page_Prendre_Mesure_Formulaire/input_Date_Transmission_Requete'

14-02-2025T09:44:23 - [MESSAGE][INFO] - Finding web element from Test Object's properties

14-02-2025T09:44:23 - [MESSAGE][INFO] - Checking timeout

14-02-2025T09:44:23 - [MESSAGE][INFO] - Finding web element with id: 'Object Repository/ANEF_Eloignement_V_Nawres/Page_Prendre_Mesure_Formulaire/input_Date_Transmission_Requete' located by 'By.xpath: //input[@id="date_transmission_requete"]' in '100' second(s)

14-02-2025T09:44:23 - [MESSAGE][INFO] - Found 1 web elements with id: 'Object Repository/ANEF_Eloignement_V_Nawres/Page_Prendre_Mesure_Formulaire/input_Date_Transmission_Requete' located by 'By.xpath: //input[@id="date_transmission_requete"]' in '100' second(s)

14-02-2025T09:44:23 - [MESSAGE][INFO] - Setting text of object 'Object Repository/ANEF_Eloignement_V_Nawres/Page_Prendre_Mesure_Formulaire/input_Date_Transmission_Requete' to value '14/02/2025'

14-02-2025T09:44:24 - [MESSAGE][PASSED] - Text '14/02/2025' is set on object 'Object Repository/ANEF_Eloignement_V_Nawres/Page_Prendre_Mesure_Formulaire/input_Date_Transmission_Requete'

14-02-2025T09:44:24 - [TEST_STEP][PASSED] - selectOptionByIndex(findTestObject("Object Repository/ANEF_Eloignement_V_Nawres/Page_Prendre_Mesure_Formulaire/select_Etat_Requis"), RandomNumberSelect, STOP_ON_FAILURE): All options with index in [23] are selected on object 'Object Repository/ANEF_Eloignement_V_Nawres/Page_Prendre_Mesure_Formulaire/select_Etat_Requis'

14-02-2025T09:44:24 - [MESSAGE][INFO] - Finding Test Object 'Object Repository/ANEF_Eloignement_V_Nawres/Page_Prendre_Mesure_Formulaire/select_Etat_Requis'

14-02-2025T09:44:24 - [MESSAGE][INFO] - Checking timeout

14-02-2025T09:44:24 - [MESSAGE][INFO] - Finding web element with id: 'Object Repository/ANEF_Eloignement_V_Nawres/Page_Prendre_Mesure_Formulaire/select_Etat_Requis' located by 'By.xpath: //select[@name="pays"]' in '20' second(s)

14-02-2025T09:44:24 - [MESSAGE][INFO] - Found 1 web elements with id: 'Object Repository/ANEF_Eloignement_V_Nawres/Page_Prendre_Mesure_Formulaire/select_Etat_Requis' located by 'By.xpath: //select[@name="pays"]' in '20' second(s)

14-02-2025T09:44:24 - [MESSAGE][INFO] - Checking object

14-02-2025T09:44:24 - [MESSAGE][INFO] - Checking index range

14-02-2025T09:44:24 - [MESSAGE][INFO] - Converting range parameter '23' to index array

14-02-2025T09:44:24 - [MESSAGE][INFO] - Range parameter '23' is converted to index array [23]

14-02-2025T09:44:24 - [MESSAGE][INFO] - Finding web element from Test Object's properties

14-02-2025T09:44:24 - [MESSAGE][INFO] - Checking timeout

14-02-2025T09:44:24 - [MESSAGE][INFO] - Finding web element with id: 'Object Repository/ANEF_Eloignement_V_Nawres/Page_Prendre_Mesure_Formulaire/select_Etat_Requis' located by 'By.xpath: //select[@name="pays"]' in '100' second(s)

14-02-2025T09:44:24 - [MESSAGE][INFO] - Found 1 web elements with id: 'Object Repository/ANEF_Eloignement_V_Nawres/Page_Prendre_Mesure_Formulaire/select_Etat_Requis' located by 'By.xpath: //select[@name="pays"]' in '100' second(s)

14-02-2025T09:44:24 - [MESSAGE][INFO] - Checking index parameters

14-02-2025T09:44:24 - [MESSAGE][INFO] - Selecting options on object 'Object Repository/ANEF_Eloignement_V_Nawres/Page_Prendre_Mesure_Formulaire/select_Etat_Requis' with index in [23]

14-02-2025T09:44:26 - [MESSAGE][INFO] - Option with index 23 is selected

14-02-2025T09:44:26 - [MESSAGE][PASSED] - All options with index in [23] are selected on object 'Object Repository/ANEF_Eloignement_V_Nawres/Page_Prendre_Mesure_Formulaire/select_Etat_Requis'

14-02-2025T09:44:26 - [TEST_STEP][PASSED] - setText(findTestObject("Object Repository/ANEF_Eloignement_V_Nawres/Page_Prendre_Mesure_Formulaire/input_Date_Reponse_Etat_Requis"), DateActuelle, STOP_ON_FAILURE): Text '14/02/2025' is set on object 'Object Repository/ANEF_Eloignement_V_Nawres/Page_Prendre_Mesure_Formulaire/input_Date_Reponse_Etat_Requis'

14-02-2025T09:44:26 - [MESSAGE][INFO] - Finding Test Object 'Object Repository/ANEF_Eloignement_V_Nawres/Page_Prendre_Mesure_Formulaire/input_Date_Reponse_Etat_Requis'

14-02-2025T09:44:26 - [MESSAGE][INFO] - Checking timeout

14-02-2025T09:44:26 - [MESSAGE][INFO] - Finding web element with id: 'Object Repository/ANEF_Eloignement_V_Nawres/Page_Prendre_Mesure_Formulaire/input_Date_Reponse_Etat_Requis' located by 'By.xpath: //input[@id="date_reponse"]' in '20' second(s)

14-02-2025T09:44:26 - [MESSAGE][INFO] - Found 1 web elements with id: 'Object Repository/ANEF_Eloignement_V_Nawres/Page_Prendre_Mesure_Formulaire/input_Date_Reponse_Etat_Requis' located by 'By.xpath: //input[@id="date_reponse"]' in '20' second(s)

14-02-2025T09:44:26 - [MESSAGE][INFO] - Checking object

14-02-2025T09:44:26 - [MESSAGE][INFO] - Checking text

14-02-2025T09:44:26 - [MESSAGE][INFO] - Finding web element from Test Object's properties

14-02-2025T09:44:26 - [MESSAGE][INFO] - Checking timeout

14-02-2025T09:44:26 - [MESSAGE][INFO] - Finding web element with id: 'Object Repository/ANEF_Eloignement_V_Nawres/Page_Prendre_Mesure_Formulaire/input_Date_Reponse_Etat_Requis' located by 'By.xpath: //input[@id="date_reponse"]' in '100' second(s)

14-02-2025T09:44:26 - [MESSAGE][INFO] - Found 1 web elements with id: 'Object Repository/ANEF_Eloignement_V_Nawres/Page_Prendre_Mesure_Formulaire/input_Date_Reponse_Etat_Requis' located by 'By.xpath: //input[@id="date_reponse"]' in '100' second(s)

14-02-2025T09:44:26 - [MESSAGE][INFO] - Clearing text of object 'Object Repository/ANEF_Eloignement_V_Nawres/Page_Prendre_Mesure_Formulaire/input_Date_Reponse_Etat_Requis'

14-02-2025T09:44:27 - [MESSAGE][INFO] - Finding web element from Test Object's properties

14-02-2025T09:44:27 - [MESSAGE][INFO] - Checking timeout

14-02-2025T09:44:27 - [MESSAGE][INFO] - Finding web element with id: 'Object Repository/ANEF_Eloignement_V_Nawres/Page_Prendre_Mesure_Formulaire/input_Date_Reponse_Etat_Requis' located by 'By.xpath: //input[@id="date_reponse"]' in '100' second(s)

14-02-2025T09:44:27 - [MESSAGE][INFO] - Found 1 web elements with id: 'Object Repository/ANEF_Eloignement_V_Nawres/Page_Prendre_Mesure_Formulaire/input_Date_Reponse_Etat_Requis' located by 'By.xpath: //input[@id="date_reponse"]' in '100' second(s)

14-02-2025T09:44:27 - [MESSAGE][INFO] - Setting text of object 'Object Repository/ANEF_Eloignement_V_Nawres/Page_Prendre_Mesure_Formulaire/input_Date_Reponse_Etat_Requis' to value '14/02/2025'

14-02-2025T09:44:28 - [MESSAGE][PASSED] - Text '14/02/2025' is set on object 'Object Repository/ANEF_Eloignement_V_Nawres/Page_Prendre_Mesure_Formulaire/input_Date_Reponse_Etat_Requis'

14-02-2025T09:44:28 - [TEST_STEP][PASSED] - selectOptionByLabel(findTestObject("Object Repository/ANEF_Eloignement_V_Nawres/Page_Prendre_Mesure_Formulaire/select_Decision_Etat_Requis"), DecisionEtatTransfertDublin, false, STOP_ON_FAILURE): All options with label 'Refus' are selected in object 'Object Repository/ANEF_Eloignement_V_Nawres/Page_Prendre_Mesure_Formulaire/select_Decision_Etat_Requis' 

14-02-2025T09:44:28 - [MESSAGE][INFO] - Finding Test Object 'Object Repository/ANEF_Eloignement_V_Nawres/Page_Prendre_Mesure_Formulaire/select_Decision_Etat_Requis'

14-02-2025T09:44:28 - [MESSAGE][INFO] - Checking timeout

14-02-2025T09:44:28 - [MESSAGE][INFO] - Finding web element with id: 'Object Repository/ANEF_Eloignement_V_Nawres/Page_Prendre_Mesure_Formulaire/select_Decision_Etat_Requis' located by 'By.xpath: //select[@name="decision"]' in '20' second(s)

14-02-2025T09:44:28 - [MESSAGE][INFO] - Found 1 web elements with id: 'Object Repository/ANEF_Eloignement_V_Nawres/Page_Prendre_Mesure_Formulaire/select_Decision_Etat_Requis' located by 'By.xpath: //select[@name="decision"]' in '20' second(s)

14-02-2025T09:44:28 - [MESSAGE][INFO] - Checking object

14-02-2025T09:44:28 - [MESSAGE][INFO] - Checking label parameter

14-02-2025T09:44:28 - [MESSAGE][INFO] - Finding web element from Test Object's properties

14-02-2025T09:44:28 - [MESSAGE][INFO] - Checking timeout

14-02-2025T09:44:28 - [MESSAGE][INFO] - Finding web element with id: 'Object Repository/ANEF_Eloignement_V_Nawres/Page_Prendre_Mesure_Formulaire/select_Decision_Etat_Requis' located by 'By.xpath: //select[@name="decision"]' in '100' second(s)

14-02-2025T09:44:28 - [MESSAGE][INFO] - Found 1 web elements with id: 'Object Repository/ANEF_Eloignement_V_Nawres/Page_Prendre_Mesure_Formulaire/select_Decision_Etat_Requis' located by 'By.xpath: //select[@name="decision"]' in '100' second(s)

14-02-2025T09:44:28 - [MESSAGE][INFO] - Selecting options on object 'Object Repository/ANEF_Eloignement_V_Nawres/Page_Prendre_Mesure_Formulaire/select_Decision_Etat_Requis' with label 'Refus' 

14-02-2025T09:44:29 - [MESSAGE][PASSED] - All options with label 'Refus' are selected in object 'Object Repository/ANEF_Eloignement_V_Nawres/Page_Prendre_Mesure_Formulaire/select_Decision_Etat_Requis' 

14-02-2025T09:44:29 - [TEST_STEP][PASSED] - setText(findTestObject("Object Repository/ANEF_Eloignement_V_Nawres/Page_Prendre_Mesure_Formulaire/input_Date_Fin_Validite"), DateActuelle, STOP_ON_FAILURE): Text '14/02/2025' is set on object 'Object Repository/ANEF_Eloignement_V_Nawres/Page_Prendre_Mesure_Formulaire/input_Date_Fin_Validite'

14-02-2025T09:44:29 - [MESSAGE][INFO] - Finding Test Object 'Object Repository/ANEF_Eloignement_V_Nawres/Page_Prendre_Mesure_Formulaire/input_Date_Fin_Validite'

14-02-2025T09:44:29 - [MESSAGE][INFO] - Checking timeout

14-02-2025T09:44:29 - [MESSAGE][INFO] - Finding web element with id: 'Object Repository/ANEF_Eloignement_V_Nawres/Page_Prendre_Mesure_Formulaire/input_Date_Fin_Validite' located by 'By.xpath: //input[@id="date_fin_validite"]' in '20' second(s)

14-02-2025T09:44:29 - [MESSAGE][INFO] - Found 1 web elements with id: 'Object Repository/ANEF_Eloignement_V_Nawres/Page_Prendre_Mesure_Formulaire/input_Date_Fin_Validite' located by 'By.xpath: //input[@id="date_fin_validite"]' in '20' second(s)

14-02-2025T09:44:29 - [MESSAGE][INFO] - Checking object

14-02-2025T09:44:29 - [MESSAGE][INFO] - Checking text

14-02-2025T09:44:29 - [MESSAGE][INFO] - Finding web element from Test Object's properties

14-02-2025T09:44:29 - [MESSAGE][INFO] - Checking timeout

14-02-2025T09:44:29 - [MESSAGE][INFO] - Finding web element with id: 'Object Repository/ANEF_Eloignement_V_Nawres/Page_Prendre_Mesure_Formulaire/input_Date_Fin_Validite' located by 'By.xpath: //input[@id="date_fin_validite"]' in '100' second(s)

14-02-2025T09:44:29 - [MESSAGE][INFO] - Found 1 web elements with id: 'Object Repository/ANEF_Eloignement_V_Nawres/Page_Prendre_Mesure_Formulaire/input_Date_Fin_Validite' located by 'By.xpath: //input[@id="date_fin_validite"]' in '100' second(s)

14-02-2025T09:44:29 - [MESSAGE][INFO] - Clearing text of object 'Object Repository/ANEF_Eloignement_V_Nawres/Page_Prendre_Mesure_Formulaire/input_Date_Fin_Validite'

14-02-2025T09:44:30 - [MESSAGE][INFO] - Finding web element from Test Object's properties

14-02-2025T09:44:30 - [MESSAGE][INFO] - Checking timeout

14-02-2025T09:44:30 - [MESSAGE][INFO] - Finding web element with id: 'Object Repository/ANEF_Eloignement_V_Nawres/Page_Prendre_Mesure_Formulaire/input_Date_Fin_Validite' located by 'By.xpath: //input[@id="date_fin_validite"]' in '100' second(s)

14-02-2025T09:44:30 - [MESSAGE][INFO] - Found 1 web elements with id: 'Object Repository/ANEF_Eloignement_V_Nawres/Page_Prendre_Mesure_Formulaire/input_Date_Fin_Validite' located by 'By.xpath: //input[@id="date_fin_validite"]' in '100' second(s)

14-02-2025T09:44:30 - [MESSAGE][INFO] - Setting text of object 'Object Repository/ANEF_Eloignement_V_Nawres/Page_Prendre_Mesure_Formulaire/input_Date_Fin_Validite' to value '14/02/2025'

14-02-2025T09:44:31 - [MESSAGE][PASSED] - Text '14/02/2025' is set on object 'Object Repository/ANEF_Eloignement_V_Nawres/Page_Prendre_Mesure_Formulaire/input_Date_Fin_Validite'

14-02-2025T09:44:31 - [TEST_STEP][PASSED] - setText(findTestObject("Object Repository/ANEF_Eloignement_V_Nawres/Page_Prendre_Mesure_Formulaire/input_Date_Demande_Reexamen"), DateActuelle, STOP_ON_FAILURE): Text '14/02/2025' is set on object 'Object Repository/ANEF_Eloignement_V_Nawres/Page_Prendre_Mesure_Formulaire/input_Date_Demande_Reexamen'

14-02-2025T09:44:31 - [MESSAGE][INFO] - Finding Test Object 'Object Repository/ANEF_Eloignement_V_Nawres/Page_Prendre_Mesure_Formulaire/input_Date_Demande_Reexamen'

14-02-2025T09:44:31 - [MESSAGE][INFO] - Checking timeout

14-02-2025T09:44:31 - [MESSAGE][INFO] - Finding web element with id: 'Object Repository/ANEF_Eloignement_V_Nawres/Page_Prendre_Mesure_Formulaire/input_Date_Demande_Reexamen' located by 'By.xpath: //input[@id="date_demande_reexamen"]' in '20' second(s)

14-02-2025T09:44:31 - [MESSAGE][INFO] - Found 1 web elements with id: 'Object Repository/ANEF_Eloignement_V_Nawres/Page_Prendre_Mesure_Formulaire/input_Date_Demande_Reexamen' located by 'By.xpath: //input[@id="date_demande_reexamen"]' in '20' second(s)

14-02-2025T09:44:31 - [MESSAGE][INFO] - Checking object

14-02-2025T09:44:31 - [MESSAGE][INFO] - Checking text

14-02-2025T09:44:31 - [MESSAGE][INFO] - Finding web element from Test Object's properties

14-02-2025T09:44:31 - [MESSAGE][INFO] - Checking timeout

14-02-2025T09:44:31 - [MESSAGE][INFO] - Finding web element with id: 'Object Repository/ANEF_Eloignement_V_Nawres/Page_Prendre_Mesure_Formulaire/input_Date_Demande_Reexamen' located by 'By.xpath: //input[@id="date_demande_reexamen"]' in '100' second(s)

14-02-2025T09:44:31 - [MESSAGE][INFO] - Found 1 web elements with id: 'Object Repository/ANEF_Eloignement_V_Nawres/Page_Prendre_Mesure_Formulaire/input_Date_Demande_Reexamen' located by 'By.xpath: //input[@id="date_demande_reexamen"]' in '100' second(s)

14-02-2025T09:44:31 - [MESSAGE][INFO] - Clearing text of object 'Object Repository/ANEF_Eloignement_V_Nawres/Page_Prendre_Mesure_Formulaire/input_Date_Demande_Reexamen'

14-02-2025T09:44:33 - [MESSAGE][INFO] - Finding web element from Test Object's properties

14-02-2025T09:44:33 - [MESSAGE][INFO] - Checking timeout

14-02-2025T09:44:33 - [MESSAGE][INFO] - Finding web element with id: 'Object Repository/ANEF_Eloignement_V_Nawres/Page_Prendre_Mesure_Formulaire/input_Date_Demande_Reexamen' located by 'By.xpath: //input[@id="date_demande_reexamen"]' in '100' second(s)

14-02-2025T09:44:33 - [MESSAGE][INFO] - Found 1 web elements with id: 'Object Repository/ANEF_Eloignement_V_Nawres/Page_Prendre_Mesure_Formulaire/input_Date_Demande_Reexamen' located by 'By.xpath: //input[@id="date_demande_reexamen"]' in '100' second(s)

14-02-2025T09:44:33 - [MESSAGE][INFO] - Setting text of object 'Object Repository/ANEF_Eloignement_V_Nawres/Page_Prendre_Mesure_Formulaire/input_Date_Demande_Reexamen' to value '14/02/2025'

14-02-2025T09:44:34 - [MESSAGE][PASSED] - Text '14/02/2025' is set on object 'Object Repository/ANEF_Eloignement_V_Nawres/Page_Prendre_Mesure_Formulaire/input_Date_Demande_Reexamen'

14-02-2025T09:44:34 - [TEST_STEP][PASSED] - setText(findTestObject("Object Repository/ANEF_Eloignement_V_Nawres/Page_Prendre_Mesure_Formulaire/input_Date_Decision_Transfert"), DateActuelle, STOP_ON_FAILURE): Text '14/02/2025' is set on object 'Object Repository/ANEF_Eloignement_V_Nawres/Page_Prendre_Mesure_Formulaire/input_Date_Decision_Transfert'

14-02-2025T09:44:34 - [MESSAGE][INFO] - Finding Test Object 'Object Repository/ANEF_Eloignement_V_Nawres/Page_Prendre_Mesure_Formulaire/input_Date_Decision_Transfert'

14-02-2025T09:44:34 - [MESSAGE][INFO] - Checking timeout

14-02-2025T09:44:34 - [MESSAGE][INFO] - Finding web element with id: 'Object Repository/ANEF_Eloignement_V_Nawres/Page_Prendre_Mesure_Formulaire/input_Date_Decision_Transfert' located by 'By.xpath: //input[@id="date_decision_transfert"]' in '20' second(s)

14-02-2025T09:44:34 - [MESSAGE][INFO] - Found 1 web elements with id: 'Object Repository/ANEF_Eloignement_V_Nawres/Page_Prendre_Mesure_Formulaire/input_Date_Decision_Transfert' located by 'By.xpath: //input[@id="date_decision_transfert"]' in '20' second(s)

14-02-2025T09:44:34 - [MESSAGE][INFO] - Checking object

14-02-2025T09:44:34 - [MESSAGE][INFO] - Checking text

14-02-2025T09:44:34 - [MESSAGE][INFO] - Finding web element from Test Object's properties

14-02-2025T09:44:34 - [MESSAGE][INFO] - Checking timeout

14-02-2025T09:44:34 - [MESSAGE][INFO] - Finding web element with id: 'Object Repository/ANEF_Eloignement_V_Nawres/Page_Prendre_Mesure_Formulaire/input_Date_Decision_Transfert' located by 'By.xpath: //input[@id="date_decision_transfert"]' in '100' second(s)

14-02-2025T09:44:34 - [MESSAGE][INFO] - Found 1 web elements with id: 'Object Repository/ANEF_Eloignement_V_Nawres/Page_Prendre_Mesure_Formulaire/input_Date_Decision_Transfert' located by 'By.xpath: //input[@id="date_decision_transfert"]' in '100' second(s)

14-02-2025T09:44:34 - [MESSAGE][INFO] - Clearing text of object 'Object Repository/ANEF_Eloignement_V_Nawres/Page_Prendre_Mesure_Formulaire/input_Date_Decision_Transfert'

14-02-2025T09:44:35 - [MESSAGE][INFO] - Finding web element from Test Object's properties

14-02-2025T09:44:35 - [MESSAGE][INFO] - Checking timeout

14-02-2025T09:44:35 - [MESSAGE][INFO] - Finding web element with id: 'Object Repository/ANEF_Eloignement_V_Nawres/Page_Prendre_Mesure_Formulaire/input_Date_Decision_Transfert' located by 'By.xpath: //input[@id="date_decision_transfert"]' in '100' second(s)

14-02-2025T09:44:35 - [MESSAGE][INFO] - Found 1 web elements with id: 'Object Repository/ANEF_Eloignement_V_Nawres/Page_Prendre_Mesure_Formulaire/input_Date_Decision_Transfert' located by 'By.xpath: //input[@id="date_decision_transfert"]' in '100' second(s)

14-02-2025T09:44:35 - [MESSAGE][INFO] - Setting text of object 'Object Repository/ANEF_Eloignement_V_Nawres/Page_Prendre_Mesure_Formulaire/input_Date_Decision_Transfert' to value '14/02/2025'

14-02-2025T09:44:36 - [MESSAGE][PASSED] - Text '14/02/2025' is set on object 'Object Repository/ANEF_Eloignement_V_Nawres/Page_Prendre_Mesure_Formulaire/input_Date_Decision_Transfert'

14-02-2025T09:44:36 - [TEST_STEP][PASSED] - selectOptionByIndex(findTestObject("Object Repository/ANEF_Eloignement_V_Nawres/Page_Prendre_Mesure_Formulaire/select_Etat_Transfert"), RandomNumberSelect, STOP_ON_FAILURE): All options with index in [23] are selected on object 'Object Repository/ANEF_Eloignement_V_Nawres/Page_Prendre_Mesure_Formulaire/select_Etat_Transfert'

14-02-2025T09:44:36 - [MESSAGE][INFO] - Finding Test Object 'Object Repository/ANEF_Eloignement_V_Nawres/Page_Prendre_Mesure_Formulaire/select_Etat_Transfert'

14-02-2025T09:44:36 - [MESSAGE][INFO] - Checking timeout

14-02-2025T09:44:36 - [MESSAGE][INFO] - Finding web element with id: 'Object Repository/ANEF_Eloignement_V_Nawres/Page_Prendre_Mesure_Formulaire/select_Etat_Transfert' located by 'By.xpath: //select[@id="etat_transfert"]' in '20' second(s)

14-02-2025T09:44:36 - [MESSAGE][INFO] - Found 1 web elements with id: 'Object Repository/ANEF_Eloignement_V_Nawres/Page_Prendre_Mesure_Formulaire/select_Etat_Transfert' located by 'By.xpath: //select[@id="etat_transfert"]' in '20' second(s)

14-02-2025T09:44:36 - [MESSAGE][INFO] - Checking object

14-02-2025T09:44:36 - [MESSAGE][INFO] - Checking index range

14-02-2025T09:44:36 - [MESSAGE][INFO] - Converting range parameter '23' to index array

14-02-2025T09:44:36 - [MESSAGE][INFO] - Range parameter '23' is converted to index array [23]

14-02-2025T09:44:36 - [MESSAGE][INFO] - Finding web element from Test Object's properties

14-02-2025T09:44:36 - [MESSAGE][INFO] - Checking timeout

14-02-2025T09:44:36 - [MESSAGE][INFO] - Finding web element with id: 'Object Repository/ANEF_Eloignement_V_Nawres/Page_Prendre_Mesure_Formulaire/select_Etat_Transfert' located by 'By.xpath: //select[@id="etat_transfert"]' in '100' second(s)

14-02-2025T09:44:36 - [MESSAGE][INFO] - Found 1 web elements with id: 'Object Repository/ANEF_Eloignement_V_Nawres/Page_Prendre_Mesure_Formulaire/select_Etat_Transfert' located by 'By.xpath: //select[@id="etat_transfert"]' in '100' second(s)

14-02-2025T09:44:36 - [MESSAGE][INFO] - Checking index parameters

14-02-2025T09:44:36 - [MESSAGE][INFO] - Selecting options on object 'Object Repository/ANEF_Eloignement_V_Nawres/Page_Prendre_Mesure_Formulaire/select_Etat_Transfert' with index in [23]

14-02-2025T09:44:38 - [MESSAGE][INFO] - Option with index 23 is selected

14-02-2025T09:44:38 - [MESSAGE][PASSED] - All options with index in [23] are selected on object 'Object Repository/ANEF_Eloignement_V_Nawres/Page_Prendre_Mesure_Formulaire/select_Etat_Transfert'

14-02-2025T09:44:38 - [TEST_STEP][PASSED] - "Ajouter un Etat Requis si  DecisionEtatTransfertDublin = 'Refus' ": null

14-02-2025T09:44:38 - [TEST_STEP][PASSED] - if (DecisionEtatTransfertDublin == "Refus"): Object: 'Object Repository/ANEF_Eloignement_V_Nawres/Page_Prendre_Mesure_Formulaire/btn_Enregistrer' is clicked on

14-02-2025T09:44:38 - [TEST_STEP][PASSED] - click(findTestObject("Object Repository/ANEF_Eloignement_V_Nawres/Page_Prendre_Mesure_Formulaire/btn_Ajouter_Etat_Requis"), STOP_ON_FAILURE): Object: 'Object Repository/ANEF_Eloignement_V_Nawres/Page_Prendre_Mesure_Formulaire/btn_Ajouter_Etat_Requis' is clicked on

14-02-2025T09:44:38 - [MESSAGE][INFO] - Finding Test Object 'Object Repository/ANEF_Eloignement_V_Nawres/Page_Prendre_Mesure_Formulaire/btn_Ajouter_Etat_Requis'

14-02-2025T09:44:38 - [MESSAGE][INFO] - Checking timeout

14-02-2025T09:44:38 - [MESSAGE][INFO] - Finding web element with id: 'Object Repository/ANEF_Eloignement_V_Nawres/Page_Prendre_Mesure_Formulaire/btn_Ajouter_Etat_Requis' located by 'By.xpath: //button[@id="btn-ajouter-etat-requis-transfert-dublin"]' in '20' second(s)

14-02-2025T09:44:38 - [MESSAGE][INFO] - Found 1 web elements with id: 'Object Repository/ANEF_Eloignement_V_Nawres/Page_Prendre_Mesure_Formulaire/btn_Ajouter_Etat_Requis' located by 'By.xpath: //button[@id="btn-ajouter-etat-requis-transfert-dublin"]' in '20' second(s)

14-02-2025T09:44:38 - [MESSAGE][INFO] - Checking object

14-02-2025T09:44:38 - [MESSAGE][INFO] - Checking timeout

14-02-2025T09:44:38 - [MESSAGE][INFO] - Finding web element from Test Object's properties

14-02-2025T09:44:38 - [MESSAGE][INFO] - Checking timeout

14-02-2025T09:44:38 - [MESSAGE][INFO] - Finding web element with id: 'Object Repository/ANEF_Eloignement_V_Nawres/Page_Prendre_Mesure_Formulaire/btn_Ajouter_Etat_Requis' located by 'By.xpath: //button[@id="btn-ajouter-etat-requis-transfert-dublin"]' in '100' second(s)

14-02-2025T09:44:38 - [MESSAGE][INFO] - Found 1 web elements with id: 'Object Repository/ANEF_Eloignement_V_Nawres/Page_Prendre_Mesure_Formulaire/btn_Ajouter_Etat_Requis' located by 'By.xpath: //button[@id="btn-ajouter-etat-requis-transfert-dublin"]' in '100' second(s)

14-02-2025T09:44:38 - [MESSAGE][INFO] - Clicking on object: 'Object Repository/ANEF_Eloignement_V_Nawres/Page_Prendre_Mesure_Formulaire/btn_Ajouter_Etat_Requis'

14-02-2025T09:44:39 - [MESSAGE][PASSED] - Object: 'Object Repository/ANEF_Eloignement_V_Nawres/Page_Prendre_Mesure_Formulaire/btn_Ajouter_Etat_Requis' is clicked on

14-02-2025T09:44:39 - [TEST_STEP][PASSED] - setText(findTestObject("Object Repository/ANEF_Eloignement_V_Nawres/Page_Prendre_Mesure_Formulaire/input_Date_Transmission_Requete_N_2"), DateActuelle, STOP_ON_FAILURE): Text '14/02/2025' is set on object 'Object Repository/ANEF_Eloignement_V_Nawres/Page_Prendre_Mesure_Formulaire/input_Date_Transmission_Requete_N_2'

14-02-2025T09:44:39 - [MESSAGE][INFO] - Finding Test Object 'Object Repository/ANEF_Eloignement_V_Nawres/Page_Prendre_Mesure_Formulaire/input_Date_Transmission_Requete_N_2'

14-02-2025T09:44:39 - [MESSAGE][INFO] - Checking timeout

14-02-2025T09:44:39 - [MESSAGE][INFO] - Finding web element with id: 'Object Repository/ANEF_Eloignement_V_Nawres/Page_Prendre_Mesure_Formulaire/input_Date_Transmission_Requete_N_2' located by 'By.xpath: (//input[@id="date_transmission_requete"])[2]' in '20' second(s)

14-02-2025T09:44:39 - [MESSAGE][INFO] - Found 1 web elements with id: 'Object Repository/ANEF_Eloignement_V_Nawres/Page_Prendre_Mesure_Formulaire/input_Date_Transmission_Requete_N_2' located by 'By.xpath: (//input[@id="date_transmission_requete"])[2]' in '20' second(s)

14-02-2025T09:44:39 - [MESSAGE][INFO] - Checking object

14-02-2025T09:44:39 - [MESSAGE][INFO] - Checking text

14-02-2025T09:44:39 - [MESSAGE][INFO] - Finding web element from Test Object's properties

14-02-2025T09:44:39 - [MESSAGE][INFO] - Checking timeout

14-02-2025T09:44:39 - [MESSAGE][INFO] - Finding web element with id: 'Object Repository/ANEF_Eloignement_V_Nawres/Page_Prendre_Mesure_Formulaire/input_Date_Transmission_Requete_N_2' located by 'By.xpath: (//input[@id="date_transmission_requete"])[2]' in '100' second(s)

14-02-2025T09:44:39 - [MESSAGE][INFO] - Found 1 web elements with id: 'Object Repository/ANEF_Eloignement_V_Nawres/Page_Prendre_Mesure_Formulaire/input_Date_Transmission_Requete_N_2' located by 'By.xpath: (//input[@id="date_transmission_requete"])[2]' in '100' second(s)

14-02-2025T09:44:39 - [MESSAGE][INFO] - Clearing text of object 'Object Repository/ANEF_Eloignement_V_Nawres/Page_Prendre_Mesure_Formulaire/input_Date_Transmission_Requete_N_2'

14-02-2025T09:44:40 - [MESSAGE][INFO] - Finding web element from Test Object's properties

14-02-2025T09:44:40 - [MESSAGE][INFO] - Checking timeout

14-02-2025T09:44:40 - [MESSAGE][INFO] - Finding web element with id: 'Object Repository/ANEF_Eloignement_V_Nawres/Page_Prendre_Mesure_Formulaire/input_Date_Transmission_Requete_N_2' located by 'By.xpath: (//input[@id="date_transmission_requete"])[2]' in '100' second(s)

14-02-2025T09:44:40 - [MESSAGE][INFO] - Found 1 web elements with id: 'Object Repository/ANEF_Eloignement_V_Nawres/Page_Prendre_Mesure_Formulaire/input_Date_Transmission_Requete_N_2' located by 'By.xpath: (//input[@id="date_transmission_requete"])[2]' in '100' second(s)

14-02-2025T09:44:40 - [MESSAGE][INFO] - Setting text of object 'Object Repository/ANEF_Eloignement_V_Nawres/Page_Prendre_Mesure_Formulaire/input_Date_Transmission_Requete_N_2' to value '14/02/2025'

14-02-2025T09:44:41 - [MESSAGE][PASSED] - Text '14/02/2025' is set on object 'Object Repository/ANEF_Eloignement_V_Nawres/Page_Prendre_Mesure_Formulaire/input_Date_Transmission_Requete_N_2'

14-02-2025T09:44:41 - [TEST_STEP][PASSED] - selectOptionByIndex(findTestObject("Object Repository/ANEF_Eloignement_V_Nawres/Page_Prendre_Mesure_Formulaire/select_Etat_Requis_N_2"), RandomNumberSelect, STOP_ON_FAILURE): All options with index in [23] are selected on object 'Object Repository/ANEF_Eloignement_V_Nawres/Page_Prendre_Mesure_Formulaire/select_Etat_Requis_N_2'

14-02-2025T09:44:41 - [MESSAGE][INFO] - Finding Test Object 'Object Repository/ANEF_Eloignement_V_Nawres/Page_Prendre_Mesure_Formulaire/select_Etat_Requis_N_2'

14-02-2025T09:44:41 - [MESSAGE][INFO] - Checking timeout

14-02-2025T09:44:41 - [MESSAGE][INFO] - Finding web element with id: 'Object Repository/ANEF_Eloignement_V_Nawres/Page_Prendre_Mesure_Formulaire/select_Etat_Requis_N_2' located by 'By.xpath: (//select[@name="pays"])[2]' in '20' second(s)

14-02-2025T09:44:41 - [MESSAGE][INFO] - Found 1 web elements with id: 'Object Repository/ANEF_Eloignement_V_Nawres/Page_Prendre_Mesure_Formulaire/select_Etat_Requis_N_2' located by 'By.xpath: (//select[@name="pays"])[2]' in '20' second(s)

14-02-2025T09:44:41 - [MESSAGE][INFO] - Checking object

14-02-2025T09:44:41 - [MESSAGE][INFO] - Checking index range

14-02-2025T09:44:41 - [MESSAGE][INFO] - Converting range parameter '23' to index array

14-02-2025T09:44:41 - [MESSAGE][INFO] - Range parameter '23' is converted to index array [23]

14-02-2025T09:44:41 - [MESSAGE][INFO] - Finding web element from Test Object's properties

14-02-2025T09:44:41 - [MESSAGE][INFO] - Checking timeout

14-02-2025T09:44:41 - [MESSAGE][INFO] - Finding web element with id: 'Object Repository/ANEF_Eloignement_V_Nawres/Page_Prendre_Mesure_Formulaire/select_Etat_Requis_N_2' located by 'By.xpath: (//select[@name="pays"])[2]' in '100' second(s)

14-02-2025T09:44:41 - [MESSAGE][INFO] - Found 1 web elements with id: 'Object Repository/ANEF_Eloignement_V_Nawres/Page_Prendre_Mesure_Formulaire/select_Etat_Requis_N_2' located by 'By.xpath: (//select[@name="pays"])[2]' in '100' second(s)

14-02-2025T09:44:41 - [MESSAGE][INFO] - Checking index parameters

14-02-2025T09:44:41 - [MESSAGE][INFO] - Selecting options on object 'Object Repository/ANEF_Eloignement_V_Nawres/Page_Prendre_Mesure_Formulaire/select_Etat_Requis_N_2' with index in [23]

14-02-2025T09:44:43 - [MESSAGE][INFO] - Option with index 23 is selected

14-02-2025T09:44:43 - [MESSAGE][PASSED] - All options with index in [23] are selected on object 'Object Repository/ANEF_Eloignement_V_Nawres/Page_Prendre_Mesure_Formulaire/select_Etat_Requis_N_2'

14-02-2025T09:44:43 - [TEST_STEP][PASSED] - setText(findTestObject("Object Repository/ANEF_Eloignement_V_Nawres/Page_Prendre_Mesure_Formulaire/input_Date_Reponse_Etat_Requis_N_2"), DateActuelle, STOP_ON_FAILURE): Text '14/02/2025' is set on object 'Object Repository/ANEF_Eloignement_V_Nawres/Page_Prendre_Mesure_Formulaire/input_Date_Reponse_Etat_Requis_N_2'

14-02-2025T09:44:43 - [MESSAGE][INFO] - Finding Test Object 'Object Repository/ANEF_Eloignement_V_Nawres/Page_Prendre_Mesure_Formulaire/input_Date_Reponse_Etat_Requis_N_2'

14-02-2025T09:44:43 - [MESSAGE][INFO] - Checking timeout

14-02-2025T09:44:43 - [MESSAGE][INFO] - Finding web element with id: 'Object Repository/ANEF_Eloignement_V_Nawres/Page_Prendre_Mesure_Formulaire/input_Date_Reponse_Etat_Requis_N_2' located by 'By.xpath: (//input[@id="date_reponse"])[2]' in '20' second(s)

14-02-2025T09:44:43 - [MESSAGE][INFO] - Found 1 web elements with id: 'Object Repository/ANEF_Eloignement_V_Nawres/Page_Prendre_Mesure_Formulaire/input_Date_Reponse_Etat_Requis_N_2' located by 'By.xpath: (//input[@id="date_reponse"])[2]' in '20' second(s)

14-02-2025T09:44:43 - [MESSAGE][INFO] - Checking object

14-02-2025T09:44:43 - [MESSAGE][INFO] - Checking text

14-02-2025T09:44:43 - [MESSAGE][INFO] - Finding web element from Test Object's properties

14-02-2025T09:44:43 - [MESSAGE][INFO] - Checking timeout

14-02-2025T09:44:43 - [MESSAGE][INFO] - Finding web element with id: 'Object Repository/ANEF_Eloignement_V_Nawres/Page_Prendre_Mesure_Formulaire/input_Date_Reponse_Etat_Requis_N_2' located by 'By.xpath: (//input[@id="date_reponse"])[2]' in '100' second(s)

14-02-2025T09:44:43 - [MESSAGE][INFO] - Found 1 web elements with id: 'Object Repository/ANEF_Eloignement_V_Nawres/Page_Prendre_Mesure_Formulaire/input_Date_Reponse_Etat_Requis_N_2' located by 'By.xpath: (//input[@id="date_reponse"])[2]' in '100' second(s)

14-02-2025T09:44:43 - [MESSAGE][INFO] - Clearing text of object 'Object Repository/ANEF_Eloignement_V_Nawres/Page_Prendre_Mesure_Formulaire/input_Date_Reponse_Etat_Requis_N_2'

14-02-2025T09:44:44 - [MESSAGE][INFO] - Finding web element from Test Object's properties

14-02-2025T09:44:44 - [MESSAGE][INFO] - Checking timeout

14-02-2025T09:44:44 - [MESSAGE][INFO] - Finding web element with id: 'Object Repository/ANEF_Eloignement_V_Nawres/Page_Prendre_Mesure_Formulaire/input_Date_Reponse_Etat_Requis_N_2' located by 'By.xpath: (//input[@id="date_reponse"])[2]' in '100' second(s)

14-02-2025T09:44:44 - [MESSAGE][INFO] - Found 1 web elements with id: 'Object Repository/ANEF_Eloignement_V_Nawres/Page_Prendre_Mesure_Formulaire/input_Date_Reponse_Etat_Requis_N_2' located by 'By.xpath: (//input[@id="date_reponse"])[2]' in '100' second(s)

14-02-2025T09:44:44 - [MESSAGE][INFO] - Setting text of object 'Object Repository/ANEF_Eloignement_V_Nawres/Page_Prendre_Mesure_Formulaire/input_Date_Reponse_Etat_Requis_N_2' to value '14/02/2025'

14-02-2025T09:44:45 - [MESSAGE][PASSED] - Text '14/02/2025' is set on object 'Object Repository/ANEF_Eloignement_V_Nawres/Page_Prendre_Mesure_Formulaire/input_Date_Reponse_Etat_Requis_N_2'

14-02-2025T09:44:45 - [TEST_STEP][PASSED] - selectOptionByLabel(findTestObject("Object Repository/ANEF_Eloignement_V_Nawres/Page_Prendre_Mesure_Formulaire/select_Decision_Etat_Requis_N_2"), "Accord", false, STOP_ON_FAILURE): All options with label 'Accord' are selected in object 'Object Repository/ANEF_Eloignement_V_Nawres/Page_Prendre_Mesure_Formulaire/select_Decision_Etat_Requis_N_2' 

14-02-2025T09:44:45 - [MESSAGE][INFO] - Finding Test Object 'Object Repository/ANEF_Eloignement_V_Nawres/Page_Prendre_Mesure_Formulaire/select_Decision_Etat_Requis_N_2'

14-02-2025T09:44:45 - [MESSAGE][INFO] - Checking timeout

14-02-2025T09:44:45 - [MESSAGE][INFO] - Finding web element with id: 'Object Repository/ANEF_Eloignement_V_Nawres/Page_Prendre_Mesure_Formulaire/select_Decision_Etat_Requis_N_2' located by 'By.xpath: (//select[@name="decision"])[2]' in '20' second(s)

14-02-2025T09:44:45 - [MESSAGE][INFO] - Found 1 web elements with id: 'Object Repository/ANEF_Eloignement_V_Nawres/Page_Prendre_Mesure_Formulaire/select_Decision_Etat_Requis_N_2' located by 'By.xpath: (//select[@name="decision"])[2]' in '20' second(s)

14-02-2025T09:44:45 - [MESSAGE][INFO] - Checking object

14-02-2025T09:44:45 - [MESSAGE][INFO] - Checking label parameter

14-02-2025T09:44:45 - [MESSAGE][INFO] - Finding web element from Test Object's properties

14-02-2025T09:44:45 - [MESSAGE][INFO] - Checking timeout

14-02-2025T09:44:45 - [MESSAGE][INFO] - Finding web element with id: 'Object Repository/ANEF_Eloignement_V_Nawres/Page_Prendre_Mesure_Formulaire/select_Decision_Etat_Requis_N_2' located by 'By.xpath: (//select[@name="decision"])[2]' in '100' second(s)

14-02-2025T09:44:45 - [MESSAGE][INFO] - Found 1 web elements with id: 'Object Repository/ANEF_Eloignement_V_Nawres/Page_Prendre_Mesure_Formulaire/select_Decision_Etat_Requis_N_2' located by 'By.xpath: (//select[@name="decision"])[2]' in '100' second(s)

14-02-2025T09:44:45 - [MESSAGE][INFO] - Selecting options on object 'Object Repository/ANEF_Eloignement_V_Nawres/Page_Prendre_Mesure_Formulaire/select_Decision_Etat_Requis_N_2' with label 'Accord' 

14-02-2025T09:44:46 - [MESSAGE][PASSED] - All options with label 'Accord' are selected in object 'Object Repository/ANEF_Eloignement_V_Nawres/Page_Prendre_Mesure_Formulaire/select_Decision_Etat_Requis_N_2' 

14-02-2025T09:44:46 - [TEST_STEP][PASSED] - setText(findTestObject("Object Repository/ANEF_Eloignement_V_Nawres/Page_Prendre_Mesure_Formulaire/input_Date_Demande_Reexamen_N_2"), DateActuelle, STOP_ON_FAILURE): Text '14/02/2025' is set on object 'Object Repository/ANEF_Eloignement_V_Nawres/Page_Prendre_Mesure_Formulaire/input_Date_Demande_Reexamen_N_2'

14-02-2025T09:44:46 - [MESSAGE][INFO] - Finding Test Object 'Object Repository/ANEF_Eloignement_V_Nawres/Page_Prendre_Mesure_Formulaire/input_Date_Demande_Reexamen_N_2'

14-02-2025T09:44:46 - [MESSAGE][INFO] - Checking timeout

14-02-2025T09:44:46 - [MESSAGE][INFO] - Finding web element with id: 'Object Repository/ANEF_Eloignement_V_Nawres/Page_Prendre_Mesure_Formulaire/input_Date_Demande_Reexamen_N_2' located by 'By.xpath: (//input[@id="date_demande_reexamen"])[2]' in '20' second(s)

14-02-2025T09:44:46 - [MESSAGE][INFO] - Found 1 web elements with id: 'Object Repository/ANEF_Eloignement_V_Nawres/Page_Prendre_Mesure_Formulaire/input_Date_Demande_Reexamen_N_2' located by 'By.xpath: (//input[@id="date_demande_reexamen"])[2]' in '20' second(s)

14-02-2025T09:44:46 - [MESSAGE][INFO] - Checking object

14-02-2025T09:44:46 - [MESSAGE][INFO] - Checking text

14-02-2025T09:44:46 - [MESSAGE][INFO] - Finding web element from Test Object's properties

14-02-2025T09:44:46 - [MESSAGE][INFO] - Checking timeout

14-02-2025T09:44:46 - [MESSAGE][INFO] - Finding web element with id: 'Object Repository/ANEF_Eloignement_V_Nawres/Page_Prendre_Mesure_Formulaire/input_Date_Demande_Reexamen_N_2' located by 'By.xpath: (//input[@id="date_demande_reexamen"])[2]' in '100' second(s)

14-02-2025T09:44:46 - [MESSAGE][INFO] - Found 1 web elements with id: 'Object Repository/ANEF_Eloignement_V_Nawres/Page_Prendre_Mesure_Formulaire/input_Date_Demande_Reexamen_N_2' located by 'By.xpath: (//input[@id="date_demande_reexamen"])[2]' in '100' second(s)

14-02-2025T09:44:46 - [MESSAGE][INFO] - Clearing text of object 'Object Repository/ANEF_Eloignement_V_Nawres/Page_Prendre_Mesure_Formulaire/input_Date_Demande_Reexamen_N_2'

14-02-2025T09:44:47 - [MESSAGE][INFO] - Finding web element from Test Object's properties

14-02-2025T09:44:47 - [MESSAGE][INFO] - Checking timeout

14-02-2025T09:44:47 - [MESSAGE][INFO] - Finding web element with id: 'Object Repository/ANEF_Eloignement_V_Nawres/Page_Prendre_Mesure_Formulaire/input_Date_Demande_Reexamen_N_2' located by 'By.xpath: (//input[@id="date_demande_reexamen"])[2]' in '100' second(s)

14-02-2025T09:44:47 - [MESSAGE][INFO] - Found 1 web elements with id: 'Object Repository/ANEF_Eloignement_V_Nawres/Page_Prendre_Mesure_Formulaire/input_Date_Demande_Reexamen_N_2' located by 'By.xpath: (//input[@id="date_demande_reexamen"])[2]' in '100' second(s)

14-02-2025T09:44:47 - [MESSAGE][INFO] - Setting text of object 'Object Repository/ANEF_Eloignement_V_Nawres/Page_Prendre_Mesure_Formulaire/input_Date_Demande_Reexamen_N_2' to value '14/02/2025'

14-02-2025T09:44:48 - [MESSAGE][PASSED] - Text '14/02/2025' is set on object 'Object Repository/ANEF_Eloignement_V_Nawres/Page_Prendre_Mesure_Formulaire/input_Date_Demande_Reexamen_N_2'

14-02-2025T09:44:48 - [TEST_STEP][PASSED] - setText(findTestObject("Object Repository/ANEF_Eloignement_V_Nawres/Page_Prendre_Mesure_Formulaire/input_Date_Fin_Validite_N_2"), DateActuelle, STOP_ON_FAILURE): Text '14/02/2025' is set on object 'Object Repository/ANEF_Eloignement_V_Nawres/Page_Prendre_Mesure_Formulaire/input_Date_Fin_Validite_N_2'

14-02-2025T09:44:48 - [MESSAGE][INFO] - Finding Test Object 'Object Repository/ANEF_Eloignement_V_Nawres/Page_Prendre_Mesure_Formulaire/input_Date_Fin_Validite_N_2'

14-02-2025T09:44:48 - [MESSAGE][INFO] - Checking timeout

14-02-2025T09:44:48 - [MESSAGE][INFO] - Finding web element with id: 'Object Repository/ANEF_Eloignement_V_Nawres/Page_Prendre_Mesure_Formulaire/input_Date_Fin_Validite_N_2' located by 'By.xpath: (//input[@id="date_fin_validite"])[2]' in '20' second(s)

14-02-2025T09:44:48 - [MESSAGE][INFO] - Found 1 web elements with id: 'Object Repository/ANEF_Eloignement_V_Nawres/Page_Prendre_Mesure_Formulaire/input_Date_Fin_Validite_N_2' located by 'By.xpath: (//input[@id="date_fin_validite"])[2]' in '20' second(s)

14-02-2025T09:44:48 - [MESSAGE][INFO] - Checking object

14-02-2025T09:44:48 - [MESSAGE][INFO] - Checking text

14-02-2025T09:44:48 - [MESSAGE][INFO] - Finding web element from Test Object's properties

14-02-2025T09:44:48 - [MESSAGE][INFO] - Checking timeout

14-02-2025T09:44:48 - [MESSAGE][INFO] - Finding web element with id: 'Object Repository/ANEF_Eloignement_V_Nawres/Page_Prendre_Mesure_Formulaire/input_Date_Fin_Validite_N_2' located by 'By.xpath: (//input[@id="date_fin_validite"])[2]' in '100' second(s)

14-02-2025T09:44:48 - [MESSAGE][INFO] - Found 1 web elements with id: 'Object Repository/ANEF_Eloignement_V_Nawres/Page_Prendre_Mesure_Formulaire/input_Date_Fin_Validite_N_2' located by 'By.xpath: (//input[@id="date_fin_validite"])[2]' in '100' second(s)

14-02-2025T09:44:48 - [MESSAGE][INFO] - Clearing text of object 'Object Repository/ANEF_Eloignement_V_Nawres/Page_Prendre_Mesure_Formulaire/input_Date_Fin_Validite_N_2'

14-02-2025T09:44:50 - [MESSAGE][INFO] - Finding web element from Test Object's properties

14-02-2025T09:44:50 - [MESSAGE][INFO] - Checking timeout

14-02-2025T09:44:50 - [MESSAGE][INFO] - Finding web element with id: 'Object Repository/ANEF_Eloignement_V_Nawres/Page_Prendre_Mesure_Formulaire/input_Date_Fin_Validite_N_2' located by 'By.xpath: (//input[@id="date_fin_validite"])[2]' in '100' second(s)

14-02-2025T09:44:50 - [MESSAGE][INFO] - Found 1 web elements with id: 'Object Repository/ANEF_Eloignement_V_Nawres/Page_Prendre_Mesure_Formulaire/input_Date_Fin_Validite_N_2' located by 'By.xpath: (//input[@id="date_fin_validite"])[2]' in '100' second(s)

14-02-2025T09:44:50 - [MESSAGE][INFO] - Setting text of object 'Object Repository/ANEF_Eloignement_V_Nawres/Page_Prendre_Mesure_Formulaire/input_Date_Fin_Validite_N_2' to value '14/02/2025'

14-02-2025T09:44:51 - [MESSAGE][PASSED] - Text '14/02/2025' is set on object 'Object Repository/ANEF_Eloignement_V_Nawres/Page_Prendre_Mesure_Formulaire/input_Date_Fin_Validite_N_2'

14-02-2025T09:44:51 - [TEST_STEP][PASSED] - setText(findTestObject("Object Repository/ANEF_Eloignement_V_Nawres/Page_Prendre_Mesure_Formulaire/input_Date_Decision_Transfert_N_2"), DateActuelle, STOP_ON_FAILURE): Text '14/02/2025' is set on object 'Object Repository/ANEF_Eloignement_V_Nawres/Page_Prendre_Mesure_Formulaire/input_Date_Decision_Transfert_N_2'

14-02-2025T09:44:51 - [MESSAGE][INFO] - Finding Test Object 'Object Repository/ANEF_Eloignement_V_Nawres/Page_Prendre_Mesure_Formulaire/input_Date_Decision_Transfert_N_2'

14-02-2025T09:44:51 - [MESSAGE][INFO] - Checking timeout

14-02-2025T09:44:51 - [MESSAGE][INFO] - Finding web element with id: 'Object Repository/ANEF_Eloignement_V_Nawres/Page_Prendre_Mesure_Formulaire/input_Date_Decision_Transfert_N_2' located by 'By.xpath: (//input[@id="date_decision_transfert"])[2]' in '20' second(s)

14-02-2025T09:44:51 - [MESSAGE][INFO] - Found 1 web elements with id: 'Object Repository/ANEF_Eloignement_V_Nawres/Page_Prendre_Mesure_Formulaire/input_Date_Decision_Transfert_N_2' located by 'By.xpath: (//input[@id="date_decision_transfert"])[2]' in '20' second(s)

14-02-2025T09:44:51 - [MESSAGE][INFO] - Checking object

14-02-2025T09:44:51 - [MESSAGE][INFO] - Checking text

14-02-2025T09:44:51 - [MESSAGE][INFO] - Finding web element from Test Object's properties

14-02-2025T09:44:51 - [MESSAGE][INFO] - Checking timeout

14-02-2025T09:44:51 - [MESSAGE][INFO] - Finding web element with id: 'Object Repository/ANEF_Eloignement_V_Nawres/Page_Prendre_Mesure_Formulaire/input_Date_Decision_Transfert_N_2' located by 'By.xpath: (//input[@id="date_decision_transfert"])[2]' in '100' second(s)

14-02-2025T09:44:51 - [MESSAGE][INFO] - Found 1 web elements with id: 'Object Repository/ANEF_Eloignement_V_Nawres/Page_Prendre_Mesure_Formulaire/input_Date_Decision_Transfert_N_2' located by 'By.xpath: (//input[@id="date_decision_transfert"])[2]' in '100' second(s)

14-02-2025T09:44:51 - [MESSAGE][INFO] - Clearing text of object 'Object Repository/ANEF_Eloignement_V_Nawres/Page_Prendre_Mesure_Formulaire/input_Date_Decision_Transfert_N_2'

14-02-2025T09:44:52 - [MESSAGE][INFO] - Finding web element from Test Object's properties

14-02-2025T09:44:52 - [MESSAGE][INFO] - Checking timeout

14-02-2025T09:44:52 - [MESSAGE][INFO] - Finding web element with id: 'Object Repository/ANEF_Eloignement_V_Nawres/Page_Prendre_Mesure_Formulaire/input_Date_Decision_Transfert_N_2' located by 'By.xpath: (//input[@id="date_decision_transfert"])[2]' in '100' second(s)

14-02-2025T09:44:52 - [MESSAGE][INFO] - Found 1 web elements with id: 'Object Repository/ANEF_Eloignement_V_Nawres/Page_Prendre_Mesure_Formulaire/input_Date_Decision_Transfert_N_2' located by 'By.xpath: (//input[@id="date_decision_transfert"])[2]' in '100' second(s)

14-02-2025T09:44:52 - [MESSAGE][INFO] - Setting text of object 'Object Repository/ANEF_Eloignement_V_Nawres/Page_Prendre_Mesure_Formulaire/input_Date_Decision_Transfert_N_2' to value '14/02/2025'

14-02-2025T09:44:53 - [MESSAGE][PASSED] - Text '14/02/2025' is set on object 'Object Repository/ANEF_Eloignement_V_Nawres/Page_Prendre_Mesure_Formulaire/input_Date_Decision_Transfert_N_2'

14-02-2025T09:44:53 - [TEST_STEP][PASSED] - click(findTestObject("Object Repository/ANEF_Eloignement_V_Nawres/Page_Prendre_Mesure_Formulaire/btn_Enregistrer"), STOP_ON_FAILURE): Object: 'Object Repository/ANEF_Eloignement_V_Nawres/Page_Prendre_Mesure_Formulaire/btn_Enregistrer' is clicked on

14-02-2025T09:44:53 - [MESSAGE][INFO] - Finding Test Object 'Object Repository/ANEF_Eloignement_V_Nawres/Page_Prendre_Mesure_Formulaire/btn_Enregistrer'

14-02-2025T09:44:53 - [MESSAGE][INFO] - Checking timeout

14-02-2025T09:44:53 - [MESSAGE][INFO] - Finding web element with id: 'Object Repository/ANEF_Eloignement_V_Nawres/Page_Prendre_Mesure_Formulaire/btn_Enregistrer' located by 'By.xpath: //button[contains(text(),"Enregistrer")]' in '20' second(s)

14-02-2025T09:44:53 - [MESSAGE][INFO] - Found 1 web elements with id: 'Object Repository/ANEF_Eloignement_V_Nawres/Page_Prendre_Mesure_Formulaire/btn_Enregistrer' located by 'By.xpath: //button[contains(text(),"Enregistrer")]' in '20' second(s)

14-02-2025T09:44:53 - [MESSAGE][INFO] - Checking object

14-02-2025T09:44:53 - [MESSAGE][INFO] - Checking timeout

14-02-2025T09:44:53 - [MESSAGE][INFO] - Finding web element from Test Object's properties

14-02-2025T09:44:53 - [MESSAGE][INFO] - Checking timeout

14-02-2025T09:44:53 - [MESSAGE][INFO] - Finding web element with id: 'Object Repository/ANEF_Eloignement_V_Nawres/Page_Prendre_Mesure_Formulaire/btn_Enregistrer' located by 'By.xpath: //button[contains(text(),"Enregistrer")]' in '100' second(s)

14-02-2025T09:44:53 - [MESSAGE][INFO] - Found 1 web elements with id: 'Object Repository/ANEF_Eloignement_V_Nawres/Page_Prendre_Mesure_Formulaire/btn_Enregistrer' located by 'By.xpath: //button[contains(text(),"Enregistrer")]' in '100' second(s)

14-02-2025T09:44:53 - [MESSAGE][INFO] - Clicking on object: 'Object Repository/ANEF_Eloignement_V_Nawres/Page_Prendre_Mesure_Formulaire/btn_Enregistrer'

14-02-2025T09:44:54 - [MESSAGE][PASSED] - Object: 'Object Repository/ANEF_Eloignement_V_Nawres/Page_Prendre_Mesure_Formulaire/btn_Enregistrer' is clicked on

14-02-2025T09:44:54 - [TEST_STEP][PASSED] - if (Mesure == "ExecutionFicheSIS"): null

14-02-2025T09:44:54 - [TEST_STEP][PASSED] - if (Mesure == "IAT"): null

14-02-2025T09:44:54 - [TEST_STEP][PASSED] - if (Mesure == "ITF"): null

14-02-2025T09:44:54 - [TEST_STEP][PASSED] - click(findTestObject("Object Repository/ANEF_Eloignement_V_Nawres/Page_Prendre_Mesure_Formulaire/btn_Enregistrer"), STOP_ON_FAILURE): Object: 'Object Repository/ANEF_Eloignement_V_Nawres/Page_Prendre_Mesure_Formulaire/btn_Enregistrer' is clicked on

14-02-2025T09:44:54 - [MESSAGE][INFO] - Finding Test Object 'Object Repository/ANEF_Eloignement_V_Nawres/Page_Prendre_Mesure_Formulaire/btn_Enregistrer'

14-02-2025T09:44:54 - [MESSAGE][INFO] - Checking timeout

14-02-2025T09:44:54 - [MESSAGE][INFO] - Finding web element with id: 'Object Repository/ANEF_Eloignement_V_Nawres/Page_Prendre_Mesure_Formulaire/btn_Enregistrer' located by 'By.xpath: //button[contains(text(),"Enregistrer")]' in '20' second(s)

14-02-2025T09:44:54 - [MESSAGE][INFO] - Found 1 web elements with id: 'Object Repository/ANEF_Eloignement_V_Nawres/Page_Prendre_Mesure_Formulaire/btn_Enregistrer' located by 'By.xpath: //button[contains(text(),"Enregistrer")]' in '20' second(s)

14-02-2025T09:44:54 - [MESSAGE][INFO] - Checking object

14-02-2025T09:44:54 - [MESSAGE][INFO] - Checking timeout

14-02-2025T09:44:54 - [MESSAGE][INFO] - Finding web element from Test Object's properties

14-02-2025T09:44:54 - [MESSAGE][INFO] - Checking timeout

14-02-2025T09:44:54 - [MESSAGE][INFO] - Finding web element with id: 'Object Repository/ANEF_Eloignement_V_Nawres/Page_Prendre_Mesure_Formulaire/btn_Enregistrer' located by 'By.xpath: //button[contains(text(),"Enregistrer")]' in '100' second(s)

14-02-2025T09:44:54 - [MESSAGE][INFO] - Found 1 web elements with id: 'Object Repository/ANEF_Eloignement_V_Nawres/Page_Prendre_Mesure_Formulaire/btn_Enregistrer' located by 'By.xpath: //button[contains(text(),"Enregistrer")]' in '100' second(s)

14-02-2025T09:44:54 - [MESSAGE][INFO] - Clicking on object: 'Object Repository/ANEF_Eloignement_V_Nawres/Page_Prendre_Mesure_Formulaire/btn_Enregistrer'

14-02-2025T09:44:55 - [MESSAGE][PASSED] - Object: 'Object Repository/ANEF_Eloignement_V_Nawres/Page_Prendre_Mesure_Formulaire/btn_Enregistrer' is clicked on

14-02-2025T09:44:55 - [MESSAGE][PASSED] - Call Test Case 'Test Cases/Test Reutilisable/Main/ANEF_Eloignement_V_Nawres/ANEF_Prendre_Mesure_Formulaire' successfully

14-02-2025T09:44:55 - [MESSAGE][PASSED] - Call Test Case 'Test Cases/Test Reutilisable/Main/ANEF_Eloignement_V_Nawres/ANEF_Prendre_Mesure' successfully

14-02-2025T09:44:55 - [TEST_STEP][PASSED] - callTestCase(findTestCase("Test Cases/Test Reutilisable/Main/ANEF_Eloignement_V_Nawres/ANEF_Ajouter_Decision"), ["ModeNotification":ModeNotification], STOP_ON_FAILURE): Call Test Case 'Test Cases/Test Reutilisable/Main/ANEF_Eloignement_V_Nawres/ANEF_Ajouter_Decision' successfully

14-02-2025T09:44:55 - [MESSAGE][INFO] - Checking called Test Case

14-02-2025T09:44:55 - [MESSAGE][INFO] - Starting to call Test Case 'Test Cases/Test Reutilisable/Main/ANEF_Eloignement_V_Nawres/ANEF_Ajouter_Decision'

14-02-2025T09:44:55 - [TEST_CASE][PASSED] - Test Cases/Test Reutilisable/Main/ANEF_Eloignement_V_Nawres/ANEF_Ajouter_Decision: Test Cases/Test Reutilisable/Main/ANEF_Eloignement_V_Nawres/ANEF_Ajouter_Decision

14-02-2025T09:44:56 - [TEST_STEP][PASSED] - calendar = Calendar.getInstance(): null

14-02-2025T09:44:56 - [TEST_STEP][PASSED] - currentDate = calendar.getTime(): null

14-02-2025T09:44:56 - [TEST_STEP][PASSED] - sdf = new java.text.SimpleDateFormat(dd/MM/yyyy): null

14-02-2025T09:44:56 - [TEST_STEP][PASSED] - formattedDate = sdf.format(currentDate): null

14-02-2025T09:44:56 - [TEST_STEP][PASSED] - DateActuelle = formattedDate.toString(): null

14-02-2025T09:44:56 - [TEST_STEP][PASSED] - println(DateActuelle): null

14-02-2025T09:44:56 - [TEST_STEP][PASSED] - waitForElementClickable(findTestObject("Object Repository/ANEF_Eloignement_V_Nawres/Page_Ajouter_Decision/btn_Ajouter_Decision"), 20, STOP_ON_FAILURE): Object 'Object Repository/ANEF_Eloignement_V_Nawres/Page_Ajouter_Decision/btn_Ajouter_Decision' is clickable

14-02-2025T09:44:56 - [MESSAGE][INFO] - Finding Test Object 'Object Repository/ANEF_Eloignement_V_Nawres/Page_Ajouter_Decision/btn_Ajouter_Decision'

14-02-2025T09:44:56 - [MESSAGE][INFO] - Checking object

14-02-2025T09:44:56 - [MESSAGE][INFO] - Checking timeout

14-02-2025T09:44:56 - [MESSAGE][INFO] - Finding web element from Test Object's properties

14-02-2025T09:44:56 - [MESSAGE][INFO] - Checking timeout

14-02-2025T09:44:56 - [MESSAGE][INFO] - Finding web element with id: 'Object Repository/ANEF_Eloignement_V_Nawres/Page_Ajouter_Decision/btn_Ajouter_Decision' located by 'By.xpath: //button[contains(text(),"Ajouter une dÃ©cision")]' in '20' second(s)

14-02-2025T09:44:56 - [MESSAGE][INFO] - Found 1 web elements with id: 'Object Repository/ANEF_Eloignement_V_Nawres/Page_Ajouter_Decision/btn_Ajouter_Decision' located by 'By.xpath: //button[contains(text(),"Ajouter une dÃ©cision")]' in '20' second(s)

14-02-2025T09:44:56 - [MESSAGE][PASSED] - Object 'Object Repository/ANEF_Eloignement_V_Nawres/Page_Ajouter_Decision/btn_Ajouter_Decision' is clickable

14-02-2025T09:44:56 - [TEST_STEP][PASSED] - click(findTestObject("Object Repository/ANEF_Eloignement_V_Nawres/Page_Ajouter_Decision/btn_Ajouter_Decision"), STOP_ON_FAILURE): Object: 'Object Repository/ANEF_Eloignement_V_Nawres/Page_Ajouter_Decision/btn_Ajouter_Decision' is clicked on

14-02-2025T09:44:56 - [MESSAGE][INFO] - Finding Test Object 'Object Repository/ANEF_Eloignement_V_Nawres/Page_Ajouter_Decision/btn_Ajouter_Decision'

14-02-2025T09:44:56 - [MESSAGE][INFO] - Checking timeout

14-02-2025T09:44:56 - [MESSAGE][INFO] - Finding web element with id: 'Object Repository/ANEF_Eloignement_V_Nawres/Page_Ajouter_Decision/btn_Ajouter_Decision' located by 'By.xpath: //button[contains(text(),"Ajouter une dÃ©cision")]' in '20' second(s)

14-02-2025T09:44:56 - [MESSAGE][INFO] - Found 1 web elements with id: 'Object Repository/ANEF_Eloignement_V_Nawres/Page_Ajouter_Decision/btn_Ajouter_Decision' located by 'By.xpath: //button[contains(text(),"Ajouter une dÃ©cision")]' in '20' second(s)

14-02-2025T09:44:56 - [MESSAGE][INFO] - Checking object

14-02-2025T09:44:56 - [MESSAGE][INFO] - Checking timeout

14-02-2025T09:44:56 - [MESSAGE][INFO] - Finding web element from Test Object's properties

14-02-2025T09:44:56 - [MESSAGE][INFO] - Checking timeout

14-02-2025T09:44:56 - [MESSAGE][INFO] - Finding web element with id: 'Object Repository/ANEF_Eloignement_V_Nawres/Page_Ajouter_Decision/btn_Ajouter_Decision' located by 'By.xpath: //button[contains(text(),"Ajouter une dÃ©cision")]' in '100' second(s)

14-02-2025T09:44:56 - [MESSAGE][INFO] - Found 1 web elements with id: 'Object Repository/ANEF_Eloignement_V_Nawres/Page_Ajouter_Decision/btn_Ajouter_Decision' located by 'By.xpath: //button[contains(text(),"Ajouter une dÃ©cision")]' in '100' second(s)

14-02-2025T09:44:56 - [MESSAGE][INFO] - Clicking on object: 'Object Repository/ANEF_Eloignement_V_Nawres/Page_Ajouter_Decision/btn_Ajouter_Decision'

14-02-2025T09:44:57 - [MESSAGE][PASSED] - Object: 'Object Repository/ANEF_Eloignement_V_Nawres/Page_Ajouter_Decision/btn_Ajouter_Decision' is clicked on

14-02-2025T09:44:57 - [TEST_STEP][PASSED] - scrollToElement(findTestObject("Object Repository/ANEF_Eloignement_V_Nawres/Page_Ajouter_Decision/btn_Confirmer_Ajout_Decision"), 5, STOP_ON_FAILURE): Scroll to object 'Object Repository/ANEF_Eloignement_V_Nawres/Page_Ajouter_Decision/btn_Confirmer_Ajout_Decision' successfully

14-02-2025T09:44:57 - [MESSAGE][INFO] - Finding Test Object 'Object Repository/ANEF_Eloignement_V_Nawres/Page_Ajouter_Decision/btn_Confirmer_Ajout_Decision'

14-02-2025T09:44:57 - [MESSAGE][INFO] - Checking object

14-02-2025T09:44:57 - [MESSAGE][INFO] - Checking timeout

14-02-2025T09:44:57 - [MESSAGE][INFO] - Finding web element from Test Object's properties

14-02-2025T09:44:57 - [MESSAGE][INFO] - Checking timeout

14-02-2025T09:44:57 - [MESSAGE][INFO] - Finding web element with id: 'Object Repository/ANEF_Eloignement_V_Nawres/Page_Ajouter_Decision/btn_Confirmer_Ajout_Decision' located by 'By.xpath: //button[contains(text()," Confirmer l'ajout")]' in '100' second(s)

14-02-2025T09:44:57 - [MESSAGE][INFO] - Found 1 web elements with id: 'Object Repository/ANEF_Eloignement_V_Nawres/Page_Ajouter_Decision/btn_Confirmer_Ajout_Decision' located by 'By.xpath: //button[contains(text()," Confirmer l'ajout")]' in '100' second(s)

14-02-2025T09:44:57 - [MESSAGE][INFO] - Scrolling to object 'Object Repository/ANEF_Eloignement_V_Nawres/Page_Ajouter_Decision/btn_Confirmer_Ajout_Decision'

14-02-2025T09:44:57 - [MESSAGE][PASSED] - Scroll to object 'Object Repository/ANEF_Eloignement_V_Nawres/Page_Ajouter_Decision/btn_Confirmer_Ajout_Decision' successfully

14-02-2025T09:44:57 - [TEST_STEP][PASSED] - click(findTestObject("Object Repository/ANEF_Eloignement_V_Nawres/Page_Ajouter_Decision/btn_Confirmer_Ajout_Decision"), STOP_ON_FAILURE): Object: 'Object Repository/ANEF_Eloignement_V_Nawres/Page_Ajouter_Decision/btn_Confirmer_Ajout_Decision' is clicked on

14-02-2025T09:44:57 - [MESSAGE][INFO] - Finding Test Object 'Object Repository/ANEF_Eloignement_V_Nawres/Page_Ajouter_Decision/btn_Confirmer_Ajout_Decision'

14-02-2025T09:44:57 - [MESSAGE][INFO] - Checking timeout

14-02-2025T09:44:57 - [MESSAGE][INFO] - Finding web element with id: 'Object Repository/ANEF_Eloignement_V_Nawres/Page_Ajouter_Decision/btn_Confirmer_Ajout_Decision' located by 'By.xpath: //button[contains(text()," Confirmer l'ajout")]' in '20' second(s)

14-02-2025T09:44:57 - [MESSAGE][INFO] - Found 1 web elements with id: 'Object Repository/ANEF_Eloignement_V_Nawres/Page_Ajouter_Decision/btn_Confirmer_Ajout_Decision' located by 'By.xpath: //button[contains(text()," Confirmer l'ajout")]' in '20' second(s)

14-02-2025T09:44:57 - [MESSAGE][INFO] - Checking object

14-02-2025T09:44:57 - [MESSAGE][INFO] - Checking timeout

14-02-2025T09:44:57 - [MESSAGE][INFO] - Finding web element from Test Object's properties

14-02-2025T09:44:57 - [MESSAGE][INFO] - Checking timeout

14-02-2025T09:44:57 - [MESSAGE][INFO] - Finding web element with id: 'Object Repository/ANEF_Eloignement_V_Nawres/Page_Ajouter_Decision/btn_Confirmer_Ajout_Decision' located by 'By.xpath: //button[contains(text()," Confirmer l'ajout")]' in '100' second(s)

14-02-2025T09:44:57 - [MESSAGE][INFO] - Found 1 web elements with id: 'Object Repository/ANEF_Eloignement_V_Nawres/Page_Ajouter_Decision/btn_Confirmer_Ajout_Decision' located by 'By.xpath: //button[contains(text()," Confirmer l'ajout")]' in '100' second(s)

14-02-2025T09:44:57 - [MESSAGE][INFO] - Clicking on object: 'Object Repository/ANEF_Eloignement_V_Nawres/Page_Ajouter_Decision/btn_Confirmer_Ajout_Decision'

14-02-2025T09:44:58 - [MESSAGE][PASSED] - Object: 'Object Repository/ANEF_Eloignement_V_Nawres/Page_Ajouter_Decision/btn_Confirmer_Ajout_Decision' is clicked on

14-02-2025T09:44:58 - [TEST_STEP][PASSED] - waitForElementClickable(findTestObject("Object Repository/ANEF_Eloignement_V_Nawres/Page_Ajouter_Decision/btn_Confirmer_Notification"), 20, STOP_ON_FAILURE): Object 'Object Repository/ANEF_Eloignement_V_Nawres/Page_Ajouter_Decision/btn_Confirmer_Notification' is clickable

14-02-2025T09:44:58 - [MESSAGE][INFO] - Finding Test Object 'Object Repository/ANEF_Eloignement_V_Nawres/Page_Ajouter_Decision/btn_Confirmer_Notification'

14-02-2025T09:44:58 - [MESSAGE][INFO] - Checking object

14-02-2025T09:44:58 - [MESSAGE][INFO] - Checking timeout

14-02-2025T09:44:58 - [MESSAGE][INFO] - Finding web element from Test Object's properties

14-02-2025T09:44:58 - [MESSAGE][INFO] - Checking timeout

14-02-2025T09:44:58 - [MESSAGE][INFO] - Finding web element with id: 'Object Repository/ANEF_Eloignement_V_Nawres/Page_Ajouter_Decision/btn_Confirmer_Notification' located by 'By.xpath: //button[contains(text(),"Confirmer la notification")]' in '20' second(s)

14-02-2025T09:44:58 - [MESSAGE][INFO] - Found 1 web elements with id: 'Object Repository/ANEF_Eloignement_V_Nawres/Page_Ajouter_Decision/btn_Confirmer_Notification' located by 'By.xpath: //button[contains(text(),"Confirmer la notification")]' in '20' second(s)

14-02-2025T09:44:59 - [MESSAGE][PASSED] - Object 'Object Repository/ANEF_Eloignement_V_Nawres/Page_Ajouter_Decision/btn_Confirmer_Notification' is clickable

14-02-2025T09:44:59 - [TEST_STEP][PASSED] - click(findTestObject("Object Repository/ANEF_Eloignement_V_Nawres/Page_Ajouter_Decision/btn_Confirmer_Notification"), STOP_ON_FAILURE): Object: 'Object Repository/ANEF_Eloignement_V_Nawres/Page_Ajouter_Decision/btn_Confirmer_Notification' is clicked on

14-02-2025T09:44:59 - [MESSAGE][INFO] - Finding Test Object 'Object Repository/ANEF_Eloignement_V_Nawres/Page_Ajouter_Decision/btn_Confirmer_Notification'

14-02-2025T09:44:59 - [MESSAGE][INFO] - Checking timeout

14-02-2025T09:44:59 - [MESSAGE][INFO] - Finding web element with id: 'Object Repository/ANEF_Eloignement_V_Nawres/Page_Ajouter_Decision/btn_Confirmer_Notification' located by 'By.xpath: //button[contains(text(),"Confirmer la notification")]' in '20' second(s)

14-02-2025T09:44:59 - [MESSAGE][INFO] - Found 1 web elements with id: 'Object Repository/ANEF_Eloignement_V_Nawres/Page_Ajouter_Decision/btn_Confirmer_Notification' located by 'By.xpath: //button[contains(text(),"Confirmer la notification")]' in '20' second(s)

14-02-2025T09:44:59 - [MESSAGE][INFO] - Checking object

14-02-2025T09:44:59 - [MESSAGE][INFO] - Checking timeout

14-02-2025T09:44:59 - [MESSAGE][INFO] - Finding web element from Test Object's properties

14-02-2025T09:44:59 - [MESSAGE][INFO] - Checking timeout

14-02-2025T09:44:59 - [MESSAGE][INFO] - Finding web element with id: 'Object Repository/ANEF_Eloignement_V_Nawres/Page_Ajouter_Decision/btn_Confirmer_Notification' located by 'By.xpath: //button[contains(text(),"Confirmer la notification")]' in '100' second(s)

14-02-2025T09:44:59 - [MESSAGE][INFO] - Found 1 web elements with id: 'Object Repository/ANEF_Eloignement_V_Nawres/Page_Ajouter_Decision/btn_Confirmer_Notification' located by 'By.xpath: //button[contains(text(),"Confirmer la notification")]' in '100' second(s)

14-02-2025T09:44:59 - [MESSAGE][INFO] - Clicking on object: 'Object Repository/ANEF_Eloignement_V_Nawres/Page_Ajouter_Decision/btn_Confirmer_Notification'

14-02-2025T09:45:01 - [MESSAGE][PASSED] - Object: 'Object Repository/ANEF_Eloignement_V_Nawres/Page_Ajouter_Decision/btn_Confirmer_Notification' is clicked on

14-02-2025T09:45:01 - [TEST_STEP][PASSED] - selectOptionByLabel(findTestObject("Object Repository/ANEF_Eloignement_V_Nawres/Page_Ajouter_Decision/select_Mode_Notification"), ModeNotification, false, STOP_ON_FAILURE): All options with label 'Voie administrative' are selected in object 'Object Repository/ANEF_Eloignement_V_Nawres/Page_Ajouter_Decision/select_Mode_Notification' 

14-02-2025T09:45:01 - [MESSAGE][INFO] - Finding Test Object 'Object Repository/ANEF_Eloignement_V_Nawres/Page_Ajouter_Decision/select_Mode_Notification'

14-02-2025T09:45:01 - [MESSAGE][INFO] - Checking timeout

14-02-2025T09:45:01 - [MESSAGE][INFO] - Finding web element with id: 'Object Repository/ANEF_Eloignement_V_Nawres/Page_Ajouter_Decision/select_Mode_Notification' located by 'By.xpath: //app-notification-modal//form//app-dsfr-select/div/select[@id="mode_notification"]' in '20' second(s)

14-02-2025T09:45:01 - [MESSAGE][INFO] - Found 1 web elements with id: 'Object Repository/ANEF_Eloignement_V_Nawres/Page_Ajouter_Decision/select_Mode_Notification' located by 'By.xpath: //app-notification-modal//form//app-dsfr-select/div/select[@id="mode_notification"]' in '20' second(s)

14-02-2025T09:45:01 - [MESSAGE][INFO] - Checking object

14-02-2025T09:45:01 - [MESSAGE][INFO] - Checking label parameter

14-02-2025T09:45:01 - [MESSAGE][INFO] - Finding web element from Test Object's properties

14-02-2025T09:45:01 - [MESSAGE][INFO] - Checking timeout

14-02-2025T09:45:01 - [MESSAGE][INFO] - Finding web element with id: 'Object Repository/ANEF_Eloignement_V_Nawres/Page_Ajouter_Decision/select_Mode_Notification' located by 'By.xpath: //app-notification-modal//form//app-dsfr-select/div/select[@id="mode_notification"]' in '100' second(s)

14-02-2025T09:45:01 - [MESSAGE][INFO] - Found 1 web elements with id: 'Object Repository/ANEF_Eloignement_V_Nawres/Page_Ajouter_Decision/select_Mode_Notification' located by 'By.xpath: //app-notification-modal//form//app-dsfr-select/div/select[@id="mode_notification"]' in '100' second(s)

14-02-2025T09:45:01 - [MESSAGE][INFO] - Selecting options on object 'Object Repository/ANEF_Eloignement_V_Nawres/Page_Ajouter_Decision/select_Mode_Notification' with label 'Voie administrative' 

14-02-2025T09:45:02 - [MESSAGE][PASSED] - All options with label 'Voie administrative' are selected in object 'Object Repository/ANEF_Eloignement_V_Nawres/Page_Ajouter_Decision/select_Mode_Notification' 

14-02-2025T09:45:02 - [TEST_STEP][PASSED] - setText(findTestObject("Object Repository/ANEF_Eloignement_V_Nawres/Page_Ajouter_Decision/input_Date_Notification"), DateActuelle, STOP_ON_FAILURE): Text '14/02/2025' is set on object 'Object Repository/ANEF_Eloignement_V_Nawres/Page_Ajouter_Decision/input_Date_Notification'

14-02-2025T09:45:02 - [MESSAGE][INFO] - Finding Test Object 'Object Repository/ANEF_Eloignement_V_Nawres/Page_Ajouter_Decision/input_Date_Notification'

14-02-2025T09:45:02 - [MESSAGE][INFO] - Checking timeout

14-02-2025T09:45:02 - [MESSAGE][INFO] - Finding web element with id: 'Object Repository/ANEF_Eloignement_V_Nawres/Page_Ajouter_Decision/input_Date_Notification' located by 'By.xpath: //app-dsfr-input/div/input[@id="date_notification"]' in '20' second(s)

14-02-2025T09:45:02 - [MESSAGE][INFO] - Found 1 web elements with id: 'Object Repository/ANEF_Eloignement_V_Nawres/Page_Ajouter_Decision/input_Date_Notification' located by 'By.xpath: //app-dsfr-input/div/input[@id="date_notification"]' in '20' second(s)

14-02-2025T09:45:02 - [MESSAGE][INFO] - Checking object

14-02-2025T09:45:02 - [MESSAGE][INFO] - Checking text

14-02-2025T09:45:02 - [MESSAGE][INFO] - Finding web element from Test Object's properties

14-02-2025T09:45:02 - [MESSAGE][INFO] - Checking timeout

14-02-2025T09:45:02 - [MESSAGE][INFO] - Finding web element with id: 'Object Repository/ANEF_Eloignement_V_Nawres/Page_Ajouter_Decision/input_Date_Notification' located by 'By.xpath: //app-dsfr-input/div/input[@id="date_notification"]' in '100' second(s)

14-02-2025T09:45:02 - [MESSAGE][INFO] - Found 1 web elements with id: 'Object Repository/ANEF_Eloignement_V_Nawres/Page_Ajouter_Decision/input_Date_Notification' located by 'By.xpath: //app-dsfr-input/div/input[@id="date_notification"]' in '100' second(s)

14-02-2025T09:45:02 - [MESSAGE][INFO] - Clearing text of object 'Object Repository/ANEF_Eloignement_V_Nawres/Page_Ajouter_Decision/input_Date_Notification'

14-02-2025T09:45:03 - [MESSAGE][INFO] - Finding web element from Test Object's properties

14-02-2025T09:45:03 - [MESSAGE][INFO] - Checking timeout

14-02-2025T09:45:03 - [MESSAGE][INFO] - Finding web element with id: 'Object Repository/ANEF_Eloignement_V_Nawres/Page_Ajouter_Decision/input_Date_Notification' located by 'By.xpath: //app-dsfr-input/div/input[@id="date_notification"]' in '100' second(s)

14-02-2025T09:45:03 - [MESSAGE][INFO] - Found 1 web elements with id: 'Object Repository/ANEF_Eloignement_V_Nawres/Page_Ajouter_Decision/input_Date_Notification' located by 'By.xpath: //app-dsfr-input/div/input[@id="date_notification"]' in '100' second(s)

14-02-2025T09:45:03 - [MESSAGE][INFO] - Setting text of object 'Object Repository/ANEF_Eloignement_V_Nawres/Page_Ajouter_Decision/input_Date_Notification' to value '14/02/2025'

14-02-2025T09:45:04 - [MESSAGE][PASSED] - Text '14/02/2025' is set on object 'Object Repository/ANEF_Eloignement_V_Nawres/Page_Ajouter_Decision/input_Date_Notification'

14-02-2025T09:45:04 - [TEST_STEP][PASSED] - if (ModeNotification == "Voie administrative"): Text '14:30' is set on object 'Object Repository/ANEF_Eloignement_V_Nawres/Page_Ajouter_Decision/input_Heure_Notification'

14-02-2025T09:45:04 - [TEST_STEP][PASSED] - setText(findTestObject("Object Repository/ANEF_Eloignement_V_Nawres/Page_Ajouter_Decision/input_Heure_Notification"), "14:30", STOP_ON_FAILURE): Text '14:30' is set on object 'Object Repository/ANEF_Eloignement_V_Nawres/Page_Ajouter_Decision/input_Heure_Notification'

14-02-2025T09:45:04 - [MESSAGE][INFO] - Finding Test Object 'Object Repository/ANEF_Eloignement_V_Nawres/Page_Ajouter_Decision/input_Heure_Notification'

14-02-2025T09:45:04 - [MESSAGE][INFO] - Checking timeout

14-02-2025T09:45:04 - [MESSAGE][INFO] - Finding web element with id: 'Object Repository/ANEF_Eloignement_V_Nawres/Page_Ajouter_Decision/input_Heure_Notification' located by 'By.xpath: //app-notification-modal//form//app-dsfr-input/div/input[@id="heure_notification"]' in '20' second(s)

14-02-2025T09:45:04 - [MESSAGE][INFO] - Found 1 web elements with id: 'Object Repository/ANEF_Eloignement_V_Nawres/Page_Ajouter_Decision/input_Heure_Notification' located by 'By.xpath: //app-notification-modal//form//app-dsfr-input/div/input[@id="heure_notification"]' in '20' second(s)

14-02-2025T09:45:04 - [MESSAGE][INFO] - Checking object

14-02-2025T09:45:04 - [MESSAGE][INFO] - Checking text

14-02-2025T09:45:04 - [MESSAGE][INFO] - Finding web element from Test Object's properties

14-02-2025T09:45:04 - [MESSAGE][INFO] - Checking timeout

14-02-2025T09:45:04 - [MESSAGE][INFO] - Finding web element with id: 'Object Repository/ANEF_Eloignement_V_Nawres/Page_Ajouter_Decision/input_Heure_Notification' located by 'By.xpath: //app-notification-modal//form//app-dsfr-input/div/input[@id="heure_notification"]' in '100' second(s)

14-02-2025T09:45:04 - [MESSAGE][INFO] - Found 1 web elements with id: 'Object Repository/ANEF_Eloignement_V_Nawres/Page_Ajouter_Decision/input_Heure_Notification' located by 'By.xpath: //app-notification-modal//form//app-dsfr-input/div/input[@id="heure_notification"]' in '100' second(s)

14-02-2025T09:45:04 - [MESSAGE][INFO] - Clearing text of object 'Object Repository/ANEF_Eloignement_V_Nawres/Page_Ajouter_Decision/input_Heure_Notification'

14-02-2025T09:45:05 - [MESSAGE][INFO] - Finding web element from Test Object's properties

14-02-2025T09:45:05 - [MESSAGE][INFO] - Checking timeout

14-02-2025T09:45:05 - [MESSAGE][INFO] - Finding web element with id: 'Object Repository/ANEF_Eloignement_V_Nawres/Page_Ajouter_Decision/input_Heure_Notification' located by 'By.xpath: //app-notification-modal//form//app-dsfr-input/div/input[@id="heure_notification"]' in '100' second(s)

14-02-2025T09:45:05 - [MESSAGE][INFO] - Found 1 web elements with id: 'Object Repository/ANEF_Eloignement_V_Nawres/Page_Ajouter_Decision/input_Heure_Notification' located by 'By.xpath: //app-notification-modal//form//app-dsfr-input/div/input[@id="heure_notification"]' in '100' second(s)

14-02-2025T09:45:05 - [MESSAGE][INFO] - Setting text of object 'Object Repository/ANEF_Eloignement_V_Nawres/Page_Ajouter_Decision/input_Heure_Notification' to value '14:30'

14-02-2025T09:45:06 - [MESSAGE][PASSED] - Text '14:30' is set on object 'Object Repository/ANEF_Eloignement_V_Nawres/Page_Ajouter_Decision/input_Heure_Notification'

14-02-2025T09:45:06 - [TEST_STEP][PASSED] - uploadFile(findTestObject("Object Repository/ANEF_Eloignement_V_Nawres/Page_Ajouter_Decision/input_Ajouter_Fichier_Notification"), getProjectDir() + "/Data Files/Fichier_Test.pdf"): File 'C:/Users/nbenjemi/Katalon Studio/ANEF-ELOIGNEMENT-20250121/ANEF-ELOIGNEMENT-20250121/Data Files/Fichier_Test.pdf' sent to object: 'Object Repository/ANEF_Eloignement_V_Nawres/Page_Ajouter_Decision/input_Ajouter_Fichier_Notification'

14-02-2025T09:45:06 - [MESSAGE][INFO] - Finding Test Object 'Object Repository/ANEF_Eloignement_V_Nawres/Page_Ajouter_Decision/input_Ajouter_Fichier_Notification'

14-02-2025T09:45:06 - [MESSAGE][INFO] - Checking object

14-02-2025T09:45:06 - [MESSAGE][INFO] - Uploading file 'C:/Users/nbenjemi/Katalon Studio/ANEF-ELOIGNEMENT-20250121/ANEF-ELOIGNEMENT-20250121/Data Files/Fichier_Test.pdf' to object: 'Object Repository/ANEF_Eloignement_V_Nawres/Page_Ajouter_Decision/input_Ajouter_Fichier_Notification'

14-02-2025T09:45:06 - [MESSAGE][INFO] - Finding web element from Test Object's properties

14-02-2025T09:45:06 - [MESSAGE][INFO] - Checking timeout

14-02-2025T09:45:06 - [MESSAGE][INFO] - Finding web element with id: 'Object Repository/ANEF_Eloignement_V_Nawres/Page_Ajouter_Decision/input_Ajouter_Fichier_Notification' located by 'By.xpath: //app-notification-modal//form//app-dsfr-piece-jointe//input' in '100' second(s)

14-02-2025T09:45:06 - [MESSAGE][INFO] - Found 1 web elements with id: 'Object Repository/ANEF_Eloignement_V_Nawres/Page_Ajouter_Decision/input_Ajouter_Fichier_Notification' located by 'By.xpath: //app-notification-modal//form//app-dsfr-piece-jointe//input' in '100' second(s)

14-02-2025T09:45:08 - [MESSAGE][PASSED] - File 'C:/Users/nbenjemi/Katalon Studio/ANEF-ELOIGNEMENT-20250121/ANEF-ELOIGNEMENT-20250121/Data Files/Fichier_Test.pdf' sent to object: 'Object Repository/ANEF_Eloignement_V_Nawres/Page_Ajouter_Decision/input_Ajouter_Fichier_Notification'

14-02-2025T09:45:08 - [TEST_STEP][PASSED] - scrollToElement(findTestObject("Object Repository/ANEF_Eloignement_V_Nawres/Page_Ajouter_Decision/btn_Confirmer_Ajout_Notification"), 5, STOP_ON_FAILURE): Scroll to object 'Object Repository/ANEF_Eloignement_V_Nawres/Page_Ajouter_Decision/btn_Confirmer_Ajout_Notification' successfully

14-02-2025T09:45:08 - [MESSAGE][INFO] - Finding Test Object 'Object Repository/ANEF_Eloignement_V_Nawres/Page_Ajouter_Decision/btn_Confirmer_Ajout_Notification'

14-02-2025T09:45:08 - [MESSAGE][INFO] - Checking object

14-02-2025T09:45:08 - [MESSAGE][INFO] - Checking timeout

14-02-2025T09:45:08 - [MESSAGE][INFO] - Finding web element from Test Object's properties

14-02-2025T09:45:08 - [MESSAGE][INFO] - Checking timeout

14-02-2025T09:45:08 - [MESSAGE][INFO] - Finding web element with id: 'Object Repository/ANEF_Eloignement_V_Nawres/Page_Ajouter_Decision/btn_Confirmer_Ajout_Notification' located by 'By.xpath: //app-notification-modal//button[contains(text(),"Confirmer l'ajout")]' in '100' second(s)

14-02-2025T09:45:08 - [MESSAGE][INFO] - Found 1 web elements with id: 'Object Repository/ANEF_Eloignement_V_Nawres/Page_Ajouter_Decision/btn_Confirmer_Ajout_Notification' located by 'By.xpath: //app-notification-modal//button[contains(text(),"Confirmer l'ajout")]' in '100' second(s)

14-02-2025T09:45:08 - [MESSAGE][INFO] - Scrolling to object 'Object Repository/ANEF_Eloignement_V_Nawres/Page_Ajouter_Decision/btn_Confirmer_Ajout_Notification'

14-02-2025T09:45:08 - [MESSAGE][PASSED] - Scroll to object 'Object Repository/ANEF_Eloignement_V_Nawres/Page_Ajouter_Decision/btn_Confirmer_Ajout_Notification' successfully

14-02-2025T09:45:08 - [TEST_STEP][PASSED] - click(findTestObject("Object Repository/ANEF_Eloignement_V_Nawres/Page_Ajouter_Decision/btn_Confirmer_Ajout_Notification"), STOP_ON_FAILURE): Object: 'Object Repository/ANEF_Eloignement_V_Nawres/Page_Ajouter_Decision/btn_Confirmer_Ajout_Notification' is clicked on

14-02-2025T09:45:08 - [MESSAGE][INFO] - Finding Test Object 'Object Repository/ANEF_Eloignement_V_Nawres/Page_Ajouter_Decision/btn_Confirmer_Ajout_Notification'

14-02-2025T09:45:08 - [MESSAGE][INFO] - Checking timeout

14-02-2025T09:45:08 - [MESSAGE][INFO] - Finding web element with id: 'Object Repository/ANEF_Eloignement_V_Nawres/Page_Ajouter_Decision/btn_Confirmer_Ajout_Notification' located by 'By.xpath: //app-notification-modal//button[contains(text(),"Confirmer l'ajout")]' in '20' second(s)

14-02-2025T09:45:08 - [MESSAGE][INFO] - Found 1 web elements with id: 'Object Repository/ANEF_Eloignement_V_Nawres/Page_Ajouter_Decision/btn_Confirmer_Ajout_Notification' located by 'By.xpath: //app-notification-modal//button[contains(text(),"Confirmer l'ajout")]' in '20' second(s)

14-02-2025T09:45:08 - [MESSAGE][INFO] - Checking object

14-02-2025T09:45:08 - [MESSAGE][INFO] - Checking timeout

14-02-2025T09:45:08 - [MESSAGE][INFO] - Finding web element from Test Object's properties

14-02-2025T09:45:08 - [MESSAGE][INFO] - Checking timeout

14-02-2025T09:45:08 - [MESSAGE][INFO] - Finding web element with id: 'Object Repository/ANEF_Eloignement_V_Nawres/Page_Ajouter_Decision/btn_Confirmer_Ajout_Notification' located by 'By.xpath: //app-notification-modal//button[contains(text(),"Confirmer l'ajout")]' in '100' second(s)

14-02-2025T09:45:08 - [MESSAGE][INFO] - Found 1 web elements with id: 'Object Repository/ANEF_Eloignement_V_Nawres/Page_Ajouter_Decision/btn_Confirmer_Ajout_Notification' located by 'By.xpath: //app-notification-modal//button[contains(text(),"Confirmer l'ajout")]' in '100' second(s)

14-02-2025T09:45:08 - [MESSAGE][INFO] - Clicking on object: 'Object Repository/ANEF_Eloignement_V_Nawres/Page_Ajouter_Decision/btn_Confirmer_Ajout_Notification'

14-02-2025T09:45:09 - [MESSAGE][PASSED] - Object: 'Object Repository/ANEF_Eloignement_V_Nawres/Page_Ajouter_Decision/btn_Confirmer_Ajout_Notification' is clicked on

14-02-2025T09:45:09 - [TEST_STEP][PASSED] - waitForElementClickable(findTestObject("Object Repository/ANEF_Eloignement_V_Nawres/Page_Ajouter_Decision/btn_Enregistrer"), 7, STOP_ON_FAILURE): Object 'Object Repository/ANEF_Eloignement_V_Nawres/Page_Ajouter_Decision/btn_Enregistrer' is clickable

14-02-2025T09:45:09 - [MESSAGE][INFO] - Finding Test Object 'Object Repository/ANEF_Eloignement_V_Nawres/Page_Ajouter_Decision/btn_Enregistrer'

14-02-2025T09:45:09 - [MESSAGE][INFO] - Checking object

14-02-2025T09:45:09 - [MESSAGE][INFO] - Checking timeout

14-02-2025T09:45:09 - [MESSAGE][INFO] - Finding web element from Test Object's properties

14-02-2025T09:45:09 - [MESSAGE][INFO] - Checking timeout

14-02-2025T09:45:09 - [MESSAGE][INFO] - Finding web element with id: 'Object Repository/ANEF_Eloignement_V_Nawres/Page_Ajouter_Decision/btn_Enregistrer' located by 'By.xpath: //button[contains(text(),"Enregistrer")]' in '7' second(s)

14-02-2025T09:45:09 - [MESSAGE][INFO] - Found 1 web elements with id: 'Object Repository/ANEF_Eloignement_V_Nawres/Page_Ajouter_Decision/btn_Enregistrer' located by 'By.xpath: //button[contains(text(),"Enregistrer")]' in '7' second(s)

14-02-2025T09:45:09 - [MESSAGE][PASSED] - Object 'Object Repository/ANEF_Eloignement_V_Nawres/Page_Ajouter_Decision/btn_Enregistrer' is clickable

14-02-2025T09:45:09 - [MESSAGE][PASSED] - Call Test Case 'Test Cases/Test Reutilisable/Main/ANEF_Eloignement_V_Nawres/ANEF_Ajouter_Decision' successfully

14-02-2025T09:45:11 - [TEST_STEP][PASSED] - Video: Video recording for test case 'Test Cases/Cas D Utilisations/ANEF_Eloignement_V_Nawres/TC_ANEF_Eloignement' .

14-02-2025T09:45:11 - [MESSAGE][INFO] - Video recording for test case 'Test Cases/Cas D Utilisations/ANEF_Eloignement_V_Nawres/TC_ANEF_Eloignement' .]]></system-out>
         <system-err><![CDATA[]]></system-err>
      </testcase>
      <testcase name="Test Cases/Cas D Utilisations/ANEF_Eloignement_V_Nawres/TC_ANEF_Eloignement" time="70.596" classname="Test Cases/Cas D Utilisations/ANEF_Eloignement_V_Nawres/TC_ANEF_Eloignement" status="PASSED">
         <system-out><![CDATA[14-02-2025T09:45:11 - [TEST_CASE][PASSED] - Test Cases/Cas D Utilisations/ANEF_Eloignement_V_Nawres/TC_ANEF_Eloignement: Test Cases/Cas D Utilisations/ANEF_Eloignement_V_Nawres/TC_ANEF_Eloignement

14-02-2025T09:45:11 - [TEST_STEP][PASSED] - callTestCase(findTestCase("Test Cases/Test Reutilisable/Main/ANEF_Eloignement_V_Nawres/ANEF_Lancer_URL_ANEF"), ["Profiles":Profiles, "EnvExec":EnvExec], STOP_ON_FAILURE): Call Test Case 'Test Cases/Test Reutilisable/Main/ANEF_Eloignement_V_Nawres/ANEF_Lancer_URL_ANEF' successfully

14-02-2025T09:45:11 - [MESSAGE][INFO] - Checking called Test Case

14-02-2025T09:45:11 - [MESSAGE][INFO] - Starting to call Test Case 'Test Cases/Test Reutilisable/Main/ANEF_Eloignement_V_Nawres/ANEF_Lancer_URL_ANEF'

14-02-2025T09:45:11 - [TEST_CASE][PASSED] - Test Cases/Test Reutilisable/Main/ANEF_Eloignement_V_Nawres/ANEF_Lancer_URL_ANEF: Test Cases/Test Reutilisable/Main/ANEF_Eloignement_V_Nawres/ANEF_Lancer_URL_ANEF

14-02-2025T09:45:12 - [TEST_STEP][PASSED] - "Call Highlight.on() automatically": null

14-02-2025T09:45:12 - [TEST_STEP][PASSED] - projDir = getProjectDir(): null

14-02-2025T09:45:12 - [TEST_STEP][PASSED] - RunBrowserConfiguration = getExecutionProperties(): null

14-02-2025T09:45:12 - [TEST_STEP][PASSED] - DriverName = get("WebUI").get("browserType"): null

14-02-2025T09:45:12 - [TEST_STEP][PASSED] - println("DriverName :" + DriverName): null

14-02-2025T09:45:12 - [TEST_STEP][PASSED] - println("Driverpath :" + RunBrowserConfiguration.get("drivers")): null

14-02-2025T09:45:12 - [TEST_STEP][PASSED] - if (Profiles == "Usager"): null

14-02-2025T09:45:12 - [TEST_STEP][PASSED] - if (Profiles == "Agent"): Current window maximized

14-02-2025T09:45:12 - [TEST_STEP][PASSED] - if (EnvExec == "URLPortailAgentQualif"): null

14-02-2025T09:45:12 - [TEST_STEP][PASSED] - if (EnvExec == "URLPortailAgentPreProd"): Browser is opened with url: 'https://preprod.siaef.dgef.interieur.gouv.fr/sejour/#/accueil'

14-02-2025T09:45:12 - [TEST_STEP][PASSED] - openBrowser(URLPortailAgentPreProd): Browser is opened with url: 'https://preprod.siaef.dgef.interieur.gouv.fr/sejour/#/accueil'

14-02-2025T09:45:12 - [MESSAGE][INFO] - Opening browser

14-02-2025T09:45:12 - [MESSAGE][WARNING] - A browser is already opened. Closing browser and opening a new one

14-02-2025T09:45:12 - [MESSAGE][INFO] - Starting 'Chrome' driver

14-02-2025T09:45:12 - [MESSAGE][INFO] - User set preference: ['args', '[--incognito, --disable-search-engine-choice-screen, --enable-automation, --disable-save-password-bubble, --start-maximized, --remote-allow-origins=*]']

14-02-2025T09:45:12 - [MESSAGE][INFO] - User set preference: ['prefs', '{download.default_directory=${GlobalVariable.downloadPath}, download_dir=${GlobalVariable.downloadPath}, download.prompt_for_download=false}']

14-02-2025T09:45:12 - [MESSAGE][INFO] - User set preference: ['loggingPrefs', '{browser=ALL}']

14-02-2025T09:45:12 - [MESSAGE][INFO] - Action delay is set to 1â€¯000 milliseconds

14-02-2025T09:45:14 - [MESSAGE][INFO] - Navigating browser to: 'https://preprod.siaef.dgef.interieur.gouv.fr/sejour/#/accueil'

14-02-2025T09:45:15 - [MESSAGE][PASSED] - Browser is opened with url: 'https://preprod.siaef.dgef.interieur.gouv.fr/sejour/#/accueil'

14-02-2025T09:45:15 - [TEST_STEP][PASSED] - maximizeWindow(): Current window maximized

14-02-2025T09:45:15 - [MESSAGE][INFO] - Maximizing current window

14-02-2025T09:45:15 - [MESSAGE][PASSED] - Current window maximized

14-02-2025T09:45:15 - [MESSAGE][PASSED] - Call Test Case 'Test Cases/Test Reutilisable/Main/ANEF_Eloignement_V_Nawres/ANEF_Lancer_URL_ANEF' successfully

14-02-2025T09:45:15 - [TEST_STEP][PASSED] - callTestCase(findTestCase("Test Cases/Test Reutilisable/Main/ANEF_Eloignement_V_Nawres/ANEF_Identification"), ["Profiles":Profiles, "IdentifiantAgent":IdentifiantAgent, "PwAgent":PwAgent, "EnvExec":EnvExec], STOP_ON_FAILURE): Call Test Case 'Test Cases/Test Reutilisable/Main/ANEF_Eloignement_V_Nawres/ANEF_Identification' successfully

14-02-2025T09:45:15 - [MESSAGE][INFO] - Checking called Test Case

14-02-2025T09:45:15 - [MESSAGE][INFO] - Starting to call Test Case 'Test Cases/Test Reutilisable/Main/ANEF_Eloignement_V_Nawres/ANEF_Identification'

14-02-2025T09:45:15 - [TEST_CASE][PASSED] - Test Cases/Test Reutilisable/Main/ANEF_Eloignement_V_Nawres/ANEF_Identification: Test Cases/Test Reutilisable/Main/ANEF_Eloignement_V_Nawres/ANEF_Identification

14-02-2025T09:45:15 - [TEST_STEP][PASSED] - com.kazurayam.ksbackyard.HighlightElement.pandemic(): com.kazurayam.ksbackyard.HighlightElement.pandemic is PASSED

14-02-2025T09:45:15 - [MESSAGE][PASSED] - com.kazurayam.ksbackyard.HighlightElement.pandemic is PASSED

14-02-2025T09:45:15 - [TEST_STEP][PASSED] - if (Profiles == "Usager"): null

14-02-2025T09:45:15 - [TEST_STEP][PASSED] - if (Profiles == "Agent"): Object: 'Object Repository/ANEF_Eloignement_V_Nawres/Page_ANEF_Connexion/btn_Valider_Conx_Agent' is clicked on

14-02-2025T09:45:15 - [TEST_STEP][PASSED] - if (EnvExec == "URLPortailAgentQualif"): null

14-02-2025T09:45:15 - [TEST_STEP][PASSED] - if (EnvExec == "URLPortailAgentPreProd"): Text 'Natali123456!' is set on object 'Object Repository/ANEF_Eloignement_V_Nawres/Page_ANEF_Connexion/Input_PasswordAgent'

14-02-2025T09:45:15 - [TEST_STEP][PASSED] - setText(findTestObject("Object Repository/ANEF_Eloignement_V_Nawres/Page_ANEF_Connexion/Input_UserNameAgent"), IdentifiantAgent): Text 'test.gpe+970@outlook.fr' is set on object 'Object Repository/ANEF_Eloignement_V_Nawres/Page_ANEF_Connexion/Input_UserNameAgent'

14-02-2025T09:45:15 - [MESSAGE][INFO] - Finding Test Object 'Object Repository/ANEF_Eloignement_V_Nawres/Page_ANEF_Connexion/Input_UserNameAgent'

14-02-2025T09:45:15 - [MESSAGE][INFO] - Checking timeout

14-02-2025T09:45:15 - [MESSAGE][INFO] - Finding web element with id: 'Object Repository/ANEF_Eloignement_V_Nawres/Page_ANEF_Connexion/Input_UserNameAgent' located by 'By.xpath: //*[@aria-labelledby="username-label"]|//*[@id="login"]' in '20' second(s)

14-02-2025T09:45:16 - [MESSAGE][INFO] - Found 1 web elements with id: 'Object Repository/ANEF_Eloignement_V_Nawres/Page_ANEF_Connexion/Input_UserNameAgent' located by 'By.xpath: //*[@aria-labelledby="username-label"]|//*[@id="login"]' in '20' second(s)

14-02-2025T09:45:16 - [MESSAGE][INFO] - Checking object

14-02-2025T09:45:16 - [MESSAGE][INFO] - Checking text

14-02-2025T09:45:16 - [MESSAGE][INFO] - Finding web element from Test Object's properties

14-02-2025T09:45:16 - [MESSAGE][INFO] - Checking timeout

14-02-2025T09:45:16 - [MESSAGE][INFO] - Finding web element with id: 'Object Repository/ANEF_Eloignement_V_Nawres/Page_ANEF_Connexion/Input_UserNameAgent' located by 'By.xpath: //*[@aria-labelledby="username-label"]|//*[@id="login"]' in '100' second(s)

14-02-2025T09:45:16 - [MESSAGE][INFO] - Found 1 web elements with id: 'Object Repository/ANEF_Eloignement_V_Nawres/Page_ANEF_Connexion/Input_UserNameAgent' located by 'By.xpath: //*[@aria-labelledby="username-label"]|//*[@id="login"]' in '100' second(s)

14-02-2025T09:45:16 - [MESSAGE][INFO] - Clearing text of object 'Object Repository/ANEF_Eloignement_V_Nawres/Page_ANEF_Connexion/Input_UserNameAgent'

14-02-2025T09:45:17 - [MESSAGE][INFO] - Finding web element from Test Object's properties

14-02-2025T09:45:17 - [MESSAGE][INFO] - Checking timeout

14-02-2025T09:45:17 - [MESSAGE][INFO] - Finding web element with id: 'Object Repository/ANEF_Eloignement_V_Nawres/Page_ANEF_Connexion/Input_UserNameAgent' located by 'By.xpath: //*[@aria-labelledby="username-label"]|//*[@id="login"]' in '100' second(s)

14-02-2025T09:45:17 - [MESSAGE][INFO] - Found 1 web elements with id: 'Object Repository/ANEF_Eloignement_V_Nawres/Page_ANEF_Connexion/Input_UserNameAgent' located by 'By.xpath: //*[@aria-labelledby="username-label"]|//*[@id="login"]' in '100' second(s)

14-02-2025T09:45:17 - [MESSAGE][INFO] - Setting text of object 'Object Repository/ANEF_Eloignement_V_Nawres/Page_ANEF_Connexion/Input_UserNameAgent' to value 'test.gpe+970@outlook.fr'

14-02-2025T09:45:18 - [MESSAGE][PASSED] - Text 'test.gpe+970@outlook.fr' is set on object 'Object Repository/ANEF_Eloignement_V_Nawres/Page_ANEF_Connexion/Input_UserNameAgent'

14-02-2025T09:45:18 - [TEST_STEP][PASSED] - setText(findTestObject("Object Repository/ANEF_Eloignement_V_Nawres/Page_ANEF_Connexion/Input_PasswordAgent"), PwAgent): Text 'Natali123456!' is set on object 'Object Repository/ANEF_Eloignement_V_Nawres/Page_ANEF_Connexion/Input_PasswordAgent'

14-02-2025T09:45:18 - [MESSAGE][INFO] - Finding Test Object 'Object Repository/ANEF_Eloignement_V_Nawres/Page_ANEF_Connexion/Input_PasswordAgent'

14-02-2025T09:45:18 - [MESSAGE][INFO] - Checking timeout

14-02-2025T09:45:18 - [MESSAGE][INFO] - Finding web element with id: 'Object Repository/ANEF_Eloignement_V_Nawres/Page_ANEF_Connexion/Input_PasswordAgent' located by 'By.xpath: //*[@aria-labelledby="password-label"]|//*[@id="password"]' in '20' second(s)

14-02-2025T09:45:18 - [MESSAGE][INFO] - Found 1 web elements with id: 'Object Repository/ANEF_Eloignement_V_Nawres/Page_ANEF_Connexion/Input_PasswordAgent' located by 'By.xpath: //*[@aria-labelledby="password-label"]|//*[@id="password"]' in '20' second(s)

14-02-2025T09:45:18 - [MESSAGE][INFO] - Checking object

14-02-2025T09:45:18 - [MESSAGE][INFO] - Checking text

14-02-2025T09:45:18 - [MESSAGE][INFO] - Finding web element from Test Object's properties

14-02-2025T09:45:18 - [MESSAGE][INFO] - Checking timeout

14-02-2025T09:45:18 - [MESSAGE][INFO] - Finding web element with id: 'Object Repository/ANEF_Eloignement_V_Nawres/Page_ANEF_Connexion/Input_PasswordAgent' located by 'By.xpath: //*[@aria-labelledby="password-label"]|//*[@id="password"]' in '100' second(s)

14-02-2025T09:45:18 - [MESSAGE][INFO] - Found 1 web elements with id: 'Object Repository/ANEF_Eloignement_V_Nawres/Page_ANEF_Connexion/Input_PasswordAgent' located by 'By.xpath: //*[@aria-labelledby="password-label"]|//*[@id="password"]' in '100' second(s)

14-02-2025T09:45:18 - [MESSAGE][INFO] - Clearing text of object 'Object Repository/ANEF_Eloignement_V_Nawres/Page_ANEF_Connexion/Input_PasswordAgent'

14-02-2025T09:45:19 - [MESSAGE][INFO] - Finding web element from Test Object's properties

14-02-2025T09:45:19 - [MESSAGE][INFO] - Checking timeout

14-02-2025T09:45:19 - [MESSAGE][INFO] - Finding web element with id: 'Object Repository/ANEF_Eloignement_V_Nawres/Page_ANEF_Connexion/Input_PasswordAgent' located by 'By.xpath: //*[@aria-labelledby="password-label"]|//*[@id="password"]' in '100' second(s)

14-02-2025T09:45:19 - [MESSAGE][INFO] - Found 1 web elements with id: 'Object Repository/ANEF_Eloignement_V_Nawres/Page_ANEF_Connexion/Input_PasswordAgent' located by 'By.xpath: //*[@aria-labelledby="password-label"]|//*[@id="password"]' in '100' second(s)

14-02-2025T09:45:19 - [MESSAGE][INFO] - Setting text of object 'Object Repository/ANEF_Eloignement_V_Nawres/Page_ANEF_Connexion/Input_PasswordAgent' to value 'Natali123456!'

14-02-2025T09:45:20 - [MESSAGE][PASSED] - Text 'Natali123456!' is set on object 'Object Repository/ANEF_Eloignement_V_Nawres/Page_ANEF_Connexion/Input_PasswordAgent'

14-02-2025T09:45:20 - [TEST_STEP][PASSED] - click(findTestObject("Object Repository/ANEF_Eloignement_V_Nawres/Page_ANEF_Connexion/btn_Valider_Conx_Agent")): Object: 'Object Repository/ANEF_Eloignement_V_Nawres/Page_ANEF_Connexion/btn_Valider_Conx_Agent' is clicked on

14-02-2025T09:45:20 - [MESSAGE][INFO] - Finding Test Object 'Object Repository/ANEF_Eloignement_V_Nawres/Page_ANEF_Connexion/btn_Valider_Conx_Agent'

14-02-2025T09:45:20 - [MESSAGE][INFO] - Checking timeout

14-02-2025T09:45:20 - [MESSAGE][INFO] - Finding web element with id: 'Object Repository/ANEF_Eloignement_V_Nawres/Page_ANEF_Connexion/btn_Valider_Conx_Agent' located by 'By.xpath: //*[@label="Valider"]|//*[@id="btn-login"]' in '20' second(s)

14-02-2025T09:45:20 - [MESSAGE][INFO] - Found 1 web elements with id: 'Object Repository/ANEF_Eloignement_V_Nawres/Page_ANEF_Connexion/btn_Valider_Conx_Agent' located by 'By.xpath: //*[@label="Valider"]|//*[@id="btn-login"]' in '20' second(s)

14-02-2025T09:45:20 - [MESSAGE][INFO] - Checking object

14-02-2025T09:45:20 - [MESSAGE][INFO] - Checking timeout

14-02-2025T09:45:20 - [MESSAGE][INFO] - Finding web element from Test Object's properties

14-02-2025T09:45:20 - [MESSAGE][INFO] - Checking timeout

14-02-2025T09:45:20 - [MESSAGE][INFO] - Finding web element with id: 'Object Repository/ANEF_Eloignement_V_Nawres/Page_ANEF_Connexion/btn_Valider_Conx_Agent' located by 'By.xpath: //*[@label="Valider"]|//*[@id="btn-login"]' in '100' second(s)

14-02-2025T09:45:20 - [MESSAGE][INFO] - Found 1 web elements with id: 'Object Repository/ANEF_Eloignement_V_Nawres/Page_ANEF_Connexion/btn_Valider_Conx_Agent' located by 'By.xpath: //*[@label="Valider"]|//*[@id="btn-login"]' in '100' second(s)

14-02-2025T09:45:20 - [MESSAGE][INFO] - Clicking on object: 'Object Repository/ANEF_Eloignement_V_Nawres/Page_ANEF_Connexion/btn_Valider_Conx_Agent'

14-02-2025T09:45:21 - [MESSAGE][PASSED] - Object: 'Object Repository/ANEF_Eloignement_V_Nawres/Page_ANEF_Connexion/btn_Valider_Conx_Agent' is clicked on

14-02-2025T09:45:21 - [TEST_STEP][PASSED] - delay(5): Delayed 5 second(s)

14-02-2025T09:45:21 - [MESSAGE][INFO] - Delaying browser in 5 second(s)

14-02-2025T09:45:26 - [MESSAGE][PASSED] - Delayed 5 second(s)

14-02-2025T09:45:26 - [TEST_STEP][PASSED] - verifyElementPresent(findTestObject("Object Repository/ANEF_Eloignement_V_Nawres/Page_Accueil_Principale/btn_ANEF_Eloignement"), 1, STOP_ON_FAILURE): Object 'Object Repository/ANEF_Eloignement_V_Nawres/Page_Accueil_Principale/btn_ANEF_Eloignement' is present

14-02-2025T09:45:26 - [MESSAGE][INFO] - Finding Test Object 'Object Repository/ANEF_Eloignement_V_Nawres/Page_Accueil_Principale/btn_ANEF_Eloignement'

14-02-2025T09:45:26 - [MESSAGE][INFO] - Checking object

14-02-2025T09:45:26 - [MESSAGE][INFO] - Finding web element from Test Object's properties

14-02-2025T09:45:26 - [MESSAGE][INFO] - Checking timeout

14-02-2025T09:45:26 - [MESSAGE][INFO] - Finding web element with id: 'Object Repository/ANEF_Eloignement_V_Nawres/Page_Accueil_Principale/btn_ANEF_Eloignement' located by 'By.xpath: //span[contains(text()," ANEF Ã©loignement ")]' in '1' second(s)

14-02-2025T09:45:26 - [MESSAGE][INFO] - Found 1 web elements with id: 'Object Repository/ANEF_Eloignement_V_Nawres/Page_Accueil_Principale/btn_ANEF_Eloignement' located by 'By.xpath: //span[contains(text()," ANEF Ã©loignement ")]' in '1' second(s)

14-02-2025T09:45:26 - [MESSAGE][PASSED] - Object 'Object Repository/ANEF_Eloignement_V_Nawres/Page_Accueil_Principale/btn_ANEF_Eloignement' is present

14-02-2025T09:45:26 - [MESSAGE][PASSED] - Call Test Case 'Test Cases/Test Reutilisable/Main/ANEF_Eloignement_V_Nawres/ANEF_Identification' successfully

14-02-2025T09:45:26 - [TEST_STEP][PASSED] - callTestCase(findTestCase("Test Cases/Test Reutilisable/Main/ANEF_Eloignement_V_Nawres/ANEF_Creation_ou_Recherche_Dossier"), ["CreationOuRecherche":CreationOuRecherche, "NumeroEtranger":NumeroEtranger], STOP_ON_FAILURE): Call Test Case 'Test Cases/Test Reutilisable/Main/ANEF_Eloignement_V_Nawres/ANEF_Creation_ou_Recherche_Dossier' successfully

14-02-2025T09:45:26 - [MESSAGE][INFO] - Checking called Test Case

14-02-2025T09:45:26 - [MESSAGE][INFO] - Starting to call Test Case 'Test Cases/Test Reutilisable/Main/ANEF_Eloignement_V_Nawres/ANEF_Creation_ou_Recherche_Dossier'

14-02-2025T09:45:26 - [TEST_CASE][PASSED] - Test Cases/Test Reutilisable/Main/ANEF_Eloignement_V_Nawres/ANEF_Creation_ou_Recherche_Dossier: Test Cases/Test Reutilisable/Main/ANEF_Eloignement_V_Nawres/ANEF_Creation_ou_Recherche_Dossier

14-02-2025T09:45:26 - [TEST_STEP][PASSED] - click(findTestObject("Object Repository/ANEF_Eloignement_V_Nawres/Page_Accueil_Principale/btn_ANEF_Eloignement")): Object: 'Object Repository/ANEF_Eloignement_V_Nawres/Page_Accueil_Principale/btn_ANEF_Eloignement' is clicked on

14-02-2025T09:45:26 - [MESSAGE][INFO] - Finding Test Object 'Object Repository/ANEF_Eloignement_V_Nawres/Page_Accueil_Principale/btn_ANEF_Eloignement'

14-02-2025T09:45:26 - [MESSAGE][INFO] - Checking timeout

14-02-2025T09:45:26 - [MESSAGE][INFO] - Finding web element with id: 'Object Repository/ANEF_Eloignement_V_Nawres/Page_Accueil_Principale/btn_ANEF_Eloignement' located by 'By.xpath: //span[contains(text()," ANEF Ã©loignement ")]' in '20' second(s)

14-02-2025T09:45:26 - [MESSAGE][INFO] - Found 1 web elements with id: 'Object Repository/ANEF_Eloignement_V_Nawres/Page_Accueil_Principale/btn_ANEF_Eloignement' located by 'By.xpath: //span[contains(text()," ANEF Ã©loignement ")]' in '20' second(s)

14-02-2025T09:45:26 - [MESSAGE][INFO] - Checking object

14-02-2025T09:45:26 - [MESSAGE][INFO] - Checking timeout

14-02-2025T09:45:26 - [MESSAGE][INFO] - Finding web element from Test Object's properties

14-02-2025T09:45:26 - [MESSAGE][INFO] - Checking timeout

14-02-2025T09:45:26 - [MESSAGE][INFO] - Finding web element with id: 'Object Repository/ANEF_Eloignement_V_Nawres/Page_Accueil_Principale/btn_ANEF_Eloignement' located by 'By.xpath: //span[contains(text()," ANEF Ã©loignement ")]' in '100' second(s)

14-02-2025T09:45:26 - [MESSAGE][INFO] - Found 1 web elements with id: 'Object Repository/ANEF_Eloignement_V_Nawres/Page_Accueil_Principale/btn_ANEF_Eloignement' located by 'By.xpath: //span[contains(text()," ANEF Ã©loignement ")]' in '100' second(s)

14-02-2025T09:45:26 - [MESSAGE][INFO] - Clicking on object: 'Object Repository/ANEF_Eloignement_V_Nawres/Page_Accueil_Principale/btn_ANEF_Eloignement'

14-02-2025T09:45:29 - [MESSAGE][PASSED] - Object: 'Object Repository/ANEF_Eloignement_V_Nawres/Page_Accueil_Principale/btn_ANEF_Eloignement' is clicked on

14-02-2025T09:45:29 - [TEST_STEP][PASSED] - verifyElementPresent(findTestObject("Object Repository/ANEF_Eloignement_V_Nawres/Page_Creation_ou_Recherche_Dossier/btn_Rechercher_Dossier"), 1, STOP_ON_FAILURE): Object 'Object Repository/ANEF_Eloignement_V_Nawres/Page_Creation_ou_Recherche_Dossier/btn_Rechercher_Dossier' is present

14-02-2025T09:45:29 - [MESSAGE][INFO] - Finding Test Object 'Object Repository/ANEF_Eloignement_V_Nawres/Page_Creation_ou_Recherche_Dossier/btn_Rechercher_Dossier'

14-02-2025T09:45:29 - [MESSAGE][INFO] - Checking object

14-02-2025T09:45:29 - [MESSAGE][INFO] - Finding web element from Test Object's properties

14-02-2025T09:45:29 - [MESSAGE][INFO] - Checking timeout

14-02-2025T09:45:29 - [MESSAGE][INFO] - Finding web element with id: 'Object Repository/ANEF_Eloignement_V_Nawres/Page_Creation_ou_Recherche_Dossier/btn_Rechercher_Dossier' located by 'By.xpath: //button[@title="Rechercher un dossier"]' in '1' second(s)

14-02-2025T09:45:29 - [MESSAGE][INFO] - Found 1 web elements with id: 'Object Repository/ANEF_Eloignement_V_Nawres/Page_Creation_ou_Recherche_Dossier/btn_Rechercher_Dossier' located by 'By.xpath: //button[@title="Rechercher un dossier"]' in '1' second(s)

14-02-2025T09:45:29 - [MESSAGE][PASSED] - Object 'Object Repository/ANEF_Eloignement_V_Nawres/Page_Creation_ou_Recherche_Dossier/btn_Rechercher_Dossier' is present

14-02-2025T09:45:29 - [TEST_STEP][PASSED] - delay(5): Delayed 5 second(s)

14-02-2025T09:45:29 - [MESSAGE][INFO] - Delaying browser in 5 second(s)

14-02-2025T09:45:34 - [MESSAGE][PASSED] - Delayed 5 second(s)

14-02-2025T09:45:34 - [TEST_STEP][PASSED] - click(findTestObject("Object Repository/ANEF_Eloignement_V_Nawres/Page_Creation_ou_Recherche_Dossier/btn_Rechercher_Dossier")): Object: 'Object Repository/ANEF_Eloignement_V_Nawres/Page_Creation_ou_Recherche_Dossier/btn_Rechercher_Dossier' is clicked on

14-02-2025T09:45:34 - [MESSAGE][INFO] - Finding Test Object 'Object Repository/ANEF_Eloignement_V_Nawres/Page_Creation_ou_Recherche_Dossier/btn_Rechercher_Dossier'

14-02-2025T09:45:34 - [MESSAGE][INFO] - Checking timeout

14-02-2025T09:45:34 - [MESSAGE][INFO] - Finding web element with id: 'Object Repository/ANEF_Eloignement_V_Nawres/Page_Creation_ou_Recherche_Dossier/btn_Rechercher_Dossier' located by 'By.xpath: //button[@title="Rechercher un dossier"]' in '20' second(s)

14-02-2025T09:45:34 - [MESSAGE][INFO] - Found 1 web elements with id: 'Object Repository/ANEF_Eloignement_V_Nawres/Page_Creation_ou_Recherche_Dossier/btn_Rechercher_Dossier' located by 'By.xpath: //button[@title="Rechercher un dossier"]' in '20' second(s)

14-02-2025T09:45:34 - [MESSAGE][INFO] - Checking object

14-02-2025T09:45:34 - [MESSAGE][INFO] - Checking timeout

14-02-2025T09:45:34 - [MESSAGE][INFO] - Finding web element from Test Object's properties

14-02-2025T09:45:34 - [MESSAGE][INFO] - Checking timeout

14-02-2025T09:45:34 - [MESSAGE][INFO] - Finding web element with id: 'Object Repository/ANEF_Eloignement_V_Nawres/Page_Creation_ou_Recherche_Dossier/btn_Rechercher_Dossier' located by 'By.xpath: //button[@title="Rechercher un dossier"]' in '100' second(s)

14-02-2025T09:45:34 - [MESSAGE][INFO] - Found 1 web elements with id: 'Object Repository/ANEF_Eloignement_V_Nawres/Page_Creation_ou_Recherche_Dossier/btn_Rechercher_Dossier' located by 'By.xpath: //button[@title="Rechercher un dossier"]' in '100' second(s)

14-02-2025T09:45:34 - [MESSAGE][INFO] - Clicking on object: 'Object Repository/ANEF_Eloignement_V_Nawres/Page_Creation_ou_Recherche_Dossier/btn_Rechercher_Dossier'

14-02-2025T09:45:36 - [MESSAGE][PASSED] - Object: 'Object Repository/ANEF_Eloignement_V_Nawres/Page_Creation_ou_Recherche_Dossier/btn_Rechercher_Dossier' is clicked on

14-02-2025T09:45:36 - [TEST_STEP][PASSED] - if (CreationOuRecherche == "Creation"): null

14-02-2025T09:45:36 - [TEST_STEP][PASSED] - if (CreationOuRecherche == "Recherche"): Object: 'Object Repository/ANEF_Eloignement_V_Nawres/Page_Creation_ou_Recherche_Dossier/btn_Choisir_Dossier_Etranger' is clicked on

14-02-2025T09:45:36 - [TEST_STEP][PASSED] - setText(findTestObject("Object Repository/ANEF_Eloignement_V_Nawres/Page_Creation_ou_Recherche_Dossier/Input_Numero_etranger"), NumeroEtranger, STOP_ON_FAILURE): Text '7503181980' is set on object 'Object Repository/ANEF_Eloignement_V_Nawres/Page_Creation_ou_Recherche_Dossier/Input_Numero_etranger'

14-02-2025T09:45:36 - [MESSAGE][INFO] - Finding Test Object 'Object Repository/ANEF_Eloignement_V_Nawres/Page_Creation_ou_Recherche_Dossier/Input_Numero_etranger'

14-02-2025T09:45:36 - [MESSAGE][INFO] - Checking timeout

14-02-2025T09:45:36 - [MESSAGE][INFO] - Finding web element with id: 'Object Repository/ANEF_Eloignement_V_Nawres/Page_Creation_ou_Recherche_Dossier/Input_Numero_etranger' located by 'By.xpath: //app-identite-declaree-search-box//div/app-dsfr-input/div/input[@id="identifiant_agdref"]|//app-search-box//div/app-dsfr-input/div/input[@id="identifiant_agdref"]' in '20' second(s)

14-02-2025T09:45:36 - [MESSAGE][INFO] - Found 1 web elements with id: 'Object Repository/ANEF_Eloignement_V_Nawres/Page_Creation_ou_Recherche_Dossier/Input_Numero_etranger' located by 'By.xpath: //app-identite-declaree-search-box//div/app-dsfr-input/div/input[@id="identifiant_agdref"]|//app-search-box//div/app-dsfr-input/div/input[@id="identifiant_agdref"]' in '20' second(s)

14-02-2025T09:45:36 - [MESSAGE][INFO] - Checking object

14-02-2025T09:45:36 - [MESSAGE][INFO] - Checking text

14-02-2025T09:45:36 - [MESSAGE][INFO] - Finding web element from Test Object's properties

14-02-2025T09:45:36 - [MESSAGE][INFO] - Checking timeout

14-02-2025T09:45:36 - [MESSAGE][INFO] - Finding web element with id: 'Object Repository/ANEF_Eloignement_V_Nawres/Page_Creation_ou_Recherche_Dossier/Input_Numero_etranger' located by 'By.xpath: //app-identite-declaree-search-box//div/app-dsfr-input/div/input[@id="identifiant_agdref"]|//app-search-box//div/app-dsfr-input/div/input[@id="identifiant_agdref"]' in '100' second(s)

14-02-2025T09:45:36 - [MESSAGE][INFO] - Found 1 web elements with id: 'Object Repository/ANEF_Eloignement_V_Nawres/Page_Creation_ou_Recherche_Dossier/Input_Numero_etranger' located by 'By.xpath: //app-identite-declaree-search-box//div/app-dsfr-input/div/input[@id="identifiant_agdref"]|//app-search-box//div/app-dsfr-input/div/input[@id="identifiant_agdref"]' in '100' second(s)

14-02-2025T09:45:36 - [MESSAGE][INFO] - Clearing text of object 'Object Repository/ANEF_Eloignement_V_Nawres/Page_Creation_ou_Recherche_Dossier/Input_Numero_etranger'

14-02-2025T09:45:37 - [MESSAGE][INFO] - Finding web element from Test Object's properties

14-02-2025T09:45:37 - [MESSAGE][INFO] - Checking timeout

14-02-2025T09:45:37 - [MESSAGE][INFO] - Finding web element with id: 'Object Repository/ANEF_Eloignement_V_Nawres/Page_Creation_ou_Recherche_Dossier/Input_Numero_etranger' located by 'By.xpath: //app-identite-declaree-search-box//div/app-dsfr-input/div/input[@id="identifiant_agdref"]|//app-search-box//div/app-dsfr-input/div/input[@id="identifiant_agdref"]' in '100' second(s)

14-02-2025T09:45:37 - [MESSAGE][INFO] - Found 1 web elements with id: 'Object Repository/ANEF_Eloignement_V_Nawres/Page_Creation_ou_Recherche_Dossier/Input_Numero_etranger' located by 'By.xpath: //app-identite-declaree-search-box//div/app-dsfr-input/div/input[@id="identifiant_agdref"]|//app-search-box//div/app-dsfr-input/div/input[@id="identifiant_agdref"]' in '100' second(s)

14-02-2025T09:45:37 - [MESSAGE][INFO] - Setting text of object 'Object Repository/ANEF_Eloignement_V_Nawres/Page_Creation_ou_Recherche_Dossier/Input_Numero_etranger' to value '7503181980'

14-02-2025T09:45:38 - [MESSAGE][PASSED] - Text '7503181980' is set on object 'Object Repository/ANEF_Eloignement_V_Nawres/Page_Creation_ou_Recherche_Dossier/Input_Numero_etranger'

14-02-2025T09:45:38 - [TEST_STEP][PASSED] - click(findTestObject("Object Repository/ANEF_Eloignement_V_Nawres/Page_Creation_ou_Recherche_Dossier/Input_Numero_etranger"), STOP_ON_FAILURE): Object: 'Object Repository/ANEF_Eloignement_V_Nawres/Page_Creation_ou_Recherche_Dossier/Input_Numero_etranger' is clicked on

14-02-2025T09:45:38 - [MESSAGE][INFO] - Finding Test Object 'Object Repository/ANEF_Eloignement_V_Nawres/Page_Creation_ou_Recherche_Dossier/Input_Numero_etranger'

14-02-2025T09:45:38 - [MESSAGE][INFO] - Checking timeout

14-02-2025T09:45:38 - [MESSAGE][INFO] - Finding web element with id: 'Object Repository/ANEF_Eloignement_V_Nawres/Page_Creation_ou_Recherche_Dossier/Input_Numero_etranger' located by 'By.xpath: //app-identite-declaree-search-box//div/app-dsfr-input/div/input[@id="identifiant_agdref"]|//app-search-box//div/app-dsfr-input/div/input[@id="identifiant_agdref"]' in '20' second(s)

14-02-2025T09:45:38 - [MESSAGE][INFO] - Found 1 web elements with id: 'Object Repository/ANEF_Eloignement_V_Nawres/Page_Creation_ou_Recherche_Dossier/Input_Numero_etranger' located by 'By.xpath: //app-identite-declaree-search-box//div/app-dsfr-input/div/input[@id="identifiant_agdref"]|//app-search-box//div/app-dsfr-input/div/input[@id="identifiant_agdref"]' in '20' second(s)

14-02-2025T09:45:38 - [MESSAGE][INFO] - Checking object

14-02-2025T09:45:38 - [MESSAGE][INFO] - Checking timeout

14-02-2025T09:45:38 - [MESSAGE][INFO] - Finding web element from Test Object's properties

14-02-2025T09:45:38 - [MESSAGE][INFO] - Checking timeout

14-02-2025T09:45:38 - [MESSAGE][INFO] - Finding web element with id: 'Object Repository/ANEF_Eloignement_V_Nawres/Page_Creation_ou_Recherche_Dossier/Input_Numero_etranger' located by 'By.xpath: //app-identite-declaree-search-box//div/app-dsfr-input/div/input[@id="identifiant_agdref"]|//app-search-box//div/app-dsfr-input/div/input[@id="identifiant_agdref"]' in '100' second(s)

14-02-2025T09:45:38 - [MESSAGE][INFO] - Found 1 web elements with id: 'Object Repository/ANEF_Eloignement_V_Nawres/Page_Creation_ou_Recherche_Dossier/Input_Numero_etranger' located by 'By.xpath: //app-identite-declaree-search-box//div/app-dsfr-input/div/input[@id="identifiant_agdref"]|//app-search-box//div/app-dsfr-input/div/input[@id="identifiant_agdref"]' in '100' second(s)

14-02-2025T09:45:38 - [MESSAGE][INFO] - Clicking on object: 'Object Repository/ANEF_Eloignement_V_Nawres/Page_Creation_ou_Recherche_Dossier/Input_Numero_etranger'

14-02-2025T09:45:39 - [MESSAGE][PASSED] - Object: 'Object Repository/ANEF_Eloignement_V_Nawres/Page_Creation_ou_Recherche_Dossier/Input_Numero_etranger' is clicked on

14-02-2025T09:45:39 - [TEST_STEP][PASSED] - scrollToElement(findTestObject("Object Repository/ANEF_Eloignement_V_Nawres/Page_Creation_ou_Recherche_Dossier/btn_Lancer_La_Recherche"), 5, STOP_ON_FAILURE): Scroll to object 'Object Repository/ANEF_Eloignement_V_Nawres/Page_Creation_ou_Recherche_Dossier/btn_Lancer_La_Recherche' successfully

14-02-2025T09:45:39 - [MESSAGE][INFO] - Finding Test Object 'Object Repository/ANEF_Eloignement_V_Nawres/Page_Creation_ou_Recherche_Dossier/btn_Lancer_La_Recherche'

14-02-2025T09:45:39 - [MESSAGE][INFO] - Checking object

14-02-2025T09:45:39 - [MESSAGE][INFO] - Checking timeout

14-02-2025T09:45:39 - [MESSAGE][INFO] - Finding web element from Test Object's properties

14-02-2025T09:45:39 - [MESSAGE][INFO] - Checking timeout

14-02-2025T09:45:39 - [MESSAGE][INFO] - Finding web element with id: 'Object Repository/ANEF_Eloignement_V_Nawres/Page_Creation_ou_Recherche_Dossier/btn_Lancer_La_Recherche' located by 'By.xpath: //button[contains(text(),"Lancer la recherche ")]' in '100' second(s)

14-02-2025T09:45:39 - [MESSAGE][INFO] - Found 1 web elements with id: 'Object Repository/ANEF_Eloignement_V_Nawres/Page_Creation_ou_Recherche_Dossier/btn_Lancer_La_Recherche' located by 'By.xpath: //button[contains(text(),"Lancer la recherche ")]' in '100' second(s)

14-02-2025T09:45:39 - [MESSAGE][INFO] - Scrolling to object 'Object Repository/ANEF_Eloignement_V_Nawres/Page_Creation_ou_Recherche_Dossier/btn_Lancer_La_Recherche'

14-02-2025T09:45:39 - [MESSAGE][PASSED] - Scroll to object 'Object Repository/ANEF_Eloignement_V_Nawres/Page_Creation_ou_Recherche_Dossier/btn_Lancer_La_Recherche' successfully

14-02-2025T09:45:39 - [TEST_STEP][PASSED] - click(findTestObject("Object Repository/ANEF_Eloignement_V_Nawres/Page_Creation_ou_Recherche_Dossier/btn_Lancer_La_Recherche"), STOP_ON_FAILURE): Object: 'Object Repository/ANEF_Eloignement_V_Nawres/Page_Creation_ou_Recherche_Dossier/btn_Lancer_La_Recherche' is clicked on

14-02-2025T09:45:39 - [MESSAGE][INFO] - Finding Test Object 'Object Repository/ANEF_Eloignement_V_Nawres/Page_Creation_ou_Recherche_Dossier/btn_Lancer_La_Recherche'

14-02-2025T09:45:39 - [MESSAGE][INFO] - Checking timeout

14-02-2025T09:45:39 - [MESSAGE][INFO] - Finding web element with id: 'Object Repository/ANEF_Eloignement_V_Nawres/Page_Creation_ou_Recherche_Dossier/btn_Lancer_La_Recherche' located by 'By.xpath: //button[contains(text(),"Lancer la recherche ")]' in '20' second(s)

14-02-2025T09:45:39 - [MESSAGE][INFO] - Found 1 web elements with id: 'Object Repository/ANEF_Eloignement_V_Nawres/Page_Creation_ou_Recherche_Dossier/btn_Lancer_La_Recherche' located by 'By.xpath: //button[contains(text(),"Lancer la recherche ")]' in '20' second(s)

14-02-2025T09:45:39 - [MESSAGE][INFO] - Checking object

14-02-2025T09:45:39 - [MESSAGE][INFO] - Checking timeout

14-02-2025T09:45:39 - [MESSAGE][INFO] - Finding web element from Test Object's properties

14-02-2025T09:45:39 - [MESSAGE][INFO] - Checking timeout

14-02-2025T09:45:39 - [MESSAGE][INFO] - Finding web element with id: 'Object Repository/ANEF_Eloignement_V_Nawres/Page_Creation_ou_Recherche_Dossier/btn_Lancer_La_Recherche' located by 'By.xpath: //button[contains(text(),"Lancer la recherche ")]' in '100' second(s)

14-02-2025T09:45:39 - [MESSAGE][INFO] - Found 1 web elements with id: 'Object Repository/ANEF_Eloignement_V_Nawres/Page_Creation_ou_Recherche_Dossier/btn_Lancer_La_Recherche' located by 'By.xpath: //button[contains(text(),"Lancer la recherche ")]' in '100' second(s)

14-02-2025T09:45:39 - [MESSAGE][INFO] - Clicking on object: 'Object Repository/ANEF_Eloignement_V_Nawres/Page_Creation_ou_Recherche_Dossier/btn_Lancer_La_Recherche'

14-02-2025T09:45:40 - [MESSAGE][PASSED] - Object: 'Object Repository/ANEF_Eloignement_V_Nawres/Page_Creation_ou_Recherche_Dossier/btn_Lancer_La_Recherche' is clicked on

14-02-2025T09:45:40 - [TEST_STEP][PASSED] - delay(5): Delayed 5 second(s)

14-02-2025T09:45:40 - [MESSAGE][INFO] - Delaying browser in 5 second(s)

14-02-2025T09:45:45 - [MESSAGE][PASSED] - Delayed 5 second(s)

14-02-2025T09:45:45 - [TEST_STEP][PASSED] - scrollToElement(findTestObject("Object Repository/ANEF_Eloignement_V_Nawres/Page_Creation_ou_Recherche_Dossier/btn_Radio_Selectionner_Dossier"), 5, STOP_ON_FAILURE): Scroll to object 'Object Repository/ANEF_Eloignement_V_Nawres/Page_Creation_ou_Recherche_Dossier/btn_Radio_Selectionner_Dossier' successfully

14-02-2025T09:45:45 - [MESSAGE][INFO] - Finding Test Object 'Object Repository/ANEF_Eloignement_V_Nawres/Page_Creation_ou_Recherche_Dossier/btn_Radio_Selectionner_Dossier'

14-02-2025T09:45:45 - [MESSAGE][INFO] - Checking object

14-02-2025T09:45:45 - [MESSAGE][INFO] - Checking timeout

14-02-2025T09:45:45 - [MESSAGE][INFO] - Finding web element from Test Object's properties

14-02-2025T09:45:45 - [MESSAGE][INFO] - Checking timeout

14-02-2025T09:45:45 - [MESSAGE][INFO] - Finding web element with id: 'Object Repository/ANEF_Eloignement_V_Nawres/Page_Creation_ou_Recherche_Dossier/btn_Radio_Selectionner_Dossier' located by 'By.xpath: //app-search-etranger/app-search-result-etranger//table/tbody/tr//label' in '100' second(s)

14-02-2025T09:45:46 - [MESSAGE][INFO] - Found 1 web elements with id: 'Object Repository/ANEF_Eloignement_V_Nawres/Page_Creation_ou_Recherche_Dossier/btn_Radio_Selectionner_Dossier' located by 'By.xpath: //app-search-etranger/app-search-result-etranger//table/tbody/tr//label' in '100' second(s)

14-02-2025T09:45:46 - [MESSAGE][INFO] - Scrolling to object 'Object Repository/ANEF_Eloignement_V_Nawres/Page_Creation_ou_Recherche_Dossier/btn_Radio_Selectionner_Dossier'

14-02-2025T09:45:46 - [MESSAGE][PASSED] - Scroll to object 'Object Repository/ANEF_Eloignement_V_Nawres/Page_Creation_ou_Recherche_Dossier/btn_Radio_Selectionner_Dossier' successfully

14-02-2025T09:45:46 - [TEST_STEP][PASSED] - click(findTestObject("Object Repository/ANEF_Eloignement_V_Nawres/Page_Creation_ou_Recherche_Dossier/btn_Radio_Selectionner_Dossier"), STOP_ON_FAILURE): Object: 'Object Repository/ANEF_Eloignement_V_Nawres/Page_Creation_ou_Recherche_Dossier/btn_Radio_Selectionner_Dossier' is clicked on

14-02-2025T09:45:46 - [MESSAGE][INFO] - Finding Test Object 'Object Repository/ANEF_Eloignement_V_Nawres/Page_Creation_ou_Recherche_Dossier/btn_Radio_Selectionner_Dossier'

14-02-2025T09:45:46 - [MESSAGE][INFO] - Checking timeout

14-02-2025T09:45:46 - [MESSAGE][INFO] - Finding web element with id: 'Object Repository/ANEF_Eloignement_V_Nawres/Page_Creation_ou_Recherche_Dossier/btn_Radio_Selectionner_Dossier' located by 'By.xpath: //app-search-etranger/app-search-result-etranger//table/tbody/tr//label' in '20' second(s)

14-02-2025T09:45:46 - [MESSAGE][INFO] - Found 1 web elements with id: 'Object Repository/ANEF_Eloignement_V_Nawres/Page_Creation_ou_Recherche_Dossier/btn_Radio_Selectionner_Dossier' located by 'By.xpath: //app-search-etranger/app-search-result-etranger//table/tbody/tr//label' in '20' second(s)

14-02-2025T09:45:46 - [MESSAGE][INFO] - Checking object

14-02-2025T09:45:46 - [MESSAGE][INFO] - Checking timeout

14-02-2025T09:45:46 - [MESSAGE][INFO] - Finding web element from Test Object's properties

14-02-2025T09:45:46 - [MESSAGE][INFO] - Checking timeout

14-02-2025T09:45:46 - [MESSAGE][INFO] - Finding web element with id: 'Object Repository/ANEF_Eloignement_V_Nawres/Page_Creation_ou_Recherche_Dossier/btn_Radio_Selectionner_Dossier' located by 'By.xpath: //app-search-etranger/app-search-result-etranger//table/tbody/tr//label' in '100' second(s)

14-02-2025T09:45:46 - [MESSAGE][INFO] - Found 1 web elements with id: 'Object Repository/ANEF_Eloignement_V_Nawres/Page_Creation_ou_Recherche_Dossier/btn_Radio_Selectionner_Dossier' located by 'By.xpath: //app-search-etranger/app-search-result-etranger//table/tbody/tr//label' in '100' second(s)

14-02-2025T09:45:46 - [MESSAGE][INFO] - Clicking on object: 'Object Repository/ANEF_Eloignement_V_Nawres/Page_Creation_ou_Recherche_Dossier/btn_Radio_Selectionner_Dossier'

14-02-2025T09:45:47 - [MESSAGE][PASSED] - Object: 'Object Repository/ANEF_Eloignement_V_Nawres/Page_Creation_ou_Recherche_Dossier/btn_Radio_Selectionner_Dossier' is clicked on

14-02-2025T09:45:47 - [TEST_STEP][PASSED] - click(findTestObject("Object Repository/ANEF_Eloignement_V_Nawres/Page_Creation_ou_Recherche_Dossier/btn_Choisir_Dossier_Etranger"), STOP_ON_FAILURE): Object: 'Object Repository/ANEF_Eloignement_V_Nawres/Page_Creation_ou_Recherche_Dossier/btn_Choisir_Dossier_Etranger' is clicked on

14-02-2025T09:45:47 - [MESSAGE][INFO] - Finding Test Object 'Object Repository/ANEF_Eloignement_V_Nawres/Page_Creation_ou_Recherche_Dossier/btn_Choisir_Dossier_Etranger'

14-02-2025T09:45:47 - [MESSAGE][INFO] - Checking timeout

14-02-2025T09:45:47 - [MESSAGE][INFO] - Finding web element with id: 'Object Repository/ANEF_Eloignement_V_Nawres/Page_Creation_ou_Recherche_Dossier/btn_Choisir_Dossier_Etranger' located by 'By.xpath: //button[contains(text(),"Choisir un dossier Ã©tranger")]' in '20' second(s)

14-02-2025T09:45:47 - [MESSAGE][INFO] - Found 1 web elements with id: 'Object Repository/ANEF_Eloignement_V_Nawres/Page_Creation_ou_Recherche_Dossier/btn_Choisir_Dossier_Etranger' located by 'By.xpath: //button[contains(text(),"Choisir un dossier Ã©tranger")]' in '20' second(s)

14-02-2025T09:45:47 - [MESSAGE][INFO] - Checking object

14-02-2025T09:45:47 - [MESSAGE][INFO] - Checking timeout

14-02-2025T09:45:47 - [MESSAGE][INFO] - Finding web element from Test Object's properties

14-02-2025T09:45:47 - [MESSAGE][INFO] - Checking timeout

14-02-2025T09:45:47 - [MESSAGE][INFO] - Finding web element with id: 'Object Repository/ANEF_Eloignement_V_Nawres/Page_Creation_ou_Recherche_Dossier/btn_Choisir_Dossier_Etranger' located by 'By.xpath: //button[contains(text(),"Choisir un dossier Ã©tranger")]' in '100' second(s)

14-02-2025T09:45:47 - [MESSAGE][INFO] - Found 1 web elements with id: 'Object Repository/ANEF_Eloignement_V_Nawres/Page_Creation_ou_Recherche_Dossier/btn_Choisir_Dossier_Etranger' located by 'By.xpath: //button[contains(text(),"Choisir un dossier Ã©tranger")]' in '100' second(s)

14-02-2025T09:45:47 - [MESSAGE][INFO] - Clicking on object: 'Object Repository/ANEF_Eloignement_V_Nawres/Page_Creation_ou_Recherche_Dossier/btn_Choisir_Dossier_Etranger'

14-02-2025T09:45:48 - [MESSAGE][PASSED] - Object: 'Object Repository/ANEF_Eloignement_V_Nawres/Page_Creation_ou_Recherche_Dossier/btn_Choisir_Dossier_Etranger' is clicked on

14-02-2025T09:45:48 - [MESSAGE][PASSED] - Call Test Case 'Test Cases/Test Reutilisable/Main/ANEF_Eloignement_V_Nawres/ANEF_Creation_ou_Recherche_Dossier' successfully

14-02-2025T09:45:48 - [TEST_STEP][PASSED] - if (CreationOuRecherche == "Creation"): null

14-02-2025T09:45:48 - [TEST_STEP][PASSED] - println(NumeroEtranger): null

14-02-2025T09:45:48 - [TEST_STEP][PASSED] - callTestCase(findTestCase("Test Cases/Test Reutilisable/Main/ANEF_Eloignement_V_Nawres/ANEF_Prendre_Mesure"), ["Mesure":Mesure, "FondementLegal":FondementLegal, "NatureDeLacteExpulsion":NatureDeLacteExpulsion, "NatureDeLacteExpulsion":NatureDeLacteExpulsion, ... ], STOP_ON_FAILURE): Call Test Case 'Test Cases/Test Reutilisable/Main/ANEF_Eloignement_V_Nawres/ANEF_Prendre_Mesure' successfully

14-02-2025T09:45:48 - [MESSAGE][INFO] - Checking called Test Case

14-02-2025T09:45:48 - [MESSAGE][INFO] - Starting to call Test Case 'Test Cases/Test Reutilisable/Main/ANEF_Eloignement_V_Nawres/ANEF_Prendre_Mesure'

14-02-2025T09:45:48 - [TEST_CASE][PASSED] - Test Cases/Test Reutilisable/Main/ANEF_Eloignement_V_Nawres/ANEF_Prendre_Mesure: Test Cases/Test Reutilisable/Main/ANEF_Eloignement_V_Nawres/ANEF_Prendre_Mesure

14-02-2025T09:45:48 - [TEST_STEP][PASSED] - click(findTestObject("Object Repository/ANEF_Eloignement_V_Nawres/Page_Prendre_Mesure/btn_Prendre_Mesure"), STOP_ON_FAILURE): Object: 'Object Repository/ANEF_Eloignement_V_Nawres/Page_Prendre_Mesure/btn_Prendre_Mesure' is clicked on

14-02-2025T09:45:48 - [MESSAGE][INFO] - Finding Test Object 'Object Repository/ANEF_Eloignement_V_Nawres/Page_Prendre_Mesure/btn_Prendre_Mesure'

14-02-2025T09:45:48 - [MESSAGE][INFO] - Checking timeout

14-02-2025T09:45:48 - [MESSAGE][INFO] - Finding web element with id: 'Object Repository/ANEF_Eloignement_V_Nawres/Page_Prendre_Mesure/btn_Prendre_Mesure' located by 'By.xpath: //button[@title="Prendre une Mesure"]' in '20' second(s)

14-02-2025T09:45:48 - [MESSAGE][INFO] - Found 1 web elements with id: 'Object Repository/ANEF_Eloignement_V_Nawres/Page_Prendre_Mesure/btn_Prendre_Mesure' located by 'By.xpath: //button[@title="Prendre une Mesure"]' in '20' second(s)

14-02-2025T09:45:48 - [MESSAGE][INFO] - Checking object

14-02-2025T09:45:48 - [MESSAGE][INFO] - Checking timeout

14-02-2025T09:45:48 - [MESSAGE][INFO] - Finding web element from Test Object's properties

14-02-2025T09:45:48 - [MESSAGE][INFO] - Checking timeout

14-02-2025T09:45:48 - [MESSAGE][INFO] - Finding web element with id: 'Object Repository/ANEF_Eloignement_V_Nawres/Page_Prendre_Mesure/btn_Prendre_Mesure' located by 'By.xpath: //button[@title="Prendre une Mesure"]' in '100' second(s)

14-02-2025T09:45:48 - [MESSAGE][INFO] - Found 1 web elements with id: 'Object Repository/ANEF_Eloignement_V_Nawres/Page_Prendre_Mesure/btn_Prendre_Mesure' located by 'By.xpath: //button[@title="Prendre une Mesure"]' in '100' second(s)

14-02-2025T09:45:48 - [MESSAGE][INFO] - Clicking on object: 'Object Repository/ANEF_Eloignement_V_Nawres/Page_Prendre_Mesure/btn_Prendre_Mesure'

14-02-2025T09:45:50 - [MESSAGE][PASSED] - Object: 'Object Repository/ANEF_Eloignement_V_Nawres/Page_Prendre_Mesure/btn_Prendre_Mesure' is clicked on

14-02-2025T09:45:50 - [TEST_STEP][PASSED] - delay(5): Delayed 5 second(s)

14-02-2025T09:45:50 - [MESSAGE][INFO] - Delaying browser in 5 second(s)

14-02-2025T09:45:55 - [MESSAGE][PASSED] - Delayed 5 second(s)

14-02-2025T09:45:55 - [TEST_STEP][PASSED] - switch (Mesure): null

14-02-2025T09:45:55 - [TEST_STEP][PASSED] - case "ExecutionFicheSIS":: null

14-02-2025T09:45:55 - [TEST_STEP][PASSED] - selectOptionByLabel(findTestObject("Object Repository/ANEF_Eloignement_V_Nawres/Page_Prendre_Mesure/select_Type_Mesure"), "ExÃ©cution fiche SIS L.615-1", false, STOP_ON_FAILURE): All options with label 'ExÃ©cution fiche SIS L.615-1' are selected in object 'Object Repository/ANEF_Eloignement_V_Nawres/Page_Prendre_Mesure/select_Type_Mesure' 

14-02-2025T09:45:55 - [MESSAGE][INFO] - Finding Test Object 'Object Repository/ANEF_Eloignement_V_Nawres/Page_Prendre_Mesure/select_Type_Mesure'

14-02-2025T09:45:55 - [MESSAGE][INFO] - Checking timeout

14-02-2025T09:45:55 - [MESSAGE][INFO] - Finding web element with id: 'Object Repository/ANEF_Eloignement_V_Nawres/Page_Prendre_Mesure/select_Type_Mesure' located by 'By.xpath: //select[@id="typeMesure"]' in '20' second(s)

14-02-2025T09:45:55 - [MESSAGE][INFO] - Found 1 web elements with id: 'Object Repository/ANEF_Eloignement_V_Nawres/Page_Prendre_Mesure/select_Type_Mesure' located by 'By.xpath: //select[@id="typeMesure"]' in '20' second(s)

14-02-2025T09:45:55 - [MESSAGE][INFO] - Checking object

14-02-2025T09:45:55 - [MESSAGE][INFO] - Checking label parameter

14-02-2025T09:45:55 - [MESSAGE][INFO] - Finding web element from Test Object's properties

14-02-2025T09:45:55 - [MESSAGE][INFO] - Checking timeout

14-02-2025T09:45:55 - [MESSAGE][INFO] - Finding web element with id: 'Object Repository/ANEF_Eloignement_V_Nawres/Page_Prendre_Mesure/select_Type_Mesure' located by 'By.xpath: //select[@id="typeMesure"]' in '100' second(s)

14-02-2025T09:45:55 - [MESSAGE][INFO] - Found 1 web elements with id: 'Object Repository/ANEF_Eloignement_V_Nawres/Page_Prendre_Mesure/select_Type_Mesure' located by 'By.xpath: //select[@id="typeMesure"]' in '100' second(s)

14-02-2025T09:45:55 - [MESSAGE][INFO] - Selecting options on object 'Object Repository/ANEF_Eloignement_V_Nawres/Page_Prendre_Mesure/select_Type_Mesure' with label 'ExÃ©cution fiche SIS L.615-1' 

14-02-2025T09:45:56 - [MESSAGE][PASSED] - All options with label 'ExÃ©cution fiche SIS L.615-1' are selected in object 'Object Repository/ANEF_Eloignement_V_Nawres/Page_Prendre_Mesure/select_Type_Mesure' 

14-02-2025T09:45:56 - [TEST_STEP][PASSED] - click(findTestObject("Object Repository/ANEF_Eloignement_V_Nawres/Page_Prendre_Mesure/btn_Confirmer_Mesure"), STOP_ON_FAILURE): Object: 'Object Repository/ANEF_Eloignement_V_Nawres/Page_Prendre_Mesure/btn_Confirmer_Mesure' is clicked on

14-02-2025T09:45:56 - [MESSAGE][INFO] - Finding Test Object 'Object Repository/ANEF_Eloignement_V_Nawres/Page_Prendre_Mesure/btn_Confirmer_Mesure'

14-02-2025T09:45:56 - [MESSAGE][INFO] - Checking timeout

14-02-2025T09:45:56 - [MESSAGE][INFO] - Finding web element with id: 'Object Repository/ANEF_Eloignement_V_Nawres/Page_Prendre_Mesure/btn_Confirmer_Mesure' located by 'By.xpath: //button[@id="btn-confirme-decision"]' in '20' second(s)

14-02-2025T09:45:56 - [MESSAGE][INFO] - Found 1 web elements with id: 'Object Repository/ANEF_Eloignement_V_Nawres/Page_Prendre_Mesure/btn_Confirmer_Mesure' located by 'By.xpath: //button[@id="btn-confirme-decision"]' in '20' second(s)

14-02-2025T09:45:56 - [MESSAGE][INFO] - Checking object

14-02-2025T09:45:56 - [MESSAGE][INFO] - Checking timeout

14-02-2025T09:45:56 - [MESSAGE][INFO] - Finding web element from Test Object's properties

14-02-2025T09:45:56 - [MESSAGE][INFO] - Checking timeout

14-02-2025T09:45:56 - [MESSAGE][INFO] - Finding web element with id: 'Object Repository/ANEF_Eloignement_V_Nawres/Page_Prendre_Mesure/btn_Confirmer_Mesure' located by 'By.xpath: //button[@id="btn-confirme-decision"]' in '100' second(s)

14-02-2025T09:45:56 - [MESSAGE][INFO] - Found 1 web elements with id: 'Object Repository/ANEF_Eloignement_V_Nawres/Page_Prendre_Mesure/btn_Confirmer_Mesure' located by 'By.xpath: //button[@id="btn-confirme-decision"]' in '100' second(s)

14-02-2025T09:45:56 - [MESSAGE][INFO] - Clicking on object: 'Object Repository/ANEF_Eloignement_V_Nawres/Page_Prendre_Mesure/btn_Confirmer_Mesure'

14-02-2025T09:45:57 - [MESSAGE][PASSED] - Object: 'Object Repository/ANEF_Eloignement_V_Nawres/Page_Prendre_Mesure/btn_Confirmer_Mesure' is clicked on

14-02-2025T09:45:57 - [TEST_STEP][PASSED] - verifyElementPresent(findTestObject("Object Repository/ANEF_Eloignement_V_Nawres/Page_Prendre_Mesure/btn_Supprimer_Fiche_Mesure"), 2, STOP_ON_FAILURE): Object 'Object Repository/ANEF_Eloignement_V_Nawres/Page_Prendre_Mesure/btn_Supprimer_Fiche_Mesure' is present

14-02-2025T09:45:57 - [MESSAGE][INFO] - Finding Test Object 'Object Repository/ANEF_Eloignement_V_Nawres/Page_Prendre_Mesure/btn_Supprimer_Fiche_Mesure'

14-02-2025T09:45:57 - [MESSAGE][INFO] - Checking object

14-02-2025T09:45:57 - [MESSAGE][INFO] - Finding web element from Test Object's properties

14-02-2025T09:45:57 - [MESSAGE][INFO] - Checking timeout

14-02-2025T09:45:57 - [MESSAGE][INFO] - Finding web element with id: 'Object Repository/ANEF_Eloignement_V_Nawres/Page_Prendre_Mesure/btn_Supprimer_Fiche_Mesure' located by 'By.xpath: //button[@title="Supprimer une Mesure"]' in '2' second(s)

14-02-2025T09:45:59 - [MESSAGE][INFO] - Found 1 web elements with id: 'Object Repository/ANEF_Eloignement_V_Nawres/Page_Prendre_Mesure/btn_Supprimer_Fiche_Mesure' located by 'By.xpath: //button[@title="Supprimer une Mesure"]' in '2' second(s)

14-02-2025T09:45:59 - [MESSAGE][PASSED] - Object 'Object Repository/ANEF_Eloignement_V_Nawres/Page_Prendre_Mesure/btn_Supprimer_Fiche_Mesure' is present

14-02-2025T09:45:59 - [TEST_STEP][PASSED] - break: null

14-02-2025T09:45:59 - [TEST_STEP][PASSED] - callTestCase(findTestCase("Test Cases/Test Reutilisable/Main/ANEF_Eloignement_V_Nawres/ANEF_Prendre_Mesure_Formulaire"), ["Mesure":Mesure, "FondementLegal":FondementLegal, "NatureDeLacteExpulsion":NatureDeLacteExpulsion, "UrgenceAbsolueExpulsion":UrgenceAbsolueExpulsion, ... ], STOP_ON_FAILURE): Call Test Case 'Test Cases/Test Reutilisable/Main/ANEF_Eloignement_V_Nawres/ANEF_Prendre_Mesure_Formulaire' successfully

14-02-2025T09:45:59 - [MESSAGE][INFO] - Checking called Test Case

14-02-2025T09:45:59 - [MESSAGE][INFO] - Starting to call Test Case 'Test Cases/Test Reutilisable/Main/ANEF_Eloignement_V_Nawres/ANEF_Prendre_Mesure_Formulaire'

14-02-2025T09:45:59 - [TEST_CASE][PASSED] - Test Cases/Test Reutilisable/Main/ANEF_Eloignement_V_Nawres/ANEF_Prendre_Mesure_Formulaire: Test Cases/Test Reutilisable/Main/ANEF_Eloignement_V_Nawres/ANEF_Prendre_Mesure_Formulaire

14-02-2025T09:45:59 - [TEST_STEP][PASSED] - calendar = Calendar.getInstance(): null

14-02-2025T09:45:59 - [TEST_STEP][PASSED] - currentDate = calendar.getTime(): null

14-02-2025T09:45:59 - [TEST_STEP][PASSED] - sdf = new java.text.SimpleDateFormat(dd/MM/yyyy): null

14-02-2025T09:45:59 - [TEST_STEP][PASSED] - formattedDate = sdf.format(currentDate): null

14-02-2025T09:45:59 - [TEST_STEP][PASSED] - DateActuelle = formattedDate.toString(): null

14-02-2025T09:45:59 - [TEST_STEP][PASSED] - println(DateActuelle): null

14-02-2025T09:45:59 - [TEST_STEP][PASSED] - if (Mesure != "ITF"): null

14-02-2025T09:45:59 - [TEST_STEP][PASSED] - selectOptionByLabel(findTestObject("Object Repository/ANEF_Eloignement_V_Nawres/Page_Prendre_Mesure_Formulaire/select_Fondement_Legal"), FondementLegal, false, STOP_ON_FAILURE): All options with label 'L.615-1 1Â°' are selected in object 'Object Repository/ANEF_Eloignement_V_Nawres/Page_Prendre_Mesure_Formulaire/select_Fondement_Legal' 

14-02-2025T09:45:59 - [MESSAGE][INFO] - Finding Test Object 'Object Repository/ANEF_Eloignement_V_Nawres/Page_Prendre_Mesure_Formulaire/select_Fondement_Legal'

14-02-2025T09:45:59 - [MESSAGE][INFO] - Checking timeout

14-02-2025T09:45:59 - [MESSAGE][INFO] - Finding web element with id: 'Object Repository/ANEF_Eloignement_V_Nawres/Page_Prendre_Mesure_Formulaire/select_Fondement_Legal' located by 'By.xpath: //select[@id="fondement_legal"]' in '20' second(s)

14-02-2025T09:45:59 - [MESSAGE][INFO] - Found 1 web elements with id: 'Object Repository/ANEF_Eloignement_V_Nawres/Page_Prendre_Mesure_Formulaire/select_Fondement_Legal' located by 'By.xpath: //select[@id="fondement_legal"]' in '20' second(s)

14-02-2025T09:45:59 - [MESSAGE][INFO] - Checking object

14-02-2025T09:45:59 - [MESSAGE][INFO] - Checking label parameter

14-02-2025T09:45:59 - [MESSAGE][INFO] - Finding web element from Test Object's properties

14-02-2025T09:45:59 - [MESSAGE][INFO] - Checking timeout

14-02-2025T09:45:59 - [MESSAGE][INFO] - Finding web element with id: 'Object Repository/ANEF_Eloignement_V_Nawres/Page_Prendre_Mesure_Formulaire/select_Fondement_Legal' located by 'By.xpath: //select[@id="fondement_legal"]' in '100' second(s)

14-02-2025T09:45:59 - [MESSAGE][INFO] - Found 1 web elements with id: 'Object Repository/ANEF_Eloignement_V_Nawres/Page_Prendre_Mesure_Formulaire/select_Fondement_Legal' located by 'By.xpath: //select[@id="fondement_legal"]' in '100' second(s)

14-02-2025T09:45:59 - [MESSAGE][INFO] - Selecting options on object 'Object Repository/ANEF_Eloignement_V_Nawres/Page_Prendre_Mesure_Formulaire/select_Fondement_Legal' with label 'L.615-1 1Â°' 

14-02-2025T09:46:00 - [MESSAGE][PASSED] - All options with label 'L.615-1 1Â°' are selected in object 'Object Repository/ANEF_Eloignement_V_Nawres/Page_Prendre_Mesure_Formulaire/select_Fondement_Legal' 

14-02-2025T09:46:00 - [TEST_STEP][PASSED] - if (Mesure == "Expulsion"): null

14-02-2025T09:46:00 - [TEST_STEP][PASSED] - NumberUsagerRandom = tools.MyStringTools.getRandomNumber(10, 99): tools.MyStringTools.getRandomNumber is PASSED

14-02-2025T09:46:00 - [MESSAGE][PASSED] - tools.MyStringTools.getRandomNumber is PASSED

14-02-2025T09:46:00 - [TEST_STEP][PASSED] - println(NumberUsagerRandom): null

14-02-2025T09:46:00 - [TEST_STEP][PASSED] - RandomNumber = NumberUsagerRandom.toString(): null

14-02-2025T09:46:00 - [TEST_STEP][PASSED] - if (Mesure == "OQTF"): null

14-02-2025T09:46:00 - [TEST_STEP][PASSED] - if (Mesure == "RemiseSchengen"): null

14-02-2025T09:46:00 - [TEST_STEP][PASSED] - RandomNumber = tools.MyStringTools.getRandomNumber(1, 30): tools.MyStringTools.getRandomNumber is PASSED

14-02-2025T09:46:00 - [MESSAGE][PASSED] - tools.MyStringTools.getRandomNumber is PASSED

14-02-2025T09:46:00 - [TEST_STEP][PASSED] - println(RandomNumber): null

14-02-2025T09:46:00 - [TEST_STEP][PASSED] - RandomNumberSelect = RandomNumber.toString(): null

14-02-2025T09:46:00 - [TEST_STEP][PASSED] - if (Mesure == "TransfertDublin"): null

14-02-2025T09:46:00 - [TEST_STEP][PASSED] - if (Mesure == "ExecutionFicheSIS"): Object: 'Object Repository/ANEF_Eloignement_V_Nawres/Page_Prendre_Mesure_Formulaire/btn_Enregistrer' is clicked on

14-02-2025T09:46:00 - [TEST_STEP][PASSED] - click(findTestObject("Object Repository/ANEF_Eloignement_V_Nawres/Page_Prendre_Mesure_Formulaire/btn_Ajouter_Document"), STOP_ON_FAILURE): Object: 'Object Repository/ANEF_Eloignement_V_Nawres/Page_Prendre_Mesure_Formulaire/btn_Ajouter_Document' is clicked on

14-02-2025T09:46:00 - [MESSAGE][INFO] - Finding Test Object 'Object Repository/ANEF_Eloignement_V_Nawres/Page_Prendre_Mesure_Formulaire/btn_Ajouter_Document'

14-02-2025T09:46:00 - [MESSAGE][INFO] - Checking timeout

14-02-2025T09:46:00 - [MESSAGE][INFO] - Finding web element with id: 'Object Repository/ANEF_Eloignement_V_Nawres/Page_Prendre_Mesure_Formulaire/btn_Ajouter_Document' located by 'By.xpath: //section/div/form//app-dsfr-piece-jointe/button' in '20' second(s)

14-02-2025T09:46:00 - [MESSAGE][INFO] - Found 1 web elements with id: 'Object Repository/ANEF_Eloignement_V_Nawres/Page_Prendre_Mesure_Formulaire/btn_Ajouter_Document' located by 'By.xpath: //section/div/form//app-dsfr-piece-jointe/button' in '20' second(s)

14-02-2025T09:46:00 - [MESSAGE][INFO] - Checking object

14-02-2025T09:46:00 - [MESSAGE][INFO] - Checking timeout

14-02-2025T09:46:00 - [MESSAGE][INFO] - Finding web element from Test Object's properties

14-02-2025T09:46:00 - [MESSAGE][INFO] - Checking timeout

14-02-2025T09:46:00 - [MESSAGE][INFO] - Finding web element with id: 'Object Repository/ANEF_Eloignement_V_Nawres/Page_Prendre_Mesure_Formulaire/btn_Ajouter_Document' located by 'By.xpath: //section/div/form//app-dsfr-piece-jointe/button' in '100' second(s)

14-02-2025T09:46:00 - [MESSAGE][INFO] - Found 1 web elements with id: 'Object Repository/ANEF_Eloignement_V_Nawres/Page_Prendre_Mesure_Formulaire/btn_Ajouter_Document' located by 'By.xpath: //section/div/form//app-dsfr-piece-jointe/button' in '100' second(s)

14-02-2025T09:46:00 - [MESSAGE][INFO] - Clicking on object: 'Object Repository/ANEF_Eloignement_V_Nawres/Page_Prendre_Mesure_Formulaire/btn_Ajouter_Document'

14-02-2025T09:46:01 - [MESSAGE][PASSED] - Object: 'Object Repository/ANEF_Eloignement_V_Nawres/Page_Prendre_Mesure_Formulaire/btn_Ajouter_Document' is clicked on

14-02-2025T09:46:01 - [TEST_STEP][PASSED] - selectOptionByIndex(findTestObject("Object Repository/ANEF_Eloignement_V_Nawres/Page_Prendre_Mesure_Formulaire/select_Type_Document"), "1", STOP_ON_FAILURE): All options with index in [1] are selected on object 'Object Repository/ANEF_Eloignement_V_Nawres/Page_Prendre_Mesure_Formulaire/select_Type_Document'

14-02-2025T09:46:01 - [MESSAGE][INFO] - Finding Test Object 'Object Repository/ANEF_Eloignement_V_Nawres/Page_Prendre_Mesure_Formulaire/select_Type_Document'

14-02-2025T09:46:01 - [MESSAGE][INFO] - Checking timeout

14-02-2025T09:46:01 - [MESSAGE][INFO] - Finding web element with id: 'Object Repository/ANEF_Eloignement_V_Nawres/Page_Prendre_Mesure_Formulaire/select_Type_Document' located by 'By.xpath: //select[@name="type"]' in '20' second(s)

14-02-2025T09:46:01 - [MESSAGE][INFO] - Found 1 web elements with id: 'Object Repository/ANEF_Eloignement_V_Nawres/Page_Prendre_Mesure_Formulaire/select_Type_Document' located by 'By.xpath: //select[@name="type"]' in '20' second(s)

14-02-2025T09:46:01 - [MESSAGE][INFO] - Checking object

14-02-2025T09:46:01 - [MESSAGE][INFO] - Checking index range

14-02-2025T09:46:01 - [MESSAGE][INFO] - Converting range parameter '1' to index array

14-02-2025T09:46:01 - [MESSAGE][INFO] - Range parameter '1' is converted to index array [1]

14-02-2025T09:46:01 - [MESSAGE][INFO] - Finding web element from Test Object's properties

14-02-2025T09:46:01 - [MESSAGE][INFO] - Checking timeout

14-02-2025T09:46:01 - [MESSAGE][INFO] - Finding web element with id: 'Object Repository/ANEF_Eloignement_V_Nawres/Page_Prendre_Mesure_Formulaire/select_Type_Document' located by 'By.xpath: //select[@name="type"]' in '100' second(s)

14-02-2025T09:46:01 - [MESSAGE][INFO] - Found 1 web elements with id: 'Object Repository/ANEF_Eloignement_V_Nawres/Page_Prendre_Mesure_Formulaire/select_Type_Document' located by 'By.xpath: //select[@name="type"]' in '100' second(s)

14-02-2025T09:46:01 - [MESSAGE][INFO] - Checking index parameters

14-02-2025T09:46:01 - [MESSAGE][INFO] - Selecting options on object 'Object Repository/ANEF_Eloignement_V_Nawres/Page_Prendre_Mesure_Formulaire/select_Type_Document' with index in [1]

14-02-2025T09:46:02 - [MESSAGE][INFO] - Option with index 1 is selected

14-02-2025T09:46:02 - [MESSAGE][PASSED] - All options with index in [1] are selected on object 'Object Repository/ANEF_Eloignement_V_Nawres/Page_Prendre_Mesure_Formulaire/select_Type_Document'

14-02-2025T09:46:02 - [TEST_STEP][PASSED] - filePath = getProjectDir() + "/Data Files/Fichier_Test.pdf": null

14-02-2025T09:46:02 - [TEST_STEP][PASSED] - println(filePath): null

14-02-2025T09:46:02 - [TEST_STEP][PASSED] - uploadFile(findTestObject("Object Repository/ANEF_Eloignement_V_Nawres/Page_Prendre_Mesure_Formulaire/input_Fichier_Fiche_Schengen"), filePath): File 'C:/Users/nbenjemi/Katalon Studio/ANEF-ELOIGNEMENT-20250121/ANEF-ELOIGNEMENT-20250121/Data Files/Fichier_Test.pdf' sent to object: 'Object Repository/ANEF_Eloignement_V_Nawres/Page_Prendre_Mesure_Formulaire/input_Fichier_Fiche_Schengen'

14-02-2025T09:46:02 - [MESSAGE][INFO] - Finding Test Object 'Object Repository/ANEF_Eloignement_V_Nawres/Page_Prendre_Mesure_Formulaire/input_Fichier_Fiche_Schengen'

14-02-2025T09:46:03 - [MESSAGE][INFO] - Checking object

14-02-2025T09:46:03 - [MESSAGE][INFO] - Uploading file 'C:/Users/nbenjemi/Katalon Studio/ANEF-ELOIGNEMENT-20250121/ANEF-ELOIGNEMENT-20250121/Data Files/Fichier_Test.pdf' to object: 'Object Repository/ANEF_Eloignement_V_Nawres/Page_Prendre_Mesure_Formulaire/input_Fichier_Fiche_Schengen'

14-02-2025T09:46:03 - [MESSAGE][INFO] - Finding web element from Test Object's properties

14-02-2025T09:46:03 - [MESSAGE][INFO] - Checking timeout

14-02-2025T09:46:03 - [MESSAGE][INFO] - Finding web element with id: 'Object Repository/ANEF_Eloignement_V_Nawres/Page_Prendre_Mesure_Formulaire/input_Fichier_Fiche_Schengen' located by 'By.xpath: //section/div/form//app-dsfr-piece-jointe//input' in '100' second(s)

14-02-2025T09:46:03 - [MESSAGE][INFO] - Found 1 web elements with id: 'Object Repository/ANEF_Eloignement_V_Nawres/Page_Prendre_Mesure_Formulaire/input_Fichier_Fiche_Schengen' located by 'By.xpath: //section/div/form//app-dsfr-piece-jointe//input' in '100' second(s)

14-02-2025T09:46:04 - [MESSAGE][PASSED] - File 'C:/Users/nbenjemi/Katalon Studio/ANEF-ELOIGNEMENT-20250121/ANEF-ELOIGNEMENT-20250121/Data Files/Fichier_Test.pdf' sent to object: 'Object Repository/ANEF_Eloignement_V_Nawres/Page_Prendre_Mesure_Formulaire/input_Fichier_Fiche_Schengen'

14-02-2025T09:46:04 - [TEST_STEP][PASSED] - click(findTestObject("Object Repository/ANEF_Eloignement_V_Nawres/Page_Prendre_Mesure_Formulaire/btn_Enregistrer"), STOP_ON_FAILURE): Object: 'Object Repository/ANEF_Eloignement_V_Nawres/Page_Prendre_Mesure_Formulaire/btn_Enregistrer' is clicked on

14-02-2025T09:46:04 - [MESSAGE][INFO] - Finding Test Object 'Object Repository/ANEF_Eloignement_V_Nawres/Page_Prendre_Mesure_Formulaire/btn_Enregistrer'

14-02-2025T09:46:04 - [MESSAGE][INFO] - Checking timeout

14-02-2025T09:46:04 - [MESSAGE][INFO] - Finding web element with id: 'Object Repository/ANEF_Eloignement_V_Nawres/Page_Prendre_Mesure_Formulaire/btn_Enregistrer' located by 'By.xpath: //button[contains(text(),"Enregistrer")]' in '20' second(s)

14-02-2025T09:46:04 - [MESSAGE][INFO] - Found 1 web elements with id: 'Object Repository/ANEF_Eloignement_V_Nawres/Page_Prendre_Mesure_Formulaire/btn_Enregistrer' located by 'By.xpath: //button[contains(text(),"Enregistrer")]' in '20' second(s)

14-02-2025T09:46:04 - [MESSAGE][INFO] - Checking object

14-02-2025T09:46:04 - [MESSAGE][INFO] - Checking timeout

14-02-2025T09:46:04 - [MESSAGE][INFO] - Finding web element from Test Object's properties

14-02-2025T09:46:04 - [MESSAGE][INFO] - Checking timeout

14-02-2025T09:46:04 - [MESSAGE][INFO] - Finding web element with id: 'Object Repository/ANEF_Eloignement_V_Nawres/Page_Prendre_Mesure_Formulaire/btn_Enregistrer' located by 'By.xpath: //button[contains(text(),"Enregistrer")]' in '100' second(s)

14-02-2025T09:46:04 - [MESSAGE][INFO] - Found 1 web elements with id: 'Object Repository/ANEF_Eloignement_V_Nawres/Page_Prendre_Mesure_Formulaire/btn_Enregistrer' located by 'By.xpath: //button[contains(text(),"Enregistrer")]' in '100' second(s)

14-02-2025T09:46:04 - [MESSAGE][INFO] - Clicking on object: 'Object Repository/ANEF_Eloignement_V_Nawres/Page_Prendre_Mesure_Formulaire/btn_Enregistrer'

14-02-2025T09:46:05 - [MESSAGE][PASSED] - Object: 'Object Repository/ANEF_Eloignement_V_Nawres/Page_Prendre_Mesure_Formulaire/btn_Enregistrer' is clicked on

14-02-2025T09:46:05 - [TEST_STEP][PASSED] - if (Mesure == "IAT"): null

14-02-2025T09:46:05 - [TEST_STEP][PASSED] - if (Mesure == "ITF"): null

14-02-2025T09:46:05 - [TEST_STEP][PASSED] - click(findTestObject("Object Repository/ANEF_Eloignement_V_Nawres/Page_Prendre_Mesure_Formulaire/btn_Enregistrer"), STOP_ON_FAILURE): Object: 'Object Repository/ANEF_Eloignement_V_Nawres/Page_Prendre_Mesure_Formulaire/btn_Enregistrer' is clicked on

14-02-2025T09:46:05 - [MESSAGE][INFO] - Finding Test Object 'Object Repository/ANEF_Eloignement_V_Nawres/Page_Prendre_Mesure_Formulaire/btn_Enregistrer'

14-02-2025T09:46:05 - [MESSAGE][INFO] - Checking timeout

14-02-2025T09:46:05 - [MESSAGE][INFO] - Finding web element with id: 'Object Repository/ANEF_Eloignement_V_Nawres/Page_Prendre_Mesure_Formulaire/btn_Enregistrer' located by 'By.xpath: //button[contains(text(),"Enregistrer")]' in '20' second(s)

14-02-2025T09:46:05 - [MESSAGE][INFO] - Found 1 web elements with id: 'Object Repository/ANEF_Eloignement_V_Nawres/Page_Prendre_Mesure_Formulaire/btn_Enregistrer' located by 'By.xpath: //button[contains(text(),"Enregistrer")]' in '20' second(s)

14-02-2025T09:46:05 - [MESSAGE][INFO] - Checking object

14-02-2025T09:46:05 - [MESSAGE][INFO] - Checking timeout

14-02-2025T09:46:05 - [MESSAGE][INFO] - Finding web element from Test Object's properties

14-02-2025T09:46:05 - [MESSAGE][INFO] - Checking timeout

14-02-2025T09:46:05 - [MESSAGE][INFO] - Finding web element with id: 'Object Repository/ANEF_Eloignement_V_Nawres/Page_Prendre_Mesure_Formulaire/btn_Enregistrer' located by 'By.xpath: //button[contains(text(),"Enregistrer")]' in '100' second(s)

14-02-2025T09:46:05 - [MESSAGE][INFO] - Found 1 web elements with id: 'Object Repository/ANEF_Eloignement_V_Nawres/Page_Prendre_Mesure_Formulaire/btn_Enregistrer' located by 'By.xpath: //button[contains(text(),"Enregistrer")]' in '100' second(s)

14-02-2025T09:46:05 - [MESSAGE][INFO] - Clicking on object: 'Object Repository/ANEF_Eloignement_V_Nawres/Page_Prendre_Mesure_Formulaire/btn_Enregistrer'

14-02-2025T09:46:06 - [MESSAGE][PASSED] - Object: 'Object Repository/ANEF_Eloignement_V_Nawres/Page_Prendre_Mesure_Formulaire/btn_Enregistrer' is clicked on

14-02-2025T09:46:06 - [MESSAGE][PASSED] - Call Test Case 'Test Cases/Test Reutilisable/Main/ANEF_Eloignement_V_Nawres/ANEF_Prendre_Mesure_Formulaire' successfully

14-02-2025T09:46:06 - [MESSAGE][PASSED] - Call Test Case 'Test Cases/Test Reutilisable/Main/ANEF_Eloignement_V_Nawres/ANEF_Prendre_Mesure' successfully

14-02-2025T09:46:06 - [TEST_STEP][PASSED] - callTestCase(findTestCase("Test Cases/Test Reutilisable/Main/ANEF_Eloignement_V_Nawres/ANEF_Ajouter_Decision"), ["ModeNotification":ModeNotification], STOP_ON_FAILURE): Call Test Case 'Test Cases/Test Reutilisable/Main/ANEF_Eloignement_V_Nawres/ANEF_Ajouter_Decision' successfully

14-02-2025T09:46:06 - [MESSAGE][INFO] - Checking called Test Case

14-02-2025T09:46:06 - [MESSAGE][INFO] - Starting to call Test Case 'Test Cases/Test Reutilisable/Main/ANEF_Eloignement_V_Nawres/ANEF_Ajouter_Decision'

14-02-2025T09:46:06 - [TEST_CASE][PASSED] - Test Cases/Test Reutilisable/Main/ANEF_Eloignement_V_Nawres/ANEF_Ajouter_Decision: Test Cases/Test Reutilisable/Main/ANEF_Eloignement_V_Nawres/ANEF_Ajouter_Decision

14-02-2025T09:46:06 - [TEST_STEP][PASSED] - calendar = Calendar.getInstance(): null

14-02-2025T09:46:06 - [TEST_STEP][PASSED] - currentDate = calendar.getTime(): null

14-02-2025T09:46:06 - [TEST_STEP][PASSED] - sdf = new java.text.SimpleDateFormat(dd/MM/yyyy): null

14-02-2025T09:46:06 - [TEST_STEP][PASSED] - formattedDate = sdf.format(currentDate): null

14-02-2025T09:46:06 - [TEST_STEP][PASSED] - DateActuelle = formattedDate.toString(): null

14-02-2025T09:46:06 - [TEST_STEP][PASSED] - println(DateActuelle): null

14-02-2025T09:46:06 - [TEST_STEP][PASSED] - waitForElementClickable(findTestObject("Object Repository/ANEF_Eloignement_V_Nawres/Page_Ajouter_Decision/btn_Ajouter_Decision"), 20, STOP_ON_FAILURE): Object 'Object Repository/ANEF_Eloignement_V_Nawres/Page_Ajouter_Decision/btn_Ajouter_Decision' is clickable

14-02-2025T09:46:06 - [MESSAGE][INFO] - Finding Test Object 'Object Repository/ANEF_Eloignement_V_Nawres/Page_Ajouter_Decision/btn_Ajouter_Decision'

14-02-2025T09:46:06 - [MESSAGE][INFO] - Checking object

14-02-2025T09:46:06 - [MESSAGE][INFO] - Checking timeout

14-02-2025T09:46:06 - [MESSAGE][INFO] - Finding web element from Test Object's properties

14-02-2025T09:46:06 - [MESSAGE][INFO] - Checking timeout

14-02-2025T09:46:06 - [MESSAGE][INFO] - Finding web element with id: 'Object Repository/ANEF_Eloignement_V_Nawres/Page_Ajouter_Decision/btn_Ajouter_Decision' located by 'By.xpath: //button[contains(text(),"Ajouter une dÃ©cision")]' in '20' second(s)

14-02-2025T09:46:06 - [MESSAGE][INFO] - Found 1 web elements with id: 'Object Repository/ANEF_Eloignement_V_Nawres/Page_Ajouter_Decision/btn_Ajouter_Decision' located by 'By.xpath: //button[contains(text(),"Ajouter une dÃ©cision")]' in '20' second(s)

14-02-2025T09:46:06 - [MESSAGE][PASSED] - Object 'Object Repository/ANEF_Eloignement_V_Nawres/Page_Ajouter_Decision/btn_Ajouter_Decision' is clickable

14-02-2025T09:46:06 - [TEST_STEP][PASSED] - click(findTestObject("Object Repository/ANEF_Eloignement_V_Nawres/Page_Ajouter_Decision/btn_Ajouter_Decision"), STOP_ON_FAILURE): Object: 'Object Repository/ANEF_Eloignement_V_Nawres/Page_Ajouter_Decision/btn_Ajouter_Decision' is clicked on

14-02-2025T09:46:06 - [MESSAGE][INFO] - Finding Test Object 'Object Repository/ANEF_Eloignement_V_Nawres/Page_Ajouter_Decision/btn_Ajouter_Decision'

14-02-2025T09:46:06 - [MESSAGE][INFO] - Checking timeout

14-02-2025T09:46:06 - [MESSAGE][INFO] - Finding web element with id: 'Object Repository/ANEF_Eloignement_V_Nawres/Page_Ajouter_Decision/btn_Ajouter_Decision' located by 'By.xpath: //button[contains(text(),"Ajouter une dÃ©cision")]' in '20' second(s)

14-02-2025T09:46:06 - [MESSAGE][INFO] - Found 1 web elements with id: 'Object Repository/ANEF_Eloignement_V_Nawres/Page_Ajouter_Decision/btn_Ajouter_Decision' located by 'By.xpath: //button[contains(text(),"Ajouter une dÃ©cision")]' in '20' second(s)

14-02-2025T09:46:06 - [MESSAGE][INFO] - Checking object

14-02-2025T09:46:06 - [MESSAGE][INFO] - Checking timeout

14-02-2025T09:46:06 - [MESSAGE][INFO] - Finding web element from Test Object's properties

14-02-2025T09:46:06 - [MESSAGE][INFO] - Checking timeout

14-02-2025T09:46:06 - [MESSAGE][INFO] - Finding web element with id: 'Object Repository/ANEF_Eloignement_V_Nawres/Page_Ajouter_Decision/btn_Ajouter_Decision' located by 'By.xpath: //button[contains(text(),"Ajouter une dÃ©cision")]' in '100' second(s)

14-02-2025T09:46:06 - [MESSAGE][INFO] - Found 1 web elements with id: 'Object Repository/ANEF_Eloignement_V_Nawres/Page_Ajouter_Decision/btn_Ajouter_Decision' located by 'By.xpath: //button[contains(text(),"Ajouter une dÃ©cision")]' in '100' second(s)

14-02-2025T09:46:06 - [MESSAGE][INFO] - Clicking on object: 'Object Repository/ANEF_Eloignement_V_Nawres/Page_Ajouter_Decision/btn_Ajouter_Decision'

14-02-2025T09:46:08 - [MESSAGE][PASSED] - Object: 'Object Repository/ANEF_Eloignement_V_Nawres/Page_Ajouter_Decision/btn_Ajouter_Decision' is clicked on

14-02-2025T09:46:08 - [TEST_STEP][PASSED] - scrollToElement(findTestObject("Object Repository/ANEF_Eloignement_V_Nawres/Page_Ajouter_Decision/btn_Confirmer_Ajout_Decision"), 5, STOP_ON_FAILURE): Scroll to object 'Object Repository/ANEF_Eloignement_V_Nawres/Page_Ajouter_Decision/btn_Confirmer_Ajout_Decision' successfully

14-02-2025T09:46:08 - [MESSAGE][INFO] - Finding Test Object 'Object Repository/ANEF_Eloignement_V_Nawres/Page_Ajouter_Decision/btn_Confirmer_Ajout_Decision'

14-02-2025T09:46:08 - [MESSAGE][INFO] - Checking object

14-02-2025T09:46:08 - [MESSAGE][INFO] - Checking timeout

14-02-2025T09:46:08 - [MESSAGE][INFO] - Finding web element from Test Object's properties

14-02-2025T09:46:08 - [MESSAGE][INFO] - Checking timeout

14-02-2025T09:46:08 - [MESSAGE][INFO] - Finding web element with id: 'Object Repository/ANEF_Eloignement_V_Nawres/Page_Ajouter_Decision/btn_Confirmer_Ajout_Decision' located by 'By.xpath: //button[contains(text()," Confirmer l'ajout")]' in '100' second(s)

14-02-2025T09:46:08 - [MESSAGE][INFO] - Found 1 web elements with id: 'Object Repository/ANEF_Eloignement_V_Nawres/Page_Ajouter_Decision/btn_Confirmer_Ajout_Decision' located by 'By.xpath: //button[contains(text()," Confirmer l'ajout")]' in '100' second(s)

14-02-2025T09:46:08 - [MESSAGE][INFO] - Scrolling to object 'Object Repository/ANEF_Eloignement_V_Nawres/Page_Ajouter_Decision/btn_Confirmer_Ajout_Decision'

14-02-2025T09:46:08 - [MESSAGE][PASSED] - Scroll to object 'Object Repository/ANEF_Eloignement_V_Nawres/Page_Ajouter_Decision/btn_Confirmer_Ajout_Decision' successfully

14-02-2025T09:46:08 - [TEST_STEP][PASSED] - click(findTestObject("Object Repository/ANEF_Eloignement_V_Nawres/Page_Ajouter_Decision/btn_Confirmer_Ajout_Decision"), STOP_ON_FAILURE): Object: 'Object Repository/ANEF_Eloignement_V_Nawres/Page_Ajouter_Decision/btn_Confirmer_Ajout_Decision' is clicked on

14-02-2025T09:46:08 - [MESSAGE][INFO] - Finding Test Object 'Object Repository/ANEF_Eloignement_V_Nawres/Page_Ajouter_Decision/btn_Confirmer_Ajout_Decision'

14-02-2025T09:46:08 - [MESSAGE][INFO] - Checking timeout

14-02-2025T09:46:08 - [MESSAGE][INFO] - Finding web element with id: 'Object Repository/ANEF_Eloignement_V_Nawres/Page_Ajouter_Decision/btn_Confirmer_Ajout_Decision' located by 'By.xpath: //button[contains(text()," Confirmer l'ajout")]' in '20' second(s)

14-02-2025T09:46:08 - [MESSAGE][INFO] - Found 1 web elements with id: 'Object Repository/ANEF_Eloignement_V_Nawres/Page_Ajouter_Decision/btn_Confirmer_Ajout_Decision' located by 'By.xpath: //button[contains(text()," Confirmer l'ajout")]' in '20' second(s)

14-02-2025T09:46:08 - [MESSAGE][INFO] - Checking object

14-02-2025T09:46:08 - [MESSAGE][INFO] - Checking timeout

14-02-2025T09:46:08 - [MESSAGE][INFO] - Finding web element from Test Object's properties

14-02-2025T09:46:08 - [MESSAGE][INFO] - Checking timeout

14-02-2025T09:46:08 - [MESSAGE][INFO] - Finding web element with id: 'Object Repository/ANEF_Eloignement_V_Nawres/Page_Ajouter_Decision/btn_Confirmer_Ajout_Decision' located by 'By.xpath: //button[contains(text()," Confirmer l'ajout")]' in '100' second(s)

14-02-2025T09:46:08 - [MESSAGE][INFO] - Found 1 web elements with id: 'Object Repository/ANEF_Eloignement_V_Nawres/Page_Ajouter_Decision/btn_Confirmer_Ajout_Decision' located by 'By.xpath: //button[contains(text()," Confirmer l'ajout")]' in '100' second(s)

14-02-2025T09:46:08 - [MESSAGE][INFO] - Clicking on object: 'Object Repository/ANEF_Eloignement_V_Nawres/Page_Ajouter_Decision/btn_Confirmer_Ajout_Decision'

14-02-2025T09:46:09 - [MESSAGE][PASSED] - Object: 'Object Repository/ANEF_Eloignement_V_Nawres/Page_Ajouter_Decision/btn_Confirmer_Ajout_Decision' is clicked on

14-02-2025T09:46:09 - [TEST_STEP][PASSED] - waitForElementClickable(findTestObject("Object Repository/ANEF_Eloignement_V_Nawres/Page_Ajouter_Decision/btn_Confirmer_Notification"), 20, STOP_ON_FAILURE): Object 'Object Repository/ANEF_Eloignement_V_Nawres/Page_Ajouter_Decision/btn_Confirmer_Notification' is clickable

14-02-2025T09:46:09 - [MESSAGE][INFO] - Finding Test Object 'Object Repository/ANEF_Eloignement_V_Nawres/Page_Ajouter_Decision/btn_Confirmer_Notification'

14-02-2025T09:46:09 - [MESSAGE][INFO] - Checking object

14-02-2025T09:46:09 - [MESSAGE][INFO] - Checking timeout

14-02-2025T09:46:09 - [MESSAGE][INFO] - Finding web element from Test Object's properties

14-02-2025T09:46:09 - [MESSAGE][INFO] - Checking timeout

14-02-2025T09:46:09 - [MESSAGE][INFO] - Finding web element with id: 'Object Repository/ANEF_Eloignement_V_Nawres/Page_Ajouter_Decision/btn_Confirmer_Notification' located by 'By.xpath: //button[contains(text(),"Confirmer la notification")]' in '20' second(s)

14-02-2025T09:46:09 - [MESSAGE][INFO] - Found 1 web elements with id: 'Object Repository/ANEF_Eloignement_V_Nawres/Page_Ajouter_Decision/btn_Confirmer_Notification' located by 'By.xpath: //button[contains(text(),"Confirmer la notification")]' in '20' second(s)

14-02-2025T09:46:10 - [MESSAGE][PASSED] - Object 'Object Repository/ANEF_Eloignement_V_Nawres/Page_Ajouter_Decision/btn_Confirmer_Notification' is clickable

14-02-2025T09:46:10 - [TEST_STEP][PASSED] - click(findTestObject("Object Repository/ANEF_Eloignement_V_Nawres/Page_Ajouter_Decision/btn_Confirmer_Notification"), STOP_ON_FAILURE): Object: 'Object Repository/ANEF_Eloignement_V_Nawres/Page_Ajouter_Decision/btn_Confirmer_Notification' is clicked on

14-02-2025T09:46:10 - [MESSAGE][INFO] - Finding Test Object 'Object Repository/ANEF_Eloignement_V_Nawres/Page_Ajouter_Decision/btn_Confirmer_Notification'

14-02-2025T09:46:10 - [MESSAGE][INFO] - Checking timeout

14-02-2025T09:46:10 - [MESSAGE][INFO] - Finding web element with id: 'Object Repository/ANEF_Eloignement_V_Nawres/Page_Ajouter_Decision/btn_Confirmer_Notification' located by 'By.xpath: //button[contains(text(),"Confirmer la notification")]' in '20' second(s)

14-02-2025T09:46:10 - [MESSAGE][INFO] - Found 1 web elements with id: 'Object Repository/ANEF_Eloignement_V_Nawres/Page_Ajouter_Decision/btn_Confirmer_Notification' located by 'By.xpath: //button[contains(text(),"Confirmer la notification")]' in '20' second(s)

14-02-2025T09:46:10 - [MESSAGE][INFO] - Checking object

14-02-2025T09:46:10 - [MESSAGE][INFO] - Checking timeout

14-02-2025T09:46:10 - [MESSAGE][INFO] - Finding web element from Test Object's properties

14-02-2025T09:46:10 - [MESSAGE][INFO] - Checking timeout

14-02-2025T09:46:10 - [MESSAGE][INFO] - Finding web element with id: 'Object Repository/ANEF_Eloignement_V_Nawres/Page_Ajouter_Decision/btn_Confirmer_Notification' located by 'By.xpath: //button[contains(text(),"Confirmer la notification")]' in '100' second(s)

14-02-2025T09:46:10 - [MESSAGE][INFO] - Found 1 web elements with id: 'Object Repository/ANEF_Eloignement_V_Nawres/Page_Ajouter_Decision/btn_Confirmer_Notification' located by 'By.xpath: //button[contains(text(),"Confirmer la notification")]' in '100' second(s)

14-02-2025T09:46:10 - [MESSAGE][INFO] - Clicking on object: 'Object Repository/ANEF_Eloignement_V_Nawres/Page_Ajouter_Decision/btn_Confirmer_Notification'

14-02-2025T09:46:11 - [MESSAGE][PASSED] - Object: 'Object Repository/ANEF_Eloignement_V_Nawres/Page_Ajouter_Decision/btn_Confirmer_Notification' is clicked on

14-02-2025T09:46:11 - [TEST_STEP][PASSED] - selectOptionByLabel(findTestObject("Object Repository/ANEF_Eloignement_V_Nawres/Page_Ajouter_Decision/select_Mode_Notification"), ModeNotification, false, STOP_ON_FAILURE): All options with label 'Voie administrative' are selected in object 'Object Repository/ANEF_Eloignement_V_Nawres/Page_Ajouter_Decision/select_Mode_Notification' 

14-02-2025T09:46:11 - [MESSAGE][INFO] - Finding Test Object 'Object Repository/ANEF_Eloignement_V_Nawres/Page_Ajouter_Decision/select_Mode_Notification'

14-02-2025T09:46:11 - [MESSAGE][INFO] - Checking timeout

14-02-2025T09:46:11 - [MESSAGE][INFO] - Finding web element with id: 'Object Repository/ANEF_Eloignement_V_Nawres/Page_Ajouter_Decision/select_Mode_Notification' located by 'By.xpath: //app-notification-modal//form//app-dsfr-select/div/select[@id="mode_notification"]' in '20' second(s)

14-02-2025T09:46:11 - [MESSAGE][INFO] - Found 1 web elements with id: 'Object Repository/ANEF_Eloignement_V_Nawres/Page_Ajouter_Decision/select_Mode_Notification' located by 'By.xpath: //app-notification-modal//form//app-dsfr-select/div/select[@id="mode_notification"]' in '20' second(s)

14-02-2025T09:46:11 - [MESSAGE][INFO] - Checking object

14-02-2025T09:46:11 - [MESSAGE][INFO] - Checking label parameter

14-02-2025T09:46:11 - [MESSAGE][INFO] - Finding web element from Test Object's properties

14-02-2025T09:46:11 - [MESSAGE][INFO] - Checking timeout

14-02-2025T09:46:11 - [MESSAGE][INFO] - Finding web element with id: 'Object Repository/ANEF_Eloignement_V_Nawres/Page_Ajouter_Decision/select_Mode_Notification' located by 'By.xpath: //app-notification-modal//form//app-dsfr-select/div/select[@id="mode_notification"]' in '100' second(s)

14-02-2025T09:46:11 - [MESSAGE][INFO] - Found 1 web elements with id: 'Object Repository/ANEF_Eloignement_V_Nawres/Page_Ajouter_Decision/select_Mode_Notification' located by 'By.xpath: //app-notification-modal//form//app-dsfr-select/div/select[@id="mode_notification"]' in '100' second(s)

14-02-2025T09:46:12 - [MESSAGE][INFO] - Selecting options on object 'Object Repository/ANEF_Eloignement_V_Nawres/Page_Ajouter_Decision/select_Mode_Notification' with label 'Voie administrative' 

14-02-2025T09:46:13 - [MESSAGE][PASSED] - All options with label 'Voie administrative' are selected in object 'Object Repository/ANEF_Eloignement_V_Nawres/Page_Ajouter_Decision/select_Mode_Notification' 

14-02-2025T09:46:13 - [TEST_STEP][PASSED] - setText(findTestObject("Object Repository/ANEF_Eloignement_V_Nawres/Page_Ajouter_Decision/input_Date_Notification"), DateActuelle, STOP_ON_FAILURE): Text '14/02/2025' is set on object 'Object Repository/ANEF_Eloignement_V_Nawres/Page_Ajouter_Decision/input_Date_Notification'

14-02-2025T09:46:13 - [MESSAGE][INFO] - Finding Test Object 'Object Repository/ANEF_Eloignement_V_Nawres/Page_Ajouter_Decision/input_Date_Notification'

14-02-2025T09:46:13 - [MESSAGE][INFO] - Checking timeout

14-02-2025T09:46:13 - [MESSAGE][INFO] - Finding web element with id: 'Object Repository/ANEF_Eloignement_V_Nawres/Page_Ajouter_Decision/input_Date_Notification' located by 'By.xpath: //app-dsfr-input/div/input[@id="date_notification"]' in '20' second(s)

14-02-2025T09:46:13 - [MESSAGE][INFO] - Found 1 web elements with id: 'Object Repository/ANEF_Eloignement_V_Nawres/Page_Ajouter_Decision/input_Date_Notification' located by 'By.xpath: //app-dsfr-input/div/input[@id="date_notification"]' in '20' second(s)

14-02-2025T09:46:13 - [MESSAGE][INFO] - Checking object

14-02-2025T09:46:13 - [MESSAGE][INFO] - Checking text

14-02-2025T09:46:13 - [MESSAGE][INFO] - Finding web element from Test Object's properties

14-02-2025T09:46:13 - [MESSAGE][INFO] - Checking timeout

14-02-2025T09:46:13 - [MESSAGE][INFO] - Finding web element with id: 'Object Repository/ANEF_Eloignement_V_Nawres/Page_Ajouter_Decision/input_Date_Notification' located by 'By.xpath: //app-dsfr-input/div/input[@id="date_notification"]' in '100' second(s)

14-02-2025T09:46:13 - [MESSAGE][INFO] - Found 1 web elements with id: 'Object Repository/ANEF_Eloignement_V_Nawres/Page_Ajouter_Decision/input_Date_Notification' located by 'By.xpath: //app-dsfr-input/div/input[@id="date_notification"]' in '100' second(s)

14-02-2025T09:46:13 - [MESSAGE][INFO] - Clearing text of object 'Object Repository/ANEF_Eloignement_V_Nawres/Page_Ajouter_Decision/input_Date_Notification'

14-02-2025T09:46:14 - [MESSAGE][INFO] - Finding web element from Test Object's properties

14-02-2025T09:46:14 - [MESSAGE][INFO] - Checking timeout

14-02-2025T09:46:14 - [MESSAGE][INFO] - Finding web element with id: 'Object Repository/ANEF_Eloignement_V_Nawres/Page_Ajouter_Decision/input_Date_Notification' located by 'By.xpath: //app-dsfr-input/div/input[@id="date_notification"]' in '100' second(s)

14-02-2025T09:46:14 - [MESSAGE][INFO] - Found 1 web elements with id: 'Object Repository/ANEF_Eloignement_V_Nawres/Page_Ajouter_Decision/input_Date_Notification' located by 'By.xpath: //app-dsfr-input/div/input[@id="date_notification"]' in '100' second(s)

14-02-2025T09:46:14 - [MESSAGE][INFO] - Setting text of object 'Object Repository/ANEF_Eloignement_V_Nawres/Page_Ajouter_Decision/input_Date_Notification' to value '14/02/2025'

14-02-2025T09:46:15 - [MESSAGE][PASSED] - Text '14/02/2025' is set on object 'Object Repository/ANEF_Eloignement_V_Nawres/Page_Ajouter_Decision/input_Date_Notification'

14-02-2025T09:46:15 - [TEST_STEP][PASSED] - if (ModeNotification == "Voie administrative"): Text '14:30' is set on object 'Object Repository/ANEF_Eloignement_V_Nawres/Page_Ajouter_Decision/input_Heure_Notification'

14-02-2025T09:46:15 - [TEST_STEP][PASSED] - setText(findTestObject("Object Repository/ANEF_Eloignement_V_Nawres/Page_Ajouter_Decision/input_Heure_Notification"), "14:30", STOP_ON_FAILURE): Text '14:30' is set on object 'Object Repository/ANEF_Eloignement_V_Nawres/Page_Ajouter_Decision/input_Heure_Notification'

14-02-2025T09:46:15 - [MESSAGE][INFO] - Finding Test Object 'Object Repository/ANEF_Eloignement_V_Nawres/Page_Ajouter_Decision/input_Heure_Notification'

14-02-2025T09:46:15 - [MESSAGE][INFO] - Checking timeout

14-02-2025T09:46:15 - [MESSAGE][INFO] - Finding web element with id: 'Object Repository/ANEF_Eloignement_V_Nawres/Page_Ajouter_Decision/input_Heure_Notification' located by 'By.xpath: //app-notification-modal//form//app-dsfr-input/div/input[@id="heure_notification"]' in '20' second(s)

14-02-2025T09:46:15 - [MESSAGE][INFO] - Found 1 web elements with id: 'Object Repository/ANEF_Eloignement_V_Nawres/Page_Ajouter_Decision/input_Heure_Notification' located by 'By.xpath: //app-notification-modal//form//app-dsfr-input/div/input[@id="heure_notification"]' in '20' second(s)

14-02-2025T09:46:15 - [MESSAGE][INFO] - Checking object

14-02-2025T09:46:15 - [MESSAGE][INFO] - Checking text

14-02-2025T09:46:15 - [MESSAGE][INFO] - Finding web element from Test Object's properties

14-02-2025T09:46:15 - [MESSAGE][INFO] - Checking timeout

14-02-2025T09:46:15 - [MESSAGE][INFO] - Finding web element with id: 'Object Repository/ANEF_Eloignement_V_Nawres/Page_Ajouter_Decision/input_Heure_Notification' located by 'By.xpath: //app-notification-modal//form//app-dsfr-input/div/input[@id="heure_notification"]' in '100' second(s)

14-02-2025T09:46:15 - [MESSAGE][INFO] - Found 1 web elements with id: 'Object Repository/ANEF_Eloignement_V_Nawres/Page_Ajouter_Decision/input_Heure_Notification' located by 'By.xpath: //app-notification-modal//form//app-dsfr-input/div/input[@id="heure_notification"]' in '100' second(s)

14-02-2025T09:46:15 - [MESSAGE][INFO] - Clearing text of object 'Object Repository/ANEF_Eloignement_V_Nawres/Page_Ajouter_Decision/input_Heure_Notification'

14-02-2025T09:46:16 - [MESSAGE][INFO] - Finding web element from Test Object's properties

14-02-2025T09:46:16 - [MESSAGE][INFO] - Checking timeout

14-02-2025T09:46:16 - [MESSAGE][INFO] - Finding web element with id: 'Object Repository/ANEF_Eloignement_V_Nawres/Page_Ajouter_Decision/input_Heure_Notification' located by 'By.xpath: //app-notification-modal//form//app-dsfr-input/div/input[@id="heure_notification"]' in '100' second(s)

14-02-2025T09:46:16 - [MESSAGE][INFO] - Found 1 web elements with id: 'Object Repository/ANEF_Eloignement_V_Nawres/Page_Ajouter_Decision/input_Heure_Notification' located by 'By.xpath: //app-notification-modal//form//app-dsfr-input/div/input[@id="heure_notification"]' in '100' second(s)

14-02-2025T09:46:16 - [MESSAGE][INFO] - Setting text of object 'Object Repository/ANEF_Eloignement_V_Nawres/Page_Ajouter_Decision/input_Heure_Notification' to value '14:30'

14-02-2025T09:46:17 - [MESSAGE][PASSED] - Text '14:30' is set on object 'Object Repository/ANEF_Eloignement_V_Nawres/Page_Ajouter_Decision/input_Heure_Notification'

14-02-2025T09:46:17 - [TEST_STEP][PASSED] - uploadFile(findTestObject("Object Repository/ANEF_Eloignement_V_Nawres/Page_Ajouter_Decision/input_Ajouter_Fichier_Notification"), getProjectDir() + "/Data Files/Fichier_Test.pdf"): File 'C:/Users/nbenjemi/Katalon Studio/ANEF-ELOIGNEMENT-20250121/ANEF-ELOIGNEMENT-20250121/Data Files/Fichier_Test.pdf' sent to object: 'Object Repository/ANEF_Eloignement_V_Nawres/Page_Ajouter_Decision/input_Ajouter_Fichier_Notification'

14-02-2025T09:46:17 - [MESSAGE][INFO] - Finding Test Object 'Object Repository/ANEF_Eloignement_V_Nawres/Page_Ajouter_Decision/input_Ajouter_Fichier_Notification'

14-02-2025T09:46:17 - [MESSAGE][INFO] - Checking object

14-02-2025T09:46:17 - [MESSAGE][INFO] - Uploading file 'C:/Users/nbenjemi/Katalon Studio/ANEF-ELOIGNEMENT-20250121/ANEF-ELOIGNEMENT-20250121/Data Files/Fichier_Test.pdf' to object: 'Object Repository/ANEF_Eloignement_V_Nawres/Page_Ajouter_Decision/input_Ajouter_Fichier_Notification'

14-02-2025T09:46:17 - [MESSAGE][INFO] - Finding web element from Test Object's properties

14-02-2025T09:46:17 - [MESSAGE][INFO] - Checking timeout

14-02-2025T09:46:17 - [MESSAGE][INFO] - Finding web element with id: 'Object Repository/ANEF_Eloignement_V_Nawres/Page_Ajouter_Decision/input_Ajouter_Fichier_Notification' located by 'By.xpath: //app-notification-modal//form//app-dsfr-piece-jointe//input' in '100' second(s)

14-02-2025T09:46:17 - [MESSAGE][INFO] - Found 1 web elements with id: 'Object Repository/ANEF_Eloignement_V_Nawres/Page_Ajouter_Decision/input_Ajouter_Fichier_Notification' located by 'By.xpath: //app-notification-modal//form//app-dsfr-piece-jointe//input' in '100' second(s)

14-02-2025T09:46:18 - [MESSAGE][PASSED] - File 'C:/Users/nbenjemi/Katalon Studio/ANEF-ELOIGNEMENT-20250121/ANEF-ELOIGNEMENT-20250121/Data Files/Fichier_Test.pdf' sent to object: 'Object Repository/ANEF_Eloignement_V_Nawres/Page_Ajouter_Decision/input_Ajouter_Fichier_Notification'

14-02-2025T09:46:18 - [TEST_STEP][PASSED] - scrollToElement(findTestObject("Object Repository/ANEF_Eloignement_V_Nawres/Page_Ajouter_Decision/btn_Confirmer_Ajout_Notification"), 5, STOP_ON_FAILURE): Scroll to object 'Object Repository/ANEF_Eloignement_V_Nawres/Page_Ajouter_Decision/btn_Confirmer_Ajout_Notification' successfully

14-02-2025T09:46:18 - [MESSAGE][INFO] - Finding Test Object 'Object Repository/ANEF_Eloignement_V_Nawres/Page_Ajouter_Decision/btn_Confirmer_Ajout_Notification'

14-02-2025T09:46:18 - [MESSAGE][INFO] - Checking object

14-02-2025T09:46:18 - [MESSAGE][INFO] - Checking timeout

14-02-2025T09:46:18 - [MESSAGE][INFO] - Finding web element from Test Object's properties

14-02-2025T09:46:18 - [MESSAGE][INFO] - Checking timeout

14-02-2025T09:46:18 - [MESSAGE][INFO] - Finding web element with id: 'Object Repository/ANEF_Eloignement_V_Nawres/Page_Ajouter_Decision/btn_Confirmer_Ajout_Notification' located by 'By.xpath: //app-notification-modal//button[contains(text(),"Confirmer l'ajout")]' in '100' second(s)

14-02-2025T09:46:18 - [MESSAGE][INFO] - Found 1 web elements with id: 'Object Repository/ANEF_Eloignement_V_Nawres/Page_Ajouter_Decision/btn_Confirmer_Ajout_Notification' located by 'By.xpath: //app-notification-modal//button[contains(text(),"Confirmer l'ajout")]' in '100' second(s)

14-02-2025T09:46:18 - [MESSAGE][INFO] - Scrolling to object 'Object Repository/ANEF_Eloignement_V_Nawres/Page_Ajouter_Decision/btn_Confirmer_Ajout_Notification'

14-02-2025T09:46:18 - [MESSAGE][PASSED] - Scroll to object 'Object Repository/ANEF_Eloignement_V_Nawres/Page_Ajouter_Decision/btn_Confirmer_Ajout_Notification' successfully

14-02-2025T09:46:18 - [TEST_STEP][PASSED] - click(findTestObject("Object Repository/ANEF_Eloignement_V_Nawres/Page_Ajouter_Decision/btn_Confirmer_Ajout_Notification"), STOP_ON_FAILURE): Object: 'Object Repository/ANEF_Eloignement_V_Nawres/Page_Ajouter_Decision/btn_Confirmer_Ajout_Notification' is clicked on

14-02-2025T09:46:18 - [MESSAGE][INFO] - Finding Test Object 'Object Repository/ANEF_Eloignement_V_Nawres/Page_Ajouter_Decision/btn_Confirmer_Ajout_Notification'

14-02-2025T09:46:18 - [MESSAGE][INFO] - Checking timeout

14-02-2025T09:46:18 - [MESSAGE][INFO] - Finding web element with id: 'Object Repository/ANEF_Eloignement_V_Nawres/Page_Ajouter_Decision/btn_Confirmer_Ajout_Notification' located by 'By.xpath: //app-notification-modal//button[contains(text(),"Confirmer l'ajout")]' in '20' second(s)

14-02-2025T09:46:18 - [MESSAGE][INFO] - Found 1 web elements with id: 'Object Repository/ANEF_Eloignement_V_Nawres/Page_Ajouter_Decision/btn_Confirmer_Ajout_Notification' located by 'By.xpath: //app-notification-modal//button[contains(text(),"Confirmer l'ajout")]' in '20' second(s)

14-02-2025T09:46:18 - [MESSAGE][INFO] - Checking object

14-02-2025T09:46:18 - [MESSAGE][INFO] - Checking timeout

14-02-2025T09:46:18 - [MESSAGE][INFO] - Finding web element from Test Object's properties

14-02-2025T09:46:18 - [MESSAGE][INFO] - Checking timeout

14-02-2025T09:46:18 - [MESSAGE][INFO] - Finding web element with id: 'Object Repository/ANEF_Eloignement_V_Nawres/Page_Ajouter_Decision/btn_Confirmer_Ajout_Notification' located by 'By.xpath: //app-notification-modal//button[contains(text(),"Confirmer l'ajout")]' in '100' second(s)

14-02-2025T09:46:18 - [MESSAGE][INFO] - Found 1 web elements with id: 'Object Repository/ANEF_Eloignement_V_Nawres/Page_Ajouter_Decision/btn_Confirmer_Ajout_Notification' located by 'By.xpath: //app-notification-modal//button[contains(text(),"Confirmer l'ajout")]' in '100' second(s)

14-02-2025T09:46:18 - [MESSAGE][INFO] - Clicking on object: 'Object Repository/ANEF_Eloignement_V_Nawres/Page_Ajouter_Decision/btn_Confirmer_Ajout_Notification'

14-02-2025T09:46:20 - [MESSAGE][PASSED] - Object: 'Object Repository/ANEF_Eloignement_V_Nawres/Page_Ajouter_Decision/btn_Confirmer_Ajout_Notification' is clicked on

14-02-2025T09:46:20 - [TEST_STEP][PASSED] - waitForElementClickable(findTestObject("Object Repository/ANEF_Eloignement_V_Nawres/Page_Ajouter_Decision/btn_Enregistrer"), 7, STOP_ON_FAILURE): Object 'Object Repository/ANEF_Eloignement_V_Nawres/Page_Ajouter_Decision/btn_Enregistrer' is clickable

14-02-2025T09:46:20 - [MESSAGE][INFO] - Finding Test Object 'Object Repository/ANEF_Eloignement_V_Nawres/Page_Ajouter_Decision/btn_Enregistrer'

14-02-2025T09:46:20 - [MESSAGE][INFO] - Checking object

14-02-2025T09:46:20 - [MESSAGE][INFO] - Checking timeout

14-02-2025T09:46:20 - [MESSAGE][INFO] - Finding web element from Test Object's properties

14-02-2025T09:46:20 - [MESSAGE][INFO] - Checking timeout

14-02-2025T09:46:20 - [MESSAGE][INFO] - Finding web element with id: 'Object Repository/ANEF_Eloignement_V_Nawres/Page_Ajouter_Decision/btn_Enregistrer' located by 'By.xpath: //button[contains(text(),"Enregistrer")]' in '7' second(s)

14-02-2025T09:46:20 - [MESSAGE][INFO] - Found 1 web elements with id: 'Object Repository/ANEF_Eloignement_V_Nawres/Page_Ajouter_Decision/btn_Enregistrer' located by 'By.xpath: //button[contains(text(),"Enregistrer")]' in '7' second(s)

14-02-2025T09:46:20 - [MESSAGE][PASSED] - Object 'Object Repository/ANEF_Eloignement_V_Nawres/Page_Ajouter_Decision/btn_Enregistrer' is clickable

14-02-2025T09:46:20 - [MESSAGE][PASSED] - Call Test Case 'Test Cases/Test Reutilisable/Main/ANEF_Eloignement_V_Nawres/ANEF_Ajouter_Decision' successfully

14-02-2025T09:46:22 - [TEST_STEP][PASSED] - Video: Video recording for test case 'Test Cases/Cas D Utilisations/ANEF_Eloignement_V_Nawres/TC_ANEF_Eloignement' .

14-02-2025T09:46:22 - [MESSAGE][INFO] - Video recording for test case 'Test Cases/Cas D Utilisations/ANEF_Eloignement_V_Nawres/TC_ANEF_Eloignement' .]]></system-out>
         <system-err><![CDATA[]]></system-err>
      </testcase>
      <system-out><![CDATA[14-02-2025T09:34:32 - [TEST_SUITE][PASSED] - TS_ANEF_Eloignement: Test Cases/Cas D Utilisations/ANEF_Eloignement_V_Nawres/TC_ANEF_Eloignement]]></system-out>
      <system-err><![CDATA[]]></system-err>
   </testsuite>
</testsuites>
