<?xml version="1.0" encoding="UTF-8"?>
<testsuites name="TS_ANEF_Eloignement" time="93.723" tests="1" failures="0" errors="0">
   <testsuite name="TS_ANEF_Eloignement" tests="1" failures="0" errors="0" time="93.723" skipped="0" timestamp="13-02-2025T14:34:00" hostname="nbenjemi - LFR-5CG1459ZTG.corp.capgemini.com" id="Test Suites/TS_ANEF_Eloignement">
      <properties>
         <property name="deviceName" value=""/>
         <property name="devicePlatform"/>
         <property name="logFolder" value="C:\\Users\\nbenjemi\\Katalon Studio\\ANEF-ELOIGNEMENT-20250121\\ANEF-ELOIGNEMENT-20250121\\Reports\\20250213_143353\\TS_ANEF_Eloignement\\20250213_143353"/>
         <property name="logFiles" value="C:\\Users\\nbenjemi\\Katalon Studio\\ANEF-ELOIGNEMENT-20250121\\ANEF-ELOIGNEMENT-20250121\\Reports\\20250213_143353\\TS_ANEF_Eloignement\\20250213_143353\\execution0.log"/>
         <property name="attachments" value=""/>
         <property name="hostName" value="nbenjemi - LFR-5CG1459ZTG.corp.capgemini.com"/>
         <property name="os" value="Windows 11 64bit"/>
         <property name="katalonVersion" value="9.6.0.217"/>
         <property name="browser" value="Chrome 133.0.0.0"/>
         <property name="hostAddress" value="192.168.1.197"/>
         <property name="sessionId" value="2552ba7b6b403487711e5b37fbb5c973"/>
         <property name="seleniumVersion" value="3.141.59"/>
         <property name="proxyInformation" value="ProxyInformation { proxyOption=NO_PROXY, proxyServerType=HTTP, username=, password=********, proxyServerAddress=, proxyServerPort=0, executionList=&quot;&quot;, isApplyToDesiredCapabilities=true }"/>
         <property name="platform" value="Windows 11"/>
      </properties>
      <testcase name="Test Cases/Cas D Utilisations/ANEF_Eloignement_V_Nawres/TC_ANEF_Eloignement" time="93.234" classname="Test Cases/Cas D Utilisations/ANEF_Eloignement_V_Nawres/TC_ANEF_Eloignement" status="PASSED">
         <system-out><![CDATA[13-02-2025T14:34:01 - [TEST_CASE][PASSED] - Test Cases/Cas D Utilisations/ANEF_Eloignement_V_Nawres/TC_ANEF_Eloignement: Test Cases/Cas D Utilisations/ANEF_Eloignement_V_Nawres/TC_ANEF_Eloignement

13-02-2025T14:34:02 - [TEST_STEP][PASSED] - callTestCase(findTestCase("Test Cases/Test Reutilisable/Main/ANEF_Eloignement_V_Nawres/ANEF_Lancer_URL_ANEF"), ["Profiles":Profiles, "EnvExec":EnvExec], STOP_ON_FAILURE): Call Test Case 'Test Cases/Test Reutilisable/Main/ANEF_Eloignement_V_Nawres/ANEF_Lancer_URL_ANEF' successfully

13-02-2025T14:34:02 - [MESSAGE][INFO] - Checking called Test Case

13-02-2025T14:34:02 - [MESSAGE][INFO] - Starting to call Test Case 'Test Cases/Test Reutilisable/Main/ANEF_Eloignement_V_Nawres/ANEF_Lancer_URL_ANEF'

13-02-2025T14:34:02 - [TEST_CASE][PASSED] - Test Cases/Test Reutilisable/Main/ANEF_Eloignement_V_Nawres/ANEF_Lancer_URL_ANEF: Test Cases/Test Reutilisable/Main/ANEF_Eloignement_V_Nawres/ANEF_Lancer_URL_ANEF

13-02-2025T14:34:03 - [TEST_STEP][PASSED] - "Call Highlight.on() automatically": null

13-02-2025T14:34:03 - [TEST_STEP][PASSED] - projDir = getProjectDir(): null

13-02-2025T14:34:03 - [TEST_STEP][PASSED] - RunBrowserConfiguration = getExecutionProperties(): null

13-02-2025T14:34:03 - [TEST_STEP][PASSED] - DriverName = get("WebUI").get("browserType"): null

13-02-2025T14:34:03 - [TEST_STEP][PASSED] - println("DriverName :" + DriverName): null

13-02-2025T14:34:03 - [TEST_STEP][PASSED] - println("Driverpath :" + RunBrowserConfiguration.get("drivers")): null

13-02-2025T14:34:03 - [TEST_STEP][PASSED] - if (Profiles == "Usager"): null

13-02-2025T14:34:03 - [TEST_STEP][PASSED] - if (Profiles == "Agent"): Current window maximized

13-02-2025T14:34:03 - [TEST_STEP][PASSED] - if (EnvExec == "URLPortailAgentQualif"): Browser is opened with url: 'https://qualification.siaef.dgef.interieur.gouv.fr/sejour/#/accueil'

13-02-2025T14:34:03 - [TEST_STEP][PASSED] - openBrowser(URLPortailAgentQualif): Browser is opened with url: 'https://qualification.siaef.dgef.interieur.gouv.fr/sejour/#/accueil'

13-02-2025T14:34:04 - [MESSAGE][INFO] - Opening browser

13-02-2025T14:34:04 - [MESSAGE][INFO] - Starting 'Chrome' driver

13-02-2025T14:34:04 - [MESSAGE][INFO] - User set preference: ['args', '[--incognito, --disable-search-engine-choice-screen, --enable-automation, --disable-save-password-bubble, --start-maximized, --remote-allow-origins=*]']

13-02-2025T14:34:04 - [MESSAGE][INFO] - User set preference: ['prefs', '{download.default_directory=${GlobalVariable.downloadPath}, download_dir=${GlobalVariable.downloadPath}, download.prompt_for_download=false}']

13-02-2025T14:34:04 - [MESSAGE][INFO] - User set preference: ['loggingPrefs', '{browser=ALL}']

13-02-2025T14:34:04 - [MESSAGE][INFO] - Action delay is set to 1â€¯000 milliseconds

13-02-2025T14:34:09 - [MESSAGE][INFO] - Navigating browser to: 'https://qualification.siaef.dgef.interieur.gouv.fr/sejour/#/accueil'

13-02-2025T14:34:11 - [MESSAGE][PASSED] - Browser is opened with url: 'https://qualification.siaef.dgef.interieur.gouv.fr/sejour/#/accueil'

13-02-2025T14:34:11 - [TEST_STEP][PASSED] - if (EnvExec == "URLPortailAgentPreProd"): null

13-02-2025T14:34:11 - [TEST_STEP][PASSED] - maximizeWindow(): Current window maximized

13-02-2025T14:34:11 - [MESSAGE][INFO] - Maximizing current window

13-02-2025T14:34:11 - [MESSAGE][PASSED] - Current window maximized

13-02-2025T14:34:11 - [MESSAGE][PASSED] - Call Test Case 'Test Cases/Test Reutilisable/Main/ANEF_Eloignement_V_Nawres/ANEF_Lancer_URL_ANEF' successfully

13-02-2025T14:34:11 - [TEST_STEP][PASSED] - callTestCase(findTestCase("Test Cases/Test Reutilisable/Main/ANEF_Eloignement_V_Nawres/ANEF_Identification"), ["Profiles":Profiles, "IdentifiantAgent":IdentifiantAgent, "PwAgent":PwAgent, "EnvExec":EnvExec], STOP_ON_FAILURE): Call Test Case 'Test Cases/Test Reutilisable/Main/ANEF_Eloignement_V_Nawres/ANEF_Identification' successfully

13-02-2025T14:34:12 - [MESSAGE][INFO] - Checking called Test Case

13-02-2025T14:34:12 - [MESSAGE][INFO] - Starting to call Test Case 'Test Cases/Test Reutilisable/Main/ANEF_Eloignement_V_Nawres/ANEF_Identification'

13-02-2025T14:34:12 - [TEST_CASE][PASSED] - Test Cases/Test Reutilisable/Main/ANEF_Eloignement_V_Nawres/ANEF_Identification: Test Cases/Test Reutilisable/Main/ANEF_Eloignement_V_Nawres/ANEF_Identification

13-02-2025T14:34:12 - [TEST_STEP][PASSED] - com.kazurayam.ksbackyard.HighlightElement.pandemic(): com.kazurayam.ksbackyard.HighlightElement.pandemic is PASSED

13-02-2025T14:34:13 - [MESSAGE][PASSED] - com.kazurayam.ksbackyard.HighlightElement.pandemic is PASSED

13-02-2025T14:34:13 - [TEST_STEP][PASSED] - if (Profiles == "Usager"): null

13-02-2025T14:34:13 - [TEST_STEP][PASSED] - if (Profiles == "Agent"): Object: 'Object Repository/ANEF_Eloignement_V_Nawres/Page_ANEF_Connexion/btn_Valider_Conx_Agent' is clicked on

13-02-2025T14:34:13 - [TEST_STEP][PASSED] - if (EnvExec == "URLPortailAgentQualif"): Text 'Natali12345!' is set on object 'Object Repository/ANEF_Eloignement_V_Nawres/Page_ANEF_Connexion/Input_PasswordAgent'

13-02-2025T14:34:13 - [TEST_STEP][PASSED] - setText(findTestObject("Object Repository/ANEF_Eloignement_V_Nawres/Page_ANEF_Connexion/Input_UserNameAgent"), IdentifiantAgent): Text 'test.gpe+32@outlook.fr' is set on object 'Object Repository/ANEF_Eloignement_V_Nawres/Page_ANEF_Connexion/Input_UserNameAgent'

13-02-2025T14:34:13 - [MESSAGE][INFO] - Finding Test Object 'Object Repository/ANEF_Eloignement_V_Nawres/Page_ANEF_Connexion/Input_UserNameAgent'

13-02-2025T14:34:13 - [MESSAGE][INFO] - Checking timeout

13-02-2025T14:34:13 - [MESSAGE][INFO] - Finding web element with id: 'Object Repository/ANEF_Eloignement_V_Nawres/Page_ANEF_Connexion/Input_UserNameAgent' located by 'By.xpath: //*[@aria-labelledby="username-label"]|//*[@id="login"]' in '20' second(s)

13-02-2025T14:34:13 - [MESSAGE][INFO] - Found 1 web elements with id: 'Object Repository/ANEF_Eloignement_V_Nawres/Page_ANEF_Connexion/Input_UserNameAgent' located by 'By.xpath: //*[@aria-labelledby="username-label"]|//*[@id="login"]' in '20' second(s)

13-02-2025T14:34:13 - [MESSAGE][INFO] - Checking object

13-02-2025T14:34:13 - [MESSAGE][INFO] - Checking text

13-02-2025T14:34:13 - [MESSAGE][INFO] - Finding web element from Test Object's properties

13-02-2025T14:34:13 - [MESSAGE][INFO] - Checking timeout

13-02-2025T14:34:13 - [MESSAGE][INFO] - Finding web element with id: 'Object Repository/ANEF_Eloignement_V_Nawres/Page_ANEF_Connexion/Input_UserNameAgent' located by 'By.xpath: //*[@aria-labelledby="username-label"]|//*[@id="login"]' in '2' second(s)

13-02-2025T14:34:13 - [MESSAGE][INFO] - Found 1 web elements with id: 'Object Repository/ANEF_Eloignement_V_Nawres/Page_ANEF_Connexion/Input_UserNameAgent' located by 'By.xpath: //*[@aria-labelledby="username-label"]|//*[@id="login"]' in '2' second(s)

13-02-2025T14:34:13 - [MESSAGE][INFO] - Clearing text of object 'Object Repository/ANEF_Eloignement_V_Nawres/Page_ANEF_Connexion/Input_UserNameAgent'

13-02-2025T14:34:15 - [MESSAGE][INFO] - Finding web element from Test Object's properties

13-02-2025T14:34:15 - [MESSAGE][INFO] - Checking timeout

13-02-2025T14:34:15 - [MESSAGE][INFO] - Finding web element with id: 'Object Repository/ANEF_Eloignement_V_Nawres/Page_ANEF_Connexion/Input_UserNameAgent' located by 'By.xpath: //*[@aria-labelledby="username-label"]|//*[@id="login"]' in '2' second(s)

13-02-2025T14:34:15 - [MESSAGE][INFO] - Found 1 web elements with id: 'Object Repository/ANEF_Eloignement_V_Nawres/Page_ANEF_Connexion/Input_UserNameAgent' located by 'By.xpath: //*[@aria-labelledby="username-label"]|//*[@id="login"]' in '2' second(s)

13-02-2025T14:34:15 - [MESSAGE][INFO] - Setting text of object 'Object Repository/ANEF_Eloignement_V_Nawres/Page_ANEF_Connexion/Input_UserNameAgent' to value 'test.gpe+32@outlook.fr'

13-02-2025T14:34:16 - [MESSAGE][PASSED] - Text 'test.gpe+32@outlook.fr' is set on object 'Object Repository/ANEF_Eloignement_V_Nawres/Page_ANEF_Connexion/Input_UserNameAgent'

13-02-2025T14:34:16 - [TEST_STEP][PASSED] - setText(findTestObject("Object Repository/ANEF_Eloignement_V_Nawres/Page_ANEF_Connexion/Input_PasswordAgent"), PwAgent): Text 'Natali12345!' is set on object 'Object Repository/ANEF_Eloignement_V_Nawres/Page_ANEF_Connexion/Input_PasswordAgent'

13-02-2025T14:34:16 - [MESSAGE][INFO] - Finding Test Object 'Object Repository/ANEF_Eloignement_V_Nawres/Page_ANEF_Connexion/Input_PasswordAgent'

13-02-2025T14:34:16 - [MESSAGE][INFO] - Checking timeout

13-02-2025T14:34:16 - [MESSAGE][INFO] - Finding web element with id: 'Object Repository/ANEF_Eloignement_V_Nawres/Page_ANEF_Connexion/Input_PasswordAgent' located by 'By.xpath: //*[@aria-labelledby="password-label"]|//*[@id="password"]' in '20' second(s)

13-02-2025T14:34:16 - [MESSAGE][INFO] - Found 1 web elements with id: 'Object Repository/ANEF_Eloignement_V_Nawres/Page_ANEF_Connexion/Input_PasswordAgent' located by 'By.xpath: //*[@aria-labelledby="password-label"]|//*[@id="password"]' in '20' second(s)

13-02-2025T14:34:16 - [MESSAGE][INFO] - Checking object

13-02-2025T14:34:16 - [MESSAGE][INFO] - Checking text

13-02-2025T14:34:16 - [MESSAGE][INFO] - Finding web element from Test Object's properties

13-02-2025T14:34:16 - [MESSAGE][INFO] - Checking timeout

13-02-2025T14:34:16 - [MESSAGE][INFO] - Finding web element with id: 'Object Repository/ANEF_Eloignement_V_Nawres/Page_ANEF_Connexion/Input_PasswordAgent' located by 'By.xpath: //*[@aria-labelledby="password-label"]|//*[@id="password"]' in '2' second(s)

13-02-2025T14:34:16 - [MESSAGE][INFO] - Found 1 web elements with id: 'Object Repository/ANEF_Eloignement_V_Nawres/Page_ANEF_Connexion/Input_PasswordAgent' located by 'By.xpath: //*[@aria-labelledby="password-label"]|//*[@id="password"]' in '2' second(s)

13-02-2025T14:34:16 - [MESSAGE][INFO] - Clearing text of object 'Object Repository/ANEF_Eloignement_V_Nawres/Page_ANEF_Connexion/Input_PasswordAgent'

13-02-2025T14:34:17 - [MESSAGE][INFO] - Finding web element from Test Object's properties

13-02-2025T14:34:17 - [MESSAGE][INFO] - Checking timeout

13-02-2025T14:34:17 - [MESSAGE][INFO] - Finding web element with id: 'Object Repository/ANEF_Eloignement_V_Nawres/Page_ANEF_Connexion/Input_PasswordAgent' located by 'By.xpath: //*[@aria-labelledby="password-label"]|//*[@id="password"]' in '2' second(s)

13-02-2025T14:34:17 - [MESSAGE][INFO] - Found 1 web elements with id: 'Object Repository/ANEF_Eloignement_V_Nawres/Page_ANEF_Connexion/Input_PasswordAgent' located by 'By.xpath: //*[@aria-labelledby="password-label"]|//*[@id="password"]' in '2' second(s)

13-02-2025T14:34:17 - [MESSAGE][INFO] - Setting text of object 'Object Repository/ANEF_Eloignement_V_Nawres/Page_ANEF_Connexion/Input_PasswordAgent' to value 'Natali12345!'

13-02-2025T14:34:18 - [MESSAGE][PASSED] - Text 'Natali12345!' is set on object 'Object Repository/ANEF_Eloignement_V_Nawres/Page_ANEF_Connexion/Input_PasswordAgent'

13-02-2025T14:34:18 - [TEST_STEP][PASSED] - if (EnvExec == "URLPortailAgentPreProd"): null

13-02-2025T14:34:18 - [TEST_STEP][PASSED] - click(findTestObject("Object Repository/ANEF_Eloignement_V_Nawres/Page_ANEF_Connexion/btn_Valider_Conx_Agent")): Object: 'Object Repository/ANEF_Eloignement_V_Nawres/Page_ANEF_Connexion/btn_Valider_Conx_Agent' is clicked on

13-02-2025T14:34:18 - [MESSAGE][INFO] - Finding Test Object 'Object Repository/ANEF_Eloignement_V_Nawres/Page_ANEF_Connexion/btn_Valider_Conx_Agent'

13-02-2025T14:34:18 - [MESSAGE][INFO] - Checking timeout

13-02-2025T14:34:18 - [MESSAGE][INFO] - Finding web element with id: 'Object Repository/ANEF_Eloignement_V_Nawres/Page_ANEF_Connexion/btn_Valider_Conx_Agent' located by 'By.xpath: //*[@label="Valider"]|//*[@id="btn-login"]' in '20' second(s)

13-02-2025T14:34:18 - [MESSAGE][INFO] - Found 1 web elements with id: 'Object Repository/ANEF_Eloignement_V_Nawres/Page_ANEF_Connexion/btn_Valider_Conx_Agent' located by 'By.xpath: //*[@label="Valider"]|//*[@id="btn-login"]' in '20' second(s)

13-02-2025T14:34:18 - [MESSAGE][INFO] - Checking object

13-02-2025T14:34:18 - [MESSAGE][INFO] - Checking timeout

13-02-2025T14:34:18 - [MESSAGE][INFO] - Finding web element from Test Object's properties

13-02-2025T14:34:18 - [MESSAGE][INFO] - Checking timeout

13-02-2025T14:34:18 - [MESSAGE][INFO] - Finding web element with id: 'Object Repository/ANEF_Eloignement_V_Nawres/Page_ANEF_Connexion/btn_Valider_Conx_Agent' located by 'By.xpath: //*[@label="Valider"]|//*[@id="btn-login"]' in '2' second(s)

13-02-2025T14:34:18 - [MESSAGE][INFO] - Found 1 web elements with id: 'Object Repository/ANEF_Eloignement_V_Nawres/Page_ANEF_Connexion/btn_Valider_Conx_Agent' located by 'By.xpath: //*[@label="Valider"]|//*[@id="btn-login"]' in '2' second(s)

13-02-2025T14:34:18 - [MESSAGE][INFO] - Clicking on object: 'Object Repository/ANEF_Eloignement_V_Nawres/Page_ANEF_Connexion/btn_Valider_Conx_Agent'

13-02-2025T14:34:20 - [MESSAGE][PASSED] - Object: 'Object Repository/ANEF_Eloignement_V_Nawres/Page_ANEF_Connexion/btn_Valider_Conx_Agent' is clicked on

13-02-2025T14:34:20 - [TEST_STEP][PASSED] - delay(5): Delayed 5 second(s)

13-02-2025T14:34:20 - [MESSAGE][INFO] - Delaying browser in 5 second(s)

13-02-2025T14:34:25 - [MESSAGE][PASSED] - Delayed 5 second(s)

13-02-2025T14:34:25 - [TEST_STEP][PASSED] - verifyElementPresent(findTestObject("Object Repository/ANEF_Eloignement_V_Nawres/Page_Accueil_Principale/btn_ANEF_Eloignement"), 1, STOP_ON_FAILURE): Object 'Object Repository/ANEF_Eloignement_V_Nawres/Page_Accueil_Principale/btn_ANEF_Eloignement' is present

13-02-2025T14:34:25 - [MESSAGE][INFO] - Finding Test Object 'Object Repository/ANEF_Eloignement_V_Nawres/Page_Accueil_Principale/btn_ANEF_Eloignement'

13-02-2025T14:34:25 - [MESSAGE][INFO] - Checking object

13-02-2025T14:34:25 - [MESSAGE][INFO] - Finding web element from Test Object's properties

13-02-2025T14:34:25 - [MESSAGE][INFO] - Checking timeout

13-02-2025T14:34:25 - [MESSAGE][INFO] - Finding web element with id: 'Object Repository/ANEF_Eloignement_V_Nawres/Page_Accueil_Principale/btn_ANEF_Eloignement' located by 'By.xpath: //span[contains(text()," ANEF Ã©loignement ")]' in '1' second(s)

13-02-2025T14:34:25 - [MESSAGE][INFO] - Found 1 web elements with id: 'Object Repository/ANEF_Eloignement_V_Nawres/Page_Accueil_Principale/btn_ANEF_Eloignement' located by 'By.xpath: //span[contains(text()," ANEF Ã©loignement ")]' in '1' second(s)

13-02-2025T14:34:25 - [MESSAGE][PASSED] - Object 'Object Repository/ANEF_Eloignement_V_Nawres/Page_Accueil_Principale/btn_ANEF_Eloignement' is present

13-02-2025T14:34:25 - [MESSAGE][PASSED] - Call Test Case 'Test Cases/Test Reutilisable/Main/ANEF_Eloignement_V_Nawres/ANEF_Identification' successfully

13-02-2025T14:34:25 - [TEST_STEP][PASSED] - callTestCase(findTestCase("Test Cases/Test Reutilisable/Main/ANEF_Eloignement_V_Nawres/ANEF_Creation_ou_Recherche_Dossier"), ["CreationOuRecherche":CreationOuRecherche, "NumeroEtranger":NumeroEtranger], STOP_ON_FAILURE): Call Test Case 'Test Cases/Test Reutilisable/Main/ANEF_Eloignement_V_Nawres/ANEF_Creation_ou_Recherche_Dossier' successfully

13-02-2025T14:34:25 - [MESSAGE][INFO] - Checking called Test Case

13-02-2025T14:34:25 - [MESSAGE][INFO] - Starting to call Test Case 'Test Cases/Test Reutilisable/Main/ANEF_Eloignement_V_Nawres/ANEF_Creation_ou_Recherche_Dossier'

13-02-2025T14:34:25 - [TEST_CASE][PASSED] - Test Cases/Test Reutilisable/Main/ANEF_Eloignement_V_Nawres/ANEF_Creation_ou_Recherche_Dossier: Test Cases/Test Reutilisable/Main/ANEF_Eloignement_V_Nawres/ANEF_Creation_ou_Recherche_Dossier

13-02-2025T14:34:26 - [TEST_STEP][PASSED] - click(findTestObject("Object Repository/ANEF_Eloignement_V_Nawres/Page_Accueil_Principale/btn_ANEF_Eloignement")): Object: 'Object Repository/ANEF_Eloignement_V_Nawres/Page_Accueil_Principale/btn_ANEF_Eloignement' is clicked on

13-02-2025T14:34:26 - [MESSAGE][INFO] - Finding Test Object 'Object Repository/ANEF_Eloignement_V_Nawres/Page_Accueil_Principale/btn_ANEF_Eloignement'

13-02-2025T14:34:26 - [MESSAGE][INFO] - Checking timeout

13-02-2025T14:34:26 - [MESSAGE][INFO] - Finding web element with id: 'Object Repository/ANEF_Eloignement_V_Nawres/Page_Accueil_Principale/btn_ANEF_Eloignement' located by 'By.xpath: //span[contains(text()," ANEF Ã©loignement ")]' in '20' second(s)

13-02-2025T14:34:26 - [MESSAGE][INFO] - Found 1 web elements with id: 'Object Repository/ANEF_Eloignement_V_Nawres/Page_Accueil_Principale/btn_ANEF_Eloignement' located by 'By.xpath: //span[contains(text()," ANEF Ã©loignement ")]' in '20' second(s)

13-02-2025T14:34:26 - [MESSAGE][INFO] - Checking object

13-02-2025T14:34:26 - [MESSAGE][INFO] - Checking timeout

13-02-2025T14:34:26 - [MESSAGE][INFO] - Finding web element from Test Object's properties

13-02-2025T14:34:26 - [MESSAGE][INFO] - Checking timeout

13-02-2025T14:34:26 - [MESSAGE][INFO] - Finding web element with id: 'Object Repository/ANEF_Eloignement_V_Nawres/Page_Accueil_Principale/btn_ANEF_Eloignement' located by 'By.xpath: //span[contains(text()," ANEF Ã©loignement ")]' in '2' second(s)

13-02-2025T14:34:26 - [MESSAGE][INFO] - Found 1 web elements with id: 'Object Repository/ANEF_Eloignement_V_Nawres/Page_Accueil_Principale/btn_ANEF_Eloignement' located by 'By.xpath: //span[contains(text()," ANEF Ã©loignement ")]' in '2' second(s)

13-02-2025T14:34:26 - [MESSAGE][INFO] - Clicking on object: 'Object Repository/ANEF_Eloignement_V_Nawres/Page_Accueil_Principale/btn_ANEF_Eloignement'

13-02-2025T14:34:28 - [MESSAGE][PASSED] - Object: 'Object Repository/ANEF_Eloignement_V_Nawres/Page_Accueil_Principale/btn_ANEF_Eloignement' is clicked on

13-02-2025T14:34:28 - [TEST_STEP][PASSED] - verifyElementPresent(findTestObject("Object Repository/ANEF_Eloignement_V_Nawres/Page_Creation_ou_Recherche_Dossier/btn_Rechercher_Dossier"), 1, STOP_ON_FAILURE): Object 'Object Repository/ANEF_Eloignement_V_Nawres/Page_Creation_ou_Recherche_Dossier/btn_Rechercher_Dossier' is present

13-02-2025T14:34:28 - [MESSAGE][INFO] - Finding Test Object 'Object Repository/ANEF_Eloignement_V_Nawres/Page_Creation_ou_Recherche_Dossier/btn_Rechercher_Dossier'

13-02-2025T14:34:28 - [MESSAGE][INFO] - Checking object

13-02-2025T14:34:28 - [MESSAGE][INFO] - Finding web element from Test Object's properties

13-02-2025T14:34:28 - [MESSAGE][INFO] - Checking timeout

13-02-2025T14:34:28 - [MESSAGE][INFO] - Finding web element with id: 'Object Repository/ANEF_Eloignement_V_Nawres/Page_Creation_ou_Recherche_Dossier/btn_Rechercher_Dossier' located by 'By.xpath: //button[@title="Rechercher un dossier"]' in '1' second(s)

13-02-2025T14:34:28 - [MESSAGE][INFO] - Found 1 web elements with id: 'Object Repository/ANEF_Eloignement_V_Nawres/Page_Creation_ou_Recherche_Dossier/btn_Rechercher_Dossier' located by 'By.xpath: //button[@title="Rechercher un dossier"]' in '1' second(s)

13-02-2025T14:34:28 - [MESSAGE][PASSED] - Object 'Object Repository/ANEF_Eloignement_V_Nawres/Page_Creation_ou_Recherche_Dossier/btn_Rechercher_Dossier' is present

13-02-2025T14:34:28 - [TEST_STEP][PASSED] - delay(5): Delayed 5 second(s)

13-02-2025T14:34:28 - [MESSAGE][INFO] - Delaying browser in 5 second(s)

13-02-2025T14:34:33 - [MESSAGE][PASSED] - Delayed 5 second(s)

13-02-2025T14:34:33 - [TEST_STEP][PASSED] - click(findTestObject("Object Repository/ANEF_Eloignement_V_Nawres/Page_Creation_ou_Recherche_Dossier/btn_Rechercher_Dossier")): Object: 'Object Repository/ANEF_Eloignement_V_Nawres/Page_Creation_ou_Recherche_Dossier/btn_Rechercher_Dossier' is clicked on

13-02-2025T14:34:33 - [MESSAGE][INFO] - Finding Test Object 'Object Repository/ANEF_Eloignement_V_Nawres/Page_Creation_ou_Recherche_Dossier/btn_Rechercher_Dossier'

13-02-2025T14:34:33 - [MESSAGE][INFO] - Checking timeout

13-02-2025T14:34:33 - [MESSAGE][INFO] - Finding web element with id: 'Object Repository/ANEF_Eloignement_V_Nawres/Page_Creation_ou_Recherche_Dossier/btn_Rechercher_Dossier' located by 'By.xpath: //button[@title="Rechercher un dossier"]' in '20' second(s)

13-02-2025T14:34:33 - [MESSAGE][INFO] - Found 1 web elements with id: 'Object Repository/ANEF_Eloignement_V_Nawres/Page_Creation_ou_Recherche_Dossier/btn_Rechercher_Dossier' located by 'By.xpath: //button[@title="Rechercher un dossier"]' in '20' second(s)

13-02-2025T14:34:33 - [MESSAGE][INFO] - Checking object

13-02-2025T14:34:33 - [MESSAGE][INFO] - Checking timeout

13-02-2025T14:34:33 - [MESSAGE][INFO] - Finding web element from Test Object's properties

13-02-2025T14:34:33 - [MESSAGE][INFO] - Checking timeout

13-02-2025T14:34:33 - [MESSAGE][INFO] - Finding web element with id: 'Object Repository/ANEF_Eloignement_V_Nawres/Page_Creation_ou_Recherche_Dossier/btn_Rechercher_Dossier' located by 'By.xpath: //button[@title="Rechercher un dossier"]' in '2' second(s)

13-02-2025T14:34:33 - [MESSAGE][INFO] - Found 1 web elements with id: 'Object Repository/ANEF_Eloignement_V_Nawres/Page_Creation_ou_Recherche_Dossier/btn_Rechercher_Dossier' located by 'By.xpath: //button[@title="Rechercher un dossier"]' in '2' second(s)

13-02-2025T14:34:33 - [MESSAGE][INFO] - Clicking on object: 'Object Repository/ANEF_Eloignement_V_Nawres/Page_Creation_ou_Recherche_Dossier/btn_Rechercher_Dossier'

13-02-2025T14:34:34 - [MESSAGE][PASSED] - Object: 'Object Repository/ANEF_Eloignement_V_Nawres/Page_Creation_ou_Recherche_Dossier/btn_Rechercher_Dossier' is clicked on

13-02-2025T14:34:34 - [TEST_STEP][PASSED] - if (CreationOuRecherche == "Creation"): null

13-02-2025T14:34:35 - [TEST_STEP][PASSED] - if (CreationOuRecherche == "Recherche"): Object: 'Object Repository/ANEF_Eloignement_V_Nawres/Page_Creation_ou_Recherche_Dossier/btn_Choisir_Dossier_Etranger' is clicked on

13-02-2025T14:34:35 - [TEST_STEP][PASSED] - setText(findTestObject("Object Repository/ANEF_Eloignement_V_Nawres/Page_Creation_ou_Recherche_Dossier/Input_Numero_etranger"), NumeroEtranger, STOP_ON_FAILURE): Text '7703056080' is set on object 'Object Repository/ANEF_Eloignement_V_Nawres/Page_Creation_ou_Recherche_Dossier/Input_Numero_etranger'

13-02-2025T14:34:35 - [MESSAGE][INFO] - Finding Test Object 'Object Repository/ANEF_Eloignement_V_Nawres/Page_Creation_ou_Recherche_Dossier/Input_Numero_etranger'

13-02-2025T14:34:35 - [MESSAGE][INFO] - Checking timeout

13-02-2025T14:34:35 - [MESSAGE][INFO] - Finding web element with id: 'Object Repository/ANEF_Eloignement_V_Nawres/Page_Creation_ou_Recherche_Dossier/Input_Numero_etranger' located by 'By.xpath: //app-identite-declaree-search-box//div/app-dsfr-input/div/input[@id="identifiant_agdref"]|//app-search-box//div/app-dsfr-input/div/input[@id="identifiant_agdref"]' in '20' second(s)

13-02-2025T14:34:35 - [MESSAGE][INFO] - Found 1 web elements with id: 'Object Repository/ANEF_Eloignement_V_Nawres/Page_Creation_ou_Recherche_Dossier/Input_Numero_etranger' located by 'By.xpath: //app-identite-declaree-search-box//div/app-dsfr-input/div/input[@id="identifiant_agdref"]|//app-search-box//div/app-dsfr-input/div/input[@id="identifiant_agdref"]' in '20' second(s)

13-02-2025T14:34:35 - [MESSAGE][INFO] - Checking object

13-02-2025T14:34:35 - [MESSAGE][INFO] - Checking text

13-02-2025T14:34:35 - [MESSAGE][INFO] - Finding web element from Test Object's properties

13-02-2025T14:34:35 - [MESSAGE][INFO] - Checking timeout

13-02-2025T14:34:35 - [MESSAGE][INFO] - Finding web element with id: 'Object Repository/ANEF_Eloignement_V_Nawres/Page_Creation_ou_Recherche_Dossier/Input_Numero_etranger' located by 'By.xpath: //app-identite-declaree-search-box//div/app-dsfr-input/div/input[@id="identifiant_agdref"]|//app-search-box//div/app-dsfr-input/div/input[@id="identifiant_agdref"]' in '2' second(s)

13-02-2025T14:34:35 - [MESSAGE][INFO] - Found 1 web elements with id: 'Object Repository/ANEF_Eloignement_V_Nawres/Page_Creation_ou_Recherche_Dossier/Input_Numero_etranger' located by 'By.xpath: //app-identite-declaree-search-box//div/app-dsfr-input/div/input[@id="identifiant_agdref"]|//app-search-box//div/app-dsfr-input/div/input[@id="identifiant_agdref"]' in '2' second(s)

13-02-2025T14:34:35 - [MESSAGE][INFO] - Clearing text of object 'Object Repository/ANEF_Eloignement_V_Nawres/Page_Creation_ou_Recherche_Dossier/Input_Numero_etranger'

13-02-2025T14:34:36 - [MESSAGE][INFO] - Finding web element from Test Object's properties

13-02-2025T14:34:36 - [MESSAGE][INFO] - Checking timeout

13-02-2025T14:34:36 - [MESSAGE][INFO] - Finding web element with id: 'Object Repository/ANEF_Eloignement_V_Nawres/Page_Creation_ou_Recherche_Dossier/Input_Numero_etranger' located by 'By.xpath: //app-identite-declaree-search-box//div/app-dsfr-input/div/input[@id="identifiant_agdref"]|//app-search-box//div/app-dsfr-input/div/input[@id="identifiant_agdref"]' in '2' second(s)

13-02-2025T14:34:36 - [MESSAGE][INFO] - Found 1 web elements with id: 'Object Repository/ANEF_Eloignement_V_Nawres/Page_Creation_ou_Recherche_Dossier/Input_Numero_etranger' located by 'By.xpath: //app-identite-declaree-search-box//div/app-dsfr-input/div/input[@id="identifiant_agdref"]|//app-search-box//div/app-dsfr-input/div/input[@id="identifiant_agdref"]' in '2' second(s)

13-02-2025T14:34:36 - [MESSAGE][INFO] - Setting text of object 'Object Repository/ANEF_Eloignement_V_Nawres/Page_Creation_ou_Recherche_Dossier/Input_Numero_etranger' to value '7703056080'

13-02-2025T14:34:37 - [MESSAGE][PASSED] - Text '7703056080' is set on object 'Object Repository/ANEF_Eloignement_V_Nawres/Page_Creation_ou_Recherche_Dossier/Input_Numero_etranger'

13-02-2025T14:34:37 - [TEST_STEP][PASSED] - click(findTestObject("Object Repository/ANEF_Eloignement_V_Nawres/Page_Creation_ou_Recherche_Dossier/Input_Numero_etranger"), STOP_ON_FAILURE): Object: 'Object Repository/ANEF_Eloignement_V_Nawres/Page_Creation_ou_Recherche_Dossier/Input_Numero_etranger' is clicked on

13-02-2025T14:34:37 - [MESSAGE][INFO] - Finding Test Object 'Object Repository/ANEF_Eloignement_V_Nawres/Page_Creation_ou_Recherche_Dossier/Input_Numero_etranger'

13-02-2025T14:34:37 - [MESSAGE][INFO] - Checking timeout

13-02-2025T14:34:37 - [MESSAGE][INFO] - Finding web element with id: 'Object Repository/ANEF_Eloignement_V_Nawres/Page_Creation_ou_Recherche_Dossier/Input_Numero_etranger' located by 'By.xpath: //app-identite-declaree-search-box//div/app-dsfr-input/div/input[@id="identifiant_agdref"]|//app-search-box//div/app-dsfr-input/div/input[@id="identifiant_agdref"]' in '20' second(s)

13-02-2025T14:34:37 - [MESSAGE][INFO] - Found 1 web elements with id: 'Object Repository/ANEF_Eloignement_V_Nawres/Page_Creation_ou_Recherche_Dossier/Input_Numero_etranger' located by 'By.xpath: //app-identite-declaree-search-box//div/app-dsfr-input/div/input[@id="identifiant_agdref"]|//app-search-box//div/app-dsfr-input/div/input[@id="identifiant_agdref"]' in '20' second(s)

13-02-2025T14:34:37 - [MESSAGE][INFO] - Checking object

13-02-2025T14:34:37 - [MESSAGE][INFO] - Checking timeout

13-02-2025T14:34:37 - [MESSAGE][INFO] - Finding web element from Test Object's properties

13-02-2025T14:34:37 - [MESSAGE][INFO] - Checking timeout

13-02-2025T14:34:37 - [MESSAGE][INFO] - Finding web element with id: 'Object Repository/ANEF_Eloignement_V_Nawres/Page_Creation_ou_Recherche_Dossier/Input_Numero_etranger' located by 'By.xpath: //app-identite-declaree-search-box//div/app-dsfr-input/div/input[@id="identifiant_agdref"]|//app-search-box//div/app-dsfr-input/div/input[@id="identifiant_agdref"]' in '2' second(s)

13-02-2025T14:34:37 - [MESSAGE][INFO] - Found 1 web elements with id: 'Object Repository/ANEF_Eloignement_V_Nawres/Page_Creation_ou_Recherche_Dossier/Input_Numero_etranger' located by 'By.xpath: //app-identite-declaree-search-box//div/app-dsfr-input/div/input[@id="identifiant_agdref"]|//app-search-box//div/app-dsfr-input/div/input[@id="identifiant_agdref"]' in '2' second(s)

13-02-2025T14:34:37 - [MESSAGE][INFO] - Clicking on object: 'Object Repository/ANEF_Eloignement_V_Nawres/Page_Creation_ou_Recherche_Dossier/Input_Numero_etranger'

13-02-2025T14:34:38 - [MESSAGE][PASSED] - Object: 'Object Repository/ANEF_Eloignement_V_Nawres/Page_Creation_ou_Recherche_Dossier/Input_Numero_etranger' is clicked on

13-02-2025T14:34:38 - [TEST_STEP][PASSED] - scrollToElement(findTestObject("Object Repository/ANEF_Eloignement_V_Nawres/Page_Creation_ou_Recherche_Dossier/btn_Lancer_La_Recherche"), 5, STOP_ON_FAILURE): Scroll to object 'Object Repository/ANEF_Eloignement_V_Nawres/Page_Creation_ou_Recherche_Dossier/btn_Lancer_La_Recherche' successfully

13-02-2025T14:34:38 - [MESSAGE][INFO] - Finding Test Object 'Object Repository/ANEF_Eloignement_V_Nawres/Page_Creation_ou_Recherche_Dossier/btn_Lancer_La_Recherche'

13-02-2025T14:34:38 - [MESSAGE][INFO] - Checking object

13-02-2025T14:34:38 - [MESSAGE][INFO] - Checking timeout

13-02-2025T14:34:38 - [MESSAGE][INFO] - Finding web element from Test Object's properties

13-02-2025T14:34:38 - [MESSAGE][INFO] - Checking timeout

13-02-2025T14:34:38 - [MESSAGE][INFO] - Finding web element with id: 'Object Repository/ANEF_Eloignement_V_Nawres/Page_Creation_ou_Recherche_Dossier/btn_Lancer_La_Recherche' located by 'By.xpath: //button[contains(text(),"Lancer la recherche ")]' in '2' second(s)

13-02-2025T14:34:38 - [MESSAGE][INFO] - Found 1 web elements with id: 'Object Repository/ANEF_Eloignement_V_Nawres/Page_Creation_ou_Recherche_Dossier/btn_Lancer_La_Recherche' located by 'By.xpath: //button[contains(text(),"Lancer la recherche ")]' in '2' second(s)

13-02-2025T14:34:38 - [MESSAGE][INFO] - Scrolling to object 'Object Repository/ANEF_Eloignement_V_Nawres/Page_Creation_ou_Recherche_Dossier/btn_Lancer_La_Recherche'

13-02-2025T14:34:38 - [MESSAGE][PASSED] - Scroll to object 'Object Repository/ANEF_Eloignement_V_Nawres/Page_Creation_ou_Recherche_Dossier/btn_Lancer_La_Recherche' successfully

13-02-2025T14:34:38 - [TEST_STEP][PASSED] - click(findTestObject("Object Repository/ANEF_Eloignement_V_Nawres/Page_Creation_ou_Recherche_Dossier/btn_Lancer_La_Recherche"), STOP_ON_FAILURE): Object: 'Object Repository/ANEF_Eloignement_V_Nawres/Page_Creation_ou_Recherche_Dossier/btn_Lancer_La_Recherche' is clicked on

13-02-2025T14:34:38 - [MESSAGE][INFO] - Finding Test Object 'Object Repository/ANEF_Eloignement_V_Nawres/Page_Creation_ou_Recherche_Dossier/btn_Lancer_La_Recherche'

13-02-2025T14:34:38 - [MESSAGE][INFO] - Checking timeout

13-02-2025T14:34:38 - [MESSAGE][INFO] - Finding web element with id: 'Object Repository/ANEF_Eloignement_V_Nawres/Page_Creation_ou_Recherche_Dossier/btn_Lancer_La_Recherche' located by 'By.xpath: //button[contains(text(),"Lancer la recherche ")]' in '20' second(s)

13-02-2025T14:34:38 - [MESSAGE][INFO] - Found 1 web elements with id: 'Object Repository/ANEF_Eloignement_V_Nawres/Page_Creation_ou_Recherche_Dossier/btn_Lancer_La_Recherche' located by 'By.xpath: //button[contains(text(),"Lancer la recherche ")]' in '20' second(s)

13-02-2025T14:34:38 - [MESSAGE][INFO] - Checking object

13-02-2025T14:34:38 - [MESSAGE][INFO] - Checking timeout

13-02-2025T14:34:38 - [MESSAGE][INFO] - Finding web element from Test Object's properties

13-02-2025T14:34:38 - [MESSAGE][INFO] - Checking timeout

13-02-2025T14:34:38 - [MESSAGE][INFO] - Finding web element with id: 'Object Repository/ANEF_Eloignement_V_Nawres/Page_Creation_ou_Recherche_Dossier/btn_Lancer_La_Recherche' located by 'By.xpath: //button[contains(text(),"Lancer la recherche ")]' in '2' second(s)

13-02-2025T14:34:38 - [MESSAGE][INFO] - Found 1 web elements with id: 'Object Repository/ANEF_Eloignement_V_Nawres/Page_Creation_ou_Recherche_Dossier/btn_Lancer_La_Recherche' located by 'By.xpath: //button[contains(text(),"Lancer la recherche ")]' in '2' second(s)

13-02-2025T14:34:38 - [MESSAGE][INFO] - Clicking on object: 'Object Repository/ANEF_Eloignement_V_Nawres/Page_Creation_ou_Recherche_Dossier/btn_Lancer_La_Recherche'

13-02-2025T14:34:40 - [MESSAGE][PASSED] - Object: 'Object Repository/ANEF_Eloignement_V_Nawres/Page_Creation_ou_Recherche_Dossier/btn_Lancer_La_Recherche' is clicked on

13-02-2025T14:34:40 - [TEST_STEP][PASSED] - delay(5): Delayed 5 second(s)

13-02-2025T14:34:40 - [MESSAGE][INFO] - Delaying browser in 5 second(s)

13-02-2025T14:34:45 - [MESSAGE][PASSED] - Delayed 5 second(s)

13-02-2025T14:34:45 - [TEST_STEP][PASSED] - scrollToElement(findTestObject("Object Repository/ANEF_Eloignement_V_Nawres/Page_Creation_ou_Recherche_Dossier/btn_Radio_Selectionner_Dossier"), 5, STOP_ON_FAILURE): Scroll to object 'Object Repository/ANEF_Eloignement_V_Nawres/Page_Creation_ou_Recherche_Dossier/btn_Radio_Selectionner_Dossier' successfully

13-02-2025T14:34:45 - [MESSAGE][INFO] - Finding Test Object 'Object Repository/ANEF_Eloignement_V_Nawres/Page_Creation_ou_Recherche_Dossier/btn_Radio_Selectionner_Dossier'

13-02-2025T14:34:45 - [MESSAGE][INFO] - Checking object

13-02-2025T14:34:45 - [MESSAGE][INFO] - Checking timeout

13-02-2025T14:34:45 - [MESSAGE][INFO] - Finding web element from Test Object's properties

13-02-2025T14:34:45 - [MESSAGE][INFO] - Checking timeout

13-02-2025T14:34:45 - [MESSAGE][INFO] - Finding web element with id: 'Object Repository/ANEF_Eloignement_V_Nawres/Page_Creation_ou_Recherche_Dossier/btn_Radio_Selectionner_Dossier' located by 'By.xpath: //app-search-etranger/app-search-result-etranger//table/tbody/tr//label' in '2' second(s)

13-02-2025T14:34:45 - [MESSAGE][INFO] - Found 1 web elements with id: 'Object Repository/ANEF_Eloignement_V_Nawres/Page_Creation_ou_Recherche_Dossier/btn_Radio_Selectionner_Dossier' located by 'By.xpath: //app-search-etranger/app-search-result-etranger//table/tbody/tr//label' in '2' second(s)

13-02-2025T14:34:45 - [MESSAGE][INFO] - Scrolling to object 'Object Repository/ANEF_Eloignement_V_Nawres/Page_Creation_ou_Recherche_Dossier/btn_Radio_Selectionner_Dossier'

13-02-2025T14:34:45 - [MESSAGE][PASSED] - Scroll to object 'Object Repository/ANEF_Eloignement_V_Nawres/Page_Creation_ou_Recherche_Dossier/btn_Radio_Selectionner_Dossier' successfully

13-02-2025T14:34:45 - [TEST_STEP][PASSED] - click(findTestObject("Object Repository/ANEF_Eloignement_V_Nawres/Page_Creation_ou_Recherche_Dossier/btn_Radio_Selectionner_Dossier"), STOP_ON_FAILURE): Object: 'Object Repository/ANEF_Eloignement_V_Nawres/Page_Creation_ou_Recherche_Dossier/btn_Radio_Selectionner_Dossier' is clicked on

13-02-2025T14:34:45 - [MESSAGE][INFO] - Finding Test Object 'Object Repository/ANEF_Eloignement_V_Nawres/Page_Creation_ou_Recherche_Dossier/btn_Radio_Selectionner_Dossier'

13-02-2025T14:34:45 - [MESSAGE][INFO] - Checking timeout

13-02-2025T14:34:45 - [MESSAGE][INFO] - Finding web element with id: 'Object Repository/ANEF_Eloignement_V_Nawres/Page_Creation_ou_Recherche_Dossier/btn_Radio_Selectionner_Dossier' located by 'By.xpath: //app-search-etranger/app-search-result-etranger//table/tbody/tr//label' in '20' second(s)

13-02-2025T14:34:45 - [MESSAGE][INFO] - Found 1 web elements with id: 'Object Repository/ANEF_Eloignement_V_Nawres/Page_Creation_ou_Recherche_Dossier/btn_Radio_Selectionner_Dossier' located by 'By.xpath: //app-search-etranger/app-search-result-etranger//table/tbody/tr//label' in '20' second(s)

13-02-2025T14:34:45 - [MESSAGE][INFO] - Checking object

13-02-2025T14:34:45 - [MESSAGE][INFO] - Checking timeout

13-02-2025T14:34:45 - [MESSAGE][INFO] - Finding web element from Test Object's properties

13-02-2025T14:34:45 - [MESSAGE][INFO] - Checking timeout

13-02-2025T14:34:45 - [MESSAGE][INFO] - Finding web element with id: 'Object Repository/ANEF_Eloignement_V_Nawres/Page_Creation_ou_Recherche_Dossier/btn_Radio_Selectionner_Dossier' located by 'By.xpath: //app-search-etranger/app-search-result-etranger//table/tbody/tr//label' in '2' second(s)

13-02-2025T14:34:45 - [MESSAGE][INFO] - Found 1 web elements with id: 'Object Repository/ANEF_Eloignement_V_Nawres/Page_Creation_ou_Recherche_Dossier/btn_Radio_Selectionner_Dossier' located by 'By.xpath: //app-search-etranger/app-search-result-etranger//table/tbody/tr//label' in '2' second(s)

13-02-2025T14:34:45 - [MESSAGE][INFO] - Clicking on object: 'Object Repository/ANEF_Eloignement_V_Nawres/Page_Creation_ou_Recherche_Dossier/btn_Radio_Selectionner_Dossier'

13-02-2025T14:34:46 - [MESSAGE][PASSED] - Object: 'Object Repository/ANEF_Eloignement_V_Nawres/Page_Creation_ou_Recherche_Dossier/btn_Radio_Selectionner_Dossier' is clicked on

13-02-2025T14:34:46 - [TEST_STEP][PASSED] - click(findTestObject("Object Repository/ANEF_Eloignement_V_Nawres/Page_Creation_ou_Recherche_Dossier/btn_Choisir_Dossier_Etranger"), STOP_ON_FAILURE): Object: 'Object Repository/ANEF_Eloignement_V_Nawres/Page_Creation_ou_Recherche_Dossier/btn_Choisir_Dossier_Etranger' is clicked on

13-02-2025T14:34:46 - [MESSAGE][INFO] - Finding Test Object 'Object Repository/ANEF_Eloignement_V_Nawres/Page_Creation_ou_Recherche_Dossier/btn_Choisir_Dossier_Etranger'

13-02-2025T14:34:46 - [MESSAGE][INFO] - Checking timeout

13-02-2025T14:34:46 - [MESSAGE][INFO] - Finding web element with id: 'Object Repository/ANEF_Eloignement_V_Nawres/Page_Creation_ou_Recherche_Dossier/btn_Choisir_Dossier_Etranger' located by 'By.xpath: //button[contains(text(),"Choisir un dossier Ã©tranger")]' in '20' second(s)

13-02-2025T14:34:46 - [MESSAGE][INFO] - Found 1 web elements with id: 'Object Repository/ANEF_Eloignement_V_Nawres/Page_Creation_ou_Recherche_Dossier/btn_Choisir_Dossier_Etranger' located by 'By.xpath: //button[contains(text(),"Choisir un dossier Ã©tranger")]' in '20' second(s)

13-02-2025T14:34:46 - [MESSAGE][INFO] - Checking object

13-02-2025T14:34:46 - [MESSAGE][INFO] - Checking timeout

13-02-2025T14:34:46 - [MESSAGE][INFO] - Finding web element from Test Object's properties

13-02-2025T14:34:46 - [MESSAGE][INFO] - Checking timeout

13-02-2025T14:34:46 - [MESSAGE][INFO] - Finding web element with id: 'Object Repository/ANEF_Eloignement_V_Nawres/Page_Creation_ou_Recherche_Dossier/btn_Choisir_Dossier_Etranger' located by 'By.xpath: //button[contains(text(),"Choisir un dossier Ã©tranger")]' in '2' second(s)

13-02-2025T14:34:46 - [MESSAGE][INFO] - Found 1 web elements with id: 'Object Repository/ANEF_Eloignement_V_Nawres/Page_Creation_ou_Recherche_Dossier/btn_Choisir_Dossier_Etranger' located by 'By.xpath: //button[contains(text(),"Choisir un dossier Ã©tranger")]' in '2' second(s)

13-02-2025T14:34:46 - [MESSAGE][INFO] - Clicking on object: 'Object Repository/ANEF_Eloignement_V_Nawres/Page_Creation_ou_Recherche_Dossier/btn_Choisir_Dossier_Etranger'

13-02-2025T14:34:47 - [MESSAGE][PASSED] - Object: 'Object Repository/ANEF_Eloignement_V_Nawres/Page_Creation_ou_Recherche_Dossier/btn_Choisir_Dossier_Etranger' is clicked on

13-02-2025T14:34:47 - [MESSAGE][PASSED] - Call Test Case 'Test Cases/Test Reutilisable/Main/ANEF_Eloignement_V_Nawres/ANEF_Creation_ou_Recherche_Dossier' successfully

13-02-2025T14:34:47 - [TEST_STEP][PASSED] - if (CreationOuRecherche == "Creation"): null

13-02-2025T14:34:47 - [TEST_STEP][PASSED] - println(NumeroEtranger): null

13-02-2025T14:34:47 - [TEST_STEP][PASSED] - callTestCase(findTestCase("Test Cases/Test Reutilisable/Main/ANEF_Eloignement_V_Nawres/ANEF_Prendre_Mesure"), ["Mesure":Mesure, "FondementLegal":FondementLegal, "NatureDeLacteExpulsion":NatureDeLacteExpulsion, "NatureDeLacteExpulsion":NatureDeLacteExpulsion, ... ], STOP_ON_FAILURE): Call Test Case 'Test Cases/Test Reutilisable/Main/ANEF_Eloignement_V_Nawres/ANEF_Prendre_Mesure' successfully

13-02-2025T14:34:47 - [MESSAGE][INFO] - Checking called Test Case

13-02-2025T14:34:47 - [MESSAGE][INFO] - Starting to call Test Case 'Test Cases/Test Reutilisable/Main/ANEF_Eloignement_V_Nawres/ANEF_Prendre_Mesure'

13-02-2025T14:34:47 - [TEST_CASE][PASSED] - Test Cases/Test Reutilisable/Main/ANEF_Eloignement_V_Nawres/ANEF_Prendre_Mesure: Test Cases/Test Reutilisable/Main/ANEF_Eloignement_V_Nawres/ANEF_Prendre_Mesure

13-02-2025T14:34:49 - [TEST_STEP][PASSED] - click(findTestObject("Object Repository/ANEF_Eloignement_V_Nawres/Page_Prendre_Mesure/btn_Prendre_Mesure"), STOP_ON_FAILURE): Object: 'Object Repository/ANEF_Eloignement_V_Nawres/Page_Prendre_Mesure/btn_Prendre_Mesure' is clicked on

13-02-2025T14:34:49 - [MESSAGE][INFO] - Finding Test Object 'Object Repository/ANEF_Eloignement_V_Nawres/Page_Prendre_Mesure/btn_Prendre_Mesure'

13-02-2025T14:34:49 - [MESSAGE][INFO] - Checking timeout

13-02-2025T14:34:49 - [MESSAGE][INFO] - Finding web element with id: 'Object Repository/ANEF_Eloignement_V_Nawres/Page_Prendre_Mesure/btn_Prendre_Mesure' located by 'By.xpath: //button[@title="Prendre une Mesure"]' in '20' second(s)

13-02-2025T14:34:49 - [MESSAGE][INFO] - Found 1 web elements with id: 'Object Repository/ANEF_Eloignement_V_Nawres/Page_Prendre_Mesure/btn_Prendre_Mesure' located by 'By.xpath: //button[@title="Prendre une Mesure"]' in '20' second(s)

13-02-2025T14:34:49 - [MESSAGE][INFO] - Checking object

13-02-2025T14:34:49 - [MESSAGE][INFO] - Checking timeout

13-02-2025T14:34:49 - [MESSAGE][INFO] - Finding web element from Test Object's properties

13-02-2025T14:34:49 - [MESSAGE][INFO] - Checking timeout

13-02-2025T14:34:49 - [MESSAGE][INFO] - Finding web element with id: 'Object Repository/ANEF_Eloignement_V_Nawres/Page_Prendre_Mesure/btn_Prendre_Mesure' located by 'By.xpath: //button[@title="Prendre une Mesure"]' in '2' second(s)

13-02-2025T14:34:49 - [MESSAGE][INFO] - Found 1 web elements with id: 'Object Repository/ANEF_Eloignement_V_Nawres/Page_Prendre_Mesure/btn_Prendre_Mesure' located by 'By.xpath: //button[@title="Prendre une Mesure"]' in '2' second(s)

13-02-2025T14:34:49 - [MESSAGE][INFO] - Clicking on object: 'Object Repository/ANEF_Eloignement_V_Nawres/Page_Prendre_Mesure/btn_Prendre_Mesure'

13-02-2025T14:34:50 - [MESSAGE][PASSED] - Object: 'Object Repository/ANEF_Eloignement_V_Nawres/Page_Prendre_Mesure/btn_Prendre_Mesure' is clicked on

13-02-2025T14:34:50 - [TEST_STEP][PASSED] - switch (Mesure): null

13-02-2025T14:34:50 - [TEST_STEP][PASSED] - case "ITF":: null

13-02-2025T14:34:50 - [TEST_STEP][PASSED] - selectOptionByLabel(findTestObject("Object Repository/ANEF_Eloignement_V_Nawres/Page_Prendre_Mesure/select_Type_Mesure"), "ITF", false, STOP_ON_FAILURE): All options with label 'ITF' are selected in object 'Object Repository/ANEF_Eloignement_V_Nawres/Page_Prendre_Mesure/select_Type_Mesure' 

13-02-2025T14:34:50 - [MESSAGE][INFO] - Finding Test Object 'Object Repository/ANEF_Eloignement_V_Nawres/Page_Prendre_Mesure/select_Type_Mesure'

13-02-2025T14:34:50 - [MESSAGE][INFO] - Checking timeout

13-02-2025T14:34:50 - [MESSAGE][INFO] - Finding web element with id: 'Object Repository/ANEF_Eloignement_V_Nawres/Page_Prendre_Mesure/select_Type_Mesure' located by 'By.xpath: //select[@id="typeMesure"]' in '20' second(s)

13-02-2025T14:34:50 - [MESSAGE][INFO] - Found 1 web elements with id: 'Object Repository/ANEF_Eloignement_V_Nawres/Page_Prendre_Mesure/select_Type_Mesure' located by 'By.xpath: //select[@id="typeMesure"]' in '20' second(s)

13-02-2025T14:34:50 - [MESSAGE][INFO] - Checking object

13-02-2025T14:34:50 - [MESSAGE][INFO] - Checking label parameter

13-02-2025T14:34:50 - [MESSAGE][INFO] - Finding web element from Test Object's properties

13-02-2025T14:34:50 - [MESSAGE][INFO] - Checking timeout

13-02-2025T14:34:50 - [MESSAGE][INFO] - Finding web element with id: 'Object Repository/ANEF_Eloignement_V_Nawres/Page_Prendre_Mesure/select_Type_Mesure' located by 'By.xpath: //select[@id="typeMesure"]' in '2' second(s)

13-02-2025T14:34:50 - [MESSAGE][INFO] - Found 1 web elements with id: 'Object Repository/ANEF_Eloignement_V_Nawres/Page_Prendre_Mesure/select_Type_Mesure' located by 'By.xpath: //select[@id="typeMesure"]' in '2' second(s)

13-02-2025T14:34:50 - [MESSAGE][INFO] - Selecting options on object 'Object Repository/ANEF_Eloignement_V_Nawres/Page_Prendre_Mesure/select_Type_Mesure' with label 'ITF' 

13-02-2025T14:34:51 - [MESSAGE][PASSED] - All options with label 'ITF' are selected in object 'Object Repository/ANEF_Eloignement_V_Nawres/Page_Prendre_Mesure/select_Type_Mesure' 

13-02-2025T14:34:51 - [TEST_STEP][PASSED] - click(findTestObject("Object Repository/ANEF_Eloignement_V_Nawres/Page_Prendre_Mesure/btn_Confirmer_Mesure"), STOP_ON_FAILURE): Object: 'Object Repository/ANEF_Eloignement_V_Nawres/Page_Prendre_Mesure/btn_Confirmer_Mesure' is clicked on

13-02-2025T14:34:51 - [MESSAGE][INFO] - Finding Test Object 'Object Repository/ANEF_Eloignement_V_Nawres/Page_Prendre_Mesure/btn_Confirmer_Mesure'

13-02-2025T14:34:51 - [MESSAGE][INFO] - Checking timeout

13-02-2025T14:34:51 - [MESSAGE][INFO] - Finding web element with id: 'Object Repository/ANEF_Eloignement_V_Nawres/Page_Prendre_Mesure/btn_Confirmer_Mesure' located by 'By.xpath: //button[@id="btn-confirme-decision"]' in '20' second(s)

13-02-2025T14:34:51 - [MESSAGE][INFO] - Found 1 web elements with id: 'Object Repository/ANEF_Eloignement_V_Nawres/Page_Prendre_Mesure/btn_Confirmer_Mesure' located by 'By.xpath: //button[@id="btn-confirme-decision"]' in '20' second(s)

13-02-2025T14:34:51 - [MESSAGE][INFO] - Checking object

13-02-2025T14:34:51 - [MESSAGE][INFO] - Checking timeout

13-02-2025T14:34:51 - [MESSAGE][INFO] - Finding web element from Test Object's properties

13-02-2025T14:34:51 - [MESSAGE][INFO] - Checking timeout

13-02-2025T14:34:51 - [MESSAGE][INFO] - Finding web element with id: 'Object Repository/ANEF_Eloignement_V_Nawres/Page_Prendre_Mesure/btn_Confirmer_Mesure' located by 'By.xpath: //button[@id="btn-confirme-decision"]' in '2' second(s)

13-02-2025T14:34:51 - [MESSAGE][INFO] - Found 1 web elements with id: 'Object Repository/ANEF_Eloignement_V_Nawres/Page_Prendre_Mesure/btn_Confirmer_Mesure' located by 'By.xpath: //button[@id="btn-confirme-decision"]' in '2' second(s)

13-02-2025T14:34:51 - [MESSAGE][INFO] - Clicking on object: 'Object Repository/ANEF_Eloignement_V_Nawres/Page_Prendre_Mesure/btn_Confirmer_Mesure'

13-02-2025T14:34:52 - [MESSAGE][PASSED] - Object: 'Object Repository/ANEF_Eloignement_V_Nawres/Page_Prendre_Mesure/btn_Confirmer_Mesure' is clicked on

13-02-2025T14:34:52 - [TEST_STEP][PASSED] - verifyElementPresent(findTestObject("Object Repository/ANEF_Eloignement_V_Nawres/Page_Prendre_Mesure/btn_Supprimer_Fiche_Mesure"), 2, STOP_ON_FAILURE): Object 'Object Repository/ANEF_Eloignement_V_Nawres/Page_Prendre_Mesure/btn_Supprimer_Fiche_Mesure' is present

13-02-2025T14:34:52 - [MESSAGE][INFO] - Finding Test Object 'Object Repository/ANEF_Eloignement_V_Nawres/Page_Prendre_Mesure/btn_Supprimer_Fiche_Mesure'

13-02-2025T14:34:53 - [MESSAGE][INFO] - Checking object

13-02-2025T14:34:53 - [MESSAGE][INFO] - Finding web element from Test Object's properties

13-02-2025T14:34:53 - [MESSAGE][INFO] - Checking timeout

13-02-2025T14:34:53 - [MESSAGE][INFO] - Finding web element with id: 'Object Repository/ANEF_Eloignement_V_Nawres/Page_Prendre_Mesure/btn_Supprimer_Fiche_Mesure' located by 'By.xpath: //button[@title="Supprimer une Mesure"]' in '2' second(s)

13-02-2025T14:34:54 - [MESSAGE][INFO] - Found 1 web elements with id: 'Object Repository/ANEF_Eloignement_V_Nawres/Page_Prendre_Mesure/btn_Supprimer_Fiche_Mesure' located by 'By.xpath: //button[@title="Supprimer une Mesure"]' in '2' second(s)

13-02-2025T14:34:54 - [MESSAGE][PASSED] - Object 'Object Repository/ANEF_Eloignement_V_Nawres/Page_Prendre_Mesure/btn_Supprimer_Fiche_Mesure' is present

13-02-2025T14:34:54 - [TEST_STEP][PASSED] - break: null

13-02-2025T14:34:54 - [TEST_STEP][PASSED] - callTestCase(findTestCase("Test Cases/Test Reutilisable/Main/ANEF_Eloignement_V_Nawres/ANEF_Prendre_Mesure_Formulaire"), ["Mesure":Mesure, "FondementLegal":FondementLegal, "NatureDeLacteExpulsion":NatureDeLacteExpulsion, "UrgenceAbsolueExpulsion":UrgenceAbsolueExpulsion, ... ], STOP_ON_FAILURE): Call Test Case 'Test Cases/Test Reutilisable/Main/ANEF_Eloignement_V_Nawres/ANEF_Prendre_Mesure_Formulaire' successfully

13-02-2025T14:34:54 - [MESSAGE][INFO] - Checking called Test Case

13-02-2025T14:34:54 - [MESSAGE][INFO] - Starting to call Test Case 'Test Cases/Test Reutilisable/Main/ANEF_Eloignement_V_Nawres/ANEF_Prendre_Mesure_Formulaire'

13-02-2025T14:34:54 - [TEST_CASE][PASSED] - Test Cases/Test Reutilisable/Main/ANEF_Eloignement_V_Nawres/ANEF_Prendre_Mesure_Formulaire: Test Cases/Test Reutilisable/Main/ANEF_Eloignement_V_Nawres/ANEF_Prendre_Mesure_Formulaire

13-02-2025T14:34:56 - [TEST_STEP][PASSED] - calendar = Calendar.getInstance(): null

13-02-2025T14:34:56 - [TEST_STEP][PASSED] - currentDate = calendar.getTime(): null

13-02-2025T14:34:56 - [TEST_STEP][PASSED] - sdf = new java.text.SimpleDateFormat(dd/MM/yyyy): null

13-02-2025T14:34:56 - [TEST_STEP][PASSED] - formattedDate = sdf.format(currentDate): null

13-02-2025T14:34:56 - [TEST_STEP][PASSED] - DateActuelle = formattedDate.toString(): null

13-02-2025T14:34:56 - [TEST_STEP][PASSED] - println(DateActuelle): null

13-02-2025T14:34:56 - [TEST_STEP][PASSED] - if (Mesure != "ITF"): null

13-02-2025T14:34:56 - [TEST_STEP][PASSED] - if (Mesure == "ITF"): Object: 'Object Repository/ANEF_Eloignement_V_Nawres/Page_Prendre_Mesure_Formulaire/btn_Confirmer_Enregistrement_Mesure' is clicked on

13-02-2025T14:34:56 - [TEST_STEP][PASSED] - if (NaturePeineITF == "Complementaire"): null

13-02-2025T14:34:56 - [TEST_STEP][PASSED] - if (NaturePeineITF == "Principale"): Object: 'Object Repository/ANEF_Eloignement_V_Nawres/Page_Prendre_Mesure_Formulaire/btn_Nature_Peine_Principale' is clicked on

13-02-2025T14:34:56 - [TEST_STEP][PASSED] - click(findTestObject("Object Repository/ANEF_Eloignement_V_Nawres/Page_Prendre_Mesure_Formulaire/btn_Nature_Peine_Principale"), STOP_ON_FAILURE): Object: 'Object Repository/ANEF_Eloignement_V_Nawres/Page_Prendre_Mesure_Formulaire/btn_Nature_Peine_Principale' is clicked on

13-02-2025T14:34:56 - [MESSAGE][INFO] - Finding Test Object 'Object Repository/ANEF_Eloignement_V_Nawres/Page_Prendre_Mesure_Formulaire/btn_Nature_Peine_Principale'

13-02-2025T14:34:56 - [MESSAGE][INFO] - Checking timeout

13-02-2025T14:34:56 - [MESSAGE][INFO] - Finding web element with id: 'Object Repository/ANEF_Eloignement_V_Nawres/Page_Prendre_Mesure_Formulaire/btn_Nature_Peine_Principale' located by 'By.xpath: //label[contains(text(),"titre principale")]' in '20' second(s)

13-02-2025T14:34:56 - [MESSAGE][INFO] - Found 1 web elements with id: 'Object Repository/ANEF_Eloignement_V_Nawres/Page_Prendre_Mesure_Formulaire/btn_Nature_Peine_Principale' located by 'By.xpath: //label[contains(text(),"titre principale")]' in '20' second(s)

13-02-2025T14:34:56 - [MESSAGE][INFO] - Checking object

13-02-2025T14:34:56 - [MESSAGE][INFO] - Checking timeout

13-02-2025T14:34:56 - [MESSAGE][INFO] - Finding web element from Test Object's properties

13-02-2025T14:34:56 - [MESSAGE][INFO] - Checking timeout

13-02-2025T14:34:56 - [MESSAGE][INFO] - Finding web element with id: 'Object Repository/ANEF_Eloignement_V_Nawres/Page_Prendre_Mesure_Formulaire/btn_Nature_Peine_Principale' located by 'By.xpath: //label[contains(text(),"titre principale")]' in '2' second(s)

13-02-2025T14:34:56 - [MESSAGE][INFO] - Found 1 web elements with id: 'Object Repository/ANEF_Eloignement_V_Nawres/Page_Prendre_Mesure_Formulaire/btn_Nature_Peine_Principale' located by 'By.xpath: //label[contains(text(),"titre principale")]' in '2' second(s)

13-02-2025T14:34:56 - [MESSAGE][INFO] - Clicking on object: 'Object Repository/ANEF_Eloignement_V_Nawres/Page_Prendre_Mesure_Formulaire/btn_Nature_Peine_Principale'

13-02-2025T14:34:57 - [MESSAGE][PASSED] - Object: 'Object Repository/ANEF_Eloignement_V_Nawres/Page_Prendre_Mesure_Formulaire/btn_Nature_Peine_Principale' is clicked on

13-02-2025T14:34:57 - [TEST_STEP][PASSED] - if (DureeITF == "Temporaire"): Text '7' is set on object 'Object Repository/ANEF_Eloignement_V_Nawres/Page_Prendre_Mesure_Formulaire/input_Duree_ITF__Temporaire_Annee'

13-02-2025T14:34:57 - [TEST_STEP][PASSED] - click(findTestObject("Object Repository/ANEF_Eloignement_V_Nawres/Page_Prendre_Mesure_Formulaire/btn_Duree_ITF_Temporaire"), STOP_ON_FAILURE): Object: 'Object Repository/ANEF_Eloignement_V_Nawres/Page_Prendre_Mesure_Formulaire/btn_Duree_ITF_Temporaire' is clicked on

13-02-2025T14:34:57 - [MESSAGE][INFO] - Finding Test Object 'Object Repository/ANEF_Eloignement_V_Nawres/Page_Prendre_Mesure_Formulaire/btn_Duree_ITF_Temporaire'

13-02-2025T14:34:57 - [MESSAGE][INFO] - Checking timeout

13-02-2025T14:34:57 - [MESSAGE][INFO] - Finding web element with id: 'Object Repository/ANEF_Eloignement_V_Nawres/Page_Prendre_Mesure_Formulaire/btn_Duree_ITF_Temporaire' located by 'By.xpath: //label[contains(text(),"Temporaire")]' in '20' second(s)

13-02-2025T14:34:57 - [MESSAGE][INFO] - Found 1 web elements with id: 'Object Repository/ANEF_Eloignement_V_Nawres/Page_Prendre_Mesure_Formulaire/btn_Duree_ITF_Temporaire' located by 'By.xpath: //label[contains(text(),"Temporaire")]' in '20' second(s)

13-02-2025T14:34:57 - [MESSAGE][INFO] - Checking object

13-02-2025T14:34:57 - [MESSAGE][INFO] - Checking timeout

13-02-2025T14:34:57 - [MESSAGE][INFO] - Finding web element from Test Object's properties

13-02-2025T14:34:57 - [MESSAGE][INFO] - Checking timeout

13-02-2025T14:34:57 - [MESSAGE][INFO] - Finding web element with id: 'Object Repository/ANEF_Eloignement_V_Nawres/Page_Prendre_Mesure_Formulaire/btn_Duree_ITF_Temporaire' located by 'By.xpath: //label[contains(text(),"Temporaire")]' in '2' second(s)

13-02-2025T14:34:57 - [MESSAGE][INFO] - Found 1 web elements with id: 'Object Repository/ANEF_Eloignement_V_Nawres/Page_Prendre_Mesure_Formulaire/btn_Duree_ITF_Temporaire' located by 'By.xpath: //label[contains(text(),"Temporaire")]' in '2' second(s)

13-02-2025T14:34:57 - [MESSAGE][INFO] - Clicking on object: 'Object Repository/ANEF_Eloignement_V_Nawres/Page_Prendre_Mesure_Formulaire/btn_Duree_ITF_Temporaire'

13-02-2025T14:34:59 - [MESSAGE][PASSED] - Object: 'Object Repository/ANEF_Eloignement_V_Nawres/Page_Prendre_Mesure_Formulaire/btn_Duree_ITF_Temporaire' is clicked on

13-02-2025T14:34:59 - [TEST_STEP][PASSED] - waitForElementPresent(findTestObject("Object Repository/ANEF_Eloignement_V_Nawres/Page_Prendre_Mesure_Formulaire/input_Duree_ITF__Temporaire_Mois"), 40): Object 'Object Repository/ANEF_Eloignement_V_Nawres/Page_Prendre_Mesure_Formulaire/input_Duree_ITF__Temporaire_Mois' is present

13-02-2025T14:34:59 - [MESSAGE][INFO] - Finding Test Object 'Object Repository/ANEF_Eloignement_V_Nawres/Page_Prendre_Mesure_Formulaire/input_Duree_ITF__Temporaire_Mois'

13-02-2025T14:34:59 - [MESSAGE][INFO] - Checking object

13-02-2025T14:34:59 - [MESSAGE][INFO] - Finding web element from Test Object's properties

13-02-2025T14:34:59 - [MESSAGE][INFO] - Checking timeout

13-02-2025T14:34:59 - [MESSAGE][INFO] - Finding web element with id: 'Object Repository/ANEF_Eloignement_V_Nawres/Page_Prendre_Mesure_Formulaire/input_Duree_ITF__Temporaire_Mois' located by 'By.xpath: //input[@id="nbr_mois"]' in '40' second(s)

13-02-2025T14:34:59 - [MESSAGE][INFO] - Found 1 web elements with id: 'Object Repository/ANEF_Eloignement_V_Nawres/Page_Prendre_Mesure_Formulaire/input_Duree_ITF__Temporaire_Mois' located by 'By.xpath: //input[@id="nbr_mois"]' in '40' second(s)

13-02-2025T14:34:59 - [MESSAGE][PASSED] - Object 'Object Repository/ANEF_Eloignement_V_Nawres/Page_Prendre_Mesure_Formulaire/input_Duree_ITF__Temporaire_Mois' is present

13-02-2025T14:34:59 - [TEST_STEP][PASSED] - setText(findTestObject("Object Repository/ANEF_Eloignement_V_Nawres/Page_Prendre_Mesure_Formulaire/input_Duree_ITF__Temporaire_Mois"), "14", STOP_ON_FAILURE): Text '14' is set on object 'Object Repository/ANEF_Eloignement_V_Nawres/Page_Prendre_Mesure_Formulaire/input_Duree_ITF__Temporaire_Mois'

13-02-2025T14:34:59 - [MESSAGE][INFO] - Finding Test Object 'Object Repository/ANEF_Eloignement_V_Nawres/Page_Prendre_Mesure_Formulaire/input_Duree_ITF__Temporaire_Mois'

13-02-2025T14:34:59 - [MESSAGE][INFO] - Checking timeout

13-02-2025T14:34:59 - [MESSAGE][INFO] - Finding web element with id: 'Object Repository/ANEF_Eloignement_V_Nawres/Page_Prendre_Mesure_Formulaire/input_Duree_ITF__Temporaire_Mois' located by 'By.xpath: //input[@id="nbr_mois"]' in '20' second(s)

13-02-2025T14:34:59 - [MESSAGE][INFO] - Found 1 web elements with id: 'Object Repository/ANEF_Eloignement_V_Nawres/Page_Prendre_Mesure_Formulaire/input_Duree_ITF__Temporaire_Mois' located by 'By.xpath: //input[@id="nbr_mois"]' in '20' second(s)

13-02-2025T14:34:59 - [MESSAGE][INFO] - Checking object

13-02-2025T14:34:59 - [MESSAGE][INFO] - Checking text

13-02-2025T14:34:59 - [MESSAGE][INFO] - Finding web element from Test Object's properties

13-02-2025T14:34:59 - [MESSAGE][INFO] - Checking timeout

13-02-2025T14:34:59 - [MESSAGE][INFO] - Finding web element with id: 'Object Repository/ANEF_Eloignement_V_Nawres/Page_Prendre_Mesure_Formulaire/input_Duree_ITF__Temporaire_Mois' located by 'By.xpath: //input[@id="nbr_mois"]' in '2' second(s)

13-02-2025T14:34:59 - [MESSAGE][INFO] - Found 1 web elements with id: 'Object Repository/ANEF_Eloignement_V_Nawres/Page_Prendre_Mesure_Formulaire/input_Duree_ITF__Temporaire_Mois' located by 'By.xpath: //input[@id="nbr_mois"]' in '2' second(s)

13-02-2025T14:34:59 - [MESSAGE][INFO] - Clearing text of object 'Object Repository/ANEF_Eloignement_V_Nawres/Page_Prendre_Mesure_Formulaire/input_Duree_ITF__Temporaire_Mois'

13-02-2025T14:35:00 - [MESSAGE][INFO] - Finding web element from Test Object's properties

13-02-2025T14:35:00 - [MESSAGE][INFO] - Checking timeout

13-02-2025T14:35:00 - [MESSAGE][INFO] - Finding web element with id: 'Object Repository/ANEF_Eloignement_V_Nawres/Page_Prendre_Mesure_Formulaire/input_Duree_ITF__Temporaire_Mois' located by 'By.xpath: //input[@id="nbr_mois"]' in '2' second(s)

13-02-2025T14:35:00 - [MESSAGE][INFO] - Found 1 web elements with id: 'Object Repository/ANEF_Eloignement_V_Nawres/Page_Prendre_Mesure_Formulaire/input_Duree_ITF__Temporaire_Mois' located by 'By.xpath: //input[@id="nbr_mois"]' in '2' second(s)

13-02-2025T14:35:00 - [MESSAGE][INFO] - Setting text of object 'Object Repository/ANEF_Eloignement_V_Nawres/Page_Prendre_Mesure_Formulaire/input_Duree_ITF__Temporaire_Mois' to value '14'

13-02-2025T14:35:01 - [MESSAGE][PASSED] - Text '14' is set on object 'Object Repository/ANEF_Eloignement_V_Nawres/Page_Prendre_Mesure_Formulaire/input_Duree_ITF__Temporaire_Mois'

13-02-2025T14:35:01 - [TEST_STEP][PASSED] - verifyElementText(findTestObject("Object Repository/ANEF_Eloignement_V_Nawres/Page_Prendre_Mesure_Formulaire/p_Message_Erreur_Duree_ITF_Mois"), "Le Mois est invalide", STOP_ON_FAILURE): Actual text and expected text of test object 'Object Repository/ANEF_Eloignement_V_Nawres/Page_Prendre_Mesure_Formulaire/p_Message_Erreur_Duree_ITF_Mois' are matched.

13-02-2025T14:35:01 - [MESSAGE][INFO] - Finding Test Object 'Object Repository/ANEF_Eloignement_V_Nawres/Page_Prendre_Mesure_Formulaire/p_Message_Erreur_Duree_ITF_Mois'

13-02-2025T14:35:01 - [MESSAGE][INFO] - Checking object

13-02-2025T14:35:01 - [MESSAGE][INFO] - Finding web element from Test Object's properties

13-02-2025T14:35:01 - [MESSAGE][INFO] - Checking timeout

13-02-2025T14:35:01 - [MESSAGE][INFO] - Finding web element with id: 'Object Repository/ANEF_Eloignement_V_Nawres/Page_Prendre_Mesure_Formulaire/p_Message_Erreur_Duree_ITF_Mois' located by 'By.xpath: //app-accordeon-mesure-judiciaire/section/div/form/div/div[1]/div/fieldset/div[1]/p' in '2' second(s)

13-02-2025T14:35:01 - [MESSAGE][INFO] - Found 1 web elements with id: 'Object Repository/ANEF_Eloignement_V_Nawres/Page_Prendre_Mesure_Formulaire/p_Message_Erreur_Duree_ITF_Mois' located by 'By.xpath: //app-accordeon-mesure-judiciaire/section/div/form/div/div[1]/div/fieldset/div[1]/p' in '2' second(s)

13-02-2025T14:35:01 - [MESSAGE][PASSED] - Actual text and expected text of test object 'Object Repository/ANEF_Eloignement_V_Nawres/Page_Prendre_Mesure_Formulaire/p_Message_Erreur_Duree_ITF_Mois' are matched.

13-02-2025T14:35:01 - [TEST_STEP][PASSED] - setText(findTestObject("Object Repository/ANEF_Eloignement_V_Nawres/Page_Prendre_Mesure_Formulaire/input_Duree_ITF__Temporaire_Mois"), "10", STOP_ON_FAILURE): Text '10' is set on object 'Object Repository/ANEF_Eloignement_V_Nawres/Page_Prendre_Mesure_Formulaire/input_Duree_ITF__Temporaire_Mois'

13-02-2025T14:35:01 - [MESSAGE][INFO] - Finding Test Object 'Object Repository/ANEF_Eloignement_V_Nawres/Page_Prendre_Mesure_Formulaire/input_Duree_ITF__Temporaire_Mois'

13-02-2025T14:35:01 - [MESSAGE][INFO] - Checking timeout

13-02-2025T14:35:01 - [MESSAGE][INFO] - Finding web element with id: 'Object Repository/ANEF_Eloignement_V_Nawres/Page_Prendre_Mesure_Formulaire/input_Duree_ITF__Temporaire_Mois' located by 'By.xpath: //input[@id="nbr_mois"]' in '20' second(s)

13-02-2025T14:35:01 - [MESSAGE][INFO] - Found 1 web elements with id: 'Object Repository/ANEF_Eloignement_V_Nawres/Page_Prendre_Mesure_Formulaire/input_Duree_ITF__Temporaire_Mois' located by 'By.xpath: //input[@id="nbr_mois"]' in '20' second(s)

13-02-2025T14:35:01 - [MESSAGE][INFO] - Checking object

13-02-2025T14:35:01 - [MESSAGE][INFO] - Checking text

13-02-2025T14:35:01 - [MESSAGE][INFO] - Finding web element from Test Object's properties

13-02-2025T14:35:01 - [MESSAGE][INFO] - Checking timeout

13-02-2025T14:35:01 - [MESSAGE][INFO] - Finding web element with id: 'Object Repository/ANEF_Eloignement_V_Nawres/Page_Prendre_Mesure_Formulaire/input_Duree_ITF__Temporaire_Mois' located by 'By.xpath: //input[@id="nbr_mois"]' in '2' second(s)

13-02-2025T14:35:01 - [MESSAGE][INFO] - Found 1 web elements with id: 'Object Repository/ANEF_Eloignement_V_Nawres/Page_Prendre_Mesure_Formulaire/input_Duree_ITF__Temporaire_Mois' located by 'By.xpath: //input[@id="nbr_mois"]' in '2' second(s)

13-02-2025T14:35:01 - [MESSAGE][INFO] - Clearing text of object 'Object Repository/ANEF_Eloignement_V_Nawres/Page_Prendre_Mesure_Formulaire/input_Duree_ITF__Temporaire_Mois'

13-02-2025T14:35:02 - [MESSAGE][INFO] - Finding web element from Test Object's properties

13-02-2025T14:35:02 - [MESSAGE][INFO] - Checking timeout

13-02-2025T14:35:02 - [MESSAGE][INFO] - Finding web element with id: 'Object Repository/ANEF_Eloignement_V_Nawres/Page_Prendre_Mesure_Formulaire/input_Duree_ITF__Temporaire_Mois' located by 'By.xpath: //input[@id="nbr_mois"]' in '2' second(s)

13-02-2025T14:35:02 - [MESSAGE][INFO] - Found 1 web elements with id: 'Object Repository/ANEF_Eloignement_V_Nawres/Page_Prendre_Mesure_Formulaire/input_Duree_ITF__Temporaire_Mois' located by 'By.xpath: //input[@id="nbr_mois"]' in '2' second(s)

13-02-2025T14:35:02 - [MESSAGE][INFO] - Setting text of object 'Object Repository/ANEF_Eloignement_V_Nawres/Page_Prendre_Mesure_Formulaire/input_Duree_ITF__Temporaire_Mois' to value '10'

13-02-2025T14:35:03 - [MESSAGE][PASSED] - Text '10' is set on object 'Object Repository/ANEF_Eloignement_V_Nawres/Page_Prendre_Mesure_Formulaire/input_Duree_ITF__Temporaire_Mois'

13-02-2025T14:35:03 - [TEST_STEP][PASSED] - setText(findTestObject("Object Repository/ANEF_Eloignement_V_Nawres/Page_Prendre_Mesure_Formulaire/input_Duree_ITF__Temporaire_Annee"), "13", STOP_ON_FAILURE): Text '13' is set on object 'Object Repository/ANEF_Eloignement_V_Nawres/Page_Prendre_Mesure_Formulaire/input_Duree_ITF__Temporaire_Annee'

13-02-2025T14:35:03 - [MESSAGE][INFO] - Finding Test Object 'Object Repository/ANEF_Eloignement_V_Nawres/Page_Prendre_Mesure_Formulaire/input_Duree_ITF__Temporaire_Annee'

13-02-2025T14:35:03 - [MESSAGE][INFO] - Checking timeout

13-02-2025T14:35:03 - [MESSAGE][INFO] - Finding web element with id: 'Object Repository/ANEF_Eloignement_V_Nawres/Page_Prendre_Mesure_Formulaire/input_Duree_ITF__Temporaire_Annee' located by 'By.xpath: //input[@id="nbr_ans"]' in '20' second(s)

13-02-2025T14:35:03 - [MESSAGE][INFO] - Found 1 web elements with id: 'Object Repository/ANEF_Eloignement_V_Nawres/Page_Prendre_Mesure_Formulaire/input_Duree_ITF__Temporaire_Annee' located by 'By.xpath: //input[@id="nbr_ans"]' in '20' second(s)

13-02-2025T14:35:03 - [MESSAGE][INFO] - Checking object

13-02-2025T14:35:03 - [MESSAGE][INFO] - Checking text

13-02-2025T14:35:03 - [MESSAGE][INFO] - Finding web element from Test Object's properties

13-02-2025T14:35:03 - [MESSAGE][INFO] - Checking timeout

13-02-2025T14:35:03 - [MESSAGE][INFO] - Finding web element with id: 'Object Repository/ANEF_Eloignement_V_Nawres/Page_Prendre_Mesure_Formulaire/input_Duree_ITF__Temporaire_Annee' located by 'By.xpath: //input[@id="nbr_ans"]' in '2' second(s)

13-02-2025T14:35:03 - [MESSAGE][INFO] - Found 1 web elements with id: 'Object Repository/ANEF_Eloignement_V_Nawres/Page_Prendre_Mesure_Formulaire/input_Duree_ITF__Temporaire_Annee' located by 'By.xpath: //input[@id="nbr_ans"]' in '2' second(s)

13-02-2025T14:35:03 - [MESSAGE][INFO] - Clearing text of object 'Object Repository/ANEF_Eloignement_V_Nawres/Page_Prendre_Mesure_Formulaire/input_Duree_ITF__Temporaire_Annee'

13-02-2025T14:35:05 - [MESSAGE][INFO] - Finding web element from Test Object's properties

13-02-2025T14:35:05 - [MESSAGE][INFO] - Checking timeout

13-02-2025T14:35:05 - [MESSAGE][INFO] - Finding web element with id: 'Object Repository/ANEF_Eloignement_V_Nawres/Page_Prendre_Mesure_Formulaire/input_Duree_ITF__Temporaire_Annee' located by 'By.xpath: //input[@id="nbr_ans"]' in '2' second(s)

13-02-2025T14:35:05 - [MESSAGE][INFO] - Found 1 web elements with id: 'Object Repository/ANEF_Eloignement_V_Nawres/Page_Prendre_Mesure_Formulaire/input_Duree_ITF__Temporaire_Annee' located by 'By.xpath: //input[@id="nbr_ans"]' in '2' second(s)

13-02-2025T14:35:05 - [MESSAGE][INFO] - Setting text of object 'Object Repository/ANEF_Eloignement_V_Nawres/Page_Prendre_Mesure_Formulaire/input_Duree_ITF__Temporaire_Annee' to value '13'

13-02-2025T14:35:06 - [MESSAGE][PASSED] - Text '13' is set on object 'Object Repository/ANEF_Eloignement_V_Nawres/Page_Prendre_Mesure_Formulaire/input_Duree_ITF__Temporaire_Annee'

13-02-2025T14:35:06 - [TEST_STEP][PASSED] - verifyElementText(findTestObject("Object Repository/ANEF_Eloignement_V_Nawres/Page_Prendre_Mesure_Formulaire/p_Message_Erreur_Duree_ITF_Annee"), "La durÃ©e ne peut excÃ©der 10 ans", STOP_ON_FAILURE): Actual text and expected text of test object 'Object Repository/ANEF_Eloignement_V_Nawres/Page_Prendre_Mesure_Formulaire/p_Message_Erreur_Duree_ITF_Annee' are matched.

13-02-2025T14:35:06 - [MESSAGE][INFO] - Finding Test Object 'Object Repository/ANEF_Eloignement_V_Nawres/Page_Prendre_Mesure_Formulaire/p_Message_Erreur_Duree_ITF_Annee'

13-02-2025T14:35:06 - [MESSAGE][INFO] - Checking object

13-02-2025T14:35:06 - [MESSAGE][INFO] - Finding web element from Test Object's properties

13-02-2025T14:35:06 - [MESSAGE][INFO] - Checking timeout

13-02-2025T14:35:06 - [MESSAGE][INFO] - Finding web element with id: 'Object Repository/ANEF_Eloignement_V_Nawres/Page_Prendre_Mesure_Formulaire/p_Message_Erreur_Duree_ITF_Annee' located by 'By.xpath: //app-accordeon-mesure-judiciaire/section/div/form/div/div[1]/div/p' in '2' second(s)

13-02-2025T14:35:06 - [MESSAGE][INFO] - Found 1 web elements with id: 'Object Repository/ANEF_Eloignement_V_Nawres/Page_Prendre_Mesure_Formulaire/p_Message_Erreur_Duree_ITF_Annee' located by 'By.xpath: //app-accordeon-mesure-judiciaire/section/div/form/div/div[1]/div/p' in '2' second(s)

13-02-2025T14:35:06 - [MESSAGE][PASSED] - Actual text and expected text of test object 'Object Repository/ANEF_Eloignement_V_Nawres/Page_Prendre_Mesure_Formulaire/p_Message_Erreur_Duree_ITF_Annee' are matched.

13-02-2025T14:35:06 - [TEST_STEP][PASSED] - setText(findTestObject("Object Repository/ANEF_Eloignement_V_Nawres/Page_Prendre_Mesure_Formulaire/input_Duree_ITF__Temporaire_Annee"), "7", STOP_ON_FAILURE): Text '7' is set on object 'Object Repository/ANEF_Eloignement_V_Nawres/Page_Prendre_Mesure_Formulaire/input_Duree_ITF__Temporaire_Annee'

13-02-2025T14:35:06 - [MESSAGE][INFO] - Finding Test Object 'Object Repository/ANEF_Eloignement_V_Nawres/Page_Prendre_Mesure_Formulaire/input_Duree_ITF__Temporaire_Annee'

13-02-2025T14:35:06 - [MESSAGE][INFO] - Checking timeout

13-02-2025T14:35:06 - [MESSAGE][INFO] - Finding web element with id: 'Object Repository/ANEF_Eloignement_V_Nawres/Page_Prendre_Mesure_Formulaire/input_Duree_ITF__Temporaire_Annee' located by 'By.xpath: //input[@id="nbr_ans"]' in '20' second(s)

13-02-2025T14:35:06 - [MESSAGE][INFO] - Found 1 web elements with id: 'Object Repository/ANEF_Eloignement_V_Nawres/Page_Prendre_Mesure_Formulaire/input_Duree_ITF__Temporaire_Annee' located by 'By.xpath: //input[@id="nbr_ans"]' in '20' second(s)

13-02-2025T14:35:06 - [MESSAGE][INFO] - Checking object

13-02-2025T14:35:06 - [MESSAGE][INFO] - Checking text

13-02-2025T14:35:06 - [MESSAGE][INFO] - Finding web element from Test Object's properties

13-02-2025T14:35:06 - [MESSAGE][INFO] - Checking timeout

13-02-2025T14:35:06 - [MESSAGE][INFO] - Finding web element with id: 'Object Repository/ANEF_Eloignement_V_Nawres/Page_Prendre_Mesure_Formulaire/input_Duree_ITF__Temporaire_Annee' located by 'By.xpath: //input[@id="nbr_ans"]' in '2' second(s)

13-02-2025T14:35:06 - [MESSAGE][INFO] - Found 1 web elements with id: 'Object Repository/ANEF_Eloignement_V_Nawres/Page_Prendre_Mesure_Formulaire/input_Duree_ITF__Temporaire_Annee' located by 'By.xpath: //input[@id="nbr_ans"]' in '2' second(s)

13-02-2025T14:35:06 - [MESSAGE][INFO] - Clearing text of object 'Object Repository/ANEF_Eloignement_V_Nawres/Page_Prendre_Mesure_Formulaire/input_Duree_ITF__Temporaire_Annee'

13-02-2025T14:35:07 - [MESSAGE][INFO] - Finding web element from Test Object's properties

13-02-2025T14:35:07 - [MESSAGE][INFO] - Checking timeout

13-02-2025T14:35:07 - [MESSAGE][INFO] - Finding web element with id: 'Object Repository/ANEF_Eloignement_V_Nawres/Page_Prendre_Mesure_Formulaire/input_Duree_ITF__Temporaire_Annee' located by 'By.xpath: //input[@id="nbr_ans"]' in '2' second(s)

13-02-2025T14:35:07 - [MESSAGE][INFO] - Found 1 web elements with id: 'Object Repository/ANEF_Eloignement_V_Nawres/Page_Prendre_Mesure_Formulaire/input_Duree_ITF__Temporaire_Annee' located by 'By.xpath: //input[@id="nbr_ans"]' in '2' second(s)

13-02-2025T14:35:07 - [MESSAGE][INFO] - Setting text of object 'Object Repository/ANEF_Eloignement_V_Nawres/Page_Prendre_Mesure_Formulaire/input_Duree_ITF__Temporaire_Annee' to value '7'

13-02-2025T14:35:08 - [MESSAGE][PASSED] - Text '7' is set on object 'Object Repository/ANEF_Eloignement_V_Nawres/Page_Prendre_Mesure_Formulaire/input_Duree_ITF__Temporaire_Annee'

13-02-2025T14:35:08 - [TEST_STEP][PASSED] - if (DureeITF == "Definitive"): null

13-02-2025T14:35:08 - [TEST_STEP][PASSED] - setText(findTestObject("Object Repository/ANEF_Eloignement_V_Nawres/Page_Prendre_Mesure_Formulaire/input_Date_Executoire_ITF"), DateActuelle, STOP_ON_FAILURE): Text '13/02/2025' is set on object 'Object Repository/ANEF_Eloignement_V_Nawres/Page_Prendre_Mesure_Formulaire/input_Date_Executoire_ITF'

13-02-2025T14:35:08 - [MESSAGE][INFO] - Finding Test Object 'Object Repository/ANEF_Eloignement_V_Nawres/Page_Prendre_Mesure_Formulaire/input_Date_Executoire_ITF'

13-02-2025T14:35:08 - [MESSAGE][INFO] - Checking timeout

13-02-2025T14:35:08 - [MESSAGE][INFO] - Finding web element with id: 'Object Repository/ANEF_Eloignement_V_Nawres/Page_Prendre_Mesure_Formulaire/input_Date_Executoire_ITF' located by 'By.xpath: //input[@id="date_executoire_itf"]' in '20' second(s)

13-02-2025T14:35:08 - [MESSAGE][INFO] - Found 1 web elements with id: 'Object Repository/ANEF_Eloignement_V_Nawres/Page_Prendre_Mesure_Formulaire/input_Date_Executoire_ITF' located by 'By.xpath: //input[@id="date_executoire_itf"]' in '20' second(s)

13-02-2025T14:35:08 - [MESSAGE][INFO] - Checking object

13-02-2025T14:35:08 - [MESSAGE][INFO] - Checking text

13-02-2025T14:35:08 - [MESSAGE][INFO] - Finding web element from Test Object's properties

13-02-2025T14:35:08 - [MESSAGE][INFO] - Checking timeout

13-02-2025T14:35:08 - [MESSAGE][INFO] - Finding web element with id: 'Object Repository/ANEF_Eloignement_V_Nawres/Page_Prendre_Mesure_Formulaire/input_Date_Executoire_ITF' located by 'By.xpath: //input[@id="date_executoire_itf"]' in '2' second(s)

13-02-2025T14:35:08 - [MESSAGE][INFO] - Found 1 web elements with id: 'Object Repository/ANEF_Eloignement_V_Nawres/Page_Prendre_Mesure_Formulaire/input_Date_Executoire_ITF' located by 'By.xpath: //input[@id="date_executoire_itf"]' in '2' second(s)

13-02-2025T14:35:08 - [MESSAGE][INFO] - Clearing text of object 'Object Repository/ANEF_Eloignement_V_Nawres/Page_Prendre_Mesure_Formulaire/input_Date_Executoire_ITF'

13-02-2025T14:35:09 - [MESSAGE][INFO] - Finding web element from Test Object's properties

13-02-2025T14:35:09 - [MESSAGE][INFO] - Checking timeout

13-02-2025T14:35:09 - [MESSAGE][INFO] - Finding web element with id: 'Object Repository/ANEF_Eloignement_V_Nawres/Page_Prendre_Mesure_Formulaire/input_Date_Executoire_ITF' located by 'By.xpath: //input[@id="date_executoire_itf"]' in '2' second(s)

13-02-2025T14:35:09 - [MESSAGE][INFO] - Found 1 web elements with id: 'Object Repository/ANEF_Eloignement_V_Nawres/Page_Prendre_Mesure_Formulaire/input_Date_Executoire_ITF' located by 'By.xpath: //input[@id="date_executoire_itf"]' in '2' second(s)

13-02-2025T14:35:09 - [MESSAGE][INFO] - Setting text of object 'Object Repository/ANEF_Eloignement_V_Nawres/Page_Prendre_Mesure_Formulaire/input_Date_Executoire_ITF' to value '13/02/2025'

13-02-2025T14:35:10 - [MESSAGE][PASSED] - Text '13/02/2025' is set on object 'Object Repository/ANEF_Eloignement_V_Nawres/Page_Prendre_Mesure_Formulaire/input_Date_Executoire_ITF'

13-02-2025T14:35:10 - [TEST_STEP][PASSED] - setText(findTestObject("Object Repository/ANEF_Eloignement_V_Nawres/Page_Prendre_Mesure_Formulaire/input_Date_Jugement_ITF"), DateActuelle, STOP_ON_FAILURE): Text '13/02/2025' is set on object 'Object Repository/ANEF_Eloignement_V_Nawres/Page_Prendre_Mesure_Formulaire/input_Date_Jugement_ITF'

13-02-2025T14:35:10 - [MESSAGE][INFO] - Finding Test Object 'Object Repository/ANEF_Eloignement_V_Nawres/Page_Prendre_Mesure_Formulaire/input_Date_Jugement_ITF'

13-02-2025T14:35:10 - [MESSAGE][INFO] - Checking timeout

13-02-2025T14:35:10 - [MESSAGE][INFO] - Finding web element with id: 'Object Repository/ANEF_Eloignement_V_Nawres/Page_Prendre_Mesure_Formulaire/input_Date_Jugement_ITF' located by 'By.xpath: //input[@id="date_jugement_itf"]' in '20' second(s)

13-02-2025T14:35:10 - [MESSAGE][INFO] - Found 1 web elements with id: 'Object Repository/ANEF_Eloignement_V_Nawres/Page_Prendre_Mesure_Formulaire/input_Date_Jugement_ITF' located by 'By.xpath: //input[@id="date_jugement_itf"]' in '20' second(s)

13-02-2025T14:35:10 - [MESSAGE][INFO] - Checking object

13-02-2025T14:35:10 - [MESSAGE][INFO] - Checking text

13-02-2025T14:35:10 - [MESSAGE][INFO] - Finding web element from Test Object's properties

13-02-2025T14:35:10 - [MESSAGE][INFO] - Checking timeout

13-02-2025T14:35:10 - [MESSAGE][INFO] - Finding web element with id: 'Object Repository/ANEF_Eloignement_V_Nawres/Page_Prendre_Mesure_Formulaire/input_Date_Jugement_ITF' located by 'By.xpath: //input[@id="date_jugement_itf"]' in '2' second(s)

13-02-2025T14:35:10 - [MESSAGE][INFO] - Found 1 web elements with id: 'Object Repository/ANEF_Eloignement_V_Nawres/Page_Prendre_Mesure_Formulaire/input_Date_Jugement_ITF' located by 'By.xpath: //input[@id="date_jugement_itf"]' in '2' second(s)

13-02-2025T14:35:10 - [MESSAGE][INFO] - Clearing text of object 'Object Repository/ANEF_Eloignement_V_Nawres/Page_Prendre_Mesure_Formulaire/input_Date_Jugement_ITF'

13-02-2025T14:35:12 - [MESSAGE][INFO] - Finding web element from Test Object's properties

13-02-2025T14:35:12 - [MESSAGE][INFO] - Checking timeout

13-02-2025T14:35:12 - [MESSAGE][INFO] - Finding web element with id: 'Object Repository/ANEF_Eloignement_V_Nawres/Page_Prendre_Mesure_Formulaire/input_Date_Jugement_ITF' located by 'By.xpath: //input[@id="date_jugement_itf"]' in '2' second(s)

13-02-2025T14:35:12 - [MESSAGE][INFO] - Found 1 web elements with id: 'Object Repository/ANEF_Eloignement_V_Nawres/Page_Prendre_Mesure_Formulaire/input_Date_Jugement_ITF' located by 'By.xpath: //input[@id="date_jugement_itf"]' in '2' second(s)

13-02-2025T14:35:12 - [MESSAGE][INFO] - Setting text of object 'Object Repository/ANEF_Eloignement_V_Nawres/Page_Prendre_Mesure_Formulaire/input_Date_Jugement_ITF' to value '13/02/2025'

13-02-2025T14:35:13 - [MESSAGE][PASSED] - Text '13/02/2025' is set on object 'Object Repository/ANEF_Eloignement_V_Nawres/Page_Prendre_Mesure_Formulaire/input_Date_Jugement_ITF'

13-02-2025T14:35:13 - [TEST_STEP][PASSED] - click(findTestObject("Object Repository/ANEF_Eloignement_V_Nawres/Page_Prendre_Mesure_Formulaire/btn_Valider_Enregistrement_ITF"), STOP_ON_FAILURE): Object: 'Object Repository/ANEF_Eloignement_V_Nawres/Page_Prendre_Mesure_Formulaire/btn_Valider_Enregistrement_ITF' is clicked on

13-02-2025T14:35:13 - [MESSAGE][INFO] - Finding Test Object 'Object Repository/ANEF_Eloignement_V_Nawres/Page_Prendre_Mesure_Formulaire/btn_Valider_Enregistrement_ITF'

13-02-2025T14:35:13 - [MESSAGE][INFO] - Checking timeout

13-02-2025T14:35:13 - [MESSAGE][INFO] - Finding web element with id: 'Object Repository/ANEF_Eloignement_V_Nawres/Page_Prendre_Mesure_Formulaire/btn_Valider_Enregistrement_ITF' located by 'By.xpath: //button[@id="saveButtonITF"]' in '20' second(s)

13-02-2025T14:35:13 - [MESSAGE][INFO] - Found 1 web elements with id: 'Object Repository/ANEF_Eloignement_V_Nawres/Page_Prendre_Mesure_Formulaire/btn_Valider_Enregistrement_ITF' located by 'By.xpath: //button[@id="saveButtonITF"]' in '20' second(s)

13-02-2025T14:35:13 - [MESSAGE][INFO] - Checking object

13-02-2025T14:35:13 - [MESSAGE][INFO] - Checking timeout

13-02-2025T14:35:13 - [MESSAGE][INFO] - Finding web element from Test Object's properties

13-02-2025T14:35:13 - [MESSAGE][INFO] - Checking timeout

13-02-2025T14:35:13 - [MESSAGE][INFO] - Finding web element with id: 'Object Repository/ANEF_Eloignement_V_Nawres/Page_Prendre_Mesure_Formulaire/btn_Valider_Enregistrement_ITF' located by 'By.xpath: //button[@id="saveButtonITF"]' in '2' second(s)

13-02-2025T14:35:13 - [MESSAGE][INFO] - Found 1 web elements with id: 'Object Repository/ANEF_Eloignement_V_Nawres/Page_Prendre_Mesure_Formulaire/btn_Valider_Enregistrement_ITF' located by 'By.xpath: //button[@id="saveButtonITF"]' in '2' second(s)

13-02-2025T14:35:13 - [MESSAGE][INFO] - Clicking on object: 'Object Repository/ANEF_Eloignement_V_Nawres/Page_Prendre_Mesure_Formulaire/btn_Valider_Enregistrement_ITF'

13-02-2025T14:35:14 - [MESSAGE][PASSED] - Object: 'Object Repository/ANEF_Eloignement_V_Nawres/Page_Prendre_Mesure_Formulaire/btn_Valider_Enregistrement_ITF' is clicked on

13-02-2025T14:35:14 - [TEST_STEP][PASSED] - click(findTestObject("Object Repository/ANEF_Eloignement_V_Nawres/Page_Prendre_Mesure_Formulaire/btn_Confirmer_Enregistrement_Mesure"), STOP_ON_FAILURE): Object: 'Object Repository/ANEF_Eloignement_V_Nawres/Page_Prendre_Mesure_Formulaire/btn_Confirmer_Enregistrement_Mesure' is clicked on

13-02-2025T14:35:14 - [MESSAGE][INFO] - Finding Test Object 'Object Repository/ANEF_Eloignement_V_Nawres/Page_Prendre_Mesure_Formulaire/btn_Confirmer_Enregistrement_Mesure'

13-02-2025T14:35:14 - [MESSAGE][INFO] - Checking timeout

13-02-2025T14:35:14 - [MESSAGE][INFO] - Finding web element with id: 'Object Repository/ANEF_Eloignement_V_Nawres/Page_Prendre_Mesure_Formulaire/btn_Confirmer_Enregistrement_Mesure' located by 'By.xpath: //button[contains(text(),"Confirmer lâ€™enregistrement de la mesure")]' in '20' second(s)

13-02-2025T14:35:14 - [MESSAGE][INFO] - Found 1 web elements with id: 'Object Repository/ANEF_Eloignement_V_Nawres/Page_Prendre_Mesure_Formulaire/btn_Confirmer_Enregistrement_Mesure' located by 'By.xpath: //button[contains(text(),"Confirmer lâ€™enregistrement de la mesure")]' in '20' second(s)

13-02-2025T14:35:14 - [MESSAGE][INFO] - Checking object

13-02-2025T14:35:14 - [MESSAGE][INFO] - Checking timeout

13-02-2025T14:35:14 - [MESSAGE][INFO] - Finding web element from Test Object's properties

13-02-2025T14:35:14 - [MESSAGE][INFO] - Checking timeout

13-02-2025T14:35:14 - [MESSAGE][INFO] - Finding web element with id: 'Object Repository/ANEF_Eloignement_V_Nawres/Page_Prendre_Mesure_Formulaire/btn_Confirmer_Enregistrement_Mesure' located by 'By.xpath: //button[contains(text(),"Confirmer lâ€™enregistrement de la mesure")]' in '2' second(s)

13-02-2025T14:35:14 - [MESSAGE][INFO] - Found 1 web elements with id: 'Object Repository/ANEF_Eloignement_V_Nawres/Page_Prendre_Mesure_Formulaire/btn_Confirmer_Enregistrement_Mesure' located by 'By.xpath: //button[contains(text(),"Confirmer lâ€™enregistrement de la mesure")]' in '2' second(s)

13-02-2025T14:35:14 - [MESSAGE][INFO] - Clicking on object: 'Object Repository/ANEF_Eloignement_V_Nawres/Page_Prendre_Mesure_Formulaire/btn_Confirmer_Enregistrement_Mesure'

13-02-2025T14:35:15 - [MESSAGE][PASSED] - Object: 'Object Repository/ANEF_Eloignement_V_Nawres/Page_Prendre_Mesure_Formulaire/btn_Confirmer_Enregistrement_Mesure' is clicked on

13-02-2025T14:35:15 - [TEST_STEP][PASSED] - click(findTestObject("Object Repository/ANEF_Eloignement_V_Nawres/Page_Prendre_Mesure_Formulaire/btn_Enregistrer"), STOP_ON_FAILURE): Object: 'Object Repository/ANEF_Eloignement_V_Nawres/Page_Prendre_Mesure_Formulaire/btn_Enregistrer' is clicked on

13-02-2025T14:35:15 - [MESSAGE][INFO] - Finding Test Object 'Object Repository/ANEF_Eloignement_V_Nawres/Page_Prendre_Mesure_Formulaire/btn_Enregistrer'

13-02-2025T14:35:15 - [MESSAGE][INFO] - Checking timeout

13-02-2025T14:35:15 - [MESSAGE][INFO] - Finding web element with id: 'Object Repository/ANEF_Eloignement_V_Nawres/Page_Prendre_Mesure_Formulaire/btn_Enregistrer' located by 'By.xpath: //button[contains(text(),"Enregistrer")]' in '20' second(s)

13-02-2025T14:35:15 - [MESSAGE][INFO] - Found 1 web elements with id: 'Object Repository/ANEF_Eloignement_V_Nawres/Page_Prendre_Mesure_Formulaire/btn_Enregistrer' located by 'By.xpath: //button[contains(text(),"Enregistrer")]' in '20' second(s)

13-02-2025T14:35:15 - [MESSAGE][INFO] - Checking object

13-02-2025T14:35:15 - [MESSAGE][INFO] - Checking timeout

13-02-2025T14:35:15 - [MESSAGE][INFO] - Finding web element from Test Object's properties

13-02-2025T14:35:15 - [MESSAGE][INFO] - Checking timeout

13-02-2025T14:35:15 - [MESSAGE][INFO] - Finding web element with id: 'Object Repository/ANEF_Eloignement_V_Nawres/Page_Prendre_Mesure_Formulaire/btn_Enregistrer' located by 'By.xpath: //button[contains(text(),"Enregistrer")]' in '2' second(s)

13-02-2025T14:35:15 - [MESSAGE][INFO] - Found 1 web elements with id: 'Object Repository/ANEF_Eloignement_V_Nawres/Page_Prendre_Mesure_Formulaire/btn_Enregistrer' located by 'By.xpath: //button[contains(text(),"Enregistrer")]' in '2' second(s)

13-02-2025T14:35:15 - [MESSAGE][INFO] - Clicking on object: 'Object Repository/ANEF_Eloignement_V_Nawres/Page_Prendre_Mesure_Formulaire/btn_Enregistrer'

13-02-2025T14:35:17 - [MESSAGE][PASSED] - Object: 'Object Repository/ANEF_Eloignement_V_Nawres/Page_Prendre_Mesure_Formulaire/btn_Enregistrer' is clicked on

13-02-2025T14:35:17 - [MESSAGE][PASSED] - Call Test Case 'Test Cases/Test Reutilisable/Main/ANEF_Eloignement_V_Nawres/ANEF_Prendre_Mesure_Formulaire' successfully

13-02-2025T14:35:17 - [MESSAGE][PASSED] - Call Test Case 'Test Cases/Test Reutilisable/Main/ANEF_Eloignement_V_Nawres/ANEF_Prendre_Mesure' successfully

13-02-2025T14:35:17 - [TEST_STEP][PASSED] - callTestCase(findTestCase("Test Cases/Test Reutilisable/Main/ANEF_Eloignement_V_Nawres/ANEF_Ajouter_Decision"), ["ModeNotification":ModeNotification], STOP_ON_FAILURE): Call Test Case 'Test Cases/Test Reutilisable/Main/ANEF_Eloignement_V_Nawres/ANEF_Ajouter_Decision' successfully

13-02-2025T14:35:17 - [MESSAGE][INFO] - Checking called Test Case

13-02-2025T14:35:17 - [MESSAGE][INFO] - Starting to call Test Case 'Test Cases/Test Reutilisable/Main/ANEF_Eloignement_V_Nawres/ANEF_Ajouter_Decision'

13-02-2025T14:35:17 - [TEST_CASE][PASSED] - Test Cases/Test Reutilisable/Main/ANEF_Eloignement_V_Nawres/ANEF_Ajouter_Decision: Test Cases/Test Reutilisable/Main/ANEF_Eloignement_V_Nawres/ANEF_Ajouter_Decision

13-02-2025T14:35:17 - [TEST_STEP][PASSED] - calendar = Calendar.getInstance(): null

13-02-2025T14:35:17 - [TEST_STEP][PASSED] - currentDate = calendar.getTime(): null

13-02-2025T14:35:17 - [TEST_STEP][PASSED] - sdf = new java.text.SimpleDateFormat(dd/MM/yyyy): null

13-02-2025T14:35:17 - [TEST_STEP][PASSED] - formattedDate = sdf.format(currentDate): null

13-02-2025T14:35:17 - [TEST_STEP][PASSED] - DateActuelle = formattedDate.toString(): null

13-02-2025T14:35:17 - [TEST_STEP][PASSED] - println(DateActuelle): null

13-02-2025T14:35:17 - [TEST_STEP][PASSED] - waitForElementClickable(findTestObject("Object Repository/ANEF_Eloignement_V_Nawres/Page_Ajouter_Decision/btn_Ajouter_Decision"), 20, STOP_ON_FAILURE): Object 'Object Repository/ANEF_Eloignement_V_Nawres/Page_Ajouter_Decision/btn_Ajouter_Decision' is clickable

13-02-2025T14:35:17 - [MESSAGE][INFO] - Finding Test Object 'Object Repository/ANEF_Eloignement_V_Nawres/Page_Ajouter_Decision/btn_Ajouter_Decision'

13-02-2025T14:35:17 - [MESSAGE][INFO] - Checking object

13-02-2025T14:35:17 - [MESSAGE][INFO] - Checking timeout

13-02-2025T14:35:17 - [MESSAGE][INFO] - Finding web element from Test Object's properties

13-02-2025T14:35:17 - [MESSAGE][INFO] - Checking timeout

13-02-2025T14:35:17 - [MESSAGE][INFO] - Finding web element with id: 'Object Repository/ANEF_Eloignement_V_Nawres/Page_Ajouter_Decision/btn_Ajouter_Decision' located by 'By.xpath: //button[contains(text(),"Ajouter une dÃ©cision")]' in '20' second(s)

13-02-2025T14:35:17 - [MESSAGE][INFO] - Found 1 web elements with id: 'Object Repository/ANEF_Eloignement_V_Nawres/Page_Ajouter_Decision/btn_Ajouter_Decision' located by 'By.xpath: //button[contains(text(),"Ajouter une dÃ©cision")]' in '20' second(s)

13-02-2025T14:35:18 - [MESSAGE][PASSED] - Object 'Object Repository/ANEF_Eloignement_V_Nawres/Page_Ajouter_Decision/btn_Ajouter_Decision' is clickable

13-02-2025T14:35:18 - [TEST_STEP][PASSED] - click(findTestObject("Object Repository/ANEF_Eloignement_V_Nawres/Page_Ajouter_Decision/btn_Ajouter_Decision"), STOP_ON_FAILURE): Object: 'Object Repository/ANEF_Eloignement_V_Nawres/Page_Ajouter_Decision/btn_Ajouter_Decision' is clicked on

13-02-2025T14:35:18 - [MESSAGE][INFO] - Finding Test Object 'Object Repository/ANEF_Eloignement_V_Nawres/Page_Ajouter_Decision/btn_Ajouter_Decision'

13-02-2025T14:35:18 - [MESSAGE][INFO] - Checking timeout

13-02-2025T14:35:18 - [MESSAGE][INFO] - Finding web element with id: 'Object Repository/ANEF_Eloignement_V_Nawres/Page_Ajouter_Decision/btn_Ajouter_Decision' located by 'By.xpath: //button[contains(text(),"Ajouter une dÃ©cision")]' in '20' second(s)

13-02-2025T14:35:18 - [MESSAGE][INFO] - Found 1 web elements with id: 'Object Repository/ANEF_Eloignement_V_Nawres/Page_Ajouter_Decision/btn_Ajouter_Decision' located by 'By.xpath: //button[contains(text(),"Ajouter une dÃ©cision")]' in '20' second(s)

13-02-2025T14:35:18 - [MESSAGE][INFO] - Checking object

13-02-2025T14:35:18 - [MESSAGE][INFO] - Checking timeout

13-02-2025T14:35:18 - [MESSAGE][INFO] - Finding web element from Test Object's properties

13-02-2025T14:35:18 - [MESSAGE][INFO] - Checking timeout

13-02-2025T14:35:18 - [MESSAGE][INFO] - Finding web element with id: 'Object Repository/ANEF_Eloignement_V_Nawres/Page_Ajouter_Decision/btn_Ajouter_Decision' located by 'By.xpath: //button[contains(text(),"Ajouter une dÃ©cision")]' in '2' second(s)

13-02-2025T14:35:18 - [MESSAGE][INFO] - Found 1 web elements with id: 'Object Repository/ANEF_Eloignement_V_Nawres/Page_Ajouter_Decision/btn_Ajouter_Decision' located by 'By.xpath: //button[contains(text(),"Ajouter une dÃ©cision")]' in '2' second(s)

13-02-2025T14:35:18 - [MESSAGE][INFO] - Clicking on object: 'Object Repository/ANEF_Eloignement_V_Nawres/Page_Ajouter_Decision/btn_Ajouter_Decision'

13-02-2025T14:35:19 - [MESSAGE][PASSED] - Object: 'Object Repository/ANEF_Eloignement_V_Nawres/Page_Ajouter_Decision/btn_Ajouter_Decision' is clicked on

13-02-2025T14:35:19 - [TEST_STEP][PASSED] - scrollToElement(findTestObject("Object Repository/ANEF_Eloignement_V_Nawres/Page_Ajouter_Decision/btn_Confirmer_Ajout_Decision"), 5, STOP_ON_FAILURE): Scroll to object 'Object Repository/ANEF_Eloignement_V_Nawres/Page_Ajouter_Decision/btn_Confirmer_Ajout_Decision' successfully

13-02-2025T14:35:19 - [MESSAGE][INFO] - Finding Test Object 'Object Repository/ANEF_Eloignement_V_Nawres/Page_Ajouter_Decision/btn_Confirmer_Ajout_Decision'

13-02-2025T14:35:19 - [MESSAGE][INFO] - Checking object

13-02-2025T14:35:19 - [MESSAGE][INFO] - Checking timeout

13-02-2025T14:35:19 - [MESSAGE][INFO] - Finding web element from Test Object's properties

13-02-2025T14:35:19 - [MESSAGE][INFO] - Checking timeout

13-02-2025T14:35:19 - [MESSAGE][INFO] - Finding web element with id: 'Object Repository/ANEF_Eloignement_V_Nawres/Page_Ajouter_Decision/btn_Confirmer_Ajout_Decision' located by 'By.xpath: //button[contains(text()," Confirmer l'ajout")]' in '2' second(s)

13-02-2025T14:35:19 - [MESSAGE][INFO] - Found 1 web elements with id: 'Object Repository/ANEF_Eloignement_V_Nawres/Page_Ajouter_Decision/btn_Confirmer_Ajout_Decision' located by 'By.xpath: //button[contains(text()," Confirmer l'ajout")]' in '2' second(s)

13-02-2025T14:35:19 - [MESSAGE][INFO] - Scrolling to object 'Object Repository/ANEF_Eloignement_V_Nawres/Page_Ajouter_Decision/btn_Confirmer_Ajout_Decision'

13-02-2025T14:35:19 - [MESSAGE][PASSED] - Scroll to object 'Object Repository/ANEF_Eloignement_V_Nawres/Page_Ajouter_Decision/btn_Confirmer_Ajout_Decision' successfully

13-02-2025T14:35:19 - [TEST_STEP][PASSED] - click(findTestObject("Object Repository/ANEF_Eloignement_V_Nawres/Page_Ajouter_Decision/btn_Confirmer_Ajout_Decision"), STOP_ON_FAILURE): Object: 'Object Repository/ANEF_Eloignement_V_Nawres/Page_Ajouter_Decision/btn_Confirmer_Ajout_Decision' is clicked on

13-02-2025T14:35:19 - [MESSAGE][INFO] - Finding Test Object 'Object Repository/ANEF_Eloignement_V_Nawres/Page_Ajouter_Decision/btn_Confirmer_Ajout_Decision'

13-02-2025T14:35:19 - [MESSAGE][INFO] - Checking timeout

13-02-2025T14:35:19 - [MESSAGE][INFO] - Finding web element with id: 'Object Repository/ANEF_Eloignement_V_Nawres/Page_Ajouter_Decision/btn_Confirmer_Ajout_Decision' located by 'By.xpath: //button[contains(text()," Confirmer l'ajout")]' in '20' second(s)

13-02-2025T14:35:19 - [MESSAGE][INFO] - Found 1 web elements with id: 'Object Repository/ANEF_Eloignement_V_Nawres/Page_Ajouter_Decision/btn_Confirmer_Ajout_Decision' located by 'By.xpath: //button[contains(text()," Confirmer l'ajout")]' in '20' second(s)

13-02-2025T14:35:19 - [MESSAGE][INFO] - Checking object

13-02-2025T14:35:19 - [MESSAGE][INFO] - Checking timeout

13-02-2025T14:35:19 - [MESSAGE][INFO] - Finding web element from Test Object's properties

13-02-2025T14:35:19 - [MESSAGE][INFO] - Checking timeout

13-02-2025T14:35:19 - [MESSAGE][INFO] - Finding web element with id: 'Object Repository/ANEF_Eloignement_V_Nawres/Page_Ajouter_Decision/btn_Confirmer_Ajout_Decision' located by 'By.xpath: //button[contains(text()," Confirmer l'ajout")]' in '2' second(s)

13-02-2025T14:35:19 - [MESSAGE][INFO] - Found 1 web elements with id: 'Object Repository/ANEF_Eloignement_V_Nawres/Page_Ajouter_Decision/btn_Confirmer_Ajout_Decision' located by 'By.xpath: //button[contains(text()," Confirmer l'ajout")]' in '2' second(s)

13-02-2025T14:35:19 - [MESSAGE][INFO] - Clicking on object: 'Object Repository/ANEF_Eloignement_V_Nawres/Page_Ajouter_Decision/btn_Confirmer_Ajout_Decision'

13-02-2025T14:35:20 - [MESSAGE][PASSED] - Object: 'Object Repository/ANEF_Eloignement_V_Nawres/Page_Ajouter_Decision/btn_Confirmer_Ajout_Decision' is clicked on

13-02-2025T14:35:20 - [TEST_STEP][PASSED] - waitForElementClickable(findTestObject("Object Repository/ANEF_Eloignement_V_Nawres/Page_Ajouter_Decision/btn_Confirmer_Notification"), 20, STOP_ON_FAILURE): Object 'Object Repository/ANEF_Eloignement_V_Nawres/Page_Ajouter_Decision/btn_Confirmer_Notification' is clickable

13-02-2025T14:35:20 - [MESSAGE][INFO] - Finding Test Object 'Object Repository/ANEF_Eloignement_V_Nawres/Page_Ajouter_Decision/btn_Confirmer_Notification'

13-02-2025T14:35:20 - [MESSAGE][INFO] - Checking object

13-02-2025T14:35:20 - [MESSAGE][INFO] - Checking timeout

13-02-2025T14:35:20 - [MESSAGE][INFO] - Finding web element from Test Object's properties

13-02-2025T14:35:20 - [MESSAGE][INFO] - Checking timeout

13-02-2025T14:35:20 - [MESSAGE][INFO] - Finding web element with id: 'Object Repository/ANEF_Eloignement_V_Nawres/Page_Ajouter_Decision/btn_Confirmer_Notification' located by 'By.xpath: //button[contains(text(),"Confirmer la notification")]' in '20' second(s)

13-02-2025T14:35:20 - [MESSAGE][INFO] - Found 1 web elements with id: 'Object Repository/ANEF_Eloignement_V_Nawres/Page_Ajouter_Decision/btn_Confirmer_Notification' located by 'By.xpath: //button[contains(text(),"Confirmer la notification")]' in '20' second(s)

13-02-2025T14:35:21 - [MESSAGE][PASSED] - Object 'Object Repository/ANEF_Eloignement_V_Nawres/Page_Ajouter_Decision/btn_Confirmer_Notification' is clickable

13-02-2025T14:35:21 - [TEST_STEP][PASSED] - click(findTestObject("Object Repository/ANEF_Eloignement_V_Nawres/Page_Ajouter_Decision/btn_Confirmer_Notification"), STOP_ON_FAILURE): Object: 'Object Repository/ANEF_Eloignement_V_Nawres/Page_Ajouter_Decision/btn_Confirmer_Notification' is clicked on

13-02-2025T14:35:21 - [MESSAGE][INFO] - Finding Test Object 'Object Repository/ANEF_Eloignement_V_Nawres/Page_Ajouter_Decision/btn_Confirmer_Notification'

13-02-2025T14:35:21 - [MESSAGE][INFO] - Checking timeout

13-02-2025T14:35:21 - [MESSAGE][INFO] - Finding web element with id: 'Object Repository/ANEF_Eloignement_V_Nawres/Page_Ajouter_Decision/btn_Confirmer_Notification' located by 'By.xpath: //button[contains(text(),"Confirmer la notification")]' in '20' second(s)

13-02-2025T14:35:21 - [MESSAGE][INFO] - Found 1 web elements with id: 'Object Repository/ANEF_Eloignement_V_Nawres/Page_Ajouter_Decision/btn_Confirmer_Notification' located by 'By.xpath: //button[contains(text(),"Confirmer la notification")]' in '20' second(s)

13-02-2025T14:35:21 - [MESSAGE][INFO] - Checking object

13-02-2025T14:35:21 - [MESSAGE][INFO] - Checking timeout

13-02-2025T14:35:21 - [MESSAGE][INFO] - Finding web element from Test Object's properties

13-02-2025T14:35:21 - [MESSAGE][INFO] - Checking timeout

13-02-2025T14:35:21 - [MESSAGE][INFO] - Finding web element with id: 'Object Repository/ANEF_Eloignement_V_Nawres/Page_Ajouter_Decision/btn_Confirmer_Notification' located by 'By.xpath: //button[contains(text(),"Confirmer la notification")]' in '2' second(s)

13-02-2025T14:35:21 - [MESSAGE][INFO] - Found 1 web elements with id: 'Object Repository/ANEF_Eloignement_V_Nawres/Page_Ajouter_Decision/btn_Confirmer_Notification' located by 'By.xpath: //button[contains(text(),"Confirmer la notification")]' in '2' second(s)

13-02-2025T14:35:21 - [MESSAGE][INFO] - Clicking on object: 'Object Repository/ANEF_Eloignement_V_Nawres/Page_Ajouter_Decision/btn_Confirmer_Notification'

13-02-2025T14:35:23 - [MESSAGE][PASSED] - Object: 'Object Repository/ANEF_Eloignement_V_Nawres/Page_Ajouter_Decision/btn_Confirmer_Notification' is clicked on

13-02-2025T14:35:23 - [TEST_STEP][PASSED] - selectOptionByLabel(findTestObject("Object Repository/ANEF_Eloignement_V_Nawres/Page_Ajouter_Decision/select_Mode_Notification"), ModeNotification, false, STOP_ON_FAILURE): All options with label 'Voie administrative' are selected in object 'Object Repository/ANEF_Eloignement_V_Nawres/Page_Ajouter_Decision/select_Mode_Notification' 

13-02-2025T14:35:23 - [MESSAGE][INFO] - Finding Test Object 'Object Repository/ANEF_Eloignement_V_Nawres/Page_Ajouter_Decision/select_Mode_Notification'

13-02-2025T14:35:23 - [MESSAGE][INFO] - Checking timeout

13-02-2025T14:35:23 - [MESSAGE][INFO] - Finding web element with id: 'Object Repository/ANEF_Eloignement_V_Nawres/Page_Ajouter_Decision/select_Mode_Notification' located by 'By.xpath: //app-notification-modal//form//app-dsfr-select/div/select[@id="mode_notification"]' in '20' second(s)

13-02-2025T14:35:23 - [MESSAGE][INFO] - Found 1 web elements with id: 'Object Repository/ANEF_Eloignement_V_Nawres/Page_Ajouter_Decision/select_Mode_Notification' located by 'By.xpath: //app-notification-modal//form//app-dsfr-select/div/select[@id="mode_notification"]' in '20' second(s)

13-02-2025T14:35:23 - [MESSAGE][INFO] - Checking object

13-02-2025T14:35:23 - [MESSAGE][INFO] - Checking label parameter

13-02-2025T14:35:23 - [MESSAGE][INFO] - Finding web element from Test Object's properties

13-02-2025T14:35:23 - [MESSAGE][INFO] - Checking timeout

13-02-2025T14:35:23 - [MESSAGE][INFO] - Finding web element with id: 'Object Repository/ANEF_Eloignement_V_Nawres/Page_Ajouter_Decision/select_Mode_Notification' located by 'By.xpath: //app-notification-modal//form//app-dsfr-select/div/select[@id="mode_notification"]' in '2' second(s)

13-02-2025T14:35:23 - [MESSAGE][INFO] - Found 1 web elements with id: 'Object Repository/ANEF_Eloignement_V_Nawres/Page_Ajouter_Decision/select_Mode_Notification' located by 'By.xpath: //app-notification-modal//form//app-dsfr-select/div/select[@id="mode_notification"]' in '2' second(s)

13-02-2025T14:35:23 - [MESSAGE][INFO] - Selecting options on object 'Object Repository/ANEF_Eloignement_V_Nawres/Page_Ajouter_Decision/select_Mode_Notification' with label 'Voie administrative' 

13-02-2025T14:35:24 - [MESSAGE][PASSED] - All options with label 'Voie administrative' are selected in object 'Object Repository/ANEF_Eloignement_V_Nawres/Page_Ajouter_Decision/select_Mode_Notification' 

13-02-2025T14:35:24 - [TEST_STEP][PASSED] - setText(findTestObject("Object Repository/ANEF_Eloignement_V_Nawres/Page_Ajouter_Decision/input_Date_Notification"), DateActuelle, STOP_ON_FAILURE): Text '13/02/2025' is set on object 'Object Repository/ANEF_Eloignement_V_Nawres/Page_Ajouter_Decision/input_Date_Notification'

13-02-2025T14:35:24 - [MESSAGE][INFO] - Finding Test Object 'Object Repository/ANEF_Eloignement_V_Nawres/Page_Ajouter_Decision/input_Date_Notification'

13-02-2025T14:35:24 - [MESSAGE][INFO] - Checking timeout

13-02-2025T14:35:24 - [MESSAGE][INFO] - Finding web element with id: 'Object Repository/ANEF_Eloignement_V_Nawres/Page_Ajouter_Decision/input_Date_Notification' located by 'By.xpath: //app-dsfr-input/div/input[@id="date_notification"]' in '20' second(s)

13-02-2025T14:35:24 - [MESSAGE][INFO] - Found 1 web elements with id: 'Object Repository/ANEF_Eloignement_V_Nawres/Page_Ajouter_Decision/input_Date_Notification' located by 'By.xpath: //app-dsfr-input/div/input[@id="date_notification"]' in '20' second(s)

13-02-2025T14:35:24 - [MESSAGE][INFO] - Checking object

13-02-2025T14:35:24 - [MESSAGE][INFO] - Checking text

13-02-2025T14:35:24 - [MESSAGE][INFO] - Finding web element from Test Object's properties

13-02-2025T14:35:24 - [MESSAGE][INFO] - Checking timeout

13-02-2025T14:35:24 - [MESSAGE][INFO] - Finding web element with id: 'Object Repository/ANEF_Eloignement_V_Nawres/Page_Ajouter_Decision/input_Date_Notification' located by 'By.xpath: //app-dsfr-input/div/input[@id="date_notification"]' in '2' second(s)

13-02-2025T14:35:24 - [MESSAGE][INFO] - Found 1 web elements with id: 'Object Repository/ANEF_Eloignement_V_Nawres/Page_Ajouter_Decision/input_Date_Notification' located by 'By.xpath: //app-dsfr-input/div/input[@id="date_notification"]' in '2' second(s)

13-02-2025T14:35:24 - [MESSAGE][INFO] - Clearing text of object 'Object Repository/ANEF_Eloignement_V_Nawres/Page_Ajouter_Decision/input_Date_Notification'

13-02-2025T14:35:25 - [MESSAGE][INFO] - Finding web element from Test Object's properties

13-02-2025T14:35:25 - [MESSAGE][INFO] - Checking timeout

13-02-2025T14:35:25 - [MESSAGE][INFO] - Finding web element with id: 'Object Repository/ANEF_Eloignement_V_Nawres/Page_Ajouter_Decision/input_Date_Notification' located by 'By.xpath: //app-dsfr-input/div/input[@id="date_notification"]' in '2' second(s)

13-02-2025T14:35:25 - [MESSAGE][INFO] - Found 1 web elements with id: 'Object Repository/ANEF_Eloignement_V_Nawres/Page_Ajouter_Decision/input_Date_Notification' located by 'By.xpath: //app-dsfr-input/div/input[@id="date_notification"]' in '2' second(s)

13-02-2025T14:35:25 - [MESSAGE][INFO] - Setting text of object 'Object Repository/ANEF_Eloignement_V_Nawres/Page_Ajouter_Decision/input_Date_Notification' to value '13/02/2025'

13-02-2025T14:35:26 - [MESSAGE][PASSED] - Text '13/02/2025' is set on object 'Object Repository/ANEF_Eloignement_V_Nawres/Page_Ajouter_Decision/input_Date_Notification'

13-02-2025T14:35:26 - [TEST_STEP][PASSED] - if (ModeNotification == "Voie administrative"): Text '14:30' is set on object 'Object Repository/ANEF_Eloignement_V_Nawres/Page_Ajouter_Decision/input_Heure_Notification'

13-02-2025T14:35:26 - [TEST_STEP][PASSED] - setText(findTestObject("Object Repository/ANEF_Eloignement_V_Nawres/Page_Ajouter_Decision/input_Heure_Notification"), "14:30", STOP_ON_FAILURE): Text '14:30' is set on object 'Object Repository/ANEF_Eloignement_V_Nawres/Page_Ajouter_Decision/input_Heure_Notification'

13-02-2025T14:35:26 - [MESSAGE][INFO] - Finding Test Object 'Object Repository/ANEF_Eloignement_V_Nawres/Page_Ajouter_Decision/input_Heure_Notification'

13-02-2025T14:35:26 - [MESSAGE][INFO] - Checking timeout

13-02-2025T14:35:26 - [MESSAGE][INFO] - Finding web element with id: 'Object Repository/ANEF_Eloignement_V_Nawres/Page_Ajouter_Decision/input_Heure_Notification' located by 'By.xpath: //app-notification-modal//form//app-dsfr-input/div/input[@id="heure_notification"]' in '20' second(s)

13-02-2025T14:35:26 - [MESSAGE][INFO] - Found 1 web elements with id: 'Object Repository/ANEF_Eloignement_V_Nawres/Page_Ajouter_Decision/input_Heure_Notification' located by 'By.xpath: //app-notification-modal//form//app-dsfr-input/div/input[@id="heure_notification"]' in '20' second(s)

13-02-2025T14:35:26 - [MESSAGE][INFO] - Checking object

13-02-2025T14:35:26 - [MESSAGE][INFO] - Checking text

13-02-2025T14:35:26 - [MESSAGE][INFO] - Finding web element from Test Object's properties

13-02-2025T14:35:26 - [MESSAGE][INFO] - Checking timeout

13-02-2025T14:35:26 - [MESSAGE][INFO] - Finding web element with id: 'Object Repository/ANEF_Eloignement_V_Nawres/Page_Ajouter_Decision/input_Heure_Notification' located by 'By.xpath: //app-notification-modal//form//app-dsfr-input/div/input[@id="heure_notification"]' in '2' second(s)

13-02-2025T14:35:26 - [MESSAGE][INFO] - Found 1 web elements with id: 'Object Repository/ANEF_Eloignement_V_Nawres/Page_Ajouter_Decision/input_Heure_Notification' located by 'By.xpath: //app-notification-modal//form//app-dsfr-input/div/input[@id="heure_notification"]' in '2' second(s)

13-02-2025T14:35:26 - [MESSAGE][INFO] - Clearing text of object 'Object Repository/ANEF_Eloignement_V_Nawres/Page_Ajouter_Decision/input_Heure_Notification'

13-02-2025T14:35:27 - [MESSAGE][INFO] - Finding web element from Test Object's properties

13-02-2025T14:35:27 - [MESSAGE][INFO] - Checking timeout

13-02-2025T14:35:27 - [MESSAGE][INFO] - Finding web element with id: 'Object Repository/ANEF_Eloignement_V_Nawres/Page_Ajouter_Decision/input_Heure_Notification' located by 'By.xpath: //app-notification-modal//form//app-dsfr-input/div/input[@id="heure_notification"]' in '2' second(s)

13-02-2025T14:35:27 - [MESSAGE][INFO] - Found 1 web elements with id: 'Object Repository/ANEF_Eloignement_V_Nawres/Page_Ajouter_Decision/input_Heure_Notification' located by 'By.xpath: //app-notification-modal//form//app-dsfr-input/div/input[@id="heure_notification"]' in '2' second(s)

13-02-2025T14:35:27 - [MESSAGE][INFO] - Setting text of object 'Object Repository/ANEF_Eloignement_V_Nawres/Page_Ajouter_Decision/input_Heure_Notification' to value '14:30'

13-02-2025T14:35:29 - [MESSAGE][PASSED] - Text '14:30' is set on object 'Object Repository/ANEF_Eloignement_V_Nawres/Page_Ajouter_Decision/input_Heure_Notification'

13-02-2025T14:35:29 - [TEST_STEP][PASSED] - uploadFile(findTestObject("Object Repository/ANEF_Eloignement_V_Nawres/Page_Ajouter_Decision/input_Ajouter_Fichier_Notification"), getProjectDir() + "/Data Files/Fichier_Test.pdf"): File 'C:/Users/nbenjemi/Katalon Studio/ANEF-ELOIGNEMENT-20250121/ANEF-ELOIGNEMENT-20250121/Data Files/Fichier_Test.pdf' sent to object: 'Object Repository/ANEF_Eloignement_V_Nawres/Page_Ajouter_Decision/input_Ajouter_Fichier_Notification'

13-02-2025T14:35:29 - [MESSAGE][INFO] - Finding Test Object 'Object Repository/ANEF_Eloignement_V_Nawres/Page_Ajouter_Decision/input_Ajouter_Fichier_Notification'

13-02-2025T14:35:29 - [MESSAGE][INFO] - Checking object

13-02-2025T14:35:29 - [MESSAGE][INFO] - Uploading file 'C:/Users/nbenjemi/Katalon Studio/ANEF-ELOIGNEMENT-20250121/ANEF-ELOIGNEMENT-20250121/Data Files/Fichier_Test.pdf' to object: 'Object Repository/ANEF_Eloignement_V_Nawres/Page_Ajouter_Decision/input_Ajouter_Fichier_Notification'

13-02-2025T14:35:29 - [MESSAGE][INFO] - Finding web element from Test Object's properties

13-02-2025T14:35:29 - [MESSAGE][INFO] - Checking timeout

13-02-2025T14:35:29 - [MESSAGE][INFO] - Finding web element with id: 'Object Repository/ANEF_Eloignement_V_Nawres/Page_Ajouter_Decision/input_Ajouter_Fichier_Notification' located by 'By.xpath: //app-notification-modal//form//app-dsfr-piece-jointe//input' in '2' second(s)

13-02-2025T14:35:29 - [MESSAGE][INFO] - Found 1 web elements with id: 'Object Repository/ANEF_Eloignement_V_Nawres/Page_Ajouter_Decision/input_Ajouter_Fichier_Notification' located by 'By.xpath: //app-notification-modal//form//app-dsfr-piece-jointe//input' in '2' second(s)

13-02-2025T14:35:30 - [MESSAGE][PASSED] - File 'C:/Users/nbenjemi/Katalon Studio/ANEF-ELOIGNEMENT-20250121/ANEF-ELOIGNEMENT-20250121/Data Files/Fichier_Test.pdf' sent to object: 'Object Repository/ANEF_Eloignement_V_Nawres/Page_Ajouter_Decision/input_Ajouter_Fichier_Notification'

13-02-2025T14:35:30 - [TEST_STEP][PASSED] - scrollToElement(findTestObject("Object Repository/ANEF_Eloignement_V_Nawres/Page_Ajouter_Decision/btn_Confirmer_Ajout_Notification"), 5, STOP_ON_FAILURE): Scroll to object 'Object Repository/ANEF_Eloignement_V_Nawres/Page_Ajouter_Decision/btn_Confirmer_Ajout_Notification' successfully

13-02-2025T14:35:30 - [MESSAGE][INFO] - Finding Test Object 'Object Repository/ANEF_Eloignement_V_Nawres/Page_Ajouter_Decision/btn_Confirmer_Ajout_Notification'

13-02-2025T14:35:30 - [MESSAGE][INFO] - Checking object

13-02-2025T14:35:30 - [MESSAGE][INFO] - Checking timeout

13-02-2025T14:35:30 - [MESSAGE][INFO] - Finding web element from Test Object's properties

13-02-2025T14:35:30 - [MESSAGE][INFO] - Checking timeout

13-02-2025T14:35:30 - [MESSAGE][INFO] - Finding web element with id: 'Object Repository/ANEF_Eloignement_V_Nawres/Page_Ajouter_Decision/btn_Confirmer_Ajout_Notification' located by 'By.xpath: //app-notification-modal//button[contains(text(),"Confirmer l'ajout")]' in '2' second(s)

13-02-2025T14:35:30 - [MESSAGE][INFO] - Found 1 web elements with id: 'Object Repository/ANEF_Eloignement_V_Nawres/Page_Ajouter_Decision/btn_Confirmer_Ajout_Notification' located by 'By.xpath: //app-notification-modal//button[contains(text(),"Confirmer l'ajout")]' in '2' second(s)

13-02-2025T14:35:30 - [MESSAGE][INFO] - Scrolling to object 'Object Repository/ANEF_Eloignement_V_Nawres/Page_Ajouter_Decision/btn_Confirmer_Ajout_Notification'

13-02-2025T14:35:30 - [MESSAGE][PASSED] - Scroll to object 'Object Repository/ANEF_Eloignement_V_Nawres/Page_Ajouter_Decision/btn_Confirmer_Ajout_Notification' successfully

13-02-2025T14:35:30 - [TEST_STEP][PASSED] - click(findTestObject("Object Repository/ANEF_Eloignement_V_Nawres/Page_Ajouter_Decision/btn_Confirmer_Ajout_Notification"), STOP_ON_FAILURE): Object: 'Object Repository/ANEF_Eloignement_V_Nawres/Page_Ajouter_Decision/btn_Confirmer_Ajout_Notification' is clicked on

13-02-2025T14:35:30 - [MESSAGE][INFO] - Finding Test Object 'Object Repository/ANEF_Eloignement_V_Nawres/Page_Ajouter_Decision/btn_Confirmer_Ajout_Notification'

13-02-2025T14:35:30 - [MESSAGE][INFO] - Checking timeout

13-02-2025T14:35:30 - [MESSAGE][INFO] - Finding web element with id: 'Object Repository/ANEF_Eloignement_V_Nawres/Page_Ajouter_Decision/btn_Confirmer_Ajout_Notification' located by 'By.xpath: //app-notification-modal//button[contains(text(),"Confirmer l'ajout")]' in '20' second(s)

13-02-2025T14:35:30 - [MESSAGE][INFO] - Found 1 web elements with id: 'Object Repository/ANEF_Eloignement_V_Nawres/Page_Ajouter_Decision/btn_Confirmer_Ajout_Notification' located by 'By.xpath: //app-notification-modal//button[contains(text(),"Confirmer l'ajout")]' in '20' second(s)

13-02-2025T14:35:30 - [MESSAGE][INFO] - Checking object

13-02-2025T14:35:30 - [MESSAGE][INFO] - Checking timeout

13-02-2025T14:35:30 - [MESSAGE][INFO] - Finding web element from Test Object's properties

13-02-2025T14:35:30 - [MESSAGE][INFO] - Checking timeout

13-02-2025T14:35:30 - [MESSAGE][INFO] - Finding web element with id: 'Object Repository/ANEF_Eloignement_V_Nawres/Page_Ajouter_Decision/btn_Confirmer_Ajout_Notification' located by 'By.xpath: //app-notification-modal//button[contains(text(),"Confirmer l'ajout")]' in '2' second(s)

13-02-2025T14:35:30 - [MESSAGE][INFO] - Found 1 web elements with id: 'Object Repository/ANEF_Eloignement_V_Nawres/Page_Ajouter_Decision/btn_Confirmer_Ajout_Notification' located by 'By.xpath: //app-notification-modal//button[contains(text(),"Confirmer l'ajout")]' in '2' second(s)

13-02-2025T14:35:30 - [MESSAGE][INFO] - Clicking on object: 'Object Repository/ANEF_Eloignement_V_Nawres/Page_Ajouter_Decision/btn_Confirmer_Ajout_Notification'

13-02-2025T14:35:31 - [MESSAGE][PASSED] - Object: 'Object Repository/ANEF_Eloignement_V_Nawres/Page_Ajouter_Decision/btn_Confirmer_Ajout_Notification' is clicked on

13-02-2025T14:35:31 - [TEST_STEP][PASSED] - waitForElementClickable(findTestObject("Object Repository/ANEF_Eloignement_V_Nawres/Page_Ajouter_Decision/btn_Enregistrer"), 7, STOP_ON_FAILURE): Object 'Object Repository/ANEF_Eloignement_V_Nawres/Page_Ajouter_Decision/btn_Enregistrer' is clickable

13-02-2025T14:35:31 - [MESSAGE][INFO] - Finding Test Object 'Object Repository/ANEF_Eloignement_V_Nawres/Page_Ajouter_Decision/btn_Enregistrer'

13-02-2025T14:35:31 - [MESSAGE][INFO] - Checking object

13-02-2025T14:35:31 - [MESSAGE][INFO] - Checking timeout

13-02-2025T14:35:31 - [MESSAGE][INFO] - Finding web element from Test Object's properties

13-02-2025T14:35:31 - [MESSAGE][INFO] - Checking timeout

13-02-2025T14:35:31 - [MESSAGE][INFO] - Finding web element with id: 'Object Repository/ANEF_Eloignement_V_Nawres/Page_Ajouter_Decision/btn_Enregistrer' located by 'By.xpath: //button[contains(text(),"Enregistrer")]' in '7' second(s)

13-02-2025T14:35:31 - [MESSAGE][INFO] - Found 1 web elements with id: 'Object Repository/ANEF_Eloignement_V_Nawres/Page_Ajouter_Decision/btn_Enregistrer' located by 'By.xpath: //button[contains(text(),"Enregistrer")]' in '7' second(s)

13-02-2025T14:35:31 - [MESSAGE][PASSED] - Object 'Object Repository/ANEF_Eloignement_V_Nawres/Page_Ajouter_Decision/btn_Enregistrer' is clickable

13-02-2025T14:35:31 - [MESSAGE][PASSED] - Call Test Case 'Test Cases/Test Reutilisable/Main/ANEF_Eloignement_V_Nawres/ANEF_Ajouter_Decision' successfully

13-02-2025T14:35:34 - [TEST_STEP][PASSED] - Video: Video recording for test case 'Test Cases/Cas D Utilisations/ANEF_Eloignement_V_Nawres/TC_ANEF_Eloignement' .

13-02-2025T14:35:34 - [MESSAGE][INFO] - Video recording for test case 'Test Cases/Cas D Utilisations/ANEF_Eloignement_V_Nawres/TC_ANEF_Eloignement' .]]></system-out>
         <system-err><![CDATA[]]></system-err>
      </testcase>
      <system-out><![CDATA[13-02-2025T14:34:00 - [TEST_SUITE][PASSED] - TS_ANEF_Eloignement: Test Cases/Cas D Utilisations/ANEF_Eloignement_V_Nawres/TC_ANEF_Eloignement]]></system-out>
      <system-err><![CDATA[]]></system-err>
   </testsuite>
</testsuites>
