<?xml version="1.0" encoding="UTF-8"?>
<testsuites name="TS_ANEF_Eloignement" time="84.719" tests="1" failures="0" errors="0">
   <testsuite name="TS_ANEF_Eloignement" tests="1" failures="0" errors="0" time="84.719" skipped="0" timestamp="13-02-2025T14:13:38" hostname="nbenjemi - LFR-5CG1459ZTG.corp.capgemini.com" id="Test Suites/TS_ANEF_Eloignement">
      <properties>
         <property name="deviceName" value=""/>
         <property name="devicePlatform"/>
         <property name="logFolder" value="C:\\Users\\nbenjemi\\Katalon Studio\\ANEF-ELOIGNEMENT-20250121\\ANEF-ELOIGNEMENT-20250121\\Reports\\20250213_141329\\TS_ANEF_Eloignement\\20250213_141329"/>
         <property name="logFiles" value="C:\\Users\\nbenjemi\\Katalon Studio\\ANEF-ELOIGNEMENT-20250121\\ANEF-ELOIGNEMENT-20250121\\Reports\\20250213_141329\\TS_ANEF_Eloignement\\20250213_141329\\execution0.log"/>
         <property name="attachments" value=""/>
         <property name="hostName" value="nbenjemi - LFR-5CG1459ZTG.corp.capgemini.com"/>
         <property name="os" value="Windows 11 64bit"/>
         <property name="katalonVersion" value="9.6.0.217"/>
         <property name="browser" value="Chrome 133.0.0.0"/>
         <property name="hostAddress" value="192.168.1.197"/>
         <property name="sessionId" value="a608cb0df04b1a898fbc757b5ce3a735"/>
         <property name="seleniumVersion" value="3.141.59"/>
         <property name="proxyInformation" value="ProxyInformation { proxyOption=NO_PROXY, proxyServerType=HTTP, username=, password=********, proxyServerAddress=, proxyServerPort=0, executionList=&quot;&quot;, isApplyToDesiredCapabilities=true }"/>
         <property name="platform" value="Windows 11"/>
      </properties>
      <testcase name="Test Cases/Cas D Utilisations/ANEF_Eloignement_V_Nawres/TC_ANEF_Eloignement" time="83.751" classname="Test Cases/Cas D Utilisations/ANEF_Eloignement_V_Nawres/TC_ANEF_Eloignement" status="PASSED">
         <system-out><![CDATA[13-02-2025T14:13:39 - [TEST_CASE][PASSED] - Test Cases/Cas D Utilisations/ANEF_Eloignement_V_Nawres/TC_ANEF_Eloignement: Test Cases/Cas D Utilisations/ANEF_Eloignement_V_Nawres/TC_ANEF_Eloignement

13-02-2025T14:13:42 - [TEST_STEP][PASSED] - callTestCase(findTestCase("Test Cases/Test Reutilisable/Main/ANEF_Eloignement_V_Nawres/ANEF_Lancer_URL_ANEF"), ["Profiles":Profiles, "EnvExec":EnvExec], STOP_ON_FAILURE): Call Test Case 'Test Cases/Test Reutilisable/Main/ANEF_Eloignement_V_Nawres/ANEF_Lancer_URL_ANEF' successfully

13-02-2025T14:13:42 - [MESSAGE][INFO] - Checking called Test Case

13-02-2025T14:13:42 - [MESSAGE][INFO] - Starting to call Test Case 'Test Cases/Test Reutilisable/Main/ANEF_Eloignement_V_Nawres/ANEF_Lancer_URL_ANEF'

13-02-2025T14:13:42 - [TEST_CASE][PASSED] - Test Cases/Test Reutilisable/Main/ANEF_Eloignement_V_Nawres/ANEF_Lancer_URL_ANEF: Test Cases/Test Reutilisable/Main/ANEF_Eloignement_V_Nawres/ANEF_Lancer_URL_ANEF

13-02-2025T14:13:44 - [TEST_STEP][PASSED] - "Call Highlight.on() automatically": null

13-02-2025T14:13:44 - [TEST_STEP][PASSED] - projDir = getProjectDir(): null

13-02-2025T14:13:44 - [TEST_STEP][PASSED] - RunBrowserConfiguration = getExecutionProperties(): null

13-02-2025T14:13:44 - [TEST_STEP][PASSED] - DriverName = get("WebUI").get("browserType"): null

13-02-2025T14:13:44 - [TEST_STEP][PASSED] - println("DriverName :" + DriverName): null

13-02-2025T14:13:44 - [TEST_STEP][PASSED] - println("Driverpath :" + RunBrowserConfiguration.get("drivers")): null

13-02-2025T14:13:44 - [TEST_STEP][PASSED] - if (Profiles == "Usager"): null

13-02-2025T14:13:44 - [TEST_STEP][PASSED] - if (Profiles == "Agent"): Current window maximized

13-02-2025T14:13:44 - [TEST_STEP][PASSED] - if (EnvExec == "URLPortailAgentQualif"): null

13-02-2025T14:13:44 - [TEST_STEP][PASSED] - if (EnvExec == "URLPortailAgentPreProd"): Browser is opened with url: 'https://preprod.siaef.dgef.interieur.gouv.fr/sejour/#/accueil'

13-02-2025T14:13:44 - [TEST_STEP][PASSED] - openBrowser(URLPortailAgentPreProd): Browser is opened with url: 'https://preprod.siaef.dgef.interieur.gouv.fr/sejour/#/accueil'

13-02-2025T14:13:45 - [MESSAGE][INFO] - Opening browser

13-02-2025T14:13:45 - [MESSAGE][INFO] - Starting 'Chrome' driver

13-02-2025T14:13:45 - [MESSAGE][INFO] - User set preference: ['args', '[--incognito, --disable-search-engine-choice-screen, --enable-automation, --disable-save-password-bubble, --start-maximized, --remote-allow-origins=*]']

13-02-2025T14:13:45 - [MESSAGE][INFO] - User set preference: ['prefs', '{download.default_directory=${GlobalVariable.downloadPath}, download_dir=${GlobalVariable.downloadPath}, download.prompt_for_download=false}']

13-02-2025T14:13:45 - [MESSAGE][INFO] - User set preference: ['loggingPrefs', '{browser=ALL}']

13-02-2025T14:13:45 - [MESSAGE][INFO] - Action delay is set to 1â€¯000 milliseconds

13-02-2025T14:13:50 - [MESSAGE][INFO] - Navigating browser to: 'https://preprod.siaef.dgef.interieur.gouv.fr/sejour/#/accueil'

13-02-2025T14:13:52 - [MESSAGE][PASSED] - Browser is opened with url: 'https://preprod.siaef.dgef.interieur.gouv.fr/sejour/#/accueil'

13-02-2025T14:13:52 - [TEST_STEP][PASSED] - maximizeWindow(): Current window maximized

13-02-2025T14:13:52 - [MESSAGE][INFO] - Maximizing current window

13-02-2025T14:13:52 - [MESSAGE][PASSED] - Current window maximized

13-02-2025T14:13:52 - [MESSAGE][PASSED] - Call Test Case 'Test Cases/Test Reutilisable/Main/ANEF_Eloignement_V_Nawres/ANEF_Lancer_URL_ANEF' successfully

13-02-2025T14:13:52 - [TEST_STEP][PASSED] - callTestCase(findTestCase("Test Cases/Test Reutilisable/Main/ANEF_Eloignement_V_Nawres/ANEF_Identification"), ["Profiles":Profiles, "IdentifiantAgent":IdentifiantAgent, "PwAgent":PwAgent, "EnvExec":EnvExec], STOP_ON_FAILURE): Call Test Case 'Test Cases/Test Reutilisable/Main/ANEF_Eloignement_V_Nawres/ANEF_Identification' successfully

13-02-2025T14:13:52 - [MESSAGE][INFO] - Checking called Test Case

13-02-2025T14:13:52 - [MESSAGE][INFO] - Starting to call Test Case 'Test Cases/Test Reutilisable/Main/ANEF_Eloignement_V_Nawres/ANEF_Identification'

13-02-2025T14:13:52 - [TEST_CASE][PASSED] - Test Cases/Test Reutilisable/Main/ANEF_Eloignement_V_Nawres/ANEF_Identification: Test Cases/Test Reutilisable/Main/ANEF_Eloignement_V_Nawres/ANEF_Identification

13-02-2025T14:13:53 - [TEST_STEP][PASSED] - com.kazurayam.ksbackyard.HighlightElement.pandemic(): com.kazurayam.ksbackyard.HighlightElement.pandemic is PASSED

13-02-2025T14:13:54 - [MESSAGE][PASSED] - com.kazurayam.ksbackyard.HighlightElement.pandemic is PASSED

13-02-2025T14:13:54 - [TEST_STEP][PASSED] - if (Profiles == "Usager"): null

13-02-2025T14:13:54 - [TEST_STEP][PASSED] - if (Profiles == "Agent"): Object: 'Object Repository/ANEF_Eloignement_V_Nawres/Page_ANEF_Connexion/btn_Valider_Conx_Agent' is clicked on

13-02-2025T14:13:54 - [TEST_STEP][PASSED] - if (EnvExec == "URLPortailAgentQualif"): null

13-02-2025T14:13:54 - [TEST_STEP][PASSED] - if (EnvExec == "URLPortailAgentPreProd"): Text 'Natali123456!' is set on object 'Object Repository/ANEF_Eloignement_V_Nawres/Page_ANEF_Connexion/Input_PasswordAgent'

13-02-2025T14:13:54 - [TEST_STEP][PASSED] - setText(findTestObject("Object Repository/ANEF_Eloignement_V_Nawres/Page_ANEF_Connexion/Input_UserNameAgent"), IdentifiantAgent): Text 'test.gpe+970@outlook.fr' is set on object 'Object Repository/ANEF_Eloignement_V_Nawres/Page_ANEF_Connexion/Input_UserNameAgent'

13-02-2025T14:13:54 - [MESSAGE][INFO] - Finding Test Object 'Object Repository/ANEF_Eloignement_V_Nawres/Page_ANEF_Connexion/Input_UserNameAgent'

13-02-2025T14:13:54 - [MESSAGE][INFO] - Checking timeout

13-02-2025T14:13:54 - [MESSAGE][INFO] - Finding web element with id: 'Object Repository/ANEF_Eloignement_V_Nawres/Page_ANEF_Connexion/Input_UserNameAgent' located by 'By.xpath: //*[@aria-labelledby="username-label"]|//*[@id="login"]' in '20' second(s)

13-02-2025T14:13:54 - [MESSAGE][INFO] - Found 1 web elements with id: 'Object Repository/ANEF_Eloignement_V_Nawres/Page_ANEF_Connexion/Input_UserNameAgent' located by 'By.xpath: //*[@aria-labelledby="username-label"]|//*[@id="login"]' in '20' second(s)

13-02-2025T14:13:54 - [MESSAGE][INFO] - Checking object

13-02-2025T14:13:54 - [MESSAGE][INFO] - Checking text

13-02-2025T14:13:54 - [MESSAGE][INFO] - Finding web element from Test Object's properties

13-02-2025T14:13:54 - [MESSAGE][INFO] - Checking timeout

13-02-2025T14:13:54 - [MESSAGE][INFO] - Finding web element with id: 'Object Repository/ANEF_Eloignement_V_Nawres/Page_ANEF_Connexion/Input_UserNameAgent' located by 'By.xpath: //*[@aria-labelledby="username-label"]|//*[@id="login"]' in '2' second(s)

13-02-2025T14:13:54 - [MESSAGE][INFO] - Found 1 web elements with id: 'Object Repository/ANEF_Eloignement_V_Nawres/Page_ANEF_Connexion/Input_UserNameAgent' located by 'By.xpath: //*[@aria-labelledby="username-label"]|//*[@id="login"]' in '2' second(s)

13-02-2025T14:13:54 - [MESSAGE][INFO] - Clearing text of object 'Object Repository/ANEF_Eloignement_V_Nawres/Page_ANEF_Connexion/Input_UserNameAgent'

13-02-2025T14:13:55 - [MESSAGE][INFO] - Finding web element from Test Object's properties

13-02-2025T14:13:55 - [MESSAGE][INFO] - Checking timeout

13-02-2025T14:13:55 - [MESSAGE][INFO] - Finding web element with id: 'Object Repository/ANEF_Eloignement_V_Nawres/Page_ANEF_Connexion/Input_UserNameAgent' located by 'By.xpath: //*[@aria-labelledby="username-label"]|//*[@id="login"]' in '2' second(s)

13-02-2025T14:13:55 - [MESSAGE][INFO] - Found 1 web elements with id: 'Object Repository/ANEF_Eloignement_V_Nawres/Page_ANEF_Connexion/Input_UserNameAgent' located by 'By.xpath: //*[@aria-labelledby="username-label"]|//*[@id="login"]' in '2' second(s)

13-02-2025T14:13:55 - [MESSAGE][INFO] - Setting text of object 'Object Repository/ANEF_Eloignement_V_Nawres/Page_ANEF_Connexion/Input_UserNameAgent' to value 'test.gpe+970@outlook.fr'

13-02-2025T14:13:56 - [MESSAGE][PASSED] - Text 'test.gpe+970@outlook.fr' is set on object 'Object Repository/ANEF_Eloignement_V_Nawres/Page_ANEF_Connexion/Input_UserNameAgent'

13-02-2025T14:13:56 - [TEST_STEP][PASSED] - setText(findTestObject("Object Repository/ANEF_Eloignement_V_Nawres/Page_ANEF_Connexion/Input_PasswordAgent"), PwAgent): Text 'Natali123456!' is set on object 'Object Repository/ANEF_Eloignement_V_Nawres/Page_ANEF_Connexion/Input_PasswordAgent'

13-02-2025T14:13:56 - [MESSAGE][INFO] - Finding Test Object 'Object Repository/ANEF_Eloignement_V_Nawres/Page_ANEF_Connexion/Input_PasswordAgent'

13-02-2025T14:13:56 - [MESSAGE][INFO] - Checking timeout

13-02-2025T14:13:56 - [MESSAGE][INFO] - Finding web element with id: 'Object Repository/ANEF_Eloignement_V_Nawres/Page_ANEF_Connexion/Input_PasswordAgent' located by 'By.xpath: //*[@aria-labelledby="password-label"]|//*[@id="password"]' in '20' second(s)

13-02-2025T14:13:56 - [MESSAGE][INFO] - Found 1 web elements with id: 'Object Repository/ANEF_Eloignement_V_Nawres/Page_ANEF_Connexion/Input_PasswordAgent' located by 'By.xpath: //*[@aria-labelledby="password-label"]|//*[@id="password"]' in '20' second(s)

13-02-2025T14:13:56 - [MESSAGE][INFO] - Checking object

13-02-2025T14:13:56 - [MESSAGE][INFO] - Checking text

13-02-2025T14:13:56 - [MESSAGE][INFO] - Finding web element from Test Object's properties

13-02-2025T14:13:56 - [MESSAGE][INFO] - Checking timeout

13-02-2025T14:13:56 - [MESSAGE][INFO] - Finding web element with id: 'Object Repository/ANEF_Eloignement_V_Nawres/Page_ANEF_Connexion/Input_PasswordAgent' located by 'By.xpath: //*[@aria-labelledby="password-label"]|//*[@id="password"]' in '2' second(s)

13-02-2025T14:13:57 - [MESSAGE][INFO] - Found 1 web elements with id: 'Object Repository/ANEF_Eloignement_V_Nawres/Page_ANEF_Connexion/Input_PasswordAgent' located by 'By.xpath: //*[@aria-labelledby="password-label"]|//*[@id="password"]' in '2' second(s)

13-02-2025T14:13:57 - [MESSAGE][INFO] - Clearing text of object 'Object Repository/ANEF_Eloignement_V_Nawres/Page_ANEF_Connexion/Input_PasswordAgent'

13-02-2025T14:13:58 - [MESSAGE][INFO] - Finding web element from Test Object's properties

13-02-2025T14:13:58 - [MESSAGE][INFO] - Checking timeout

13-02-2025T14:13:58 - [MESSAGE][INFO] - Finding web element with id: 'Object Repository/ANEF_Eloignement_V_Nawres/Page_ANEF_Connexion/Input_PasswordAgent' located by 'By.xpath: //*[@aria-labelledby="password-label"]|//*[@id="password"]' in '2' second(s)

13-02-2025T14:13:58 - [MESSAGE][INFO] - Found 1 web elements with id: 'Object Repository/ANEF_Eloignement_V_Nawres/Page_ANEF_Connexion/Input_PasswordAgent' located by 'By.xpath: //*[@aria-labelledby="password-label"]|//*[@id="password"]' in '2' second(s)

13-02-2025T14:13:58 - [MESSAGE][INFO] - Setting text of object 'Object Repository/ANEF_Eloignement_V_Nawres/Page_ANEF_Connexion/Input_PasswordAgent' to value 'Natali123456!'

13-02-2025T14:13:59 - [MESSAGE][PASSED] - Text 'Natali123456!' is set on object 'Object Repository/ANEF_Eloignement_V_Nawres/Page_ANEF_Connexion/Input_PasswordAgent'

13-02-2025T14:13:59 - [TEST_STEP][PASSED] - click(findTestObject("Object Repository/ANEF_Eloignement_V_Nawres/Page_ANEF_Connexion/btn_Valider_Conx_Agent")): Object: 'Object Repository/ANEF_Eloignement_V_Nawres/Page_ANEF_Connexion/btn_Valider_Conx_Agent' is clicked on

13-02-2025T14:13:59 - [MESSAGE][INFO] - Finding Test Object 'Object Repository/ANEF_Eloignement_V_Nawres/Page_ANEF_Connexion/btn_Valider_Conx_Agent'

13-02-2025T14:13:59 - [MESSAGE][INFO] - Checking timeout

13-02-2025T14:13:59 - [MESSAGE][INFO] - Finding web element with id: 'Object Repository/ANEF_Eloignement_V_Nawres/Page_ANEF_Connexion/btn_Valider_Conx_Agent' located by 'By.xpath: //*[@label="Valider"]|//*[@id="btn-login"]' in '20' second(s)

13-02-2025T14:13:59 - [MESSAGE][INFO] - Found 1 web elements with id: 'Object Repository/ANEF_Eloignement_V_Nawres/Page_ANEF_Connexion/btn_Valider_Conx_Agent' located by 'By.xpath: //*[@label="Valider"]|//*[@id="btn-login"]' in '20' second(s)

13-02-2025T14:13:59 - [MESSAGE][INFO] - Checking object

13-02-2025T14:13:59 - [MESSAGE][INFO] - Checking timeout

13-02-2025T14:13:59 - [MESSAGE][INFO] - Finding web element from Test Object's properties

13-02-2025T14:13:59 - [MESSAGE][INFO] - Checking timeout

13-02-2025T14:13:59 - [MESSAGE][INFO] - Finding web element with id: 'Object Repository/ANEF_Eloignement_V_Nawres/Page_ANEF_Connexion/btn_Valider_Conx_Agent' located by 'By.xpath: //*[@label="Valider"]|//*[@id="btn-login"]' in '2' second(s)

13-02-2025T14:13:59 - [MESSAGE][INFO] - Found 1 web elements with id: 'Object Repository/ANEF_Eloignement_V_Nawres/Page_ANEF_Connexion/btn_Valider_Conx_Agent' located by 'By.xpath: //*[@label="Valider"]|//*[@id="btn-login"]' in '2' second(s)

13-02-2025T14:13:59 - [MESSAGE][INFO] - Clicking on object: 'Object Repository/ANEF_Eloignement_V_Nawres/Page_ANEF_Connexion/btn_Valider_Conx_Agent'

13-02-2025T14:14:00 - [MESSAGE][PASSED] - Object: 'Object Repository/ANEF_Eloignement_V_Nawres/Page_ANEF_Connexion/btn_Valider_Conx_Agent' is clicked on

13-02-2025T14:14:00 - [TEST_STEP][PASSED] - delay(5): Delayed 5 second(s)

13-02-2025T14:14:00 - [MESSAGE][INFO] - Delaying browser in 5 second(s)

13-02-2025T14:14:05 - [MESSAGE][PASSED] - Delayed 5 second(s)

13-02-2025T14:14:05 - [TEST_STEP][PASSED] - verifyElementPresent(findTestObject("Object Repository/ANEF_Eloignement_V_Nawres/Page_Accueil_Principale/btn_ANEF_Eloignement"), 1, STOP_ON_FAILURE): Object 'Object Repository/ANEF_Eloignement_V_Nawres/Page_Accueil_Principale/btn_ANEF_Eloignement' is present

13-02-2025T14:14:05 - [MESSAGE][INFO] - Finding Test Object 'Object Repository/ANEF_Eloignement_V_Nawres/Page_Accueil_Principale/btn_ANEF_Eloignement'

13-02-2025T14:14:05 - [MESSAGE][INFO] - Checking object

13-02-2025T14:14:05 - [MESSAGE][INFO] - Finding web element from Test Object's properties

13-02-2025T14:14:05 - [MESSAGE][INFO] - Checking timeout

13-02-2025T14:14:05 - [MESSAGE][INFO] - Finding web element with id: 'Object Repository/ANEF_Eloignement_V_Nawres/Page_Accueil_Principale/btn_ANEF_Eloignement' located by 'By.xpath: //span[contains(text()," ANEF Ã©loignement ")]' in '1' second(s)

13-02-2025T14:14:05 - [MESSAGE][INFO] - Found 1 web elements with id: 'Object Repository/ANEF_Eloignement_V_Nawres/Page_Accueil_Principale/btn_ANEF_Eloignement' located by 'By.xpath: //span[contains(text()," ANEF Ã©loignement ")]' in '1' second(s)

13-02-2025T14:14:05 - [MESSAGE][PASSED] - Object 'Object Repository/ANEF_Eloignement_V_Nawres/Page_Accueil_Principale/btn_ANEF_Eloignement' is present

13-02-2025T14:14:05 - [MESSAGE][PASSED] - Call Test Case 'Test Cases/Test Reutilisable/Main/ANEF_Eloignement_V_Nawres/ANEF_Identification' successfully

13-02-2025T14:14:05 - [TEST_STEP][PASSED] - callTestCase(findTestCase("Test Cases/Test Reutilisable/Main/ANEF_Eloignement_V_Nawres/ANEF_Creation_ou_Recherche_Dossier"), ["CreationOuRecherche":CreationOuRecherche, "NumeroEtranger":NumeroEtranger], STOP_ON_FAILURE): Call Test Case 'Test Cases/Test Reutilisable/Main/ANEF_Eloignement_V_Nawres/ANEF_Creation_ou_Recherche_Dossier' successfully

13-02-2025T14:14:05 - [MESSAGE][INFO] - Checking called Test Case

13-02-2025T14:14:05 - [MESSAGE][INFO] - Starting to call Test Case 'Test Cases/Test Reutilisable/Main/ANEF_Eloignement_V_Nawres/ANEF_Creation_ou_Recherche_Dossier'

13-02-2025T14:14:05 - [TEST_CASE][PASSED] - Test Cases/Test Reutilisable/Main/ANEF_Eloignement_V_Nawres/ANEF_Creation_ou_Recherche_Dossier: Test Cases/Test Reutilisable/Main/ANEF_Eloignement_V_Nawres/ANEF_Creation_ou_Recherche_Dossier

13-02-2025T14:14:06 - [TEST_STEP][PASSED] - click(findTestObject("Object Repository/ANEF_Eloignement_V_Nawres/Page_Accueil_Principale/btn_ANEF_Eloignement")): Object: 'Object Repository/ANEF_Eloignement_V_Nawres/Page_Accueil_Principale/btn_ANEF_Eloignement' is clicked on

13-02-2025T14:14:06 - [MESSAGE][INFO] - Finding Test Object 'Object Repository/ANEF_Eloignement_V_Nawres/Page_Accueil_Principale/btn_ANEF_Eloignement'

13-02-2025T14:14:06 - [MESSAGE][INFO] - Checking timeout

13-02-2025T14:14:06 - [MESSAGE][INFO] - Finding web element with id: 'Object Repository/ANEF_Eloignement_V_Nawres/Page_Accueil_Principale/btn_ANEF_Eloignement' located by 'By.xpath: //span[contains(text()," ANEF Ã©loignement ")]' in '20' second(s)

13-02-2025T14:14:06 - [MESSAGE][INFO] - Found 1 web elements with id: 'Object Repository/ANEF_Eloignement_V_Nawres/Page_Accueil_Principale/btn_ANEF_Eloignement' located by 'By.xpath: //span[contains(text()," ANEF Ã©loignement ")]' in '20' second(s)

13-02-2025T14:14:06 - [MESSAGE][INFO] - Checking object

13-02-2025T14:14:06 - [MESSAGE][INFO] - Checking timeout

13-02-2025T14:14:06 - [MESSAGE][INFO] - Finding web element from Test Object's properties

13-02-2025T14:14:06 - [MESSAGE][INFO] - Checking timeout

13-02-2025T14:14:06 - [MESSAGE][INFO] - Finding web element with id: 'Object Repository/ANEF_Eloignement_V_Nawres/Page_Accueil_Principale/btn_ANEF_Eloignement' located by 'By.xpath: //span[contains(text()," ANEF Ã©loignement ")]' in '2' second(s)

13-02-2025T14:14:06 - [MESSAGE][INFO] - Found 1 web elements with id: 'Object Repository/ANEF_Eloignement_V_Nawres/Page_Accueil_Principale/btn_ANEF_Eloignement' located by 'By.xpath: //span[contains(text()," ANEF Ã©loignement ")]' in '2' second(s)

13-02-2025T14:14:06 - [MESSAGE][INFO] - Clicking on object: 'Object Repository/ANEF_Eloignement_V_Nawres/Page_Accueil_Principale/btn_ANEF_Eloignement'

13-02-2025T14:14:10 - [MESSAGE][PASSED] - Object: 'Object Repository/ANEF_Eloignement_V_Nawres/Page_Accueil_Principale/btn_ANEF_Eloignement' is clicked on

13-02-2025T14:14:10 - [TEST_STEP][PASSED] - verifyElementPresent(findTestObject("Object Repository/ANEF_Eloignement_V_Nawres/Page_Creation_ou_Recherche_Dossier/btn_Rechercher_Dossier"), 1, STOP_ON_FAILURE): Object 'Object Repository/ANEF_Eloignement_V_Nawres/Page_Creation_ou_Recherche_Dossier/btn_Rechercher_Dossier' is present

13-02-2025T14:14:10 - [MESSAGE][INFO] - Finding Test Object 'Object Repository/ANEF_Eloignement_V_Nawres/Page_Creation_ou_Recherche_Dossier/btn_Rechercher_Dossier'

13-02-2025T14:14:10 - [MESSAGE][INFO] - Checking object

13-02-2025T14:14:10 - [MESSAGE][INFO] - Finding web element from Test Object's properties

13-02-2025T14:14:10 - [MESSAGE][INFO] - Checking timeout

13-02-2025T14:14:10 - [MESSAGE][INFO] - Finding web element with id: 'Object Repository/ANEF_Eloignement_V_Nawres/Page_Creation_ou_Recherche_Dossier/btn_Rechercher_Dossier' located by 'By.xpath: //button[@title="Rechercher un dossier"]' in '1' second(s)

13-02-2025T14:14:10 - [MESSAGE][INFO] - Found 1 web elements with id: 'Object Repository/ANEF_Eloignement_V_Nawres/Page_Creation_ou_Recherche_Dossier/btn_Rechercher_Dossier' located by 'By.xpath: //button[@title="Rechercher un dossier"]' in '1' second(s)

13-02-2025T14:14:10 - [MESSAGE][PASSED] - Object 'Object Repository/ANEF_Eloignement_V_Nawres/Page_Creation_ou_Recherche_Dossier/btn_Rechercher_Dossier' is present

13-02-2025T14:14:10 - [TEST_STEP][PASSED] - delay(5): Delayed 5 second(s)

13-02-2025T14:14:10 - [MESSAGE][INFO] - Delaying browser in 5 second(s)

13-02-2025T14:14:15 - [MESSAGE][PASSED] - Delayed 5 second(s)

13-02-2025T14:14:15 - [TEST_STEP][PASSED] - click(findTestObject("Object Repository/ANEF_Eloignement_V_Nawres/Page_Creation_ou_Recherche_Dossier/btn_Rechercher_Dossier")): Object: 'Object Repository/ANEF_Eloignement_V_Nawres/Page_Creation_ou_Recherche_Dossier/btn_Rechercher_Dossier' is clicked on

13-02-2025T14:14:15 - [MESSAGE][INFO] - Finding Test Object 'Object Repository/ANEF_Eloignement_V_Nawres/Page_Creation_ou_Recherche_Dossier/btn_Rechercher_Dossier'

13-02-2025T14:14:15 - [MESSAGE][INFO] - Checking timeout

13-02-2025T14:14:15 - [MESSAGE][INFO] - Finding web element with id: 'Object Repository/ANEF_Eloignement_V_Nawres/Page_Creation_ou_Recherche_Dossier/btn_Rechercher_Dossier' located by 'By.xpath: //button[@title="Rechercher un dossier"]' in '20' second(s)

13-02-2025T14:14:15 - [MESSAGE][INFO] - Found 1 web elements with id: 'Object Repository/ANEF_Eloignement_V_Nawres/Page_Creation_ou_Recherche_Dossier/btn_Rechercher_Dossier' located by 'By.xpath: //button[@title="Rechercher un dossier"]' in '20' second(s)

13-02-2025T14:14:15 - [MESSAGE][INFO] - Checking object

13-02-2025T14:14:15 - [MESSAGE][INFO] - Checking timeout

13-02-2025T14:14:15 - [MESSAGE][INFO] - Finding web element from Test Object's properties

13-02-2025T14:14:15 - [MESSAGE][INFO] - Checking timeout

13-02-2025T14:14:15 - [MESSAGE][INFO] - Finding web element with id: 'Object Repository/ANEF_Eloignement_V_Nawres/Page_Creation_ou_Recherche_Dossier/btn_Rechercher_Dossier' located by 'By.xpath: //button[@title="Rechercher un dossier"]' in '2' second(s)

13-02-2025T14:14:15 - [MESSAGE][INFO] - Found 1 web elements with id: 'Object Repository/ANEF_Eloignement_V_Nawres/Page_Creation_ou_Recherche_Dossier/btn_Rechercher_Dossier' located by 'By.xpath: //button[@title="Rechercher un dossier"]' in '2' second(s)

13-02-2025T14:14:15 - [MESSAGE][INFO] - Clicking on object: 'Object Repository/ANEF_Eloignement_V_Nawres/Page_Creation_ou_Recherche_Dossier/btn_Rechercher_Dossier'

13-02-2025T14:14:16 - [MESSAGE][PASSED] - Object: 'Object Repository/ANEF_Eloignement_V_Nawres/Page_Creation_ou_Recherche_Dossier/btn_Rechercher_Dossier' is clicked on

13-02-2025T14:14:16 - [TEST_STEP][PASSED] - if (CreationOuRecherche == "Creation"): null

13-02-2025T14:14:16 - [TEST_STEP][PASSED] - if (CreationOuRecherche == "Recherche"): Object: 'Object Repository/ANEF_Eloignement_V_Nawres/Page_Creation_ou_Recherche_Dossier/btn_Choisir_Dossier_Etranger' is clicked on

13-02-2025T14:14:16 - [TEST_STEP][PASSED] - setText(findTestObject("Object Repository/ANEF_Eloignement_V_Nawres/Page_Creation_ou_Recherche_Dossier/Input_Numero_etranger"), NumeroEtranger, STOP_ON_FAILURE): Text '7503181980' is set on object 'Object Repository/ANEF_Eloignement_V_Nawres/Page_Creation_ou_Recherche_Dossier/Input_Numero_etranger'

13-02-2025T14:14:16 - [MESSAGE][INFO] - Finding Test Object 'Object Repository/ANEF_Eloignement_V_Nawres/Page_Creation_ou_Recherche_Dossier/Input_Numero_etranger'

13-02-2025T14:14:16 - [MESSAGE][INFO] - Checking timeout

13-02-2025T14:14:16 - [MESSAGE][INFO] - Finding web element with id: 'Object Repository/ANEF_Eloignement_V_Nawres/Page_Creation_ou_Recherche_Dossier/Input_Numero_etranger' located by 'By.xpath: //app-identite-declaree-search-box//div/app-dsfr-input/div/input[@id="identifiant_agdref"]|//app-search-box//div/app-dsfr-input/div/input[@id="identifiant_agdref"]' in '20' second(s)

13-02-2025T14:14:16 - [MESSAGE][INFO] - Found 1 web elements with id: 'Object Repository/ANEF_Eloignement_V_Nawres/Page_Creation_ou_Recherche_Dossier/Input_Numero_etranger' located by 'By.xpath: //app-identite-declaree-search-box//div/app-dsfr-input/div/input[@id="identifiant_agdref"]|//app-search-box//div/app-dsfr-input/div/input[@id="identifiant_agdref"]' in '20' second(s)

13-02-2025T14:14:16 - [MESSAGE][INFO] - Checking object

13-02-2025T14:14:16 - [MESSAGE][INFO] - Checking text

13-02-2025T14:14:16 - [MESSAGE][INFO] - Finding web element from Test Object's properties

13-02-2025T14:14:16 - [MESSAGE][INFO] - Checking timeout

13-02-2025T14:14:16 - [MESSAGE][INFO] - Finding web element with id: 'Object Repository/ANEF_Eloignement_V_Nawres/Page_Creation_ou_Recherche_Dossier/Input_Numero_etranger' located by 'By.xpath: //app-identite-declaree-search-box//div/app-dsfr-input/div/input[@id="identifiant_agdref"]|//app-search-box//div/app-dsfr-input/div/input[@id="identifiant_agdref"]' in '2' second(s)

13-02-2025T14:14:16 - [MESSAGE][INFO] - Found 1 web elements with id: 'Object Repository/ANEF_Eloignement_V_Nawres/Page_Creation_ou_Recherche_Dossier/Input_Numero_etranger' located by 'By.xpath: //app-identite-declaree-search-box//div/app-dsfr-input/div/input[@id="identifiant_agdref"]|//app-search-box//div/app-dsfr-input/div/input[@id="identifiant_agdref"]' in '2' second(s)

13-02-2025T14:14:16 - [MESSAGE][INFO] - Clearing text of object 'Object Repository/ANEF_Eloignement_V_Nawres/Page_Creation_ou_Recherche_Dossier/Input_Numero_etranger'

13-02-2025T14:14:17 - [MESSAGE][INFO] - Finding web element from Test Object's properties

13-02-2025T14:14:17 - [MESSAGE][INFO] - Checking timeout

13-02-2025T14:14:17 - [MESSAGE][INFO] - Finding web element with id: 'Object Repository/ANEF_Eloignement_V_Nawres/Page_Creation_ou_Recherche_Dossier/Input_Numero_etranger' located by 'By.xpath: //app-identite-declaree-search-box//div/app-dsfr-input/div/input[@id="identifiant_agdref"]|//app-search-box//div/app-dsfr-input/div/input[@id="identifiant_agdref"]' in '2' second(s)

13-02-2025T14:14:17 - [MESSAGE][INFO] - Found 1 web elements with id: 'Object Repository/ANEF_Eloignement_V_Nawres/Page_Creation_ou_Recherche_Dossier/Input_Numero_etranger' located by 'By.xpath: //app-identite-declaree-search-box//div/app-dsfr-input/div/input[@id="identifiant_agdref"]|//app-search-box//div/app-dsfr-input/div/input[@id="identifiant_agdref"]' in '2' second(s)

13-02-2025T14:14:17 - [MESSAGE][INFO] - Setting text of object 'Object Repository/ANEF_Eloignement_V_Nawres/Page_Creation_ou_Recherche_Dossier/Input_Numero_etranger' to value '7503181980'

13-02-2025T14:14:19 - [MESSAGE][PASSED] - Text '7503181980' is set on object 'Object Repository/ANEF_Eloignement_V_Nawres/Page_Creation_ou_Recherche_Dossier/Input_Numero_etranger'

13-02-2025T14:14:19 - [TEST_STEP][PASSED] - click(findTestObject("Object Repository/ANEF_Eloignement_V_Nawres/Page_Creation_ou_Recherche_Dossier/Input_Numero_etranger"), STOP_ON_FAILURE): Object: 'Object Repository/ANEF_Eloignement_V_Nawres/Page_Creation_ou_Recherche_Dossier/Input_Numero_etranger' is clicked on

13-02-2025T14:14:19 - [MESSAGE][INFO] - Finding Test Object 'Object Repository/ANEF_Eloignement_V_Nawres/Page_Creation_ou_Recherche_Dossier/Input_Numero_etranger'

13-02-2025T14:14:19 - [MESSAGE][INFO] - Checking timeout

13-02-2025T14:14:19 - [MESSAGE][INFO] - Finding web element with id: 'Object Repository/ANEF_Eloignement_V_Nawres/Page_Creation_ou_Recherche_Dossier/Input_Numero_etranger' located by 'By.xpath: //app-identite-declaree-search-box//div/app-dsfr-input/div/input[@id="identifiant_agdref"]|//app-search-box//div/app-dsfr-input/div/input[@id="identifiant_agdref"]' in '20' second(s)

13-02-2025T14:14:19 - [MESSAGE][INFO] - Found 1 web elements with id: 'Object Repository/ANEF_Eloignement_V_Nawres/Page_Creation_ou_Recherche_Dossier/Input_Numero_etranger' located by 'By.xpath: //app-identite-declaree-search-box//div/app-dsfr-input/div/input[@id="identifiant_agdref"]|//app-search-box//div/app-dsfr-input/div/input[@id="identifiant_agdref"]' in '20' second(s)

13-02-2025T14:14:19 - [MESSAGE][INFO] - Checking object

13-02-2025T14:14:19 - [MESSAGE][INFO] - Checking timeout

13-02-2025T14:14:19 - [MESSAGE][INFO] - Finding web element from Test Object's properties

13-02-2025T14:14:19 - [MESSAGE][INFO] - Checking timeout

13-02-2025T14:14:19 - [MESSAGE][INFO] - Finding web element with id: 'Object Repository/ANEF_Eloignement_V_Nawres/Page_Creation_ou_Recherche_Dossier/Input_Numero_etranger' located by 'By.xpath: //app-identite-declaree-search-box//div/app-dsfr-input/div/input[@id="identifiant_agdref"]|//app-search-box//div/app-dsfr-input/div/input[@id="identifiant_agdref"]' in '2' second(s)

13-02-2025T14:14:19 - [MESSAGE][INFO] - Found 1 web elements with id: 'Object Repository/ANEF_Eloignement_V_Nawres/Page_Creation_ou_Recherche_Dossier/Input_Numero_etranger' located by 'By.xpath: //app-identite-declaree-search-box//div/app-dsfr-input/div/input[@id="identifiant_agdref"]|//app-search-box//div/app-dsfr-input/div/input[@id="identifiant_agdref"]' in '2' second(s)

13-02-2025T14:14:19 - [MESSAGE][INFO] - Clicking on object: 'Object Repository/ANEF_Eloignement_V_Nawres/Page_Creation_ou_Recherche_Dossier/Input_Numero_etranger'

13-02-2025T14:14:20 - [MESSAGE][PASSED] - Object: 'Object Repository/ANEF_Eloignement_V_Nawres/Page_Creation_ou_Recherche_Dossier/Input_Numero_etranger' is clicked on

13-02-2025T14:14:20 - [TEST_STEP][PASSED] - scrollToElement(findTestObject("Object Repository/ANEF_Eloignement_V_Nawres/Page_Creation_ou_Recherche_Dossier/btn_Lancer_La_Recherche"), 5, STOP_ON_FAILURE): Scroll to object 'Object Repository/ANEF_Eloignement_V_Nawres/Page_Creation_ou_Recherche_Dossier/btn_Lancer_La_Recherche' successfully

13-02-2025T14:14:20 - [MESSAGE][INFO] - Finding Test Object 'Object Repository/ANEF_Eloignement_V_Nawres/Page_Creation_ou_Recherche_Dossier/btn_Lancer_La_Recherche'

13-02-2025T14:14:20 - [MESSAGE][INFO] - Checking object

13-02-2025T14:14:20 - [MESSAGE][INFO] - Checking timeout

13-02-2025T14:14:20 - [MESSAGE][INFO] - Finding web element from Test Object's properties

13-02-2025T14:14:20 - [MESSAGE][INFO] - Checking timeout

13-02-2025T14:14:20 - [MESSAGE][INFO] - Finding web element with id: 'Object Repository/ANEF_Eloignement_V_Nawres/Page_Creation_ou_Recherche_Dossier/btn_Lancer_La_Recherche' located by 'By.xpath: //button[contains(text(),"Lancer la recherche ")]' in '2' second(s)

13-02-2025T14:14:20 - [MESSAGE][INFO] - Found 1 web elements with id: 'Object Repository/ANEF_Eloignement_V_Nawres/Page_Creation_ou_Recherche_Dossier/btn_Lancer_La_Recherche' located by 'By.xpath: //button[contains(text(),"Lancer la recherche ")]' in '2' second(s)

13-02-2025T14:14:20 - [MESSAGE][INFO] - Scrolling to object 'Object Repository/ANEF_Eloignement_V_Nawres/Page_Creation_ou_Recherche_Dossier/btn_Lancer_La_Recherche'

13-02-2025T14:14:20 - [MESSAGE][PASSED] - Scroll to object 'Object Repository/ANEF_Eloignement_V_Nawres/Page_Creation_ou_Recherche_Dossier/btn_Lancer_La_Recherche' successfully

13-02-2025T14:14:20 - [TEST_STEP][PASSED] - click(findTestObject("Object Repository/ANEF_Eloignement_V_Nawres/Page_Creation_ou_Recherche_Dossier/btn_Lancer_La_Recherche"), STOP_ON_FAILURE): Object: 'Object Repository/ANEF_Eloignement_V_Nawres/Page_Creation_ou_Recherche_Dossier/btn_Lancer_La_Recherche' is clicked on

13-02-2025T14:14:20 - [MESSAGE][INFO] - Finding Test Object 'Object Repository/ANEF_Eloignement_V_Nawres/Page_Creation_ou_Recherche_Dossier/btn_Lancer_La_Recherche'

13-02-2025T14:14:20 - [MESSAGE][INFO] - Checking timeout

13-02-2025T14:14:20 - [MESSAGE][INFO] - Finding web element with id: 'Object Repository/ANEF_Eloignement_V_Nawres/Page_Creation_ou_Recherche_Dossier/btn_Lancer_La_Recherche' located by 'By.xpath: //button[contains(text(),"Lancer la recherche ")]' in '20' second(s)

13-02-2025T14:14:20 - [MESSAGE][INFO] - Found 1 web elements with id: 'Object Repository/ANEF_Eloignement_V_Nawres/Page_Creation_ou_Recherche_Dossier/btn_Lancer_La_Recherche' located by 'By.xpath: //button[contains(text(),"Lancer la recherche ")]' in '20' second(s)

13-02-2025T14:14:20 - [MESSAGE][INFO] - Checking object

13-02-2025T14:14:20 - [MESSAGE][INFO] - Checking timeout

13-02-2025T14:14:20 - [MESSAGE][INFO] - Finding web element from Test Object's properties

13-02-2025T14:14:20 - [MESSAGE][INFO] - Checking timeout

13-02-2025T14:14:20 - [MESSAGE][INFO] - Finding web element with id: 'Object Repository/ANEF_Eloignement_V_Nawres/Page_Creation_ou_Recherche_Dossier/btn_Lancer_La_Recherche' located by 'By.xpath: //button[contains(text(),"Lancer la recherche ")]' in '2' second(s)

13-02-2025T14:14:20 - [MESSAGE][INFO] - Found 1 web elements with id: 'Object Repository/ANEF_Eloignement_V_Nawres/Page_Creation_ou_Recherche_Dossier/btn_Lancer_La_Recherche' located by 'By.xpath: //button[contains(text(),"Lancer la recherche ")]' in '2' second(s)

13-02-2025T14:14:20 - [MESSAGE][INFO] - Clicking on object: 'Object Repository/ANEF_Eloignement_V_Nawres/Page_Creation_ou_Recherche_Dossier/btn_Lancer_La_Recherche'

13-02-2025T14:14:21 - [MESSAGE][PASSED] - Object: 'Object Repository/ANEF_Eloignement_V_Nawres/Page_Creation_ou_Recherche_Dossier/btn_Lancer_La_Recherche' is clicked on

13-02-2025T14:14:21 - [TEST_STEP][PASSED] - delay(5): Delayed 5 second(s)

13-02-2025T14:14:21 - [MESSAGE][INFO] - Delaying browser in 5 second(s)

13-02-2025T14:14:26 - [MESSAGE][PASSED] - Delayed 5 second(s)

13-02-2025T14:14:26 - [TEST_STEP][PASSED] - scrollToElement(findTestObject("Object Repository/ANEF_Eloignement_V_Nawres/Page_Creation_ou_Recherche_Dossier/btn_Radio_Selectionner_Dossier"), 5, STOP_ON_FAILURE): Scroll to object 'Object Repository/ANEF_Eloignement_V_Nawres/Page_Creation_ou_Recherche_Dossier/btn_Radio_Selectionner_Dossier' successfully

13-02-2025T14:14:26 - [MESSAGE][INFO] - Finding Test Object 'Object Repository/ANEF_Eloignement_V_Nawres/Page_Creation_ou_Recherche_Dossier/btn_Radio_Selectionner_Dossier'

13-02-2025T14:14:26 - [MESSAGE][INFO] - Checking object

13-02-2025T14:14:26 - [MESSAGE][INFO] - Checking timeout

13-02-2025T14:14:26 - [MESSAGE][INFO] - Finding web element from Test Object's properties

13-02-2025T14:14:26 - [MESSAGE][INFO] - Checking timeout

13-02-2025T14:14:26 - [MESSAGE][INFO] - Finding web element with id: 'Object Repository/ANEF_Eloignement_V_Nawres/Page_Creation_ou_Recherche_Dossier/btn_Radio_Selectionner_Dossier' located by 'By.xpath: //app-search-etranger/app-search-result-etranger//table/tbody/tr//label' in '2' second(s)

13-02-2025T14:14:26 - [MESSAGE][INFO] - Found 1 web elements with id: 'Object Repository/ANEF_Eloignement_V_Nawres/Page_Creation_ou_Recherche_Dossier/btn_Radio_Selectionner_Dossier' located by 'By.xpath: //app-search-etranger/app-search-result-etranger//table/tbody/tr//label' in '2' second(s)

13-02-2025T14:14:26 - [MESSAGE][INFO] - Scrolling to object 'Object Repository/ANEF_Eloignement_V_Nawres/Page_Creation_ou_Recherche_Dossier/btn_Radio_Selectionner_Dossier'

13-02-2025T14:14:26 - [MESSAGE][PASSED] - Scroll to object 'Object Repository/ANEF_Eloignement_V_Nawres/Page_Creation_ou_Recherche_Dossier/btn_Radio_Selectionner_Dossier' successfully

13-02-2025T14:14:26 - [TEST_STEP][PASSED] - click(findTestObject("Object Repository/ANEF_Eloignement_V_Nawres/Page_Creation_ou_Recherche_Dossier/btn_Radio_Selectionner_Dossier"), STOP_ON_FAILURE): Object: 'Object Repository/ANEF_Eloignement_V_Nawres/Page_Creation_ou_Recherche_Dossier/btn_Radio_Selectionner_Dossier' is clicked on

13-02-2025T14:14:26 - [MESSAGE][INFO] - Finding Test Object 'Object Repository/ANEF_Eloignement_V_Nawres/Page_Creation_ou_Recherche_Dossier/btn_Radio_Selectionner_Dossier'

13-02-2025T14:14:26 - [MESSAGE][INFO] - Checking timeout

13-02-2025T14:14:26 - [MESSAGE][INFO] - Finding web element with id: 'Object Repository/ANEF_Eloignement_V_Nawres/Page_Creation_ou_Recherche_Dossier/btn_Radio_Selectionner_Dossier' located by 'By.xpath: //app-search-etranger/app-search-result-etranger//table/tbody/tr//label' in '20' second(s)

13-02-2025T14:14:26 - [MESSAGE][INFO] - Found 1 web elements with id: 'Object Repository/ANEF_Eloignement_V_Nawres/Page_Creation_ou_Recherche_Dossier/btn_Radio_Selectionner_Dossier' located by 'By.xpath: //app-search-etranger/app-search-result-etranger//table/tbody/tr//label' in '20' second(s)

13-02-2025T14:14:26 - [MESSAGE][INFO] - Checking object

13-02-2025T14:14:26 - [MESSAGE][INFO] - Checking timeout

13-02-2025T14:14:26 - [MESSAGE][INFO] - Finding web element from Test Object's properties

13-02-2025T14:14:26 - [MESSAGE][INFO] - Checking timeout

13-02-2025T14:14:26 - [MESSAGE][INFO] - Finding web element with id: 'Object Repository/ANEF_Eloignement_V_Nawres/Page_Creation_ou_Recherche_Dossier/btn_Radio_Selectionner_Dossier' located by 'By.xpath: //app-search-etranger/app-search-result-etranger//table/tbody/tr//label' in '2' second(s)

13-02-2025T14:14:26 - [MESSAGE][INFO] - Found 1 web elements with id: 'Object Repository/ANEF_Eloignement_V_Nawres/Page_Creation_ou_Recherche_Dossier/btn_Radio_Selectionner_Dossier' located by 'By.xpath: //app-search-etranger/app-search-result-etranger//table/tbody/tr//label' in '2' second(s)

13-02-2025T14:14:26 - [MESSAGE][INFO] - Clicking on object: 'Object Repository/ANEF_Eloignement_V_Nawres/Page_Creation_ou_Recherche_Dossier/btn_Radio_Selectionner_Dossier'

13-02-2025T14:14:28 - [MESSAGE][PASSED] - Object: 'Object Repository/ANEF_Eloignement_V_Nawres/Page_Creation_ou_Recherche_Dossier/btn_Radio_Selectionner_Dossier' is clicked on

13-02-2025T14:14:28 - [TEST_STEP][PASSED] - click(findTestObject("Object Repository/ANEF_Eloignement_V_Nawres/Page_Creation_ou_Recherche_Dossier/btn_Choisir_Dossier_Etranger"), STOP_ON_FAILURE): Object: 'Object Repository/ANEF_Eloignement_V_Nawres/Page_Creation_ou_Recherche_Dossier/btn_Choisir_Dossier_Etranger' is clicked on

13-02-2025T14:14:28 - [MESSAGE][INFO] - Finding Test Object 'Object Repository/ANEF_Eloignement_V_Nawres/Page_Creation_ou_Recherche_Dossier/btn_Choisir_Dossier_Etranger'

13-02-2025T14:14:28 - [MESSAGE][INFO] - Checking timeout

13-02-2025T14:14:28 - [MESSAGE][INFO] - Finding web element with id: 'Object Repository/ANEF_Eloignement_V_Nawres/Page_Creation_ou_Recherche_Dossier/btn_Choisir_Dossier_Etranger' located by 'By.xpath: //button[contains(text(),"Choisir un dossier Ã©tranger")]' in '20' second(s)

13-02-2025T14:14:28 - [MESSAGE][INFO] - Found 1 web elements with id: 'Object Repository/ANEF_Eloignement_V_Nawres/Page_Creation_ou_Recherche_Dossier/btn_Choisir_Dossier_Etranger' located by 'By.xpath: //button[contains(text(),"Choisir un dossier Ã©tranger")]' in '20' second(s)

13-02-2025T14:14:28 - [MESSAGE][INFO] - Checking object

13-02-2025T14:14:28 - [MESSAGE][INFO] - Checking timeout

13-02-2025T14:14:28 - [MESSAGE][INFO] - Finding web element from Test Object's properties

13-02-2025T14:14:28 - [MESSAGE][INFO] - Checking timeout

13-02-2025T14:14:28 - [MESSAGE][INFO] - Finding web element with id: 'Object Repository/ANEF_Eloignement_V_Nawres/Page_Creation_ou_Recherche_Dossier/btn_Choisir_Dossier_Etranger' located by 'By.xpath: //button[contains(text(),"Choisir un dossier Ã©tranger")]' in '2' second(s)

13-02-2025T14:14:28 - [MESSAGE][INFO] - Found 1 web elements with id: 'Object Repository/ANEF_Eloignement_V_Nawres/Page_Creation_ou_Recherche_Dossier/btn_Choisir_Dossier_Etranger' located by 'By.xpath: //button[contains(text(),"Choisir un dossier Ã©tranger")]' in '2' second(s)

13-02-2025T14:14:28 - [MESSAGE][INFO] - Clicking on object: 'Object Repository/ANEF_Eloignement_V_Nawres/Page_Creation_ou_Recherche_Dossier/btn_Choisir_Dossier_Etranger'

13-02-2025T14:14:29 - [MESSAGE][PASSED] - Object: 'Object Repository/ANEF_Eloignement_V_Nawres/Page_Creation_ou_Recherche_Dossier/btn_Choisir_Dossier_Etranger' is clicked on

13-02-2025T14:14:29 - [MESSAGE][PASSED] - Call Test Case 'Test Cases/Test Reutilisable/Main/ANEF_Eloignement_V_Nawres/ANEF_Creation_ou_Recherche_Dossier' successfully

13-02-2025T14:14:29 - [TEST_STEP][PASSED] - if (CreationOuRecherche == "Creation"): null

13-02-2025T14:14:29 - [TEST_STEP][PASSED] - println(NumeroEtranger): null

13-02-2025T14:14:29 - [TEST_STEP][PASSED] - callTestCase(findTestCase("Test Cases/Test Reutilisable/Main/ANEF_Eloignement_V_Nawres/ANEF_Prendre_Mesure"), ["Mesure":Mesure, "FondementLegal":FondementLegal, "NatureDeLacteExpulsion":NatureDeLacteExpulsion, "NatureDeLacteExpulsion":NatureDeLacteExpulsion, ... ], STOP_ON_FAILURE): Call Test Case 'Test Cases/Test Reutilisable/Main/ANEF_Eloignement_V_Nawres/ANEF_Prendre_Mesure' successfully

13-02-2025T14:14:29 - [MESSAGE][INFO] - Checking called Test Case

13-02-2025T14:14:29 - [MESSAGE][INFO] - Starting to call Test Case 'Test Cases/Test Reutilisable/Main/ANEF_Eloignement_V_Nawres/ANEF_Prendre_Mesure'

13-02-2025T14:14:29 - [TEST_CASE][PASSED] - Test Cases/Test Reutilisable/Main/ANEF_Eloignement_V_Nawres/ANEF_Prendre_Mesure: Test Cases/Test Reutilisable/Main/ANEF_Eloignement_V_Nawres/ANEF_Prendre_Mesure

13-02-2025T14:14:30 - [TEST_STEP][PASSED] - click(findTestObject("Object Repository/ANEF_Eloignement_V_Nawres/Page_Prendre_Mesure/btn_Prendre_Mesure"), STOP_ON_FAILURE): Object: 'Object Repository/ANEF_Eloignement_V_Nawres/Page_Prendre_Mesure/btn_Prendre_Mesure' is clicked on

13-02-2025T14:14:30 - [MESSAGE][INFO] - Finding Test Object 'Object Repository/ANEF_Eloignement_V_Nawres/Page_Prendre_Mesure/btn_Prendre_Mesure'

13-02-2025T14:14:30 - [MESSAGE][INFO] - Checking timeout

13-02-2025T14:14:30 - [MESSAGE][INFO] - Finding web element with id: 'Object Repository/ANEF_Eloignement_V_Nawres/Page_Prendre_Mesure/btn_Prendre_Mesure' located by 'By.xpath: //button[@title="Prendre une Mesure"]' in '20' second(s)

13-02-2025T14:14:31 - [MESSAGE][INFO] - Found 1 web elements with id: 'Object Repository/ANEF_Eloignement_V_Nawres/Page_Prendre_Mesure/btn_Prendre_Mesure' located by 'By.xpath: //button[@title="Prendre une Mesure"]' in '20' second(s)

13-02-2025T14:14:31 - [MESSAGE][INFO] - Checking object

13-02-2025T14:14:31 - [MESSAGE][INFO] - Checking timeout

13-02-2025T14:14:31 - [MESSAGE][INFO] - Finding web element from Test Object's properties

13-02-2025T14:14:31 - [MESSAGE][INFO] - Checking timeout

13-02-2025T14:14:31 - [MESSAGE][INFO] - Finding web element with id: 'Object Repository/ANEF_Eloignement_V_Nawres/Page_Prendre_Mesure/btn_Prendre_Mesure' located by 'By.xpath: //button[@title="Prendre une Mesure"]' in '2' second(s)

13-02-2025T14:14:31 - [MESSAGE][INFO] - Found 1 web elements with id: 'Object Repository/ANEF_Eloignement_V_Nawres/Page_Prendre_Mesure/btn_Prendre_Mesure' located by 'By.xpath: //button[@title="Prendre une Mesure"]' in '2' second(s)

13-02-2025T14:14:31 - [MESSAGE][INFO] - Clicking on object: 'Object Repository/ANEF_Eloignement_V_Nawres/Page_Prendre_Mesure/btn_Prendre_Mesure'

13-02-2025T14:14:32 - [MESSAGE][PASSED] - Object: 'Object Repository/ANEF_Eloignement_V_Nawres/Page_Prendre_Mesure/btn_Prendre_Mesure' is clicked on

13-02-2025T14:14:32 - [TEST_STEP][PASSED] - switch (Mesure): null

13-02-2025T14:14:32 - [TEST_STEP][PASSED] - case "ExecutionFicheSIS":: null

13-02-2025T14:14:32 - [TEST_STEP][PASSED] - selectOptionByLabel(findTestObject("Object Repository/ANEF_Eloignement_V_Nawres/Page_Prendre_Mesure/select_Type_Mesure"), "ExÃ©cution fiche SIS L.615-1", false, STOP_ON_FAILURE): All options with label 'ExÃ©cution fiche SIS L.615-1' are selected in object 'Object Repository/ANEF_Eloignement_V_Nawres/Page_Prendre_Mesure/select_Type_Mesure' 

13-02-2025T14:14:32 - [MESSAGE][INFO] - Finding Test Object 'Object Repository/ANEF_Eloignement_V_Nawres/Page_Prendre_Mesure/select_Type_Mesure'

13-02-2025T14:14:32 - [MESSAGE][INFO] - Checking timeout

13-02-2025T14:14:32 - [MESSAGE][INFO] - Finding web element with id: 'Object Repository/ANEF_Eloignement_V_Nawres/Page_Prendre_Mesure/select_Type_Mesure' located by 'By.xpath: //select[@id="typeMesure"]' in '20' second(s)

13-02-2025T14:14:32 - [MESSAGE][INFO] - Found 1 web elements with id: 'Object Repository/ANEF_Eloignement_V_Nawres/Page_Prendre_Mesure/select_Type_Mesure' located by 'By.xpath: //select[@id="typeMesure"]' in '20' second(s)

13-02-2025T14:14:32 - [MESSAGE][INFO] - Checking object

13-02-2025T14:14:32 - [MESSAGE][INFO] - Checking label parameter

13-02-2025T14:14:32 - [MESSAGE][INFO] - Finding web element from Test Object's properties

13-02-2025T14:14:32 - [MESSAGE][INFO] - Checking timeout

13-02-2025T14:14:32 - [MESSAGE][INFO] - Finding web element with id: 'Object Repository/ANEF_Eloignement_V_Nawres/Page_Prendre_Mesure/select_Type_Mesure' located by 'By.xpath: //select[@id="typeMesure"]' in '2' second(s)

13-02-2025T14:14:32 - [MESSAGE][INFO] - Found 1 web elements with id: 'Object Repository/ANEF_Eloignement_V_Nawres/Page_Prendre_Mesure/select_Type_Mesure' located by 'By.xpath: //select[@id="typeMesure"]' in '2' second(s)

13-02-2025T14:14:32 - [MESSAGE][INFO] - Selecting options on object 'Object Repository/ANEF_Eloignement_V_Nawres/Page_Prendre_Mesure/select_Type_Mesure' with label 'ExÃ©cution fiche SIS L.615-1' 

13-02-2025T14:14:33 - [MESSAGE][PASSED] - All options with label 'ExÃ©cution fiche SIS L.615-1' are selected in object 'Object Repository/ANEF_Eloignement_V_Nawres/Page_Prendre_Mesure/select_Type_Mesure' 

13-02-2025T14:14:33 - [TEST_STEP][PASSED] - click(findTestObject("Object Repository/ANEF_Eloignement_V_Nawres/Page_Prendre_Mesure/btn_Confirmer_Mesure"), STOP_ON_FAILURE): Object: 'Object Repository/ANEF_Eloignement_V_Nawres/Page_Prendre_Mesure/btn_Confirmer_Mesure' is clicked on

13-02-2025T14:14:33 - [MESSAGE][INFO] - Finding Test Object 'Object Repository/ANEF_Eloignement_V_Nawres/Page_Prendre_Mesure/btn_Confirmer_Mesure'

13-02-2025T14:14:33 - [MESSAGE][INFO] - Checking timeout

13-02-2025T14:14:33 - [MESSAGE][INFO] - Finding web element with id: 'Object Repository/ANEF_Eloignement_V_Nawres/Page_Prendre_Mesure/btn_Confirmer_Mesure' located by 'By.xpath: //button[@id="btn-confirme-decision"]' in '20' second(s)

13-02-2025T14:14:33 - [MESSAGE][INFO] - Found 1 web elements with id: 'Object Repository/ANEF_Eloignement_V_Nawres/Page_Prendre_Mesure/btn_Confirmer_Mesure' located by 'By.xpath: //button[@id="btn-confirme-decision"]' in '20' second(s)

13-02-2025T14:14:33 - [MESSAGE][INFO] - Checking object

13-02-2025T14:14:33 - [MESSAGE][INFO] - Checking timeout

13-02-2025T14:14:33 - [MESSAGE][INFO] - Finding web element from Test Object's properties

13-02-2025T14:14:33 - [MESSAGE][INFO] - Checking timeout

13-02-2025T14:14:33 - [MESSAGE][INFO] - Finding web element with id: 'Object Repository/ANEF_Eloignement_V_Nawres/Page_Prendre_Mesure/btn_Confirmer_Mesure' located by 'By.xpath: //button[@id="btn-confirme-decision"]' in '2' second(s)

13-02-2025T14:14:33 - [MESSAGE][INFO] - Found 1 web elements with id: 'Object Repository/ANEF_Eloignement_V_Nawres/Page_Prendre_Mesure/btn_Confirmer_Mesure' located by 'By.xpath: //button[@id="btn-confirme-decision"]' in '2' second(s)

13-02-2025T14:14:33 - [MESSAGE][INFO] - Clicking on object: 'Object Repository/ANEF_Eloignement_V_Nawres/Page_Prendre_Mesure/btn_Confirmer_Mesure'

13-02-2025T14:14:34 - [MESSAGE][PASSED] - Object: 'Object Repository/ANEF_Eloignement_V_Nawres/Page_Prendre_Mesure/btn_Confirmer_Mesure' is clicked on

13-02-2025T14:14:34 - [TEST_STEP][PASSED] - verifyElementPresent(findTestObject("Object Repository/ANEF_Eloignement_V_Nawres/Page_Prendre_Mesure/btn_Supprimer_Fiche_Mesure"), 2, STOP_ON_FAILURE): Object 'Object Repository/ANEF_Eloignement_V_Nawres/Page_Prendre_Mesure/btn_Supprimer_Fiche_Mesure' is present

13-02-2025T14:14:34 - [MESSAGE][INFO] - Finding Test Object 'Object Repository/ANEF_Eloignement_V_Nawres/Page_Prendre_Mesure/btn_Supprimer_Fiche_Mesure'

13-02-2025T14:14:34 - [MESSAGE][INFO] - Checking object

13-02-2025T14:14:34 - [MESSAGE][INFO] - Finding web element from Test Object's properties

13-02-2025T14:14:34 - [MESSAGE][INFO] - Checking timeout

13-02-2025T14:14:34 - [MESSAGE][INFO] - Finding web element with id: 'Object Repository/ANEF_Eloignement_V_Nawres/Page_Prendre_Mesure/btn_Supprimer_Fiche_Mesure' located by 'By.xpath: //button[@title="Supprimer une Mesure"]' in '2' second(s)

13-02-2025T14:14:35 - [MESSAGE][INFO] - Found 1 web elements with id: 'Object Repository/ANEF_Eloignement_V_Nawres/Page_Prendre_Mesure/btn_Supprimer_Fiche_Mesure' located by 'By.xpath: //button[@title="Supprimer une Mesure"]' in '2' second(s)

13-02-2025T14:14:35 - [MESSAGE][PASSED] - Object 'Object Repository/ANEF_Eloignement_V_Nawres/Page_Prendre_Mesure/btn_Supprimer_Fiche_Mesure' is present

13-02-2025T14:14:35 - [TEST_STEP][PASSED] - break: null

13-02-2025T14:14:35 - [TEST_STEP][PASSED] - callTestCase(findTestCase("Test Cases/Test Reutilisable/Main/ANEF_Eloignement_V_Nawres/ANEF_Prendre_Mesure_Formulaire"), ["Mesure":Mesure, "FondementLegal":FondementLegal, "NatureDeLacteExpulsion":NatureDeLacteExpulsion, "UrgenceAbsolueExpulsion":UrgenceAbsolueExpulsion, ... ], STOP_ON_FAILURE): Call Test Case 'Test Cases/Test Reutilisable/Main/ANEF_Eloignement_V_Nawres/ANEF_Prendre_Mesure_Formulaire' successfully

13-02-2025T14:14:35 - [MESSAGE][INFO] - Checking called Test Case

13-02-2025T14:14:35 - [MESSAGE][INFO] - Starting to call Test Case 'Test Cases/Test Reutilisable/Main/ANEF_Eloignement_V_Nawres/ANEF_Prendre_Mesure_Formulaire'

13-02-2025T14:14:35 - [TEST_CASE][PASSED] - Test Cases/Test Reutilisable/Main/ANEF_Eloignement_V_Nawres/ANEF_Prendre_Mesure_Formulaire: Test Cases/Test Reutilisable/Main/ANEF_Eloignement_V_Nawres/ANEF_Prendre_Mesure_Formulaire

13-02-2025T14:14:38 - [TEST_STEP][PASSED] - calendar = Calendar.getInstance(): null

13-02-2025T14:14:38 - [TEST_STEP][PASSED] - currentDate = calendar.getTime(): null

13-02-2025T14:14:38 - [TEST_STEP][PASSED] - sdf = new java.text.SimpleDateFormat(dd/MM/yyyy): null

13-02-2025T14:14:38 - [TEST_STEP][PASSED] - formattedDate = sdf.format(currentDate): null

13-02-2025T14:14:38 - [TEST_STEP][PASSED] - DateActuelle = formattedDate.toString(): null

13-02-2025T14:14:38 - [TEST_STEP][PASSED] - println(DateActuelle): null

13-02-2025T14:14:38 - [TEST_STEP][PASSED] - if (Mesure != "ITF"): null

13-02-2025T14:14:38 - [TEST_STEP][PASSED] - selectOptionByLabel(findTestObject("Object Repository/ANEF_Eloignement_V_Nawres/Page_Prendre_Mesure_Formulaire/select_Fondement_Legal"), FondementLegal, false, STOP_ON_FAILURE): All options with label 'L.615-1 1Â°' are selected in object 'Object Repository/ANEF_Eloignement_V_Nawres/Page_Prendre_Mesure_Formulaire/select_Fondement_Legal' 

13-02-2025T14:14:38 - [MESSAGE][INFO] - Finding Test Object 'Object Repository/ANEF_Eloignement_V_Nawres/Page_Prendre_Mesure_Formulaire/select_Fondement_Legal'

13-02-2025T14:14:38 - [MESSAGE][INFO] - Checking timeout

13-02-2025T14:14:38 - [MESSAGE][INFO] - Finding web element with id: 'Object Repository/ANEF_Eloignement_V_Nawres/Page_Prendre_Mesure_Formulaire/select_Fondement_Legal' located by 'By.xpath: //select[@id="fondement_legal"]' in '20' second(s)

13-02-2025T14:14:38 - [MESSAGE][INFO] - Found 1 web elements with id: 'Object Repository/ANEF_Eloignement_V_Nawres/Page_Prendre_Mesure_Formulaire/select_Fondement_Legal' located by 'By.xpath: //select[@id="fondement_legal"]' in '20' second(s)

13-02-2025T14:14:38 - [MESSAGE][INFO] - Checking object

13-02-2025T14:14:38 - [MESSAGE][INFO] - Checking label parameter

13-02-2025T14:14:38 - [MESSAGE][INFO] - Finding web element from Test Object's properties

13-02-2025T14:14:38 - [MESSAGE][INFO] - Checking timeout

13-02-2025T14:14:38 - [MESSAGE][INFO] - Finding web element with id: 'Object Repository/ANEF_Eloignement_V_Nawres/Page_Prendre_Mesure_Formulaire/select_Fondement_Legal' located by 'By.xpath: //select[@id="fondement_legal"]' in '2' second(s)

13-02-2025T14:14:38 - [MESSAGE][INFO] - Found 1 web elements with id: 'Object Repository/ANEF_Eloignement_V_Nawres/Page_Prendre_Mesure_Formulaire/select_Fondement_Legal' located by 'By.xpath: //select[@id="fondement_legal"]' in '2' second(s)

13-02-2025T14:14:38 - [MESSAGE][INFO] - Selecting options on object 'Object Repository/ANEF_Eloignement_V_Nawres/Page_Prendre_Mesure_Formulaire/select_Fondement_Legal' with label 'L.615-1 1Â°' 

13-02-2025T14:14:39 - [MESSAGE][PASSED] - All options with label 'L.615-1 1Â°' are selected in object 'Object Repository/ANEF_Eloignement_V_Nawres/Page_Prendre_Mesure_Formulaire/select_Fondement_Legal' 

13-02-2025T14:14:39 - [TEST_STEP][PASSED] - if (Mesure == "Expulsion"): null

13-02-2025T14:14:39 - [TEST_STEP][PASSED] - NumberUsagerRandom = tools.MyStringTools.getRandomNumber(10, 99): tools.MyStringTools.getRandomNumber is PASSED

13-02-2025T14:14:39 - [MESSAGE][PASSED] - tools.MyStringTools.getRandomNumber is PASSED

13-02-2025T14:14:39 - [TEST_STEP][PASSED] - println(NumberUsagerRandom): null

13-02-2025T14:14:39 - [TEST_STEP][PASSED] - RandomNumber = NumberUsagerRandom.toString(): null

13-02-2025T14:14:39 - [TEST_STEP][PASSED] - if (Mesure == "OQTF"): null

13-02-2025T14:14:39 - [TEST_STEP][PASSED] - if (Mesure == "RemiseSchengen"): null

13-02-2025T14:14:39 - [TEST_STEP][PASSED] - RandomNumber = tools.MyStringTools.getRandomNumber(1, 30): tools.MyStringTools.getRandomNumber is PASSED

13-02-2025T14:14:39 - [MESSAGE][PASSED] - tools.MyStringTools.getRandomNumber is PASSED

13-02-2025T14:14:39 - [TEST_STEP][PASSED] - println(RandomNumber): null

13-02-2025T14:14:39 - [TEST_STEP][PASSED] - RandomNumberSelect = RandomNumber.toString(): null

13-02-2025T14:14:39 - [TEST_STEP][PASSED] - if (Mesure == "TransfertDublin"): null

13-02-2025T14:14:39 - [TEST_STEP][PASSED] - if (Mesure == "ExecutionFicheSIS"): Object: 'Object Repository/ANEF_Eloignement_V_Nawres/Page_Prendre_Mesure_Formulaire/btn_Enregistrer' is clicked on

13-02-2025T14:14:39 - [TEST_STEP][PASSED] - click(findTestObject("Object Repository/ANEF_Eloignement_V_Nawres/Page_Prendre_Mesure_Formulaire/btn_Ajouter_Document"), STOP_ON_FAILURE): Object: 'Object Repository/ANEF_Eloignement_V_Nawres/Page_Prendre_Mesure_Formulaire/btn_Ajouter_Document' is clicked on

13-02-2025T14:14:39 - [MESSAGE][INFO] - Finding Test Object 'Object Repository/ANEF_Eloignement_V_Nawres/Page_Prendre_Mesure_Formulaire/btn_Ajouter_Document'

13-02-2025T14:14:39 - [MESSAGE][INFO] - Checking timeout

13-02-2025T14:14:39 - [MESSAGE][INFO] - Finding web element with id: 'Object Repository/ANEF_Eloignement_V_Nawres/Page_Prendre_Mesure_Formulaire/btn_Ajouter_Document' located by 'By.xpath: //section/div/form//app-dsfr-piece-jointe/button' in '20' second(s)

13-02-2025T14:14:39 - [MESSAGE][INFO] - Found 1 web elements with id: 'Object Repository/ANEF_Eloignement_V_Nawres/Page_Prendre_Mesure_Formulaire/btn_Ajouter_Document' located by 'By.xpath: //section/div/form//app-dsfr-piece-jointe/button' in '20' second(s)

13-02-2025T14:14:39 - [MESSAGE][INFO] - Checking object

13-02-2025T14:14:39 - [MESSAGE][INFO] - Checking timeout

13-02-2025T14:14:39 - [MESSAGE][INFO] - Finding web element from Test Object's properties

13-02-2025T14:14:39 - [MESSAGE][INFO] - Checking timeout

13-02-2025T14:14:39 - [MESSAGE][INFO] - Finding web element with id: 'Object Repository/ANEF_Eloignement_V_Nawres/Page_Prendre_Mesure_Formulaire/btn_Ajouter_Document' located by 'By.xpath: //section/div/form//app-dsfr-piece-jointe/button' in '2' second(s)

13-02-2025T14:14:39 - [MESSAGE][INFO] - Found 1 web elements with id: 'Object Repository/ANEF_Eloignement_V_Nawres/Page_Prendre_Mesure_Formulaire/btn_Ajouter_Document' located by 'By.xpath: //section/div/form//app-dsfr-piece-jointe/button' in '2' second(s)

13-02-2025T14:14:39 - [MESSAGE][INFO] - Clicking on object: 'Object Repository/ANEF_Eloignement_V_Nawres/Page_Prendre_Mesure_Formulaire/btn_Ajouter_Document'

13-02-2025T14:14:41 - [MESSAGE][PASSED] - Object: 'Object Repository/ANEF_Eloignement_V_Nawres/Page_Prendre_Mesure_Formulaire/btn_Ajouter_Document' is clicked on

13-02-2025T14:14:41 - [TEST_STEP][PASSED] - selectOptionByIndex(findTestObject("Object Repository/ANEF_Eloignement_V_Nawres/Page_Prendre_Mesure_Formulaire/select_Type_Document"), "1", STOP_ON_FAILURE): All options with index in [1] are selected on object 'Object Repository/ANEF_Eloignement_V_Nawres/Page_Prendre_Mesure_Formulaire/select_Type_Document'

13-02-2025T14:14:41 - [MESSAGE][INFO] - Finding Test Object 'Object Repository/ANEF_Eloignement_V_Nawres/Page_Prendre_Mesure_Formulaire/select_Type_Document'

13-02-2025T14:14:41 - [MESSAGE][INFO] - Checking timeout

13-02-2025T14:14:41 - [MESSAGE][INFO] - Finding web element with id: 'Object Repository/ANEF_Eloignement_V_Nawres/Page_Prendre_Mesure_Formulaire/select_Type_Document' located by 'By.xpath: //select[@name="type"]' in '20' second(s)

13-02-2025T14:14:41 - [MESSAGE][INFO] - Found 1 web elements with id: 'Object Repository/ANEF_Eloignement_V_Nawres/Page_Prendre_Mesure_Formulaire/select_Type_Document' located by 'By.xpath: //select[@name="type"]' in '20' second(s)

13-02-2025T14:14:41 - [MESSAGE][INFO] - Checking object

13-02-2025T14:14:41 - [MESSAGE][INFO] - Checking index range

13-02-2025T14:14:41 - [MESSAGE][INFO] - Converting range parameter '1' to index array

13-02-2025T14:14:41 - [MESSAGE][INFO] - Range parameter '1' is converted to index array [1]

13-02-2025T14:14:41 - [MESSAGE][INFO] - Finding web element from Test Object's properties

13-02-2025T14:14:41 - [MESSAGE][INFO] - Checking timeout

13-02-2025T14:14:41 - [MESSAGE][INFO] - Finding web element with id: 'Object Repository/ANEF_Eloignement_V_Nawres/Page_Prendre_Mesure_Formulaire/select_Type_Document' located by 'By.xpath: //select[@name="type"]' in '2' second(s)

13-02-2025T14:14:41 - [MESSAGE][INFO] - Found 1 web elements with id: 'Object Repository/ANEF_Eloignement_V_Nawres/Page_Prendre_Mesure_Formulaire/select_Type_Document' located by 'By.xpath: //select[@name="type"]' in '2' second(s)

13-02-2025T14:14:41 - [MESSAGE][INFO] - Checking index parameters

13-02-2025T14:14:41 - [MESSAGE][INFO] - Selecting options on object 'Object Repository/ANEF_Eloignement_V_Nawres/Page_Prendre_Mesure_Formulaire/select_Type_Document' with index in [1]

13-02-2025T14:14:42 - [MESSAGE][INFO] - Option with index 1 is selected

13-02-2025T14:14:42 - [MESSAGE][PASSED] - All options with index in [1] are selected on object 'Object Repository/ANEF_Eloignement_V_Nawres/Page_Prendre_Mesure_Formulaire/select_Type_Document'

13-02-2025T14:14:42 - [TEST_STEP][PASSED] - filePath = getProjectDir() + "/Data Files/Fichier_Test.pdf": null

13-02-2025T14:14:42 - [TEST_STEP][PASSED] - println(filePath): null

13-02-2025T14:14:42 - [TEST_STEP][PASSED] - uploadFile(findTestObject("Object Repository/ANEF_Eloignement_V_Nawres/Page_Prendre_Mesure_Formulaire/input_Fichier_Fiche_Schengen"), filePath): File 'C:/Users/nbenjemi/Katalon Studio/ANEF-ELOIGNEMENT-20250121/ANEF-ELOIGNEMENT-20250121/Data Files/Fichier_Test.pdf' sent to object: 'Object Repository/ANEF_Eloignement_V_Nawres/Page_Prendre_Mesure_Formulaire/input_Fichier_Fiche_Schengen'

13-02-2025T14:14:42 - [MESSAGE][INFO] - Finding Test Object 'Object Repository/ANEF_Eloignement_V_Nawres/Page_Prendre_Mesure_Formulaire/input_Fichier_Fiche_Schengen'

13-02-2025T14:14:42 - [MESSAGE][INFO] - Checking object

13-02-2025T14:14:42 - [MESSAGE][INFO] - Uploading file 'C:/Users/nbenjemi/Katalon Studio/ANEF-ELOIGNEMENT-20250121/ANEF-ELOIGNEMENT-20250121/Data Files/Fichier_Test.pdf' to object: 'Object Repository/ANEF_Eloignement_V_Nawres/Page_Prendre_Mesure_Formulaire/input_Fichier_Fiche_Schengen'

13-02-2025T14:14:42 - [MESSAGE][INFO] - Finding web element from Test Object's properties

13-02-2025T14:14:42 - [MESSAGE][INFO] - Checking timeout

13-02-2025T14:14:42 - [MESSAGE][INFO] - Finding web element with id: 'Object Repository/ANEF_Eloignement_V_Nawres/Page_Prendre_Mesure_Formulaire/input_Fichier_Fiche_Schengen' located by 'By.xpath: //section/div/form//app-dsfr-piece-jointe//input' in '2' second(s)

13-02-2025T14:14:42 - [MESSAGE][INFO] - Found 1 web elements with id: 'Object Repository/ANEF_Eloignement_V_Nawres/Page_Prendre_Mesure_Formulaire/input_Fichier_Fiche_Schengen' located by 'By.xpath: //section/div/form//app-dsfr-piece-jointe//input' in '2' second(s)

13-02-2025T14:14:43 - [MESSAGE][PASSED] - File 'C:/Users/nbenjemi/Katalon Studio/ANEF-ELOIGNEMENT-20250121/ANEF-ELOIGNEMENT-20250121/Data Files/Fichier_Test.pdf' sent to object: 'Object Repository/ANEF_Eloignement_V_Nawres/Page_Prendre_Mesure_Formulaire/input_Fichier_Fiche_Schengen'

13-02-2025T14:14:43 - [TEST_STEP][PASSED] - click(findTestObject("Object Repository/ANEF_Eloignement_V_Nawres/Page_Prendre_Mesure_Formulaire/btn_Enregistrer"), STOP_ON_FAILURE): Object: 'Object Repository/ANEF_Eloignement_V_Nawres/Page_Prendre_Mesure_Formulaire/btn_Enregistrer' is clicked on

13-02-2025T14:14:43 - [MESSAGE][INFO] - Finding Test Object 'Object Repository/ANEF_Eloignement_V_Nawres/Page_Prendre_Mesure_Formulaire/btn_Enregistrer'

13-02-2025T14:14:43 - [MESSAGE][INFO] - Checking timeout

13-02-2025T14:14:43 - [MESSAGE][INFO] - Finding web element with id: 'Object Repository/ANEF_Eloignement_V_Nawres/Page_Prendre_Mesure_Formulaire/btn_Enregistrer' located by 'By.xpath: //button[contains(text(),"Enregistrer")]' in '20' second(s)

13-02-2025T14:14:43 - [MESSAGE][INFO] - Found 1 web elements with id: 'Object Repository/ANEF_Eloignement_V_Nawres/Page_Prendre_Mesure_Formulaire/btn_Enregistrer' located by 'By.xpath: //button[contains(text(),"Enregistrer")]' in '20' second(s)

13-02-2025T14:14:43 - [MESSAGE][INFO] - Checking object

13-02-2025T14:14:43 - [MESSAGE][INFO] - Checking timeout

13-02-2025T14:14:43 - [MESSAGE][INFO] - Finding web element from Test Object's properties

13-02-2025T14:14:43 - [MESSAGE][INFO] - Checking timeout

13-02-2025T14:14:43 - [MESSAGE][INFO] - Finding web element with id: 'Object Repository/ANEF_Eloignement_V_Nawres/Page_Prendre_Mesure_Formulaire/btn_Enregistrer' located by 'By.xpath: //button[contains(text(),"Enregistrer")]' in '2' second(s)

13-02-2025T14:14:43 - [MESSAGE][INFO] - Found 1 web elements with id: 'Object Repository/ANEF_Eloignement_V_Nawres/Page_Prendre_Mesure_Formulaire/btn_Enregistrer' located by 'By.xpath: //button[contains(text(),"Enregistrer")]' in '2' second(s)

13-02-2025T14:14:43 - [MESSAGE][INFO] - Clicking on object: 'Object Repository/ANEF_Eloignement_V_Nawres/Page_Prendre_Mesure_Formulaire/btn_Enregistrer'

13-02-2025T14:14:44 - [MESSAGE][PASSED] - Object: 'Object Repository/ANEF_Eloignement_V_Nawres/Page_Prendre_Mesure_Formulaire/btn_Enregistrer' is clicked on

13-02-2025T14:14:44 - [TEST_STEP][PASSED] - if (Mesure == "IAT"): null

13-02-2025T14:14:44 - [TEST_STEP][PASSED] - if (Mesure == "ITF"): null

13-02-2025T14:14:44 - [TEST_STEP][PASSED] - click(findTestObject("Object Repository/ANEF_Eloignement_V_Nawres/Page_Prendre_Mesure_Formulaire/btn_Enregistrer"), STOP_ON_FAILURE): Object: 'Object Repository/ANEF_Eloignement_V_Nawres/Page_Prendre_Mesure_Formulaire/btn_Enregistrer' is clicked on

13-02-2025T14:14:44 - [MESSAGE][INFO] - Finding Test Object 'Object Repository/ANEF_Eloignement_V_Nawres/Page_Prendre_Mesure_Formulaire/btn_Enregistrer'

13-02-2025T14:14:44 - [MESSAGE][INFO] - Checking timeout

13-02-2025T14:14:44 - [MESSAGE][INFO] - Finding web element with id: 'Object Repository/ANEF_Eloignement_V_Nawres/Page_Prendre_Mesure_Formulaire/btn_Enregistrer' located by 'By.xpath: //button[contains(text(),"Enregistrer")]' in '20' second(s)

13-02-2025T14:14:44 - [MESSAGE][INFO] - Found 1 web elements with id: 'Object Repository/ANEF_Eloignement_V_Nawres/Page_Prendre_Mesure_Formulaire/btn_Enregistrer' located by 'By.xpath: //button[contains(text(),"Enregistrer")]' in '20' second(s)

13-02-2025T14:14:44 - [MESSAGE][INFO] - Checking object

13-02-2025T14:14:44 - [MESSAGE][INFO] - Checking timeout

13-02-2025T14:14:44 - [MESSAGE][INFO] - Finding web element from Test Object's properties

13-02-2025T14:14:44 - [MESSAGE][INFO] - Checking timeout

13-02-2025T14:14:44 - [MESSAGE][INFO] - Finding web element with id: 'Object Repository/ANEF_Eloignement_V_Nawres/Page_Prendre_Mesure_Formulaire/btn_Enregistrer' located by 'By.xpath: //button[contains(text(),"Enregistrer")]' in '2' second(s)

13-02-2025T14:14:44 - [MESSAGE][INFO] - Found 1 web elements with id: 'Object Repository/ANEF_Eloignement_V_Nawres/Page_Prendre_Mesure_Formulaire/btn_Enregistrer' located by 'By.xpath: //button[contains(text(),"Enregistrer")]' in '2' second(s)

13-02-2025T14:14:44 - [MESSAGE][INFO] - Clicking on object: 'Object Repository/ANEF_Eloignement_V_Nawres/Page_Prendre_Mesure_Formulaire/btn_Enregistrer'

13-02-2025T14:14:46 - [MESSAGE][PASSED] - Object: 'Object Repository/ANEF_Eloignement_V_Nawres/Page_Prendre_Mesure_Formulaire/btn_Enregistrer' is clicked on

13-02-2025T14:14:46 - [MESSAGE][PASSED] - Call Test Case 'Test Cases/Test Reutilisable/Main/ANEF_Eloignement_V_Nawres/ANEF_Prendre_Mesure_Formulaire' successfully

13-02-2025T14:14:46 - [MESSAGE][PASSED] - Call Test Case 'Test Cases/Test Reutilisable/Main/ANEF_Eloignement_V_Nawres/ANEF_Prendre_Mesure' successfully

13-02-2025T14:14:46 - [TEST_STEP][PASSED] - callTestCase(findTestCase("Test Cases/Test Reutilisable/Main/ANEF_Eloignement_V_Nawres/ANEF_Ajouter_Decision"), ["ModeNotification":ModeNotification], STOP_ON_FAILURE): Call Test Case 'Test Cases/Test Reutilisable/Main/ANEF_Eloignement_V_Nawres/ANEF_Ajouter_Decision' successfully

13-02-2025T14:14:46 - [MESSAGE][INFO] - Checking called Test Case

13-02-2025T14:14:46 - [MESSAGE][INFO] - Starting to call Test Case 'Test Cases/Test Reutilisable/Main/ANEF_Eloignement_V_Nawres/ANEF_Ajouter_Decision'

13-02-2025T14:14:46 - [TEST_CASE][PASSED] - Test Cases/Test Reutilisable/Main/ANEF_Eloignement_V_Nawres/ANEF_Ajouter_Decision: Test Cases/Test Reutilisable/Main/ANEF_Eloignement_V_Nawres/ANEF_Ajouter_Decision

13-02-2025T14:14:46 - [TEST_STEP][PASSED] - calendar = Calendar.getInstance(): null

13-02-2025T14:14:46 - [TEST_STEP][PASSED] - currentDate = calendar.getTime(): null

13-02-2025T14:14:46 - [TEST_STEP][PASSED] - sdf = new java.text.SimpleDateFormat(dd/MM/yyyy): null

13-02-2025T14:14:46 - [TEST_STEP][PASSED] - formattedDate = sdf.format(currentDate): null

13-02-2025T14:14:46 - [TEST_STEP][PASSED] - DateActuelle = formattedDate.toString(): null

13-02-2025T14:14:46 - [TEST_STEP][PASSED] - println(DateActuelle): null

13-02-2025T14:14:46 - [TEST_STEP][PASSED] - waitForElementClickable(findTestObject("Object Repository/ANEF_Eloignement_V_Nawres/Page_Ajouter_Decision/btn_Ajouter_Decision"), 20, STOP_ON_FAILURE): Object 'Object Repository/ANEF_Eloignement_V_Nawres/Page_Ajouter_Decision/btn_Ajouter_Decision' is clickable

13-02-2025T14:14:46 - [MESSAGE][INFO] - Finding Test Object 'Object Repository/ANEF_Eloignement_V_Nawres/Page_Ajouter_Decision/btn_Ajouter_Decision'

13-02-2025T14:14:46 - [MESSAGE][INFO] - Checking object

13-02-2025T14:14:46 - [MESSAGE][INFO] - Checking timeout

13-02-2025T14:14:46 - [MESSAGE][INFO] - Finding web element from Test Object's properties

13-02-2025T14:14:46 - [MESSAGE][INFO] - Checking timeout

13-02-2025T14:14:46 - [MESSAGE][INFO] - Finding web element with id: 'Object Repository/ANEF_Eloignement_V_Nawres/Page_Ajouter_Decision/btn_Ajouter_Decision' located by 'By.xpath: //button[contains(text(),"Ajouter une dÃ©cision")]' in '20' second(s)

13-02-2025T14:14:46 - [MESSAGE][INFO] - Found 1 web elements with id: 'Object Repository/ANEF_Eloignement_V_Nawres/Page_Ajouter_Decision/btn_Ajouter_Decision' located by 'By.xpath: //button[contains(text(),"Ajouter une dÃ©cision")]' in '20' second(s)

13-02-2025T14:14:47 - [MESSAGE][PASSED] - Object 'Object Repository/ANEF_Eloignement_V_Nawres/Page_Ajouter_Decision/btn_Ajouter_Decision' is clickable

13-02-2025T14:14:47 - [TEST_STEP][PASSED] - click(findTestObject("Object Repository/ANEF_Eloignement_V_Nawres/Page_Ajouter_Decision/btn_Ajouter_Decision"), STOP_ON_FAILURE): Object: 'Object Repository/ANEF_Eloignement_V_Nawres/Page_Ajouter_Decision/btn_Ajouter_Decision' is clicked on

13-02-2025T14:14:47 - [MESSAGE][INFO] - Finding Test Object 'Object Repository/ANEF_Eloignement_V_Nawres/Page_Ajouter_Decision/btn_Ajouter_Decision'

13-02-2025T14:14:47 - [MESSAGE][INFO] - Checking timeout

13-02-2025T14:14:47 - [MESSAGE][INFO] - Finding web element with id: 'Object Repository/ANEF_Eloignement_V_Nawres/Page_Ajouter_Decision/btn_Ajouter_Decision' located by 'By.xpath: //button[contains(text(),"Ajouter une dÃ©cision")]' in '20' second(s)

13-02-2025T14:14:47 - [MESSAGE][INFO] - Found 1 web elements with id: 'Object Repository/ANEF_Eloignement_V_Nawres/Page_Ajouter_Decision/btn_Ajouter_Decision' located by 'By.xpath: //button[contains(text(),"Ajouter une dÃ©cision")]' in '20' second(s)

13-02-2025T14:14:47 - [MESSAGE][INFO] - Checking object

13-02-2025T14:14:47 - [MESSAGE][INFO] - Checking timeout

13-02-2025T14:14:47 - [MESSAGE][INFO] - Finding web element from Test Object's properties

13-02-2025T14:14:47 - [MESSAGE][INFO] - Checking timeout

13-02-2025T14:14:47 - [MESSAGE][INFO] - Finding web element with id: 'Object Repository/ANEF_Eloignement_V_Nawres/Page_Ajouter_Decision/btn_Ajouter_Decision' located by 'By.xpath: //button[contains(text(),"Ajouter une dÃ©cision")]' in '2' second(s)

13-02-2025T14:14:47 - [MESSAGE][INFO] - Found 1 web elements with id: 'Object Repository/ANEF_Eloignement_V_Nawres/Page_Ajouter_Decision/btn_Ajouter_Decision' located by 'By.xpath: //button[contains(text(),"Ajouter une dÃ©cision")]' in '2' second(s)

13-02-2025T14:14:47 - [MESSAGE][INFO] - Clicking on object: 'Object Repository/ANEF_Eloignement_V_Nawres/Page_Ajouter_Decision/btn_Ajouter_Decision'

13-02-2025T14:14:48 - [MESSAGE][PASSED] - Object: 'Object Repository/ANEF_Eloignement_V_Nawres/Page_Ajouter_Decision/btn_Ajouter_Decision' is clicked on

13-02-2025T14:14:48 - [TEST_STEP][PASSED] - scrollToElement(findTestObject("Object Repository/ANEF_Eloignement_V_Nawres/Page_Ajouter_Decision/btn_Confirmer_Ajout_Decision"), 5, STOP_ON_FAILURE): Scroll to object 'Object Repository/ANEF_Eloignement_V_Nawres/Page_Ajouter_Decision/btn_Confirmer_Ajout_Decision' successfully

13-02-2025T14:14:48 - [MESSAGE][INFO] - Finding Test Object 'Object Repository/ANEF_Eloignement_V_Nawres/Page_Ajouter_Decision/btn_Confirmer_Ajout_Decision'

13-02-2025T14:14:48 - [MESSAGE][INFO] - Checking object

13-02-2025T14:14:48 - [MESSAGE][INFO] - Checking timeout

13-02-2025T14:14:48 - [MESSAGE][INFO] - Finding web element from Test Object's properties

13-02-2025T14:14:48 - [MESSAGE][INFO] - Checking timeout

13-02-2025T14:14:48 - [MESSAGE][INFO] - Finding web element with id: 'Object Repository/ANEF_Eloignement_V_Nawres/Page_Ajouter_Decision/btn_Confirmer_Ajout_Decision' located by 'By.xpath: //button[contains(text()," Confirmer l'ajout")]' in '2' second(s)

13-02-2025T14:14:48 - [MESSAGE][INFO] - Found 1 web elements with id: 'Object Repository/ANEF_Eloignement_V_Nawres/Page_Ajouter_Decision/btn_Confirmer_Ajout_Decision' located by 'By.xpath: //button[contains(text()," Confirmer l'ajout")]' in '2' second(s)

13-02-2025T14:14:48 - [MESSAGE][INFO] - Scrolling to object 'Object Repository/ANEF_Eloignement_V_Nawres/Page_Ajouter_Decision/btn_Confirmer_Ajout_Decision'

13-02-2025T14:14:48 - [MESSAGE][PASSED] - Scroll to object 'Object Repository/ANEF_Eloignement_V_Nawres/Page_Ajouter_Decision/btn_Confirmer_Ajout_Decision' successfully

13-02-2025T14:14:48 - [TEST_STEP][PASSED] - click(findTestObject("Object Repository/ANEF_Eloignement_V_Nawres/Page_Ajouter_Decision/btn_Confirmer_Ajout_Decision"), STOP_ON_FAILURE): Object: 'Object Repository/ANEF_Eloignement_V_Nawres/Page_Ajouter_Decision/btn_Confirmer_Ajout_Decision' is clicked on

13-02-2025T14:14:48 - [MESSAGE][INFO] - Finding Test Object 'Object Repository/ANEF_Eloignement_V_Nawres/Page_Ajouter_Decision/btn_Confirmer_Ajout_Decision'

13-02-2025T14:14:48 - [MESSAGE][INFO] - Checking timeout

13-02-2025T14:14:48 - [MESSAGE][INFO] - Finding web element with id: 'Object Repository/ANEF_Eloignement_V_Nawres/Page_Ajouter_Decision/btn_Confirmer_Ajout_Decision' located by 'By.xpath: //button[contains(text()," Confirmer l'ajout")]' in '20' second(s)

13-02-2025T14:14:48 - [MESSAGE][INFO] - Found 1 web elements with id: 'Object Repository/ANEF_Eloignement_V_Nawres/Page_Ajouter_Decision/btn_Confirmer_Ajout_Decision' located by 'By.xpath: //button[contains(text()," Confirmer l'ajout")]' in '20' second(s)

13-02-2025T14:14:48 - [MESSAGE][INFO] - Checking object

13-02-2025T14:14:48 - [MESSAGE][INFO] - Checking timeout

13-02-2025T14:14:48 - [MESSAGE][INFO] - Finding web element from Test Object's properties

13-02-2025T14:14:48 - [MESSAGE][INFO] - Checking timeout

13-02-2025T14:14:48 - [MESSAGE][INFO] - Finding web element with id: 'Object Repository/ANEF_Eloignement_V_Nawres/Page_Ajouter_Decision/btn_Confirmer_Ajout_Decision' located by 'By.xpath: //button[contains(text()," Confirmer l'ajout")]' in '2' second(s)

13-02-2025T14:14:48 - [MESSAGE][INFO] - Found 1 web elements with id: 'Object Repository/ANEF_Eloignement_V_Nawres/Page_Ajouter_Decision/btn_Confirmer_Ajout_Decision' located by 'By.xpath: //button[contains(text()," Confirmer l'ajout")]' in '2' second(s)

13-02-2025T14:14:48 - [MESSAGE][INFO] - Clicking on object: 'Object Repository/ANEF_Eloignement_V_Nawres/Page_Ajouter_Decision/btn_Confirmer_Ajout_Decision'

13-02-2025T14:14:49 - [MESSAGE][PASSED] - Object: 'Object Repository/ANEF_Eloignement_V_Nawres/Page_Ajouter_Decision/btn_Confirmer_Ajout_Decision' is clicked on

13-02-2025T14:14:49 - [TEST_STEP][PASSED] - waitForElementClickable(findTestObject("Object Repository/ANEF_Eloignement_V_Nawres/Page_Ajouter_Decision/btn_Confirmer_Notification"), 20, STOP_ON_FAILURE): Object 'Object Repository/ANEF_Eloignement_V_Nawres/Page_Ajouter_Decision/btn_Confirmer_Notification' is clickable

13-02-2025T14:14:49 - [MESSAGE][INFO] - Finding Test Object 'Object Repository/ANEF_Eloignement_V_Nawres/Page_Ajouter_Decision/btn_Confirmer_Notification'

13-02-2025T14:14:49 - [MESSAGE][INFO] - Checking object

13-02-2025T14:14:49 - [MESSAGE][INFO] - Checking timeout

13-02-2025T14:14:49 - [MESSAGE][INFO] - Finding web element from Test Object's properties

13-02-2025T14:14:49 - [MESSAGE][INFO] - Checking timeout

13-02-2025T14:14:49 - [MESSAGE][INFO] - Finding web element with id: 'Object Repository/ANEF_Eloignement_V_Nawres/Page_Ajouter_Decision/btn_Confirmer_Notification' located by 'By.xpath: //button[@aria-label="Confirmer la notification"]' in '20' second(s)

13-02-2025T14:14:49 - [MESSAGE][INFO] - Found 1 web elements with id: 'Object Repository/ANEF_Eloignement_V_Nawres/Page_Ajouter_Decision/btn_Confirmer_Notification' located by 'By.xpath: //button[@aria-label="Confirmer la notification"]' in '20' second(s)

13-02-2025T14:14:50 - [MESSAGE][PASSED] - Object 'Object Repository/ANEF_Eloignement_V_Nawres/Page_Ajouter_Decision/btn_Confirmer_Notification' is clickable

13-02-2025T14:14:50 - [TEST_STEP][PASSED] - click(findTestObject("Object Repository/ANEF_Eloignement_V_Nawres/Page_Ajouter_Decision/btn_Confirmer_Notification"), STOP_ON_FAILURE): Object: 'Object Repository/ANEF_Eloignement_V_Nawres/Page_Ajouter_Decision/btn_Confirmer_Notification' is clicked on

13-02-2025T14:14:50 - [MESSAGE][INFO] - Finding Test Object 'Object Repository/ANEF_Eloignement_V_Nawres/Page_Ajouter_Decision/btn_Confirmer_Notification'

13-02-2025T14:14:50 - [MESSAGE][INFO] - Checking timeout

13-02-2025T14:14:50 - [MESSAGE][INFO] - Finding web element with id: 'Object Repository/ANEF_Eloignement_V_Nawres/Page_Ajouter_Decision/btn_Confirmer_Notification' located by 'By.xpath: //button[@aria-label="Confirmer la notification"]' in '20' second(s)

13-02-2025T14:14:50 - [MESSAGE][INFO] - Found 1 web elements with id: 'Object Repository/ANEF_Eloignement_V_Nawres/Page_Ajouter_Decision/btn_Confirmer_Notification' located by 'By.xpath: //button[@aria-label="Confirmer la notification"]' in '20' second(s)

13-02-2025T14:14:50 - [MESSAGE][INFO] - Checking object

13-02-2025T14:14:50 - [MESSAGE][INFO] - Checking timeout

13-02-2025T14:14:50 - [MESSAGE][INFO] - Finding web element from Test Object's properties

13-02-2025T14:14:50 - [MESSAGE][INFO] - Checking timeout

13-02-2025T14:14:50 - [MESSAGE][INFO] - Finding web element with id: 'Object Repository/ANEF_Eloignement_V_Nawres/Page_Ajouter_Decision/btn_Confirmer_Notification' located by 'By.xpath: //button[@aria-label="Confirmer la notification"]' in '2' second(s)

13-02-2025T14:14:50 - [MESSAGE][INFO] - Found 1 web elements with id: 'Object Repository/ANEF_Eloignement_V_Nawres/Page_Ajouter_Decision/btn_Confirmer_Notification' located by 'By.xpath: //button[@aria-label="Confirmer la notification"]' in '2' second(s)

13-02-2025T14:14:50 - [MESSAGE][INFO] - Clicking on object: 'Object Repository/ANEF_Eloignement_V_Nawres/Page_Ajouter_Decision/btn_Confirmer_Notification'

13-02-2025T14:14:51 - [MESSAGE][PASSED] - Object: 'Object Repository/ANEF_Eloignement_V_Nawres/Page_Ajouter_Decision/btn_Confirmer_Notification' is clicked on

13-02-2025T14:14:51 - [TEST_STEP][PASSED] - selectOptionByLabel(findTestObject("Object Repository/ANEF_Eloignement_V_Nawres/Page_Ajouter_Decision/select_Mode_Notification"), ModeNotification, false, STOP_ON_FAILURE): All options with label 'Voie administrative' are selected in object 'Object Repository/ANEF_Eloignement_V_Nawres/Page_Ajouter_Decision/select_Mode_Notification' 

13-02-2025T14:14:51 - [MESSAGE][INFO] - Finding Test Object 'Object Repository/ANEF_Eloignement_V_Nawres/Page_Ajouter_Decision/select_Mode_Notification'

13-02-2025T14:14:51 - [MESSAGE][INFO] - Checking timeout

13-02-2025T14:14:51 - [MESSAGE][INFO] - Finding web element with id: 'Object Repository/ANEF_Eloignement_V_Nawres/Page_Ajouter_Decision/select_Mode_Notification' located by 'By.xpath: //app-notification-modal//form//app-dsfr-select/div/select[@id="mode_notification"]' in '20' second(s)

13-02-2025T14:14:52 - [MESSAGE][INFO] - Found 1 web elements with id: 'Object Repository/ANEF_Eloignement_V_Nawres/Page_Ajouter_Decision/select_Mode_Notification' located by 'By.xpath: //app-notification-modal//form//app-dsfr-select/div/select[@id="mode_notification"]' in '20' second(s)

13-02-2025T14:14:52 - [MESSAGE][INFO] - Checking object

13-02-2025T14:14:52 - [MESSAGE][INFO] - Checking label parameter

13-02-2025T14:14:52 - [MESSAGE][INFO] - Finding web element from Test Object's properties

13-02-2025T14:14:52 - [MESSAGE][INFO] - Checking timeout

13-02-2025T14:14:52 - [MESSAGE][INFO] - Finding web element with id: 'Object Repository/ANEF_Eloignement_V_Nawres/Page_Ajouter_Decision/select_Mode_Notification' located by 'By.xpath: //app-notification-modal//form//app-dsfr-select/div/select[@id="mode_notification"]' in '2' second(s)

13-02-2025T14:14:52 - [MESSAGE][INFO] - Found 1 web elements with id: 'Object Repository/ANEF_Eloignement_V_Nawres/Page_Ajouter_Decision/select_Mode_Notification' located by 'By.xpath: //app-notification-modal//form//app-dsfr-select/div/select[@id="mode_notification"]' in '2' second(s)

13-02-2025T14:14:52 - [MESSAGE][INFO] - Selecting options on object 'Object Repository/ANEF_Eloignement_V_Nawres/Page_Ajouter_Decision/select_Mode_Notification' with label 'Voie administrative' 

13-02-2025T14:14:53 - [MESSAGE][PASSED] - All options with label 'Voie administrative' are selected in object 'Object Repository/ANEF_Eloignement_V_Nawres/Page_Ajouter_Decision/select_Mode_Notification' 

13-02-2025T14:14:53 - [TEST_STEP][PASSED] - setText(findTestObject("Object Repository/ANEF_Eloignement_V_Nawres/Page_Ajouter_Decision/input_Date_Notification"), DateActuelle, STOP_ON_FAILURE): Text '13/02/2025' is set on object 'Object Repository/ANEF_Eloignement_V_Nawres/Page_Ajouter_Decision/input_Date_Notification'

13-02-2025T14:14:53 - [MESSAGE][INFO] - Finding Test Object 'Object Repository/ANEF_Eloignement_V_Nawres/Page_Ajouter_Decision/input_Date_Notification'

13-02-2025T14:14:53 - [MESSAGE][INFO] - Checking timeout

13-02-2025T14:14:53 - [MESSAGE][INFO] - Finding web element with id: 'Object Repository/ANEF_Eloignement_V_Nawres/Page_Ajouter_Decision/input_Date_Notification' located by 'By.xpath: //app-dsfr-input/div/input[@id="date_notification"]' in '20' second(s)

13-02-2025T14:14:53 - [MESSAGE][INFO] - Found 1 web elements with id: 'Object Repository/ANEF_Eloignement_V_Nawres/Page_Ajouter_Decision/input_Date_Notification' located by 'By.xpath: //app-dsfr-input/div/input[@id="date_notification"]' in '20' second(s)

13-02-2025T14:14:53 - [MESSAGE][INFO] - Checking object

13-02-2025T14:14:53 - [MESSAGE][INFO] - Checking text

13-02-2025T14:14:53 - [MESSAGE][INFO] - Finding web element from Test Object's properties

13-02-2025T14:14:53 - [MESSAGE][INFO] - Checking timeout

13-02-2025T14:14:53 - [MESSAGE][INFO] - Finding web element with id: 'Object Repository/ANEF_Eloignement_V_Nawres/Page_Ajouter_Decision/input_Date_Notification' located by 'By.xpath: //app-dsfr-input/div/input[@id="date_notification"]' in '2' second(s)

13-02-2025T14:14:53 - [MESSAGE][INFO] - Found 1 web elements with id: 'Object Repository/ANEF_Eloignement_V_Nawres/Page_Ajouter_Decision/input_Date_Notification' located by 'By.xpath: //app-dsfr-input/div/input[@id="date_notification"]' in '2' second(s)

13-02-2025T14:14:53 - [MESSAGE][INFO] - Clearing text of object 'Object Repository/ANEF_Eloignement_V_Nawres/Page_Ajouter_Decision/input_Date_Notification'

13-02-2025T14:14:54 - [MESSAGE][INFO] - Finding web element from Test Object's properties

13-02-2025T14:14:54 - [MESSAGE][INFO] - Checking timeout

13-02-2025T14:14:54 - [MESSAGE][INFO] - Finding web element with id: 'Object Repository/ANEF_Eloignement_V_Nawres/Page_Ajouter_Decision/input_Date_Notification' located by 'By.xpath: //app-dsfr-input/div/input[@id="date_notification"]' in '2' second(s)

13-02-2025T14:14:54 - [MESSAGE][INFO] - Found 1 web elements with id: 'Object Repository/ANEF_Eloignement_V_Nawres/Page_Ajouter_Decision/input_Date_Notification' located by 'By.xpath: //app-dsfr-input/div/input[@id="date_notification"]' in '2' second(s)

13-02-2025T14:14:54 - [MESSAGE][INFO] - Setting text of object 'Object Repository/ANEF_Eloignement_V_Nawres/Page_Ajouter_Decision/input_Date_Notification' to value '13/02/2025'

13-02-2025T14:14:55 - [MESSAGE][PASSED] - Text '13/02/2025' is set on object 'Object Repository/ANEF_Eloignement_V_Nawres/Page_Ajouter_Decision/input_Date_Notification'

13-02-2025T14:14:55 - [TEST_STEP][PASSED] - if (ModeNotification == "Voie administrative"): Text '14:30' is set on object 'Object Repository/ANEF_Eloignement_V_Nawres/Page_Ajouter_Decision/input_Heure_Notification'

13-02-2025T14:14:55 - [TEST_STEP][PASSED] - setText(findTestObject("Object Repository/ANEF_Eloignement_V_Nawres/Page_Ajouter_Decision/input_Heure_Notification"), "14:30", STOP_ON_FAILURE): Text '14:30' is set on object 'Object Repository/ANEF_Eloignement_V_Nawres/Page_Ajouter_Decision/input_Heure_Notification'

13-02-2025T14:14:55 - [MESSAGE][INFO] - Finding Test Object 'Object Repository/ANEF_Eloignement_V_Nawres/Page_Ajouter_Decision/input_Heure_Notification'

13-02-2025T14:14:55 - [MESSAGE][INFO] - Checking timeout

13-02-2025T14:14:55 - [MESSAGE][INFO] - Finding web element with id: 'Object Repository/ANEF_Eloignement_V_Nawres/Page_Ajouter_Decision/input_Heure_Notification' located by 'By.xpath: //app-notification-modal//form//app-dsfr-input/div/input[@id="heure_notification"]' in '20' second(s)

13-02-2025T14:14:55 - [MESSAGE][INFO] - Found 1 web elements with id: 'Object Repository/ANEF_Eloignement_V_Nawres/Page_Ajouter_Decision/input_Heure_Notification' located by 'By.xpath: //app-notification-modal//form//app-dsfr-input/div/input[@id="heure_notification"]' in '20' second(s)

13-02-2025T14:14:55 - [MESSAGE][INFO] - Checking object

13-02-2025T14:14:55 - [MESSAGE][INFO] - Checking text

13-02-2025T14:14:55 - [MESSAGE][INFO] - Finding web element from Test Object's properties

13-02-2025T14:14:55 - [MESSAGE][INFO] - Checking timeout

13-02-2025T14:14:55 - [MESSAGE][INFO] - Finding web element with id: 'Object Repository/ANEF_Eloignement_V_Nawres/Page_Ajouter_Decision/input_Heure_Notification' located by 'By.xpath: //app-notification-modal//form//app-dsfr-input/div/input[@id="heure_notification"]' in '2' second(s)

13-02-2025T14:14:55 - [MESSAGE][INFO] - Found 1 web elements with id: 'Object Repository/ANEF_Eloignement_V_Nawres/Page_Ajouter_Decision/input_Heure_Notification' located by 'By.xpath: //app-notification-modal//form//app-dsfr-input/div/input[@id="heure_notification"]' in '2' second(s)

13-02-2025T14:14:55 - [MESSAGE][INFO] - Clearing text of object 'Object Repository/ANEF_Eloignement_V_Nawres/Page_Ajouter_Decision/input_Heure_Notification'

13-02-2025T14:14:56 - [MESSAGE][INFO] - Finding web element from Test Object's properties

13-02-2025T14:14:56 - [MESSAGE][INFO] - Checking timeout

13-02-2025T14:14:56 - [MESSAGE][INFO] - Finding web element with id: 'Object Repository/ANEF_Eloignement_V_Nawres/Page_Ajouter_Decision/input_Heure_Notification' located by 'By.xpath: //app-notification-modal//form//app-dsfr-input/div/input[@id="heure_notification"]' in '2' second(s)

13-02-2025T14:14:56 - [MESSAGE][INFO] - Found 1 web elements with id: 'Object Repository/ANEF_Eloignement_V_Nawres/Page_Ajouter_Decision/input_Heure_Notification' located by 'By.xpath: //app-notification-modal//form//app-dsfr-input/div/input[@id="heure_notification"]' in '2' second(s)

13-02-2025T14:14:56 - [MESSAGE][INFO] - Setting text of object 'Object Repository/ANEF_Eloignement_V_Nawres/Page_Ajouter_Decision/input_Heure_Notification' to value '14:30'

13-02-2025T14:14:57 - [MESSAGE][PASSED] - Text '14:30' is set on object 'Object Repository/ANEF_Eloignement_V_Nawres/Page_Ajouter_Decision/input_Heure_Notification'

13-02-2025T14:14:57 - [TEST_STEP][PASSED] - uploadFile(findTestObject("Object Repository/ANEF_Eloignement_V_Nawres/Page_Ajouter_Decision/input_Ajouter_Fichier_Notification"), getProjectDir() + "/Data Files/Fichier_Test.pdf"): File 'C:/Users/nbenjemi/Katalon Studio/ANEF-ELOIGNEMENT-20250121/ANEF-ELOIGNEMENT-20250121/Data Files/Fichier_Test.pdf' sent to object: 'Object Repository/ANEF_Eloignement_V_Nawres/Page_Ajouter_Decision/input_Ajouter_Fichier_Notification'

13-02-2025T14:14:57 - [MESSAGE][INFO] - Finding Test Object 'Object Repository/ANEF_Eloignement_V_Nawres/Page_Ajouter_Decision/input_Ajouter_Fichier_Notification'

13-02-2025T14:14:57 - [MESSAGE][INFO] - Checking object

13-02-2025T14:14:57 - [MESSAGE][INFO] - Uploading file 'C:/Users/nbenjemi/Katalon Studio/ANEF-ELOIGNEMENT-20250121/ANEF-ELOIGNEMENT-20250121/Data Files/Fichier_Test.pdf' to object: 'Object Repository/ANEF_Eloignement_V_Nawres/Page_Ajouter_Decision/input_Ajouter_Fichier_Notification'

13-02-2025T14:14:57 - [MESSAGE][INFO] - Finding web element from Test Object's properties

13-02-2025T14:14:57 - [MESSAGE][INFO] - Checking timeout

13-02-2025T14:14:57 - [MESSAGE][INFO] - Finding web element with id: 'Object Repository/ANEF_Eloignement_V_Nawres/Page_Ajouter_Decision/input_Ajouter_Fichier_Notification' located by 'By.xpath: //app-notification-modal//form//app-dsfr-piece-jointe//input' in '2' second(s)

13-02-2025T14:14:57 - [MESSAGE][INFO] - Found 1 web elements with id: 'Object Repository/ANEF_Eloignement_V_Nawres/Page_Ajouter_Decision/input_Ajouter_Fichier_Notification' located by 'By.xpath: //app-notification-modal//form//app-dsfr-piece-jointe//input' in '2' second(s)

13-02-2025T14:14:58 - [MESSAGE][PASSED] - File 'C:/Users/nbenjemi/Katalon Studio/ANEF-ELOIGNEMENT-20250121/ANEF-ELOIGNEMENT-20250121/Data Files/Fichier_Test.pdf' sent to object: 'Object Repository/ANEF_Eloignement_V_Nawres/Page_Ajouter_Decision/input_Ajouter_Fichier_Notification'

13-02-2025T14:14:59 - [TEST_STEP][PASSED] - scrollToElement(findTestObject("Object Repository/ANEF_Eloignement_V_Nawres/Page_Ajouter_Decision/btn_Confirmer_Ajout_Notification"), 5, STOP_ON_FAILURE): Scroll to object 'Object Repository/ANEF_Eloignement_V_Nawres/Page_Ajouter_Decision/btn_Confirmer_Ajout_Notification' successfully

13-02-2025T14:14:59 - [MESSAGE][INFO] - Finding Test Object 'Object Repository/ANEF_Eloignement_V_Nawres/Page_Ajouter_Decision/btn_Confirmer_Ajout_Notification'

13-02-2025T14:14:59 - [MESSAGE][INFO] - Checking object

13-02-2025T14:14:59 - [MESSAGE][INFO] - Checking timeout

13-02-2025T14:14:59 - [MESSAGE][INFO] - Finding web element from Test Object's properties

13-02-2025T14:14:59 - [MESSAGE][INFO] - Checking timeout

13-02-2025T14:14:59 - [MESSAGE][INFO] - Finding web element with id: 'Object Repository/ANEF_Eloignement_V_Nawres/Page_Ajouter_Decision/btn_Confirmer_Ajout_Notification' located by 'By.xpath: //app-notification-modal//button[contains(text(),"Confirmer l'ajout")]' in '2' second(s)

13-02-2025T14:14:59 - [MESSAGE][INFO] - Found 1 web elements with id: 'Object Repository/ANEF_Eloignement_V_Nawres/Page_Ajouter_Decision/btn_Confirmer_Ajout_Notification' located by 'By.xpath: //app-notification-modal//button[contains(text(),"Confirmer l'ajout")]' in '2' second(s)

13-02-2025T14:14:59 - [MESSAGE][INFO] - Scrolling to object 'Object Repository/ANEF_Eloignement_V_Nawres/Page_Ajouter_Decision/btn_Confirmer_Ajout_Notification'

13-02-2025T14:14:59 - [MESSAGE][PASSED] - Scroll to object 'Object Repository/ANEF_Eloignement_V_Nawres/Page_Ajouter_Decision/btn_Confirmer_Ajout_Notification' successfully

13-02-2025T14:14:59 - [TEST_STEP][PASSED] - click(findTestObject("Object Repository/ANEF_Eloignement_V_Nawres/Page_Ajouter_Decision/btn_Confirmer_Ajout_Notification"), STOP_ON_FAILURE): Object: 'Object Repository/ANEF_Eloignement_V_Nawres/Page_Ajouter_Decision/btn_Confirmer_Ajout_Notification' is clicked on

13-02-2025T14:14:59 - [MESSAGE][INFO] - Finding Test Object 'Object Repository/ANEF_Eloignement_V_Nawres/Page_Ajouter_Decision/btn_Confirmer_Ajout_Notification'

13-02-2025T14:14:59 - [MESSAGE][INFO] - Checking timeout

13-02-2025T14:14:59 - [MESSAGE][INFO] - Finding web element with id: 'Object Repository/ANEF_Eloignement_V_Nawres/Page_Ajouter_Decision/btn_Confirmer_Ajout_Notification' located by 'By.xpath: //app-notification-modal//button[contains(text(),"Confirmer l'ajout")]' in '20' second(s)

13-02-2025T14:14:59 - [MESSAGE][INFO] - Found 1 web elements with id: 'Object Repository/ANEF_Eloignement_V_Nawres/Page_Ajouter_Decision/btn_Confirmer_Ajout_Notification' located by 'By.xpath: //app-notification-modal//button[contains(text(),"Confirmer l'ajout")]' in '20' second(s)

13-02-2025T14:14:59 - [MESSAGE][INFO] - Checking object

13-02-2025T14:14:59 - [MESSAGE][INFO] - Checking timeout

13-02-2025T14:14:59 - [MESSAGE][INFO] - Finding web element from Test Object's properties

13-02-2025T14:14:59 - [MESSAGE][INFO] - Checking timeout

13-02-2025T14:14:59 - [MESSAGE][INFO] - Finding web element with id: 'Object Repository/ANEF_Eloignement_V_Nawres/Page_Ajouter_Decision/btn_Confirmer_Ajout_Notification' located by 'By.xpath: //app-notification-modal//button[contains(text(),"Confirmer l'ajout")]' in '2' second(s)

13-02-2025T14:14:59 - [MESSAGE][INFO] - Found 1 web elements with id: 'Object Repository/ANEF_Eloignement_V_Nawres/Page_Ajouter_Decision/btn_Confirmer_Ajout_Notification' located by 'By.xpath: //app-notification-modal//button[contains(text(),"Confirmer l'ajout")]' in '2' second(s)

13-02-2025T14:14:59 - [MESSAGE][INFO] - Clicking on object: 'Object Repository/ANEF_Eloignement_V_Nawres/Page_Ajouter_Decision/btn_Confirmer_Ajout_Notification'

13-02-2025T14:15:00 - [MESSAGE][PASSED] - Object: 'Object Repository/ANEF_Eloignement_V_Nawres/Page_Ajouter_Decision/btn_Confirmer_Ajout_Notification' is clicked on

13-02-2025T14:15:00 - [TEST_STEP][PASSED] - waitForElementClickable(findTestObject("Object Repository/ANEF_Eloignement_V_Nawres/Page_Ajouter_Decision/btn_Enregistrer"), 7, STOP_ON_FAILURE): Object 'Object Repository/ANEF_Eloignement_V_Nawres/Page_Ajouter_Decision/btn_Enregistrer' is clickable

13-02-2025T14:15:00 - [MESSAGE][INFO] - Finding Test Object 'Object Repository/ANEF_Eloignement_V_Nawres/Page_Ajouter_Decision/btn_Enregistrer'

13-02-2025T14:15:00 - [MESSAGE][INFO] - Checking object

13-02-2025T14:15:00 - [MESSAGE][INFO] - Checking timeout

13-02-2025T14:15:00 - [MESSAGE][INFO] - Finding web element from Test Object's properties

13-02-2025T14:15:00 - [MESSAGE][INFO] - Checking timeout

13-02-2025T14:15:00 - [MESSAGE][INFO] - Finding web element with id: 'Object Repository/ANEF_Eloignement_V_Nawres/Page_Ajouter_Decision/btn_Enregistrer' located by 'By.xpath: //button[contains(text(),"Enregistrer")]' in '7' second(s)

13-02-2025T14:15:00 - [MESSAGE][INFO] - Found 1 web elements with id: 'Object Repository/ANEF_Eloignement_V_Nawres/Page_Ajouter_Decision/btn_Enregistrer' located by 'By.xpath: //button[contains(text(),"Enregistrer")]' in '7' second(s)

13-02-2025T14:15:00 - [MESSAGE][PASSED] - Object 'Object Repository/ANEF_Eloignement_V_Nawres/Page_Ajouter_Decision/btn_Enregistrer' is clickable

13-02-2025T14:15:00 - [MESSAGE][PASSED] - Call Test Case 'Test Cases/Test Reutilisable/Main/ANEF_Eloignement_V_Nawres/ANEF_Ajouter_Decision' successfully

13-02-2025T14:15:03 - [TEST_STEP][PASSED] - Video: Video recording for test case 'Test Cases/Cas D Utilisations/ANEF_Eloignement_V_Nawres/TC_ANEF_Eloignement' .

13-02-2025T14:15:03 - [MESSAGE][INFO] - Video recording for test case 'Test Cases/Cas D Utilisations/ANEF_Eloignement_V_Nawres/TC_ANEF_Eloignement' .]]></system-out>
         <system-err><![CDATA[]]></system-err>
      </testcase>
      <system-out><![CDATA[13-02-2025T14:13:38 - [TEST_SUITE][PASSED] - TS_ANEF_Eloignement: Test Cases/Cas D Utilisations/ANEF_Eloignement_V_Nawres/TC_ANEF_Eloignement]]></system-out>
      <system-err><![CDATA[]]></system-err>
   </testsuite>
</testsuites>
